[runlim] version:		1.10
[runlim] time limit:		311040000 seconds
[runlim] real time limit:	1200 seconds
[runlim] space limit:		15000 MB
[runlim] argv[0]:		python3
[runlim] argv[1]:		/raid/steuber/Software/ablector/ablector
[runlim] argv[2]:		/raid/steuber/Benchmarks/2019/QF_BV/20190311-bv-term-small-rw-Noetzli/bv-term-small-rw_1314.smt2
[runlim] argv[3]:		--ufReuse=1
[runlim] argv[4]:		--unsigned
[runlim] start:			Wed May 13 14:42:38 2020
[runlim] main pid:		12293
[Ablector] INFO: ABLECTOR TIME: 0.003758
[runlim] end:			Wed May 13 14:42:44 2020
[runlim] status:		ok
[runlim] result:		0
[runlim] children:		2
[runlim] real:			6.39 seconds
[runlim] time:			0.87 seconds
[runlim] space:			58.5 MB
[runlim] samples:		62
[runlim] version:		1.10
[runlim] time limit:		311040000 seconds
[runlim] real time limit:	1200 seconds
[runlim] space limit:		15000 MB
[runlim] argv[0]:		python3
[runlim] argv[1]:		/raid/steuber/Software/ablector/ablector
[runlim] argv[2]:		/raid/steuber/Benchmarks/2019/QF_BV/20190311-bv-term-small-rw-Noetzli/bv-term-small-rw_1464.smt2
[runlim] argv[3]:		--ufReuse=1
[runlim] argv[4]:		--unsigned
[runlim] start:			Wed May 13 14:42:44 2020
[runlim] main pid:		12339
[Ablector] INFO: ABLECTOR TIME: 0.003776
[runlim] end:			Wed May 13 14:42:45 2020
[runlim] status:		ok
[runlim] result:		0
[runlim] children:		0
[runlim] real:			1.31 seconds
[runlim] time:			0.78 seconds
[runlim] space:			37.8 MB
[runlim] samples:		5
[runlim] version:		1.10
[runlim] time limit:		311040000 seconds
[runlim] real time limit:	1200 seconds
[runlim] space limit:		15000 MB
[runlim] argv[0]:		python3
[runlim] argv[1]:		/raid/steuber/Software/ablector/ablector
[runlim] argv[2]:		/raid/steuber/Benchmarks/2019/QF_BV/20190311-bv-term-small-rw-Noetzli/bv-term-small-rw_1254.smt2
[runlim] argv[3]:		--ufReuse=1
[runlim] argv[4]:		--unsigned
[runlim] start:			Wed May 13 14:42:45 2020
[runlim] main pid:		12380
[Ablector] INFO: *** ROUND 0
[Ablector] INFO: *** ROUND 1
[Ablector] INFO: *** ROUND 2
[Ablector] INFO: *** ROUND 3
[Ablector] INFO: *** ROUND 4
[Ablector] INFO: *** ROUND 5
[MulNode] INFO: Level 3 - Bit 3
[MulNode] INFO: Level 2
[Ablector] INFO: ABLECTOR TIME: 2.616887
[Ablector] INFO: SAT TIME: 2.612486
[Ablector] INFO: REF TIME: 0.048604
[runlim] end:			Wed May 13 14:42:48 2020
[runlim] status:		ok
[runlim] result:		0
[runlim] children:		0
[runlim] real:			3.81 seconds
[runlim] time:			3.33 seconds
[runlim] space:			55.6 MB
[runlim] samples:		31
[runlim] version:		1.10
[runlim] time limit:		311040000 seconds
[runlim] real time limit:	1200 seconds
[runlim] space limit:		15000 MB
[runlim] argv[0]:		python3
[runlim] argv[1]:		/raid/steuber/Software/ablector/ablector
[runlim] argv[2]:		/raid/steuber/Benchmarks/2019/QF_BV/20190311-bv-term-small-rw-Noetzli/bv-term-small-rw_1076.smt2
[runlim] argv[3]:		--ufReuse=1
[runlim] argv[4]:		--unsigned
[runlim] start:			Wed May 13 14:42:49 2020
[runlim] main pid:		12408
[Ablector] INFO: ABLECTOR TIME: 0.003630
[runlim] end:			Wed May 13 14:42:49 2020
[runlim] status:		ok
[runlim] result:		0
[runlim] children:		0
[runlim] real:			0.65 seconds
[runlim] time:			0.96 seconds
[runlim] space:			36.5 MB
[runlim] samples:		4
[runlim] version:		1.10
[runlim] time limit:		311040000 seconds
[runlim] real time limit:	1200 seconds
[runlim] space limit:		15000 MB
[runlim] argv[0]:		python3
[runlim] argv[1]:		/raid/steuber/Software/ablector/ablector
[runlim] argv[2]:		/raid/steuber/Benchmarks/2019/QF_BV/20190311-bv-term-small-rw-Noetzli/bv-term-small-rw_1307.smt2
[runlim] argv[3]:		--ufReuse=1
[runlim] argv[4]:		--unsigned
[runlim] start:			Wed May 13 14:42:49 2020
[runlim] main pid:		12428
[Ablector] INFO: ABLECTOR TIME: 0.003685
[runlim] end:			Wed May 13 14:42:50 2020
[runlim] status:		ok
[runlim] result:		0
[runlim] children:		0
[runlim] real:			1.48 seconds
[runlim] time:			0.96 seconds
[runlim] space:			37.0 MB
[runlim] samples:		4
[runlim] version:		1.10
[runlim] time limit:		311040000 seconds
[runlim] real time limit:	1200 seconds
[runlim] space limit:		15000 MB
[runlim] argv[0]:		python3
[runlim] argv[1]:		/raid/steuber/Software/ablector/ablector
[runlim] argv[2]:		/raid/steuber/Benchmarks/2019/QF_BV/20190311-bv-term-small-rw-Noetzli/bv-term-small-rw_1422.smt2
[runlim] argv[3]:		--ufReuse=1
[runlim] argv[4]:		--unsigned
[runlim] start:			Wed May 13 14:42:50 2020
[runlim] main pid:		12448
[Ablector] INFO: ABLECTOR TIME: 0.003760
[runlim] end:			Wed May 13 14:42:51 2020
[runlim] status:		ok
[runlim] result:		0
[runlim] children:		0
[runlim] real:			1.31 seconds
[runlim] time:			0.93 seconds
[runlim] space:			37.6 MB
[runlim] samples:		4
[runlim] version:		1.10
[runlim] time limit:		311040000 seconds
[runlim] real time limit:	1200 seconds
[runlim] space limit:		15000 MB
[runlim] argv[0]:		python3
[runlim] argv[1]:		/raid/steuber/Software/ablector/ablector
[runlim] argv[2]:		/raid/steuber/Benchmarks/2019/QF_BV/20190311-bv-term-small-rw-Noetzli/bv-term-small-rw_1380.smt2
[runlim] argv[3]:		--ufReuse=1
[runlim] argv[4]:		--unsigned
[runlim] start:			Wed May 13 14:42:51 2020
[runlim] main pid:		12469
[Ablector] INFO: ABLECTOR TIME: 0.003640
[runlim] end:			Wed May 13 14:42:52 2020
[runlim] status:		ok
[runlim] result:		0
[runlim] children:		0
[runlim] real:			1.10 seconds
[runlim] time:			0.96 seconds
[runlim] space:			37.8 MB
[runlim] samples:		4
[runlim] version:		1.10
[runlim] time limit:		311040000 seconds
[runlim] real time limit:	1200 seconds
[runlim] space limit:		15000 MB
[runlim] argv[0]:		python3
[runlim] argv[1]:		/raid/steuber/Software/ablector/ablector
[runlim] argv[2]:		/raid/steuber/Benchmarks/2019/QF_BV/20190311-bv-term-small-rw-Noetzli/bv-term-small-rw_203.smt2
[runlim] argv[3]:		--ufReuse=1
[runlim] argv[4]:		--unsigned
[runlim] start:			Wed May 13 14:42:52 2020
[runlim] main pid:		12490
[Ablector] INFO: *** ROUND 0
[Ablector] INFO: *** ROUND 1
[Ablector] INFO: *** ROUND 2
[Ablector] INFO: *** ROUND 3
[Ablector] INFO: *** ROUND 4
[Ablector] INFO: *** ROUND 5
[Ablector] INFO: *** ROUND 6
[Ablector] INFO: *** ROUND 7
[Ablector] INFO: *** ROUND 8
[Ablector] INFO: *** ROUND 9
[Ablector] INFO: *** ROUND 10
[Ablector] INFO: *** ROUND 11
[Ablector] INFO: *** ROUND 12
[Ablector] INFO: *** ROUND 13
[Ablector] INFO: *** ROUND 14
[Ablector] INFO: *** ROUND 15
[Ablector] INFO: *** ROUND 16
[Ablector] INFO: *** ROUND 17
[Ablector] INFO: *** ROUND 18
[Ablector] INFO: *** ROUND 19
[Ablector] INFO: *** ROUND 20
[Ablector] INFO: *** ROUND 21
[Ablector] INFO: *** ROUND 22
[Ablector] INFO: *** ROUND 23
[Ablector] INFO: *** ROUND 24
[runlim] sample:		10.6 time, 10.5 real, 62.3 MB
[runlim] sample:		20.6 time, 20.5 real, 62.8 MB
[Ablector] INFO: *** ROUND 25
[Ablector] INFO: *** ROUND 26
[runlim] sample:		30.6 time, 30.5 real, 62.9 MB
[runlim] sample:		40.5 time, 40.5 real, 73.8 MB
[Ablector] INFO: *** ROUND 27
[Ablector] INFO: *** ROUND 28
[Ablector] INFO: *** ROUND 29
[Ablector] INFO: *** ROUND 30
[Ablector] INFO: *** ROUND 31
[runlim] sample:		50.5 time, 50.5 real, 64.5 MB
[Ablector] INFO: *** ROUND 32
[Ablector] INFO: *** ROUND 33
[runlim] sample:		60.5 time, 60.5 real, 65.8 MB
[runlim] sample:		70.5 time, 70.5 real, 70.1 MB
[runlim] sample:		80.5 time, 80.5 real, 77.0 MB
[runlim] sample:		90.5 time, 90.5 real, 86.4 MB
[runlim] sample:		100.5 time, 100.5 real, 81.8 MB
[runlim] sample:		110.5 time, 110.5 real, 81.9 MB
[runlim] sample:		120.5 time, 120.5 real, 82.2 MB
[runlim] sample:		130.6 time, 130.5 real, 87.1 MB
[runlim] sample:		140.5 time, 140.5 real, 82.4 MB
[Ablector] INFO: *** ROUND 34
[runlim] sample:		150.6 time, 150.5 real, 63.7 MB
[runlim] sample:		160.6 time, 160.5 real, 68.1 MB
[runlim] sample:		170.6 time, 170.5 real, 73.2 MB
[runlim] sample:		180.6 time, 180.5 real, 74.8 MB
[runlim] sample:		190.6 time, 190.5 real, 76.1 MB
[runlim] sample:		200.6 time, 200.5 real, 85.6 MB
[Ablector] INFO: *** ROUND 35
[runlim] sample:		210.6 time, 210.5 real, 64.9 MB
[runlim] sample:		220.6 time, 220.5 real, 64.9 MB
[runlim] sample:		230.5 time, 230.5 real, 70.6 MB
[runlim] sample:		240.6 time, 240.5 real, 70.6 MB
[runlim] sample:		250.6 time, 250.5 real, 74.6 MB
[runlim] sample:		260.6 time, 260.5 real, 82.9 MB
[runlim] sample:		270.6 time, 270.5 real, 82.9 MB
[runlim] sample:		280.6 time, 280.5 real, 82.9 MB
[runlim] sample:		290.6 time, 290.5 real, 89.2 MB
[runlim] sample:		300.6 time, 300.5 real, 95.2 MB
[runlim] sample:		310.5 time, 310.5 real, 94.7 MB
[runlim] sample:		320.5 time, 320.5 real, 94.7 MB
[runlim] sample:		330.6 time, 330.5 real, 99.9 MB
[runlim] sample:		340.6 time, 340.5 real, 94.7 MB
[Ablector] INFO: *** ROUND 36
[runlim] sample:		350.5 time, 350.5 real, 75.0 MB
[runlim] sample:		360.5 time, 360.5 real, 75.0 MB
[runlim] sample:		370.5 time, 370.5 real, 75.0 MB
[runlim] sample:		380.6 time, 380.5 real, 81.4 MB
[runlim] sample:		390.6 time, 390.5 real, 81.4 MB
[Ablector] INFO: *** ROUND 37
[Ablector] INFO: *** ROUND 38
[Ablector] INFO: *** ROUND 39
[Ablector] INFO: *** ROUND 40
[runlim] sample:		400.5 time, 400.5 real, 81.4 MB
[runlim] sample:		410.6 time, 410.5 real, 77.3 MB
[runlim] sample:		420.6 time, 420.5 real, 82.7 MB
[runlim] sample:		430.6 time, 430.5 real, 82.7 MB
[runlim] sample:		440.6 time, 440.5 real, 89.9 MB
[runlim] sample:		450.6 time, 450.5 real, 89.9 MB
[runlim] sample:		460.5 time, 460.5 real, 98.0 MB
[runlim] sample:		470.5 time, 470.5 real, 89.1 MB
[runlim] sample:		480.6 time, 480.5 real, 89.1 MB
[runlim] sample:		490.5 time, 490.5 real, 89.1 MB
[runlim] sample:		500.5 time, 500.5 real, 89.1 MB
[runlim] sample:		510.5 time, 510.5 real, 88.6 MB
[runlim] sample:		520.5 time, 520.5 real, 89.4 MB
[runlim] sample:		530.5 time, 530.5 real, 89.4 MB
[runlim] sample:		540.5 time, 540.5 real, 89.4 MB
[runlim] sample:		550.5 time, 550.5 real, 90.5 MB
[runlim] sample:		560.5 time, 560.5 real, 93.5 MB
[runlim] sample:		570.5 time, 570.5 real, 100.0 MB
[Ablector] INFO: *** ROUND 41
[runlim] sample:		580.5 time, 580.5 real, 93.9 MB
[runlim] sample:		590.5 time, 590.5 real, 93.9 MB
[runlim] sample:		600.5 time, 600.5 real, 93.9 MB
[runlim] sample:		610.5 time, 610.5 real, 93.8 MB
[runlim] sample:		620.5 time, 620.5 real, 93.8 MB
[runlim] sample:		630.5 time, 630.5 real, 93.8 MB
[runlim] sample:		640.5 time, 640.5 real, 89.4 MB
[runlim] sample:		650.5 time, 650.5 real, 113.4 MB
[runlim] sample:		660.5 time, 660.5 real, 105.8 MB
[runlim] sample:		670.5 time, 670.5 real, 106.4 MB
[runlim] sample:		680.5 time, 680.5 real, 106.0 MB
[runlim] sample:		690.5 time, 690.5 real, 106.0 MB
[runlim] sample:		700.5 time, 700.5 real, 105.5 MB
[runlim] sample:		710.5 time, 710.5 real, 105.4 MB
[Ablector] INFO: *** ROUND 42
[runlim] sample:		720.5 time, 720.5 real, 106.6 MB
[runlim] sample:		730.5 time, 730.5 real, 106.6 MB
[runlim] sample:		740.5 time, 740.5 real, 110.2 MB
[Ablector] INFO: *** ROUND 43
[runlim] sample:		750.5 time, 750.5 real, 110.6 MB
[runlim] sample:		760.5 time, 760.5 real, 110.6 MB
[runlim] sample:		770.5 time, 770.5 real, 110.6 MB
[runlim] sample:		780.5 time, 780.5 real, 110.6 MB
[runlim] sample:		790.5 time, 790.5 real, 110.6 MB
[runlim] sample:		800.5 time, 800.5 real, 108.6 MB
[runlim] sample:		810.5 time, 810.5 real, 116.8 MB
[runlim] sample:		820.5 time, 820.5 real, 116.8 MB
[runlim] sample:		830.5 time, 830.5 real, 116.8 MB
[runlim] sample:		840.5 time, 840.5 real, 116.8 MB
[runlim] sample:		850.5 time, 850.5 real, 116.8 MB
[runlim] sample:		860.5 time, 860.5 real, 118.2 MB
[runlim] sample:		870.5 time, 870.5 real, 118.3 MB
[runlim] sample:		880.5 time, 880.5 real, 107.5 MB
[runlim] sample:		890.5 time, 890.5 real, 109.0 MB
[runlim] sample:		900.5 time, 900.5 real, 108.0 MB
[runlim] sample:		910.5 time, 910.5 real, 108.0 MB
[runlim] sample:		920.5 time, 920.5 real, 108.0 MB
[runlim] sample:		930.5 time, 930.5 real, 108.4 MB
[runlim] sample:		940.5 time, 940.5 real, 108.4 MB
[runlim] sample:		950.5 time, 950.5 real, 108.4 MB
[runlim] sample:		960.5 time, 960.5 real, 108.4 MB
[runlim] sample:		970.5 time, 970.5 real, 108.4 MB
[runlim] sample:		980.5 time, 980.5 real, 108.4 MB
[runlim] sample:		990.5 time, 990.5 real, 108.9 MB
[runlim] sample:		1000.5 time, 1000.5 real, 108.9 MB
[runlim] sample:		1010.5 time, 1010.5 real, 108.9 MB
[runlim] sample:		1020.5 time, 1020.5 real, 117.1 MB
[runlim] sample:		1030.5 time, 1030.5 real, 117.1 MB
[runlim] sample:		1040.5 time, 1040.5 real, 117.1 MB
[runlim] sample:		1050.5 time, 1050.5 real, 110.8 MB
[runlim] sample:		1060.5 time, 1060.5 real, 110.9 MB
[runlim] sample:		1070.5 time, 1070.5 real, 110.9 MB
[runlim] sample:		1080.5 time, 1080.5 real, 119.7 MB
[runlim] sample:		1090.5 time, 1090.5 real, 119.7 MB
[runlim] sample:		1100.5 time, 1100.5 real, 119.7 MB
[runlim] sample:		1110.5 time, 1110.5 real, 111.3 MB
[runlim] sample:		1120.5 time, 1120.5 real, 111.3 MB
[runlim] sample:		1130.5 time, 1130.5 real, 111.3 MB
[runlim] sample:		1140.5 time, 1140.5 real, 111.3 MB
[runlim] sample:		1150.5 time, 1150.5 real, 120.4 MB
[runlim] sample:		1160.5 time, 1160.5 real, 120.4 MB
[runlim] sample:		1170.5 time, 1170.5 real, 120.4 MB
[runlim] sample:		1180.5 time, 1180.5 real, 111.3 MB
[runlim] sample:		1190.5 time, 1190.5 real, 111.4 MB
[runlim] end:			Wed May 13 15:02:52 2020
[runlim] status:		out of time
[runlim] result:		2
[runlim] children:		0
[runlim] real:			1200.07 seconds
[runlim] time:			1200.10 seconds
[runlim] space:			120.4 MB
[runlim] samples:		11996
[runlim] version:		1.10
[runlim] time limit:		311040000 seconds
[runlim] real time limit:	1200 seconds
[runlim] space limit:		15000 MB
[runlim] argv[0]:		python3
[runlim] argv[1]:		/raid/steuber/Software/ablector/ablector
[runlim] argv[2]:		/raid/steuber/Benchmarks/2019/QF_BV/20190311-bv-term-small-rw-Noetzli/bv-term-small-rw_1289.smt2
[runlim] argv[3]:		--ufReuse=1
[runlim] argv[4]:		--unsigned
[runlim] start:			Wed May 13 15:02:52 2020
[runlim] main pid:		12768
[Ablector] INFO: ABLECTOR TIME: 0.003656
[runlim] end:			Wed May 13 15:02:52 2020
[runlim] status:		ok
[runlim] result:		0
[runlim] children:		1
[runlim] real:			0.90 seconds
[runlim] time:			0.95 seconds
[runlim] space:			37.7 MB
[runlim] samples:		4
[runlim] version:		1.10
[runlim] time limit:		311040000 seconds
[runlim] real time limit:	1200 seconds
[runlim] space limit:		15000 MB
[runlim] argv[0]:		python3
[runlim] argv[1]:		/raid/steuber/Software/ablector/ablector
[runlim] argv[2]:		/raid/steuber/Benchmarks/2019/QF_BV/20190311-bv-term-small-rw-Noetzli/bv-term-small-rw_1220.smt2
[runlim] argv[3]:		--ufReuse=1
[runlim] argv[4]:		--unsigned
[runlim] start:			Wed May 13 15:02:53 2020
[runlim] main pid:		12789
[Ablector] INFO: *** ROUND 0
[Ablector] INFO: *** ROUND 1
[Ablector] INFO: *** ROUND 2
[Ablector] INFO: *** ROUND 3
[Ablector] INFO: *** ROUND 4
[Ablector] INFO: *** ROUND 5
[Ablector] INFO: *** ROUND 6
[Ablector] INFO: *** ROUND 7
[Ablector] INFO: *** ROUND 8
[Ablector] INFO: *** ROUND 9
[Ablector] INFO: *** ROUND 10
[Ablector] INFO: *** ROUND 11
[Ablector] INFO: *** ROUND 12
[Ablector] INFO: *** ROUND 13
[Ablector] INFO: *** ROUND 14
[Ablector] INFO: *** ROUND 15
[Ablector] INFO: *** ROUND 16
[Ablector] INFO: *** ROUND 17
[Ablector] INFO: *** ROUND 18
[Ablector] INFO: *** ROUND 19
[Ablector] INFO: *** ROUND 20
[Ablector] INFO: *** ROUND 21
[Ablector] INFO: *** ROUND 22
[Ablector] INFO: *** ROUND 23
[Ablector] INFO: *** ROUND 24
[runlim] sample:		10.5 time, 10.3 real, 57.6 MB
[runlim] sample:		20.5 time, 20.3 real, 57.6 MB
[runlim] sample:		30.5 time, 30.3 real, 58.3 MB
[runlim] sample:		40.5 time, 40.3 real, 58.3 MB
[runlim] sample:		50.5 time, 50.3 real, 63.8 MB
[runlim] sample:		60.5 time, 60.3 real, 67.6 MB
[runlim] sample:		70.5 time, 70.3 real, 69.7 MB
[runlim] sample:		80.5 time, 80.3 real, 69.7 MB
[runlim] sample:		90.5 time, 90.3 real, 69.7 MB
[Ablector] INFO: *** ROUND 25
[Ablector] INFO: *** ROUND 26
[Ablector] INFO: *** ROUND 27
[Ablector] INFO: *** ROUND 28
[Ablector] INFO: *** ROUND 29
[Ablector] INFO: *** ROUND 30
[Ablector] INFO: *** ROUND 31
[Ablector] INFO: *** ROUND 32
[runlim] sample:		100.5 time, 100.3 real, 69.6 MB
[Ablector] INFO: *** ROUND 33
[Ablector] INFO: *** ROUND 34
[Ablector] INFO: *** ROUND 35
[Ablector] INFO: *** ROUND 36
[Ablector] INFO: *** ROUND 37
[Ablector] INFO: *** ROUND 38
[Ablector] INFO: *** ROUND 39
[runlim] sample:		110.5 time, 110.3 real, 72.1 MB
[runlim] sample:		120.5 time, 120.3 real, 71.1 MB
[Ablector] INFO: *** ROUND 40
[runlim] sample:		130.5 time, 130.3 real, 71.1 MB
[runlim] sample:		140.5 time, 140.3 real, 71.1 MB
[runlim] sample:		150.5 time, 150.3 real, 71.7 MB
[runlim] sample:		160.5 time, 160.3 real, 72.7 MB
[runlim] sample:		170.5 time, 170.3 real, 72.7 MB
[runlim] sample:		180.5 time, 180.3 real, 78.1 MB
[runlim] sample:		190.5 time, 190.3 real, 78.1 MB
[runlim] sample:		200.5 time, 200.3 real, 78.1 MB
[runlim] sample:		210.5 time, 210.3 real, 78.1 MB
[runlim] sample:		220.5 time, 220.3 real, 80.5 MB
[runlim] sample:		230.5 time, 230.3 real, 78.9 MB
[runlim] sample:		240.5 time, 240.3 real, 76.7 MB
[runlim] sample:		250.5 time, 250.3 real, 76.1 MB
[runlim] sample:		260.5 time, 260.3 real, 76.3 MB
[runlim] sample:		270.5 time, 270.3 real, 75.8 MB
[runlim] sample:		280.5 time, 280.3 real, 75.8 MB
[runlim] sample:		290.5 time, 290.3 real, 75.8 MB
[runlim] sample:		300.5 time, 300.3 real, 75.8 MB
[runlim] sample:		310.5 time, 310.3 real, 76.2 MB
[Ablector] INFO: *** ROUND 41
[runlim] sample:		320.5 time, 320.3 real, 77.1 MB
[runlim] sample:		330.5 time, 330.3 real, 77.1 MB
[runlim] sample:		340.5 time, 340.3 real, 77.1 MB
[runlim] sample:		350.5 time, 350.3 real, 77.1 MB
[runlim] sample:		360.5 time, 360.3 real, 77.1 MB
[runlim] sample:		370.5 time, 370.3 real, 77.1 MB
[runlim] sample:		380.5 time, 380.3 real, 77.1 MB
[runlim] sample:		390.5 time, 390.3 real, 73.1 MB
[runlim] sample:		400.5 time, 400.3 real, 79.1 MB
[runlim] sample:		410.5 time, 410.3 real, 78.1 MB
[runlim] sample:		420.5 time, 420.3 real, 78.1 MB
[runlim] sample:		430.5 time, 430.3 real, 79.0 MB
[runlim] sample:		440.5 time, 440.3 real, 76.9 MB
[runlim] sample:		450.5 time, 450.3 real, 77.6 MB
[runlim] sample:		460.5 time, 460.3 real, 77.6 MB
[runlim] sample:		470.5 time, 470.3 real, 77.6 MB
[runlim] sample:		480.5 time, 480.3 real, 77.6 MB
[runlim] sample:		490.5 time, 490.3 real, 77.6 MB
[runlim] sample:		500.5 time, 500.3 real, 72.7 MB
[runlim] sample:		510.5 time, 510.3 real, 88.8 MB
[runlim] sample:		520.5 time, 520.3 real, 88.8 MB
[runlim] sample:		530.5 time, 530.3 real, 87.9 MB
[runlim] sample:		540.5 time, 540.3 real, 83.8 MB
[runlim] sample:		550.5 time, 550.3 real, 83.6 MB
[runlim] sample:		560.5 time, 560.3 real, 83.2 MB
[runlim] sample:		570.5 time, 570.3 real, 83.2 MB
[runlim] sample:		580.5 time, 580.3 real, 83.1 MB
[runlim] sample:		590.5 time, 590.3 real, 83.1 MB
[runlim] sample:		600.5 time, 600.3 real, 83.7 MB
[runlim] sample:		610.5 time, 610.3 real, 83.7 MB
[runlim] sample:		620.5 time, 620.3 real, 83.7 MB
[runlim] sample:		630.5 time, 630.3 real, 83.7 MB
[runlim] sample:		640.5 time, 640.3 real, 83.7 MB
[runlim] sample:		650.5 time, 650.3 real, 84.3 MB
[Ablector] INFO: *** ROUND 42
[runlim] sample:		660.5 time, 660.3 real, 67.5 MB
[runlim] sample:		670.5 time, 670.3 real, 73.0 MB
[runlim] sample:		680.5 time, 680.3 real, 72.5 MB
[runlim] sample:		690.5 time, 690.3 real, 72.5 MB
[runlim] sample:		700.5 time, 700.3 real, 72.5 MB
[runlim] sample:		710.5 time, 710.3 real, 72.5 MB
[Ablector] INFO: *** ROUND 43
[runlim] sample:		720.5 time, 720.3 real, 74.0 MB
[runlim] sample:		730.5 time, 730.3 real, 73.0 MB
[runlim] sample:		740.5 time, 740.3 real, 73.0 MB
[runlim] sample:		750.5 time, 750.3 real, 73.0 MB
[runlim] sample:		760.5 time, 760.3 real, 73.0 MB
[runlim] sample:		770.5 time, 770.3 real, 74.3 MB
[runlim] sample:		780.5 time, 780.3 real, 74.3 MB
[runlim] sample:		790.5 time, 790.3 real, 74.3 MB
[runlim] sample:		800.5 time, 800.3 real, 74.3 MB
[runlim] sample:		810.5 time, 810.3 real, 74.3 MB
[runlim] sample:		820.5 time, 820.3 real, 74.3 MB
[runlim] sample:		830.5 time, 830.3 real, 74.3 MB
[runlim] sample:		840.5 time, 840.3 real, 74.3 MB
[runlim] sample:		850.5 time, 850.3 real, 81.8 MB
[runlim] sample:		860.5 time, 860.3 real, 81.3 MB
[runlim] sample:		870.5 time, 870.3 real, 78.8 MB
[runlim] sample:		880.5 time, 880.3 real, 79.9 MB
[runlim] sample:		890.5 time, 890.3 real, 80.4 MB
[runlim] sample:		900.5 time, 900.3 real, 79.9 MB
[runlim] sample:		910.5 time, 910.3 real, 79.7 MB
[runlim] sample:		920.5 time, 920.3 real, 79.5 MB
[runlim] sample:		930.5 time, 930.3 real, 79.4 MB
[runlim] sample:		940.5 time, 940.3 real, 79.4 MB
[runlim] sample:		950.5 time, 950.3 real, 79.4 MB
[runlim] sample:		960.5 time, 960.3 real, 79.4 MB
[runlim] sample:		970.5 time, 970.3 real, 79.9 MB
[runlim] sample:		980.5 time, 980.3 real, 79.9 MB
[runlim] sample:		990.5 time, 990.3 real, 79.9 MB
[runlim] sample:		1000.5 time, 1000.3 real, 79.9 MB
[runlim] sample:		1010.5 time, 1010.3 real, 79.9 MB
[runlim] sample:		1020.5 time, 1020.3 real, 79.9 MB
[runlim] sample:		1030.5 time, 1030.3 real, 79.9 MB
[runlim] sample:		1040.5 time, 1040.3 real, 78.8 MB
[runlim] sample:		1050.5 time, 1050.3 real, 81.9 MB
[runlim] sample:		1060.5 time, 1060.3 real, 81.9 MB
[runlim] sample:		1070.5 time, 1070.3 real, 81.9 MB
[runlim] sample:		1080.5 time, 1080.3 real, 81.9 MB
[runlim] sample:		1090.5 time, 1090.3 real, 81.9 MB
[runlim] sample:		1100.5 time, 1100.3 real, 81.9 MB
[runlim] sample:		1110.5 time, 1110.3 real, 81.9 MB
[runlim] sample:		1120.5 time, 1120.3 real, 88.5 MB
[runlim] sample:		1130.5 time, 1130.3 real, 82.0 MB
[runlim] sample:		1140.5 time, 1140.3 real, 82.7 MB
[runlim] sample:		1150.5 time, 1150.3 real, 82.7 MB
[runlim] sample:		1160.5 time, 1160.3 real, 82.7 MB
[runlim] sample:		1170.5 time, 1170.3 real, 82.7 MB
[runlim] sample:		1180.5 time, 1180.3 real, 84.0 MB
[runlim] sample:		1190.5 time, 1190.3 real, 84.0 MB
[runlim] end:			Wed May 13 15:22:53 2020
[runlim] status:		out of time
[runlim] result:		2
[runlim] children:		0
[runlim] real:			1200.07 seconds
[runlim] time:			1200.30 seconds
[runlim] space:			88.8 MB
[runlim] samples:		11998
[runlim] version:		1.10
[runlim] time limit:		311040000 seconds
[runlim] real time limit:	1200 seconds
[runlim] space limit:		15000 MB
[runlim] argv[0]:		python3
[runlim] argv[1]:		/raid/steuber/Software/ablector/ablector
[runlim] argv[2]:		/raid/steuber/Benchmarks/2019/QF_BV/20190311-bv-term-small-rw-Noetzli/bv-term-small-rw_1309.smt2
[runlim] argv[3]:		--ufReuse=1
[runlim] argv[4]:		--unsigned
[runlim] start:			Wed May 13 15:22:53 2020
[runlim] main pid:		13113
[Ablector] INFO: ABLECTOR TIME: 0.003846
[runlim] end:			Wed May 13 15:22:53 2020
[runlim] status:		ok
[runlim] result:		0
[runlim] children:		0
[runlim] real:			0.90 seconds
[runlim] time:			0.89 seconds
[runlim] space:			37.7 MB
[runlim] samples:		4
[runlim] version:		1.10
[runlim] time limit:		311040000 seconds
[runlim] real time limit:	1200 seconds
[runlim] space limit:		15000 MB
[runlim] argv[0]:		python3
[runlim] argv[1]:		/raid/steuber/Software/ablector/ablector
[runlim] argv[2]:		/raid/steuber/Benchmarks/2019/QF_BV/20190311-bv-term-small-rw-Noetzli/bv-term-small-rw_1453.smt2
[runlim] argv[3]:		--ufReuse=1
[runlim] argv[4]:		--unsigned
[runlim] start:			Wed May 13 15:22:54 2020
[runlim] main pid:		13153
[Ablector] INFO: ABLECTOR TIME: 0.003842
[runlim] end:			Wed May 13 15:22:54 2020
[runlim] status:		ok
[runlim] result:		0
[runlim] children:		0
[runlim] real:			0.68 seconds
[runlim] time:			0.98 seconds
[runlim] space:			37.8 MB
[runlim] samples:		4
[runlim] version:		1.10
[runlim] time limit:		311040000 seconds
[runlim] real time limit:	1200 seconds
[runlim] space limit:		15000 MB
[runlim] argv[0]:		python3
[runlim] argv[1]:		/raid/steuber/Software/ablector/ablector
[runlim] argv[2]:		/raid/steuber/Benchmarks/2019/QF_BV/20190311-bv-term-small-rw-Noetzli/bv-term-small-rw_1301.smt2
[runlim] argv[3]:		--ufReuse=1
[runlim] argv[4]:		--unsigned
[runlim] start:			Wed May 13 15:22:55 2020
[runlim] main pid:		13193
[Ablector] INFO: ABLECTOR TIME: 0.003727
[runlim] end:			Wed May 13 15:22:55 2020
[runlim] status:		ok
[runlim] result:		0
[runlim] children:		0
[runlim] real:			0.50 seconds
[runlim] time:			0.96 seconds
[runlim] space:			37.7 MB
[runlim] samples:		4
[runlim] version:		1.10
[runlim] time limit:		311040000 seconds
[runlim] real time limit:	1200 seconds
[runlim] space limit:		15000 MB
[runlim] argv[0]:		python3
[runlim] argv[1]:		/raid/steuber/Software/ablector/ablector
[runlim] argv[2]:		/raid/steuber/Benchmarks/2019/QF_BV/20190311-bv-term-small-rw-Noetzli/bv-term-small-rw_1223.smt2
[runlim] argv[3]:		--ufReuse=1
[runlim] argv[4]:		--unsigned
[runlim] start:			Wed May 13 15:22:55 2020
[runlim] main pid:		13233
[Ablector] INFO: *** ROUND 0
[Ablector] INFO: *** ROUND 1
[Ablector] INFO: *** ROUND 2
[Ablector] INFO: *** ROUND 3
[Ablector] INFO: *** ROUND 4
[Ablector] INFO: *** ROUND 5
[Ablector] INFO: *** ROUND 6
[Ablector] INFO: *** ROUND 7
[Ablector] INFO: *** ROUND 8
[Ablector] INFO: *** ROUND 9
[Ablector] INFO: *** ROUND 10
[Ablector] INFO: *** ROUND 11
[runlim] sample:		10.6 time, 10.9 real, 62.8 MB
[Ablector] INFO: *** ROUND 12
[Ablector] INFO: *** ROUND 13
[Ablector] INFO: *** ROUND 14
[Ablector] INFO: *** ROUND 15
[Ablector] INFO: *** ROUND 16
[Ablector] INFO: *** ROUND 17
[Ablector] INFO: *** ROUND 18
[runlim] sample:		20.5 time, 20.9 real, 63.6 MB
[Ablector] INFO: *** ROUND 19
[Ablector] INFO: *** ROUND 20
[Ablector] INFO: *** ROUND 21
[Ablector] INFO: *** ROUND 22
[Ablector] INFO: *** ROUND 23
[Ablector] INFO: *** ROUND 24
[runlim] sample:		30.5 time, 30.9 real, 66.6 MB
[Ablector] INFO: *** ROUND 25
[Ablector] INFO: *** ROUND 26
[Ablector] INFO: *** ROUND 27
[Ablector] INFO: *** ROUND 28
[runlim] sample:		40.5 time, 40.9 real, 68.7 MB
[runlim] sample:		50.5 time, 50.9 real, 74.2 MB
[runlim] sample:		60.5 time, 60.9 real, 79.7 MB
[runlim] sample:		70.5 time, 70.9 real, 79.0 MB
[runlim] sample:		80.5 time, 80.9 real, 83.9 MB
[Ablector] INFO: *** ROUND 29
[runlim] sample:		90.5 time, 90.9 real, 66.8 MB
[runlim] sample:		100.5 time, 100.9 real, 72.6 MB
[runlim] sample:		110.5 time, 110.9 real, 72.6 MB
[runlim] sample:		120.5 time, 120.9 real, 79.0 MB
[runlim] sample:		130.6 time, 130.9 real, 78.3 MB
[runlim] sample:		140.5 time, 140.9 real, 80.8 MB
[Ablector] INFO: *** ROUND 30
[runlim] sample:		150.5 time, 150.9 real, 72.8 MB
[runlim] sample:		160.5 time, 160.9 real, 72.8 MB
[runlim] sample:		170.5 time, 170.9 real, 75.1 MB
[runlim] sample:		180.5 time, 180.9 real, 75.1 MB
[runlim] sample:		190.5 time, 190.9 real, 76.8 MB
[Ablector] INFO: *** ROUND 31
[runlim] sample:		200.5 time, 200.9 real, 75.8 MB
[runlim] sample:		210.5 time, 210.9 real, 75.8 MB
[Ablector] INFO: *** ROUND 32
[Ablector] INFO: *** ROUND 33
[Ablector] INFO: *** ROUND 34
[Ablector] INFO: *** ROUND 35
[runlim] sample:		220.5 time, 220.9 real, 76.5 MB
[runlim] sample:		230.5 time, 230.9 real, 76.9 MB
[Ablector] INFO: *** ROUND 36
[Ablector] INFO: *** ROUND 37
[runlim] sample:		240.5 time, 240.9 real, 76.9 MB
[runlim] sample:		250.5 time, 250.9 real, 76.9 MB
[runlim] sample:		260.5 time, 260.9 real, 80.4 MB
[runlim] sample:		270.5 time, 270.9 real, 86.4 MB
[runlim] sample:		280.5 time, 280.9 real, 86.4 MB
[runlim] sample:		290.5 time, 290.9 real, 86.4 MB
[runlim] sample:		300.5 time, 300.9 real, 88.4 MB
[runlim] sample:		310.5 time, 310.9 real, 89.8 MB
[runlim] sample:		320.5 time, 320.9 real, 90.9 MB
[runlim] sample:		330.5 time, 330.9 real, 90.3 MB
[runlim] sample:		340.5 time, 340.9 real, 90.3 MB
[Ablector] INFO: *** ROUND 38
[runlim] sample:		350.5 time, 350.9 real, 73.1 MB
[runlim] sample:		360.5 time, 360.9 real, 73.1 MB
[runlim] sample:		370.5 time, 370.9 real, 73.1 MB
[runlim] sample:		380.5 time, 380.9 real, 78.4 MB
[runlim] sample:		390.5 time, 390.9 real, 78.4 MB
[runlim] sample:		400.5 time, 400.9 real, 86.1 MB
[runlim] sample:		410.5 time, 410.9 real, 86.1 MB
[runlim] sample:		420.5 time, 420.9 real, 94.1 MB
[runlim] sample:		430.5 time, 430.9 real, 93.5 MB
[runlim] sample:		440.5 time, 440.9 real, 87.9 MB
[Ablector] INFO: *** ROUND 39
[runlim] sample:		450.5 time, 450.9 real, 88.1 MB
[runlim] sample:		460.5 time, 460.9 real, 88.1 MB
[runlim] sample:		470.5 time, 470.9 real, 88.8 MB
[runlim] sample:		480.5 time, 480.9 real, 88.8 MB
[Ablector] INFO: *** ROUND 40
[Ablector] INFO: *** ROUND 41
[runlim] sample:		490.5 time, 490.9 real, 88.8 MB
[runlim] sample:		500.5 time, 500.9 real, 88.8 MB
[runlim] sample:		510.5 time, 510.9 real, 89.2 MB
[runlim] sample:		520.5 time, 520.9 real, 89.2 MB
[runlim] sample:		530.5 time, 530.9 real, 85.4 MB
[runlim] sample:		540.5 time, 540.9 real, 88.3 MB
[runlim] sample:		550.5 time, 550.9 real, 90.1 MB
[runlim] sample:		560.5 time, 560.9 real, 95.4 MB
[runlim] sample:		570.5 time, 570.9 real, 96.1 MB
[runlim] sample:		580.5 time, 580.9 real, 98.0 MB
[runlim] sample:		590.5 time, 590.9 real, 98.0 MB
[runlim] sample:		600.5 time, 600.9 real, 98.0 MB
[runlim] sample:		610.5 time, 610.9 real, 98.0 MB
[runlim] sample:		620.5 time, 620.9 real, 98.0 MB
[runlim] sample:		630.5 time, 630.9 real, 112.6 MB
[Ablector] INFO: *** ROUND 42
[runlim] sample:		640.5 time, 640.9 real, 104.3 MB
[runlim] sample:		650.5 time, 650.9 real, 104.3 MB
[runlim] sample:		660.5 time, 660.9 real, 104.8 MB
[runlim] sample:		670.5 time, 670.9 real, 104.8 MB
[runlim] sample:		680.5 time, 680.9 real, 99.3 MB
[runlim] sample:		690.5 time, 690.9 real, 99.3 MB
[runlim] sample:		700.5 time, 700.9 real, 99.3 MB
[runlim] sample:		710.5 time, 710.9 real, 109.1 MB
[runlim] sample:		720.5 time, 720.9 real, 109.1 MB
[runlim] sample:		730.5 time, 730.9 real, 109.1 MB
[runlim] sample:		740.5 time, 740.9 real, 109.1 MB
[runlim] sample:		750.5 time, 750.9 real, 109.1 MB
[runlim] sample:		760.5 time, 760.9 real, 109.1 MB
[runlim] sample:		770.5 time, 770.9 real, 109.1 MB
[runlim] sample:		780.5 time, 780.9 real, 111.4 MB
[runlim] sample:		790.5 time, 790.9 real, 111.7 MB
[runlim] sample:		800.5 time, 800.9 real, 111.7 MB
[runlim] sample:		810.5 time, 810.9 real, 119.2 MB
[runlim] sample:		820.5 time, 820.9 real, 135.2 MB
[runlim] sample:		830.5 time, 830.9 real, 135.2 MB
[runlim] sample:		840.5 time, 840.9 real, 135.2 MB
[runlim] sample:		850.5 time, 850.9 real, 135.2 MB
[runlim] sample:		860.5 time, 860.9 real, 127.2 MB
[runlim] sample:		870.5 time, 870.9 real, 127.2 MB
[runlim] sample:		880.5 time, 880.9 real, 135.4 MB
[runlim] sample:		890.5 time, 890.9 real, 135.4 MB
[runlim] sample:		900.5 time, 900.9 real, 135.4 MB
[runlim] sample:		910.5 time, 910.9 real, 128.1 MB
[runlim] sample:		920.5 time, 920.9 real, 128.1 MB
[runlim] sample:		930.5 time, 930.9 real, 128.1 MB
[runlim] sample:		940.5 time, 940.9 real, 137.2 MB
[runlim] sample:		950.5 time, 950.9 real, 137.2 MB
[Ablector] INFO: *** ROUND 43
[runlim] sample:		960.5 time, 960.9 real, 126.0 MB
[runlim] sample:		970.5 time, 970.9 real, 126.0 MB
[runlim] sample:		980.5 time, 980.9 real, 126.0 MB
[runlim] sample:		990.5 time, 990.9 real, 126.0 MB
[runlim] sample:		1000.5 time, 1000.9 real, 126.0 MB
[runlim] sample:		1010.5 time, 1010.9 real, 119.2 MB
[runlim] sample:		1020.5 time, 1020.9 real, 119.2 MB
[runlim] sample:		1030.5 time, 1030.9 real, 119.2 MB
[runlim] sample:		1040.5 time, 1040.9 real, 119.2 MB
[runlim] sample:		1050.5 time, 1050.9 real, 119.2 MB
[runlim] sample:		1060.5 time, 1060.9 real, 119.2 MB
[runlim] sample:		1070.5 time, 1070.9 real, 119.2 MB
[runlim] sample:		1080.5 time, 1080.9 real, 119.2 MB
[runlim] sample:		1090.5 time, 1090.9 real, 119.2 MB
[runlim] sample:		1100.5 time, 1100.9 real, 119.2 MB
[runlim] sample:		1110.5 time, 1110.9 real, 119.2 MB
[runlim] sample:		1120.5 time, 1120.9 real, 119.2 MB
[runlim] sample:		1130.5 time, 1130.9 real, 119.2 MB
[runlim] sample:		1140.5 time, 1140.9 real, 119.2 MB
[runlim] sample:		1150.5 time, 1150.9 real, 119.2 MB
[runlim] sample:		1160.5 time, 1160.9 real, 119.2 MB
[runlim] sample:		1170.5 time, 1170.9 real, 119.2 MB
[runlim] sample:		1180.5 time, 1180.9 real, 119.2 MB
[runlim] sample:		1190.5 time, 1190.9 real, 119.2 MB
[runlim] end:			Wed May 13 15:42:55 2020
[runlim] status:		out of time
[runlim] result:		2
[runlim] children:		0
[runlim] real:			1200.09 seconds
[runlim] time:			1199.72 seconds
[runlim] space:			137.2 MB
[runlim] samples:		11992
[runlim] version:		1.10
[runlim] time limit:		311040000 seconds
[runlim] real time limit:	1200 seconds
[runlim] space limit:		15000 MB
[runlim] argv[0]:		python3
[runlim] argv[1]:		/raid/steuber/Software/ablector/ablector
[runlim] argv[2]:		/raid/steuber/Benchmarks/2019/QF_BV/20190311-bv-term-small-rw-Noetzli/bv-term-small-rw_1317.smt2
[runlim] argv[3]:		--ufReuse=1
[runlim] argv[4]:		--unsigned
[runlim] start:			Wed May 13 15:42:55 2020
[runlim] main pid:		13955
[Ablector] INFO: ABLECTOR TIME: 0.003858
[runlim] end:			Wed May 13 15:42:56 2020
[runlim] status:		ok
[runlim] result:		0
[runlim] children:		0
[runlim] real:			1.28 seconds
[runlim] time:			0.99 seconds
[runlim] space:			37.6 MB
[runlim] samples:		6
