[runner] /raid/steuber/Benchmarks/2019/QF_BV/Sage2/bench_8457.smt2
UNSAT
[runner] /raid/steuber/Benchmarks/2019/QF_BV/Sage2/bench_8447.smt2
UNSAT
[runner] /raid/steuber/Benchmarks/2019/QF_BV/Sage2/bench_17048.smt2
UNSAT
[runner] /raid/steuber/Benchmarks/2019/QF_BV/sage/app11/bench_60.smt2
UNSAT
[runner] /raid/steuber/Benchmarks/2019/QF_BV/sage/app8/bench_648.smt2
UNSAT
[runner] /raid/steuber/Benchmarks/2019/QF_BV/Sage2/bench_13931.smt2
UNSAT
[runner] /raid/steuber/Benchmarks/2019/QF_BV/uclid/catchconv/convert-jpg2gif-query-2134.smt2
UNSAT
[runner] /raid/steuber/Benchmarks/2019/QF_BV/Sage2/bench_4119.smt2
UNSAT
[runner] /raid/steuber/Benchmarks/2019/QF_BV/sage/app7/bench_311.smt2
UNSAT
[runner] /raid/steuber/Benchmarks/2019/QF_BV/sage/app7/bench_5732.smt2
UNSAT
[runner] /raid/steuber/Benchmarks/2019/QF_BV/Sage2/bench_17198.smt2
UNSAT
[runner] /raid/steuber/Benchmarks/2019/QF_BV/sage/app8/bench_957.smt2
UNSAT
[runner] /raid/steuber/Benchmarks/2019/QF_BV/sage/app7/bench_3824.smt2
UNSAT
[runner] /raid/steuber/Benchmarks/2019/QF_BV/20190311-bv-term-small-rw-Noetzli/bv-term-small-rw_1026.smt2
UNSAT
[runner] /raid/steuber/Benchmarks/2019/QF_BV/Sage2/bench_13781.smt2
UNSAT
[runner] /raid/steuber/Benchmarks/2019/QF_BV/sage/app9/bench_3042.smt2
UNSAT
[runner] /raid/steuber/Benchmarks/2019/QF_BV/sage/app7/bench_6167.smt2
UNSAT
[runner] /raid/steuber/Benchmarks/2019/QF_BV/Sage2/bench_6772.smt2
UNSAT
[runner] /raid/steuber/Benchmarks/2019/QF_BV/sage/app8/bench_772.smt2
UNSAT
[runner] /raid/steuber/Benchmarks/2019/QF_BV/Sage2/bench_1336.smt2
UNSAT
[runner] /raid/steuber/Benchmarks/2019/QF_BV/sage/app9/bench_2667.smt2
UNSAT
[runner] /raid/steuber/Benchmarks/2019/QF_BV/Sage2/bench_7311.smt2
UNSAT
[runner] /raid/steuber/Benchmarks/2019/QF_BV/brummayerbiere2/smulov3bw0064.smt2
UNSAT
[runner] /raid/steuber/Benchmarks/2019/QF_BV/sage/app7/bench_8588.smt2
UNSAT
[runner] /raid/steuber/Benchmarks/2019/QF_BV/sage/app8/bench_567.smt2
UNSAT
[runner] /raid/steuber/Benchmarks/2019/QF_BV/Sage2/bench_10764.smt2
UNSAT
[runner] /raid/steuber/Benchmarks/2019/QF_BV/Sage2/bench_12918.smt2
UNSAT
[runner] /raid/steuber/Benchmarks/2019/QF_BV/sage/app8/bench_3439.smt2
UNSAT
[runner] /raid/steuber/Benchmarks/2019/QF_BV/sage/app7/bench_4563.smt2
UNSAT
[runner] /raid/steuber/Benchmarks/2019/QF_BV/sage/app8/bench_328.smt2
UNSAT
[runner] /raid/steuber/Benchmarks/2019/QF_BV/Sage2/bench_4249.smt2
UNSAT
[runner] /raid/steuber/Benchmarks/2019/QF_BV/sage/app1/bench_2275.smt2
UNSAT
[runner] /raid/steuber/Benchmarks/2019/QF_BV/sage/app7/bench_1206.smt2
UNSAT
[runner] /raid/steuber/Benchmarks/2019/QF_BV/sage/app2/bench_624.smt2
UNSAT
[runner] /raid/steuber/Benchmarks/2019/QF_BV/Sage2/bench_4676.smt2
UNSAT
[runner] /raid/steuber/Benchmarks/2019/QF_BV/sage/app1/bench_2548.smt2
UNSAT
[runner] /raid/steuber/Benchmarks/2019/QF_BV/sage/app7/bench_3388.smt2
UNSAT
[runner] /raid/steuber/Benchmarks/2019/QF_BV/sage/app7/bench_23.smt2
UNSAT
[runner] /raid/steuber/Benchmarks/2019/QF_BV/sage/app7/bench_5651.smt2
UNSAT
[runner] /raid/steuber/Benchmarks/2019/QF_BV/Sage2/bench_12417.smt2
UNSAT
[runner] /raid/steuber/Benchmarks/2019/QF_BV/sage/app2/bench_1083.smt2
UNSAT
[runner] /raid/steuber/Benchmarks/2019/QF_BV/Sage2/bench_17304.smt2
UNSAT
[runner] /raid/steuber/Benchmarks/2019/QF_BV/sage/app7/bench_3734.smt2
UNSAT
[runner] /raid/steuber/Benchmarks/2019/QF_BV/sage/app7/bench_6211.smt2
UNSAT
[runner] /raid/steuber/Benchmarks/2019/QF_BV/sage/app12/bench_928.smt2
UNSAT
[runner] /raid/steuber/Benchmarks/2019/QF_BV/sage/app1/bench_835.smt2
UNSAT
[runner] /raid/steuber/Benchmarks/2019/QF_BV/sage/app7/bench_5744.smt2
UNSAT
[runner] /raid/steuber/Benchmarks/2019/QF_BV/sage/app7/bench_589.smt2
UNSAT
[runner] /raid/steuber/Benchmarks/2019/QF_BV/sage/app11/bench_521.smt2
UNSAT
[runner] /raid/steuber/Benchmarks/2019/QF_BV/sage/app1/bench_1989.smt2
UNSAT
[runner] /raid/steuber/Benchmarks/2019/QF_BV/sage/app1/bench_23.smt2
UNSAT
[runner] /raid/steuber/Benchmarks/2019/QF_BV/20190311-bv-term-small-rw-Noetzli/bv-term-small-rw_883.smt2
UNSAT
[runner] /raid/steuber/Benchmarks/2019/QF_BV/sage/app7/bench_5091.smt2
UNSAT
[runner] /raid/steuber/Benchmarks/2019/QF_BV/sage/app7/bench_3025.smt2
UNSAT
[runner] /raid/steuber/Benchmarks/2019/QF_BV/20190311-bv-term-small-rw-Noetzli/bv-term-small-rw_361.smt2
UNSAT
[runner] /raid/steuber/Benchmarks/2019/QF_BV/float/test_v5_r10_vr10_c1_s7608.smt2
[runner] /raid/steuber/Benchmarks/2019/QF_BV/sage/app7/bench_1571.smt2
UNSAT
[runner] /raid/steuber/Benchmarks/2019/QF_BV/sage/app7/bench_2915.smt2
UNSAT
[runner] /raid/steuber/Benchmarks/2019/QF_BV/Sage2/bench_16948.smt2
UNSAT
[runner] /raid/steuber/Benchmarks/2019/QF_BV/Sage2/bench_1406.smt2
UNSAT
[runner] /raid/steuber/Benchmarks/2019/QF_BV/sage/app1/bench_151.smt2
UNSAT
[runner] /raid/steuber/Benchmarks/2019/QF_BV/sage/app2/bench_1388.smt2
UNSAT
[runner] /raid/steuber/Benchmarks/2019/QF_BV/sage/app7/bench_1718.smt2
UNSAT
[runner] /raid/steuber/Benchmarks/2019/QF_BV/sage/app12/bench_515.smt2
UNSAT
[runner] /raid/steuber/Benchmarks/2019/QF_BV/sage/app12/bench_4357.smt2
UNSAT
[runner] /raid/steuber/Benchmarks/2019/QF_BV/Sage2/bench_4892.smt2
UNSAT
[runner] /raid/steuber/Benchmarks/2019/QF_BV/Sage2/bench_458.smt2
UNSAT
[runner] /raid/steuber/Benchmarks/2019/QF_BV/sage/app7/bench_6140.smt2
UNSAT
[runner] /raid/steuber/Benchmarks/2019/QF_BV/Sage2/bench_14707.smt2
UNSAT
[runner] /raid/steuber/Benchmarks/2019/QF_BV/sage/app2/bench_195.smt2
UNSAT
[runner] /raid/steuber/Benchmarks/2019/QF_BV/sage/app7/bench_1526.smt2
UNSAT
[runner] /raid/steuber/Benchmarks/2019/QF_BV/sage/app7/bench_5235.smt2
UNSAT
[runner] /raid/steuber/Benchmarks/2019/QF_BV/Sage2/bench_9395.smt2
UNSAT
[runner] /raid/steuber/Benchmarks/2019/QF_BV/sage/app1/bench_2142.smt2
UNSAT
[runner] /raid/steuber/Benchmarks/2019/QF_BV/sage/app9/bench_223.smt2
UNSAT
[runner] /raid/steuber/Benchmarks/2019/QF_BV/sage/app7/bench_6203.smt2
UNSAT
[runner] /raid/steuber/Benchmarks/2019/QF_BV/sage/app8/bench_965.smt2
UNSAT
[runner] /raid/steuber/Benchmarks/2019/QF_BV/sage/app1/bench_5.smt2
UNSAT
[runner] /raid/steuber/Benchmarks/2019/QF_BV/sage/app7/bench_4746.smt2
UNSAT
[runner] /raid/steuber/Benchmarks/2019/QF_BV/sage/app2/bench_672.smt2
UNSAT
