[runner] /raid/steuber/Benchmarks/2019/QF_BV/Sage2/bench_13386.smt2
UNSAT
[runner] /raid/steuber/Benchmarks/2019/QF_BV/sage/app9/bench_2984.smt2
UNSAT
[runner] /raid/steuber/Benchmarks/2019/QF_BV/Sage2/bench_8181.smt2
UNSAT
[runner] /raid/steuber/Benchmarks/2019/QF_BV/Sage2/bench_12868.smt2
UNSAT
[runner] /raid/steuber/Benchmarks/2019/QF_BV/Sage2/bench_14620.smt2
UNSAT
[runner] /raid/steuber/Benchmarks/2019/QF_BV/sage/app7/bench_161.smt2
UNSAT
[runner] /raid/steuber/Benchmarks/2019/QF_BV/Sage2/bench_9483.smt2
UNSAT
[runner] /raid/steuber/Benchmarks/2019/QF_BV/sage/app12/bench_2165.smt2
UNSAT
[runner] /raid/steuber/Benchmarks/2019/QF_BV/Sage2/bench_8293.smt2
UNSAT
[runner] /raid/steuber/Benchmarks/2019/QF_BV/sage/app7/bench_3385.smt2
UNSAT
[runner] /raid/steuber/Benchmarks/2019/QF_BV/sage/app7/bench_5297.smt2
UNSAT
[runner] /raid/steuber/Benchmarks/2019/QF_BV/sage/app8/bench_941.smt2
UNSAT
[runner] /raid/steuber/Benchmarks/2019/QF_BV/sage/app2/bench_562.smt2
UNSAT
[runner] /raid/steuber/Benchmarks/2019/QF_BV/sage/app7/bench_6747.smt2
UNSAT
[runner] /raid/steuber/Benchmarks/2019/QF_BV/Sage2/bench_11180.smt2
UNSAT
[runner] /raid/steuber/Benchmarks/2019/QF_BV/sage/app8/bench_719.smt2
UNSAT
[runner] /raid/steuber/Benchmarks/2019/QF_BV/20190311-bv-term-small-rw-Noetzli/bv-term-small-rw_447.smt2
UNSAT
[runner] /raid/steuber/Benchmarks/2019/QF_BV/sage/app7/bench_1699.smt2
UNSAT
[runner] /raid/steuber/Benchmarks/2019/QF_BV/sage/app7/bench_4481.smt2
UNSAT
[runner] /raid/steuber/Benchmarks/2019/QF_BV/Sage2/bench_15953.smt2
UNSAT
[runner] /raid/steuber/Benchmarks/2019/QF_BV/sage/app7/bench_2808.smt2
UNSAT
[runner] /raid/steuber/Benchmarks/2019/QF_BV/sage/app7/bench_5354.smt2
UNSAT
[runner] /raid/steuber/Benchmarks/2019/QF_BV/sage/app2/bench_1038.smt2
UNSAT
[runner] /raid/steuber/Benchmarks/2019/QF_BV/sage/app9/bench_222.smt2
UNSAT
[runner] /raid/steuber/Benchmarks/2019/QF_BV/Sage2/bench_256.smt2
[runner] /raid/steuber/Benchmarks/2019/QF_BV/sage/app7/bench_872.smt2
UNSAT
[runner] /raid/steuber/Benchmarks/2019/QF_BV/Sage2/bench_15692.smt2
UNSAT
[runner] /raid/steuber/Benchmarks/2019/QF_BV/Sage2/bench_17539.smt2
UNSAT
[runner] /raid/steuber/Benchmarks/2019/QF_BV/sage/app7/bench_2165.smt2
UNSAT
[runner] /raid/steuber/Benchmarks/2019/QF_BV/sage/app1/bench_2119.smt2
UNSAT
[runner] /raid/steuber/Benchmarks/2019/QF_BV/sage/app1/bench_277.smt2
UNSAT
[runner] /raid/steuber/Benchmarks/2019/QF_BV/sage/app7/bench_8147.smt2
UNSAT
[runner] /raid/steuber/Benchmarks/2019/QF_BV/sage/app8/bench_970.smt2
UNSAT
[runner] /raid/steuber/Benchmarks/2019/QF_BV/sage/app8/bench_3753.smt2
UNSAT
[runner] /raid/steuber/Benchmarks/2019/QF_BV/sage/app1/bench_2267.smt2
UNSAT
[runner] /raid/steuber/Benchmarks/2019/QF_BV/float/qurt.c.15.smt2
UNSAT
[runner] /raid/steuber/Benchmarks/2019/QF_BV/sage/app8/bench_3709.smt2
UNSAT
[runner] /raid/steuber/Benchmarks/2019/QF_BV/Sage2/bench_12913.smt2
UNSAT
[runner] /raid/steuber/Benchmarks/2019/QF_BV/sage/app7/bench_1586.smt2
UNSAT
[runner] /raid/steuber/Benchmarks/2019/QF_BV/sage/app2/bench_183.smt2
UNSAT
[runner] /raid/steuber/Benchmarks/2019/QF_BV/brummayerbiere2/umulov2bw0256.smt2
UNSAT
[runner] /raid/steuber/Benchmarks/2019/QF_BV/sage/app7/bench_995.smt2
UNSAT
[runner] /raid/steuber/Benchmarks/2019/QF_BV/sage/app7/bench_6386.smt2
UNSAT
[runner] /raid/steuber/Benchmarks/2019/QF_BV/sage/app2/bench_1410.smt2
UNSAT
[runner] /raid/steuber/Benchmarks/2019/QF_BV/Sage2/bench_11955.smt2
UNSAT
[runner] /raid/steuber/Benchmarks/2019/QF_BV/sage/app7/bench_4566.smt2
UNSAT
[runner] /raid/steuber/Benchmarks/2019/QF_BV/sage/app9/bench_3203.smt2
UNSAT
[runner] /raid/steuber/Benchmarks/2019/QF_BV/Sage2/bench_15755.smt2
UNSAT
[runner] /raid/steuber/Benchmarks/2019/QF_BV/sage/app1/bench_2628.smt2
UNSAT
[runner] /raid/steuber/Benchmarks/2019/QF_BV/sage/app11/bench_447.smt2
UNSAT
[runner] /raid/steuber/Benchmarks/2019/QF_BV/sage/app7/bench_5710.smt2
UNSAT
[runner] /raid/steuber/Benchmarks/2019/QF_BV/sage/app1/bench_2081.smt2
UNSAT
[runner] /raid/steuber/Benchmarks/2019/QF_BV/sage/app7/bench_4065.smt2
UNSAT
[runner] /raid/steuber/Benchmarks/2019/QF_BV/Sage2/bench_11123.smt2
UNSAT
[runner] /raid/steuber/Benchmarks/2019/QF_BV/sage/app1/bench_1932.smt2
UNSAT
[runner] /raid/steuber/Benchmarks/2019/QF_BV/float/test_v3_r8_vr5_c1_s10746.smt2
UNSAT
[runner] /raid/steuber/Benchmarks/2019/QF_BV/uclid/catchconv/convert-jpg2gif-query-1496.smt2
UNSAT
[runner] /raid/steuber/Benchmarks/2019/QF_BV/sage/app7/bench_4719.smt2
UNSAT
[runner] /raid/steuber/Benchmarks/2019/QF_BV/sage/app1/bench_2235.smt2
UNSAT
[runner] /raid/steuber/Benchmarks/2019/QF_BV/sage/app7/bench_2837.smt2
UNSAT
[runner] /raid/steuber/Benchmarks/2019/QF_BV/sage/app7/bench_5217.smt2
UNSAT
[runner] /raid/steuber/Benchmarks/2019/QF_BV/sage/app7/bench_5402.smt2
UNSAT
[runner] /raid/steuber/Benchmarks/2019/QF_BV/Sage2/bench_16344.smt2
UNSAT
[runner] /raid/steuber/Benchmarks/2019/QF_BV/Sage2/bench_14559.smt2
UNSAT
[runner] /raid/steuber/Benchmarks/2019/QF_BV/Sage2/bench_11022.smt2
UNSAT
[runner] /raid/steuber/Benchmarks/2019/QF_BV/sage/app7/bench_4076.smt2
UNSAT
[runner] /raid/steuber/Benchmarks/2019/QF_BV/Sage2/bench_5567.smt2
UNSAT
[runner] /raid/steuber/Benchmarks/2019/QF_BV/sage/app7/bench_8606.smt2
UNSAT
[runner] /raid/steuber/Benchmarks/2019/QF_BV/sage/app7/bench_592.smt2
UNSAT
[runner] /raid/steuber/Benchmarks/2019/QF_BV/sage/app11/bench_178.smt2
UNSAT
[runner] /raid/steuber/Benchmarks/2019/QF_BV/Sage2/bench_7302.smt2
UNSAT
[runner] /raid/steuber/Benchmarks/2019/QF_BV/sage/app7/bench_8541.smt2
UNSAT
[runner] /raid/steuber/Benchmarks/2019/QF_BV/sage/app12/bench_4041.smt2
UNSAT
[runner] /raid/steuber/Benchmarks/2019/QF_BV/sage/app7/bench_3392.smt2
UNSAT
[runner] /raid/steuber/Benchmarks/2019/QF_BV/sage/app1/bench_162.smt2
UNSAT
[runner] /raid/steuber/Benchmarks/2019/QF_BV/Sage2/bench_15678.smt2
UNSAT
[runner] /raid/steuber/Benchmarks/2019/QF_BV/Sage2/bench_13184.smt2
UNSAT
[runner] /raid/steuber/Benchmarks/2019/QF_BV/sage/app7/bench_2067.smt2
UNSAT
[runner] /raid/steuber/Benchmarks/2019/QF_BV/sage/app7/bench_3155.smt2
UNSAT
[runner] /raid/steuber/Benchmarks/2019/QF_BV/Sage2/bench_15609.smt2
UNSAT
