[runlim] version:		1.10
[runlim] time limit:		311040000 seconds
[runlim] real time limit:	1200 seconds
[runlim] space limit:		15000 MB
[runlim] argv[0]:		python3
[runlim] argv[1]:		/raid/steuber/Software/ablector/ablector
[runlim] argv[2]:		/raid/steuber/Benchmarks/2019/QF_BV/20190311-bv-term-small-rw-Noetzli/bv-term-small-rw_566.smt2
[runlim] argv[3]:		--ufReuse=1
[runlim] argv[4]:		--unsigned
[runlim] start:			Wed May 13 15:32:34 2020
[runlim] main pid:		18910
[Ablector] INFO: ABLECTOR TIME: 0.003815
[runlim] end:			Wed May 13 15:32:35 2020
[runlim] status:		ok
[runlim] result:		0
[runlim] children:		0
[runlim] real:			1.50 seconds
[runlim] time:			0.98 seconds
[runlim] space:			37.8 MB
[runlim] samples:		5
[runlim] version:		1.10
[runlim] time limit:		311040000 seconds
[runlim] real time limit:	1200 seconds
[runlim] space limit:		15000 MB
[runlim] argv[0]:		python3
[runlim] argv[1]:		/raid/steuber/Software/ablector/ablector
[runlim] argv[2]:		/raid/steuber/Benchmarks/2019/QF_BV/Sage2/bench_7837.smt2
[runlim] argv[3]:		--ufReuse=1
[runlim] argv[4]:		--unsigned
[runlim] start:			Wed May 13 15:32:35 2020
[runlim] main pid:		18930
[Ablector] INFO: *** ROUND 0
[MulNode] INFO: Level 0
[MulNode] INFO: Level 0
[MulNode] INFO: Level 0
[MulNode] INFO: Level 0
[MulNode] INFO: Level 0
[MulNode] INFO: Level 0
[MulNode] INFO: Level 0
[MulNode] INFO: Level 0
[MulNode] INFO: Level 0
[MulNode] INFO: Level 0
[Ablector] INFO: ABLECTOR TIME: 0.566624
[Ablector] INFO: SAT TIME: 0.560308
[Ablector] INFO: REF TIME: 0.090048
[runlim] end:			Wed May 13 15:32:36 2020
[runlim] status:		ok
[runlim] result:		0
[runlim] children:		0
[runlim] real:			1.93 seconds
[runlim] time:			1.51 seconds
[runlim] space:			52.1 MB
[runlim] samples:		10
[runlim] version:		1.10
[runlim] time limit:		311040000 seconds
[runlim] real time limit:	1200 seconds
[runlim] space limit:		15000 MB
[runlim] argv[0]:		python3
[runlim] argv[1]:		/raid/steuber/Software/ablector/ablector
[runlim] argv[2]:		/raid/steuber/Benchmarks/2019/QF_BV/Sage2/bench_8317.smt2
[runlim] argv[3]:		--ufReuse=1
[runlim] argv[4]:		--unsigned
[runlim] start:			Wed May 13 15:32:37 2020
[runlim] main pid:		18950
[Ablector] INFO: *** ROUND 0
[MulNode] INFO: Level 0
[MulNode] INFO: Level 0
[MulNode] INFO: Level 0
[MulNode] INFO: Level 0
[MulNode] INFO: Level 0
[MulNode] INFO: Level 0
[MulNode] INFO: Level 0
[MulNode] INFO: Level 0
[MulNode] INFO: Level 0
[MulNode] INFO: Level 0
[MulNode] INFO: Level 0
[MulNode] INFO: Level 0
[MulNode] INFO: Level 0
[MulNode] INFO: Level 0
[MulNode] INFO: Level 0
[MulNode] INFO: Level 0
[MulNode] INFO: Level 0
[MulNode] INFO: Level 0
[MulNode] INFO: Level 0
[MulNode] INFO: Level 0
[Ablector] INFO: ABLECTOR TIME: 3.131527
[Ablector] INFO: SAT TIME: 3.122941
[Ablector] INFO: REF TIME: 0.186264
[runlim] end:			Wed May 13 15:32:41 2020
[runlim] status:		ok
[runlim] result:		0
[runlim] children:		0
[runlim] real:			4.01 seconds
[runlim] time:			4.24 seconds
[runlim] space:			62.5 MB
[runlim] samples:		37
[runlim] version:		1.10
[runlim] time limit:		311040000 seconds
[runlim] real time limit:	1200 seconds
[runlim] space limit:		15000 MB
[runlim] argv[0]:		python3
[runlim] argv[1]:		/raid/steuber/Software/ablector/ablector
[runlim] argv[2]:		/raid/steuber/Benchmarks/2019/QF_BV/Sage2/bench_16903.smt2
[runlim] argv[3]:		--ufReuse=1
[runlim] argv[4]:		--unsigned
[runlim] start:			Wed May 13 15:32:41 2020
[runlim] main pid:		18970
[Ablector] INFO: *** ROUND 0
[MulNode] INFO: Level 0
[Ablector] INFO: ABLECTOR TIME: 0.181956
[Ablector] INFO: SAT TIME: 0.177293
[Ablector] INFO: REF TIME: 0.010784
[runlim] end:			Wed May 13 15:32:42 2020
[runlim] status:		ok
[runlim] result:		0
[runlim] children:		0
[runlim] real:			1.03 seconds
[runlim] time:			1.13 seconds
[runlim] space:			42.6 MB
[runlim] samples:		6
[runlim] version:		1.10
[runlim] time limit:		311040000 seconds
[runlim] real time limit:	1200 seconds
[runlim] space limit:		15000 MB
[runlim] argv[0]:		python3
[runlim] argv[1]:		/raid/steuber/Software/ablector/ablector
[runlim] argv[2]:		/raid/steuber/Benchmarks/2019/QF_BV/sage/app11/bench_76.smt2
[runlim] argv[3]:		--ufReuse=1
[runlim] argv[4]:		--unsigned
[runlim] start:			Wed May 13 15:32:42 2020
[runlim] main pid:		18990
[Ablector] INFO: ABLECTOR TIME: 0.004085
[runlim] end:			Wed May 13 15:32:43 2020
[runlim] status:		ok
[runlim] result:		0
[runlim] children:		5
[runlim] real:			1.32 seconds
[runlim] time:			1.34 seconds
[runlim] space:			68.2 MB
[runlim] samples:		9
[runlim] version:		1.10
[runlim] time limit:		311040000 seconds
[runlim] real time limit:	1200 seconds
[runlim] space limit:		15000 MB
[runlim] argv[0]:		python3
[runlim] argv[1]:		/raid/steuber/Software/ablector/ablector
[runlim] argv[2]:		/raid/steuber/Benchmarks/2019/QF_BV/Sage2/bench_13196.smt2
[runlim] argv[3]:		--ufReuse=1
[runlim] argv[4]:		--unsigned
[runlim] start:			Wed May 13 15:32:43 2020
[runlim] main pid:		19010
[Ablector] INFO: *** ROUND 0
[MulNode] INFO: Level 0
[MulNode] INFO: Level 0
[MulNode] INFO: Level 0
[MulNode] INFO: Level 0
[MulNode] INFO: Level 0
[MulNode] INFO: Level 0
[MulNode] INFO: Level 0
[MulNode] INFO: Level 0
[MulNode] INFO: Level 0
[MulNode] INFO: Level 0
[MulNode] INFO: Level 0
[MulNode] INFO: Level 0
[MulNode] INFO: Level 0
[MulNode] INFO: Level 0
[MulNode] INFO: Level 0
[MulNode] INFO: Level 0
[MulNode] INFO: Level 0
[MulNode] INFO: Level 0
[MulNode] INFO: Level 0
[MulNode] INFO: Level 0
[Ablector] INFO: ABLECTOR TIME: 3.786266
[Ablector] INFO: SAT TIME: 3.778441
[Ablector] INFO: REF TIME: 0.200899
[runlim] end:			Wed May 13 15:32:47 2020
[runlim] status:		ok
[runlim] result:		0
[runlim] children:		0
[runlim] real:			4.96 seconds
[runlim] time:			4.74 seconds
[runlim] space:			76.6 MB
[runlim] samples:		42
[runlim] version:		1.10
[runlim] time limit:		311040000 seconds
[runlim] real time limit:	1200 seconds
[runlim] space limit:		15000 MB
[runlim] argv[0]:		python3
[runlim] argv[1]:		/raid/steuber/Software/ablector/ablector
[runlim] argv[2]:		/raid/steuber/Benchmarks/2019/QF_BV/Sage2/bench_16777.smt2
[runlim] argv[3]:		--ufReuse=1
[runlim] argv[4]:		--unsigned
[runlim] start:			Wed May 13 15:32:48 2020
[runlim] main pid:		19032
[Ablector] INFO: *** ROUND 0
[MulNode] INFO: Level 0
[Ablector] INFO: ABLECTOR TIME: 0.586940
[Ablector] INFO: SAT TIME: 0.582102
[Ablector] INFO: REF TIME: 0.010785
[runlim] end:			Wed May 13 15:32:49 2020
[runlim] status:		ok
[runlim] result:		0
[runlim] children:		0
[runlim] real:			1.46 seconds
[runlim] time:			1.62 seconds
[runlim] space:			48.9 MB
[runlim] samples:		11
[runlim] version:		1.10
[runlim] time limit:		311040000 seconds
[runlim] real time limit:	1200 seconds
[runlim] space limit:		15000 MB
[runlim] argv[0]:		python3
[runlim] argv[1]:		/raid/steuber/Software/ablector/ablector
[runlim] argv[2]:		/raid/steuber/Benchmarks/2019/QF_BV/sage/app7/bench_1080.smt2
[runlim] argv[3]:		--ufReuse=1
[runlim] argv[4]:		--unsigned
[runlim] start:			Wed May 13 15:32:49 2020
[runlim] main pid:		19052
[Ablector] INFO: ABLECTOR TIME: 0.003499
[runlim] end:			Wed May 13 15:32:52 2020
[runlim] status:		ok
[runlim] result:		0
[runlim] children:		19
[runlim] real:			3.10 seconds
[runlim] time:			2.74 seconds
[runlim] space:			98.2 MB
[runlim] samples:		22
[runlim] version:		1.10
[runlim] time limit:		311040000 seconds
[runlim] real time limit:	1200 seconds
[runlim] space limit:		15000 MB
[runlim] argv[0]:		python3
[runlim] argv[1]:		/raid/steuber/Software/ablector/ablector
[runlim] argv[2]:		/raid/steuber/Benchmarks/2019/QF_BV/Sage2/bench_1331.smt2
[runlim] argv[3]:		--ufReuse=1
[runlim] argv[4]:		--unsigned
[runlim] start:			Wed May 13 15:32:52 2020
[runlim] main pid:		19072
[Ablector] INFO: *** ROUND 0
[runlim] sample:		10.4 time, 10.5 real, 84.6 MB
[runlim] sample:		20.4 time, 20.5 real, 89.2 MB
[runlim] sample:		30.4 time, 30.5 real, 100.8 MB
[runlim] sample:		40.4 time, 40.5 real, 108.1 MB
[runlim] sample:		50.4 time, 50.5 real, 109.1 MB
[runlim] sample:		60.4 time, 60.5 real, 110.0 MB
[runlim] sample:		70.4 time, 70.5 real, 112.4 MB
[runlim] sample:		80.4 time, 80.5 real, 113.9 MB
[runlim] sample:		90.4 time, 90.5 real, 115.1 MB
[runlim] sample:		100.4 time, 100.5 real, 126.1 MB
[runlim] sample:		110.4 time, 110.5 real, 118.7 MB
[runlim] sample:		120.4 time, 120.5 real, 119.4 MB
[runlim] sample:		130.4 time, 130.5 real, 121.4 MB
[runlim] sample:		140.4 time, 140.5 real, 123.1 MB
[runlim] sample:		150.4 time, 150.5 real, 123.2 MB
[runlim] sample:		160.4 time, 160.5 real, 125.3 MB
[runlim] sample:		170.4 time, 170.5 real, 126.6 MB
[runlim] sample:		180.4 time, 180.5 real, 127.4 MB
[runlim] sample:		190.4 time, 190.5 real, 128.6 MB
[runlim] sample:		200.4 time, 200.5 real, 141.5 MB
[runlim] sample:		210.4 time, 210.5 real, 130.4 MB
[runlim] sample:		220.4 time, 220.5 real, 131.4 MB
[runlim] sample:		230.4 time, 230.5 real, 131.6 MB
[runlim] sample:		240.4 time, 240.5 real, 145.4 MB
[runlim] sample:		250.4 time, 250.5 real, 133.8 MB
[runlim] sample:		260.4 time, 260.5 real, 147.1 MB
[runlim] sample:		270.4 time, 270.5 real, 134.9 MB
[runlim] sample:		280.4 time, 280.5 real, 135.4 MB
[runlim] sample:		290.4 time, 290.5 real, 149.5 MB
[runlim] sample:		300.4 time, 300.5 real, 149.8 MB
[runlim] sample:		310.4 time, 310.5 real, 151.8 MB
[runlim] sample:		320.4 time, 320.5 real, 152.2 MB
[runlim] sample:		330.4 time, 330.5 real, 138.4 MB
[runlim] sample:		340.4 time, 340.5 real, 154.3 MB
[runlim] sample:		350.4 time, 350.5 real, 175.5 MB
[runlim] sample:		360.4 time, 360.5 real, 175.7 MB
[runlim] sample:		370.4 time, 370.5 real, 176.0 MB
[runlim] sample:		380.4 time, 380.5 real, 176.3 MB
[runlim] sample:		390.4 time, 390.5 real, 176.4 MB
[runlim] sample:		400.4 time, 400.5 real, 162.6 MB
[runlim] sample:		410.4 time, 410.5 real, 178.5 MB
[runlim] sample:		420.4 time, 420.5 real, 178.2 MB
[runlim] sample:		430.4 time, 430.5 real, 178.3 MB
[runlim] sample:		440.4 time, 440.5 real, 163.9 MB
[runlim] sample:		450.4 time, 450.5 real, 180.2 MB
[runlim] sample:		460.4 time, 460.5 real, 180.3 MB
[runlim] sample:		470.4 time, 470.5 real, 169.1 MB
[runlim] sample:		480.4 time, 480.5 real, 180.7 MB
[runlim] sample:		490.4 time, 490.5 real, 182.3 MB
[runlim] sample:		500.4 time, 500.5 real, 165.1 MB
[runlim] sample:		510.4 time, 510.5 real, 181.3 MB
[runlim] sample:		520.4 time, 520.5 real, 183.4 MB
[runlim] sample:		530.4 time, 530.5 real, 183.4 MB
[runlim] sample:		540.4 time, 540.5 real, 183.5 MB
[runlim] sample:		550.4 time, 550.5 real, 184.3 MB
[runlim] sample:		560.4 time, 560.5 real, 184.3 MB
[runlim] sample:		570.4 time, 570.5 real, 184.4 MB
[runlim] sample:		580.4 time, 580.5 real, 184.7 MB
[runlim] sample:		590.4 time, 590.5 real, 167.6 MB
[runlim] sample:		600.4 time, 600.5 real, 184.9 MB
[runlim] sample:		610.4 time, 610.5 real, 185.0 MB
[runlim] sample:		620.4 time, 620.5 real, 185.3 MB
[runlim] sample:		630.4 time, 630.5 real, 185.4 MB
[runlim] sample:		640.4 time, 640.5 real, 188.0 MB
[runlim] sample:		650.4 time, 650.5 real, 188.2 MB
[runlim] sample:		660.4 time, 660.5 real, 188.2 MB
[runlim] sample:		670.4 time, 670.5 real, 188.3 MB
[runlim] sample:		680.4 time, 680.5 real, 188.3 MB
[runlim] sample:		690.4 time, 690.5 real, 187.4 MB
[runlim] sample:		700.4 time, 700.5 real, 187.4 MB
[runlim] sample:		710.4 time, 710.5 real, 187.5 MB
[runlim] sample:		720.4 time, 720.5 real, 187.8 MB
[runlim] sample:		730.4 time, 730.5 real, 187.9 MB
[runlim] sample:		740.4 time, 740.5 real, 190.0 MB
[runlim] sample:		750.4 time, 750.5 real, 190.1 MB
[runlim] sample:		760.4 time, 760.5 real, 190.4 MB
[runlim] sample:		770.4 time, 770.5 real, 176.6 MB
[runlim] sample:		780.4 time, 780.5 real, 190.5 MB
[runlim] sample:		790.4 time, 790.5 real, 190.6 MB
[runlim] sample:		800.4 time, 800.5 real, 190.7 MB
[runlim] sample:		810.4 time, 810.5 real, 190.9 MB
[runlim] sample:		820.4 time, 820.5 real, 191.0 MB
[runlim] sample:		830.4 time, 830.5 real, 192.8 MB
[runlim] sample:		840.4 time, 840.5 real, 193.1 MB
[runlim] sample:		850.4 time, 850.5 real, 193.1 MB
[runlim] sample:		860.4 time, 860.5 real, 193.2 MB
[runlim] sample:		870.4 time, 870.5 real, 193.2 MB
[runlim] sample:		880.4 time, 880.5 real, 193.3 MB
[runlim] sample:		890.4 time, 890.5 real, 193.1 MB
[runlim] sample:		900.4 time, 900.5 real, 193.2 MB
[runlim] sample:		910.4 time, 910.5 real, 193.2 MB
[runlim] sample:		920.4 time, 920.5 real, 194.4 MB
[runlim] sample:		930.4 time, 930.5 real, 194.4 MB
[runlim] sample:		940.4 time, 940.5 real, 194.5 MB
[runlim] sample:		950.4 time, 950.5 real, 194.8 MB
[runlim] sample:		960.4 time, 960.5 real, 194.9 MB
[runlim] sample:		970.4 time, 970.5 real, 195.1 MB
[runlim] sample:		980.4 time, 980.5 real, 195.2 MB
[runlim] sample:		990.4 time, 990.5 real, 195.3 MB
[runlim] sample:		1000.4 time, 1000.5 real, 195.6 MB
[runlim] sample:		1010.4 time, 1010.5 real, 195.6 MB
[runlim] sample:		1020.4 time, 1020.5 real, 195.6 MB
[runlim] sample:		1030.4 time, 1030.5 real, 195.7 MB
[runlim] sample:		1040.4 time, 1040.5 real, 195.8 MB
[runlim] sample:		1050.4 time, 1050.5 real, 176.0 MB
[runlim] sample:		1060.4 time, 1060.5 real, 195.9 MB
[runlim] sample:		1070.4 time, 1070.5 real, 196.1 MB
[runlim] sample:		1080.4 time, 1080.5 real, 187.4 MB
[runlim] sample:		1090.4 time, 1090.5 real, 208.2 MB
[runlim] sample:		1100.4 time, 1100.5 real, 208.2 MB
[runlim] sample:		1110.4 time, 1110.5 real, 208.2 MB
[runlim] sample:		1120.4 time, 1120.5 real, 208.3 MB
[runlim] sample:		1130.4 time, 1130.5 real, 208.3 MB
[runlim] sample:		1140.4 time, 1140.5 real, 208.4 MB
[runlim] sample:		1150.4 time, 1150.5 real, 208.7 MB
[runlim] sample:		1160.4 time, 1160.5 real, 208.8 MB
[runlim] sample:		1170.4 time, 1170.5 real, 208.8 MB
[runlim] sample:		1180.4 time, 1180.5 real, 208.8 MB
[runlim] sample:		1190.4 time, 1190.5 real, 208.9 MB
[runlim] end:			Wed May 13 15:52:52 2020
[runlim] status:		out of time
[runlim] result:		2
[runlim] children:		1
[runlim] real:			1200.07 seconds
[runlim] time:			1200.01 seconds
[runlim] space:			217.1 MB
[runlim] samples:		11996
[runlim] version:		1.10
[runlim] time limit:		311040000 seconds
[runlim] real time limit:	1200 seconds
[runlim] space limit:		15000 MB
[runlim] argv[0]:		python3
[runlim] argv[1]:		/raid/steuber/Software/ablector/ablector
[runlim] argv[2]:		/raid/steuber/Benchmarks/2019/QF_BV/sage/app7/bench_5392.smt2
[runlim] argv[3]:		--ufReuse=1
[runlim] argv[4]:		--unsigned
[runlim] start:			Wed May 13 15:52:52 2020
[runlim] main pid:		20187
[Ablector] INFO: ABLECTOR TIME: 0.003620
[runlim] end:			Wed May 13 15:52:53 2020
[runlim] status:		ok
[runlim] result:		0
[runlim] children:		0
[runlim] real:			1.41 seconds
[runlim] time:			1.02 seconds
[runlim] space:			37.8 MB
[runlim] samples:		8
[runlim] version:		1.10
[runlim] time limit:		311040000 seconds
[runlim] real time limit:	1200 seconds
[runlim] space limit:		15000 MB
[runlim] argv[0]:		python3
[runlim] argv[1]:		/raid/steuber/Software/ablector/ablector
[runlim] argv[2]:		/raid/steuber/Benchmarks/2019/QF_BV/Sage2/bench_16329.smt2
[runlim] argv[3]:		--ufReuse=1
[runlim] argv[4]:		--unsigned
[runlim] start:			Wed May 13 15:52:53 2020
[runlim] main pid:		20207
[Ablector] INFO: *** ROUND 0
[MulNode] INFO: Level 0
[MulNode] INFO: Level 0
[MulNode] INFO: Level 0
[MulNode] INFO: Level 0
[MulNode] INFO: Level 0
[MulNode] INFO: Level 0
[MulNode] INFO: Level 0
[MulNode] INFO: Level 0
[MulNode] INFO: Level 0
[MulNode] INFO: Level 0
[MulNode] INFO: Level 0
[MulNode] INFO: Level 0
[MulNode] INFO: Level 0
[MulNode] INFO: Level 0
[MulNode] INFO: Level 0
[MulNode] INFO: Level 0
[MulNode] INFO: Level 0
[MulNode] INFO: Level 0
[MulNode] INFO: Level 0
[MulNode] INFO: Level 0
[MulNode] INFO: Level 0
[MulNode] INFO: Level 0
[MulNode] INFO: Level 0
[MulNode] INFO: Level 0
[MulNode] INFO: Level 0
[MulNode] INFO: Level 0
[MulNode] INFO: Level 0
[MulNode] INFO: Level 0
[MulNode] INFO: Level 0
[MulNode] INFO: Level 0
[MulNode] INFO: Level 0
[MulNode] INFO: Level 0
[MulNode] INFO: Level 0
[MulNode] INFO: Level 0
[MulNode] INFO: Level 0
[MulNode] INFO: Level 0
[MulNode] INFO: Level 0
[MulNode] INFO: Level 0
[MulNode] INFO: Level 0
[MulNode] INFO: Level 0
[MulNode] INFO: Level 0
[MulNode] INFO: Level 0
[MulNode] INFO: Level 0
[MulNode] INFO: Level 0
[MulNode] INFO: Level 0
[MulNode] INFO: Level 0
[MulNode] INFO: Level 0
[MulNode] INFO: Level 0
[MulNode] INFO: Level 0
[MulNode] INFO: Level 0
[MulNode] INFO: Level 0
[MulNode] INFO: Level 0
[MulNode] INFO: Level 0
[MulNode] INFO: Level 0
[MulNode] INFO: Level 0
[MulNode] INFO: Level 0
[MulNode] INFO: Level 0
[MulNode] INFO: Level 0
[MulNode] INFO: Level 0
[MulNode] INFO: Level 0
[MulNode] INFO: Level 0
[MulNode] INFO: Level 0
[MulNode] INFO: Level 0
[MulNode] INFO: Level 0
[MulNode] INFO: Level 0
[MulNode] INFO: Level 0
[MulNode] INFO: Level 0
[MulNode] INFO: Level 0
[MulNode] INFO: Level 0
[MulNode] INFO: Level 0
[MulNode] INFO: Level 0
[MulNode] INFO: Level 0
[MulNode] INFO: Level 0
[MulNode] INFO: Level 0
[MulNode] INFO: Level 0
[MulNode] INFO: Level 0
[MulNode] INFO: Level 0
[MulNode] INFO: Level 0
[MulNode] INFO: Level 0
[MulNode] INFO: Level 0
[MulNode] INFO: Level 0
[MulNode] INFO: Level 0
[MulNode] INFO: Level 0
[MulNode] INFO: Level 0
[MulNode] INFO: Level 0
[MulNode] INFO: Level 0
[MulNode] INFO: Level 0
[MulNode] INFO: Level 0
[MulNode] INFO: Level 0
[MulNode] INFO: Level 0
[MulNode] INFO: Level 0
[MulNode] INFO: Level 0
[MulNode] INFO: Level 0
[MulNode] INFO: Level 0
[MulNode] INFO: Level 0
[MulNode] INFO: Level 0
[MulNode] INFO: Level 0
[MulNode] INFO: Level 0
[MulNode] INFO: Level 0
[MulNode] INFO: Level 0
[MulNode] INFO: Level 0
[MulNode] INFO: Level 0
[MulNode] INFO: Level 0
[MulNode] INFO: Level 0
[MulNode] INFO: Level 0
[MulNode] INFO: Level 0
[MulNode] INFO: Level 0
[MulNode] INFO: Level 0
[MulNode] INFO: Level 0
[MulNode] INFO: Level 0
[MulNode] INFO: Level 0
[Ablector] INFO: ABLECTOR TIME: 2.253107
[Ablector] INFO: SAT TIME: 2.226202
[Ablector] INFO: REF TIME: 1.137301
[runlim] end:			Wed May 13 15:52:57 2020
[runlim] status:		ok
[runlim] result:		0
[runlim] children:		1
[runlim] real:			4.66 seconds
[runlim] time:			4.26 seconds
[runlim] space:			159.7 MB
[runlim] samples:		38
[runlim] version:		1.10
[runlim] time limit:		311040000 seconds
[runlim] real time limit:	1200 seconds
[runlim] space limit:		15000 MB
[runlim] argv[0]:		python3
[runlim] argv[1]:		/raid/steuber/Software/ablector/ablector
[runlim] argv[2]:		/raid/steuber/Benchmarks/2019/QF_BV/bmc-bv-svcomp14/gcd_3_true.c.17.smt2
[runlim] argv[3]:		--ufReuse=1
[runlim] argv[4]:		--unsigned
[runlim] start:			Wed May 13 15:52:58 2020
[runlim] main pid:		20227
[Ablector] INFO: *** ROUND 0
[Ablector] INFO: *** ROUND 1
[runlim] sample:		10.6 time, 10.0 real, 69.8 MB
[Ablector] INFO: *** ROUND 2
[runlim] sample:		20.6 time, 20.0 real, 74.5 MB
[UremNode] INFO: Level 1
[UremNode] INFO: Level 1
[UremNode] INFO: Level 1
[UremNode] INFO: Level 1
[UremNode] INFO: Level 1
[UremNode] INFO: Level 1
[UremNode] INFO: Level 1
[UremNode] INFO: Level 1
[UremNode] INFO: Level 1
[UremNode] INFO: Level 1
[UremNode] INFO: Level 1
[UremNode] INFO: Level 1
[UremNode] INFO: Level 1
[UremNode] INFO: Level 1
[UremNode] INFO: Level 1
[UremNode] INFO: Level 1
[Ablector] INFO: ABLECTOR TIME: 22.380010
[Ablector] INFO: SAT TIME: 22.374861
[Ablector] INFO: REF TIME: 0.002643
[runlim] end:			Wed May 13 15:53:21 2020
[runlim] status:		segmentation fault
[runlim] result:		4
[runlim] children:		0
[runlim] real:			23.36 seconds
[runlim] time:			23.47 seconds
[runlim] space:			74.6 MB
[runlim] samples:		233
[runlim] version:		1.10
[runlim] time limit:		311040000 seconds
[runlim] real time limit:	1200 seconds
[runlim] space limit:		15000 MB
[runlim] argv[0]:		python3
[runlim] argv[1]:		/raid/steuber/Software/ablector/ablector
[runlim] argv[2]:		/raid/steuber/Benchmarks/2019/QF_BV/sage/app9/bench_668.smt2
[runlim] argv[3]:		--ufReuse=1
[runlim] argv[4]:		--unsigned
[runlim] start:			Wed May 13 15:53:21 2020
[runlim] main pid:		20251
[Ablector] INFO: ABLECTOR TIME: 0.003825
[runlim] end:			Wed May 13 15:53:22 2020
[runlim] status:		ok
[runlim] result:		0
[runlim] children:		0
[runlim] real:			1.23 seconds
[runlim] time:			1.00 seconds
[runlim] space:			37.7 MB
[runlim] samples:		5
[runlim] version:		1.10
[runlim] time limit:		311040000 seconds
[runlim] real time limit:	1200 seconds
[runlim] space limit:		15000 MB
[runlim] argv[0]:		python3
[runlim] argv[1]:		/raid/steuber/Software/ablector/ablector
[runlim] argv[2]:		/raid/steuber/Benchmarks/2019/QF_BV/sage/app7/bench_8630.smt2
[runlim] argv[3]:		--ufReuse=1
[runlim] argv[4]:		--unsigned
[runlim] start:			Wed May 13 15:53:22 2020
[runlim] main pid:		20271
[Ablector] INFO: ABLECTOR TIME: 0.003804
[runlim] end:			Wed May 13 15:53:24 2020
[runlim] status:		ok
[runlim] result:		0
[runlim] children:		14
[runlim] real:			2.47 seconds
[runlim] time:			2.33 seconds
[runlim] space:			83.7 MB
[runlim] samples:		18
[runlim] version:		1.10
[runlim] time limit:		311040000 seconds
[runlim] real time limit:	1200 seconds
[runlim] space limit:		15000 MB
[runlim] argv[0]:		python3
[runlim] argv[1]:		/raid/steuber/Software/ablector/ablector
[runlim] argv[2]:		/raid/steuber/Benchmarks/2019/QF_BV/sage/app9/bench_2923.smt2
[runlim] argv[3]:		--ufReuse=1
[runlim] argv[4]:		--unsigned
[runlim] start:			Wed May 13 15:53:24 2020
[runlim] main pid:		20291
[Ablector] INFO: ABLECTOR TIME: 0.003276
[runlim] end:			Wed May 13 15:53:25 2020
[runlim] status:		ok
[runlim] result:		0
[runlim] children:		0
[runlim] real:			1.26 seconds
[runlim] time:			0.94 seconds
[runlim] space:			37.9 MB
[runlim] samples:		4
[runlim] version:		1.10
[runlim] time limit:		311040000 seconds
[runlim] real time limit:	1200 seconds
[runlim] space limit:		15000 MB
[runlim] argv[0]:		python3
[runlim] argv[1]:		/raid/steuber/Software/ablector/ablector
[runlim] argv[2]:		/raid/steuber/Benchmarks/2019/QF_BV/sage/app2/bench_798.smt2
[runlim] argv[3]:		--ufReuse=1
[runlim] argv[4]:		--unsigned
[runlim] start:			Wed May 13 15:53:25 2020
[runlim] main pid:		20311
[Ablector] INFO: ABLECTOR TIME: 0.003405
[runlim] end:			Wed May 13 15:53:26 2020
[runlim] status:		ok
[runlim] result:		0
[runlim] children:		0
[runlim] real:			1.18 seconds
[runlim] time:			0.98 seconds
[runlim] space:			37.6 MB
[runlim] samples:		5
[runlim] version:		1.10
[runlim] time limit:		311040000 seconds
[runlim] real time limit:	1200 seconds
[runlim] space limit:		15000 MB
[runlim] argv[0]:		python3
[runlim] argv[1]:		/raid/steuber/Software/ablector/ablector
[runlim] argv[2]:		/raid/steuber/Benchmarks/2019/QF_BV/Sage2/bench_16112.smt2
[runlim] argv[3]:		--ufReuse=1
[runlim] argv[4]:		--unsigned
[runlim] start:			Wed May 13 15:53:26 2020
[runlim] main pid:		20331
[Ablector] INFO: *** ROUND 0
[runlim] sample:		10.5 time, 10.5 real, 91.7 MB
[MulNode] INFO: Level 0
[MulNode] INFO: Level 0
[UdivNode] INFO: Level 0
[MulNode] INFO: Level 0
[UdivNode] INFO: Level 0
[MulNode] INFO: Level 0
[MulNode] INFO: Level 0
[MulNode] INFO: Level 0
[MulNode] INFO: Level 0
[MulNode] INFO: Level 0
[MulNode] INFO: Level 0
[MulNode] INFO: Level 0
[MulNode] INFO: Level 0
[MulNode] INFO: Level 0
[MulNode] INFO: Level 0
[MulNode] INFO: Level 0
[MulNode] INFO: Level 0
[MulNode] INFO: Level 0
[MulNode] INFO: Level 0
[MulNode] INFO: Level 0
[MulNode] INFO: Level 0
[MulNode] INFO: Level 0
[MulNode] INFO: Level 0
[MulNode] INFO: Level 0
[MulNode] INFO: Level 0
[MulNode] INFO: Level 0
[MulNode] INFO: Level 0
[MulNode] INFO: Level 0
[MulNode] INFO: Level 0
[MulNode] INFO: Level 0
[MulNode] INFO: Level 0
[MulNode] INFO: Level 0
[MulNode] INFO: Level 0
[MulNode] INFO: Level 0
[MulNode] INFO: Level 0
[Ablector] INFO: ABLECTOR TIME: 10.838497
[Ablector] INFO: SAT TIME: 10.827476
[Ablector] INFO: REF TIME: 0.297096
[runlim] end:			Wed May 13 15:53:38 2020
[runlim] status:		ok
[runlim] result:		0
[runlim] children:		1
[runlim] real:			12.31 seconds
[runlim] time:			12.19 seconds
[runlim] space:			96.7 MB
[runlim] samples:		117
[runlim] version:		1.10
[runlim] time limit:		311040000 seconds
[runlim] real time limit:	1200 seconds
[runlim] space limit:		15000 MB
[runlim] argv[0]:		python3
[runlim] argv[1]:		/raid/steuber/Software/ablector/ablector
[runlim] argv[2]:		/raid/steuber/Benchmarks/2019/QF_BV/sage/app7/bench_637.smt2
[runlim] argv[3]:		--ufReuse=1
[runlim] argv[4]:		--unsigned
[runlim] start:			Wed May 13 15:53:38 2020
[runlim] main pid:		20355
[Ablector] INFO: ABLECTOR TIME: 0.003673
[runlim] end:			Wed May 13 15:53:40 2020
[runlim] status:		ok
[runlim] result:		0
[runlim] children:		13
[runlim] real:			2.43 seconds
[runlim] time:			2.13 seconds
[runlim] space:			79.8 MB
[runlim] samples:		17
[runlim] version:		1.10
[runlim] time limit:		311040000 seconds
[runlim] real time limit:	1200 seconds
[runlim] space limit:		15000 MB
[runlim] argv[0]:		python3
[runlim] argv[1]:		/raid/steuber/Software/ablector/ablector
[runlim] argv[2]:		/raid/steuber/Benchmarks/2019/QF_BV/sage/app11/bench_87.smt2
[runlim] argv[3]:		--ufReuse=1
[runlim] argv[4]:		--unsigned
[runlim] start:			Wed May 13 15:53:40 2020
[runlim] main pid:		20375
[Ablector] INFO: ABLECTOR TIME: 0.003682
[runlim] end:			Wed May 13 15:53:41 2020
[runlim] status:		ok
[runlim] result:		0
[runlim] children:		6
[runlim] real:			1.78 seconds
[runlim] time:			1.39 seconds
[runlim] space:			66.0 MB
[runlim] samples:		9
[runlim] version:		1.10
[runlim] time limit:		311040000 seconds
[runlim] real time limit:	1200 seconds
[runlim] space limit:		15000 MB
[runlim] argv[0]:		python3
[runlim] argv[1]:		/raid/steuber/Software/ablector/ablector
[runlim] argv[2]:		/raid/steuber/Benchmarks/2019/QF_BV/sage/app7/bench_1245.smt2
[runlim] argv[3]:		--ufReuse=1
[runlim] argv[4]:		--unsigned
[runlim] start:			Wed May 13 15:53:42 2020
[runlim] main pid:		20395
[Ablector] INFO: ABLECTOR TIME: 0.003575
[runlim] end:			Wed May 13 15:53:43 2020
[runlim] status:		ok
[runlim] result:		0
[runlim] children:		7
[runlim] real:			1.27 seconds
[runlim] time:			1.54 seconds
[runlim] space:			70.1 MB
[runlim] samples:		11
[runlim] version:		1.10
[runlim] time limit:		311040000 seconds
[runlim] real time limit:	1200 seconds
[runlim] space limit:		15000 MB
[runlim] argv[0]:		python3
[runlim] argv[1]:		/raid/steuber/Software/ablector/ablector
[runlim] argv[2]:		/raid/steuber/Benchmarks/2019/QF_BV/Sage2/bench_6406.smt2
[runlim] argv[3]:		--ufReuse=1
[runlim] argv[4]:		--unsigned
[runlim] start:			Wed May 13 15:53:43 2020
[runlim] main pid:		20415
[Ablector] INFO: *** ROUND 0
[MulNode] INFO: Level 0
[Ablector] INFO: ABLECTOR TIME: 1.950065
[Ablector] INFO: SAT TIME: 1.943292
[Ablector] INFO: REF TIME: 0.011487
[runlim] end:			Wed May 13 15:53:46 2020
[runlim] status:		ok
[runlim] result:		0
[runlim] children:		1
[runlim] real:			3.32 seconds
[runlim] time:			3.11 seconds
[runlim] space:			70.0 MB
[runlim] samples:		26
[runlim] version:		1.10
[runlim] time limit:		311040000 seconds
[runlim] real time limit:	1200 seconds
[runlim] space limit:		15000 MB
[runlim] argv[0]:		python3
[runlim] argv[1]:		/raid/steuber/Software/ablector/ablector
[runlim] argv[2]:		/raid/steuber/Benchmarks/2019/QF_BV/sage/app8/bench_94.smt2
[runlim] argv[3]:		--ufReuse=1
[runlim] argv[4]:		--unsigned
[runlim] start:			Wed May 13 15:53:46 2020
[runlim] main pid:		20436
[Ablector] INFO: ABLECTOR TIME: 0.004112
[runlim] end:			Wed May 13 15:53:47 2020
[runlim] status:		ok
[runlim] result:		0
[runlim] children:		1
[runlim] real:			1.18 seconds
[runlim] time:			0.92 seconds
[runlim] space:			39.6 MB
[runlim] samples:		4
[runlim] version:		1.10
[runlim] time limit:		311040000 seconds
[runlim] real time limit:	1200 seconds
[runlim] space limit:		15000 MB
[runlim] argv[0]:		python3
[runlim] argv[1]:		/raid/steuber/Software/ablector/ablector
[runlim] argv[2]:		/raid/steuber/Benchmarks/2019/QF_BV/sage/app7/bench_363.smt2
[runlim] argv[3]:		--ufReuse=1
[runlim] argv[4]:		--unsigned
[runlim] start:			Wed May 13 15:53:47 2020
[runlim] main pid:		20456
[Ablector] INFO: ABLECTOR TIME: 0.003925
[runlim] end:			Wed May 13 15:53:49 2020
[runlim] status:		ok
[runlim] result:		0
[runlim] children:		13
[runlim] real:			2.33 seconds
[runlim] time:			2.25 seconds
[runlim] space:			81.6 MB
[runlim] samples:		17
[runlim] version:		1.10
[runlim] time limit:		311040000 seconds
[runlim] real time limit:	1200 seconds
[runlim] space limit:		15000 MB
[runlim] argv[0]:		python3
[runlim] argv[1]:		/raid/steuber/Software/ablector/ablector
[runlim] argv[2]:		/raid/steuber/Benchmarks/2019/QF_BV/20190311-bv-term-small-rw-Noetzli/bv-term-small-rw_183.smt2
[runlim] argv[3]:		--ufReuse=1
[runlim] argv[4]:		--unsigned
[runlim] start:			Wed May 13 15:53:49 2020
[runlim] main pid:		20476
[Ablector] INFO: *** ROUND 0
[MulNode] INFO: Level 0
[Ablector] INFO: ABLECTOR TIME: 0.054359
[Ablector] INFO: SAT TIME: 0.049540
[Ablector] INFO: REF TIME: 0.014654
[runlim] end:			Wed May 13 15:53:50 2020
[runlim] status:		ok
[runlim] result:		0
[runlim] children:		0
[runlim] real:			1.24 seconds
[runlim] time:			1.06 seconds
[runlim] space:			40.9 MB
[runlim] samples:		5
[runlim] version:		1.10
[runlim] time limit:		311040000 seconds
[runlim] real time limit:	1200 seconds
[runlim] space limit:		15000 MB
[runlim] argv[0]:		python3
[runlim] argv[1]:		/raid/steuber/Software/ablector/ablector
[runlim] argv[2]:		/raid/steuber/Benchmarks/2019/QF_BV/sage/app7/bench_5748.smt2
[runlim] argv[3]:		--ufReuse=1
[runlim] argv[4]:		--unsigned
[runlim] start:			Wed May 13 15:53:50 2020
[runlim] main pid:		20496
[Ablector] INFO: ABLECTOR TIME: 0.003730
[runlim] end:			Wed May 13 15:53:51 2020
[runlim] status:		ok
[runlim] result:		0
[runlim] children:		0
[runlim] real:			1.11 seconds
[runlim] time:			1.04 seconds
[runlim] space:			37.5 MB
[runlim] samples:		5
[runlim] version:		1.10
[runlim] time limit:		311040000 seconds
[runlim] real time limit:	1200 seconds
[runlim] space limit:		15000 MB
[runlim] argv[0]:		python3
[runlim] argv[1]:		/raid/steuber/Software/ablector/ablector
[runlim] argv[2]:		/raid/steuber/Benchmarks/2019/QF_BV/Sage2/bench_15348.smt2
[runlim] argv[3]:		--ufReuse=1
[runlim] argv[4]:		--unsigned
[runlim] start:			Wed May 13 15:53:51 2020
[runlim] main pid:		20516
[Ablector] INFO: *** ROUND 0
[MulNode] INFO: Level 0
[MulNode] INFO: Level 0
[MulNode] INFO: Level 0
[MulNode] INFO: Level 0
[MulNode] INFO: Level 0
[MulNode] INFO: Level 0
[MulNode] INFO: Level 0
[MulNode] INFO: Level 0
[MulNode] INFO: Level 0
[MulNode] INFO: Level 0
[MulNode] INFO: Level 0
[MulNode] INFO: Level 0
[MulNode] INFO: Level 0
[MulNode] INFO: Level 0
[MulNode] INFO: Level 0
[MulNode] INFO: Level 0
[MulNode] INFO: Level 0
[MulNode] INFO: Level 0
[MulNode] INFO: Level 0
[MulNode] INFO: Level 0
[Ablector] INFO: ABLECTOR TIME: 3.551564
[Ablector] INFO: SAT TIME: 3.543654
[Ablector] INFO: REF TIME: 0.187823
[runlim] end:			Wed May 13 15:53:55 2020
[runlim] status:		ok
[runlim] result:		0
[runlim] children:		0
[runlim] real:			4.59 seconds
[runlim] time:			4.63 seconds
[runlim] space:			66.3 MB
[runlim] samples:		41
[runlim] version:		1.10
[runlim] time limit:		311040000 seconds
[runlim] real time limit:	1200 seconds
[runlim] space limit:		15000 MB
[runlim] argv[0]:		python3
[runlim] argv[1]:		/raid/steuber/Software/ablector/ablector
[runlim] argv[2]:		/raid/steuber/Benchmarks/2019/QF_BV/Sage2/bench_11943.smt2
[runlim] argv[3]:		--ufReuse=1
[runlim] argv[4]:		--unsigned
[runlim] start:			Wed May 13 15:53:55 2020
[runlim] main pid:		20536
[Ablector] INFO: *** ROUND 0
[MulNode] INFO: Level 0
[MulNode] INFO: Level 0
[MulNode] INFO: Level 0
[MulNode] INFO: Level 0
[MulNode] INFO: Level 0
[MulNode] INFO: Level 0
[MulNode] INFO: Level 0
[MulNode] INFO: Level 0
[MulNode] INFO: Level 0
[MulNode] INFO: Level 0
[MulNode] INFO: Level 0
[MulNode] INFO: Level 0
[MulNode] INFO: Level 0
[MulNode] INFO: Level 0
[MulNode] INFO: Level 0
[MulNode] INFO: Level 0
[MulNode] INFO: Level 0
[MulNode] INFO: Level 0
[MulNode] INFO: Level 0
[MulNode] INFO: Level 0
[MulNode] INFO: Level 0
[MulNode] INFO: Level 0
[MulNode] INFO: Level 0
[MulNode] INFO: Level 0
[MulNode] INFO: Level 0
[MulNode] INFO: Level 0
[MulNode] INFO: Level 0
[MulNode] INFO: Level 0
[MulNode] INFO: Level 0
[MulNode] INFO: Level 0
[MulNode] INFO: Level 0
[MulNode] INFO: Level 0
[MulNode] INFO: Level 0
[MulNode] INFO: Level 0
[MulNode] INFO: Level 0
[MulNode] INFO: Level 0
[MulNode] INFO: Level 0
[MulNode] INFO: Level 0
[MulNode] INFO: Level 0
[MulNode] INFO: Level 0
[MulNode] INFO: Level 0
[MulNode] INFO: Level 0
[MulNode] INFO: Level 0
[MulNode] INFO: Level 0
[MulNode] INFO: Level 0
[MulNode] INFO: Level 0
[MulNode] INFO: Level 0
[MulNode] INFO: Level 0
[MulNode] INFO: Level 0
[MulNode] INFO: Level 0
[MulNode] INFO: Level 0
[Ablector] INFO: ABLECTOR TIME: 1.026709
[Ablector] INFO: SAT TIME: 1.012308
[Ablector] INFO: REF TIME: 0.512531
[runlim] end:			Wed May 13 15:53:58 2020
[runlim] status:		ok
[runlim] result:		0
[runlim] children:		1
[runlim] real:			3.23 seconds
[runlim] time:			2.65 seconds
[runlim] space:			93.3 MB
[runlim] samples:		22
[runlim] version:		1.10
[runlim] time limit:		311040000 seconds
[runlim] real time limit:	1200 seconds
[runlim] space limit:		15000 MB
[runlim] argv[0]:		python3
[runlim] argv[1]:		/raid/steuber/Software/ablector/ablector
[runlim] argv[2]:		/raid/steuber/Benchmarks/2019/QF_BV/sage/app1/bench_2317.smt2
[runlim] argv[3]:		--ufReuse=1
[runlim] argv[4]:		--unsigned
[runlim] start:			Wed May 13 15:53:58 2020
[runlim] main pid:		20556
[Ablector] INFO: ABLECTOR TIME: 0.003785
[runlim] end:			Wed May 13 15:53:59 2020
[runlim] status:		ok
[runlim] result:		0
[runlim] children:		1
[runlim] real:			1.16 seconds
[runlim] time:			0.95 seconds
[runlim] space:			37.6 MB
[runlim] samples:		5
[runlim] version:		1.10
[runlim] time limit:		311040000 seconds
[runlim] real time limit:	1200 seconds
[runlim] space limit:		15000 MB
[runlim] argv[0]:		python3
[runlim] argv[1]:		/raid/steuber/Software/ablector/ablector
[runlim] argv[2]:		/raid/steuber/Benchmarks/2019/QF_BV/Sage2/bench_9302.smt2
[runlim] argv[3]:		--ufReuse=1
[runlim] argv[4]:		--unsigned
[runlim] start:			Wed May 13 15:53:59 2020
[runlim] main pid:		20576
[Ablector] INFO: *** ROUND 0
[runlim] sample:		10.3 time, 10.5 real, 388.3 MB
[runlim] sample:		20.3 time, 20.5 real, 396.1 MB
[runlim] sample:		30.3 time, 30.5 real, 415.6 MB
[runlim] sample:		40.3 time, 40.5 real, 372.9 MB
[runlim] sample:		50.3 time, 50.5 real, 401.7 MB
[runlim] sample:		60.3 time, 60.5 real, 400.8 MB
[runlim] sample:		70.3 time, 70.5 real, 393.9 MB
[MulNode] INFO: Level 0
[MulNode] INFO: Level 0
[MulNode] INFO: Level 0
[MulNode] INFO: Level 0
[MulNode] INFO: Level 0
[MulNode] INFO: Level 0
[MulNode] INFO: Level 0
[MulNode] INFO: Level 0
[MulNode] INFO: Level 0
[MulNode] INFO: Level 0
[MulNode] INFO: Level 0
[MulNode] INFO: Level 0
[MulNode] INFO: Level 0
[MulNode] INFO: Level 0
[MulNode] INFO: Level 0
[MulNode] INFO: Level 0
[MulNode] INFO: Level 0
[MulNode] INFO: Level 0
[MulNode] INFO: Level 0
[MulNode] INFO: Level 0
[MulNode] INFO: Level 0
[MulNode] INFO: Level 0
[MulNode] INFO: Level 0
[MulNode] INFO: Level 0
[MulNode] INFO: Level 0
[MulNode] INFO: Level 0
[MulNode] INFO: Level 0
[MulNode] INFO: Level 0
[MulNode] INFO: Level 0
[MulNode] INFO: Level 0
[MulNode] INFO: Level 0
[MulNode] INFO: Level 0
[MulNode] INFO: Level 0
[MulNode] INFO: Level 0
[MulNode] INFO: Level 0
[MulNode] INFO: Level 0
[MulNode] INFO: Level 0
[MulNode] INFO: Level 0
[MulNode] INFO: Level 0
[MulNode] INFO: Level 0
[MulNode] INFO: Level 0
[MulNode] INFO: Level 0
[MulNode] INFO: Level 0
[MulNode] INFO: Level 0
[MulNode] INFO: Level 0
[MulNode] INFO: Level 0
[MulNode] INFO: Level 0
[MulNode] INFO: Level 0
[MulNode] INFO: Level 0
[MulNode] INFO: Level 0
[MulNode] INFO: Level 0
[MulNode] INFO: Level 0
[MulNode] INFO: Level 0
[MulNode] INFO: Level 0
[MulNode] INFO: Level 0
[MulNode] INFO: Level 0
[MulNode] INFO: Level 0
[MulNode] INFO: Level 0
[MulNode] INFO: Level 0
[MulNode] INFO: Level 0
[MulNode] INFO: Level 0
[MulNode] INFO: Level 0
[MulNode] INFO: Level 0
[MulNode] INFO: Level 0
[MulNode] INFO: Level 0
[MulNode] INFO: Level 0
[MulNode] INFO: Level 0
[MulNode] INFO: Level 0
[MulNode] INFO: Level 0
[MulNode] INFO: Level 0
[MulNode] INFO: Level 0
[MulNode] INFO: Level 0
[MulNode] INFO: Level 0
[MulNode] INFO: Level 0
[MulNode] INFO: Level 0
[MulNode] INFO: Level 0
[MulNode] INFO: Level 0
[MulNode] INFO: Level 0
[MulNode] INFO: Level 0
[MulNode] INFO: Level 0
[MulNode] INFO: Level 0
[MulNode] INFO: Level 0
[MulNode] INFO: Level 0
[MulNode] INFO: Level 0
[MulNode] INFO: Level 0
[MulNode] INFO: Level 0
[MulNode] INFO: Level 0
[MulNode] INFO: Level 0
[MulNode] INFO: Level 0
[MulNode] INFO: Level 0
[MulNode] INFO: Level 0
[MulNode] INFO: Level 0
[UdivNode] INFO: Level 0
[MulNode] INFO: Level 0
[MulNode] INFO: Level 0
[UdivNode] INFO: Level 0
[MulNode] INFO: Level 0
[MulNode] INFO: Level 0
[MulNode] INFO: Level 0
[MulNode] INFO: Level 0
[MulNode] INFO: Level 0
[MulNode] INFO: Level 0
[MulNode] INFO: Level 0
[MulNode] INFO: Level 0
[MulNode] INFO: Level 0
[MulNode] INFO: Level 0
[MulNode] INFO: Level 0
[UdivNode] INFO: Level 0
[UdivNode] INFO: Level 0
[MulNode] INFO: Level 0
[UdivNode] INFO: Level 0
[MulNode] INFO: Level 0
[MulNode] INFO: Level 0
[MulNode] INFO: Level 0
[MulNode] INFO: Level 0
[MulNode] INFO: Level 0
[MulNode] INFO: Level 0
[MulNode] INFO: Level 0
[MulNode] INFO: Level 0
[MulNode] INFO: Level 0
[MulNode] INFO: Level 0
[MulNode] INFO: Level 0
[MulNode] INFO: Level 0
[MulNode] INFO: Level 0
[MulNode] INFO: Level 0
[MulNode] INFO: Level 0
[MulNode] INFO: Level 0
[MulNode] INFO: Level 0
[MulNode] INFO: Level 0
[MulNode] INFO: Level 0
[MulNode] INFO: Level 0
[MulNode] INFO: Level 0
[MulNode] INFO: Level 0
[UdivNode] INFO: Level 0
[MulNode] INFO: Level 0
[UdivNode] INFO: Level 0
[MulNode] INFO: Level 0
[UdivNode] INFO: Level 0
[MulNode] INFO: Level 0
[UdivNode] INFO: Level 0
[MulNode] INFO: Level 0
[MulNode] INFO: Level 0
[MulNode] INFO: Level 0
[MulNode] INFO: Level 0
[MulNode] INFO: Level 0
[MulNode] INFO: Level 0
[MulNode] INFO: Level 0
[MulNode] INFO: Level 0
[MulNode] INFO: Level 0
[MulNode] INFO: Level 0
[MulNode] INFO: Level 0
[MulNode] INFO: Level 0
[UdivNode] INFO: Level 0
[MulNode] INFO: Level 0
[MulNode] INFO: Level 0
[MulNode] INFO: Level 0
[MulNode] INFO: Level 0
[MulNode] INFO: Level 0
[UdivNode] INFO: Level 0
[MulNode] INFO: Level 0
[MulNode] INFO: Level 0
[UdivNode] INFO: Level 0
[MulNode] INFO: Level 0
[MulNode] INFO: Level 0
[MulNode] INFO: Level 0
[MulNode] INFO: Level 0
[MulNode] INFO: Level 0
[MulNode] INFO: Level 0
[MulNode] INFO: Level 0
[MulNode] INFO: Level 0
[MulNode] INFO: Level 0
[MulNode] INFO: Level 0
[MulNode] INFO: Level 0
[MulNode] INFO: Level 0
[MulNode] INFO: Level 0
[MulNode] INFO: Level 0
[MulNode] INFO: Level 0
[MulNode] INFO: Level 0
[MulNode] INFO: Level 0
[MulNode] INFO: Level 0
[MulNode] INFO: Level 0
[MulNode] INFO: Level 0
[MulNode] INFO: Level 0
[MulNode] INFO: Level 0
[MulNode] INFO: Level 0
[MulNode] INFO: Level 0
[MulNode] INFO: Level 0
[MulNode] INFO: Level 0
[MulNode] INFO: Level 0
[MulNode] INFO: Level 0
[MulNode] INFO: Level 0
[MulNode] INFO: Level 0
[MulNode] INFO: Level 0
[MulNode] INFO: Level 0
[MulNode] INFO: Level 0
[MulNode] INFO: Level 0
[MulNode] INFO: Level 0
[MulNode] INFO: Level 0
[MulNode] INFO: Level 0
[MulNode] INFO: Level 0
[MulNode] INFO: Level 0
[MulNode] INFO: Level 0
[MulNode] INFO: Level 0
[MulNode] INFO: Level 0
[MulNode] INFO: Level 0
[MulNode] INFO: Level 0
[MulNode] INFO: Level 0
[MulNode] INFO: Level 0
[MulNode] INFO: Level 0
[MulNode] INFO: Level 0
[MulNode] INFO: Level 0
[MulNode] INFO: Level 0
[MulNode] INFO: Level 0
[MulNode] INFO: Level 0
[MulNode] INFO: Level 0
[MulNode] INFO: Level 0
[MulNode] INFO: Level 0
[MulNode] INFO: Level 0
[MulNode] INFO: Level 0
[MulNode] INFO: Level 0
[MulNode] INFO: Level 0
[MulNode] INFO: Level 0
[MulNode] INFO: Level 0
[MulNode] INFO: Level 0
[MulNode] INFO: Level 0
[MulNode] INFO: Level 0
[MulNode] INFO: Level 0
[MulNode] INFO: Level 0
[MulNode] INFO: Level 0
[MulNode] INFO: Level 0
[MulNode] INFO: Level 0
[MulNode] INFO: Level 0
[MulNode] INFO: Level 0
[MulNode] INFO: Level 0
[MulNode] INFO: Level 0
[Ablector] INFO: ABLECTOR TIME: 71.615634
[Ablector] INFO: SAT TIME: 71.561137
[Ablector] INFO: REF TIME: 2.130745
[runlim] end:			Wed May 13 15:55:14 2020
[runlim] status:		ok
[runlim] result:		0
[runlim] children:		2
[runlim] real:			75.62 seconds
[runlim] time:			75.43 seconds
[runlim] space:			462.3 MB
[runlim] samples:		751
[runlim] version:		1.10
[runlim] time limit:		311040000 seconds
[runlim] real time limit:	1200 seconds
[runlim] space limit:		15000 MB
[runlim] argv[0]:		python3
[runlim] argv[1]:		/raid/steuber/Software/ablector/ablector
[runlim] argv[2]:		/raid/steuber/Benchmarks/2019/QF_BV/sage/app7/bench_1659.smt2
[runlim] argv[3]:		--ufReuse=1
[runlim] argv[4]:		--unsigned
[runlim] start:			Wed May 13 15:55:15 2020
[runlim] main pid:		20611
[Ablector] INFO: ABLECTOR TIME: 0.004112
[runlim] end:			Wed May 13 15:55:16 2020
[runlim] status:		ok
[runlim] result:		0
[runlim] children:		5
[runlim] real:			1.42 seconds
[runlim] time:			1.41 seconds
[runlim] space:			61.7 MB
[runlim] samples:		12
[runlim] version:		1.10
[runlim] time limit:		311040000 seconds
[runlim] real time limit:	1200 seconds
[runlim] space limit:		15000 MB
[runlim] argv[0]:		python3
[runlim] argv[1]:		/raid/steuber/Software/ablector/ablector
[runlim] argv[2]:		/raid/steuber/Benchmarks/2019/QF_BV/Sage2/bench_11132.smt2
[runlim] argv[3]:		--ufReuse=1
[runlim] argv[4]:		--unsigned
[runlim] start:			Wed May 13 15:55:16 2020
[runlim] main pid:		20631
[Ablector] INFO: *** ROUND 0
[MulNode] INFO: Level 0
[MulNode] INFO: Level 0
[MulNode] INFO: Level 0
[MulNode] INFO: Level 0
[MulNode] INFO: Level 0
[MulNode] INFO: Level 0
[MulNode] INFO: Level 0
[MulNode] INFO: Level 0
[MulNode] INFO: Level 0
[MulNode] INFO: Level 0
[MulNode] INFO: Level 0
[MulNode] INFO: Level 0
[MulNode] INFO: Level 0
[MulNode] INFO: Level 0
[MulNode] INFO: Level 0
[MulNode] INFO: Level 0
[MulNode] INFO: Level 0
[MulNode] INFO: Level 0
[MulNode] INFO: Level 0
[MulNode] INFO: Level 0
[MulNode] INFO: Level 0
[MulNode] INFO: Level 0
[MulNode] INFO: Level 0
[MulNode] INFO: Level 0
[MulNode] INFO: Level 0
[MulNode] INFO: Level 0
[MulNode] INFO: Level 0
[MulNode] INFO: Level 0
[MulNode] INFO: Level 0
[MulNode] INFO: Level 0
[MulNode] INFO: Level 0
[MulNode] INFO: Level 0
[MulNode] INFO: Level 0
[MulNode] INFO: Level 0
[MulNode] INFO: Level 0
[MulNode] INFO: Level 0
[MulNode] INFO: Level 0
[MulNode] INFO: Level 0
[MulNode] INFO: Level 0
[MulNode] INFO: Level 0
[MulNode] INFO: Level 0
[MulNode] INFO: Level 0
[MulNode] INFO: Level 0
[MulNode] INFO: Level 0
[MulNode] INFO: Level 0
[MulNode] INFO: Level 0
[MulNode] INFO: Level 0
[MulNode] INFO: Level 0
[MulNode] INFO: Level 0
[MulNode] INFO: Level 0
[MulNode] INFO: Level 0
[MulNode] INFO: Level 0
[MulNode] INFO: Level 0
[MulNode] INFO: Level 0
[MulNode] INFO: Level 0
[MulNode] INFO: Level 0
[MulNode] INFO: Level 0
[MulNode] INFO: Level 0
[MulNode] INFO: Level 0
[MulNode] INFO: Level 0
[MulNode] INFO: Level 0
[MulNode] INFO: Level 0
[MulNode] INFO: Level 0
[MulNode] INFO: Level 0
[MulNode] INFO: Level 0
[MulNode] INFO: Level 0
[MulNode] INFO: Level 0
[MulNode] INFO: Level 0
[MulNode] INFO: Level 0
[MulNode] INFO: Level 0
[MulNode] INFO: Level 0
[MulNode] INFO: Level 0
[MulNode] INFO: Level 0
[MulNode] INFO: Level 0
[MulNode] INFO: Level 0
[MulNode] INFO: Level 0
[MulNode] INFO: Level 0
[MulNode] INFO: Level 0
[MulNode] INFO: Level 0
[MulNode] INFO: Level 0
[MulNode] INFO: Level 0
[Ablector] INFO: ABLECTOR TIME: 3.279669
[Ablector] INFO: SAT TIME: 3.260201
[Ablector] INFO: REF TIME: 0.763853
[runlim] end:			Wed May 13 15:55:20 2020
[runlim] status:		ok
[runlim] result:		0
[runlim] children:		1
[runlim] real:			4.99 seconds
[runlim] time:			4.71 seconds
[runlim] space:			110.9 MB
[runlim] samples:		42
[runlim] version:		1.10
[runlim] time limit:		311040000 seconds
[runlim] real time limit:	1200 seconds
[runlim] space limit:		15000 MB
[runlim] argv[0]:		python3
[runlim] argv[1]:		/raid/steuber/Software/ablector/ablector
[runlim] argv[2]:		/raid/steuber/Benchmarks/2019/QF_BV/sage/app7/bench_172.smt2
[runlim] argv[3]:		--ufReuse=1
[runlim] argv[4]:		--unsigned
[runlim] start:			Wed May 13 15:55:21 2020
[runlim] main pid:		20652
[Ablector] INFO: ABLECTOR TIME: 0.003935
[runlim] end:			Wed May 13 15:55:23 2020
[runlim] status:		ok
[runlim] result:		0
[runlim] children:		13
[runlim] real:			2.16 seconds
[runlim] time:			2.24 seconds
[runlim] space:			83.3 MB
[runlim] samples:		18
[runlim] version:		1.10
[runlim] time limit:		311040000 seconds
[runlim] real time limit:	1200 seconds
[runlim] space limit:		15000 MB
[runlim] argv[0]:		python3
[runlim] argv[1]:		/raid/steuber/Software/ablector/ablector
[runlim] argv[2]:		/raid/steuber/Benchmarks/2019/QF_BV/sage/app9/bench_2690.smt2
[runlim] argv[3]:		--ufReuse=1
[runlim] argv[4]:		--unsigned
[runlim] start:			Wed May 13 15:55:23 2020
[runlim] main pid:		20672
[Ablector] INFO: ABLECTOR TIME: 0.003747
[runlim] end:			Wed May 13 15:55:23 2020
[runlim] status:		ok
[runlim] result:		0
[runlim] children:		1
[runlim] real:			1.00 seconds
[runlim] time:			0.98 seconds
[runlim] space:			37.6 MB
[runlim] samples:		4
[runlim] version:		1.10
[runlim] time limit:		311040000 seconds
[runlim] real time limit:	1200 seconds
[runlim] space limit:		15000 MB
[runlim] argv[0]:		python3
[runlim] argv[1]:		/raid/steuber/Software/ablector/ablector
[runlim] argv[2]:		/raid/steuber/Benchmarks/2019/QF_BV/sage/app7/bench_5417.smt2
[runlim] argv[3]:		--ufReuse=1
[runlim] argv[4]:		--unsigned
[runlim] start:			Wed May 13 15:55:24 2020
[runlim] main pid:		20692
[Ablector] INFO: ABLECTOR TIME: 0.003849
[runlim] end:			Wed May 13 15:55:24 2020
[runlim] status:		ok
[runlim] result:		0
[runlim] children:		1
[runlim] real:			0.84 seconds
[runlim] time:			0.94 seconds
[runlim] space:			40.7 MB
[runlim] samples:		4
[runlim] version:		1.10
[runlim] time limit:		311040000 seconds
[runlim] real time limit:	1200 seconds
[runlim] space limit:		15000 MB
[runlim] argv[0]:		python3
[runlim] argv[1]:		/raid/steuber/Software/ablector/ablector
[runlim] argv[2]:		/raid/steuber/Benchmarks/2019/QF_BV/sage/app7/bench_1587.smt2
[runlim] argv[3]:		--ufReuse=1
[runlim] argv[4]:		--unsigned
[runlim] start:			Wed May 13 15:55:25 2020
[runlim] main pid:		20712
[Ablector] INFO: ABLECTOR TIME: 0.003801
[runlim] end:			Wed May 13 15:55:26 2020
[runlim] status:		ok
[runlim] result:		0
[runlim] children:		6
[runlim] real:			1.22 seconds
[runlim] time:			1.44 seconds
[runlim] space:			63.7 MB
[runlim] samples:		10
[runlim] version:		1.10
[runlim] time limit:		311040000 seconds
[runlim] real time limit:	1200 seconds
[runlim] space limit:		15000 MB
[runlim] argv[0]:		python3
[runlim] argv[1]:		/raid/steuber/Software/ablector/ablector
[runlim] argv[2]:		/raid/steuber/Benchmarks/2019/QF_BV/sage/app7/bench_1427.smt2
[runlim] argv[3]:		--ufReuse=1
[runlim] argv[4]:		--unsigned
[runlim] start:			Wed May 13 15:55:26 2020
[runlim] main pid:		20732
[Ablector] INFO: ABLECTOR TIME: 0.003966
[runlim] end:			Wed May 13 15:55:27 2020
[runlim] status:		ok
[runlim] result:		0
[runlim] children:		6
[runlim] real:			1.58 seconds
[runlim] time:			1.44 seconds
[runlim] space:			64.6 MB
[runlim] samples:		10
[runlim] version:		1.10
[runlim] time limit:		311040000 seconds
[runlim] real time limit:	1200 seconds
[runlim] space limit:		15000 MB
[runlim] argv[0]:		python3
[runlim] argv[1]:		/raid/steuber/Software/ablector/ablector
[runlim] argv[2]:		/raid/steuber/Benchmarks/2019/QF_BV/sage/app8/bench_776.smt2
[runlim] argv[3]:		--ufReuse=1
[runlim] argv[4]:		--unsigned
[runlim] start:			Wed May 13 15:55:27 2020
[runlim] main pid:		20752
[Ablector] INFO: ABLECTOR TIME: 0.003907
[runlim] end:			Wed May 13 15:55:28 2020
[runlim] status:		ok
[runlim] result:		0
[runlim] children:		0
[runlim] real:			1.38 seconds
[runlim] time:			0.96 seconds
[runlim] space:			37.9 MB
[runlim] samples:		4
[runlim] version:		1.10
[runlim] time limit:		311040000 seconds
[runlim] real time limit:	1200 seconds
[runlim] space limit:		15000 MB
[runlim] argv[0]:		python3
[runlim] argv[1]:		/raid/steuber/Software/ablector/ablector
[runlim] argv[2]:		/raid/steuber/Benchmarks/2019/QF_BV/sage/app10/bench_10.smt2
[runlim] argv[3]:		--ufReuse=1
[runlim] argv[4]:		--unsigned
[runlim] start:			Wed May 13 15:55:28 2020
[runlim] main pid:		20772
[Ablector] INFO: ABLECTOR TIME: 0.003786
[runlim] end:			Wed May 13 15:55:29 2020
[runlim] status:		ok
[runlim] result:		0
[runlim] children:		1
[runlim] real:			1.24 seconds
[runlim] time:			1.03 seconds
[runlim] space:			37.7 MB
[runlim] samples:		5
[runlim] version:		1.10
[runlim] time limit:		311040000 seconds
[runlim] real time limit:	1200 seconds
[runlim] space limit:		15000 MB
[runlim] argv[0]:		python3
[runlim] argv[1]:		/raid/steuber/Software/ablector/ablector
[runlim] argv[2]:		/raid/steuber/Benchmarks/2019/QF_BV/Sage2/bench_6115.smt2
[runlim] argv[3]:		--ufReuse=1
[runlim] argv[4]:		--unsigned
[runlim] start:			Wed May 13 15:55:29 2020
[runlim] main pid:		20793
[Ablector] INFO: ABLECTOR TIME: 0.003922
[runlim] end:			Wed May 13 15:55:30 2020
[runlim] status:		ok
[runlim] result:		0
[runlim] children:		0
[runlim] real:			1.09 seconds
[runlim] time:			0.98 seconds
[runlim] space:			37.0 MB
[runlim] samples:		4
[runlim] version:		1.10
[runlim] time limit:		311040000 seconds
[runlim] real time limit:	1200 seconds
[runlim] space limit:		15000 MB
[runlim] argv[0]:		python3
[runlim] argv[1]:		/raid/steuber/Software/ablector/ablector
[runlim] argv[2]:		/raid/steuber/Benchmarks/2019/QF_BV/Sage2/bench_111.smt2
[runlim] argv[3]:		--ufReuse=1
[runlim] argv[4]:		--unsigned
[runlim] start:			Wed May 13 15:55:30 2020
[runlim] main pid:		20813
[Ablector] INFO: *** ROUND 0
[MulNode] INFO: Level 0
[MulNode] INFO: Level 0
[MulNode] INFO: Level 0
[MulNode] INFO: Level 0
[MulNode] INFO: Level 0
[MulNode] INFO: Level 0
[MulNode] INFO: Level 0
[MulNode] INFO: Level 0
[Ablector] INFO: ABLECTOR TIME: 0.243846
[Ablector] INFO: SAT TIME: 0.237801
[Ablector] INFO: REF TIME: 0.075617
[runlim] end:			Wed May 13 15:55:31 2020
[runlim] status:		ok
[runlim] result:		0
[runlim] children:		0
[runlim] real:			1.39 seconds
[runlim] time:			1.43 seconds
[runlim] space:			46.1 MB
[runlim] samples:		9
[runlim] version:		1.10
[runlim] time limit:		311040000 seconds
[runlim] real time limit:	1200 seconds
[runlim] space limit:		15000 MB
[runlim] argv[0]:		python3
[runlim] argv[1]:		/raid/steuber/Software/ablector/ablector
[runlim] argv[2]:		/raid/steuber/Benchmarks/2019/QF_BV/sage/app7/bench_327.smt2
[runlim] argv[3]:		--ufReuse=1
[runlim] argv[4]:		--unsigned
[runlim] start:			Wed May 13 15:55:31 2020
[runlim] main pid:		20833
[Ablector] INFO: ABLECTOR TIME: 0.003990
[runlim] end:			Wed May 13 15:55:33 2020
[runlim] status:		ok
[runlim] result:		0
[runlim] children:		14
[runlim] real:			2.54 seconds
[runlim] time:			2.19 seconds
[runlim] space:			82.2 MB
[runlim] samples:		17
[runlim] version:		1.10
[runlim] time limit:		311040000 seconds
[runlim] real time limit:	1200 seconds
[runlim] space limit:		15000 MB
[runlim] argv[0]:		python3
[runlim] argv[1]:		/raid/steuber/Software/ablector/ablector
[runlim] argv[2]:		/raid/steuber/Benchmarks/2019/QF_BV/Sage2/bench_2383.smt2
[runlim] argv[3]:		--ufReuse=1
[runlim] argv[4]:		--unsigned
[runlim] start:			Wed May 13 15:55:33 2020
[runlim] main pid:		20853
[Ablector] INFO: *** ROUND 0
[runlim] sample:		10.5 time, 10.9 real, 72.6 MB
[MulNode] INFO: Level 0
[MulNode] INFO: Level 0
[MulNode] INFO: Level 0
[MulNode] INFO: Level 0
[MulNode] INFO: Level 0
[MulNode] INFO: Level 0
[MulNode] INFO: Level 0
[MulNode] INFO: Level 0
[MulNode] INFO: Level 0
[MulNode] INFO: Level 0
[MulNode] INFO: Level 0
[MulNode] INFO: Level 0
[MulNode] INFO: Level 0
[MulNode] INFO: Level 0
[MulNode] INFO: Level 0
[MulNode] INFO: Level 0
[MulNode] INFO: Level 0
[MulNode] INFO: Level 0
[MulNode] INFO: Level 0
[MulNode] INFO: Level 0
[MulNode] INFO: Level 0
[MulNode] INFO: Level 0
[MulNode] INFO: Level 0
[MulNode] INFO: Level 0
[MulNode] INFO: Level 0
[MulNode] INFO: Level 0
[MulNode] INFO: Level 0
[MulNode] INFO: Level 0
[MulNode] INFO: Level 0
[MulNode] INFO: Level 0
[MulNode] INFO: Level 0
[MulNode] INFO: Level 0
[MulNode] INFO: Level 0
[MulNode] INFO: Level 0
[MulNode] INFO: Level 0
[MulNode] INFO: Level 0
[MulNode] INFO: Level 0
[MulNode] INFO: Level 0
[MulNode] INFO: Level 0
[MulNode] INFO: Level 0
[MulNode] INFO: Level 0
[MulNode] INFO: Level 0
[MulNode] INFO: Level 0
[MulNode] INFO: Level 0
[Ablector] INFO: ABLECTOR TIME: 13.771667
[Ablector] INFO: SAT TIME: 13.759145
[Ablector] INFO: REF TIME: 0.426179
[runlim] end:			Wed May 13 15:55:48 2020
[runlim] status:		ok
[runlim] result:		0
[runlim] children:		0
[runlim] real:			15.28 seconds
[runlim] time:			14.85 seconds
[runlim] space:			80.1 MB
[runlim] samples:		143
[runlim] version:		1.10
[runlim] time limit:		311040000 seconds
[runlim] real time limit:	1200 seconds
[runlim] space limit:		15000 MB
[runlim] argv[0]:		python3
[runlim] argv[1]:		/raid/steuber/Software/ablector/ablector
[runlim] argv[2]:		/raid/steuber/Benchmarks/2019/QF_BV/Sage2/bench_17627.smt2
[runlim] argv[3]:		--ufReuse=1
[runlim] argv[4]:		--unsigned
[runlim] start:			Wed May 13 15:55:48 2020
[runlim] main pid:		20877
[Ablector] INFO: *** ROUND 0
[MulNode] INFO: Level 0
[Ablector] INFO: ABLECTOR TIME: 1.885854
[Ablector] INFO: SAT TIME: 1.879347
[Ablector] INFO: REF TIME: 0.010806
[runlim] end:			Wed May 13 15:55:51 2020
[runlim] status:		ok
[runlim] result:		0
[runlim] children:		1
[runlim] real:			3.24 seconds
[runlim] time:			3.12 seconds
[runlim] space:			68.4 MB
[runlim] samples:		26
[runlim] version:		1.10
[runlim] time limit:		311040000 seconds
[runlim] real time limit:	1200 seconds
[runlim] space limit:		15000 MB
[runlim] argv[0]:		python3
[runlim] argv[1]:		/raid/steuber/Software/ablector/ablector
[runlim] argv[2]:		/raid/steuber/Benchmarks/2019/QF_BV/sage/app8/bench_2747.smt2
[runlim] argv[3]:		--ufReuse=1
[runlim] argv[4]:		--unsigned
[runlim] start:			Wed May 13 15:55:51 2020
[runlim] main pid:		20897
[Ablector] INFO: ABLECTOR TIME: 0.003672
[runlim] end:			Wed May 13 15:55:52 2020
[runlim] status:		ok
[runlim] result:		0
[runlim] children:		0
[runlim] real:			1.10 seconds
[runlim] time:			1.04 seconds
[runlim] space:			37.8 MB
[runlim] samples:		5
[runlim] version:		1.10
[runlim] time limit:		311040000 seconds
[runlim] real time limit:	1200 seconds
[runlim] space limit:		15000 MB
[runlim] argv[0]:		python3
[runlim] argv[1]:		/raid/steuber/Software/ablector/ablector
[runlim] argv[2]:		/raid/steuber/Benchmarks/2019/QF_BV/Sage2/bench_9817.smt2
[runlim] argv[3]:		--ufReuse=1
[runlim] argv[4]:		--unsigned
[runlim] start:			Wed May 13 15:55:52 2020
[runlim] main pid:		20917
[Ablector] INFO: *** ROUND 0
[runlim] sample:		10.4 time, 10.4 real, 87.6 MB
[MulNode] INFO: Level 0
[MulNode] INFO: Level 0
[MulNode] INFO: Level 0
[MulNode] INFO: Level 0
[MulNode] INFO: Level 0
[MulNode] INFO: Level 0
[MulNode] INFO: Level 0
[MulNode] INFO: Level 0
[MulNode] INFO: Level 0
[MulNode] INFO: Level 0
[MulNode] INFO: Level 0
[MulNode] INFO: Level 0
[MulNode] INFO: Level 0
[MulNode] INFO: Level 0
[MulNode] INFO: Level 0
[MulNode] INFO: Level 0
[MulNode] INFO: Level 0
[MulNode] INFO: Level 0
[MulNode] INFO: Level 0
[MulNode] INFO: Level 0
[MulNode] INFO: Level 0
[MulNode] INFO: Level 0
[MulNode] INFO: Level 0
[MulNode] INFO: Level 0
[MulNode] INFO: Level 0
[MulNode] INFO: Level 0
[MulNode] INFO: Level 0
[MulNode] INFO: Level 0
[MulNode] INFO: Level 0
[MulNode] INFO: Level 0
[MulNode] INFO: Level 0
[MulNode] INFO: Level 0
[MulNode] INFO: Level 0
[MulNode] INFO: Level 0
[MulNode] INFO: Level 0
[MulNode] INFO: Level 0
[MulNode] INFO: Level 0
[MulNode] INFO: Level 0
[MulNode] INFO: Level 0
[MulNode] INFO: Level 0
[MulNode] INFO: Level 0
[MulNode] INFO: Level 0
[MulNode] INFO: Level 0
[MulNode] INFO: Level 0
[MulNode] INFO: Level 0
[MulNode] INFO: Level 0
[MulNode] INFO: Level 0
[MulNode] INFO: Level 0
[MulNode] INFO: Level 0
[MulNode] INFO: Level 0
[MulNode] INFO: Level 0
[MulNode] INFO: Level 0
[MulNode] INFO: Level 0
[MulNode] INFO: Level 0
[MulNode] INFO: Level 0
[MulNode] INFO: Level 0
[MulNode] INFO: Level 0
[Ablector] INFO: ABLECTOR TIME: 8.705172
[Ablector] INFO: SAT TIME: 8.690241
[Ablector] INFO: REF TIME: 0.506025
[runlim] end:			Wed May 13 15:56:03 2020
[runlim] status:		ok
[runlim] result:		0
[runlim] children:		1
[runlim] real:			11.03 seconds
[runlim] time:			10.88 seconds
[runlim] space:			95.8 MB
[runlim] samples:		105
[runlim] version:		1.10
[runlim] time limit:		311040000 seconds
[runlim] real time limit:	1200 seconds
[runlim] space limit:		15000 MB
[runlim] argv[0]:		python3
[runlim] argv[1]:		/raid/steuber/Software/ablector/ablector
[runlim] argv[2]:		/raid/steuber/Benchmarks/2019/QF_BV/sage/app7/bench_8619.smt2
[runlim] argv[3]:		--ufReuse=1
[runlim] argv[4]:		--unsigned
[runlim] start:			Wed May 13 15:56:03 2020
[runlim] main pid:		20938
[Ablector] INFO: ABLECTOR TIME: 0.003796
[runlim] end:			Wed May 13 15:56:05 2020
[runlim] status:		ok
[runlim] result:		0
[runlim] children:		13
[runlim] real:			2.23 seconds
[runlim] time:			2.22 seconds
[runlim] space:			83.7 MB
[runlim] samples:		18
[runlim] version:		1.10
[runlim] time limit:		311040000 seconds
[runlim] real time limit:	1200 seconds
[runlim] space limit:		15000 MB
[runlim] argv[0]:		python3
[runlim] argv[1]:		/raid/steuber/Software/ablector/ablector
[runlim] argv[2]:		/raid/steuber/Benchmarks/2019/QF_BV/sage/app8/bench_794.smt2
[runlim] argv[3]:		--ufReuse=1
[runlim] argv[4]:		--unsigned
[runlim] start:			Wed May 13 15:56:05 2020
[runlim] main pid:		20958
[Ablector] INFO: ABLECTOR TIME: 0.003534
[runlim] end:			Wed May 13 15:56:06 2020
[runlim] status:		ok
[runlim] result:		0
[runlim] children:		1
[runlim] real:			1.07 seconds
[runlim] time:			0.89 seconds
[runlim] space:			37.7 MB
[runlim] samples:		4
[runlim] version:		1.10
[runlim] time limit:		311040000 seconds
[runlim] real time limit:	1200 seconds
[runlim] space limit:		15000 MB
[runlim] argv[0]:		python3
[runlim] argv[1]:		/raid/steuber/Software/ablector/ablector
[runlim] argv[2]:		/raid/steuber/Benchmarks/2019/QF_BV/sage/app7/bench_1726.smt2
[runlim] argv[3]:		--ufReuse=1
[runlim] argv[4]:		--unsigned
[runlim] start:			Wed May 13 15:56:06 2020
[runlim] main pid:		20978
[Ablector] INFO: ABLECTOR TIME: 0.003945
[runlim] end:			Wed May 13 15:56:07 2020
[runlim] status:		ok
[runlim] result:		0
[runlim] children:		4
[runlim] real:			1.28 seconds
[runlim] time:			1.25 seconds
[runlim] space:			56.9 MB
[runlim] samples:		8
[runlim] version:		1.10
[runlim] time limit:		311040000 seconds
[runlim] real time limit:	1200 seconds
[runlim] space limit:		15000 MB
[runlim] argv[0]:		python3
[runlim] argv[1]:		/raid/steuber/Software/ablector/ablector
[runlim] argv[2]:		/raid/steuber/Benchmarks/2019/QF_BV/Sage2/bench_8194.smt2
[runlim] argv[3]:		--ufReuse=1
[runlim] argv[4]:		--unsigned
[runlim] start:			Wed May 13 15:56:07 2020
[runlim] main pid:		20998
[Ablector] INFO: *** ROUND 0
[MulNode] INFO: Level 0
[MulNode] INFO: Level 0
[MulNode] INFO: Level 0
[MulNode] INFO: Level 0
[MulNode] INFO: Level 0
[MulNode] INFO: Level 0
[MulNode] INFO: Level 0
[MulNode] INFO: Level 0
[MulNode] INFO: Level 0
[MulNode] INFO: Level 0
[MulNode] INFO: Level 0
[MulNode] INFO: Level 0
[MulNode] INFO: Level 0
[MulNode] INFO: Level 0
[MulNode] INFO: Level 0
[MulNode] INFO: Level 0
[MulNode] INFO: Level 0
[MulNode] INFO: Level 0
[MulNode] INFO: Level 0
[MulNode] INFO: Level 0
[MulNode] INFO: Level 0
[MulNode] INFO: Level 0
[MulNode] INFO: Level 0
[MulNode] INFO: Level 0
[MulNode] INFO: Level 0
[MulNode] INFO: Level 0
[MulNode] INFO: Level 0
[MulNode] INFO: Level 0
[MulNode] INFO: Level 0
[MulNode] INFO: Level 0
[MulNode] INFO: Level 0
[MulNode] INFO: Level 0
[MulNode] INFO: Level 0
[MulNode] INFO: Level 0
[MulNode] INFO: Level 0
[MulNode] INFO: Level 0
[MulNode] INFO: Level 0
[MulNode] INFO: Level 0
[MulNode] INFO: Level 0
[MulNode] INFO: Level 0
[MulNode] INFO: Level 0
[MulNode] INFO: Level 0
[MulNode] INFO: Level 0
[MulNode] INFO: Level 0
[MulNode] INFO: Level 0
[MulNode] INFO: Level 0
[MulNode] INFO: Level 0
[MulNode] INFO: Level 0
[MulNode] INFO: Level 0
[MulNode] INFO: Level 0
[MulNode] INFO: Level 0
[MulNode] INFO: Level 0
[MulNode] INFO: Level 0
[MulNode] INFO: Level 0
[MulNode] INFO: Level 0
[Ablector] INFO: ABLECTOR TIME: 3.499766
[Ablector] INFO: SAT TIME: 3.467918
[Ablector] INFO: REF TIME: 0.467453
[runlim] end:			Wed May 13 15:56:14 2020
[runlim] status:		ok
[runlim] result:		0
[runlim] children:		2
[runlim] real:			7.22 seconds
[runlim] time:			6.88 seconds
[runlim] space:			377.5 MB
[runlim] samples:		65
[runlim] version:		1.10
[runlim] time limit:		311040000 seconds
[runlim] real time limit:	1200 seconds
[runlim] space limit:		15000 MB
[runlim] argv[0]:		python3
[runlim] argv[1]:		/raid/steuber/Software/ablector/ablector
[runlim] argv[2]:		/raid/steuber/Benchmarks/2019/QF_BV/sage/app7/bench_5514.smt2
[runlim] argv[3]:		--ufReuse=1
[runlim] argv[4]:		--unsigned
[runlim] start:			Wed May 13 15:56:14 2020
[runlim] main pid:		21020
[Ablector] INFO: ABLECTOR TIME: 0.003894
[runlim] end:			Wed May 13 15:56:15 2020
[runlim] status:		ok
[runlim] result:		0
[runlim] children:		1
[runlim] real:			1.05 seconds
[runlim] time:			0.95 seconds
[runlim] space:			41.1 MB
[runlim] samples:		4
[runlim] version:		1.10
[runlim] time limit:		311040000 seconds
[runlim] real time limit:	1200 seconds
[runlim] space limit:		15000 MB
[runlim] argv[0]:		python3
[runlim] argv[1]:		/raid/steuber/Software/ablector/ablector
[runlim] argv[2]:		/raid/steuber/Benchmarks/2019/QF_BV/sage/app7/bench_1953.smt2
[runlim] argv[3]:		--ufReuse=1
[runlim] argv[4]:		--unsigned
[runlim] start:			Wed May 13 15:56:15 2020
[runlim] main pid:		21040
[Ablector] INFO: ABLECTOR TIME: 0.003941
[runlim] end:			Wed May 13 15:56:16 2020
[runlim] status:		ok
[runlim] result:		0
[runlim] children:		3
[runlim] real:			1.31 seconds
[runlim] time:			1.12 seconds
[runlim] space:			51.5 MB
[runlim] samples:		8
[runlim] version:		1.10
[runlim] time limit:		311040000 seconds
[runlim] real time limit:	1200 seconds
[runlim] space limit:		15000 MB
[runlim] argv[0]:		python3
[runlim] argv[1]:		/raid/steuber/Software/ablector/ablector
[runlim] argv[2]:		/raid/steuber/Benchmarks/2019/QF_BV/Sage2/bench_5653.smt2
[runlim] argv[3]:		--ufReuse=1
[runlim] argv[4]:		--unsigned
[runlim] start:			Wed May 13 15:56:16 2020
[runlim] main pid:		21061
[Ablector] INFO: *** ROUND 0
[runlim] sample:		10.6 time, 10.7 real, 55.1 MB
[runlim] sample:		20.6 time, 20.7 real, 59.3 MB
[runlim] sample:		30.6 time, 30.7 real, 59.2 MB
[runlim] sample:		40.5 time, 40.7 real, 63.3 MB
[runlim] sample:		50.5 time, 50.7 real, 63.5 MB
[runlim] sample:		60.6 time, 60.7 real, 63.7 MB
[runlim] sample:		70.6 time, 70.7 real, 70.6 MB
[runlim] sample:		80.6 time, 80.7 real, 68.2 MB
[runlim] sample:		90.5 time, 90.7 real, 68.9 MB
[runlim] sample:		100.6 time, 100.7 real, 69.2 MB
[runlim] sample:		110.6 time, 110.7 real, 70.0 MB
[runlim] sample:		120.5 time, 120.7 real, 68.7 MB
[runlim] sample:		130.6 time, 130.7 real, 70.8 MB
[runlim] sample:		140.6 time, 140.7 real, 69.1 MB
[runlim] sample:		150.6 time, 150.7 real, 71.7 MB
[runlim] sample:		160.6 time, 160.7 real, 78.5 MB
[runlim] sample:		170.6 time, 170.7 real, 79.5 MB
[runlim] sample:		180.6 time, 180.7 real, 79.7 MB
[runlim] sample:		190.6 time, 190.7 real, 80.3 MB
[runlim] sample:		200.5 time, 200.7 real, 80.0 MB
[runlim] sample:		210.6 time, 210.7 real, 80.3 MB
[runlim] sample:		220.5 time, 220.7 real, 80.5 MB
[runlim] sample:		230.6 time, 230.7 real, 80.6 MB
[runlim] sample:		240.5 time, 240.7 real, 81.6 MB
[runlim] sample:		250.5 time, 250.7 real, 81.1 MB
[runlim] sample:		260.5 time, 260.7 real, 81.7 MB
[runlim] sample:		270.5 time, 270.7 real, 81.8 MB
[runlim] sample:		280.5 time, 280.7 real, 84.4 MB
[runlim] sample:		290.5 time, 290.7 real, 86.2 MB
[runlim] sample:		300.5 time, 300.7 real, 86.7 MB
[runlim] sample:		310.5 time, 310.7 real, 86.9 MB
[runlim] sample:		320.5 time, 320.7 real, 86.5 MB
[runlim] sample:		330.5 time, 330.7 real, 87.0 MB
[runlim] sample:		340.5 time, 340.7 real, 87.0 MB
[runlim] sample:		350.5 time, 350.7 real, 87.4 MB
[runlim] sample:		360.5 time, 360.7 real, 87.6 MB
[runlim] sample:		370.5 time, 370.7 real, 87.7 MB
[runlim] sample:		380.5 time, 380.7 real, 88.2 MB
[runlim] sample:		390.5 time, 390.7 real, 88.2 MB
[runlim] sample:		400.5 time, 400.7 real, 88.0 MB
[runlim] sample:		410.5 time, 410.7 real, 88.1 MB
[runlim] sample:		420.5 time, 420.7 real, 88.0 MB
[runlim] sample:		430.5 time, 430.7 real, 89.1 MB
[runlim] sample:		440.5 time, 440.7 real, 89.4 MB
[runlim] sample:		450.5 time, 450.7 real, 89.5 MB
[runlim] sample:		460.5 time, 460.7 real, 89.2 MB
[runlim] sample:		470.5 time, 470.7 real, 89.2 MB
[runlim] sample:		480.5 time, 480.7 real, 85.6 MB
[runlim] sample:		490.5 time, 490.7 real, 90.3 MB
[runlim] sample:		500.5 time, 500.7 real, 91.1 MB
[runlim] sample:		510.5 time, 510.7 real, 91.3 MB
[runlim] sample:		520.5 time, 520.7 real, 90.9 MB
[runlim] sample:		530.5 time, 530.7 real, 91.6 MB
[runlim] sample:		540.5 time, 540.7 real, 91.7 MB
[runlim] sample:		550.5 time, 550.7 real, 91.3 MB
[runlim] sample:		560.5 time, 560.7 real, 91.7 MB
[runlim] sample:		570.5 time, 570.7 real, 91.4 MB
[runlim] sample:		580.5 time, 580.7 real, 92.3 MB
[runlim] sample:		590.5 time, 590.7 real, 91.5 MB
[runlim] sample:		600.5 time, 600.7 real, 99.7 MB
[runlim] sample:		610.5 time, 610.7 real, 100.0 MB
[runlim] sample:		620.5 time, 620.7 real, 92.3 MB
[runlim] sample:		630.5 time, 630.7 real, 93.0 MB
[runlim] sample:		640.5 time, 640.7 real, 92.0 MB
[runlim] sample:		650.5 time, 650.7 real, 92.7 MB
[runlim] sample:		660.5 time, 660.7 real, 101.3 MB
[runlim] sample:		670.5 time, 670.7 real, 101.7 MB
[runlim] sample:		680.5 time, 680.7 real, 93.9 MB
[runlim] sample:		690.5 time, 690.7 real, 94.1 MB
[runlim] sample:		700.5 time, 700.7 real, 93.3 MB
[runlim] sample:		710.5 time, 710.7 real, 93.5 MB
[runlim] sample:		720.5 time, 720.7 real, 94.1 MB
[runlim] sample:		730.5 time, 730.7 real, 94.2 MB
[runlim] sample:		740.5 time, 740.7 real, 94.8 MB
[runlim] sample:		750.5 time, 750.7 real, 93.7 MB
[runlim] sample:		760.5 time, 760.7 real, 102.2 MB
[runlim] sample:		770.5 time, 770.7 real, 94.3 MB
[runlim] sample:		780.5 time, 780.7 real, 102.4 MB
[runlim] sample:		790.5 time, 790.7 real, 103.1 MB
[runlim] sample:		800.5 time, 800.7 real, 95.1 MB
[runlim] sample:		810.5 time, 810.7 real, 95.1 MB
[runlim] sample:		820.5 time, 820.7 real, 94.0 MB
[runlim] sample:		830.5 time, 830.7 real, 95.3 MB
[runlim] sample:		840.5 time, 840.7 real, 95.3 MB
[runlim] sample:		850.5 time, 850.7 real, 104.2 MB
[runlim] sample:		860.5 time, 860.7 real, 98.1 MB
[runlim] sample:		870.5 time, 870.7 real, 103.3 MB
[runlim] sample:		880.5 time, 880.7 real, 95.2 MB
[runlim] sample:		890.5 time, 890.7 real, 95.9 MB
[runlim] sample:		900.5 time, 900.7 real, 96.3 MB
[runlim] sample:		910.5 time, 910.7 real, 96.4 MB
[runlim] sample:		920.5 time, 920.7 real, 96.8 MB
[runlim] sample:		930.5 time, 930.7 real, 106.6 MB
[runlim] sample:		940.5 time, 940.7 real, 96.7 MB
[runlim] sample:		950.5 time, 950.7 real, 106.8 MB
[runlim] sample:		960.5 time, 960.7 real, 98.7 MB
[runlim] sample:		970.5 time, 970.7 real, 99.0 MB
[runlim] sample:		980.5 time, 980.7 real, 98.9 MB
[runlim] sample:		990.5 time, 990.7 real, 99.0 MB
[runlim] sample:		1000.5 time, 1000.7 real, 98.9 MB
[runlim] sample:		1010.5 time, 1010.7 real, 98.5 MB
[runlim] sample:		1020.5 time, 1020.7 real, 98.7 MB
[runlim] sample:		1030.5 time, 1030.7 real, 98.5 MB
[runlim] sample:		1040.5 time, 1040.7 real, 98.3 MB
[runlim] sample:		1050.5 time, 1050.7 real, 99.6 MB
[runlim] sample:		1060.5 time, 1060.7 real, 99.6 MB
[runlim] sample:		1070.5 time, 1070.7 real, 108.8 MB
[runlim] sample:		1080.5 time, 1080.7 real, 107.8 MB
[runlim] sample:		1090.5 time, 1090.7 real, 108.5 MB
[runlim] sample:		1100.5 time, 1100.7 real, 99.3 MB
[runlim] sample:		1110.5 time, 1110.7 real, 99.3 MB
[runlim] sample:		1120.5 time, 1120.7 real, 98.9 MB
[runlim] sample:		1130.5 time, 1130.7 real, 100.2 MB
[runlim] sample:		1140.5 time, 1140.7 real, 100.0 MB
[runlim] sample:		1150.5 time, 1150.7 real, 109.2 MB
[runlim] sample:		1160.5 time, 1160.7 real, 108.4 MB
[runlim] sample:		1170.5 time, 1170.7 real, 108.7 MB
[runlim] sample:		1180.5 time, 1180.7 real, 99.5 MB
[runlim] sample:		1190.5 time, 1190.7 real, 108.8 MB
[runlim] end:			Wed May 13 16:16:16 2020
[runlim] status:		out of time
[runlim] result:		2
[runlim] children:		0
[runlim] real:			1200.09 seconds
[runlim] time:			1199.90 seconds
[runlim] space:			114.2 MB
[runlim] samples:		11994
[runlim] version:		1.10
[runlim] time limit:		311040000 seconds
[runlim] real time limit:	1200 seconds
[runlim] space limit:		15000 MB
[runlim] argv[0]:		python3
[runlim] argv[1]:		/raid/steuber/Software/ablector/ablector
[runlim] argv[2]:		/raid/steuber/Benchmarks/2019/QF_BV/sage/app7/bench_5640.smt2
[runlim] argv[3]:		--ufReuse=1
[runlim] argv[4]:		--unsigned
[runlim] start:			Wed May 13 16:16:16 2020
[runlim] main pid:		22572
[Ablector] INFO: ABLECTOR TIME: 0.003809
[runlim] end:			Wed May 13 16:16:17 2020
[runlim] status:		ok
[runlim] result:		0
[runlim] children:		0
[runlim] real:			1.39 seconds
[runlim] time:			0.99 seconds
[runlim] space:			38.0 MB
[runlim] samples:		7
[runlim] version:		1.10
[runlim] time limit:		311040000 seconds
[runlim] real time limit:	1200 seconds
[runlim] space limit:		15000 MB
[runlim] argv[0]:		python3
[runlim] argv[1]:		/raid/steuber/Software/ablector/ablector
[runlim] argv[2]:		/raid/steuber/Benchmarks/2019/QF_BV/sage/app7/bench_6337.smt2
[runlim] argv[3]:		--ufReuse=1
[runlim] argv[4]:		--unsigned
[runlim] start:			Wed May 13 16:16:17 2020
[runlim] main pid:		22592
[Ablector] INFO: ABLECTOR TIME: 0.003789
[runlim] end:			Wed May 13 16:16:18 2020
[runlim] status:		ok
[runlim] result:		0
[runlim] children:		0
[runlim] real:			1.20 seconds
[runlim] time:			0.95 seconds
[runlim] space:			37.5 MB
[runlim] samples:		4
[runlim] version:		1.10
[runlim] time limit:		311040000 seconds
[runlim] real time limit:	1200 seconds
[runlim] space limit:		15000 MB
[runlim] argv[0]:		python3
[runlim] argv[1]:		/raid/steuber/Software/ablector/ablector
[runlim] argv[2]:		/raid/steuber/Benchmarks/2019/QF_BV/sage/app7/bench_5193.smt2
[runlim] argv[3]:		--ufReuse=1
[runlim] argv[4]:		--unsigned
[runlim] start:			Wed May 13 16:16:18 2020
[runlim] main pid:		22612
[Ablector] INFO: ABLECTOR TIME: 0.004051
[runlim] end:			Wed May 13 16:16:19 2020
[runlim] status:		ok
[runlim] result:		0
[runlim] children:		0
[runlim] real:			1.10 seconds
[runlim] time:			0.98 seconds
[runlim] space:			37.7 MB
[runlim] samples:		5
[runlim] version:		1.10
[runlim] time limit:		311040000 seconds
[runlim] real time limit:	1200 seconds
[runlim] space limit:		15000 MB
[runlim] argv[0]:		python3
[runlim] argv[1]:		/raid/steuber/Software/ablector/ablector
[runlim] argv[2]:		/raid/steuber/Benchmarks/2019/QF_BV/20190311-bv-term-small-rw-Noetzli/bv-term-small-rw_1211.smt2
[runlim] argv[3]:		--ufReuse=1
[runlim] argv[4]:		--unsigned
[runlim] start:			Wed May 13 16:16:19 2020
[runlim] main pid:		22632
[Ablector] INFO: ABLECTOR TIME: 0.003843
[runlim] end:			Wed May 13 16:16:19 2020
[runlim] status:		ok
[runlim] result:		0
[runlim] children:		0
[runlim] real:			0.93 seconds
[runlim] time:			0.96 seconds
[runlim] space:			37.0 MB
[runlim] samples:		4
[runlim] version:		1.10
[runlim] time limit:		311040000 seconds
[runlim] real time limit:	1200 seconds
[runlim] space limit:		15000 MB
[runlim] argv[0]:		python3
[runlim] argv[1]:		/raid/steuber/Software/ablector/ablector
[runlim] argv[2]:		/raid/steuber/Benchmarks/2019/QF_BV/sage/app7/bench_946.smt2
[runlim] argv[3]:		--ufReuse=1
[runlim] argv[4]:		--unsigned
[runlim] start:			Wed May 13 16:16:20 2020
[runlim] main pid:		22652
[Ablector] INFO: ABLECTOR TIME: 0.003966
[runlim] end:			Wed May 13 16:16:21 2020
[runlim] status:		ok
[runlim] result:		0
[runlim] children:		10
[runlim] real:			1.80 seconds
[runlim] time:			1.92 seconds
[runlim] space:			74.3 MB
[runlim] samples:		15
[runlim] version:		1.10
[runlim] time limit:		311040000 seconds
[runlim] real time limit:	1200 seconds
[runlim] space limit:		15000 MB
[runlim] argv[0]:		python3
[runlim] argv[1]:		/raid/steuber/Software/ablector/ablector
[runlim] argv[2]:		/raid/steuber/Benchmarks/2019/QF_BV/sage/app7/bench_2075.smt2
[runlim] argv[3]:		--ufReuse=1
[runlim] argv[4]:		--unsigned
[runlim] start:			Wed May 13 16:16:22 2020
[runlim] main pid:		22672
[Ablector] INFO: ABLECTOR TIME: 0.003982
[runlim] end:			Wed May 13 16:16:22 2020
[runlim] status:		ok
[runlim] result:		0
[runlim] children:		3
[runlim] real:			0.90 seconds
[runlim] time:			1.13 seconds
[runlim] space:			50.4 MB
[runlim] samples:		7
[runlim] version:		1.10
[runlim] time limit:		311040000 seconds
[runlim] real time limit:	1200 seconds
[runlim] space limit:		15000 MB
[runlim] argv[0]:		python3
[runlim] argv[1]:		/raid/steuber/Software/ablector/ablector
[runlim] argv[2]:		/raid/steuber/Benchmarks/2019/QF_BV/sage/app7/bench_5355.smt2
[runlim] argv[3]:		--ufReuse=1
[runlim] argv[4]:		--unsigned
[runlim] start:			Wed May 13 16:16:23 2020
[runlim] main pid:		22692
[Ablector] INFO: ABLECTOR TIME: 0.003859
[runlim] end:			Wed May 13 16:16:23 2020
[runlim] status:		ok
[runlim] result:		0
[runlim] children:		1
[runlim] real:			0.74 seconds
[runlim] time:			0.94 seconds
[runlim] space:			40.8 MB
[runlim] samples:		4
[runlim] version:		1.10
[runlim] time limit:		311040000 seconds
[runlim] real time limit:	1200 seconds
[runlim] space limit:		15000 MB
[runlim] argv[0]:		python3
[runlim] argv[1]:		/raid/steuber/Software/ablector/ablector
[runlim] argv[2]:		/raid/steuber/Benchmarks/2019/QF_BV/Sage2/bench_11135.smt2
[runlim] argv[3]:		--ufReuse=1
[runlim] argv[4]:		--unsigned
[runlim] start:			Wed May 13 16:16:24 2020
[runlim] main pid:		22712
[Ablector] INFO: *** ROUND 0
[MulNode] INFO: Level 0
[Ablector] INFO: ABLECTOR TIME: 0.379443
[Ablector] INFO: SAT TIME: 0.374272
[Ablector] INFO: REF TIME: 0.010492
[runlim] end:			Wed May 13 16:16:24 2020
[runlim] status:		ok
[runlim] result:		0
[runlim] children:		0
[runlim] real:			0.99 seconds
[runlim] time:			1.45 seconds
[runlim] space:			44.1 MB
[runlim] samples:		9
[runlim] version:		1.10
[runlim] time limit:		311040000 seconds
[runlim] real time limit:	1200 seconds
[runlim] space limit:		15000 MB
[runlim] argv[0]:		python3
[runlim] argv[1]:		/raid/steuber/Software/ablector/ablector
[runlim] argv[2]:		/raid/steuber/Benchmarks/2019/QF_BV/sage/app7/bench_8302.smt2
[runlim] argv[3]:		--ufReuse=1
[runlim] argv[4]:		--unsigned
[runlim] start:			Wed May 13 16:16:25 2020
[runlim] main pid:		22732
[Ablector] INFO: ABLECTOR TIME: 0.004033
[runlim] end:			Wed May 13 16:16:27 2020
[runlim] status:		ok
[runlim] result:		0
[runlim] children:		14
[runlim] real:			2.26 seconds
[runlim] time:			2.26 seconds
[runlim] space:			83.6 MB
[runlim] samples:		19
[runlim] version:		1.10
[runlim] time limit:		311040000 seconds
[runlim] real time limit:	1200 seconds
[runlim] space limit:		15000 MB
[runlim] argv[0]:		python3
[runlim] argv[1]:		/raid/steuber/Software/ablector/ablector
[runlim] argv[2]:		/raid/steuber/Benchmarks/2019/QF_BV/sage/app12/bench_267.smt2
[runlim] argv[3]:		--ufReuse=1
[runlim] argv[4]:		--unsigned
[runlim] start:			Wed May 13 16:16:27 2020
[runlim] main pid:		22752
[Ablector] INFO: ABLECTOR TIME: 0.003735
[runlim] end:			Wed May 13 16:16:28 2020
[runlim] status:		ok
[runlim] result:		0
[runlim] children:		0
[runlim] real:			1.10 seconds
[runlim] time:			0.98 seconds
[runlim] space:			37.6 MB
[runlim] samples:		4
[runlim] version:		1.10
[runlim] time limit:		311040000 seconds
[runlim] real time limit:	1200 seconds
[runlim] space limit:		15000 MB
[runlim] argv[0]:		python3
[runlim] argv[1]:		/raid/steuber/Software/ablector/ablector
[runlim] argv[2]:		/raid/steuber/Benchmarks/2019/QF_BV/sage/app7/bench_4491.smt2
[runlim] argv[3]:		--ufReuse=1
[runlim] argv[4]:		--unsigned
[runlim] start:			Wed May 13 16:16:28 2020
[runlim] main pid:		22772
[Ablector] INFO: ABLECTOR TIME: 0.003884
[runlim] end:			Wed May 13 16:16:29 2020
[runlim] status:		ok
[runlim] result:		0
[runlim] children:		2
[runlim] real:			1.04 seconds
[runlim] time:			1.05 seconds
[runlim] space:			45.7 MB
[runlim] samples:		5
[runlim] version:		1.10
[runlim] time limit:		311040000 seconds
[runlim] real time limit:	1200 seconds
[runlim] space limit:		15000 MB
[runlim] argv[0]:		python3
[runlim] argv[1]:		/raid/steuber/Software/ablector/ablector
[runlim] argv[2]:		/raid/steuber/Benchmarks/2019/QF_BV/sage/app7/bench_8574.smt2
[runlim] argv[3]:		--ufReuse=1
[runlim] argv[4]:		--unsigned
[runlim] start:			Wed May 13 16:16:29 2020
[runlim] main pid:		22792
[Ablector] INFO: ABLECTOR TIME: 0.003925
[runlim] end:			Wed May 13 16:16:31 2020
[runlim] status:		ok
[runlim] result:		0
[runlim] children:		14
[runlim] real:			2.19 seconds
[runlim] time:			2.20 seconds
[runlim] space:			83.2 MB
[runlim] samples:		17
[runlim] version:		1.10
[runlim] time limit:		311040000 seconds
[runlim] real time limit:	1200 seconds
[runlim] space limit:		15000 MB
[runlim] argv[0]:		python3
[runlim] argv[1]:		/raid/steuber/Software/ablector/ablector
[runlim] argv[2]:		/raid/steuber/Benchmarks/2019/QF_BV/sage/app7/bench_1622.smt2
[runlim] argv[3]:		--ufReuse=1
[runlim] argv[4]:		--unsigned
[runlim] start:			Wed May 13 16:16:31 2020
[runlim] main pid:		22812
[Ablector] INFO: ABLECTOR TIME: 0.003749
[runlim] end:			Wed May 13 16:16:32 2020
[runlim] status:		ok
[runlim] result:		0
[runlim] children:		5
[runlim] real:			1.56 seconds
[runlim] time:			1.43 seconds
[runlim] space:			63.0 MB
[runlim] samples:		10
[runlim] version:		1.10
[runlim] time limit:		311040000 seconds
[runlim] real time limit:	1200 seconds
[runlim] space limit:		15000 MB
[runlim] argv[0]:		python3
[runlim] argv[1]:		/raid/steuber/Software/ablector/ablector
[runlim] argv[2]:		/raid/steuber/Benchmarks/2019/QF_BV/sage/app8/bench_350.smt2
[runlim] argv[3]:		--ufReuse=1
[runlim] argv[4]:		--unsigned
[runlim] start:			Wed May 13 16:16:32 2020
[runlim] main pid:		22833
[Ablector] INFO: ABLECTOR TIME: 0.003605
[runlim] end:			Wed May 13 16:16:33 2020
[runlim] status:		ok
[runlim] result:		0
[runlim] children:		0
[runlim] real:			1.41 seconds
[runlim] time:			1.04 seconds
[runlim] space:			37.6 MB
[runlim] samples:		5
[runlim] version:		1.10
[runlim] time limit:		311040000 seconds
[runlim] real time limit:	1200 seconds
[runlim] space limit:		15000 MB
[runlim] argv[0]:		python3
[runlim] argv[1]:		/raid/steuber/Software/ablector/ablector
[runlim] argv[2]:		/raid/steuber/Benchmarks/2019/QF_BV/sage/app7/bench_6086.smt2
[runlim] argv[3]:		--ufReuse=1
[runlim] argv[4]:		--unsigned
[runlim] start:			Wed May 13 16:16:33 2020
[runlim] main pid:		22853
[Ablector] INFO: ABLECTOR TIME: 0.003689
[runlim] end:			Wed May 13 16:16:34 2020
[runlim] status:		ok
[runlim] result:		0
[runlim] children:		0
[runlim] real:			1.26 seconds
[runlim] time:			0.97 seconds
[runlim] space:			37.3 MB
[runlim] samples:		4
[runlim] version:		1.10
[runlim] time limit:		311040000 seconds
[runlim] real time limit:	1200 seconds
[runlim] space limit:		15000 MB
[runlim] argv[0]:		python3
[runlim] argv[1]:		/raid/steuber/Software/ablector/ablector
[runlim] argv[2]:		/raid/steuber/Benchmarks/2019/QF_BV/sage/app1/bench_2415.smt2
[runlim] argv[3]:		--ufReuse=1
[runlim] argv[4]:		--unsigned
[runlim] start:			Wed May 13 16:16:34 2020
[runlim] main pid:		22873
[Ablector] INFO: ABLECTOR TIME: 0.003576
[runlim] end:			Wed May 13 16:16:35 2020
[runlim] status:		ok
[runlim] result:		0
[runlim] children:		1
[runlim] real:			1.10 seconds
[runlim] time:			0.96 seconds
[runlim] space:			37.7 MB
[runlim] samples:		4
[runlim] version:		1.10
[runlim] time limit:		311040000 seconds
[runlim] real time limit:	1200 seconds
[runlim] space limit:		15000 MB
[runlim] argv[0]:		python3
[runlim] argv[1]:		/raid/steuber/Software/ablector/ablector
[runlim] argv[2]:		/raid/steuber/Benchmarks/2019/QF_BV/Sage2/bench_8982.smt2
[runlim] argv[3]:		--ufReuse=1
[runlim] argv[4]:		--unsigned
[runlim] start:			Wed May 13 16:16:35 2020
[runlim] main pid:		22893
[Ablector] INFO: *** ROUND 0
[MulNode] INFO: Level 0
[Ablector] INFO: ABLECTOR TIME: 0.597509
[Ablector] INFO: SAT TIME: 0.592637
[Ablector] INFO: REF TIME: 0.010759
[runlim] end:			Wed May 13 16:16:36 2020
[runlim] status:		ok
[runlim] result:		0
[runlim] children:		1
[runlim] real:			1.63 seconds
[runlim] time:			1.65 seconds
[runlim] space:			47.3 MB
[runlim] samples:		11
[runlim] version:		1.10
[runlim] time limit:		311040000 seconds
[runlim] real time limit:	1200 seconds
[runlim] space limit:		15000 MB
[runlim] argv[0]:		python3
[runlim] argv[1]:		/raid/steuber/Software/ablector/ablector
[runlim] argv[2]:		/raid/steuber/Benchmarks/2019/QF_BV/Sage2/bench_14237.smt2
[runlim] argv[3]:		--ufReuse=1
[runlim] argv[4]:		--unsigned
[runlim] start:			Wed May 13 16:16:36 2020
[runlim] main pid:		22913
[Ablector] INFO: *** ROUND 0
[runlim] sample:		10.2 time, 11.0 real, 310.5 MB
[runlim] sample:		20.1 time, 21.0 real, 276.8 MB
[runlim] sample:		30.1 time, 31.0 real, 282.8 MB
[runlim] sample:		40.1 time, 41.0 real, 315.1 MB
[runlim] sample:		50.1 time, 51.0 real, 314.7 MB
[runlim] sample:		60.1 time, 61.0 real, 314.1 MB
[runlim] sample:		70.2 time, 71.0 real, 318.2 MB
[runlim] sample:		80.2 time, 81.0 real, 317.7 MB
[runlim] sample:		90.1 time, 91.0 real, 318.1 MB
[runlim] sample:		100.1 time, 101.0 real, 318.1 MB
[runlim] sample:		110.2 time, 111.0 real, 325.9 MB
[runlim] sample:		120.2 time, 121.0 real, 325.9 MB
[runlim] sample:		130.2 time, 131.0 real, 325.9 MB
[runlim] sample:		140.2 time, 141.0 real, 325.9 MB
[runlim] sample:		150.2 time, 151.0 real, 325.9 MB
[runlim] sample:		160.1 time, 161.0 real, 338.6 MB
[runlim] sample:		170.1 time, 171.0 real, 338.6 MB
[runlim] sample:		180.1 time, 181.0 real, 338.6 MB
[runlim] sample:		190.1 time, 191.0 real, 338.6 MB
[runlim] sample:		200.1 time, 201.0 real, 338.6 MB
[runlim] sample:		210.1 time, 211.0 real, 338.6 MB
[runlim] sample:		220.1 time, 221.0 real, 338.6 MB
[runlim] sample:		230.1 time, 231.0 real, 338.6 MB
[runlim] sample:		240.1 time, 241.0 real, 338.6 MB
[runlim] sample:		250.1 time, 251.0 real, 338.6 MB
[runlim] sample:		260.1 time, 261.0 real, 338.6 MB
[runlim] sample:		270.1 time, 271.0 real, 338.6 MB
[runlim] sample:		280.1 time, 281.0 real, 428.5 MB
[runlim] sample:		290.1 time, 291.0 real, 429.8 MB
[runlim] sample:		300.1 time, 301.0 real, 429.1 MB
[runlim] sample:		310.1 time, 311.0 real, 550.4 MB
[runlim] sample:		320.1 time, 321.0 real, 550.4 MB
[runlim] sample:		330.1 time, 331.0 real, 550.4 MB
[runlim] sample:		340.1 time, 341.0 real, 448.2 MB
[runlim] sample:		350.1 time, 351.0 real, 475.0 MB
[runlim] sample:		360.1 time, 361.0 real, 475.0 MB
[runlim] sample:		370.1 time, 371.0 real, 475.0 MB
[runlim] sample:		380.1 time, 381.0 real, 475.0 MB
[runlim] sample:		390.1 time, 391.0 real, 448.7 MB
[runlim] sample:		400.1 time, 401.0 real, 448.7 MB
[runlim] sample:		410.1 time, 411.0 real, 448.7 MB
[runlim] sample:		420.1 time, 421.0 real, 448.7 MB
[runlim] sample:		430.1 time, 431.0 real, 454.9 MB
[runlim] sample:		440.1 time, 441.0 real, 453.5 MB
[runlim] sample:		450.1 time, 451.0 real, 453.5 MB
[runlim] sample:		460.1 time, 461.0 real, 453.5 MB
[runlim] sample:		470.1 time, 471.0 real, 479.3 MB
[runlim] sample:		480.1 time, 481.0 real, 479.3 MB
[runlim] sample:		490.1 time, 491.0 real, 479.3 MB
[runlim] sample:		500.1 time, 501.0 real, 453.1 MB
[runlim] sample:		510.1 time, 511.0 real, 453.1 MB
[runlim] sample:		520.1 time, 521.0 real, 453.1 MB
[runlim] sample:		530.1 time, 531.0 real, 453.1 MB
[runlim] sample:		540.1 time, 541.0 real, 453.1 MB
[runlim] sample:		550.1 time, 551.0 real, 453.1 MB
[runlim] sample:		560.1 time, 561.0 real, 453.1 MB
[runlim] sample:		570.1 time, 571.0 real, 453.1 MB
[runlim] sample:		580.1 time, 581.0 real, 457.7 MB
[runlim] sample:		590.1 time, 591.0 real, 457.8 MB
[runlim] sample:		600.1 time, 601.0 real, 457.7 MB
[runlim] sample:		610.1 time, 611.0 real, 483.8 MB
[runlim] sample:		620.1 time, 621.0 real, 483.8 MB
[runlim] sample:		630.1 time, 631.0 real, 483.8 MB
[runlim] sample:		640.1 time, 641.0 real, 457.3 MB
[runlim] sample:		650.1 time, 651.0 real, 457.3 MB
[runlim] sample:		660.1 time, 661.0 real, 457.3 MB
[runlim] sample:		670.1 time, 671.0 real, 457.3 MB
[runlim] sample:		680.1 time, 681.0 real, 457.3 MB
[runlim] sample:		690.1 time, 691.0 real, 457.3 MB
[runlim] sample:		700.1 time, 701.0 real, 459.4 MB
[runlim] sample:		710.1 time, 711.0 real, 460.9 MB
[runlim] sample:		720.1 time, 721.0 real, 460.4 MB
[runlim] sample:		730.1 time, 731.0 real, 460.4 MB
[runlim] sample:		740.1 time, 741.0 real, 460.4 MB
[runlim] sample:		750.1 time, 751.0 real, 460.4 MB
[runlim] sample:		760.1 time, 761.0 real, 460.4 MB
[runlim] sample:		770.1 time, 771.0 real, 460.4 MB
[runlim] sample:		780.1 time, 781.0 real, 460.4 MB
[runlim] sample:		790.1 time, 791.0 real, 460.4 MB
[runlim] sample:		800.1 time, 801.0 real, 460.4 MB
[runlim] sample:		810.1 time, 811.0 real, 460.4 MB
[runlim] sample:		820.1 time, 821.0 real, 460.4 MB
[runlim] sample:		830.1 time, 831.0 real, 460.4 MB
[runlim] sample:		840.1 time, 841.0 real, 460.4 MB
[runlim] sample:		850.1 time, 851.0 real, 460.4 MB
[runlim] sample:		860.1 time, 861.0 real, 462.5 MB
[runlim] sample:		870.1 time, 871.0 real, 489.0 MB
[runlim] sample:		880.1 time, 881.0 real, 489.0 MB
[runlim] sample:		890.1 time, 891.0 real, 489.0 MB
[runlim] sample:		900.1 time, 901.0 real, 462.5 MB
[runlim] sample:		910.1 time, 911.0 real, 462.5 MB
[runlim] sample:		920.1 time, 921.0 real, 462.5 MB
[runlim] sample:		930.1 time, 931.0 real, 462.5 MB
[runlim] sample:		940.1 time, 941.0 real, 462.5 MB
[runlim] sample:		950.1 time, 951.0 real, 462.5 MB
[runlim] sample:		960.1 time, 961.0 real, 462.5 MB
[runlim] sample:		970.1 time, 971.0 real, 462.5 MB
[runlim] sample:		980.1 time, 981.0 real, 462.5 MB
[runlim] sample:		990.1 time, 991.0 real, 462.5 MB
[runlim] sample:		1000.1 time, 1001.0 real, 462.5 MB
[runlim] sample:		1010.1 time, 1011.0 real, 462.5 MB
[runlim] sample:		1020.1 time, 1021.0 real, 462.5 MB
[runlim] sample:		1030.1 time, 1031.0 real, 462.5 MB
[runlim] sample:		1040.1 time, 1041.0 real, 462.5 MB
[runlim] sample:		1050.1 time, 1051.0 real, 462.5 MB
[runlim] sample:		1060.1 time, 1061.0 real, 462.5 MB
[runlim] sample:		1070.1 time, 1071.0 real, 423.9 MB
[runlim] sample:		1080.1 time, 1081.0 real, 465.1 MB
[runlim] sample:		1090.1 time, 1091.0 real, 465.1 MB
[runlim] sample:		1100.1 time, 1101.0 real, 464.7 MB
[runlim] sample:		1110.1 time, 1111.0 real, 464.7 MB
[runlim] sample:		1120.1 time, 1121.0 real, 464.7 MB
[runlim] sample:		1130.1 time, 1131.0 real, 464.7 MB
[runlim] sample:		1140.1 time, 1141.0 real, 464.7 MB
[runlim] sample:		1150.1 time, 1151.0 real, 464.7 MB
[runlim] sample:		1160.1 time, 1161.0 real, 464.7 MB
[runlim] sample:		1170.1 time, 1171.0 real, 464.7 MB
[runlim] sample:		1180.1 time, 1181.0 real, 464.7 MB
[runlim] sample:		1190.1 time, 1191.0 real, 464.7 MB
[runlim] end:			Wed May 13 16:36:36 2020
[runlim] status:		out of time
[runlim] result:		2
[runlim] children:		5
[runlim] real:			1200.12 seconds
[runlim] time:			1199.20 seconds
[runlim] space:			604.9 MB
[runlim] samples:		11991
[runlim] version:		1.10
[runlim] time limit:		311040000 seconds
[runlim] real time limit:	1200 seconds
[runlim] space limit:		15000 MB
[runlim] argv[0]:		python3
[runlim] argv[1]:		/raid/steuber/Software/ablector/ablector
[runlim] argv[2]:		/raid/steuber/Benchmarks/2019/QF_BV/sage/app2/bench_824.smt2
[runlim] argv[3]:		--ufReuse=1
[runlim] argv[4]:		--unsigned
[runlim] start:			Wed May 13 16:36:36 2020
[runlim] main pid:		24308
[Ablector] INFO: ABLECTOR TIME: 0.003986
[runlim] end:			Wed May 13 16:36:37 2020
[runlim] status:		ok
[runlim] result:		0
[runlim] children:		0
[runlim] real:			1.02 seconds
[runlim] time:			0.99 seconds
[runlim] space:			37.8 MB
[runlim] samples:		5
[runlim] version:		1.10
[runlim] time limit:		311040000 seconds
[runlim] real time limit:	1200 seconds
[runlim] space limit:		15000 MB
[runlim] argv[0]:		python3
[runlim] argv[1]:		/raid/steuber/Software/ablector/ablector
[runlim] argv[2]:		/raid/steuber/Benchmarks/2019/QF_BV/Sage2/bench_10007.smt2
[runlim] argv[3]:		--ufReuse=1
[runlim] argv[4]:		--unsigned
[runlim] start:			Wed May 13 16:36:37 2020
[runlim] main pid:		24328
[Ablector] INFO: *** ROUND 0
[MulNode] INFO: Level 0
[MulNode] INFO: Level 0
[MulNode] INFO: Level 0
[MulNode] INFO: Level 0
[MulNode] INFO: Level 0
[MulNode] INFO: Level 0
[MulNode] INFO: Level 0
[MulNode] INFO: Level 0
[MulNode] INFO: Level 0
[MulNode] INFO: Level 0
[MulNode] INFO: Level 0
[MulNode] INFO: Level 0
[MulNode] INFO: Level 0
[MulNode] INFO: Level 0
[MulNode] INFO: Level 0
[MulNode] INFO: Level 0
[MulNode] INFO: Level 0
[MulNode] INFO: Level 0
[MulNode] INFO: Level 0
[MulNode] INFO: Level 0
[MulNode] INFO: Level 0
[MulNode] INFO: Level 0
[MulNode] INFO: Level 0
[MulNode] INFO: Level 0
[MulNode] INFO: Level 0
[MulNode] INFO: Level 0
[MulNode] INFO: Level 0
[MulNode] INFO: Level 0
[MulNode] INFO: Level 0
[MulNode] INFO: Level 0
[MulNode] INFO: Level 0
[Ablector] INFO: ABLECTOR TIME: 4.964800
[Ablector] INFO: SAT TIME: 4.954416
[Ablector] INFO: REF TIME: 0.310002
[runlim] end:			Wed May 13 16:36:42 2020
[runlim] status:		ok
[runlim] result:		0
[runlim] children:		1
[runlim] real:			5.94 seconds
[runlim] time:			6.05 seconds
[runlim] space:			71.7 MB
[runlim] samples:		55
[runlim] version:		1.10
[runlim] time limit:		311040000 seconds
[runlim] real time limit:	1200 seconds
[runlim] space limit:		15000 MB
[runlim] argv[0]:		python3
[runlim] argv[1]:		/raid/steuber/Software/ablector/ablector
[runlim] argv[2]:		/raid/steuber/Benchmarks/2019/QF_BV/Sage2/bench_10480.smt2
[runlim] argv[3]:		--ufReuse=1
[runlim] argv[4]:		--unsigned
[runlim] start:			Wed May 13 16:36:43 2020
[runlim] main pid:		24348
[Ablector] INFO: *** ROUND 0
[MulNode] INFO: Level 0
[MulNode] INFO: Level 0
[MulNode] INFO: Level 0
[MulNode] INFO: Level 0
[MulNode] INFO: Level 0
[MulNode] INFO: Level 0
[MulNode] INFO: Level 0
[MulNode] INFO: Level 0
[MulNode] INFO: Level 0
[Ablector] INFO: ABLECTOR TIME: 0.613054
[Ablector] INFO: SAT TIME: 0.606769
[Ablector] INFO: REF TIME: 0.081244
[runlim] end:			Wed May 13 16:36:44 2020
[runlim] status:		ok
[runlim] result:		0
[runlim] children:		0
[runlim] real:			1.45 seconds
[runlim] time:			1.66 seconds
[runlim] space:			51.9 MB
[runlim] samples:		11
[runlim] version:		1.10
[runlim] time limit:		311040000 seconds
[runlim] real time limit:	1200 seconds
[runlim] space limit:		15000 MB
[runlim] argv[0]:		python3
[runlim] argv[1]:		/raid/steuber/Software/ablector/ablector
[runlim] argv[2]:		/raid/steuber/Benchmarks/2019/QF_BV/sage/app1/bench_2123.smt2
[runlim] argv[3]:		--ufReuse=1
[runlim] argv[4]:		--unsigned
[runlim] start:			Wed May 13 16:36:44 2020
[runlim] main pid:		24369
[Ablector] INFO: ABLECTOR TIME: 0.004494
[runlim] end:			Wed May 13 16:36:45 2020
[runlim] status:		ok
[runlim] result:		0
[runlim] children:		0
[runlim] real:			1.32 seconds
[runlim] time:			1.05 seconds
[runlim] space:			37.6 MB
[runlim] samples:		5
[runlim] version:		1.10
[runlim] time limit:		311040000 seconds
[runlim] real time limit:	1200 seconds
[runlim] space limit:		15000 MB
[runlim] argv[0]:		python3
[runlim] argv[1]:		/raid/steuber/Software/ablector/ablector
[runlim] argv[2]:		/raid/steuber/Benchmarks/2019/QF_BV/sage/app7/bench_8560.smt2
[runlim] argv[3]:		--ufReuse=1
[runlim] argv[4]:		--unsigned
[runlim] start:			Wed May 13 16:36:45 2020
[runlim] main pid:		24389
[Ablector] INFO: ABLECTOR TIME: 0.004010
[runlim] end:			Wed May 13 16:36:47 2020
[runlim] status:		ok
[runlim] result:		0
[runlim] children:		14
[runlim] real:			2.54 seconds
[runlim] time:			2.31 seconds
[runlim] space:			83.6 MB
[runlim] samples:		18
[runlim] version:		1.10
[runlim] time limit:		311040000 seconds
[runlim] real time limit:	1200 seconds
[runlim] space limit:		15000 MB
[runlim] argv[0]:		python3
[runlim] argv[1]:		/raid/steuber/Software/ablector/ablector
[runlim] argv[2]:		/raid/steuber/Benchmarks/2019/QF_BV/Sage2/bench_5982.smt2
[runlim] argv[3]:		--ufReuse=1
[runlim] argv[4]:		--unsigned
[runlim] start:			Wed May 13 16:36:47 2020
[runlim] main pid:		24409
[Ablector] INFO: *** ROUND 0
[runlim] sample:		10.6 time, 10.9 real, 69.9 MB
[MulNode] INFO: Level 0
[MulNode] INFO: Level 0
[MulNode] INFO: Level 0
[MulNode] INFO: Level 0
[MulNode] INFO: Level 0
[MulNode] INFO: Level 0
[MulNode] INFO: Level 0
[MulNode] INFO: Level 0
[MulNode] INFO: Level 0
[MulNode] INFO: Level 0
[MulNode] INFO: Level 0
[MulNode] INFO: Level 0
[MulNode] INFO: Level 0
[MulNode] INFO: Level 0
[MulNode] INFO: Level 0
[MulNode] INFO: Level 0
[MulNode] INFO: Level 0
[MulNode] INFO: Level 0
[MulNode] INFO: Level 0
[MulNode] INFO: Level 0
[MulNode] INFO: Level 0
[MulNode] INFO: Level 0
[MulNode] INFO: Level 0
[MulNode] INFO: Level 0
[MulNode] INFO: Level 0
[MulNode] INFO: Level 0
[MulNode] INFO: Level 0
[MulNode] INFO: Level 0
[MulNode] INFO: Level 0
[MulNode] INFO: Level 0
[MulNode] INFO: Level 0
[MulNode] INFO: Level 0
[MulNode] INFO: Level 0
[MulNode] INFO: Level 0
[MulNode] INFO: Level 0
[MulNode] INFO: Level 0
[MulNode] INFO: Level 0
[MulNode] INFO: Level 0
[MulNode] INFO: Level 0
[MulNode] INFO: Level 0
[MulNode] INFO: Level 0
[Ablector] INFO: ABLECTOR TIME: 10.434802
[Ablector] INFO: SAT TIME: 10.422708
[Ablector] INFO: REF TIME: 0.402848
[runlim] end:			Wed May 13 16:36:58 2020
[runlim] status:		ok
[runlim] result:		0
[runlim] children:		0
[runlim] real:			11.99 seconds
[runlim] time:			11.55 seconds
[runlim] space:			82.3 MB
[runlim] samples:		110
[runlim] version:		1.10
[runlim] time limit:		311040000 seconds
[runlim] real time limit:	1200 seconds
[runlim] space limit:		15000 MB
[runlim] argv[0]:		python3
[runlim] argv[1]:		/raid/steuber/Software/ablector/ablector
[runlim] argv[2]:		/raid/steuber/Benchmarks/2019/QF_BV/sage/app1/bench_2167.smt2
[runlim] argv[3]:		--ufReuse=1
[runlim] argv[4]:		--unsigned
[runlim] start:			Wed May 13 16:36:59 2020
[runlim] main pid:		24431
[Ablector] INFO: ABLECTOR TIME: 0.004093
[runlim] end:			Wed May 13 16:36:59 2020
[runlim] status:		ok
[runlim] result:		0
[runlim] children:		1
[runlim] real:			0.83 seconds
[runlim] time:			0.98 seconds
[runlim] space:			37.8 MB
[runlim] samples:		4
[runlim] version:		1.10
[runlim] time limit:		311040000 seconds
[runlim] real time limit:	1200 seconds
[runlim] space limit:		15000 MB
[runlim] argv[0]:		python3
[runlim] argv[1]:		/raid/steuber/Software/ablector/ablector
[runlim] argv[2]:		/raid/steuber/Benchmarks/2019/QF_BV/Sage2/bench_9543.smt2
[runlim] argv[3]:		--ufReuse=1
[runlim] argv[4]:		--unsigned
[runlim] start:			Wed May 13 16:37:00 2020
[runlim] main pid:		24451
[Ablector] INFO: *** ROUND 0
[MulNode] INFO: Level 0
[MulNode] INFO: Level 0
[MulNode] INFO: Level 0
[MulNode] INFO: Level 0
[MulNode] INFO: Level 0
[MulNode] INFO: Level 0
[MulNode] INFO: Level 0
[MulNode] INFO: Level 0
[MulNode] INFO: Level 0
[MulNode] INFO: Level 0
[MulNode] INFO: Level 0
[MulNode] INFO: Level 0
[MulNode] INFO: Level 0
[MulNode] INFO: Level 0
[MulNode] INFO: Level 0
[MulNode] INFO: Level 0
[MulNode] INFO: Level 0
[MulNode] INFO: Level 0
[MulNode] INFO: Level 0
[MulNode] INFO: Level 0
[MulNode] INFO: Level 0
[MulNode] INFO: Level 0
[MulNode] INFO: Level 0
[MulNode] INFO: Level 0
[MulNode] INFO: Level 0
[MulNode] INFO: Level 0
[MulNode] INFO: Level 0
[MulNode] INFO: Level 0
[MulNode] INFO: Level 0
[MulNode] INFO: Level 0
[MulNode] INFO: Level 0
[MulNode] INFO: Level 0
[MulNode] INFO: Level 0
[MulNode] INFO: Level 0
[MulNode] INFO: Level 0
[MulNode] INFO: Level 0
[MulNode] INFO: Level 0
[Ablector] INFO: ABLECTOR TIME: 3.529147
[Ablector] INFO: SAT TIME: 3.501597
[Ablector] INFO: REF TIME: 0.352845
[runlim] end:			Wed May 13 16:37:06 2020
[runlim] status:		ok
[runlim] result:		0
[runlim] children:		2
[runlim] real:			6.81 seconds
[runlim] time:			6.98 seconds
[runlim] space:			441.1 MB
[runlim] samples:		66
[runlim] version:		1.10
[runlim] time limit:		311040000 seconds
[runlim] real time limit:	1200 seconds
[runlim] space limit:		15000 MB
[runlim] argv[0]:		python3
[runlim] argv[1]:		/raid/steuber/Software/ablector/ablector
[runlim] argv[2]:		/raid/steuber/Benchmarks/2019/QF_BV/sage/app7/bench_6105.smt2
[runlim] argv[3]:		--ufReuse=1
[runlim] argv[4]:		--unsigned
[runlim] start:			Wed May 13 16:37:07 2020
[runlim] main pid:		24474
[Ablector] INFO: ABLECTOR TIME: 0.003669
[runlim] end:			Wed May 13 16:37:07 2020
[runlim] status:		ok
[runlim] result:		0
[runlim] children:		0
[runlim] real:			0.78 seconds
[runlim] time:			0.98 seconds
[runlim] space:			37.6 MB
[runlim] samples:		5
[runlim] version:		1.10
[runlim] time limit:		311040000 seconds
[runlim] real time limit:	1200 seconds
[runlim] space limit:		15000 MB
[runlim] argv[0]:		python3
[runlim] argv[1]:		/raid/steuber/Software/ablector/ablector
[runlim] argv[2]:		/raid/steuber/Benchmarks/2019/QF_BV/Sage2/bench_10158.smt2
[runlim] argv[3]:		--ufReuse=1
[runlim] argv[4]:		--unsigned
[runlim] start:			Wed May 13 16:37:08 2020
[runlim] main pid:		24494
[Ablector] INFO: *** ROUND 0
[MulNode] INFO: Level 0
[MulNode] INFO: Level 0
[MulNode] INFO: Level 0
[MulNode] INFO: Level 0
[MulNode] INFO: Level 0
[MulNode] INFO: Level 0
[MulNode] INFO: Level 0
[Ablector] INFO: ABLECTOR TIME: 0.202275
[Ablector] INFO: SAT TIME: 0.196605
[Ablector] INFO: REF TIME: 0.070720
[runlim] end:			Wed May 13 16:37:08 2020
[runlim] status:		ok
[runlim] result:		0
[runlim] children:		0
[runlim] real:			0.80 seconds
[runlim] time:			1.15 seconds
[runlim] space:			45.2 MB
[runlim] samples:		6
