[runlim] version:		1.10
[runlim] time limit:		311040000 seconds
[runlim] real time limit:	1200 seconds
[runlim] space limit:		15000 MB
[runlim] argv[0]:		python3
[runlim] argv[1]:		/raid/steuber/Software/ablector/ablector
[runlim] argv[2]:		/raid/steuber/Benchmarks/2019/QF_BV/sage/app7/bench_5394.smt2
[runlim] argv[3]:		--ufReuse=1
[runlim] argv[4]:		--unsigned
[runlim] start:			Wed May 13 16:02:48 2020
[runlim] main pid:		9557
[Ablector] INFO: ABLECTOR TIME: 0.003830
[runlim] end:			Wed May 13 16:02:48 2020
[runlim] status:		ok
[runlim] result:		0
[runlim] children:		1
[runlim] real:			0.72 seconds
[runlim] time:			0.94 seconds
[runlim] space:			39.6 MB
[runlim] samples:		4
[runlim] version:		1.10
[runlim] time limit:		311040000 seconds
[runlim] real time limit:	1200 seconds
[runlim] space limit:		15000 MB
[runlim] argv[0]:		python3
[runlim] argv[1]:		/raid/steuber/Software/ablector/ablector
[runlim] argv[2]:		/raid/steuber/Benchmarks/2019/QF_BV/sage/app11/bench_300.smt2
[runlim] argv[3]:		--ufReuse=1
[runlim] argv[4]:		--unsigned
[runlim] start:			Wed May 13 16:02:49 2020
[runlim] main pid:		9577
[Ablector] INFO: ABLECTOR TIME: 0.003912
[runlim] end:			Wed May 13 16:02:50 2020
[runlim] status:		ok
[runlim] result:		0
[runlim] children:		5
[runlim] real:			1.01 seconds
[runlim] time:			1.34 seconds
[runlim] space:			67.9 MB
[runlim] samples:		9
[runlim] version:		1.10
[runlim] time limit:		311040000 seconds
[runlim] real time limit:	1200 seconds
[runlim] space limit:		15000 MB
[runlim] argv[0]:		python3
[runlim] argv[1]:		/raid/steuber/Software/ablector/ablector
[runlim] argv[2]:		/raid/steuber/Benchmarks/2019/QF_BV/20190311-bv-term-small-rw-Noetzli/bv-term-small-rw_732.smt2
[runlim] argv[3]:		--ufReuse=1
[runlim] argv[4]:		--unsigned
[runlim] start:			Wed May 13 16:02:50 2020
[runlim] main pid:		9597
[Ablector] INFO: ABLECTOR TIME: 0.003582
[runlim] end:			Wed May 13 16:02:50 2020
[runlim] status:		ok
[runlim] result:		0
[runlim] children:		0
[runlim] real:			0.83 seconds
[runlim] time:			0.99 seconds
[runlim] space:			37.5 MB
[runlim] samples:		4
[runlim] version:		1.10
[runlim] time limit:		311040000 seconds
[runlim] real time limit:	1200 seconds
[runlim] space limit:		15000 MB
[runlim] argv[0]:		python3
[runlim] argv[1]:		/raid/steuber/Software/ablector/ablector
[runlim] argv[2]:		/raid/steuber/Benchmarks/2019/QF_BV/sage/app2/bench_1313.smt2
[runlim] argv[3]:		--ufReuse=1
[runlim] argv[4]:		--unsigned
[runlim] start:			Wed May 13 16:02:51 2020
[runlim] main pid:		9617
[Ablector] INFO: ABLECTOR TIME: 0.003859
[runlim] end:			Wed May 13 16:02:51 2020
[runlim] status:		ok
[runlim] result:		0
[runlim] children:		0
[runlim] real:			0.64 seconds
[runlim] time:			0.96 seconds
[runlim] space:			37.5 MB
[runlim] samples:		4
[runlim] version:		1.10
[runlim] time limit:		311040000 seconds
[runlim] real time limit:	1200 seconds
[runlim] space limit:		15000 MB
[runlim] argv[0]:		python3
[runlim] argv[1]:		/raid/steuber/Software/ablector/ablector
[runlim] argv[2]:		/raid/steuber/Benchmarks/2019/QF_BV/Sage2/bench_13462.smt2
[runlim] argv[3]:		--ufReuse=1
[runlim] argv[4]:		--unsigned
[runlim] start:			Wed May 13 16:02:51 2020
[runlim] main pid:		9637
[Ablector] INFO: ABLECTOR TIME: 0.003793
[runlim] end:			Wed May 13 16:02:52 2020
[runlim] status:		ok
[runlim] result:		0
[runlim] children:		0
[runlim] real:			1.43 seconds
[runlim] time:			0.95 seconds
[runlim] space:			37.9 MB
[runlim] samples:		4
[runlim] version:		1.10
[runlim] time limit:		311040000 seconds
[runlim] real time limit:	1200 seconds
[runlim] space limit:		15000 MB
[runlim] argv[0]:		python3
[runlim] argv[1]:		/raid/steuber/Software/ablector/ablector
[runlim] argv[2]:		/raid/steuber/Benchmarks/2019/QF_BV/sage/app8/bench_538.smt2
[runlim] argv[3]:		--ufReuse=1
[runlim] argv[4]:		--unsigned
[runlim] start:			Wed May 13 16:02:52 2020
[runlim] main pid:		9659
[Ablector] INFO: ABLECTOR TIME: 0.003729
[runlim] end:			Wed May 13 16:02:53 2020
[runlim] status:		ok
[runlim] result:		0
[runlim] children:		1
[runlim] real:			1.25 seconds
[runlim] time:			0.90 seconds
[runlim] space:			40.4 MB
[runlim] samples:		4
[runlim] version:		1.10
[runlim] time limit:		311040000 seconds
[runlim] real time limit:	1200 seconds
[runlim] space limit:		15000 MB
[runlim] argv[0]:		python3
[runlim] argv[1]:		/raid/steuber/Software/ablector/ablector
[runlim] argv[2]:		/raid/steuber/Benchmarks/2019/QF_BV/sage/app1/bench_2442.smt2
[runlim] argv[3]:		--ufReuse=1
[runlim] argv[4]:		--unsigned
[runlim] start:			Wed May 13 16:02:53 2020
[runlim] main pid:		9679
[Ablector] INFO: ABLECTOR TIME: 0.003830
[runlim] end:			Wed May 13 16:02:54 2020
[runlim] status:		ok
[runlim] result:		0
[runlim] children:		1
[runlim] real:			1.06 seconds
[runlim] time:			0.96 seconds
[runlim] space:			40.6 MB
[runlim] samples:		4
[runlim] version:		1.10
[runlim] time limit:		311040000 seconds
[runlim] real time limit:	1200 seconds
[runlim] space limit:		15000 MB
[runlim] argv[0]:		python3
[runlim] argv[1]:		/raid/steuber/Software/ablector/ablector
[runlim] argv[2]:		/raid/steuber/Benchmarks/2019/QF_BV/sage/app7/bench_2769.smt2
[runlim] argv[3]:		--ufReuse=1
[runlim] argv[4]:		--unsigned
[runlim] start:			Wed May 13 16:02:54 2020
[runlim] main pid:		9699
[Ablector] INFO: ABLECTOR TIME: 0.004024
[runlim] end:			Wed May 13 16:02:56 2020
[runlim] status:		ok
[runlim] result:		0
[runlim] children:		18
[runlim] real:			2.67 seconds
[runlim] time:			2.63 seconds
[runlim] space:			97.7 MB
[runlim] samples:		22
[runlim] version:		1.10
[runlim] time limit:		311040000 seconds
[runlim] real time limit:	1200 seconds
[runlim] space limit:		15000 MB
[runlim] argv[0]:		python3
[runlim] argv[1]:		/raid/steuber/Software/ablector/ablector
[runlim] argv[2]:		/raid/steuber/Benchmarks/2019/QF_BV/sage/app7/bench_8435.smt2
[runlim] argv[3]:		--ufReuse=1
[runlim] argv[4]:		--unsigned
[runlim] start:			Wed May 13 16:02:57 2020
[runlim] main pid:		9719
[Ablector] INFO: ABLECTOR TIME: 0.003970
[runlim] end:			Wed May 13 16:02:58 2020
[runlim] status:		ok
[runlim] result:		0
[runlim] children:		14
[runlim] real:			1.84 seconds
[runlim] time:			2.22 seconds
[runlim] space:			83.6 MB
[runlim] samples:		18
[runlim] version:		1.10
[runlim] time limit:		311040000 seconds
[runlim] real time limit:	1200 seconds
[runlim] space limit:		15000 MB
[runlim] argv[0]:		python3
[runlim] argv[1]:		/raid/steuber/Software/ablector/ablector
[runlim] argv[2]:		/raid/steuber/Benchmarks/2019/QF_BV/Sage2/bench_8347.smt2
[runlim] argv[3]:		--ufReuse=1
[runlim] argv[4]:		--unsigned
[runlim] start:			Wed May 13 16:02:59 2020
[runlim] main pid:		9739
[Ablector] INFO: *** ROUND 0
[MulNode] INFO: Level 0
[Ablector] INFO: ABLECTOR TIME: 0.308478
[Ablector] INFO: SAT TIME: 0.303567
[Ablector] INFO: REF TIME: 0.010611
[runlim] end:			Wed May 13 16:03:00 2020
[runlim] status:		ok
[runlim] result:		0
[runlim] children:		0
[runlim] real:			1.08 seconds
[runlim] time:			1.34 seconds
[runlim] space:			43.5 MB
[runlim] samples:		8
[runlim] version:		1.10
[runlim] time limit:		311040000 seconds
[runlim] real time limit:	1200 seconds
[runlim] space limit:		15000 MB
[runlim] argv[0]:		python3
[runlim] argv[1]:		/raid/steuber/Software/ablector/ablector
[runlim] argv[2]:		/raid/steuber/Benchmarks/2019/QF_BV/sage/app1/bench_639.smt2
[runlim] argv[3]:		--ufReuse=1
[runlim] argv[4]:		--unsigned
[runlim] start:			Wed May 13 16:03:00 2020
[runlim] main pid:		9759
[Ablector] INFO: *** ROUND 0
[UdivNode] INFO: Level 0
[UdivNode] INFO: Level 0
[UdivNode] INFO: Level 0
[UdivNode] INFO: Level 0
[UdivNode] INFO: Level 0
[UdivNode] INFO: Level 0
[UdivNode] INFO: Level 0
[UdivNode] INFO: Level 0
[UdivNode] INFO: Level 0
[UdivNode] INFO: Level 0
[UdivNode] INFO: Level 0
[UdivNode] INFO: Level 0
[UdivNode] INFO: Level 0
[UdivNode] INFO: Level 0
[UdivNode] INFO: Level 0
[UdivNode] INFO: Level 0
[UdivNode] INFO: Level 0
[UdivNode] INFO: Level 0
[UdivNode] INFO: Level 0
[UdivNode] INFO: Level 0
[Ablector] INFO: ABLECTOR TIME: 0.138927
[Ablector] INFO: SAT TIME: 0.133329
[Ablector] INFO: REF TIME: 0.027762
[runlim] end:			Wed May 13 16:03:01 2020
[runlim] status:		ok
[runlim] result:		0
[runlim] children:		0
[runlim] real:			1.02 seconds
[runlim] time:			1.06 seconds
[runlim] space:			48.0 MB
[runlim] samples:		5
[runlim] version:		1.10
[runlim] time limit:		311040000 seconds
[runlim] real time limit:	1200 seconds
[runlim] space limit:		15000 MB
[runlim] argv[0]:		python3
[runlim] argv[1]:		/raid/steuber/Software/ablector/ablector
[runlim] argv[2]:		/raid/steuber/Benchmarks/2019/QF_BV/sage/app7/bench_1920.smt2
[runlim] argv[3]:		--ufReuse=1
[runlim] argv[4]:		--unsigned
[runlim] start:			Wed May 13 16:03:01 2020
[runlim] main pid:		9779
[Ablector] INFO: ABLECTOR TIME: 0.004024
[runlim] end:			Wed May 13 16:03:02 2020
[runlim] status:		ok
[runlim] result:		0
[runlim] children:		4
[runlim] real:			1.20 seconds
[runlim] time:			1.17 seconds
[runlim] space:			54.7 MB
[runlim] samples:		8
[runlim] version:		1.10
[runlim] time limit:		311040000 seconds
[runlim] real time limit:	1200 seconds
[runlim] space limit:		15000 MB
[runlim] argv[0]:		python3
[runlim] argv[1]:		/raid/steuber/Software/ablector/ablector
[runlim] argv[2]:		/raid/steuber/Benchmarks/2019/QF_BV/Sage2/bench_7193.smt2
[runlim] argv[3]:		--ufReuse=1
[runlim] argv[4]:		--unsigned
[runlim] start:			Wed May 13 16:03:02 2020
[runlim] main pid:		9799
[Ablector] INFO: *** ROUND 0
[MulNode] INFO: Level 0
[MulNode] INFO: Level 0
[MulNode] INFO: Level 0
[MulNode] INFO: Level 0
[MulNode] INFO: Level 0
[MulNode] INFO: Level 0
[MulNode] INFO: Level 0
[MulNode] INFO: Level 0
[MulNode] INFO: Level 0
[MulNode] INFO: Level 0
[Ablector] INFO: ABLECTOR TIME: 0.738338
[Ablector] INFO: SAT TIME: 0.731911
[Ablector] INFO: REF TIME: 0.091604
[runlim] end:			Wed May 13 16:03:03 2020
[runlim] status:		ok
[runlim] result:		0
[runlim] children:		0
[runlim] real:			1.85 seconds
[runlim] time:			1.75 seconds
[runlim] space:			53.4 MB
[runlim] samples:		12
[runlim] version:		1.10
[runlim] time limit:		311040000 seconds
[runlim] real time limit:	1200 seconds
[runlim] space limit:		15000 MB
[runlim] argv[0]:		python3
[runlim] argv[1]:		/raid/steuber/Software/ablector/ablector
[runlim] argv[2]:		/raid/steuber/Benchmarks/2019/QF_BV/sage/app7/bench_4329.smt2
[runlim] argv[3]:		--ufReuse=1
[runlim] argv[4]:		--unsigned
[runlim] start:			Wed May 13 16:03:04 2020
[runlim] main pid:		9819
[Ablector] INFO: ABLECTOR TIME: 0.003816
[runlim] end:			Wed May 13 16:03:04 2020
[runlim] status:		ok
[runlim] result:		0
[runlim] children:		2
[runlim] real:			0.81 seconds
[runlim] time:			1.03 seconds
[runlim] space:			45.3 MB
[runlim] samples:		6
[runlim] version:		1.10
[runlim] time limit:		311040000 seconds
[runlim] real time limit:	1200 seconds
[runlim] space limit:		15000 MB
[runlim] argv[0]:		python3
[runlim] argv[1]:		/raid/steuber/Software/ablector/ablector
[runlim] argv[2]:		/raid/steuber/Benchmarks/2019/QF_BV/sage/app1/bench_266.smt2
[runlim] argv[3]:		--ufReuse=1
[runlim] argv[4]:		--unsigned
[runlim] start:			Wed May 13 16:03:05 2020
[runlim] main pid:		9839
[Ablector] INFO: ABLECTOR TIME: 0.003798
[runlim] end:			Wed May 13 16:03:05 2020
[runlim] status:		ok
[runlim] result:		0
[runlim] children:		0
[runlim] real:			0.60 seconds
[runlim] time:			0.96 seconds
[runlim] space:			37.7 MB
[runlim] samples:		4
[runlim] version:		1.10
[runlim] time limit:		311040000 seconds
[runlim] real time limit:	1200 seconds
[runlim] space limit:		15000 MB
[runlim] argv[0]:		python3
[runlim] argv[1]:		/raid/steuber/Software/ablector/ablector
[runlim] argv[2]:		/raid/steuber/Benchmarks/2019/QF_BV/sage/app9/bench_160.smt2
[runlim] argv[3]:		--ufReuse=1
[runlim] argv[4]:		--unsigned
[runlim] start:			Wed May 13 16:03:05 2020
[runlim] main pid:		9859
[Ablector] INFO: *** ROUND 0
[MulNode] INFO: Level 0
[MulNode] INFO: Level 0
[MulNode] INFO: Level 0
[MulNode] INFO: Level 0
[MulNode] INFO: Level 0
[MulNode] INFO: Level 0
[MulNode] INFO: Level 0
[MulNode] INFO: Level 0
[MulNode] INFO: Level 0
[MulNode] INFO: Level 0
[MulNode] INFO: Level 0
[Ablector] INFO: ABLECTOR TIME: 0.181863
[Ablector] INFO: SAT TIME: 0.175138
[Ablector] INFO: REF TIME: 0.108469
[runlim] end:			Wed May 13 16:03:06 2020
[runlim] status:		ok
[runlim] result:		0
[runlim] children:		0
[runlim] real:			1.75 seconds
[runlim] time:			1.33 seconds
[runlim] space:			47.5 MB
[runlim] samples:		8
[runlim] version:		1.10
[runlim] time limit:		311040000 seconds
[runlim] real time limit:	1200 seconds
[runlim] space limit:		15000 MB
[runlim] argv[0]:		python3
[runlim] argv[1]:		/raid/steuber/Software/ablector/ablector
[runlim] argv[2]:		/raid/steuber/Benchmarks/2019/QF_BV/Sage2/bench_138.smt2
[runlim] argv[3]:		--ufReuse=1
[runlim] argv[4]:		--unsigned
[runlim] start:			Wed May 13 16:03:07 2020
[runlim] main pid:		9883
[Ablector] INFO: ABLECTOR TIME: 0.003733
[runlim] end:			Wed May 13 16:03:07 2020
[runlim] status:		ok
[runlim] result:		0
[runlim] children:		0
[runlim] real:			0.64 seconds
[runlim] time:			0.95 seconds
[runlim] space:			37.7 MB
[runlim] samples:		5
[runlim] version:		1.10
[runlim] time limit:		311040000 seconds
[runlim] real time limit:	1200 seconds
[runlim] space limit:		15000 MB
[runlim] argv[0]:		python3
[runlim] argv[1]:		/raid/steuber/Software/ablector/ablector
[runlim] argv[2]:		/raid/steuber/Benchmarks/2019/QF_BV/sage/app2/bench_920.smt2
[runlim] argv[3]:		--ufReuse=1
[runlim] argv[4]:		--unsigned
[runlim] start:			Wed May 13 16:03:07 2020
[runlim] main pid:		9919
[Ablector] INFO: ABLECTOR TIME: 0.003703
[runlim] end:			Wed May 13 16:03:08 2020
[runlim] status:		ok
[runlim] result:		0
[runlim] children:		1
[runlim] real:			1.52 seconds
[runlim] time:			1.02 seconds
[runlim] space:			37.9 MB
[runlim] samples:		5
[runlim] version:		1.10
[runlim] time limit:		311040000 seconds
[runlim] real time limit:	1200 seconds
[runlim] space limit:		15000 MB
[runlim] argv[0]:		python3
[runlim] argv[1]:		/raid/steuber/Software/ablector/ablector
[runlim] argv[2]:		/raid/steuber/Benchmarks/2019/QF_BV/sage/app7/bench_1582.smt2
[runlim] argv[3]:		--ufReuse=1
[runlim] argv[4]:		--unsigned
[runlim] start:			Wed May 13 16:03:08 2020
[runlim] main pid:		9959
[Ablector] INFO: ABLECTOR TIME: 0.003931
[runlim] end:			Wed May 13 16:03:09 2020
[runlim] status:		ok
[runlim] result:		0
[runlim] children:		7
[runlim] real:			1.98 seconds
[runlim] time:			1.40 seconds
[runlim] space:			63.2 MB
[runlim] samples:		11
[runlim] version:		1.10
[runlim] time limit:		311040000 seconds
[runlim] real time limit:	1200 seconds
[runlim] space limit:		15000 MB
[runlim] argv[0]:		python3
[runlim] argv[1]:		/raid/steuber/Software/ablector/ablector
[runlim] argv[2]:		/raid/steuber/Benchmarks/2019/QF_BV/sage/app7/bench_6280.smt2
[runlim] argv[3]:		--ufReuse=1
[runlim] argv[4]:		--unsigned
[runlim] start:			Wed May 13 16:03:10 2020
[runlim] main pid:		10000
[Ablector] INFO: ABLECTOR TIME: 0.003990
[runlim] end:			Wed May 13 16:03:12 2020
[runlim] status:		ok
[runlim] result:		0
[runlim] children:		14
[runlim] real:			2.19 seconds
[runlim] time:			2.24 seconds
[runlim] space:			84.7 MB
[runlim] samples:		18
[runlim] version:		1.10
[runlim] time limit:		311040000 seconds
[runlim] real time limit:	1200 seconds
[runlim] space limit:		15000 MB
[runlim] argv[0]:		python3
[runlim] argv[1]:		/raid/steuber/Software/ablector/ablector
[runlim] argv[2]:		/raid/steuber/Benchmarks/2019/QF_BV/Sage2/bench_13535.smt2
[runlim] argv[3]:		--ufReuse=1
[runlim] argv[4]:		--unsigned
[runlim] start:			Wed May 13 16:03:12 2020
[runlim] main pid:		10020
[Ablector] INFO: *** ROUND 0
[MulNode] INFO: Level 0
[MulNode] INFO: Level 0
[MulNode] INFO: Level 0
[MulNode] INFO: Level 0
[MulNode] INFO: Level 0
[MulNode] INFO: Level 0
[MulNode] INFO: Level 0
[MulNode] INFO: Level 0
[MulNode] INFO: Level 0
[MulNode] INFO: Level 0
[MulNode] INFO: Level 0
[MulNode] INFO: Level 0
[MulNode] INFO: Level 0
[MulNode] INFO: Level 0
[MulNode] INFO: Level 0
[MulNode] INFO: Level 0
[MulNode] INFO: Level 0
[MulNode] INFO: Level 0
[MulNode] INFO: Level 0
[MulNode] INFO: Level 0
[MulNode] INFO: Level 0
[MulNode] INFO: Level 0
[MulNode] INFO: Level 0
[MulNode] INFO: Level 0
[MulNode] INFO: Level 0
[MulNode] INFO: Level 0
[MulNode] INFO: Level 0
[MulNode] INFO: Level 0
[MulNode] INFO: Level 0
[MulNode] INFO: Level 0
[MulNode] INFO: Level 0
[MulNode] INFO: Level 0
[MulNode] INFO: Level 0
[MulNode] INFO: Level 0
[MulNode] INFO: Level 0
[MulNode] INFO: Level 0
[MulNode] INFO: Level 0
[MulNode] INFO: Level 0
[MulNode] INFO: Level 0
[MulNode] INFO: Level 0
[MulNode] INFO: Level 0
[MulNode] INFO: Level 0
[MulNode] INFO: Level 0
[MulNode] INFO: Level 0
[Ablector] INFO: ABLECTOR TIME: 1.543047
[Ablector] INFO: SAT TIME: 1.530135
[Ablector] INFO: REF TIME: 0.400217
[runlim] end:			Wed May 13 16:03:14 2020
[runlim] status:		ok
[runlim] result:		0
[runlim] children:		0
[runlim] real:			2.76 seconds
[runlim] time:			2.75 seconds
[runlim] space:			75.8 MB
[runlim] samples:		22
[runlim] version:		1.10
[runlim] time limit:		311040000 seconds
[runlim] real time limit:	1200 seconds
[runlim] space limit:		15000 MB
[runlim] argv[0]:		python3
[runlim] argv[1]:		/raid/steuber/Software/ablector/ablector
[runlim] argv[2]:		/raid/steuber/Benchmarks/2019/QF_BV/Sage2/bench_12174.smt2
[runlim] argv[3]:		--ufReuse=1
[runlim] argv[4]:		--unsigned
[runlim] start:			Wed May 13 16:03:15 2020
[runlim] main pid:		10071
[Ablector] INFO: *** ROUND 0
[MulNode] INFO: Level 0
[Ablector] INFO: ABLECTOR TIME: 0.173344
[Ablector] INFO: SAT TIME: 0.168366
[Ablector] INFO: REF TIME: 0.010875
[runlim] end:			Wed May 13 16:03:15 2020
[runlim] status:		ok
[runlim] result:		0
[runlim] children:		0
[runlim] real:			0.80 seconds
[runlim] time:			1.17 seconds
[runlim] space:			42.3 MB
[runlim] samples:		6
[runlim] version:		1.10
[runlim] time limit:		311040000 seconds
[runlim] real time limit:	1200 seconds
[runlim] space limit:		15000 MB
[runlim] argv[0]:		python3
[runlim] argv[1]:		/raid/steuber/Software/ablector/ablector
[runlim] argv[2]:		/raid/steuber/Benchmarks/2019/QF_BV/sage/app9/bench_606.smt2
[runlim] argv[3]:		--ufReuse=1
[runlim] argv[4]:		--unsigned
[runlim] start:			Wed May 13 16:03:16 2020
[runlim] main pid:		10121
[Ablector] INFO: ABLECTOR TIME: 0.003806
[runlim] end:			Wed May 13 16:03:16 2020
[runlim] status:		ok
[runlim] result:		0
[runlim] children:		0
[runlim] real:			0.64 seconds
[runlim] time:			0.96 seconds
[runlim] space:			37.2 MB
[runlim] samples:		4
[runlim] version:		1.10
[runlim] time limit:		311040000 seconds
[runlim] real time limit:	1200 seconds
[runlim] space limit:		15000 MB
[runlim] argv[0]:		python3
[runlim] argv[1]:		/raid/steuber/Software/ablector/ablector
[runlim] argv[2]:		/raid/steuber/Benchmarks/2019/QF_BV/sage/app7/bench_5069.smt2
[runlim] argv[3]:		--ufReuse=1
[runlim] argv[4]:		--unsigned
[runlim] start:			Wed May 13 16:03:16 2020
[runlim] main pid:		10146
[Ablector] INFO: ABLECTOR TIME: 0.004061
[runlim] end:			Wed May 13 16:03:19 2020
[runlim] status:		ok
[runlim] result:		0
[runlim] children:		17
[runlim] real:			3.22 seconds
[runlim] time:			2.40 seconds
[runlim] space:			86.6 MB
[runlim] samples:		22
[runlim] version:		1.10
[runlim] time limit:		311040000 seconds
[runlim] real time limit:	1200 seconds
[runlim] space limit:		15000 MB
[runlim] argv[0]:		python3
[runlim] argv[1]:		/raid/steuber/Software/ablector/ablector
[runlim] argv[2]:		/raid/steuber/Benchmarks/2019/QF_BV/sage/app1/bench_2168.smt2
[runlim] argv[3]:		--ufReuse=1
[runlim] argv[4]:		--unsigned
[runlim] start:			Wed May 13 16:03:19 2020
[runlim] main pid:		10224
[Ablector] INFO: ABLECTOR TIME: 0.003590
[runlim] end:			Wed May 13 16:03:20 2020
[runlim] status:		ok
[runlim] result:		0
[runlim] children:		0
[runlim] real:			1.14 seconds
[runlim] time:			0.96 seconds
[runlim] space:			37.8 MB
[runlim] samples:		5
[runlim] version:		1.10
[runlim] time limit:		311040000 seconds
[runlim] real time limit:	1200 seconds
[runlim] space limit:		15000 MB
[runlim] argv[0]:		python3
[runlim] argv[1]:		/raid/steuber/Software/ablector/ablector
[runlim] argv[2]:		/raid/steuber/Benchmarks/2019/QF_BV/sage/app8/bench_3584.smt2
[runlim] argv[3]:		--ufReuse=1
[runlim] argv[4]:		--unsigned
[runlim] start:			Wed May 13 16:03:20 2020
[runlim] main pid:		10249
[Ablector] INFO: ABLECTOR TIME: 0.003907
[runlim] end:			Wed May 13 16:03:21 2020
[runlim] status:		ok
[runlim] result:		0
[runlim] children:		0
[runlim] real:			1.09 seconds
[runlim] time:			1.08 seconds
[runlim] space:			37.8 MB
[runlim] samples:		5
[runlim] version:		1.10
[runlim] time limit:		311040000 seconds
[runlim] real time limit:	1200 seconds
[runlim] space limit:		15000 MB
[runlim] argv[0]:		python3
[runlim] argv[1]:		/raid/steuber/Software/ablector/ablector
[runlim] argv[2]:		/raid/steuber/Benchmarks/2019/QF_BV/sage/app7/bench_26.smt2
[runlim] argv[3]:		--ufReuse=1
[runlim] argv[4]:		--unsigned
[runlim] start:			Wed May 13 16:03:21 2020
[runlim] main pid:		10285
[Ablector] INFO: ABLECTOR TIME: 0.003864
[runlim] end:			Wed May 13 16:03:23 2020
[runlim] status:		ok
[runlim] result:		0
[runlim] children:		19
[runlim] real:			2.75 seconds
[runlim] time:			2.73 seconds
[runlim] space:			98.1 MB
[runlim] samples:		22
[runlim] version:		1.10
[runlim] time limit:		311040000 seconds
[runlim] real time limit:	1200 seconds
[runlim] space limit:		15000 MB
[runlim] argv[0]:		python3
[runlim] argv[1]:		/raid/steuber/Software/ablector/ablector
[runlim] argv[2]:		/raid/steuber/Benchmarks/2019/QF_BV/Sage2/bench_11820.smt2
[runlim] argv[3]:		--ufReuse=1
[runlim] argv[4]:		--unsigned
[runlim] start:			Wed May 13 16:03:24 2020
[runlim] main pid:		10307
[Ablector] INFO: ABLECTOR TIME: 0.003632
[runlim] end:			Wed May 13 16:03:24 2020
[runlim] status:		ok
[runlim] result:		0
[runlim] children:		0
[runlim] real:			0.56 seconds
[runlim] time:			0.93 seconds
[runlim] space:			37.6 MB
[runlim] samples:		4
[runlim] version:		1.10
[runlim] time limit:		311040000 seconds
[runlim] real time limit:	1200 seconds
[runlim] space limit:		15000 MB
[runlim] argv[0]:		python3
[runlim] argv[1]:		/raid/steuber/Software/ablector/ablector
[runlim] argv[2]:		/raid/steuber/Benchmarks/2019/QF_BV/Sage2/bench_12195.smt2
[runlim] argv[3]:		--ufReuse=1
[runlim] argv[4]:		--unsigned
[runlim] start:			Wed May 13 16:03:24 2020
[runlim] main pid:		10327
[Ablector] INFO: *** ROUND 0
[MulNode] INFO: Level 0
[MulNode] INFO: Level 0
[MulNode] INFO: Level 0
[MulNode] INFO: Level 0
[MulNode] INFO: Level 0
[MulNode] INFO: Level 0
[MulNode] INFO: Level 0
[MulNode] INFO: Level 0
[MulNode] INFO: Level 0
[MulNode] INFO: Level 0
[MulNode] INFO: Level 0
[MulNode] INFO: Level 0
[MulNode] INFO: Level 0
[MulNode] INFO: Level 0
[MulNode] INFO: Level 0
[MulNode] INFO: Level 0
[MulNode] INFO: Level 0
[MulNode] INFO: Level 0
[MulNode] INFO: Level 0
[MulNode] INFO: Level 0
[MulNode] INFO: Level 0
[MulNode] INFO: Level 0
[MulNode] INFO: Level 0
[MulNode] INFO: Level 0
[MulNode] INFO: Level 0
[MulNode] INFO: Level 0
[MulNode] INFO: Level 0
[Ablector] INFO: ABLECTOR TIME: 6.567048
[Ablector] INFO: SAT TIME: 6.557404
[Ablector] INFO: REF TIME: 0.253850
[runlim] end:			Wed May 13 16:03:32 2020
[runlim] status:		ok
[runlim] result:		0
[runlim] children:		1
[runlim] real:			8.31 seconds
[runlim] time:			7.91 seconds
[runlim] space:			83.3 MB
[runlim] samples:		74
[runlim] version:		1.10
[runlim] time limit:		311040000 seconds
[runlim] real time limit:	1200 seconds
[runlim] space limit:		15000 MB
[runlim] argv[0]:		python3
[runlim] argv[1]:		/raid/steuber/Software/ablector/ablector
[runlim] argv[2]:		/raid/steuber/Benchmarks/2019/QF_BV/sage/app7/bench_5481.smt2
[runlim] argv[3]:		--ufReuse=1
[runlim] argv[4]:		--unsigned
[runlim] start:			Wed May 13 16:03:32 2020
[runlim] main pid:		10347
[Ablector] INFO: ABLECTOR TIME: 0.003700
[runlim] end:			Wed May 13 16:03:33 2020
[runlim] status:		ok
[runlim] result:		0
[runlim] children:		1
[runlim] real:			1.16 seconds
[runlim] time:			0.96 seconds
[runlim] space:			40.0 MB
[runlim] samples:		4
[runlim] version:		1.10
[runlim] time limit:		311040000 seconds
[runlim] real time limit:	1200 seconds
[runlim] space limit:		15000 MB
[runlim] argv[0]:		python3
[runlim] argv[1]:		/raid/steuber/Software/ablector/ablector
[runlim] argv[2]:		/raid/steuber/Benchmarks/2019/QF_BV/sage/app7/bench_5438.smt2
[runlim] argv[3]:		--ufReuse=1
[runlim] argv[4]:		--unsigned
[runlim] start:			Wed May 13 16:03:33 2020
[runlim] main pid:		10367
[Ablector] INFO: ABLECTOR TIME: 0.003537
[runlim] end:			Wed May 13 16:03:34 2020
[runlim] status:		ok
[runlim] result:		0
[runlim] children:		0
[runlim] real:			1.03 seconds
[runlim] time:			1.01 seconds
[runlim] space:			37.5 MB
[runlim] samples:		5
[runlim] version:		1.10
[runlim] time limit:		311040000 seconds
[runlim] real time limit:	1200 seconds
[runlim] space limit:		15000 MB
[runlim] argv[0]:		python3
[runlim] argv[1]:		/raid/steuber/Software/ablector/ablector
[runlim] argv[2]:		/raid/steuber/Benchmarks/2019/QF_BV/sage/app7/bench_1357.smt2
[runlim] argv[3]:		--ufReuse=1
[runlim] argv[4]:		--unsigned
[runlim] start:			Wed May 13 16:03:34 2020
[runlim] main pid:		10387
[Ablector] INFO: ABLECTOR TIME: 0.003747
[runlim] end:			Wed May 13 16:03:35 2020
[runlim] status:		ok
[runlim] result:		0
[runlim] children:		7
[runlim] real:			1.53 seconds
[runlim] time:			1.54 seconds
[runlim] space:			68.2 MB
[runlim] samples:		11
[runlim] version:		1.10
[runlim] time limit:		311040000 seconds
[runlim] real time limit:	1200 seconds
[runlim] space limit:		15000 MB
[runlim] argv[0]:		python3
[runlim] argv[1]:		/raid/steuber/Software/ablector/ablector
[runlim] argv[2]:		/raid/steuber/Benchmarks/2019/QF_BV/sage/app7/bench_3483.smt2
[runlim] argv[3]:		--ufReuse=1
[runlim] argv[4]:		--unsigned
[runlim] start:			Wed May 13 16:03:35 2020
[runlim] main pid:		10407
[Ablector] INFO: ABLECTOR TIME: 0.003700
[runlim] end:			Wed May 13 16:03:36 2020
[runlim] status:		ok
[runlim] result:		0
[runlim] children:		3
[runlim] real:			1.57 seconds
[runlim] time:			1.10 seconds
[runlim] space:			49.0 MB
[runlim] samples:		6
[runlim] version:		1.10
[runlim] time limit:		311040000 seconds
[runlim] real time limit:	1200 seconds
[runlim] space limit:		15000 MB
[runlim] argv[0]:		python3
[runlim] argv[1]:		/raid/steuber/Software/ablector/ablector
[runlim] argv[2]:		/raid/steuber/Benchmarks/2019/QF_BV/sage/app7/bench_353.smt2
[runlim] argv[3]:		--ufReuse=1
[runlim] argv[4]:		--unsigned
[runlim] start:			Wed May 13 16:03:36 2020
[runlim] main pid:		10427
[Ablector] INFO: ABLECTOR TIME: 0.003598
[runlim] end:			Wed May 13 16:03:38 2020
[runlim] status:		ok
[runlim] result:		0
[runlim] children:		13
[runlim] real:			2.73 seconds
[runlim] time:			2.23 seconds
[runlim] space:			81.7 MB
[runlim] samples:		18
[runlim] version:		1.10
[runlim] time limit:		311040000 seconds
[runlim] real time limit:	1200 seconds
[runlim] space limit:		15000 MB
[runlim] argv[0]:		python3
[runlim] argv[1]:		/raid/steuber/Software/ablector/ablector
[runlim] argv[2]:		/raid/steuber/Benchmarks/2019/QF_BV/sage/app7/bench_383.smt2
[runlim] argv[3]:		--ufReuse=1
[runlim] argv[4]:		--unsigned
[runlim] start:			Wed May 13 16:03:39 2020
[runlim] main pid:		10449
[Ablector] INFO: ABLECTOR TIME: 0.003781
[runlim] end:			Wed May 13 16:03:40 2020
[runlim] status:		ok
[runlim] result:		0
[runlim] children:		13
[runlim] real:			1.93 seconds
[runlim] time:			2.25 seconds
[runlim] space:			81.6 MB
[runlim] samples:		18
[runlim] version:		1.10
[runlim] time limit:		311040000 seconds
[runlim] real time limit:	1200 seconds
[runlim] space limit:		15000 MB
[runlim] argv[0]:		python3
[runlim] argv[1]:		/raid/steuber/Software/ablector/ablector
[runlim] argv[2]:		/raid/steuber/Benchmarks/2019/QF_BV/Sage2/bench_11828.smt2
[runlim] argv[3]:		--ufReuse=1
[runlim] argv[4]:		--unsigned
[runlim] start:			Wed May 13 16:03:41 2020
[runlim] main pid:		10471
[Ablector] INFO: *** ROUND 0
[runlim] sample:		10.6 time, 10.3 real, 52.6 MB
[runlim] sample:		20.6 time, 20.3 real, 57.8 MB
[runlim] sample:		30.6 time, 30.3 real, 63.7 MB
[runlim] sample:		40.5 time, 40.3 real, 65.0 MB
[runlim] sample:		50.5 time, 50.3 real, 66.2 MB
[runlim] sample:		60.5 time, 60.3 real, 65.4 MB
[runlim] sample:		70.5 time, 70.3 real, 66.4 MB
[runlim] sample:		80.5 time, 80.3 real, 67.7 MB
[runlim] sample:		90.5 time, 90.3 real, 72.7 MB
[runlim] sample:		100.5 time, 100.3 real, 68.7 MB
[runlim] sample:		110.5 time, 110.3 real, 68.9 MB
[runlim] sample:		120.5 time, 120.3 real, 69.2 MB
[runlim] sample:		130.5 time, 130.3 real, 69.7 MB
[runlim] sample:		140.5 time, 140.3 real, 70.7 MB
[runlim] sample:		150.5 time, 150.3 real, 71.3 MB
[runlim] sample:		160.5 time, 160.3 real, 72.0 MB
[runlim] sample:		170.5 time, 170.3 real, 72.0 MB
[runlim] sample:		180.5 time, 180.3 real, 72.4 MB
[runlim] sample:		190.5 time, 190.3 real, 72.8 MB
[runlim] sample:		200.5 time, 200.3 real, 72.9 MB
[runlim] sample:		210.5 time, 210.3 real, 73.7 MB
[runlim] sample:		220.5 time, 220.3 real, 74.1 MB
[runlim] sample:		230.5 time, 230.3 real, 74.3 MB
[runlim] sample:		240.5 time, 240.3 real, 74.6 MB
[runlim] sample:		250.5 time, 250.3 real, 75.0 MB
[runlim] sample:		260.5 time, 260.3 real, 80.3 MB
[runlim] sample:		270.5 time, 270.3 real, 76.1 MB
[runlim] sample:		280.5 time, 280.3 real, 81.9 MB
[runlim] sample:		290.5 time, 290.3 real, 81.8 MB
[runlim] sample:		300.5 time, 300.3 real, 76.1 MB
[runlim] sample:		310.5 time, 310.3 real, 81.8 MB
[runlim] sample:		320.5 time, 320.3 real, 77.1 MB
[runlim] sample:		330.5 time, 330.3 real, 83.3 MB
[runlim] sample:		340.5 time, 340.3 real, 83.5 MB
[runlim] sample:		350.5 time, 350.3 real, 77.4 MB
[runlim] sample:		360.5 time, 360.3 real, 77.6 MB
[runlim] sample:		370.5 time, 370.3 real, 84.2 MB
[runlim] sample:		380.5 time, 380.3 real, 78.5 MB
[runlim] sample:		390.5 time, 390.3 real, 85.1 MB
[runlim] sample:		400.5 time, 400.3 real, 82.4 MB
[runlim] sample:		410.5 time, 410.3 real, 88.5 MB
[runlim] sample:		420.5 time, 420.3 real, 88.6 MB
[runlim] sample:		430.5 time, 430.3 real, 82.2 MB
[runlim] sample:		440.5 time, 440.3 real, 81.6 MB
[runlim] sample:		450.5 time, 450.3 real, 89.7 MB
[runlim] sample:		460.5 time, 460.3 real, 82.7 MB
[runlim] sample:		470.5 time, 470.3 real, 90.2 MB
[runlim] sample:		480.5 time, 480.3 real, 90.6 MB
[runlim] sample:		490.5 time, 490.3 real, 83.2 MB
[MulNode] INFO: Level 0
[MulNode] INFO: Level 0
[MulNode] INFO: Level 0
[MulNode] INFO: Level 0
[MulNode] INFO: Level 0
[MulNode] INFO: Level 0
[MulNode] INFO: Level 0
[Ablector] INFO: ABLECTOR TIME: 491.707520
[Ablector] INFO: SAT TIME: 491.701759
[Ablector] INFO: REF TIME: 0.070468
[runlim] end:			Wed May 13 16:11:53 2020
[runlim] status:		ok
[runlim] result:		0
[runlim] children:		0
[runlim] real:			492.62 seconds
[runlim] time:			492.76 seconds
[runlim] space:			90.7 MB
[runlim] samples:		4923
[runlim] version:		1.10
[runlim] time limit:		311040000 seconds
[runlim] real time limit:	1200 seconds
[runlim] space limit:		15000 MB
[runlim] argv[0]:		python3
[runlim] argv[1]:		/raid/steuber/Software/ablector/ablector
[runlim] argv[2]:		/raid/steuber/Benchmarks/2019/QF_BV/Sage2/bench_9523.smt2
[runlim] argv[3]:		--ufReuse=1
[runlim] argv[4]:		--unsigned
[runlim] start:			Wed May 13 16:11:54 2020
[runlim] main pid:		12019
[Ablector] INFO: *** ROUND 0
[MulNode] INFO: Level 0
[Ablector] INFO: ABLECTOR TIME: 0.170481
[Ablector] INFO: SAT TIME: 0.166034
[Ablector] INFO: REF TIME: 0.011014
[runlim] end:			Wed May 13 16:11:54 2020
[runlim] status:		ok
[runlim] result:		0
[runlim] children:		0
[runlim] real:			0.74 seconds
[runlim] time:			1.25 seconds
[runlim] space:			41.4 MB
[runlim] samples:		7
[runlim] version:		1.10
[runlim] time limit:		311040000 seconds
[runlim] real time limit:	1200 seconds
[runlim] space limit:		15000 MB
[runlim] argv[0]:		python3
[runlim] argv[1]:		/raid/steuber/Software/ablector/ablector
[runlim] argv[2]:		/raid/steuber/Benchmarks/2019/QF_BV/log-slicing/bvsmod_19.smt2
[runlim] argv[3]:		--ufReuse=1
[runlim] argv[4]:		--unsigned
[runlim] start:			Wed May 13 16:11:55 2020
[runlim] main pid:		12055
[Ablector] INFO: *** ROUND 0
[Ablector] INFO: *** ROUND 1
[runlim] sample:		10.5 time, 10.1 real, 74.6 MB
[runlim] sample:		20.5 time, 20.1 real, 78.2 MB
[runlim] sample:		30.5 time, 30.1 real, 82.3 MB
[runlim] sample:		40.5 time, 40.1 real, 84.9 MB
[runlim] sample:		50.5 time, 50.1 real, 89.3 MB
[runlim] sample:		60.5 time, 60.1 real, 90.0 MB
[runlim] sample:		70.5 time, 70.1 real, 90.0 MB
[runlim] sample:		80.5 time, 80.1 real, 90.8 MB
[runlim] sample:		90.5 time, 90.1 real, 92.6 MB
[runlim] sample:		100.5 time, 100.1 real, 92.6 MB
[runlim] sample:		110.5 time, 110.1 real, 96.0 MB
[runlim] sample:		120.5 time, 120.1 real, 97.0 MB
[runlim] sample:		130.5 time, 130.1 real, 97.5 MB
[runlim] sample:		140.5 time, 140.1 real, 97.5 MB
[runlim] sample:		150.5 time, 150.1 real, 97.5 MB
[runlim] sample:		160.5 time, 160.1 real, 98.0 MB
[runlim] sample:		170.5 time, 170.1 real, 98.0 MB
[runlim] sample:		180.5 time, 180.1 real, 98.0 MB
[runlim] sample:		190.5 time, 190.1 real, 98.0 MB
[runlim] sample:		200.5 time, 200.1 real, 102.7 MB
[runlim] sample:		210.5 time, 210.1 real, 102.7 MB
[runlim] sample:		220.5 time, 220.1 real, 102.7 MB
[runlim] sample:		230.5 time, 230.1 real, 102.7 MB
[runlim] sample:		240.5 time, 240.1 real, 102.7 MB
[runlim] sample:		250.5 time, 250.1 real, 102.7 MB
[runlim] sample:		260.5 time, 260.1 real, 102.7 MB
[runlim] sample:		270.5 time, 270.1 real, 102.7 MB
[runlim] sample:		280.5 time, 280.1 real, 103.2 MB
[runlim] sample:		290.5 time, 290.1 real, 106.3 MB
[runlim] sample:		300.5 time, 300.1 real, 106.3 MB
[runlim] sample:		310.5 time, 310.1 real, 110.1 MB
[runlim] sample:		320.5 time, 320.1 real, 110.1 MB
[runlim] sample:		330.5 time, 330.1 real, 111.2 MB
[runlim] sample:		340.5 time, 340.1 real, 111.4 MB
[runlim] sample:		350.5 time, 350.1 real, 115.6 MB
[runlim] sample:		360.5 time, 360.1 real, 115.6 MB
[runlim] sample:		370.5 time, 370.1 real, 115.6 MB
[runlim] sample:		380.5 time, 380.1 real, 115.6 MB
[runlim] sample:		390.5 time, 390.1 real, 115.6 MB
[runlim] sample:		400.5 time, 400.1 real, 115.6 MB
[runlim] sample:		410.5 time, 410.1 real, 115.6 MB
[runlim] sample:		420.5 time, 420.1 real, 115.6 MB
[runlim] sample:		430.5 time, 430.1 real, 115.6 MB
[runlim] sample:		440.5 time, 440.1 real, 115.6 MB
[runlim] sample:		450.5 time, 450.1 real, 115.6 MB
[runlim] sample:		460.5 time, 460.1 real, 125.3 MB
[runlim] sample:		470.5 time, 470.1 real, 125.3 MB
[runlim] sample:		480.5 time, 480.1 real, 120.5 MB
[runlim] sample:		490.5 time, 490.1 real, 125.6 MB
[runlim] sample:		500.5 time, 500.1 real, 119.4 MB
[runlim] sample:		510.5 time, 510.1 real, 123.3 MB
[runlim] sample:		520.5 time, 520.1 real, 124.0 MB
[runlim] sample:		530.5 time, 530.1 real, 124.0 MB
[runlim] sample:		540.5 time, 540.1 real, 120.6 MB
[runlim] sample:		550.5 time, 550.1 real, 125.6 MB
[runlim] sample:		560.5 time, 560.1 real, 125.6 MB
[runlim] sample:		570.5 time, 570.1 real, 123.3 MB
[runlim] sample:		580.5 time, 580.1 real, 120.9 MB
[runlim] sample:		590.5 time, 590.1 real, 126.1 MB
[runlim] sample:		600.5 time, 600.1 real, 126.1 MB
[runlim] sample:		610.5 time, 610.1 real, 120.6 MB
[runlim] sample:		620.5 time, 620.1 real, 125.7 MB
[runlim] sample:		630.5 time, 630.1 real, 121.1 MB
[runlim] sample:		640.5 time, 640.1 real, 121.1 MB
[runlim] sample:		650.5 time, 650.1 real, 126.7 MB
[runlim] sample:		660.5 time, 660.1 real, 124.7 MB
[runlim] sample:		670.5 time, 670.1 real, 124.7 MB
[runlim] sample:		680.5 time, 680.1 real, 124.7 MB
[runlim] sample:		690.5 time, 690.1 real, 124.7 MB
[runlim] sample:		700.5 time, 700.1 real, 125.4 MB
[runlim] sample:		710.5 time, 710.1 real, 121.0 MB
[runlim] sample:		720.5 time, 720.1 real, 126.4 MB
[runlim] sample:		730.5 time, 730.1 real, 126.4 MB
[runlim] sample:		740.5 time, 740.1 real, 126.4 MB
[runlim] sample:		750.5 time, 750.1 real, 126.4 MB
[runlim] sample:		760.5 time, 760.1 real, 126.4 MB
[runlim] sample:		770.5 time, 770.1 real, 126.4 MB
[runlim] sample:		780.5 time, 780.1 real, 121.1 MB
[runlim] sample:		790.5 time, 790.1 real, 126.7 MB
[runlim] sample:		800.5 time, 800.1 real, 126.7 MB
[runlim] sample:		810.5 time, 810.1 real, 126.7 MB
[runlim] sample:		820.5 time, 820.1 real, 126.7 MB
[runlim] sample:		830.5 time, 830.1 real, 126.7 MB
[runlim] sample:		840.5 time, 840.1 real, 111.4 MB
[runlim] sample:		850.5 time, 850.1 real, 118.7 MB
[runlim] sample:		860.5 time, 860.1 real, 115.0 MB
[runlim] sample:		870.5 time, 870.1 real, 113.4 MB
[runlim] sample:		880.5 time, 880.1 real, 117.2 MB
[runlim] sample:		890.5 time, 890.1 real, 112.5 MB
[runlim] sample:		900.5 time, 900.1 real, 114.5 MB
[runlim] sample:		910.5 time, 910.1 real, 114.4 MB
[runlim] sample:		920.5 time, 920.1 real, 117.6 MB
[runlim] sample:		930.5 time, 930.1 real, 117.6 MB
[runlim] sample:		940.5 time, 940.1 real, 118.0 MB
[runlim] sample:		950.5 time, 950.1 real, 117.0 MB
[runlim] sample:		960.5 time, 960.1 real, 113.5 MB
[runlim] sample:		970.5 time, 970.1 real, 112.2 MB
[runlim] sample:		980.4 time, 980.1 real, 115.2 MB
[runlim] sample:		990.4 time, 990.1 real, 115.6 MB
[runlim] sample:		1000.5 time, 1000.1 real, 115.7 MB
[runlim] sample:		1010.5 time, 1010.1 real, 113.2 MB
[runlim] sample:		1020.5 time, 1020.1 real, 112.9 MB
[runlim] sample:		1030.5 time, 1030.1 real, 116.5 MB
[runlim] sample:		1040.4 time, 1040.1 real, 111.6 MB
[runlim] sample:		1050.4 time, 1050.1 real, 111.4 MB
[runlim] sample:		1060.5 time, 1060.1 real, 118.0 MB
[runlim] sample:		1070.5 time, 1070.1 real, 118.4 MB
[runlim] sample:		1080.4 time, 1080.1 real, 119.0 MB
[runlim] sample:		1090.5 time, 1090.1 real, 118.4 MB
[runlim] sample:		1100.5 time, 1100.1 real, 114.4 MB
[runlim] sample:		1110.4 time, 1110.1 real, 114.4 MB
[runlim] sample:		1120.4 time, 1120.1 real, 113.6 MB
[runlim] sample:		1130.4 time, 1130.1 real, 114.0 MB
[runlim] sample:		1140.5 time, 1140.1 real, 117.0 MB
[runlim] sample:		1150.4 time, 1150.1 real, 113.5 MB
[runlim] sample:		1160.4 time, 1160.1 real, 116.5 MB
[runlim] sample:		1170.4 time, 1170.1 real, 117.5 MB
[runlim] sample:		1180.4 time, 1180.1 real, 116.8 MB
[runlim] sample:		1190.4 time, 1190.1 real, 122.7 MB
[runlim] end:			Wed May 13 16:31:55 2020
[runlim] status:		out of time
[runlim] result:		2
[runlim] children:		0
[runlim] real:			1200.03 seconds
[runlim] time:			1200.34 seconds
[runlim] space:			127.5 MB
[runlim] samples:		11999
[runlim] version:		1.10
[runlim] time limit:		311040000 seconds
[runlim] real time limit:	1200 seconds
[runlim] space limit:		15000 MB
[runlim] argv[0]:		python3
[runlim] argv[1]:		/raid/steuber/Software/ablector/ablector
[runlim] argv[2]:		/raid/steuber/Benchmarks/2019/QF_BV/sage/app1/bench_2187.smt2
[runlim] argv[3]:		--ufReuse=1
[runlim] argv[4]:		--unsigned
[runlim] start:			Wed May 13 16:31:55 2020
[runlim] main pid:		13406
[Ablector] INFO: ABLECTOR TIME: 0.003677
[runlim] end:			Wed May 13 16:31:56 2020
[runlim] status:		ok
[runlim] result:		0
[runlim] children:		0
[runlim] real:			1.25 seconds
[runlim] time:			1.04 seconds
[runlim] space:			37.6 MB
[runlim] samples:		7
[runlim] version:		1.10
[runlim] time limit:		311040000 seconds
[runlim] real time limit:	1200 seconds
[runlim] space limit:		15000 MB
[runlim] argv[0]:		python3
[runlim] argv[1]:		/raid/steuber/Software/ablector/ablector
[runlim] argv[2]:		/raid/steuber/Benchmarks/2019/QF_BV/sage/app2/bench_648.smt2
[runlim] argv[3]:		--ufReuse=1
[runlim] argv[4]:		--unsigned
[runlim] start:			Wed May 13 16:31:56 2020
[runlim] main pid:		13426
[Ablector] INFO: ABLECTOR TIME: 0.003864
[runlim] end:			Wed May 13 16:31:57 2020
[runlim] status:		ok
[runlim] result:		0
[runlim] children:		2
[runlim] real:			1.24 seconds
[runlim] time:			0.95 seconds
[runlim] space:			37.6 MB
[runlim] samples:		6
[runlim] version:		1.10
[runlim] time limit:		311040000 seconds
[runlim] real time limit:	1200 seconds
[runlim] space limit:		15000 MB
[runlim] argv[0]:		python3
[runlim] argv[1]:		/raid/steuber/Software/ablector/ablector
[runlim] argv[2]:		/raid/steuber/Benchmarks/2019/QF_BV/sage/app7/bench_1402.smt2
[runlim] argv[3]:		--ufReuse=1
[runlim] argv[4]:		--unsigned
[runlim] start:			Wed May 13 16:31:57 2020
[runlim] main pid:		13446
[Ablector] INFO: ABLECTOR TIME: 0.003949
[runlim] end:			Wed May 13 16:31:58 2020
[runlim] status:		ok
[runlim] result:		0
[runlim] children:		6
[runlim] real:			1.61 seconds
[runlim] time:			1.44 seconds
[runlim] space:			64.7 MB
[runlim] samples:		10
[runlim] version:		1.10
[runlim] time limit:		311040000 seconds
[runlim] real time limit:	1200 seconds
[runlim] space limit:		15000 MB
[runlim] argv[0]:		python3
[runlim] argv[1]:		/raid/steuber/Software/ablector/ablector
[runlim] argv[2]:		/raid/steuber/Benchmarks/2019/QF_BV/Sage2/bench_13760.smt2
[runlim] argv[3]:		--ufReuse=1
[runlim] argv[4]:		--unsigned
[runlim] start:			Wed May 13 16:31:58 2020
[runlim] main pid:		13467
[Ablector] INFO: *** ROUND 0
[MulNode] INFO: Level 0
[MulNode] INFO: Level 0
[MulNode] INFO: Level 0
[UdivNode] INFO: Level 0
[MulNode] INFO: Level 0
[UdivNode] INFO: Level 0
[MulNode] INFO: Level 0
[UdivNode] INFO: Level 0
[MulNode] INFO: Level 0
[MulNode] INFO: Level 0
[MulNode] INFO: Level 0
[MulNode] INFO: Level 0
[MulNode] INFO: Level 0
[MulNode] INFO: Level 0
[MulNode] INFO: Level 0
[MulNode] INFO: Level 0
[MulNode] INFO: Level 0
[MulNode] INFO: Level 0
[MulNode] INFO: Level 0
[MulNode] INFO: Level 0
[MulNode] INFO: Level 0
[MulNode] INFO: Level 0
[MulNode] INFO: Level 0
[MulNode] INFO: Level 0
[MulNode] INFO: Level 0
[MulNode] INFO: Level 0
[MulNode] INFO: Level 0
[MulNode] INFO: Level 0
[MulNode] INFO: Level 0
[MulNode] INFO: Level 0
[MulNode] INFO: Level 0
[MulNode] INFO: Level 0
[MulNode] INFO: Level 0
[MulNode] INFO: Level 0
[MulNode] INFO: Level 0
[MulNode] INFO: Level 0
[MulNode] INFO: Level 0
[MulNode] INFO: Level 0
[MulNode] INFO: Level 0
[MulNode] INFO: Level 0
[MulNode] INFO: Level 0
[MulNode] INFO: Level 0
[MulNode] INFO: Level 0
[MulNode] INFO: Level 0
[MulNode] INFO: Level 0
[MulNode] INFO: Level 0
[MulNode] INFO: Level 0
[MulNode] INFO: Level 0
[MulNode] INFO: Level 0
[MulNode] INFO: Level 0
[MulNode] INFO: Level 0
[MulNode] INFO: Level 0
[MulNode] INFO: Level 0
[MulNode] INFO: Level 0
[MulNode] INFO: Level 0
[MulNode] INFO: Level 0
[MulNode] INFO: Level 0
[MulNode] INFO: Level 0
[MulNode] INFO: Level 0
[MulNode] INFO: Level 0
[MulNode] INFO: Level 0
[MulNode] INFO: Level 0
[MulNode] INFO: Level 0
[MulNode] INFO: Level 0
[MulNode] INFO: Level 0
[MulNode] INFO: Level 0
[MulNode] INFO: Level 0
[MulNode] INFO: Level 0
[MulNode] INFO: Level 0
[MulNode] INFO: Level 0
[MulNode] INFO: Level 0
[MulNode] INFO: Level 0
[MulNode] INFO: Level 0
[MulNode] INFO: Level 0
[MulNode] INFO: Level 0
[MulNode] INFO: Level 0
[MulNode] INFO: Level 0
[MulNode] INFO: Level 0
[MulNode] INFO: Level 0
[MulNode] INFO: Level 0
[MulNode] INFO: Level 0
[Ablector] INFO: ABLECTOR TIME: 3.962292
[Ablector] INFO: SAT TIME: 3.942277
[Ablector] INFO: REF TIME: 0.731307
[runlim] end:			Wed May 13 16:32:03 2020
[runlim] status:		ok
[runlim] result:		0
[runlim] children:		0
[runlim] real:			5.92 seconds
[runlim] time:			5.40 seconds
[runlim] space:			128.6 MB
[runlim] samples:		49
[runlim] version:		1.10
[runlim] time limit:		311040000 seconds
[runlim] real time limit:	1200 seconds
[runlim] space limit:		15000 MB
[runlim] argv[0]:		python3
[runlim] argv[1]:		/raid/steuber/Software/ablector/ablector
[runlim] argv[2]:		/raid/steuber/Benchmarks/2019/QF_BV/Sage2/bench_3710.smt2
[runlim] argv[3]:		--ufReuse=1
[runlim] argv[4]:		--unsigned
[runlim] start:			Wed May 13 16:32:04 2020
[runlim] main pid:		13487
[Ablector] INFO: *** ROUND 0
[runlim] sample:		10.3 time, 10.3 real, 131.4 MB
[MulNode] INFO: Level 0
[MulNode] INFO: Level 0
[MulNode] INFO: Level 0
[MulNode] INFO: Level 0
[MulNode] INFO: Level 0
[MulNode] INFO: Level 0
[MulNode] INFO: Level 0
[MulNode] INFO: Level 0
[MulNode] INFO: Level 0
[MulNode] INFO: Level 0
[MulNode] INFO: Level 0
[MulNode] INFO: Level 0
[MulNode] INFO: Level 0
[MulNode] INFO: Level 0
[MulNode] INFO: Level 0
[MulNode] INFO: Level 0
[MulNode] INFO: Level 0
[MulNode] INFO: Level 0
[MulNode] INFO: Level 0
[MulNode] INFO: Level 0
[MulNode] INFO: Level 0
[MulNode] INFO: Level 0
[MulNode] INFO: Level 0
[MulNode] INFO: Level 0
[MulNode] INFO: Level 0
[MulNode] INFO: Level 0
[MulNode] INFO: Level 0
[MulNode] INFO: Level 0
[MulNode] INFO: Level 0
[MulNode] INFO: Level 0
[MulNode] INFO: Level 0
[MulNode] INFO: Level 0
[MulNode] INFO: Level 0
[MulNode] INFO: Level 0
[MulNode] INFO: Level 0
[MulNode] INFO: Level 0
[MulNode] INFO: Level 0
[MulNode] INFO: Level 0
[MulNode] INFO: Level 0
[MulNode] INFO: Level 0
[MulNode] INFO: Level 0
[MulNode] INFO: Level 0
[MulNode] INFO: Level 0
[MulNode] INFO: Level 0
[MulNode] INFO: Level 0
[MulNode] INFO: Level 0
[MulNode] INFO: Level 0
[MulNode] INFO: Level 0
[MulNode] INFO: Level 0
[MulNode] INFO: Level 0
[MulNode] INFO: Level 0
[MulNode] INFO: Level 0
[MulNode] INFO: Level 0
[MulNode] INFO: Level 0
[MulNode] INFO: Level 0
[MulNode] INFO: Level 0
[MulNode] INFO: Level 0
[MulNode] INFO: Level 0
[MulNode] INFO: Level 0
[MulNode] INFO: Level 0
[MulNode] INFO: Level 0
[MulNode] INFO: Level 0
[MulNode] INFO: Level 0
[MulNode] INFO: Level 0
[MulNode] INFO: Level 0
[MulNode] INFO: Level 0
[MulNode] INFO: Level 0
[MulNode] INFO: Level 0
[MulNode] INFO: Level 0
[MulNode] INFO: Level 0
[MulNode] INFO: Level 0
[MulNode] INFO: Level 0
[MulNode] INFO: Level 0
[MulNode] INFO: Level 0
[MulNode] INFO: Level 0
[MulNode] INFO: Level 0
[MulNode] INFO: Level 0
[MulNode] INFO: Level 0
[MulNode] INFO: Level 0
[MulNode] INFO: Level 0
[MulNode] INFO: Level 0
[MulNode] INFO: Level 0
[MulNode] INFO: Level 0
[MulNode] INFO: Level 0
[MulNode] INFO: Level 0
[MulNode] INFO: Level 0
[MulNode] INFO: Level 0
[MulNode] INFO: Level 0
[MulNode] INFO: Level 0
[MulNode] INFO: Level 0
[MulNode] INFO: Level 0
[MulNode] INFO: Level 0
[MulNode] INFO: Level 0
[MulNode] INFO: Level 0
[Ablector] INFO: ABLECTOR TIME: 7.892401
[Ablector] INFO: SAT TIME: 7.869263
[Ablector] INFO: REF TIME: 0.928764
[runlim] end:			Wed May 13 16:32:14 2020
[runlim] status:		ok
[runlim] result:		0
[runlim] children:		1
[runlim] real:			10.79 seconds
[runlim] time:			10.79 seconds
[runlim] space:			144.6 MB
[runlim] samples:		105
[runlim] version:		1.10
[runlim] time limit:		311040000 seconds
[runlim] real time limit:	1200 seconds
[runlim] space limit:		15000 MB
[runlim] argv[0]:		python3
[runlim] argv[1]:		/raid/steuber/Software/ablector/ablector
[runlim] argv[2]:		/raid/steuber/Benchmarks/2019/QF_BV/sage/app11/bench_104.smt2
[runlim] argv[3]:		--ufReuse=1
[runlim] argv[4]:		--unsigned
[runlim] start:			Wed May 13 16:32:15 2020
[runlim] main pid:		13509
[Ablector] INFO: ABLECTOR TIME: 0.004154
[runlim] end:			Wed May 13 16:32:16 2020
[runlim] status:		ok
[runlim] result:		0
[runlim] children:		5
[runlim] real:			1.12 seconds
[runlim] time:			1.31 seconds
[runlim] space:			67.1 MB
[runlim] samples:		9
[runlim] version:		1.10
[runlim] time limit:		311040000 seconds
[runlim] real time limit:	1200 seconds
[runlim] space limit:		15000 MB
[runlim] argv[0]:		python3
[runlim] argv[1]:		/raid/steuber/Software/ablector/ablector
[runlim] argv[2]:		/raid/steuber/Benchmarks/2019/QF_BV/Sage2/bench_12924.smt2
[runlim] argv[3]:		--ufReuse=1
[runlim] argv[4]:		--unsigned
[runlim] start:			Wed May 13 16:32:16 2020
[runlim] main pid:		13529
[Ablector] INFO: *** ROUND 0
[runlim] sample:		10.1 time, 10.5 real, 260.9 MB
[runlim] sample:		20.1 time, 20.5 real, 270.3 MB
[runlim] sample:		30.1 time, 30.5 real, 243.0 MB
[runlim] sample:		40.1 time, 40.5 real, 234.6 MB
[runlim] sample:		50.1 time, 50.5 real, 227.0 MB
[MulNode] INFO: Level 0
[MulNode] INFO: Level 0
[MulNode] INFO: Level 0
[MulNode] INFO: Level 0
[MulNode] INFO: Level 0
[MulNode] INFO: Level 0
[MulNode] INFO: Level 0
[MulNode] INFO: Level 0
[MulNode] INFO: Level 0
[MulNode] INFO: Level 0
[MulNode] INFO: Level 0
[MulNode] INFO: Level 0
[MulNode] INFO: Level 0
[MulNode] INFO: Level 0
[MulNode] INFO: Level 0
[MulNode] INFO: Level 0
[MulNode] INFO: Level 0
[MulNode] INFO: Level 0
[MulNode] INFO: Level 0
[MulNode] INFO: Level 0
[MulNode] INFO: Level 0
[MulNode] INFO: Level 0
[MulNode] INFO: Level 0
[MulNode] INFO: Level 0
[MulNode] INFO: Level 0
[MulNode] INFO: Level 0
[MulNode] INFO: Level 0
[MulNode] INFO: Level 0
[MulNode] INFO: Level 0
[MulNode] INFO: Level 0
[MulNode] INFO: Level 0
[MulNode] INFO: Level 0
[MulNode] INFO: Level 0
[MulNode] INFO: Level 0
[MulNode] INFO: Level 0
[MulNode] INFO: Level 0
[MulNode] INFO: Level 0
[MulNode] INFO: Level 0
[MulNode] INFO: Level 0
[MulNode] INFO: Level 0
[MulNode] INFO: Level 0
[MulNode] INFO: Level 0
[MulNode] INFO: Level 0
[MulNode] INFO: Level 0
[MulNode] INFO: Level 0
[MulNode] INFO: Level 0
[MulNode] INFO: Level 0
[MulNode] INFO: Level 0
[MulNode] INFO: Level 0
[MulNode] INFO: Level 0
[MulNode] INFO: Level 0
[MulNode] INFO: Level 0
[MulNode] INFO: Level 0
[MulNode] INFO: Level 0
[MulNode] INFO: Level 0
[MulNode] INFO: Level 0
[MulNode] INFO: Level 0
[MulNode] INFO: Level 0
[MulNode] INFO: Level 0
[MulNode] INFO: Level 0
[MulNode] INFO: Level 0
[MulNode] INFO: Level 0
[MulNode] INFO: Level 0
[MulNode] INFO: Level 0
[MulNode] INFO: Level 0
[MulNode] INFO: Level 0
[MulNode] INFO: Level 0
[MulNode] INFO: Level 0
[MulNode] INFO: Level 0
[MulNode] INFO: Level 0
[MulNode] INFO: Level 0
[MulNode] INFO: Level 0
[MulNode] INFO: Level 0
[MulNode] INFO: Level 0
[MulNode] INFO: Level 0
[MulNode] INFO: Level 0
[MulNode] INFO: Level 0
[MulNode] INFO: Level 0
[MulNode] INFO: Level 0
[MulNode] INFO: Level 0
[MulNode] INFO: Level 0
[MulNode] INFO: Level 0
[MulNode] INFO: Level 0
[MulNode] INFO: Level 0
[MulNode] INFO: Level 0
[MulNode] INFO: Level 0
[MulNode] INFO: Level 0
[MulNode] INFO: Level 0
[MulNode] INFO: Level 0
[MulNode] INFO: Level 0
[MulNode] INFO: Level 0
[MulNode] INFO: Level 0
[MulNode] INFO: Level 0
[MulNode] INFO: Level 0
[MulNode] INFO: Level 0
[MulNode] INFO: Level 0
[MulNode] INFO: Level 0
[MulNode] INFO: Level 0
[MulNode] INFO: Level 0
[MulNode] INFO: Level 0
[MulNode] INFO: Level 0
[MulNode] INFO: Level 0
[MulNode] INFO: Level 0
[MulNode] INFO: Level 0
[MulNode] INFO: Level 0
[MulNode] INFO: Level 0
[MulNode] INFO: Level 0
[MulNode] INFO: Level 0
[MulNode] INFO: Level 0
[MulNode] INFO: Level 0
[MulNode] INFO: Level 0
[MulNode] INFO: Level 0
[MulNode] INFO: Level 0
[MulNode] INFO: Level 0
[MulNode] INFO: Level 0
[MulNode] INFO: Level 0
[MulNode] INFO: Level 0
[MulNode] INFO: Level 0
[MulNode] INFO: Level 0
[MulNode] INFO: Level 0
[MulNode] INFO: Level 0
[MulNode] INFO: Level 0
[MulNode] INFO: Level 0
[MulNode] INFO: Level 0
[MulNode] INFO: Level 0
[MulNode] INFO: Level 0
[MulNode] INFO: Level 0
[MulNode] INFO: Level 0
[MulNode] INFO: Level 0
[MulNode] INFO: Level 0
[MulNode] INFO: Level 0
[MulNode] INFO: Level 0
[MulNode] INFO: Level 0
[MulNode] INFO: Level 0
[MulNode] INFO: Level 0
[MulNode] INFO: Level 0
[MulNode] INFO: Level 0
[MulNode] INFO: Level 0
[MulNode] INFO: Level 0
[MulNode] INFO: Level 0
[MulNode] INFO: Level 0
[MulNode] INFO: Level 0
[MulNode] INFO: Level 0
[MulNode] INFO: Level 0
[MulNode] INFO: Level 0
[MulNode] INFO: Level 0
[MulNode] INFO: Level 0
[MulNode] INFO: Level 0
[MulNode] INFO: Level 0
[MulNode] INFO: Level 0
[MulNode] INFO: Level 0
[MulNode] INFO: Level 0
[MulNode] INFO: Level 0
[MulNode] INFO: Level 0
[MulNode] INFO: Level 0
[MulNode] INFO: Level 0
[MulNode] INFO: Level 0
[MulNode] INFO: Level 0
[MulNode] INFO: Level 0
[MulNode] INFO: Level 0
[MulNode] INFO: Level 0
[MulNode] INFO: Level 0
[MulNode] INFO: Level 0
[MulNode] INFO: Level 0
[MulNode] INFO: Level 0
[MulNode] INFO: Level 0
[MulNode] INFO: Level 0
[MulNode] INFO: Level 0
[MulNode] INFO: Level 0
[MulNode] INFO: Level 0
[MulNode] INFO: Level 0
[MulNode] INFO: Level 0
[MulNode] INFO: Level 0
[MulNode] INFO: Level 0
[MulNode] INFO: Level 0
[MulNode] INFO: Level 0
[MulNode] INFO: Level 0
[MulNode] INFO: Level 0
[MulNode] INFO: Level 0
[MulNode] INFO: Level 0
[MulNode] INFO: Level 0
[MulNode] INFO: Level 0
[MulNode] INFO: Level 0
[MulNode] INFO: Level 0
[MulNode] INFO: Level 0
[Ablector] INFO: ABLECTOR TIME: 52.225909
[Ablector] INFO: SAT TIME: 52.184843
[Ablector] INFO: REF TIME: 1.997782
[runlim] end:			Wed May 13 16:33:14 2020
[runlim] status:		ok
[runlim] result:		0
[runlim] children:		5
[runlim] real:			58.31 seconds
[runlim] time:			57.89 seconds
[runlim] space:			291.0 MB
[runlim] samples:		578
[runlim] version:		1.10
[runlim] time limit:		311040000 seconds
[runlim] real time limit:	1200 seconds
[runlim] space limit:		15000 MB
[runlim] argv[0]:		python3
[runlim] argv[1]:		/raid/steuber/Software/ablector/ablector
[runlim] argv[2]:		/raid/steuber/Benchmarks/2019/QF_BV/sage/app7/bench_3077.smt2
[runlim] argv[3]:		--ufReuse=1
[runlim] argv[4]:		--unsigned
[runlim] start:			Wed May 13 16:33:14 2020
[runlim] main pid:		13580
[Ablector] INFO: ABLECTOR TIME: 0.003920
[runlim] end:			Wed May 13 16:33:15 2020
[runlim] status:		ok
[runlim] result:		0
[runlim] children:		2
[runlim] real:			1.37 seconds
[runlim] time:			1.15 seconds
[runlim] space:			48.8 MB
[runlim] samples:		7
[runlim] version:		1.10
[runlim] time limit:		311040000 seconds
[runlim] real time limit:	1200 seconds
[runlim] space limit:		15000 MB
[runlim] argv[0]:		python3
[runlim] argv[1]:		/raid/steuber/Software/ablector/ablector
[runlim] argv[2]:		/raid/steuber/Benchmarks/2019/QF_BV/Sage2/bench_9511.smt2
[runlim] argv[3]:		--ufReuse=1
[runlim] argv[4]:		--unsigned
[runlim] start:			Wed May 13 16:33:15 2020
[runlim] main pid:		13600
[Ablector] INFO: *** ROUND 0
[MulNode] INFO: Level 0
[Ablector] INFO: ABLECTOR TIME: 0.474826
[Ablector] INFO: SAT TIME: 0.469642
[Ablector] INFO: REF TIME: 0.010720
[runlim] end:			Wed May 13 16:33:16 2020
[runlim] status:		ok
[runlim] result:		0
[runlim] children:		0
[runlim] real:			1.79 seconds
[runlim] time:			1.56 seconds
[runlim] space:			47.6 MB
[runlim] samples:		10
[runlim] version:		1.10
[runlim] time limit:		311040000 seconds
[runlim] real time limit:	1200 seconds
[runlim] space limit:		15000 MB
[runlim] argv[0]:		python3
[runlim] argv[1]:		/raid/steuber/Software/ablector/ablector
[runlim] argv[2]:		/raid/steuber/Benchmarks/2019/QF_BV/20190311-bv-term-small-rw-Noetzli/bv-term-small-rw_826.smt2
[runlim] argv[3]:		--ufReuse=1
[runlim] argv[4]:		--unsigned
[runlim] start:			Wed May 13 16:33:17 2020
[runlim] main pid:		13620
[Ablector] INFO: ABLECTOR TIME: 0.004148
[runlim] end:			Wed May 13 16:33:17 2020
[runlim] status:		ok
[runlim] result:		0
[runlim] children:		0
[runlim] real:			0.62 seconds
[runlim] time:			0.98 seconds
[runlim] space:			37.5 MB
[runlim] samples:		4
[runlim] version:		1.10
[runlim] time limit:		311040000 seconds
[runlim] real time limit:	1200 seconds
[runlim] space limit:		15000 MB
[runlim] argv[0]:		python3
[runlim] argv[1]:		/raid/steuber/Software/ablector/ablector
[runlim] argv[2]:		/raid/steuber/Benchmarks/2019/QF_BV/sage/app2/bench_1326.smt2
[runlim] argv[3]:		--ufReuse=1
[runlim] argv[4]:		--unsigned
[runlim] start:			Wed May 13 16:33:17 2020
[runlim] main pid:		13640
[Ablector] INFO: ABLECTOR TIME: 0.003681
[runlim] end:			Wed May 13 16:33:18 2020
[runlim] status:		ok
[runlim] result:		0
[runlim] children:		0
[runlim] real:			1.43 seconds
[runlim] time:			0.92 seconds
[runlim] space:			37.5 MB
[runlim] samples:		4
[runlim] version:		1.10
[runlim] time limit:		311040000 seconds
[runlim] real time limit:	1200 seconds
[runlim] space limit:		15000 MB
[runlim] argv[0]:		python3
[runlim] argv[1]:		/raid/steuber/Software/ablector/ablector
[runlim] argv[2]:		/raid/steuber/Benchmarks/2019/QF_BV/sage/app7/bench_1958.smt2
[runlim] argv[3]:		--ufReuse=1
[runlim] argv[4]:		--unsigned
[runlim] start:			Wed May 13 16:33:18 2020
[runlim] main pid:		13660
[Ablector] INFO: ABLECTOR TIME: 0.004014
[runlim] end:			Wed May 13 16:33:21 2020
[runlim] status:		ok
[runlim] result:		0
[runlim] children:		19
[runlim] real:			3.11 seconds
[runlim] time:			2.74 seconds
[runlim] space:			97.8 MB
[runlim] samples:		23
[runlim] version:		1.10
[runlim] time limit:		311040000 seconds
[runlim] real time limit:	1200 seconds
[runlim] space limit:		15000 MB
[runlim] argv[0]:		python3
[runlim] argv[1]:		/raid/steuber/Software/ablector/ablector
[runlim] argv[2]:		/raid/steuber/Benchmarks/2019/QF_BV/sage/app7/bench_4005.smt2
[runlim] argv[3]:		--ufReuse=1
[runlim] argv[4]:		--unsigned
[runlim] start:			Wed May 13 16:33:21 2020
[runlim] main pid:		13680
[Ablector] INFO: ABLECTOR TIME: 0.004227
[runlim] end:			Wed May 13 16:33:22 2020
[runlim] status:		ok
[runlim] result:		0
[runlim] children:		2
[runlim] real:			1.08 seconds
[runlim] time:			1.05 seconds
[runlim] space:			45.5 MB
[runlim] samples:		6
[runlim] version:		1.10
[runlim] time limit:		311040000 seconds
[runlim] real time limit:	1200 seconds
[runlim] space limit:		15000 MB
[runlim] argv[0]:		python3
[runlim] argv[1]:		/raid/steuber/Software/ablector/ablector
[runlim] argv[2]:		/raid/steuber/Benchmarks/2019/QF_BV/Sage2/bench_16708.smt2
[runlim] argv[3]:		--ufReuse=1
[runlim] argv[4]:		--unsigned
[runlim] start:			Wed May 13 16:33:22 2020
[runlim] main pid:		13700
[Ablector] INFO: *** ROUND 0
[MulNode] INFO: Level 0
[Ablector] INFO: ABLECTOR TIME: 0.418985
[Ablector] INFO: SAT TIME: 0.413959
[Ablector] INFO: REF TIME: 0.010856
[runlim] end:			Wed May 13 16:33:23 2020
[runlim] status:		ok
[runlim] result:		0
[runlim] children:		0
[runlim] real:			1.45 seconds
[runlim] time:			1.55 seconds
[runlim] space:			45.5 MB
[runlim] samples:		10
[runlim] version:		1.10
[runlim] time limit:		311040000 seconds
[runlim] real time limit:	1200 seconds
[runlim] space limit:		15000 MB
[runlim] argv[0]:		python3
[runlim] argv[1]:		/raid/steuber/Software/ablector/ablector
[runlim] argv[2]:		/raid/steuber/Benchmarks/2019/QF_BV/Sage2/bench_15715.smt2
[runlim] argv[3]:		--ufReuse=1
[runlim] argv[4]:		--unsigned
[runlim] start:			Wed May 13 16:33:23 2020
[runlim] main pid:		13720
[Ablector] INFO: *** ROUND 0
[MulNode] INFO: Level 0
[MulNode] INFO: Level 0
[MulNode] INFO: Level 0
[MulNode] INFO: Level 0
[MulNode] INFO: Level 0
[MulNode] INFO: Level 0
[MulNode] INFO: Level 0
[MulNode] INFO: Level 0
[MulNode] INFO: Level 0
[MulNode] INFO: Level 0
[MulNode] INFO: Level 0
[MulNode] INFO: Level 0
[MulNode] INFO: Level 0
[MulNode] INFO: Level 0
[MulNode] INFO: Level 0
[MulNode] INFO: Level 0
[MulNode] INFO: Level 0
[MulNode] INFO: Level 0
[MulNode] INFO: Level 0
[MulNode] INFO: Level 0
[Ablector] INFO: ABLECTOR TIME: 3.733033
[Ablector] INFO: SAT TIME: 3.724304
[Ablector] INFO: REF TIME: 0.198989
[runlim] end:			Wed May 13 16:33:28 2020
[runlim] status:		ok
[runlim] result:		0
[runlim] children:		0
[runlim] real:			5.07 seconds
[runlim] time:			4.74 seconds
[runlim] space:			66.4 MB
[runlim] samples:		42
[runlim] version:		1.10
[runlim] time limit:		311040000 seconds
[runlim] real time limit:	1200 seconds
[runlim] space limit:		15000 MB
[runlim] argv[0]:		python3
[runlim] argv[1]:		/raid/steuber/Software/ablector/ablector
[runlim] argv[2]:		/raid/steuber/Benchmarks/2019/QF_BV/sage/app7/bench_1763.smt2
[runlim] argv[3]:		--ufReuse=1
[runlim] argv[4]:		--unsigned
[runlim] start:			Wed May 13 16:33:28 2020
[runlim] main pid:		13740
[Ablector] INFO: ABLECTOR TIME: 0.004087
[runlim] end:			Wed May 13 16:33:29 2020
[runlim] status:		ok
[runlim] result:		0
[runlim] children:		4
[runlim] real:			1.29 seconds
[runlim] time:			1.25 seconds
[runlim] space:			56.5 MB
[runlim] samples:		8
[runlim] version:		1.10
[runlim] time limit:		311040000 seconds
[runlim] real time limit:	1200 seconds
[runlim] space limit:		15000 MB
[runlim] argv[0]:		python3
[runlim] argv[1]:		/raid/steuber/Software/ablector/ablector
[runlim] argv[2]:		/raid/steuber/Benchmarks/2019/QF_BV/Sage2/bench_4770.smt2
[runlim] argv[3]:		--ufReuse=1
[runlim] argv[4]:		--unsigned
[runlim] start:			Wed May 13 16:33:29 2020
[runlim] main pid:		13760
[Ablector] INFO: *** ROUND 0
[MulNode] INFO: Level 0
[Ablector] INFO: ABLECTOR TIME: 0.154115
[Ablector] INFO: SAT TIME: 0.149369
[Ablector] INFO: REF TIME: 0.010632
[runlim] end:			Wed May 13 16:33:30 2020
[runlim] status:		ok
[runlim] result:		0
[runlim] children:		0
[runlim] real:			1.29 seconds
[runlim] time:			1.16 seconds
[runlim] space:			41.7 MB
[runlim] samples:		6
[runlim] version:		1.10
[runlim] time limit:		311040000 seconds
[runlim] real time limit:	1200 seconds
[runlim] space limit:		15000 MB
[runlim] argv[0]:		python3
[runlim] argv[1]:		/raid/steuber/Software/ablector/ablector
[runlim] argv[2]:		/raid/steuber/Benchmarks/2019/QF_BV/sage/app5/bench_477.smt2
[runlim] argv[3]:		--ufReuse=1
[runlim] argv[4]:		--unsigned
[runlim] start:			Wed May 13 16:33:30 2020
[runlim] main pid:		13780
[Ablector] INFO: ABLECTOR TIME: 0.003742
[runlim] end:			Wed May 13 16:33:31 2020
[runlim] status:		ok
[runlim] result:		0
[runlim] children:		0
[runlim] real:			1.12 seconds
[runlim] time:			0.97 seconds
[runlim] space:			37.9 MB
[runlim] samples:		4
[runlim] version:		1.10
[runlim] time limit:		311040000 seconds
[runlim] real time limit:	1200 seconds
[runlim] space limit:		15000 MB
[runlim] argv[0]:		python3
[runlim] argv[1]:		/raid/steuber/Software/ablector/ablector
[runlim] argv[2]:		/raid/steuber/Benchmarks/2019/QF_BV/sage/app7/bench_2585.smt2
[runlim] argv[3]:		--ufReuse=1
[runlim] argv[4]:		--unsigned
[runlim] start:			Wed May 13 16:33:31 2020
[runlim] main pid:		13800
[Ablector] INFO: ABLECTOR TIME: 0.004074
[runlim] end:			Wed May 13 16:33:32 2020
[runlim] status:		ok
[runlim] result:		0
[runlim] children:		2
[runlim] real:			1.20 seconds
[runlim] time:			1.15 seconds
[runlim] space:			48.9 MB
[runlim] samples:		7
[runlim] version:		1.10
[runlim] time limit:		311040000 seconds
[runlim] real time limit:	1200 seconds
[runlim] space limit:		15000 MB
[runlim] argv[0]:		python3
[runlim] argv[1]:		/raid/steuber/Software/ablector/ablector
[runlim] argv[2]:		/raid/steuber/Benchmarks/2019/QF_BV/sage/app11/bench_569.smt2
[runlim] argv[3]:		--ufReuse=1
[runlim] argv[4]:		--unsigned
[runlim] start:			Wed May 13 16:33:32 2020
[runlim] main pid:		13820
[Ablector] INFO: ABLECTOR TIME: 0.004038
[runlim] end:			Wed May 13 16:33:33 2020
[runlim] status:		ok
[runlim] result:		0
[runlim] children:		5
[runlim] real:			1.48 seconds
[runlim] time:			1.35 seconds
[runlim] space:			68.0 MB
[runlim] samples:		9
[runlim] version:		1.10
[runlim] time limit:		311040000 seconds
[runlim] real time limit:	1200 seconds
[runlim] space limit:		15000 MB
[runlim] argv[0]:		python3
[runlim] argv[1]:		/raid/steuber/Software/ablector/ablector
[runlim] argv[2]:		/raid/steuber/Benchmarks/2019/QF_BV/sage/app1/bench_288.smt2
[runlim] argv[3]:		--ufReuse=1
[runlim] argv[4]:		--unsigned
[runlim] start:			Wed May 13 16:33:33 2020
[runlim] main pid:		13840
[Ablector] INFO: ABLECTOR TIME: 0.003750
[runlim] end:			Wed May 13 16:33:34 2020
[runlim] status:		ok
[runlim] result:		0
[runlim] children:		0
[runlim] real:			1.28 seconds
[runlim] time:			0.94 seconds
[runlim] space:			37.9 MB
[runlim] samples:		4
[runlim] version:		1.10
[runlim] time limit:		311040000 seconds
[runlim] real time limit:	1200 seconds
[runlim] space limit:		15000 MB
[runlim] argv[0]:		python3
[runlim] argv[1]:		/raid/steuber/Software/ablector/ablector
[runlim] argv[2]:		/raid/steuber/Benchmarks/2019/QF_BV/sage/app2/bench_246.smt2
[runlim] argv[3]:		--ufReuse=1
[runlim] argv[4]:		--unsigned
[runlim] start:			Wed May 13 16:33:34 2020
[runlim] main pid:		13860
[Ablector] INFO: *** ROUND 0
[UdivNode] INFO: Level 0
[MulNode] INFO: Level 0
[MulNode] INFO: Level 0
[UdivNode] INFO: Level 0
[MulNode] INFO: Level 0
[MulNode] INFO: Level 0
[UdivNode] INFO: Level 0
[Ablector] INFO: ABLECTOR TIME: 0.299684
[Ablector] INFO: SAT TIME: 0.294116
[Ablector] INFO: REF TIME: 0.042887
[runlim] end:			Wed May 13 16:33:35 2020
[runlim] status:		ok
[runlim] result:		0
[runlim] children:		0
[runlim] real:			1.41 seconds
[runlim] time:			1.25 seconds
[runlim] space:			44.5 MB
[runlim] samples:		7
[runlim] version:		1.10
[runlim] time limit:		311040000 seconds
[runlim] real time limit:	1200 seconds
[runlim] space limit:		15000 MB
[runlim] argv[0]:		python3
[runlim] argv[1]:		/raid/steuber/Software/ablector/ablector
[runlim] argv[2]:		/raid/steuber/Benchmarks/2019/QF_BV/sage/app11/bench_280.smt2
[runlim] argv[3]:		--ufReuse=1
[runlim] argv[4]:		--unsigned
[runlim] start:			Wed May 13 16:33:35 2020
[runlim] main pid:		13880
[Ablector] INFO: ABLECTOR TIME: 0.003866
[runlim] end:			Wed May 13 16:33:36 2020
[runlim] status:		ok
[runlim] result:		0
[runlim] children:		5
[runlim] real:			1.74 seconds
[runlim] time:			1.43 seconds
[runlim] space:			66.1 MB
[runlim] samples:		9
[runlim] version:		1.10
[runlim] time limit:		311040000 seconds
[runlim] real time limit:	1200 seconds
[runlim] space limit:		15000 MB
[runlim] argv[0]:		python3
[runlim] argv[1]:		/raid/steuber/Software/ablector/ablector
[runlim] argv[2]:		/raid/steuber/Benchmarks/2019/QF_BV/sage/app9/bench_2794.smt2
[runlim] argv[3]:		--ufReuse=1
[runlim] argv[4]:		--unsigned
[runlim] start:			Wed May 13 16:33:37 2020
[runlim] main pid:		13900
[Ablector] INFO: ABLECTOR TIME: 0.003770
[runlim] end:			Wed May 13 16:33:37 2020
[runlim] status:		ok
[runlim] result:		0
[runlim] children:		0
[runlim] real:			0.53 seconds
[runlim] time:			0.95 seconds
[runlim] space:			37.6 MB
[runlim] samples:		4
[runlim] version:		1.10
[runlim] time limit:		311040000 seconds
[runlim] real time limit:	1200 seconds
[runlim] space limit:		15000 MB
[runlim] argv[0]:		python3
[runlim] argv[1]:		/raid/steuber/Software/ablector/ablector
[runlim] argv[2]:		/raid/steuber/Benchmarks/2019/QF_BV/20190311-bv-term-small-rw-Noetzli/bv-term-small-rw_821.smt2
[runlim] argv[3]:		--ufReuse=1
[runlim] argv[4]:		--unsigned
[runlim] start:			Wed May 13 16:33:37 2020
[runlim] main pid:		13920
[Ablector] INFO: ABLECTOR TIME: 0.003663
[runlim] end:			Wed May 13 16:33:38 2020
[runlim] status:		ok
[runlim] result:		0
[runlim] children:		1
[runlim] real:			1.35 seconds
[runlim] time:			0.98 seconds
[runlim] space:			37.7 MB
[runlim] samples:		4
[runlim] version:		1.10
[runlim] time limit:		311040000 seconds
[runlim] real time limit:	1200 seconds
[runlim] space limit:		15000 MB
[runlim] argv[0]:		python3
[runlim] argv[1]:		/raid/steuber/Software/ablector/ablector
[runlim] argv[2]:		/raid/steuber/Benchmarks/2019/QF_BV/Sage2/bench_16876.smt2
[runlim] argv[3]:		--ufReuse=1
[runlim] argv[4]:		--unsigned
[runlim] start:			Wed May 13 16:33:38 2020
[runlim] main pid:		13940
[Ablector] INFO: *** ROUND 0
[MulNode] INFO: Level 0
[Ablector] INFO: ABLECTOR TIME: 1.877531
[Ablector] INFO: SAT TIME: 1.870969
[Ablector] INFO: REF TIME: 0.010840
[runlim] end:			Wed May 13 16:33:41 2020
[runlim] status:		ok
[runlim] result:		0
[runlim] children:		0
[runlim] real:			3.35 seconds
[runlim] time:			3.16 seconds
[runlim] space:			67.5 MB
[runlim] samples:		26
[runlim] version:		1.10
[runlim] time limit:		311040000 seconds
[runlim] real time limit:	1200 seconds
[runlim] space limit:		15000 MB
[runlim] argv[0]:		python3
[runlim] argv[1]:		/raid/steuber/Software/ablector/ablector
[runlim] argv[2]:		/raid/steuber/Benchmarks/2019/QF_BV/Sage2/bench_8914.smt2
[runlim] argv[3]:		--ufReuse=1
[runlim] argv[4]:		--unsigned
[runlim] start:			Wed May 13 16:33:41 2020
[runlim] main pid:		13964
[Ablector] INFO: *** ROUND 0
[MulNode] INFO: Level 0
[Ablector] INFO: ABLECTOR TIME: 0.618935
[Ablector] INFO: SAT TIME: 0.613675
[Ablector] INFO: REF TIME: 0.011041
[runlim] end:			Wed May 13 16:33:42 2020
[runlim] status:		ok
[runlim] result:		0
[runlim] children:		0
[runlim] real:			1.92 seconds
[runlim] time:			1.70 seconds
[runlim] space:			48.1 MB
[runlim] samples:		12
[runlim] version:		1.10
[runlim] time limit:		311040000 seconds
[runlim] real time limit:	1200 seconds
[runlim] space limit:		15000 MB
[runlim] argv[0]:		python3
[runlim] argv[1]:		/raid/steuber/Software/ablector/ablector
[runlim] argv[2]:		/raid/steuber/Benchmarks/2019/QF_BV/Sage2/bench_7138.smt2
[runlim] argv[3]:		--ufReuse=1
[runlim] argv[4]:		--unsigned
[runlim] start:			Wed May 13 16:33:43 2020
[runlim] main pid:		13984
[Ablector] INFO: *** ROUND 0
[MulNode] INFO: Level 0
[MulNode] INFO: Level 0
[MulNode] INFO: Level 0
[MulNode] INFO: Level 0
[MulNode] INFO: Level 0
[MulNode] INFO: Level 0
[MulNode] INFO: Level 0
[MulNode] INFO: Level 0
[MulNode] INFO: Level 0
[MulNode] INFO: Level 0
[MulNode] INFO: Level 0
[MulNode] INFO: Level 0
[MulNode] INFO: Level 0
[MulNode] INFO: Level 0
[MulNode] INFO: Level 0
[MulNode] INFO: Level 0
[MulNode] INFO: Level 0
[MulNode] INFO: Level 0
[MulNode] INFO: Level 0
[MulNode] INFO: Level 0
[MulNode] INFO: Level 0
[MulNode] INFO: Level 0
[MulNode] INFO: Level 0
[MulNode] INFO: Level 0
[MulNode] INFO: Level 0
[MulNode] INFO: Level 0
[MulNode] INFO: Level 0
[MulNode] INFO: Level 0
[Ablector] INFO: ABLECTOR TIME: 7.802115
[Ablector] INFO: SAT TIME: 7.792170
[Ablector] INFO: REF TIME: 0.262063
[runlim] end:			Wed May 13 16:33:52 2020
[runlim] status:		ok
[runlim] result:		0
[runlim] children:		1
[runlim] real:			9.02 seconds
[runlim] time:			9.23 seconds
[runlim] space:			83.2 MB
[runlim] samples:		87
[runlim] version:		1.10
[runlim] time limit:		311040000 seconds
[runlim] real time limit:	1200 seconds
[runlim] space limit:		15000 MB
[runlim] argv[0]:		python3
[runlim] argv[1]:		/raid/steuber/Software/ablector/ablector
[runlim] argv[2]:		/raid/steuber/Benchmarks/2019/QF_BV/sage/app7/bench_3777.smt2
[runlim] argv[3]:		--ufReuse=1
[runlim] argv[4]:		--unsigned
[runlim] start:			Wed May 13 16:33:52 2020
[runlim] main pid:		14007
[Ablector] INFO: ABLECTOR TIME: 0.003881
[runlim] end:			Wed May 13 16:33:53 2020
[runlim] status:		ok
[runlim] result:		0
[runlim] children:		2
[runlim] real:			1.06 seconds
[runlim] time:			1.13 seconds
[runlim] space:			48.4 MB
[runlim] samples:		6
[runlim] version:		1.10
[runlim] time limit:		311040000 seconds
[runlim] real time limit:	1200 seconds
[runlim] space limit:		15000 MB
[runlim] argv[0]:		python3
[runlim] argv[1]:		/raid/steuber/Software/ablector/ablector
[runlim] argv[2]:		/raid/steuber/Benchmarks/2019/QF_BV/sage/app7/bench_5520.smt2
[runlim] argv[3]:		--ufReuse=1
[runlim] argv[4]:		--unsigned
[runlim] start:			Wed May 13 16:33:53 2020
[runlim] main pid:		14027
[Ablector] INFO: ABLECTOR TIME: 0.003894
[runlim] end:			Wed May 13 16:33:53 2020
[runlim] status:		ok
[runlim] result:		0
[runlim] children:		0
[runlim] real:			0.93 seconds
[runlim] time:			1.02 seconds
[runlim] space:			37.8 MB
[runlim] samples:		5
[runlim] version:		1.10
[runlim] time limit:		311040000 seconds
[runlim] real time limit:	1200 seconds
[runlim] space limit:		15000 MB
[runlim] argv[0]:		python3
[runlim] argv[1]:		/raid/steuber/Software/ablector/ablector
[runlim] argv[2]:		/raid/steuber/Benchmarks/2019/QF_BV/sage/app7/bench_42.smt2
[runlim] argv[3]:		--ufReuse=1
[runlim] argv[4]:		--unsigned
[runlim] start:			Wed May 13 16:33:54 2020
[runlim] main pid:		14047
[Ablector] INFO: ABLECTOR TIME: 0.004056
[runlim] end:			Wed May 13 16:33:56 2020
[runlim] status:		ok
[runlim] result:		0
[runlim] children:		14
[runlim] real:			2.12 seconds
[runlim] time:			2.24 seconds
[runlim] space:			83.3 MB
[runlim] samples:		18
[runlim] version:		1.10
[runlim] time limit:		311040000 seconds
[runlim] real time limit:	1200 seconds
[runlim] space limit:		15000 MB
[runlim] argv[0]:		python3
[runlim] argv[1]:		/raid/steuber/Software/ablector/ablector
[runlim] argv[2]:		/raid/steuber/Benchmarks/2019/QF_BV/sage/app7/bench_8554.smt2
[runlim] argv[3]:		--ufReuse=1
[runlim] argv[4]:		--unsigned
[runlim] start:			Wed May 13 16:33:56 2020
[runlim] main pid:		14068
[Ablector] INFO: ABLECTOR TIME: 0.004012
[runlim] end:			Wed May 13 16:33:58 2020
[runlim] status:		ok
[runlim] result:		0
[runlim] children:		19
[runlim] real:			2.77 seconds
[runlim] time:			2.75 seconds
[runlim] space:			98.3 MB
[runlim] samples:		23
[runlim] version:		1.10
[runlim] time limit:		311040000 seconds
[runlim] real time limit:	1200 seconds
[runlim] space limit:		15000 MB
[runlim] argv[0]:		python3
[runlim] argv[1]:		/raid/steuber/Software/ablector/ablector
[runlim] argv[2]:		/raid/steuber/Benchmarks/2019/QF_BV/sage/app11/bench_460.smt2
[runlim] argv[3]:		--ufReuse=1
[runlim] argv[4]:		--unsigned
[runlim] start:			Wed May 13 16:33:59 2020
[runlim] main pid:		14088
[Ablector] INFO: ABLECTOR TIME: 0.004375
[runlim] end:			Wed May 13 16:34:00 2020
[runlim] status:		ok
[runlim] result:		0
[runlim] children:		5
[runlim] real:			1.20 seconds
[runlim] time:			1.34 seconds
[runlim] space:			67.9 MB
[runlim] samples:		10
[runlim] version:		1.10
[runlim] time limit:		311040000 seconds
[runlim] real time limit:	1200 seconds
[runlim] space limit:		15000 MB
[runlim] argv[0]:		python3
[runlim] argv[1]:		/raid/steuber/Software/ablector/ablector
[runlim] argv[2]:		/raid/steuber/Benchmarks/2019/QF_BV/sage/app7/bench_7369.smt2
[runlim] argv[3]:		--ufReuse=1
[runlim] argv[4]:		--unsigned
[runlim] start:			Wed May 13 16:34:00 2020
[runlim] main pid:		14109
[Ablector] INFO: ABLECTOR TIME: 0.003940
[runlim] end:			Wed May 13 16:34:02 2020
[runlim] status:		ok
[runlim] result:		0
[runlim] children:		14
[runlim] real:			2.38 seconds
[runlim] time:			2.24 seconds
[runlim] space:			83.9 MB
[runlim] samples:		18
[runlim] version:		1.10
[runlim] time limit:		311040000 seconds
[runlim] real time limit:	1200 seconds
[runlim] space limit:		15000 MB
[runlim] argv[0]:		python3
[runlim] argv[1]:		/raid/steuber/Software/ablector/ablector
[runlim] argv[2]:		/raid/steuber/Benchmarks/2019/QF_BV/sage/app2/bench_660.smt2
[runlim] argv[3]:		--ufReuse=1
[runlim] argv[4]:		--unsigned
[runlim] start:			Wed May 13 16:34:02 2020
[runlim] main pid:		14151
[Ablector] INFO: ABLECTOR TIME: 0.004085
[runlim] end:			Wed May 13 16:34:03 2020
[runlim] status:		ok
[runlim] result:		0
[runlim] children:		1
[runlim] real:			1.25 seconds
[runlim] time:			1.05 seconds
[runlim] space:			40.4 MB
[runlim] samples:		5
[runlim] version:		1.10
[runlim] time limit:		311040000 seconds
[runlim] real time limit:	1200 seconds
[runlim] space limit:		15000 MB
[runlim] argv[0]:		python3
[runlim] argv[1]:		/raid/steuber/Software/ablector/ablector
[runlim] argv[2]:		/raid/steuber/Benchmarks/2019/QF_BV/sage/app8/bench_323.smt2
[runlim] argv[3]:		--ufReuse=1
[runlim] argv[4]:		--unsigned
[runlim] start:			Wed May 13 16:34:03 2020
[runlim] main pid:		14190
[Ablector] INFO: ABLECTOR TIME: 0.003651
[runlim] end:			Wed May 13 16:34:04 2020
[runlim] status:		ok
[runlim] result:		0
[runlim] children:		0
[runlim] real:			1.05 seconds
[runlim] time:			0.95 seconds
[runlim] space:			37.8 MB
[runlim] samples:		4
[runlim] version:		1.10
[runlim] time limit:		311040000 seconds
[runlim] real time limit:	1200 seconds
[runlim] space limit:		15000 MB
[runlim] argv[0]:		python3
[runlim] argv[1]:		/raid/steuber/Software/ablector/ablector
[runlim] argv[2]:		/raid/steuber/Benchmarks/2019/QF_BV/sage/app7/bench_4162.smt2
[runlim] argv[3]:		--ufReuse=1
[runlim] argv[4]:		--unsigned
[runlim] start:			Wed May 13 16:34:04 2020
[runlim] main pid:		14211
[Ablector] INFO: ABLECTOR TIME: 0.003870
[runlim] end:			Wed May 13 16:34:05 2020
[runlim] status:		ok
[runlim] result:		0
[runlim] children:		1
[runlim] real:			1.03 seconds
[runlim] time:			1.05 seconds
[runlim] space:			44.2 MB
[runlim] samples:		6
[runlim] version:		1.10
[runlim] time limit:		311040000 seconds
[runlim] real time limit:	1200 seconds
[runlim] space limit:		15000 MB
[runlim] argv[0]:		python3
[runlim] argv[1]:		/raid/steuber/Software/ablector/ablector
[runlim] argv[2]:		/raid/steuber/Benchmarks/2019/QF_BV/sage/app2/bench_1025.smt2
[runlim] argv[3]:		--ufReuse=1
[runlim] argv[4]:		--unsigned
[runlim] start:			Wed May 13 16:34:05 2020
[runlim] main pid:		14231
[Ablector] INFO: ABLECTOR TIME: 0.003364
[runlim] end:			Wed May 13 16:34:05 2020
[runlim] status:		ok
[runlim] result:		0
[runlim] children:		0
[runlim] real:			0.90 seconds
[runlim] time:			1.03 seconds
[runlim] space:			37.7 MB
[runlim] samples:		5
[runlim] version:		1.10
[runlim] time limit:		311040000 seconds
[runlim] real time limit:	1200 seconds
[runlim] space limit:		15000 MB
[runlim] argv[0]:		python3
[runlim] argv[1]:		/raid/steuber/Software/ablector/ablector
[runlim] argv[2]:		/raid/steuber/Benchmarks/2019/QF_BV/Sage2/bench_17881.smt2
[runlim] argv[3]:		--ufReuse=1
[runlim] argv[4]:		--unsigned
[runlim] start:			Wed May 13 16:34:06 2020
[runlim] main pid:		14261
[Ablector] INFO: *** ROUND 0
[MulNode] INFO: Level 0
[Ablector] INFO: ABLECTOR TIME: 0.192835
[Ablector] INFO: SAT TIME: 0.188047
[Ablector] INFO: REF TIME: 0.010806
[runlim] end:			Wed May 13 16:34:06 2020
[runlim] status:		ok
[runlim] result:		0
[runlim] children:		0
[runlim] real:			0.93 seconds
[runlim] time:			1.16 seconds
[runlim] space:			42.4 MB
[runlim] samples:		6
[runlim] version:		1.10
[runlim] time limit:		311040000 seconds
[runlim] real time limit:	1200 seconds
[runlim] space limit:		15000 MB
[runlim] argv[0]:		python3
[runlim] argv[1]:		/raid/steuber/Software/ablector/ablector
[runlim] argv[2]:		/raid/steuber/Benchmarks/2019/QF_BV/sage/app7/bench_1066.smt2
[runlim] argv[3]:		--ufReuse=1
[runlim] argv[4]:		--unsigned
[runlim] start:			Wed May 13 16:34:07 2020
[runlim] main pid:		14310
[Ablector] INFO: ABLECTOR TIME: 0.003821
[runlim] end:			Wed May 13 16:34:08 2020
[runlim] status:		ok
[runlim] result:		0
[runlim] children:		10
[runlim] real:			1.66 seconds
[runlim] time:			1.81 seconds
[runlim] space:			74.6 MB
[runlim] samples:		13
[runlim] version:		1.10
[runlim] time limit:		311040000 seconds
[runlim] real time limit:	1200 seconds
[runlim] space limit:		15000 MB
[runlim] argv[0]:		python3
[runlim] argv[1]:		/raid/steuber/Software/ablector/ablector
[runlim] argv[2]:		/raid/steuber/Benchmarks/2019/QF_BV/sage/app7/bench_4080.smt2
[runlim] argv[3]:		--ufReuse=1
[runlim] argv[4]:		--unsigned
[runlim] start:			Wed May 13 16:34:09 2020
[runlim] main pid:		14331
[Ablector] INFO: ABLECTOR TIME: 0.003945
[runlim] end:			Wed May 13 16:34:10 2020
[runlim] status:		ok
[runlim] result:		0
[runlim] children:		15
[runlim] real:			1.91 seconds
[runlim] time:			2.35 seconds
[runlim] space:			87.1 MB
[runlim] samples:		19
[runlim] version:		1.10
[runlim] time limit:		311040000 seconds
[runlim] real time limit:	1200 seconds
[runlim] space limit:		15000 MB
[runlim] argv[0]:		python3
[runlim] argv[1]:		/raid/steuber/Software/ablector/ablector
[runlim] argv[2]:		/raid/steuber/Benchmarks/2019/QF_BV/sage/app7/bench_2829.smt2
[runlim] argv[3]:		--ufReuse=1
[runlim] argv[4]:		--unsigned
[runlim] start:			Wed May 13 16:34:11 2020
[runlim] main pid:		14351
[Ablector] INFO: ABLECTOR TIME: 0.003873
[runlim] end:			Wed May 13 16:34:11 2020
[runlim] status:		ok
[runlim] result:		0
[runlim] children:		3
[runlim] real:			0.93 seconds
[runlim] time:			1.14 seconds
[runlim] space:			49.2 MB
[runlim] samples:		6
