[runlim] version:		1.10
[runlim] time limit:		311040000 seconds
[runlim] real time limit:	1200 seconds
[runlim] space limit:		15000 MB
[runlim] argv[0]:		python3
[runlim] argv[1]:		/raid/steuber/Software/ablector/ablector
[runlim] argv[2]:		/raid/steuber/Benchmarks/2019/QF_BV/sage/app9/bench_2677.smt2
[runlim] argv[3]:		--ufReuse=1
[runlim] argv[4]:		--unsigned
[runlim] start:			Wed May 13 16:40:22 2020
[runlim] main pid:		1412
[Ablector] INFO: ABLECTOR TIME: 0.003471
[runlim] end:			Wed May 13 16:40:23 2020
[runlim] status:		ok
[runlim] result:		0
[runlim] children:		1
[runlim] real:			1.24 seconds
[runlim] time:			0.95 seconds
[runlim] space:			40.4 MB
[runlim] samples:		4
[runlim] version:		1.10
[runlim] time limit:		311040000 seconds
[runlim] real time limit:	1200 seconds
[runlim] space limit:		15000 MB
[runlim] argv[0]:		python3
[runlim] argv[1]:		/raid/steuber/Software/ablector/ablector
[runlim] argv[2]:		/raid/steuber/Benchmarks/2019/QF_BV/sage/app9/bench_3001.smt2
[runlim] argv[3]:		--ufReuse=1
[runlim] argv[4]:		--unsigned
[runlim] start:			Wed May 13 16:40:23 2020
[runlim] main pid:		1432
[Ablector] INFO: *** ROUND 0
[MulNode] INFO: Level 0
[MulNode] INFO: Level 0
[MulNode] INFO: Level 0
[MulNode] INFO: Level 0
[MulNode] INFO: Level 0
[MulNode] INFO: Level 0
[MulNode] INFO: Level 0
[MulNode] INFO: Level 0
[MulNode] INFO: Level 0
[MulNode] INFO: Level 0
[MulNode] INFO: Level 0
[Ablector] INFO: ABLECTOR TIME: 0.901036
[Ablector] INFO: SAT TIME: 0.894329
[Ablector] INFO: REF TIME: 0.114518
[runlim] end:			Wed May 13 16:40:25 2020
[runlim] status:		ok
[runlim] result:		0
[runlim] children:		0
[runlim] real:			2.18 seconds
[runlim] time:			2.03 seconds
[runlim] space:			53.6 MB
[runlim] samples:		15
[runlim] version:		1.10
[runlim] time limit:		311040000 seconds
[runlim] real time limit:	1200 seconds
[runlim] space limit:		15000 MB
[runlim] argv[0]:		python3
[runlim] argv[1]:		/raid/steuber/Software/ablector/ablector
[runlim] argv[2]:		/raid/steuber/Benchmarks/2019/QF_BV/Sage2/bench_14519.smt2
[runlim] argv[3]:		--ufReuse=1
[runlim] argv[4]:		--unsigned
[runlim] start:			Wed May 13 16:40:25 2020
[runlim] main pid:		1452
[Ablector] INFO: *** ROUND 0
[MulNode] INFO: Level 0
[Ablector] INFO: ABLECTOR TIME: 0.340548
[Ablector] INFO: SAT TIME: 0.336049
[Ablector] INFO: REF TIME: 0.010924
[runlim] end:			Wed May 13 16:40:26 2020
[runlim] status:		ok
[runlim] result:		0
[runlim] children:		0
[runlim] real:			1.44 seconds
[runlim] time:			1.45 seconds
[runlim] space:			44.5 MB
[runlim] samples:		9
[runlim] version:		1.10
[runlim] time limit:		311040000 seconds
[runlim] real time limit:	1200 seconds
[runlim] space limit:		15000 MB
[runlim] argv[0]:		python3
[runlim] argv[1]:		/raid/steuber/Software/ablector/ablector
[runlim] argv[2]:		/raid/steuber/Benchmarks/2019/QF_BV/sage/app7/bench_5971.smt2
[runlim] argv[3]:		--ufReuse=1
[runlim] argv[4]:		--unsigned
[runlim] start:			Wed May 13 16:40:26 2020
[runlim] main pid:		1472
[Ablector] INFO: ABLECTOR TIME: 0.003500
[runlim] end:			Wed May 13 16:40:27 2020
[runlim] status:		ok
[runlim] result:		0
[runlim] children:		0
[runlim] real:			1.24 seconds
[runlim] time:			0.93 seconds
[runlim] space:			38.0 MB
[runlim] samples:		4
[runlim] version:		1.10
[runlim] time limit:		311040000 seconds
[runlim] real time limit:	1200 seconds
[runlim] space limit:		15000 MB
[runlim] argv[0]:		python3
[runlim] argv[1]:		/raid/steuber/Software/ablector/ablector
[runlim] argv[2]:		/raid/steuber/Benchmarks/2019/QF_BV/sage/app7/bench_4728.smt2
[runlim] argv[3]:		--ufReuse=1
[runlim] argv[4]:		--unsigned
[runlim] start:			Wed May 13 16:40:27 2020
[runlim] main pid:		1492
[Ablector] INFO: ABLECTOR TIME: 0.003629
[runlim] end:			Wed May 13 16:40:28 2020
[runlim] status:		ok
[runlim] result:		0
[runlim] children:		1
[runlim] real:			1.22 seconds
[runlim] time:			1.04 seconds
[runlim] space:			43.1 MB
[runlim] samples:		6
[runlim] version:		1.10
[runlim] time limit:		311040000 seconds
[runlim] real time limit:	1200 seconds
[runlim] space limit:		15000 MB
[runlim] argv[0]:		python3
[runlim] argv[1]:		/raid/steuber/Software/ablector/ablector
[runlim] argv[2]:		/raid/steuber/Benchmarks/2019/QF_BV/bmc-bv/ex30.smt2
[runlim] argv[3]:		--ufReuse=1
[runlim] argv[4]:		--unsigned
[runlim] start:			Wed May 13 16:40:28 2020
[runlim] main pid:		1512
[Ablector] INFO: *** ROUND 0
[runlim] sample:		10.2 time, 10.6 real, 222.0 MB
[MulNode] INFO: Level 0
[MulNode] INFO: Level 0
[MulNode] INFO: Level 0
[MulNode] INFO: Level 0
[Ablector] INFO: ABLECTOR TIME: 13.373918
[Ablector] INFO: SAT TIME: 13.353027
[Ablector] INFO: REF TIME: 0.060921
[runlim] end:			Wed May 13 16:40:44 2020
[runlim] status:		ok
[runlim] result:		0
[runlim] children:		3
[runlim] real:			16.12 seconds
[runlim] time:			15.74 seconds
[runlim] space:			233.0 MB
[runlim] samples:		155
[runlim] version:		1.10
[runlim] time limit:		311040000 seconds
[runlim] real time limit:	1200 seconds
[runlim] space limit:		15000 MB
[runlim] argv[0]:		python3
[runlim] argv[1]:		/raid/steuber/Software/ablector/ablector
[runlim] argv[2]:		/raid/steuber/Benchmarks/2019/QF_BV/sage/app7/bench_447.smt2
[runlim] argv[3]:		--ufReuse=1
[runlim] argv[4]:		--unsigned
[runlim] start:			Wed May 13 16:40:44 2020
[runlim] main pid:		1556
[Ablector] INFO: ABLECTOR TIME: 0.003897
[runlim] end:			Wed May 13 16:40:46 2020
[runlim] status:		ok
[runlim] result:		0
[runlim] children:		19
[runlim] real:			2.76 seconds
[runlim] time:			2.73 seconds
[runlim] space:			98.2 MB
[runlim] samples:		22
[runlim] version:		1.10
[runlim] time limit:		311040000 seconds
[runlim] real time limit:	1200 seconds
[runlim] space limit:		15000 MB
[runlim] argv[0]:		python3
[runlim] argv[1]:		/raid/steuber/Software/ablector/ablector
[runlim] argv[2]:		/raid/steuber/Benchmarks/2019/QF_BV/Sage2/bench_15098.smt2
[runlim] argv[3]:		--ufReuse=1
[runlim] argv[4]:		--unsigned
[runlim] start:			Wed May 13 16:40:47 2020
[runlim] main pid:		1576
[Ablector] INFO: *** ROUND 0
[MulNode] INFO: Level 0
[Ablector] INFO: ABLECTOR TIME: 1.926102
[Ablector] INFO: SAT TIME: 1.920087
[Ablector] INFO: REF TIME: 0.010690
[runlim] end:			Wed May 13 16:40:49 2020
[runlim] status:		ok
[runlim] result:		0
[runlim] children:		0
[runlim] real:			2.81 seconds
[runlim] time:			3.13 seconds
[runlim] space:			71.8 MB
[runlim] samples:		26
[runlim] version:		1.10
[runlim] time limit:		311040000 seconds
[runlim] real time limit:	1200 seconds
[runlim] space limit:		15000 MB
[runlim] argv[0]:		python3
[runlim] argv[1]:		/raid/steuber/Software/ablector/ablector
[runlim] argv[2]:		/raid/steuber/Benchmarks/2019/QF_BV/sage/app7/bench_2004.smt2
[runlim] argv[3]:		--ufReuse=1
[runlim] argv[4]:		--unsigned
[runlim] start:			Wed May 13 16:40:50 2020
[runlim] main pid:		1616
[Ablector] INFO: ABLECTOR TIME: 0.003944
[runlim] end:			Wed May 13 16:40:50 2020
[runlim] status:		ok
[runlim] result:		0
[runlim] children:		3
[runlim] real:			0.98 seconds
[runlim] time:			1.25 seconds
[runlim] space:			54.9 MB
[runlim] samples:		8
[runlim] version:		1.10
[runlim] time limit:		311040000 seconds
[runlim] real time limit:	1200 seconds
[runlim] space limit:		15000 MB
[runlim] argv[0]:		python3
[runlim] argv[1]:		/raid/steuber/Software/ablector/ablector
[runlim] argv[2]:		/raid/steuber/Benchmarks/2019/QF_BV/sage/app1/bench_2416.smt2
[runlim] argv[3]:		--ufReuse=1
[runlim] argv[4]:		--unsigned
[runlim] start:			Wed May 13 16:40:51 2020
[runlim] main pid:		1646
[Ablector] INFO: *** ROUND 0
[UdivNode] INFO: Level 0
[UdivNode] INFO: Level 0
[UdivNode] INFO: Level 0
[UdivNode] INFO: Level 0
[UdivNode] INFO: Level 0
[UdivNode] INFO: Level 0
[UdivNode] INFO: Level 0
[UdivNode] INFO: Level 0
[UdivNode] INFO: Level 0
[UdivNode] INFO: Level 0
[UdivNode] INFO: Level 0
[UdivNode] INFO: Level 0
[UdivNode] INFO: Level 0
[UdivNode] INFO: Level 0
[UdivNode] INFO: Level 0
[UdivNode] INFO: Level 0
[UdivNode] INFO: Level 0
[UdivNode] INFO: Level 0
[UdivNode] INFO: Level 0
[UdivNode] INFO: Level 0
[UdivNode] INFO: Level 0
[UdivNode] INFO: Level 0
[UdivNode] INFO: Level 0
[UdivNode] INFO: Level 0
[UdivNode] INFO: Level 0
[UdivNode] INFO: Level 0
[UdivNode] INFO: Level 0
[UdivNode] INFO: Level 0
[UdivNode] INFO: Level 0
[UdivNode] INFO: Level 0
[UdivNode] INFO: Level 0
[UdivNode] INFO: Level 0
[UdivNode] INFO: Level 0
[UdivNode] INFO: Level 0
[UdivNode] INFO: Level 0
[Ablector] INFO: ABLECTOR TIME: 0.214041
[Ablector] INFO: SAT TIME: 0.207619
[Ablector] INFO: REF TIME: 0.045005
[runlim] end:			Wed May 13 16:40:52 2020
[runlim] status:		ok
[runlim] result:		0
[runlim] children:		0
[runlim] real:			1.06 seconds
[runlim] time:			1.30 seconds
[runlim] space:			54.7 MB
[runlim] samples:		7
[runlim] version:		1.10
[runlim] time limit:		311040000 seconds
[runlim] real time limit:	1200 seconds
[runlim] space limit:		15000 MB
[runlim] argv[0]:		python3
[runlim] argv[1]:		/raid/steuber/Software/ablector/ablector
[runlim] argv[2]:		/raid/steuber/Benchmarks/2019/QF_BV/Sage2/bench_14926.smt2
[runlim] argv[3]:		--ufReuse=1
[runlim] argv[4]:		--unsigned
[runlim] start:			Wed May 13 16:40:52 2020
[runlim] main pid:		1686
[Ablector] INFO: *** ROUND 0
[MulNode] INFO: Level 0
[Ablector] INFO: ABLECTOR TIME: 1.951516
[Ablector] INFO: SAT TIME: 1.944749
[Ablector] INFO: REF TIME: 0.011028
[runlim] end:			Wed May 13 16:40:55 2020
[runlim] status:		ok
[runlim] result:		0
[runlim] children:		1
[runlim] real:			3.12 seconds
[runlim] time:			3.25 seconds
[runlim] space:			68.0 MB
[runlim] samples:		27
[runlim] version:		1.10
[runlim] time limit:		311040000 seconds
[runlim] real time limit:	1200 seconds
[runlim] space limit:		15000 MB
[runlim] argv[0]:		python3
[runlim] argv[1]:		/raid/steuber/Software/ablector/ablector
[runlim] argv[2]:		/raid/steuber/Benchmarks/2019/QF_BV/Sage2/bench_1540.smt2
[runlim] argv[3]:		--ufReuse=1
[runlim] argv[4]:		--unsigned
[runlim] start:			Wed May 13 16:40:55 2020
[runlim] main pid:		1716
[Ablector] INFO: *** ROUND 0
[MulNode] INFO: Level 0
[MulNode] INFO: Level 0
[MulNode] INFO: Level 0
[MulNode] INFO: Level 0
[MulNode] INFO: Level 0
[MulNode] INFO: Level 0
[MulNode] INFO: Level 0
[MulNode] INFO: Level 0
[MulNode] INFO: Level 0
[MulNode] INFO: Level 0
[MulNode] INFO: Level 0
[MulNode] INFO: Level 0
[MulNode] INFO: Level 0
[MulNode] INFO: Level 0
[MulNode] INFO: Level 0
[MulNode] INFO: Level 0
[MulNode] INFO: Level 0
[MulNode] INFO: Level 0
[MulNode] INFO: Level 0
[MulNode] INFO: Level 0
[MulNode] INFO: Level 0
[MulNode] INFO: Level 0
[MulNode] INFO: Level 0
[MulNode] INFO: Level 0
[MulNode] INFO: Level 0
[MulNode] INFO: Level 0
[MulNode] INFO: Level 0
[MulNode] INFO: Level 0
[MulNode] INFO: Level 0
[MulNode] INFO: Level 0
[MulNode] INFO: Level 0
[MulNode] INFO: Level 0
[MulNode] INFO: Level 0
[MulNode] INFO: Level 0
[MulNode] INFO: Level 0
[MulNode] INFO: Level 0
[MulNode] INFO: Level 0
[MulNode] INFO: Level 0
[MulNode] INFO: Level 0
[MulNode] INFO: Level 0
[MulNode] INFO: Level 0
[MulNode] INFO: Level 0
[MulNode] INFO: Level 0
[MulNode] INFO: Level 0
[MulNode] INFO: Level 0
[MulNode] INFO: Level 0
[MulNode] INFO: Level 0
[MulNode] INFO: Level 0
[MulNode] INFO: Level 0
[MulNode] INFO: Level 0
[MulNode] INFO: Level 0
[MulNode] INFO: Level 0
[MulNode] INFO: Level 0
[MulNode] INFO: Level 0
[MulNode] INFO: Level 0
[MulNode] INFO: Level 0
[MulNode] INFO: Level 0
[MulNode] INFO: Level 0
[MulNode] INFO: Level 0
[MulNode] INFO: Level 0
[MulNode] INFO: Level 0
[MulNode] INFO: Level 0
[MulNode] INFO: Level 0
[MulNode] INFO: Level 0
[MulNode] INFO: Level 0
[MulNode] INFO: Level 0
[MulNode] INFO: Level 0
[MulNode] INFO: Level 0
[MulNode] INFO: Level 0
[MulNode] INFO: Level 0
[MulNode] INFO: Level 0
[MulNode] INFO: Level 0
[MulNode] INFO: Level 0
[MulNode] INFO: Level 0
[MulNode] INFO: Level 0
[MulNode] INFO: Level 0
[MulNode] INFO: Level 0
[MulNode] INFO: Level 0
[MulNode] INFO: Level 0
[Ablector] INFO: ABLECTOR TIME: 3.674431
[Ablector] INFO: SAT TIME: 3.640802
[Ablector] INFO: REF TIME: 0.651350
[runlim] end:			Wed May 13 16:41:02 2020
[runlim] status:		ok
[runlim] result:		0
[runlim] children:		2
[runlim] real:			7.36 seconds
[runlim] time:			7.17 seconds
[runlim] space:			378.6 MB
[runlim] samples:		68
[runlim] version:		1.10
[runlim] time limit:		311040000 seconds
[runlim] real time limit:	1200 seconds
[runlim] space limit:		15000 MB
[runlim] argv[0]:		python3
[runlim] argv[1]:		/raid/steuber/Software/ablector/ablector
[runlim] argv[2]:		/raid/steuber/Benchmarks/2019/QF_BV/Sage2/bench_16479.smt2
[runlim] argv[3]:		--ufReuse=1
[runlim] argv[4]:		--unsigned
[runlim] start:			Wed May 13 16:41:02 2020
[runlim] main pid:		1777
[Ablector] INFO: *** ROUND 0
[MulNode] INFO: Level 0
[MulNode] INFO: Level 0
[MulNode] INFO: Level 0
[UdivNode] INFO: Level 0
[MulNode] INFO: Level 0
[UdivNode] INFO: Level 0
[MulNode] INFO: Level 0
[MulNode] INFO: Level 0
[MulNode] INFO: Level 0
[MulNode] INFO: Level 0
[MulNode] INFO: Level 0
[MulNode] INFO: Level 0
[MulNode] INFO: Level 0
[MulNode] INFO: Level 0
[MulNode] INFO: Level 0
[MulNode] INFO: Level 0
[MulNode] INFO: Level 0
[MulNode] INFO: Level 0
[MulNode] INFO: Level 0
[MulNode] INFO: Level 0
[MulNode] INFO: Level 0
[MulNode] INFO: Level 0
[MulNode] INFO: Level 0
[MulNode] INFO: Level 0
[MulNode] INFO: Level 0
[MulNode] INFO: Level 0
[MulNode] INFO: Level 0
[MulNode] INFO: Level 0
[MulNode] INFO: Level 0
[MulNode] INFO: Level 0
[MulNode] INFO: Level 0
[MulNode] INFO: Level 0
[MulNode] INFO: Level 0
[MulNode] INFO: Level 0
[MulNode] INFO: Level 0
[MulNode] INFO: Level 0
[MulNode] INFO: Level 0
[MulNode] INFO: Level 0
[MulNode] INFO: Level 0
[MulNode] INFO: Level 0
[MulNode] INFO: Level 0
[MulNode] INFO: Level 0
[MulNode] INFO: Level 0
[MulNode] INFO: Level 0
[MulNode] INFO: Level 0
[MulNode] INFO: Level 0
[MulNode] INFO: Level 0
[MulNode] INFO: Level 0
[MulNode] INFO: Level 0
[MulNode] INFO: Level 0
[MulNode] INFO: Level 0
[MulNode] INFO: Level 0
[MulNode] INFO: Level 0
[MulNode] INFO: Level 0
[MulNode] INFO: Level 0
[MulNode] INFO: Level 0
[MulNode] INFO: Level 0
[MulNode] INFO: Level 0
[MulNode] INFO: Level 0
[MulNode] INFO: Level 0
[MulNode] INFO: Level 0
[MulNode] INFO: Level 0
[MulNode] INFO: Level 0
[MulNode] INFO: Level 0
[MulNode] INFO: Level 0
[MulNode] INFO: Level 0
[MulNode] INFO: Level 0
[MulNode] INFO: Level 0
[MulNode] INFO: Level 0
[MulNode] INFO: Level 0
[MulNode] INFO: Level 0
[MulNode] INFO: Level 0
[MulNode] INFO: Level 0
[MulNode] INFO: Level 0
[MulNode] INFO: Level 0
[MulNode] INFO: Level 0
[MulNode] INFO: Level 0
[MulNode] INFO: Level 0
[Ablector] INFO: ABLECTOR TIME: 3.826284
[Ablector] INFO: SAT TIME: 3.806883
[Ablector] INFO: REF TIME: 0.711313
[runlim] end:			Wed May 13 16:41:07 2020
[runlim] status:		ok
[runlim] result:		0
[runlim] children:		1
[runlim] real:			5.48 seconds
[runlim] time:			5.23 seconds
[runlim] space:			127.4 MB
[runlim] samples:		47
[runlim] version:		1.10
[runlim] time limit:		311040000 seconds
[runlim] real time limit:	1200 seconds
[runlim] space limit:		15000 MB
[runlim] argv[0]:		python3
[runlim] argv[1]:		/raid/steuber/Software/ablector/ablector
[runlim] argv[2]:		/raid/steuber/Benchmarks/2019/QF_BV/Sage2/bench_8026.smt2
[runlim] argv[3]:		--ufReuse=1
[runlim] argv[4]:		--unsigned
[runlim] start:			Wed May 13 16:41:07 2020
[runlim] main pid:		1838
[Ablector] INFO: *** ROUND 0
[MulNode] INFO: Level 0
[Ablector] INFO: ABLECTOR TIME: 0.640639
[Ablector] INFO: SAT TIME: 0.635468
[Ablector] INFO: REF TIME: 0.010983
[runlim] end:			Wed May 13 16:41:09 2020
[runlim] status:		ok
[runlim] result:		0
[runlim] children:		1
[runlim] real:			2.06 seconds
[runlim] time:			1.76 seconds
[runlim] space:			48.2 MB
[runlim] samples:		12
[runlim] version:		1.10
[runlim] time limit:		311040000 seconds
[runlim] real time limit:	1200 seconds
[runlim] space limit:		15000 MB
[runlim] argv[0]:		python3
[runlim] argv[1]:		/raid/steuber/Software/ablector/ablector
[runlim] argv[2]:		/raid/steuber/Benchmarks/2019/QF_BV/Sage2/bench_6173.smt2
[runlim] argv[3]:		--ufReuse=1
[runlim] argv[4]:		--unsigned
[runlim] start:			Wed May 13 16:41:09 2020
[runlim] main pid:		1858
[Ablector] INFO: *** ROUND 0
[MulNode] INFO: Level 0
[Ablector] INFO: ABLECTOR TIME: 0.171848
[Ablector] INFO: SAT TIME: 0.166883
[Ablector] INFO: REF TIME: 0.010752
[runlim] end:			Wed May 13 16:41:10 2020
[runlim] status:		ok
[runlim] result:		0
[runlim] children:		0
[runlim] real:			1.10 seconds
[runlim] time:			1.15 seconds
[runlim] space:			41.5 MB
[runlim] samples:		6
[runlim] version:		1.10
[runlim] time limit:		311040000 seconds
[runlim] real time limit:	1200 seconds
[runlim] space limit:		15000 MB
[runlim] argv[0]:		python3
[runlim] argv[1]:		/raid/steuber/Software/ablector/ablector
[runlim] argv[2]:		/raid/steuber/Benchmarks/2019/QF_BV/Sage2/bench_2677.smt2
[runlim] argv[3]:		--ufReuse=1
[runlim] argv[4]:		--unsigned
[runlim] start:			Wed May 13 16:41:10 2020
[runlim] main pid:		1878
[Ablector] INFO: *** ROUND 0
[MulNode] INFO: Level 0
[MulNode] INFO: Level 0
[MulNode] INFO: Level 0
[MulNode] INFO: Level 0
[MulNode] INFO: Level 0
[MulNode] INFO: Level 0
[MulNode] INFO: Level 0
[MulNode] INFO: Level 0
[MulNode] INFO: Level 0
[MulNode] INFO: Level 0
[MulNode] INFO: Level 0
[MulNode] INFO: Level 0
[MulNode] INFO: Level 0
[MulNode] INFO: Level 0
[MulNode] INFO: Level 0
[MulNode] INFO: Level 0
[MulNode] INFO: Level 0
[MulNode] INFO: Level 0
[MulNode] INFO: Level 0
[MulNode] INFO: Level 0
[MulNode] INFO: Level 0
[MulNode] INFO: Level 0
[MulNode] INFO: Level 0
[MulNode] INFO: Level 0
[MulNode] INFO: Level 0
[MulNode] INFO: Level 0
[MulNode] INFO: Level 0
[MulNode] INFO: Level 0
[MulNode] INFO: Level 0
[MulNode] INFO: Level 0
[MulNode] INFO: Level 0
[MulNode] INFO: Level 0
[MulNode] INFO: Level 0
[MulNode] INFO: Level 0
[MulNode] INFO: Level 0
[MulNode] INFO: Level 0
[MulNode] INFO: Level 0
[MulNode] INFO: Level 0
[MulNode] INFO: Level 0
[MulNode] INFO: Level 0
[MulNode] INFO: Level 0
[MulNode] INFO: Level 0
[MulNode] INFO: Level 0
[MulNode] INFO: Level 0
[MulNode] INFO: Level 0
[MulNode] INFO: Level 0
[MulNode] INFO: Level 0
[MulNode] INFO: Level 0
[MulNode] INFO: Level 0
[MulNode] INFO: Level 0
[MulNode] INFO: Level 0
[MulNode] INFO: Level 0
[MulNode] INFO: Level 0
[MulNode] INFO: Level 0
[MulNode] INFO: Level 0
[MulNode] INFO: Level 0
[MulNode] INFO: Level 0
[MulNode] INFO: Level 0
[MulNode] INFO: Level 0
[MulNode] INFO: Level 0
[MulNode] INFO: Level 0
[MulNode] INFO: Level 0
[MulNode] INFO: Level 0
[MulNode] INFO: Level 0
[MulNode] INFO: Level 0
[MulNode] INFO: Level 0
[MulNode] INFO: Level 0
[MulNode] INFO: Level 0
[MulNode] INFO: Level 0
[MulNode] INFO: Level 0
[MulNode] INFO: Level 0
[MulNode] INFO: Level 0
[MulNode] INFO: Level 0
[MulNode] INFO: Level 0
[MulNode] INFO: Level 0
[MulNode] INFO: Level 0
[MulNode] INFO: Level 0
[MulNode] INFO: Level 0
[MulNode] INFO: Level 0
[MulNode] INFO: Level 0
[MulNode] INFO: Level 0
[MulNode] INFO: Level 0
[MulNode] INFO: Level 0
[MulNode] INFO: Level 0
[MulNode] INFO: Level 0
[MulNode] INFO: Level 0
[MulNode] INFO: Level 0
[MulNode] INFO: Level 0
[MulNode] INFO: Level 0
[MulNode] INFO: Level 0
[MulNode] INFO: Level 0
[MulNode] INFO: Level 0
[MulNode] INFO: Level 0
[MulNode] INFO: Level 0
[MulNode] INFO: Level 0
[MulNode] INFO: Level 0
[MulNode] INFO: Level 0
[MulNode] INFO: Level 0
[MulNode] INFO: Level 0
[MulNode] INFO: Level 0
[MulNode] INFO: Level 0
[MulNode] INFO: Level 0
[MulNode] INFO: Level 0
[MulNode] INFO: Level 0
[MulNode] INFO: Level 0
[MulNode] INFO: Level 0
[MulNode] INFO: Level 0
[MulNode] INFO: Level 0
[MulNode] INFO: Level 0
[MulNode] INFO: Level 0
[MulNode] INFO: Level 0
[MulNode] INFO: Level 0
[MulNode] INFO: Level 0
[MulNode] INFO: Level 0
[MulNode] INFO: Level 0
[MulNode] INFO: Level 0
[MulNode] INFO: Level 0
[MulNode] INFO: Level 0
[MulNode] INFO: Level 0
[MulNode] INFO: Level 0
[MulNode] INFO: Level 0
[MulNode] INFO: Level 0
[MulNode] INFO: Level 0
[MulNode] INFO: Level 0
[MulNode] INFO: Level 0
[MulNode] INFO: Level 0
[MulNode] INFO: Level 0
[MulNode] INFO: Level 0
[MulNode] INFO: Level 0
[MulNode] INFO: Level 0
[MulNode] INFO: Level 0
[MulNode] INFO: Level 0
[MulNode] INFO: Level 0
[MulNode] INFO: Level 0
[MulNode] INFO: Level 0
[MulNode] INFO: Level 0
[MulNode] INFO: Level 0
[MulNode] INFO: Level 0
[MulNode] INFO: Level 0
[Ablector] INFO: ABLECTOR TIME: 4.278271
[Ablector] INFO: SAT TIME: 4.234744
[Ablector] INFO: REF TIME: 1.140502
[runlim] end:			Wed May 13 16:41:18 2020
[runlim] status:		ok
[runlim] result:		0
[runlim] children:		3
[runlim] real:			8.44 seconds
[runlim] time:			8.23 seconds
[runlim] space:			446.1 MB
[runlim] samples:		79
[runlim] version:		1.10
[runlim] time limit:		311040000 seconds
[runlim] real time limit:	1200 seconds
[runlim] space limit:		15000 MB
[runlim] argv[0]:		python3
[runlim] argv[1]:		/raid/steuber/Software/ablector/ablector
[runlim] argv[2]:		/raid/steuber/Benchmarks/2019/QF_BV/Sage2/bench_6147.smt2
[runlim] argv[3]:		--ufReuse=1
[runlim] argv[4]:		--unsigned
[runlim] start:			Wed May 13 16:41:18 2020
[runlim] main pid:		1939
[Ablector] INFO: *** ROUND 0
[MulNode] INFO: Level 0
[MulNode] INFO: Level 0
[MulNode] INFO: Level 0
[MulNode] INFO: Level 0
[MulNode] INFO: Level 0
[MulNode] INFO: Level 0
[MulNode] INFO: Level 0
[MulNode] INFO: Level 0
[MulNode] INFO: Level 0
[MulNode] INFO: Level 0
[MulNode] INFO: Level 0
[MulNode] INFO: Level 0
[Ablector] INFO: ABLECTOR TIME: 0.638064
[Ablector] INFO: SAT TIME: 0.631043
[Ablector] INFO: REF TIME: 0.113938
[runlim] end:			Wed May 13 16:41:19 2020
[runlim] status:		ok
[runlim] result:		0
[runlim] children:		0
[runlim] real:			1.96 seconds
[runlim] time:			1.65 seconds
[runlim] space:			52.2 MB
[runlim] samples:		11
[runlim] version:		1.10
[runlim] time limit:		311040000 seconds
[runlim] real time limit:	1200 seconds
[runlim] space limit:		15000 MB
[runlim] argv[0]:		python3
[runlim] argv[1]:		/raid/steuber/Software/ablector/ablector
[runlim] argv[2]:		/raid/steuber/Benchmarks/2019/QF_BV/sage/app11/bench_370.smt2
[runlim] argv[3]:		--ufReuse=1
[runlim] argv[4]:		--unsigned
[runlim] start:			Wed May 13 16:41:20 2020
[runlim] main pid:		1963
[Ablector] INFO: ABLECTOR TIME: 0.003890
[runlim] end:			Wed May 13 16:41:21 2020
[runlim] status:		ok
[runlim] result:		0
[runlim] children:		5
[runlim] real:			1.26 seconds
[runlim] time:			1.29 seconds
[runlim] space:			67.9 MB
[runlim] samples:		9
[runlim] version:		1.10
[runlim] time limit:		311040000 seconds
[runlim] real time limit:	1200 seconds
[runlim] space limit:		15000 MB
[runlim] argv[0]:		python3
[runlim] argv[1]:		/raid/steuber/Software/ablector/ablector
[runlim] argv[2]:		/raid/steuber/Benchmarks/2019/QF_BV/sage/app8/bench_2736.smt2
[runlim] argv[3]:		--ufReuse=1
[runlim] argv[4]:		--unsigned
[runlim] start:			Wed May 13 16:41:21 2020
[runlim] main pid:		2018
[Ablector] INFO: ABLECTOR TIME: 0.003727
[runlim] end:			Wed May 13 16:41:22 2020
[runlim] status:		ok
[runlim] result:		0
[runlim] children:		0
[runlim] real:			1.11 seconds
[runlim] time:			0.92 seconds
[runlim] space:			37.6 MB
[runlim] samples:		4
[runlim] version:		1.10
[runlim] time limit:		311040000 seconds
[runlim] real time limit:	1200 seconds
[runlim] space limit:		15000 MB
[runlim] argv[0]:		python3
[runlim] argv[1]:		/raid/steuber/Software/ablector/ablector
[runlim] argv[2]:		/raid/steuber/Benchmarks/2019/QF_BV/Sage2/bench_9628.smt2
[runlim] argv[3]:		--ufReuse=1
[runlim] argv[4]:		--unsigned
[runlim] start:			Wed May 13 16:41:22 2020
[runlim] main pid:		2039
[Ablector] INFO: *** ROUND 0
[MulNode] INFO: Level 0
[MulNode] INFO: Level 0
[MulNode] INFO: Level 0
[MulNode] INFO: Level 0
[MulNode] INFO: Level 0
[MulNode] INFO: Level 0
[MulNode] INFO: Level 0
[MulNode] INFO: Level 0
[MulNode] INFO: Level 0
[MulNode] INFO: Level 0
[MulNode] INFO: Level 0
[MulNode] INFO: Level 0
[MulNode] INFO: Level 0
[MulNode] INFO: Level 0
[MulNode] INFO: Level 0
[MulNode] INFO: Level 0
[MulNode] INFO: Level 0
[MulNode] INFO: Level 0
[MulNode] INFO: Level 0
[MulNode] INFO: Level 0
[MulNode] INFO: Level 0
[MulNode] INFO: Level 0
[MulNode] INFO: Level 0
[MulNode] INFO: Level 0
[MulNode] INFO: Level 0
[MulNode] INFO: Level 0
[MulNode] INFO: Level 0
[MulNode] INFO: Level 0
[MulNode] INFO: Level 0
[Ablector] INFO: ABLECTOR TIME: 3.348087
[Ablector] INFO: SAT TIME: 3.322544
[Ablector] INFO: REF TIME: 0.264397
[runlim] end:			Wed May 13 16:41:28 2020
[runlim] status:		ok
[runlim] result:		0
[runlim] children:		2
[runlim] real:			6.82 seconds
[runlim] time:			6.70 seconds
[runlim] space:			440.6 MB
[runlim] samples:		63
[runlim] version:		1.10
[runlim] time limit:		311040000 seconds
[runlim] real time limit:	1200 seconds
[runlim] space limit:		15000 MB
[runlim] argv[0]:		python3
[runlim] argv[1]:		/raid/steuber/Software/ablector/ablector
[runlim] argv[2]:		/raid/steuber/Benchmarks/2019/QF_BV/Sage2/bench_11663.smt2
[runlim] argv[3]:		--ufReuse=1
[runlim] argv[4]:		--unsigned
[runlim] start:			Wed May 13 16:41:29 2020
[runlim] main pid:		2179
[Ablector] INFO: *** ROUND 0
[MulNode] INFO: Level 0
[MulNode] INFO: Level 0
[MulNode] INFO: Level 0
[MulNode] INFO: Level 0
[MulNode] INFO: Level 0
[MulNode] INFO: Level 0
[MulNode] INFO: Level 0
[MulNode] INFO: Level 0
[Ablector] INFO: ABLECTOR TIME: 0.151818
[Ablector] INFO: SAT TIME: 0.145506
[Ablector] INFO: REF TIME: 0.078763
[runlim] end:			Wed May 13 16:41:30 2020
[runlim] status:		ok
[runlim] result:		0
[runlim] children:		0
[runlim] real:			1.06 seconds
[runlim] time:			1.33 seconds
[runlim] space:			48.1 MB
[runlim] samples:		8
[runlim] version:		1.10
[runlim] time limit:		311040000 seconds
[runlim] real time limit:	1200 seconds
[runlim] space limit:		15000 MB
[runlim] argv[0]:		python3
[runlim] argv[1]:		/raid/steuber/Software/ablector/ablector
[runlim] argv[2]:		/raid/steuber/Benchmarks/2019/QF_BV/Sage2/bench_2374.smt2
[runlim] argv[3]:		--ufReuse=1
[runlim] argv[4]:		--unsigned
[runlim] start:			Wed May 13 16:41:30 2020
[runlim] main pid:		2226
[Ablector] INFO: *** ROUND 0
[MulNode] INFO: Level 0
[MulNode] INFO: Level 0
[MulNode] INFO: Level 0
[MulNode] INFO: Level 0
[MulNode] INFO: Level 0
[MulNode] INFO: Level 0
[MulNode] INFO: Level 0
[MulNode] INFO: Level 0
[MulNode] INFO: Level 0
[MulNode] INFO: Level 0
[Ablector] INFO: ABLECTOR TIME: 2.412540
[Ablector] INFO: SAT TIME: 2.406261
[Ablector] INFO: REF TIME: 0.089657
[runlim] end:			Wed May 13 16:41:33 2020
[runlim] status:		ok
[runlim] result:		0
[runlim] children:		0
[runlim] real:			3.31 seconds
[runlim] time:			3.49 seconds
[runlim] space:			47.2 MB
[runlim] samples:		29
[runlim] version:		1.10
[runlim] time limit:		311040000 seconds
[runlim] real time limit:	1200 seconds
[runlim] space limit:		15000 MB
[runlim] argv[0]:		python3
[runlim] argv[1]:		/raid/steuber/Software/ablector/ablector
[runlim] argv[2]:		/raid/steuber/Benchmarks/2019/QF_BV/sage/app8/bench_642.smt2
[runlim] argv[3]:		--ufReuse=1
[runlim] argv[4]:		--unsigned
[runlim] start:			Wed May 13 16:41:33 2020
[runlim] main pid:		2295
[Ablector] INFO: *** ROUND 0
[MulNode] INFO: Level 0
[MulNode] INFO: Level 0
[MulNode] INFO: Level 0
[MulNode] INFO: Level 0
[MulNode] INFO: Level 0
[MulNode] INFO: Level 0
[MulNode] INFO: Level 0
[MulNode] INFO: Level 0
[MulNode] INFO: Level 0
[MulNode] INFO: Level 0
[MulNode] INFO: Level 0
[Ablector] INFO: ABLECTOR TIME: 1.024953
[Ablector] INFO: SAT TIME: 1.018217
[Ablector] INFO: REF TIME: 0.109490
[runlim] end:			Wed May 13 16:41:35 2020
[runlim] status:		ok
[runlim] result:		0
[runlim] children:		0
[runlim] real:			2.27 seconds
[runlim] time:			2.17 seconds
[runlim] space:			51.3 MB
[runlim] samples:		16
[runlim] version:		1.10
[runlim] time limit:		311040000 seconds
[runlim] real time limit:	1200 seconds
[runlim] space limit:		15000 MB
[runlim] argv[0]:		python3
[runlim] argv[1]:		/raid/steuber/Software/ablector/ablector
[runlim] argv[2]:		/raid/steuber/Benchmarks/2019/QF_BV/Sage2/bench_12769.smt2
[runlim] argv[3]:		--ufReuse=1
[runlim] argv[4]:		--unsigned
[runlim] start:			Wed May 13 16:41:35 2020
[runlim] main pid:		2355
[Ablector] INFO: *** ROUND 0
[Ablector] INFO: *** ROUND 1
[Ablector] INFO: *** ROUND 2
[Ablector] INFO: *** ROUND 3
[MulNode] INFO: Level 0
[UdivNode] INFO: Level 3 - Bit 1
[MulNode] INFO: Level 3 - Bit 1
[MulNode] INFO: Level 0
[MulNode] INFO: Level 0
[MulNode] INFO: Level 0
[MulNode] INFO: Level 0
[MulNode] INFO: Level 0
[Ablector] INFO: ABLECTOR TIME: 2.257587
[Ablector] INFO: SAT TIME: 2.251471
[Ablector] INFO: REF TIME: 0.084390
[runlim] end:			Wed May 13 16:41:38 2020
[runlim] status:		ok
[runlim] result:		0
[runlim] children:		0
[runlim] real:			3.37 seconds
[runlim] time:			3.28 seconds
[runlim] space:			54.4 MB
[runlim] samples:		27
[runlim] version:		1.10
[runlim] time limit:		311040000 seconds
[runlim] real time limit:	1200 seconds
[runlim] space limit:		15000 MB
[runlim] argv[0]:		python3
[runlim] argv[1]:		/raid/steuber/Software/ablector/ablector
[runlim] argv[2]:		/raid/steuber/Benchmarks/2019/QF_BV/Sage2/bench_16115.smt2
[runlim] argv[3]:		--ufReuse=1
[runlim] argv[4]:		--unsigned
[runlim] start:			Wed May 13 16:41:38 2020
[runlim] main pid:		2435
[Ablector] INFO: *** ROUND 0
[MulNode] INFO: Level 0
[Ablector] INFO: ABLECTOR TIME: 0.685214
[Ablector] INFO: SAT TIME: 0.679933
[Ablector] INFO: REF TIME: 0.011010
[runlim] end:			Wed May 13 16:41:40 2020
[runlim] status:		ok
[runlim] result:		0
[runlim] children:		0
[runlim] real:			2.02 seconds
[runlim] time:			1.57 seconds
[runlim] space:			49.4 MB
[runlim] samples:		12
[runlim] version:		1.10
[runlim] time limit:		311040000 seconds
[runlim] real time limit:	1200 seconds
[runlim] space limit:		15000 MB
[runlim] argv[0]:		python3
[runlim] argv[1]:		/raid/steuber/Software/ablector/ablector
[runlim] argv[2]:		/raid/steuber/Benchmarks/2019/QF_BV/sage/app12/bench_4493.smt2
[runlim] argv[3]:		--ufReuse=1
[runlim] argv[4]:		--unsigned
[runlim] start:			Wed May 13 16:41:40 2020
[runlim] main pid:		2489
[Ablector] INFO: *** ROUND 0
[Ablector] INFO: *** ROUND 1
[UdivNode] INFO: Level 1
[Ablector] INFO: ABLECTOR TIME: 0.013603
[Ablector] INFO: SAT TIME: 0.009248
[Ablector] INFO: REF TIME: 0.003418
[runlim] end:			Wed May 13 16:41:41 2020
[runlim] status:		segmentation fault
[runlim] result:		4
[runlim] children:		0
[runlim] real:			1.12 seconds
[runlim] time:			1.06 seconds
[runlim] space:			39.9 MB
[runlim] samples:		6
[runlim] version:		1.10
[runlim] time limit:		311040000 seconds
[runlim] real time limit:	1200 seconds
[runlim] space limit:		15000 MB
[runlim] argv[0]:		python3
[runlim] argv[1]:		/raid/steuber/Software/ablector/ablector
[runlim] argv[2]:		/raid/steuber/Benchmarks/2019/QF_BV/sage/app7/bench_5995.smt2
[runlim] argv[3]:		--ufReuse=1
[runlim] argv[4]:		--unsigned
[runlim] start:			Wed May 13 16:41:41 2020
[runlim] main pid:		2525
[Ablector] INFO: ABLECTOR TIME: 0.003628
[runlim] end:			Wed May 13 16:41:41 2020
[runlim] status:		ok
[runlim] result:		0
[runlim] children:		1
[runlim] real:			0.95 seconds
[runlim] time:			0.95 seconds
[runlim] space:			40.5 MB
[runlim] samples:		4
[runlim] version:		1.10
[runlim] time limit:		311040000 seconds
[runlim] real time limit:	1200 seconds
[runlim] space limit:		15000 MB
[runlim] argv[0]:		python3
[runlim] argv[1]:		/raid/steuber/Software/ablector/ablector
[runlim] argv[2]:		/raid/steuber/Benchmarks/2019/QF_BV/sage/app7/bench_576.smt2
[runlim] argv[3]:		--ufReuse=1
[runlim] argv[4]:		--unsigned
[runlim] start:			Wed May 13 16:41:42 2020
[runlim] main pid:		2564
[Ablector] INFO: ABLECTOR TIME: 0.003769
[runlim] end:			Wed May 13 16:41:44 2020
[runlim] status:		ok
[runlim] result:		0
[runlim] children:		13
[runlim] real:			2.06 seconds
[runlim] time:			2.15 seconds
[runlim] space:			80.8 MB
[runlim] samples:		17
[runlim] version:		1.10
[runlim] time limit:		311040000 seconds
[runlim] real time limit:	1200 seconds
[runlim] space limit:		15000 MB
[runlim] argv[0]:		python3
[runlim] argv[1]:		/raid/steuber/Software/ablector/ablector
[runlim] argv[2]:		/raid/steuber/Benchmarks/2019/QF_BV/Sage2/bench_12320.smt2
[runlim] argv[3]:		--ufReuse=1
[runlim] argv[4]:		--unsigned
[runlim] start:			Wed May 13 16:41:44 2020
[runlim] main pid:		2624
[Ablector] INFO: *** ROUND 0
[MulNode] INFO: Level 0
[MulNode] INFO: Level 0
[MulNode] INFO: Level 0
[MulNode] INFO: Level 0
[MulNode] INFO: Level 0
[MulNode] INFO: Level 0
[MulNode] INFO: Level 0
[MulNode] INFO: Level 0
[MulNode] INFO: Level 0
[MulNode] INFO: Level 0
[Ablector] INFO: ABLECTOR TIME: 0.575443
[Ablector] INFO: SAT TIME: 0.569236
[Ablector] INFO: REF TIME: 0.087313
[runlim] end:			Wed May 13 16:41:45 2020
[runlim] status:		ok
[runlim] result:		0
[runlim] children:		0
[runlim] real:			1.54 seconds
[runlim] time:			1.56 seconds
[runlim] space:			52.2 MB
[runlim] samples:		10
[runlim] version:		1.10
[runlim] time limit:		311040000 seconds
[runlim] real time limit:	1200 seconds
[runlim] space limit:		15000 MB
[runlim] argv[0]:		python3
[runlim] argv[1]:		/raid/steuber/Software/ablector/ablector
[runlim] argv[2]:		/raid/steuber/Benchmarks/2019/QF_BV/sage/app12/bench_2052.smt2
[runlim] argv[3]:		--ufReuse=1
[runlim] argv[4]:		--unsigned
[runlim] start:			Wed May 13 16:41:45 2020
[runlim] main pid:		2665
[Ablector] INFO: ABLECTOR TIME: 0.003345
[runlim] end:			Wed May 13 16:41:46 2020
[runlim] status:		ok
[runlim] result:		0
[runlim] children:		1
[runlim] real:			1.37 seconds
[runlim] time:			0.94 seconds
[runlim] space:			37.5 MB
[runlim] samples:		4
[runlim] version:		1.10
[runlim] time limit:		311040000 seconds
[runlim] real time limit:	1200 seconds
[runlim] space limit:		15000 MB
[runlim] argv[0]:		python3
[runlim] argv[1]:		/raid/steuber/Software/ablector/ablector
[runlim] argv[2]:		/raid/steuber/Benchmarks/2019/QF_BV/sage/app7/bench_5499.smt2
[runlim] argv[3]:		--ufReuse=1
[runlim] argv[4]:		--unsigned
[runlim] start:			Wed May 13 16:41:46 2020
[runlim] main pid:		2686
[Ablector] INFO: ABLECTOR TIME: 0.003651
[runlim] end:			Wed May 13 16:41:47 2020
[runlim] status:		ok
[runlim] result:		0
[runlim] children:		0
[runlim] real:			1.24 seconds
[runlim] time:			1.03 seconds
[runlim] space:			37.6 MB
[runlim] samples:		5
[runlim] version:		1.10
[runlim] time limit:		311040000 seconds
[runlim] real time limit:	1200 seconds
[runlim] space limit:		15000 MB
[runlim] argv[0]:		python3
[runlim] argv[1]:		/raid/steuber/Software/ablector/ablector
[runlim] argv[2]:		/raid/steuber/Benchmarks/2019/QF_BV/Sage2/bench_11783.smt2
[runlim] argv[3]:		--ufReuse=1
[runlim] argv[4]:		--unsigned
[runlim] start:			Wed May 13 16:41:47 2020
[runlim] main pid:		2725
[Ablector] INFO: *** ROUND 0
[runlim] sample:		10.5 time, 10.6 real, 92.2 MB
[runlim] sample:		20.5 time, 20.6 real, 91.6 MB
[MulNode] INFO: Level 0
[MulNode] INFO: Level 0
[MulNode] INFO: Level 0
[MulNode] INFO: Level 0
[MulNode] INFO: Level 0
[MulNode] INFO: Level 0
[MulNode] INFO: Level 0
[MulNode] INFO: Level 0
[MulNode] INFO: Level 0
[MulNode] INFO: Level 0
[MulNode] INFO: Level 0
[MulNode] INFO: Level 0
[MulNode] INFO: Level 0
[MulNode] INFO: Level 0
[MulNode] INFO: Level 0
[MulNode] INFO: Level 0
[MulNode] INFO: Level 0
[MulNode] INFO: Level 0
[MulNode] INFO: Level 0
[MulNode] INFO: Level 0
[MulNode] INFO: Level 0
[MulNode] INFO: Level 0
[MulNode] INFO: Level 0
[MulNode] INFO: Level 0
[MulNode] INFO: Level 0
[MulNode] INFO: Level 0
[MulNode] INFO: Level 0
[MulNode] INFO: Level 0
[MulNode] INFO: Level 0
[MulNode] INFO: Level 0
[MulNode] INFO: Level 0
[MulNode] INFO: Level 0
[MulNode] INFO: Level 0
[MulNode] INFO: Level 0
[MulNode] INFO: Level 0
[MulNode] INFO: Level 0
[MulNode] INFO: Level 0
[MulNode] INFO: Level 0
[MulNode] INFO: Level 0
[MulNode] INFO: Level 0
[MulNode] INFO: Level 0
[MulNode] INFO: Level 0
[MulNode] INFO: Level 0
[MulNode] INFO: Level 0
[MulNode] INFO: Level 0
[MulNode] INFO: Level 0
[MulNode] INFO: Level 0
[MulNode] INFO: Level 0
[MulNode] INFO: Level 0
[MulNode] INFO: Level 0
[MulNode] INFO: Level 0
[MulNode] INFO: Level 0
[MulNode] INFO: Level 0
[MulNode] INFO: Level 0
[MulNode] INFO: Level 0
[MulNode] INFO: Level 0
[MulNode] INFO: Level 0
[MulNode] INFO: Level 0
[Ablector] INFO: ABLECTOR TIME: 18.612437
[Ablector] INFO: SAT TIME: 18.598036
[Ablector] INFO: REF TIME: 0.495156
[runlim] end:			Wed May 13 16:42:07 2020
[runlim] status:		ok
[runlim] result:		0
[runlim] children:		0
[runlim] real:			20.88 seconds
[runlim] time:			20.68 seconds
[runlim] space:			92.7 MB
[runlim] samples:		202
[runlim] version:		1.10
[runlim] time limit:		311040000 seconds
[runlim] real time limit:	1200 seconds
[runlim] space limit:		15000 MB
[runlim] argv[0]:		python3
[runlim] argv[1]:		/raid/steuber/Software/ablector/ablector
[runlim] argv[2]:		/raid/steuber/Benchmarks/2019/QF_BV/sage/app8/bench_3302.smt2
[runlim] argv[3]:		--ufReuse=1
[runlim] argv[4]:		--unsigned
[runlim] start:			Wed May 13 16:42:08 2020
[runlim] main pid:		2849
[Ablector] INFO: ABLECTOR TIME: 0.003618
[runlim] end:			Wed May 13 16:42:08 2020
[runlim] status:		ok
[runlim] result:		0
[runlim] children:		1
[runlim] real:			0.74 seconds
[runlim] time:			1.00 seconds
[runlim] space:			38.0 MB
[runlim] samples:		5
[runlim] version:		1.10
[runlim] time limit:		311040000 seconds
[runlim] real time limit:	1200 seconds
[runlim] space limit:		15000 MB
[runlim] argv[0]:		python3
[runlim] argv[1]:		/raid/steuber/Software/ablector/ablector
[runlim] argv[2]:		/raid/steuber/Benchmarks/2019/QF_BV/Sage2/bench_11630.smt2
[runlim] argv[3]:		--ufReuse=1
[runlim] argv[4]:		--unsigned
[runlim] start:			Wed May 13 16:42:09 2020
[runlim] main pid:		2869
[Ablector] INFO: *** ROUND 0
[MulNode] INFO: Level 0
[MulNode] INFO: Level 0
[MulNode] INFO: Level 0
[MulNode] INFO: Level 0
[MulNode] INFO: Level 0
[MulNode] INFO: Level 0
[MulNode] INFO: Level 0
[MulNode] INFO: Level 0
[MulNode] INFO: Level 0
[MulNode] INFO: Level 0
[Ablector] INFO: ABLECTOR TIME: 0.702524
[Ablector] INFO: SAT TIME: 0.696103
[Ablector] INFO: REF TIME: 0.093343
[runlim] end:			Wed May 13 16:42:10 2020
[runlim] status:		ok
[runlim] result:		0
[runlim] children:		0
[runlim] real:			1.30 seconds
[runlim] time:			1.74 seconds
[runlim] space:			53.6 MB
[runlim] samples:		12
[runlim] version:		1.10
[runlim] time limit:		311040000 seconds
[runlim] real time limit:	1200 seconds
[runlim] space limit:		15000 MB
[runlim] argv[0]:		python3
[runlim] argv[1]:		/raid/steuber/Software/ablector/ablector
[runlim] argv[2]:		/raid/steuber/Benchmarks/2019/QF_BV/sage/app7/bench_6657.smt2
[runlim] argv[3]:		--ufReuse=1
[runlim] argv[4]:		--unsigned
[runlim] start:			Wed May 13 16:42:10 2020
[runlim] main pid:		2889
[Ablector] INFO: ABLECTOR TIME: 0.003934
[runlim] end:			Wed May 13 16:42:12 2020
[runlim] status:		ok
[runlim] result:		0
[runlim] children:		14
[runlim] real:			2.49 seconds
[runlim] time:			2.17 seconds
[runlim] space:			85.0 MB
[runlim] samples:		18
[runlim] version:		1.10
[runlim] time limit:		311040000 seconds
[runlim] real time limit:	1200 seconds
[runlim] space limit:		15000 MB
[runlim] argv[0]:		python3
[runlim] argv[1]:		/raid/steuber/Software/ablector/ablector
[runlim] argv[2]:		/raid/steuber/Benchmarks/2019/QF_BV/sage/app7/bench_6423.smt2
[runlim] argv[3]:		--ufReuse=1
[runlim] argv[4]:		--unsigned
[runlim] start:			Wed May 13 16:42:12 2020
[runlim] main pid:		2909
[Ablector] INFO: ABLECTOR TIME: 0.003596
[runlim] end:			Wed May 13 16:42:13 2020
[runlim] status:		ok
[runlim] result:		0
[runlim] children:		1
[runlim] real:			1.31 seconds
[runlim] time:			0.98 seconds
[runlim] space:			37.6 MB
[runlim] samples:		4
[runlim] version:		1.10
[runlim] time limit:		311040000 seconds
[runlim] real time limit:	1200 seconds
[runlim] space limit:		15000 MB
[runlim] argv[0]:		python3
[runlim] argv[1]:		/raid/steuber/Software/ablector/ablector
[runlim] argv[2]:		/raid/steuber/Benchmarks/2019/QF_BV/sage/app1/bench_252.smt2
[runlim] argv[3]:		--ufReuse=1
[runlim] argv[4]:		--unsigned
[runlim] start:			Wed May 13 16:42:13 2020
[runlim] main pid:		2929
[Ablector] INFO: *** ROUND 0
[MulNode] INFO: Level 0
[MulNode] INFO: Level 0
[MulNode] INFO: Level 0
[MulNode] INFO: Level 0
[MulNode] INFO: Level 0
[Ablector] INFO: ABLECTOR TIME: 0.284614
[Ablector] INFO: SAT TIME: 0.278595
[Ablector] INFO: REF TIME: 0.048377
[runlim] end:			Wed May 13 16:42:14 2020
[runlim] status:		ok
[runlim] result:		0
[runlim] children:		0
[runlim] real:			1.60 seconds
[runlim] time:			1.45 seconds
[runlim] space:			53.4 MB
[runlim] samples:		9
[runlim] version:		1.10
[runlim] time limit:		311040000 seconds
[runlim] real time limit:	1200 seconds
[runlim] space limit:		15000 MB
[runlim] argv[0]:		python3
[runlim] argv[1]:		/raid/steuber/Software/ablector/ablector
[runlim] argv[2]:		/raid/steuber/Benchmarks/2019/QF_BV/sage/app9/bench_192.smt2
[runlim] argv[3]:		--ufReuse=1
[runlim] argv[4]:		--unsigned
[runlim] start:			Wed May 13 16:42:14 2020
[runlim] main pid:		2969
[Ablector] INFO: ABLECTOR TIME: 0.003504
[runlim] end:			Wed May 13 16:42:15 2020
[runlim] status:		ok
[runlim] result:		0
[runlim] children:		1
[runlim] real:			1.46 seconds
[runlim] time:			1.04 seconds
[runlim] space:			37.7 MB
[runlim] samples:		5
[runlim] version:		1.10
[runlim] time limit:		311040000 seconds
[runlim] real time limit:	1200 seconds
[runlim] space limit:		15000 MB
[runlim] argv[0]:		python3
[runlim] argv[1]:		/raid/steuber/Software/ablector/ablector
[runlim] argv[2]:		/raid/steuber/Benchmarks/2019/QF_BV/brummayerbiere2/umulov2bw1024.smt2
[runlim] argv[3]:		--ufReuse=1
[runlim] argv[4]:		--unsigned
[runlim] start:			Wed May 13 16:42:15 2020
[runlim] main pid:		2991
[Ablector] INFO: *** ROUND 0
[runlim] sample:		10.4 time, 10.8 real, 681.6 MB
[runlim] sample:		20.4 time, 20.8 real, 1739.7 MB
[runlim] sample:		30.4 time, 30.8 real, 2473.2 MB
[MulNode] INFO: Level 0
[Ablector] INFO: ABLECTOR TIME: 32.293099
[Ablector] INFO: SAT TIME: 32.286098
[Ablector] INFO: REF TIME: 0.406232
[runlim] end:			Wed May 13 16:42:51 2020
[runlim] status:		ok
[runlim] result:		0
[runlim] children:		2
[runlim] real:			36.85 seconds
[runlim] time:			36.40 seconds
[runlim] space:			2551.0 MB
[runlim] samples:		360
[runlim] version:		1.10
[runlim] time limit:		311040000 seconds
[runlim] real time limit:	1200 seconds
[runlim] space limit:		15000 MB
[runlim] argv[0]:		python3
[runlim] argv[1]:		/raid/steuber/Software/ablector/ablector
[runlim] argv[2]:		/raid/steuber/Benchmarks/2019/QF_BV/log-slicing/bvudiv_21.smt2
[runlim] argv[3]:		--ufReuse=1
[runlim] argv[4]:		--unsigned
[runlim] start:			Wed May 13 16:42:52 2020
[runlim] main pid:		3155
[Ablector] INFO: *** ROUND 0
[Ablector] INFO: *** ROUND 1
[Ablector] INFO: *** ROUND 2
[Ablector] INFO: *** ROUND 3
[Ablector] INFO: *** ROUND 4
[Ablector] INFO: *** ROUND 5
[Ablector] INFO: *** ROUND 6
[Ablector] INFO: *** ROUND 7
[Ablector] INFO: *** ROUND 8
[Ablector] INFO: *** ROUND 9
[Ablector] INFO: *** ROUND 10
[Ablector] INFO: *** ROUND 11
[Ablector] INFO: *** ROUND 12
[Ablector] INFO: *** ROUND 13
[runlim] sample:		10.5 time, 10.2 real, 74.7 MB
[runlim] sample:		20.5 time, 20.2 real, 80.5 MB
[runlim] sample:		30.5 time, 30.2 real, 80.7 MB
[runlim] sample:		40.5 time, 40.2 real, 84.9 MB
[runlim] sample:		50.5 time, 50.2 real, 87.9 MB
[runlim] sample:		60.5 time, 60.2 real, 88.5 MB
[runlim] sample:		70.5 time, 70.2 real, 88.5 MB
[runlim] sample:		80.5 time, 80.2 real, 91.8 MB
[runlim] sample:		90.5 time, 90.2 real, 91.8 MB
[runlim] sample:		100.5 time, 100.2 real, 91.8 MB
[runlim] sample:		110.5 time, 110.2 real, 94.9 MB
[runlim] sample:		120.5 time, 120.2 real, 94.9 MB
[runlim] sample:		130.5 time, 130.2 real, 94.9 MB
[Ablector] INFO: *** ROUND 14
[runlim] sample:		140.5 time, 140.2 real, 76.3 MB
[runlim] sample:		150.5 time, 150.2 real, 79.4 MB
[runlim] sample:		160.5 time, 160.2 real, 80.7 MB
[runlim] sample:		170.5 time, 170.2 real, 83.8 MB
[Ablector] INFO: *** ROUND 15
[runlim] sample:		180.5 time, 180.2 real, 88.2 MB
[runlim] sample:		190.5 time, 190.2 real, 86.9 MB
[runlim] sample:		200.5 time, 200.2 real, 87.0 MB
[runlim] sample:		210.5 time, 210.2 real, 89.3 MB
[runlim] sample:		220.5 time, 220.2 real, 86.0 MB
[runlim] sample:		230.5 time, 230.2 real, 86.5 MB
[runlim] sample:		240.5 time, 240.2 real, 86.5 MB
[runlim] sample:		250.5 time, 250.2 real, 86.5 MB
[runlim] sample:		260.5 time, 260.2 real, 86.5 MB
[runlim] sample:		270.5 time, 270.2 real, 89.4 MB
[runlim] sample:		280.5 time, 280.2 real, 90.2 MB
[runlim] sample:		290.5 time, 290.2 real, 92.0 MB
[runlim] sample:		300.5 time, 300.2 real, 92.0 MB
[runlim] sample:		310.5 time, 310.2 real, 94.5 MB
[runlim] sample:		320.5 time, 320.2 real, 94.5 MB
[runlim] sample:		330.5 time, 330.2 real, 94.5 MB
[runlim] sample:		340.5 time, 340.2 real, 94.8 MB
[runlim] sample:		350.5 time, 350.2 real, 95.6 MB
[runlim] sample:		360.5 time, 360.2 real, 99.9 MB
[runlim] sample:		370.5 time, 370.2 real, 99.9 MB
[runlim] sample:		380.5 time, 380.2 real, 99.9 MB
[runlim] sample:		390.5 time, 390.2 real, 99.9 MB
[runlim] sample:		400.5 time, 400.2 real, 99.9 MB
[runlim] sample:		410.5 time, 410.2 real, 99.9 MB
[runlim] sample:		420.5 time, 420.2 real, 99.9 MB
[runlim] sample:		430.5 time, 430.2 real, 99.9 MB
[runlim] sample:		440.5 time, 440.2 real, 99.9 MB
[runlim] sample:		450.5 time, 450.2 real, 99.9 MB
[runlim] sample:		460.5 time, 460.2 real, 99.9 MB
[runlim] sample:		470.5 time, 470.2 real, 100.2 MB
[runlim] sample:		480.5 time, 480.2 real, 104.3 MB
[runlim] sample:		490.5 time, 490.2 real, 106.1 MB
[runlim] sample:		500.5 time, 500.2 real, 106.1 MB
[runlim] sample:		510.5 time, 510.2 real, 106.1 MB
[runlim] sample:		520.5 time, 520.2 real, 106.1 MB
[runlim] sample:		530.5 time, 530.2 real, 110.5 MB
[runlim] sample:		540.5 time, 540.2 real, 110.5 MB
[runlim] sample:		550.5 time, 550.2 real, 110.5 MB
[runlim] sample:		560.5 time, 560.2 real, 110.5 MB
[runlim] sample:		570.5 time, 570.2 real, 110.5 MB
[runlim] sample:		580.5 time, 580.2 real, 110.5 MB
[runlim] sample:		590.5 time, 590.2 real, 110.5 MB
[runlim] sample:		600.5 time, 600.2 real, 110.5 MB
[runlim] sample:		610.5 time, 610.2 real, 110.5 MB
[runlim] sample:		620.5 time, 620.2 real, 110.5 MB
[runlim] sample:		630.5 time, 630.2 real, 110.5 MB
[runlim] sample:		640.5 time, 640.2 real, 110.5 MB
[runlim] sample:		650.5 time, 650.2 real, 110.5 MB
[runlim] sample:		660.5 time, 660.2 real, 110.5 MB
[runlim] sample:		670.5 time, 670.2 real, 110.5 MB
[runlim] sample:		680.5 time, 680.2 real, 110.5 MB
[runlim] sample:		690.5 time, 690.2 real, 110.5 MB
[runlim] sample:		700.5 time, 700.2 real, 110.5 MB
[runlim] sample:		710.5 time, 710.2 real, 111.6 MB
[runlim] sample:		720.5 time, 720.2 real, 111.6 MB
[runlim] sample:		730.5 time, 730.2 real, 111.6 MB
[runlim] sample:		740.5 time, 740.2 real, 111.6 MB
[runlim] sample:		750.5 time, 750.2 real, 111.6 MB
[runlim] sample:		760.5 time, 760.2 real, 118.8 MB
[runlim] sample:		770.5 time, 770.2 real, 118.8 MB
[runlim] sample:		780.5 time, 780.2 real, 118.8 MB
[runlim] sample:		790.5 time, 790.2 real, 118.8 MB
[runlim] sample:		800.5 time, 800.2 real, 118.8 MB
[runlim] sample:		810.5 time, 810.2 real, 118.8 MB
[runlim] sample:		820.5 time, 820.2 real, 118.8 MB
[runlim] sample:		830.5 time, 830.2 real, 118.8 MB
[runlim] sample:		840.5 time, 840.2 real, 118.8 MB
[runlim] sample:		850.5 time, 850.2 real, 118.8 MB
[runlim] sample:		860.5 time, 860.2 real, 118.8 MB
[runlim] sample:		870.5 time, 870.2 real, 118.8 MB
[runlim] sample:		880.5 time, 880.2 real, 118.8 MB
[runlim] sample:		890.5 time, 890.2 real, 118.8 MB
[runlim] sample:		900.5 time, 900.2 real, 118.8 MB
[runlim] sample:		910.5 time, 910.2 real, 118.8 MB
[runlim] sample:		920.5 time, 920.2 real, 118.8 MB
[runlim] sample:		930.5 time, 930.2 real, 118.8 MB
[runlim] sample:		940.5 time, 940.2 real, 118.8 MB
[runlim] sample:		950.5 time, 950.2 real, 118.8 MB
[runlim] sample:		960.5 time, 960.2 real, 118.8 MB
[runlim] sample:		970.5 time, 970.2 real, 118.8 MB
[runlim] sample:		980.5 time, 980.2 real, 118.8 MB
[runlim] sample:		990.5 time, 990.2 real, 118.8 MB
[runlim] sample:		1000.5 time, 1000.2 real, 118.8 MB
[runlim] sample:		1010.5 time, 1010.2 real, 118.8 MB
[runlim] sample:		1020.5 time, 1020.2 real, 118.8 MB
[runlim] sample:		1030.5 time, 1030.2 real, 118.8 MB
[runlim] sample:		1040.5 time, 1040.2 real, 118.8 MB
[runlim] sample:		1050.5 time, 1050.2 real, 118.8 MB
[runlim] sample:		1060.5 time, 1060.2 real, 118.8 MB
[runlim] sample:		1070.5 time, 1070.2 real, 118.8 MB
[runlim] sample:		1080.5 time, 1080.2 real, 118.8 MB
[runlim] sample:		1090.5 time, 1090.2 real, 118.8 MB
[runlim] sample:		1100.5 time, 1100.2 real, 118.8 MB
[runlim] sample:		1110.5 time, 1110.2 real, 118.8 MB
[runlim] sample:		1120.5 time, 1120.2 real, 118.8 MB
[runlim] sample:		1130.5 time, 1130.2 real, 118.8 MB
[runlim] sample:		1140.5 time, 1140.2 real, 123.0 MB
[runlim] sample:		1150.5 time, 1150.2 real, 127.5 MB
[runlim] sample:		1160.5 time, 1160.2 real, 127.5 MB
[runlim] sample:		1170.5 time, 1170.2 real, 127.5 MB
[runlim] sample:		1180.5 time, 1180.2 real, 127.5 MB
[runlim] sample:		1190.5 time, 1190.2 real, 127.5 MB
[runlim] end:			Wed May 13 17:02:52 2020
[runlim] status:		out of time
[runlim] result:		2
[runlim] children:		1
[runlim] real:			1200.04 seconds
[runlim] time:			1200.27 seconds
[runlim] space:			135.5 MB
[runlim] samples:		11998
[runlim] version:		1.10
[runlim] time limit:		311040000 seconds
[runlim] real time limit:	1200 seconds
[runlim] space limit:		15000 MB
[runlim] argv[0]:		python3
[runlim] argv[1]:		/raid/steuber/Software/ablector/ablector
[runlim] argv[2]:		/raid/steuber/Benchmarks/2019/QF_BV/sage/app12/bench_2041.smt2
[runlim] argv[3]:		--ufReuse=1
[runlim] argv[4]:		--unsigned
[runlim] start:			Wed May 13 17:02:52 2020
[runlim] main pid:		3485
[Ablector] INFO: ABLECTOR TIME: 0.003552
[runlim] end:			Wed May 13 17:02:53 2020
[runlim] status:		ok
[runlim] result:		0
[runlim] children:		0
[runlim] real:			1.26 seconds
[runlim] time:			1.04 seconds
[runlim] space:			37.7 MB
[runlim] samples:		7
[runlim] version:		1.10
[runlim] time limit:		311040000 seconds
[runlim] real time limit:	1200 seconds
[runlim] space limit:		15000 MB
[runlim] argv[0]:		python3
[runlim] argv[1]:		/raid/steuber/Software/ablector/ablector
[runlim] argv[2]:		/raid/steuber/Benchmarks/2019/QF_BV/sage/app11/bench_153.smt2
[runlim] argv[3]:		--ufReuse=1
[runlim] argv[4]:		--unsigned
[runlim] start:			Wed May 13 17:02:53 2020
[runlim] main pid:		3505
[Ablector] INFO: ABLECTOR TIME: 0.003793
[runlim] end:			Wed May 13 17:02:54 2020
[runlim] status:		ok
[runlim] result:		0
[runlim] children:		6
[runlim] real:			1.59 seconds
[runlim] time:			1.41 seconds
[runlim] space:			66.8 MB
[runlim] samples:		9
[runlim] version:		1.10
[runlim] time limit:		311040000 seconds
[runlim] real time limit:	1200 seconds
[runlim] space limit:		15000 MB
[runlim] argv[0]:		python3
[runlim] argv[1]:		/raid/steuber/Software/ablector/ablector
[runlim] argv[2]:		/raid/steuber/Benchmarks/2019/QF_BV/sage/app11/bench_307.smt2
[runlim] argv[3]:		--ufReuse=1
[runlim] argv[4]:		--unsigned
[runlim] start:			Wed May 13 17:02:54 2020
[runlim] main pid:		3525
[Ablector] INFO: ABLECTOR TIME: 0.003542
[runlim] end:			Wed May 13 17:02:55 2020
[runlim] status:		ok
[runlim] result:		0
[runlim] children:		6
[runlim] real:			1.92 seconds
[runlim] time:			1.42 seconds
[runlim] space:			66.0 MB
[runlim] samples:		9
[runlim] version:		1.10
[runlim] time limit:		311040000 seconds
[runlim] real time limit:	1200 seconds
[runlim] space limit:		15000 MB
[runlim] argv[0]:		python3
[runlim] argv[1]:		/raid/steuber/Software/ablector/ablector
[runlim] argv[2]:		/raid/steuber/Benchmarks/2019/QF_BV/sage/app9/bench_1069.smt2
[runlim] argv[3]:		--ufReuse=1
[runlim] argv[4]:		--unsigned
[runlim] start:			Wed May 13 17:02:56 2020
[runlim] main pid:		3545
[Ablector] INFO: ABLECTOR TIME: 0.003662
[runlim] end:			Wed May 13 17:02:56 2020
[runlim] status:		ok
[runlim] result:		0
[runlim] children:		0
[runlim] real:			0.79 seconds
[runlim] time:			1.04 seconds
[runlim] space:			37.7 MB
[runlim] samples:		5
[runlim] version:		1.10
[runlim] time limit:		311040000 seconds
[runlim] real time limit:	1200 seconds
[runlim] space limit:		15000 MB
[runlim] argv[0]:		python3
[runlim] argv[1]:		/raid/steuber/Software/ablector/ablector
[runlim] argv[2]:		/raid/steuber/Benchmarks/2019/QF_BV/sage/app7/bench_5199.smt2
[runlim] argv[3]:		--ufReuse=1
[runlim] argv[4]:		--unsigned
[runlim] start:			Wed May 13 17:02:57 2020
[runlim] main pid:		3565
[Ablector] INFO: ABLECTOR TIME: 0.003729
[runlim] end:			Wed May 13 17:02:57 2020
[runlim] status:		ok
[runlim] result:		0
[runlim] children:		1
[runlim] real:			0.66 seconds
[runlim] time:			0.98 seconds
[runlim] space:			40.7 MB
[runlim] samples:		5
[runlim] version:		1.10
[runlim] time limit:		311040000 seconds
[runlim] real time limit:	1200 seconds
[runlim] space limit:		15000 MB
[runlim] argv[0]:		python3
[runlim] argv[1]:		/raid/steuber/Software/ablector/ablector
[runlim] argv[2]:		/raid/steuber/Benchmarks/2019/QF_BV/Sage2/bench_2184.smt2
[runlim] argv[3]:		--ufReuse=1
[runlim] argv[4]:		--unsigned
[runlim] start:			Wed May 13 17:02:58 2020
[runlim] main pid:		3585
[Ablector] INFO: *** ROUND 0
[runlim] sample:		10.5 time, 10.0 real, 72.3 MB
[MulNode] INFO: Level 0
[MulNode] INFO: Level 0
[MulNode] INFO: Level 0
[MulNode] INFO: Level 0
[MulNode] INFO: Level 0
[MulNode] INFO: Level 0
[MulNode] INFO: Level 0
[MulNode] INFO: Level 0
[MulNode] INFO: Level 0
[MulNode] INFO: Level 0
[MulNode] INFO: Level 0
[MulNode] INFO: Level 0
[MulNode] INFO: Level 0
[MulNode] INFO: Level 0
[MulNode] INFO: Level 0
[MulNode] INFO: Level 0
[MulNode] INFO: Level 0
[MulNode] INFO: Level 0
[MulNode] INFO: Level 0
[MulNode] INFO: Level 0
[MulNode] INFO: Level 0
[MulNode] INFO: Level 0
[MulNode] INFO: Level 0
[MulNode] INFO: Level 0
[MulNode] INFO: Level 0
[MulNode] INFO: Level 0
[MulNode] INFO: Level 0
[MulNode] INFO: Level 0
[MulNode] INFO: Level 0
[MulNode] INFO: Level 0
[MulNode] INFO: Level 0
[MulNode] INFO: Level 0
[MulNode] INFO: Level 0
[MulNode] INFO: Level 0
[MulNode] INFO: Level 0
[MulNode] INFO: Level 0
[MulNode] INFO: Level 0
[MulNode] INFO: Level 0
[MulNode] INFO: Level 0
[MulNode] INFO: Level 0
[MulNode] INFO: Level 0
[MulNode] INFO: Level 0
[MulNode] INFO: Level 0
[MulNode] INFO: Level 0
[Ablector] INFO: ABLECTOR TIME: 12.989069
[Ablector] INFO: SAT TIME: 12.976649
[Ablector] INFO: REF TIME: 0.424405
[runlim] end:			Wed May 13 17:03:11 2020
[runlim] status:		ok
[runlim] result:		0
[runlim] children:		0
[runlim] real:			13.68 seconds
[runlim] time:			14.14 seconds
[runlim] space:			84.5 MB
[runlim] samples:		136
[runlim] version:		1.10
[runlim] time limit:		311040000 seconds
[runlim] real time limit:	1200 seconds
[runlim] space limit:		15000 MB
[runlim] argv[0]:		python3
[runlim] argv[1]:		/raid/steuber/Software/ablector/ablector
[runlim] argv[2]:		/raid/steuber/Benchmarks/2019/QF_BV/sage/app9/bench_2616.smt2
[runlim] argv[3]:		--ufReuse=1
[runlim] argv[4]:		--unsigned
[runlim] start:			Wed May 13 17:03:12 2020
[runlim] main pid:		3607
[Ablector] INFO: ABLECTOR TIME: 0.003582
[runlim] end:			Wed May 13 17:03:12 2020
[runlim] status:		ok
[runlim] result:		0
[runlim] children:		0
[runlim] real:			0.50 seconds
[runlim] time:			0.94 seconds
[runlim] space:			37.6 MB
[runlim] samples:		4
[runlim] version:		1.10
[runlim] time limit:		311040000 seconds
[runlim] real time limit:	1200 seconds
[runlim] space limit:		15000 MB
[runlim] argv[0]:		python3
[runlim] argv[1]:		/raid/steuber/Software/ablector/ablector
[runlim] argv[2]:		/raid/steuber/Benchmarks/2019/QF_BV/sage/app1/bench_826.smt2
[runlim] argv[3]:		--ufReuse=1
[runlim] argv[4]:		--unsigned
[runlim] start:			Wed May 13 17:03:12 2020
[runlim] main pid:		3627
[Ablector] INFO: ABLECTOR TIME: 0.003463
[runlim] end:			Wed May 13 17:03:13 2020
[runlim] status:		ok
[runlim] result:		0
[runlim] children:		0
[runlim] real:			1.34 seconds
[runlim] time:			0.98 seconds
[runlim] space:			37.7 MB
[runlim] samples:		4
[runlim] version:		1.10
[runlim] time limit:		311040000 seconds
[runlim] real time limit:	1200 seconds
[runlim] space limit:		15000 MB
[runlim] argv[0]:		python3
[runlim] argv[1]:		/raid/steuber/Software/ablector/ablector
[runlim] argv[2]:		/raid/steuber/Benchmarks/2019/QF_BV/sage/app7/bench_3240.smt2
[runlim] argv[3]:		--ufReuse=1
[runlim] argv[4]:		--unsigned
[runlim] start:			Wed May 13 17:03:13 2020
[runlim] main pid:		3648
[Ablector] INFO: ABLECTOR TIME: 0.003574
[runlim] end:			Wed May 13 17:03:14 2020
[runlim] status:		ok
[runlim] result:		0
[runlim] children:		2
[runlim] real:			1.33 seconds
[runlim] time:			1.00 seconds
[runlim] space:			46.3 MB
[runlim] samples:		6
[runlim] version:		1.10
[runlim] time limit:		311040000 seconds
[runlim] real time limit:	1200 seconds
[runlim] space limit:		15000 MB
[runlim] argv[0]:		python3
[runlim] argv[1]:		/raid/steuber/Software/ablector/ablector
[runlim] argv[2]:		/raid/steuber/Benchmarks/2019/QF_BV/sage/app2/bench_1135.smt2
[runlim] argv[3]:		--ufReuse=1
[runlim] argv[4]:		--unsigned
[runlim] start:			Wed May 13 17:03:14 2020
[runlim] main pid:		3668
[Ablector] INFO: ABLECTOR TIME: 0.003648
[runlim] end:			Wed May 13 17:03:15 2020
[runlim] status:		ok
[runlim] result:		0
[runlim] children:		1
[runlim] real:			1.14 seconds
[runlim] time:			0.93 seconds
[runlim] space:			40.9 MB
[runlim] samples:		4
[runlim] version:		1.10
[runlim] time limit:		311040000 seconds
[runlim] real time limit:	1200 seconds
[runlim] space limit:		15000 MB
[runlim] argv[0]:		python3
[runlim] argv[1]:		/raid/steuber/Software/ablector/ablector
[runlim] argv[2]:		/raid/steuber/Benchmarks/2019/QF_BV/sage/app7/bench_6081.smt2
[runlim] argv[3]:		--ufReuse=1
[runlim] argv[4]:		--unsigned
[runlim] start:			Wed May 13 17:03:15 2020
[runlim] main pid:		3688
[Ablector] INFO: ABLECTOR TIME: 0.003498
[runlim] end:			Wed May 13 17:03:15 2020
[runlim] status:		ok
[runlim] result:		0
[runlim] children:		0
[runlim] real:			0.94 seconds
[runlim] time:			0.92 seconds
[runlim] space:			37.8 MB
[runlim] samples:		4
[runlim] version:		1.10
[runlim] time limit:		311040000 seconds
[runlim] real time limit:	1200 seconds
[runlim] space limit:		15000 MB
[runlim] argv[0]:		python3
[runlim] argv[1]:		/raid/steuber/Software/ablector/ablector
[runlim] argv[2]:		/raid/steuber/Benchmarks/2019/QF_BV/sage/app2/bench_1406.smt2
[runlim] argv[3]:		--ufReuse=1
[runlim] argv[4]:		--unsigned
[runlim] start:			Wed May 13 17:03:16 2020
[runlim] main pid:		3708
[Ablector] INFO: *** ROUND 0
[MulNode] INFO: Level 0
[MulNode] INFO: Level 0
[UdivNode] INFO: Level 0
[UdivNode] INFO: Level 0
[UdivNode] INFO: Level 0
[MulNode] INFO: Level 0
[MulNode] INFO: Level 0
[Ablector] INFO: ABLECTOR TIME: 0.097537
[Ablector] INFO: SAT TIME: 0.090067
[Ablector] INFO: REF TIME: 0.042381
[runlim] end:			Wed May 13 17:03:17 2020
[runlim] status:		ok
[runlim] result:		0
[runlim] children:		0
[runlim] real:			1.07 seconds
[runlim] time:			1.24 seconds
[runlim] space:			46.0 MB
[runlim] samples:		7
[runlim] version:		1.10
[runlim] time limit:		311040000 seconds
[runlim] real time limit:	1200 seconds
[runlim] space limit:		15000 MB
[runlim] argv[0]:		python3
[runlim] argv[1]:		/raid/steuber/Software/ablector/ablector
[runlim] argv[2]:		/raid/steuber/Benchmarks/2019/QF_BV/Sage2/bench_6148.smt2
[runlim] argv[3]:		--ufReuse=1
[runlim] argv[4]:		--unsigned
[runlim] start:			Wed May 13 17:03:17 2020
[runlim] main pid:		3730
[Ablector] INFO: *** ROUND 0
[runlim] sample:		10.6 time, 10.4 real, 56.9 MB
[runlim] sample:		20.6 time, 20.4 real, 65.6 MB
[runlim] sample:		30.6 time, 30.4 real, 69.2 MB
[runlim] sample:		40.5 time, 40.4 real, 70.5 MB
[runlim] sample:		50.6 time, 50.4 real, 71.6 MB
[runlim] sample:		60.5 time, 60.4 real, 79.0 MB
[runlim] sample:		70.5 time, 70.4 real, 79.0 MB
[runlim] sample:		80.5 time, 80.4 real, 79.0 MB
[runlim] sample:		90.5 time, 90.4 real, 79.0 MB
[runlim] sample:		100.6 time, 100.4 real, 87.8 MB
[runlim] sample:		110.5 time, 110.4 real, 83.0 MB
[runlim] sample:		120.5 time, 120.4 real, 88.1 MB
[runlim] sample:		130.6 time, 130.4 real, 88.5 MB
[runlim] sample:		140.6 time, 140.4 real, 88.7 MB
[runlim] sample:		150.6 time, 150.4 real, 88.3 MB
[runlim] sample:		160.6 time, 160.4 real, 89.2 MB
[runlim] sample:		170.6 time, 170.4 real, 84.6 MB
[runlim] sample:		180.6 time, 180.4 real, 89.7 MB
[runlim] sample:		190.5 time, 190.4 real, 90.3 MB
[runlim] sample:		200.6 time, 200.4 real, 85.6 MB
[runlim] sample:		210.6 time, 210.4 real, 86.1 MB
[runlim] sample:		220.5 time, 220.4 real, 91.8 MB
[runlim] sample:		230.6 time, 230.4 real, 92.3 MB
[runlim] sample:		240.5 time, 240.4 real, 94.1 MB
[MulNode] INFO: Level 0
[MulNode] INFO: Level 0
[MulNode] INFO: Level 0
[MulNode] INFO: Level 0
[MulNode] INFO: Level 0
[MulNode] INFO: Level 0
[MulNode] INFO: Level 0
[MulNode] INFO: Level 0
[MulNode] INFO: Level 0
[MulNode] INFO: Level 0
[MulNode] INFO: Level 0
[MulNode] INFO: Level 0
[MulNode] INFO: Level 0
[MulNode] INFO: Level 0
[MulNode] INFO: Level 0
[MulNode] INFO: Level 0
[MulNode] INFO: Level 0
[Ablector] INFO: ABLECTOR TIME: 246.010989
[Ablector] INFO: SAT TIME: 246.003007
[Ablector] INFO: REF TIME: 0.166774
[runlim] end:			Wed May 13 17:07:24 2020
[runlim] status:		ok
[runlim] result:		0
[runlim] children:		1
[runlim] real:			247.01 seconds
[runlim] time:			247.05 seconds
[runlim] space:			94.1 MB
[runlim] samples:		2465
[runlim] version:		1.10
[runlim] time limit:		311040000 seconds
[runlim] real time limit:	1200 seconds
[runlim] space limit:		15000 MB
[runlim] argv[0]:		python3
[runlim] argv[1]:		/raid/steuber/Software/ablector/ablector
[runlim] argv[2]:		/raid/steuber/Benchmarks/2019/QF_BV/Sage2/bench_11109.smt2
[runlim] argv[3]:		--ufReuse=1
[runlim] argv[4]:		--unsigned
[runlim] start:			Wed May 13 17:07:24 2020
[runlim] main pid:		3794
[Ablector] INFO: *** ROUND 0
[runlim] sample:		10.3 time, 10.5 real, 214.2 MB
[MulNode] INFO: Level 0
[MulNode] INFO: Level 0
[MulNode] INFO: Level 0
[MulNode] INFO: Level 0
[MulNode] INFO: Level 0
[MulNode] INFO: Level 0
[MulNode] INFO: Level 0
[MulNode] INFO: Level 0
[MulNode] INFO: Level 0
[MulNode] INFO: Level 0
[MulNode] INFO: Level 0
[MulNode] INFO: Level 0
[MulNode] INFO: Level 0
[MulNode] INFO: Level 0
[MulNode] INFO: Level 0
[MulNode] INFO: Level 0
[MulNode] INFO: Level 0
[MulNode] INFO: Level 0
[MulNode] INFO: Level 0
[MulNode] INFO: Level 0
[MulNode] INFO: Level 0
[MulNode] INFO: Level 0
[MulNode] INFO: Level 0
[MulNode] INFO: Level 0
[MulNode] INFO: Level 0
[MulNode] INFO: Level 0
[MulNode] INFO: Level 0
[MulNode] INFO: Level 0
[MulNode] INFO: Level 0
[MulNode] INFO: Level 0
[MulNode] INFO: Level 0
[MulNode] INFO: Level 0
[MulNode] INFO: Level 0
[MulNode] INFO: Level 0
[MulNode] INFO: Level 0
[MulNode] INFO: Level 0
[MulNode] INFO: Level 0
[MulNode] INFO: Level 0
[MulNode] INFO: Level 0
[MulNode] INFO: Level 0
[MulNode] INFO: Level 0
[MulNode] INFO: Level 0
[MulNode] INFO: Level 0
[MulNode] INFO: Level 0
[MulNode] INFO: Level 0
[MulNode] INFO: Level 0
[MulNode] INFO: Level 0
[MulNode] INFO: Level 0
[MulNode] INFO: Level 0
[MulNode] INFO: Level 0
[MulNode] INFO: Level 0
[MulNode] INFO: Level 0
[MulNode] INFO: Level 0
[MulNode] INFO: Level 0
[MulNode] INFO: Level 0
[MulNode] INFO: Level 0
[MulNode] INFO: Level 0
[MulNode] INFO: Level 0
[MulNode] INFO: Level 0
[MulNode] INFO: Level 0
[MulNode] INFO: Level 0
[MulNode] INFO: Level 0
[MulNode] INFO: Level 0
[MulNode] INFO: Level 0
[MulNode] INFO: Level 0
[MulNode] INFO: Level 0
[MulNode] INFO: Level 0
[MulNode] INFO: Level 0
[MulNode] INFO: Level 0
[MulNode] INFO: Level 0
[MulNode] INFO: Level 0
[MulNode] INFO: Level 0
[MulNode] INFO: Level 0
[MulNode] INFO: Level 0
[MulNode] INFO: Level 0
[MulNode] INFO: Level 0
[MulNode] INFO: Level 0
[MulNode] INFO: Level 0
[MulNode] INFO: Level 0
[MulNode] INFO: Level 0
[MulNode] INFO: Level 0
[MulNode] INFO: Level 0
[MulNode] INFO: Level 0
[MulNode] INFO: Level 0
[MulNode] INFO: Level 0
[MulNode] INFO: Level 0
[MulNode] INFO: Level 0
[MulNode] INFO: Level 0
[MulNode] INFO: Level 0
[MulNode] INFO: Level 0
[Ablector] INFO: ABLECTOR TIME: 12.805342
[Ablector] INFO: SAT TIME: 12.783718
[Ablector] INFO: REF TIME: 0.903611
[runlim] end:			Wed May 13 17:07:38 2020
[runlim] status:		ok
[runlim] result:		0
[runlim] children:		0
[runlim] real:			14.33 seconds
[runlim] time:			14.12 seconds
[runlim] space:			216.8 MB
[runlim] samples:		138
[runlim] version:		1.10
[runlim] time limit:		311040000 seconds
[runlim] real time limit:	1200 seconds
[runlim] space limit:		15000 MB
[runlim] argv[0]:		python3
[runlim] argv[1]:		/raid/steuber/Software/ablector/ablector
[runlim] argv[2]:		/raid/steuber/Benchmarks/2019/QF_BV/Sage2/bench_17668.smt2
[runlim] argv[3]:		--ufReuse=1
[runlim] argv[4]:		--unsigned
[runlim] start:			Wed May 13 17:07:38 2020
[runlim] main pid:		3815
[Ablector] INFO: *** ROUND 0
[MulNode] INFO: Level 0
[Ablector] INFO: ABLECTOR TIME: 0.179676
[Ablector] INFO: SAT TIME: 0.174962
[Ablector] INFO: REF TIME: 0.010838
[runlim] end:			Wed May 13 17:07:39 2020
[runlim] status:		ok
[runlim] result:		0
[runlim] children:		0
[runlim] real:			1.37 seconds
[runlim] time:			1.13 seconds
[runlim] space:			41.9 MB
[runlim] samples:		6
[runlim] version:		1.10
[runlim] time limit:		311040000 seconds
[runlim] real time limit:	1200 seconds
[runlim] space limit:		15000 MB
[runlim] argv[0]:		python3
[runlim] argv[1]:		/raid/steuber/Software/ablector/ablector
[runlim] argv[2]:		/raid/steuber/Benchmarks/2019/QF_BV/sage/app7/bench_1859.smt2
[runlim] argv[3]:		--ufReuse=1
[runlim] argv[4]:		--unsigned
[runlim] start:			Wed May 13 17:07:39 2020
[runlim] main pid:		3835
[Ablector] INFO: ABLECTOR TIME: 0.004082
[runlim] end:			Wed May 13 17:07:40 2020
[runlim] status:		ok
[runlim] result:		0
[runlim] children:		5
[runlim] real:			1.61 seconds
[runlim] time:			1.33 seconds
[runlim] space:			56.0 MB
[runlim] samples:		8
[runlim] version:		1.10
[runlim] time limit:		311040000 seconds
[runlim] real time limit:	1200 seconds
[runlim] space limit:		15000 MB
[runlim] argv[0]:		python3
[runlim] argv[1]:		/raid/steuber/Software/ablector/ablector
[runlim] argv[2]:		/raid/steuber/Benchmarks/2019/QF_BV/sage/app7/bench_259.smt2
[runlim] argv[3]:		--ufReuse=1
[runlim] argv[4]:		--unsigned
[runlim] start:			Wed May 13 17:07:40 2020
[runlim] main pid:		3855
[Ablector] INFO: ABLECTOR TIME: 0.003799
[runlim] end:			Wed May 13 17:07:43 2020
[runlim] status:		ok
[runlim] result:		0
[runlim] children:		20
[runlim] real:			3.50 seconds
[runlim] time:			2.71 seconds
[runlim] space:			98.4 MB
[runlim] samples:		25
[runlim] version:		1.10
[runlim] time limit:		311040000 seconds
[runlim] real time limit:	1200 seconds
[runlim] space limit:		15000 MB
[runlim] argv[0]:		python3
[runlim] argv[1]:		/raid/steuber/Software/ablector/ablector
[runlim] argv[2]:		/raid/steuber/Benchmarks/2019/QF_BV/sage/app7/bench_719.smt2
[runlim] argv[3]:		--ufReuse=1
[runlim] argv[4]:		--unsigned
[runlim] start:			Wed May 13 17:07:43 2020
[runlim] main pid:		3876
[Ablector] INFO: ABLECTOR TIME: 0.003808
[runlim] end:			Wed May 13 17:07:45 2020
[runlim] status:		ok
[runlim] result:		0
[runlim] children:		13
[runlim] real:			2.64 seconds
[runlim] time:			2.23 seconds
[runlim] space:			79.1 MB
[runlim] samples:		17
[runlim] version:		1.10
[runlim] time limit:		311040000 seconds
[runlim] real time limit:	1200 seconds
[runlim] space limit:		15000 MB
[runlim] argv[0]:		python3
[runlim] argv[1]:		/raid/steuber/Software/ablector/ablector
[runlim] argv[2]:		/raid/steuber/Benchmarks/2019/QF_BV/sage/app8/bench_594.smt2
[runlim] argv[3]:		--ufReuse=1
[runlim] argv[4]:		--unsigned
[runlim] start:			Wed May 13 17:07:45 2020
[runlim] main pid:		3896
[Ablector] INFO: ABLECTOR TIME: 0.004056
[runlim] end:			Wed May 13 17:07:46 2020
[runlim] status:		ok
[runlim] result:		0
[runlim] children:		0
[runlim] real:			1.51 seconds
[runlim] time:			1.02 seconds
[runlim] space:			38.0 MB
[runlim] samples:		5
[runlim] version:		1.10
[runlim] time limit:		311040000 seconds
[runlim] real time limit:	1200 seconds
[runlim] space limit:		15000 MB
[runlim] argv[0]:		python3
[runlim] argv[1]:		/raid/steuber/Software/ablector/ablector
[runlim] argv[2]:		/raid/steuber/Benchmarks/2019/QF_BV/sage/app8/bench_334.smt2
[runlim] argv[3]:		--ufReuse=1
[runlim] argv[4]:		--unsigned
[runlim] start:			Wed May 13 17:07:46 2020
[runlim] main pid:		3919
[Ablector] INFO: ABLECTOR TIME: 0.003522
[runlim] end:			Wed May 13 17:07:47 2020
[runlim] status:		ok
[runlim] result:		0
[runlim] children:		0
[runlim] real:			1.36 seconds
[runlim] time:			1.04 seconds
[runlim] space:			37.6 MB
[runlim] samples:		5
[runlim] version:		1.10
[runlim] time limit:		311040000 seconds
[runlim] real time limit:	1200 seconds
[runlim] space limit:		15000 MB
[runlim] argv[0]:		python3
[runlim] argv[1]:		/raid/steuber/Software/ablector/ablector
[runlim] argv[2]:		/raid/steuber/Benchmarks/2019/QF_BV/sage/app1/bench_1370.smt2
[runlim] argv[3]:		--ufReuse=1
[runlim] argv[4]:		--unsigned
[runlim] start:			Wed May 13 17:07:47 2020
[runlim] main pid:		3941
[Ablector] INFO: ABLECTOR TIME: 0.003556
[runlim] end:			Wed May 13 17:07:48 2020
[runlim] status:		ok
[runlim] result:		0
[runlim] children:		0
[runlim] real:			1.24 seconds
[runlim] time:			1.01 seconds
[runlim] space:			37.7 MB
[runlim] samples:		5
[runlim] version:		1.10
[runlim] time limit:		311040000 seconds
[runlim] real time limit:	1200 seconds
[runlim] space limit:		15000 MB
[runlim] argv[0]:		python3
[runlim] argv[1]:		/raid/steuber/Software/ablector/ablector
[runlim] argv[2]:		/raid/steuber/Benchmarks/2019/QF_BV/Sage2/bench_16998.smt2
[runlim] argv[3]:		--ufReuse=1
[runlim] argv[4]:		--unsigned
[runlim] start:			Wed May 13 17:07:48 2020
[runlim] main pid:		3961
[Ablector] INFO: *** ROUND 0
[MulNode] INFO: Level 0
[Ablector] INFO: ABLECTOR TIME: 1.919971
[Ablector] INFO: SAT TIME: 1.913794
[Ablector] INFO: REF TIME: 0.010762
[runlim] end:			Wed May 13 17:07:51 2020
[runlim] status:		ok
[runlim] result:		0
[runlim] children:		0
[runlim] real:			3.29 seconds
[runlim] time:			3.23 seconds
[runlim] space:			67.3 MB
[runlim] samples:		27
[runlim] version:		1.10
[runlim] time limit:		311040000 seconds
[runlim] real time limit:	1200 seconds
[runlim] space limit:		15000 MB
[runlim] argv[0]:		python3
[runlim] argv[1]:		/raid/steuber/Software/ablector/ablector
[runlim] argv[2]:		/raid/steuber/Benchmarks/2019/QF_BV/sage/app7/bench_5240.smt2
[runlim] argv[3]:		--ufReuse=1
[runlim] argv[4]:		--unsigned
[runlim] start:			Wed May 13 17:07:51 2020
[runlim] main pid:		3981
[Ablector] INFO: ABLECTOR TIME: 0.003685
[runlim] end:			Wed May 13 17:07:52 2020
[runlim] status:		ok
[runlim] result:		0
[runlim] children:		1
[runlim] real:			1.16 seconds
[runlim] time:			0.99 seconds
[runlim] space:			39.6 MB
[runlim] samples:		5
[runlim] version:		1.10
[runlim] time limit:		311040000 seconds
[runlim] real time limit:	1200 seconds
[runlim] space limit:		15000 MB
[runlim] argv[0]:		python3
[runlim] argv[1]:		/raid/steuber/Software/ablector/ablector
[runlim] argv[2]:		/raid/steuber/Benchmarks/2019/QF_BV/sage/app7/bench_4004.smt2
[runlim] argv[3]:		--ufReuse=1
[runlim] argv[4]:		--unsigned
[runlim] start:			Wed May 13 17:07:52 2020
[runlim] main pid:		4001
[Ablector] INFO: ABLECTOR TIME: 0.003939
[runlim] end:			Wed May 13 17:07:53 2020
[runlim] status:		ok
[runlim] result:		0
[runlim] children:		2
[runlim] real:			1.13 seconds
[runlim] time:			1.04 seconds
[runlim] space:			45.1 MB
[runlim] samples:		6
[runlim] version:		1.10
[runlim] time limit:		311040000 seconds
[runlim] real time limit:	1200 seconds
[runlim] space limit:		15000 MB
[runlim] argv[0]:		python3
[runlim] argv[1]:		/raid/steuber/Software/ablector/ablector
[runlim] argv[2]:		/raid/steuber/Benchmarks/2019/QF_BV/Sage2/bench_9227.smt2
[runlim] argv[3]:		--ufReuse=1
[runlim] argv[4]:		--unsigned
[runlim] start:			Wed May 13 17:07:53 2020
[runlim] main pid:		4021
[Ablector] INFO: *** ROUND 0
[Ablector] INFO: *** ROUND 1
[Ablector] INFO: *** ROUND 2
[Ablector] INFO: *** ROUND 3
[Ablector] INFO: *** ROUND 4
[Ablector] INFO: *** ROUND 5
[Ablector] INFO: *** ROUND 6
[Ablector] INFO: *** ROUND 7
[Ablector] INFO: *** ROUND 8
[Ablector] INFO: *** ROUND 9
[Ablector] INFO: *** ROUND 10
[Ablector] INFO: *** ROUND 11
[MulNode] INFO: Level 0
[MulNode] INFO: Level 0
[MulNode] INFO: Level 0
[MulNode] INFO: Level 0
[MulNode] INFO: Level 0
[MulNode] INFO: Level 0
[MulNode] INFO: Level 0
[MulNode] INFO: Level 0
[MulNode] INFO: Level 0
[MulNode] INFO: Level 0
[MulNode] INFO: Level 3 - Bit 8
[MulNode] INFO: Level 3 - Bit 9
[MulNode] INFO: Level 0
[MulNode] INFO: Level 3 - Bit 2
[MulNode] INFO: Level 0
[MulNode] INFO: Level 0
[MulNode] INFO: Level 0
[MulNode] INFO: Level 3 - Bit 8
[MulNode] INFO: Level 3 - Bit 8
[MulNode] INFO: Level 3 - Bit 8
[MulNode] INFO: Level 3 - Bit 8
[MulNode] INFO: Level 3 - Bit 8
[MulNode] INFO: Level 3 - Bit 9
[MulNode] INFO: Level 3 - Bit 5
[MulNode] INFO: Level 3 - Bit 5
[MulNode] INFO: Level 3 - Bit 5
[MulNode] INFO: Level 3 - Bit 4
[MulNode] INFO: Level 3 - Bit 4
[MulNode] INFO: Level 3 - Bit 4
[MulNode] INFO: Level 3 - Bit 4
[MulNode] INFO: Level 3 - Bit 2
[MulNode] INFO: Level 3 - Bit 2
[Ablector] INFO: ABLECTOR TIME: 8.234860
[Ablector] INFO: SAT TIME: 8.223851
[Ablector] INFO: REF TIME: 0.627557
[runlim] end:			Wed May 13 17:08:02 2020
[runlim] status:		ok
[runlim] result:		0
[runlim] children:		1
[runlim] real:			9.45 seconds
[runlim] time:			9.42 seconds
[runlim] space:			80.3 MB
[runlim] samples:		89
[runlim] version:		1.10
[runlim] time limit:		311040000 seconds
[runlim] real time limit:	1200 seconds
[runlim] space limit:		15000 MB
[runlim] argv[0]:		python3
[runlim] argv[1]:		/raid/steuber/Software/ablector/ablector
[runlim] argv[2]:		/raid/steuber/Benchmarks/2019/QF_BV/sage/app7/bench_3500.smt2
[runlim] argv[3]:		--ufReuse=1
[runlim] argv[4]:		--unsigned
[runlim] start:			Wed May 13 17:08:02 2020
[runlim] main pid:		4042
[Ablector] INFO: ABLECTOR TIME: 0.003903
[runlim] end:			Wed May 13 17:08:03 2020
[runlim] status:		ok
[runlim] result:		0
[runlim] children:		2
[runlim] real:			1.45 seconds
[runlim] time:			1.03 seconds
[runlim] space:			45.7 MB
[runlim] samples:		6
[runlim] version:		1.10
[runlim] time limit:		311040000 seconds
[runlim] real time limit:	1200 seconds
[runlim] space limit:		15000 MB
[runlim] argv[0]:		python3
[runlim] argv[1]:		/raid/steuber/Software/ablector/ablector
[runlim] argv[2]:		/raid/steuber/Benchmarks/2019/QF_BV/sage/app12/bench_851.smt2
[runlim] argv[3]:		--ufReuse=1
[runlim] argv[4]:		--unsigned
[runlim] start:			Wed May 13 17:08:03 2020
[runlim] main pid:		4062
[Ablector] INFO: *** ROUND 0
[UdivNode] INFO: Level 0
[Ablector] INFO: ABLECTOR TIME: 0.014786
[Ablector] INFO: SAT TIME: 0.010496
[Ablector] INFO: REF TIME: 0.001799
[runlim] end:			Wed May 13 17:08:04 2020
[runlim] status:		ok
[runlim] result:		0
[runlim] children:		0
[runlim] real:			1.31 seconds
[runlim] time:			1.05 seconds
[runlim] space:			37.7 MB
[runlim] samples:		5
[runlim] version:		1.10
[runlim] time limit:		311040000 seconds
[runlim] real time limit:	1200 seconds
[runlim] space limit:		15000 MB
[runlim] argv[0]:		python3
[runlim] argv[1]:		/raid/steuber/Software/ablector/ablector
[runlim] argv[2]:		/raid/steuber/Benchmarks/2019/QF_BV/sage/app9/bench_3035.smt2
[runlim] argv[3]:		--ufReuse=1
[runlim] argv[4]:		--unsigned
[runlim] start:			Wed May 13 17:08:04 2020
[runlim] main pid:		4082
[Ablector] INFO: *** ROUND 0
[MulNode] INFO: Level 0
[MulNode] INFO: Level 0
[MulNode] INFO: Level 0
[MulNode] INFO: Level 0
[MulNode] INFO: Level 0
[MulNode] INFO: Level 0
[MulNode] INFO: Level 0
[MulNode] INFO: Level 0
[MulNode] INFO: Level 0
[MulNode] INFO: Level 0
[MulNode] INFO: Level 0
[Ablector] INFO: ABLECTOR TIME: 0.199289
[Ablector] INFO: SAT TIME: 0.191840
[Ablector] INFO: REF TIME: 0.112808
[runlim] end:			Wed May 13 17:08:05 2020
[runlim] status:		ok
[runlim] result:		0
[runlim] children:		1
[runlim] real:			1.52 seconds
[runlim] time:			1.34 seconds
[runlim] space:			48.3 MB
[runlim] samples:		8
[runlim] version:		1.10
[runlim] time limit:		311040000 seconds
[runlim] real time limit:	1200 seconds
[runlim] space limit:		15000 MB
[runlim] argv[0]:		python3
[runlim] argv[1]:		/raid/steuber/Software/ablector/ablector
[runlim] argv[2]:		/raid/steuber/Benchmarks/2019/QF_BV/float/test_v5_r15_vr1_c1_s8236.smt2
[runlim] argv[3]:		--ufReuse=1
[runlim] argv[4]:		--unsigned
[runlim] start:			Wed May 13 17:08:05 2020
[runlim] main pid:		4102
[Ablector] INFO: *** ROUND 0
[runlim] sample:		10.0 time, 10.9 real, 311.8 MB
[runlim] sample:		20.0 time, 20.9 real, 311.1 MB
[runlim] sample:		30.0 time, 30.9 real, 291.1 MB
[runlim] sample:		40.0 time, 40.9 real, 289.0 MB
[runlim] sample:		50.0 time, 50.9 real, 289.0 MB
[runlim] sample:		60.0 time, 60.9 real, 319.2 MB
[runlim] sample:		70.0 time, 70.9 real, 387.8 MB
[runlim] sample:		80.0 time, 80.9 real, 387.8 MB
[runlim] sample:		90.0 time, 90.9 real, 354.9 MB
[runlim] sample:		100.0 time, 100.9 real, 390.9 MB
[runlim] sample:		110.0 time, 110.9 real, 371.8 MB
[runlim] sample:		120.0 time, 120.9 real, 403.4 MB
[runlim] sample:		130.0 time, 130.9 real, 392.3 MB
[runlim] sample:		140.0 time, 140.9 real, 389.3 MB
[runlim] sample:		150.0 time, 150.9 real, 418.2 MB
[runlim] sample:		160.0 time, 160.9 real, 418.2 MB
[runlim] sample:		170.0 time, 170.9 real, 391.6 MB
[runlim] sample:		180.0 time, 180.9 real, 434.4 MB
[runlim] sample:		190.0 time, 190.9 real, 442.0 MB
[runlim] sample:		200.0 time, 200.9 real, 441.9 MB
[runlim] sample:		210.0 time, 210.9 real, 441.9 MB
[runlim] sample:		220.0 time, 220.9 real, 442.0 MB
[runlim] sample:		230.0 time, 230.9 real, 443.6 MB
[runlim] sample:		240.0 time, 240.9 real, 440.4 MB
[runlim] sample:		250.0 time, 250.9 real, 440.4 MB
[runlim] sample:		260.0 time, 260.9 real, 440.4 MB
[runlim] sample:		270.0 time, 270.9 real, 440.4 MB
[runlim] sample:		280.0 time, 280.9 real, 434.1 MB
[runlim] sample:		290.0 time, 290.9 real, 455.9 MB
[runlim] sample:		300.0 time, 300.9 real, 455.9 MB
[runlim] sample:		310.0 time, 310.9 real, 455.9 MB
[Ablector] INFO: *** ROUND 1
[runlim] sample:		320.0 time, 320.9 real, 494.1 MB
[runlim] sample:		330.0 time, 330.9 real, 437.1 MB
[runlim] sample:		340.0 time, 340.9 real, 443.0 MB
[runlim] sample:		350.0 time, 350.9 real, 453.1 MB
[runlim] sample:		360.0 time, 360.9 real, 411.2 MB
[runlim] sample:		370.0 time, 370.9 real, 479.9 MB
[runlim] sample:		380.0 time, 380.9 real, 448.6 MB
[runlim] sample:		390.0 time, 390.9 real, 477.9 MB
[runlim] sample:		400.0 time, 400.9 real, 409.7 MB
[runlim] sample:		410.0 time, 410.9 real, 476.3 MB
[runlim] sample:		420.0 time, 420.9 real, 447.9 MB
[runlim] sample:		430.0 time, 430.9 real, 454.2 MB
[runlim] sample:		440.0 time, 440.9 real, 453.6 MB
[runlim] sample:		450.0 time, 450.9 real, 453.6 MB
[runlim] sample:		460.0 time, 460.9 real, 466.9 MB
[runlim] sample:		470.0 time, 470.9 real, 470.1 MB
[runlim] sample:		480.0 time, 480.9 real, 488.8 MB
[runlim] sample:		490.0 time, 490.9 real, 460.1 MB
[runlim] sample:		500.0 time, 500.9 real, 460.1 MB
[runlim] sample:		510.0 time, 510.9 real, 469.7 MB
[runlim] sample:		520.0 time, 520.9 real, 454.8 MB
[runlim] sample:		530.0 time, 530.9 real, 469.8 MB
[runlim] sample:		540.0 time, 540.9 real, 469.8 MB
[runlim] sample:		550.0 time, 550.9 real, 478.5 MB
[runlim] sample:		560.0 time, 560.9 real, 478.5 MB
[runlim] sample:		570.0 time, 570.9 real, 468.1 MB
[runlim] sample:		580.0 time, 580.9 real, 468.1 MB
[runlim] sample:		590.0 time, 590.9 real, 468.1 MB
[runlim] sample:		600.0 time, 600.9 real, 468.1 MB
[runlim] sample:		610.0 time, 610.9 real, 468.8 MB
[runlim] sample:		620.0 time, 620.9 real, 500.6 MB
[runlim] sample:		630.0 time, 630.9 real, 500.6 MB
[runlim] sample:		640.0 time, 640.9 real, 522.8 MB
[runlim] sample:		650.0 time, 650.9 real, 522.8 MB
[runlim] sample:		660.0 time, 660.9 real, 549.5 MB
[runlim] sample:		670.0 time, 670.9 real, 549.5 MB
[runlim] sample:		680.0 time, 680.9 real, 549.5 MB
[runlim] sample:		690.0 time, 690.9 real, 549.5 MB
[runlim] sample:		700.0 time, 700.9 real, 549.5 MB
[runlim] sample:		710.0 time, 710.9 real, 549.5 MB
[runlim] sample:		720.0 time, 720.9 real, 577.8 MB
[runlim] sample:		730.0 time, 730.9 real, 577.8 MB
[runlim] sample:		740.0 time, 740.9 real, 577.8 MB
[runlim] sample:		750.0 time, 750.9 real, 577.8 MB
[runlim] sample:		760.0 time, 760.9 real, 531.3 MB
[runlim] sample:		770.0 time, 770.9 real, 531.3 MB
[runlim] sample:		780.0 time, 780.9 real, 531.3 MB
[runlim] sample:		790.0 time, 790.9 real, 543.1 MB
[runlim] sample:		800.0 time, 800.9 real, 616.5 MB
[runlim] sample:		810.0 time, 810.9 real, 616.5 MB
[runlim] sample:		820.0 time, 820.9 real, 560.0 MB
[runlim] sample:		830.0 time, 830.9 real, 560.0 MB
[runlim] sample:		840.0 time, 840.9 real, 560.0 MB
[runlim] sample:		850.0 time, 850.9 real, 583.8 MB
[runlim] sample:		860.0 time, 860.9 real, 530.5 MB
[runlim] sample:		870.0 time, 870.9 real, 530.5 MB
[runlim] sample:		880.0 time, 880.9 real, 632.5 MB
[runlim] sample:		890.0 time, 890.9 real, 632.5 MB
[runlim] sample:		900.0 time, 900.9 real, 524.1 MB
[runlim] sample:		910.0 time, 910.9 real, 607.3 MB
[runlim] sample:		920.0 time, 920.9 real, 644.3 MB
[runlim] sample:		930.0 time, 930.9 real, 644.3 MB
[runlim] sample:		940.0 time, 940.9 real, 587.7 MB
[runlim] sample:		950.0 time, 950.9 real, 587.7 MB
[runlim] sample:		960.0 time, 960.9 real, 587.7 MB
[runlim] sample:		970.0 time, 970.9 real, 587.7 MB
[runlim] sample:		980.0 time, 980.9 real, 587.7 MB
[runlim] sample:		990.0 time, 990.9 real, 587.7 MB
[runlim] sample:		1000.0 time, 1000.9 real, 630.9 MB
[runlim] sample:		1010.0 time, 1010.9 real, 535.8 MB
[runlim] sample:		1020.0 time, 1020.9 real, 535.8 MB
[runlim] sample:		1030.0 time, 1030.9 real, 641.9 MB
[runlim] sample:		1040.0 time, 1040.9 real, 641.9 MB
[runlim] sample:		1050.0 time, 1050.9 real, 641.9 MB
[runlim] sample:		1060.0 time, 1060.9 real, 585.6 MB
[runlim] sample:		1070.0 time, 1070.9 real, 585.6 MB
[runlim] sample:		1080.0 time, 1080.9 real, 585.6 MB
[runlim] sample:		1090.0 time, 1090.9 real, 585.6 MB
[MulNode] INFO: Level 1
[MulNode] INFO: Level 1
[MulNode] INFO: Level 1
[MulNode] INFO: Level 1
[MulNode] INFO: Level 1
[MulNode] INFO: Level 1
[MulNode] INFO: Level 1
[MulNode] INFO: Level 1
[MulNode] INFO: Level 1
[MulNode] INFO: Level 1
[MulNode] INFO: Level 1
[MulNode] INFO: Level 1
[MulNode] INFO: Level 1
[MulNode] INFO: Level 1
[MulNode] INFO: Level 1
[MulNode] INFO: Level 1
[MulNode] INFO: Level 1
[MulNode] INFO: Level 1
[MulNode] INFO: Level 1
[MulNode] INFO: Level 1
[MulNode] INFO: Level 1
[MulNode] INFO: Level 1
[MulNode] INFO: Level 1
[MulNode] INFO: Level 1
[MulNode] INFO: Level 1
[MulNode] INFO: Level 1
[MulNode] INFO: Level 1
[MulNode] INFO: Level 1
[MulNode] INFO: Level 1
[MulNode] INFO: Level 1
[MulNode] INFO: Level 1
[MulNode] INFO: Level 1
[MulNode] INFO: Level 1
[MulNode] INFO: Level 1
[MulNode] INFO: Level 1
[MulNode] INFO: Level 1
[MulNode] INFO: Level 1
[MulNode] INFO: Level 1
[MulNode] INFO: Level 1
[MulNode] INFO: Level 1
[MulNode] INFO: Level 1
[MulNode] INFO: Level 1
[MulNode] INFO: Level 1
[MulNode] INFO: Level 1
[MulNode] INFO: Level 1
[MulNode] INFO: Level 1
[MulNode] INFO: Level 1
[MulNode] INFO: Level 1
[MulNode] INFO: Level 1
[MulNode] INFO: Level 1
[MulNode] INFO: Level 1
[MulNode] INFO: Level 1
[MulNode] INFO: Level 1
[MulNode] INFO: Level 1
[MulNode] INFO: Level 1
[MulNode] INFO: Level 1
[MulNode] INFO: Level 1
[MulNode] INFO: Level 1
[MulNode] INFO: Level 1
[MulNode] INFO: Level 1
[MulNode] INFO: Level 1
[MulNode] INFO: Level 1
[MulNode] INFO: Level 1
[MulNode] INFO: Level 1
[MulNode] INFO: Level 1
[MulNode] INFO: Level 1
[MulNode] INFO: Level 1
[MulNode] INFO: Level 1
[MulNode] INFO: Level 1
[MulNode] INFO: Level 1
[MulNode] INFO: Level 1
[MulNode] INFO: Level 1
[MulNode] INFO: Level 1
[MulNode] INFO: Level 1
[Ablector] INFO: ABLECTOR TIME: 1089.300348
[Ablector] INFO: SAT TIME: 1089.249348
[Ablector] INFO: REF TIME: 2.807928
[runlim] end:			Wed May 13 17:26:20 2020
[runlim] status:		ok
[runlim] result:		0
[runlim] children:		5
[runlim] real:			1095.39 seconds
[runlim] time:			1094.48 seconds
[runlim] space:			688.6 MB
[runlim] samples:		10945
[runlim] version:		1.10
[runlim] time limit:		311040000 seconds
[runlim] real time limit:	1200 seconds
[runlim] space limit:		15000 MB
[runlim] argv[0]:		python3
[runlim] argv[1]:		/raid/steuber/Software/ablector/ablector
[runlim] argv[2]:		/raid/steuber/Benchmarks/2019/QF_BV/sage/app7/bench_6245.smt2
[runlim] argv[3]:		--ufReuse=1
[runlim] argv[4]:		--unsigned
[runlim] start:			Wed May 13 17:26:20 2020
[runlim] main pid:		4408
[Ablector] INFO: ABLECTOR TIME: 0.003796
[runlim] end:			Wed May 13 17:26:21 2020
[runlim] status:		ok
[runlim] result:		0
[runlim] children:		0
[runlim] real:			1.61 seconds
[runlim] time:			1.03 seconds
[runlim] space:			37.8 MB
[runlim] samples:		7
[runlim] version:		1.10
[runlim] time limit:		311040000 seconds
[runlim] real time limit:	1200 seconds
[runlim] space limit:		15000 MB
[runlim] argv[0]:		python3
[runlim] argv[1]:		/raid/steuber/Software/ablector/ablector
[runlim] argv[2]:		/raid/steuber/Benchmarks/2019/QF_BV/sage/app7/bench_1636.smt2
[runlim] argv[3]:		--ufReuse=1
[runlim] argv[4]:		--unsigned
[runlim] start:			Wed May 13 17:26:21 2020
[runlim] main pid:		4428
[Ablector] INFO: ABLECTOR TIME: 0.004000
[runlim] end:			Wed May 13 17:26:24 2020
[runlim] status:		ok
[runlim] result:		0
[runlim] children:		18
[runlim] real:			3.29 seconds
[runlim] time:			2.71 seconds
[runlim] space:			98.0 MB
[runlim] samples:		23
[runlim] version:		1.10
[runlim] time limit:		311040000 seconds
[runlim] real time limit:	1200 seconds
[runlim] space limit:		15000 MB
[runlim] argv[0]:		python3
[runlim] argv[1]:		/raid/steuber/Software/ablector/ablector
[runlim] argv[2]:		/raid/steuber/Benchmarks/2019/QF_BV/sage/app1/bench_391.smt2
[runlim] argv[3]:		--ufReuse=1
[runlim] argv[4]:		--unsigned
[runlim] start:			Wed May 13 17:26:24 2020
[runlim] main pid:		4448
[Ablector] INFO: ABLECTOR TIME: 0.003812
[runlim] end:			Wed May 13 17:26:25 2020
[runlim] status:		ok
[runlim] result:		0
[runlim] children:		0
[runlim] real:			1.13 seconds
[runlim] time:			0.98 seconds
[runlim] space:			37.6 MB
[runlim] samples:		4
[runlim] version:		1.10
[runlim] time limit:		311040000 seconds
[runlim] real time limit:	1200 seconds
[runlim] space limit:		15000 MB
[runlim] argv[0]:		python3
[runlim] argv[1]:		/raid/steuber/Software/ablector/ablector
[runlim] argv[2]:		/raid/steuber/Benchmarks/2019/QF_BV/sage/app7/bench_4567.smt2
[runlim] argv[3]:		--ufReuse=1
[runlim] argv[4]:		--unsigned
[runlim] start:			Wed May 13 17:26:25 2020
[runlim] main pid:		4468
[Ablector] INFO: ABLECTOR TIME: 0.004092
[runlim] end:			Wed May 13 17:26:26 2020
[runlim] status:		ok
[runlim] result:		0
[runlim] children:		2
[runlim] real:			1.08 seconds
[runlim] time:			1.04 seconds
[runlim] space:			45.6 MB
[runlim] samples:		5
[runlim] version:		1.10
[runlim] time limit:		311040000 seconds
[runlim] real time limit:	1200 seconds
[runlim] space limit:		15000 MB
[runlim] argv[0]:		python3
[runlim] argv[1]:		/raid/steuber/Software/ablector/ablector
[runlim] argv[2]:		/raid/steuber/Benchmarks/2019/QF_BV/sage/app1/bench_115.smt2
[runlim] argv[3]:		--ufReuse=1
[runlim] argv[4]:		--unsigned
[runlim] start:			Wed May 13 17:26:26 2020
[runlim] main pid:		4488
[Ablector] INFO: *** ROUND 0
[UdivNode] INFO: Level 0
[UdivNode] INFO: Level 0
[UdivNode] INFO: Level 0
[UdivNode] INFO: Level 0
[UdivNode] INFO: Level 0
[UdivNode] INFO: Level 0
[UdivNode] INFO: Level 0
[UdivNode] INFO: Level 0
[UdivNode] INFO: Level 0
[UdivNode] INFO: Level 0
[UdivNode] INFO: Level 0
[UdivNode] INFO: Level 0
[UdivNode] INFO: Level 0
[UdivNode] INFO: Level 0
[UdivNode] INFO: Level 0
[UdivNode] INFO: Level 0
[UdivNode] INFO: Level 0
[UdivNode] INFO: Level 0
[UdivNode] INFO: Level 0
[UdivNode] INFO: Level 0
[UdivNode] INFO: Level 0
[UdivNode] INFO: Level 0
[UdivNode] INFO: Level 0
[UdivNode] INFO: Level 0
[UdivNode] INFO: Level 0
[UdivNode] INFO: Level 0
[UdivNode] INFO: Level 0
[UdivNode] INFO: Level 0
[UdivNode] INFO: Level 0
[UdivNode] INFO: Level 0
[UdivNode] INFO: Level 0
[UdivNode] INFO: Level 0
[UdivNode] INFO: Level 0
[UdivNode] INFO: Level 0
[UdivNode] INFO: Level 0
[UdivNode] INFO: Level 0
[UdivNode] INFO: Level 0
[UdivNode] INFO: Level 0
[UdivNode] INFO: Level 0
[UdivNode] INFO: Level 0
[UdivNode] INFO: Level 0
[UdivNode] INFO: Level 0
[UdivNode] INFO: Level 0
[UdivNode] INFO: Level 0
[UdivNode] INFO: Level 0
[UdivNode] INFO: Level 0
[UdivNode] INFO: Level 0
[UdivNode] INFO: Level 0
[UdivNode] INFO: Level 0
[UdivNode] INFO: Level 0
[UdivNode] INFO: Level 0
[Ablector] INFO: ABLECTOR TIME: 0.333612
[Ablector] INFO: SAT TIME: 0.325701
[Ablector] INFO: REF TIME: 0.073524
[runlim] end:			Wed May 13 17:26:27 2020
[runlim] status:		ok
[runlim] result:		0
[runlim] children:		1
[runlim] real:			1.37 seconds
[runlim] time:			1.40 seconds
[runlim] space:			68.5 MB
[runlim] samples:		9
[runlim] version:		1.10
[runlim] time limit:		311040000 seconds
[runlim] real time limit:	1200 seconds
[runlim] space limit:		15000 MB
[runlim] argv[0]:		python3
[runlim] argv[1]:		/raid/steuber/Software/ablector/ablector
[runlim] argv[2]:		/raid/steuber/Benchmarks/2019/QF_BV/sage/app7/bench_4203.smt2
[runlim] argv[3]:		--ufReuse=1
[runlim] argv[4]:		--unsigned
[runlim] start:			Wed May 13 17:26:27 2020
[runlim] main pid:		4509
[Ablector] INFO: ABLECTOR TIME: 0.003948
[runlim] end:			Wed May 13 17:26:28 2020
[runlim] status:		ok
[runlim] result:		0
[runlim] children:		2
[runlim] real:			1.36 seconds
[runlim] time:			1.05 seconds
[runlim] space:			43.6 MB
[runlim] samples:		6
[runlim] version:		1.10
[runlim] time limit:		311040000 seconds
[runlim] real time limit:	1200 seconds
[runlim] space limit:		15000 MB
[runlim] argv[0]:		python3
[runlim] argv[1]:		/raid/steuber/Software/ablector/ablector
[runlim] argv[2]:		/raid/steuber/Benchmarks/2019/QF_BV/sage/app12/bench_4142.smt2
[runlim] argv[3]:		--ufReuse=1
[runlim] argv[4]:		--unsigned
[runlim] start:			Wed May 13 17:26:28 2020
[runlim] main pid:		4529
[Ablector] INFO: *** ROUND 0
[Ablector] INFO: *** ROUND 1
[UdivNode] INFO: Level 1
[Ablector] INFO: ABLECTOR TIME: 0.013742
[Ablector] INFO: SAT TIME: 0.009289
[Ablector] INFO: REF TIME: 0.003447
[runlim] end:			Wed May 13 17:26:29 2020
[runlim] status:		segmentation fault
[runlim] result:		4
[runlim] children:		1
[runlim] real:			1.45 seconds
[runlim] time:			1.03 seconds
[runlim] space:			40.0 MB
[runlim] samples:		7
[runlim] version:		1.10
[runlim] time limit:		311040000 seconds
[runlim] real time limit:	1200 seconds
[runlim] space limit:		15000 MB
[runlim] argv[0]:		python3
[runlim] argv[1]:		/raid/steuber/Software/ablector/ablector
[runlim] argv[2]:		/raid/steuber/Benchmarks/2019/QF_BV/sage/app7/bench_3042.smt2
[runlim] argv[3]:		--ufReuse=1
[runlim] argv[4]:		--unsigned
[runlim] start:			Wed May 13 17:26:29 2020
[runlim] main pid:		4549
[Ablector] INFO: ABLECTOR TIME: 0.004008
[runlim] end:			Wed May 13 17:26:30 2020
[runlim] status:		ok
[runlim] result:		0
[runlim] children:		3
[runlim] real:			1.49 seconds
[runlim] time:			1.15 seconds
[runlim] space:			49.9 MB
[runlim] samples:		6
[runlim] version:		1.10
[runlim] time limit:		311040000 seconds
[runlim] real time limit:	1200 seconds
[runlim] space limit:		15000 MB
[runlim] argv[0]:		python3
[runlim] argv[1]:		/raid/steuber/Software/ablector/ablector
[runlim] argv[2]:		/raid/steuber/Benchmarks/2019/QF_BV/sage/app2/bench_602.smt2
[runlim] argv[3]:		--ufReuse=1
[runlim] argv[4]:		--unsigned
[runlim] start:			Wed May 13 17:26:30 2020
[runlim] main pid:		4569
[Ablector] INFO: ABLECTOR TIME: 0.003779
[runlim] end:			Wed May 13 17:26:31 2020
[runlim] status:		ok
[runlim] result:		0
[runlim] children:		2
[runlim] real:			1.42 seconds
[runlim] time:			0.99 seconds
[runlim] space:			43.6 MB
[runlim] samples:		5
[runlim] version:		1.10
[runlim] time limit:		311040000 seconds
[runlim] real time limit:	1200 seconds
[runlim] space limit:		15000 MB
[runlim] argv[0]:		python3
[runlim] argv[1]:		/raid/steuber/Software/ablector/ablector
[runlim] argv[2]:		/raid/steuber/Benchmarks/2019/QF_BV/sage/app1/bench_636.smt2
[runlim] argv[3]:		--ufReuse=1
[runlim] argv[4]:		--unsigned
[runlim] start:			Wed May 13 17:26:31 2020
[runlim] main pid:		4592
[Ablector] INFO: ABLECTOR TIME: 0.003645
[runlim] end:			Wed May 13 17:26:32 2020
[runlim] status:		ok
[runlim] result:		0
[runlim] children:		0
[runlim] real:			1.29 seconds
[runlim] time:			1.01 seconds
[runlim] space:			37.7 MB
[runlim] samples:		5
[runlim] version:		1.10
[runlim] time limit:		311040000 seconds
[runlim] real time limit:	1200 seconds
[runlim] space limit:		15000 MB
[runlim] argv[0]:		python3
[runlim] argv[1]:		/raid/steuber/Software/ablector/ablector
[runlim] argv[2]:		/raid/steuber/Benchmarks/2019/QF_BV/Sage2/bench_60.smt2
[runlim] argv[3]:		--ufReuse=1
[runlim] argv[4]:		--unsigned
[runlim] start:			Wed May 13 17:26:32 2020
[runlim] main pid:		4615
[Ablector] INFO: *** ROUND 0
[runlim] sample:		10.2 time, 10.6 real, 201.7 MB
[MulNode] INFO: Level 0
[MulNode] INFO: Level 0
[MulNode] INFO: Level 0
[MulNode] INFO: Level 0
[MulNode] INFO: Level 0
[MulNode] INFO: Level 0
[MulNode] INFO: Level 0
[MulNode] INFO: Level 0
[MulNode] INFO: Level 0
[MulNode] INFO: Level 0
[MulNode] INFO: Level 0
[MulNode] INFO: Level 0
[MulNode] INFO: Level 0
[MulNode] INFO: Level 0
[MulNode] INFO: Level 0
[MulNode] INFO: Level 0
[MulNode] INFO: Level 0
[MulNode] INFO: Level 0
[MulNode] INFO: Level 0
[MulNode] INFO: Level 0
[MulNode] INFO: Level 0
[MulNode] INFO: Level 0
[MulNode] INFO: Level 0
[MulNode] INFO: Level 0
[MulNode] INFO: Level 0
[MulNode] INFO: Level 0
[MulNode] INFO: Level 0
[MulNode] INFO: Level 0
[MulNode] INFO: Level 0
[MulNode] INFO: Level 0
[MulNode] INFO: Level 0
[MulNode] INFO: Level 0
[MulNode] INFO: Level 0
[MulNode] INFO: Level 0
[MulNode] INFO: Level 0
[MulNode] INFO: Level 0
[MulNode] INFO: Level 0
[MulNode] INFO: Level 0
[MulNode] INFO: Level 0
[MulNode] INFO: Level 0
[MulNode] INFO: Level 0
[MulNode] INFO: Level 0
[MulNode] INFO: Level 0
[MulNode] INFO: Level 0
[MulNode] INFO: Level 0
[MulNode] INFO: Level 0
[MulNode] INFO: Level 0
[MulNode] INFO: Level 0
[MulNode] INFO: Level 0
[MulNode] INFO: Level 0
[MulNode] INFO: Level 0
[MulNode] INFO: Level 0
[MulNode] INFO: Level 0
[MulNode] INFO: Level 0
[MulNode] INFO: Level 0
[MulNode] INFO: Level 0
[MulNode] INFO: Level 0
[MulNode] INFO: Level 0
[MulNode] INFO: Level 0
[MulNode] INFO: Level 0
[MulNode] INFO: Level 0
[MulNode] INFO: Level 0
[MulNode] INFO: Level 0
[MulNode] INFO: Level 0
[MulNode] INFO: Level 0
[MulNode] INFO: Level 0
[MulNode] INFO: Level 0
[MulNode] INFO: Level 0
[MulNode] INFO: Level 0
[MulNode] INFO: Level 0
[MulNode] INFO: Level 0
[MulNode] INFO: Level 0
[MulNode] INFO: Level 0
[MulNode] INFO: Level 0
[MulNode] INFO: Level 0
[MulNode] INFO: Level 0
[MulNode] INFO: Level 0
[MulNode] INFO: Level 0
[MulNode] INFO: Level 0
[MulNode] INFO: Level 0
[MulNode] INFO: Level 0
[MulNode] INFO: Level 0
[MulNode] INFO: Level 0
[MulNode] INFO: Level 0
[MulNode] INFO: Level 0
[MulNode] INFO: Level 0
[MulNode] INFO: Level 0
[MulNode] INFO: Level 0
[MulNode] INFO: Level 0
[MulNode] INFO: Level 0
[MulNode] INFO: Level 0
[MulNode] INFO: Level 0
[MulNode] INFO: Level 0
[MulNode] INFO: Level 0
[MulNode] INFO: Level 0
[MulNode] INFO: Level 0
[MulNode] INFO: Level 0
[MulNode] INFO: Level 0
[MulNode] INFO: Level 0
[MulNode] INFO: Level 0
[MulNode] INFO: Level 0
[MulNode] INFO: Level 0
[MulNode] INFO: Level 0
[MulNode] INFO: Level 0
[MulNode] INFO: Level 0
[MulNode] INFO: Level 0
[MulNode] INFO: Level 0
[MulNode] INFO: Level 0
[MulNode] INFO: Level 0
[MulNode] INFO: Level 0
[MulNode] INFO: Level 0
[MulNode] INFO: Level 0
[MulNode] INFO: Level 0
[MulNode] INFO: Level 0
[MulNode] INFO: Level 0
[MulNode] INFO: Level 0
[MulNode] INFO: Level 0
[MulNode] INFO: Level 0
[MulNode] INFO: Level 0
[MulNode] INFO: Level 0
[MulNode] INFO: Level 0
[MulNode] INFO: Level 0
[MulNode] INFO: Level 0
[MulNode] INFO: Level 0
[MulNode] INFO: Level 0
[MulNode] INFO: Level 0
[MulNode] INFO: Level 0
[MulNode] INFO: Level 0
[MulNode] INFO: Level 0
[MulNode] INFO: Level 0
[MulNode] INFO: Level 0
[MulNode] INFO: Level 0
[MulNode] INFO: Level 0
[MulNode] INFO: Level 0
[MulNode] INFO: Level 0
[MulNode] INFO: Level 0
[MulNode] INFO: Level 0
[MulNode] INFO: Level 0
[MulNode] INFO: Level 0
[MulNode] INFO: Level 0
[MulNode] INFO: Level 0
[MulNode] INFO: Level 0
[MulNode] INFO: Level 0
[MulNode] INFO: Level 0
[MulNode] INFO: Level 0
[MulNode] INFO: Level 0
[MulNode] INFO: Level 0
[MulNode] INFO: Level 0
[MulNode] INFO: Level 0
[MulNode] INFO: Level 0
[MulNode] INFO: Level 0
[MulNode] INFO: Level 0
[MulNode] INFO: Level 0
[MulNode] INFO: Level 0
[MulNode] INFO: Level 0
[MulNode] INFO: Level 0
[MulNode] INFO: Level 0
[MulNode] INFO: Level 0
[MulNode] INFO: Level 0
[MulNode] INFO: Level 0
[MulNode] INFO: Level 0
[MulNode] INFO: Level 0
[MulNode] INFO: Level 0
[MulNode] INFO: Level 0
[MulNode] INFO: Level 0
[MulNode] INFO: Level 0
[MulNode] INFO: Level 0
[MulNode] INFO: Level 0
[MulNode] INFO: Level 0
[MulNode] INFO: Level 0
[MulNode] INFO: Level 0
[MulNode] INFO: Level 0
[MulNode] INFO: Level 0
[MulNode] INFO: Level 0
[MulNode] INFO: Level 0
[MulNode] INFO: Level 0
[MulNode] INFO: Level 0
[MulNode] INFO: Level 0
[MulNode] INFO: Level 0
[MulNode] INFO: Level 0
[MulNode] INFO: Level 0
[Ablector] INFO: ABLECTOR TIME: 14.836170
[Ablector] INFO: SAT TIME: 14.798969
[Ablector] INFO: REF TIME: 1.806816
[runlim] end:			Wed May 13 17:26:51 2020
[runlim] status:		ok
[runlim] result:		0
[runlim] children:		3
[runlim] real:			19.94 seconds
[runlim] time:			19.38 seconds
[runlim] space:			266.0 MB
[runlim] samples:		192
