[runlim] version:		1.10
[runlim] time limit:		311040000 seconds
[runlim] real time limit:	1200 seconds
[runlim] space limit:		15000 MB
[runlim] argv[0]:		python3
[runlim] argv[1]:		/raid/steuber/Software/ablector/ablector
[runlim] argv[2]:		/raid/steuber/Benchmarks/2019/QF_BV/sage/app2/bench_587.smt2
[runlim] argv[3]:		--ufReuse=1
[runlim] argv[4]:		--unsigned
[runlim] start:			Wed May 13 15:08:19 2020
[runlim] main pid:		26602
[Ablector] INFO: ABLECTOR TIME: 0.003944
[runlim] end:			Wed May 13 15:08:19 2020
[runlim] status:		ok
[runlim] result:		0
[runlim] children:		2
[runlim] real:			0.74 seconds
[runlim] time:			1.04 seconds
[runlim] space:			43.8 MB
[runlim] samples:		5
[runlim] version:		1.10
[runlim] time limit:		311040000 seconds
[runlim] real time limit:	1200 seconds
[runlim] space limit:		15000 MB
[runlim] argv[0]:		python3
[runlim] argv[1]:		/raid/steuber/Software/ablector/ablector
[runlim] argv[2]:		/raid/steuber/Benchmarks/2019/QF_BV/Sage2/bench_11470.smt2
[runlim] argv[3]:		--ufReuse=1
[runlim] argv[4]:		--unsigned
[runlim] start:			Wed May 13 15:08:20 2020
[runlim] main pid:		26642
[Ablector] INFO: *** ROUND 0
[MulNode] INFO: Level 0
[MulNode] INFO: Level 0
[MulNode] INFO: Level 0
[MulNode] INFO: Level 0
[MulNode] INFO: Level 0
[MulNode] INFO: Level 0
[MulNode] INFO: Level 0
[MulNode] INFO: Level 0
[MulNode] INFO: Level 0
[MulNode] INFO: Level 0
[MulNode] INFO: Level 0
[Ablector] INFO: ABLECTOR TIME: 0.671088
[Ablector] INFO: SAT TIME: 0.664719
[Ablector] INFO: REF TIME: 0.097583
[runlim] end:			Wed May 13 15:08:21 2020
[runlim] status:		ok
[runlim] result:		0
[runlim] children:		0
[runlim] real:			1.28 seconds
[runlim] time:			1.66 seconds
[runlim] space:			53.0 MB
[runlim] samples:		11
[runlim] version:		1.10
[runlim] time limit:		311040000 seconds
[runlim] real time limit:	1200 seconds
[runlim] space limit:		15000 MB
[runlim] argv[0]:		python3
[runlim] argv[1]:		/raid/steuber/Software/ablector/ablector
[runlim] argv[2]:		/raid/steuber/Benchmarks/2019/QF_BV/sage/app11/bench_225.smt2
[runlim] argv[3]:		--ufReuse=1
[runlim] argv[4]:		--unsigned
[runlim] start:			Wed May 13 15:08:21 2020
[runlim] main pid:		26662
[Ablector] INFO: ABLECTOR TIME: 0.003949
[runlim] end:			Wed May 13 15:08:22 2020
[runlim] status:		ok
[runlim] result:		0
[runlim] children:		6
[runlim] real:			1.66 seconds
[runlim] time:			1.34 seconds
[runlim] space:			68.2 MB
[runlim] samples:		10
[runlim] version:		1.10
[runlim] time limit:		311040000 seconds
[runlim] real time limit:	1200 seconds
[runlim] space limit:		15000 MB
[runlim] argv[0]:		python3
[runlim] argv[1]:		/raid/steuber/Software/ablector/ablector
[runlim] argv[2]:		/raid/steuber/Benchmarks/2019/QF_BV/Sage2/bench_7804.smt2
[runlim] argv[3]:		--ufReuse=1
[runlim] argv[4]:		--unsigned
[runlim] start:			Wed May 13 15:08:23 2020
[runlim] main pid:		26682
[Ablector] INFO: *** ROUND 0
[MulNode] INFO: Level 0
[MulNode] INFO: Level 0
[MulNode] INFO: Level 0
[MulNode] INFO: Level 0
[MulNode] INFO: Level 0
[MulNode] INFO: Level 0
[Ablector] INFO: ABLECTOR TIME: 0.196843
[Ablector] INFO: SAT TIME: 0.191441
[Ablector] INFO: REF TIME: 0.060902
[runlim] end:			Wed May 13 15:08:23 2020
[runlim] status:		ok
[runlim] result:		0
[runlim] children:		0
[runlim] real:			0.73 seconds
[runlim] time:			1.25 seconds
[runlim] space:			44.9 MB
[runlim] samples:		7
[runlim] version:		1.10
[runlim] time limit:		311040000 seconds
[runlim] real time limit:	1200 seconds
[runlim] space limit:		15000 MB
[runlim] argv[0]:		python3
[runlim] argv[1]:		/raid/steuber/Software/ablector/ablector
[runlim] argv[2]:		/raid/steuber/Benchmarks/2019/QF_BV/sage/app8/bench_806.smt2
[runlim] argv[3]:		--ufReuse=1
[runlim] argv[4]:		--unsigned
[runlim] start:			Wed May 13 15:08:24 2020
[runlim] main pid:		26702
[Ablector] INFO: ABLECTOR TIME: 0.003596
[runlim] end:			Wed May 13 15:08:24 2020
[runlim] status:		ok
[runlim] result:		0
[runlim] children:		0
[runlim] real:			0.82 seconds
[runlim] time:			0.94 seconds
[runlim] space:			37.6 MB
[runlim] samples:		7
[runlim] version:		1.10
[runlim] time limit:		311040000 seconds
[runlim] real time limit:	1200 seconds
[runlim] space limit:		15000 MB
[runlim] argv[0]:		python3
[runlim] argv[1]:		/raid/steuber/Software/ablector/ablector
[runlim] argv[2]:		/raid/steuber/Benchmarks/2019/QF_BV/sage/app1/bench_952.smt2
[runlim] argv[3]:		--ufReuse=1
[runlim] argv[4]:		--unsigned
[runlim] start:			Wed May 13 15:08:25 2020
[runlim] main pid:		26722
[Ablector] INFO: ABLECTOR TIME: 0.003694
[runlim] end:			Wed May 13 15:08:25 2020
[runlim] status:		ok
[runlim] result:		0
[runlim] children:		0
[runlim] real:			0.61 seconds
[runlim] time:			0.96 seconds
[runlim] space:			37.5 MB
[runlim] samples:		4
[runlim] version:		1.10
[runlim] time limit:		311040000 seconds
[runlim] real time limit:	1200 seconds
[runlim] space limit:		15000 MB
[runlim] argv[0]:		python3
[runlim] argv[1]:		/raid/steuber/Software/ablector/ablector
[runlim] argv[2]:		/raid/steuber/Benchmarks/2019/QF_BV/sage/app7/bench_94.smt2
[runlim] argv[3]:		--ufReuse=1
[runlim] argv[4]:		--unsigned
[runlim] start:			Wed May 13 15:08:25 2020
[runlim] main pid:		26742
[Ablector] INFO: ABLECTOR TIME: 0.003955
[runlim] end:			Wed May 13 15:08:27 2020
[runlim] status:		ok
[runlim] result:		0
[runlim] children:		14
[runlim] real:			2.78 seconds
[runlim] time:			2.25 seconds
[runlim] space:			83.4 MB
[runlim] samples:		18
[runlim] version:		1.10
[runlim] time limit:		311040000 seconds
[runlim] real time limit:	1200 seconds
[runlim] space limit:		15000 MB
[runlim] argv[0]:		python3
[runlim] argv[1]:		/raid/steuber/Software/ablector/ablector
[runlim] argv[2]:		/raid/steuber/Benchmarks/2019/QF_BV/sage/app12/bench_512.smt2
[runlim] argv[3]:		--ufReuse=1
[runlim] argv[4]:		--unsigned
[runlim] start:			Wed May 13 15:08:28 2020
[runlim] main pid:		26762
[Ablector] INFO: ABLECTOR TIME: 0.003506
[runlim] end:			Wed May 13 15:08:28 2020
[runlim] status:		ok
[runlim] result:		0
[runlim] children:		1
[runlim] real:			0.61 seconds
[runlim] time:			0.96 seconds
[runlim] space:			37.7 MB
[runlim] samples:		4
[runlim] version:		1.10
[runlim] time limit:		311040000 seconds
[runlim] real time limit:	1200 seconds
[runlim] space limit:		15000 MB
[runlim] argv[0]:		python3
[runlim] argv[1]:		/raid/steuber/Software/ablector/ablector
[runlim] argv[2]:		/raid/steuber/Benchmarks/2019/QF_BV/sage/app7/bench_310.smt2
[runlim] argv[3]:		--ufReuse=1
[runlim] argv[4]:		--unsigned
[runlim] start:			Wed May 13 15:08:28 2020
[runlim] main pid:		26782
[Ablector] INFO: ABLECTOR TIME: 0.003661
[runlim] end:			Wed May 13 15:08:30 2020
[runlim] status:		ok
[runlim] result:		0
[runlim] children:		13
[runlim] real:			2.77 seconds
[runlim] time:			2.24 seconds
[runlim] space:			81.9 MB
[runlim] samples:		18
[runlim] version:		1.10
[runlim] time limit:		311040000 seconds
[runlim] real time limit:	1200 seconds
[runlim] space limit:		15000 MB
[runlim] argv[0]:		python3
[runlim] argv[1]:		/raid/steuber/Software/ablector/ablector
[runlim] argv[2]:		/raid/steuber/Benchmarks/2019/QF_BV/Sage2/bench_5977.smt2
[runlim] argv[3]:		--ufReuse=1
[runlim] argv[4]:		--unsigned
[runlim] start:			Wed May 13 15:08:31 2020
[runlim] main pid:		26802
[Ablector] INFO: *** ROUND 0
[MulNode] INFO: Level 0
[MulNode] INFO: Level 0
[MulNode] INFO: Level 0
[MulNode] INFO: Level 0
[MulNode] INFO: Level 0
[MulNode] INFO: Level 0
[MulNode] INFO: Level 0
[MulNode] INFO: Level 0
[MulNode] INFO: Level 0
[MulNode] INFO: Level 0
[Ablector] INFO: ABLECTOR TIME: 0.638040
[Ablector] INFO: SAT TIME: 0.631726
[Ablector] INFO: REF TIME: 0.089167
[runlim] end:			Wed May 13 15:08:32 2020
[runlim] status:		ok
[runlim] result:		0
[runlim] children:		0
[runlim] real:			1.29 seconds
[runlim] time:			1.66 seconds
[runlim] space:			52.3 MB
[runlim] samples:		11
[runlim] version:		1.10
[runlim] time limit:		311040000 seconds
[runlim] real time limit:	1200 seconds
[runlim] space limit:		15000 MB
[runlim] argv[0]:		python3
[runlim] argv[1]:		/raid/steuber/Software/ablector/ablector
[runlim] argv[2]:		/raid/steuber/Benchmarks/2019/QF_BV/sage/app12/bench_5527.smt2
[runlim] argv[3]:		--ufReuse=1
[runlim] argv[4]:		--unsigned
[runlim] start:			Wed May 13 15:08:32 2020
[runlim] main pid:		26822
[Ablector] INFO: ABLECTOR TIME: 0.003594
[runlim] end:			Wed May 13 15:08:33 2020
[runlim] status:		ok
[runlim] result:		0
[runlim] children:		0
[runlim] real:			1.09 seconds
[runlim] time:			0.95 seconds
[runlim] space:			37.8 MB
[runlim] samples:		4
[runlim] version:		1.10
[runlim] time limit:		311040000 seconds
[runlim] real time limit:	1200 seconds
[runlim] space limit:		15000 MB
[runlim] argv[0]:		python3
[runlim] argv[1]:		/raid/steuber/Software/ablector/ablector
[runlim] argv[2]:		/raid/steuber/Benchmarks/2019/QF_BV/sage/app9/bench_523.smt2
[runlim] argv[3]:		--ufReuse=1
[runlim] argv[4]:		--unsigned
[runlim] start:			Wed May 13 15:08:33 2020
[runlim] main pid:		26842
[Ablector] INFO: ABLECTOR TIME: 0.003601
[runlim] end:			Wed May 13 15:08:33 2020
[runlim] status:		ok
[runlim] result:		0
[runlim] children:		1
[runlim] real:			0.92 seconds
[runlim] time:			0.98 seconds
[runlim] space:			37.9 MB
[runlim] samples:		4
[runlim] version:		1.10
[runlim] time limit:		311040000 seconds
[runlim] real time limit:	1200 seconds
[runlim] space limit:		15000 MB
[runlim] argv[0]:		python3
[runlim] argv[1]:		/raid/steuber/Software/ablector/ablector
[runlim] argv[2]:		/raid/steuber/Benchmarks/2019/QF_BV/Sage2/bench_15723.smt2
[runlim] argv[3]:		--ufReuse=1
[runlim] argv[4]:		--unsigned
[runlim] start:			Wed May 13 15:08:34 2020
[runlim] main pid:		26862
[Ablector] INFO: *** ROUND 0
[MulNode] INFO: Level 0
[Ablector] INFO: ABLECTOR TIME: 0.023907
[Ablector] INFO: SAT TIME: 0.019451
[Ablector] INFO: REF TIME: 0.009997
[runlim] end:			Wed May 13 15:08:34 2020
[runlim] status:		ok
[runlim] result:		0
[runlim] children:		0
[runlim] real:			0.83 seconds
[runlim] time:			1.05 seconds
[runlim] space:			41.0 MB
[runlim] samples:		5
[runlim] version:		1.10
[runlim] time limit:		311040000 seconds
[runlim] real time limit:	1200 seconds
[runlim] space limit:		15000 MB
[runlim] argv[0]:		python3
[runlim] argv[1]:		/raid/steuber/Software/ablector/ablector
[runlim] argv[2]:		/raid/steuber/Benchmarks/2019/QF_BV/Sage2/bench_16986.smt2
[runlim] argv[3]:		--ufReuse=1
[runlim] argv[4]:		--unsigned
[runlim] start:			Wed May 13 15:08:35 2020
[runlim] main pid:		26882
[Ablector] INFO: *** ROUND 0
[MulNode] INFO: Level 0
[MulNode] INFO: Level 0
[MulNode] INFO: Level 0
[MulNode] INFO: Level 0
[MulNode] INFO: Level 0
[MulNode] INFO: Level 0
[MulNode] INFO: Level 0
[MulNode] INFO: Level 0
[MulNode] INFO: Level 0
[MulNode] INFO: Level 0
[MulNode] INFO: Level 0
[MulNode] INFO: Level 0
[MulNode] INFO: Level 0
[MulNode] INFO: Level 0
[MulNode] INFO: Level 0
[MulNode] INFO: Level 0
[MulNode] INFO: Level 0
[MulNode] INFO: Level 0
[MulNode] INFO: Level 0
[MulNode] INFO: Level 0
[MulNode] INFO: Level 0
[MulNode] INFO: Level 0
[MulNode] INFO: Level 0
[MulNode] INFO: Level 0
[MulNode] INFO: Level 0
[MulNode] INFO: Level 0
[MulNode] INFO: Level 0
[MulNode] INFO: Level 0
[MulNode] INFO: Level 0
[MulNode] INFO: Level 0
[MulNode] INFO: Level 0
[MulNode] INFO: Level 0
[MulNode] INFO: Level 0
[MulNode] INFO: Level 0
[MulNode] INFO: Level 0
[MulNode] INFO: Level 0
[MulNode] INFO: Level 0
[MulNode] INFO: Level 0
[MulNode] INFO: Level 0
[MulNode] INFO: Level 0
[MulNode] INFO: Level 0
[MulNode] INFO: Level 0
[MulNode] INFO: Level 0
[MulNode] INFO: Level 0
[Ablector] INFO: ABLECTOR TIME: 1.601159
[Ablector] INFO: SAT TIME: 1.588575
[Ablector] INFO: REF TIME: 0.392052
[runlim] end:			Wed May 13 15:08:37 2020
[runlim] status:		ok
[runlim] result:		0
[runlim] children:		0
[runlim] real:			2.51 seconds
[runlim] time:			2.84 seconds
[runlim] space:			75.2 MB
[runlim] samples:		23
[runlim] version:		1.10
[runlim] time limit:		311040000 seconds
[runlim] real time limit:	1200 seconds
[runlim] space limit:		15000 MB
[runlim] argv[0]:		python3
[runlim] argv[1]:		/raid/steuber/Software/ablector/ablector
[runlim] argv[2]:		/raid/steuber/Benchmarks/2019/QF_BV/Sage2/bench_11365.smt2
[runlim] argv[3]:		--ufReuse=1
[runlim] argv[4]:		--unsigned
[runlim] start:			Wed May 13 15:08:37 2020
[runlim] main pid:		26902
[Ablector] INFO: *** ROUND 0
[runlim] sample:		10.6 time, 10.9 real, 51.1 MB
[runlim] sample:		20.6 time, 20.9 real, 55.2 MB
[runlim] sample:		30.5 time, 30.9 real, 61.0 MB
[runlim] sample:		40.5 time, 40.9 real, 64.4 MB
[runlim] sample:		50.5 time, 50.9 real, 64.0 MB
[runlim] sample:		60.5 time, 60.9 real, 64.8 MB
[runlim] sample:		70.5 time, 70.9 real, 65.3 MB
[runlim] sample:		80.5 time, 80.9 real, 66.3 MB
[runlim] sample:		90.5 time, 90.9 real, 66.8 MB
[runlim] sample:		100.5 time, 100.9 real, 67.4 MB
[runlim] sample:		110.5 time, 110.9 real, 68.3 MB
[runlim] sample:		120.5 time, 120.9 real, 68.9 MB
[runlim] sample:		130.5 time, 130.9 real, 69.6 MB
[runlim] sample:		140.5 time, 140.9 real, 70.0 MB
[runlim] sample:		150.5 time, 150.9 real, 70.7 MB
[runlim] sample:		160.5 time, 160.9 real, 70.5 MB
[runlim] sample:		170.5 time, 170.9 real, 71.6 MB
[runlim] sample:		180.5 time, 180.9 real, 72.1 MB
[runlim] sample:		190.5 time, 190.9 real, 72.5 MB
[runlim] sample:		200.5 time, 200.9 real, 73.1 MB
[runlim] sample:		210.5 time, 210.9 real, 75.3 MB
[runlim] sample:		220.5 time, 220.9 real, 75.8 MB
[runlim] sample:		230.5 time, 230.9 real, 75.5 MB
[runlim] sample:		240.5 time, 240.9 real, 75.6 MB
[runlim] sample:		250.5 time, 250.9 real, 76.2 MB
[runlim] sample:		260.5 time, 260.9 real, 76.0 MB
[runlim] sample:		270.5 time, 270.9 real, 77.0 MB
[runlim] sample:		280.5 time, 280.9 real, 77.2 MB
[runlim] sample:		290.5 time, 290.9 real, 76.9 MB
[runlim] sample:		300.5 time, 300.9 real, 83.2 MB
[runlim] sample:		310.5 time, 310.9 real, 78.9 MB
[runlim] sample:		320.5 time, 320.9 real, 79.4 MB
[runlim] sample:		330.5 time, 330.9 real, 79.5 MB
[runlim] sample:		340.5 time, 340.9 real, 80.6 MB
[runlim] sample:		350.5 time, 350.9 real, 81.3 MB
[runlim] sample:		360.5 time, 360.9 real, 81.1 MB
[runlim] sample:		370.5 time, 370.9 real, 88.2 MB
[runlim] sample:		380.5 time, 380.9 real, 80.6 MB
[runlim] sample:		390.5 time, 390.9 real, 80.7 MB
[runlim] sample:		400.5 time, 400.9 real, 90.1 MB
[runlim] sample:		410.5 time, 410.9 real, 83.3 MB
[runlim] sample:		420.5 time, 420.9 real, 90.5 MB
[runlim] sample:		430.5 time, 430.9 real, 83.8 MB
[runlim] sample:		440.5 time, 440.9 real, 84.3 MB
[runlim] sample:		450.5 time, 450.9 real, 84.1 MB
[runlim] sample:		460.5 time, 460.9 real, 90.1 MB
[runlim] sample:		470.5 time, 470.9 real, 91.7 MB
[runlim] sample:		480.5 time, 480.9 real, 84.4 MB
[runlim] sample:		490.5 time, 490.9 real, 84.4 MB
[runlim] sample:		500.5 time, 500.9 real, 84.4 MB
[runlim] sample:		510.5 time, 510.9 real, 91.5 MB
[runlim] sample:		520.5 time, 520.9 real, 90.1 MB
[runlim] sample:		530.5 time, 530.9 real, 84.7 MB
[runlim] sample:		540.5 time, 540.9 real, 85.3 MB
[runlim] sample:		550.5 time, 550.9 real, 85.4 MB
[runlim] sample:		560.5 time, 560.9 real, 91.8 MB
[runlim] sample:		570.5 time, 570.9 real, 86.1 MB
[runlim] sample:		580.5 time, 580.9 real, 87.7 MB
[runlim] sample:		590.5 time, 590.9 real, 95.7 MB
[runlim] sample:		600.5 time, 600.9 real, 87.3 MB
[MulNode] INFO: Level 0
[MulNode] INFO: Level 0
[MulNode] INFO: Level 0
[MulNode] INFO: Level 0
[MulNode] INFO: Level 0
[MulNode] INFO: Level 0
[MulNode] INFO: Level 0
[Ablector] INFO: ABLECTOR TIME: 603.806008
[Ablector] INFO: SAT TIME: 603.800423
[Ablector] INFO: REF TIME: 0.068312
[runlim] end:			Wed May 13 15:18:42 2020
[runlim] status:		ok
[runlim] result:		0
[runlim] children:		0
[runlim] real:			605.35 seconds
[runlim] time:			604.85 seconds
[runlim] space:			95.8 MB
[runlim] samples:		6044
[runlim] version:		1.10
[runlim] time limit:		311040000 seconds
[runlim] real time limit:	1200 seconds
[runlim] space limit:		15000 MB
[runlim] argv[0]:		python3
[runlim] argv[1]:		/raid/steuber/Software/ablector/ablector
[runlim] argv[2]:		/raid/steuber/Benchmarks/2019/QF_BV/sage/app2/bench_1301.smt2
[runlim] argv[3]:		--ufReuse=1
[runlim] argv[4]:		--unsigned
[runlim] start:			Wed May 13 15:18:42 2020
[runlim] main pid:		27154
[Ablector] INFO: ABLECTOR TIME: 0.003851
[runlim] end:			Wed May 13 15:18:43 2020
[runlim] status:		ok
[runlim] result:		0
[runlim] children:		0
[runlim] real:			1.57 seconds
[runlim] time:			1.02 seconds
[runlim] space:			37.6 MB
[runlim] samples:		7
[runlim] version:		1.10
[runlim] time limit:		311040000 seconds
[runlim] real time limit:	1200 seconds
[runlim] space limit:		15000 MB
[runlim] argv[0]:		python3
[runlim] argv[1]:		/raid/steuber/Software/ablector/ablector
[runlim] argv[2]:		/raid/steuber/Benchmarks/2019/QF_BV/Sage2/bench_13282.smt2
[runlim] argv[3]:		--ufReuse=1
[runlim] argv[4]:		--unsigned
[runlim] start:			Wed May 13 15:18:43 2020
[runlim] main pid:		27174
[Ablector] INFO: *** ROUND 0
[MulNode] INFO: Level 0
[MulNode] INFO: Level 0
[MulNode] INFO: Level 0
[UdivNode] INFO: Level 0
[MulNode] INFO: Level 0
[UdivNode] INFO: Level 0
[MulNode] INFO: Level 0
[MulNode] INFO: Level 0
[MulNode] INFO: Level 0
[MulNode] INFO: Level 0
[MulNode] INFO: Level 0
[MulNode] INFO: Level 0
[MulNode] INFO: Level 0
[MulNode] INFO: Level 0
[MulNode] INFO: Level 0
[MulNode] INFO: Level 0
[MulNode] INFO: Level 0
[MulNode] INFO: Level 0
[MulNode] INFO: Level 0
[MulNode] INFO: Level 0
[MulNode] INFO: Level 0
[MulNode] INFO: Level 0
[MulNode] INFO: Level 0
[MulNode] INFO: Level 0
[MulNode] INFO: Level 0
[MulNode] INFO: Level 0
[MulNode] INFO: Level 0
[MulNode] INFO: Level 0
[MulNode] INFO: Level 0
[MulNode] INFO: Level 0
[MulNode] INFO: Level 0
[MulNode] INFO: Level 0
[MulNode] INFO: Level 0
[MulNode] INFO: Level 0
[MulNode] INFO: Level 0
[MulNode] INFO: Level 0
[MulNode] INFO: Level 0
[MulNode] INFO: Level 0
[MulNode] INFO: Level 0
[MulNode] INFO: Level 0
[MulNode] INFO: Level 0
[MulNode] INFO: Level 0
[MulNode] INFO: Level 0
[MulNode] INFO: Level 0
[MulNode] INFO: Level 0
[MulNode] INFO: Level 0
[MulNode] INFO: Level 0
[MulNode] INFO: Level 0
[MulNode] INFO: Level 0
[MulNode] INFO: Level 0
[MulNode] INFO: Level 0
[MulNode] INFO: Level 0
[MulNode] INFO: Level 0
[MulNode] INFO: Level 0
[MulNode] INFO: Level 0
[MulNode] INFO: Level 0
[MulNode] INFO: Level 0
[MulNode] INFO: Level 0
[MulNode] INFO: Level 0
[MulNode] INFO: Level 0
[MulNode] INFO: Level 0
[MulNode] INFO: Level 0
[MulNode] INFO: Level 0
[MulNode] INFO: Level 0
[MulNode] INFO: Level 0
[MulNode] INFO: Level 0
[MulNode] INFO: Level 0
[MulNode] INFO: Level 0
[MulNode] INFO: Level 0
[MulNode] INFO: Level 0
[MulNode] INFO: Level 0
[MulNode] INFO: Level 0
[MulNode] INFO: Level 0
[MulNode] INFO: Level 0
[MulNode] INFO: Level 0
[MulNode] INFO: Level 0
[MulNode] INFO: Level 0
[MulNode] INFO: Level 0
[Ablector] INFO: ABLECTOR TIME: 3.851372
[Ablector] INFO: SAT TIME: 3.832011
[Ablector] INFO: REF TIME: 0.728647
[runlim] end:			Wed May 13 15:18:48 2020
[runlim] status:		ok
[runlim] result:		0
[runlim] children:		1
[runlim] real:			5.72 seconds
[runlim] time:			5.16 seconds
[runlim] space:			128.3 MB
[runlim] samples:		47
[runlim] version:		1.10
[runlim] time limit:		311040000 seconds
[runlim] real time limit:	1200 seconds
[runlim] space limit:		15000 MB
[runlim] argv[0]:		python3
[runlim] argv[1]:		/raid/steuber/Software/ablector/ablector
[runlim] argv[2]:		/raid/steuber/Benchmarks/2019/QF_BV/sage/app1/bench_2471.smt2
[runlim] argv[3]:		--ufReuse=1
[runlim] argv[4]:		--unsigned
[runlim] start:			Wed May 13 15:18:49 2020
[runlim] main pid:		27195
[Ablector] INFO: *** ROUND 0
[MulNode] INFO: Level 0
[MulNode] INFO: Level 0
[MulNode] INFO: Level 0
[MulNode] INFO: Level 0
[MulNode] INFO: Level 0
[Ablector] INFO: ABLECTOR TIME: 0.894119
[Ablector] INFO: SAT TIME: 0.887960
[Ablector] INFO: REF TIME: 0.048520
[runlim] end:			Wed May 13 15:18:50 2020
[runlim] status:		ok
[runlim] result:		0
[runlim] children:		0
[runlim] real:			1.70 seconds
[runlim] time:			2.14 seconds
[runlim] space:			54.9 MB
[runlim] samples:		16
[runlim] version:		1.10
[runlim] time limit:		311040000 seconds
[runlim] real time limit:	1200 seconds
[runlim] space limit:		15000 MB
[runlim] argv[0]:		python3
[runlim] argv[1]:		/raid/steuber/Software/ablector/ablector
[runlim] argv[2]:		/raid/steuber/Benchmarks/2019/QF_BV/Sage2/bench_9432.smt2
[runlim] argv[3]:		--ufReuse=1
[runlim] argv[4]:		--unsigned
[runlim] start:			Wed May 13 15:18:51 2020
[runlim] main pid:		27215
[Ablector] INFO: *** ROUND 0
[runlim] sample:		10.5 time, 10.1 real, 76.3 MB
[runlim] sample:		20.5 time, 20.1 real, 75.7 MB
[MulNode] INFO: Level 0
[MulNode] INFO: Level 0
[MulNode] INFO: Level 0
[MulNode] INFO: Level 0
[MulNode] INFO: Level 0
[MulNode] INFO: Level 0
[MulNode] INFO: Level 0
[MulNode] INFO: Level 0
[MulNode] INFO: Level 0
[MulNode] INFO: Level 0
[MulNode] INFO: Level 0
[MulNode] INFO: Level 0
[MulNode] INFO: Level 0
[MulNode] INFO: Level 0
[MulNode] INFO: Level 0
[MulNode] INFO: Level 0
[MulNode] INFO: Level 0
[MulNode] INFO: Level 0
[MulNode] INFO: Level 0
[MulNode] INFO: Level 0
[MulNode] INFO: Level 0
[MulNode] INFO: Level 0
[MulNode] INFO: Level 0
[MulNode] INFO: Level 0
[MulNode] INFO: Level 0
[MulNode] INFO: Level 0
[MulNode] INFO: Level 0
[MulNode] INFO: Level 0
[MulNode] INFO: Level 0
[MulNode] INFO: Level 0
[MulNode] INFO: Level 0
[MulNode] INFO: Level 0
[MulNode] INFO: Level 0
[MulNode] INFO: Level 0
[MulNode] INFO: Level 0
[MulNode] INFO: Level 0
[MulNode] INFO: Level 0
[MulNode] INFO: Level 0
[MulNode] INFO: Level 0
[MulNode] INFO: Level 0
[MulNode] INFO: Level 0
[MulNode] INFO: Level 0
[MulNode] INFO: Level 0
[Ablector] INFO: ABLECTOR TIME: 19.661785
[Ablector] INFO: SAT TIME: 19.649401
[Ablector] INFO: REF TIME: 0.411794
[runlim] end:			Wed May 13 15:19:11 2020
[runlim] status:		ok
[runlim] result:		0
[runlim] children:		1
[runlim] real:			20.39 seconds
[runlim] time:			20.83 seconds
[runlim] space:			83.4 MB
[runlim] samples:		203
[runlim] version:		1.10
[runlim] time limit:		311040000 seconds
[runlim] real time limit:	1200 seconds
[runlim] space limit:		15000 MB
[runlim] argv[0]:		python3
[runlim] argv[1]:		/raid/steuber/Software/ablector/ablector
[runlim] argv[2]:		/raid/steuber/Benchmarks/2019/QF_BV/Sage2/bench_1048.smt2
[runlim] argv[3]:		--ufReuse=1
[runlim] argv[4]:		--unsigned
[runlim] start:			Wed May 13 15:19:11 2020
[runlim] main pid:		27239
[Ablector] INFO: *** ROUND 0
[MulNode] INFO: Level 0
[MulNode] INFO: Level 0
[MulNode] INFO: Level 0
[MulNode] INFO: Level 0
[MulNode] INFO: Level 0
[MulNode] INFO: Level 0
[MulNode] INFO: Level 0
[MulNode] INFO: Level 0
[MulNode] INFO: Level 0
[MulNode] INFO: Level 0
[Ablector] INFO: ABLECTOR TIME: 3.149264
[Ablector] INFO: SAT TIME: 3.142909
[Ablector] INFO: REF TIME: 0.100151
[runlim] end:			Wed May 13 15:19:15 2020
[runlim] status:		ok
[runlim] result:		0
[runlim] children:		1
[runlim] real:			4.69 seconds
[runlim] time:			4.44 seconds
[runlim] space:			51.0 MB
[runlim] samples:		39
[runlim] version:		1.10
[runlim] time limit:		311040000 seconds
[runlim] real time limit:	1200 seconds
[runlim] space limit:		15000 MB
[runlim] argv[0]:		python3
[runlim] argv[1]:		/raid/steuber/Software/ablector/ablector
[runlim] argv[2]:		/raid/steuber/Benchmarks/2019/QF_BV/sage/app7/bench_7958.smt2
[runlim] argv[3]:		--ufReuse=1
[runlim] argv[4]:		--unsigned
[runlim] start:			Wed May 13 15:19:16 2020
[runlim] main pid:		27260
[Ablector] INFO: ABLECTOR TIME: 0.004022
[runlim] end:			Wed May 13 15:19:17 2020
[runlim] status:		ok
[runlim] result:		0
[runlim] children:		14
[runlim] real:			1.89 seconds
[runlim] time:			2.23 seconds
[runlim] space:			83.7 MB
[runlim] samples:		18
[runlim] version:		1.10
[runlim] time limit:		311040000 seconds
[runlim] real time limit:	1200 seconds
[runlim] space limit:		15000 MB
[runlim] argv[0]:		python3
[runlim] argv[1]:		/raid/steuber/Software/ablector/ablector
[runlim] argv[2]:		/raid/steuber/Benchmarks/2019/QF_BV/sage/app7/bench_5953.smt2
[runlim] argv[3]:		--ufReuse=1
[runlim] argv[4]:		--unsigned
[runlim] start:			Wed May 13 15:19:18 2020
[runlim] main pid:		27280
[Ablector] INFO: ABLECTOR TIME: 0.003749
[runlim] end:			Wed May 13 15:19:18 2020
[runlim] status:		ok
[runlim] result:		0
[runlim] children:		0
[runlim] real:			0.69 seconds
[runlim] time:			0.95 seconds
[runlim] space:			37.5 MB
[runlim] samples:		4
[runlim] version:		1.10
[runlim] time limit:		311040000 seconds
[runlim] real time limit:	1200 seconds
[runlim] space limit:		15000 MB
[runlim] argv[0]:		python3
[runlim] argv[1]:		/raid/steuber/Software/ablector/ablector
[runlim] argv[2]:		/raid/steuber/Benchmarks/2019/QF_BV/sage/app7/bench_1291.smt2
[runlim] argv[3]:		--ufReuse=1
[runlim] argv[4]:		--unsigned
[runlim] start:			Wed May 13 15:19:19 2020
[runlim] main pid:		27300
[Ablector] INFO: ABLECTOR TIME: 0.004016
[runlim] end:			Wed May 13 15:19:20 2020
[runlim] status:		ok
[runlim] result:		0
[runlim] children:		8
[runlim] real:			1.24 seconds
[runlim] time:			1.64 seconds
[runlim] space:			69.9 MB
[runlim] samples:		11
[runlim] version:		1.10
[runlim] time limit:		311040000 seconds
[runlim] real time limit:	1200 seconds
[runlim] space limit:		15000 MB
[runlim] argv[0]:		python3
[runlim] argv[1]:		/raid/steuber/Software/ablector/ablector
[runlim] argv[2]:		/raid/steuber/Benchmarks/2019/QF_BV/sage/app7/bench_4208.smt2
[runlim] argv[3]:		--ufReuse=1
[runlim] argv[4]:		--unsigned
[runlim] start:			Wed May 13 15:19:20 2020
[runlim] main pid:		27320
[Ablector] INFO: ABLECTOR TIME: 0.004304
[runlim] end:			Wed May 13 15:19:21 2020
[runlim] status:		ok
[runlim] result:		0
[runlim] children:		1
[runlim] real:			1.25 seconds
[runlim] time:			1.04 seconds
[runlim] space:			42.8 MB
[runlim] samples:		6
[runlim] version:		1.10
[runlim] time limit:		311040000 seconds
[runlim] real time limit:	1200 seconds
[runlim] space limit:		15000 MB
[runlim] argv[0]:		python3
[runlim] argv[1]:		/raid/steuber/Software/ablector/ablector
[runlim] argv[2]:		/raid/steuber/Benchmarks/2019/QF_BV/uclid/catchconv/convert-jpg2gif-query-1224.smt2
[runlim] argv[3]:		--ufReuse=1
[runlim] argv[4]:		--unsigned
[runlim] start:			Wed May 13 15:19:21 2020
[runlim] main pid:		27340
[Ablector] INFO: ABLECTOR TIME: 0.003895
[runlim] end:			Wed May 13 15:19:22 2020
[runlim] status:		ok
[runlim] result:		0
[runlim] children:		4
[runlim] real:			1.56 seconds
[runlim] time:			1.32 seconds
[runlim] space:			53.3 MB
[runlim] samples:		9
[runlim] version:		1.10
[runlim] time limit:		311040000 seconds
[runlim] real time limit:	1200 seconds
[runlim] space limit:		15000 MB
[runlim] argv[0]:		python3
[runlim] argv[1]:		/raid/steuber/Software/ablector/ablector
[runlim] argv[2]:		/raid/steuber/Benchmarks/2019/QF_BV/Sage2/bench_4540.smt2
[runlim] argv[3]:		--ufReuse=1
[runlim] argv[4]:		--unsigned
[runlim] start:			Wed May 13 15:19:22 2020
[runlim] main pid:		27362
[Ablector] INFO: *** ROUND 0
[MulNode] INFO: Level 0
[Ablector] INFO: ABLECTOR TIME: 0.179549
[Ablector] INFO: SAT TIME: 0.174691
[Ablector] INFO: REF TIME: 0.010571
[runlim] end:			Wed May 13 15:19:23 2020
[runlim] status:		ok
[runlim] result:		0
[runlim] children:		0
[runlim] real:			1.57 seconds
[runlim] time:			1.13 seconds
[runlim] space:			42.5 MB
[runlim] samples:		6
[runlim] version:		1.10
[runlim] time limit:		311040000 seconds
[runlim] real time limit:	1200 seconds
[runlim] space limit:		15000 MB
[runlim] argv[0]:		python3
[runlim] argv[1]:		/raid/steuber/Software/ablector/ablector
[runlim] argv[2]:		/raid/steuber/Benchmarks/2019/QF_BV/sage/app9/bench_88.smt2
[runlim] argv[3]:		--ufReuse=1
[runlim] argv[4]:		--unsigned
[runlim] start:			Wed May 13 15:19:23 2020
[runlim] main pid:		27382
[Ablector] INFO: *** ROUND 0
[MulNode] INFO: Level 0
[MulNode] INFO: Level 0
[MulNode] INFO: Level 0
[MulNode] INFO: Level 0
[MulNode] INFO: Level 0
[MulNode] INFO: Level 0
[MulNode] INFO: Level 0
[MulNode] INFO: Level 0
[MulNode] INFO: Level 0
[MulNode] INFO: Level 0
[MulNode] INFO: Level 0
[Ablector] INFO: ABLECTOR TIME: 0.573869
[Ablector] INFO: SAT TIME: 0.566689
[Ablector] INFO: REF TIME: 0.110072
[runlim] end:			Wed May 13 15:19:25 2020
[runlim] status:		ok
[runlim] result:		0
[runlim] children:		0
[runlim] real:			2.14 seconds
[runlim] time:			1.74 seconds
[runlim] space:			50.6 MB
[runlim] samples:		12
[runlim] version:		1.10
[runlim] time limit:		311040000 seconds
[runlim] real time limit:	1200 seconds
[runlim] space limit:		15000 MB
[runlim] argv[0]:		python3
[runlim] argv[1]:		/raid/steuber/Software/ablector/ablector
[runlim] argv[2]:		/raid/steuber/Benchmarks/2019/QF_BV/sage/app9/bench_720.smt2
[runlim] argv[3]:		--ufReuse=1
[runlim] argv[4]:		--unsigned
[runlim] start:			Wed May 13 15:19:25 2020
[runlim] main pid:		27402
[Ablector] INFO: ABLECTOR TIME: 0.003645
[runlim] end:			Wed May 13 15:19:25 2020
[runlim] status:		ok
[runlim] result:		0
[runlim] children:		0
[runlim] real:			0.94 seconds
[runlim] time:			0.94 seconds
[runlim] space:			37.8 MB
[runlim] samples:		4
[runlim] version:		1.10
[runlim] time limit:		311040000 seconds
[runlim] real time limit:	1200 seconds
[runlim] space limit:		15000 MB
[runlim] argv[0]:		python3
[runlim] argv[1]:		/raid/steuber/Software/ablector/ablector
[runlim] argv[2]:		/raid/steuber/Benchmarks/2019/QF_BV/Sage2/bench_7064.smt2
[runlim] argv[3]:		--ufReuse=1
[runlim] argv[4]:		--unsigned
[runlim] start:			Wed May 13 15:19:26 2020
[runlim] main pid:		27422
[Ablector] INFO: *** ROUND 0
[MulNode] INFO: Level 0
[MulNode] INFO: Level 0
[MulNode] INFO: Level 0
[MulNode] INFO: Level 0
[MulNode] INFO: Level 0
[MulNode] INFO: Level 0
[MulNode] INFO: Level 0
[MulNode] INFO: Level 0
[MulNode] INFO: Level 0
[MulNode] INFO: Level 0
[MulNode] INFO: Level 0
[MulNode] INFO: Level 0
[MulNode] INFO: Level 0
[MulNode] INFO: Level 0
[MulNode] INFO: Level 0
[MulNode] INFO: Level 0
[MulNode] INFO: Level 0
[MulNode] INFO: Level 0
[MulNode] INFO: Level 0
[MulNode] INFO: Level 0
[MulNode] INFO: Level 0
[MulNode] INFO: Level 0
[MulNode] INFO: Level 0
[MulNode] INFO: Level 0
[MulNode] INFO: Level 0
[MulNode] INFO: Level 0
[MulNode] INFO: Level 0
[MulNode] INFO: Level 0
[MulNode] INFO: Level 0
[MulNode] INFO: Level 0
[MulNode] INFO: Level 0
[MulNode] INFO: Level 0
[MulNode] INFO: Level 0
[MulNode] INFO: Level 0
[MulNode] INFO: Level 0
[MulNode] INFO: Level 0
[MulNode] INFO: Level 0
[MulNode] INFO: Level 0
[MulNode] INFO: Level 0
[MulNode] INFO: Level 0
[MulNode] INFO: Level 0
[MulNode] INFO: Level 0
[MulNode] INFO: Level 0
[MulNode] INFO: Level 0
[MulNode] INFO: Level 0
[MulNode] INFO: Level 0
[MulNode] INFO: Level 0
[MulNode] INFO: Level 0
[MulNode] INFO: Level 0
[MulNode] INFO: Level 0
[MulNode] INFO: Level 0
[MulNode] INFO: Level 0
[MulNode] INFO: Level 0
[MulNode] INFO: Level 0
[MulNode] INFO: Level 0
[MulNode] INFO: Level 0
[MulNode] INFO: Level 0
[Ablector] INFO: ABLECTOR TIME: 3.590371
[Ablector] INFO: SAT TIME: 3.559466
[Ablector] INFO: REF TIME: 0.506894
[runlim] end:			Wed May 13 15:19:33 2020
[runlim] status:		ok
[runlim] result:		0
[runlim] children:		2
[runlim] real:			7.08 seconds
[runlim] time:			7.08 seconds
[runlim] space:			377.6 MB
[runlim] samples:		67
[runlim] version:		1.10
[runlim] time limit:		311040000 seconds
[runlim] real time limit:	1200 seconds
[runlim] space limit:		15000 MB
[runlim] argv[0]:		python3
[runlim] argv[1]:		/raid/steuber/Software/ablector/ablector
[runlim] argv[2]:		/raid/steuber/Benchmarks/2019/QF_BV/sage/app9/bench_562.smt2
[runlim] argv[3]:		--ufReuse=1
[runlim] argv[4]:		--unsigned
[runlim] start:			Wed May 13 15:19:33 2020
[runlim] main pid:		27444
[Ablector] INFO: ABLECTOR TIME: 0.003852
[runlim] end:			Wed May 13 15:19:33 2020
[runlim] status:		ok
[runlim] result:		0
[runlim] children:		1
[runlim] real:			0.92 seconds
[runlim] time:			0.97 seconds
[runlim] space:			37.5 MB
[runlim] samples:		4
[runlim] version:		1.10
[runlim] time limit:		311040000 seconds
[runlim] real time limit:	1200 seconds
[runlim] space limit:		15000 MB
[runlim] argv[0]:		python3
[runlim] argv[1]:		/raid/steuber/Software/ablector/ablector
[runlim] argv[2]:		/raid/steuber/Benchmarks/2019/QF_BV/Sage2/bench_911.smt2
[runlim] argv[3]:		--ufReuse=1
[runlim] argv[4]:		--unsigned
[runlim] start:			Wed May 13 15:19:34 2020
[runlim] main pid:		27464
[Ablector] INFO: *** ROUND 0
[MulNode] INFO: Level 0
[MulNode] INFO: Level 0
[MulNode] INFO: Level 0
[MulNode] INFO: Level 0
[MulNode] INFO: Level 0
[MulNode] INFO: Level 0
[MulNode] INFO: Level 0
[MulNode] INFO: Level 0
[MulNode] INFO: Level 0
[MulNode] INFO: Level 0
[Ablector] INFO: ABLECTOR TIME: 0.800043
[Ablector] INFO: SAT TIME: 0.793224
[Ablector] INFO: REF TIME: 0.097963
[runlim] end:			Wed May 13 15:19:35 2020
[runlim] status:		ok
[runlim] result:		0
[runlim] children:		1
[runlim] real:			1.79 seconds
[runlim] time:			2.03 seconds
[runlim] space:			50.1 MB
[runlim] samples:		15
[runlim] version:		1.10
[runlim] time limit:		311040000 seconds
[runlim] real time limit:	1200 seconds
[runlim] space limit:		15000 MB
[runlim] argv[0]:		python3
[runlim] argv[1]:		/raid/steuber/Software/ablector/ablector
[runlim] argv[2]:		/raid/steuber/Benchmarks/2019/QF_BV/Sage2/bench_17356.smt2
[runlim] argv[3]:		--ufReuse=1
[runlim] argv[4]:		--unsigned
[runlim] start:			Wed May 13 15:19:36 2020
[runlim] main pid:		27484
[Ablector] INFO: *** ROUND 0
[MulNode] INFO: Level 0
[Ablector] INFO: ABLECTOR TIME: 1.988242
[Ablector] INFO: SAT TIME: 1.981731
[Ablector] INFO: REF TIME: 0.011117
[runlim] end:			Wed May 13 15:19:38 2020
[runlim] status:		ok
[runlim] result:		0
[runlim] children:		1
[runlim] real:			2.88 seconds
[runlim] time:			3.20 seconds
[runlim] space:			67.1 MB
[runlim] samples:		27
[runlim] version:		1.10
[runlim] time limit:		311040000 seconds
[runlim] real time limit:	1200 seconds
[runlim] space limit:		15000 MB
[runlim] argv[0]:		python3
[runlim] argv[1]:		/raid/steuber/Software/ablector/ablector
[runlim] argv[2]:		/raid/steuber/Benchmarks/2019/QF_BV/sage/app1/bench_2247.smt2
[runlim] argv[3]:		--ufReuse=1
[runlim] argv[4]:		--unsigned
[runlim] start:			Wed May 13 15:19:39 2020
[runlim] main pid:		27504
[Ablector] INFO: ABLECTOR TIME: 0.003798
[runlim] end:			Wed May 13 15:19:39 2020
[runlim] status:		ok
[runlim] result:		0
[runlim] children:		0
[runlim] real:			0.75 seconds
[runlim] time:			1.00 seconds
[runlim] space:			37.8 MB
[runlim] samples:		5
[runlim] version:		1.10
[runlim] time limit:		311040000 seconds
[runlim] real time limit:	1200 seconds
[runlim] space limit:		15000 MB
[runlim] argv[0]:		python3
[runlim] argv[1]:		/raid/steuber/Software/ablector/ablector
[runlim] argv[2]:		/raid/steuber/Benchmarks/2019/QF_BV/20190311-bv-term-small-rw-Noetzli/bv-term-small-rw_49.smt2
[runlim] argv[3]:		--ufReuse=1
[runlim] argv[4]:		--unsigned
[runlim] start:			Wed May 13 15:19:40 2020
[runlim] main pid:		27524
[Ablector] INFO: ABLECTOR TIME: 0.003864
[runlim] end:			Wed May 13 15:19:40 2020
[runlim] status:		ok
[runlim] result:		0
[runlim] children:		1
[runlim] real:			0.74 seconds
[runlim] time:			1.02 seconds
[runlim] space:			37.8 MB
[runlim] samples:		6
[runlim] version:		1.10
[runlim] time limit:		311040000 seconds
[runlim] real time limit:	1200 seconds
[runlim] space limit:		15000 MB
[runlim] argv[0]:		python3
[runlim] argv[1]:		/raid/steuber/Software/ablector/ablector
[runlim] argv[2]:		/raid/steuber/Benchmarks/2019/QF_BV/20190311-bv-term-small-rw-Noetzli/bv-term-small-rw_392.smt2
[runlim] argv[3]:		--ufReuse=1
[runlim] argv[4]:		--unsigned
[runlim] start:			Wed May 13 15:19:41 2020
[runlim] main pid:		27544
[Ablector] INFO: ABLECTOR TIME: 0.003840
[runlim] end:			Wed May 13 15:19:41 2020
[runlim] status:		ok
[runlim] result:		0
[runlim] children:		0
[runlim] real:			0.58 seconds
[runlim] time:			0.97 seconds
[runlim] space:			37.7 MB
[runlim] samples:		4
[runlim] version:		1.10
[runlim] time limit:		311040000 seconds
[runlim] real time limit:	1200 seconds
[runlim] space limit:		15000 MB
[runlim] argv[0]:		python3
[runlim] argv[1]:		/raid/steuber/Software/ablector/ablector
[runlim] argv[2]:		/raid/steuber/Benchmarks/2019/QF_BV/sage/app1/bench_2452.smt2
[runlim] argv[3]:		--ufReuse=1
[runlim] argv[4]:		--unsigned
[runlim] start:			Wed May 13 15:19:41 2020
[runlim] main pid:		27564
[Ablector] INFO: ABLECTOR TIME: 0.004010
[runlim] end:			Wed May 13 15:19:42 2020
[runlim] status:		ok
[runlim] result:		0
[runlim] children:		1
[runlim] real:			1.40 seconds
[runlim] time:			0.95 seconds
[runlim] space:			40.2 MB
[runlim] samples:		4
[runlim] version:		1.10
[runlim] time limit:		311040000 seconds
[runlim] real time limit:	1200 seconds
[runlim] space limit:		15000 MB
[runlim] argv[0]:		python3
[runlim] argv[1]:		/raid/steuber/Software/ablector/ablector
[runlim] argv[2]:		/raid/steuber/Benchmarks/2019/QF_BV/sage/app7/bench_2336.smt2
[runlim] argv[3]:		--ufReuse=1
[runlim] argv[4]:		--unsigned
[runlim] start:			Wed May 13 15:19:42 2020
[runlim] main pid:		27584
[Ablector] INFO: ABLECTOR TIME: 0.003895
[runlim] end:			Wed May 13 15:19:45 2020
[runlim] status:		ok
[runlim] result:		0
[runlim] children:		18
[runlim] real:			3.14 seconds
[runlim] time:			2.72 seconds
[runlim] space:			98.2 MB
[runlim] samples:		23
[runlim] version:		1.10
[runlim] time limit:		311040000 seconds
[runlim] real time limit:	1200 seconds
[runlim] space limit:		15000 MB
[runlim] argv[0]:		python3
[runlim] argv[1]:		/raid/steuber/Software/ablector/ablector
[runlim] argv[2]:		/raid/steuber/Benchmarks/2019/QF_BV/sage/app1/bench_31.smt2
[runlim] argv[3]:		--ufReuse=1
[runlim] argv[4]:		--unsigned
[runlim] start:			Wed May 13 15:19:45 2020
[runlim] main pid:		27604
[Ablector] INFO: ABLECTOR TIME: 0.003971
[runlim] end:			Wed May 13 15:19:46 2020
[runlim] status:		ok
[runlim] result:		0
[runlim] children:		1
[runlim] real:			1.06 seconds
[runlim] time:			1.00 seconds
[runlim] space:			37.6 MB
[runlim] samples:		5
[runlim] version:		1.10
[runlim] time limit:		311040000 seconds
[runlim] real time limit:	1200 seconds
[runlim] space limit:		15000 MB
[runlim] argv[0]:		python3
[runlim] argv[1]:		/raid/steuber/Software/ablector/ablector
[runlim] argv[2]:		/raid/steuber/Benchmarks/2019/QF_BV/sage/app7/bench_2125.smt2
[runlim] argv[3]:		--ufReuse=1
[runlim] argv[4]:		--unsigned
[runlim] start:			Wed May 13 15:19:46 2020
[runlim] main pid:		27624
[Ablector] INFO: ABLECTOR TIME: 0.004099
[runlim] end:			Wed May 13 15:19:48 2020
[runlim] status:		ok
[runlim] result:		0
[runlim] children:		18
[runlim] real:			2.72 seconds
[runlim] time:			2.71 seconds
[runlim] space:			97.8 MB
[runlim] samples:		22
[runlim] version:		1.10
[runlim] time limit:		311040000 seconds
[runlim] real time limit:	1200 seconds
[runlim] space limit:		15000 MB
[runlim] argv[0]:		python3
[runlim] argv[1]:		/raid/steuber/Software/ablector/ablector
[runlim] argv[2]:		/raid/steuber/Benchmarks/2019/QF_BV/sage/app11/bench_506.smt2
[runlim] argv[3]:		--ufReuse=1
[runlim] argv[4]:		--unsigned
[runlim] start:			Wed May 13 15:19:49 2020
[runlim] main pid:		27644
[Ablector] INFO: ABLECTOR TIME: 0.003930
[runlim] end:			Wed May 13 15:19:50 2020
[runlim] status:		ok
[runlim] result:		0
[runlim] children:		5
[runlim] real:			1.02 seconds
[runlim] time:			1.33 seconds
[runlim] space:			67.3 MB
[runlim] samples:		9
[runlim] version:		1.10
[runlim] time limit:		311040000 seconds
[runlim] real time limit:	1200 seconds
[runlim] space limit:		15000 MB
[runlim] argv[0]:		python3
[runlim] argv[1]:		/raid/steuber/Software/ablector/ablector
[runlim] argv[2]:		/raid/steuber/Benchmarks/2019/QF_BV/sage/app1/bench_150.smt2
[runlim] argv[3]:		--ufReuse=1
[runlim] argv[4]:		--unsigned
[runlim] start:			Wed May 13 15:19:50 2020
[runlim] main pid:		27664
[Ablector] INFO: ABLECTOR TIME: 0.003758
[runlim] end:			Wed May 13 15:19:50 2020
[runlim] status:		ok
[runlim] result:		0
[runlim] children:		0
[runlim] real:			0.87 seconds
[runlim] time:			0.98 seconds
[runlim] space:			37.7 MB
[runlim] samples:		4
[runlim] version:		1.10
[runlim] time limit:		311040000 seconds
[runlim] real time limit:	1200 seconds
[runlim] space limit:		15000 MB
[runlim] argv[0]:		python3
[runlim] argv[1]:		/raid/steuber/Software/ablector/ablector
[runlim] argv[2]:		/raid/steuber/Benchmarks/2019/QF_BV/sage/app7/bench_1564.smt2
[runlim] argv[3]:		--ufReuse=1
[runlim] argv[4]:		--unsigned
[runlim] start:			Wed May 13 15:19:51 2020
[runlim] main pid:		27684
[Ablector] INFO: ABLECTOR TIME: 0.004124
[runlim] end:			Wed May 13 15:19:52 2020
[runlim] status:		ok
[runlim] result:		0
[runlim] children:		5
[runlim] real:			1.27 seconds
[runlim] time:			1.45 seconds
[runlim] space:			62.8 MB
[runlim] samples:		10
[runlim] version:		1.10
[runlim] time limit:		311040000 seconds
[runlim] real time limit:	1200 seconds
[runlim] space limit:		15000 MB
[runlim] argv[0]:		python3
[runlim] argv[1]:		/raid/steuber/Software/ablector/ablector
[runlim] argv[2]:		/raid/steuber/Benchmarks/2019/QF_BV/sage/app7/bench_2167.smt2
[runlim] argv[3]:		--ufReuse=1
[runlim] argv[4]:		--unsigned
[runlim] start:			Wed May 13 15:19:52 2020
[runlim] main pid:		27704
[Ablector] INFO: ABLECTOR TIME: 0.003925
[runlim] end:			Wed May 13 15:19:53 2020
[runlim] status:		ok
[runlim] result:		0
[runlim] children:		3
[runlim] real:			1.37 seconds
[runlim] time:			1.08 seconds
[runlim] space:			50.2 MB
[runlim] samples:		7
[runlim] version:		1.10
[runlim] time limit:		311040000 seconds
[runlim] real time limit:	1200 seconds
[runlim] space limit:		15000 MB
[runlim] argv[0]:		python3
[runlim] argv[1]:		/raid/steuber/Software/ablector/ablector
[runlim] argv[2]:		/raid/steuber/Benchmarks/2019/QF_BV/sage/app7/bench_6060.smt2
[runlim] argv[3]:		--ufReuse=1
[runlim] argv[4]:		--unsigned
[runlim] start:			Wed May 13 15:19:53 2020
[runlim] main pid:		27724
[Ablector] INFO: ABLECTOR TIME: 0.003800
[runlim] end:			Wed May 13 15:19:54 2020
[runlim] status:		ok
[runlim] result:		0
[runlim] children:		0
[runlim] real:			1.18 seconds
[runlim] time:			0.94 seconds
[runlim] space:			37.7 MB
[runlim] samples:		4
[runlim] version:		1.10
[runlim] time limit:		311040000 seconds
[runlim] real time limit:	1200 seconds
[runlim] space limit:		15000 MB
[runlim] argv[0]:		python3
[runlim] argv[1]:		/raid/steuber/Software/ablector/ablector
[runlim] argv[2]:		/raid/steuber/Benchmarks/2019/QF_BV/sage/app7/bench_6485.smt2
[runlim] argv[3]:		--ufReuse=1
[runlim] argv[4]:		--unsigned
[runlim] start:			Wed May 13 15:19:54 2020
[runlim] main pid:		27744
[Ablector] INFO: ABLECTOR TIME: 0.003890
[runlim] end:			Wed May 13 15:19:55 2020
[runlim] status:		ok
[runlim] result:		0
[runlim] children:		0
[runlim] real:			1.04 seconds
[runlim] time:			1.01 seconds
[runlim] space:			37.5 MB
[runlim] samples:		4
[runlim] version:		1.10
[runlim] time limit:		311040000 seconds
[runlim] real time limit:	1200 seconds
[runlim] space limit:		15000 MB
[runlim] argv[0]:		python3
[runlim] argv[1]:		/raid/steuber/Software/ablector/ablector
[runlim] argv[2]:		/raid/steuber/Benchmarks/2019/QF_BV/sage/app7/bench_604.smt2
[runlim] argv[3]:		--ufReuse=1
[runlim] argv[4]:		--unsigned
[runlim] start:			Wed May 13 15:19:55 2020
[runlim] main pid:		27764
[Ablector] INFO: ABLECTOR TIME: 0.003904
[runlim] end:			Wed May 13 15:19:57 2020
[runlim] status:		ok
[runlim] result:		0
[runlim] children:		14
[runlim] real:			2.17 seconds
[runlim] time:			2.23 seconds
[runlim] space:			80.2 MB
[runlim] samples:		17
[runlim] version:		1.10
[runlim] time limit:		311040000 seconds
[runlim] real time limit:	1200 seconds
[runlim] space limit:		15000 MB
[runlim] argv[0]:		python3
[runlim] argv[1]:		/raid/steuber/Software/ablector/ablector
[runlim] argv[2]:		/raid/steuber/Benchmarks/2019/QF_BV/sage/app7/bench_882.smt2
[runlim] argv[3]:		--ufReuse=1
[runlim] argv[4]:		--unsigned
[runlim] start:			Wed May 13 15:19:57 2020
[runlim] main pid:		27784
[Ablector] INFO: ABLECTOR TIME: 0.003900
[runlim] end:			Wed May 13 15:19:59 2020
[runlim] status:		ok
[runlim] result:		0
[runlim] children:		11
[runlim] real:			2.05 seconds
[runlim] time:			1.93 seconds
[runlim] space:			75.7 MB
[runlim] samples:		15
[runlim] version:		1.10
[runlim] time limit:		311040000 seconds
[runlim] real time limit:	1200 seconds
[runlim] space limit:		15000 MB
[runlim] argv[0]:		python3
[runlim] argv[1]:		/raid/steuber/Software/ablector/ablector
[runlim] argv[2]:		/raid/steuber/Benchmarks/2019/QF_BV/sage/app2/bench_274.smt2
[runlim] argv[3]:		--ufReuse=1
[runlim] argv[4]:		--unsigned
[runlim] start:			Wed May 13 15:19:59 2020
[runlim] main pid:		27804
[Ablector] INFO: *** ROUND 0
[UdivNode] INFO: Level 0
[UdivNode] INFO: Level 0
[MulNode] INFO: Level 0
[MulNode] INFO: Level 0
[UdivNode] INFO: Level 0
[MulNode] INFO: Level 0
[MulNode] INFO: Level 0
[Ablector] INFO: ABLECTOR TIME: 0.089414
[Ablector] INFO: SAT TIME: 0.083961
[Ablector] INFO: REF TIME: 0.041788
[runlim] end:			Wed May 13 15:19:59 2020
[runlim] status:		ok
[runlim] result:		0
[runlim] children:		0
[runlim] real:			0.97 seconds
[runlim] time:			1.08 seconds
[runlim] space:			43.0 MB
[runlim] samples:		5
[runlim] version:		1.10
[runlim] time limit:		311040000 seconds
[runlim] real time limit:	1200 seconds
[runlim] space limit:		15000 MB
[runlim] argv[0]:		python3
[runlim] argv[1]:		/raid/steuber/Software/ablector/ablector
[runlim] argv[2]:		/raid/steuber/Benchmarks/2019/QF_BV/sage/app9/bench_178.smt2
[runlim] argv[3]:		--ufReuse=1
[runlim] argv[4]:		--unsigned
[runlim] start:			Wed May 13 15:20:00 2020
[runlim] main pid:		27824
[Ablector] INFO: *** ROUND 0
[MulNode] INFO: Level 0
[MulNode] INFO: Level 0
[MulNode] INFO: Level 0
[MulNode] INFO: Level 0
[MulNode] INFO: Level 0
[MulNode] INFO: Level 0
[MulNode] INFO: Level 0
[MulNode] INFO: Level 0
[MulNode] INFO: Level 0
[MulNode] INFO: Level 0
[MulNode] INFO: Level 0
[Ablector] INFO: ABLECTOR TIME: 0.180167
[Ablector] INFO: SAT TIME: 0.173527
[Ablector] INFO: REF TIME: 0.108047
[runlim] end:			Wed May 13 15:20:01 2020
[runlim] status:		ok
[runlim] result:		0
[runlim] children:		1
[runlim] real:			1.14 seconds
[runlim] time:			1.33 seconds
[runlim] space:			47.3 MB
[runlim] samples:		8
[runlim] version:		1.10
[runlim] time limit:		311040000 seconds
[runlim] real time limit:	1200 seconds
[runlim] space limit:		15000 MB
[runlim] argv[0]:		python3
[runlim] argv[1]:		/raid/steuber/Software/ablector/ablector
[runlim] argv[2]:		/raid/steuber/Benchmarks/2019/QF_BV/Sage2/bench_4157.smt2
[runlim] argv[3]:		--ufReuse=1
[runlim] argv[4]:		--unsigned
[runlim] start:			Wed May 13 15:20:01 2020
[runlim] main pid:		27844
[Ablector] INFO: *** ROUND 0
[MulNode] INFO: Level 0
[MulNode] INFO: Level 0
[MulNode] INFO: Level 0
[MulNode] INFO: Level 0
[MulNode] INFO: Level 0
[MulNode] INFO: Level 0
[MulNode] INFO: Level 0
[Ablector] INFO: ABLECTOR TIME: 2.231644
[Ablector] INFO: SAT TIME: 2.225876
[Ablector] INFO: REF TIME: 0.065187
[runlim] end:			Wed May 13 15:20:04 2020
[runlim] status:		ok
[runlim] result:		0
[runlim] children:		0
[runlim] real:			3.25 seconds
[runlim] time:			3.26 seconds
[runlim] space:			45.0 MB
[runlim] samples:		27
[runlim] version:		1.10
[runlim] time limit:		311040000 seconds
[runlim] real time limit:	1200 seconds
[runlim] space limit:		15000 MB
[runlim] argv[0]:		python3
[runlim] argv[1]:		/raid/steuber/Software/ablector/ablector
[runlim] argv[2]:		/raid/steuber/Benchmarks/2019/QF_BV/sage/app2/bench_155.smt2
[runlim] argv[3]:		--ufReuse=1
[runlim] argv[4]:		--unsigned
[runlim] start:			Wed May 13 15:20:04 2020
[runlim] main pid:		27865
[Ablector] INFO: *** ROUND 0
[UdivNode] INFO: Level 0
[MulNode] INFO: Level 0
[MulNode] INFO: Level 0
[UdivNode] INFO: Level 0
[MulNode] INFO: Level 0
[MulNode] INFO: Level 0
[UdivNode] INFO: Level 0
[Ablector] INFO: ABLECTOR TIME: 0.063620
[Ablector] INFO: SAT TIME: 0.057723
[Ablector] INFO: REF TIME: 0.042120
[runlim] end:			Wed May 13 15:20:05 2020
[runlim] status:		segmentation fault
[runlim] result:		4
[runlim] children:		0
[runlim] real:			1.42 seconds
[runlim] time:			1.13 seconds
[runlim] space:			41.2 MB
[runlim] samples:		8
[runlim] version:		1.10
[runlim] time limit:		311040000 seconds
[runlim] real time limit:	1200 seconds
[runlim] space limit:		15000 MB
[runlim] argv[0]:		python3
[runlim] argv[1]:		/raid/steuber/Software/ablector/ablector
[runlim] argv[2]:		/raid/steuber/Benchmarks/2019/QF_BV/sage/app7/bench_949.smt2
[runlim] argv[3]:		--ufReuse=1
[runlim] argv[4]:		--unsigned
[runlim] start:			Wed May 13 15:20:05 2020
[runlim] main pid:		27885
[Ablector] INFO: ABLECTOR TIME: 0.004208
[runlim] end:			Wed May 13 15:20:07 2020
[runlim] status:		ok
[runlim] result:		0
[runlim] children:		11
[runlim] real:			2.25 seconds
[runlim] time:			1.94 seconds
[runlim] space:			74.1 MB
[runlim] samples:		14
[runlim] version:		1.10
[runlim] time limit:		311040000 seconds
[runlim] real time limit:	1200 seconds
[runlim] space limit:		15000 MB
[runlim] argv[0]:		python3
[runlim] argv[1]:		/raid/steuber/Software/ablector/ablector
[runlim] argv[2]:		/raid/steuber/Benchmarks/2019/QF_BV/sage/app1/bench_837.smt2
[runlim] argv[3]:		--ufReuse=1
[runlim] argv[4]:		--unsigned
[runlim] start:			Wed May 13 15:20:07 2020
[runlim] main pid:		27907
[Ablector] INFO: ABLECTOR TIME: 0.003951
[runlim] end:			Wed May 13 15:20:08 2020
[runlim] status:		ok
[runlim] result:		0
[runlim] children:		0
[runlim] real:			1.04 seconds
[runlim] time:			0.95 seconds
[runlim] space:			37.7 MB
[runlim] samples:		4
[runlim] version:		1.10
[runlim] time limit:		311040000 seconds
[runlim] real time limit:	1200 seconds
[runlim] space limit:		15000 MB
[runlim] argv[0]:		python3
[runlim] argv[1]:		/raid/steuber/Software/ablector/ablector
[runlim] argv[2]:		/raid/steuber/Benchmarks/2019/QF_BV/sage/app7/bench_1632.smt2
[runlim] argv[3]:		--ufReuse=1
[runlim] argv[4]:		--unsigned
[runlim] start:			Wed May 13 15:20:08 2020
[runlim] main pid:		27927
[Ablector] INFO: ABLECTOR TIME: 0.003911
[runlim] end:			Wed May 13 15:20:09 2020
[runlim] status:		ok
[runlim] result:		0
[runlim] children:		6
[runlim] real:			1.45 seconds
[runlim] time:			1.39 seconds
[runlim] space:			62.1 MB
[runlim] samples:		10
[runlim] version:		1.10
[runlim] time limit:		311040000 seconds
[runlim] real time limit:	1200 seconds
[runlim] space limit:		15000 MB
[runlim] argv[0]:		python3
[runlim] argv[1]:		/raid/steuber/Software/ablector/ablector
[runlim] argv[2]:		/raid/steuber/Benchmarks/2019/QF_BV/float/square.4.0.i.smt2
[runlim] argv[3]:		--ufReuse=1
[runlim] argv[4]:		--unsigned
[runlim] start:			Wed May 13 15:20:09 2020
[runlim] main pid:		27947
[Ablector] INFO: *** ROUND 0
[MulNode] INFO: Level 0
[MulNode] INFO: Level 0
[MulNode] INFO: Level 0
[MulNode] INFO: Level 0
[MulNode] INFO: Level 0
[MulNode] INFO: Level 0
[MulNode] INFO: Level 0
[Ablector] INFO: ABLECTOR TIME: 2.541482
[Ablector] INFO: SAT TIME: 2.533238
[Ablector] INFO: REF TIME: 0.129975
[runlim] end:			Wed May 13 15:20:13 2020
[runlim] status:		ok
[runlim] result:		0
[runlim] children:		0
[runlim] real:			4.17 seconds
[runlim] time:			3.79 seconds
[runlim] space:			70.4 MB
[runlim] samples:		33
[runlim] version:		1.10
[runlim] time limit:		311040000 seconds
[runlim] real time limit:	1200 seconds
[runlim] space limit:		15000 MB
[runlim] argv[0]:		python3
[runlim] argv[1]:		/raid/steuber/Software/ablector/ablector
[runlim] argv[2]:		/raid/steuber/Benchmarks/2019/QF_BV/sage/app7/bench_335.smt2
[runlim] argv[3]:		--ufReuse=1
[runlim] argv[4]:		--unsigned
[runlim] start:			Wed May 13 15:20:13 2020
[runlim] main pid:		27969
[Ablector] INFO: ABLECTOR TIME: 0.003944
[runlim] end:			Wed May 13 15:20:15 2020
[runlim] status:		ok
[runlim] result:		0
[runlim] children:		14
[runlim] real:			2.34 seconds
[runlim] time:			2.24 seconds
[runlim] space:			82.2 MB
[runlim] samples:		18
[runlim] version:		1.10
[runlim] time limit:		311040000 seconds
[runlim] real time limit:	1200 seconds
[runlim] space limit:		15000 MB
[runlim] argv[0]:		python3
[runlim] argv[1]:		/raid/steuber/Software/ablector/ablector
[runlim] argv[2]:		/raid/steuber/Benchmarks/2019/QF_BV/sage/app7/bench_5123.smt2
[runlim] argv[3]:		--ufReuse=1
[runlim] argv[4]:		--unsigned
[runlim] start:			Wed May 13 15:20:15 2020
[runlim] main pid:		27991
[Ablector] INFO: ABLECTOR TIME: 0.003894
[runlim] end:			Wed May 13 15:20:16 2020
[runlim] status:		ok
[runlim] result:		0
[runlim] children:		1
[runlim] real:			1.28 seconds
[runlim] time:			1.03 seconds
[runlim] space:			43.6 MB
[runlim] samples:		5
[runlim] version:		1.10
[runlim] time limit:		311040000 seconds
[runlim] real time limit:	1200 seconds
[runlim] space limit:		15000 MB
[runlim] argv[0]:		python3
[runlim] argv[1]:		/raid/steuber/Software/ablector/ablector
[runlim] argv[2]:		/raid/steuber/Benchmarks/2019/QF_BV/Sage2/bench_5690.smt2
[runlim] argv[3]:		--ufReuse=1
[runlim] argv[4]:		--unsigned
[runlim] start:			Wed May 13 15:20:16 2020
[runlim] main pid:		28012
[Ablector] INFO: *** ROUND 0
[MulNode] INFO: Level 0
[MulNode] INFO: Level 0
[MulNode] INFO: Level 0
[MulNode] INFO: Level 0
[MulNode] INFO: Level 0
[MulNode] INFO: Level 0
[MulNode] INFO: Level 0
[MulNode] INFO: Level 0
[MulNode] INFO: Level 0
[MulNode] INFO: Level 0
[Ablector] INFO: ABLECTOR TIME: 0.585430
[Ablector] INFO: SAT TIME: 0.578839
[Ablector] INFO: REF TIME: 0.090160
[runlim] end:			Wed May 13 15:20:17 2020
[runlim] status:		ok
[runlim] result:		0
[runlim] children:		0
[runlim] real:			1.76 seconds
[runlim] time:			1.67 seconds
[runlim] space:			52.4 MB
[runlim] samples:		11
[runlim] version:		1.10
[runlim] time limit:		311040000 seconds
[runlim] real time limit:	1200 seconds
[runlim] space limit:		15000 MB
[runlim] argv[0]:		python3
[runlim] argv[1]:		/raid/steuber/Software/ablector/ablector
[runlim] argv[2]:		/raid/steuber/Benchmarks/2019/QF_BV/sage/app8/bench_673.smt2
[runlim] argv[3]:		--ufReuse=1
[runlim] argv[4]:		--unsigned
[runlim] start:			Wed May 13 15:20:18 2020
[runlim] main pid:		28033
[Ablector] INFO: *** ROUND 0
[MulNode] INFO: Level 0
[MulNode] INFO: Level 0
[MulNode] INFO: Level 0
[MulNode] INFO: Level 0
[MulNode] INFO: Level 0
[MulNode] INFO: Level 0
[MulNode] INFO: Level 0
[MulNode] INFO: Level 0
[MulNode] INFO: Level 0
[MulNode] INFO: Level 0
[MulNode] INFO: Level 0
[Ablector] INFO: ABLECTOR TIME: 0.238557
[Ablector] INFO: SAT TIME: 0.231579
[Ablector] INFO: REF TIME: 0.114073
[runlim] end:			Wed May 13 15:20:18 2020
[runlim] status:		ok
[runlim] result:		0
[runlim] children:		1
[runlim] real:			0.99 seconds
[runlim] time:			1.34 seconds
[runlim] space:			49.8 MB
[runlim] samples:		8
[runlim] version:		1.10
[runlim] time limit:		311040000 seconds
[runlim] real time limit:	1200 seconds
[runlim] space limit:		15000 MB
[runlim] argv[0]:		python3
[runlim] argv[1]:		/raid/steuber/Software/ablector/ablector
[runlim] argv[2]:		/raid/steuber/Benchmarks/2019/QF_BV/2017-BuchwaldFried/synthesis.dump.ia32_RorMem_base_index_scale_disp2--Add32.Add32.Add32.Add32.load32.Shl32.Shr32.store32.am_shl32.0001.smt2
[runlim] argv[3]:		--ufReuse=1
[runlim] argv[4]:		--unsigned
[runlim] start:			Wed May 13 15:20:19 2020
[runlim] main pid:		28053
pyboolector.BoolectorException: [pybtor] BoolectorNode not initialized correctly
Exception ignored in: 'pyboolector.BoolectorNode.__dealloc__'
pyboolector.BoolectorException: [pybtor] BoolectorNode not initialized correctly
Traceback (most recent call last):
  File "/raid/steuber/anaconda3/envs/BA/lib/python3.7/runpy.py", line 193, in _run_module_as_main
    "__main__", mod_spec)
  File "/raid/steuber/anaconda3/envs/BA/lib/python3.7/runpy.py", line 85, in _run_code
    exec(code, run_globals)
  File "/raid/steuber/Software/ablector/ablector/__main__.py", line 11, in <module>
    cmd(sys.argv)
  File "/raid/steuber/Software/ablector/ablector/src/cmd/Run.py", line 82, in main
    script.evaluate(a)
  File "/raid/steuber/anaconda3/envs/BA/lib/python3.7/site-packages/pysmt/smtlib/script.py", line 163, in evaluate
    r = evaluate_command(cmd, solver)
  File "/raid/steuber/anaconda3/envs/BA/lib/python3.7/site-packages/pysmt/smtlib/script.py", line 306, in evaluate_command
    return solver.assert_(cmd.args[0])
  File "/raid/steuber/anaconda3/envs/BA/lib/python3.7/site-packages/pysmt/solvers/smtlib.py", line 297, in assert_
    return self.add_assertion(expr, named)
  File "/raid/steuber/anaconda3/envs/BA/lib/python3.7/site-packages/pysmt/solvers/solver.py", line 367, in add_assertion
    tracked = self._add_assertion(formula, named=named)
  File "/raid/steuber/anaconda3/envs/BA/lib/python3.7/site-packages/pysmt/decorators.py", line 64, in clear_pending_pop_wrap
    return f(self, *args, **kwargs)
  File "/raid/steuber/anaconda3/envs/BA/lib/python3.7/site-packages/pysmt/solvers/btor.py", line 214, in _add_assertion
    term = self.converter.convert(formula)
  File "/raid/steuber/anaconda3/envs/BA/lib/python3.7/site-packages/pysmt/decorators.py", line 84, in catch_conversion_error_wrap
    res = f(*args, **kwargs)
  File "/raid/steuber/anaconda3/envs/BA/lib/python3.7/site-packages/pysmt/solvers/btor.py", line 342, in convert
    return self.walk(formula)
  File "/raid/steuber/anaconda3/envs/BA/lib/python3.7/site-packages/pysmt/walkers/dag.py", line 106, in walk
    res = self.iter_walk(formula, **kwargs)
  File "/raid/steuber/anaconda3/envs/BA/lib/python3.7/site-packages/pysmt/walkers/dag.py", line 98, in iter_walk
    self._process_stack(**kwargs)
  File "/raid/steuber/anaconda3/envs/BA/lib/python3.7/site-packages/pysmt/walkers/dag.py", line 91, in _process_stack
    self._compute_node_result(formula, **kwargs)
  File "/raid/steuber/anaconda3/envs/BA/lib/python3.7/site-packages/pysmt/walkers/dag.py", line 75, in _compute_node_result
    self.memoization[key] = f(formula, args=args, **kwargs)
  File "/raid/steuber/anaconda3/envs/BA/lib/python3.7/site-packages/pysmt/solvers/btor.py", line 476, in walk_bv_rol
    formula.bv_rotation_step())
  File "pyboolector.pyx", line 2269, in pyboolector.Boolector.Rol
  File "btorapi.pxd", line 20, in btorapi.raise_py_error
pyboolector.BoolectorException: [pybtor] [boolector] boolector_rol: bit-width of 'e0' must be a power of 2

[runlim] end:			Wed May 13 15:20:20 2020
[runlim] status:		ok
[runlim] result:		0
[runlim] children:		1
[runlim] real:			1.40 seconds
[runlim] time:			1.38 seconds
[runlim] space:			42.0 MB
[runlim] samples:		10
[runlim] version:		1.10
[runlim] time limit:		311040000 seconds
[runlim] real time limit:	1200 seconds
[runlim] space limit:		15000 MB
[runlim] argv[0]:		python3
[runlim] argv[1]:		/raid/steuber/Software/ablector/ablector
[runlim] argv[2]:		/raid/steuber/Benchmarks/2019/QF_BV/sage/app7/bench_1914.smt2
[runlim] argv[3]:		--ufReuse=1
[runlim] argv[4]:		--unsigned
[runlim] start:			Wed May 13 15:20:20 2020
[runlim] main pid:		28073
[Ablector] INFO: ABLECTOR TIME: 0.003996
[runlim] end:			Wed May 13 15:20:23 2020
[runlim] status:		ok
[runlim] result:		0
[runlim] children:		18
[runlim] real:			3.05 seconds
[runlim] time:			2.69 seconds
[runlim] space:			97.9 MB
[runlim] samples:		22
[runlim] version:		1.10
[runlim] time limit:		311040000 seconds
[runlim] real time limit:	1200 seconds
[runlim] space limit:		15000 MB
[runlim] argv[0]:		python3
[runlim] argv[1]:		/raid/steuber/Software/ablector/ablector
[runlim] argv[2]:		/raid/steuber/Benchmarks/2019/QF_BV/sage/app7/bench_366.smt2
[runlim] argv[3]:		--ufReuse=1
[runlim] argv[4]:		--unsigned
[runlim] start:			Wed May 13 15:20:23 2020
[runlim] main pid:		28093
[Ablector] INFO: ABLECTOR TIME: 0.003995
[runlim] end:			Wed May 13 15:20:25 2020
[runlim] status:		ok
[runlim] result:		0
[runlim] children:		13
[runlim] real:			2.14 seconds
[runlim] time:			2.14 seconds
[runlim] space:			81.5 MB
[runlim] samples:		17
[runlim] version:		1.10
[runlim] time limit:		311040000 seconds
[runlim] real time limit:	1200 seconds
[runlim] space limit:		15000 MB
[runlim] argv[0]:		python3
[runlim] argv[1]:		/raid/steuber/Software/ablector/ablector
[runlim] argv[2]:		/raid/steuber/Benchmarks/2019/QF_BV/sage/app7/bench_747.smt2
[runlim] argv[3]:		--ufReuse=1
[runlim] argv[4]:		--unsigned
[runlim] start:			Wed May 13 15:20:25 2020
[runlim] main pid:		28113
[Ablector] INFO: ABLECTOR TIME: 0.004363
[runlim] end:			Wed May 13 15:20:27 2020
[runlim] status:		ok
[runlim] result:		0
[runlim] children:		19
[runlim] real:			2.83 seconds
[runlim] time:			2.75 seconds
[runlim] space:			98.0 MB
[runlim] samples:		23
[runlim] version:		1.10
[runlim] time limit:		311040000 seconds
[runlim] real time limit:	1200 seconds
[runlim] space limit:		15000 MB
[runlim] argv[0]:		python3
[runlim] argv[1]:		/raid/steuber/Software/ablector/ablector
[runlim] argv[2]:		/raid/steuber/Benchmarks/2019/QF_BV/sage/app7/bench_3038.smt2
[runlim] argv[3]:		--ufReuse=1
[runlim] argv[4]:		--unsigned
[runlim] start:			Wed May 13 15:20:28 2020
[runlim] main pid:		28133
[Ablector] INFO: ABLECTOR TIME: 0.003947
[runlim] end:			Wed May 13 15:20:28 2020
[runlim] status:		ok
[runlim] result:		0
[runlim] children:		3
[runlim] real:			0.85 seconds
[runlim] time:			1.13 seconds
[runlim] space:			50.1 MB
[runlim] samples:		6
[runlim] version:		1.10
[runlim] time limit:		311040000 seconds
[runlim] real time limit:	1200 seconds
[runlim] space limit:		15000 MB
[runlim] argv[0]:		python3
[runlim] argv[1]:		/raid/steuber/Software/ablector/ablector
[runlim] argv[2]:		/raid/steuber/Benchmarks/2019/QF_BV/Sage2/bench_17024.smt2
[runlim] argv[3]:		--ufReuse=1
[runlim] argv[4]:		--unsigned
[runlim] start:			Wed May 13 15:20:29 2020
[runlim] main pid:		28153
[Ablector] INFO: *** ROUND 0
[MulNode] INFO: Level 0
[Ablector] INFO: ABLECTOR TIME: 1.909014
[Ablector] INFO: SAT TIME: 1.902567
[Ablector] INFO: REF TIME: 0.010626
[runlim] end:			Wed May 13 15:20:31 2020
[runlim] status:		ok
[runlim] result:		0
[runlim] children:		0
[runlim] real:			2.83 seconds
[runlim] time:			3.14 seconds
[runlim] space:			68.2 MB
[runlim] samples:		26
[runlim] version:		1.10
[runlim] time limit:		311040000 seconds
[runlim] real time limit:	1200 seconds
[runlim] space limit:		15000 MB
[runlim] argv[0]:		python3
[runlim] argv[1]:		/raid/steuber/Software/ablector/ablector
[runlim] argv[2]:		/raid/steuber/Benchmarks/2019/QF_BV/sage/app7/bench_6327.smt2
[runlim] argv[3]:		--ufReuse=1
[runlim] argv[4]:		--unsigned
[runlim] start:			Wed May 13 15:20:32 2020
[runlim] main pid:		28173
[Ablector] INFO: ABLECTOR TIME: 0.003755
[runlim] end:			Wed May 13 15:20:32 2020
[runlim] status:		ok
[runlim] result:		0
[runlim] children:		1
[runlim] real:			0.66 seconds
[runlim] time:			0.92 seconds
[runlim] space:			37.6 MB
[runlim] samples:		4
[runlim] version:		1.10
[runlim] time limit:		311040000 seconds
[runlim] real time limit:	1200 seconds
[runlim] space limit:		15000 MB
[runlim] argv[0]:		python3
[runlim] argv[1]:		/raid/steuber/Software/ablector/ablector
[runlim] argv[2]:		/raid/steuber/Benchmarks/2019/QF_BV/sage/app7/bench_6617.smt2
[runlim] argv[3]:		--ufReuse=1
[runlim] argv[4]:		--unsigned
[runlim] start:			Wed May 13 15:20:33 2020
[runlim] main pid:		28193
[Ablector] INFO: *** ROUND 0
[MulNode] INFO: Level 0
[Ablector] INFO: ABLECTOR TIME: 0.028957
[Ablector] INFO: SAT TIME: 0.023940
[Ablector] INFO: REF TIME: 0.010259
[runlim] end:			Wed May 13 15:20:33 2020
[runlim] status:		ok
[runlim] result:		0
[runlim] children:		0
[runlim] real:			0.57 seconds
[runlim] time:			1.05 seconds
[runlim] space:			41.6 MB
[runlim] samples:		5
[runlim] version:		1.10
[runlim] time limit:		311040000 seconds
[runlim] real time limit:	1200 seconds
[runlim] space limit:		15000 MB
[runlim] argv[0]:		python3
[runlim] argv[1]:		/raid/steuber/Software/ablector/ablector
[runlim] argv[2]:		/raid/steuber/Benchmarks/2019/QF_BV/sage/app2/bench_515.smt2
[runlim] argv[3]:		--ufReuse=1
[runlim] argv[4]:		--unsigned
[runlim] start:			Wed May 13 15:20:33 2020
[runlim] main pid:		28213
[Ablector] INFO: ABLECTOR TIME: 0.003877
[runlim] end:			Wed May 13 15:20:34 2020
[runlim] status:		ok
[runlim] result:		0
[runlim] children:		1
[runlim] real:			1.55 seconds
[runlim] time:			1.03 seconds
[runlim] space:			43.6 MB
[runlim] samples:		6
[runlim] version:		1.10
[runlim] time limit:		311040000 seconds
[runlim] real time limit:	1200 seconds
[runlim] space limit:		15000 MB
[runlim] argv[0]:		python3
[runlim] argv[1]:		/raid/steuber/Software/ablector/ablector
[runlim] argv[2]:		/raid/steuber/Benchmarks/2019/QF_BV/sage/app2/bench_1265.smt2
[runlim] argv[3]:		--ufReuse=1
[runlim] argv[4]:		--unsigned
[runlim] start:			Wed May 13 15:20:34 2020
[runlim] main pid:		28233
[Ablector] INFO: ABLECTOR TIME: 0.003711
[runlim] end:			Wed May 13 15:20:35 2020
[runlim] status:		ok
[runlim] result:		0
[runlim] children:		1
[runlim] real:			1.41 seconds
[runlim] time:			1.00 seconds
[runlim] space:			37.8 MB
[runlim] samples:		5
[runlim] version:		1.10
[runlim] time limit:		311040000 seconds
[runlim] real time limit:	1200 seconds
[runlim] space limit:		15000 MB
[runlim] argv[0]:		python3
[runlim] argv[1]:		/raid/steuber/Software/ablector/ablector
[runlim] argv[2]:		/raid/steuber/Benchmarks/2019/QF_BV/Sage2/bench_9842.smt2
[runlim] argv[3]:		--ufReuse=1
[runlim] argv[4]:		--unsigned
[runlim] start:			Wed May 13 15:20:35 2020
[runlim] main pid:		28253
[Ablector] INFO: *** ROUND 0
[runlim] sample:		10.5 time, 10.8 real, 74.7 MB
[runlim] sample:		20.5 time, 20.8 real, 82.2 MB
[MulNode] INFO: Level 0
[MulNode] INFO: Level 0
[MulNode] INFO: Level 0
[MulNode] INFO: Level 0
[MulNode] INFO: Level 0
[MulNode] INFO: Level 0
[MulNode] INFO: Level 0
[MulNode] INFO: Level 0
[MulNode] INFO: Level 0
[MulNode] INFO: Level 0
[MulNode] INFO: Level 0
[MulNode] INFO: Level 0
[MulNode] INFO: Level 0
[MulNode] INFO: Level 0
[MulNode] INFO: Level 0
[MulNode] INFO: Level 0
[MulNode] INFO: Level 0
[MulNode] INFO: Level 0
[MulNode] INFO: Level 0
[MulNode] INFO: Level 0
[MulNode] INFO: Level 0
[MulNode] INFO: Level 0
[MulNode] INFO: Level 0
[MulNode] INFO: Level 0
[MulNode] INFO: Level 0
[MulNode] INFO: Level 0
[MulNode] INFO: Level 0
[MulNode] INFO: Level 0
[MulNode] INFO: Level 0
[MulNode] INFO: Level 0
[MulNode] INFO: Level 0
[MulNode] INFO: Level 0
[MulNode] INFO: Level 0
[MulNode] INFO: Level 0
[MulNode] INFO: Level 0
[MulNode] INFO: Level 0
[MulNode] INFO: Level 0
[MulNode] INFO: Level 0
[MulNode] INFO: Level 0
[MulNode] INFO: Level 0
[MulNode] INFO: Level 0
[MulNode] INFO: Level 0
[MulNode] INFO: Level 0
[MulNode] INFO: Level 0
[MulNode] INFO: Level 0
[MulNode] INFO: Level 0
[MulNode] INFO: Level 0
[MulNode] INFO: Level 0
[MulNode] INFO: Level 0
[MulNode] INFO: Level 0
[MulNode] INFO: Level 0
[Ablector] INFO: ABLECTOR TIME: 21.765684
[Ablector] INFO: SAT TIME: 21.751739
[Ablector] INFO: REF TIME: 0.446322
[runlim] end:			Wed May 13 15:20:58 2020
[runlim] status:		ok
[runlim] result:		0
[runlim] children:		1
[runlim] real:			23.29 seconds
[runlim] time:			23.00 seconds
[runlim] space:			88.9 MB
[runlim] samples:		225
[runlim] version:		1.10
[runlim] time limit:		311040000 seconds
[runlim] real time limit:	1200 seconds
[runlim] space limit:		15000 MB
[runlim] argv[0]:		python3
[runlim] argv[1]:		/raid/steuber/Software/ablector/ablector
[runlim] argv[2]:		/raid/steuber/Benchmarks/2019/QF_BV/sage/app1/bench_2420.smt2
[runlim] argv[3]:		--ufReuse=1
[runlim] argv[4]:		--unsigned
[runlim] start:			Wed May 13 15:20:58 2020
[runlim] main pid:		28277
[Ablector] INFO: *** ROUND 0
[MulNode] INFO: Level 0
[MulNode] INFO: Level 0
[MulNode] INFO: Level 0
[MulNode] INFO: Level 0
[MulNode] INFO: Level 0
[Ablector] INFO: ABLECTOR TIME: 0.831344
[Ablector] INFO: SAT TIME: 0.825489
[Ablector] INFO: REF TIME: 0.050181
[runlim] end:			Wed May 13 15:21:00 2020
[runlim] status:		ok
[runlim] result:		0
[runlim] children:		0
[runlim] real:			2.31 seconds
[runlim] time:			2.06 seconds
[runlim] space:			54.9 MB
[runlim] samples:		16
[runlim] version:		1.10
[runlim] time limit:		311040000 seconds
[runlim] real time limit:	1200 seconds
[runlim] space limit:		15000 MB
[runlim] argv[0]:		python3
[runlim] argv[1]:		/raid/steuber/Software/ablector/ablector
[runlim] argv[2]:		/raid/steuber/Benchmarks/2019/QF_BV/sage/app2/bench_496.smt2
[runlim] argv[3]:		--ufReuse=1
[runlim] argv[4]:		--unsigned
[runlim] start:			Wed May 13 15:21:00 2020
[runlim] main pid:		28297
[Ablector] INFO: ABLECTOR TIME: 0.003829
[runlim] end:			Wed May 13 15:21:01 2020
[runlim] status:		ok
[runlim] result:		0
[runlim] children:		2
[runlim] real:			1.25 seconds
[runlim] time:			1.00 seconds
[runlim] space:			45.6 MB
[runlim] samples:		5
[runlim] version:		1.10
[runlim] time limit:		311040000 seconds
[runlim] real time limit:	1200 seconds
[runlim] space limit:		15000 MB
[runlim] argv[0]:		python3
[runlim] argv[1]:		/raid/steuber/Software/ablector/ablector
[runlim] argv[2]:		/raid/steuber/Benchmarks/2019/QF_BV/sage/app11/bench_219.smt2
[runlim] argv[3]:		--ufReuse=1
[runlim] argv[4]:		--unsigned
[runlim] start:			Wed May 13 15:21:01 2020
[runlim] main pid:		28317
[Ablector] INFO: ABLECTOR TIME: 0.003601
[runlim] end:			Wed May 13 15:21:02 2020
[runlim] status:		ok
[runlim] result:		0
[runlim] children:		5
[runlim] real:			1.58 seconds
[runlim] time:			1.44 seconds
[runlim] space:			66.1 MB
[runlim] samples:		9
[runlim] version:		1.10
[runlim] time limit:		311040000 seconds
[runlim] real time limit:	1200 seconds
[runlim] space limit:		15000 MB
[runlim] argv[0]:		python3
[runlim] argv[1]:		/raid/steuber/Software/ablector/ablector
[runlim] argv[2]:		/raid/steuber/Benchmarks/2019/QF_BV/sage/app9/bench_626.smt2
[runlim] argv[3]:		--ufReuse=1
[runlim] argv[4]:		--unsigned
[runlim] start:			Wed May 13 15:21:02 2020
[runlim] main pid:		28337
[Ablector] INFO: ABLECTOR TIME: 0.003400
[runlim] end:			Wed May 13 15:21:03 2020
[runlim] status:		ok
[runlim] result:		0
[runlim] children:		0
[runlim] real:			1.37 seconds
[runlim] time:			0.96 seconds
[runlim] space:			37.6 MB
[runlim] samples:		4
[runlim] version:		1.10
[runlim] time limit:		311040000 seconds
[runlim] real time limit:	1200 seconds
[runlim] space limit:		15000 MB
[runlim] argv[0]:		python3
[runlim] argv[1]:		/raid/steuber/Software/ablector/ablector
[runlim] argv[2]:		/raid/steuber/Benchmarks/2019/QF_BV/sage/app7/bench_4228.smt2
[runlim] argv[3]:		--ufReuse=1
[runlim] argv[4]:		--unsigned
[runlim] start:			Wed May 13 15:21:03 2020
[runlim] main pid:		28357
[Ablector] INFO: ABLECTOR TIME: 0.003738
[runlim] end:			Wed May 13 15:21:04 2020
[runlim] status:		ok
[runlim] result:		0
[runlim] children:		2
[runlim] real:			1.31 seconds
[runlim] time:			1.06 seconds
[runlim] space:			47.1 MB
[runlim] samples:		5
[runlim] version:		1.10
[runlim] time limit:		311040000 seconds
[runlim] real time limit:	1200 seconds
[runlim] space limit:		15000 MB
[runlim] argv[0]:		python3
[runlim] argv[1]:		/raid/steuber/Software/ablector/ablector
[runlim] argv[2]:		/raid/steuber/Benchmarks/2019/QF_BV/sage/app1/bench_2354.smt2
[runlim] argv[3]:		--ufReuse=1
[runlim] argv[4]:		--unsigned
[runlim] start:			Wed May 13 15:21:04 2020
[runlim] main pid:		28377
[Ablector] INFO: ABLECTOR TIME: 0.003485
[runlim] end:			Wed May 13 15:21:05 2020
[runlim] status:		ok
[runlim] result:		0
[runlim] children:		0
[runlim] real:			1.14 seconds
[runlim] time:			0.94 seconds
[runlim] space:			37.6 MB
[runlim] samples:		4
[runlim] version:		1.10
[runlim] time limit:		311040000 seconds
[runlim] real time limit:	1200 seconds
[runlim] space limit:		15000 MB
[runlim] argv[0]:		python3
[runlim] argv[1]:		/raid/steuber/Software/ablector/ablector
[runlim] argv[2]:		/raid/steuber/Benchmarks/2019/QF_BV/sage/app7/bench_769.smt2
[runlim] argv[3]:		--ufReuse=1
[runlim] argv[4]:		--unsigned
[runlim] start:			Wed May 13 15:21:05 2020
[runlim] main pid:		28397
[Ablector] INFO: ABLECTOR TIME: 0.003697
[runlim] end:			Wed May 13 15:21:07 2020
[runlim] status:		ok
[runlim] result:		0
[runlim] children:		19
[runlim] real:			2.76 seconds
[runlim] time:			2.71 seconds
[runlim] space:			98.1 MB
[runlim] samples:		22
[runlim] version:		1.10
[runlim] time limit:		311040000 seconds
[runlim] real time limit:	1200 seconds
[runlim] space limit:		15000 MB
[runlim] argv[0]:		python3
[runlim] argv[1]:		/raid/steuber/Software/ablector/ablector
[runlim] argv[2]:		/raid/steuber/Benchmarks/2019/QF_BV/sage/app7/bench_6814.smt2
[runlim] argv[3]:		--ufReuse=1
[runlim] argv[4]:		--unsigned
[runlim] start:			Wed May 13 15:21:08 2020
[runlim] main pid:		28417
[Ablector] INFO: ABLECTOR TIME: 0.003804
[runlim] end:			Wed May 13 15:21:09 2020
[runlim] status:		ok
[runlim] result:		0
[runlim] children:		13
[runlim] real:			1.96 seconds
[runlim] time:			2.23 seconds
[runlim] space:			84.2 MB
[runlim] samples:		18
[runlim] version:		1.10
[runlim] time limit:		311040000 seconds
[runlim] real time limit:	1200 seconds
[runlim] space limit:		15000 MB
[runlim] argv[0]:		python3
[runlim] argv[1]:		/raid/steuber/Software/ablector/ablector
[runlim] argv[2]:		/raid/steuber/Benchmarks/2019/QF_BV/sage/app12/bench_3924.smt2
[runlim] argv[3]:		--ufReuse=1
[runlim] argv[4]:		--unsigned
[runlim] start:			Wed May 13 15:21:10 2020
[runlim] main pid:		28437
[Ablector] INFO: *** ROUND 0
[Ablector] INFO: *** ROUND 1
[MulNode] INFO: Level 1
[UdivNode] INFO: Level 1
[UdivNode] INFO: Level 1
[Ablector] INFO: ABLECTOR TIME: 0.132874
[Ablector] INFO: SAT TIME: 0.128300
[Ablector] INFO: REF TIME: 0.029987
[runlim] end:			Wed May 13 15:21:11 2020
[runlim] status:		segmentation fault
[runlim] result:		4
[runlim] children:		0
[runlim] real:			1.12 seconds
[runlim] time:			1.13 seconds
[runlim] space:			41.8 MB
[runlim] samples:		8
[runlim] version:		1.10
[runlim] time limit:		311040000 seconds
[runlim] real time limit:	1200 seconds
[runlim] space limit:		15000 MB
[runlim] argv[0]:		python3
[runlim] argv[1]:		/raid/steuber/Software/ablector/ablector
[runlim] argv[2]:		/raid/steuber/Benchmarks/2019/QF_BV/sage/app7/bench_6645.smt2
[runlim] argv[3]:		--ufReuse=1
[runlim] argv[4]:		--unsigned
[runlim] start:			Wed May 13 15:21:11 2020
[runlim] main pid:		28457
[Ablector] INFO: *** ROUND 0
[MulNode] INFO: Level 0
[Ablector] INFO: ABLECTOR TIME: 0.030767
[Ablector] INFO: SAT TIME: 0.026148
[Ablector] INFO: REF TIME: 0.010315
[runlim] end:			Wed May 13 15:21:12 2020
[runlim] status:		ok
[runlim] result:		0
[runlim] children:		0
[runlim] real:			1.03 seconds
[runlim] time:			1.02 seconds
[runlim] space:			41.5 MB
[runlim] samples:		5
