[runlim] version:		1.10
[runlim] time limit:		311040000 seconds
[runlim] real time limit:	1200 seconds
[runlim] space limit:		15000 MB
[runlim] argv[0]:		python3
[runlim] argv[1]:		/raid/steuber/Software/ablector/ablector
[runlim] argv[2]:		/raid/steuber/Benchmarks/2019/QF_BV/sage/app9/bench_2642.smt2
[runlim] argv[3]:		--ufReuse=1
[runlim] argv[4]:		--unsigned
[runlim] start:			Wed May 13 15:32:18 2020
[runlim] main pid:		6597
[Ablector] INFO: ABLECTOR TIME: 0.003866
[runlim] end:			Wed May 13 15:32:18 2020
[runlim] status:		ok
[runlim] result:		0
[runlim] children:		0
[runlim] real:			0.67 seconds
[runlim] time:			0.98 seconds
[runlim] space:			37.8 MB
[runlim] samples:		4
[runlim] version:		1.10
[runlim] time limit:		311040000 seconds
[runlim] real time limit:	1200 seconds
[runlim] space limit:		15000 MB
[runlim] argv[0]:		python3
[runlim] argv[1]:		/raid/steuber/Software/ablector/ablector
[runlim] argv[2]:		/raid/steuber/Benchmarks/2019/QF_BV/sage/app1/bench_299.smt2
[runlim] argv[3]:		--ufReuse=1
[runlim] argv[4]:		--unsigned
[runlim] start:			Wed May 13 15:32:19 2020
[runlim] main pid:		6617
[Ablector] INFO: ABLECTOR TIME: 0.003827
[runlim] end:			Wed May 13 15:32:19 2020
[runlim] status:		ok
[runlim] result:		0
[runlim] children:		0
[runlim] real:			0.47 seconds
[runlim] time:			0.94 seconds
[runlim] space:			37.7 MB
[runlim] samples:		4
[runlim] version:		1.10
[runlim] time limit:		311040000 seconds
[runlim] real time limit:	1200 seconds
[runlim] space limit:		15000 MB
[runlim] argv[0]:		python3
[runlim] argv[1]:		/raid/steuber/Software/ablector/ablector
[runlim] argv[2]:		/raid/steuber/Benchmarks/2019/QF_BV/sage/app9/bench_473.smt2
[runlim] argv[3]:		--ufReuse=1
[runlim] argv[4]:		--unsigned
[runlim] start:			Wed May 13 15:32:19 2020
[runlim] main pid:		6637
[Ablector] INFO: ABLECTOR TIME: 0.003922
[runlim] end:			Wed May 13 15:32:20 2020
[runlim] status:		ok
[runlim] result:		0
[runlim] children:		0
[runlim] real:			1.26 seconds
[runlim] time:			0.96 seconds
[runlim] space:			38.0 MB
[runlim] samples:		4
[runlim] version:		1.10
[runlim] time limit:		311040000 seconds
[runlim] real time limit:	1200 seconds
[runlim] space limit:		15000 MB
[runlim] argv[0]:		python3
[runlim] argv[1]:		/raid/steuber/Software/ablector/ablector
[runlim] argv[2]:		/raid/steuber/Benchmarks/2019/QF_BV/sage/app2/bench_199.smt2
[runlim] argv[3]:		--ufReuse=1
[runlim] argv[4]:		--unsigned
[runlim] start:			Wed May 13 15:32:20 2020
[runlim] main pid:		6657
[Ablector] INFO: *** ROUND 0
[UdivNode] INFO: Level 0
[MulNode] INFO: Level 0
[MulNode] INFO: Level 0
[UdivNode] INFO: Level 0
[MulNode] INFO: Level 0
[MulNode] INFO: Level 0
[UdivNode] INFO: Level 0
[Ablector] INFO: ABLECTOR TIME: 0.098318
[Ablector] INFO: SAT TIME: 0.092578
[Ablector] INFO: REF TIME: 0.042309
[runlim] end:			Wed May 13 15:32:21 2020
[runlim] status:		ok
[runlim] result:		0
[runlim] children:		0
[runlim] real:			1.25 seconds
[runlim] time:			1.14 seconds
[runlim] space:			43.7 MB
[runlim] samples:		6
[runlim] version:		1.10
[runlim] time limit:		311040000 seconds
[runlim] real time limit:	1200 seconds
[runlim] space limit:		15000 MB
[runlim] argv[0]:		python3
[runlim] argv[1]:		/raid/steuber/Software/ablector/ablector
[runlim] argv[2]:		/raid/steuber/Benchmarks/2019/QF_BV/sage/app7/bench_5480.smt2
[runlim] argv[3]:		--ufReuse=1
[runlim] argv[4]:		--unsigned
[runlim] start:			Wed May 13 15:32:21 2020
[runlim] main pid:		6679
[Ablector] INFO: ABLECTOR TIME: 0.003975
[runlim] end:			Wed May 13 15:32:23 2020
[runlim] status:		ok
[runlim] result:		0
[runlim] children:		14
[runlim] real:			2.54 seconds
[runlim] time:			2.30 seconds
[runlim] space:			85.8 MB
[runlim] samples:		19
[runlim] version:		1.10
[runlim] time limit:		311040000 seconds
[runlim] real time limit:	1200 seconds
[runlim] space limit:		15000 MB
[runlim] argv[0]:		python3
[runlim] argv[1]:		/raid/steuber/Software/ablector/ablector
[runlim] argv[2]:		/raid/steuber/Benchmarks/2019/QF_BV/sage/app9/bench_3294.smt2
[runlim] argv[3]:		--ufReuse=1
[runlim] argv[4]:		--unsigned
[runlim] start:			Wed May 13 15:32:23 2020
[runlim] main pid:		6700
[Ablector] INFO: ABLECTOR TIME: 0.003752
[runlim] end:			Wed May 13 15:32:24 2020
[runlim] status:		ok
[runlim] result:		0
[runlim] children:		0
[runlim] real:			1.40 seconds
[runlim] time:			1.02 seconds
[runlim] space:			36.9 MB
[runlim] samples:		5
[runlim] version:		1.10
[runlim] time limit:		311040000 seconds
[runlim] real time limit:	1200 seconds
[runlim] space limit:		15000 MB
[runlim] argv[0]:		python3
[runlim] argv[1]:		/raid/steuber/Software/ablector/ablector
[runlim] argv[2]:		/raid/steuber/Benchmarks/2019/QF_BV/sage/app7/bench_5486.smt2
[runlim] argv[3]:		--ufReuse=1
[runlim] argv[4]:		--unsigned
[runlim] start:			Wed May 13 15:32:24 2020
[runlim] main pid:		6720
[Ablector] INFO: ABLECTOR TIME: 0.003993
[runlim] end:			Wed May 13 15:32:25 2020
[runlim] status:		ok
[runlim] result:		0
[runlim] children:		1
[runlim] real:			1.22 seconds
[runlim] time:			0.96 seconds
[runlim] space:			41.6 MB
[runlim] samples:		4
[runlim] version:		1.10
[runlim] time limit:		311040000 seconds
[runlim] real time limit:	1200 seconds
[runlim] space limit:		15000 MB
[runlim] argv[0]:		python3
[runlim] argv[1]:		/raid/steuber/Software/ablector/ablector
[runlim] argv[2]:		/raid/steuber/Benchmarks/2019/QF_BV/Sage2/bench_4023.smt2
[runlim] argv[3]:		--ufReuse=1
[runlim] argv[4]:		--unsigned
[runlim] start:			Wed May 13 15:32:25 2020
[runlim] main pid:		6740
[Ablector] INFO: *** ROUND 0
[MulNode] INFO: Level 0
[MulNode] INFO: Level 0
[MulNode] INFO: Level 0
[MulNode] INFO: Level 0
[MulNode] INFO: Level 0
[MulNode] INFO: Level 0
[MulNode] INFO: Level 0
[MulNode] INFO: Level 0
[MulNode] INFO: Level 0
[MulNode] INFO: Level 0
[MulNode] INFO: Level 0
[MulNode] INFO: Level 0
[MulNode] INFO: Level 0
[MulNode] INFO: Level 0
[MulNode] INFO: Level 0
[MulNode] INFO: Level 0
[MulNode] INFO: Level 0
[MulNode] INFO: Level 0
[MulNode] INFO: Level 0
[MulNode] INFO: Level 0
[MulNode] INFO: Level 0
[MulNode] INFO: Level 0
[MulNode] INFO: Level 0
[MulNode] INFO: Level 0
[MulNode] INFO: Level 0
[MulNode] INFO: Level 0
[MulNode] INFO: Level 0
[MulNode] INFO: Level 0
[MulNode] INFO: Level 0
[MulNode] INFO: Level 0
[MulNode] INFO: Level 0
[MulNode] INFO: Level 0
[MulNode] INFO: Level 0
[Ablector] INFO: ABLECTOR TIME: 2.682592
[Ablector] INFO: SAT TIME: 2.671379
[Ablector] INFO: REF TIME: 0.307371
[runlim] end:			Wed May 13 15:32:29 2020
[runlim] status:		ok
[runlim] result:		0
[runlim] children:		0
[runlim] real:			4.61 seconds
[runlim] time:			4.44 seconds
[runlim] space:			81.6 MB
[runlim] samples:		40
[runlim] version:		1.10
[runlim] time limit:		311040000 seconds
[runlim] real time limit:	1200 seconds
[runlim] space limit:		15000 MB
[runlim] argv[0]:		python3
[runlim] argv[1]:		/raid/steuber/Software/ablector/ablector
[runlim] argv[2]:		/raid/steuber/Benchmarks/2019/QF_BV/sage/app11/bench_10.smt2
[runlim] argv[3]:		--ufReuse=1
[runlim] argv[4]:		--unsigned
[runlim] start:			Wed May 13 15:32:29 2020
[runlim] main pid:		6760
[Ablector] INFO: ABLECTOR TIME: 0.003971
[runlim] end:			Wed May 13 15:32:30 2020
[runlim] status:		ok
[runlim] result:		0
[runlim] children:		5
[runlim] real:			1.90 seconds
[runlim] time:			1.35 seconds
[runlim] space:			68.1 MB
[runlim] samples:		9
[runlim] version:		1.10
[runlim] time limit:		311040000 seconds
[runlim] real time limit:	1200 seconds
[runlim] space limit:		15000 MB
[runlim] argv[0]:		python3
[runlim] argv[1]:		/raid/steuber/Software/ablector/ablector
[runlim] argv[2]:		/raid/steuber/Benchmarks/2019/QF_BV/sage/app7/bench_850.smt2
[runlim] argv[3]:		--ufReuse=1
[runlim] argv[4]:		--unsigned
[runlim] start:			Wed May 13 15:32:31 2020
[runlim] main pid:		6780
[Ablector] INFO: ABLECTOR TIME: 0.003952
[runlim] end:			Wed May 13 15:32:32 2020
[runlim] status:		ok
[runlim] result:		0
[runlim] children:		11
[runlim] real:			1.81 seconds
[runlim] time:			1.93 seconds
[runlim] space:			75.9 MB
[runlim] samples:		15
[runlim] version:		1.10
[runlim] time limit:		311040000 seconds
[runlim] real time limit:	1200 seconds
[runlim] space limit:		15000 MB
[runlim] argv[0]:		python3
[runlim] argv[1]:		/raid/steuber/Software/ablector/ablector
[runlim] argv[2]:		/raid/steuber/Benchmarks/2019/QF_BV/sage/app8/bench_979.smt2
[runlim] argv[3]:		--ufReuse=1
[runlim] argv[4]:		--unsigned
[runlim] start:			Wed May 13 15:32:33 2020
[runlim] main pid:		6801
[Ablector] INFO: ABLECTOR TIME: 0.003870
[runlim] end:			Wed May 13 15:32:33 2020
[runlim] status:		ok
[runlim] result:		0
[runlim] children:		1
[runlim] real:			0.63 seconds
[runlim] time:			0.97 seconds
[runlim] space:			38.0 MB
[runlim] samples:		4
[runlim] version:		1.10
[runlim] time limit:		311040000 seconds
[runlim] real time limit:	1200 seconds
[runlim] space limit:		15000 MB
[runlim] argv[0]:		python3
[runlim] argv[1]:		/raid/steuber/Software/ablector/ablector
[runlim] argv[2]:		/raid/steuber/Benchmarks/2019/QF_BV/sage/app2/bench_658.smt2
[runlim] argv[3]:		--ufReuse=1
[runlim] argv[4]:		--unsigned
[runlim] start:			Wed May 13 15:32:33 2020
[runlim] main pid:		6822
[Ablector] INFO: ABLECTOR TIME: 0.003965
[runlim] end:			Wed May 13 15:32:34 2020
[runlim] status:		ok
[runlim] result:		0
[runlim] children:		1
[runlim] real:			1.50 seconds
[runlim] time:			0.97 seconds
[runlim] space:			39.9 MB
[runlim] samples:		5
[runlim] version:		1.10
[runlim] time limit:		311040000 seconds
[runlim] real time limit:	1200 seconds
[runlim] space limit:		15000 MB
[runlim] argv[0]:		python3
[runlim] argv[1]:		/raid/steuber/Software/ablector/ablector
[runlim] argv[2]:		/raid/steuber/Benchmarks/2019/QF_BV/sage/app12/bench_5436.smt2
[runlim] argv[3]:		--ufReuse=1
[runlim] argv[4]:		--unsigned
[runlim] start:			Wed May 13 15:32:34 2020
[runlim] main pid:		6842
[Ablector] INFO: ABLECTOR TIME: 0.003771
[runlim] end:			Wed May 13 15:32:35 2020
[runlim] status:		ok
[runlim] result:		0
[runlim] children:		0
[runlim] real:			1.46 seconds
[runlim] time:			1.02 seconds
[runlim] space:			37.8 MB
[runlim] samples:		6
[runlim] version:		1.10
[runlim] time limit:		311040000 seconds
[runlim] real time limit:	1200 seconds
[runlim] space limit:		15000 MB
[runlim] argv[0]:		python3
[runlim] argv[1]:		/raid/steuber/Software/ablector/ablector
[runlim] argv[2]:		/raid/steuber/Benchmarks/2019/QF_BV/sage/app7/bench_3334.smt2
[runlim] argv[3]:		--ufReuse=1
[runlim] argv[4]:		--unsigned
[runlim] start:			Wed May 13 15:32:35 2020
[runlim] main pid:		6862
[Ablector] INFO: ABLECTOR TIME: 0.003932
[runlim] end:			Wed May 13 15:32:36 2020
[runlim] status:		ok
[runlim] result:		0
[runlim] children:		2
[runlim] real:			1.52 seconds
[runlim] time:			1.14 seconds
[runlim] space:			48.5 MB
[runlim] samples:		7
[runlim] version:		1.10
[runlim] time limit:		311040000 seconds
[runlim] real time limit:	1200 seconds
[runlim] space limit:		15000 MB
[runlim] argv[0]:		python3
[runlim] argv[1]:		/raid/steuber/Software/ablector/ablector
[runlim] argv[2]:		/raid/steuber/Benchmarks/2019/QF_BV/Sage2/bench_8420.smt2
[runlim] argv[3]:		--ufReuse=1
[runlim] argv[4]:		--unsigned
[runlim] start:			Wed May 13 15:32:36 2020
[runlim] main pid:		6882
[Ablector] INFO: *** ROUND 0
[MulNode] INFO: Level 0
[MulNode] INFO: Level 0
[MulNode] INFO: Level 0
[MulNode] INFO: Level 0
[MulNode] INFO: Level 0
[MulNode] INFO: Level 0
[MulNode] INFO: Level 0
[MulNode] INFO: Level 0
[MulNode] INFO: Level 0
[MulNode] INFO: Level 0
[MulNode] INFO: Level 0
[MulNode] INFO: Level 0
[MulNode] INFO: Level 0
[MulNode] INFO: Level 0
[MulNode] INFO: Level 0
[MulNode] INFO: Level 0
[MulNode] INFO: Level 0
[MulNode] INFO: Level 0
[MulNode] INFO: Level 0
[MulNode] INFO: Level 0
[MulNode] INFO: Level 0
[MulNode] INFO: Level 0
[MulNode] INFO: Level 0
[MulNode] INFO: Level 0
[MulNode] INFO: Level 0
[MulNode] INFO: Level 0
[MulNode] INFO: Level 0
[MulNode] INFO: Level 0
[MulNode] INFO: Level 0
[MulNode] INFO: Level 0
[MulNode] INFO: Level 0
[MulNode] INFO: Level 0
[MulNode] INFO: Level 0
[MulNode] INFO: Level 0
[MulNode] INFO: Level 0
[MulNode] INFO: Level 0
[MulNode] INFO: Level 0
[MulNode] INFO: Level 0
[MulNode] INFO: Level 0
[MulNode] INFO: Level 0
[MulNode] INFO: Level 0
[MulNode] INFO: Level 0
[MulNode] INFO: Level 0
[MulNode] INFO: Level 0
[MulNode] INFO: Level 0
[MulNode] INFO: Level 0
[MulNode] INFO: Level 0
[MulNode] INFO: Level 0
[MulNode] INFO: Level 0
[MulNode] INFO: Level 0
[MulNode] INFO: Level 0
[MulNode] INFO: Level 0
[MulNode] INFO: Level 0
[MulNode] INFO: Level 0
[MulNode] INFO: Level 0
[MulNode] INFO: Level 0
[MulNode] INFO: Level 0
[MulNode] INFO: Level 0
[MulNode] INFO: Level 0
[MulNode] INFO: Level 0
[MulNode] INFO: Level 0
[MulNode] INFO: Level 0
[MulNode] INFO: Level 0
[MulNode] INFO: Level 0
[MulNode] INFO: Level 0
[MulNode] INFO: Level 0
[MulNode] INFO: Level 0
[MulNode] INFO: Level 0
[MulNode] INFO: Level 0
[MulNode] INFO: Level 0
[MulNode] INFO: Level 0
[MulNode] INFO: Level 0
[MulNode] INFO: Level 0
[MulNode] INFO: Level 0
[MulNode] INFO: Level 0
[MulNode] INFO: Level 0
[MulNode] INFO: Level 0
[MulNode] INFO: Level 0
[MulNode] INFO: Level 0
[MulNode] INFO: Level 0
[MulNode] INFO: Level 0
[MulNode] INFO: Level 0
[MulNode] INFO: Level 0
[MulNode] INFO: Level 0
[MulNode] INFO: Level 0
[MulNode] INFO: Level 0
[MulNode] INFO: Level 0
[MulNode] INFO: Level 0
[MulNode] INFO: Level 0
[MulNode] INFO: Level 0
[Ablector] INFO: ABLECTOR TIME: 3.769275
[Ablector] INFO: SAT TIME: 3.733906
[Ablector] INFO: REF TIME: 0.739382
[runlim] end:			Wed May 13 15:32:43 2020
[runlim] status:		ok
[runlim] result:		0
[runlim] children:		3
[runlim] real:			7.97 seconds
[runlim] time:			7.36 seconds
[runlim] space:			379.1 MB
[runlim] samples:		70
[runlim] version:		1.10
[runlim] time limit:		311040000 seconds
[runlim] real time limit:	1200 seconds
[runlim] space limit:		15000 MB
[runlim] argv[0]:		python3
[runlim] argv[1]:		/raid/steuber/Software/ablector/ablector
[runlim] argv[2]:		/raid/steuber/Benchmarks/2019/QF_BV/sage/app11/bench_562.smt2
[runlim] argv[3]:		--ufReuse=1
[runlim] argv[4]:		--unsigned
[runlim] start:			Wed May 13 15:32:44 2020
[runlim] main pid:		6902
[Ablector] INFO: ABLECTOR TIME: 0.004004
[runlim] end:			Wed May 13 15:32:45 2020
[runlim] status:		ok
[runlim] result:		0
[runlim] children:		5
[runlim] real:			1.28 seconds
[runlim] time:			1.35 seconds
[runlim] space:			66.6 MB
[runlim] samples:		9
[runlim] version:		1.10
[runlim] time limit:		311040000 seconds
[runlim] real time limit:	1200 seconds
[runlim] space limit:		15000 MB
[runlim] argv[0]:		python3
[runlim] argv[1]:		/raid/steuber/Software/ablector/ablector
[runlim] argv[2]:		/raid/steuber/Benchmarks/2019/QF_BV/Sage2/bench_1697.smt2
[runlim] argv[3]:		--ufReuse=1
[runlim] argv[4]:		--unsigned
[runlim] start:			Wed May 13 15:32:45 2020
[runlim] main pid:		6922
[Ablector] INFO: *** ROUND 0
[runlim] sample:		10.6 time, 10.6 real, 77.7 MB
[runlim] sample:		20.6 time, 20.6 real, 77.7 MB
[MulNode] INFO: Level 0
[MulNode] INFO: Level 0
[MulNode] INFO: Level 0
[MulNode] INFO: Level 0
[MulNode] INFO: Level 0
[MulNode] INFO: Level 0
[MulNode] INFO: Level 0
[MulNode] INFO: Level 0
[MulNode] INFO: Level 0
[MulNode] INFO: Level 0
[MulNode] INFO: Level 0
[MulNode] INFO: Level 0
[MulNode] INFO: Level 0
[MulNode] INFO: Level 0
[MulNode] INFO: Level 0
[MulNode] INFO: Level 0
[MulNode] INFO: Level 0
[MulNode] INFO: Level 0
[MulNode] INFO: Level 0
[MulNode] INFO: Level 0
[MulNode] INFO: Level 0
[MulNode] INFO: Level 0
[MulNode] INFO: Level 0
[MulNode] INFO: Level 0
[MulNode] INFO: Level 0
[MulNode] INFO: Level 0
[MulNode] INFO: Level 0
[MulNode] INFO: Level 0
[MulNode] INFO: Level 0
[MulNode] INFO: Level 0
[MulNode] INFO: Level 0
[MulNode] INFO: Level 0
[MulNode] INFO: Level 0
[MulNode] INFO: Level 0
[MulNode] INFO: Level 0
[MulNode] INFO: Level 0
[MulNode] INFO: Level 0
[MulNode] INFO: Level 0
[MulNode] INFO: Level 0
[MulNode] INFO: Level 0
[MulNode] INFO: Level 0
[MulNode] INFO: Level 0
[MulNode] INFO: Level 0
[MulNode] INFO: Level 0
[MulNode] INFO: Level 0
[MulNode] INFO: Level 0
[MulNode] INFO: Level 0
[MulNode] INFO: Level 0
[MulNode] INFO: Level 0
[MulNode] INFO: Level 0
[MulNode] INFO: Level 0
[MulNode] INFO: Level 0
[MulNode] INFO: Level 0
[MulNode] INFO: Level 0
[MulNode] INFO: Level 0
[MulNode] INFO: Level 0
[MulNode] INFO: Level 0
[MulNode] INFO: Level 0
[Ablector] INFO: ABLECTOR TIME: 27.395474
[Ablector] INFO: SAT TIME: 27.379945
[Ablector] INFO: REF TIME: 0.511880
[runlim] end:			Wed May 13 15:33:13 2020
[runlim] status:		ok
[runlim] result:		0
[runlim] children:		0
[runlim] real:			28.72 seconds
[runlim] time:			28.57 seconds
[runlim] space:			84.2 MB
[runlim] samples:		280
[runlim] version:		1.10
[runlim] time limit:		311040000 seconds
[runlim] real time limit:	1200 seconds
[runlim] space limit:		15000 MB
[runlim] argv[0]:		python3
[runlim] argv[1]:		/raid/steuber/Software/ablector/ablector
[runlim] argv[2]:		/raid/steuber/Benchmarks/2019/QF_BV/sage/app2/bench_528.smt2
[runlim] argv[3]:		--ufReuse=1
[runlim] argv[4]:		--unsigned
[runlim] start:			Wed May 13 15:33:14 2020
[runlim] main pid:		6946
[Ablector] INFO: ABLECTOR TIME: 0.004149
[runlim] end:			Wed May 13 15:33:14 2020
[runlim] status:		ok
[runlim] result:		0
[runlim] children:		2
[runlim] real:			0.69 seconds
[runlim] time:			0.99 seconds
[runlim] space:			45.3 MB
[runlim] samples:		5
[runlim] version:		1.10
[runlim] time limit:		311040000 seconds
[runlim] real time limit:	1200 seconds
[runlim] space limit:		15000 MB
[runlim] argv[0]:		python3
[runlim] argv[1]:		/raid/steuber/Software/ablector/ablector
[runlim] argv[2]:		/raid/steuber/Benchmarks/2019/QF_BV/Sage2/bench_10661.smt2
[runlim] argv[3]:		--ufReuse=1
[runlim] argv[4]:		--unsigned
[runlim] start:			Wed May 13 15:33:15 2020
[runlim] main pid:		6967
[Ablector] INFO: *** ROUND 0
[MulNode] INFO: Level 0
[MulNode] INFO: Level 0
[MulNode] INFO: Level 0
[MulNode] INFO: Level 0
[MulNode] INFO: Level 0
[MulNode] INFO: Level 0
[MulNode] INFO: Level 0
[MulNode] INFO: Level 0
[MulNode] INFO: Level 0
[Ablector] INFO: ABLECTOR TIME: 0.328377
[Ablector] INFO: SAT TIME: 0.322308
[Ablector] INFO: REF TIME: 0.085718
[runlim] end:			Wed May 13 15:33:15 2020
[runlim] status:		ok
[runlim] result:		0
[runlim] children:		0
[runlim] real:			0.96 seconds
[runlim] time:			1.38 seconds
[runlim] space:			46.6 MB
[runlim] samples:		9
[runlim] version:		1.10
[runlim] time limit:		311040000 seconds
[runlim] real time limit:	1200 seconds
[runlim] space limit:		15000 MB
[runlim] argv[0]:		python3
[runlim] argv[1]:		/raid/steuber/Software/ablector/ablector
[runlim] argv[2]:		/raid/steuber/Benchmarks/2019/QF_BV/sage/app7/bench_5878.smt2
[runlim] argv[3]:		--ufReuse=1
[runlim] argv[4]:		--unsigned
[runlim] start:			Wed May 13 15:33:16 2020
[runlim] main pid:		6987
[Ablector] INFO: ABLECTOR TIME: 0.003860
[runlim] end:			Wed May 13 15:33:16 2020
[runlim] status:		ok
[runlim] result:		0
[runlim] children:		1
[runlim] real:			0.78 seconds
[runlim] time:			0.93 seconds
[runlim] space:			40.0 MB
[runlim] samples:		4
[runlim] version:		1.10
[runlim] time limit:		311040000 seconds
[runlim] real time limit:	1200 seconds
[runlim] space limit:		15000 MB
[runlim] argv[0]:		python3
[runlim] argv[1]:		/raid/steuber/Software/ablector/ablector
[runlim] argv[2]:		/raid/steuber/Benchmarks/2019/QF_BV/sage/app7/bench_3622.smt2
[runlim] argv[3]:		--ufReuse=1
[runlim] argv[4]:		--unsigned
[runlim] start:			Wed May 13 15:33:17 2020
[runlim] main pid:		7007
[Ablector] INFO: ABLECTOR TIME: 0.004100
[runlim] end:			Wed May 13 15:33:17 2020
[runlim] status:		ok
[runlim] result:		0
[runlim] children:		2
[runlim] real:			0.78 seconds
[runlim] time:			1.02 seconds
[runlim] space:			44.8 MB
[runlim] samples:		6
[runlim] version:		1.10
[runlim] time limit:		311040000 seconds
[runlim] real time limit:	1200 seconds
[runlim] space limit:		15000 MB
[runlim] argv[0]:		python3
[runlim] argv[1]:		/raid/steuber/Software/ablector/ablector
[runlim] argv[2]:		/raid/steuber/Benchmarks/2019/QF_BV/sage/app7/bench_7058.smt2
[runlim] argv[3]:		--ufReuse=1
[runlim] argv[4]:		--unsigned
[runlim] start:			Wed May 13 15:33:18 2020
[runlim] main pid:		7027
[Ablector] INFO: ABLECTOR TIME: 0.003906
[runlim] end:			Wed May 13 15:33:19 2020
[runlim] status:		ok
[runlim] result:		0
[runlim] children:		14
[runlim] real:			1.94 seconds
[runlim] time:			2.24 seconds
[runlim] space:			84.0 MB
[runlim] samples:		18
[runlim] version:		1.10
[runlim] time limit:		311040000 seconds
[runlim] real time limit:	1200 seconds
[runlim] space limit:		15000 MB
[runlim] argv[0]:		python3
[runlim] argv[1]:		/raid/steuber/Software/ablector/ablector
[runlim] argv[2]:		/raid/steuber/Benchmarks/2019/QF_BV/sage/app9/bench_2813.smt2
[runlim] argv[3]:		--ufReuse=1
[runlim] argv[4]:		--unsigned
[runlim] start:			Wed May 13 15:33:20 2020
[runlim] main pid:		7047
[Ablector] INFO: ABLECTOR TIME: 0.003706
[runlim] end:			Wed May 13 15:33:20 2020
[runlim] status:		ok
[runlim] result:		0
[runlim] children:		0
[runlim] real:			0.74 seconds
[runlim] time:			0.95 seconds
[runlim] space:			37.8 MB
[runlim] samples:		4
[runlim] version:		1.10
[runlim] time limit:		311040000 seconds
[runlim] real time limit:	1200 seconds
[runlim] space limit:		15000 MB
[runlim] argv[0]:		python3
[runlim] argv[1]:		/raid/steuber/Software/ablector/ablector
[runlim] argv[2]:		/raid/steuber/Benchmarks/2019/QF_BV/Sage2/bench_15220.smt2
[runlim] argv[3]:		--ufReuse=1
[runlim] argv[4]:		--unsigned
[runlim] start:			Wed May 13 15:33:21 2020
[runlim] main pid:		7067
[Ablector] INFO: *** ROUND 0
[Ablector] INFO: *** ROUND 1
[UdivNode] INFO: Level 1
[MulNode] INFO: Level 0
[MulNode] INFO: Level 1
[MulNode] INFO: Level 0
[MulNode] INFO: Level 0
[MulNode] INFO: Level 0
[MulNode] INFO: Level 0
[MulNode] INFO: Level 0
[MulNode] INFO: Level 0
[MulNode] INFO: Level 0
[MulNode] INFO: Level 0
[MulNode] INFO: Level 0
[MulNode] INFO: Level 0
[MulNode] INFO: Level 0
[MulNode] INFO: Level 0
[MulNode] INFO: Level 0
[MulNode] INFO: Level 0
[MulNode] INFO: Level 0
[MulNode] INFO: Level 0
[UdivNode] INFO: Level 0
[MulNode] INFO: Level 0
[MulNode] INFO: Level 0
[MulNode] INFO: Level 0
[MulNode] INFO: Level 0
[UdivNode] INFO: Level 1
[Ablector] INFO: ABLECTOR TIME: 3.402803
[Ablector] INFO: SAT TIME: 3.394105
[Ablector] INFO: REF TIME: 0.214514
[runlim] end:			Wed May 13 15:33:25 2020
[runlim] status:		ok
[runlim] result:		0
[runlim] children:		0
[runlim] real:			4.04 seconds
[runlim] time:			4.43 seconds
[runlim] space:			71.3 MB
[runlim] samples:		39
[runlim] version:		1.10
[runlim] time limit:		311040000 seconds
[runlim] real time limit:	1200 seconds
[runlim] space limit:		15000 MB
[runlim] argv[0]:		python3
[runlim] argv[1]:		/raid/steuber/Software/ablector/ablector
[runlim] argv[2]:		/raid/steuber/Benchmarks/2019/QF_BV/sage/app7/bench_4557.smt2
[runlim] argv[3]:		--ufReuse=1
[runlim] argv[4]:		--unsigned
[runlim] start:			Wed May 13 15:33:25 2020
[runlim] main pid:		7088
[Ablector] INFO: ABLECTOR TIME: 0.003970
[runlim] end:			Wed May 13 15:33:26 2020
[runlim] status:		ok
[runlim] result:		0
[runlim] children:		2
[runlim] real:			1.02 seconds
[runlim] time:			1.04 seconds
[runlim] space:			43.7 MB
[runlim] samples:		6
[runlim] version:		1.10
[runlim] time limit:		311040000 seconds
[runlim] real time limit:	1200 seconds
[runlim] space limit:		15000 MB
[runlim] argv[0]:		python3
[runlim] argv[1]:		/raid/steuber/Software/ablector/ablector
[runlim] argv[2]:		/raid/steuber/Benchmarks/2019/QF_BV/sage/app11/bench_122.smt2
[runlim] argv[3]:		--ufReuse=1
[runlim] argv[4]:		--unsigned
[runlim] start:			Wed May 13 15:33:26 2020
[runlim] main pid:		7108
[Ablector] INFO: ABLECTOR TIME: 0.004017
[runlim] end:			Wed May 13 15:33:27 2020
[runlim] status:		ok
[runlim] result:		0
[runlim] children:		5
[runlim] real:			1.33 seconds
[runlim] time:			1.32 seconds
[runlim] space:			67.4 MB
[runlim] samples:		9
[runlim] version:		1.10
[runlim] time limit:		311040000 seconds
[runlim] real time limit:	1200 seconds
[runlim] space limit:		15000 MB
[runlim] argv[0]:		python3
[runlim] argv[1]:		/raid/steuber/Software/ablector/ablector
[runlim] argv[2]:		/raid/steuber/Benchmarks/2019/QF_BV/sage/app7/bench_844.smt2
[runlim] argv[3]:		--ufReuse=1
[runlim] argv[4]:		--unsigned
[runlim] start:			Wed May 13 15:33:27 2020
[runlim] main pid:		7128
[Ablector] INFO: ABLECTOR TIME: 0.003952
[runlim] end:			Wed May 13 15:33:29 2020
[runlim] status:		ok
[runlim] result:		0
[runlim] children:		11
[runlim] real:			2.28 seconds
[runlim] time:			2.05 seconds
[runlim] space:			76.4 MB
[runlim] samples:		16
[runlim] version:		1.10
[runlim] time limit:		311040000 seconds
[runlim] real time limit:	1200 seconds
[runlim] space limit:		15000 MB
[runlim] argv[0]:		python3
[runlim] argv[1]:		/raid/steuber/Software/ablector/ablector
[runlim] argv[2]:		/raid/steuber/Benchmarks/2019/QF_BV/Sage2/bench_5077.smt2
[runlim] argv[3]:		--ufReuse=1
[runlim] argv[4]:		--unsigned
[runlim] start:			Wed May 13 15:33:29 2020
[runlim] main pid:		7148
[Ablector] INFO: *** ROUND 0
[MulNode] INFO: Level 0
[MulNode] INFO: Level 0
[MulNode] INFO: Level 0
[MulNode] INFO: Level 0
[MulNode] INFO: Level 0
[MulNode] INFO: Level 0
[MulNode] INFO: Level 0
[MulNode] INFO: Level 0
[MulNode] INFO: Level 0
[MulNode] INFO: Level 0
[Ablector] INFO: ABLECTOR TIME: 0.801465
[Ablector] INFO: SAT TIME: 0.794897
[Ablector] INFO: REF TIME: 0.093643
[runlim] end:			Wed May 13 15:33:30 2020
[runlim] status:		ok
[runlim] result:		0
[runlim] children:		0
[runlim] real:			1.94 seconds
[runlim] time:			1.86 seconds
[runlim] space:			53.5 MB
[runlim] samples:		13
[runlim] version:		1.10
[runlim] time limit:		311040000 seconds
[runlim] real time limit:	1200 seconds
[runlim] space limit:		15000 MB
[runlim] argv[0]:		python3
[runlim] argv[1]:		/raid/steuber/Software/ablector/ablector
[runlim] argv[2]:		/raid/steuber/Benchmarks/2019/QF_BV/Sage2/bench_11544.smt2
[runlim] argv[3]:		--ufReuse=1
[runlim] argv[4]:		--unsigned
[runlim] start:			Wed May 13 15:33:31 2020
[runlim] main pid:		7169
[Ablector] INFO: *** ROUND 0
[runlim] sample:		10.5 time, 10.3 real, 62.9 MB
[runlim] sample:		20.5 time, 20.3 real, 67.5 MB
[runlim] sample:		30.5 time, 30.3 real, 77.6 MB
[runlim] sample:		40.5 time, 40.3 real, 76.2 MB
[runlim] sample:		50.5 time, 50.3 real, 82.3 MB
[runlim] sample:		60.5 time, 60.3 real, 82.3 MB
[runlim] sample:		70.5 time, 70.3 real, 89.3 MB
[runlim] sample:		80.5 time, 80.3 real, 93.8 MB
[runlim] sample:		90.5 time, 90.3 real, 93.8 MB
[runlim] sample:		100.5 time, 100.3 real, 90.5 MB
[runlim] sample:		110.5 time, 110.3 real, 100.2 MB
[runlim] sample:		120.5 time, 120.3 real, 100.9 MB
[runlim] sample:		130.5 time, 130.3 real, 109.9 MB
[runlim] sample:		140.5 time, 140.3 real, 109.9 MB
[runlim] sample:		150.5 time, 150.3 real, 109.9 MB
[runlim] sample:		160.5 time, 160.3 real, 104.3 MB
[runlim] sample:		170.5 time, 170.3 real, 116.2 MB
[runlim] sample:		180.5 time, 180.3 real, 116.2 MB
[runlim] sample:		190.5 time, 190.3 real, 116.2 MB
[runlim] sample:		200.5 time, 200.3 real, 116.2 MB
[runlim] sample:		210.5 time, 210.3 real, 117.6 MB
[runlim] sample:		220.5 time, 220.3 real, 117.6 MB
[runlim] sample:		230.5 time, 230.3 real, 117.6 MB
[runlim] sample:		240.4 time, 240.3 real, 117.6 MB
[runlim] sample:		250.4 time, 250.3 real, 106.5 MB
[runlim] sample:		260.4 time, 260.3 real, 125.0 MB
[runlim] sample:		270.4 time, 270.3 real, 125.0 MB
[runlim] sample:		280.4 time, 280.3 real, 125.0 MB
[runlim] sample:		290.4 time, 290.3 real, 125.0 MB
[runlim] sample:		300.4 time, 300.3 real, 125.0 MB
[runlim] sample:		310.4 time, 310.3 real, 114.8 MB
[runlim] sample:		320.4 time, 320.3 real, 129.8 MB
[runlim] sample:		330.4 time, 330.3 real, 129.8 MB
[runlim] sample:		340.4 time, 340.3 real, 129.8 MB
[runlim] sample:		350.4 time, 350.3 real, 129.8 MB
[runlim] sample:		360.4 time, 360.3 real, 129.8 MB
[runlim] sample:		370.4 time, 370.3 real, 129.8 MB
[runlim] sample:		380.4 time, 380.3 real, 116.9 MB
[runlim] sample:		390.4 time, 390.3 real, 134.0 MB
[runlim] sample:		400.4 time, 400.3 real, 134.0 MB
[runlim] sample:		410.4 time, 410.3 real, 134.0 MB
[runlim] sample:		420.4 time, 420.3 real, 134.0 MB
[runlim] sample:		430.4 time, 430.3 real, 134.0 MB
[runlim] sample:		440.4 time, 440.3 real, 134.0 MB
[runlim] sample:		450.4 time, 450.3 real, 142.0 MB
[runlim] sample:		460.4 time, 460.3 real, 142.0 MB
[runlim] sample:		470.4 time, 470.3 real, 142.0 MB
[runlim] sample:		480.4 time, 480.3 real, 142.0 MB
[runlim] sample:		490.4 time, 490.3 real, 142.0 MB
[runlim] sample:		500.4 time, 500.3 real, 142.0 MB
[runlim] sample:		510.4 time, 510.3 real, 142.0 MB
[runlim] sample:		520.4 time, 520.3 real, 154.6 MB
[runlim] sample:		530.4 time, 530.3 real, 173.9 MB
[runlim] sample:		540.4 time, 540.3 real, 174.3 MB
[runlim] sample:		550.4 time, 550.3 real, 174.4 MB
[runlim] sample:		560.4 time, 560.3 real, 174.8 MB
[runlim] sample:		570.4 time, 570.3 real, 175.0 MB
[runlim] sample:		580.4 time, 580.3 real, 175.3 MB
[runlim] sample:		590.4 time, 590.3 real, 175.4 MB
[runlim] sample:		600.4 time, 600.3 real, 175.7 MB
[runlim] sample:		610.4 time, 610.3 real, 176.0 MB
[runlim] sample:		620.4 time, 620.3 real, 176.2 MB
[runlim] sample:		630.4 time, 630.3 real, 176.5 MB
[runlim] sample:		640.4 time, 640.3 real, 176.6 MB
[runlim] sample:		650.4 time, 650.3 real, 177.0 MB
[runlim] sample:		660.4 time, 660.3 real, 177.1 MB
[runlim] sample:		670.4 time, 670.3 real, 177.2 MB
[runlim] sample:		680.4 time, 680.3 real, 159.5 MB
[runlim] sample:		690.4 time, 690.3 real, 179.8 MB
[runlim] sample:		700.4 time, 700.3 real, 179.9 MB
[runlim] sample:		710.4 time, 710.3 real, 180.3 MB
[runlim] sample:		720.4 time, 720.3 real, 180.4 MB
[runlim] sample:		730.4 time, 730.3 real, 180.8 MB
[runlim] sample:		740.4 time, 740.3 real, 180.9 MB
[runlim] sample:		750.4 time, 750.3 real, 181.3 MB
[runlim] sample:		760.4 time, 760.3 real, 181.4 MB
[runlim] sample:		770.4 time, 770.3 real, 181.5 MB
[runlim] sample:		780.4 time, 780.3 real, 181.8 MB
[runlim] sample:		790.4 time, 790.3 real, 162.3 MB
[runlim] sample:		800.4 time, 800.3 real, 184.0 MB
[runlim] sample:		810.4 time, 810.3 real, 184.1 MB
[runlim] sample:		820.4 time, 820.3 real, 184.2 MB
[runlim] sample:		830.4 time, 830.3 real, 184.6 MB
[runlim] sample:		840.4 time, 840.3 real, 184.7 MB
[runlim] sample:		850.4 time, 850.3 real, 184.8 MB
[runlim] sample:		860.4 time, 860.3 real, 185.1 MB
[runlim] sample:		870.4 time, 870.3 real, 185.1 MB
[runlim] sample:		880.4 time, 880.3 real, 185.3 MB
[runlim] sample:		890.4 time, 890.3 real, 185.6 MB
[runlim] sample:		900.4 time, 900.3 real, 185.7 MB
[runlim] sample:		910.4 time, 910.3 real, 166.8 MB
[runlim] sample:		920.4 time, 920.3 real, 190.4 MB
[runlim] sample:		930.4 time, 930.3 real, 190.6 MB
[runlim] sample:		940.4 time, 940.3 real, 190.9 MB
[runlim] sample:		950.4 time, 950.3 real, 191.0 MB
[runlim] sample:		960.4 time, 960.3 real, 191.1 MB
[runlim] sample:		970.4 time, 970.3 real, 191.5 MB
[runlim] sample:		980.4 time, 980.3 real, 191.6 MB
[runlim] sample:		990.4 time, 990.3 real, 191.9 MB
[runlim] sample:		1000.4 time, 1000.3 real, 191.9 MB
[runlim] sample:		1010.4 time, 1010.3 real, 192.0 MB
[runlim] sample:		1020.4 time, 1020.3 real, 192.1 MB
[runlim] sample:		1030.4 time, 1030.3 real, 192.5 MB
[runlim] sample:		1040.4 time, 1040.3 real, 169.9 MB
[runlim] sample:		1050.4 time, 1050.3 real, 194.1 MB
[runlim] sample:		1060.4 time, 1060.3 real, 194.4 MB
[runlim] sample:		1070.4 time, 1070.3 real, 194.5 MB
[runlim] sample:		1080.4 time, 1080.3 real, 194.7 MB
[runlim] sample:		1090.4 time, 1090.3 real, 194.7 MB
[runlim] sample:		1100.4 time, 1100.3 real, 195.1 MB
[runlim] sample:		1110.4 time, 1110.3 real, 195.1 MB
[runlim] sample:		1120.4 time, 1120.3 real, 195.5 MB
[runlim] sample:		1130.4 time, 1130.3 real, 195.5 MB
[runlim] sample:		1140.4 time, 1140.3 real, 195.6 MB
[runlim] sample:		1150.4 time, 1150.3 real, 196.0 MB
[runlim] sample:		1160.4 time, 1160.3 real, 196.1 MB
[runlim] sample:		1170.4 time, 1170.3 real, 196.2 MB
[runlim] sample:		1180.4 time, 1180.3 real, 173.5 MB
[runlim] sample:		1190.4 time, 1190.3 real, 199.3 MB
[runlim] end:			Wed May 13 15:53:31 2020
[runlim] status:		out of time
[runlim] result:		2
[runlim] children:		0
[runlim] real:			1200.12 seconds
[runlim] time:			1200.21 seconds
[runlim] space:			199.9 MB
[runlim] samples:		11998
[runlim] version:		1.10
[runlim] time limit:		311040000 seconds
[runlim] real time limit:	1200 seconds
[runlim] space limit:		15000 MB
[runlim] argv[0]:		python3
[runlim] argv[1]:		/raid/steuber/Software/ablector/ablector
[runlim] argv[2]:		/raid/steuber/Benchmarks/2019/QF_BV/sage/app7/bench_2134.smt2
[runlim] argv[3]:		--ufReuse=1
[runlim] argv[4]:		--unsigned
[runlim] start:			Wed May 13 15:53:31 2020
[runlim] main pid:		8842
[Ablector] INFO: ABLECTOR TIME: 0.004061
[runlim] end:			Wed May 13 15:53:32 2020
[runlim] status:		ok
[runlim] result:		0
[runlim] children:		3
[runlim] real:			1.74 seconds
[runlim] time:			1.24 seconds
[runlim] space:			52.8 MB
[runlim] samples:		10
[runlim] version:		1.10
[runlim] time limit:		311040000 seconds
[runlim] real time limit:	1200 seconds
[runlim] space limit:		15000 MB
[runlim] argv[0]:		python3
[runlim] argv[1]:		/raid/steuber/Software/ablector/ablector
[runlim] argv[2]:		/raid/steuber/Benchmarks/2019/QF_BV/20190311-bv-term-small-rw-Noetzli/bv-term-small-rw_934.smt2
[runlim] argv[3]:		--ufReuse=1
[runlim] argv[4]:		--unsigned
[runlim] start:			Wed May 13 15:53:33 2020
[runlim] main pid:		8862
[Ablector] INFO: ABLECTOR TIME: 0.003857
[runlim] end:			Wed May 13 15:53:33 2020
[runlim] status:		ok
[runlim] result:		0
[runlim] children:		0
[runlim] real:			0.55 seconds
[runlim] time:			0.94 seconds
[runlim] space:			37.5 MB
[runlim] samples:		4
[runlim] version:		1.10
[runlim] time limit:		311040000 seconds
[runlim] real time limit:	1200 seconds
[runlim] space limit:		15000 MB
[runlim] argv[0]:		python3
[runlim] argv[1]:		/raid/steuber/Software/ablector/ablector
[runlim] argv[2]:		/raid/steuber/Benchmarks/2019/QF_BV/sage/app7/bench_88.smt2
[runlim] argv[3]:		--ufReuse=1
[runlim] argv[4]:		--unsigned
[runlim] start:			Wed May 13 15:53:33 2020
[runlim] main pid:		8884
[Ablector] INFO: ABLECTOR TIME: 0.004047
[runlim] end:			Wed May 13 15:53:35 2020
[runlim] status:		ok
[runlim] result:		0
[runlim] children:		14
[runlim] real:			2.70 seconds
[runlim] time:			2.24 seconds
[runlim] space:			83.3 MB
[runlim] samples:		18
[runlim] version:		1.10
[runlim] time limit:		311040000 seconds
[runlim] real time limit:	1200 seconds
[runlim] space limit:		15000 MB
[runlim] argv[0]:		python3
[runlim] argv[1]:		/raid/steuber/Software/ablector/ablector
[runlim] argv[2]:		/raid/steuber/Benchmarks/2019/QF_BV/sage/app12/bench_309.smt2
[runlim] argv[3]:		--ufReuse=1
[runlim] argv[4]:		--unsigned
[runlim] start:			Wed May 13 15:53:36 2020
[runlim] main pid:		8904
[Ablector] INFO: *** ROUND 0
[UdivNode] INFO: Level 0
[MulNode] INFO: Level 0
[UdivNode] INFO: Level 0
[Ablector] INFO: ABLECTOR TIME: 0.042222
[Ablector] INFO: SAT TIME: 0.037517
[Ablector] INFO: REF TIME: 0.013445
[runlim] end:			Wed May 13 15:53:36 2020
[runlim] status:		ok
[runlim] result:		0
[runlim] children:		0
[runlim] real:			0.59 seconds
[runlim] time:			1.05 seconds
[runlim] space:			41.1 MB
[runlim] samples:		5
[runlim] version:		1.10
[runlim] time limit:		311040000 seconds
[runlim] real time limit:	1200 seconds
[runlim] space limit:		15000 MB
[runlim] argv[0]:		python3
[runlim] argv[1]:		/raid/steuber/Software/ablector/ablector
[runlim] argv[2]:		/raid/steuber/Benchmarks/2019/QF_BV/sage/app7/bench_472.smt2
[runlim] argv[3]:		--ufReuse=1
[runlim] argv[4]:		--unsigned
[runlim] start:			Wed May 13 15:53:36 2020
[runlim] main pid:		8926
[Ablector] INFO: ABLECTOR TIME: 0.003906
[runlim] end:			Wed May 13 15:53:38 2020
[runlim] status:		ok
[runlim] result:		0
[runlim] children:		14
[runlim] real:			2.73 seconds
[runlim] time:			2.24 seconds
[runlim] space:			81.8 MB
[runlim] samples:		17
[runlim] version:		1.10
[runlim] time limit:		311040000 seconds
[runlim] real time limit:	1200 seconds
[runlim] space limit:		15000 MB
[runlim] argv[0]:		python3
[runlim] argv[1]:		/raid/steuber/Software/ablector/ablector
[runlim] argv[2]:		/raid/steuber/Benchmarks/2019/QF_BV/sage/app2/bench_818.smt2
[runlim] argv[3]:		--ufReuse=1
[runlim] argv[4]:		--unsigned
[runlim] start:			Wed May 13 15:53:39 2020
[runlim] main pid:		8947
[Ablector] INFO: ABLECTOR TIME: 0.003809
[runlim] end:			Wed May 13 15:53:39 2020
[runlim] status:		ok
[runlim] result:		0
[runlim] children:		1
[runlim] real:			0.59 seconds
[runlim] time:			0.99 seconds
[runlim] space:			39.9 MB
[runlim] samples:		5
[runlim] version:		1.10
[runlim] time limit:		311040000 seconds
[runlim] real time limit:	1200 seconds
[runlim] space limit:		15000 MB
[runlim] argv[0]:		python3
[runlim] argv[1]:		/raid/steuber/Software/ablector/ablector
[runlim] argv[2]:		/raid/steuber/Benchmarks/2019/QF_BV/sage/app1/bench_369.smt2
[runlim] argv[3]:		--ufReuse=1
[runlim] argv[4]:		--unsigned
[runlim] start:			Wed May 13 15:53:39 2020
[runlim] main pid:		8967
[Ablector] INFO: ABLECTOR TIME: 0.003772
[runlim] end:			Wed May 13 15:53:40 2020
[runlim] status:		ok
[runlim] result:		0
[runlim] children:		0
[runlim] real:			1.44 seconds
[runlim] time:			0.98 seconds
[runlim] space:			37.7 MB
[runlim] samples:		4
[runlim] version:		1.10
[runlim] time limit:		311040000 seconds
[runlim] real time limit:	1200 seconds
[runlim] space limit:		15000 MB
[runlim] argv[0]:		python3
[runlim] argv[1]:		/raid/steuber/Software/ablector/ablector
[runlim] argv[2]:		/raid/steuber/Benchmarks/2019/QF_BV/sage/app2/bench_240.smt2
[runlim] argv[3]:		--ufReuse=1
[runlim] argv[4]:		--unsigned
[runlim] start:			Wed May 13 15:53:40 2020
[runlim] main pid:		8987
[Ablector] INFO: *** ROUND 0
[UdivNode] INFO: Level 0
[MulNode] INFO: Level 0
[MulNode] INFO: Level 0
[UdivNode] INFO: Level 0
[MulNode] INFO: Level 0
[MulNode] INFO: Level 0
[UdivNode] INFO: Level 0
[Ablector] INFO: ABLECTOR TIME: 0.061747
[Ablector] INFO: SAT TIME: 0.056095
[Ablector] INFO: REF TIME: 0.041946
[runlim] end:			Wed May 13 15:53:41 2020
[runlim] status:		ok
[runlim] result:		0
[runlim] children:		0
[runlim] real:			1.36 seconds
[runlim] time:			1.03 seconds
[runlim] space:			40.5 MB
[runlim] samples:		5
[runlim] version:		1.10
[runlim] time limit:		311040000 seconds
[runlim] real time limit:	1200 seconds
[runlim] space limit:		15000 MB
[runlim] argv[0]:		python3
[runlim] argv[1]:		/raid/steuber/Software/ablector/ablector
[runlim] argv[2]:		/raid/steuber/Benchmarks/2019/QF_BV/Sage2/bench_8172.smt2
[runlim] argv[3]:		--ufReuse=1
[runlim] argv[4]:		--unsigned
[runlim] start:			Wed May 13 15:53:41 2020
[runlim] main pid:		9007
[Ablector] INFO: *** ROUND 0
[MulNode] INFO: Level 0
[Ablector] INFO: ABLECTOR TIME: 0.177948
[Ablector] INFO: SAT TIME: 0.173224
[Ablector] INFO: REF TIME: 0.010726
[runlim] end:			Wed May 13 15:53:42 2020
[runlim] status:		ok
[runlim] result:		0
[runlim] children:		0
[runlim] real:			1.40 seconds
[runlim] time:			1.15 seconds
[runlim] space:			41.9 MB
[runlim] samples:		6
[runlim] version:		1.10
[runlim] time limit:		311040000 seconds
[runlim] real time limit:	1200 seconds
[runlim] space limit:		15000 MB
[runlim] argv[0]:		python3
[runlim] argv[1]:		/raid/steuber/Software/ablector/ablector
[runlim] argv[2]:		/raid/steuber/Benchmarks/2019/QF_BV/sage/app7/bench_7858.smt2
[runlim] argv[3]:		--ufReuse=1
[runlim] argv[4]:		--unsigned
[runlim] start:			Wed May 13 15:53:42 2020
[runlim] main pid:		9027
[Ablector] INFO: ABLECTOR TIME: 0.003925
[runlim] end:			Wed May 13 15:53:44 2020
[runlim] status:		ok
[runlim] result:		0
[runlim] children:		13
[runlim] real:			2.59 seconds
[runlim] time:			2.23 seconds
[runlim] space:			83.7 MB
[runlim] samples:		18
[runlim] version:		1.10
[runlim] time limit:		311040000 seconds
[runlim] real time limit:	1200 seconds
[runlim] space limit:		15000 MB
[runlim] argv[0]:		python3
[runlim] argv[1]:		/raid/steuber/Software/ablector/ablector
[runlim] argv[2]:		/raid/steuber/Benchmarks/2019/QF_BV/Sage2/bench_6432.smt2
[runlim] argv[3]:		--ufReuse=1
[runlim] argv[4]:		--unsigned
[runlim] start:			Wed May 13 15:53:44 2020
[runlim] main pid:		9047
[Ablector] INFO: *** ROUND 0
[MulNode] INFO: Level 0
[Ablector] INFO: ABLECTOR TIME: 0.171256
[Ablector] INFO: SAT TIME: 0.166526
[Ablector] INFO: REF TIME: 0.010913
[runlim] end:			Wed May 13 15:53:45 2020
[runlim] status:		ok
[runlim] result:		0
[runlim] children:		0
[runlim] real:			1.64 seconds
[runlim] time:			1.15 seconds
[runlim] space:			41.8 MB
[runlim] samples:		6
[runlim] version:		1.10
[runlim] time limit:		311040000 seconds
[runlim] real time limit:	1200 seconds
[runlim] space limit:		15000 MB
[runlim] argv[0]:		python3
[runlim] argv[1]:		/raid/steuber/Software/ablector/ablector
[runlim] argv[2]:		/raid/steuber/Benchmarks/2019/QF_BV/sage/app7/bench_3186.smt2
[runlim] argv[3]:		--ufReuse=1
[runlim] argv[4]:		--unsigned
[runlim] start:			Wed May 13 15:53:45 2020
[runlim] main pid:		9067
[Ablector] INFO: ABLECTOR TIME: 0.003920
[runlim] end:			Wed May 13 15:53:46 2020
[runlim] status:		ok
[runlim] result:		0
[runlim] children:		2
[runlim] real:			1.68 seconds
[runlim] time:			1.12 seconds
[runlim] space:			49.9 MB
[runlim] samples:		6
[runlim] version:		1.10
[runlim] time limit:		311040000 seconds
[runlim] real time limit:	1200 seconds
[runlim] space limit:		15000 MB
[runlim] argv[0]:		python3
[runlim] argv[1]:		/raid/steuber/Software/ablector/ablector
[runlim] argv[2]:		/raid/steuber/Benchmarks/2019/QF_BV/Sage2/bench_10084.smt2
[runlim] argv[3]:		--ufReuse=1
[runlim] argv[4]:		--unsigned
[runlim] start:			Wed May 13 15:53:47 2020
[runlim] main pid:		9088
[Ablector] INFO: *** ROUND 0
[MulNode] INFO: Level 0
[MulNode] INFO: Level 0
[MulNode] INFO: Level 0
[MulNode] INFO: Level 0
[MulNode] INFO: Level 0
[MulNode] INFO: Level 0
[MulNode] INFO: Level 0
[Ablector] INFO: ABLECTOR TIME: 0.205560
[Ablector] INFO: SAT TIME: 0.199733
[Ablector] INFO: REF TIME: 0.070469
[runlim] end:			Wed May 13 15:53:47 2020
[runlim] status:		ok
[runlim] result:		0
[runlim] children:		1
[runlim] real:			0.73 seconds
[runlim] time:			1.24 seconds
[runlim] space:			45.0 MB
[runlim] samples:		7
[runlim] version:		1.10
[runlim] time limit:		311040000 seconds
[runlim] real time limit:	1200 seconds
[runlim] space limit:		15000 MB
[runlim] argv[0]:		python3
[runlim] argv[1]:		/raid/steuber/Software/ablector/ablector
[runlim] argv[2]:		/raid/steuber/Benchmarks/2019/QF_BV/sage/app1/bench_2205.smt2
[runlim] argv[3]:		--ufReuse=1
[runlim] argv[4]:		--unsigned
[runlim] start:			Wed May 13 15:53:48 2020
[runlim] main pid:		9108
[Ablector] INFO: *** ROUND 0
[UdivNode] INFO: Level 0
[UdivNode] INFO: Level 0
[UdivNode] INFO: Level 0
[UdivNode] INFO: Level 0
[UdivNode] INFO: Level 0
[UdivNode] INFO: Level 0
[UdivNode] INFO: Level 0
[UdivNode] INFO: Level 0
[UdivNode] INFO: Level 0
[UdivNode] INFO: Level 0
[UdivNode] INFO: Level 0
[UdivNode] INFO: Level 0
[UdivNode] INFO: Level 0
[UdivNode] INFO: Level 0
[UdivNode] INFO: Level 0
[UdivNode] INFO: Level 0
[UdivNode] INFO: Level 0
[UdivNode] INFO: Level 0
[UdivNode] INFO: Level 0
[UdivNode] INFO: Level 0
[UdivNode] INFO: Level 0
[UdivNode] INFO: Level 0
[UdivNode] INFO: Level 0
[UdivNode] INFO: Level 0
[UdivNode] INFO: Level 0
[UdivNode] INFO: Level 0
[UdivNode] INFO: Level 0
[UdivNode] INFO: Level 0
[UdivNode] INFO: Level 0
[UdivNode] INFO: Level 0
[UdivNode] INFO: Level 0
[UdivNode] INFO: Level 0
[UdivNode] INFO: Level 0
[UdivNode] INFO: Level 0
[UdivNode] INFO: Level 0
[UdivNode] INFO: Level 0
[UdivNode] INFO: Level 0
[UdivNode] INFO: Level 0
[UdivNode] INFO: Level 0
[Ablector] INFO: ABLECTOR TIME: 0.240674
[Ablector] INFO: SAT TIME: 0.233783
[Ablector] INFO: REF TIME: 0.048506
[runlim] end:			Wed May 13 15:53:48 2020
[runlim] status:		ok
[runlim] result:		0
[runlim] children:		0
[runlim] real:			0.84 seconds
[runlim] time:			1.26 seconds
[runlim] space:			67.8 MB
[runlim] samples:		7
[runlim] version:		1.10
[runlim] time limit:		311040000 seconds
[runlim] real time limit:	1200 seconds
[runlim] space limit:		15000 MB
[runlim] argv[0]:		python3
[runlim] argv[1]:		/raid/steuber/Software/ablector/ablector
[runlim] argv[2]:		/raid/steuber/Benchmarks/2019/QF_BV/sage/app7/bench_6155.smt2
[runlim] argv[3]:		--ufReuse=1
[runlim] argv[4]:		--unsigned
[runlim] start:			Wed May 13 15:53:49 2020
[runlim] main pid:		9128
[Ablector] INFO: ABLECTOR TIME: 0.003812
[runlim] end:			Wed May 13 15:53:49 2020
[runlim] status:		ok
[runlim] result:		0
[runlim] children:		0
[runlim] real:			0.64 seconds
[runlim] time:			0.94 seconds
[runlim] space:			37.5 MB
[runlim] samples:		4
[runlim] version:		1.10
[runlim] time limit:		311040000 seconds
[runlim] real time limit:	1200 seconds
[runlim] space limit:		15000 MB
[runlim] argv[0]:		python3
[runlim] argv[1]:		/raid/steuber/Software/ablector/ablector
[runlim] argv[2]:		/raid/steuber/Benchmarks/2019/QF_BV/sage/app1/bench_8.smt2
[runlim] argv[3]:		--ufReuse=1
[runlim] argv[4]:		--unsigned
[runlim] start:			Wed May 13 15:53:49 2020
[runlim] main pid:		9148
[Ablector] INFO: ABLECTOR TIME: 0.003904
[runlim] end:			Wed May 13 15:53:50 2020
[runlim] status:		ok
[runlim] result:		0
[runlim] children:		1
[runlim] real:			1.47 seconds
[runlim] time:			0.95 seconds
[runlim] space:			40.0 MB
[runlim] samples:		4
[runlim] version:		1.10
[runlim] time limit:		311040000 seconds
[runlim] real time limit:	1200 seconds
[runlim] space limit:		15000 MB
[runlim] argv[0]:		python3
[runlim] argv[1]:		/raid/steuber/Software/ablector/ablector
[runlim] argv[2]:		/raid/steuber/Benchmarks/2019/QF_BV/sage/app7/bench_4653.smt2
[runlim] argv[3]:		--ufReuse=1
[runlim] argv[4]:		--unsigned
[runlim] start:			Wed May 13 15:53:50 2020
[runlim] main pid:		9168
[Ablector] INFO: ABLECTOR TIME: 0.004000
[runlim] end:			Wed May 13 15:53:51 2020
[runlim] status:		ok
[runlim] result:		0
[runlim] children:		2
[runlim] real:			1.39 seconds
[runlim] time:			1.04 seconds
[runlim] space:			46.6 MB
[runlim] samples:		5
[runlim] version:		1.10
[runlim] time limit:		311040000 seconds
[runlim] real time limit:	1200 seconds
[runlim] space limit:		15000 MB
[runlim] argv[0]:		python3
[runlim] argv[1]:		/raid/steuber/Software/ablector/ablector
[runlim] argv[2]:		/raid/steuber/Benchmarks/2019/QF_BV/sage/app7/bench_4706.smt2
[runlim] argv[3]:		--ufReuse=1
[runlim] argv[4]:		--unsigned
[runlim] start:			Wed May 13 15:53:51 2020
[runlim] main pid:		9188
[Ablector] INFO: ABLECTOR TIME: 0.003950
[runlim] end:			Wed May 13 15:53:52 2020
[runlim] status:		ok
[runlim] result:		0
[runlim] children:		2
[runlim] real:			1.35 seconds
[runlim] time:			1.03 seconds
[runlim] space:			45.4 MB
[runlim] samples:		6
[runlim] version:		1.10
[runlim] time limit:		311040000 seconds
[runlim] real time limit:	1200 seconds
[runlim] space limit:		15000 MB
[runlim] argv[0]:		python3
[runlim] argv[1]:		/raid/steuber/Software/ablector/ablector
[runlim] argv[2]:		/raid/steuber/Benchmarks/2019/QF_BV/sage/app9/bench_57.smt2
[runlim] argv[3]:		--ufReuse=1
[runlim] argv[4]:		--unsigned
[runlim] start:			Wed May 13 15:53:52 2020
[runlim] main pid:		9208
[Ablector] INFO: ABLECTOR TIME: 0.003775
[runlim] end:			Wed May 13 15:53:53 2020
[runlim] status:		ok
[runlim] result:		0
[runlim] children:		0
[runlim] real:			1.15 seconds
[runlim] time:			0.92 seconds
[runlim] space:			37.6 MB
[runlim] samples:		4
[runlim] version:		1.10
[runlim] time limit:		311040000 seconds
[runlim] real time limit:	1200 seconds
[runlim] space limit:		15000 MB
[runlim] argv[0]:		python3
[runlim] argv[1]:		/raid/steuber/Software/ablector/ablector
[runlim] argv[2]:		/raid/steuber/Benchmarks/2019/QF_BV/sage/app9/bench_593.smt2
[runlim] argv[3]:		--ufReuse=1
[runlim] argv[4]:		--unsigned
[runlim] start:			Wed May 13 15:53:53 2020
[runlim] main pid:		9228
[Ablector] INFO: ABLECTOR TIME: 0.003815
[runlim] end:			Wed May 13 15:53:53 2020
[runlim] status:		ok
[runlim] result:		0
[runlim] children:		0
[runlim] real:			0.94 seconds
[runlim] time:			0.96 seconds
[runlim] space:			37.6 MB
[runlim] samples:		4
[runlim] version:		1.10
[runlim] time limit:		311040000 seconds
[runlim] real time limit:	1200 seconds
[runlim] space limit:		15000 MB
[runlim] argv[0]:		python3
[runlim] argv[1]:		/raid/steuber/Software/ablector/ablector
[runlim] argv[2]:		/raid/steuber/Benchmarks/2019/QF_BV/sage/app7/bench_558.smt2
[runlim] argv[3]:		--ufReuse=1
[runlim] argv[4]:		--unsigned
[runlim] start:			Wed May 13 15:53:54 2020
[runlim] main pid:		9250
[Ablector] INFO: ABLECTOR TIME: 0.003921
[runlim] end:			Wed May 13 15:53:56 2020
[runlim] status:		ok
[runlim] result:		0
[runlim] children:		19
[runlim] real:			2.59 seconds
[runlim] time:			2.73 seconds
[runlim] space:			98.1 MB
[runlim] samples:		23
[runlim] version:		1.10
[runlim] time limit:		311040000 seconds
[runlim] real time limit:	1200 seconds
[runlim] space limit:		15000 MB
[runlim] argv[0]:		python3
[runlim] argv[1]:		/raid/steuber/Software/ablector/ablector
[runlim] argv[2]:		/raid/steuber/Benchmarks/2019/QF_BV/sage/app12/bench_5603.smt2
[runlim] argv[3]:		--ufReuse=1
[runlim] argv[4]:		--unsigned
[runlim] start:			Wed May 13 15:53:56 2020
[runlim] main pid:		9270
[Ablector] INFO: *** ROUND 0
[UdivNode] INFO: Level 0
[Ablector] INFO: ABLECTOR TIME: 0.054682
[Ablector] INFO: SAT TIME: 0.050129
[Ablector] INFO: REF TIME: 0.001851
[runlim] end:			Wed May 13 15:53:57 2020
[runlim] status:		segmentation fault
[runlim] result:		4
[runlim] children:		0
[runlim] real:			1.68 seconds
[runlim] time:			1.09 seconds
[runlim] space:			40.3 MB
[runlim] samples:		7
[runlim] version:		1.10
[runlim] time limit:		311040000 seconds
[runlim] real time limit:	1200 seconds
[runlim] space limit:		15000 MB
[runlim] argv[0]:		python3
[runlim] argv[1]:		/raid/steuber/Software/ablector/ablector
[runlim] argv[2]:		/raid/steuber/Benchmarks/2019/QF_BV/sage/app7/bench_1825.smt2
[runlim] argv[3]:		--ufReuse=1
[runlim] argv[4]:		--unsigned
[runlim] start:			Wed May 13 15:53:58 2020
[runlim] main pid:		9290
[Ablector] INFO: ABLECTOR TIME: 0.004011
[runlim] end:			Wed May 13 15:54:00 2020
[runlim] status:		ok
[runlim] result:		0
[runlim] children:		18
[runlim] real:			2.29 seconds
[runlim] time:			2.61 seconds
[runlim] space:			98.1 MB
[runlim] samples:		22
[runlim] version:		1.10
[runlim] time limit:		311040000 seconds
[runlim] real time limit:	1200 seconds
[runlim] space limit:		15000 MB
[runlim] argv[0]:		python3
[runlim] argv[1]:		/raid/steuber/Software/ablector/ablector
[runlim] argv[2]:		/raid/steuber/Benchmarks/2019/QF_BV/Sage2/bench_17078.smt2
[runlim] argv[3]:		--ufReuse=1
[runlim] argv[4]:		--unsigned
[runlim] start:			Wed May 13 15:54:00 2020
[runlim] main pid:		9310
[Ablector] INFO: *** ROUND 0
[Ablector] INFO: *** ROUND 1
[MulNode] INFO: Level 0
[UdivNode] INFO: Level 1
[MulNode] INFO: Level 1
[MulNode] INFO: Level 0
[MulNode] INFO: Level 0
[MulNode] INFO: Level 0
[MulNode] INFO: Level 0
[MulNode] INFO: Level 0
[MulNode] INFO: Level 0
[MulNode] INFO: Level 0
[MulNode] INFO: Level 0
[MulNode] INFO: Level 0
[Ablector] INFO: ABLECTOR TIME: 2.981621
[Ablector] INFO: SAT TIME: 2.974999
[Ablector] INFO: REF TIME: 0.118702
[runlim] end:			Wed May 13 15:54:04 2020
[runlim] status:		ok
[runlim] result:		0
[runlim] children:		0
[runlim] real:			4.12 seconds
[runlim] time:			3.94 seconds
[runlim] space:			63.0 MB
[runlim] samples:		34
[runlim] version:		1.10
[runlim] time limit:		311040000 seconds
[runlim] real time limit:	1200 seconds
[runlim] space limit:		15000 MB
[runlim] argv[0]:		python3
[runlim] argv[1]:		/raid/steuber/Software/ablector/ablector
[runlim] argv[2]:		/raid/steuber/Benchmarks/2019/QF_BV/sage/app8/bench_254.smt2
[runlim] argv[3]:		--ufReuse=1
[runlim] argv[4]:		--unsigned
[runlim] start:			Wed May 13 15:54:04 2020
[runlim] main pid:		9331
[Ablector] INFO: *** ROUND 0
[MulNode] INFO: Level 0
[MulNode] INFO: Level 0
[MulNode] INFO: Level 0
[MulNode] INFO: Level 0
[MulNode] INFO: Level 0
[MulNode] INFO: Level 0
[MulNode] INFO: Level 0
[MulNode] INFO: Level 0
[MulNode] INFO: Level 0
[MulNode] INFO: Level 0
[MulNode] INFO: Level 0
[Ablector] INFO: ABLECTOR TIME: 0.192148
[Ablector] INFO: SAT TIME: 0.184978
[Ablector] INFO: REF TIME: 0.104775
[runlim] end:			Wed May 13 15:54:05 2020
[runlim] status:		ok
[runlim] result:		0
[runlim] children:		0
[runlim] real:			1.33 seconds
[runlim] time:			1.34 seconds
[runlim] space:			50.5 MB
[runlim] samples:		8
[runlim] version:		1.10
[runlim] time limit:		311040000 seconds
[runlim] real time limit:	1200 seconds
[runlim] space limit:		15000 MB
[runlim] argv[0]:		python3
[runlim] argv[1]:		/raid/steuber/Software/ablector/ablector
[runlim] argv[2]:		/raid/steuber/Benchmarks/2019/QF_BV/Sage2/bench_16165.smt2
[runlim] argv[3]:		--ufReuse=1
[runlim] argv[4]:		--unsigned
[runlim] start:			Wed May 13 15:54:05 2020
[runlim] main pid:		9351
[Ablector] INFO: *** ROUND 0
[runlim] sample:		10.6 time, 10.7 real, 66.9 MB
[runlim] sample:		20.6 time, 20.7 real, 72.9 MB
[runlim] sample:		30.6 time, 30.7 real, 80.1 MB
[runlim] sample:		40.5 time, 40.7 real, 85.4 MB
[runlim] sample:		50.5 time, 50.7 real, 90.0 MB
[MulNode] INFO: Level 0
[MulNode] INFO: Level 0
[MulNode] INFO: Level 0
[MulNode] INFO: Level 0
[MulNode] INFO: Level 0
[MulNode] INFO: Level 0
[MulNode] INFO: Level 0
[MulNode] INFO: Level 0
[MulNode] INFO: Level 0
[MulNode] INFO: Level 0
[MulNode] INFO: Level 0
[MulNode] INFO: Level 0
[MulNode] INFO: Level 0
[MulNode] INFO: Level 0
[MulNode] INFO: Level 0
[MulNode] INFO: Level 0
[MulNode] INFO: Level 0
[MulNode] INFO: Level 0
[MulNode] INFO: Level 0
[MulNode] INFO: Level 0
[MulNode] INFO: Level 0
[Ablector] INFO: ABLECTOR TIME: 55.511688
[Ablector] INFO: SAT TIME: 55.503072
[Ablector] INFO: REF TIME: 0.204577
[runlim] end:			Wed May 13 15:55:01 2020
[runlim] status:		ok
[runlim] result:		0
[runlim] children:		0
[runlim] real:			56.78 seconds
[runlim] time:			56.64 seconds
[runlim] space:			96.3 MB
[runlim] samples:		561
[runlim] version:		1.10
[runlim] time limit:		311040000 seconds
[runlim] real time limit:	1200 seconds
[runlim] space limit:		15000 MB
[runlim] argv[0]:		python3
[runlim] argv[1]:		/raid/steuber/Software/ablector/ablector
[runlim] argv[2]:		/raid/steuber/Benchmarks/2019/QF_BV/Sage2/bench_4627.smt2
[runlim] argv[3]:		--ufReuse=1
[runlim] argv[4]:		--unsigned
[runlim] start:			Wed May 13 15:55:02 2020
[runlim] main pid:		9380
[Ablector] INFO: *** ROUND 0
[MulNode] INFO: Level 0
[MulNode] INFO: Level 0
[MulNode] INFO: Level 0
[MulNode] INFO: Level 0
[MulNode] INFO: Level 0
[MulNode] INFO: Level 0
[MulNode] INFO: Level 0
[MulNode] INFO: Level 0
[MulNode] INFO: Level 0
[MulNode] INFO: Level 0
[MulNode] INFO: Level 0
[UdivNode] INFO: Level 0
[MulNode] INFO: Level 0
[MulNode] INFO: Level 0
[UdivNode] INFO: Level 0
[MulNode] INFO: Level 0
[MulNode] INFO: Level 0
[MulNode] INFO: Level 0
[MulNode] INFO: Level 0
[MulNode] INFO: Level 0
[MulNode] INFO: Level 0
[MulNode] INFO: Level 0
[MulNode] INFO: Level 0
[MulNode] INFO: Level 0
[MulNode] INFO: Level 0
[MulNode] INFO: Level 0
[MulNode] INFO: Level 0
[MulNode] INFO: Level 0
[MulNode] INFO: Level 0
[MulNode] INFO: Level 0
[MulNode] INFO: Level 0
[MulNode] INFO: Level 0
[MulNode] INFO: Level 0
[MulNode] INFO: Level 0
[MulNode] INFO: Level 0
[MulNode] INFO: Level 0
[Ablector] INFO: ABLECTOR TIME: 2.142581
[Ablector] INFO: SAT TIME: 2.131476
[Ablector] INFO: REF TIME: 0.264922
[runlim] end:			Wed May 13 15:55:05 2020
[runlim] status:		ok
[runlim] result:		0
[runlim] children:		0
[runlim] real:			3.56 seconds
[runlim] time:			3.67 seconds
[runlim] space:			75.5 MB
[runlim] samples:		33
[runlim] version:		1.10
[runlim] time limit:		311040000 seconds
[runlim] real time limit:	1200 seconds
[runlim] space limit:		15000 MB
[runlim] argv[0]:		python3
[runlim] argv[1]:		/raid/steuber/Software/ablector/ablector
[runlim] argv[2]:		/raid/steuber/Benchmarks/2019/QF_BV/sage/app11/bench_332.smt2
[runlim] argv[3]:		--ufReuse=1
[runlim] argv[4]:		--unsigned
[runlim] start:			Wed May 13 15:55:05 2020
[runlim] main pid:		9400
[Ablector] INFO: ABLECTOR TIME: 0.003931
[runlim] end:			Wed May 13 15:55:06 2020
[runlim] status:		ok
[runlim] result:		0
[runlim] children:		5
[runlim] real:			1.91 seconds
[runlim] time:			1.41 seconds
[runlim] space:			66.0 MB
[runlim] samples:		9
[runlim] version:		1.10
[runlim] time limit:		311040000 seconds
[runlim] real time limit:	1200 seconds
[runlim] space limit:		15000 MB
[runlim] argv[0]:		python3
[runlim] argv[1]:		/raid/steuber/Software/ablector/ablector
[runlim] argv[2]:		/raid/steuber/Benchmarks/2019/QF_BV/Sage2/bench_10751.smt2
[runlim] argv[3]:		--ufReuse=1
[runlim] argv[4]:		--unsigned
[runlim] start:			Wed May 13 15:55:07 2020
[runlim] main pid:		9421
[Ablector] INFO: *** ROUND 0
[MulNode] INFO: Level 0
[MulNode] INFO: Level 0
[MulNode] INFO: Level 0
[MulNode] INFO: Level 0
[MulNode] INFO: Level 0
[MulNode] INFO: Level 0
[MulNode] INFO: Level 0
[MulNode] INFO: Level 0
[MulNode] INFO: Level 0
[MulNode] INFO: Level 0
[MulNode] INFO: Level 0
[MulNode] INFO: Level 0
[MulNode] INFO: Level 0
[MulNode] INFO: Level 0
[MulNode] INFO: Level 0
[MulNode] INFO: Level 0
[MulNode] INFO: Level 0
[MulNode] INFO: Level 0
[MulNode] INFO: Level 0
[MulNode] INFO: Level 0
[MulNode] INFO: Level 0
[MulNode] INFO: Level 0
[MulNode] INFO: Level 0
[MulNode] INFO: Level 0
[MulNode] INFO: Level 0
[MulNode] INFO: Level 0
[MulNode] INFO: Level 0
[MulNode] INFO: Level 0
[MulNode] INFO: Level 0
[MulNode] INFO: Level 0
[MulNode] INFO: Level 0
[MulNode] INFO: Level 0
[MulNode] INFO: Level 0
[MulNode] INFO: Level 0
[MulNode] INFO: Level 0
[MulNode] INFO: Level 0
[MulNode] INFO: Level 0
[MulNode] INFO: Level 0
[MulNode] INFO: Level 0
[MulNode] INFO: Level 0
[MulNode] INFO: Level 0
[MulNode] INFO: Level 0
[MulNode] INFO: Level 0
[Ablector] INFO: ABLECTOR TIME: 1.336151
[Ablector] INFO: SAT TIME: 1.323552
[Ablector] INFO: REF TIME: 0.379484
[runlim] end:			Wed May 13 15:55:09 2020
[runlim] status:		ok
[runlim] result:		0
[runlim] children:		0
[runlim] real:			2.31 seconds
[runlim] time:			2.44 seconds
[runlim] space:			75.3 MB
[runlim] samples:		20
[runlim] version:		1.10
[runlim] time limit:		311040000 seconds
[runlim] real time limit:	1200 seconds
[runlim] space limit:		15000 MB
[runlim] argv[0]:		python3
[runlim] argv[1]:		/raid/steuber/Software/ablector/ablector
[runlim] argv[2]:		/raid/steuber/Benchmarks/2019/QF_BV/sage/app7/bench_2091.smt2
[runlim] argv[3]:		--ufReuse=1
[runlim] argv[4]:		--unsigned
[runlim] start:			Wed May 13 15:55:09 2020
[runlim] main pid:		9441
[Ablector] INFO: ABLECTOR TIME: 0.003912
[runlim] end:			Wed May 13 15:55:11 2020
[runlim] status:		ok
[runlim] result:		0
[runlim] children:		18
[runlim] real:			2.97 seconds
[runlim] time:			2.73 seconds
[runlim] space:			98.0 MB
[runlim] samples:		23
[runlim] version:		1.10
[runlim] time limit:		311040000 seconds
[runlim] real time limit:	1200 seconds
[runlim] space limit:		15000 MB
[runlim] argv[0]:		python3
[runlim] argv[1]:		/raid/steuber/Software/ablector/ablector
[runlim] argv[2]:		/raid/steuber/Benchmarks/2019/QF_BV/Sage2/bench_3475.smt2
[runlim] argv[3]:		--ufReuse=1
[runlim] argv[4]:		--unsigned
[runlim] start:			Wed May 13 15:55:12 2020
[runlim] main pid:		9461
[Ablector] INFO: *** ROUND 0
[MulNode] INFO: Level 0
[MulNode] INFO: Level 0
[MulNode] INFO: Level 0
[MulNode] INFO: Level 0
[MulNode] INFO: Level 0
[MulNode] INFO: Level 0
[MulNode] INFO: Level 0
[Ablector] INFO: ABLECTOR TIME: 0.122731
[Ablector] INFO: SAT TIME: 0.116888
[Ablector] INFO: REF TIME: 0.068930
[runlim] end:			Wed May 13 15:55:13 2020
[runlim] status:		ok
[runlim] result:		0
[runlim] children:		0
[runlim] real:			1.02 seconds
[runlim] time:			1.22 seconds
[runlim] space:			42.7 MB
[runlim] samples:		7
[runlim] version:		1.10
[runlim] time limit:		311040000 seconds
[runlim] real time limit:	1200 seconds
[runlim] space limit:		15000 MB
[runlim] argv[0]:		python3
[runlim] argv[1]:		/raid/steuber/Software/ablector/ablector
[runlim] argv[2]:		/raid/steuber/Benchmarks/2019/QF_BV/sage/app7/bench_6504.smt2
[runlim] argv[3]:		--ufReuse=1
[runlim] argv[4]:		--unsigned
[runlim] start:			Wed May 13 15:55:13 2020
[runlim] main pid:		9481
[Ablector] INFO: *** ROUND 0
[MulNode] INFO: Level 0
[Ablector] INFO: ABLECTOR TIME: 0.034448
[Ablector] INFO: SAT TIME: 0.029206
[Ablector] INFO: REF TIME: 0.010338
[runlim] end:			Wed May 13 15:55:13 2020
[runlim] status:		ok
[runlim] result:		0
[runlim] children:		0
[runlim] real:			0.95 seconds
[runlim] time:			1.04 seconds
[runlim] space:			41.1 MB
[runlim] samples:		5
[runlim] version:		1.10
[runlim] time limit:		311040000 seconds
[runlim] real time limit:	1200 seconds
[runlim] space limit:		15000 MB
[runlim] argv[0]:		python3
[runlim] argv[1]:		/raid/steuber/Software/ablector/ablector
[runlim] argv[2]:		/raid/steuber/Benchmarks/2019/QF_BV/sage/app7/bench_4059.smt2
[runlim] argv[3]:		--ufReuse=1
[runlim] argv[4]:		--unsigned
[runlim] start:			Wed May 13 15:55:14 2020
[runlim] main pid:		9501
[Ablector] INFO: ABLECTOR TIME: 0.003906
[runlim] end:			Wed May 13 15:55:14 2020
[runlim] status:		ok
[runlim] result:		0
[runlim] children:		2
[runlim] real:			0.95 seconds
[runlim] time:			1.03 seconds
[runlim] space:			43.4 MB
[runlim] samples:		6
[runlim] version:		1.10
[runlim] time limit:		311040000 seconds
[runlim] real time limit:	1200 seconds
[runlim] space limit:		15000 MB
[runlim] argv[0]:		python3
[runlim] argv[1]:		/raid/steuber/Software/ablector/ablector
[runlim] argv[2]:		/raid/steuber/Benchmarks/2019/QF_BV/Sage2/bench_5280.smt2
[runlim] argv[3]:		--ufReuse=1
[runlim] argv[4]:		--unsigned
[runlim] start:			Wed May 13 15:55:15 2020
[runlim] main pid:		9521
[Ablector] INFO: *** ROUND 0
[MulNode] INFO: Level 0
[MulNode] INFO: Level 0
[MulNode] INFO: Level 0
[MulNode] INFO: Level 0
[MulNode] INFO: Level 0
[MulNode] INFO: Level 0
[MulNode] INFO: Level 0
[MulNode] INFO: Level 0
[MulNode] INFO: Level 0
[MulNode] INFO: Level 0
[MulNode] INFO: Level 0
[MulNode] INFO: Level 0
[MulNode] INFO: Level 0
[MulNode] INFO: Level 0
[MulNode] INFO: Level 0
[MulNode] INFO: Level 0
[MulNode] INFO: Level 0
[MulNode] INFO: Level 0
[MulNode] INFO: Level 0
[MulNode] INFO: Level 0
[MulNode] INFO: Level 0
[MulNode] INFO: Level 0
[MulNode] INFO: Level 0
[MulNode] INFO: Level 0
[MulNode] INFO: Level 0
[MulNode] INFO: Level 0
[MulNode] INFO: Level 0
[MulNode] INFO: Level 0
[MulNode] INFO: Level 0
[MulNode] INFO: Level 0
[MulNode] INFO: Level 0
[MulNode] INFO: Level 0
[MulNode] INFO: Level 0
[MulNode] INFO: Level 0
[MulNode] INFO: Level 0
[MulNode] INFO: Level 0
[MulNode] INFO: Level 0
[MulNode] INFO: Level 0
[MulNode] INFO: Level 0
[MulNode] INFO: Level 0
[MulNode] INFO: Level 0
[MulNode] INFO: Level 0
[MulNode] INFO: Level 0
[MulNode] INFO: Level 0
[MulNode] INFO: Level 0
[MulNode] INFO: Level 0
[MulNode] INFO: Level 0
[MulNode] INFO: Level 0
[MulNode] INFO: Level 0
[MulNode] INFO: Level 0
[MulNode] INFO: Level 0
[Ablector] INFO: ABLECTOR TIME: 2.163539
[Ablector] INFO: SAT TIME: 2.149749
[Ablector] INFO: REF TIME: 0.464144
[runlim] end:			Wed May 13 15:55:18 2020
[runlim] status:		ok
[runlim] result:		0
[runlim] children:		0
[runlim] real:			3.16 seconds
[runlim] time:			3.34 seconds
[runlim] space:			80.2 MB
[runlim] samples:		28
[runlim] version:		1.10
[runlim] time limit:		311040000 seconds
[runlim] real time limit:	1200 seconds
[runlim] space limit:		15000 MB
[runlim] argv[0]:		python3
[runlim] argv[1]:		/raid/steuber/Software/ablector/ablector
[runlim] argv[2]:		/raid/steuber/Benchmarks/2019/QF_BV/Sage2/bench_164.smt2
[runlim] argv[3]:		--ufReuse=1
[runlim] argv[4]:		--unsigned
[runlim] start:			Wed May 13 15:55:18 2020
[runlim] main pid:		9542
[Ablector] INFO: *** ROUND 0
[runlim] sample:		10.2 time, 10.5 real, 220.3 MB
[runlim] sample:		20.2 time, 20.5 real, 223.1 MB
[runlim] sample:		30.2 time, 30.5 real, 227.0 MB
[runlim] sample:		40.2 time, 40.5 real, 219.3 MB
[MulNode] INFO: Level 0
[MulNode] INFO: Level 0
[MulNode] INFO: Level 0
[MulNode] INFO: Level 0
[MulNode] INFO: Level 0
[MulNode] INFO: Level 0
[MulNode] INFO: Level 0
[MulNode] INFO: Level 0
[MulNode] INFO: Level 0
[MulNode] INFO: Level 0
[MulNode] INFO: Level 0
[MulNode] INFO: Level 0
[MulNode] INFO: Level 0
[MulNode] INFO: Level 0
[MulNode] INFO: Level 0
[MulNode] INFO: Level 0
[MulNode] INFO: Level 0
[MulNode] INFO: Level 0
[MulNode] INFO: Level 0
[MulNode] INFO: Level 0
[MulNode] INFO: Level 0
[MulNode] INFO: Level 0
[MulNode] INFO: Level 0
[MulNode] INFO: Level 0
[MulNode] INFO: Level 0
[MulNode] INFO: Level 0
[MulNode] INFO: Level 0
[MulNode] INFO: Level 0
[MulNode] INFO: Level 0
[MulNode] INFO: Level 0
[MulNode] INFO: Level 0
[MulNode] INFO: Level 0
[MulNode] INFO: Level 0
[MulNode] INFO: Level 0
[MulNode] INFO: Level 0
[MulNode] INFO: Level 0
[MulNode] INFO: Level 0
[MulNode] INFO: Level 0
[MulNode] INFO: Level 0
[MulNode] INFO: Level 0
[MulNode] INFO: Level 0
[MulNode] INFO: Level 0
[MulNode] INFO: Level 0
[MulNode] INFO: Level 0
[MulNode] INFO: Level 0
[MulNode] INFO: Level 0
[MulNode] INFO: Level 0
[MulNode] INFO: Level 0
[MulNode] INFO: Level 0
[MulNode] INFO: Level 0
[MulNode] INFO: Level 0
[MulNode] INFO: Level 0
[MulNode] INFO: Level 0
[MulNode] INFO: Level 0
[MulNode] INFO: Level 0
[MulNode] INFO: Level 0
[MulNode] INFO: Level 0
[MulNode] INFO: Level 0
[MulNode] INFO: Level 0
[MulNode] INFO: Level 0
[MulNode] INFO: Level 0
[MulNode] INFO: Level 0
[MulNode] INFO: Level 0
[MulNode] INFO: Level 0
[MulNode] INFO: Level 0
[MulNode] INFO: Level 0
[MulNode] INFO: Level 0
[MulNode] INFO: Level 0
[MulNode] INFO: Level 0
[MulNode] INFO: Level 0
[MulNode] INFO: Level 0
[MulNode] INFO: Level 0
[MulNode] INFO: Level 0
[MulNode] INFO: Level 0
[MulNode] INFO: Level 0
[MulNode] INFO: Level 0
[MulNode] INFO: Level 0
[MulNode] INFO: Level 0
[MulNode] INFO: Level 0
[MulNode] INFO: Level 0
[MulNode] INFO: Level 0
[MulNode] INFO: Level 0
[MulNode] INFO: Level 0
[MulNode] INFO: Level 0
[MulNode] INFO: Level 0
[MulNode] INFO: Level 0
[MulNode] INFO: Level 0
[MulNode] INFO: Level 0
[MulNode] INFO: Level 0
[MulNode] INFO: Level 0
[MulNode] INFO: Level 0
[MulNode] INFO: Level 0
[MulNode] INFO: Level 0
[MulNode] INFO: Level 0
[MulNode] INFO: Level 0
[MulNode] INFO: Level 0
[MulNode] INFO: Level 0
[MulNode] INFO: Level 0
[MulNode] INFO: Level 0
[MulNode] INFO: Level 0
[MulNode] INFO: Level 0
[MulNode] INFO: Level 0
[MulNode] INFO: Level 0
[MulNode] INFO: Level 0
[MulNode] INFO: Level 0
[MulNode] INFO: Level 0
[MulNode] INFO: Level 0
[MulNode] INFO: Level 0
[MulNode] INFO: Level 0
[MulNode] INFO: Level 0
[MulNode] INFO: Level 0
[MulNode] INFO: Level 0
[MulNode] INFO: Level 0
[MulNode] INFO: Level 0
[MulNode] INFO: Level 0
[MulNode] INFO: Level 0
[MulNode] INFO: Level 0
[MulNode] INFO: Level 0
[MulNode] INFO: Level 0
[MulNode] INFO: Level 0
[MulNode] INFO: Level 0
[MulNode] INFO: Level 0
[MulNode] INFO: Level 0
[MulNode] INFO: Level 0
[MulNode] INFO: Level 0
[MulNode] INFO: Level 0
[MulNode] INFO: Level 0
[MulNode] INFO: Level 0
[MulNode] INFO: Level 0
[MulNode] INFO: Level 0
[MulNode] INFO: Level 0
[MulNode] INFO: Level 0
[MulNode] INFO: Level 0
[MulNode] INFO: Level 0
[MulNode] INFO: Level 0
[MulNode] INFO: Level 0
[MulNode] INFO: Level 0
[MulNode] INFO: Level 0
[MulNode] INFO: Level 0
[MulNode] INFO: Level 0
[MulNode] INFO: Level 0
[MulNode] INFO: Level 0
[MulNode] INFO: Level 0
[MulNode] INFO: Level 0
[MulNode] INFO: Level 0
[MulNode] INFO: Level 0
[MulNode] INFO: Level 0
[MulNode] INFO: Level 0
[MulNode] INFO: Level 0
[Ablector] INFO: ABLECTOR TIME: 38.494760
[Ablector] INFO: SAT TIME: 38.462268
[Ablector] INFO: REF TIME: 1.463517
[runlim] end:			Wed May 13 15:56:01 2020
[runlim] status:		ok
[runlim] result:		0
[runlim] children:		4
[runlim] real:			43.09 seconds
[runlim] time:			42.70 seconds
[runlim] space:			256.3 MB
[runlim] samples:		425
[runlim] version:		1.10
[runlim] time limit:		311040000 seconds
[runlim] real time limit:	1200 seconds
[runlim] space limit:		15000 MB
[runlim] argv[0]:		python3
[runlim] argv[1]:		/raid/steuber/Software/ablector/ablector
[runlim] argv[2]:		/raid/steuber/Benchmarks/2019/QF_BV/Sage2/bench_4827.smt2
[runlim] argv[3]:		--ufReuse=1
[runlim] argv[4]:		--unsigned
[runlim] start:			Wed May 13 15:56:01 2020
[runlim] main pid:		9567
[Ablector] INFO: *** ROUND 0
[Ablector] INFO: *** ROUND 1
[runlim] sample:		10.4 time, 10.5 real, 139.0 MB
[runlim] sample:		20.4 time, 20.5 real, 189.6 MB
[Ablector] INFO: *** ROUND 2
[Ablector] INFO: *** ROUND 3
[Ablector] INFO: *** ROUND 4
[MulNode] INFO: Level 0
[MulNode] INFO: Level 0
[MulNode] INFO: Level 0
[MulNode] INFO: Level 0
[MulNode] INFO: Level 0
[MulNode] INFO: Level 0
[MulNode] INFO: Level 0
[MulNode] INFO: Level 0
[MulNode] INFO: Level 0
[MulNode] INFO: Level 0
[MulNode] INFO: Level 0
[MulNode] INFO: Level 0
[MulNode] INFO: Level 0
[MulNode] INFO: Level 0
[MulNode] INFO: Level 0
[MulNode] INFO: Level 0
[MulNode] INFO: Level 0
[MulNode] INFO: Level 0
[MulNode] INFO: Level 0
[MulNode] INFO: Level 0
[MulNode] INFO: Level 0
[MulNode] INFO: Level 3 - Bit 1
[MulNode] INFO: Level 0
[MulNode] INFO: Level 0
[MulNode] INFO: Level 0
[MulNode] INFO: Level 0
[MulNode] INFO: Level 0
[MulNode] INFO: Level 0
[MulNode] INFO: Level 0
[MulNode] INFO: Level 0
[MulNode] INFO: Level 0
[MulNode] INFO: Level 0
[MulNode] INFO: Level 0
[MulNode] INFO: Level 0
[MulNode] INFO: Level 0
[MulNode] INFO: Level 0
[MulNode] INFO: Level 0
[MulNode] INFO: Level 0
[MulNode] INFO: Level 0
[MulNode] INFO: Level 0
[MulNode] INFO: Level 0
[MulNode] INFO: Level 0
[MulNode] INFO: Level 0
[MulNode] INFO: Level 0
[MulNode] INFO: Level 0
[MulNode] INFO: Level 0
[MulNode] INFO: Level 0
[MulNode] INFO: Level 0
[MulNode] INFO: Level 0
[MulNode] INFO: Level 0
[MulNode] INFO: Level 0
[MulNode] INFO: Level 0
[MulNode] INFO: Level 0
[MulNode] INFO: Level 0
[MulNode] INFO: Level 0
[MulNode] INFO: Level 0
[MulNode] INFO: Level 0
[MulNode] INFO: Level 0
[MulNode] INFO: Level 0
[MulNode] INFO: Level 0
[MulNode] INFO: Level 0
[MulNode] INFO: Level 0
[MulNode] INFO: Level 0
[MulNode] INFO: Level 0
[MulNode] INFO: Level 0
[MulNode] INFO: Level 0
[MulNode] INFO: Level 0
[MulNode] INFO: Level 0
[MulNode] INFO: Level 0
[MulNode] INFO: Level 0
[MulNode] INFO: Level 0
[MulNode] INFO: Level 0
[MulNode] INFO: Level 0
[MulNode] INFO: Level 0
[MulNode] INFO: Level 0
[MulNode] INFO: Level 0
[MulNode] INFO: Level 3 - Bit 1
[MulNode] INFO: Level 0
[MulNode] INFO: Level 3 - Bit 1
[MulNode] INFO: Level 0
[MulNode] INFO: Level 3 - Bit 1
[MulNode] INFO: Level 0
[MulNode] INFO: Level 3 - Bit 1
[MulNode] INFO: Level 0
[MulNode] INFO: Level 3 - Bit 1
[MulNode] INFO: Level 0
[UdivNode] INFO: Level 0
[MulNode] INFO: Level 0
[Ablector] INFO: ABLECTOR TIME: 26.043674
[Ablector] INFO: SAT TIME: 26.022584
[Ablector] INFO: REF TIME: 0.973541
[runlim] end:			Wed May 13 15:56:28 2020
[runlim] status:		ok
[runlim] result:		0
[runlim] children:		1
[runlim] real:			27.67 seconds
[runlim] time:			27.53 seconds
[runlim] space:			225.3 MB
[runlim] samples:		271
[runlim] version:		1.10
[runlim] time limit:		311040000 seconds
[runlim] real time limit:	1200 seconds
[runlim] space limit:		15000 MB
[runlim] argv[0]:		python3
[runlim] argv[1]:		/raid/steuber/Software/ablector/ablector
[runlim] argv[2]:		/raid/steuber/Benchmarks/2019/QF_BV/sage/app7/bench_6533.smt2
[runlim] argv[3]:		--ufReuse=1
[runlim] argv[4]:		--unsigned
[runlim] start:			Wed May 13 15:56:29 2020
[runlim] main pid:		9593
[Ablector] INFO: *** ROUND 0
[MulNode] INFO: Level 0
[Ablector] INFO: ABLECTOR TIME: 0.040431
[Ablector] INFO: SAT TIME: 0.035123
[Ablector] INFO: REF TIME: 0.010512
[runlim] end:			Wed May 13 15:56:29 2020
[runlim] status:		ok
[runlim] result:		0
[runlim] children:		0
[runlim] real:			0.83 seconds
[runlim] time:			1.06 seconds
[runlim] space:			43.1 MB
[runlim] samples:		7
[runlim] version:		1.10
[runlim] time limit:		311040000 seconds
[runlim] real time limit:	1200 seconds
[runlim] space limit:		15000 MB
[runlim] argv[0]:		python3
[runlim] argv[1]:		/raid/steuber/Software/ablector/ablector
[runlim] argv[2]:		/raid/steuber/Benchmarks/2019/QF_BV/sage/app7/bench_955.smt2
[runlim] argv[3]:		--ufReuse=1
[runlim] argv[4]:		--unsigned
[runlim] start:			Wed May 13 15:56:30 2020
[runlim] main pid:		9613
[Ablector] INFO: ABLECTOR TIME: 0.003847
[runlim] end:			Wed May 13 15:56:31 2020
[runlim] status:		ok
[runlim] result:		0
[runlim] children:		11
[runlim] real:			1.73 seconds
[runlim] time:			1.94 seconds
[runlim] space:			74.0 MB
[runlim] samples:		15
[runlim] version:		1.10
[runlim] time limit:		311040000 seconds
[runlim] real time limit:	1200 seconds
[runlim] space limit:		15000 MB
[runlim] argv[0]:		python3
[runlim] argv[1]:		/raid/steuber/Software/ablector/ablector
[runlim] argv[2]:		/raid/steuber/Benchmarks/2019/QF_BV/sage/app7/bench_2132.smt2
[runlim] argv[3]:		--ufReuse=1
[runlim] argv[4]:		--unsigned
[runlim] start:			Wed May 13 15:56:32 2020
[runlim] main pid:		9634
[Ablector] INFO: ABLECTOR TIME: 0.004002
[runlim] end:			Wed May 13 15:56:32 2020
[runlim] status:		ok
[runlim] result:		0
[runlim] children:		3
[runlim] real:			0.84 seconds
[runlim] time:			1.23 seconds
[runlim] space:			51.5 MB
[runlim] samples:		7
[runlim] version:		1.10
[runlim] time limit:		311040000 seconds
[runlim] real time limit:	1200 seconds
[runlim] space limit:		15000 MB
[runlim] argv[0]:		python3
[runlim] argv[1]:		/raid/steuber/Software/ablector/ablector
[runlim] argv[2]:		/raid/steuber/Benchmarks/2019/QF_BV/20190311-bv-term-small-rw-Noetzli/bv-term-small-rw_860.smt2
[runlim] argv[3]:		--ufReuse=1
[runlim] argv[4]:		--unsigned
[runlim] start:			Wed May 13 15:56:33 2020
[runlim] main pid:		9654
[Ablector] INFO: *** ROUND 0
[MulNode] INFO: Level 0
[Ablector] INFO: ABLECTOR TIME: 0.564743
[Ablector] INFO: SAT TIME: 0.560100
[Ablector] INFO: REF TIME: 0.010472
[runlim] end:			Wed May 13 15:56:34 2020
[runlim] status:		ok
[runlim] result:		0
[runlim] children:		0
[runlim] real:			1.21 seconds
[runlim] time:			1.55 seconds
[runlim] space:			44.4 MB
[runlim] samples:		10
[runlim] version:		1.10
[runlim] time limit:		311040000 seconds
[runlim] real time limit:	1200 seconds
[runlim] space limit:		15000 MB
[runlim] argv[0]:		python3
[runlim] argv[1]:		/raid/steuber/Software/ablector/ablector
[runlim] argv[2]:		/raid/steuber/Benchmarks/2019/QF_BV/sage/app8/bench_3827.smt2
[runlim] argv[3]:		--ufReuse=1
[runlim] argv[4]:		--unsigned
[runlim] start:			Wed May 13 15:56:34 2020
[runlim] main pid:		9674
[Ablector] INFO: ABLECTOR TIME: 0.003910
[runlim] end:			Wed May 13 15:56:35 2020
[runlim] status:		ok
[runlim] result:		0
[runlim] children:		0
[runlim] real:			1.04 seconds
[runlim] time:			0.97 seconds
[runlim] space:			37.3 MB
[runlim] samples:		4
[runlim] version:		1.10
[runlim] time limit:		311040000 seconds
[runlim] real time limit:	1200 seconds
[runlim] space limit:		15000 MB
[runlim] argv[0]:		python3
[runlim] argv[1]:		/raid/steuber/Software/ablector/ablector
[runlim] argv[2]:		/raid/steuber/Benchmarks/2019/QF_BV/Sage2/bench_6301.smt2
[runlim] argv[3]:		--ufReuse=1
[runlim] argv[4]:		--unsigned
[runlim] start:			Wed May 13 15:56:35 2020
[runlim] main pid:		9694
[Ablector] INFO: *** ROUND 0
[MulNode] INFO: Level 0
[Ablector] INFO: ABLECTOR TIME: 1.947994
[Ablector] INFO: SAT TIME: 1.941337
[Ablector] INFO: REF TIME: 0.010833
[runlim] end:			Wed May 13 15:56:38 2020
[runlim] status:		ok
[runlim] result:		0
[runlim] children:		1
[runlim] real:			3.04 seconds
[runlim] time:			3.12 seconds
[runlim] space:			69.6 MB
[runlim] samples:		26
[runlim] version:		1.10
[runlim] time limit:		311040000 seconds
[runlim] real time limit:	1200 seconds
[runlim] space limit:		15000 MB
[runlim] argv[0]:		python3
[runlim] argv[1]:		/raid/steuber/Software/ablector/ablector
[runlim] argv[2]:		/raid/steuber/Benchmarks/2019/QF_BV/sage/app7/bench_4238.smt2
[runlim] argv[3]:		--ufReuse=1
[runlim] argv[4]:		--unsigned
[runlim] start:			Wed May 13 15:56:38 2020
[runlim] main pid:		9714
[Ablector] INFO: ABLECTOR TIME: 0.003996
[runlim] end:			Wed May 13 15:56:38 2020
[runlim] status:		ok
[runlim] result:		0
[runlim] children:		2
[runlim] real:			1.00 seconds
[runlim] time:			1.04 seconds
[runlim] space:			44.9 MB
[runlim] samples:		6
[runlim] version:		1.10
[runlim] time limit:		311040000 seconds
[runlim] real time limit:	1200 seconds
[runlim] space limit:		15000 MB
[runlim] argv[0]:		python3
[runlim] argv[1]:		/raid/steuber/Software/ablector/ablector
[runlim] argv[2]:		/raid/steuber/Benchmarks/2019/QF_BV/sage/app9/bench_2806.smt2
[runlim] argv[3]:		--ufReuse=1
[runlim] argv[4]:		--unsigned
[runlim] start:			Wed May 13 15:56:39 2020
[runlim] main pid:		9734
[Ablector] INFO: ABLECTOR TIME: 0.003849
[runlim] end:			Wed May 13 15:56:39 2020
[runlim] status:		ok
[runlim] result:		0
[runlim] children:		1
[runlim] real:			0.82 seconds
[runlim] time:			0.94 seconds
[runlim] space:			40.4 MB
[runlim] samples:		4
[runlim] version:		1.10
[runlim] time limit:		311040000 seconds
[runlim] real time limit:	1200 seconds
[runlim] space limit:		15000 MB
[runlim] argv[0]:		python3
[runlim] argv[1]:		/raid/steuber/Software/ablector/ablector
[runlim] argv[2]:		/raid/steuber/Benchmarks/2019/QF_BV/sage/app7/bench_4458.smt2
[runlim] argv[3]:		--ufReuse=1
[runlim] argv[4]:		--unsigned
[runlim] start:			Wed May 13 15:56:40 2020
[runlim] main pid:		9754
[Ablector] INFO: ABLECTOR TIME: 0.004022
[runlim] end:			Wed May 13 15:56:40 2020
[runlim] status:		ok
[runlim] result:		0
[runlim] children:		2
[runlim] real:			0.76 seconds
[runlim] time:			1.02 seconds
[runlim] space:			45.8 MB
[runlim] samples:		5
[runlim] version:		1.10
[runlim] time limit:		311040000 seconds
[runlim] real time limit:	1200 seconds
[runlim] space limit:		15000 MB
[runlim] argv[0]:		python3
[runlim] argv[1]:		/raid/steuber/Software/ablector/ablector
[runlim] argv[2]:		/raid/steuber/Benchmarks/2019/QF_BV/Sage2/bench_1782.smt2
[runlim] argv[3]:		--ufReuse=1
[runlim] argv[4]:		--unsigned
[runlim] start:			Wed May 13 15:56:41 2020
[runlim] main pid:		9774
[Ablector] INFO: *** ROUND 0
[MulNode] INFO: Level 0
[MulNode] INFO: Level 0
[MulNode] INFO: Level 0
[MulNode] INFO: Level 0
[MulNode] INFO: Level 0
[MulNode] INFO: Level 0
[MulNode] INFO: Level 0
[MulNode] INFO: Level 0
[MulNode] INFO: Level 0
[MulNode] INFO: Level 0
[MulNode] INFO: Level 0
[MulNode] INFO: Level 0
[MulNode] INFO: Level 0
[MulNode] INFO: Level 0
[MulNode] INFO: Level 0
[MulNode] INFO: Level 0
[MulNode] INFO: Level 0
[MulNode] INFO: Level 0
[MulNode] INFO: Level 0
[MulNode] INFO: Level 0
[MulNode] INFO: Level 0
[MulNode] INFO: Level 0
[MulNode] INFO: Level 0
[MulNode] INFO: Level 0
[MulNode] INFO: Level 0
[MulNode] INFO: Level 0
[MulNode] INFO: Level 0
[MulNode] INFO: Level 0
[MulNode] INFO: Level 0
[MulNode] INFO: Level 0
[MulNode] INFO: Level 0
[MulNode] INFO: Level 0
[MulNode] INFO: Level 0
[MulNode] INFO: Level 0
[MulNode] INFO: Level 0
[MulNode] INFO: Level 0
[MulNode] INFO: Level 0
[MulNode] INFO: Level 0
[MulNode] INFO: Level 0
[MulNode] INFO: Level 0
[MulNode] INFO: Level 0
[MulNode] INFO: Level 0
[MulNode] INFO: Level 0
[Ablector] INFO: ABLECTOR TIME: 1.242982
[Ablector] INFO: SAT TIME: 1.230831
[Ablector] INFO: REF TIME: 0.381364
[runlim] end:			Wed May 13 15:56:42 2020
[runlim] status:		ok
[runlim] result:		0
[runlim] children:		0
[runlim] real:			1.97 seconds
[runlim] time:			2.33 seconds
[runlim] space:			73.9 MB
[runlim] samples:		18
[runlim] version:		1.10
[runlim] time limit:		311040000 seconds
[runlim] real time limit:	1200 seconds
[runlim] space limit:		15000 MB
[runlim] argv[0]:		python3
[runlim] argv[1]:		/raid/steuber/Software/ablector/ablector
[runlim] argv[2]:		/raid/steuber/Benchmarks/2019/QF_BV/sage/app10/bench_44.smt2
[runlim] argv[3]:		--ufReuse=1
[runlim] argv[4]:		--unsigned
[runlim] start:			Wed May 13 15:56:43 2020
[runlim] main pid:		9795
[Ablector] INFO: ABLECTOR TIME: 0.003823
[runlim] end:			Wed May 13 15:56:43 2020
[runlim] status:		ok
[runlim] result:		0
[runlim] children:		0
[runlim] real:			0.82 seconds
[runlim] time:			0.97 seconds
[runlim] space:			37.5 MB
[runlim] samples:		4
[runlim] version:		1.10
[runlim] time limit:		311040000 seconds
[runlim] real time limit:	1200 seconds
[runlim] space limit:		15000 MB
[runlim] argv[0]:		python3
[runlim] argv[1]:		/raid/steuber/Software/ablector/ablector
[runlim] argv[2]:		/raid/steuber/Benchmarks/2019/QF_BV/sage/app7/bench_162.smt2
[runlim] argv[3]:		--ufReuse=1
[runlim] argv[4]:		--unsigned
[runlim] start:			Wed May 13 15:56:44 2020
[runlim] main pid:		9815
[Ablector] INFO: ABLECTOR TIME: 0.003962
[runlim] end:			Wed May 13 15:56:45 2020
[runlim] status:		ok
[runlim] result:		0
[runlim] children:		14
[runlim] real:			1.97 seconds
[runlim] time:			2.21 seconds
[runlim] space:			83.3 MB
[runlim] samples:		18
[runlim] version:		1.10
[runlim] time limit:		311040000 seconds
[runlim] real time limit:	1200 seconds
[runlim] space limit:		15000 MB
[runlim] argv[0]:		python3
[runlim] argv[1]:		/raid/steuber/Software/ablector/ablector
[runlim] argv[2]:		/raid/steuber/Benchmarks/2019/QF_BV/sage/app7/bench_2896.smt2
[runlim] argv[3]:		--ufReuse=1
[runlim] argv[4]:		--unsigned
[runlim] start:			Wed May 13 15:56:46 2020
[runlim] main pid:		9835
[Ablector] INFO: ABLECTOR TIME: 0.003930
[runlim] end:			Wed May 13 15:56:46 2020
[runlim] status:		ok
[runlim] result:		0
[runlim] children:		3
[runlim] real:			0.99 seconds
[runlim] time:			1.13 seconds
[runlim] space:			49.3 MB
[runlim] samples:		6
[runlim] version:		1.10
[runlim] time limit:		311040000 seconds
[runlim] real time limit:	1200 seconds
[runlim] space limit:		15000 MB
[runlim] argv[0]:		python3
[runlim] argv[1]:		/raid/steuber/Software/ablector/ablector
[runlim] argv[2]:		/raid/steuber/Benchmarks/2019/QF_BV/sage/app7/bench_6541.smt2
[runlim] argv[3]:		--ufReuse=1
[runlim] argv[4]:		--unsigned
[runlim] start:			Wed May 13 15:56:47 2020
[runlim] main pid:		9855
[Ablector] INFO: *** ROUND 0
[MulNode] INFO: Level 0
[Ablector] INFO: ABLECTOR TIME: 0.040182
[Ablector] INFO: SAT TIME: 0.034890
[Ablector] INFO: REF TIME: 0.010462
[runlim] end:			Wed May 13 15:56:47 2020
[runlim] status:		ok
[runlim] result:		0
[runlim] children:		1
[runlim] real:			0.89 seconds
[runlim] time:			1.06 seconds
[runlim] space:			43.1 MB
[runlim] samples:		5
[runlim] version:		1.10
[runlim] time limit:		311040000 seconds
[runlim] real time limit:	1200 seconds
[runlim] space limit:		15000 MB
[runlim] argv[0]:		python3
[runlim] argv[1]:		/raid/steuber/Software/ablector/ablector
[runlim] argv[2]:		/raid/steuber/Benchmarks/2019/QF_BV/sage/app9/bench_3087.smt2
[runlim] argv[3]:		--ufReuse=1
[runlim] argv[4]:		--unsigned
[runlim] start:			Wed May 13 15:56:48 2020
[runlim] main pid:		9875
[Ablector] INFO: ABLECTOR TIME: 0.003726
[runlim] end:			Wed May 13 15:56:48 2020
[runlim] status:		ok
[runlim] result:		0
[runlim] children:		0
[runlim] real:			0.69 seconds
[runlim] time:			0.91 seconds
[runlim] space:			37.8 MB
[runlim] samples:		4
