[runner] /raid/steuber/Benchmarks/2019/QF_BV/sage/app7/bench_4712.smt2
UNSAT
[runner] /raid/steuber/Benchmarks/2019/QF_BV/Sage2/bench_12928.smt2
UNSAT
[runner] /raid/steuber/Benchmarks/2019/QF_BV/float/test_v5_r15_vr1_c1_s32559.smt2
UNSAT
[runner] /raid/steuber/Benchmarks/2019/QF_BV/Sage2/bench_5341.smt2
UNSAT
[runner] /raid/steuber/Benchmarks/2019/QF_BV/sage/app7/bench_3640.smt2
UNSAT
[runner] /raid/steuber/Benchmarks/2019/QF_BV/Sage2/bench_11302.smt2
UNSAT
[runner] /raid/steuber/Benchmarks/2019/QF_BV/sage/app2/bench_1191.smt2
UNSAT
[runner] /raid/steuber/Benchmarks/2019/QF_BV/Sage2/bench_7658.smt2
UNSAT
[runner] /raid/steuber/Benchmarks/2019/QF_BV/sage/app7/bench_2780.smt2
UNSAT
[runner] /raid/steuber/Benchmarks/2019/QF_BV/sage/app7/bench_6231.smt2
UNSAT
[runner] /raid/steuber/Benchmarks/2019/QF_BV/Sage2/bench_6535.smt2
UNSAT
[runner] /raid/steuber/Benchmarks/2019/QF_BV/log-slicing/bvsrem_20.smt2
[runner] /raid/steuber/Benchmarks/2019/QF_BV/sage/app7/bench_5664.smt2
UNSAT
[runner] /raid/steuber/Benchmarks/2019/QF_BV/sage/app7/bench_2117.smt2
UNSAT
[runner] /raid/steuber/Benchmarks/2019/QF_BV/sage/app1/bench_275.smt2
UNSAT
[runner] /raid/steuber/Benchmarks/2019/QF_BV/sage/app7/bench_1596.smt2
UNSAT
[runner] /raid/steuber/Benchmarks/2019/QF_BV/sage/app7/bench_6369.smt2
UNSAT
[runner] /raid/steuber/Benchmarks/2019/QF_BV/sage/app1/bench_466.smt2
UNSAT
[runner] /raid/steuber/Benchmarks/2019/QF_BV/Sage2/bench_5658.smt2
UNSAT
[runner] /raid/steuber/Benchmarks/2019/QF_BV/sage/app7/bench_388.smt2
UNSAT
[runner] /raid/steuber/Benchmarks/2019/QF_BV/Sage2/bench_4490.smt2
UNSAT
[runner] /raid/steuber/Benchmarks/2019/QF_BV/Sage2/bench_6091.smt2
UNSAT
[runner] /raid/steuber/Benchmarks/2019/QF_BV/sage/app7/bench_4046.smt2
UNSAT
[runner] /raid/steuber/Benchmarks/2019/QF_BV/sage/app7/bench_4283.smt2
UNSAT
[runner] /raid/steuber/Benchmarks/2019/QF_BV/Sage2/bench_17190.smt2
UNSAT
[runner] /raid/steuber/Benchmarks/2019/QF_BV/uclid/catchconv/convert-jpg2gif-query-1352.smt2
UNSAT
[runner] /raid/steuber/Benchmarks/2019/QF_BV/sage/app7/bench_6256.smt2
UNSAT
[runner] /raid/steuber/Benchmarks/2019/QF_BV/sage/app7/bench_1949.smt2
UNSAT
[runner] /raid/steuber/Benchmarks/2019/QF_BV/Sage2/bench_17312.smt2
UNSAT
[runner] /raid/steuber/Benchmarks/2019/QF_BV/Sage2/bench_9424.smt2
UNSAT
[runner] /raid/steuber/Benchmarks/2019/QF_BV/sage/app7/bench_678.smt2
UNSAT
[runner] /raid/steuber/Benchmarks/2019/QF_BV/Sage2/bench_11017.smt2
UNSAT
[runner] /raid/steuber/Benchmarks/2019/QF_BV/20190311-bv-term-small-rw-Noetzli/bv-term-small-rw_487.smt2
UNSAT
[runner] /raid/steuber/Benchmarks/2019/QF_BV/sage/app11/bench_295.smt2
UNSAT
[runner] /raid/steuber/Benchmarks/2019/QF_BV/Sage2/bench_12054.smt2
UNSAT
[runner] /raid/steuber/Benchmarks/2019/QF_BV/Sage2/bench_10977.smt2
UNSAT
[runner] /raid/steuber/Benchmarks/2019/QF_BV/sage/app8/bench_718.smt2
UNSAT
[runner] /raid/steuber/Benchmarks/2019/QF_BV/Sage2/bench_5686.smt2
UNSAT
[runner] /raid/steuber/Benchmarks/2019/QF_BV/sage/app7/bench_4420.smt2
UNSAT
[runner] /raid/steuber/Benchmarks/2019/QF_BV/Sage2/bench_13559.smt2
UNSAT
[runner] /raid/steuber/Benchmarks/2019/QF_BV/sage/app7/bench_6725.smt2
UNSAT
[runner] /raid/steuber/Benchmarks/2019/QF_BV/sage/app11/bench_143.smt2
UNSAT
[runner] /raid/steuber/Benchmarks/2019/QF_BV/sage/app7/bench_3216.smt2
UNSAT
[runner] /raid/steuber/Benchmarks/2019/QF_BV/sage/app2/bench_965.smt2
UNSAT
[runner] /raid/steuber/Benchmarks/2019/QF_BV/sage/app8/bench_251.smt2
UNSAT
[runner] /raid/steuber/Benchmarks/2019/QF_BV/sage/app7/bench_5696.smt2
UNSAT
[runner] /raid/steuber/Benchmarks/2019/QF_BV/sage/app1/bench_2012.smt2
UNSAT
[runner] /raid/steuber/Benchmarks/2019/QF_BV/sage/app8/bench_396.smt2
UNSAT
[runner] /raid/steuber/Benchmarks/2019/QF_BV/sage/app1/bench_2087.smt2
UNSAT
[runner] /raid/steuber/Benchmarks/2019/QF_BV/sage/app7/bench_6153.smt2
UNSAT
[runner] /raid/steuber/Benchmarks/2019/QF_BV/sage/app7/bench_1521.smt2
UNSAT
[runner] /raid/steuber/Benchmarks/2019/QF_BV/Sage2/bench_10087.smt2
UNSAT
[runner] /raid/steuber/Benchmarks/2019/QF_BV/sage/app11/bench_586.smt2
UNSAT
[runner] /raid/steuber/Benchmarks/2019/QF_BV/sage/app7/bench_3228.smt2
UNSAT
[runner] /raid/steuber/Benchmarks/2019/QF_BV/sage/app7/bench_8651.smt2
UNSAT
[runner] /raid/steuber/Benchmarks/2019/QF_BV/sage/app7/bench_1765.smt2
UNSAT
[runner] /raid/steuber/Benchmarks/2019/QF_BV/brummayerbiere3/mulhs08.smt2
UNSAT
[runner] /raid/steuber/Benchmarks/2019/QF_BV/sage/app8/bench_487.smt2
UNSAT
[runner] /raid/steuber/Benchmarks/2019/QF_BV/sage/app11/bench_317.smt2
UNSAT
[runner] /raid/steuber/Benchmarks/2019/QF_BV/sage/app7/bench_6672.smt2
UNSAT
[runner] /raid/steuber/Benchmarks/2019/QF_BV/Sage2/bench_12274.smt2
UNSAT
[runner] /raid/steuber/Benchmarks/2019/QF_BV/Sage2/bench_4434.smt2
UNSAT
[runner] /raid/steuber/Benchmarks/2019/QF_BV/wienand-cav2008/Commute/commute16.sf.smt2
UNSAT
[runner] /raid/steuber/Benchmarks/2019/QF_BV/sage/app11/bench_159.smt2
UNSAT
[runner] /raid/steuber/Benchmarks/2019/QF_BV/Sage2/bench_7145.smt2
UNSAT
[runner] /raid/steuber/Benchmarks/2019/QF_BV/Sage2/bench_15092.smt2
UNSAT
[runner] /raid/steuber/Benchmarks/2019/QF_BV/sage/app5/bench_369.smt2
UNSAT
[runner] /raid/steuber/Benchmarks/2019/QF_BV/sage/app7/bench_5460.smt2
UNSAT
[runner] /raid/steuber/Benchmarks/2019/QF_BV/sage/app2/bench_1073.smt2
UNSAT
[runner] /raid/steuber/Benchmarks/2019/QF_BV/Sage2/bench_6027.smt2
UNSAT
[runner] /raid/steuber/Benchmarks/2019/QF_BV/Sage2/bench_8679.smt2
UNSAT
[runner] /raid/steuber/Benchmarks/2019/QF_BV/sage/app7/bench_5241.smt2
UNSAT
[runner] /raid/steuber/Benchmarks/2019/QF_BV/sage/app7/bench_2513.smt2
UNSAT
[runner] /raid/steuber/Benchmarks/2019/QF_BV/sage/app7/bench_112.smt2
UNSAT
[runner] /raid/steuber/Benchmarks/2019/QF_BV/Sage2/bench_9550.smt2
UNSAT
[runner] /raid/steuber/Benchmarks/2019/QF_BV/Sage2/bench_14581.smt2
UNSAT
[runner] /raid/steuber/Benchmarks/2019/QF_BV/Sage2/bench_8575.smt2
UNSAT
[runner] /raid/steuber/Benchmarks/2019/QF_BV/sage/app7/bench_5474.smt2
UNSAT
[runner] /raid/steuber/Benchmarks/2019/QF_BV/sage/app7/bench_165.smt2
UNSAT
[runner] /raid/steuber/Benchmarks/2019/QF_BV/sage/app1/bench_209.smt2
UNSAT
