[runlim] version:		1.10
[runlim] time limit:		311040000 seconds
[runlim] real time limit:	1200 seconds
[runlim] space limit:		15000 MB
[runlim] argv[0]:		python3
[runlim] argv[1]:		/raid/steuber/Software/ablector/ablector
[runlim] argv[2]:		/raid/steuber/Benchmarks/2019/QF_BV/sage/app7/bench_6250.smt2
[runlim] argv[3]:		--ufReuse=1
[runlim] start:			Sat May 16 15:41:48 2020
[runlim] main pid:		995
[Ablector] INFO: ABLECTOR TIME: 0.003653
[runlim] end:			Sat May 16 15:41:49 2020
[runlim] status:		ok
[runlim] result:		0
[runlim] children:		0
[runlim] real:			1.07 seconds
[runlim] time:			0.97 seconds
[runlim] space:			37.6 MB
[runlim] samples:		4
[runlim] version:		1.10
[runlim] time limit:		311040000 seconds
[runlim] real time limit:	1200 seconds
[runlim] space limit:		15000 MB
[runlim] argv[0]:		python3
[runlim] argv[1]:		/raid/steuber/Software/ablector/ablector
[runlim] argv[2]:		/raid/steuber/Benchmarks/2019/QF_BV/sage/app7/bench_8629.smt2
[runlim] argv[3]:		--ufReuse=1
[runlim] start:			Sat May 16 15:41:49 2020
[runlim] main pid:		1015
[Ablector] INFO: ABLECTOR TIME: 0.004762
[runlim] end:			Sat May 16 15:41:51 2020
[runlim] status:		ok
[runlim] result:		0
[runlim] children:		13
[runlim] real:			2.26 seconds
[runlim] time:			2.26 seconds
[runlim] space:			83.6 MB
[runlim] samples:		18
[runlim] version:		1.10
[runlim] time limit:		311040000 seconds
[runlim] real time limit:	1200 seconds
[runlim] space limit:		15000 MB
[runlim] argv[0]:		python3
[runlim] argv[1]:		/raid/steuber/Software/ablector/ablector
[runlim] argv[2]:		/raid/steuber/Benchmarks/2019/QF_BV/sage/app1/bench_2487.smt2
[runlim] argv[3]:		--ufReuse=1
[runlim] start:			Sat May 16 15:41:51 2020
[runlim] main pid:		1036
[Ablector] INFO: ABLECTOR TIME: 0.003548
[runlim] end:			Sat May 16 15:41:52 2020
[runlim] status:		ok
[runlim] result:		0
[runlim] children:		0
[runlim] real:			1.08 seconds
[runlim] time:			0.97 seconds
[runlim] space:			37.6 MB
[runlim] samples:		4
[runlim] version:		1.10
[runlim] time limit:		311040000 seconds
[runlim] real time limit:	1200 seconds
[runlim] space limit:		15000 MB
[runlim] argv[0]:		python3
[runlim] argv[1]:		/raid/steuber/Software/ablector/ablector
[runlim] argv[2]:		/raid/steuber/Benchmarks/2019/QF_BV/sage/app7/bench_135.smt2
[runlim] argv[3]:		--ufReuse=1
[runlim] start:			Sat May 16 15:41:52 2020
[runlim] main pid:		1056
[Ablector] INFO: ABLECTOR TIME: 0.003766
[runlim] end:			Sat May 16 15:41:54 2020
[runlim] status:		ok
[runlim] result:		0
[runlim] children:		14
[runlim] real:			2.25 seconds
[runlim] time:			2.23 seconds
[runlim] space:			83.5 MB
[runlim] samples:		18
[runlim] version:		1.10
[runlim] time limit:		311040000 seconds
[runlim] real time limit:	1200 seconds
[runlim] space limit:		15000 MB
[runlim] argv[0]:		python3
[runlim] argv[1]:		/raid/steuber/Software/ablector/ablector
[runlim] argv[2]:		/raid/steuber/Benchmarks/2019/QF_BV/sage/app7/bench_4573.smt2
[runlim] argv[3]:		--ufReuse=1
[runlim] start:			Sat May 16 15:41:54 2020
[runlim] main pid:		1077
[Ablector] INFO: ABLECTOR TIME: 0.003693
[runlim] end:			Sat May 16 15:41:55 2020
[runlim] status:		ok
[runlim] result:		0
[runlim] children:		1
[runlim] real:			1.22 seconds
[runlim] time:			1.06 seconds
[runlim] space:			44.5 MB
[runlim] samples:		6
[runlim] version:		1.10
[runlim] time limit:		311040000 seconds
[runlim] real time limit:	1200 seconds
[runlim] space limit:		15000 MB
[runlim] argv[0]:		python3
[runlim] argv[1]:		/raid/steuber/Software/ablector/ablector
[runlim] argv[2]:		/raid/steuber/Benchmarks/2019/QF_BV/sage/app7/bench_4913.smt2
[runlim] argv[3]:		--ufReuse=1
[runlim] start:			Sat May 16 15:41:55 2020
[runlim] main pid:		1097
[Ablector] INFO: ABLECTOR TIME: 0.003886
[runlim] end:			Sat May 16 15:41:56 2020
[runlim] status:		ok
[runlim] result:		0
[runlim] children:		1
[runlim] real:			1.15 seconds
[runlim] time:			1.05 seconds
[runlim] space:			44.2 MB
[runlim] samples:		5
[runlim] version:		1.10
[runlim] time limit:		311040000 seconds
[runlim] real time limit:	1200 seconds
[runlim] space limit:		15000 MB
[runlim] argv[0]:		python3
[runlim] argv[1]:		/raid/steuber/Software/ablector/ablector
[runlim] argv[2]:		/raid/steuber/Benchmarks/2019/QF_BV/Sage2/bench_11963.smt2
[runlim] argv[3]:		--ufReuse=1
[runlim] start:			Sat May 16 15:41:56 2020
[runlim] main pid:		1120
[Ablector] INFO: *** ROUND 0
[MulNode] INFO: Level 0
[MulNode] INFO: Level 0
[MulNode] INFO: Level 0
[MulNode] INFO: Level 0
[MulNode] INFO: Level 0
[MulNode] INFO: Level 0
[MulNode] INFO: Level 0
[MulNode] INFO: Level 0
[MulNode] INFO: Level 0
[MulNode] INFO: Level 0
[MulNode] INFO: Level 0
[MulNode] INFO: Level 0
[MulNode] INFO: Level 0
[MulNode] INFO: Level 0
[MulNode] INFO: Level 0
[MulNode] INFO: Level 0
[MulNode] INFO: Level 0
[MulNode] INFO: Level 0
[MulNode] INFO: Level 0
[MulNode] INFO: Level 0
[MulNode] INFO: Level 0
[MulNode] INFO: Level 0
[MulNode] INFO: Level 0
[MulNode] INFO: Level 0
[MulNode] INFO: Level 0
[MulNode] INFO: Level 0
[MulNode] INFO: Level 0
[MulNode] INFO: Level 0
[MulNode] INFO: Level 0
[MulNode] INFO: Level 0
[MulNode] INFO: Level 0
[Ablector] INFO: ABLECTOR TIME: 7.981580
[Ablector] INFO: SAT TIME: 7.971226
[Ablector] INFO: REF TIME: 0.287454
[runlim] end:			Sat May 16 15:42:05 2020
[runlim] status:		ok
[runlim] result:		0
[runlim] children:		0
[runlim] real:			9.44 seconds
[runlim] time:			9.43 seconds
[runlim] space:			93.3 MB
[runlim] samples:		89
[runlim] version:		1.10
[runlim] time limit:		311040000 seconds
[runlim] real time limit:	1200 seconds
[runlim] space limit:		15000 MB
[runlim] argv[0]:		python3
[runlim] argv[1]:		/raid/steuber/Software/ablector/ablector
[runlim] argv[2]:		/raid/steuber/Benchmarks/2019/QF_BV/sage/app7/bench_764.smt2
[runlim] argv[3]:		--ufReuse=1
[runlim] start:			Sat May 16 15:42:05 2020
[runlim] main pid:		1140
[Ablector] INFO: ABLECTOR TIME: 0.003626
[runlim] end:			Sat May 16 15:42:07 2020
[runlim] status:		ok
[runlim] result:		0
[runlim] children:		12
[runlim] real:			2.48 seconds
[runlim] time:			2.15 seconds
[runlim] space:			78.6 MB
[runlim] samples:		16
[runlim] version:		1.10
[runlim] time limit:		311040000 seconds
[runlim] real time limit:	1200 seconds
[runlim] space limit:		15000 MB
[runlim] argv[0]:		python3
[runlim] argv[1]:		/raid/steuber/Software/ablector/ablector
[runlim] argv[2]:		/raid/steuber/Benchmarks/2019/QF_BV/sage/app7/bench_1674.smt2
[runlim] argv[3]:		--ufReuse=1
[runlim] start:			Sat May 16 15:42:07 2020
[runlim] main pid:		1160
[Ablector] INFO: ABLECTOR TIME: 0.003707
[runlim] end:			Sat May 16 15:42:08 2020
[runlim] status:		ok
[runlim] result:		0
[runlim] children:		5
[runlim] real:			1.83 seconds
[runlim] time:			1.45 seconds
[runlim] space:			62.9 MB
[runlim] samples:		9
[runlim] version:		1.10
[runlim] time limit:		311040000 seconds
[runlim] real time limit:	1200 seconds
[runlim] space limit:		15000 MB
[runlim] argv[0]:		python3
[runlim] argv[1]:		/raid/steuber/Software/ablector/ablector
[runlim] argv[2]:		/raid/steuber/Benchmarks/2019/QF_BV/sage/app11/bench_589.smt2
[runlim] argv[3]:		--ufReuse=1
[runlim] start:			Sat May 16 15:42:09 2020
[runlim] main pid:		1180
[Ablector] INFO: ABLECTOR TIME: 0.003718
[runlim] end:			Sat May 16 15:42:10 2020
[runlim] status:		ok
[runlim] result:		0
[runlim] children:		5
[runlim] real:			1.10 seconds
[runlim] time:			1.33 seconds
[runlim] space:			68.1 MB
[runlim] samples:		9
[runlim] version:		1.10
[runlim] time limit:		311040000 seconds
[runlim] real time limit:	1200 seconds
[runlim] space limit:		15000 MB
[runlim] argv[0]:		python3
[runlim] argv[1]:		/raid/steuber/Software/ablector/ablector
[runlim] argv[2]:		/raid/steuber/Benchmarks/2019/QF_BV/sage/app9/bench_219.smt2
[runlim] argv[3]:		--ufReuse=1
[runlim] start:			Sat May 16 15:42:10 2020
[runlim] main pid:		1201
[Ablector] INFO: ABLECTOR TIME: 0.003808
[runlim] end:			Sat May 16 15:42:10 2020
[runlim] status:		ok
[runlim] result:		0
[runlim] children:		0
[runlim] real:			0.94 seconds
[runlim] time:			0.98 seconds
[runlim] space:			37.3 MB
[runlim] samples:		4
[runlim] version:		1.10
[runlim] time limit:		311040000 seconds
[runlim] real time limit:	1200 seconds
[runlim] space limit:		15000 MB
[runlim] argv[0]:		python3
[runlim] argv[1]:		/raid/steuber/Software/ablector/ablector
[runlim] argv[2]:		/raid/steuber/Benchmarks/2019/QF_BV/sage/app1/bench_762.smt2
[runlim] argv[3]:		--ufReuse=1
[runlim] start:			Sat May 16 15:42:11 2020
[runlim] main pid:		1221
[Ablector] INFO: *** ROUND 0
[SdivNode] INFO: Level 0
[SdivNode] INFO: Level 0
[SdivNode] INFO: Level 0
[SdivNode] INFO: Level 0
[SdivNode] INFO: Level 0
[Ablector] INFO: ABLECTOR TIME: 0.036981
[Ablector] INFO: SAT TIME: 0.032163
[Ablector] INFO: REF TIME: 0.007033
[runlim] end:			Sat May 16 15:42:11 2020
[runlim] status:		ok
[runlim] result:		0
[runlim] children:		1
[runlim] real:			0.80 seconds
[runlim] time:			1.07 seconds
[runlim] space:			41.3 MB
[runlim] samples:		5
[runlim] version:		1.10
[runlim] time limit:		311040000 seconds
[runlim] real time limit:	1200 seconds
[runlim] space limit:		15000 MB
[runlim] argv[0]:		python3
[runlim] argv[1]:		/raid/steuber/Software/ablector/ablector
[runlim] argv[2]:		/raid/steuber/Benchmarks/2019/QF_BV/sage/app7/bench_878.smt2
[runlim] argv[3]:		--ufReuse=1
[runlim] start:			Sat May 16 15:42:12 2020
[runlim] main pid:		1241
[Ablector] INFO: ABLECTOR TIME: 0.003674
[runlim] end:			Sat May 16 15:42:13 2020
[runlim] status:		ok
[runlim] result:		0
[runlim] children:		12
[runlim] real:			1.73 seconds
[runlim] time:			2.06 seconds
[runlim] space:			75.5 MB
[runlim] samples:		15
[runlim] version:		1.10
[runlim] time limit:		311040000 seconds
[runlim] real time limit:	1200 seconds
[runlim] space limit:		15000 MB
[runlim] argv[0]:		python3
[runlim] argv[1]:		/raid/steuber/Software/ablector/ablector
[runlim] argv[2]:		/raid/steuber/Benchmarks/2019/QF_BV/sage/app10/bench_50.smt2
[runlim] argv[3]:		--ufReuse=1
[runlim] start:			Sat May 16 15:42:14 2020
[runlim] main pid:		1262
[Ablector] INFO: ABLECTOR TIME: 0.003630
[runlim] end:			Sat May 16 15:42:14 2020
[runlim] status:		ok
[runlim] result:		0
[runlim] children:		1
[runlim] real:			0.55 seconds
[runlim] time:			0.95 seconds
[runlim] space:			41.6 MB
[runlim] samples:		4
[runlim] version:		1.10
[runlim] time limit:		311040000 seconds
[runlim] real time limit:	1200 seconds
[runlim] space limit:		15000 MB
[runlim] argv[0]:		python3
[runlim] argv[1]:		/raid/steuber/Software/ablector/ablector
[runlim] argv[2]:		/raid/steuber/Benchmarks/2019/QF_BV/sage/app7/bench_5796.smt2
[runlim] argv[3]:		--ufReuse=1
[runlim] start:			Sat May 16 15:42:14 2020
[runlim] main pid:		1282
[Ablector] INFO: ABLECTOR TIME: 0.003591
[runlim] end:			Sat May 16 15:42:15 2020
[runlim] status:		ok
[runlim] result:		0
[runlim] children:		0
[runlim] real:			1.39 seconds
[runlim] time:			0.98 seconds
[runlim] space:			37.7 MB
[runlim] samples:		4
[runlim] version:		1.10
[runlim] time limit:		311040000 seconds
[runlim] real time limit:	1200 seconds
[runlim] space limit:		15000 MB
[runlim] argv[0]:		python3
[runlim] argv[1]:		/raid/steuber/Software/ablector/ablector
[runlim] argv[2]:		/raid/steuber/Benchmarks/2019/QF_BV/Sage2/bench_15561.smt2
[runlim] argv[3]:		--ufReuse=1
[runlim] start:			Sat May 16 15:42:15 2020
[runlim] main pid:		1302
[Ablector] INFO: *** ROUND 0
[runlim] sample:		10.5 time, 10.7 real, 114.6 MB
[MulNode] INFO: Level 0
[MulNode] INFO: Level 0
[MulNode] INFO: Level 0
[MulNode] INFO: Level 0
[MulNode] INFO: Level 0
[MulNode] INFO: Level 0
[MulNode] INFO: Level 0
[MulNode] INFO: Level 0
[MulNode] INFO: Level 0
[MulNode] INFO: Level 0
[MulNode] INFO: Level 0
[MulNode] INFO: Level 0
[MulNode] INFO: Level 0
[MulNode] INFO: Level 0
[MulNode] INFO: Level 0
[MulNode] INFO: Level 0
[MulNode] INFO: Level 0
[MulNode] INFO: Level 0
[UdivNode] INFO: Level 0
[UdivNode] INFO: Level 0
[MulNode] INFO: Level 0
[MulNode] INFO: Level 0
[MulNode] INFO: Level 0
[MulNode] INFO: Level 0
[MulNode] INFO: Level 0
[MulNode] INFO: Level 0
[MulNode] INFO: Level 0
[MulNode] INFO: Level 0
[MulNode] INFO: Level 0
[MulNode] INFO: Level 0
[MulNode] INFO: Level 0
[MulNode] INFO: Level 0
[MulNode] INFO: Level 0
[MulNode] INFO: Level 0
[MulNode] INFO: Level 0
[MulNode] INFO: Level 0
[UdivNode] INFO: Level 0
[MulNode] INFO: Level 0
[UdivNode] INFO: Level 0
[MulNode] INFO: Level 0
[MulNode] INFO: Level 0
[MulNode] INFO: Level 0
[MulNode] INFO: Level 0
[UdivNode] INFO: Level 0
[MulNode] INFO: Level 0
[MulNode] INFO: Level 0
[MulNode] INFO: Level 0
[MulNode] INFO: Level 0
[MulNode] INFO: Level 0
[MulNode] INFO: Level 0
[MulNode] INFO: Level 0
[MulNode] INFO: Level 0
[MulNode] INFO: Level 0
[MulNode] INFO: Level 0
[MulNode] INFO: Level 0
[MulNode] INFO: Level 0
[MulNode] INFO: Level 0
[MulNode] INFO: Level 0
[MulNode] INFO: Level 0
[MulNode] INFO: Level 0
[MulNode] INFO: Level 0
[MulNode] INFO: Level 0
[MulNode] INFO: Level 0
[MulNode] INFO: Level 0
[MulNode] INFO: Level 0
[MulNode] INFO: Level 0
[MulNode] INFO: Level 0
[MulNode] INFO: Level 0
[MulNode] INFO: Level 0
[MulNode] INFO: Level 0
[MulNode] INFO: Level 0
[MulNode] INFO: Level 0
[MulNode] INFO: Level 0
[MulNode] INFO: Level 0
[MulNode] INFO: Level 0
[MulNode] INFO: Level 0
[MulNode] INFO: Level 0
[MulNode] INFO: Level 0
[MulNode] INFO: Level 0
[MulNode] INFO: Level 0
[MulNode] INFO: Level 0
[MulNode] INFO: Level 0
[Ablector] INFO: ABLECTOR TIME: 14.511042
[Ablector] INFO: SAT TIME: 14.492043
[Ablector] INFO: REF TIME: 0.747164
[runlim] end:			Sat May 16 15:42:31 2020
[runlim] status:		ok
[runlim] result:		0
[runlim] children:		0
[runlim] real:			16.06 seconds
[runlim] time:			15.79 seconds
[runlim] space:			128.7 MB
[runlim] samples:		153
[runlim] version:		1.10
[runlim] time limit:		311040000 seconds
[runlim] real time limit:	1200 seconds
[runlim] space limit:		15000 MB
[runlim] argv[0]:		python3
[runlim] argv[1]:		/raid/steuber/Software/ablector/ablector
[runlim] argv[2]:		/raid/steuber/Benchmarks/2019/QF_BV/sage/app7/bench_6422.smt2
[runlim] argv[3]:		--ufReuse=1
[runlim] start:			Sat May 16 15:42:31 2020
[runlim] main pid:		1324
[Ablector] INFO: ABLECTOR TIME: 0.003533
[runlim] end:			Sat May 16 15:42:32 2020
[runlim] status:		ok
[runlim] result:		0
[runlim] children:		0
[runlim] real:			1.03 seconds
[runlim] time:			0.98 seconds
[runlim] space:			37.7 MB
[runlim] samples:		5
[runlim] version:		1.10
[runlim] time limit:		311040000 seconds
[runlim] real time limit:	1200 seconds
[runlim] space limit:		15000 MB
[runlim] argv[0]:		python3
[runlim] argv[1]:		/raid/steuber/Software/ablector/ablector
[runlim] argv[2]:		/raid/steuber/Benchmarks/2019/QF_BV/sage/app7/bench_5586.smt2
[runlim] argv[3]:		--ufReuse=1
[runlim] start:			Sat May 16 15:42:32 2020
[runlim] main pid:		1347
[Ablector] INFO: ABLECTOR TIME: 0.003574
[runlim] end:			Sat May 16 15:42:32 2020
[runlim] status:		ok
[runlim] result:		0
[runlim] children:		0
[runlim] real:			0.83 seconds
[runlim] time:			0.94 seconds
[runlim] space:			37.6 MB
[runlim] samples:		4
[runlim] version:		1.10
[runlim] time limit:		311040000 seconds
[runlim] real time limit:	1200 seconds
[runlim] space limit:		15000 MB
[runlim] argv[0]:		python3
[runlim] argv[1]:		/raid/steuber/Software/ablector/ablector
[runlim] argv[2]:		/raid/steuber/Benchmarks/2019/QF_BV/sage/app7/bench_5863.smt2
[runlim] argv[3]:		--ufReuse=1
[runlim] start:			Sat May 16 15:42:33 2020
[runlim] main pid:		1367
[Ablector] INFO: ABLECTOR TIME: 0.003612
[runlim] end:			Sat May 16 15:42:33 2020
[runlim] status:		ok
[runlim] result:		0
[runlim] children:		0
[runlim] real:			0.66 seconds
[runlim] time:			0.98 seconds
[runlim] space:			37.8 MB
[runlim] samples:		4
[runlim] version:		1.10
[runlim] time limit:		311040000 seconds
[runlim] real time limit:	1200 seconds
[runlim] space limit:		15000 MB
[runlim] argv[0]:		python3
[runlim] argv[1]:		/raid/steuber/Software/ablector/ablector
[runlim] argv[2]:		/raid/steuber/Benchmarks/2019/QF_BV/sage/app7/bench_2427.smt2
[runlim] argv[3]:		--ufReuse=1
[runlim] start:			Sat May 16 15:42:34 2020
[runlim] main pid:		1387
[Ablector] INFO: ABLECTOR TIME: 0.003746
[runlim] end:			Sat May 16 15:42:34 2020
[runlim] status:		ok
[runlim] result:		0
[runlim] children:		3
[runlim] real:			0.68 seconds
[runlim] time:			1.15 seconds
[runlim] space:			50.2 MB
[runlim] samples:		6
[runlim] version:		1.10
[runlim] time limit:		311040000 seconds
[runlim] real time limit:	1200 seconds
[runlim] space limit:		15000 MB
[runlim] argv[0]:		python3
[runlim] argv[1]:		/raid/steuber/Software/ablector/ablector
[runlim] argv[2]:		/raid/steuber/Benchmarks/2019/QF_BV/sage/app9/bench_1925.smt2
[runlim] argv[3]:		--ufReuse=1
[runlim] start:			Sat May 16 15:42:35 2020
[runlim] main pid:		1407
[Ablector] INFO: ABLECTOR TIME: 0.003505
[runlim] end:			Sat May 16 15:42:35 2020
[runlim] status:		ok
[runlim] result:		0
[runlim] children:		0
[runlim] real:			0.52 seconds
[runlim] time:			0.96 seconds
[runlim] space:			37.5 MB
[runlim] samples:		4
[runlim] version:		1.10
[runlim] time limit:		311040000 seconds
[runlim] real time limit:	1200 seconds
[runlim] space limit:		15000 MB
[runlim] argv[0]:		python3
[runlim] argv[1]:		/raid/steuber/Software/ablector/ablector
[runlim] argv[2]:		/raid/steuber/Benchmarks/2019/QF_BV/sage/app7/bench_5682.smt2
[runlim] argv[3]:		--ufReuse=1
[runlim] start:			Sat May 16 15:42:35 2020
[runlim] main pid:		1427
[Ablector] INFO: ABLECTOR TIME: 0.003685
[runlim] end:			Sat May 16 15:42:36 2020
[runlim] status:		ok
[runlim] result:		0
[runlim] children:		0
[runlim] real:			1.32 seconds
[runlim] time:			0.94 seconds
[runlim] space:			37.7 MB
[runlim] samples:		4
[runlim] version:		1.10
[runlim] time limit:		311040000 seconds
[runlim] real time limit:	1200 seconds
[runlim] space limit:		15000 MB
[runlim] argv[0]:		python3
[runlim] argv[1]:		/raid/steuber/Software/ablector/ablector
[runlim] argv[2]:		/raid/steuber/Benchmarks/2019/QF_BV/sage/app1/bench_2155.smt2
[runlim] argv[3]:		--ufReuse=1
[runlim] start:			Sat May 16 15:42:36 2020
[runlim] main pid:		1447
[Ablector] INFO: *** ROUND 0
[SdivNode] INFO: Level 0
[SdivNode] INFO: Level 0
[SdivNode] INFO: Level 0
[SdivNode] INFO: Level 0
[SdivNode] INFO: Level 0
[SdivNode] INFO: Level 0
[SdivNode] INFO: Level 0
[SdivNode] INFO: Level 0
[SdivNode] INFO: Level 0
[SdivNode] INFO: Level 0
[SdivNode] INFO: Level 0
[SdivNode] INFO: Level 0
[SdivNode] INFO: Level 0
[SdivNode] INFO: Level 0
[SdivNode] INFO: Level 0
[SdivNode] INFO: Level 0
[SdivNode] INFO: Level 0
[SdivNode] INFO: Level 0
[SdivNode] INFO: Level 0
[SdivNode] INFO: Level 0
[SdivNode] INFO: Level 0
[SdivNode] INFO: Level 0
[SdivNode] INFO: Level 0
[SdivNode] INFO: Level 0
[SdivNode] INFO: Level 0
[SdivNode] INFO: Level 0
[SdivNode] INFO: Level 0
[SdivNode] INFO: Level 0
[SdivNode] INFO: Level 0
[SdivNode] INFO: Level 0
[SdivNode] INFO: Level 0
[SdivNode] INFO: Level 0
[SdivNode] INFO: Level 0
[SdivNode] INFO: Level 0
[SdivNode] INFO: Level 0
[SdivNode] INFO: Level 0
[SdivNode] INFO: Level 0
[SdivNode] INFO: Level 0
[SdivNode] INFO: Level 0
[SdivNode] INFO: Level 0
[SdivNode] INFO: Level 0
[Ablector] INFO: ABLECTOR TIME: 0.274352
[Ablector] INFO: SAT TIME: 0.265121
[Ablector] INFO: REF TIME: 0.054562
[runlim] end:			Sat May 16 15:42:37 2020
[runlim] status:		ok
[runlim] result:		0
[runlim] children:		0
[runlim] real:			1.48 seconds
[runlim] time:			1.26 seconds
[runlim] space:			68.9 MB
[runlim] samples:		7
[runlim] version:		1.10
[runlim] time limit:		311040000 seconds
[runlim] real time limit:	1200 seconds
[runlim] space limit:		15000 MB
[runlim] argv[0]:		python3
[runlim] argv[1]:		/raid/steuber/Software/ablector/ablector
[runlim] argv[2]:		/raid/steuber/Benchmarks/2019/QF_BV/Sage2/bench_11193.smt2
[runlim] argv[3]:		--ufReuse=1
[runlim] start:			Sat May 16 15:42:37 2020
[runlim] main pid:		1467
[Ablector] INFO: *** ROUND 0
[MulNode] INFO: Level 0
[MulNode] INFO: Level 0
[MulNode] INFO: Level 0
[MulNode] INFO: Level 0
[MulNode] INFO: Level 0
[Ablector] INFO: ABLECTOR TIME: 1.205649
[Ablector] INFO: SAT TIME: 1.200567
[Ablector] INFO: REF TIME: 0.046640
[runlim] end:			Sat May 16 15:42:39 2020
[runlim] status:		ok
[runlim] result:		0
[runlim] children:		0
[runlim] real:			2.47 seconds
[runlim] time:			2.17 seconds
[runlim] space:			43.4 MB
[runlim] samples:		16
[runlim] version:		1.10
[runlim] time limit:		311040000 seconds
[runlim] real time limit:	1200 seconds
[runlim] space limit:		15000 MB
[runlim] argv[0]:		python3
[runlim] argv[1]:		/raid/steuber/Software/ablector/ablector
[runlim] argv[2]:		/raid/steuber/Benchmarks/2019/QF_BV/sage/app11/bench_455.smt2
[runlim] argv[3]:		--ufReuse=1
[runlim] start:			Sat May 16 15:42:39 2020
[runlim] main pid:		1487
[Ablector] INFO: ABLECTOR TIME: 0.003867
[runlim] end:			Sat May 16 15:42:40 2020
[runlim] status:		ok
[runlim] result:		0
[runlim] children:		5
[runlim] real:			1.73 seconds
[runlim] time:			1.36 seconds
[runlim] space:			68.0 MB
[runlim] samples:		9
[runlim] version:		1.10
[runlim] time limit:		311040000 seconds
[runlim] real time limit:	1200 seconds
[runlim] space limit:		15000 MB
[runlim] argv[0]:		python3
[runlim] argv[1]:		/raid/steuber/Software/ablector/ablector
[runlim] argv[2]:		/raid/steuber/Benchmarks/2019/QF_BV/sage/app7/bench_848.smt2
[runlim] argv[3]:		--ufReuse=1
[runlim] start:			Sat May 16 15:42:41 2020
[runlim] main pid:		1507
[Ablector] INFO: ABLECTOR TIME: 0.003686
[runlim] end:			Sat May 16 15:42:42 2020
[runlim] status:		ok
[runlim] result:		0
[runlim] children:		12
[runlim] real:			1.65 seconds
[runlim] time:			2.06 seconds
[runlim] space:			76.2 MB
[runlim] samples:		15
[runlim] version:		1.10
[runlim] time limit:		311040000 seconds
[runlim] real time limit:	1200 seconds
[runlim] space limit:		15000 MB
[runlim] argv[0]:		python3
[runlim] argv[1]:		/raid/steuber/Software/ablector/ablector
[runlim] argv[2]:		/raid/steuber/Benchmarks/2019/QF_BV/sage/app2/bench_1386.smt2
[runlim] argv[3]:		--ufReuse=1
[runlim] start:			Sat May 16 15:42:42 2020
[runlim] main pid:		1527
[Ablector] INFO: *** ROUND 0
[MulNode] INFO: Level 0
[MulNode] INFO: Level 0
[MulNode] INFO: Level 0
[SdivNode] INFO: Level 0
[SdivNode] INFO: Level 0
[SdivNode] INFO: Level 0
[MulNode] INFO: Level 0
[Ablector] INFO: ABLECTOR TIME: 0.093208
[Ablector] INFO: SAT TIME: 0.086212
[Ablector] INFO: REF TIME: 0.042039
[runlim] end:			Sat May 16 15:42:43 2020
[runlim] status:		ok
[runlim] result:		0
[runlim] children:		1
[runlim] real:			0.73 seconds
[runlim] time:			1.25 seconds
[runlim] space:			45.0 MB
[runlim] samples:		7
[runlim] version:		1.10
[runlim] time limit:		311040000 seconds
[runlim] real time limit:	1200 seconds
[runlim] space limit:		15000 MB
[runlim] argv[0]:		python3
[runlim] argv[1]:		/raid/steuber/Software/ablector/ablector
[runlim] argv[2]:		/raid/steuber/Benchmarks/2019/QF_BV/sage/app7/bench_8429.smt2
[runlim] argv[3]:		--ufReuse=1
[runlim] start:			Sat May 16 15:42:44 2020
[runlim] main pid:		1547
[Ablector] INFO: *** ROUND 0
[MulNode] INFO: Level 0
[MulNode] INFO: Level 0
[MulNode] INFO: Level 0
[MulNode] INFO: Level 0
[MulNode] INFO: Level 0
[Ablector] INFO: ABLECTOR TIME: 0.232232
[Ablector] INFO: SAT TIME: 0.226956
[Ablector] INFO: REF TIME: 0.045711
[runlim] end:			Sat May 16 15:42:44 2020
[runlim] status:		ok
[runlim] result:		0
[runlim] children:		0
[runlim] real:			0.77 seconds
[runlim] time:			1.17 seconds
[runlim] space:			45.4 MB
[runlim] samples:		6
[runlim] version:		1.10
[runlim] time limit:		311040000 seconds
[runlim] real time limit:	1200 seconds
[runlim] space limit:		15000 MB
[runlim] argv[0]:		python3
[runlim] argv[1]:		/raid/steuber/Software/ablector/ablector
[runlim] argv[2]:		/raid/steuber/Benchmarks/2019/QF_BV/sage/app12/bench_283.smt2
[runlim] argv[3]:		--ufReuse=1
[runlim] start:			Sat May 16 15:42:45 2020
[runlim] main pid:		1567
[Ablector] INFO: ABLECTOR TIME: 0.004297
[runlim] end:			Sat May 16 15:42:45 2020
[runlim] status:		ok
[runlim] result:		0
[runlim] children:		0
[runlim] real:			0.61 seconds
[runlim] time:			0.97 seconds
[runlim] space:			36.8 MB
[runlim] samples:		4
[runlim] version:		1.10
[runlim] time limit:		311040000 seconds
[runlim] real time limit:	1200 seconds
[runlim] space limit:		15000 MB
[runlim] argv[0]:		python3
[runlim] argv[1]:		/raid/steuber/Software/ablector/ablector
[runlim] argv[2]:		/raid/steuber/Benchmarks/2019/QF_BV/sage/app8/bench_3578.smt2
[runlim] argv[3]:		--ufReuse=1
[runlim] start:			Sat May 16 15:42:45 2020
[runlim] main pid:		1587
[Ablector] INFO: ABLECTOR TIME: 0.003749
[runlim] end:			Sat May 16 15:42:46 2020
[runlim] status:		ok
[runlim] result:		0
[runlim] children:		0
[runlim] real:			1.46 seconds
[runlim] time:			0.98 seconds
[runlim] space:			36.8 MB
[runlim] samples:		4
[runlim] version:		1.10
[runlim] time limit:		311040000 seconds
[runlim] real time limit:	1200 seconds
[runlim] space limit:		15000 MB
[runlim] argv[0]:		python3
[runlim] argv[1]:		/raid/steuber/Software/ablector/ablector
[runlim] argv[2]:		/raid/steuber/Benchmarks/2019/QF_BV/sage/app2/bench_611.smt2
[runlim] argv[3]:		--ufReuse=1
[runlim] start:			Sat May 16 15:42:46 2020
[runlim] main pid:		1607
[Ablector] INFO: ABLECTOR TIME: 0.003583
[runlim] end:			Sat May 16 15:42:47 2020
[runlim] status:		ok
[runlim] result:		0
[runlim] children:		1
[runlim] real:			1.34 seconds
[runlim] time:			0.99 seconds
[runlim] space:			37.8 MB
[runlim] samples:		5
[runlim] version:		1.10
[runlim] time limit:		311040000 seconds
[runlim] real time limit:	1200 seconds
[runlim] space limit:		15000 MB
[runlim] argv[0]:		python3
[runlim] argv[1]:		/raid/steuber/Software/ablector/ablector
[runlim] argv[2]:		/raid/steuber/Benchmarks/2019/QF_BV/Sage2/bench_8524.smt2
[runlim] argv[3]:		--ufReuse=1
[runlim] start:			Sat May 16 15:42:47 2020
[runlim] main pid:		1627
[Ablector] INFO: *** ROUND 0
[MulNode] INFO: Level 0
[MulNode] INFO: Level 0
[MulNode] INFO: Level 0
[MulNode] INFO: Level 0
[MulNode] INFO: Level 0
[MulNode] INFO: Level 0
[MulNode] INFO: Level 0
[MulNode] INFO: Level 0
[MulNode] INFO: Level 0
[MulNode] INFO: Level 0
[MulNode] INFO: Level 0
[MulNode] INFO: Level 0
[MulNode] INFO: Level 0
[MulNode] INFO: Level 0
[MulNode] INFO: Level 0
[MulNode] INFO: Level 0
[MulNode] INFO: Level 0
[MulNode] INFO: Level 0
[MulNode] INFO: Level 0
[MulNode] INFO: Level 0
[MulNode] INFO: Level 0
[MulNode] INFO: Level 0
[MulNode] INFO: Level 0
[MulNode] INFO: Level 0
[MulNode] INFO: Level 0
[MulNode] INFO: Level 0
[MulNode] INFO: Level 0
[MulNode] INFO: Level 0
[MulNode] INFO: Level 0
[MulNode] INFO: Level 0
[MulNode] INFO: Level 0
[MulNode] INFO: Level 0
[MulNode] INFO: Level 0
[MulNode] INFO: Level 0
[MulNode] INFO: Level 0
[MulNode] INFO: Level 0
[MulNode] INFO: Level 0
[MulNode] INFO: Level 0
[MulNode] INFO: Level 0
[MulNode] INFO: Level 0
[MulNode] INFO: Level 0
[MulNode] INFO: Level 0
[MulNode] INFO: Level 0
[MulNode] INFO: Level 0
[MulNode] INFO: Level 0
[MulNode] INFO: Level 0
[MulNode] INFO: Level 0
[MulNode] INFO: Level 0
[MulNode] INFO: Level 0
[MulNode] INFO: Level 0
[MulNode] INFO: Level 0
[Ablector] INFO: ABLECTOR TIME: 1.041370
[Ablector] INFO: SAT TIME: 1.027098
[Ablector] INFO: REF TIME: 0.525800
[runlim] end:			Sat May 16 15:42:49 2020
[runlim] status:		ok
[runlim] result:		0
[runlim] children:		1
[runlim] real:			2.83 seconds
[runlim] time:			2.62 seconds
[runlim] space:			93.2 MB
[runlim] samples:		21
[runlim] version:		1.10
[runlim] time limit:		311040000 seconds
[runlim] real time limit:	1200 seconds
[runlim] space limit:		15000 MB
[runlim] argv[0]:		python3
[runlim] argv[1]:		/raid/steuber/Software/ablector/ablector
[runlim] argv[2]:		/raid/steuber/Benchmarks/2019/QF_BV/Sage2/bench_10336.smt2
[runlim] argv[3]:		--ufReuse=1
[runlim] start:			Sat May 16 15:42:50 2020
[runlim] main pid:		1647
[Ablector] INFO: *** ROUND 0
[MulNode] INFO: Level 0
[MulNode] INFO: Level 0
[MulNode] INFO: Level 0
[MulNode] INFO: Level 0
[MulNode] INFO: Level 0
[MulNode] INFO: Level 0
[MulNode] INFO: Level 0
[MulNode] INFO: Level 0
[MulNode] INFO: Level 0
[MulNode] INFO: Level 0
[MulNode] INFO: Level 0
[MulNode] INFO: Level 0
[MulNode] INFO: Level 0
[MulNode] INFO: Level 0
[MulNode] INFO: Level 0
[MulNode] INFO: Level 0
[MulNode] INFO: Level 0
[MulNode] INFO: Level 0
[MulNode] INFO: Level 0
[MulNode] INFO: Level 0
[MulNode] INFO: Level 0
[MulNode] INFO: Level 0
[MulNode] INFO: Level 0
[MulNode] INFO: Level 0
[MulNode] INFO: Level 0
[MulNode] INFO: Level 0
[MulNode] INFO: Level 0
[Ablector] INFO: ABLECTOR TIME: 2.114973
[Ablector] INFO: SAT TIME: 2.105737
[Ablector] INFO: REF TIME: 0.204763
[runlim] end:			Sat May 16 15:42:53 2020
[runlim] status:		ok
[runlim] result:		0
[runlim] children:		1
[runlim] real:			3.31 seconds
[runlim] time:			3.58 seconds
[runlim] space:			71.3 MB
[runlim] samples:		31
[runlim] version:		1.10
[runlim] time limit:		311040000 seconds
[runlim] real time limit:	1200 seconds
[runlim] space limit:		15000 MB
[runlim] argv[0]:		python3
[runlim] argv[1]:		/raid/steuber/Software/ablector/ablector
[runlim] argv[2]:		/raid/steuber/Benchmarks/2019/QF_BV/sage/app12/bench_5002.smt2
[runlim] argv[3]:		--ufReuse=1
[runlim] start:			Sat May 16 15:42:53 2020
[runlim] main pid:		1667
[Ablector] INFO: ABLECTOR TIME: 0.003848
[runlim] end:			Sat May 16 15:42:54 2020
[runlim] status:		ok
[runlim] result:		0
[runlim] children:		0
[runlim] real:			1.15 seconds
[runlim] time:			0.97 seconds
[runlim] space:			36.9 MB
[runlim] samples:		4
[runlim] version:		1.10
[runlim] time limit:		311040000 seconds
[runlim] real time limit:	1200 seconds
[runlim] space limit:		15000 MB
[runlim] argv[0]:		python3
[runlim] argv[1]:		/raid/steuber/Software/ablector/ablector
[runlim] argv[2]:		/raid/steuber/Benchmarks/2019/QF_BV/Sage2/bench_17797.smt2
[runlim] argv[3]:		--ufReuse=1
[runlim] start:			Sat May 16 15:42:54 2020
[runlim] main pid:		1687
[Ablector] INFO: *** ROUND 0
[MulNode] INFO: Level 0
[MulNode] INFO: Level 0
[MulNode] INFO: Level 0
[Ablector] INFO: ABLECTOR TIME: 0.418146
[Ablector] INFO: SAT TIME: 0.413333
[Ablector] INFO: REF TIME: 0.020711
[runlim] end:			Sat May 16 15:42:55 2020
[runlim] status:		ok
[runlim] result:		0
[runlim] children:		0
[runlim] real:			1.44 seconds
[runlim] time:			1.38 seconds
[runlim] space:			44.4 MB
[runlim] samples:		9
[runlim] version:		1.10
[runlim] time limit:		311040000 seconds
[runlim] real time limit:	1200 seconds
[runlim] space limit:		15000 MB
[runlim] argv[0]:		python3
[runlim] argv[1]:		/raid/steuber/Software/ablector/ablector
[runlim] argv[2]:		/raid/steuber/Benchmarks/2019/QF_BV/sage/app7/bench_7746.smt2
[runlim] argv[3]:		--ufReuse=1
[runlim] start:			Sat May 16 15:42:55 2020
[runlim] main pid:		1707
[Ablector] INFO: ABLECTOR TIME: 0.003938
[runlim] end:			Sat May 16 15:42:57 2020
[runlim] status:		ok
[runlim] result:		0
[runlim] children:		14
[runlim] real:			2.61 seconds
[runlim] time:			2.25 seconds
[runlim] space:			84.0 MB
[runlim] samples:		17
[runlim] version:		1.10
[runlim] time limit:		311040000 seconds
[runlim] real time limit:	1200 seconds
[runlim] space limit:		15000 MB
[runlim] argv[0]:		python3
[runlim] argv[1]:		/raid/steuber/Software/ablector/ablector
[runlim] argv[2]:		/raid/steuber/Benchmarks/2019/QF_BV/sage/app7/bench_2535.smt2
[runlim] argv[3]:		--ufReuse=1
[runlim] start:			Sat May 16 15:42:57 2020
[runlim] main pid:		1728
[Ablector] INFO: ABLECTOR TIME: 0.003594
[runlim] end:			Sat May 16 15:42:58 2020
[runlim] status:		ok
[runlim] result:		0
[runlim] children:		3
[runlim] real:			1.70 seconds
[runlim] time:			1.15 seconds
[runlim] space:			49.9 MB
[runlim] samples:		7
[runlim] version:		1.10
[runlim] time limit:		311040000 seconds
[runlim] real time limit:	1200 seconds
[runlim] space limit:		15000 MB
[runlim] argv[0]:		python3
[runlim] argv[1]:		/raid/steuber/Software/ablector/ablector
[runlim] argv[2]:		/raid/steuber/Benchmarks/2019/QF_BV/sage/app11/bench_547.smt2
[runlim] argv[3]:		--ufReuse=1
[runlim] start:			Sat May 16 15:42:59 2020
[runlim] main pid:		1748
[Ablector] INFO: ABLECTOR TIME: 0.004497
[runlim] end:			Sat May 16 15:42:59 2020
[runlim] status:		ok
[runlim] result:		0
[runlim] children:		4
[runlim] real:			1.00 seconds
[runlim] time:			1.35 seconds
[runlim] space:			67.9 MB
[runlim] samples:		9
[runlim] version:		1.10
[runlim] time limit:		311040000 seconds
[runlim] real time limit:	1200 seconds
[runlim] space limit:		15000 MB
[runlim] argv[0]:		python3
[runlim] argv[1]:		/raid/steuber/Software/ablector/ablector
[runlim] argv[2]:		/raid/steuber/Benchmarks/2019/QF_BV/sage/app7/bench_546.smt2
[runlim] argv[3]:		--ufReuse=1
[runlim] start:			Sat May 16 15:43:00 2020
[runlim] main pid:		1768
[Ablector] INFO: ABLECTOR TIME: 0.003787
[runlim] end:			Sat May 16 15:43:02 2020
[runlim] status:		ok
[runlim] result:		0
[runlim] children:		14
[runlim] real:			2.15 seconds
[runlim] time:			2.24 seconds
[runlim] space:			80.8 MB
[runlim] samples:		17
[runlim] version:		1.10
[runlim] time limit:		311040000 seconds
[runlim] real time limit:	1200 seconds
[runlim] space limit:		15000 MB
[runlim] argv[0]:		python3
[runlim] argv[1]:		/raid/steuber/Software/ablector/ablector
[runlim] argv[2]:		/raid/steuber/Benchmarks/2019/QF_BV/sage/app7/bench_5243.smt2
[runlim] argv[3]:		--ufReuse=1
[runlim] start:			Sat May 16 15:43:02 2020
[runlim] main pid:		1788
[Ablector] INFO: ABLECTOR TIME: 0.003513
[runlim] end:			Sat May 16 15:43:03 2020
[runlim] status:		ok
[runlim] result:		0
[runlim] children:		0
[runlim] real:			1.07 seconds
[runlim] time:			0.99 seconds
[runlim] space:			37.7 MB
[runlim] samples:		5
[runlim] version:		1.10
[runlim] time limit:		311040000 seconds
[runlim] real time limit:	1200 seconds
[runlim] space limit:		15000 MB
[runlim] argv[0]:		python3
[runlim] argv[1]:		/raid/steuber/Software/ablector/ablector
[runlim] argv[2]:		/raid/steuber/Benchmarks/2019/QF_BV/sage/app7/bench_869.smt2
[runlim] argv[3]:		--ufReuse=1
[runlim] start:			Sat May 16 15:43:03 2020
[runlim] main pid:		1808
[Ablector] INFO: ABLECTOR TIME: 0.003951
[runlim] end:			Sat May 16 15:43:05 2020
[runlim] status:		ok
[runlim] result:		0
[runlim] children:		18
[runlim] real:			2.71 seconds
[runlim] time:			2.74 seconds
[runlim] space:			98.1 MB
[runlim] samples:		22
[runlim] version:		1.10
[runlim] time limit:		311040000 seconds
[runlim] real time limit:	1200 seconds
[runlim] space limit:		15000 MB
[runlim] argv[0]:		python3
[runlim] argv[1]:		/raid/steuber/Software/ablector/ablector
[runlim] argv[2]:		/raid/steuber/Benchmarks/2019/QF_BV/Sage2/bench_12718.smt2
[runlim] argv[3]:		--ufReuse=1
[runlim] start:			Sat May 16 15:43:06 2020
[runlim] main pid:		1829
[Ablector] INFO: *** ROUND 0
[MulNode] INFO: Level 0
[MulNode] INFO: Level 0
[MulNode] INFO: Level 0
[MulNode] INFO: Level 0
[MulNode] INFO: Level 0
[MulNode] INFO: Level 0
[MulNode] INFO: Level 0
[MulNode] INFO: Level 0
[MulNode] INFO: Level 0
[MulNode] INFO: Level 0
[MulNode] INFO: Level 0
[MulNode] INFO: Level 0
[MulNode] INFO: Level 0
[MulNode] INFO: Level 0
[MulNode] INFO: Level 0
[MulNode] INFO: Level 0
[MulNode] INFO: Level 0
[MulNode] INFO: Level 0
[MulNode] INFO: Level 0
[MulNode] INFO: Level 0
[MulNode] INFO: Level 0
[MulNode] INFO: Level 0
[MulNode] INFO: Level 0
[MulNode] INFO: Level 0
[MulNode] INFO: Level 0
[MulNode] INFO: Level 0
[MulNode] INFO: Level 0
[MulNode] INFO: Level 0
[MulNode] INFO: Level 0
[MulNode] INFO: Level 0
[MulNode] INFO: Level 0
[MulNode] INFO: Level 0
[MulNode] INFO: Level 0
[MulNode] INFO: Level 0
[MulNode] INFO: Level 0
[MulNode] INFO: Level 0
[MulNode] INFO: Level 0
[MulNode] INFO: Level 0
[MulNode] INFO: Level 0
[MulNode] INFO: Level 0
[MulNode] INFO: Level 0
[Ablector] INFO: ABLECTOR TIME: 7.281251
[Ablector] INFO: SAT TIME: 7.269689
[Ablector] INFO: REF TIME: 0.363121
[runlim] end:			Sat May 16 15:43:14 2020
[runlim] status:		ok
[runlim] result:		0
[runlim] children:		0
[runlim] real:			8.02 seconds
[runlim] time:			8.46 seconds
[runlim] space:			77.9 MB
[runlim] samples:		79
[runlim] version:		1.10
[runlim] time limit:		311040000 seconds
[runlim] real time limit:	1200 seconds
[runlim] space limit:		15000 MB
[runlim] argv[0]:		python3
[runlim] argv[1]:		/raid/steuber/Software/ablector/ablector
[runlim] argv[2]:		/raid/steuber/Benchmarks/2019/QF_BV/20190311-bv-term-small-rw-Noetzli/bv-term-small-rw_68.smt2
[runlim] argv[3]:		--ufReuse=1
[runlim] start:			Sat May 16 15:43:14 2020
[runlim] main pid:		1850
[Ablector] INFO: ABLECTOR TIME: 0.003245
[runlim] end:			Sat May 16 15:43:14 2020
[runlim] status:		ok
[runlim] result:		0
[runlim] children:		0
[runlim] real:			0.83 seconds
[runlim] time:			0.97 seconds
[runlim] space:			37.7 MB
[runlim] samples:		4
[runlim] version:		1.10
[runlim] time limit:		311040000 seconds
[runlim] real time limit:	1200 seconds
[runlim] space limit:		15000 MB
[runlim] argv[0]:		python3
[runlim] argv[1]:		/raid/steuber/Software/ablector/ablector
[runlim] argv[2]:		/raid/steuber/Benchmarks/2019/QF_BV/Sage2/bench_13442.smt2
[runlim] argv[3]:		--ufReuse=1
[runlim] start:			Sat May 16 15:43:15 2020
[runlim] main pid:		1870
[Ablector] INFO: *** ROUND 0
[MulNode] INFO: Level 0
[MulNode] INFO: Level 0
[MulNode] INFO: Level 0
[MulNode] INFO: Level 0
[MulNode] INFO: Level 0
[MulNode] INFO: Level 0
[MulNode] INFO: Level 0
[MulNode] INFO: Level 0
[MulNode] INFO: Level 0
[MulNode] INFO: Level 0
[MulNode] INFO: Level 0
[MulNode] INFO: Level 0
[MulNode] INFO: Level 0
[MulNode] INFO: Level 0
[MulNode] INFO: Level 0
[MulNode] INFO: Level 0
[MulNode] INFO: Level 0
[MulNode] INFO: Level 0
[MulNode] INFO: Level 0
[MulNode] INFO: Level 0
[MulNode] INFO: Level 0
[MulNode] INFO: Level 0
[MulNode] INFO: Level 0
[MulNode] INFO: Level 0
[MulNode] INFO: Level 0
[MulNode] INFO: Level 0
[MulNode] INFO: Level 0
[MulNode] INFO: Level 0
[MulNode] INFO: Level 0
[MulNode] INFO: Level 0
[MulNode] INFO: Level 0
[MulNode] INFO: Level 0
[MulNode] INFO: Level 0
[MulNode] INFO: Level 0
[MulNode] INFO: Level 0
[MulNode] INFO: Level 0
[MulNode] INFO: Level 0
[MulNode] INFO: Level 0
[MulNode] INFO: Level 0
[MulNode] INFO: Level 0
[MulNode] INFO: Level 0
[MulNode] INFO: Level 0
[MulNode] INFO: Level 0
[MulNode] INFO: Level 0
[Ablector] INFO: ABLECTOR TIME: 3.391929
[Ablector] INFO: SAT TIME: 3.379064
[Ablector] INFO: REF TIME: 0.441290
[runlim] end:			Sat May 16 15:43:19 2020
[runlim] status:		ok
[runlim] result:		0
[runlim] children:		0
[runlim] real:			4.37 seconds
[runlim] time:			4.63 seconds
[runlim] space:			103.0 MB
[runlim] samples:		41
[runlim] version:		1.10
[runlim] time limit:		311040000 seconds
[runlim] real time limit:	1200 seconds
[runlim] space limit:		15000 MB
[runlim] argv[0]:		python3
[runlim] argv[1]:		/raid/steuber/Software/ablector/ablector
[runlim] argv[2]:		/raid/steuber/Benchmarks/2019/QF_BV/Sage2/bench_9205.smt2
[runlim] argv[3]:		--ufReuse=1
[runlim] start:			Sat May 16 15:43:19 2020
[runlim] main pid:		1894
[Ablector] INFO: *** ROUND 0
[MulNode] INFO: Level 0
[Ablector] INFO: ABLECTOR TIME: 0.176488
[Ablector] INFO: SAT TIME: 0.172011
[Ablector] INFO: REF TIME: 0.010807
[runlim] end:			Sat May 16 15:43:20 2020
[runlim] status:		ok
[runlim] result:		0
[runlim] children:		0
[runlim] real:			1.36 seconds
[runlim] time:			1.17 seconds
[runlim] space:			42.6 MB
[runlim] samples:		6
[runlim] version:		1.10
[runlim] time limit:		311040000 seconds
[runlim] real time limit:	1200 seconds
[runlim] space limit:		15000 MB
[runlim] argv[0]:		python3
[runlim] argv[1]:		/raid/steuber/Software/ablector/ablector
[runlim] argv[2]:		/raid/steuber/Benchmarks/2019/QF_BV/sage/app8/bench_921.smt2
[runlim] argv[3]:		--ufReuse=1
[runlim] start:			Sat May 16 15:43:20 2020
[runlim] main pid:		1914
[Ablector] INFO: *** ROUND 0
[MulNode] INFO: Level 0
[MulNode] INFO: Level 0
[MulNode] INFO: Level 0
[MulNode] INFO: Level 0
[MulNode] INFO: Level 0
[MulNode] INFO: Level 0
[MulNode] INFO: Level 0
[MulNode] INFO: Level 0
[MulNode] INFO: Level 0
[MulNode] INFO: Level 0
[MulNode] INFO: Level 0
[Ablector] INFO: ABLECTOR TIME: 0.166601
[Ablector] INFO: SAT TIME: 0.160345
[Ablector] INFO: REF TIME: 0.108424
[runlim] end:			Sat May 16 15:43:21 2020
[runlim] status:		ok
[runlim] result:		0
[runlim] children:		0
[runlim] real:			1.46 seconds
[runlim] time:			1.26 seconds
[runlim] space:			48.6 MB
[runlim] samples:		7
[runlim] version:		1.10
[runlim] time limit:		311040000 seconds
[runlim] real time limit:	1200 seconds
[runlim] space limit:		15000 MB
[runlim] argv[0]:		python3
[runlim] argv[1]:		/raid/steuber/Software/ablector/ablector
[runlim] argv[2]:		/raid/steuber/Benchmarks/2019/QF_BV/20190311-bv-term-small-rw-Noetzli/bv-term-small-rw_27.smt2
[runlim] argv[3]:		--ufReuse=1
[runlim] start:			Sat May 16 15:43:21 2020
[runlim] main pid:		1934
[Ablector] INFO: ABLECTOR TIME: 0.003372
[runlim] end:			Sat May 16 15:43:22 2020
[runlim] status:		ok
[runlim] result:		0
[runlim] children:		0
[runlim] real:			1.23 seconds
[runlim] time:			0.97 seconds
[runlim] space:			37.9 MB
[runlim] samples:		4
[runlim] version:		1.10
[runlim] time limit:		311040000 seconds
[runlim] real time limit:	1200 seconds
[runlim] space limit:		15000 MB
[runlim] argv[0]:		python3
[runlim] argv[1]:		/raid/steuber/Software/ablector/ablector
[runlim] argv[2]:		/raid/steuber/Benchmarks/2019/QF_BV/sage/app9/bench_3024.smt2
[runlim] argv[3]:		--ufReuse=1
[runlim] start:			Sat May 16 15:43:22 2020
[runlim] main pid:		1954
[Ablector] INFO: *** ROUND 0
[MulNode] INFO: Level 0
[MulNode] INFO: Level 0
[MulNode] INFO: Level 0
[MulNode] INFO: Level 0
[MulNode] INFO: Level 0
[MulNode] INFO: Level 0
[MulNode] INFO: Level 0
[MulNode] INFO: Level 0
[MulNode] INFO: Level 0
[MulNode] INFO: Level 0
[MulNode] INFO: Level 0
[Ablector] INFO: ABLECTOR TIME: 0.320612
[Ablector] INFO: SAT TIME: 0.313719
[Ablector] INFO: REF TIME: 0.107211
[runlim] end:			Sat May 16 15:43:23 2020
[runlim] status:		ok
[runlim] result:		0
[runlim] children:		0
[runlim] real:			1.53 seconds
[runlim] time:			1.45 seconds
[runlim] space:			55.3 MB
[runlim] samples:		9
[runlim] version:		1.10
[runlim] time limit:		311040000 seconds
[runlim] real time limit:	1200 seconds
[runlim] space limit:		15000 MB
[runlim] argv[0]:		python3
[runlim] argv[1]:		/raid/steuber/Software/ablector/ablector
[runlim] argv[2]:		/raid/steuber/Benchmarks/2019/QF_BV/sage/app7/bench_5670.smt2
[runlim] argv[3]:		--ufReuse=1
[runlim] start:			Sat May 16 15:43:23 2020
[runlim] main pid:		1974
[Ablector] INFO: ABLECTOR TIME: 0.003550
[runlim] end:			Sat May 16 15:43:25 2020
[runlim] status:		ok
[runlim] result:		0
[runlim] children:		14
[runlim] real:			2.81 seconds
[runlim] time:			2.25 seconds
[runlim] space:			85.7 MB
[runlim] samples:		19
[runlim] version:		1.10
[runlim] time limit:		311040000 seconds
[runlim] real time limit:	1200 seconds
[runlim] space limit:		15000 MB
[runlim] argv[0]:		python3
[runlim] argv[1]:		/raid/steuber/Software/ablector/ablector
[runlim] argv[2]:		/raid/steuber/Benchmarks/2019/QF_BV/sage/app7/bench_4448.smt2
[runlim] argv[3]:		--ufReuse=1
[runlim] start:			Sat May 16 15:43:26 2020
[runlim] main pid:		1995
[Ablector] INFO: ABLECTOR TIME: 0.003565
[runlim] end:			Sat May 16 15:43:28 2020
[runlim] status:		ok
[runlim] result:		0
[runlim] children:		15
[runlim] real:			2.04 seconds
[runlim] time:			2.35 seconds
[runlim] space:			87.3 MB
[runlim] samples:		18
[runlim] version:		1.10
[runlim] time limit:		311040000 seconds
[runlim] real time limit:	1200 seconds
[runlim] space limit:		15000 MB
[runlim] argv[0]:		python3
[runlim] argv[1]:		/raid/steuber/Software/ablector/ablector
[runlim] argv[2]:		/raid/steuber/Benchmarks/2019/QF_BV/sage/app1/bench_56.smt2
[runlim] argv[3]:		--ufReuse=1
[runlim] start:			Sat May 16 15:43:28 2020
[runlim] main pid:		2015
[Ablector] INFO: ABLECTOR TIME: 0.003457
[runlim] end:			Sat May 16 15:43:28 2020
[runlim] status:		ok
[runlim] result:		0
[runlim] children:		0
[runlim] real:			0.83 seconds
[runlim] time:			0.96 seconds
[runlim] space:			37.6 MB
[runlim] samples:		4
[runlim] version:		1.10
[runlim] time limit:		311040000 seconds
[runlim] real time limit:	1200 seconds
[runlim] space limit:		15000 MB
[runlim] argv[0]:		python3
[runlim] argv[1]:		/raid/steuber/Software/ablector/ablector
[runlim] argv[2]:		/raid/steuber/Benchmarks/2019/QF_BV/sage/app7/bench_1573.smt2
[runlim] argv[3]:		--ufReuse=1
[runlim] start:			Sat May 16 15:43:29 2020
[runlim] main pid:		2036
[Ablector] INFO: ABLECTOR TIME: 0.003555
[runlim] end:			Sat May 16 15:43:30 2020
[runlim] status:		ok
[runlim] result:		0
[runlim] children:		6
[runlim] real:			1.16 seconds
[runlim] time:			1.45 seconds
[runlim] space:			61.4 MB
[runlim] samples:		9
[runlim] version:		1.10
[runlim] time limit:		311040000 seconds
[runlim] real time limit:	1200 seconds
[runlim] space limit:		15000 MB
[runlim] argv[0]:		python3
[runlim] argv[1]:		/raid/steuber/Software/ablector/ablector
[runlim] argv[2]:		/raid/steuber/Benchmarks/2019/QF_BV/sage/app7/bench_392.smt2
[runlim] argv[3]:		--ufReuse=1
[runlim] start:			Sat May 16 15:43:30 2020
[runlim] main pid:		2056
[Ablector] INFO: ABLECTOR TIME: 0.003467
[runlim] end:			Sat May 16 15:43:32 2020
[runlim] status:		ok
[runlim] result:		0
[runlim] children:		18
[runlim] real:			2.81 seconds
[runlim] time:			2.75 seconds
[runlim] space:			98.0 MB
[runlim] samples:		23
[runlim] version:		1.10
[runlim] time limit:		311040000 seconds
[runlim] real time limit:	1200 seconds
[runlim] space limit:		15000 MB
[runlim] argv[0]:		python3
[runlim] argv[1]:		/raid/steuber/Software/ablector/ablector
[runlim] argv[2]:		/raid/steuber/Benchmarks/2019/QF_BV/Sage2/bench_405.smt2
[runlim] argv[3]:		--ufReuse=1
[runlim] start:			Sat May 16 15:43:33 2020
[runlim] main pid:		2077
[Ablector] INFO: ABLECTOR TIME: 0.003449
[runlim] end:			Sat May 16 15:43:33 2020
[runlim] status:		ok
[runlim] result:		0
[runlim] children:		0
[runlim] real:			0.73 seconds
[runlim] time:			0.99 seconds
[runlim] space:			37.9 MB
[runlim] samples:		5
[runlim] version:		1.10
[runlim] time limit:		311040000 seconds
[runlim] real time limit:	1200 seconds
[runlim] space limit:		15000 MB
[runlim] argv[0]:		python3
[runlim] argv[1]:		/raid/steuber/Software/ablector/ablector
[runlim] argv[2]:		/raid/steuber/Benchmarks/2019/QF_BV/Sage2/bench_11381.smt2
[runlim] argv[3]:		--ufReuse=1
[runlim] start:			Sat May 16 15:43:34 2020
[runlim] main pid:		2097
[Ablector] INFO: *** ROUND 0
[runlim] sample:		10.3 time, 10.1 real, 210.0 MB
[MulNode] INFO: Level 0
[MulNode] INFO: Level 0
[MulNode] INFO: Level 0
[MulNode] INFO: Level 0
[MulNode] INFO: Level 0
[MulNode] INFO: Level 0
[MulNode] INFO: Level 0
[MulNode] INFO: Level 0
[MulNode] INFO: Level 0
[MulNode] INFO: Level 0
[MulNode] INFO: Level 0
[MulNode] INFO: Level 0
[MulNode] INFO: Level 0
[MulNode] INFO: Level 0
[MulNode] INFO: Level 0
[MulNode] INFO: Level 0
[MulNode] INFO: Level 0
[MulNode] INFO: Level 0
[MulNode] INFO: Level 0
[MulNode] INFO: Level 0
[MulNode] INFO: Level 0
[MulNode] INFO: Level 0
[MulNode] INFO: Level 0
[MulNode] INFO: Level 0
[MulNode] INFO: Level 0
[MulNode] INFO: Level 0
[MulNode] INFO: Level 0
[UdivNode] INFO: Level 0
[MulNode] INFO: Level 0
[MulNode] INFO: Level 0
[MulNode] INFO: Level 0
[MulNode] INFO: Level 0
[MulNode] INFO: Level 0
[MulNode] INFO: Level 0
[MulNode] INFO: Level 0
[MulNode] INFO: Level 0
[MulNode] INFO: Level 0
[MulNode] INFO: Level 0
[MulNode] INFO: Level 0
[MulNode] INFO: Level 0
[MulNode] INFO: Level 0
[UdivNode] INFO: Level 0
[MulNode] INFO: Level 0
[MulNode] INFO: Level 0
[MulNode] INFO: Level 0
[MulNode] INFO: Level 0
[MulNode] INFO: Level 0
[MulNode] INFO: Level 0
[MulNode] INFO: Level 0
[UdivNode] INFO: Level 0
[MulNode] INFO: Level 0
[MulNode] INFO: Level 0
[MulNode] INFO: Level 0
[MulNode] INFO: Level 0
[MulNode] INFO: Level 0
[MulNode] INFO: Level 0
[MulNode] INFO: Level 0
[MulNode] INFO: Level 0
[MulNode] INFO: Level 0
[MulNode] INFO: Level 0
[MulNode] INFO: Level 0
[MulNode] INFO: Level 0
[MulNode] INFO: Level 0
[MulNode] INFO: Level 0
[MulNode] INFO: Level 0
[MulNode] INFO: Level 0
[MulNode] INFO: Level 0
[MulNode] INFO: Level 0
[MulNode] INFO: Level 0
[MulNode] INFO: Level 0
[MulNode] INFO: Level 0
[MulNode] INFO: Level 0
[MulNode] INFO: Level 0
[MulNode] INFO: Level 0
[MulNode] INFO: Level 0
[MulNode] INFO: Level 0
[MulNode] INFO: Level 0
[MulNode] INFO: Level 0
[MulNode] INFO: Level 0
[MulNode] INFO: Level 0
[MulNode] INFO: Level 0
[MulNode] INFO: Level 0
[MulNode] INFO: Level 0
[MulNode] INFO: Level 0
[MulNode] INFO: Level 0
[MulNode] INFO: Level 0
[MulNode] INFO: Level 0
[MulNode] INFO: Level 0
[MulNode] INFO: Level 0
[MulNode] INFO: Level 0
[MulNode] INFO: Level 0
[MulNode] INFO: Level 0
[MulNode] INFO: Level 0
[MulNode] INFO: Level 0
[MulNode] INFO: Level 0
[MulNode] INFO: Level 0
[MulNode] INFO: Level 0
[MulNode] INFO: Level 0
[MulNode] INFO: Level 0
[MulNode] INFO: Level 0
[MulNode] INFO: Level 0
[MulNode] INFO: Level 0
[MulNode] INFO: Level 0
[MulNode] INFO: Level 0
[MulNode] INFO: Level 0
[MulNode] INFO: Level 0
[MulNode] INFO: Level 0
[MulNode] INFO: Level 0
[MulNode] INFO: Level 0
[MulNode] INFO: Level 0
[MulNode] INFO: Level 0
[MulNode] INFO: Level 0
[MulNode] INFO: Level 0
[MulNode] INFO: Level 0
[MulNode] INFO: Level 0
[MulNode] INFO: Level 0
[MulNode] INFO: Level 0
[MulNode] INFO: Level 0
[MulNode] INFO: Level 0
[MulNode] INFO: Level 0
[MulNode] INFO: Level 0
[MulNode] INFO: Level 0
[MulNode] INFO: Level 0
[MulNode] INFO: Level 0
[MulNode] INFO: Level 0
[MulNode] INFO: Level 0
[MulNode] INFO: Level 0
[MulNode] INFO: Level 0
[MulNode] INFO: Level 0
[MulNode] INFO: Level 0
[MulNode] INFO: Level 0
[MulNode] INFO: Level 0
[MulNode] INFO: Level 0
[MulNode] INFO: Level 0
[MulNode] INFO: Level 0
[MulNode] INFO: Level 0
[MulNode] INFO: Level 0
[MulNode] INFO: Level 0
[MulNode] INFO: Level 0
[MulNode] INFO: Level 0
[MulNode] INFO: Level 0
[MulNode] INFO: Level 0
[MulNode] INFO: Level 0
[MulNode] INFO: Level 0
[MulNode] INFO: Level 0
[MulNode] INFO: Level 0
[MulNode] INFO: Level 0
[MulNode] INFO: Level 0
[Ablector] INFO: ABLECTOR TIME: 12.742154
[Ablector] INFO: SAT TIME: 12.683250
[Ablector] INFO: REF TIME: 1.434019
[runlim] end:			Sat May 16 15:43:50 2020
[runlim] status:		ok
[runlim] result:		0
[runlim] children:		3
[runlim] real:			16.36 seconds
[runlim] time:			16.49 seconds
[runlim] space:			291.4 MB
[runlim] samples:		162
[runlim] version:		1.10
[runlim] time limit:		311040000 seconds
[runlim] real time limit:	1200 seconds
[runlim] space limit:		15000 MB
[runlim] argv[0]:		python3
[runlim] argv[1]:		/raid/steuber/Software/ablector/ablector
[runlim] argv[2]:		/raid/steuber/Benchmarks/2019/QF_BV/sage/app1/bench_1905.smt2
[runlim] argv[3]:		--ufReuse=1
[runlim] start:			Sat May 16 15:43:50 2020
[runlim] main pid:		2118
[Ablector] INFO: ABLECTOR TIME: 0.003497
[runlim] end:			Sat May 16 15:43:51 2020
[runlim] status:		ok
[runlim] result:		0
[runlim] children:		0
[runlim] real:			1.16 seconds
[runlim] time:			0.96 seconds
[runlim] space:			37.8 MB
[runlim] samples:		4
[runlim] version:		1.10
[runlim] time limit:		311040000 seconds
[runlim] real time limit:	1200 seconds
[runlim] space limit:		15000 MB
[runlim] argv[0]:		python3
[runlim] argv[1]:		/raid/steuber/Software/ablector/ablector
[runlim] argv[2]:		/raid/steuber/Benchmarks/2019/QF_BV/Sage2/bench_15949.smt2
[runlim] argv[3]:		--ufReuse=1
[runlim] start:			Sat May 16 15:43:51 2020
[runlim] main pid:		2138
[Ablector] INFO: *** ROUND 0
[MulNode] INFO: Level 0
[Ablector] INFO: ABLECTOR TIME: 0.167792
[Ablector] INFO: SAT TIME: 0.163304
[Ablector] INFO: REF TIME: 0.010618
[runlim] end:			Sat May 16 15:43:52 2020
[runlim] status:		ok
[runlim] result:		0
[runlim] children:		0
[runlim] real:			1.18 seconds
[runlim] time:			1.17 seconds
[runlim] space:			42.0 MB
[runlim] samples:		6
[runlim] version:		1.10
[runlim] time limit:		311040000 seconds
[runlim] real time limit:	1200 seconds
[runlim] space limit:		15000 MB
[runlim] argv[0]:		python3
[runlim] argv[1]:		/raid/steuber/Software/ablector/ablector
[runlim] argv[2]:		/raid/steuber/Benchmarks/2019/QF_BV/sage/app7/bench_4604.smt2
[runlim] argv[3]:		--ufReuse=1
[runlim] start:			Sat May 16 15:43:52 2020
[runlim] main pid:		2158
[Ablector] INFO: ABLECTOR TIME: 0.003544
[runlim] end:			Sat May 16 15:43:53 2020
[runlim] status:		ok
[runlim] result:		0
[runlim] children:		1
[runlim] real:			1.15 seconds
[runlim] time:			1.06 seconds
[runlim] space:			44.6 MB
[runlim] samples:		6
[runlim] version:		1.10
[runlim] time limit:		311040000 seconds
[runlim] real time limit:	1200 seconds
[runlim] space limit:		15000 MB
[runlim] argv[0]:		python3
[runlim] argv[1]:		/raid/steuber/Software/ablector/ablector
[runlim] argv[2]:		/raid/steuber/Benchmarks/2019/QF_BV/sage/app7/bench_2691.smt2
[runlim] argv[3]:		--ufReuse=1
[runlim] start:			Sat May 16 15:43:53 2020
[runlim] main pid:		2178
[Ablector] INFO: ABLECTOR TIME: 0.003983
[runlim] end:			Sat May 16 15:43:54 2020
[runlim] status:		ok
[runlim] result:		0
[runlim] children:		3
[runlim] real:			1.19 seconds
[runlim] time:			1.14 seconds
[runlim] space:			51.1 MB
[runlim] samples:		6
[runlim] version:		1.10
[runlim] time limit:		311040000 seconds
[runlim] real time limit:	1200 seconds
[runlim] space limit:		15000 MB
[runlim] argv[0]:		python3
[runlim] argv[1]:		/raid/steuber/Software/ablector/ablector
[runlim] argv[2]:		/raid/steuber/Benchmarks/2019/QF_BV/Sage2/bench_16495.smt2
[runlim] argv[3]:		--ufReuse=1
[runlim] start:			Sat May 16 15:43:54 2020
[runlim] main pid:		2198
[Ablector] INFO: *** ROUND 0
[runlim] sample:		10.5 time, 10.6 real, 99.6 MB
[runlim] sample:		20.5 time, 20.6 real, 99.1 MB
[MulNode] INFO: Level 0
[MulNode] INFO: Level 0
[MulNode] INFO: Level 0
[MulNode] INFO: Level 0
[MulNode] INFO: Level 0
[MulNode] INFO: Level 0
[MulNode] INFO: Level 0
[MulNode] INFO: Level 0
[MulNode] INFO: Level 0
[MulNode] INFO: Level 0
[MulNode] INFO: Level 0
[MulNode] INFO: Level 0
[MulNode] INFO: Level 0
[MulNode] INFO: Level 0
[MulNode] INFO: Level 0
[MulNode] INFO: Level 0
[MulNode] INFO: Level 0
[MulNode] INFO: Level 0
[MulNode] INFO: Level 0
[MulNode] INFO: Level 0
[MulNode] INFO: Level 0
[MulNode] INFO: Level 0
[MulNode] INFO: Level 0
[MulNode] INFO: Level 0
[MulNode] INFO: Level 0
[MulNode] INFO: Level 0
[MulNode] INFO: Level 0
[MulNode] INFO: Level 0
[MulNode] INFO: Level 0
[MulNode] INFO: Level 0
[MulNode] INFO: Level 0
[MulNode] INFO: Level 0
[MulNode] INFO: Level 0
[MulNode] INFO: Level 0
[MulNode] INFO: Level 0
[MulNode] INFO: Level 0
[MulNode] INFO: Level 0
[MulNode] INFO: Level 0
[MulNode] INFO: Level 0
[MulNode] INFO: Level 0
[MulNode] INFO: Level 0
[MulNode] INFO: Level 0
[MulNode] INFO: Level 0
[MulNode] INFO: Level 0
[MulNode] INFO: Level 0
[MulNode] INFO: Level 0
[MulNode] INFO: Level 0
[MulNode] INFO: Level 0
[MulNode] INFO: Level 0
[MulNode] INFO: Level 0
[MulNode] INFO: Level 0
[MulNode] INFO: Level 0
[MulNode] INFO: Level 0
[MulNode] INFO: Level 0
[MulNode] INFO: Level 0
[MulNode] INFO: Level 0
[MulNode] INFO: Level 0
[MulNode] INFO: Level 0
[MulNode] INFO: Level 0
[MulNode] INFO: Level 0
[MulNode] INFO: Level 0
[MulNode] INFO: Level 0
[MulNode] INFO: Level 0
[MulNode] INFO: Level 0
[MulNode] INFO: Level 0
[MulNode] INFO: Level 0
[MulNode] INFO: Level 0
[MulNode] INFO: Level 0
[MulNode] INFO: Level 0
[MulNode] INFO: Level 0
[MulNode] INFO: Level 0
[MulNode] INFO: Level 0
[MulNode] INFO: Level 0
[MulNode] INFO: Level 0
[MulNode] INFO: Level 0
[MulNode] INFO: Level 0
[MulNode] INFO: Level 0
[MulNode] INFO: Level 0
[MulNode] INFO: Level 0
[MulNode] INFO: Level 0
[MulNode] INFO: Level 0
[MulNode] INFO: Level 0
[MulNode] INFO: Level 0
[MulNode] INFO: Level 0
[MulNode] INFO: Level 0
[MulNode] INFO: Level 0
[MulNode] INFO: Level 0
[MulNode] INFO: Level 0
[MulNode] INFO: Level 0
[MulNode] INFO: Level 0
[Ablector] INFO: ABLECTOR TIME: 25.963073
[Ablector] INFO: SAT TIME: 25.941239
[Ablector] INFO: REF TIME: 0.858446
[runlim] end:			Sat May 16 15:44:21 2020
[runlim] status:		ok
[runlim] result:		0
[runlim] children:		1
[runlim] real:			27.50 seconds
[runlim] time:			27.42 seconds
[runlim] space:			118.2 MB
[runlim] samples:		269
[runlim] version:		1.10
[runlim] time limit:		311040000 seconds
[runlim] real time limit:	1200 seconds
[runlim] space limit:		15000 MB
[runlim] argv[0]:		python3
[runlim] argv[1]:		/raid/steuber/Software/ablector/ablector
[runlim] argv[2]:		/raid/steuber/Benchmarks/2019/QF_BV/sage/app7/bench_7458.smt2
[runlim] argv[3]:		--ufReuse=1
[runlim] start:			Sat May 16 15:44:21 2020
[runlim] main pid:		2223
[Ablector] INFO: ABLECTOR TIME: 0.003576
[runlim] end:			Sat May 16 15:44:23 2020
[runlim] status:		ok
[runlim] result:		0
[runlim] children:		13
[runlim] real:			2.68 seconds
[runlim] time:			2.20 seconds
[runlim] space:			83.8 MB
[runlim] samples:		18
[runlim] version:		1.10
[runlim] time limit:		311040000 seconds
[runlim] real time limit:	1200 seconds
[runlim] space limit:		15000 MB
[runlim] argv[0]:		python3
[runlim] argv[1]:		/raid/steuber/Software/ablector/ablector
[runlim] argv[2]:		/raid/steuber/Benchmarks/2019/QF_BV/sage/app7/bench_550.smt2
[runlim] argv[3]:		--ufReuse=1
[runlim] start:			Sat May 16 15:44:24 2020
[runlim] main pid:		2244
[Ablector] INFO: ABLECTOR TIME: 0.003643
[runlim] end:			Sat May 16 15:44:25 2020
[runlim] status:		ok
[runlim] result:		0
[runlim] children:		13
[runlim] real:			1.80 seconds
[runlim] time:			2.12 seconds
[runlim] space:			81.2 MB
[runlim] samples:		17
[runlim] version:		1.10
[runlim] time limit:		311040000 seconds
[runlim] real time limit:	1200 seconds
[runlim] space limit:		15000 MB
[runlim] argv[0]:		python3
[runlim] argv[1]:		/raid/steuber/Software/ablector/ablector
[runlim] argv[2]:		/raid/steuber/Benchmarks/2019/QF_BV/sage/app8/bench_628.smt2
[runlim] argv[3]:		--ufReuse=1
[runlim] start:			Sat May 16 15:44:26 2020
[runlim] main pid:		2264
[Ablector] INFO: *** ROUND 0
[MulNode] INFO: Level 0
[MulNode] INFO: Level 0
[MulNode] INFO: Level 0
[MulNode] INFO: Level 0
[MulNode] INFO: Level 0
[MulNode] INFO: Level 0
[MulNode] INFO: Level 0
[MulNode] INFO: Level 0
[MulNode] INFO: Level 0
[MulNode] INFO: Level 0
[MulNode] INFO: Level 0
[Ablector] INFO: ABLECTOR TIME: 0.253533
[Ablector] INFO: SAT TIME: 0.247063
[Ablector] INFO: REF TIME: 0.107179
[runlim] end:			Sat May 16 15:44:27 2020
[runlim] status:		ok
[runlim] result:		0
[runlim] children:		1
[runlim] real:			1.02 seconds
[runlim] time:			1.36 seconds
[runlim] space:			51.2 MB
[runlim] samples:		8
[runlim] version:		1.10
[runlim] time limit:		311040000 seconds
[runlim] real time limit:	1200 seconds
[runlim] space limit:		15000 MB
[runlim] argv[0]:		python3
[runlim] argv[1]:		/raid/steuber/Software/ablector/ablector
[runlim] argv[2]:		/raid/steuber/Benchmarks/2019/QF_BV/sage/app9/bench_2873.smt2
[runlim] argv[3]:		--ufReuse=1
[runlim] start:			Sat May 16 15:44:27 2020
[runlim] main pid:		2284
[Ablector] INFO: ABLECTOR TIME: 0.003523
[runlim] end:			Sat May 16 15:44:27 2020
[runlim] status:		ok
[runlim] result:		0
[runlim] children:		0
[runlim] real:			0.82 seconds
[runlim] time:			0.95 seconds
[runlim] space:			37.6 MB
[runlim] samples:		4
[runlim] version:		1.10
[runlim] time limit:		311040000 seconds
[runlim] real time limit:	1200 seconds
[runlim] space limit:		15000 MB
[runlim] argv[0]:		python3
[runlim] argv[1]:		/raid/steuber/Software/ablector/ablector
[runlim] argv[2]:		/raid/steuber/Benchmarks/2019/QF_BV/Sage2/bench_2512.smt2
[runlim] argv[3]:		--ufReuse=1
[runlim] start:			Sat May 16 15:44:28 2020
[runlim] main pid:		2304
[Ablector] INFO: *** ROUND 0
[MulNode] INFO: Level 0
[MulNode] INFO: Level 0
[MulNode] INFO: Level 0
[MulNode] INFO: Level 0
[MulNode] INFO: Level 0
[MulNode] INFO: Level 0
[MulNode] INFO: Level 0
[MulNode] INFO: Level 0
[MulNode] INFO: Level 0
[MulNode] INFO: Level 0
[MulNode] INFO: Level 0
[MulNode] INFO: Level 0
[MulNode] INFO: Level 0
[MulNode] INFO: Level 0
[MulNode] INFO: Level 0
[MulNode] INFO: Level 0
[MulNode] INFO: Level 0
[MulNode] INFO: Level 0
[MulNode] INFO: Level 0
[MulNode] INFO: Level 0
[MulNode] INFO: Level 0
[MulNode] INFO: Level 0
[MulNode] INFO: Level 0
[MulNode] INFO: Level 0
[MulNode] INFO: Level 0
[MulNode] INFO: Level 0
[MulNode] INFO: Level 0
[MulNode] INFO: Level 0
[MulNode] INFO: Level 0
[MulNode] INFO: Level 0
[MulNode] INFO: Level 0
[MulNode] INFO: Level 0
[MulNode] INFO: Level 0
[MulNode] INFO: Level 0
[MulNode] INFO: Level 0
[MulNode] INFO: Level 0
[MulNode] INFO: Level 0
[MulNode] INFO: Level 0
[MulNode] INFO: Level 0
[MulNode] INFO: Level 0
[MulNode] INFO: Level 0
[MulNode] INFO: Level 0
[MulNode] INFO: Level 0
[MulNode] INFO: Level 0
[MulNode] INFO: Level 0
[MulNode] INFO: Level 0
[MulNode] INFO: Level 0
[MulNode] INFO: Level 0
[MulNode] INFO: Level 0
[MulNode] INFO: Level 0
[MulNode] INFO: Level 0
[MulNode] INFO: Level 0
[MulNode] INFO: Level 0
[MulNode] INFO: Level 0
[MulNode] INFO: Level 0
[MulNode] INFO: Level 0
[MulNode] INFO: Level 0
[MulNode] INFO: Level 0
[Ablector] INFO: ABLECTOR TIME: 8.245772
[Ablector] INFO: SAT TIME: 8.231378
[Ablector] INFO: REF TIME: 0.477093
[runlim] end:			Sat May 16 15:44:38 2020
[runlim] status:		ok
[runlim] result:		0
[runlim] children:		1
[runlim] real:			10.04 seconds
[runlim] time:			10.28 seconds
[runlim] space:			93.3 MB
[runlim] samples:		98
[runlim] version:		1.10
[runlim] time limit:		311040000 seconds
[runlim] real time limit:	1200 seconds
[runlim] space limit:		15000 MB
[runlim] argv[0]:		python3
[runlim] argv[1]:		/raid/steuber/Software/ablector/ablector
[runlim] argv[2]:		/raid/steuber/Benchmarks/2019/QF_BV/sage/app9/bench_215.smt2
[runlim] argv[3]:		--ufReuse=1
[runlim] start:			Sat May 16 15:44:38 2020
[runlim] main pid:		2324
[Ablector] INFO: ABLECTOR TIME: 0.003461
[runlim] end:			Sat May 16 15:44:38 2020
[runlim] status:		ok
[runlim] result:		0
[runlim] children:		0
[runlim] real:			1.00 seconds
[runlim] time:			0.99 seconds
[runlim] space:			37.7 MB
[runlim] samples:		5
[runlim] version:		1.10
[runlim] time limit:		311040000 seconds
[runlim] real time limit:	1200 seconds
[runlim] space limit:		15000 MB
[runlim] argv[0]:		python3
[runlim] argv[1]:		/raid/steuber/Software/ablector/ablector
[runlim] argv[2]:		/raid/steuber/Benchmarks/2019/QF_BV/Sage2/bench_5703.smt2
[runlim] argv[3]:		--ufReuse=1
[runlim] start:			Sat May 16 15:44:39 2020
[runlim] main pid:		2344
[Ablector] INFO: *** ROUND 0
[MulNode] INFO: Level 0
[MulNode] INFO: Level 0
[MulNode] INFO: Level 0
[MulNode] INFO: Level 0
[MulNode] INFO: Level 0
[MulNode] INFO: Level 0
[MulNode] INFO: Level 0
[MulNode] INFO: Level 0
[MulNode] INFO: Level 0
[Ablector] INFO: ABLECTOR TIME: 0.560526
[Ablector] INFO: SAT TIME: 0.554508
[Ablector] INFO: REF TIME: 0.081783
[runlim] end:			Sat May 16 15:44:40 2020
[runlim] status:		ok
[runlim] result:		0
[runlim] children:		0
[runlim] real:			1.41 seconds
[runlim] time:			1.57 seconds
[runlim] space:			51.7 MB
[runlim] samples:		10
[runlim] version:		1.10
[runlim] time limit:		311040000 seconds
[runlim] real time limit:	1200 seconds
[runlim] space limit:		15000 MB
[runlim] argv[0]:		python3
[runlim] argv[1]:		/raid/steuber/Software/ablector/ablector
[runlim] argv[2]:		/raid/steuber/Benchmarks/2019/QF_BV/sage/app12/bench_5522.smt2
[runlim] argv[3]:		--ufReuse=1
[runlim] start:			Sat May 16 15:44:40 2020
[runlim] main pid:		2365
[Ablector] INFO: ABLECTOR TIME: 0.003615
[runlim] end:			Sat May 16 15:44:41 2020
[runlim] status:		ok
[runlim] result:		0
[runlim] children:		0
[runlim] real:			1.18 seconds
[runlim] time:			0.98 seconds
[runlim] space:			37.8 MB
[runlim] samples:		4
[runlim] version:		1.10
[runlim] time limit:		311040000 seconds
[runlim] real time limit:	1200 seconds
[runlim] space limit:		15000 MB
[runlim] argv[0]:		python3
[runlim] argv[1]:		/raid/steuber/Software/ablector/ablector
[runlim] argv[2]:		/raid/steuber/Benchmarks/2019/QF_BV/Sage2/bench_9502.smt2
[runlim] argv[3]:		--ufReuse=1
[runlim] start:			Sat May 16 15:44:41 2020
[runlim] main pid:		2385
[Ablector] INFO: *** ROUND 0
[MulNode] INFO: Level 0
[MulNode] INFO: Level 0
[MulNode] INFO: Level 0
[MulNode] INFO: Level 0
[MulNode] INFO: Level 0
[MulNode] INFO: Level 0
[MulNode] INFO: Level 0
[MulNode] INFO: Level 0
[MulNode] INFO: Level 0
[MulNode] INFO: Level 0
[MulNode] INFO: Level 0
[MulNode] INFO: Level 0
[MulNode] INFO: Level 0
[MulNode] INFO: Level 0
[MulNode] INFO: Level 0
[MulNode] INFO: Level 0
[MulNode] INFO: Level 0
[MulNode] INFO: Level 0
[MulNode] INFO: Level 0
[MulNode] INFO: Level 0
[MulNode] INFO: Level 0
[MulNode] INFO: Level 0
[MulNode] INFO: Level 0
[MulNode] INFO: Level 0
[MulNode] INFO: Level 0
[MulNode] INFO: Level 0
[MulNode] INFO: Level 0
[MulNode] INFO: Level 0
[MulNode] INFO: Level 0
[MulNode] INFO: Level 0
[MulNode] INFO: Level 0
[MulNode] INFO: Level 0
[MulNode] INFO: Level 0
[MulNode] INFO: Level 0
[MulNode] INFO: Level 0
[MulNode] INFO: Level 0
[MulNode] INFO: Level 0
[MulNode] INFO: Level 0
[MulNode] INFO: Level 0
[MulNode] INFO: Level 0
[MulNode] INFO: Level 0
[MulNode] INFO: Level 0
[MulNode] INFO: Level 0
[MulNode] INFO: Level 0
[MulNode] INFO: Level 0
[MulNode] INFO: Level 0
[MulNode] INFO: Level 0
[MulNode] INFO: Level 0
[MulNode] INFO: Level 0
[MulNode] INFO: Level 0
[MulNode] INFO: Level 0
[Ablector] INFO: ABLECTOR TIME: 1.013078
[Ablector] INFO: SAT TIME: 0.998869
[Ablector] INFO: REF TIME: 0.502736
[runlim] end:			Sat May 16 15:44:43 2020
[runlim] status:		ok
[runlim] result:		0
[runlim] children:		1
[runlim] real:			2.64 seconds
[runlim] time:			2.59 seconds
[runlim] space:			98.4 MB
[runlim] samples:		21
[runlim] version:		1.10
[runlim] time limit:		311040000 seconds
[runlim] real time limit:	1200 seconds
[runlim] space limit:		15000 MB
[runlim] argv[0]:		python3
[runlim] argv[1]:		/raid/steuber/Software/ablector/ablector
[runlim] argv[2]:		/raid/steuber/Benchmarks/2019/QF_BV/sage/app7/bench_893.smt2
[runlim] argv[3]:		--ufReuse=1
[runlim] start:			Sat May 16 15:44:43 2020
[runlim] main pid:		2406
[Ablector] INFO: ABLECTOR TIME: 0.003735
[runlim] end:			Sat May 16 15:44:45 2020
[runlim] status:		ok
[runlim] result:		0
[runlim] children:		11
[runlim] real:			2.58 seconds
[runlim] time:			2.02 seconds
[runlim] space:			75.1 MB
[runlim] samples:		15
[runlim] version:		1.10
[runlim] time limit:		311040000 seconds
[runlim] real time limit:	1200 seconds
[runlim] space limit:		15000 MB
[runlim] argv[0]:		python3
[runlim] argv[1]:		/raid/steuber/Software/ablector/ablector
[runlim] argv[2]:		/raid/steuber/Benchmarks/2019/QF_BV/20190311-bv-term-small-rw-Noetzli/bv-term-small-rw_111.smt2
[runlim] argv[3]:		--ufReuse=1
[runlim] start:			Sat May 16 15:44:45 2020
[runlim] main pid:		2426
[Ablector] INFO: ABLECTOR TIME: 0.003502
[runlim] end:			Sat May 16 15:44:46 2020
[runlim] status:		ok
[runlim] result:		0
[runlim] children:		0
[runlim] real:			1.42 seconds
[runlim] time:			0.98 seconds
[runlim] space:			37.2 MB
[runlim] samples:		4
[runlim] version:		1.10
[runlim] time limit:		311040000 seconds
[runlim] real time limit:	1200 seconds
[runlim] space limit:		15000 MB
[runlim] argv[0]:		python3
[runlim] argv[1]:		/raid/steuber/Software/ablector/ablector
[runlim] argv[2]:		/raid/steuber/Benchmarks/2019/QF_BV/sage/app1/bench_1963.smt2
[runlim] argv[3]:		--ufReuse=1
[runlim] start:			Sat May 16 15:44:46 2020
[runlim] main pid:		2446
[Ablector] INFO: *** ROUND 0
[MulNode] INFO: Level 0
[MulNode] INFO: Level 0
[MulNode] INFO: Level 0
[MulNode] INFO: Level 0
[MulNode] INFO: Level 0
[Ablector] INFO: ABLECTOR TIME: 0.168594
[Ablector] INFO: SAT TIME: 0.162573
[Ablector] INFO: REF TIME: 0.049093
[runlim] end:			Sat May 16 15:44:47 2020
[runlim] status:		ok
[runlim] result:		0
[runlim] children:		0
[runlim] real:			1.71 seconds
[runlim] time:			1.43 seconds
[runlim] space:			50.2 MB
[runlim] samples:		9
[runlim] version:		1.10
[runlim] time limit:		311040000 seconds
[runlim] real time limit:	1200 seconds
[runlim] space limit:		15000 MB
[runlim] argv[0]:		python3
[runlim] argv[1]:		/raid/steuber/Software/ablector/ablector
[runlim] argv[2]:		/raid/steuber/Benchmarks/2019/QF_BV/Sage2/bench_14919.smt2
[runlim] argv[3]:		--ufReuse=1
[runlim] start:			Sat May 16 15:44:48 2020
[runlim] main pid:		2469
[Ablector] INFO: *** ROUND 0
[runlim] sample:		10.6 time, 10.1 real, 52.6 MB
[runlim] sample:		20.6 time, 20.1 real, 54.7 MB
[runlim] sample:		30.6 time, 30.1 real, 60.0 MB
[runlim] sample:		40.6 time, 40.1 real, 62.9 MB
[runlim] sample:		50.6 time, 50.1 real, 61.1 MB
[runlim] sample:		60.6 time, 60.1 real, 65.4 MB
[runlim] sample:		70.6 time, 70.1 real, 63.0 MB
[runlim] sample:		80.6 time, 80.1 real, 63.4 MB
[runlim] sample:		90.6 time, 90.1 real, 64.3 MB
[runlim] sample:		100.6 time, 100.1 real, 66.0 MB
[runlim] sample:		110.6 time, 110.1 real, 66.9 MB
[runlim] sample:		120.6 time, 120.1 real, 67.3 MB
[runlim] sample:		130.6 time, 130.1 real, 69.8 MB
[runlim] sample:		140.6 time, 140.1 real, 70.0 MB
[runlim] sample:		150.6 time, 150.1 real, 70.3 MB
[runlim] sample:		160.6 time, 160.1 real, 76.9 MB
[runlim] sample:		170.6 time, 170.1 real, 73.1 MB
[runlim] sample:		180.6 time, 180.1 real, 75.1 MB
[runlim] sample:		190.6 time, 190.1 real, 75.9 MB
[runlim] sample:		200.6 time, 200.1 real, 77.1 MB
[runlim] sample:		210.6 time, 210.1 real, 77.6 MB
[runlim] sample:		220.6 time, 220.1 real, 77.4 MB
[runlim] sample:		230.6 time, 230.1 real, 78.3 MB
[runlim] sample:		240.6 time, 240.1 real, 78.1 MB
[runlim] sample:		250.6 time, 250.1 real, 78.8 MB
[runlim] sample:		260.6 time, 260.1 real, 78.4 MB
[runlim] sample:		270.6 time, 270.1 real, 78.9 MB
[runlim] sample:		280.6 time, 280.1 real, 86.0 MB
[runlim] sample:		290.6 time, 290.1 real, 79.9 MB
[runlim] sample:		300.6 time, 300.1 real, 80.2 MB
[runlim] sample:		310.6 time, 310.1 real, 80.6 MB
[runlim] sample:		320.6 time, 320.1 real, 80.5 MB
[runlim] sample:		330.6 time, 330.1 real, 80.3 MB
[runlim] sample:		340.6 time, 340.1 real, 79.9 MB
[runlim] sample:		350.5 time, 350.1 real, 80.4 MB
[runlim] sample:		360.6 time, 360.1 real, 86.7 MB
[runlim] sample:		370.5 time, 370.1 real, 87.9 MB
[runlim] sample:		380.6 time, 380.1 real, 81.7 MB
[runlim] sample:		390.5 time, 390.1 real, 77.2 MB
[runlim] sample:		400.6 time, 400.1 real, 81.5 MB
[runlim] sample:		410.5 time, 410.1 real, 88.3 MB
[runlim] sample:		420.5 time, 420.1 real, 88.1 MB
[runlim] sample:		430.6 time, 430.1 real, 81.2 MB
[runlim] sample:		440.5 time, 440.1 real, 89.2 MB
[runlim] sample:		450.5 time, 450.1 real, 82.1 MB
[runlim] sample:		460.5 time, 460.1 real, 82.5 MB
[runlim] sample:		470.5 time, 470.1 real, 82.9 MB
[runlim] sample:		480.5 time, 480.1 real, 82.8 MB
[runlim] sample:		490.5 time, 490.1 real, 84.5 MB
[runlim] sample:		500.5 time, 500.1 real, 84.3 MB
[runlim] sample:		510.5 time, 510.1 real, 91.3 MB
[runlim] sample:		520.5 time, 520.1 real, 90.3 MB
[runlim] sample:		530.5 time, 530.1 real, 91.1 MB
[runlim] sample:		540.5 time, 540.1 real, 83.9 MB
[runlim] sample:		550.5 time, 550.1 real, 92.3 MB
[runlim] sample:		560.5 time, 560.1 real, 92.9 MB
[runlim] sample:		570.5 time, 570.1 real, 84.6 MB
[runlim] sample:		580.5 time, 580.1 real, 84.6 MB
[runlim] sample:		590.5 time, 590.1 real, 85.3 MB
[runlim] sample:		600.5 time, 600.1 real, 84.8 MB
[runlim] sample:		610.5 time, 610.1 real, 91.7 MB
[runlim] sample:		620.5 time, 620.1 real, 93.5 MB
[runlim] sample:		630.5 time, 630.1 real, 95.7 MB
[runlim] sample:		640.5 time, 640.1 real, 95.7 MB
[runlim] sample:		650.5 time, 650.1 real, 94.4 MB
[runlim] sample:		660.5 time, 660.1 real, 86.9 MB
[runlim] sample:		670.5 time, 670.1 real, 94.3 MB
[runlim] sample:		680.5 time, 680.1 real, 87.0 MB
[runlim] sample:		690.5 time, 690.1 real, 88.1 MB
[MulNode] INFO: Level 0
[MulNode] INFO: Level 0
[MulNode] INFO: Level 0
[MulNode] INFO: Level 0
[MulNode] INFO: Level 0
[MulNode] INFO: Level 0
[Ablector] INFO: ABLECTOR TIME: 695.556576
[Ablector] INFO: SAT TIME: 695.550964
[Ablector] INFO: REF TIME: 0.058808
[runlim] end:			Sat May 16 15:56:24 2020
[runlim] status:		ok
[runlim] result:		0
[runlim] children:		0
[runlim] real:			696.24 seconds
[runlim] time:			696.63 seconds
[runlim] space:			101.9 MB
[runlim] samples:		6961
[runlim] version:		1.10
[runlim] time limit:		311040000 seconds
[runlim] real time limit:	1200 seconds
[runlim] space limit:		15000 MB
[runlim] argv[0]:		python3
[runlim] argv[1]:		/raid/steuber/Software/ablector/ablector
[runlim] argv[2]:		/raid/steuber/Benchmarks/2019/QF_BV/sage/app5/bench_568.smt2
[runlim] argv[3]:		--ufReuse=1
[runlim] start:			Sat May 16 15:56:24 2020
[runlim] main pid:		2611
[Ablector] INFO: *** ROUND 0
[Ablector] INFO: *** ROUND 1
[SdivNode] INFO: Level 1
[Ablector] INFO: ABLECTOR TIME: 0.135944
[Ablector] INFO: SAT TIME: 0.131526
[Ablector] INFO: REF TIME: 0.003612
[runlim] end:			Sat May 16 15:56:25 2020
[runlim] status:		ok
[runlim] result:		0
[runlim] children:		0
[runlim] real:			1.58 seconds
[runlim] time:			1.13 seconds
[runlim] space:			41.0 MB
[runlim] samples:		8
[runlim] version:		1.10
[runlim] time limit:		311040000 seconds
[runlim] real time limit:	1200 seconds
[runlim] space limit:		15000 MB
[runlim] argv[0]:		python3
[runlim] argv[1]:		/raid/steuber/Software/ablector/ablector
[runlim] argv[2]:		/raid/steuber/Benchmarks/2019/QF_BV/sage/app2/bench_1368.smt2
[runlim] argv[3]:		--ufReuse=1
[runlim] start:			Sat May 16 15:56:25 2020
[runlim] main pid:		2631
[Ablector] INFO: *** ROUND 0
[MulNode] INFO: Level 0
[MulNode] INFO: Level 0
[MulNode] INFO: Level 0
[SdivNode] INFO: Level 0
[SdivNode] INFO: Level 0
[SdivNode] INFO: Level 0
[MulNode] INFO: Level 0
[Ablector] INFO: ABLECTOR TIME: 0.098465
[Ablector] INFO: SAT TIME: 0.091176
[Ablector] INFO: REF TIME: 0.043823
[runlim] end:			Sat May 16 15:56:26 2020
[runlim] status:		ok
[runlim] result:		0
[runlim] children:		0
[runlim] real:			1.68 seconds
[runlim] time:			1.25 seconds
[runlim] space:			45.4 MB
[runlim] samples:		7
[runlim] version:		1.10
[runlim] time limit:		311040000 seconds
[runlim] real time limit:	1200 seconds
[runlim] space limit:		15000 MB
[runlim] argv[0]:		python3
[runlim] argv[1]:		/raid/steuber/Software/ablector/ablector
[runlim] argv[2]:		/raid/steuber/Benchmarks/2019/QF_BV/Sage2/bench_3149.smt2
[runlim] argv[3]:		--ufReuse=1
[runlim] start:			Sat May 16 15:56:27 2020
[runlim] main pid:		2651
[Ablector] INFO: *** ROUND 0
[MulNode] INFO: Level 0
[Ablector] INFO: ABLECTOR TIME: 0.168133
[Ablector] INFO: SAT TIME: 0.163437
[Ablector] INFO: REF TIME: 0.010879
[runlim] end:			Sat May 16 15:56:27 2020
[runlim] status:		ok
[runlim] result:		0
[runlim] children:		0
[runlim] real:			0.69 seconds
[runlim] time:			1.14 seconds
[runlim] space:			41.6 MB
[runlim] samples:		6
[runlim] version:		1.10
[runlim] time limit:		311040000 seconds
[runlim] real time limit:	1200 seconds
[runlim] space limit:		15000 MB
[runlim] argv[0]:		python3
[runlim] argv[1]:		/raid/steuber/Software/ablector/ablector
[runlim] argv[2]:		/raid/steuber/Benchmarks/2019/QF_BV/Sage2/bench_5362.smt2
[runlim] argv[3]:		--ufReuse=1
[runlim] start:			Sat May 16 15:56:28 2020
[runlim] main pid:		2671
[Ablector] INFO: *** ROUND 0
[MulNode] INFO: Level 0
[MulNode] INFO: Level 0
[MulNode] INFO: Level 0
[MulNode] INFO: Level 0
[MulNode] INFO: Level 0
[MulNode] INFO: Level 0
[MulNode] INFO: Level 0
[MulNode] INFO: Level 0
[MulNode] INFO: Level 0
[Ablector] INFO: ABLECTOR TIME: 0.551829
[Ablector] INFO: SAT TIME: 0.545930
[Ablector] INFO: REF TIME: 0.081885
[runlim] end:			Sat May 16 15:56:29 2020
[runlim] status:		ok
[runlim] result:		0
[runlim] children:		0
[runlim] real:			1.10 seconds
[runlim] time:			1.57 seconds
[runlim] space:			50.3 MB
[runlim] samples:		10
[runlim] version:		1.10
[runlim] time limit:		311040000 seconds
[runlim] real time limit:	1200 seconds
[runlim] space limit:		15000 MB
[runlim] argv[0]:		python3
[runlim] argv[1]:		/raid/steuber/Software/ablector/ablector
[runlim] argv[2]:		/raid/steuber/Benchmarks/2019/QF_BV/Sage2/bench_14774.smt2
[runlim] argv[3]:		--ufReuse=1
[runlim] start:			Sat May 16 15:56:29 2020
[runlim] main pid:		2691
[Ablector] INFO: *** ROUND 0
[MulNode] INFO: Level 0
[MulNode] INFO: Level 0
[MulNode] INFO: Level 0
[MulNode] INFO: Level 0
[MulNode] INFO: Level 0
[MulNode] INFO: Level 0
[MulNode] INFO: Level 0
[MulNode] INFO: Level 0
[MulNode] INFO: Level 0
[MulNode] INFO: Level 0
[Ablector] INFO: ABLECTOR TIME: 0.710807
[Ablector] INFO: SAT TIME: 0.704281
[Ablector] INFO: REF TIME: 0.090350
[runlim] end:			Sat May 16 15:56:30 2020
[runlim] status:		ok
[runlim] result:		0
[runlim] children:		0
[runlim] real:			1.67 seconds
[runlim] time:			1.76 seconds
[runlim] space:			53.3 MB
[runlim] samples:		12
[runlim] version:		1.10
[runlim] time limit:		311040000 seconds
[runlim] real time limit:	1200 seconds
[runlim] space limit:		15000 MB
[runlim] argv[0]:		python3
[runlim] argv[1]:		/raid/steuber/Software/ablector/ablector
[runlim] argv[2]:		/raid/steuber/Benchmarks/2019/QF_BV/sage/app1/bench_2364.smt2
[runlim] argv[3]:		--ufReuse=1
[runlim] start:			Sat May 16 15:56:31 2020
[runlim] main pid:		2711
[Ablector] INFO: *** ROUND 0
[MulNode] INFO: Level 0
[MulNode] INFO: Level 0
[MulNode] INFO: Level 0
[MulNode] INFO: Level 0
[MulNode] INFO: Level 0
[Ablector] INFO: ABLECTOR TIME: 0.885513
[Ablector] INFO: SAT TIME: 0.879911
[Ablector] INFO: REF TIME: 0.048740
[runlim] end:			Sat May 16 15:56:32 2020
[runlim] status:		ok
[runlim] result:		0
[runlim] children:		0
[runlim] real:			1.60 seconds
[runlim] time:			2.04 seconds
[runlim] space:			56.0 MB
[runlim] samples:		15
[runlim] version:		1.10
[runlim] time limit:		311040000 seconds
[runlim] real time limit:	1200 seconds
[runlim] space limit:		15000 MB
[runlim] argv[0]:		python3
[runlim] argv[1]:		/raid/steuber/Software/ablector/ablector
[runlim] argv[2]:		/raid/steuber/Benchmarks/2019/QF_BV/sage/app7/bench_515.smt2
[runlim] argv[3]:		--ufReuse=1
[runlim] start:			Sat May 16 15:56:32 2020
[runlim] main pid:		2732
[Ablector] INFO: ABLECTOR TIME: 0.003769
[runlim] end:			Sat May 16 15:56:34 2020
[runlim] status:		ok
[runlim] result:		0
[runlim] children:		13
[runlim] real:			2.68 seconds
[runlim] time:			2.17 seconds
[runlim] space:			81.3 MB
[runlim] samples:		17
