[runlim] version:		1.10
[runlim] time limit:		311040000 seconds
[runlim] real time limit:	1200 seconds
[runlim] space limit:		15000 MB
[runlim] argv[0]:		python3
[runlim] argv[1]:		/raid/steuber/Software/ablector/ablector
[runlim] argv[2]:		/raid/steuber/Benchmarks/2019/QF_BV/sage/app7/bench_943.smt2
[runlim] argv[3]:		--ufReuse=1
[runlim] start:			Sat May 16 14:41:47 2020
[runlim] main pid:		15371
[Ablector] INFO: ABLECTOR TIME: 0.003681
[runlim] end:			Sat May 16 14:41:49 2020
[runlim] status:		ok
[runlim] result:		0
[runlim] children:		11
[runlim] real:			2.07 seconds
[runlim] time:			1.93 seconds
[runlim] space:			74.4 MB
[runlim] samples:		15
[runlim] version:		1.10
[runlim] time limit:		311040000 seconds
[runlim] real time limit:	1200 seconds
[runlim] space limit:		15000 MB
[runlim] argv[0]:		python3
[runlim] argv[1]:		/raid/steuber/Software/ablector/ablector
[runlim] argv[2]:		/raid/steuber/Benchmarks/2019/QF_BV/Sage2/bench_10718.smt2
[runlim] argv[3]:		--ufReuse=1
[runlim] start:			Sat May 16 14:41:49 2020
[runlim] main pid:		15392
[Ablector] INFO: *** ROUND 0
[MulNode] INFO: Level 0
[MulNode] INFO: Level 0
[MulNode] INFO: Level 0
[UdivNode] INFO: Level 0
[MulNode] INFO: Level 0
[UdivNode] INFO: Level 0
[MulNode] INFO: Level 0
[MulNode] INFO: Level 0
[MulNode] INFO: Level 0
[MulNode] INFO: Level 0
[MulNode] INFO: Level 0
[MulNode] INFO: Level 0
[MulNode] INFO: Level 0
[MulNode] INFO: Level 0
[MulNode] INFO: Level 0
[MulNode] INFO: Level 0
[MulNode] INFO: Level 0
[MulNode] INFO: Level 0
[MulNode] INFO: Level 0
[MulNode] INFO: Level 0
[MulNode] INFO: Level 0
[MulNode] INFO: Level 0
[MulNode] INFO: Level 0
[MulNode] INFO: Level 0
[MulNode] INFO: Level 0
[MulNode] INFO: Level 0
[MulNode] INFO: Level 0
[MulNode] INFO: Level 0
[MulNode] INFO: Level 0
[MulNode] INFO: Level 0
[MulNode] INFO: Level 0
[MulNode] INFO: Level 0
[MulNode] INFO: Level 0
[MulNode] INFO: Level 0
[MulNode] INFO: Level 0
[MulNode] INFO: Level 0
[MulNode] INFO: Level 0
[MulNode] INFO: Level 0
[MulNode] INFO: Level 0
[MulNode] INFO: Level 0
[MulNode] INFO: Level 0
[MulNode] INFO: Level 0
[MulNode] INFO: Level 0
[MulNode] INFO: Level 0
[MulNode] INFO: Level 0
[MulNode] INFO: Level 0
[MulNode] INFO: Level 0
[MulNode] INFO: Level 0
[MulNode] INFO: Level 0
[MulNode] INFO: Level 0
[MulNode] INFO: Level 0
[MulNode] INFO: Level 0
[MulNode] INFO: Level 0
[MulNode] INFO: Level 0
[MulNode] INFO: Level 0
[MulNode] INFO: Level 0
[MulNode] INFO: Level 0
[MulNode] INFO: Level 0
[MulNode] INFO: Level 0
[MulNode] INFO: Level 0
[MulNode] INFO: Level 0
[MulNode] INFO: Level 0
[MulNode] INFO: Level 0
[MulNode] INFO: Level 0
[MulNode] INFO: Level 0
[MulNode] INFO: Level 0
[MulNode] INFO: Level 0
[MulNode] INFO: Level 0
[MulNode] INFO: Level 0
[MulNode] INFO: Level 0
[MulNode] INFO: Level 0
[MulNode] INFO: Level 0
[MulNode] INFO: Level 0
[MulNode] INFO: Level 0
[MulNode] INFO: Level 0
[MulNode] INFO: Level 0
[MulNode] INFO: Level 0
[MulNode] INFO: Level 0
[Ablector] INFO: ABLECTOR TIME: 3.889063
[Ablector] INFO: SAT TIME: 3.869771
[Ablector] INFO: REF TIME: 0.708509
[runlim] end:			Sat May 16 14:41:54 2020
[runlim] status:		ok
[runlim] result:		0
[runlim] children:		0
[runlim] real:			5.32 seconds
[runlim] time:			5.31 seconds
[runlim] space:			127.1 MB
[runlim] samples:		48
[runlim] version:		1.10
[runlim] time limit:		311040000 seconds
[runlim] real time limit:	1200 seconds
[runlim] space limit:		15000 MB
[runlim] argv[0]:		python3
[runlim] argv[1]:		/raid/steuber/Software/ablector/ablector
[runlim] argv[2]:		/raid/steuber/Benchmarks/2019/QF_BV/sage/app7/bench_1401.smt2
[runlim] argv[3]:		--ufReuse=1
[runlim] start:			Sat May 16 14:41:54 2020
[runlim] main pid:		15412
[Ablector] INFO: ABLECTOR TIME: 0.003729
[runlim] end:			Sat May 16 14:41:55 2020
[runlim] status:		ok
[runlim] result:		0
[runlim] children:		6
[runlim] real:			1.74 seconds
[runlim] time:			1.54 seconds
[runlim] space:			62.9 MB
[runlim] samples:		10
[runlim] version:		1.10
[runlim] time limit:		311040000 seconds
[runlim] real time limit:	1200 seconds
[runlim] space limit:		15000 MB
[runlim] argv[0]:		python3
[runlim] argv[1]:		/raid/steuber/Software/ablector/ablector
[runlim] argv[2]:		/raid/steuber/Benchmarks/2019/QF_BV/sage/app7/bench_163.smt2
[runlim] argv[3]:		--ufReuse=1
[runlim] start:			Sat May 16 14:41:56 2020
[runlim] main pid:		15432
[Ablector] INFO: ABLECTOR TIME: 0.003715
[runlim] end:			Sat May 16 14:41:58 2020
[runlim] status:		ok
[runlim] result:		0
[runlim] children:		15
[runlim] real:			2.10 seconds
[runlim] time:			2.25 seconds
[runlim] space:			83.3 MB
[runlim] samples:		20
[runlim] version:		1.10
[runlim] time limit:		311040000 seconds
[runlim] real time limit:	1200 seconds
[runlim] space limit:		15000 MB
[runlim] argv[0]:		python3
[runlim] argv[1]:		/raid/steuber/Software/ablector/ablector
[runlim] argv[2]:		/raid/steuber/Benchmarks/2019/QF_BV/sage/app9/bench_48.smt2
[runlim] argv[3]:		--ufReuse=1
[runlim] start:			Sat May 16 14:41:58 2020
[runlim] main pid:		15453
[Ablector] INFO: ABLECTOR TIME: 0.003529
[runlim] end:			Sat May 16 14:41:58 2020
[runlim] status:		ok
[runlim] result:		0
[runlim] children:		0
[runlim] real:			0.98 seconds
[runlim] time:			1.03 seconds
[runlim] space:			37.8 MB
[runlim] samples:		5
[runlim] version:		1.10
[runlim] time limit:		311040000 seconds
[runlim] real time limit:	1200 seconds
[runlim] space limit:		15000 MB
[runlim] argv[0]:		python3
[runlim] argv[1]:		/raid/steuber/Software/ablector/ablector
[runlim] argv[2]:		/raid/steuber/Benchmarks/2019/QF_BV/sage/app7/bench_5663.smt2
[runlim] argv[3]:		--ufReuse=1
[runlim] start:			Sat May 16 14:41:59 2020
[runlim] main pid:		15474
[Ablector] INFO: ABLECTOR TIME: 0.003632
[runlim] end:			Sat May 16 14:41:59 2020
[runlim] status:		ok
[runlim] result:		0
[runlim] children:		0
[runlim] real:			0.87 seconds
[runlim] time:			0.99 seconds
[runlim] space:			37.5 MB
[runlim] samples:		5
[runlim] version:		1.10
[runlim] time limit:		311040000 seconds
[runlim] real time limit:	1200 seconds
[runlim] space limit:		15000 MB
[runlim] argv[0]:		python3
[runlim] argv[1]:		/raid/steuber/Software/ablector/ablector
[runlim] argv[2]:		/raid/steuber/Benchmarks/2019/QF_BV/sage/app9/bench_3143.smt2
[runlim] argv[3]:		--ufReuse=1
[runlim] start:			Sat May 16 14:42:00 2020
[runlim] main pid:		15497
[Ablector] INFO: *** ROUND 0
[MulNode] INFO: Level 0
[MulNode] INFO: Level 0
[MulNode] INFO: Level 0
[MulNode] INFO: Level 0
[MulNode] INFO: Level 0
[MulNode] INFO: Level 0
[MulNode] INFO: Level 0
[MulNode] INFO: Level 0
[MulNode] INFO: Level 0
[MulNode] INFO: Level 0
[MulNode] INFO: Level 0
[Ablector] INFO: ABLECTOR TIME: 0.680931
[Ablector] INFO: SAT TIME: 0.674052
[Ablector] INFO: REF TIME: 0.107059
[runlim] end:			Sat May 16 14:42:01 2020
[runlim] status:		ok
[runlim] result:		0
[runlim] children:		0
[runlim] real:			1.56 seconds
[runlim] time:			1.84 seconds
[runlim] space:			53.8 MB
[runlim] samples:		13
[runlim] version:		1.10
[runlim] time limit:		311040000 seconds
[runlim] real time limit:	1200 seconds
[runlim] space limit:		15000 MB
[runlim] argv[0]:		python3
[runlim] argv[1]:		/raid/steuber/Software/ablector/ablector
[runlim] argv[2]:		/raid/steuber/Benchmarks/2019/QF_BV/sage/app7/bench_5309.smt2
[runlim] argv[3]:		--ufReuse=1
[runlim] start:			Sat May 16 14:42:01 2020
[runlim] main pid:		15517
[Ablector] INFO: ABLECTOR TIME: 0.003790
[runlim] end:			Sat May 16 14:42:02 2020
[runlim] status:		ok
[runlim] result:		0
[runlim] children:		0
[runlim] real:			1.45 seconds
[runlim] time:			1.00 seconds
[runlim] space:			37.7 MB
[runlim] samples:		5
[runlim] version:		1.10
[runlim] time limit:		311040000 seconds
[runlim] real time limit:	1200 seconds
[runlim] space limit:		15000 MB
[runlim] argv[0]:		python3
[runlim] argv[1]:		/raid/steuber/Software/ablector/ablector
[runlim] argv[2]:		/raid/steuber/Benchmarks/2019/QF_BV/sage/app9/bench_14.smt2
[runlim] argv[3]:		--ufReuse=1
[runlim] start:			Sat May 16 14:42:02 2020
[runlim] main pid:		15537
[Ablector] INFO: ABLECTOR TIME: 0.003663
[runlim] end:			Sat May 16 14:42:03 2020
[runlim] status:		ok
[runlim] result:		0
[runlim] children:		1
[runlim] real:			1.27 seconds
[runlim] time:			0.96 seconds
[runlim] space:			39.8 MB
[runlim] samples:		4
[runlim] version:		1.10
[runlim] time limit:		311040000 seconds
[runlim] real time limit:	1200 seconds
[runlim] space limit:		15000 MB
[runlim] argv[0]:		python3
[runlim] argv[1]:		/raid/steuber/Software/ablector/ablector
[runlim] argv[2]:		/raid/steuber/Benchmarks/2019/QF_BV/sage/app7/bench_3028.smt2
[runlim] argv[3]:		--ufReuse=1
[runlim] start:			Sat May 16 14:42:03 2020
[runlim] main pid:		15557
[Ablector] INFO: ABLECTOR TIME: 0.003728
[runlim] end:			Sat May 16 14:42:04 2020
[runlim] status:		ok
[runlim] result:		0
[runlim] children:		2
[runlim] real:			1.32 seconds
[runlim] time:			1.13 seconds
[runlim] space:			49.2 MB
[runlim] samples:		7
[runlim] version:		1.10
[runlim] time limit:		311040000 seconds
[runlim] real time limit:	1200 seconds
[runlim] space limit:		15000 MB
[runlim] argv[0]:		python3
[runlim] argv[1]:		/raid/steuber/Software/ablector/ablector
[runlim] argv[2]:		/raid/steuber/Benchmarks/2019/QF_BV/Sage2/bench_17061.smt2
[runlim] argv[3]:		--ufReuse=1
[runlim] start:			Sat May 16 14:42:04 2020
[runlim] main pid:		15577
[Ablector] INFO: *** ROUND 0
[MulNode] INFO: Level 0
[Ablector] INFO: ABLECTOR TIME: 1.899101
[Ablector] INFO: SAT TIME: 1.892876
[Ablector] INFO: REF TIME: 0.010736
[runlim] end:			Sat May 16 14:42:07 2020
[runlim] status:		ok
[runlim] result:		0
[runlim] children:		0
[runlim] real:			3.34 seconds
[runlim] time:			3.13 seconds
[runlim] space:			69.3 MB
[runlim] samples:		26
[runlim] version:		1.10
[runlim] time limit:		311040000 seconds
[runlim] real time limit:	1200 seconds
[runlim] space limit:		15000 MB
[runlim] argv[0]:		python3
[runlim] argv[1]:		/raid/steuber/Software/ablector/ablector
[runlim] argv[2]:		/raid/steuber/Benchmarks/2019/QF_BV/Sage2/bench_7440.smt2
[runlim] argv[3]:		--ufReuse=1
[runlim] start:			Sat May 16 14:42:07 2020
[runlim] main pid:		15597
[Ablector] INFO: *** ROUND 0
[runlim] sample:		10.4 time, 10.7 real, 91.1 MB
[runlim] sample:		20.4 time, 20.7 real, 85.0 MB
[MulNode] INFO: Level 0
[MulNode] INFO: Level 0
[MulNode] INFO: Level 0
[MulNode] INFO: Level 0
[MulNode] INFO: Level 0
[MulNode] INFO: Level 0
[MulNode] INFO: Level 0
[MulNode] INFO: Level 0
[MulNode] INFO: Level 0
[MulNode] INFO: Level 0
[MulNode] INFO: Level 0
[MulNode] INFO: Level 0
[MulNode] INFO: Level 0
[MulNode] INFO: Level 0
[MulNode] INFO: Level 0
[MulNode] INFO: Level 0
[MulNode] INFO: Level 0
[MulNode] INFO: Level 0
[MulNode] INFO: Level 0
[MulNode] INFO: Level 0
[MulNode] INFO: Level 0
[MulNode] INFO: Level 0
[MulNode] INFO: Level 0
[MulNode] INFO: Level 0
[MulNode] INFO: Level 0
[MulNode] INFO: Level 0
[MulNode] INFO: Level 0
[MulNode] INFO: Level 0
[MulNode] INFO: Level 0
[MulNode] INFO: Level 0
[MulNode] INFO: Level 0
[MulNode] INFO: Level 0
[MulNode] INFO: Level 0
[MulNode] INFO: Level 0
[MulNode] INFO: Level 0
[MulNode] INFO: Level 0
[MulNode] INFO: Level 0
[MulNode] INFO: Level 0
[MulNode] INFO: Level 0
[MulNode] INFO: Level 0
[MulNode] INFO: Level 0
[MulNode] INFO: Level 0
[MulNode] INFO: Level 0
[MulNode] INFO: Level 0
[MulNode] INFO: Level 0
[MulNode] INFO: Level 0
[MulNode] INFO: Level 0
[MulNode] INFO: Level 0
[MulNode] INFO: Level 0
[MulNode] INFO: Level 0
[MulNode] INFO: Level 0
[MulNode] INFO: Level 0
[MulNode] INFO: Level 0
[MulNode] INFO: Level 0
[MulNode] INFO: Level 0
[MulNode] INFO: Level 0
[MulNode] INFO: Level 0
[MulNode] INFO: Level 0
[Ablector] INFO: ABLECTOR TIME: 18.417068
[Ablector] INFO: SAT TIME: 18.402494
[Ablector] INFO: REF TIME: 0.478740
[runlim] end:			Sat May 16 14:42:27 2020
[runlim] status:		ok
[runlim] result:		0
[runlim] children:		1
[runlim] real:			20.83 seconds
[runlim] time:			20.52 seconds
[runlim] space:			91.1 MB
[runlim] samples:		201
[runlim] version:		1.10
[runlim] time limit:		311040000 seconds
[runlim] real time limit:	1200 seconds
[runlim] space limit:		15000 MB
[runlim] argv[0]:		python3
[runlim] argv[1]:		/raid/steuber/Software/ablector/ablector
[runlim] argv[2]:		/raid/steuber/Benchmarks/2019/QF_BV/sage/app7/bench_4833.smt2
[runlim] argv[3]:		--ufReuse=1
[runlim] start:			Sat May 16 14:42:28 2020
[runlim] main pid:		15618
[Ablector] INFO: ABLECTOR TIME: 0.003917
[runlim] end:			Sat May 16 14:42:28 2020
[runlim] status:		ok
[runlim] result:		0
[runlim] children:		1
[runlim] real:			0.88 seconds
[runlim] time:			1.01 seconds
[runlim] space:			41.4 MB
[runlim] samples:		6
[runlim] version:		1.10
[runlim] time limit:		311040000 seconds
[runlim] real time limit:	1200 seconds
[runlim] space limit:		15000 MB
[runlim] argv[0]:		python3
[runlim] argv[1]:		/raid/steuber/Software/ablector/ablector
[runlim] argv[2]:		/raid/steuber/Benchmarks/2019/QF_BV/sage/app2/bench_241.smt2
[runlim] argv[3]:		--ufReuse=1
[runlim] start:			Sat May 16 14:42:29 2020
[runlim] main pid:		15638
[Ablector] INFO: *** ROUND 0
[SdivNode] INFO: Level 0
[MulNode] INFO: Level 0
[MulNode] INFO: Level 0
[SdivNode] INFO: Level 0
[MulNode] INFO: Level 0
[MulNode] INFO: Level 0
[SdivNode] INFO: Level 0
[Ablector] INFO: ABLECTOR TIME: 0.290154
[Ablector] INFO: SAT TIME: 0.284454
[Ablector] INFO: REF TIME: 0.042133
[runlim] end:			Sat May 16 14:42:30 2020
[runlim] status:		ok
[runlim] result:		0
[runlim] children:		0
[runlim] real:			1.04 seconds
[runlim] time:			1.36 seconds
[runlim] space:			44.6 MB
[runlim] samples:		8
[runlim] version:		1.10
[runlim] time limit:		311040000 seconds
[runlim] real time limit:	1200 seconds
[runlim] space limit:		15000 MB
[runlim] argv[0]:		python3
[runlim] argv[1]:		/raid/steuber/Software/ablector/ablector
[runlim] argv[2]:		/raid/steuber/Benchmarks/2019/QF_BV/sage/app9/bench_512.smt2
[runlim] argv[3]:		--ufReuse=1
[runlim] start:			Sat May 16 14:42:30 2020
[runlim] main pid:		15658
[Ablector] INFO: *** ROUND 0
[MulNode] INFO: Level 0
[MulNode] INFO: Level 0
[Ablector] INFO: ABLECTOR TIME: 0.029586
[Ablector] INFO: SAT TIME: 0.024869
[Ablector] INFO: REF TIME: 0.021234
[runlim] end:			Sat May 16 14:42:30 2020
[runlim] status:		ok
[runlim] result:		0
[runlim] children:		0
[runlim] real:			0.86 seconds
[runlim] time:			0.96 seconds
[runlim] space:			39.3 MB
[runlim] samples:		4
[runlim] version:		1.10
[runlim] time limit:		311040000 seconds
[runlim] real time limit:	1200 seconds
[runlim] space limit:		15000 MB
[runlim] argv[0]:		python3
[runlim] argv[1]:		/raid/steuber/Software/ablector/ablector
[runlim] argv[2]:		/raid/steuber/Benchmarks/2019/QF_BV/sage/app2/bench_929.smt2
[runlim] argv[3]:		--ufReuse=1
[runlim] start:			Sat May 16 14:42:31 2020
[runlim] main pid:		15678
[Ablector] INFO: ABLECTOR TIME: 0.003679
[runlim] end:			Sat May 16 14:42:31 2020
[runlim] status:		ok
[runlim] result:		0
[runlim] children:		1
[runlim] real:			0.70 seconds
[runlim] time:			0.95 seconds
[runlim] space:			40.8 MB
[runlim] samples:		4
[runlim] version:		1.10
[runlim] time limit:		311040000 seconds
[runlim] real time limit:	1200 seconds
[runlim] space limit:		15000 MB
[runlim] argv[0]:		python3
[runlim] argv[1]:		/raid/steuber/Software/ablector/ablector
[runlim] argv[2]:		/raid/steuber/Benchmarks/2019/QF_BV/sage/app9/bench_2113.smt2
[runlim] argv[3]:		--ufReuse=1
[runlim] start:			Sat May 16 14:42:32 2020
[runlim] main pid:		15699
[Ablector] INFO: ABLECTOR TIME: 0.003499
[runlim] end:			Sat May 16 14:42:32 2020
[runlim] status:		ok
[runlim] result:		0
[runlim] children:		0
[runlim] real:			0.56 seconds
[runlim] time:			1.03 seconds
[runlim] space:			37.7 MB
[runlim] samples:		5
[runlim] version:		1.10
[runlim] time limit:		311040000 seconds
[runlim] real time limit:	1200 seconds
[runlim] space limit:		15000 MB
[runlim] argv[0]:		python3
[runlim] argv[1]:		/raid/steuber/Software/ablector/ablector
[runlim] argv[2]:		/raid/steuber/Benchmarks/2019/QF_BV/sage/app9/bench_2547.smt2
[runlim] argv[3]:		--ufReuse=1
[runlim] start:			Sat May 16 14:42:32 2020
[runlim] main pid:		15719
[Ablector] INFO: ABLECTOR TIME: 0.003580
[runlim] end:			Sat May 16 14:42:33 2020
[runlim] status:		ok
[runlim] result:		0
[runlim] children:		0
[runlim] real:			1.35 seconds
[runlim] time:			0.95 seconds
[runlim] space:			37.7 MB
[runlim] samples:		4
[runlim] version:		1.10
[runlim] time limit:		311040000 seconds
[runlim] real time limit:	1200 seconds
[runlim] space limit:		15000 MB
[runlim] argv[0]:		python3
[runlim] argv[1]:		/raid/steuber/Software/ablector/ablector
[runlim] argv[2]:		/raid/steuber/Benchmarks/2019/QF_BV/sage/app2/bench_623.smt2
[runlim] argv[3]:		--ufReuse=1
[runlim] start:			Sat May 16 14:42:33 2020
[runlim] main pid:		15739
[Ablector] INFO: ABLECTOR TIME: 0.003708
[runlim] end:			Sat May 16 14:42:34 2020
[runlim] status:		ok
[runlim] result:		0
[runlim] children:		1
[runlim] real:			1.28 seconds
[runlim] time:			1.02 seconds
[runlim] space:			43.0 MB
[runlim] samples:		5
[runlim] version:		1.10
[runlim] time limit:		311040000 seconds
[runlim] real time limit:	1200 seconds
[runlim] space limit:		15000 MB
[runlim] argv[0]:		python3
[runlim] argv[1]:		/raid/steuber/Software/ablector/ablector
[runlim] argv[2]:		/raid/steuber/Benchmarks/2019/QF_BV/sage/app7/bench_2118.smt2
[runlim] argv[3]:		--ufReuse=1
[runlim] start:			Sat May 16 14:42:34 2020
[runlim] main pid:		15759
[Ablector] INFO: ABLECTOR TIME: 0.003944
[runlim] end:			Sat May 16 14:42:35 2020
[runlim] status:		ok
[runlim] result:		0
[runlim] children:		3
[runlim] real:			1.37 seconds
[runlim] time:			1.14 seconds
[runlim] space:			51.4 MB
[runlim] samples:		7
[runlim] version:		1.10
[runlim] time limit:		311040000 seconds
[runlim] real time limit:	1200 seconds
[runlim] space limit:		15000 MB
[runlim] argv[0]:		python3
[runlim] argv[1]:		/raid/steuber/Software/ablector/ablector
[runlim] argv[2]:		/raid/steuber/Benchmarks/2019/QF_BV/Sage2/bench_13092.smt2
[runlim] argv[3]:		--ufReuse=1
[runlim] start:			Sat May 16 14:42:35 2020
[runlim] main pid:		15779
[Ablector] INFO: *** ROUND 0
[MulNode] INFO: Level 0
[MulNode] INFO: Level 0
[MulNode] INFO: Level 0
[MulNode] INFO: Level 0
[MulNode] INFO: Level 0
[MulNode] INFO: Level 0
[MulNode] INFO: Level 0
[MulNode] INFO: Level 0
[Ablector] INFO: ABLECTOR TIME: 0.243681
[Ablector] INFO: SAT TIME: 0.237745
[Ablector] INFO: REF TIME: 0.076468
[runlim] end:			Sat May 16 14:42:36 2020
[runlim] status:		ok
[runlim] result:		0
[runlim] children:		0
[runlim] real:			1.65 seconds
[runlim] time:			1.45 seconds
[runlim] space:			46.1 MB
[runlim] samples:		9
[runlim] version:		1.10
[runlim] time limit:		311040000 seconds
[runlim] real time limit:	1200 seconds
[runlim] space limit:		15000 MB
[runlim] argv[0]:		python3
[runlim] argv[1]:		/raid/steuber/Software/ablector/ablector
[runlim] argv[2]:		/raid/steuber/Benchmarks/2019/QF_BV/sage/app7/bench_3046.smt2
[runlim] argv[3]:		--ufReuse=1
[runlim] start:			Sat May 16 14:42:36 2020
[runlim] main pid:		15799
[Ablector] INFO: ABLECTOR TIME: 0.003717
[runlim] end:			Sat May 16 14:42:37 2020
[runlim] status:		ok
[runlim] result:		0
[runlim] children:		3
[runlim] real:			1.69 seconds
[runlim] time:			1.15 seconds
[runlim] space:			49.8 MB
[runlim] samples:		6
[runlim] version:		1.10
[runlim] time limit:		311040000 seconds
[runlim] real time limit:	1200 seconds
[runlim] space limit:		15000 MB
[runlim] argv[0]:		python3
[runlim] argv[1]:		/raid/steuber/Software/ablector/ablector
[runlim] argv[2]:		/raid/steuber/Benchmarks/2019/QF_BV/sage/app7/bench_1654.smt2
[runlim] argv[3]:		--ufReuse=1
[runlim] start:			Sat May 16 14:42:38 2020
[runlim] main pid:		15819
[Ablector] INFO: ABLECTOR TIME: 0.003756
[runlim] end:			Sat May 16 14:42:38 2020
[runlim] status:		ok
[runlim] result:		0
[runlim] children:		6
[runlim] real:			1.00 seconds
[runlim] time:			1.46 seconds
[runlim] space:			60.7 MB
[runlim] samples:		9
[runlim] version:		1.10
[runlim] time limit:		311040000 seconds
[runlim] real time limit:	1200 seconds
[runlim] space limit:		15000 MB
[runlim] argv[0]:		python3
[runlim] argv[1]:		/raid/steuber/Software/ablector/ablector
[runlim] argv[2]:		/raid/steuber/Benchmarks/2019/QF_BV/sage/app7/bench_4056.smt2
[runlim] argv[3]:		--ufReuse=1
[runlim] start:			Sat May 16 14:42:39 2020
[runlim] main pid:		15839
[Ablector] INFO: ABLECTOR TIME: 0.003709
[runlim] end:			Sat May 16 14:42:39 2020
[runlim] status:		ok
[runlim] result:		0
[runlim] children:		1
[runlim] real:			0.99 seconds
[runlim] time:			1.02 seconds
[runlim] space:			44.0 MB
[runlim] samples:		6
[runlim] version:		1.10
[runlim] time limit:		311040000 seconds
[runlim] real time limit:	1200 seconds
[runlim] space limit:		15000 MB
[runlim] argv[0]:		python3
[runlim] argv[1]:		/raid/steuber/Software/ablector/ablector
[runlim] argv[2]:		/raid/steuber/Benchmarks/2019/QF_BV/sage/app7/bench_8557.smt2
[runlim] argv[3]:		--ufReuse=1
[runlim] start:			Sat May 16 14:42:40 2020
[runlim] main pid:		15859
[Ablector] INFO: ABLECTOR TIME: 0.003840
[runlim] end:			Sat May 16 14:42:42 2020
[runlim] status:		ok
[runlim] result:		0
[runlim] children:		13
[runlim] real:			2.18 seconds
[runlim] time:			2.24 seconds
[runlim] space:			83.4 MB
[runlim] samples:		18
[runlim] version:		1.10
[runlim] time limit:		311040000 seconds
[runlim] real time limit:	1200 seconds
[runlim] space limit:		15000 MB
[runlim] argv[0]:		python3
[runlim] argv[1]:		/raid/steuber/Software/ablector/ablector
[runlim] argv[2]:		/raid/steuber/Benchmarks/2019/QF_BV/sage/app9/bench_876.smt2
[runlim] argv[3]:		--ufReuse=1
[runlim] start:			Sat May 16 14:42:42 2020
[runlim] main pid:		15879
[Ablector] INFO: *** ROUND 0
[MulNode] INFO: Level 0
[Ablector] INFO: ABLECTOR TIME: 0.029393
[Ablector] INFO: SAT TIME: 0.024888
[Ablector] INFO: REF TIME: 0.010970
[runlim] end:			Sat May 16 14:42:43 2020
[runlim] status:		segmentation fault
[runlim] result:		4
[runlim] children:		0
[runlim] real:			1.28 seconds
[runlim] time:			1.09 seconds
[runlim] space:			41.4 MB
[runlim] samples:		7
[runlim] version:		1.10
[runlim] time limit:		311040000 seconds
[runlim] real time limit:	1200 seconds
[runlim] space limit:		15000 MB
[runlim] argv[0]:		python3
[runlim] argv[1]:		/raid/steuber/Software/ablector/ablector
[runlim] argv[2]:		/raid/steuber/Benchmarks/2019/QF_BV/20190311-bv-term-small-rw-Noetzli/bv-term-small-rw_828.smt2
[runlim] argv[3]:		--ufReuse=1
[runlim] start:			Sat May 16 14:42:43 2020
[runlim] main pid:		15899
[Ablector] INFO: ABLECTOR TIME: 0.003485
[runlim] end:			Sat May 16 14:42:44 2020
[runlim] status:		ok
[runlim] result:		0
[runlim] children:		0
[runlim] real:			1.13 seconds
[runlim] time:			1.00 seconds
[runlim] space:			37.0 MB
[runlim] samples:		4
[runlim] version:		1.10
[runlim] time limit:		311040000 seconds
[runlim] real time limit:	1200 seconds
[runlim] space limit:		15000 MB
[runlim] argv[0]:		python3
[runlim] argv[1]:		/raid/steuber/Software/ablector/ablector
[runlim] argv[2]:		/raid/steuber/Benchmarks/2019/QF_BV/Sage2/bench_10313.smt2
[runlim] argv[3]:		--ufReuse=1
[runlim] start:			Sat May 16 14:42:44 2020
[runlim] main pid:		15919
[Ablector] INFO: *** ROUND 0
[MulNode] INFO: Level 0
[MulNode] INFO: Level 0
[MulNode] INFO: Level 0
[MulNode] INFO: Level 0
[MulNode] INFO: Level 0
[MulNode] INFO: Level 0
[MulNode] INFO: Level 0
[MulNode] INFO: Level 0
[MulNode] INFO: Level 0
[MulNode] INFO: Level 0
[MulNode] INFO: Level 0
[MulNode] INFO: Level 0
[MulNode] INFO: Level 0
[MulNode] INFO: Level 0
[MulNode] INFO: Level 0
[MulNode] INFO: Level 0
[MulNode] INFO: Level 0
[MulNode] INFO: Level 0
[MulNode] INFO: Level 0
[MulNode] INFO: Level 0
[MulNode] INFO: Level 0
[MulNode] INFO: Level 0
[MulNode] INFO: Level 0
[MulNode] INFO: Level 0
[MulNode] INFO: Level 0
[MulNode] INFO: Level 0
[MulNode] INFO: Level 0
[MulNode] INFO: Level 0
[MulNode] INFO: Level 0
[MulNode] INFO: Level 0
[Ablector] INFO: ABLECTOR TIME: 6.012837
[Ablector] INFO: SAT TIME: 6.002415
[Ablector] INFO: REF TIME: 0.283556
[runlim] end:			Sat May 16 14:42:51 2020
[runlim] status:		ok
[runlim] result:		0
[runlim] children:		1
[runlim] real:			7.37 seconds
[runlim] time:			7.33 seconds
[runlim] space:			92.7 MB
[runlim] samples:		68
[runlim] version:		1.10
[runlim] time limit:		311040000 seconds
[runlim] real time limit:	1200 seconds
[runlim] space limit:		15000 MB
[runlim] argv[0]:		python3
[runlim] argv[1]:		/raid/steuber/Software/ablector/ablector
[runlim] argv[2]:		/raid/steuber/Benchmarks/2019/QF_BV/Sage2/bench_7976.smt2
[runlim] argv[3]:		--ufReuse=1
[runlim] start:			Sat May 16 14:42:51 2020
[runlim] main pid:		15942
[Ablector] INFO: *** ROUND 0
[runlim] sample:		9.8 time, 10.7 real, 192.7 MB
[runlim] sample:		19.8 time, 20.7 real, 182.8 MB
[runlim] sample:		29.8 time, 30.7 real, 179.8 MB
[runlim] sample:		39.8 time, 40.7 real, 177.7 MB
[runlim] sample:		49.8 time, 50.7 real, 177.1 MB
[MulNode] INFO: Level 0
[MulNode] INFO: Level 0
[MulNode] INFO: Level 0
[MulNode] INFO: Level 0
[MulNode] INFO: Level 0
[MulNode] INFO: Level 0
[MulNode] INFO: Level 0
[MulNode] INFO: Level 0
[MulNode] INFO: Level 0
[MulNode] INFO: Level 0
[MulNode] INFO: Level 0
[MulNode] INFO: Level 0
[MulNode] INFO: Level 0
[MulNode] INFO: Level 0
[MulNode] INFO: Level 0
[MulNode] INFO: Level 0
[MulNode] INFO: Level 0
[MulNode] INFO: Level 0
[MulNode] INFO: Level 0
[MulNode] INFO: Level 0
[MulNode] INFO: Level 0
[MulNode] INFO: Level 0
[MulNode] INFO: Level 0
[MulNode] INFO: Level 0
[MulNode] INFO: Level 0
[MulNode] INFO: Level 0
[MulNode] INFO: Level 0
[MulNode] INFO: Level 0
[MulNode] INFO: Level 0
[MulNode] INFO: Level 0
[MulNode] INFO: Level 0
[MulNode] INFO: Level 0
[MulNode] INFO: Level 0
[MulNode] INFO: Level 0
[MulNode] INFO: Level 0
[MulNode] INFO: Level 0
[MulNode] INFO: Level 0
[MulNode] INFO: Level 0
[MulNode] INFO: Level 0
[MulNode] INFO: Level 0
[MulNode] INFO: Level 0
[MulNode] INFO: Level 0
[MulNode] INFO: Level 0
[MulNode] INFO: Level 0
[MulNode] INFO: Level 0
[MulNode] INFO: Level 0
[MulNode] INFO: Level 0
[MulNode] INFO: Level 0
[MulNode] INFO: Level 0
[MulNode] INFO: Level 0
[MulNode] INFO: Level 0
[MulNode] INFO: Level 0
[MulNode] INFO: Level 0
[MulNode] INFO: Level 0
[MulNode] INFO: Level 0
[MulNode] INFO: Level 0
[MulNode] INFO: Level 0
[MulNode] INFO: Level 0
[MulNode] INFO: Level 0
[MulNode] INFO: Level 0
[MulNode] INFO: Level 0
[MulNode] INFO: Level 0
[MulNode] INFO: Level 0
[MulNode] INFO: Level 0
[MulNode] INFO: Level 0
[MulNode] INFO: Level 0
[MulNode] INFO: Level 0
[MulNode] INFO: Level 0
[MulNode] INFO: Level 0
[MulNode] INFO: Level 0
[MulNode] INFO: Level 0
[MulNode] INFO: Level 0
[MulNode] INFO: Level 0
[MulNode] INFO: Level 0
[MulNode] INFO: Level 0
[MulNode] INFO: Level 0
[MulNode] INFO: Level 0
[MulNode] INFO: Level 0
[MulNode] INFO: Level 0
[MulNode] INFO: Level 0
[MulNode] INFO: Level 0
[MulNode] INFO: Level 0
[MulNode] INFO: Level 0
[MulNode] INFO: Level 0
[MulNode] INFO: Level 0
[MulNode] INFO: Level 0
[MulNode] INFO: Level 0
[MulNode] INFO: Level 0
[MulNode] INFO: Level 0
[MulNode] INFO: Level 0
[MulNode] INFO: Level 0
[MulNode] INFO: Level 0
[MulNode] INFO: Level 0
[MulNode] INFO: Level 0
[MulNode] INFO: Level 0
[MulNode] INFO: Level 0
[MulNode] INFO: Level 0
[MulNode] INFO: Level 0
[MulNode] INFO: Level 0
[MulNode] INFO: Level 0
[MulNode] INFO: Level 0
[MulNode] INFO: Level 0
[MulNode] INFO: Level 0
[MulNode] INFO: Level 0
[MulNode] INFO: Level 0
[MulNode] INFO: Level 0
[MulNode] INFO: Level 0
[MulNode] INFO: Level 0
[MulNode] INFO: Level 0
[MulNode] INFO: Level 0
[MulNode] INFO: Level 0
[MulNode] INFO: Level 0
[MulNode] INFO: Level 0
[MulNode] INFO: Level 0
[MulNode] INFO: Level 0
[MulNode] INFO: Level 0
[MulNode] INFO: Level 0
[MulNode] INFO: Level 0
[MulNode] INFO: Level 0
[MulNode] INFO: Level 0
[MulNode] INFO: Level 0
[MulNode] INFO: Level 0
[MulNode] INFO: Level 0
[MulNode] INFO: Level 0
[MulNode] INFO: Level 0
[MulNode] INFO: Level 0
[MulNode] INFO: Level 0
[MulNode] INFO: Level 0
[MulNode] INFO: Level 0
[MulNode] INFO: Level 0
[MulNode] INFO: Level 0
[MulNode] INFO: Level 0
[MulNode] INFO: Level 0
[MulNode] INFO: Level 0
[MulNode] INFO: Level 0
[MulNode] INFO: Level 0
[MulNode] INFO: Level 0
[MulNode] INFO: Level 0
[MulNode] INFO: Level 0
[MulNode] INFO: Level 0
[MulNode] INFO: Level 0
[MulNode] INFO: Level 0
[MulNode] INFO: Level 0
[MulNode] INFO: Level 0
[MulNode] INFO: Level 0
[MulNode] INFO: Level 0
[MulNode] INFO: Level 0
[MulNode] INFO: Level 0
[MulNode] INFO: Level 0
[MulNode] INFO: Level 0
[MulNode] INFO: Level 0
[MulNode] INFO: Level 0
[MulNode] INFO: Level 0
[MulNode] INFO: Level 0
[MulNode] INFO: Level 0
[MulNode] INFO: Level 0
[MulNode] INFO: Level 0
[MulNode] INFO: Level 0
[MulNode] INFO: Level 0
[MulNode] INFO: Level 0
[MulNode] INFO: Level 0
[MulNode] INFO: Level 0
[MulNode] INFO: Level 0
[MulNode] INFO: Level 0
[MulNode] INFO: Level 0
[MulNode] INFO: Level 0
[MulNode] INFO: Level 0
[MulNode] INFO: Level 0
[MulNode] INFO: Level 0
[MulNode] INFO: Level 0
[MulNode] INFO: Level 0
[MulNode] INFO: Level 0
[MulNode] INFO: Level 0
[MulNode] INFO: Level 0
[Ablector] INFO: ABLECTOR TIME: 45.554155
[Ablector] INFO: SAT TIME: 45.517283
[Ablector] INFO: REF TIME: 1.793912
[runlim] end:			Sat May 16 14:43:42 2020
[runlim] status:		ok
[runlim] result:		0
[runlim] children:		7
[runlim] real:			51.41 seconds
[runlim] time:			50.42 seconds
[runlim] space:			232.3 MB
[runlim] samples:		506
[runlim] version:		1.10
[runlim] time limit:		311040000 seconds
[runlim] real time limit:	1200 seconds
[runlim] space limit:		15000 MB
[runlim] argv[0]:		python3
[runlim] argv[1]:		/raid/steuber/Software/ablector/ablector
[runlim] argv[2]:		/raid/steuber/Benchmarks/2019/QF_BV/20190311-bv-term-small-rw-Noetzli/bv-term-small-rw_1199.smt2
[runlim] argv[3]:		--ufReuse=1
[runlim] start:			Sat May 16 14:43:42 2020
[runlim] main pid:		15971
[Ablector] INFO: *** ROUND 0
[MulNode] INFO: Level 0
[Ablector] INFO: ABLECTOR TIME: 0.116293
[Ablector] INFO: SAT TIME: 0.111928
[Ablector] INFO: REF TIME: 0.012230
[runlim] end:			Sat May 16 14:43:43 2020
[runlim] status:		ok
[runlim] result:		0
[runlim] children:		0
[runlim] real:			1.46 seconds
[runlim] time:			1.09 seconds
[runlim] space:			41.1 MB
[runlim] samples:		6
[runlim] version:		1.10
[runlim] time limit:		311040000 seconds
[runlim] real time limit:	1200 seconds
[runlim] space limit:		15000 MB
[runlim] argv[0]:		python3
[runlim] argv[1]:		/raid/steuber/Software/ablector/ablector
[runlim] argv[2]:		/raid/steuber/Benchmarks/2019/QF_BV/Sage2/bench_10551.smt2
[runlim] argv[3]:		--ufReuse=1
[runlim] start:			Sat May 16 14:43:43 2020
[runlim] main pid:		15991
[Ablector] INFO: *** ROUND 0
[runlim] sample:		10.5 time, 10.8 real, 84.2 MB
[runlim] sample:		20.5 time, 20.8 real, 85.6 MB
[runlim] sample:		30.5 time, 30.8 real, 95.4 MB
[runlim] sample:		40.5 time, 40.8 real, 113.3 MB
[runlim] sample:		50.5 time, 50.8 real, 114.0 MB
[runlim] sample:		60.5 time, 60.8 real, 114.9 MB
[runlim] sample:		70.5 time, 70.8 real, 115.5 MB
[runlim] sample:		80.5 time, 80.8 real, 120.6 MB
[runlim] sample:		90.5 time, 90.8 real, 122.6 MB
[runlim] sample:		100.5 time, 100.8 real, 123.7 MB
[runlim] sample:		110.5 time, 110.8 real, 134.3 MB
[runlim] sample:		120.5 time, 120.8 real, 126.9 MB
[runlim] sample:		130.5 time, 130.8 real, 127.2 MB
[runlim] sample:		140.5 time, 140.8 real, 129.1 MB
[runlim] sample:		150.5 time, 150.8 real, 130.3 MB
[runlim] sample:		160.5 time, 160.8 real, 131.5 MB
[runlim] sample:		170.4 time, 170.8 real, 143.5 MB
[runlim] sample:		180.4 time, 180.8 real, 134.0 MB
[runlim] sample:		190.4 time, 190.8 real, 146.2 MB
[runlim] sample:		200.5 time, 200.8 real, 135.0 MB
[runlim] sample:		210.4 time, 210.8 real, 148.7 MB
[runlim] sample:		220.4 time, 220.8 real, 148.5 MB
[runlim] sample:		230.4 time, 230.8 real, 150.3 MB
[runlim] sample:		240.4 time, 240.8 real, 138.6 MB
[runlim] sample:		250.4 time, 250.8 real, 152.1 MB
[runlim] sample:		260.4 time, 260.8 real, 151.8 MB
[runlim] sample:		270.4 time, 270.8 real, 154.2 MB
[runlim] sample:		280.4 time, 280.8 real, 154.9 MB
[runlim] sample:		290.4 time, 290.8 real, 154.9 MB
[runlim] sample:		300.4 time, 300.8 real, 157.2 MB
[runlim] sample:		310.4 time, 310.8 real, 157.8 MB
[runlim] sample:		320.4 time, 320.8 real, 144.4 MB
[runlim] sample:		330.4 time, 330.8 real, 158.3 MB
[runlim] sample:		340.4 time, 340.8 real, 157.9 MB
[runlim] sample:		350.4 time, 350.8 real, 157.9 MB
[runlim] sample:		360.4 time, 360.8 real, 158.2 MB
[runlim] sample:		370.4 time, 370.8 real, 161.6 MB
[runlim] sample:		380.4 time, 380.8 real, 162.3 MB
[runlim] sample:		390.4 time, 390.8 real, 163.1 MB
[runlim] sample:		400.4 time, 400.8 real, 162.1 MB
[runlim] sample:		410.4 time, 410.8 real, 163.2 MB
[runlim] sample:		420.4 time, 420.8 real, 163.5 MB
[runlim] sample:		430.4 time, 430.8 real, 163.5 MB
[runlim] sample:		440.4 time, 440.8 real, 163.9 MB
[runlim] sample:		450.4 time, 450.8 real, 163.9 MB
[runlim] sample:		460.4 time, 460.8 real, 165.6 MB
[runlim] sample:		470.4 time, 470.8 real, 165.6 MB
[runlim] sample:		480.4 time, 480.8 real, 165.6 MB
[runlim] sample:		490.4 time, 490.8 real, 149.5 MB
[runlim] sample:		500.4 time, 500.8 real, 165.2 MB
[runlim] sample:		510.4 time, 510.8 real, 165.9 MB
[runlim] sample:		520.4 time, 520.8 real, 165.9 MB
[runlim] sample:		530.4 time, 530.8 real, 165.9 MB
[runlim] sample:		540.4 time, 540.8 real, 165.9 MB
[runlim] sample:		550.4 time, 550.8 real, 165.9 MB
[runlim] sample:		560.4 time, 560.8 real, 165.9 MB
[runlim] sample:		570.4 time, 570.8 real, 166.6 MB
[runlim] sample:		580.4 time, 580.8 real, 166.6 MB
[runlim] sample:		590.4 time, 590.8 real, 166.6 MB
[runlim] sample:		600.4 time, 600.8 real, 168.3 MB
[runlim] sample:		610.4 time, 610.8 real, 168.3 MB
[runlim] sample:		620.4 time, 620.8 real, 168.3 MB
[runlim] sample:		630.4 time, 630.8 real, 168.3 MB
[runlim] sample:		640.4 time, 640.8 real, 150.5 MB
[runlim] sample:		650.4 time, 650.8 real, 167.0 MB
[runlim] sample:		660.4 time, 660.8 real, 167.0 MB
[runlim] sample:		670.4 time, 670.8 real, 167.6 MB
[runlim] sample:		680.4 time, 680.8 real, 167.6 MB
[runlim] sample:		690.4 time, 690.8 real, 167.6 MB
[runlim] sample:		700.4 time, 700.8 real, 167.6 MB
[runlim] sample:		710.4 time, 710.8 real, 167.6 MB
[runlim] sample:		720.4 time, 720.8 real, 151.0 MB
[runlim] sample:		730.4 time, 730.8 real, 168.3 MB
[runlim] sample:		740.4 time, 740.8 real, 168.3 MB
[runlim] sample:		750.4 time, 750.8 real, 168.3 MB
[runlim] sample:		760.4 time, 760.8 real, 168.3 MB
[runlim] sample:		770.4 time, 770.8 real, 168.3 MB
[runlim] sample:		780.4 time, 780.8 real, 171.2 MB
[runlim] sample:		790.4 time, 790.8 real, 171.2 MB
[runlim] sample:		800.4 time, 800.8 real, 171.2 MB
[runlim] sample:		810.4 time, 810.8 real, 171.2 MB
[runlim] sample:		820.4 time, 820.8 real, 171.2 MB
[runlim] sample:		830.4 time, 830.8 real, 171.2 MB
[runlim] sample:		840.4 time, 840.8 real, 171.2 MB
[runlim] sample:		850.4 time, 850.8 real, 171.2 MB
[runlim] sample:		860.4 time, 860.8 real, 170.1 MB
[runlim] sample:		870.4 time, 870.8 real, 170.1 MB
[runlim] sample:		880.4 time, 880.8 real, 170.1 MB
[runlim] sample:		890.4 time, 890.8 real, 170.1 MB
[runlim] sample:		900.4 time, 900.8 real, 173.3 MB
[runlim] sample:		910.4 time, 910.8 real, 173.3 MB
[runlim] sample:		920.4 time, 920.8 real, 173.3 MB
[runlim] sample:		930.4 time, 930.8 real, 173.3 MB
[runlim] sample:		940.4 time, 940.8 real, 173.3 MB
[runlim] sample:		950.4 time, 950.8 real, 173.3 MB
[runlim] sample:		960.4 time, 960.8 real, 173.3 MB
[runlim] sample:		970.4 time, 970.8 real, 173.3 MB
[runlim] sample:		980.4 time, 980.8 real, 173.3 MB
[runlim] sample:		990.4 time, 990.8 real, 173.3 MB
[runlim] sample:		1000.4 time, 1000.8 real, 173.3 MB
[runlim] sample:		1010.4 time, 1010.8 real, 173.3 MB
[runlim] sample:		1020.4 time, 1020.8 real, 154.6 MB
[runlim] sample:		1030.4 time, 1030.8 real, 173.7 MB
[runlim] sample:		1040.4 time, 1040.8 real, 186.9 MB
[runlim] sample:		1050.4 time, 1050.8 real, 186.9 MB
[runlim] sample:		1060.4 time, 1060.8 real, 186.9 MB
[runlim] sample:		1070.4 time, 1070.8 real, 186.9 MB
[runlim] sample:		1080.4 time, 1080.8 real, 186.9 MB
[runlim] sample:		1090.4 time, 1090.8 real, 186.9 MB
[runlim] sample:		1100.4 time, 1100.8 real, 186.9 MB
[runlim] sample:		1110.4 time, 1110.8 real, 186.9 MB
[runlim] sample:		1120.4 time, 1120.8 real, 186.9 MB
[runlim] sample:		1130.4 time, 1130.8 real, 186.9 MB
[runlim] sample:		1140.4 time, 1140.8 real, 186.9 MB
[runlim] sample:		1150.4 time, 1150.8 real, 186.9 MB
[runlim] sample:		1160.4 time, 1160.8 real, 186.9 MB
[runlim] sample:		1170.4 time, 1170.8 real, 186.9 MB
[runlim] sample:		1180.4 time, 1180.8 real, 186.9 MB
[runlim] sample:		1190.4 time, 1190.8 real, 168.6 MB
[runlim] end:			Sat May 16 15:03:43 2020
[runlim] status:		out of time
[runlim] result:		2
[runlim] children:		1
[runlim] real:			1200.04 seconds
[runlim] time:			1199.60 seconds
[runlim] space:			189.0 MB
[runlim] samples:		11992
[runlim] version:		1.10
[runlim] time limit:		311040000 seconds
[runlim] real time limit:	1200 seconds
[runlim] space limit:		15000 MB
[runlim] argv[0]:		python3
[runlim] argv[1]:		/raid/steuber/Software/ablector/ablector
[runlim] argv[2]:		/raid/steuber/Benchmarks/2019/QF_BV/sage/app7/bench_4074.smt2
[runlim] argv[3]:		--ufReuse=1
[runlim] start:			Sat May 16 15:03:43 2020
[runlim] main pid:		16769
[Ablector] INFO: ABLECTOR TIME: 0.003760
[runlim] end:			Sat May 16 15:03:43 2020
[runlim] status:		ok
[runlim] result:		0
[runlim] children:		2
[runlim] real:			0.99 seconds
[runlim] time:			1.05 seconds
[runlim] space:			46.5 MB
[runlim] samples:		5
[runlim] version:		1.10
[runlim] time limit:		311040000 seconds
[runlim] real time limit:	1200 seconds
[runlim] space limit:		15000 MB
[runlim] argv[0]:		python3
[runlim] argv[1]:		/raid/steuber/Software/ablector/ablector
[runlim] argv[2]:		/raid/steuber/Benchmarks/2019/QF_BV/Sage2/bench_6684.smt2
[runlim] argv[3]:		--ufReuse=1
[runlim] start:			Sat May 16 15:03:44 2020
[runlim] main pid:		16789
[Ablector] INFO: *** ROUND 0
[MulNode] INFO: Level 0
[MulNode] INFO: Level 0
[MulNode] INFO: Level 0
[MulNode] INFO: Level 0
[MulNode] INFO: Level 0
[MulNode] INFO: Level 0
[MulNode] INFO: Level 0
[MulNode] INFO: Level 0
[MulNode] INFO: Level 0
[MulNode] INFO: Level 0
[MulNode] INFO: Level 0
[MulNode] INFO: Level 0
[MulNode] INFO: Level 0
[MulNode] INFO: Level 0
[MulNode] INFO: Level 0
[MulNode] INFO: Level 0
[MulNode] INFO: Level 0
[MulNode] INFO: Level 0
[MulNode] INFO: Level 0
[MulNode] INFO: Level 0
[MulNode] INFO: Level 0
[MulNode] INFO: Level 0
[MulNode] INFO: Level 0
[MulNode] INFO: Level 0
[MulNode] INFO: Level 0
[MulNode] INFO: Level 0
[MulNode] INFO: Level 0
[MulNode] INFO: Level 0
[MulNode] INFO: Level 0
[MulNode] INFO: Level 0
[MulNode] INFO: Level 0
[MulNode] INFO: Level 0
[MulNode] INFO: Level 0
[MulNode] INFO: Level 0
[MulNode] INFO: Level 0
[MulNode] INFO: Level 0
[MulNode] INFO: Level 0
[MulNode] INFO: Level 0
[MulNode] INFO: Level 0
[MulNode] INFO: Level 0
[MulNode] INFO: Level 0
[MulNode] INFO: Level 0
[MulNode] INFO: Level 0
[MulNode] INFO: Level 0
[MulNode] INFO: Level 0
[MulNode] INFO: Level 0
[MulNode] INFO: Level 0
[MulNode] INFO: Level 0
[MulNode] INFO: Level 0
[MulNode] INFO: Level 0
[MulNode] INFO: Level 0
[Ablector] INFO: ABLECTOR TIME: 1.084335
[Ablector] INFO: SAT TIME: 1.068892
[Ablector] INFO: REF TIME: 0.497350
[runlim] end:			Sat May 16 15:03:46 2020
[runlim] status:		ok
[runlim] result:		0
[runlim] children:		1
[runlim] real:			2.75 seconds
[runlim] time:			2.88 seconds
[runlim] space:			99.7 MB
[runlim] samples:		24
[runlim] version:		1.10
[runlim] time limit:		311040000 seconds
[runlim] real time limit:	1200 seconds
[runlim] space limit:		15000 MB
[runlim] argv[0]:		python3
[runlim] argv[1]:		/raid/steuber/Software/ablector/ablector
[runlim] argv[2]:		/raid/steuber/Benchmarks/2019/QF_BV/sage/app1/bench_2120.smt2
[runlim] argv[3]:		--ufReuse=1
[runlim] start:			Sat May 16 15:03:47 2020
[runlim] main pid:		16812
[Ablector] INFO: ABLECTOR TIME: 0.003390
[runlim] end:			Sat May 16 15:03:47 2020
[runlim] status:		ok
[runlim] result:		0
[runlim] children:		0
[runlim] real:			0.59 seconds
[runlim] time:			0.96 seconds
[runlim] space:			37.7 MB
[runlim] samples:		4
[runlim] version:		1.10
[runlim] time limit:		311040000 seconds
[runlim] real time limit:	1200 seconds
[runlim] space limit:		15000 MB
[runlim] argv[0]:		python3
[runlim] argv[1]:		/raid/steuber/Software/ablector/ablector
[runlim] argv[2]:		/raid/steuber/Benchmarks/2019/QF_BV/bmc-bv-svcomp14/sum02_true.c.17.smt2
[runlim] argv[3]:		--ufReuse=1
[runlim] start:			Sat May 16 15:03:47 2020
[runlim] main pid:		16832
[Ablector] INFO: *** ROUND 0
[Ablector] INFO: *** ROUND 1
[Ablector] INFO: *** ROUND 2
[Ablector] INFO: *** ROUND 3
[MulNode] INFO: Level 2
[UdivNode] INFO: Level 0
[Ablector] INFO: ABLECTOR TIME: 0.840078
[Ablector] INFO: SAT TIME: 0.835588
[Ablector] INFO: REF TIME: 0.029209
[runlim] end:			Sat May 16 15:03:49 2020
[runlim] status:		segmentation fault
[runlim] result:		4
[runlim] children:		0
[runlim] real:			2.55 seconds
[runlim] time:			1.92 seconds
[runlim] space:			45.3 MB
[runlim] samples:		16
[runlim] version:		1.10
[runlim] time limit:		311040000 seconds
[runlim] real time limit:	1200 seconds
[runlim] space limit:		15000 MB
[runlim] argv[0]:		python3
[runlim] argv[1]:		/raid/steuber/Software/ablector/ablector
[runlim] argv[2]:		/raid/steuber/Benchmarks/2019/QF_BV/Sage2/bench_16714.smt2
[runlim] argv[3]:		--ufReuse=1
[runlim] start:			Sat May 16 15:03:49 2020
[runlim] main pid:		16852
[Ablector] INFO: *** ROUND 0
[MulNode] INFO: Level 0
[Ablector] INFO: ABLECTOR TIME: 0.646133
[Ablector] INFO: SAT TIME: 0.641162
[Ablector] INFO: REF TIME: 0.011458
[runlim] end:			Sat May 16 15:03:51 2020
[runlim] status:		ok
[runlim] result:		0
[runlim] children:		0
[runlim] real:			2.28 seconds
[runlim] time:			1.76 seconds
[runlim] space:			48.3 MB
[runlim] samples:		13
[runlim] version:		1.10
[runlim] time limit:		311040000 seconds
[runlim] real time limit:	1200 seconds
[runlim] space limit:		15000 MB
[runlim] argv[0]:		python3
[runlim] argv[1]:		/raid/steuber/Software/ablector/ablector
[runlim] argv[2]:		/raid/steuber/Benchmarks/2019/QF_BV/sage/app2/bench_327.smt2
[runlim] argv[3]:		--ufReuse=1
[runlim] start:			Sat May 16 15:03:51 2020
[runlim] main pid:		16873
[Ablector] INFO: *** ROUND 0
[SdivNode] INFO: Level 0
[SdivNode] INFO: Level 0
[MulNode] INFO: Level 0
[MulNode] INFO: Level 0
[Ablector] INFO: ABLECTOR TIME: 0.075627
[Ablector] INFO: SAT TIME: 0.068630
[Ablector] INFO: REF TIME: 0.037206
[runlim] end:			Sat May 16 15:03:52 2020
[runlim] status:		ok
[runlim] result:		0
[runlim] children:		1
[runlim] real:			1.23 seconds
[runlim] time:			1.05 seconds
[runlim] space:			42.7 MB
[runlim] samples:		5
[runlim] version:		1.10
[runlim] time limit:		311040000 seconds
[runlim] real time limit:	1200 seconds
[runlim] space limit:		15000 MB
[runlim] argv[0]:		python3
[runlim] argv[1]:		/raid/steuber/Software/ablector/ablector
[runlim] argv[2]:		/raid/steuber/Benchmarks/2019/QF_BV/Sage2/bench_13472.smt2
[runlim] argv[3]:		--ufReuse=1
[runlim] start:			Sat May 16 15:03:52 2020
[runlim] main pid:		16893
[Ablector] INFO: *** ROUND 0
[MulNode] INFO: Level 0
[MulNode] INFO: Level 0
[MulNode] INFO: Level 0
[MulNode] INFO: Level 0
[MulNode] INFO: Level 0
[MulNode] INFO: Level 0
[MulNode] INFO: Level 0
[MulNode] INFO: Level 0
[MulNode] INFO: Level 0
[MulNode] INFO: Level 0
[MulNode] INFO: Level 0
[MulNode] INFO: Level 0
[MulNode] INFO: Level 0
[MulNode] INFO: Level 0
[MulNode] INFO: Level 0
[MulNode] INFO: Level 0
[MulNode] INFO: Level 0
[MulNode] INFO: Level 0
[MulNode] INFO: Level 0
[MulNode] INFO: Level 0
[MulNode] INFO: Level 0
[MulNode] INFO: Level 0
[MulNode] INFO: Level 0
[MulNode] INFO: Level 0
[MulNode] INFO: Level 0
[MulNode] INFO: Level 0
[MulNode] INFO: Level 0
[MulNode] INFO: Level 0
[MulNode] INFO: Level 0
[MulNode] INFO: Level 0
[MulNode] INFO: Level 0
[MulNode] INFO: Level 0
[MulNode] INFO: Level 0
[MulNode] INFO: Level 0
[MulNode] INFO: Level 0
[MulNode] INFO: Level 0
[MulNode] INFO: Level 0
[MulNode] INFO: Level 0
[MulNode] INFO: Level 0
[MulNode] INFO: Level 0
[MulNode] INFO: Level 0
[MulNode] INFO: Level 0
[MulNode] INFO: Level 0
[MulNode] INFO: Level 0
[MulNode] INFO: Level 0
[MulNode] INFO: Level 0
[MulNode] INFO: Level 0
[MulNode] INFO: Level 0
[MulNode] INFO: Level 0
[MulNode] INFO: Level 0
[MulNode] INFO: Level 0
[MulNode] INFO: Level 0
[MulNode] INFO: Level 0
[MulNode] INFO: Level 0
[MulNode] INFO: Level 0
[MulNode] INFO: Level 0
[MulNode] INFO: Level 0
[MulNode] INFO: Level 0
[MulNode] INFO: Level 0
[MulNode] INFO: Level 0
[MulNode] INFO: Level 0
[MulNode] INFO: Level 0
[MulNode] INFO: Level 0
[MulNode] INFO: Level 0
[MulNode] INFO: Level 0
[MulNode] INFO: Level 0
[MulNode] INFO: Level 0
[MulNode] INFO: Level 0
[MulNode] INFO: Level 0
[MulNode] INFO: Level 0
[MulNode] INFO: Level 0
[MulNode] INFO: Level 0
[MulNode] INFO: Level 0
[MulNode] INFO: Level 0
[MulNode] INFO: Level 0
[MulNode] INFO: Level 0
[MulNode] INFO: Level 0
[MulNode] INFO: Level 0
[MulNode] INFO: Level 0
[MulNode] INFO: Level 0
[MulNode] INFO: Level 0
[MulNode] INFO: Level 0
[MulNode] INFO: Level 0
[MulNode] INFO: Level 0
[MulNode] INFO: Level 0
[MulNode] INFO: Level 0
[MulNode] INFO: Level 0
[MulNode] INFO: Level 0
[MulNode] INFO: Level 0
[MulNode] INFO: Level 0
[MulNode] INFO: Level 0
[MulNode] INFO: Level 0
[MulNode] INFO: Level 0
[MulNode] INFO: Level 0
[MulNode] INFO: Level 0
[MulNode] INFO: Level 0
[MulNode] INFO: Level 0
[MulNode] INFO: Level 0
[MulNode] INFO: Level 0
[MulNode] INFO: Level 0
[MulNode] INFO: Level 0
[MulNode] INFO: Level 0
[MulNode] INFO: Level 0
[MulNode] INFO: Level 0
[MulNode] INFO: Level 0
[MulNode] INFO: Level 0
[MulNode] INFO: Level 0
[MulNode] INFO: Level 0
[MulNode] INFO: Level 0
[MulNode] INFO: Level 0
[MulNode] INFO: Level 0
[MulNode] INFO: Level 0
[MulNode] INFO: Level 0
[MulNode] INFO: Level 0
[MulNode] INFO: Level 0
[MulNode] INFO: Level 0
[MulNode] INFO: Level 0
[MulNode] INFO: Level 0
[MulNode] INFO: Level 0
[MulNode] INFO: Level 0
[MulNode] INFO: Level 0
[MulNode] INFO: Level 0
[MulNode] INFO: Level 0
[MulNode] INFO: Level 0
[MulNode] INFO: Level 0
[MulNode] INFO: Level 0
[MulNode] INFO: Level 0
[MulNode] INFO: Level 0
[MulNode] INFO: Level 0
[MulNode] INFO: Level 0
[MulNode] INFO: Level 0
[MulNode] INFO: Level 0
[MulNode] INFO: Level 0
[MulNode] INFO: Level 0
[MulNode] INFO: Level 0
[MulNode] INFO: Level 0
[MulNode] INFO: Level 0
[MulNode] INFO: Level 0
[MulNode] INFO: Level 0
[Ablector] INFO: ABLECTOR TIME: 4.327190
[Ablector] INFO: SAT TIME: 4.283234
[Ablector] INFO: REF TIME: 1.134368
[runlim] end:			Sat May 16 15:04:00 2020
[runlim] status:		ok
[runlim] result:		0
[runlim] children:		3
[runlim] real:			8.72 seconds
[runlim] time:			8.42 seconds
[runlim] space:			448.5 MB
[runlim] samples:		81
[runlim] version:		1.10
[runlim] time limit:		311040000 seconds
[runlim] real time limit:	1200 seconds
[runlim] space limit:		15000 MB
[runlim] argv[0]:		python3
[runlim] argv[1]:		/raid/steuber/Software/ablector/ablector
[runlim] argv[2]:		/raid/steuber/Benchmarks/2019/QF_BV/sage/app7/bench_5450.smt2
[runlim] argv[3]:		--ufReuse=1
[runlim] start:			Sat May 16 15:04:01 2020
[runlim] main pid:		16913
[Ablector] INFO: ABLECTOR TIME: 0.003689
[runlim] end:			Sat May 16 15:04:01 2020
[runlim] status:		ok
[runlim] result:		0
[runlim] children:		0
[runlim] real:			0.60 seconds
[runlim] time:			1.01 seconds
[runlim] space:			38.0 MB
[runlim] samples:		5
[runlim] version:		1.10
[runlim] time limit:		311040000 seconds
[runlim] real time limit:	1200 seconds
[runlim] space limit:		15000 MB
[runlim] argv[0]:		python3
[runlim] argv[1]:		/raid/steuber/Software/ablector/ablector
[runlim] argv[2]:		/raid/steuber/Benchmarks/2019/QF_BV/sage/app7/bench_2805.smt2
[runlim] argv[3]:		--ufReuse=1
[runlim] start:			Sat May 16 15:04:01 2020
[runlim] main pid:		16933
[Ablector] INFO: ABLECTOR TIME: 0.003890
[runlim] end:			Sat May 16 15:04:02 2020
[runlim] status:		ok
[runlim] result:		0
[runlim] children:		3
[runlim] real:			1.70 seconds
[runlim] time:			1.13 seconds
[runlim] space:			48.7 MB
[runlim] samples:		7
[runlim] version:		1.10
[runlim] time limit:		311040000 seconds
[runlim] real time limit:	1200 seconds
[runlim] space limit:		15000 MB
[runlim] argv[0]:		python3
[runlim] argv[1]:		/raid/steuber/Software/ablector/ablector
[runlim] argv[2]:		/raid/steuber/Benchmarks/2019/QF_BV/sage/app8/bench_273.smt2
[runlim] argv[3]:		--ufReuse=1
[runlim] start:			Sat May 16 15:04:03 2020
[runlim] main pid:		16954
[Ablector] INFO: *** ROUND 0
[MulNode] INFO: Level 0
[MulNode] INFO: Level 0
[MulNode] INFO: Level 0
[MulNode] INFO: Level 0
[MulNode] INFO: Level 0
[MulNode] INFO: Level 0
[MulNode] INFO: Level 0
[MulNode] INFO: Level 0
[MulNode] INFO: Level 0
[MulNode] INFO: Level 0
[MulNode] INFO: Level 0
[Ablector] INFO: ABLECTOR TIME: 0.193042
[Ablector] INFO: SAT TIME: 0.185853
[Ablector] INFO: REF TIME: 0.108350
[runlim] end:			Sat May 16 15:04:03 2020
[runlim] status:		ok
[runlim] result:		0
[runlim] children:		1
[runlim] real:			0.90 seconds
[runlim] time:			1.32 seconds
[runlim] space:			48.0 MB
[runlim] samples:		8
[runlim] version:		1.10
[runlim] time limit:		311040000 seconds
[runlim] real time limit:	1200 seconds
[runlim] space limit:		15000 MB
[runlim] argv[0]:		python3
[runlim] argv[1]:		/raid/steuber/Software/ablector/ablector
[runlim] argv[2]:		/raid/steuber/Benchmarks/2019/QF_BV/sage/app7/bench_675.smt2
[runlim] argv[3]:		--ufReuse=1
[runlim] start:			Sat May 16 15:04:04 2020
[runlim] main pid:		16974
[Ablector] INFO: ABLECTOR TIME: 0.003729
[runlim] end:			Sat May 16 15:04:05 2020
[runlim] status:		ok
[runlim] result:		0
[runlim] children:		13
[runlim] real:			1.96 seconds
[runlim] time:			2.11 seconds
[runlim] space:			79.4 MB
[runlim] samples:		17
[runlim] version:		1.10
[runlim] time limit:		311040000 seconds
[runlim] real time limit:	1200 seconds
[runlim] space limit:		15000 MB
[runlim] argv[0]:		python3
[runlim] argv[1]:		/raid/steuber/Software/ablector/ablector
[runlim] argv[2]:		/raid/steuber/Benchmarks/2019/QF_BV/sage/app7/bench_332.smt2
[runlim] argv[3]:		--ufReuse=1
[runlim] start:			Sat May 16 15:04:06 2020
[runlim] main pid:		16994
[Ablector] INFO: ABLECTOR TIME: 0.003700
[runlim] end:			Sat May 16 15:04:08 2020
[runlim] status:		ok
[runlim] result:		0
[runlim] children:		13
[runlim] real:			2.07 seconds
[runlim] time:			2.14 seconds
[runlim] space:			82.2 MB
[runlim] samples:		17
[runlim] version:		1.10
[runlim] time limit:		311040000 seconds
[runlim] real time limit:	1200 seconds
[runlim] space limit:		15000 MB
[runlim] argv[0]:		python3
[runlim] argv[1]:		/raid/steuber/Software/ablector/ablector
[runlim] argv[2]:		/raid/steuber/Benchmarks/2019/QF_BV/sage/app11/bench_91.smt2
[runlim] argv[3]:		--ufReuse=1
[runlim] start:			Sat May 16 15:04:08 2020
[runlim] main pid:		17016
[Ablector] INFO: ABLECTOR TIME: 0.003629
[runlim] end:			Sat May 16 15:04:09 2020
[runlim] status:		ok
[runlim] result:		0
[runlim] children:		5
[runlim] real:			1.45 seconds
[runlim] time:			1.43 seconds
[runlim] space:			67.9 MB
[runlim] samples:		10
[runlim] version:		1.10
[runlim] time limit:		311040000 seconds
[runlim] real time limit:	1200 seconds
[runlim] space limit:		15000 MB
[runlim] argv[0]:		python3
[runlim] argv[1]:		/raid/steuber/Software/ablector/ablector
[runlim] argv[2]:		/raid/steuber/Benchmarks/2019/QF_BV/sage/app7/bench_4083.smt2
[runlim] argv[3]:		--ufReuse=1
[runlim] start:			Sat May 16 15:04:09 2020
[runlim] main pid:		17036
[Ablector] INFO: ABLECTOR TIME: 0.003797
[runlim] end:			Sat May 16 15:04:10 2020
[runlim] status:		ok
[runlim] result:		0
[runlim] children:		1
[runlim] real:			1.46 seconds
[runlim] time:			1.04 seconds
[runlim] space:			43.0 MB
[runlim] samples:		6
[runlim] version:		1.10
[runlim] time limit:		311040000 seconds
[runlim] real time limit:	1200 seconds
[runlim] space limit:		15000 MB
[runlim] argv[0]:		python3
[runlim] argv[1]:		/raid/steuber/Software/ablector/ablector
[runlim] argv[2]:		/raid/steuber/Benchmarks/2019/QF_BV/sage/app7/bench_1602.smt2
[runlim] argv[3]:		--ufReuse=1
[runlim] start:			Sat May 16 15:04:10 2020
[runlim] main pid:		17056
[Ablector] INFO: ABLECTOR TIME: 0.003617
[runlim] end:			Sat May 16 15:04:11 2020
[runlim] status:		ok
[runlim] result:		0
[runlim] children:		6
[runlim] real:			1.80 seconds
[runlim] time:			1.45 seconds
[runlim] space:			62.9 MB
[runlim] samples:		9
[runlim] version:		1.10
[runlim] time limit:		311040000 seconds
[runlim] real time limit:	1200 seconds
[runlim] space limit:		15000 MB
[runlim] argv[0]:		python3
[runlim] argv[1]:		/raid/steuber/Software/ablector/ablector
[runlim] argv[2]:		/raid/steuber/Benchmarks/2019/QF_BV/Sage2/bench_17004.smt2
[runlim] argv[3]:		--ufReuse=1
[runlim] start:			Sat May 16 15:04:12 2020
[runlim] main pid:		17076
[Ablector] INFO: *** ROUND 0
[MulNode] INFO: Level 0
[Ablector] INFO: ABLECTOR TIME: 1.943079
[Ablector] INFO: SAT TIME: 1.936797
[Ablector] INFO: REF TIME: 0.011178
[runlim] end:			Sat May 16 15:04:14 2020
[runlim] status:		ok
[runlim] result:		0
[runlim] children:		0
[runlim] real:			2.87 seconds
[runlim] time:			3.24 seconds
[runlim] space:			68.4 MB
[runlim] samples:		27
[runlim] version:		1.10
[runlim] time limit:		311040000 seconds
[runlim] real time limit:	1200 seconds
[runlim] space limit:		15000 MB
[runlim] argv[0]:		python3
[runlim] argv[1]:		/raid/steuber/Software/ablector/ablector
[runlim] argv[2]:		/raid/steuber/Benchmarks/2019/QF_BV/sage/app12/bench_2070.smt2
[runlim] argv[3]:		--ufReuse=1
[runlim] start:			Sat May 16 15:04:15 2020
[runlim] main pid:		17096
[Ablector] INFO: ABLECTOR TIME: 0.003596
[runlim] end:			Sat May 16 15:04:15 2020
[runlim] status:		ok
[runlim] result:		0
[runlim] children:		0
[runlim] real:			0.69 seconds
[runlim] time:			0.95 seconds
[runlim] space:			37.8 MB
[runlim] samples:		4
[runlim] version:		1.10
[runlim] time limit:		311040000 seconds
[runlim] real time limit:	1200 seconds
[runlim] space limit:		15000 MB
[runlim] argv[0]:		python3
[runlim] argv[1]:		/raid/steuber/Software/ablector/ablector
[runlim] argv[2]:		/raid/steuber/Benchmarks/2019/QF_BV/sage/app7/bench_2040.smt2
[runlim] argv[3]:		--ufReuse=1
[runlim] start:			Sat May 16 15:04:16 2020
[runlim] main pid:		17116
[Ablector] INFO: ABLECTOR TIME: 0.003765
[runlim] end:			Sat May 16 15:04:16 2020
[runlim] status:		ok
[runlim] result:		0
[runlim] children:		3
[runlim] real:			0.88 seconds
[runlim] time:			1.22 seconds
[runlim] space:			53.2 MB
[runlim] samples:		8
[runlim] version:		1.10
[runlim] time limit:		311040000 seconds
[runlim] real time limit:	1200 seconds
[runlim] space limit:		15000 MB
[runlim] argv[0]:		python3
[runlim] argv[1]:		/raid/steuber/Software/ablector/ablector
[runlim] argv[2]:		/raid/steuber/Benchmarks/2019/QF_BV/sage/app8/bench_332.smt2
[runlim] argv[3]:		--ufReuse=1
[runlim] start:			Sat May 16 15:04:17 2020
[runlim] main pid:		17155
[Ablector] INFO: ABLECTOR TIME: 0.003818
[runlim] end:			Sat May 16 15:04:17 2020
[runlim] status:		ok
[runlim] result:		0
[runlim] children:		0
[runlim] real:			0.79 seconds
[runlim] time:			1.03 seconds
[runlim] space:			37.5 MB
[runlim] samples:		5
[runlim] version:		1.10
[runlim] time limit:		311040000 seconds
[runlim] real time limit:	1200 seconds
[runlim] space limit:		15000 MB
[runlim] argv[0]:		python3
[runlim] argv[1]:		/raid/steuber/Software/ablector/ablector
[runlim] argv[2]:		/raid/steuber/Benchmarks/2019/QF_BV/sage/app9/bench_351.smt2
[runlim] argv[3]:		--ufReuse=1
[runlim] start:			Sat May 16 15:04:18 2020
[runlim] main pid:		17196
[Ablector] INFO: *** ROUND 0
[MulNode] INFO: Level 0
[MulNode] INFO: Level 0
[MulNode] INFO: Level 0
[MulNode] INFO: Level 0
[MulNode] INFO: Level 0
[MulNode] INFO: Level 0
[MulNode] INFO: Level 0
[MulNode] INFO: Level 0
[MulNode] INFO: Level 0
[MulNode] INFO: Level 0
[MulNode] INFO: Level 0
[Ablector] INFO: ABLECTOR TIME: 0.131934
[Ablector] INFO: SAT TIME: 0.125206
[Ablector] INFO: REF TIME: 0.109283
[runlim] end:			Sat May 16 15:04:18 2020
[runlim] status:		ok
[runlim] result:		0
[runlim] children:		0
[runlim] real:			0.84 seconds
[runlim] time:			1.23 seconds
[runlim] space:			41.4 MB
[runlim] samples:		7
[runlim] version:		1.10
[runlim] time limit:		311040000 seconds
[runlim] real time limit:	1200 seconds
[runlim] space limit:		15000 MB
[runlim] argv[0]:		python3
[runlim] argv[1]:		/raid/steuber/Software/ablector/ablector
[runlim] argv[2]:		/raid/steuber/Benchmarks/2019/QF_BV/sage/app12/bench_2254.smt2
[runlim] argv[3]:		--ufReuse=1
[runlim] start:			Sat May 16 15:04:19 2020
[runlim] main pid:		17217
[Ablector] INFO: *** ROUND 0
[SdivNode] INFO: Level 0
[Ablector] INFO: ABLECTOR TIME: 0.018170
[Ablector] INFO: SAT TIME: 0.013185
[Ablector] INFO: REF TIME: 0.001906
[runlim] end:			Sat May 16 15:04:19 2020
[runlim] status:		ok
[runlim] result:		0
[runlim] children:		0
[runlim] real:			0.71 seconds
[runlim] time:			1.06 seconds
[runlim] space:			40.4 MB
[runlim] samples:		5
[runlim] version:		1.10
[runlim] time limit:		311040000 seconds
[runlim] real time limit:	1200 seconds
[runlim] space limit:		15000 MB
[runlim] argv[0]:		python3
[runlim] argv[1]:		/raid/steuber/Software/ablector/ablector
[runlim] argv[2]:		/raid/steuber/Benchmarks/2019/QF_BV/sage/app7/bench_5292.smt2
[runlim] argv[3]:		--ufReuse=1
[runlim] start:			Sat May 16 15:04:20 2020
[runlim] main pid:		17249
[Ablector] INFO: ABLECTOR TIME: 0.003654
[runlim] end:			Sat May 16 15:04:20 2020
[runlim] status:		ok
[runlim] result:		0
[runlim] children:		0
[runlim] real:			0.61 seconds
[runlim] time:			0.70 seconds
[runlim] space:			37.6 MB
[runlim] samples:		5
[runlim] version:		1.10
[runlim] time limit:		311040000 seconds
[runlim] real time limit:	1200 seconds
[runlim] space limit:		15000 MB
[runlim] argv[0]:		python3
[runlim] argv[1]:		/raid/steuber/Software/ablector/ablector
[runlim] argv[2]:		/raid/steuber/Benchmarks/2019/QF_BV/sage/app7/bench_8080.smt2
[runlim] argv[3]:		--ufReuse=1
[runlim] start:			Sat May 16 15:04:20 2020
[runlim] main pid:		17289
[Ablector] INFO: ABLECTOR TIME: 0.004086
[runlim] end:			Sat May 16 15:04:22 2020
[runlim] status:		ok
[runlim] result:		0
[runlim] children:		13
[runlim] real:			2.83 seconds
[runlim] time:			2.15 seconds
[runlim] space:			83.8 MB
[runlim] samples:		18
[runlim] version:		1.10
[runlim] time limit:		311040000 seconds
[runlim] real time limit:	1200 seconds
[runlim] space limit:		15000 MB
[runlim] argv[0]:		python3
[runlim] argv[1]:		/raid/steuber/Software/ablector/ablector
[runlim] argv[2]:		/raid/steuber/Benchmarks/2019/QF_BV/sage/app7/bench_2725.smt2
[runlim] argv[3]:		--ufReuse=1
[runlim] start:			Sat May 16 15:04:23 2020
[runlim] main pid:		17347
[Ablector] INFO: ABLECTOR TIME: 0.004079
[runlim] end:			Sat May 16 15:04:25 2020
[runlim] status:		ok
[runlim] result:		0
[runlim] children:		18
[runlim] real:			2.48 seconds
[runlim] time:			2.60 seconds
[runlim] space:			97.6 MB
[runlim] samples:		22
[runlim] version:		1.10
[runlim] time limit:		311040000 seconds
[runlim] real time limit:	1200 seconds
[runlim] space limit:		15000 MB
[runlim] argv[0]:		python3
[runlim] argv[1]:		/raid/steuber/Software/ablector/ablector
[runlim] argv[2]:		/raid/steuber/Benchmarks/2019/QF_BV/Sage2/bench_15948.smt2
[runlim] argv[3]:		--ufReuse=1
[runlim] start:			Sat May 16 15:04:25 2020
[runlim] main pid:		17417
[Ablector] INFO: *** ROUND 0
[MulNode] INFO: Level 0
[MulNode] INFO: Level 0
[MulNode] INFO: Level 0
[MulNode] INFO: Level 0
[Ablector] INFO: ABLECTOR TIME: 0.060645
[Ablector] INFO: SAT TIME: 0.055471
[Ablector] INFO: REF TIME: 0.037125
[runlim] end:			Sat May 16 15:04:26 2020
[runlim] status:		ok
[runlim] result:		0
[runlim] children:		0
[runlim] real:			1.38 seconds
[runlim] time:			1.10 seconds
[runlim] space:			42.2 MB
[runlim] samples:		5
[runlim] version:		1.10
[runlim] time limit:		311040000 seconds
[runlim] real time limit:	1200 seconds
[runlim] space limit:		15000 MB
[runlim] argv[0]:		python3
[runlim] argv[1]:		/raid/steuber/Software/ablector/ablector
[runlim] argv[2]:		/raid/steuber/Benchmarks/2019/QF_BV/20190311-bv-term-small-rw-Noetzli/bv-term-small-rw_550.smt2
[runlim] argv[3]:		--ufReuse=1
[runlim] start:			Sat May 16 15:04:26 2020
[runlim] main pid:		17437
[Ablector] INFO: ABLECTOR TIME: 0.003692
[runlim] end:			Sat May 16 15:04:27 2020
[runlim] status:		ok
[runlim] result:		0
[runlim] children:		0
[runlim] real:			1.20 seconds
[runlim] time:			0.97 seconds
[runlim] space:			37.7 MB
[runlim] samples:		4
[runlim] version:		1.10
[runlim] time limit:		311040000 seconds
[runlim] real time limit:	1200 seconds
[runlim] space limit:		15000 MB
[runlim] argv[0]:		python3
[runlim] argv[1]:		/raid/steuber/Software/ablector/ablector
[runlim] argv[2]:		/raid/steuber/Benchmarks/2019/QF_BV/Sage2/bench_3152.smt2
[runlim] argv[3]:		--ufReuse=1
[runlim] start:			Sat May 16 15:04:27 2020
[runlim] main pid:		17477
[Ablector] INFO: *** ROUND 0
[MulNode] INFO: Level 0
[Ablector] INFO: ABLECTOR TIME: 0.171583
[Ablector] INFO: SAT TIME: 0.166996
[Ablector] INFO: REF TIME: 0.011116
[runlim] end:			Sat May 16 15:04:28 2020
[runlim] status:		ok
[runlim] result:		0
[runlim] children:		0
[runlim] real:			1.18 seconds
[runlim] time:			1.18 seconds
[runlim] space:			41.7 MB
[runlim] samples:		6
[runlim] version:		1.10
[runlim] time limit:		311040000 seconds
[runlim] real time limit:	1200 seconds
[runlim] space limit:		15000 MB
[runlim] argv[0]:		python3
[runlim] argv[1]:		/raid/steuber/Software/ablector/ablector
[runlim] argv[2]:		/raid/steuber/Benchmarks/2019/QF_BV/Sage2/bench_12727.smt2
[runlim] argv[3]:		--ufReuse=1
[runlim] start:			Sat May 16 15:04:28 2020
[runlim] main pid:		17509
[Ablector] INFO: *** ROUND 0
[MulNode] INFO: Level 0
[MulNode] INFO: Level 0
[MulNode] INFO: Level 0
[MulNode] INFO: Level 0
[MulNode] INFO: Level 0
[MulNode] INFO: Level 0
[MulNode] INFO: Level 0
[MulNode] INFO: Level 0
[MulNode] INFO: Level 0
[MulNode] INFO: Level 0
[MulNode] INFO: Level 0
[MulNode] INFO: Level 0
[MulNode] INFO: Level 0
[MulNode] INFO: Level 0
[MulNode] INFO: Level 0
[MulNode] INFO: Level 0
[MulNode] INFO: Level 0
[MulNode] INFO: Level 0
[MulNode] INFO: Level 0
[MulNode] INFO: Level 0
[MulNode] INFO: Level 0
[MulNode] INFO: Level 0
[MulNode] INFO: Level 0
[MulNode] INFO: Level 0
[MulNode] INFO: Level 0
[MulNode] INFO: Level 0
[MulNode] INFO: Level 0
[MulNode] INFO: Level 0
[MulNode] INFO: Level 0
[MulNode] INFO: Level 0
[MulNode] INFO: Level 0
[MulNode] INFO: Level 0
[MulNode] INFO: Level 0
[MulNode] INFO: Level 0
[MulNode] INFO: Level 0
[MulNode] INFO: Level 0
[MulNode] INFO: Level 0
[MulNode] INFO: Level 0
[MulNode] INFO: Level 0
[MulNode] INFO: Level 0
[MulNode] INFO: Level 0
[MulNode] INFO: Level 0
[MulNode] INFO: Level 0
[MulNode] INFO: Level 0
[MulNode] INFO: Level 0
[MulNode] INFO: Level 0
[MulNode] INFO: Level 0
[Ablector] INFO: ABLECTOR TIME: 1.566168
[Ablector] INFO: SAT TIME: 1.553232
[Ablector] INFO: REF TIME: 0.424037
[runlim] end:			Sat May 16 15:04:30 2020
[runlim] status:		ok
[runlim] result:		0
[runlim] children:		0
[runlim] real:			2.86 seconds
[runlim] time:			2.55 seconds
[runlim] space:			77.4 MB
[runlim] samples:		23
[runlim] version:		1.10
[runlim] time limit:		311040000 seconds
[runlim] real time limit:	1200 seconds
[runlim] space limit:		15000 MB
[runlim] argv[0]:		python3
[runlim] argv[1]:		/raid/steuber/Software/ablector/ablector
[runlim] argv[2]:		/raid/steuber/Benchmarks/2019/QF_BV/Sage2/bench_10856.smt2
[runlim] argv[3]:		--ufReuse=1
[runlim] start:			Sat May 16 15:04:31 2020
[runlim] main pid:		17541
[Ablector] INFO: *** ROUND 0
[MulNode] INFO: Level 0
[MulNode] INFO: Level 0
[MulNode] INFO: Level 0
[MulNode] INFO: Level 0
[MulNode] INFO: Level 0
[MulNode] INFO: Level 0
[MulNode] INFO: Level 0
[MulNode] INFO: Level 0
[MulNode] INFO: Level 0
[MulNode] INFO: Level 0
[MulNode] INFO: Level 0
[MulNode] INFO: Level 0
[Ablector] INFO: ABLECTOR TIME: 0.244171
[Ablector] INFO: SAT TIME: 0.237438
[Ablector] INFO: REF TIME: 0.119520
[runlim] end:			Sat May 16 15:04:32 2020
[runlim] status:		ok
[runlim] result:		0
[runlim] children:		1
[runlim] real:			1.29 seconds
[runlim] time:			1.47 seconds
[runlim] space:			49.2 MB
[runlim] samples:		10
[runlim] version:		1.10
[runlim] time limit:		311040000 seconds
[runlim] real time limit:	1200 seconds
[runlim] space limit:		15000 MB
[runlim] argv[0]:		python3
[runlim] argv[1]:		/raid/steuber/Software/ablector/ablector
[runlim] argv[2]:		/raid/steuber/Benchmarks/2019/QF_BV/sage/app7/bench_6404.smt2
[runlim] argv[3]:		--ufReuse=1
[runlim] start:			Sat May 16 15:04:32 2020
[runlim] main pid:		17561
[Ablector] INFO: ABLECTOR TIME: 0.003816
[runlim] end:			Sat May 16 15:04:33 2020
[runlim] status:		ok
[runlim] result:		0
[runlim] children:		0
[runlim] real:			1.14 seconds
[runlim] time:			0.97 seconds
[runlim] space:			37.2 MB
[runlim] samples:		4
[runlim] version:		1.10
[runlim] time limit:		311040000 seconds
[runlim] real time limit:	1200 seconds
[runlim] space limit:		15000 MB
[runlim] argv[0]:		python3
[runlim] argv[1]:		/raid/steuber/Software/ablector/ablector
[runlim] argv[2]:		/raid/steuber/Benchmarks/2019/QF_BV/sage/app9/bench_3129.smt2
[runlim] argv[3]:		--ufReuse=1
[runlim] start:			Sat May 16 15:04:33 2020
[runlim] main pid:		17581
[Ablector] INFO: ABLECTOR TIME: 0.003595
[runlim] end:			Sat May 16 15:04:33 2020
[runlim] status:		ok
[runlim] result:		0
[runlim] children:		0
[runlim] real:			0.97 seconds
[runlim] time:			0.97 seconds
[runlim] space:			37.2 MB
[runlim] samples:		4
[runlim] version:		1.10
[runlim] time limit:		311040000 seconds
[runlim] real time limit:	1200 seconds
[runlim] space limit:		15000 MB
[runlim] argv[0]:		python3
[runlim] argv[1]:		/raid/steuber/Software/ablector/ablector
[runlim] argv[2]:		/raid/steuber/Benchmarks/2019/QF_BV/sage/app9/bench_3066.smt2
[runlim] argv[3]:		--ufReuse=1
[runlim] start:			Sat May 16 15:04:34 2020
[runlim] main pid:		17601
[Ablector] INFO: ABLECTOR TIME: 0.003779
[runlim] end:			Sat May 16 15:04:34 2020
[runlim] status:		ok
[runlim] result:		0
[runlim] children:		0
[runlim] real:			0.83 seconds
[runlim] time:			1.05 seconds
[runlim] space:			37.5 MB
[runlim] samples:		5
[runlim] version:		1.10
[runlim] time limit:		311040000 seconds
[runlim] real time limit:	1200 seconds
[runlim] space limit:		15000 MB
[runlim] argv[0]:		python3
[runlim] argv[1]:		/raid/steuber/Software/ablector/ablector
[runlim] argv[2]:		/raid/steuber/Benchmarks/2019/QF_BV/sage/app7/bench_5960.smt2
[runlim] argv[3]:		--ufReuse=1
[runlim] start:			Sat May 16 15:04:35 2020
[runlim] main pid:		17621
[Ablector] INFO: ABLECTOR TIME: 0.003551
[runlim] end:			Sat May 16 15:04:35 2020
[runlim] status:		ok
[runlim] result:		0
[runlim] children:		0
[runlim] real:			0.63 seconds
[runlim] time:			0.92 seconds
[runlim] space:			37.7 MB
[runlim] samples:		4
[runlim] version:		1.10
[runlim] time limit:		311040000 seconds
[runlim] real time limit:	1200 seconds
[runlim] space limit:		15000 MB
[runlim] argv[0]:		python3
[runlim] argv[1]:		/raid/steuber/Software/ablector/ablector
[runlim] argv[2]:		/raid/steuber/Benchmarks/2019/QF_BV/sage/app8/bench_236.smt2
[runlim] argv[3]:		--ufReuse=1
[runlim] start:			Sat May 16 15:04:35 2020
[runlim] main pid:		17641
[Ablector] INFO: *** ROUND 0
[MulNode] INFO: Level 0
[MulNode] INFO: Level 0
[MulNode] INFO: Level 0
[MulNode] INFO: Level 0
[MulNode] INFO: Level 0
[MulNode] INFO: Level 0
[MulNode] INFO: Level 0
[MulNode] INFO: Level 0
[MulNode] INFO: Level 0
[MulNode] INFO: Level 0
[MulNode] INFO: Level 0
[Ablector] INFO: ABLECTOR TIME: 0.205426
[Ablector] INFO: SAT TIME: 0.198440
[Ablector] INFO: REF TIME: 0.106481
[runlim] end:			Sat May 16 15:04:36 2020
[runlim] status:		ok
[runlim] result:		0
[runlim] children:		1
[runlim] real:			1.84 seconds
[runlim] time:			1.34 seconds
[runlim] space:			54.3 MB
[runlim] samples:		8
[runlim] version:		1.10
[runlim] time limit:		311040000 seconds
[runlim] real time limit:	1200 seconds
[runlim] space limit:		15000 MB
[runlim] argv[0]:		python3
[runlim] argv[1]:		/raid/steuber/Software/ablector/ablector
[runlim] argv[2]:		/raid/steuber/Benchmarks/2019/QF_BV/Sage2/bench_7214.smt2
[runlim] argv[3]:		--ufReuse=1
[runlim] start:			Sat May 16 15:04:37 2020
[runlim] main pid:		17661
[Ablector] INFO: *** ROUND 0
[MulNode] INFO: Level 0
[Ablector] INFO: ABLECTOR TIME: 0.163714
[Ablector] INFO: SAT TIME: 0.159137
[Ablector] INFO: REF TIME: 0.010935
[runlim] end:			Sat May 16 15:04:37 2020
[runlim] status:		ok
[runlim] result:		0
[runlim] children:		0
[runlim] real:			0.83 seconds
[runlim] time:			1.16 seconds
[runlim] space:			42.3 MB
[runlim] samples:		6
[runlim] version:		1.10
[runlim] time limit:		311040000 seconds
[runlim] real time limit:	1200 seconds
[runlim] space limit:		15000 MB
[runlim] argv[0]:		python3
[runlim] argv[1]:		/raid/steuber/Software/ablector/ablector
[runlim] argv[2]:		/raid/steuber/Benchmarks/2019/QF_BV/sage/app1/bench_2079.smt2
[runlim] argv[3]:		--ufReuse=1
[runlim] start:			Sat May 16 15:04:38 2020
[runlim] main pid:		17681
[Ablector] INFO: ABLECTOR TIME: 0.003503
[runlim] end:			Sat May 16 15:04:38 2020
[runlim] status:		ok
[runlim] result:		0
[runlim] children:		1
[runlim] real:			0.67 seconds
[runlim] time:			0.98 seconds
[runlim] space:			37.5 MB
[runlim] samples:		4
[runlim] version:		1.10
[runlim] time limit:		311040000 seconds
[runlim] real time limit:	1200 seconds
[runlim] space limit:		15000 MB
[runlim] argv[0]:		python3
[runlim] argv[1]:		/raid/steuber/Software/ablector/ablector
[runlim] argv[2]:		/raid/steuber/Benchmarks/2019/QF_BV/sage/app7/bench_4220.smt2
[runlim] argv[3]:		--ufReuse=1
[runlim] start:			Sat May 16 15:04:39 2020
[runlim] main pid:		17701
[Ablector] INFO: ABLECTOR TIME: 0.003616
[runlim] end:			Sat May 16 15:04:39 2020
[runlim] status:		ok
[runlim] result:		0
[runlim] children:		1
[runlim] real:			0.65 seconds
[runlim] time:			1.05 seconds
[runlim] space:			44.2 MB
[runlim] samples:		6
[runlim] version:		1.10
[runlim] time limit:		311040000 seconds
[runlim] real time limit:	1200 seconds
[runlim] space limit:		15000 MB
[runlim] argv[0]:		python3
[runlim] argv[1]:		/raid/steuber/Software/ablector/ablector
[runlim] argv[2]:		/raid/steuber/Benchmarks/2019/QF_BV/sage/app1/bench_2651.smt2
[runlim] argv[3]:		--ufReuse=1
[runlim] start:			Sat May 16 15:04:39 2020
[runlim] main pid:		17721
[Ablector] INFO: ABLECTOR TIME: 0.003554
[runlim] end:			Sat May 16 15:04:40 2020
[runlim] status:		ok
[runlim] result:		0
[runlim] children:		1
[runlim] real:			1.48 seconds
[runlim] time:			0.95 seconds
[runlim] space:			40.3 MB
[runlim] samples:		4
[runlim] version:		1.10
[runlim] time limit:		311040000 seconds
[runlim] real time limit:	1200 seconds
[runlim] space limit:		15000 MB
[runlim] argv[0]:		python3
[runlim] argv[1]:		/raid/steuber/Software/ablector/ablector
[runlim] argv[2]:		/raid/steuber/Benchmarks/2019/QF_BV/sage/app5/bench_225.smt2
[runlim] argv[3]:		--ufReuse=1
[runlim] start:			Sat May 16 15:04:40 2020
[runlim] main pid:		17741
[Ablector] INFO: ABLECTOR TIME: 0.003567
[runlim] end:			Sat May 16 15:04:41 2020
[runlim] status:		ok
[runlim] result:		0
[runlim] children:		0
[runlim] real:			1.31 seconds
[runlim] time:			0.98 seconds
[runlim] space:			37.6 MB
[runlim] samples:		4
[runlim] version:		1.10
[runlim] time limit:		311040000 seconds
[runlim] real time limit:	1200 seconds
[runlim] space limit:		15000 MB
[runlim] argv[0]:		python3
[runlim] argv[1]:		/raid/steuber/Software/ablector/ablector
[runlim] argv[2]:		/raid/steuber/Benchmarks/2019/QF_BV/sage/app7/bench_1042.smt2
[runlim] argv[3]:		--ufReuse=1
[runlim] start:			Sat May 16 15:04:41 2020
[runlim] main pid:		17761
[Ablector] INFO: ABLECTOR TIME: 0.003691
[runlim] end:			Sat May 16 15:04:43 2020
[runlim] status:		ok
[runlim] result:		0
[runlim] children:		10
[runlim] real:			2.13 seconds
[runlim] time:			1.80 seconds
[runlim] space:			74.4 MB
[runlim] samples:		14
[runlim] version:		1.10
[runlim] time limit:		311040000 seconds
[runlim] real time limit:	1200 seconds
[runlim] space limit:		15000 MB
[runlim] argv[0]:		python3
[runlim] argv[1]:		/raid/steuber/Software/ablector/ablector
[runlim] argv[2]:		/raid/steuber/Benchmarks/2019/QF_BV/sage/app7/bench_4312.smt2
[runlim] argv[3]:		--ufReuse=1
[runlim] start:			Sat May 16 15:04:43 2020
[runlim] main pid:		17800
[Ablector] INFO: ABLECTOR TIME: 0.003899
[runlim] end:			Sat May 16 15:04:44 2020
[runlim] status:		ok
[runlim] result:		0
[runlim] children:		1
[runlim] real:			1.13 seconds
[runlim] time:			1.04 seconds
[runlim] space:			43.0 MB
[runlim] samples:		6
[runlim] version:		1.10
[runlim] time limit:		311040000 seconds
[runlim] real time limit:	1200 seconds
[runlim] space limit:		15000 MB
[runlim] argv[0]:		python3
[runlim] argv[1]:		/raid/steuber/Software/ablector/ablector
[runlim] argv[2]:		/raid/steuber/Benchmarks/2019/QF_BV/Sage2/bench_16716.smt2
[runlim] argv[3]:		--ufReuse=1
[runlim] start:			Sat May 16 15:04:44 2020
[runlim] main pid:		17840
[Ablector] INFO: *** ROUND 0
[runlim] sample:		9.8 time, 10.5 real, 264.1 MB
[runlim] sample:		19.8 time, 20.5 real, 258.7 MB
[runlim] sample:		29.8 time, 30.5 real, 230.0 MB
[runlim] sample:		39.8 time, 40.5 real, 230.3 MB
[MulNode] INFO: Level 0
[MulNode] INFO: Level 0
[MulNode] INFO: Level 0
[MulNode] INFO: Level 0
[MulNode] INFO: Level 0
[MulNode] INFO: Level 0
[MulNode] INFO: Level 0
[MulNode] INFO: Level 0
[MulNode] INFO: Level 0
[MulNode] INFO: Level 0
[MulNode] INFO: Level 0
[MulNode] INFO: Level 0
[MulNode] INFO: Level 0
[MulNode] INFO: Level 0
[MulNode] INFO: Level 0
[MulNode] INFO: Level 0
[MulNode] INFO: Level 0
[MulNode] INFO: Level 0
[MulNode] INFO: Level 0
[MulNode] INFO: Level 0
[MulNode] INFO: Level 0
[MulNode] INFO: Level 0
[MulNode] INFO: Level 0
[MulNode] INFO: Level 0
[MulNode] INFO: Level 0
[MulNode] INFO: Level 0
[MulNode] INFO: Level 0
[MulNode] INFO: Level 0
[MulNode] INFO: Level 0
[MulNode] INFO: Level 0
[MulNode] INFO: Level 0
[MulNode] INFO: Level 0
[MulNode] INFO: Level 0
[MulNode] INFO: Level 0
[MulNode] INFO: Level 0
[MulNode] INFO: Level 0
[MulNode] INFO: Level 0
[MulNode] INFO: Level 0
[MulNode] INFO: Level 0
[MulNode] INFO: Level 0
[MulNode] INFO: Level 0
[MulNode] INFO: Level 0
[MulNode] INFO: Level 0
[MulNode] INFO: Level 0
[MulNode] INFO: Level 0
[MulNode] INFO: Level 0
[MulNode] INFO: Level 0
[MulNode] INFO: Level 0
[MulNode] INFO: Level 0
[MulNode] INFO: Level 0
[MulNode] INFO: Level 0
[MulNode] INFO: Level 0
[MulNode] INFO: Level 0
[MulNode] INFO: Level 0
[MulNode] INFO: Level 0
[MulNode] INFO: Level 0
[MulNode] INFO: Level 0
[MulNode] INFO: Level 0
[MulNode] INFO: Level 0
[MulNode] INFO: Level 0
[MulNode] INFO: Level 0
[MulNode] INFO: Level 0
[MulNode] INFO: Level 0
[MulNode] INFO: Level 0
[MulNode] INFO: Level 0
[MulNode] INFO: Level 0
[MulNode] INFO: Level 0
[MulNode] INFO: Level 0
[MulNode] INFO: Level 0
[MulNode] INFO: Level 0
[MulNode] INFO: Level 0
[MulNode] INFO: Level 0
[MulNode] INFO: Level 0
[MulNode] INFO: Level 0
[MulNode] INFO: Level 0
[MulNode] INFO: Level 0
[MulNode] INFO: Level 0
[MulNode] INFO: Level 0
[MulNode] INFO: Level 0
[MulNode] INFO: Level 0
[MulNode] INFO: Level 0
[MulNode] INFO: Level 0
[MulNode] INFO: Level 0
[MulNode] INFO: Level 0
[MulNode] INFO: Level 0
[MulNode] INFO: Level 0
[MulNode] INFO: Level 0
[MulNode] INFO: Level 0
[MulNode] INFO: Level 0
[MulNode] INFO: Level 0
[MulNode] INFO: Level 0
[MulNode] INFO: Level 0
[MulNode] INFO: Level 0
[MulNode] INFO: Level 0
[MulNode] INFO: Level 0
[MulNode] INFO: Level 0
[MulNode] INFO: Level 0
[MulNode] INFO: Level 0
[MulNode] INFO: Level 0
[MulNode] INFO: Level 0
[MulNode] INFO: Level 0
[MulNode] INFO: Level 0
[MulNode] INFO: Level 0
[MulNode] INFO: Level 0
[MulNode] INFO: Level 0
[MulNode] INFO: Level 0
[MulNode] INFO: Level 0
[MulNode] INFO: Level 0
[MulNode] INFO: Level 0
[MulNode] INFO: Level 0
[MulNode] INFO: Level 0
[MulNode] INFO: Level 0
[MulNode] INFO: Level 0
[MulNode] INFO: Level 0
[MulNode] INFO: Level 0
[MulNode] INFO: Level 0
[MulNode] INFO: Level 0
[MulNode] INFO: Level 0
[MulNode] INFO: Level 0
[MulNode] INFO: Level 0
[MulNode] INFO: Level 0
[MulNode] INFO: Level 0
[MulNode] INFO: Level 0
[MulNode] INFO: Level 0
[MulNode] INFO: Level 0
[MulNode] INFO: Level 0
[MulNode] INFO: Level 0
[MulNode] INFO: Level 0
[MulNode] INFO: Level 0
[MulNode] INFO: Level 0
[MulNode] INFO: Level 0
[MulNode] INFO: Level 0
[MulNode] INFO: Level 0
[MulNode] INFO: Level 0
[MulNode] INFO: Level 0
[MulNode] INFO: Level 0
[MulNode] INFO: Level 0
[MulNode] INFO: Level 0
[MulNode] INFO: Level 0
[MulNode] INFO: Level 0
[MulNode] INFO: Level 0
[MulNode] INFO: Level 0
[MulNode] INFO: Level 0
[MulNode] INFO: Level 0
[MulNode] INFO: Level 0
[MulNode] INFO: Level 0
[MulNode] INFO: Level 0
[MulNode] INFO: Level 0
[MulNode] INFO: Level 0
[MulNode] INFO: Level 0
[MulNode] INFO: Level 0
[MulNode] INFO: Level 0
[MulNode] INFO: Level 0
[MulNode] INFO: Level 0
[MulNode] INFO: Level 0
[MulNode] INFO: Level 0
[MulNode] INFO: Level 0
[MulNode] INFO: Level 0
[MulNode] INFO: Level 0
[MulNode] INFO: Level 0
[MulNode] INFO: Level 0
[MulNode] INFO: Level 0
[MulNode] INFO: Level 0
[MulNode] INFO: Level 0
[MulNode] INFO: Level 0
[MulNode] INFO: Level 0
[MulNode] INFO: Level 0
[MulNode] INFO: Level 0
[MulNode] INFO: Level 0
[MulNode] INFO: Level 0
[MulNode] INFO: Level 0
[MulNode] INFO: Level 0
[MulNode] INFO: Level 0
[MulNode] INFO: Level 0
[MulNode] INFO: Level 0
[MulNode] INFO: Level 0
[MulNode] INFO: Level 0
[MulNode] INFO: Level 0
[MulNode] INFO: Level 0
[MulNode] INFO: Level 0
[MulNode] INFO: Level 0
[MulNode] INFO: Level 0
[MulNode] INFO: Level 0
[Ablector] INFO: ABLECTOR TIME: 34.876815
[Ablector] INFO: SAT TIME: 34.836635
[Ablector] INFO: REF TIME: 1.886424
[runlim] end:			Sat May 16 15:05:25 2020
[runlim] status:		ok
[runlim] result:		0
[runlim] children:		8
[runlim] real:			41.16 seconds
[runlim] time:			40.40 seconds
[runlim] space:			282.8 MB
[runlim] samples:		406
[runlim] version:		1.10
[runlim] time limit:		311040000 seconds
[runlim] real time limit:	1200 seconds
[runlim] space limit:		15000 MB
[runlim] argv[0]:		python3
[runlim] argv[1]:		/raid/steuber/Software/ablector/ablector
[runlim] argv[2]:		/raid/steuber/Benchmarks/2019/QF_BV/sage/app9/bench_630.smt2
[runlim] argv[3]:		--ufReuse=1
[runlim] start:			Sat May 16 15:05:25 2020
[runlim] main pid:		17989
[Ablector] INFO: ABLECTOR TIME: 0.003899
[runlim] end:			Sat May 16 15:05:26 2020
[runlim] status:		ok
[runlim] result:		0
[runlim] children:		0
[runlim] real:			1.04 seconds
[runlim] time:			1.01 seconds
[runlim] space:			38.0 MB
[runlim] samples:		5
[runlim] version:		1.10
[runlim] time limit:		311040000 seconds
[runlim] real time limit:	1200 seconds
[runlim] space limit:		15000 MB
[runlim] argv[0]:		python3
[runlim] argv[1]:		/raid/steuber/Software/ablector/ablector
[runlim] argv[2]:		/raid/steuber/Benchmarks/2019/QF_BV/sage/app7/bench_5017.smt2
[runlim] argv[3]:		--ufReuse=1
[runlim] start:			Sat May 16 15:05:26 2020
[runlim] main pid:		18009
[Ablector] INFO: ABLECTOR TIME: 0.004385
[runlim] end:			Sat May 16 15:05:26 2020
[runlim] status:		ok
[runlim] result:		0
[runlim] children:		1
[runlim] real:			0.99 seconds
[runlim] time:			1.05 seconds
[runlim] space:			44.0 MB
[runlim] samples:		5
[runlim] version:		1.10
[runlim] time limit:		311040000 seconds
[runlim] real time limit:	1200 seconds
[runlim] space limit:		15000 MB
[runlim] argv[0]:		python3
[runlim] argv[1]:		/raid/steuber/Software/ablector/ablector
[runlim] argv[2]:		/raid/steuber/Benchmarks/2019/QF_BV/Sage2/bench_6995.smt2
[runlim] argv[3]:		--ufReuse=1
[runlim] start:			Sat May 16 15:05:27 2020
[runlim] main pid:		18029
[Ablector] INFO: *** ROUND 0
[MulNode] INFO: Level 0
[MulNode] INFO: Level 0
[MulNode] INFO: Level 0
[MulNode] INFO: Level 0
[MulNode] INFO: Level 0
[MulNode] INFO: Level 0
[MulNode] INFO: Level 0
[MulNode] INFO: Level 0
[MulNode] INFO: Level 0
[MulNode] INFO: Level 0
[MulNode] INFO: Level 0
[MulNode] INFO: Level 0
[MulNode] INFO: Level 0
[MulNode] INFO: Level 0
[MulNode] INFO: Level 0
[MulNode] INFO: Level 0
[MulNode] INFO: Level 0
[MulNode] INFO: Level 0
[MulNode] INFO: Level 0
[MulNode] INFO: Level 0
[MulNode] INFO: Level 0
[MulNode] INFO: Level 0
[MulNode] INFO: Level 0
[MulNode] INFO: Level 0
[MulNode] INFO: Level 0
[MulNode] INFO: Level 0
[MulNode] INFO: Level 0
[MulNode] INFO: Level 0
[MulNode] INFO: Level 0
[MulNode] INFO: Level 0
[MulNode] INFO: Level 0
[MulNode] INFO: Level 0
[MulNode] INFO: Level 0
[MulNode] INFO: Level 0
[MulNode] INFO: Level 0
[MulNode] INFO: Level 0
[MulNode] INFO: Level 0
[MulNode] INFO: Level 0
[MulNode] INFO: Level 0
[MulNode] INFO: Level 0
[MulNode] INFO: Level 0
[MulNode] INFO: Level 0
[MulNode] INFO: Level 0
[MulNode] INFO: Level 0
[MulNode] INFO: Level 0
[MulNode] INFO: Level 0
[MulNode] INFO: Level 0
[MulNode] INFO: Level 0
[MulNode] INFO: Level 0
[MulNode] INFO: Level 0
[MulNode] INFO: Level 0
[MulNode] INFO: Level 0
[MulNode] INFO: Level 0
[MulNode] INFO: Level 0
[MulNode] INFO: Level 0
[MulNode] INFO: Level 0
[MulNode] INFO: Level 0
[MulNode] INFO: Level 0
[MulNode] INFO: Level 0
[MulNode] INFO: Level 0
[MulNode] INFO: Level 0
[MulNode] INFO: Level 0
[MulNode] INFO: Level 0
[MulNode] INFO: Level 0
[MulNode] INFO: Level 0
[MulNode] INFO: Level 0
[MulNode] INFO: Level 0
[MulNode] INFO: Level 0
[MulNode] INFO: Level 0
[MulNode] INFO: Level 0
[MulNode] INFO: Level 0
[MulNode] INFO: Level 0
[MulNode] INFO: Level 0
[MulNode] INFO: Level 0
[MulNode] INFO: Level 0
[MulNode] INFO: Level 0
[MulNode] INFO: Level 0
[MulNode] INFO: Level 0
[Ablector] INFO: ABLECTOR TIME: 3.654947
[Ablector] INFO: SAT TIME: 3.621088
[Ablector] INFO: REF TIME: 0.639318
[runlim] end:			Sat May 16 15:05:34 2020
[runlim] status:		ok
[runlim] result:		0
[runlim] children:		2
[runlim] real:			7.23 seconds
[runlim] time:			7.18 seconds
[runlim] space:			378.9 MB
[runlim] samples:		68
[runlim] version:		1.10
[runlim] time limit:		311040000 seconds
[runlim] real time limit:	1200 seconds
[runlim] space limit:		15000 MB
[runlim] argv[0]:		python3
[runlim] argv[1]:		/raid/steuber/Software/ablector/ablector
[runlim] argv[2]:		/raid/steuber/Benchmarks/2019/QF_BV/sage/app5/bench_866.smt2
[runlim] argv[3]:		--ufReuse=1
[runlim] start:			Sat May 16 15:05:34 2020
[runlim] main pid:		18050
[Ablector] INFO: ABLECTOR TIME: 0.003834
[runlim] end:			Sat May 16 15:05:35 2020
[runlim] status:		ok
[runlim] result:		0
[runlim] children:		0
[runlim] real:			1.03 seconds
[runlim] time:			0.95 seconds
[runlim] space:			37.6 MB
[runlim] samples:		4
[runlim] version:		1.10
[runlim] time limit:		311040000 seconds
[runlim] real time limit:	1200 seconds
[runlim] space limit:		15000 MB
[runlim] argv[0]:		python3
[runlim] argv[1]:		/raid/steuber/Software/ablector/ablector
[runlim] argv[2]:		/raid/steuber/Benchmarks/2019/QF_BV/sage/app12/bench_4256.smt2
[runlim] argv[3]:		--ufReuse=1
[runlim] start:			Sat May 16 15:05:35 2020
[runlim] main pid:		18070
[Ablector] INFO: *** ROUND 0
[Ablector] INFO: *** ROUND 1
[SdivNode] INFO: Level 1
[Ablector] INFO: ABLECTOR TIME: 0.016053
[Ablector] INFO: SAT TIME: 0.011517
[Ablector] INFO: REF TIME: 0.003645
[runlim] end:			Sat May 16 15:05:35 2020
[runlim] status:		ok
[runlim] result:		0
[runlim] children:		0
[runlim] real:			0.83 seconds
[runlim] time:			0.97 seconds
[runlim] space:			40.1 MB
[runlim] samples:		4
[runlim] version:		1.10
[runlim] time limit:		311040000 seconds
[runlim] real time limit:	1200 seconds
[runlim] space limit:		15000 MB
[runlim] argv[0]:		python3
[runlim] argv[1]:		/raid/steuber/Software/ablector/ablector
[runlim] argv[2]:		/raid/steuber/Benchmarks/2019/QF_BV/sage/app1/bench_2023.smt2
[runlim] argv[3]:		--ufReuse=1
[runlim] start:			Sat May 16 15:05:36 2020
[runlim] main pid:		18090
[Ablector] INFO: ABLECTOR TIME: 0.003947
[runlim] end:			Sat May 16 15:05:36 2020
[runlim] status:		ok
[runlim] result:		0
[runlim] children:		0
[runlim] real:			0.63 seconds
[runlim] time:			0.96 seconds
[runlim] space:			37.5 MB
[runlim] samples:		4
[runlim] version:		1.10
[runlim] time limit:		311040000 seconds
[runlim] real time limit:	1200 seconds
[runlim] space limit:		15000 MB
[runlim] argv[0]:		python3
[runlim] argv[1]:		/raid/steuber/Software/ablector/ablector
[runlim] argv[2]:		/raid/steuber/Benchmarks/2019/QF_BV/Sage2/bench_6275.smt2
[runlim] argv[3]:		--ufReuse=1
[runlim] start:			Sat May 16 15:05:36 2020
[runlim] main pid:		18110
[Ablector] INFO: *** ROUND 0
[MulNode] INFO: Level 0
[Ablector] INFO: ABLECTOR TIME: 0.172950
[Ablector] INFO: SAT TIME: 0.167862
[Ablector] INFO: REF TIME: 0.011589
[runlim] end:			Sat May 16 15:05:37 2020
[runlim] status:		ok
[runlim] result:		0
[runlim] children:		0
[runlim] real:			1.62 seconds
[runlim] time:			1.16 seconds
[runlim] space:			43.0 MB
[runlim] samples:		6
