[runlim] version:		1.10
[runlim] time limit:		311040000 seconds
[runlim] real time limit:	1200 seconds
[runlim] space limit:		15000 MB
[runlim] argv[0]:		python3
[runlim] argv[1]:		/raid/steuber/Software/ablector/ablector
[runlim] argv[2]:		/raid/steuber/Benchmarks/2019/QF_BV/sage/app2/bench_1126.smt2
[runlim] argv[3]:		--ufReuse=1
[runlim] start:			Sat May 16 14:25:53 2020
[runlim] main pid:		20834
[Ablector] INFO: ABLECTOR TIME: 0.003694
[runlim] end:			Sat May 16 14:25:54 2020
[runlim] status:		ok
[runlim] result:		0
[runlim] children:		0
[runlim] real:			1.00 seconds
[runlim] time:			0.94 seconds
[runlim] space:			37.5 MB
[runlim] samples:		4
[runlim] version:		1.10
[runlim] time limit:		311040000 seconds
[runlim] real time limit:	1200 seconds
[runlim] space limit:		15000 MB
[runlim] argv[0]:		python3
[runlim] argv[1]:		/raid/steuber/Software/ablector/ablector
[runlim] argv[2]:		/raid/steuber/Benchmarks/2019/QF_BV/Sage2/bench_17178.smt2
[runlim] argv[3]:		--ufReuse=1
[runlim] start:			Sat May 16 14:25:54 2020
[runlim] main pid:		20854
[Ablector] INFO: *** ROUND 0
[MulNode] INFO: Level 0
[Ablector] INFO: ABLECTOR TIME: 1.897637
[Ablector] INFO: SAT TIME: 1.891239
[Ablector] INFO: REF TIME: 0.010757
[runlim] end:			Sat May 16 14:25:56 2020
[runlim] status:		ok
[runlim] result:		0
[runlim] children:		0
[runlim] real:			2.97 seconds
[runlim] time:			3.14 seconds
[runlim] space:			72.1 MB
[runlim] samples:		26
[runlim] version:		1.10
[runlim] time limit:		311040000 seconds
[runlim] real time limit:	1200 seconds
[runlim] space limit:		15000 MB
[runlim] argv[0]:		python3
[runlim] argv[1]:		/raid/steuber/Software/ablector/ablector
[runlim] argv[2]:		/raid/steuber/Benchmarks/2019/QF_BV/sage/app7/bench_8596.smt2
[runlim] argv[3]:		--ufReuse=1
[runlim] start:			Sat May 16 14:25:57 2020
[runlim] main pid:		20879
[Ablector] INFO: ABLECTOR TIME: 0.003834
[runlim] end:			Sat May 16 14:25:59 2020
[runlim] status:		ok
[runlim] result:		0
[runlim] children:		14
[runlim] real:			2.15 seconds
[runlim] time:			2.25 seconds
[runlim] space:			83.4 MB
[runlim] samples:		18
[runlim] version:		1.10
[runlim] time limit:		311040000 seconds
[runlim] real time limit:	1200 seconds
[runlim] space limit:		15000 MB
[runlim] argv[0]:		python3
[runlim] argv[1]:		/raid/steuber/Software/ablector/ablector
[runlim] argv[2]:		/raid/steuber/Benchmarks/2019/QF_BV/sage/app7/bench_4310.smt2
[runlim] argv[3]:		--ufReuse=1
[runlim] start:			Sat May 16 14:25:59 2020
[runlim] main pid:		20899
[Ablector] INFO: ABLECTOR TIME: 0.003763
[runlim] end:			Sat May 16 14:26:00 2020
[runlim] status:		ok
[runlim] result:		0
[runlim] children:		2
[runlim] real:			1.22 seconds
[runlim] time:			1.09 seconds
[runlim] space:			47.3 MB
[runlim] samples:		6
[runlim] version:		1.10
[runlim] time limit:		311040000 seconds
[runlim] real time limit:	1200 seconds
[runlim] space limit:		15000 MB
[runlim] argv[0]:		python3
[runlim] argv[1]:		/raid/steuber/Software/ablector/ablector
[runlim] argv[2]:		/raid/steuber/Benchmarks/2019/QF_BV/sage/app7/bench_5399.smt2
[runlim] argv[3]:		--ufReuse=1
[runlim] start:			Sat May 16 14:26:00 2020
[runlim] main pid:		20919
[Ablector] INFO: ABLECTOR TIME: 0.003636
[runlim] end:			Sat May 16 14:26:01 2020
[runlim] status:		ok
[runlim] result:		0
[runlim] children:		0
[runlim] real:			1.03 seconds
[runlim] time:			0.94 seconds
[runlim] space:			37.5 MB
[runlim] samples:		4
[runlim] version:		1.10
[runlim] time limit:		311040000 seconds
[runlim] real time limit:	1200 seconds
[runlim] space limit:		15000 MB
[runlim] argv[0]:		python3
[runlim] argv[1]:		/raid/steuber/Software/ablector/ablector
[runlim] argv[2]:		/raid/steuber/Benchmarks/2019/QF_BV/20190311-bv-term-small-rw-Noetzli/bv-term-small-rw_734.smt2
[runlim] argv[3]:		--ufReuse=1
[runlim] start:			Sat May 16 14:26:01 2020
[runlim] main pid:		20939
[Ablector] INFO: ABLECTOR TIME: 0.003543
[runlim] end:			Sat May 16 14:26:01 2020
[runlim] status:		ok
[runlim] result:		0
[runlim] children:		0
[runlim] real:			0.80 seconds
[runlim] time:			0.97 seconds
[runlim] space:			37.7 MB
[runlim] samples:		4
[runlim] version:		1.10
[runlim] time limit:		311040000 seconds
[runlim] real time limit:	1200 seconds
[runlim] space limit:		15000 MB
[runlim] argv[0]:		python3
[runlim] argv[1]:		/raid/steuber/Software/ablector/ablector
[runlim] argv[2]:		/raid/steuber/Benchmarks/2019/QF_BV/sage/app2/bench_485.smt2
[runlim] argv[3]:		--ufReuse=1
[runlim] start:			Sat May 16 14:26:02 2020
[runlim] main pid:		20959
[Ablector] INFO: ABLECTOR TIME: 0.004314
[runlim] end:			Sat May 16 14:26:02 2020
[runlim] status:		ok
[runlim] result:		0
[runlim] children:		1
[runlim] real:			0.77 seconds
[runlim] time:			1.06 seconds
[runlim] space:			44.6 MB
[runlim] samples:		6
[runlim] version:		1.10
[runlim] time limit:		311040000 seconds
[runlim] real time limit:	1200 seconds
[runlim] space limit:		15000 MB
[runlim] argv[0]:		python3
[runlim] argv[1]:		/raid/steuber/Software/ablector/ablector
[runlim] argv[2]:		/raid/steuber/Benchmarks/2019/QF_BV/20190311-bv-term-small-rw-Noetzli/bv-term-small-rw_1082.smt2
[runlim] argv[3]:		--ufReuse=1
[runlim] start:			Sat May 16 14:26:03 2020
[runlim] main pid:		20979
[Ablector] INFO: ABLECTOR TIME: 0.003649
[runlim] end:			Sat May 16 14:26:03 2020
[runlim] status:		ok
[runlim] result:		0
[runlim] children:		0
[runlim] real:			0.55 seconds
[runlim] time:			0.94 seconds
[runlim] space:			37.8 MB
[runlim] samples:		4
[runlim] version:		1.10
[runlim] time limit:		311040000 seconds
[runlim] real time limit:	1200 seconds
[runlim] space limit:		15000 MB
[runlim] argv[0]:		python3
[runlim] argv[1]:		/raid/steuber/Software/ablector/ablector
[runlim] argv[2]:		/raid/steuber/Benchmarks/2019/QF_BV/sage/app2/bench_1256.smt2
[runlim] argv[3]:		--ufReuse=1
[runlim] start:			Sat May 16 14:26:03 2020
[runlim] main pid:		20999
[Ablector] INFO: ABLECTOR TIME: 0.003602
[runlim] end:			Sat May 16 14:26:04 2020
[runlim] status:		ok
[runlim] result:		0
[runlim] children:		0
[runlim] real:			1.39 seconds
[runlim] time:			0.98 seconds
[runlim] space:			37.6 MB
[runlim] samples:		4
[runlim] version:		1.10
[runlim] time limit:		311040000 seconds
[runlim] real time limit:	1200 seconds
[runlim] space limit:		15000 MB
[runlim] argv[0]:		python3
[runlim] argv[1]:		/raid/steuber/Software/ablector/ablector
[runlim] argv[2]:		/raid/steuber/Benchmarks/2019/QF_BV/Sage2/bench_10942.smt2
[runlim] argv[3]:		--ufReuse=1
[runlim] start:			Sat May 16 14:26:04 2020
[runlim] main pid:		21020
[Ablector] INFO: *** ROUND 0
[MulNode] INFO: Level 0
[MulNode] INFO: Level 0
[MulNode] INFO: Level 0
[MulNode] INFO: Level 0
[MulNode] INFO: Level 0
[MulNode] INFO: Level 0
[MulNode] INFO: Level 0
[MulNode] INFO: Level 0
[MulNode] INFO: Level 0
[MulNode] INFO: Level 0
[MulNode] INFO: Level 0
[MulNode] INFO: Level 0
[MulNode] INFO: Level 0
[Ablector] INFO: ABLECTOR TIME: 0.410976
[Ablector] INFO: SAT TIME: 0.404204
[Ablector] INFO: REF TIME: 0.107068
[runlim] end:			Sat May 16 14:26:05 2020
[runlim] status:		ok
[runlim] result:		0
[runlim] children:		0
[runlim] real:			1.70 seconds
[runlim] time:			1.46 seconds
[runlim] space:			51.6 MB
[runlim] samples:		9
[runlim] version:		1.10
[runlim] time limit:		311040000 seconds
[runlim] real time limit:	1200 seconds
[runlim] space limit:		15000 MB
[runlim] argv[0]:		python3
[runlim] argv[1]:		/raid/steuber/Software/ablector/ablector
[runlim] argv[2]:		/raid/steuber/Benchmarks/2019/QF_BV/sage/app9/bench_3284.smt2
[runlim] argv[3]:		--ufReuse=1
[runlim] start:			Sat May 16 14:26:06 2020
[runlim] main pid:		21040
[Ablector] INFO: *** ROUND 0
[MulNode] INFO: Level 0
[MulNode] INFO: Level 0
[MulNode] INFO: Level 0
[MulNode] INFO: Level 0
[MulNode] INFO: Level 0
[MulNode] INFO: Level 0
[MulNode] INFO: Level 0
[MulNode] INFO: Level 0
[MulNode] INFO: Level 0
[MulNode] INFO: Level 0
[MulNode] INFO: Level 0
[Ablector] INFO: ABLECTOR TIME: 0.203954
[Ablector] INFO: SAT TIME: 0.197054
[Ablector] INFO: REF TIME: 0.107465
[runlim] end:			Sat May 16 14:26:06 2020
[runlim] status:		ok
[runlim] result:		0
[runlim] children:		0
[runlim] real:			0.89 seconds
[runlim] time:			1.36 seconds
[runlim] space:			48.8 MB
[runlim] samples:		8
[runlim] version:		1.10
[runlim] time limit:		311040000 seconds
[runlim] real time limit:	1200 seconds
[runlim] space limit:		15000 MB
[runlim] argv[0]:		python3
[runlim] argv[1]:		/raid/steuber/Software/ablector/ablector
[runlim] argv[2]:		/raid/steuber/Benchmarks/2019/QF_BV/sage/app8/bench_473.smt2
[runlim] argv[3]:		--ufReuse=1
[runlim] start:			Sat May 16 14:26:07 2020
[runlim] main pid:		21061
[Ablector] INFO: *** ROUND 0
[MulNode] INFO: Level 0
[MulNode] INFO: Level 0
[MulNode] INFO: Level 0
[MulNode] INFO: Level 0
[MulNode] INFO: Level 0
[MulNode] INFO: Level 0
[MulNode] INFO: Level 0
[MulNode] INFO: Level 0
[MulNode] INFO: Level 0
[MulNode] INFO: Level 0
[MulNode] INFO: Level 0
[Ablector] INFO: ABLECTOR TIME: 0.158872
[Ablector] INFO: SAT TIME: 0.151520
[Ablector] INFO: REF TIME: 0.104491
[runlim] end:			Sat May 16 14:26:07 2020
[runlim] status:		ok
[runlim] result:		0
[runlim] children:		0
[runlim] real:			0.99 seconds
[runlim] time:			1.26 seconds
[runlim] space:			45.9 MB
[runlim] samples:		7
[runlim] version:		1.10
[runlim] time limit:		311040000 seconds
[runlim] real time limit:	1200 seconds
[runlim] space limit:		15000 MB
[runlim] argv[0]:		python3
[runlim] argv[1]:		/raid/steuber/Software/ablector/ablector
[runlim] argv[2]:		/raid/steuber/Benchmarks/2019/QF_BV/sage/app7/bench_1588.smt2
[runlim] argv[3]:		--ufReuse=1
[runlim] start:			Sat May 16 14:26:08 2020
[runlim] main pid:		21081
[Ablector] INFO: ABLECTOR TIME: 0.004031
[runlim] end:			Sat May 16 14:26:09 2020
[runlim] status:		ok
[runlim] result:		0
[runlim] children:		5
[runlim] real:			1.39 seconds
[runlim] time:			1.45 seconds
[runlim] space:			63.6 MB
[runlim] samples:		10
[runlim] version:		1.10
[runlim] time limit:		311040000 seconds
[runlim] real time limit:	1200 seconds
[runlim] space limit:		15000 MB
[runlim] argv[0]:		python3
[runlim] argv[1]:		/raid/steuber/Software/ablector/ablector
[runlim] argv[2]:		/raid/steuber/Benchmarks/2019/QF_BV/sage/app9/bench_1547.smt2
[runlim] argv[3]:		--ufReuse=1
[runlim] start:			Sat May 16 14:26:09 2020
[runlim] main pid:		21101
[Ablector] INFO: ABLECTOR TIME: 0.003451
[runlim] end:			Sat May 16 14:26:10 2020
[runlim] status:		ok
[runlim] result:		0
[runlim] children:		1
[runlim] real:			1.21 seconds
[runlim] time:			0.97 seconds
[runlim] space:			39.5 MB
[runlim] samples:		4
[runlim] version:		1.10
[runlim] time limit:		311040000 seconds
[runlim] real time limit:	1200 seconds
[runlim] space limit:		15000 MB
[runlim] argv[0]:		python3
[runlim] argv[1]:		/raid/steuber/Software/ablector/ablector
[runlim] argv[2]:		/raid/steuber/Benchmarks/2019/QF_BV/sage/app2/bench_914.smt2
[runlim] argv[3]:		--ufReuse=1
[runlim] start:			Sat May 16 14:26:10 2020
[runlim] main pid:		21122
[Ablector] INFO: ABLECTOR TIME: 0.003738
[runlim] end:			Sat May 16 14:26:11 2020
[runlim] status:		ok
[runlim] result:		0
[runlim] children:		1
[runlim] real:			1.06 seconds
[runlim] time:			0.98 seconds
[runlim] space:			39.8 MB
[runlim] samples:		4
[runlim] version:		1.10
[runlim] time limit:		311040000 seconds
[runlim] real time limit:	1200 seconds
[runlim] space limit:		15000 MB
[runlim] argv[0]:		python3
[runlim] argv[1]:		/raid/steuber/Software/ablector/ablector
[runlim] argv[2]:		/raid/steuber/Benchmarks/2019/QF_BV/sage/app7/bench_230.smt2
[runlim] argv[3]:		--ufReuse=1
[runlim] start:			Sat May 16 14:26:11 2020
[runlim] main pid:		21143
[Ablector] INFO: ABLECTOR TIME: 0.003825
[runlim] end:			Sat May 16 14:26:13 2020
[runlim] status:		ok
[runlim] result:		0
[runlim] children:		14
[runlim] real:			2.23 seconds
[runlim] time:			2.18 seconds
[runlim] space:			83.3 MB
[runlim] samples:		18
[runlim] version:		1.10
[runlim] time limit:		311040000 seconds
[runlim] real time limit:	1200 seconds
[runlim] space limit:		15000 MB
[runlim] argv[0]:		python3
[runlim] argv[1]:		/raid/steuber/Software/ablector/ablector
[runlim] argv[2]:		/raid/steuber/Benchmarks/2019/QF_BV/sage/app2/bench_1139.smt2
[runlim] argv[3]:		--ufReuse=1
[runlim] start:			Sat May 16 14:26:13 2020
[runlim] main pid:		21163
[Ablector] INFO: ABLECTOR TIME: 0.003839
[runlim] end:			Sat May 16 14:26:14 2020
[runlim] status:		ok
[runlim] result:		0
[runlim] children:		1
[runlim] real:			1.06 seconds
[runlim] time:			0.97 seconds
[runlim] space:			40.4 MB
[runlim] samples:		4
[runlim] version:		1.10
[runlim] time limit:		311040000 seconds
[runlim] real time limit:	1200 seconds
[runlim] space limit:		15000 MB
[runlim] argv[0]:		python3
[runlim] argv[1]:		/raid/steuber/Software/ablector/ablector
[runlim] argv[2]:		/raid/steuber/Benchmarks/2019/QF_BV/sage/app9/bench_225.smt2
[runlim] argv[3]:		--ufReuse=1
[runlim] start:			Sat May 16 14:26:14 2020
[runlim] main pid:		21183
[Ablector] INFO: ABLECTOR TIME: 0.004101
[runlim] end:			Sat May 16 14:26:14 2020
[runlim] status:		ok
[runlim] result:		0
[runlim] children:		0
[runlim] real:			0.86 seconds
[runlim] time:			0.94 seconds
[runlim] space:			37.5 MB
[runlim] samples:		4
[runlim] version:		1.10
[runlim] time limit:		311040000 seconds
[runlim] real time limit:	1200 seconds
[runlim] space limit:		15000 MB
[runlim] argv[0]:		python3
[runlim] argv[1]:		/raid/steuber/Software/ablector/ablector
[runlim] argv[2]:		/raid/steuber/Benchmarks/2019/QF_BV/sage/app7/bench_4779.smt2
[runlim] argv[3]:		--ufReuse=1
[runlim] start:			Sat May 16 14:26:15 2020
[runlim] main pid:		21203
[Ablector] INFO: ABLECTOR TIME: 0.003937
[runlim] end:			Sat May 16 14:26:15 2020
[runlim] status:		ok
[runlim] result:		0
[runlim] children:		2
[runlim] real:			0.80 seconds
[runlim] time:			1.05 seconds
[runlim] space:			46.0 MB
[runlim] samples:		5
[runlim] version:		1.10
[runlim] time limit:		311040000 seconds
[runlim] real time limit:	1200 seconds
[runlim] space limit:		15000 MB
[runlim] argv[0]:		python3
[runlim] argv[1]:		/raid/steuber/Software/ablector/ablector
[runlim] argv[2]:		/raid/steuber/Benchmarks/2019/QF_BV/sage/app7/bench_2406.smt2
[runlim] argv[3]:		--ufReuse=1
[runlim] start:			Sat May 16 14:26:16 2020
[runlim] main pid:		21223
[Ablector] INFO: ABLECTOR TIME: 0.003725
[runlim] end:			Sat May 16 14:26:16 2020
[runlim] status:		ok
[runlim] result:		0
[runlim] children:		2
[runlim] real:			0.89 seconds
[runlim] time:			1.16 seconds
[runlim] space:			49.6 MB
[runlim] samples:		7
[runlim] version:		1.10
[runlim] time limit:		311040000 seconds
[runlim] real time limit:	1200 seconds
[runlim] space limit:		15000 MB
[runlim] argv[0]:		python3
[runlim] argv[1]:		/raid/steuber/Software/ablector/ablector
[runlim] argv[2]:		/raid/steuber/Benchmarks/2019/QF_BV/sage/app7/bench_3648.smt2
[runlim] argv[3]:		--ufReuse=1
[runlim] start:			Sat May 16 14:26:17 2020
[runlim] main pid:		21243
[Ablector] INFO: ABLECTOR TIME: 0.003823
[runlim] end:			Sat May 16 14:26:17 2020
[runlim] status:		ok
[runlim] result:		0
[runlim] children:		2
[runlim] real:			0.85 seconds
[runlim] time:			1.05 seconds
[runlim] space:			46.8 MB
[runlim] samples:		6
[runlim] version:		1.10
[runlim] time limit:		311040000 seconds
[runlim] real time limit:	1200 seconds
[runlim] space limit:		15000 MB
[runlim] argv[0]:		python3
[runlim] argv[1]:		/raid/steuber/Software/ablector/ablector
[runlim] argv[2]:		/raid/steuber/Benchmarks/2019/QF_BV/sage/app7/bench_6320.smt2
[runlim] argv[3]:		--ufReuse=1
[runlim] start:			Sat May 16 14:26:18 2020
[runlim] main pid:		21263
[Ablector] INFO: ABLECTOR TIME: 0.003811
[runlim] end:			Sat May 16 14:26:18 2020
[runlim] status:		ok
[runlim] result:		0
[runlim] children:		0
[runlim] real:			0.69 seconds
[runlim] time:			0.95 seconds
[runlim] space:			37.7 MB
[runlim] samples:		4
[runlim] version:		1.10
[runlim] time limit:		311040000 seconds
[runlim] real time limit:	1200 seconds
[runlim] space limit:		15000 MB
[runlim] argv[0]:		python3
[runlim] argv[1]:		/raid/steuber/Software/ablector/ablector
[runlim] argv[2]:		/raid/steuber/Benchmarks/2019/QF_BV/sage/app7/bench_4042.smt2
[runlim] argv[3]:		--ufReuse=1
[runlim] start:			Sat May 16 14:26:19 2020
[runlim] main pid:		21283
[Ablector] INFO: ABLECTOR TIME: 0.004194
[runlim] end:			Sat May 16 14:26:19 2020
[runlim] status:		ok
[runlim] result:		0
[runlim] children:		2
[runlim] real:			0.66 seconds
[runlim] time:			1.06 seconds
[runlim] space:			46.1 MB
[runlim] samples:		6
[runlim] version:		1.10
[runlim] time limit:		311040000 seconds
[runlim] real time limit:	1200 seconds
[runlim] space limit:		15000 MB
[runlim] argv[0]:		python3
[runlim] argv[1]:		/raid/steuber/Software/ablector/ablector
[runlim] argv[2]:		/raid/steuber/Benchmarks/2019/QF_BV/Sage2/bench_8546.smt2
[runlim] argv[3]:		--ufReuse=1
[runlim] start:			Sat May 16 14:26:20 2020
[runlim] main pid:		21303
[Ablector] INFO: *** ROUND 0
[MulNode] INFO: Level 0
[MulNode] INFO: Level 0
[MulNode] INFO: Level 0
[MulNode] INFO: Level 0
[MulNode] INFO: Level 0
[MulNode] INFO: Level 0
[MulNode] INFO: Level 0
[MulNode] INFO: Level 0
[MulNode] INFO: Level 0
[MulNode] INFO: Level 0
[MulNode] INFO: Level 0
[MulNode] INFO: Level 0
[MulNode] INFO: Level 0
[MulNode] INFO: Level 0
[MulNode] INFO: Level 0
[MulNode] INFO: Level 0
[MulNode] INFO: Level 0
[MulNode] INFO: Level 0
[MulNode] INFO: Level 0
[MulNode] INFO: Level 0
[MulNode] INFO: Level 0
[MulNode] INFO: Level 0
[MulNode] INFO: Level 0
[MulNode] INFO: Level 0
[MulNode] INFO: Level 0
[MulNode] INFO: Level 0
[MulNode] INFO: Level 0
[MulNode] INFO: Level 0
[MulNode] INFO: Level 0
[MulNode] INFO: Level 0
[MulNode] INFO: Level 0
[MulNode] INFO: Level 0
[MulNode] INFO: Level 0
[MulNode] INFO: Level 0
[MulNode] INFO: Level 0
[MulNode] INFO: Level 0
[MulNode] INFO: Level 0
[MulNode] INFO: Level 0
[MulNode] INFO: Level 0
[MulNode] INFO: Level 0
[MulNode] INFO: Level 0
[MulNode] INFO: Level 0
[MulNode] INFO: Level 0
[MulNode] INFO: Level 0
[MulNode] INFO: Level 0
[MulNode] INFO: Level 0
[MulNode] INFO: Level 0
[MulNode] INFO: Level 0
[MulNode] INFO: Level 0
[MulNode] INFO: Level 0
[MulNode] INFO: Level 0
[MulNode] INFO: Level 0
[MulNode] INFO: Level 0
[MulNode] INFO: Level 0
[MulNode] INFO: Level 0
[MulNode] INFO: Level 0
[MulNode] INFO: Level 0
[MulNode] INFO: Level 0
[MulNode] INFO: Level 0
[MulNode] INFO: Level 0
[MulNode] INFO: Level 0
[MulNode] INFO: Level 0
[MulNode] INFO: Level 0
[MulNode] INFO: Level 0
[MulNode] INFO: Level 0
[MulNode] INFO: Level 0
[MulNode] INFO: Level 0
[MulNode] INFO: Level 0
[MulNode] INFO: Level 0
[MulNode] INFO: Level 0
[MulNode] INFO: Level 0
[MulNode] INFO: Level 0
[MulNode] INFO: Level 0
[MulNode] INFO: Level 0
[MulNode] INFO: Level 0
[MulNode] INFO: Level 0
[MulNode] INFO: Level 0
[MulNode] INFO: Level 0
[MulNode] INFO: Level 0
[Ablector] INFO: ABLECTOR TIME: 3.798124
[Ablector] INFO: SAT TIME: 3.764427
[Ablector] INFO: REF TIME: 0.687669
[runlim] end:			Sat May 16 14:26:27 2020
[runlim] status:		ok
[runlim] result:		0
[runlim] children:		2
[runlim] real:			7.09 seconds
[runlim] time:			7.36 seconds
[runlim] space:			378.9 MB
[runlim] samples:		70
[runlim] version:		1.10
[runlim] time limit:		311040000 seconds
[runlim] real time limit:	1200 seconds
[runlim] space limit:		15000 MB
[runlim] argv[0]:		python3
[runlim] argv[1]:		/raid/steuber/Software/ablector/ablector
[runlim] argv[2]:		/raid/steuber/Benchmarks/2019/QF_BV/Sage2/bench_17173.smt2
[runlim] argv[3]:		--ufReuse=1
[runlim] start:			Sat May 16 14:26:27 2020
[runlim] main pid:		21325
[Ablector] INFO: *** ROUND 0
[MulNode] INFO: Level 0
[Ablector] INFO: ABLECTOR TIME: 0.334837
[Ablector] INFO: SAT TIME: 0.329915
[Ablector] INFO: REF TIME: 0.010787
[runlim] end:			Sat May 16 14:26:28 2020
[runlim] status:		ok
[runlim] result:		0
[runlim] children:		0
[runlim] real:			1.30 seconds
[runlim] time:			1.35 seconds
[runlim] space:			43.9 MB
[runlim] samples:		8
[runlim] version:		1.10
[runlim] time limit:		311040000 seconds
[runlim] real time limit:	1200 seconds
[runlim] space limit:		15000 MB
[runlim] argv[0]:		python3
[runlim] argv[1]:		/raid/steuber/Software/ablector/ablector
[runlim] argv[2]:		/raid/steuber/Benchmarks/2019/QF_BV/sage/app8/bench_3631.smt2
[runlim] argv[3]:		--ufReuse=1
[runlim] start:			Sat May 16 14:26:28 2020
[runlim] main pid:		21345
[Ablector] INFO: ABLECTOR TIME: 0.003765
[runlim] end:			Sat May 16 14:26:29 2020
[runlim] status:		ok
[runlim] result:		0
[runlim] children:		0
[runlim] real:			1.08 seconds
[runlim] time:			0.97 seconds
[runlim] space:			37.7 MB
[runlim] samples:		4
[runlim] version:		1.10
[runlim] time limit:		311040000 seconds
[runlim] real time limit:	1200 seconds
[runlim] space limit:		15000 MB
[runlim] argv[0]:		python3
[runlim] argv[1]:		/raid/steuber/Software/ablector/ablector
[runlim] argv[2]:		/raid/steuber/Benchmarks/2019/QF_BV/Sage2/bench_8584.smt2
[runlim] argv[3]:		--ufReuse=1
[runlim] start:			Sat May 16 14:26:29 2020
[runlim] main pid:		21365
[Ablector] INFO: *** ROUND 0
[MulNode] INFO: Level 0
[Ablector] INFO: ABLECTOR TIME: 0.600361
[Ablector] INFO: SAT TIME: 0.595304
[Ablector] INFO: REF TIME: 0.010837
[runlim] end:			Sat May 16 14:26:30 2020
[runlim] status:		ok
[runlim] result:		0
[runlim] children:		0
[runlim] real:			1.62 seconds
[runlim] time:			1.66 seconds
[runlim] space:			48.1 MB
[runlim] samples:		11
[runlim] version:		1.10
[runlim] time limit:		311040000 seconds
[runlim] real time limit:	1200 seconds
[runlim] space limit:		15000 MB
[runlim] argv[0]:		python3
[runlim] argv[1]:		/raid/steuber/Software/ablector/ablector
[runlim] argv[2]:		/raid/steuber/Benchmarks/2019/QF_BV/sage/app2/bench_35.smt2
[runlim] argv[3]:		--ufReuse=1
[runlim] start:			Sat May 16 14:26:30 2020
[runlim] main pid:		21385
[Ablector] INFO: *** ROUND 0
[SdivNode] INFO: Level 0
[MulNode] INFO: Level 0
[MulNode] INFO: Level 0
[SdivNode] INFO: Level 0
[MulNode] INFO: Level 0
[MulNode] INFO: Level 0
[SdivNode] INFO: Level 0
[Ablector] INFO: ABLECTOR TIME: 0.067198
[Ablector] INFO: SAT TIME: 0.060744
[Ablector] INFO: REF TIME: 0.042544
[runlim] end:			Sat May 16 14:26:31 2020
[runlim] status:		ok
[runlim] result:		0
[runlim] children:		0
[runlim] real:			1.57 seconds
[runlim] time:			1.05 seconds
[runlim] space:			40.7 MB
[runlim] samples:		5
[runlim] version:		1.10
[runlim] time limit:		311040000 seconds
[runlim] real time limit:	1200 seconds
[runlim] space limit:		15000 MB
[runlim] argv[0]:		python3
[runlim] argv[1]:		/raid/steuber/Software/ablector/ablector
[runlim] argv[2]:		/raid/steuber/Benchmarks/2019/QF_BV/sage/app7/bench_1124.smt2
[runlim] argv[3]:		--ufReuse=1
[runlim] start:			Sat May 16 14:26:31 2020
[runlim] main pid:		21405
[Ablector] INFO: ABLECTOR TIME: 0.003732
[runlim] end:			Sat May 16 14:26:33 2020
[runlim] status:		ok
[runlim] result:		0
[runlim] children:		9
[runlim] real:			2.22 seconds
[runlim] time:			1.73 seconds
[runlim] space:			73.6 MB
[runlim] samples:		13
[runlim] version:		1.10
[runlim] time limit:		311040000 seconds
[runlim] real time limit:	1200 seconds
[runlim] space limit:		15000 MB
[runlim] argv[0]:		python3
[runlim] argv[1]:		/raid/steuber/Software/ablector/ablector
[runlim] argv[2]:		/raid/steuber/Benchmarks/2019/QF_BV/20190311-bv-term-small-rw-Noetzli/bv-term-small-rw_1250.smt2
[runlim] argv[3]:		--ufReuse=1
[runlim] start:			Sat May 16 14:26:33 2020
[runlim] main pid:		21426
[Ablector] INFO: ABLECTOR TIME: 0.003755
[runlim] end:			Sat May 16 14:26:34 2020
[runlim] status:		ok
[runlim] result:		0
[runlim] children:		0
[runlim] real:			1.01 seconds
[runlim] time:			0.94 seconds
[runlim] space:			37.6 MB
[runlim] samples:		4
[runlim] version:		1.10
[runlim] time limit:		311040000 seconds
[runlim] real time limit:	1200 seconds
[runlim] space limit:		15000 MB
[runlim] argv[0]:		python3
[runlim] argv[1]:		/raid/steuber/Software/ablector/ablector
[runlim] argv[2]:		/raid/steuber/Benchmarks/2019/QF_BV/sage/app7/bench_1396.smt2
[runlim] argv[3]:		--ufReuse=1
[runlim] start:			Sat May 16 14:26:34 2020
[runlim] main pid:		21446
[Ablector] INFO: ABLECTOR TIME: 0.003939
[runlim] end:			Sat May 16 14:26:35 2020
[runlim] status:		ok
[runlim] result:		0
[runlim] children:		5
[runlim] real:			1.42 seconds
[runlim] time:			1.45 seconds
[runlim] space:			63.6 MB
[runlim] samples:		10
[runlim] version:		1.10
[runlim] time limit:		311040000 seconds
[runlim] real time limit:	1200 seconds
[runlim] space limit:		15000 MB
[runlim] argv[0]:		python3
[runlim] argv[1]:		/raid/steuber/Software/ablector/ablector
[runlim] argv[2]:		/raid/steuber/Benchmarks/2019/QF_BV/sage/app8/bench_932.smt2
[runlim] argv[3]:		--ufReuse=1
[runlim] start:			Sat May 16 14:26:35 2020
[runlim] main pid:		21466
[Ablector] INFO: ABLECTOR TIME: 0.003716
[runlim] end:			Sat May 16 14:26:36 2020
[runlim] status:		ok
[runlim] result:		0
[runlim] children:		0
[runlim] real:			1.25 seconds
[runlim] time:			0.98 seconds
[runlim] space:			37.6 MB
[runlim] samples:		4
[runlim] version:		1.10
[runlim] time limit:		311040000 seconds
[runlim] real time limit:	1200 seconds
[runlim] space limit:		15000 MB
[runlim] argv[0]:		python3
[runlim] argv[1]:		/raid/steuber/Software/ablector/ablector
[runlim] argv[2]:		/raid/steuber/Benchmarks/2019/QF_BV/Sage2/bench_7415.smt2
[runlim] argv[3]:		--ufReuse=1
[runlim] start:			Sat May 16 14:26:36 2020
[runlim] main pid:		21486
[Ablector] INFO: *** ROUND 0
[MulNode] INFO: Level 0
[MulNode] INFO: Level 0
[MulNode] INFO: Level 0
[MulNode] INFO: Level 0
[MulNode] INFO: Level 0
[MulNode] INFO: Level 0
[MulNode] INFO: Level 0
[MulNode] INFO: Level 0
[MulNode] INFO: Level 0
[MulNode] INFO: Level 0
[MulNode] INFO: Level 0
[MulNode] INFO: Level 0
[MulNode] INFO: Level 0
[MulNode] INFO: Level 0
[MulNode] INFO: Level 0
[MulNode] INFO: Level 0
[MulNode] INFO: Level 0
[MulNode] INFO: Level 0
[MulNode] INFO: Level 0
[MulNode] INFO: Level 0
[MulNode] INFO: Level 0
[MulNode] INFO: Level 0
[MulNode] INFO: Level 0
[MulNode] INFO: Level 0
[MulNode] INFO: Level 0
[MulNode] INFO: Level 0
[MulNode] INFO: Level 0
[MulNode] INFO: Level 0
[MulNode] INFO: Level 0
[MulNode] INFO: Level 0
[MulNode] INFO: Level 0
[MulNode] INFO: Level 0
[MulNode] INFO: Level 0
[MulNode] INFO: Level 0
[MulNode] INFO: Level 0
[MulNode] INFO: Level 0
[MulNode] INFO: Level 0
[MulNode] INFO: Level 0
[MulNode] INFO: Level 0
[MulNode] INFO: Level 0
[MulNode] INFO: Level 0
[MulNode] INFO: Level 0
[MulNode] INFO: Level 0
[MulNode] INFO: Level 0
[MulNode] INFO: Level 0
[MulNode] INFO: Level 0
[MulNode] INFO: Level 0
[MulNode] INFO: Level 0
[MulNode] INFO: Level 0
[MulNode] INFO: Level 0
[MulNode] INFO: Level 0
[Ablector] INFO: ABLECTOR TIME: 1.075113
[Ablector] INFO: SAT TIME: 1.059706
[Ablector] INFO: REF TIME: 0.498054
[runlim] end:			Sat May 16 14:26:39 2020
[runlim] status:		ok
[runlim] result:		0
[runlim] children:		1
[runlim] real:			3.21 seconds
[runlim] time:			3.09 seconds
[runlim] space:			99.3 MB
[runlim] samples:		26
[runlim] version:		1.10
[runlim] time limit:		311040000 seconds
[runlim] real time limit:	1200 seconds
[runlim] space limit:		15000 MB
[runlim] argv[0]:		python3
[runlim] argv[1]:		/raid/steuber/Software/ablector/ablector
[runlim] argv[2]:		/raid/steuber/Benchmarks/2019/QF_BV/sage/app1/bench_1883.smt2
[runlim] argv[3]:		--ufReuse=1
[runlim] start:			Sat May 16 14:26:39 2020
[runlim] main pid:		21508
[Ablector] INFO: ABLECTOR TIME: 0.003662
[runlim] end:			Sat May 16 14:26:40 2020
[runlim] status:		ok
[runlim] result:		0
[runlim] children:		0
[runlim] real:			1.02 seconds
[runlim] time:			0.92 seconds
[runlim] space:			37.7 MB
[runlim] samples:		4
[runlim] version:		1.10
[runlim] time limit:		311040000 seconds
[runlim] real time limit:	1200 seconds
[runlim] space limit:		15000 MB
[runlim] argv[0]:		python3
[runlim] argv[1]:		/raid/steuber/Software/ablector/ablector
[runlim] argv[2]:		/raid/steuber/Benchmarks/2019/QF_BV/20190311-bv-term-small-rw-Noetzli/bv-term-small-rw_80.smt2
[runlim] argv[3]:		--ufReuse=1
[runlim] start:			Sat May 16 14:26:40 2020
[runlim] main pid:		21528
[Ablector] INFO: ABLECTOR TIME: 0.003642
[runlim] end:			Sat May 16 14:26:40 2020
[runlim] status:		ok
[runlim] result:		0
[runlim] children:		0
[runlim] real:			0.83 seconds
[runlim] time:			0.98 seconds
[runlim] space:			37.8 MB
[runlim] samples:		4
[runlim] version:		1.10
[runlim] time limit:		311040000 seconds
[runlim] real time limit:	1200 seconds
[runlim] space limit:		15000 MB
[runlim] argv[0]:		python3
[runlim] argv[1]:		/raid/steuber/Software/ablector/ablector
[runlim] argv[2]:		/raid/steuber/Benchmarks/2019/QF_BV/sage/app2/bench_107.smt2
[runlim] argv[3]:		--ufReuse=1
[runlim] start:			Sat May 16 14:26:41 2020
[runlim] main pid:		21548
[Ablector] INFO: *** ROUND 0
[SdivNode] INFO: Level 0
[MulNode] INFO: Level 0
[MulNode] INFO: Level 0
[SdivNode] INFO: Level 0
[MulNode] INFO: Level 0
[MulNode] INFO: Level 0
[SdivNode] INFO: Level 0
[Ablector] INFO: ABLECTOR TIME: 0.327925
[Ablector] INFO: SAT TIME: 0.321765
[Ablector] INFO: REF TIME: 0.044061
[runlim] end:			Sat May 16 14:26:42 2020
[runlim] status:		ok
[runlim] result:		0
[runlim] children:		0
[runlim] real:			1.05 seconds
[runlim] time:			1.36 seconds
[runlim] space:			45.8 MB
[runlim] samples:		8
[runlim] version:		1.10
[runlim] time limit:		311040000 seconds
[runlim] real time limit:	1200 seconds
[runlim] space limit:		15000 MB
[runlim] argv[0]:		python3
[runlim] argv[1]:		/raid/steuber/Software/ablector/ablector
[runlim] argv[2]:		/raid/steuber/Benchmarks/2019/QF_BV/sage/app7/bench_8556.smt2
[runlim] argv[3]:		--ufReuse=1
[runlim] start:			Sat May 16 14:26:42 2020
[runlim] main pid:		21568
[Ablector] INFO: ABLECTOR TIME: 0.003790
[runlim] end:			Sat May 16 14:26:44 2020
[runlim] status:		ok
[runlim] result:		0
[runlim] children:		14
[runlim] real:			2.20 seconds
[runlim] time:			2.20 seconds
[runlim] space:			83.5 MB
[runlim] samples:		17
[runlim] version:		1.10
[runlim] time limit:		311040000 seconds
[runlim] real time limit:	1200 seconds
[runlim] space limit:		15000 MB
[runlim] argv[0]:		python3
[runlim] argv[1]:		/raid/steuber/Software/ablector/ablector
[runlim] argv[2]:		/raid/steuber/Benchmarks/2019/QF_BV/20190311-bv-term-small-rw-Noetzli/bv-term-small-rw_842.smt2
[runlim] argv[3]:		--ufReuse=1
[runlim] start:			Sat May 16 14:26:44 2020
[runlim] main pid:		21589
[Ablector] INFO: ABLECTOR TIME: 0.003691
[runlim] end:			Sat May 16 14:26:45 2020
[runlim] status:		ok
[runlim] result:		0
[runlim] children:		0
[runlim] real:			1.01 seconds
[runlim] time:			0.98 seconds
[runlim] space:			37.4 MB
[runlim] samples:		4
[runlim] version:		1.10
[runlim] time limit:		311040000 seconds
[runlim] real time limit:	1200 seconds
[runlim] space limit:		15000 MB
[runlim] argv[0]:		python3
[runlim] argv[1]:		/raid/steuber/Software/ablector/ablector
[runlim] argv[2]:		/raid/steuber/Benchmarks/2019/QF_BV/sage/app1/bench_2544.smt2
[runlim] argv[3]:		--ufReuse=1
[runlim] start:			Sat May 16 14:26:45 2020
[runlim] main pid:		21609
[Ablector] INFO: ABLECTOR TIME: 0.003700
[runlim] end:			Sat May 16 14:26:45 2020
[runlim] status:		ok
[runlim] result:		0
[runlim] children:		0
[runlim] real:			0.89 seconds
[runlim] time:			1.03 seconds
[runlim] space:			37.7 MB
[runlim] samples:		5
[runlim] version:		1.10
[runlim] time limit:		311040000 seconds
[runlim] real time limit:	1200 seconds
[runlim] space limit:		15000 MB
[runlim] argv[0]:		python3
[runlim] argv[1]:		/raid/steuber/Software/ablector/ablector
[runlim] argv[2]:		/raid/steuber/Benchmarks/2019/QF_BV/Sage2/bench_14824.smt2
[runlim] argv[3]:		--ufReuse=1
[runlim] start:			Sat May 16 14:26:46 2020
[runlim] main pid:		21629
[Ablector] INFO: *** ROUND 0
[MulNode] INFO: Level 0
[MulNode] INFO: Level 0
[MulNode] INFO: Level 0
[MulNode] INFO: Level 0
[MulNode] INFO: Level 0
[MulNode] INFO: Level 0
[MulNode] INFO: Level 0
[MulNode] INFO: Level 0
[MulNode] INFO: Level 0
[MulNode] INFO: Level 0
[MulNode] INFO: Level 0
[Ablector] INFO: ABLECTOR TIME: 0.815329
[Ablector] INFO: SAT TIME: 0.808658
[Ablector] INFO: REF TIME: 0.099709
[runlim] end:			Sat May 16 14:26:47 2020
[runlim] status:		ok
[runlim] result:		0
[runlim] children:		0
[runlim] real:			1.62 seconds
[runlim] time:			1.86 seconds
[runlim] space:			55.0 MB
[runlim] samples:		13
[runlim] version:		1.10
[runlim] time limit:		311040000 seconds
[runlim] real time limit:	1200 seconds
[runlim] space limit:		15000 MB
[runlim] argv[0]:		python3
[runlim] argv[1]:		/raid/steuber/Software/ablector/ablector
[runlim] argv[2]:		/raid/steuber/Benchmarks/2019/QF_BV/sage/app7/bench_4082.smt2
[runlim] argv[3]:		--ufReuse=1
[runlim] start:			Sat May 16 14:26:47 2020
[runlim] main pid:		21649
[Ablector] INFO: ABLECTOR TIME: 0.003717
[runlim] end:			Sat May 16 14:26:48 2020
[runlim] status:		ok
[runlim] result:		0
[runlim] children:		2
[runlim] real:			1.61 seconds
[runlim] time:			1.05 seconds
[runlim] space:			44.8 MB
[runlim] samples:		6
[runlim] version:		1.10
[runlim] time limit:		311040000 seconds
[runlim] real time limit:	1200 seconds
[runlim] space limit:		15000 MB
[runlim] argv[0]:		python3
[runlim] argv[1]:		/raid/steuber/Software/ablector/ablector
[runlim] argv[2]:		/raid/steuber/Benchmarks/2019/QF_BV/Sage2/bench_16919.smt2
[runlim] argv[3]:		--ufReuse=1
[runlim] start:			Sat May 16 14:26:48 2020
[runlim] main pid:		21669
[Ablector] INFO: ABLECTOR TIME: 0.003623
[runlim] end:			Sat May 16 14:26:49 2020
[runlim] status:		ok
[runlim] result:		0
[runlim] children:		0
[runlim] real:			1.41 seconds
[runlim] time:			0.97 seconds
[runlim] space:			37.5 MB
[runlim] samples:		4
[runlim] version:		1.10
[runlim] time limit:		311040000 seconds
[runlim] real time limit:	1200 seconds
[runlim] space limit:		15000 MB
[runlim] argv[0]:		python3
[runlim] argv[1]:		/raid/steuber/Software/ablector/ablector
[runlim] argv[2]:		/raid/steuber/Benchmarks/2019/QF_BV/Sage2/bench_10004.smt2
[runlim] argv[3]:		--ufReuse=1
[runlim] start:			Sat May 16 14:26:49 2020
[runlim] main pid:		21689
[Ablector] INFO: *** ROUND 0
[MulNode] INFO: Level 0
[MulNode] INFO: Level 0
[MulNode] INFO: Level 0
[MulNode] INFO: Level 0
[MulNode] INFO: Level 0
[MulNode] INFO: Level 0
[MulNode] INFO: Level 0
[MulNode] INFO: Level 0
[Ablector] INFO: ABLECTOR TIME: 0.149602
[Ablector] INFO: SAT TIME: 0.143461
[Ablector] INFO: REF TIME: 0.078905
[runlim] end:			Sat May 16 14:26:50 2020
[runlim] status:		ok
[runlim] result:		0
[runlim] children:		0
[runlim] real:			1.60 seconds
[runlim] time:			1.35 seconds
[runlim] space:			45.3 MB
[runlim] samples:		8
[runlim] version:		1.10
[runlim] time limit:		311040000 seconds
[runlim] real time limit:	1200 seconds
[runlim] space limit:		15000 MB
[runlim] argv[0]:		python3
[runlim] argv[1]:		/raid/steuber/Software/ablector/ablector
[runlim] argv[2]:		/raid/steuber/Benchmarks/2019/QF_BV/Sage2/bench_2274.smt2
[runlim] argv[3]:		--ufReuse=1
[runlim] start:			Sat May 16 14:26:50 2020
[runlim] main pid:		21709
[Ablector] INFO: *** ROUND 0
[runlim] sample:		10.6 time, 11.0 real, 82.6 MB
[runlim] sample:		20.6 time, 21.0 real, 83.7 MB
[runlim] sample:		30.6 time, 31.0 real, 105.8 MB
[runlim] sample:		40.5 time, 41.0 real, 99.6 MB
[runlim] sample:		50.5 time, 51.0 real, 100.1 MB
[runlim] sample:		60.5 time, 61.0 real, 100.6 MB
[runlim] sample:		70.5 time, 71.0 real, 101.0 MB
[runlim] sample:		80.5 time, 81.0 real, 101.0 MB
[runlim] sample:		90.5 time, 91.0 real, 101.2 MB
[runlim] sample:		100.5 time, 101.0 real, 102.0 MB
[runlim] sample:		110.5 time, 111.0 real, 101.7 MB
[runlim] sample:		120.5 time, 121.0 real, 101.7 MB
[runlim] sample:		130.5 time, 131.0 real, 107.4 MB
[MulNode] INFO: Level 0
[MulNode] INFO: Level 0
[MulNode] INFO: Level 0
[MulNode] INFO: Level 0
[MulNode] INFO: Level 0
[MulNode] INFO: Level 0
[MulNode] INFO: Level 0
[MulNode] INFO: Level 0
[MulNode] INFO: Level 0
[MulNode] INFO: Level 0
[MulNode] INFO: Level 0
[MulNode] INFO: Level 0
[MulNode] INFO: Level 0
[MulNode] INFO: Level 0
[MulNode] INFO: Level 0
[MulNode] INFO: Level 0
[MulNode] INFO: Level 0
[MulNode] INFO: Level 0
[MulNode] INFO: Level 0
[MulNode] INFO: Level 0
[MulNode] INFO: Level 0
[MulNode] INFO: Level 0
[MulNode] INFO: Level 0
[MulNode] INFO: Level 0
[MulNode] INFO: Level 0
[MulNode] INFO: Level 0
[MulNode] INFO: Level 0
[MulNode] INFO: Level 0
[MulNode] INFO: Level 0
[MulNode] INFO: Level 0
[MulNode] INFO: Level 0
[MulNode] INFO: Level 0
[MulNode] INFO: Level 0
[MulNode] INFO: Level 0
[MulNode] INFO: Level 0
[MulNode] INFO: Level 0
[MulNode] INFO: Level 0
[MulNode] INFO: Level 0
[MulNode] INFO: Level 0
[MulNode] INFO: Level 0
[MulNode] INFO: Level 0
[MulNode] INFO: Level 0
[MulNode] INFO: Level 0
[Ablector] INFO: ABLECTOR TIME: 137.266388
[Ablector] INFO: SAT TIME: 137.254042
[Ablector] INFO: REF TIME: 0.381767
[runlim] end:			Sat May 16 14:29:08 2020
[runlim] status:		ok
[runlim] result:		0
[runlim] children:		1
[runlim] real:			138.94 seconds
[runlim] time:			138.44 seconds
[runlim] space:			107.4 MB
[runlim] samples:		1379
[runlim] version:		1.10
[runlim] time limit:		311040000 seconds
[runlim] real time limit:	1200 seconds
[runlim] space limit:		15000 MB
[runlim] argv[0]:		python3
[runlim] argv[1]:		/raid/steuber/Software/ablector/ablector
[runlim] argv[2]:		/raid/steuber/Benchmarks/2019/QF_BV/Sage2/bench_4890.smt2
[runlim] argv[3]:		--ufReuse=1
[runlim] start:			Sat May 16 14:29:09 2020
[runlim] main pid:		21755
[Ablector] INFO: *** ROUND 0
[MulNode] INFO: Level 0
[MulNode] INFO: Level 0
[MulNode] INFO: Level 0
[MulNode] INFO: Level 0
[MulNode] INFO: Level 0
[MulNode] INFO: Level 0
[MulNode] INFO: Level 0
[MulNode] INFO: Level 0
[MulNode] INFO: Level 0
[MulNode] INFO: Level 0
[Ablector] INFO: ABLECTOR TIME: 0.703667
[Ablector] INFO: SAT TIME: 0.697144
[Ablector] INFO: REF TIME: 0.093659
[runlim] end:			Sat May 16 14:29:10 2020
[runlim] status:		ok
[runlim] result:		0
[runlim] children:		0
[runlim] real:			1.92 seconds
[runlim] time:			1.74 seconds
[runlim] space:			52.7 MB
[runlim] samples:		14
[runlim] version:		1.10
[runlim] time limit:		311040000 seconds
[runlim] real time limit:	1200 seconds
[runlim] space limit:		15000 MB
[runlim] argv[0]:		python3
[runlim] argv[1]:		/raid/steuber/Software/ablector/ablector
[runlim] argv[2]:		/raid/steuber/Benchmarks/2019/QF_BV/sage/app9/bench_255.smt2
[runlim] argv[3]:		--ufReuse=1
[runlim] start:			Sat May 16 14:29:11 2020
[runlim] main pid:		21775
[Ablector] INFO: *** ROUND 0
[MulNode] INFO: Level 0
[MulNode] INFO: Level 0
[MulNode] INFO: Level 0
[MulNode] INFO: Level 0
[MulNode] INFO: Level 0
[MulNode] INFO: Level 0
[MulNode] INFO: Level 0
[MulNode] INFO: Level 0
[MulNode] INFO: Level 0
[MulNode] INFO: Level 0
[MulNode] INFO: Level 0
[Ablector] INFO: ABLECTOR TIME: 0.119710
[Ablector] INFO: SAT TIME: 0.113018
[Ablector] INFO: REF TIME: 0.106020
[runlim] end:			Sat May 16 14:29:12 2020
[runlim] status:		ok
[runlim] result:		0
[runlim] children:		0
[runlim] real:			1.01 seconds
[runlim] time:			1.26 seconds
[runlim] space:			42.3 MB
[runlim] samples:		7
[runlim] version:		1.10
[runlim] time limit:		311040000 seconds
[runlim] real time limit:	1200 seconds
[runlim] space limit:		15000 MB
[runlim] argv[0]:		python3
[runlim] argv[1]:		/raid/steuber/Software/ablector/ablector
[runlim] argv[2]:		/raid/steuber/Benchmarks/2019/QF_BV/sage/app7/bench_6403.smt2
[runlim] argv[3]:		--ufReuse=1
[runlim] start:			Sat May 16 14:29:12 2020
[runlim] main pid:		21795
[Ablector] INFO: ABLECTOR TIME: 0.003732
[runlim] end:			Sat May 16 14:29:12 2020
[runlim] status:		ok
[runlim] result:		0
[runlim] children:		0
[runlim] real:			0.80 seconds
[runlim] time:			0.96 seconds
[runlim] space:			37.6 MB
[runlim] samples:		4
[runlim] version:		1.10
[runlim] time limit:		311040000 seconds
[runlim] real time limit:	1200 seconds
[runlim] space limit:		15000 MB
[runlim] argv[0]:		python3
[runlim] argv[1]:		/raid/steuber/Software/ablector/ablector
[runlim] argv[2]:		/raid/steuber/Benchmarks/2019/QF_BV/Sage2/bench_16316.smt2
[runlim] argv[3]:		--ufReuse=1
[runlim] start:			Sat May 16 14:29:13 2020
[runlim] main pid:		21815
[Ablector] INFO: *** ROUND 0
[MulNode] INFO: Level 0
[MulNode] INFO: Level 0
[MulNode] INFO: Level 0
[MulNode] INFO: Level 0
[MulNode] INFO: Level 0
[MulNode] INFO: Level 0
[MulNode] INFO: Level 0
[MulNode] INFO: Level 0
[MulNode] INFO: Level 0
[MulNode] INFO: Level 0
[MulNode] INFO: Level 0
[MulNode] INFO: Level 0
[MulNode] INFO: Level 0
[MulNode] INFO: Level 0
[Ablector] INFO: ABLECTOR TIME: 1.017945
[Ablector] INFO: SAT TIME: 1.011281
[Ablector] INFO: REF TIME: 0.110729
[runlim] end:			Sat May 16 14:29:14 2020
[runlim] status:		ok
[runlim] result:		0
[runlim] children:		0
[runlim] real:			1.76 seconds
[runlim] time:			2.14 seconds
[runlim] space:			52.7 MB
[runlim] samples:		16
[runlim] version:		1.10
[runlim] time limit:		311040000 seconds
[runlim] real time limit:	1200 seconds
[runlim] space limit:		15000 MB
[runlim] argv[0]:		python3
[runlim] argv[1]:		/raid/steuber/Software/ablector/ablector
[runlim] argv[2]:		/raid/steuber/Benchmarks/2019/QF_BV/sage/app7/bench_5974.smt2
[runlim] argv[3]:		--ufReuse=1
[runlim] start:			Sat May 16 14:29:15 2020
[runlim] main pid:		21835
[Ablector] INFO: ABLECTOR TIME: 0.004370
[runlim] end:			Sat May 16 14:29:15 2020
[runlim] status:		ok
[runlim] result:		0
[runlim] children:		0
[runlim] real:			0.62 seconds
[runlim] time:			0.98 seconds
[runlim] space:			36.9 MB
[runlim] samples:		4
[runlim] version:		1.10
[runlim] time limit:		311040000 seconds
[runlim] real time limit:	1200 seconds
[runlim] space limit:		15000 MB
[runlim] argv[0]:		python3
[runlim] argv[1]:		/raid/steuber/Software/ablector/ablector
[runlim] argv[2]:		/raid/steuber/Benchmarks/2019/QF_BV/sage/app7/bench_3745.smt2
[runlim] argv[3]:		--ufReuse=1
[runlim] start:			Sat May 16 14:29:15 2020
[runlim] main pid:		21855
[Ablector] INFO: ABLECTOR TIME: 0.003784
[runlim] end:			Sat May 16 14:29:16 2020
[runlim] status:		ok
[runlim] result:		0
[runlim] children:		2
[runlim] real:			0.67 seconds
[runlim] time:			1.15 seconds
[runlim] space:			47.3 MB
[runlim] samples:		6
[runlim] version:		1.10
[runlim] time limit:		311040000 seconds
[runlim] real time limit:	1200 seconds
[runlim] space limit:		15000 MB
[runlim] argv[0]:		python3
[runlim] argv[1]:		/raid/steuber/Software/ablector/ablector
[runlim] argv[2]:		/raid/steuber/Benchmarks/2019/QF_BV/sage/app7/bench_4280.smt2
[runlim] argv[3]:		--ufReuse=1
[runlim] start:			Sat May 16 14:29:17 2020
[runlim] main pid:		21875
[Ablector] INFO: ABLECTOR TIME: 0.003727
[runlim] end:			Sat May 16 14:29:18 2020
[runlim] status:		ok
[runlim] result:		0
[runlim] children:		15
[runlim] real:			1.98 seconds
[runlim] time:			2.34 seconds
[runlim] space:			87.0 MB
[runlim] samples:		19
[runlim] version:		1.10
[runlim] time limit:		311040000 seconds
[runlim] real time limit:	1200 seconds
[runlim] space limit:		15000 MB
[runlim] argv[0]:		python3
[runlim] argv[1]:		/raid/steuber/Software/ablector/ablector
[runlim] argv[2]:		/raid/steuber/Benchmarks/2019/QF_BV/sage/app12/bench_2276.smt2
[runlim] argv[3]:		--ufReuse=1
[runlim] start:			Sat May 16 14:29:19 2020
[runlim] main pid:		21895
[Ablector] INFO: *** ROUND 0
[SdivNode] INFO: Level 0
[Ablector] INFO: ABLECTOR TIME: 0.017023
[Ablector] INFO: SAT TIME: 0.012484
[Ablector] INFO: REF TIME: 0.001912
[runlim] end:			Sat May 16 14:29:19 2020
[runlim] status:		ok
[runlim] result:		0
[runlim] children:		0
[runlim] real:			0.82 seconds
[runlim] time:			0.97 seconds
[runlim] space:			37.9 MB
[runlim] samples:		4
[runlim] version:		1.10
[runlim] time limit:		311040000 seconds
[runlim] real time limit:	1200 seconds
[runlim] space limit:		15000 MB
[runlim] argv[0]:		python3
[runlim] argv[1]:		/raid/steuber/Software/ablector/ablector
[runlim] argv[2]:		/raid/steuber/Benchmarks/2019/QF_BV/sage/app1/bench_346.smt2
[runlim] argv[3]:		--ufReuse=1
[runlim] start:			Sat May 16 14:29:20 2020
[runlim] main pid:		21915
[Ablector] INFO: ABLECTOR TIME: 0.003531
[runlim] end:			Sat May 16 14:29:20 2020
[runlim] status:		ok
[runlim] result:		0
[runlim] children:		0
[runlim] real:			0.61 seconds
[runlim] time:			0.95 seconds
[runlim] space:			37.8 MB
[runlim] samples:		4
[runlim] version:		1.10
[runlim] time limit:		311040000 seconds
[runlim] real time limit:	1200 seconds
[runlim] space limit:		15000 MB
[runlim] argv[0]:		python3
[runlim] argv[1]:		/raid/steuber/Software/ablector/ablector
[runlim] argv[2]:		/raid/steuber/Benchmarks/2019/QF_BV/sage/app7/bench_256.smt2
[runlim] argv[3]:		--ufReuse=1
[runlim] start:			Sat May 16 14:29:20 2020
[runlim] main pid:		21935
[Ablector] INFO: ABLECTOR TIME: 0.003746
[runlim] end:			Sat May 16 14:29:22 2020
[runlim] status:		ok
[runlim] result:		0
[runlim] children:		13
[runlim] real:			2.70 seconds
[runlim] time:			2.15 seconds
[runlim] space:			82.1 MB
[runlim] samples:		17
[runlim] version:		1.10
[runlim] time limit:		311040000 seconds
[runlim] real time limit:	1200 seconds
[runlim] space limit:		15000 MB
[runlim] argv[0]:		python3
[runlim] argv[1]:		/raid/steuber/Software/ablector/ablector
[runlim] argv[2]:		/raid/steuber/Benchmarks/2019/QF_BV/sage/app12/bench_2153.smt2
[runlim] argv[3]:		--ufReuse=1
[runlim] start:			Sat May 16 14:29:23 2020
[runlim] main pid:		21957
[Ablector] INFO: *** ROUND 0
[SdivNode] INFO: Level 0
[Ablector] INFO: ABLECTOR TIME: 0.034513
[Ablector] INFO: SAT TIME: 0.030206
[Ablector] INFO: REF TIME: 0.001867
[runlim] end:			Sat May 16 14:29:23 2020
[runlim] status:		ok
[runlim] result:		0
[runlim] children:		0
[runlim] real:			0.58 seconds
[runlim] time:			1.07 seconds
[runlim] space:			41.1 MB
[runlim] samples:		5
[runlim] version:		1.10
[runlim] time limit:		311040000 seconds
[runlim] real time limit:	1200 seconds
[runlim] space limit:		15000 MB
[runlim] argv[0]:		python3
[runlim] argv[1]:		/raid/steuber/Software/ablector/ablector
[runlim] argv[2]:		/raid/steuber/Benchmarks/2019/QF_BV/uclid/catchconv/convert-jpg2gif-query-1221.smt2
[runlim] argv[3]:		--ufReuse=1
[runlim] start:			Sat May 16 14:29:23 2020
[runlim] main pid:		21977
[Ablector] INFO: ABLECTOR TIME: 0.003718
[runlim] end:			Sat May 16 14:29:24 2020
[runlim] status:		ok
[runlim] result:		0
[runlim] children:		5
[runlim] real:			1.80 seconds
[runlim] time:			1.34 seconds
[runlim] space:			53.2 MB
[runlim] samples:		8
[runlim] version:		1.10
[runlim] time limit:		311040000 seconds
[runlim] real time limit:	1200 seconds
[runlim] space limit:		15000 MB
[runlim] argv[0]:		python3
[runlim] argv[1]:		/raid/steuber/Software/ablector/ablector
[runlim] argv[2]:		/raid/steuber/Benchmarks/2019/QF_BV/sage/app7/bench_8650.smt2
[runlim] argv[3]:		--ufReuse=1
[runlim] start:			Sat May 16 14:29:25 2020
[runlim] main pid:		21997
[Ablector] INFO: ABLECTOR TIME: 0.003675
[runlim] end:			Sat May 16 14:29:26 2020
[runlim] status:		ok
[runlim] result:		0
[runlim] children:		13
[runlim] real:			1.98 seconds
[runlim] time:			2.26 seconds
[runlim] space:			83.3 MB
[runlim] samples:		18
[runlim] version:		1.10
[runlim] time limit:		311040000 seconds
[runlim] real time limit:	1200 seconds
[runlim] space limit:		15000 MB
[runlim] argv[0]:		python3
[runlim] argv[1]:		/raid/steuber/Software/ablector/ablector
[runlim] argv[2]:		/raid/steuber/Benchmarks/2019/QF_BV/sage/app1/bench_416.smt2
[runlim] argv[3]:		--ufReuse=1
[runlim] start:			Sat May 16 14:29:27 2020
[runlim] main pid:		22017
[Ablector] INFO: ABLECTOR TIME: 0.003561
[runlim] end:			Sat May 16 14:29:27 2020
[runlim] status:		ok
[runlim] result:		0
[runlim] children:		0
[runlim] real:			0.77 seconds
[runlim] time:			0.97 seconds
[runlim] space:			37.6 MB
[runlim] samples:		4
[runlim] version:		1.10
[runlim] time limit:		311040000 seconds
[runlim] real time limit:	1200 seconds
[runlim] space limit:		15000 MB
[runlim] argv[0]:		python3
[runlim] argv[1]:		/raid/steuber/Software/ablector/ablector
[runlim] argv[2]:		/raid/steuber/Benchmarks/2019/QF_BV/sage/app7/bench_4828.smt2
[runlim] argv[3]:		--ufReuse=1
[runlim] start:			Sat May 16 14:29:28 2020
[runlim] main pid:		22037
[Ablector] INFO: ABLECTOR TIME: 0.003883
[runlim] end:			Sat May 16 14:29:28 2020
[runlim] status:		ok
[runlim] result:		0
[runlim] children:		1
[runlim] real:			0.73 seconds
[runlim] time:			1.03 seconds
[runlim] space:			43.9 MB
[runlim] samples:		6
[runlim] version:		1.10
[runlim] time limit:		311040000 seconds
[runlim] real time limit:	1200 seconds
[runlim] space limit:		15000 MB
[runlim] argv[0]:		python3
[runlim] argv[1]:		/raid/steuber/Software/ablector/ablector
[runlim] argv[2]:		/raid/steuber/Benchmarks/2019/QF_BV/sage/app9/bench_3107.smt2
[runlim] argv[3]:		--ufReuse=1
[runlim] start:			Sat May 16 14:29:29 2020
[runlim] main pid:		22057
[Ablector] INFO: *** ROUND 0
[MulNode] INFO: Level 0
[MulNode] INFO: Level 0
[MulNode] INFO: Level 0
[MulNode] INFO: Level 0
[MulNode] INFO: Level 0
[MulNode] INFO: Level 0
[MulNode] INFO: Level 0
[MulNode] INFO: Level 0
[MulNode] INFO: Level 0
[MulNode] INFO: Level 0
[MulNode] INFO: Level 0
[Ablector] INFO: ABLECTOR TIME: 0.187457
[Ablector] INFO: SAT TIME: 0.180651
[Ablector] INFO: REF TIME: 0.104830
[runlim] end:			Sat May 16 14:29:29 2020
[runlim] status:		ok
[runlim] result:		0
[runlim] children:		0
[runlim] real:			0.89 seconds
[runlim] time:			1.33 seconds
[runlim] space:			49.5 MB
[runlim] samples:		8
[runlim] version:		1.10
[runlim] time limit:		311040000 seconds
[runlim] real time limit:	1200 seconds
[runlim] space limit:		15000 MB
[runlim] argv[0]:		python3
[runlim] argv[1]:		/raid/steuber/Software/ablector/ablector
[runlim] argv[2]:		/raid/steuber/Benchmarks/2019/QF_BV/sage/app9/bench_3161.smt2
[runlim] argv[3]:		--ufReuse=1
[runlim] start:			Sat May 16 14:29:30 2020
[runlim] main pid:		22078
[Ablector] INFO: *** ROUND 0
[MulNode] INFO: Level 0
[MulNode] INFO: Level 0
[MulNode] INFO: Level 0
[MulNode] INFO: Level 0
[MulNode] INFO: Level 0
[MulNode] INFO: Level 0
[MulNode] INFO: Level 0
[MulNode] INFO: Level 0
[MulNode] INFO: Level 0
[MulNode] INFO: Level 0
[MulNode] INFO: Level 0
[Ablector] INFO: ABLECTOR TIME: 0.659631
[Ablector] INFO: SAT TIME: 0.652912
[Ablector] INFO: REF TIME: 0.107128
[runlim] end:			Sat May 16 14:29:31 2020
[runlim] status:		ok
[runlim] result:		0
[runlim] children:		0
[runlim] real:			1.49 seconds
[runlim] time:			1.76 seconds
[runlim] space:			51.8 MB
[runlim] samples:		12
[runlim] version:		1.10
[runlim] time limit:		311040000 seconds
[runlim] real time limit:	1200 seconds
[runlim] space limit:		15000 MB
[runlim] argv[0]:		python3
[runlim] argv[1]:		/raid/steuber/Software/ablector/ablector
[runlim] argv[2]:		/raid/steuber/Benchmarks/2019/QF_BV/20190311-bv-term-small-rw-Noetzli/bv-term-small-rw_1531.smt2
[runlim] argv[3]:		--ufReuse=1
[runlim] start:			Sat May 16 14:29:31 2020
[runlim] main pid:		22098
[Ablector] INFO: *** ROUND 0
[MulNode] INFO: Level 0
[Ablector] INFO: ABLECTOR TIME: 1.340416
[Ablector] INFO: SAT TIME: 1.335974
[Ablector] INFO: REF TIME: 0.010432
[runlim] end:			Sat May 16 14:29:33 2020
[runlim] status:		ok
[runlim] result:		0
[runlim] children:		0
[runlim] real:			2.66 seconds
[runlim] time:			2.31 seconds
[runlim] space:			45.0 MB
[runlim] samples:		18
[runlim] version:		1.10
[runlim] time limit:		311040000 seconds
[runlim] real time limit:	1200 seconds
[runlim] space limit:		15000 MB
[runlim] argv[0]:		python3
[runlim] argv[1]:		/raid/steuber/Software/ablector/ablector
[runlim] argv[2]:		/raid/steuber/Benchmarks/2019/QF_BV/sage/app7/bench_5641.smt2
[runlim] argv[3]:		--ufReuse=1
[runlim] start:			Sat May 16 14:29:34 2020
[runlim] main pid:		22118
[Ablector] INFO: ABLECTOR TIME: 0.003758
[runlim] end:			Sat May 16 14:29:34 2020
[runlim] status:		ok
[runlim] result:		0
[runlim] children:		1
[runlim] real:			0.49 seconds
[runlim] time:			0.97 seconds
[runlim] space:			41.3 MB
[runlim] samples:		4
[runlim] version:		1.10
[runlim] time limit:		311040000 seconds
[runlim] real time limit:	1200 seconds
[runlim] space limit:		15000 MB
[runlim] argv[0]:		python3
[runlim] argv[1]:		/raid/steuber/Software/ablector/ablector
[runlim] argv[2]:		/raid/steuber/Benchmarks/2019/QF_BV/sage/app7/bench_5902.smt2
[runlim] argv[3]:		--ufReuse=1
[runlim] start:			Sat May 16 14:29:34 2020
[runlim] main pid:		22138
[Ablector] INFO: ABLECTOR TIME: 0.003675
[runlim] end:			Sat May 16 14:29:35 2020
[runlim] status:		ok
[runlim] result:		0
[runlim] children:		0
[runlim] real:			1.29 seconds
[runlim] time:			0.95 seconds
[runlim] space:			37.9 MB
[runlim] samples:		4
[runlim] version:		1.10
[runlim] time limit:		311040000 seconds
[runlim] real time limit:	1200 seconds
[runlim] space limit:		15000 MB
[runlim] argv[0]:		python3
[runlim] argv[1]:		/raid/steuber/Software/ablector/ablector
[runlim] argv[2]:		/raid/steuber/Benchmarks/2019/QF_BV/sage/app7/bench_2751.smt2
[runlim] argv[3]:		--ufReuse=1
[runlim] start:			Sat May 16 14:29:35 2020
[runlim] main pid:		22158
[Ablector] INFO: ABLECTOR TIME: 0.003831
[runlim] end:			Sat May 16 14:29:36 2020
[runlim] status:		ok
[runlim] result:		0
[runlim] children:		3
[runlim] real:			1.32 seconds
[runlim] time:			1.15 seconds
[runlim] space:			50.7 MB
[runlim] samples:		6
[runlim] version:		1.10
[runlim] time limit:		311040000 seconds
[runlim] real time limit:	1200 seconds
[runlim] space limit:		15000 MB
[runlim] argv[0]:		python3
[runlim] argv[1]:		/raid/steuber/Software/ablector/ablector
[runlim] argv[2]:		/raid/steuber/Benchmarks/2019/QF_BV/Sage2/bench_8581.smt2
[runlim] argv[3]:		--ufReuse=1
[runlim] start:			Sat May 16 14:29:36 2020
[runlim] main pid:		22178
[Ablector] INFO: *** ROUND 0
[MulNode] INFO: Level 0
[MulNode] INFO: Level 0
[MulNode] INFO: Level 0
[MulNode] INFO: Level 0
[MulNode] INFO: Level 0
[MulNode] INFO: Level 0
[MulNode] INFO: Level 0
[MulNode] INFO: Level 0
[Ablector] INFO: ABLECTOR TIME: 0.155211
[Ablector] INFO: SAT TIME: 0.149173
[Ablector] INFO: REF TIME: 0.080888
[runlim] end:			Sat May 16 14:29:37 2020
[runlim] status:		ok
[runlim] result:		0
[runlim] children:		1
[runlim] real:			1.59 seconds
[runlim] time:			1.43 seconds
[runlim] space:			45.0 MB
[runlim] samples:		9
[runlim] version:		1.10
[runlim] time limit:		311040000 seconds
[runlim] real time limit:	1200 seconds
[runlim] space limit:		15000 MB
[runlim] argv[0]:		python3
[runlim] argv[1]:		/raid/steuber/Software/ablector/ablector
[runlim] argv[2]:		/raid/steuber/Benchmarks/2019/QF_BV/sage/app7/bench_6481.smt2
[runlim] argv[3]:		--ufReuse=1
[runlim] start:			Sat May 16 14:29:37 2020
[runlim] main pid:		22199
[Ablector] INFO: ABLECTOR TIME: 0.003757
[runlim] end:			Sat May 16 14:29:38 2020
[runlim] status:		ok
[runlim] result:		0
[runlim] children:		0
[runlim] real:			1.38 seconds
[runlim] time:			0.97 seconds
[runlim] space:			37.7 MB
[runlim] samples:		4
[runlim] version:		1.10
[runlim] time limit:		311040000 seconds
[runlim] real time limit:	1200 seconds
[runlim] space limit:		15000 MB
[runlim] argv[0]:		python3
[runlim] argv[1]:		/raid/steuber/Software/ablector/ablector
[runlim] argv[2]:		/raid/steuber/Benchmarks/2019/QF_BV/sage/app2/bench_671.smt2
[runlim] argv[3]:		--ufReuse=1
[runlim] start:			Sat May 16 14:29:38 2020
[runlim] main pid:		22219
[Ablector] INFO: ABLECTOR TIME: 0.003807
[runlim] end:			Sat May 16 14:29:39 2020
[runlim] status:		ok
[runlim] result:		0
[runlim] children:		1
[runlim] real:			1.24 seconds
[runlim] time:			0.99 seconds
[runlim] space:			41.2 MB
[runlim] samples:		5
[runlim] version:		1.10
[runlim] time limit:		311040000 seconds
[runlim] real time limit:	1200 seconds
[runlim] space limit:		15000 MB
[runlim] argv[0]:		python3
[runlim] argv[1]:		/raid/steuber/Software/ablector/ablector
[runlim] argv[2]:		/raid/steuber/Benchmarks/2019/QF_BV/sage/app11/bench_531.smt2
[runlim] argv[3]:		--ufReuse=1
[runlim] start:			Sat May 16 14:29:39 2020
[runlim] main pid:		22239
[Ablector] INFO: ABLECTOR TIME: 0.003940
[runlim] end:			Sat May 16 14:29:40 2020
[runlim] status:		ok
[runlim] result:		0
[runlim] children:		4
[runlim] real:			1.55 seconds
[runlim] time:			1.35 seconds
[runlim] space:			67.7 MB
[runlim] samples:		9
[runlim] version:		1.10
[runlim] time limit:		311040000 seconds
[runlim] real time limit:	1200 seconds
[runlim] space limit:		15000 MB
[runlim] argv[0]:		python3
[runlim] argv[1]:		/raid/steuber/Software/ablector/ablector
[runlim] argv[2]:		/raid/steuber/Benchmarks/2019/QF_BV/sage/app7/bench_5027.smt2
[runlim] argv[3]:		--ufReuse=1
[runlim] start:			Sat May 16 14:29:40 2020
[runlim] main pid:		22259
[Ablector] INFO: ABLECTOR TIME: 0.003805
[runlim] end:			Sat May 16 14:29:41 2020
[runlim] status:		ok
[runlim] result:		0
[runlim] children:		1
[runlim] real:			1.45 seconds
[runlim] time:			0.96 seconds
[runlim] space:			40.8 MB
[runlim] samples:		5
[runlim] version:		1.10
[runlim] time limit:		311040000 seconds
[runlim] real time limit:	1200 seconds
[runlim] space limit:		15000 MB
[runlim] argv[0]:		python3
[runlim] argv[1]:		/raid/steuber/Software/ablector/ablector
[runlim] argv[2]:		/raid/steuber/Benchmarks/2019/QF_BV/sage/app1/bench_132.smt2
[runlim] argv[3]:		--ufReuse=1
[runlim] start:			Sat May 16 14:29:41 2020
[runlim] main pid:		22279
[Ablector] INFO: ABLECTOR TIME: 0.003793
[runlim] end:			Sat May 16 14:29:42 2020
[runlim] status:		ok
[runlim] result:		0
[runlim] children:		0
[runlim] real:			1.25 seconds
[runlim] time:			0.95 seconds
[runlim] space:			37.6 MB
[runlim] samples:		4
[runlim] version:		1.10
[runlim] time limit:		311040000 seconds
[runlim] real time limit:	1200 seconds
[runlim] space limit:		15000 MB
[runlim] argv[0]:		python3
[runlim] argv[1]:		/raid/steuber/Software/ablector/ablector
[runlim] argv[2]:		/raid/steuber/Benchmarks/2019/QF_BV/Sage2/bench_7511.smt2
[runlim] argv[3]:		--ufReuse=1
[runlim] start:			Sat May 16 14:29:42 2020
[runlim] main pid:		22299
[Ablector] INFO: *** ROUND 0
[UdivNode] INFO: Level 0
[MulNode] INFO: Level 0
[MulNode] INFO: Level 0
[MulNode] INFO: Level 0
[MulNode] INFO: Level 0
[MulNode] INFO: Level 0
[MulNode] INFO: Level 0
[MulNode] INFO: Level 0
[MulNode] INFO: Level 0
[MulNode] INFO: Level 0
[MulNode] INFO: Level 0
[MulNode] INFO: Level 0
[MulNode] INFO: Level 0
[MulNode] INFO: Level 0
[MulNode] INFO: Level 0
[MulNode] INFO: Level 0
[MulNode] INFO: Level 0
[MulNode] INFO: Level 0
[MulNode] INFO: Level 0
[MulNode] INFO: Level 0
[MulNode] INFO: Level 0
[MulNode] INFO: Level 0
[MulNode] INFO: Level 0
[MulNode] INFO: Level 0
[MulNode] INFO: Level 0
[MulNode] INFO: Level 0
[MulNode] INFO: Level 0
[MulNode] INFO: Level 0
[MulNode] INFO: Level 0
[MulNode] INFO: Level 0
[MulNode] INFO: Level 0
[MulNode] INFO: Level 0
[MulNode] INFO: Level 0
[MulNode] INFO: Level 0
[MulNode] INFO: Level 0
[MulNode] INFO: Level 0
[MulNode] INFO: Level 0
[MulNode] INFO: Level 0
[MulNode] INFO: Level 0
[MulNode] INFO: Level 0
[MulNode] INFO: Level 0
[MulNode] INFO: Level 0
[MulNode] INFO: Level 0
[MulNode] INFO: Level 0
[MulNode] INFO: Level 0
[MulNode] INFO: Level 0
[MulNode] INFO: Level 0
[MulNode] INFO: Level 0
[MulNode] INFO: Level 0
[MulNode] INFO: Level 0
[MulNode] INFO: Level 0
[MulNode] INFO: Level 0
[MulNode] INFO: Level 0
[MulNode] INFO: Level 0
[UdivNode] INFO: Level 0
[MulNode] INFO: Level 0
[MulNode] INFO: Level 0
[UdivNode] INFO: Level 0
[MulNode] INFO: Level 0
[MulNode] INFO: Level 0
[UdivNode] INFO: Level 0
[MulNode] INFO: Level 0
[MulNode] INFO: Level 0
[UdivNode] INFO: Level 0
[MulNode] INFO: Level 0
[MulNode] INFO: Level 0
[UdivNode] INFO: Level 0
[MulNode] INFO: Level 0
[MulNode] INFO: Level 0
[UdivNode] INFO: Level 0
[MulNode] INFO: Level 0
[MulNode] INFO: Level 0
[MulNode] INFO: Level 0
[UdivNode] INFO: Level 0
[UdivNode] INFO: Level 0
[UdivNode] INFO: Level 0
[UdivNode] INFO: Level 0
[UdivNode] INFO: Level 0
[UdivNode] INFO: Level 0
[UdivNode] INFO: Level 0
[UdivNode] INFO: Level 0
[UdivNode] INFO: Level 0
[MulNode] INFO: Level 0
[MulNode] INFO: Level 0
[MulNode] INFO: Level 0
[UdivNode] INFO: Level 0
[MulNode] INFO: Level 0
[MulNode] INFO: Level 0
[MulNode] INFO: Level 0
[MulNode] INFO: Level 0
[UdivNode] INFO: Level 0
[MulNode] INFO: Level 0
[MulNode] INFO: Level 0
[MulNode] INFO: Level 0
[UdivNode] INFO: Level 0
[MulNode] INFO: Level 0
[MulNode] INFO: Level 0
[MulNode] INFO: Level 0
[UdivNode] INFO: Level 0
[MulNode] INFO: Level 0
[MulNode] INFO: Level 0
[MulNode] INFO: Level 0
[UdivNode] INFO: Level 0
[MulNode] INFO: Level 0
[MulNode] INFO: Level 0
[MulNode] INFO: Level 0
[MulNode] INFO: Level 0
[MulNode] INFO: Level 0
[MulNode] INFO: Level 0
[MulNode] INFO: Level 0
[MulNode] INFO: Level 0
[MulNode] INFO: Level 0
[Ablector] INFO: ABLECTOR TIME: 4.684621
[Ablector] INFO: SAT TIME: 4.661643
[Ablector] INFO: REF TIME: 0.929762
[runlim] end:			Sat May 16 14:29:48 2020
[runlim] status:		ok
[runlim] result:		0
[runlim] children:		0
[runlim] real:			6.11 seconds
[runlim] time:			6.05 seconds
[runlim] space:			165.8 MB
[runlim] samples:		55
[runlim] version:		1.10
[runlim] time limit:		311040000 seconds
[runlim] real time limit:	1200 seconds
[runlim] space limit:		15000 MB
[runlim] argv[0]:		python3
[runlim] argv[1]:		/raid/steuber/Software/ablector/ablector
[runlim] argv[2]:		/raid/steuber/Benchmarks/2019/QF_BV/Sage2/bench_7908.smt2
[runlim] argv[3]:		--ufReuse=1
[runlim] start:			Sat May 16 14:29:48 2020
[runlim] main pid:		22320
[Ablector] INFO: *** ROUND 0
[MulNode] INFO: Level 0
[Ablector] INFO: ABLECTOR TIME: 0.913818
[Ablector] INFO: SAT TIME: 0.908733
[Ablector] INFO: REF TIME: 0.011297
[runlim] end:			Sat May 16 14:29:49 2020
[runlim] status:		ok
[runlim] result:		0
[runlim] children:		1
[runlim] real:			1.97 seconds
[runlim] time:			2.06 seconds
[runlim] space:			48.8 MB
[runlim] samples:		15
[runlim] version:		1.10
[runlim] time limit:		311040000 seconds
[runlim] real time limit:	1200 seconds
[runlim] space limit:		15000 MB
[runlim] argv[0]:		python3
[runlim] argv[1]:		/raid/steuber/Software/ablector/ablector
[runlim] argv[2]:		/raid/steuber/Benchmarks/2019/QF_BV/Sage2/bench_16413.smt2
[runlim] argv[3]:		--ufReuse=1
[runlim] start:			Sat May 16 14:29:50 2020
[runlim] main pid:		22341
[Ablector] INFO: *** ROUND 0
[MulNode] INFO: Level 0
[Ablector] INFO: ABLECTOR TIME: 0.187302
[Ablector] INFO: SAT TIME: 0.182248
[Ablector] INFO: REF TIME: 0.013351
[runlim] end:			Sat May 16 14:29:51 2020
[runlim] status:		ok
[runlim] result:		0
[runlim] children:		0
[runlim] real:			1.03 seconds
[runlim] time:			1.25 seconds
[runlim] space:			42.6 MB
[runlim] samples:		7
[runlim] version:		1.10
[runlim] time limit:		311040000 seconds
[runlim] real time limit:	1200 seconds
[runlim] space limit:		15000 MB
[runlim] argv[0]:		python3
[runlim] argv[1]:		/raid/steuber/Software/ablector/ablector
[runlim] argv[2]:		/raid/steuber/Benchmarks/2019/QF_BV/sage/app12/bench_5429.smt2
[runlim] argv[3]:		--ufReuse=1
[runlim] start:			Sat May 16 14:29:51 2020
[runlim] main pid:		22362
[Ablector] INFO: ABLECTOR TIME: 0.003697
[runlim] end:			Sat May 16 14:29:51 2020
[runlim] status:		ok
[runlim] result:		0
[runlim] children:		0
[runlim] real:			0.85 seconds
[runlim] time:			0.96 seconds
[runlim] space:			38.0 MB
[runlim] samples:		4
[runlim] version:		1.10
[runlim] time limit:		311040000 seconds
[runlim] real time limit:	1200 seconds
[runlim] space limit:		15000 MB
[runlim] argv[0]:		python3
[runlim] argv[1]:		/raid/steuber/Software/ablector/ablector
[runlim] argv[2]:		/raid/steuber/Benchmarks/2019/QF_BV/sage/app7/bench_8458.smt2
[runlim] argv[3]:		--ufReuse=1
[runlim] start:			Sat May 16 14:29:52 2020
[runlim] main pid:		22382
[Ablector] INFO: ABLECTOR TIME: 0.003884
[runlim] end:			Sat May 16 14:29:54 2020
[runlim] status:		ok
[runlim] result:		0
[runlim] children:		14
[runlim] real:			2.01 seconds
[runlim] time:			2.26 seconds
[runlim] space:			83.6 MB
[runlim] samples:		18
[runlim] version:		1.10
[runlim] time limit:		311040000 seconds
[runlim] real time limit:	1200 seconds
[runlim] space limit:		15000 MB
[runlim] argv[0]:		python3
[runlim] argv[1]:		/raid/steuber/Software/ablector/ablector
[runlim] argv[2]:		/raid/steuber/Benchmarks/2019/QF_BV/Sage2/bench_12454.smt2
[runlim] argv[3]:		--ufReuse=1
[runlim] start:			Sat May 16 14:29:54 2020
[runlim] main pid:		22402
[Ablector] INFO: *** ROUND 0
[runlim] sample:		10.6 time, 10.4 real, 51.2 MB
[runlim] sample:		20.6 time, 20.4 real, 55.8 MB
[runlim] sample:		30.6 time, 30.4 real, 56.9 MB
[runlim] sample:		40.6 time, 40.4 real, 59.4 MB
[runlim] sample:		50.6 time, 50.4 real, 59.7 MB
[runlim] sample:		60.6 time, 60.4 real, 65.3 MB
[runlim] sample:		70.6 time, 70.4 real, 63.3 MB
[MulNode] INFO: Level 0
[MulNode] INFO: Level 0
[MulNode] INFO: Level 0
[MulNode] INFO: Level 0
[MulNode] INFO: Level 0
[MulNode] INFO: Level 0
[MulNode] INFO: Level 0
[MulNode] INFO: Level 0
[MulNode] INFO: Level 0
[MulNode] INFO: Level 0
[MulNode] INFO: Level 0
[Ablector] INFO: ABLECTOR TIME: 73.784532
[Ablector] INFO: SAT TIME: 73.778344
[Ablector] INFO: REF TIME: 0.103666
[runlim] end:			Sat May 16 14:31:08 2020
[runlim] status:		ok
[runlim] result:		0
[runlim] children:		0
[runlim] real:			74.66 seconds
[runlim] time:			74.87 seconds
[runlim] space:			65.6 MB
[runlim] samples:		743
[runlim] version:		1.10
[runlim] time limit:		311040000 seconds
[runlim] real time limit:	1200 seconds
[runlim] space limit:		15000 MB
[runlim] argv[0]:		python3
[runlim] argv[1]:		/raid/steuber/Software/ablector/ablector
[runlim] argv[2]:		/raid/steuber/Benchmarks/2019/QF_BV/bmc-bv-svcomp14/s3_clnt_3_true.BV.c.cil.c.21.smt2
[runlim] argv[3]:		--ufReuse=1
[runlim] start:			Sat May 16 14:31:09 2020
[runlim] main pid:		22436
[runlim] sample:		10.4 time, 10.1 real, 60.4 MB
[runlim] sample:		10.1 time, 20.1 real, 41.0 MB
[runlim] sample:		20.1 time, 30.1 real, 41.5 MB
[runlim] sample:		30.1 time, 40.1 real, 42.3 MB
[runlim] sample:		40.1 time, 50.1 real, 42.8 MB
[runlim] sample:		50.1 time, 60.1 real, 43.3 MB
[runlim] sample:		60.1 time, 70.1 real, 43.4 MB
[runlim] sample:		70.1 time, 80.1 real, 43.7 MB
[runlim] sample:		80.1 time, 90.1 real, 43.9 MB
[runlim] sample:		90.1 time, 100.1 real, 44.5 MB
[runlim] sample:		100.1 time, 110.1 real, 44.7 MB
[runlim] sample:		110.1 time, 120.1 real, 44.7 MB
[runlim] sample:		120.1 time, 130.1 real, 45.0 MB
[runlim] sample:		130.1 time, 140.1 real, 45.2 MB
[runlim] sample:		140.1 time, 150.1 real, 45.5 MB
[runlim] sample:		150.1 time, 160.1 real, 45.6 MB
[runlim] sample:		160.1 time, 170.1 real, 64.5 MB
[Ablector] INFO: *** ROUND 0
[MulNode] INFO: Level 0
[MulNode] INFO: Level 0
[MulNode] INFO: Level 0
[MulNode] INFO: Level 0
[MulNode] INFO: Level 0
[MulNode] INFO: Level 0
[MulNode] INFO: Level 0
[MulNode] INFO: Level 0
[MulNode] INFO: Level 0
[MulNode] INFO: Level 0
[MulNode] INFO: Level 0
[MulNode] INFO: Level 0
[MulNode] INFO: Level 0
[MulNode] INFO: Level 0
[MulNode] INFO: Level 0
[MulNode] INFO: Level 0
[MulNode] INFO: Level 0
[Ablector] INFO: ABLECTOR TIME: 2.718660
[Ablector] INFO: SAT TIME: 2.703530
[Ablector] INFO: REF TIME: 0.158260
[runlim] end:			Sat May 16 14:34:06 2020
[runlim] status:		ok
[runlim] result:		0
[runlim] children:		103
[runlim] real:			177.58 seconds
[runlim] time:			167.48 seconds
[runlim] space:			109.1 MB
[runlim] samples:		1774
[runlim] version:		1.10
[runlim] time limit:		311040000 seconds
[runlim] real time limit:	1200 seconds
[runlim] space limit:		15000 MB
[runlim] argv[0]:		python3
[runlim] argv[1]:		/raid/steuber/Software/ablector/ablector
[runlim] argv[2]:		/raid/steuber/Benchmarks/2019/QF_BV/Sage2/bench_3069.smt2
[runlim] argv[3]:		--ufReuse=1
[runlim] start:			Sat May 16 14:34:07 2020
[runlim] main pid:		22489
[Ablector] INFO: *** ROUND 0
[MulNode] INFO: Level 0
[MulNode] INFO: Level 0
[MulNode] INFO: Level 0
[MulNode] INFO: Level 0
[MulNode] INFO: Level 0
[MulNode] INFO: Level 0
[MulNode] INFO: Level 0
[MulNode] INFO: Level 0
[MulNode] INFO: Level 0
[MulNode] INFO: Level 0
[MulNode] INFO: Level 0
[MulNode] INFO: Level 0
[MulNode] INFO: Level 0
[MulNode] INFO: Level 0
[MulNode] INFO: Level 0
[MulNode] INFO: Level 0
[MulNode] INFO: Level 0
[MulNode] INFO: Level 0
[MulNode] INFO: Level 0
[MulNode] INFO: Level 0
[MulNode] INFO: Level 0
[MulNode] INFO: Level 0
[MulNode] INFO: Level 0
[MulNode] INFO: Level 0
[MulNode] INFO: Level 0
[MulNode] INFO: Level 0
[MulNode] INFO: Level 0
[MulNode] INFO: Level 0
[MulNode] INFO: Level 0
[MulNode] INFO: Level 0
[MulNode] INFO: Level 0
[MulNode] INFO: Level 0
[MulNode] INFO: Level 0
[MulNode] INFO: Level 0
[MulNode] INFO: Level 0
[MulNode] INFO: Level 0
[MulNode] INFO: Level 0
[MulNode] INFO: Level 0
[MulNode] INFO: Level 0
[MulNode] INFO: Level 0
[MulNode] INFO: Level 0
[MulNode] INFO: Level 0
[MulNode] INFO: Level 0
[MulNode] INFO: Level 0
[MulNode] INFO: Level 0
[MulNode] INFO: Level 0
[MulNode] INFO: Level 0
[MulNode] INFO: Level 0
[MulNode] INFO: Level 0
[MulNode] INFO: Level 0
[MulNode] INFO: Level 0
[MulNode] INFO: Level 0
[MulNode] INFO: Level 0
[MulNode] INFO: Level 0
[MulNode] INFO: Level 0
[MulNode] INFO: Level 0
[MulNode] INFO: Level 0
[MulNode] INFO: Level 0
[Ablector] INFO: ABLECTOR TIME: 5.106159
[Ablector] INFO: SAT TIME: 5.090600
[Ablector] INFO: REF TIME: 0.511349
[runlim] end:			Sat May 16 14:34:14 2020
[runlim] status:		ok
[runlim] result:		0
[runlim] children:		1
[runlim] real:			7.22 seconds
[runlim] time:			7.33 seconds
[runlim] space:			90.4 MB
[runlim] samples:		71
[runlim] version:		1.10
[runlim] time limit:		311040000 seconds
[runlim] real time limit:	1200 seconds
[runlim] space limit:		15000 MB
[runlim] argv[0]:		python3
[runlim] argv[1]:		/raid/steuber/Software/ablector/ablector
[runlim] argv[2]:		/raid/steuber/Benchmarks/2019/QF_BV/sage/app9/bench_2934.smt2
[runlim] argv[3]:		--ufReuse=1
[runlim] start:			Sat May 16 14:34:14 2020
[runlim] main pid:		22510
[Ablector] INFO: ABLECTOR TIME: 0.003581
[runlim] end:			Sat May 16 14:34:14 2020
[runlim] status:		ok
[runlim] result:		0
[runlim] children:		0
[runlim] real:			0.99 seconds
[runlim] time:			0.97 seconds
[runlim] space:			37.6 MB
[runlim] samples:		4
