[runlim] version:		1.10
[runlim] time limit:		311040000 seconds
[runlim] real time limit:	1200 seconds
[runlim] space limit:		15000 MB
[runlim] argv[0]:		python3
[runlim] argv[1]:		/raid/steuber/Software/ablector/ablector
[runlim] argv[2]:		/raid/steuber/Benchmarks/2019/QF_BV/20190311-bv-term-small-rw-Noetzli/bv-term-small-rw_949.smt2
[runlim] argv[3]:		--ufReuse=1
[runlim] start:			Sat May 16 15:50:28 2020
[runlim] main pid:		10648
[Ablector] INFO: ABLECTOR TIME: 0.003609
[runlim] end:			Sat May 16 15:50:28 2020
[runlim] status:		ok
[runlim] result:		0
[runlim] children:		0
[runlim] real:			0.53 seconds
[runlim] time:			0.94 seconds
[runlim] space:			37.6 MB
[runlim] samples:		4
[runlim] version:		1.10
[runlim] time limit:		311040000 seconds
[runlim] real time limit:	1200 seconds
[runlim] space limit:		15000 MB
[runlim] argv[0]:		python3
[runlim] argv[1]:		/raid/steuber/Software/ablector/ablector
[runlim] argv[2]:		/raid/steuber/Benchmarks/2019/QF_BV/sage/app7/bench_4727.smt2
[runlim] argv[3]:		--ufReuse=1
[runlim] start:			Sat May 16 15:50:28 2020
[runlim] main pid:		10668
[Ablector] INFO: ABLECTOR TIME: 0.004152
[runlim] end:			Sat May 16 15:50:29 2020
[runlim] status:		ok
[runlim] result:		0
[runlim] children:		2
[runlim] real:			1.44 seconds
[runlim] time:			1.07 seconds
[runlim] space:			45.9 MB
[runlim] samples:		5
[runlim] version:		1.10
[runlim] time limit:		311040000 seconds
[runlim] real time limit:	1200 seconds
[runlim] space limit:		15000 MB
[runlim] argv[0]:		python3
[runlim] argv[1]:		/raid/steuber/Software/ablector/ablector
[runlim] argv[2]:		/raid/steuber/Benchmarks/2019/QF_BV/sage/app2/bench_1142.smt2
[runlim] argv[3]:		--ufReuse=1
[runlim] start:			Sat May 16 15:50:29 2020
[runlim] main pid:		10688
[Ablector] INFO: ABLECTOR TIME: 0.003779
[runlim] end:			Sat May 16 15:50:30 2020
[runlim] status:		ok
[runlim] result:		0
[runlim] children:		0
[runlim] real:			1.28 seconds
[runlim] time:			0.98 seconds
[runlim] space:			37.3 MB
[runlim] samples:		4
[runlim] version:		1.10
[runlim] time limit:		311040000 seconds
[runlim] real time limit:	1200 seconds
[runlim] space limit:		15000 MB
[runlim] argv[0]:		python3
[runlim] argv[1]:		/raid/steuber/Software/ablector/ablector
[runlim] argv[2]:		/raid/steuber/Benchmarks/2019/QF_BV/Sage2/bench_12511.smt2
[runlim] argv[3]:		--ufReuse=1
[runlim] start:			Sat May 16 15:50:30 2020
[runlim] main pid:		10708
[Ablector] INFO: *** ROUND 0
[MulNode] INFO: Level 0
[MulNode] INFO: Level 0
[MulNode] INFO: Level 0
[MulNode] INFO: Level 0
[MulNode] INFO: Level 0
[MulNode] INFO: Level 0
[MulNode] INFO: Level 0
[MulNode] INFO: Level 0
[MulNode] INFO: Level 0
[MulNode] INFO: Level 0
[MulNode] INFO: Level 0
[MulNode] INFO: Level 0
[MulNode] INFO: Level 0
[MulNode] INFO: Level 0
[MulNode] INFO: Level 0
[MulNode] INFO: Level 0
[MulNode] INFO: Level 0
[MulNode] INFO: Level 0
[MulNode] INFO: Level 0
[MulNode] INFO: Level 0
[MulNode] INFO: Level 0
[MulNode] INFO: Level 0
[MulNode] INFO: Level 0
[MulNode] INFO: Level 0
[MulNode] INFO: Level 0
[MulNode] INFO: Level 0
[MulNode] INFO: Level 0
[MulNode] INFO: Level 0
[MulNode] INFO: Level 0
[MulNode] INFO: Level 0
[MulNode] INFO: Level 0
[MulNode] INFO: Level 0
[MulNode] INFO: Level 0
[MulNode] INFO: Level 0
[MulNode] INFO: Level 0
[MulNode] INFO: Level 0
[MulNode] INFO: Level 0
[MulNode] INFO: Level 0
[MulNode] INFO: Level 0
[MulNode] INFO: Level 0
[MulNode] INFO: Level 0
[MulNode] INFO: Level 0
[MulNode] INFO: Level 0
[MulNode] INFO: Level 0
[Ablector] INFO: ABLECTOR TIME: 1.509904
[Ablector] INFO: SAT TIME: 1.497014
[Ablector] INFO: REF TIME: 0.385063
[runlim] end:			Sat May 16 15:50:32 2020
[runlim] status:		ok
[runlim] result:		0
[runlim] children:		1
[runlim] real:			2.84 seconds
[runlim] time:			2.75 seconds
[runlim] space:			76.1 MB
[runlim] samples:		22
[runlim] version:		1.10
[runlim] time limit:		311040000 seconds
[runlim] real time limit:	1200 seconds
[runlim] space limit:		15000 MB
[runlim] argv[0]:		python3
[runlim] argv[1]:		/raid/steuber/Software/ablector/ablector
[runlim] argv[2]:		/raid/steuber/Benchmarks/2019/QF_BV/sage/app11/bench_372.smt2
[runlim] argv[3]:		--ufReuse=1
[runlim] start:			Sat May 16 15:50:33 2020
[runlim] main pid:		10729
[Ablector] INFO: ABLECTOR TIME: 0.004157
[runlim] end:			Sat May 16 15:50:34 2020
[runlim] status:		ok
[runlim] result:		0
[runlim] children:		5
[runlim] real:			1.10 seconds
[runlim] time:			1.35 seconds
[runlim] space:			68.1 MB
[runlim] samples:		9
[runlim] version:		1.10
[runlim] time limit:		311040000 seconds
[runlim] real time limit:	1200 seconds
[runlim] space limit:		15000 MB
[runlim] argv[0]:		python3
[runlim] argv[1]:		/raid/steuber/Software/ablector/ablector
[runlim] argv[2]:		/raid/steuber/Benchmarks/2019/QF_BV/sage/app1/bench_2290.smt2
[runlim] argv[3]:		--ufReuse=1
[runlim] start:			Sat May 16 15:50:34 2020
[runlim] main pid:		10749
[Ablector] INFO: ABLECTOR TIME: 0.003766
[runlim] end:			Sat May 16 15:50:34 2020
[runlim] status:		ok
[runlim] result:		0
[runlim] children:		0
[runlim] real:			0.88 seconds
[runlim] time:			0.97 seconds
[runlim] space:			37.6 MB
[runlim] samples:		4
[runlim] version:		1.10
[runlim] time limit:		311040000 seconds
[runlim] real time limit:	1200 seconds
[runlim] space limit:		15000 MB
[runlim] argv[0]:		python3
[runlim] argv[1]:		/raid/steuber/Software/ablector/ablector
[runlim] argv[2]:		/raid/steuber/Benchmarks/2019/QF_BV/sage/app7/bench_1680.smt2
[runlim] argv[3]:		--ufReuse=1
[runlim] start:			Sat May 16 15:50:35 2020
[runlim] main pid:		10769
[Ablector] INFO: ABLECTOR TIME: 0.003673
[runlim] end:			Sat May 16 15:50:36 2020
[runlim] status:		ok
[runlim] result:		0
[runlim] children:		5
[runlim] real:			1.18 seconds
[runlim] time:			1.35 seconds
[runlim] space:			59.4 MB
[runlim] samples:		9
[runlim] version:		1.10
[runlim] time limit:		311040000 seconds
[runlim] real time limit:	1200 seconds
[runlim] space limit:		15000 MB
[runlim] argv[0]:		python3
[runlim] argv[1]:		/raid/steuber/Software/ablector/ablector
[runlim] argv[2]:		/raid/steuber/Benchmarks/2019/QF_BV/Sage2/bench_13585.smt2
[runlim] argv[3]:		--ufReuse=1
[runlim] start:			Sat May 16 15:50:36 2020
[runlim] main pid:		10789
[Ablector] INFO: *** ROUND 0
[MulNode] INFO: Level 0
[MulNode] INFO: Level 0
[MulNode] INFO: Level 0
[MulNode] INFO: Level 0
[MulNode] INFO: Level 0
[MulNode] INFO: Level 0
[MulNode] INFO: Level 0
[MulNode] INFO: Level 0
[MulNode] INFO: Level 0
[MulNode] INFO: Level 0
[MulNode] INFO: Level 0
[MulNode] INFO: Level 0
[MulNode] INFO: Level 0
[MulNode] INFO: Level 0
[MulNode] INFO: Level 0
[MulNode] INFO: Level 0
[MulNode] INFO: Level 0
[MulNode] INFO: Level 0
[MulNode] INFO: Level 0
[MulNode] INFO: Level 0
[MulNode] INFO: Level 0
[MulNode] INFO: Level 0
[MulNode] INFO: Level 0
[MulNode] INFO: Level 0
[MulNode] INFO: Level 0
[MulNode] INFO: Level 0
[MulNode] INFO: Level 0
[MulNode] INFO: Level 0
[MulNode] INFO: Level 0
[MulNode] INFO: Level 0
[MulNode] INFO: Level 0
[MulNode] INFO: Level 0
[MulNode] INFO: Level 0
[MulNode] INFO: Level 0
[MulNode] INFO: Level 0
[MulNode] INFO: Level 0
[MulNode] INFO: Level 0
[MulNode] INFO: Level 0
[MulNode] INFO: Level 0
[MulNode] INFO: Level 0
[MulNode] INFO: Level 0
[MulNode] INFO: Level 0
[MulNode] INFO: Level 0
[MulNode] INFO: Level 0
[MulNode] INFO: Level 0
[MulNode] INFO: Level 0
[MulNode] INFO: Level 0
[MulNode] INFO: Level 0
[MulNode] INFO: Level 0
[MulNode] INFO: Level 0
[MulNode] INFO: Level 0
[MulNode] INFO: Level 0
[MulNode] INFO: Level 0
[MulNode] INFO: Level 0
[MulNode] INFO: Level 0
[MulNode] INFO: Level 0
[MulNode] INFO: Level 0
[MulNode] INFO: Level 0
[Ablector] INFO: ABLECTOR TIME: 7.718327
[Ablector] INFO: SAT TIME: 7.703659
[Ablector] INFO: REF TIME: 0.472815
[runlim] end:			Sat May 16 15:50:45 2020
[runlim] status:		ok
[runlim] result:		0
[runlim] children:		1
[runlim] real:			9.90 seconds
[runlim] time:			9.78 seconds
[runlim] space:			92.7 MB
[runlim] samples:		93
[runlim] version:		1.10
[runlim] time limit:		311040000 seconds
[runlim] real time limit:	1200 seconds
[runlim] space limit:		15000 MB
[runlim] argv[0]:		python3
[runlim] argv[1]:		/raid/steuber/Software/ablector/ablector
[runlim] argv[2]:		/raid/steuber/Benchmarks/2019/QF_BV/spear/wget_v1.10.2/src_wget_vc18755.smt2
[runlim] argv[3]:		--ufReuse=1
[runlim] start:			Sat May 16 15:50:46 2020
[runlim] main pid:		10809
[Ablector] INFO: *** ROUND 0
[Ablector] INFO: *** ROUND 1
[Ablector] INFO: *** ROUND 2
[SdivNode] INFO: Level 1
[MulNode] INFO: Level 1
[MulNode] INFO: Level 2
[SdivNode] INFO: Level 2
[SdivNode] INFO: Level 1
[MulNode] INFO: Level 1
[MulNode] INFO: Level 2
[SdivNode] INFO: Level 1
[Ablector] INFO: ABLECTOR TIME: 6.758862
[Ablector] INFO: SAT TIME: 6.753221
[Ablector] INFO: REF TIME: 0.206917
[runlim] end:			Sat May 16 15:50:53 2020
[runlim] status:		ok
[runlim] result:		0
[runlim] children:		0
[runlim] real:			7.54 seconds
[runlim] time:			7.74 seconds
[runlim] space:			78.0 MB
[runlim] samples:		72
[runlim] version:		1.10
[runlim] time limit:		311040000 seconds
[runlim] real time limit:	1200 seconds
[runlim] space limit:		15000 MB
[runlim] argv[0]:		python3
[runlim] argv[1]:		/raid/steuber/Software/ablector/ablector
[runlim] argv[2]:		/raid/steuber/Benchmarks/2019/QF_BV/Sage2/bench_1127.smt2
[runlim] argv[3]:		--ufReuse=1
[runlim] start:			Sat May 16 15:50:53 2020
[runlim] main pid:		10832
[Ablector] INFO: *** ROUND 0
[MulNode] INFO: Level 0
[MulNode] INFO: Level 0
[MulNode] INFO: Level 0
[MulNode] INFO: Level 0
[MulNode] INFO: Level 0
[MulNode] INFO: Level 0
[MulNode] INFO: Level 0
[MulNode] INFO: Level 0
[MulNode] INFO: Level 0
[MulNode] INFO: Level 0
[MulNode] INFO: Level 0
[MulNode] INFO: Level 0
[MulNode] INFO: Level 0
[MulNode] INFO: Level 0
[MulNode] INFO: Level 0
[MulNode] INFO: Level 0
[MulNode] INFO: Level 0
[MulNode] INFO: Level 0
[MulNode] INFO: Level 0
[MulNode] INFO: Level 0
[MulNode] INFO: Level 0
[MulNode] INFO: Level 0
[MulNode] INFO: Level 0
[MulNode] INFO: Level 0
[MulNode] INFO: Level 0
[MulNode] INFO: Level 0
[MulNode] INFO: Level 0
[MulNode] INFO: Level 0
[MulNode] INFO: Level 0
[MulNode] INFO: Level 0
[MulNode] INFO: Level 0
[MulNode] INFO: Level 0
[MulNode] INFO: Level 0
[MulNode] INFO: Level 0
[MulNode] INFO: Level 0
[MulNode] INFO: Level 0
[MulNode] INFO: Level 0
[MulNode] INFO: Level 0
[MulNode] INFO: Level 0
[MulNode] INFO: Level 0
[MulNode] INFO: Level 0
[MulNode] INFO: Level 0
[MulNode] INFO: Level 0
[Ablector] INFO: ABLECTOR TIME: 1.354285
[Ablector] INFO: SAT TIME: 1.341722
[Ablector] INFO: REF TIME: 0.452429
[runlim] end:			Sat May 16 15:50:56 2020
[runlim] status:		ok
[runlim] result:		0
[runlim] children:		1
[runlim] real:			3.89 seconds
[runlim] time:			3.49 seconds
[runlim] space:			75.1 MB
[runlim] samples:		30
[runlim] version:		1.10
[runlim] time limit:		311040000 seconds
[runlim] real time limit:	1200 seconds
[runlim] space limit:		15000 MB
[runlim] argv[0]:		python3
[runlim] argv[1]:		/raid/steuber/Software/ablector/ablector
[runlim] argv[2]:		/raid/steuber/Benchmarks/2019/QF_BV/sage/app7/bench_5643.smt2
[runlim] argv[3]:		--ufReuse=1
[runlim] start:			Sat May 16 15:50:57 2020
[runlim] main pid:		10852
[Ablector] INFO: ABLECTOR TIME: 0.003881
[runlim] end:			Sat May 16 15:50:57 2020
[runlim] status:		ok
[runlim] result:		0
[runlim] children:		0
[runlim] real:			0.73 seconds
[runlim] time:			0.98 seconds
[runlim] space:			37.7 MB
[runlim] samples:		4
[runlim] version:		1.10
[runlim] time limit:		311040000 seconds
[runlim] real time limit:	1200 seconds
[runlim] space limit:		15000 MB
[runlim] argv[0]:		python3
[runlim] argv[1]:		/raid/steuber/Software/ablector/ablector
[runlim] argv[2]:		/raid/steuber/Benchmarks/2019/QF_BV/sage/app5/bench_488.smt2
[runlim] argv[3]:		--ufReuse=1
[runlim] start:			Sat May 16 15:50:58 2020
[runlim] main pid:		10872
[Ablector] INFO: *** ROUND 0
[Ablector] INFO: *** ROUND 1
[Ablector] INFO: *** ROUND 2
[SdivNode] INFO: Level 2
[SdivNode] INFO: Level 2
[Ablector] INFO: ABLECTOR TIME: 0.255699
[Ablector] INFO: SAT TIME: 0.251150
[Ablector] INFO: REF TIME: 0.006796
[runlim] end:			Sat May 16 15:50:58 2020
[runlim] status:		ok
[runlim] result:		0
[runlim] children:		0
[runlim] real:			0.89 seconds
[runlim] time:			1.22 seconds
[runlim] space:			43.0 MB
[runlim] samples:		7
[runlim] version:		1.10
[runlim] time limit:		311040000 seconds
[runlim] real time limit:	1200 seconds
[runlim] space limit:		15000 MB
[runlim] argv[0]:		python3
[runlim] argv[1]:		/raid/steuber/Software/ablector/ablector
[runlim] argv[2]:		/raid/steuber/Benchmarks/2019/QF_BV/Sage2/bench_12870.smt2
[runlim] argv[3]:		--ufReuse=1
[runlim] start:			Sat May 16 15:50:59 2020
[runlim] main pid:		10892
[Ablector] INFO: *** ROUND 0
[MulNode] INFO: Level 0
[MulNode] INFO: Level 0
[MulNode] INFO: Level 0
[MulNode] INFO: Level 0
[MulNode] INFO: Level 0
[MulNode] INFO: Level 0
[MulNode] INFO: Level 0
[MulNode] INFO: Level 0
[MulNode] INFO: Level 0
[MulNode] INFO: Level 0
[MulNode] INFO: Level 0
[MulNode] INFO: Level 0
[MulNode] INFO: Level 0
[MulNode] INFO: Level 0
[MulNode] INFO: Level 0
[MulNode] INFO: Level 0
[MulNode] INFO: Level 0
[MulNode] INFO: Level 0
[MulNode] INFO: Level 0
[MulNode] INFO: Level 0
[MulNode] INFO: Level 0
[MulNode] INFO: Level 0
[MulNode] INFO: Level 0
[MulNode] INFO: Level 0
[MulNode] INFO: Level 0
[MulNode] INFO: Level 0
[MulNode] INFO: Level 0
[MulNode] INFO: Level 0
[MulNode] INFO: Level 0
[MulNode] INFO: Level 0
[MulNode] INFO: Level 0
[MulNode] INFO: Level 0
[MulNode] INFO: Level 0
[MulNode] INFO: Level 0
[Ablector] INFO: ABLECTOR TIME: 1.589753
[Ablector] INFO: SAT TIME: 1.578782
[Ablector] INFO: REF TIME: 0.306225
[runlim] end:			Sat May 16 15:51:01 2020
[runlim] status:		ok
[runlim] result:		0
[runlim] children:		0
[runlim] real:			2.52 seconds
[runlim] time:			2.69 seconds
[runlim] space:			66.8 MB
[runlim] samples:		22
[runlim] version:		1.10
[runlim] time limit:		311040000 seconds
[runlim] real time limit:	1200 seconds
[runlim] space limit:		15000 MB
[runlim] argv[0]:		python3
[runlim] argv[1]:		/raid/steuber/Software/ablector/ablector
[runlim] argv[2]:		/raid/steuber/Benchmarks/2019/QF_BV/sage/app7/bench_6630.smt2
[runlim] argv[3]:		--ufReuse=1
[runlim] start:			Sat May 16 15:51:01 2020
[runlim] main pid:		10913
[Ablector] INFO: *** ROUND 0
[MulNode] INFO: Level 0
[Ablector] INFO: ABLECTOR TIME: 0.032755
[Ablector] INFO: SAT TIME: 0.027748
[Ablector] INFO: REF TIME: 0.010468
[runlim] end:			Sat May 16 15:51:02 2020
[runlim] status:		ok
[runlim] result:		0
[runlim] children:		0
[runlim] real:			1.36 seconds
[runlim] time:			0.97 seconds
[runlim] space:			39.3 MB
[runlim] samples:		4
[runlim] version:		1.10
[runlim] time limit:		311040000 seconds
[runlim] real time limit:	1200 seconds
[runlim] space limit:		15000 MB
[runlim] argv[0]:		python3
[runlim] argv[1]:		/raid/steuber/Software/ablector/ablector
[runlim] argv[2]:		/raid/steuber/Benchmarks/2019/QF_BV/sage/app2/bench_38.smt2
[runlim] argv[3]:		--ufReuse=1
[runlim] start:			Sat May 16 15:51:02 2020
[runlim] main pid:		10933
[Ablector] INFO: *** ROUND 0
[SdivNode] INFO: Level 0
[MulNode] INFO: Level 0
[MulNode] INFO: Level 0
[SdivNode] INFO: Level 0
[MulNode] INFO: Level 0
[MulNode] INFO: Level 0
[SdivNode] INFO: Level 0
[Ablector] INFO: ABLECTOR TIME: 0.067296
[Ablector] INFO: SAT TIME: 0.060813
[Ablector] INFO: REF TIME: 0.042741
[runlim] end:			Sat May 16 15:51:03 2020
[runlim] status:		ok
[runlim] result:		0
[runlim] children:		0
[runlim] real:			1.29 seconds
[runlim] time:			1.07 seconds
[runlim] space:			41.8 MB
[runlim] samples:		5
[runlim] version:		1.10
[runlim] time limit:		311040000 seconds
[runlim] real time limit:	1200 seconds
[runlim] space limit:		15000 MB
[runlim] argv[0]:		python3
[runlim] argv[1]:		/raid/steuber/Software/ablector/ablector
[runlim] argv[2]:		/raid/steuber/Benchmarks/2019/QF_BV/sage/app7/bench_5317.smt2
[runlim] argv[3]:		--ufReuse=1
[runlim] start:			Sat May 16 15:51:03 2020
[runlim] main pid:		10955
[Ablector] INFO: ABLECTOR TIME: 0.003853
[runlim] end:			Sat May 16 15:51:04 2020
[runlim] status:		ok
[runlim] result:		0
[runlim] children:		1
[runlim] real:			1.12 seconds
[runlim] time:			0.96 seconds
[runlim] space:			41.8 MB
[runlim] samples:		4
[runlim] version:		1.10
[runlim] time limit:		311040000 seconds
[runlim] real time limit:	1200 seconds
[runlim] space limit:		15000 MB
[runlim] argv[0]:		python3
[runlim] argv[1]:		/raid/steuber/Software/ablector/ablector
[runlim] argv[2]:		/raid/steuber/Benchmarks/2019/QF_BV/Sage2/bench_8542.smt2
[runlim] argv[3]:		--ufReuse=1
[runlim] start:			Sat May 16 15:51:04 2020
[runlim] main pid:		10975
[Ablector] INFO: *** ROUND 0
[MulNode] INFO: Level 0
[MulNode] INFO: Level 0
[MulNode] INFO: Level 0
[MulNode] INFO: Level 0
[MulNode] INFO: Level 0
[MulNode] INFO: Level 0
[MulNode] INFO: Level 0
[MulNode] INFO: Level 0
[MulNode] INFO: Level 0
[MulNode] INFO: Level 0
[MulNode] INFO: Level 0
[MulNode] INFO: Level 0
[MulNode] INFO: Level 0
[MulNode] INFO: Level 0
[MulNode] INFO: Level 0
[MulNode] INFO: Level 0
[MulNode] INFO: Level 0
[MulNode] INFO: Level 0
[MulNode] INFO: Level 0
[MulNode] INFO: Level 0
[MulNode] INFO: Level 0
[MulNode] INFO: Level 0
[MulNode] INFO: Level 0
[MulNode] INFO: Level 0
[MulNode] INFO: Level 0
[MulNode] INFO: Level 0
[MulNode] INFO: Level 0
[MulNode] INFO: Level 0
[MulNode] INFO: Level 0
[MulNode] INFO: Level 0
[MulNode] INFO: Level 0
[MulNode] INFO: Level 0
[MulNode] INFO: Level 0
[MulNode] INFO: Level 0
[MulNode] INFO: Level 0
[MulNode] INFO: Level 0
[MulNode] INFO: Level 0
[MulNode] INFO: Level 0
[MulNode] INFO: Level 0
[MulNode] INFO: Level 0
[MulNode] INFO: Level 0
[MulNode] INFO: Level 0
[MulNode] INFO: Level 0
[MulNode] INFO: Level 0
[MulNode] INFO: Level 0
[MulNode] INFO: Level 0
[MulNode] INFO: Level 0
[MulNode] INFO: Level 0
[MulNode] INFO: Level 0
[MulNode] INFO: Level 0
[MulNode] INFO: Level 0
[MulNode] INFO: Level 0
[MulNode] INFO: Level 0
[MulNode] INFO: Level 0
[MulNode] INFO: Level 0
[MulNode] INFO: Level 0
[MulNode] INFO: Level 0
[MulNode] INFO: Level 0
[MulNode] INFO: Level 0
[MulNode] INFO: Level 0
[MulNode] INFO: Level 0
[MulNode] INFO: Level 0
[MulNode] INFO: Level 0
[MulNode] INFO: Level 0
[MulNode] INFO: Level 0
[MulNode] INFO: Level 0
[MulNode] INFO: Level 0
[MulNode] INFO: Level 0
[MulNode] INFO: Level 0
[MulNode] INFO: Level 0
[MulNode] INFO: Level 0
[MulNode] INFO: Level 0
[MulNode] INFO: Level 0
[MulNode] INFO: Level 0
[MulNode] INFO: Level 0
[MulNode] INFO: Level 0
[MulNode] INFO: Level 0
[MulNode] INFO: Level 0
[MulNode] INFO: Level 0
[MulNode] INFO: Level 0
[MulNode] INFO: Level 0
[MulNode] INFO: Level 0
[Ablector] INFO: ABLECTOR TIME: 3.733778
[Ablector] INFO: SAT TIME: 3.699491
[Ablector] INFO: REF TIME: 0.684901
[runlim] end:			Sat May 16 15:51:11 2020
[runlim] status:		ok
[runlim] result:		0
[runlim] children:		2
[runlim] real:			7.48 seconds
[runlim] time:			7.34 seconds
[runlim] space:			378.8 MB
[runlim] samples:		70
[runlim] version:		1.10
[runlim] time limit:		311040000 seconds
[runlim] real time limit:	1200 seconds
[runlim] space limit:		15000 MB
[runlim] argv[0]:		python3
[runlim] argv[1]:		/raid/steuber/Software/ablector/ablector
[runlim] argv[2]:		/raid/steuber/Benchmarks/2019/QF_BV/sage/app9/bench_2237.smt2
[runlim] argv[3]:		--ufReuse=1
[runlim] start:			Sat May 16 15:51:11 2020
[runlim] main pid:		10997
[Ablector] INFO: ABLECTOR TIME: 0.003780
[runlim] end:			Sat May 16 15:51:12 2020
[runlim] status:		ok
[runlim] result:		0
[runlim] children:		0
[runlim] real:			1.30 seconds
[runlim] time:			0.98 seconds
[runlim] space:			37.8 MB
[runlim] samples:		4
[runlim] version:		1.10
[runlim] time limit:		311040000 seconds
[runlim] real time limit:	1200 seconds
[runlim] space limit:		15000 MB
[runlim] argv[0]:		python3
[runlim] argv[1]:		/raid/steuber/Software/ablector/ablector
[runlim] argv[2]:		/raid/steuber/Benchmarks/2019/QF_BV/sage/app1/bench_754.smt2
[runlim] argv[3]:		--ufReuse=1
[runlim] start:			Sat May 16 15:51:12 2020
[runlim] main pid:		11017
[Ablector] INFO: *** ROUND 0
[SdivNode] INFO: Level 0
[SdivNode] INFO: Level 0
[SdivNode] INFO: Level 0
[SdivNode] INFO: Level 0
[SdivNode] INFO: Level 0
[SdivNode] INFO: Level 0
[Ablector] INFO: ABLECTOR TIME: 0.045001
[Ablector] INFO: SAT TIME: 0.039793
[Ablector] INFO: REF TIME: 0.008307
[runlim] end:			Sat May 16 15:51:13 2020
[runlim] status:		ok
[runlim] result:		0
[runlim] children:		0
[runlim] real:			1.14 seconds
[runlim] time:			0.95 seconds
[runlim] space:			41.9 MB
[runlim] samples:		4
[runlim] version:		1.10
[runlim] time limit:		311040000 seconds
[runlim] real time limit:	1200 seconds
[runlim] space limit:		15000 MB
[runlim] argv[0]:		python3
[runlim] argv[1]:		/raid/steuber/Software/ablector/ablector
[runlim] argv[2]:		/raid/steuber/Benchmarks/2019/QF_BV/sage/app7/bench_8648.smt2
[runlim] argv[3]:		--ufReuse=1
[runlim] start:			Sat May 16 15:51:13 2020
[runlim] main pid:		11037
[Ablector] INFO: ABLECTOR TIME: 0.003967
[runlim] end:			Sat May 16 15:51:15 2020
[runlim] status:		ok
[runlim] result:		0
[runlim] children:		14
[runlim] real:			2.27 seconds
[runlim] time:			2.25 seconds
[runlim] space:			83.6 MB
[runlim] samples:		17
[runlim] version:		1.10
[runlim] time limit:		311040000 seconds
[runlim] real time limit:	1200 seconds
[runlim] space limit:		15000 MB
[runlim] argv[0]:		python3
[runlim] argv[1]:		/raid/steuber/Software/ablector/ablector
[runlim] argv[2]:		/raid/steuber/Benchmarks/2019/QF_BV/sage/app2/bench_1178.smt2
[runlim] argv[3]:		--ufReuse=1
[runlim] start:			Sat May 16 15:51:15 2020
[runlim] main pid:		11057
[Ablector] INFO: ABLECTOR TIME: 0.003839
[runlim] end:			Sat May 16 15:51:16 2020
[runlim] status:		ok
[runlim] result:		0
[runlim] children:		1
[runlim] real:			1.12 seconds
[runlim] time:			0.98 seconds
[runlim] space:			37.7 MB
[runlim] samples:		4
[runlim] version:		1.10
[runlim] time limit:		311040000 seconds
[runlim] real time limit:	1200 seconds
[runlim] space limit:		15000 MB
[runlim] argv[0]:		python3
[runlim] argv[1]:		/raid/steuber/Software/ablector/ablector
[runlim] argv[2]:		/raid/steuber/Benchmarks/2019/QF_BV/sage/app7/bench_4407.smt2
[runlim] argv[3]:		--ufReuse=1
[runlim] start:			Sat May 16 15:51:16 2020
[runlim] main pid:		11077
[Ablector] INFO: ABLECTOR TIME: 0.004002
[runlim] end:			Sat May 16 15:51:17 2020
[runlim] status:		ok
[runlim] result:		0
[runlim] children:		2
[runlim] real:			1.06 seconds
[runlim] time:			1.04 seconds
[runlim] space:			46.5 MB
[runlim] samples:		5
[runlim] version:		1.10
[runlim] time limit:		311040000 seconds
[runlim] real time limit:	1200 seconds
[runlim] space limit:		15000 MB
[runlim] argv[0]:		python3
[runlim] argv[1]:		/raid/steuber/Software/ablector/ablector
[runlim] argv[2]:		/raid/steuber/Benchmarks/2019/QF_BV/Sage2/bench_9117.smt2
[runlim] argv[3]:		--ufReuse=1
[runlim] start:			Sat May 16 15:51:17 2020
[runlim] main pid:		11097
[Ablector] INFO: *** ROUND 0
[MulNode] INFO: Level 0
[MulNode] INFO: Level 0
[MulNode] INFO: Level 0
[MulNode] INFO: Level 0
[MulNode] INFO: Level 0
[MulNode] INFO: Level 0
[MulNode] INFO: Level 0
[MulNode] INFO: Level 0
[MulNode] INFO: Level 0
[MulNode] INFO: Level 0
[MulNode] INFO: Level 0
[MulNode] INFO: Level 0
[MulNode] INFO: Level 0
[MulNode] INFO: Level 0
[MulNode] INFO: Level 0
[MulNode] INFO: Level 0
[MulNode] INFO: Level 0
[MulNode] INFO: Level 0
[MulNode] INFO: Level 0
[MulNode] INFO: Level 0
[MulNode] INFO: Level 0
[MulNode] INFO: Level 0
[MulNode] INFO: Level 0
[MulNode] INFO: Level 0
[MulNode] INFO: Level 0
[MulNode] INFO: Level 0
[MulNode] INFO: Level 0
[MulNode] INFO: Level 0
[MulNode] INFO: Level 0
[MulNode] INFO: Level 0
[MulNode] INFO: Level 0
[MulNode] INFO: Level 0
[MulNode] INFO: Level 0
[MulNode] INFO: Level 0
[MulNode] INFO: Level 0
[MulNode] INFO: Level 0
[MulNode] INFO: Level 0
[MulNode] INFO: Level 0
[MulNode] INFO: Level 0
[MulNode] INFO: Level 0
[MulNode] INFO: Level 0
[MulNode] INFO: Level 0
[MulNode] INFO: Level 0
[MulNode] INFO: Level 0
[MulNode] INFO: Level 0
[MulNode] INFO: Level 0
[MulNode] INFO: Level 0
[MulNode] INFO: Level 0
[MulNode] INFO: Level 0
[MulNode] INFO: Level 0
[MulNode] INFO: Level 0
[MulNode] INFO: Level 0
[MulNode] INFO: Level 0
[MulNode] INFO: Level 0
[MulNode] INFO: Level 0
[MulNode] INFO: Level 0
[MulNode] INFO: Level 0
[MulNode] INFO: Level 0
[MulNode] INFO: Level 0
[MulNode] INFO: Level 0
[MulNode] INFO: Level 0
[MulNode] INFO: Level 0
[MulNode] INFO: Level 0
[MulNode] INFO: Level 0
[MulNode] INFO: Level 0
[MulNode] INFO: Level 0
[MulNode] INFO: Level 0
[MulNode] INFO: Level 0
[MulNode] INFO: Level 0
[MulNode] INFO: Level 0
[MulNode] INFO: Level 0
[MulNode] INFO: Level 0
[MulNode] INFO: Level 0
[MulNode] INFO: Level 0
[MulNode] INFO: Level 0
[MulNode] INFO: Level 0
[MulNode] INFO: Level 0
[MulNode] INFO: Level 0
[MulNode] INFO: Level 0
[Ablector] INFO: ABLECTOR TIME: 3.664301
[Ablector] INFO: SAT TIME: 3.630773
[Ablector] INFO: REF TIME: 0.650090
[runlim] end:			Sat May 16 15:51:24 2020
[runlim] status:		ok
[runlim] result:		0
[runlim] children:		1
[runlim] real:			7.42 seconds
[runlim] time:			7.38 seconds
[runlim] space:			378.7 MB
[runlim] samples:		70
[runlim] version:		1.10
[runlim] time limit:		311040000 seconds
[runlim] real time limit:	1200 seconds
[runlim] space limit:		15000 MB
[runlim] argv[0]:		python3
[runlim] argv[1]:		/raid/steuber/Software/ablector/ablector
[runlim] argv[2]:		/raid/steuber/Benchmarks/2019/QF_BV/sage/app9/bench_426.smt2
[runlim] argv[3]:		--ufReuse=1
[runlim] start:			Sat May 16 15:51:24 2020
[runlim] main pid:		11118
[Ablector] INFO: ABLECTOR TIME: 0.003854
[runlim] end:			Sat May 16 15:51:25 2020
[runlim] status:		ok
[runlim] result:		0
[runlim] children:		1
[runlim] real:			1.24 seconds
[runlim] time:			0.98 seconds
[runlim] space:			37.8 MB
[runlim] samples:		4
[runlim] version:		1.10
[runlim] time limit:		311040000 seconds
[runlim] real time limit:	1200 seconds
[runlim] space limit:		15000 MB
[runlim] argv[0]:		python3
[runlim] argv[1]:		/raid/steuber/Software/ablector/ablector
[runlim] argv[2]:		/raid/steuber/Benchmarks/2019/QF_BV/sage/app8/bench_802.smt2
[runlim] argv[3]:		--ufReuse=1
[runlim] start:			Sat May 16 15:51:25 2020
[runlim] main pid:		11138
[Ablector] INFO: ABLECTOR TIME: 0.003727
[runlim] end:			Sat May 16 15:51:26 2020
[runlim] status:		ok
[runlim] result:		0
[runlim] children:		0
[runlim] real:			1.07 seconds
[runlim] time:			0.97 seconds
[runlim] space:			37.5 MB
[runlim] samples:		4
[runlim] version:		1.10
[runlim] time limit:		311040000 seconds
[runlim] real time limit:	1200 seconds
[runlim] space limit:		15000 MB
[runlim] argv[0]:		python3
[runlim] argv[1]:		/raid/steuber/Software/ablector/ablector
[runlim] argv[2]:		/raid/steuber/Benchmarks/2019/QF_BV/sage/app7/bench_4035.smt2
[runlim] argv[3]:		--ufReuse=1
[runlim] start:			Sat May 16 15:51:26 2020
[runlim] main pid:		11158
[Ablector] INFO: ABLECTOR TIME: 0.003960
[runlim] end:			Sat May 16 15:51:27 2020
[runlim] status:		ok
[runlim] result:		0
[runlim] children:		1
[runlim] real:			1.05 seconds
[runlim] time:			1.00 seconds
[runlim] space:			44.6 MB
[runlim] samples:		6
[runlim] version:		1.10
[runlim] time limit:		311040000 seconds
[runlim] real time limit:	1200 seconds
[runlim] space limit:		15000 MB
[runlim] argv[0]:		python3
[runlim] argv[1]:		/raid/steuber/Software/ablector/ablector
[runlim] argv[2]:		/raid/steuber/Benchmarks/2019/QF_BV/sage/app9/bench_2983.smt2
[runlim] argv[3]:		--ufReuse=1
[runlim] start:			Sat May 16 15:51:27 2020
[runlim] main pid:		11178
[Ablector] INFO: *** ROUND 0
[MulNode] INFO: Level 0
[MulNode] INFO: Level 0
[MulNode] INFO: Level 0
[MulNode] INFO: Level 0
[MulNode] INFO: Level 0
[MulNode] INFO: Level 0
[MulNode] INFO: Level 0
[MulNode] INFO: Level 0
[MulNode] INFO: Level 0
[MulNode] INFO: Level 0
[MulNode] INFO: Level 0
[Ablector] INFO: ABLECTOR TIME: 0.361663
[Ablector] INFO: SAT TIME: 0.354509
[Ablector] INFO: REF TIME: 0.112575
[runlim] end:			Sat May 16 15:51:28 2020
[runlim] status:		ok
[runlim] result:		0
[runlim] children:		0
[runlim] real:			1.41 seconds
[runlim] time:			1.55 seconds
[runlim] space:			57.7 MB
[runlim] samples:		10
[runlim] version:		1.10
[runlim] time limit:		311040000 seconds
[runlim] real time limit:	1200 seconds
[runlim] space limit:		15000 MB
[runlim] argv[0]:		python3
[runlim] argv[1]:		/raid/steuber/Software/ablector/ablector
[runlim] argv[2]:		/raid/steuber/Benchmarks/2019/QF_BV/brummayerbiere2/smulov3bw0032.smt2
[runlim] argv[3]:		--ufReuse=1
[runlim] start:			Sat May 16 15:51:28 2020
[runlim] main pid:		11198
[Ablector] INFO: *** ROUND 0
[Ablector] INFO: *** ROUND 1
[MulNode] INFO: Level 1
[Ablector] INFO: ABLECTOR TIME: 0.333996
[Ablector] INFO: SAT TIME: 0.329327
[Ablector] INFO: REF TIME: 0.025020
[runlim] end:			Sat May 16 15:51:29 2020
[runlim] status:		ok
[runlim] result:		0
[runlim] children:		1
[runlim] real:			1.58 seconds
[runlim] time:			1.34 seconds
[runlim] space:			44.9 MB
[runlim] samples:		8
[runlim] version:		1.10
[runlim] time limit:		311040000 seconds
[runlim] real time limit:	1200 seconds
[runlim] space limit:		15000 MB
[runlim] argv[0]:		python3
[runlim] argv[1]:		/raid/steuber/Software/ablector/ablector
[runlim] argv[2]:		/raid/steuber/Benchmarks/2019/QF_BV/sage/app7/bench_369.smt2
[runlim] argv[3]:		--ufReuse=1
[runlim] start:			Sat May 16 15:51:29 2020
[runlim] main pid:		11218
[Ablector] INFO: ABLECTOR TIME: 0.004085
[runlim] end:			Sat May 16 15:51:31 2020
[runlim] status:		ok
[runlim] result:		0
[runlim] children:		13
[runlim] real:			2.67 seconds
[runlim] time:			2.14 seconds
[runlim] space:			81.7 MB
[runlim] samples:		17
[runlim] version:		1.10
[runlim] time limit:		311040000 seconds
[runlim] real time limit:	1200 seconds
[runlim] space limit:		15000 MB
[runlim] argv[0]:		python3
[runlim] argv[1]:		/raid/steuber/Software/ablector/ablector
[runlim] argv[2]:		/raid/steuber/Benchmarks/2019/QF_BV/Sage2/bench_17025.smt2
[runlim] argv[3]:		--ufReuse=1
[runlim] start:			Sat May 16 15:51:32 2020
[runlim] main pid:		11238
[Ablector] INFO: *** ROUND 0
[MulNode] INFO: Level 0
[Ablector] INFO: ABLECTOR TIME: 1.958226
[Ablector] INFO: SAT TIME: 1.951632
[Ablector] INFO: REF TIME: 0.010993
[runlim] end:			Sat May 16 15:51:34 2020
[runlim] status:		ok
[runlim] result:		0
[runlim] children:		0
[runlim] real:			2.69 seconds
[runlim] time:			3.12 seconds
[runlim] space:			67.3 MB
[runlim] samples:		26
[runlim] version:		1.10
[runlim] time limit:		311040000 seconds
[runlim] real time limit:	1200 seconds
[runlim] space limit:		15000 MB
[runlim] argv[0]:		python3
[runlim] argv[1]:		/raid/steuber/Software/ablector/ablector
[runlim] argv[2]:		/raid/steuber/Benchmarks/2019/QF_BV/sage/app7/bench_5037.smt2
[runlim] argv[3]:		--ufReuse=1
[runlim] start:			Sat May 16 15:51:35 2020
[runlim] main pid:		11258
[Ablector] INFO: ABLECTOR TIME: 0.003865
[runlim] end:			Sat May 16 15:51:35 2020
[runlim] status:		ok
[runlim] result:		0
[runlim] children:		1
[runlim] real:			0.60 seconds
[runlim] time:			0.97 seconds
[runlim] space:			37.8 MB
[runlim] samples:		5
[runlim] version:		1.10
[runlim] time limit:		311040000 seconds
[runlim] real time limit:	1200 seconds
[runlim] space limit:		15000 MB
[runlim] argv[0]:		python3
[runlim] argv[1]:		/raid/steuber/Software/ablector/ablector
[runlim] argv[2]:		/raid/steuber/Benchmarks/2019/QF_BV/sage/app9/bench_439.smt2
[runlim] argv[3]:		--ufReuse=1
[runlim] start:			Sat May 16 15:51:35 2020
[runlim] main pid:		11278
[Ablector] INFO: ABLECTOR TIME: 0.003819
[runlim] end:			Sat May 16 15:51:36 2020
[runlim] status:		ok
[runlim] result:		0
[runlim] children:		0
[runlim] real:			1.38 seconds
[runlim] time:			0.96 seconds
[runlim] space:			37.7 MB
[runlim] samples:		4
[runlim] version:		1.10
[runlim] time limit:		311040000 seconds
[runlim] real time limit:	1200 seconds
[runlim] space limit:		15000 MB
[runlim] argv[0]:		python3
[runlim] argv[1]:		/raid/steuber/Software/ablector/ablector
[runlim] argv[2]:		/raid/steuber/Benchmarks/2019/QF_BV/sage/app8/bench_342.smt2
[runlim] argv[3]:		--ufReuse=1
[runlim] start:			Sat May 16 15:51:36 2020
[runlim] main pid:		11298
[Ablector] INFO: ABLECTOR TIME: 0.003725
[runlim] end:			Sat May 16 15:51:37 2020
[runlim] status:		ok
[runlim] result:		0
[runlim] children:		0
[runlim] real:			1.21 seconds
[runlim] time:			0.95 seconds
[runlim] space:			37.9 MB
[runlim] samples:		4
[runlim] version:		1.10
[runlim] time limit:		311040000 seconds
[runlim] real time limit:	1200 seconds
[runlim] space limit:		15000 MB
[runlim] argv[0]:		python3
[runlim] argv[1]:		/raid/steuber/Software/ablector/ablector
[runlim] argv[2]:		/raid/steuber/Benchmarks/2019/QF_BV/sage/app7/bench_4479.smt2
[runlim] argv[3]:		--ufReuse=1
[runlim] start:			Sat May 16 15:51:37 2020
[runlim] main pid:		11318
[Ablector] INFO: ABLECTOR TIME: 0.004017
[runlim] end:			Sat May 16 15:51:38 2020
[runlim] status:		ok
[runlim] result:		0
[runlim] children:		2
[runlim] real:			1.13 seconds
[runlim] time:			1.06 seconds
[runlim] space:			47.3 MB
[runlim] samples:		5
[runlim] version:		1.10
[runlim] time limit:		311040000 seconds
[runlim] real time limit:	1200 seconds
[runlim] space limit:		15000 MB
[runlim] argv[0]:		python3
[runlim] argv[1]:		/raid/steuber/Software/ablector/ablector
[runlim] argv[2]:		/raid/steuber/Benchmarks/2019/QF_BV/sage/app8/bench_3176.smt2
[runlim] argv[3]:		--ufReuse=1
[runlim] start:			Sat May 16 15:51:38 2020
[runlim] main pid:		11338
[Ablector] INFO: ABLECTOR TIME: 0.003836
[runlim] end:			Sat May 16 15:51:38 2020
[runlim] status:		ok
[runlim] result:		0
[runlim] children:		1
[runlim] real:			0.97 seconds
[runlim] time:			0.98 seconds
[runlim] space:			39.5 MB
[runlim] samples:		4
[runlim] version:		1.10
[runlim] time limit:		311040000 seconds
[runlim] real time limit:	1200 seconds
[runlim] space limit:		15000 MB
[runlim] argv[0]:		python3
[runlim] argv[1]:		/raid/steuber/Software/ablector/ablector
[runlim] argv[2]:		/raid/steuber/Benchmarks/2019/QF_BV/sage/app1/bench_2009.smt2
[runlim] argv[3]:		--ufReuse=1
[runlim] start:			Sat May 16 15:51:39 2020
[runlim] main pid:		11358
[Ablector] INFO: *** ROUND 0
[MulNode] INFO: Level 0
[MulNode] INFO: Level 0
[MulNode] INFO: Level 0
[MulNode] INFO: Level 0
[MulNode] INFO: Level 0
[Ablector] INFO: ABLECTOR TIME: 0.905588
[Ablector] INFO: SAT TIME: 0.899502
[Ablector] INFO: REF TIME: 0.048132
[runlim] end:			Sat May 16 15:51:40 2020
[runlim] status:		ok
[runlim] result:		0
[runlim] children:		0
[runlim] real:			1.94 seconds
[runlim] time:			2.14 seconds
[runlim] space:			56.0 MB
[runlim] samples:		16
[runlim] version:		1.10
[runlim] time limit:		311040000 seconds
[runlim] real time limit:	1200 seconds
[runlim] space limit:		15000 MB
[runlim] argv[0]:		python3
[runlim] argv[1]:		/raid/steuber/Software/ablector/ablector
[runlim] argv[2]:		/raid/steuber/Benchmarks/2019/QF_BV/sage/app8/bench_744.smt2
[runlim] argv[3]:		--ufReuse=1
[runlim] start:			Sat May 16 15:51:41 2020
[runlim] main pid:		11378
[Ablector] INFO: *** ROUND 0
[MulNode] INFO: Level 0
[MulNode] INFO: Level 0
[MulNode] INFO: Level 0
[MulNode] INFO: Level 0
[MulNode] INFO: Level 0
[MulNode] INFO: Level 0
[MulNode] INFO: Level 0
[MulNode] INFO: Level 0
[MulNode] INFO: Level 0
[MulNode] INFO: Level 0
[MulNode] INFO: Level 0
[Ablector] INFO: ABLECTOR TIME: 0.226142
[Ablector] INFO: SAT TIME: 0.219226
[Ablector] INFO: REF TIME: 0.107136
[runlim] end:			Sat May 16 15:51:42 2020
[runlim] status:		ok
[runlim] result:		0
[runlim] children:		0
[runlim] real:			1.12 seconds
[runlim] time:			1.37 seconds
[runlim] space:			49.1 MB
[runlim] samples:		8
[runlim] version:		1.10
[runlim] time limit:		311040000 seconds
[runlim] real time limit:	1200 seconds
[runlim] space limit:		15000 MB
[runlim] argv[0]:		python3
[runlim] argv[1]:		/raid/steuber/Software/ablector/ablector
[runlim] argv[2]:		/raid/steuber/Benchmarks/2019/QF_BV/sage/app8/bench_51.smt2
[runlim] argv[3]:		--ufReuse=1
[runlim] start:			Sat May 16 15:51:42 2020
[runlim] main pid:		11398
[Ablector] INFO: ABLECTOR TIME: 0.003886
[runlim] end:			Sat May 16 15:51:42 2020
[runlim] status:		ok
[runlim] result:		0
[runlim] children:		0
[runlim] real:			0.95 seconds
[runlim] time:			0.97 seconds
[runlim] space:			36.9 MB
[runlim] samples:		4
[runlim] version:		1.10
[runlim] time limit:		311040000 seconds
[runlim] real time limit:	1200 seconds
[runlim] space limit:		15000 MB
[runlim] argv[0]:		python3
[runlim] argv[1]:		/raid/steuber/Software/ablector/ablector
[runlim] argv[2]:		/raid/steuber/Benchmarks/2019/QF_BV/sage/app11/bench_340.smt2
[runlim] argv[3]:		--ufReuse=1
[runlim] start:			Sat May 16 15:51:43 2020
[runlim] main pid:		11418
[Ablector] INFO: ABLECTOR TIME: 0.003885
[runlim] end:			Sat May 16 15:51:44 2020
[runlim] status:		ok
[runlim] result:		0
[runlim] children:		5
[runlim] real:			1.21 seconds
[runlim] time:			1.35 seconds
[runlim] space:			68.3 MB
[runlim] samples:		9
[runlim] version:		1.10
[runlim] time limit:		311040000 seconds
[runlim] real time limit:	1200 seconds
[runlim] space limit:		15000 MB
[runlim] argv[0]:		python3
[runlim] argv[1]:		/raid/steuber/Software/ablector/ablector
[runlim] argv[2]:		/raid/steuber/Benchmarks/2019/QF_BV/Sage2/bench_4185.smt2
[runlim] argv[3]:		--ufReuse=1
[runlim] start:			Sat May 16 15:51:44 2020
[runlim] main pid:		11438
[Ablector] INFO: *** ROUND 0
[MulNode] INFO: Level 0
[MulNode] INFO: Level 0
[MulNode] INFO: Level 0
[MulNode] INFO: Level 0
[MulNode] INFO: Level 0
[MulNode] INFO: Level 0
[MulNode] INFO: Level 0
[Ablector] INFO: ABLECTOR TIME: 2.223948
[Ablector] INFO: SAT TIME: 2.217217
[Ablector] INFO: REF TIME: 0.068040
[runlim] end:			Sat May 16 15:51:47 2020
[runlim] status:		ok
[runlim] result:		0
[runlim] children:		0
[runlim] real:			3.23 seconds
[runlim] time:			3.17 seconds
[runlim] space:			45.0 MB
[runlim] samples:		26
[runlim] version:		1.10
[runlim] time limit:		311040000 seconds
[runlim] real time limit:	1200 seconds
[runlim] space limit:		15000 MB
[runlim] argv[0]:		python3
[runlim] argv[1]:		/raid/steuber/Software/ablector/ablector
[runlim] argv[2]:		/raid/steuber/Benchmarks/2019/QF_BV/sage/app7/bench_5872.smt2
[runlim] argv[3]:		--ufReuse=1
[runlim] start:			Sat May 16 15:51:47 2020
[runlim] main pid:		11459
[Ablector] INFO: ABLECTOR TIME: 0.003790
[runlim] end:			Sat May 16 15:51:48 2020
[runlim] status:		ok
[runlim] result:		0
[runlim] children:		1
[runlim] real:			1.05 seconds
[runlim] time:			0.98 seconds
[runlim] space:			39.3 MB
[runlim] samples:		4
[runlim] version:		1.10
[runlim] time limit:		311040000 seconds
[runlim] real time limit:	1200 seconds
[runlim] space limit:		15000 MB
[runlim] argv[0]:		python3
[runlim] argv[1]:		/raid/steuber/Software/ablector/ablector
[runlim] argv[2]:		/raid/steuber/Benchmarks/2019/QF_BV/Sage2/bench_1604.smt2
[runlim] argv[3]:		--ufReuse=1
[runlim] start:			Sat May 16 15:51:48 2020
[runlim] main pid:		11479
[Ablector] INFO: ABLECTOR TIME: 0.003869
[runlim] end:			Sat May 16 15:51:48 2020
[runlim] status:		ok
[runlim] result:		0
[runlim] children:		0
[runlim] real:			0.83 seconds
[runlim] time:			0.98 seconds
[runlim] space:			37.7 MB
[runlim] samples:		4
[runlim] version:		1.10
[runlim] time limit:		311040000 seconds
[runlim] real time limit:	1200 seconds
[runlim] space limit:		15000 MB
[runlim] argv[0]:		python3
[runlim] argv[1]:		/raid/steuber/Software/ablector/ablector
[runlim] argv[2]:		/raid/steuber/Benchmarks/2019/QF_BV/sage/app7/bench_3933.smt2
[runlim] argv[3]:		--ufReuse=1
[runlim] start:			Sat May 16 15:51:49 2020
[runlim] main pid:		11499
[Ablector] INFO: ABLECTOR TIME: 0.003919
[runlim] end:			Sat May 16 15:51:49 2020
[runlim] status:		ok
[runlim] result:		0
[runlim] children:		1
[runlim] real:			0.83 seconds
[runlim] time:			1.05 seconds
[runlim] space:			43.9 MB
[runlim] samples:		6
[runlim] version:		1.10
[runlim] time limit:		311040000 seconds
[runlim] real time limit:	1200 seconds
[runlim] space limit:		15000 MB
[runlim] argv[0]:		python3
[runlim] argv[1]:		/raid/steuber/Software/ablector/ablector
[runlim] argv[2]:		/raid/steuber/Benchmarks/2019/QF_BV/Sage2/bench_15618.smt2
[runlim] argv[3]:		--ufReuse=1
[runlim] start:			Sat May 16 15:51:50 2020
[runlim] main pid:		11519
[Ablector] INFO: *** ROUND 0
[MulNode] INFO: Level 0
[MulNode] INFO: Level 0
[MulNode] INFO: Level 0
[UdivNode] INFO: Level 0
[MulNode] INFO: Level 0
[MulNode] INFO: Level 0
[MulNode] INFO: Level 0
[MulNode] INFO: Level 0
[MulNode] INFO: Level 0
[MulNode] INFO: Level 0
[MulNode] INFO: Level 0
[MulNode] INFO: Level 0
[MulNode] INFO: Level 0
[MulNode] INFO: Level 0
[MulNode] INFO: Level 0
[MulNode] INFO: Level 0
[MulNode] INFO: Level 0
[MulNode] INFO: Level 0
[MulNode] INFO: Level 0
[MulNode] INFO: Level 0
[MulNode] INFO: Level 0
[MulNode] INFO: Level 0
[MulNode] INFO: Level 0
[MulNode] INFO: Level 0
[MulNode] INFO: Level 0
[MulNode] INFO: Level 0
[MulNode] INFO: Level 0
[MulNode] INFO: Level 0
[MulNode] INFO: Level 0
[MulNode] INFO: Level 0
[MulNode] INFO: Level 0
[MulNode] INFO: Level 0
[UdivNode] INFO: Level 0
[MulNode] INFO: Level 0
[MulNode] INFO: Level 0
[MulNode] INFO: Level 0
[MulNode] INFO: Level 0
[MulNode] INFO: Level 0
[MulNode] INFO: Level 0
[MulNode] INFO: Level 0
[MulNode] INFO: Level 0
[MulNode] INFO: Level 0
[MulNode] INFO: Level 0
[MulNode] INFO: Level 0
[MulNode] INFO: Level 0
[MulNode] INFO: Level 0
[MulNode] INFO: Level 0
[MulNode] INFO: Level 0
[MulNode] INFO: Level 0
[MulNode] INFO: Level 0
[MulNode] INFO: Level 0
[MulNode] INFO: Level 0
[MulNode] INFO: Level 0
[MulNode] INFO: Level 0
[MulNode] INFO: Level 0
[MulNode] INFO: Level 0
[MulNode] INFO: Level 0
[MulNode] INFO: Level 0
[MulNode] INFO: Level 0
[MulNode] INFO: Level 0
[MulNode] INFO: Level 0
[MulNode] INFO: Level 0
[MulNode] INFO: Level 0
[MulNode] INFO: Level 0
[MulNode] INFO: Level 0
[MulNode] INFO: Level 0
[MulNode] INFO: Level 0
[Ablector] INFO: ABLECTOR TIME: 1.455159
[Ablector] INFO: SAT TIME: 1.437982
[Ablector] INFO: REF TIME: 0.611019
[runlim] end:			Sat May 16 15:51:52 2020
[runlim] status:		ok
[runlim] result:		0
[runlim] children:		1
[runlim] real:			2.80 seconds
[runlim] time:			3.12 seconds
[runlim] space:			133.8 MB
[runlim] samples:		26
[runlim] version:		1.10
[runlim] time limit:		311040000 seconds
[runlim] real time limit:	1200 seconds
[runlim] space limit:		15000 MB
[runlim] argv[0]:		python3
[runlim] argv[1]:		/raid/steuber/Software/ablector/ablector
[runlim] argv[2]:		/raid/steuber/Benchmarks/2019/QF_BV/sage/app7/bench_6071.smt2
[runlim] argv[3]:		--ufReuse=1
[runlim] start:			Sat May 16 15:51:53 2020
[runlim] main pid:		11541
[Ablector] INFO: ABLECTOR TIME: 0.003979
[runlim] end:			Sat May 16 15:51:53 2020
[runlim] status:		ok
[runlim] result:		0
[runlim] children:		0
[runlim] real:			0.59 seconds
[runlim] time:			0.96 seconds
[runlim] space:			37.6 MB
[runlim] samples:		4
[runlim] version:		1.10
[runlim] time limit:		311040000 seconds
[runlim] real time limit:	1200 seconds
[runlim] space limit:		15000 MB
[runlim] argv[0]:		python3
[runlim] argv[1]:		/raid/steuber/Software/ablector/ablector
[runlim] argv[2]:		/raid/steuber/Benchmarks/2019/QF_BV/Sage2/bench_12036.smt2
[runlim] argv[3]:		--ufReuse=1
[runlim] start:			Sat May 16 15:51:53 2020
[runlim] main pid:		11561
[Ablector] INFO: *** ROUND 0
[MulNode] INFO: Level 0
[MulNode] INFO: Level 0
[MulNode] INFO: Level 0
[MulNode] INFO: Level 0
[MulNode] INFO: Level 0
[MulNode] INFO: Level 0
[MulNode] INFO: Level 0
[MulNode] INFO: Level 0
[MulNode] INFO: Level 0
[MulNode] INFO: Level 0
[MulNode] INFO: Level 0
[MulNode] INFO: Level 0
[MulNode] INFO: Level 0
[MulNode] INFO: Level 0
[MulNode] INFO: Level 0
[MulNode] INFO: Level 0
[MulNode] INFO: Level 0
[MulNode] INFO: Level 0
[MulNode] INFO: Level 0
[MulNode] INFO: Level 0
[MulNode] INFO: Level 0
[MulNode] INFO: Level 0
[MulNode] INFO: Level 0
[MulNode] INFO: Level 0
[MulNode] INFO: Level 0
[MulNode] INFO: Level 0
[MulNode] INFO: Level 0
[MulNode] INFO: Level 0
[MulNode] INFO: Level 0
[MulNode] INFO: Level 0
[MulNode] INFO: Level 0
[MulNode] INFO: Level 0
[MulNode] INFO: Level 0
[MulNode] INFO: Level 0
[MulNode] INFO: Level 0
[MulNode] INFO: Level 0
[MulNode] INFO: Level 0
[MulNode] INFO: Level 0
[MulNode] INFO: Level 0
[MulNode] INFO: Level 0
[MulNode] INFO: Level 0
[MulNode] INFO: Level 0
[MulNode] INFO: Level 0
[MulNode] INFO: Level 0
[MulNode] INFO: Level 0
[MulNode] INFO: Level 0
[MulNode] INFO: Level 0
[MulNode] INFO: Level 0
[MulNode] INFO: Level 0
[MulNode] INFO: Level 0
[MulNode] INFO: Level 0
[MulNode] INFO: Level 0
[MulNode] INFO: Level 0
[MulNode] INFO: Level 0
[MulNode] INFO: Level 0
[MulNode] INFO: Level 0
[MulNode] INFO: Level 0
[MulNode] INFO: Level 0
[MulNode] INFO: Level 0
[MulNode] INFO: Level 0
[MulNode] INFO: Level 0
[MulNode] INFO: Level 0
[MulNode] INFO: Level 0
[MulNode] INFO: Level 0
[MulNode] INFO: Level 0
[MulNode] INFO: Level 0
[MulNode] INFO: Level 0
[MulNode] INFO: Level 0
[MulNode] INFO: Level 0
[MulNode] INFO: Level 0
[MulNode] INFO: Level 0
[MulNode] INFO: Level 0
[MulNode] INFO: Level 0
[MulNode] INFO: Level 0
[MulNode] INFO: Level 0
[MulNode] INFO: Level 0
[MulNode] INFO: Level 0
[MulNode] INFO: Level 0
[MulNode] INFO: Level 0
[MulNode] INFO: Level 0
[MulNode] INFO: Level 0
[MulNode] INFO: Level 0
[MulNode] INFO: Level 0
[MulNode] INFO: Level 0
[MulNode] INFO: Level 0
[MulNode] INFO: Level 0
[MulNode] INFO: Level 0
[MulNode] INFO: Level 0
[MulNode] INFO: Level 0
[MulNode] INFO: Level 0
[MulNode] INFO: Level 0
[MulNode] INFO: Level 0
[MulNode] INFO: Level 0
[MulNode] INFO: Level 0
[MulNode] INFO: Level 0
[MulNode] INFO: Level 0
[MulNode] INFO: Level 0
[MulNode] INFO: Level 0
[MulNode] INFO: Level 0
[MulNode] INFO: Level 0
[MulNode] INFO: Level 0
[MulNode] INFO: Level 0
[MulNode] INFO: Level 0
[MulNode] INFO: Level 0
[MulNode] INFO: Level 0
[MulNode] INFO: Level 0
[MulNode] INFO: Level 0
[MulNode] INFO: Level 0
[MulNode] INFO: Level 0
[MulNode] INFO: Level 0
[MulNode] INFO: Level 0
[MulNode] INFO: Level 0
[MulNode] INFO: Level 0
[MulNode] INFO: Level 0
[MulNode] INFO: Level 0
[MulNode] INFO: Level 0
[MulNode] INFO: Level 0
[MulNode] INFO: Level 0
[MulNode] INFO: Level 0
[MulNode] INFO: Level 0
[MulNode] INFO: Level 0
[MulNode] INFO: Level 0
[MulNode] INFO: Level 0
[MulNode] INFO: Level 0
[MulNode] INFO: Level 0
[MulNode] INFO: Level 0
[MulNode] INFO: Level 0
[MulNode] INFO: Level 0
[MulNode] INFO: Level 0
[MulNode] INFO: Level 0
[MulNode] INFO: Level 0
[MulNode] INFO: Level 0
[MulNode] INFO: Level 0
[MulNode] INFO: Level 0
[MulNode] INFO: Level 0
[MulNode] INFO: Level 0
[MulNode] INFO: Level 0
[MulNode] INFO: Level 0
[MulNode] INFO: Level 0
[Ablector] INFO: ABLECTOR TIME: 4.191640
[Ablector] INFO: SAT TIME: 4.148259
[Ablector] INFO: REF TIME: 1.151480
[runlim] end:			Sat May 16 15:52:01 2020
[runlim] status:		ok
[runlim] result:		0
[runlim] children:		3
[runlim] real:			8.78 seconds
[runlim] time:			8.15 seconds
[runlim] space:			382.8 MB
[runlim] samples:		78
[runlim] version:		1.10
[runlim] time limit:		311040000 seconds
[runlim] real time limit:	1200 seconds
[runlim] space limit:		15000 MB
[runlim] argv[0]:		python3
[runlim] argv[1]:		/raid/steuber/Software/ablector/ablector
[runlim] argv[2]:		/raid/steuber/Benchmarks/2019/QF_BV/Sage2/bench_4136.smt2
[runlim] argv[3]:		--ufReuse=1
[runlim] start:			Sat May 16 15:52:02 2020
[runlim] main pid:		11581
[Ablector] INFO: *** ROUND 0
[MulNode] INFO: Level 0
[MulNode] INFO: Level 0
[MulNode] INFO: Level 0
[MulNode] INFO: Level 0
[MulNode] INFO: Level 0
[MulNode] INFO: Level 0
[MulNode] INFO: Level 0
[MulNode] INFO: Level 0
[MulNode] INFO: Level 0
[MulNode] INFO: Level 0
[MulNode] INFO: Level 0
[MulNode] INFO: Level 0
[MulNode] INFO: Level 0
[MulNode] INFO: Level 0
[MulNode] INFO: Level 0
[MulNode] INFO: Level 0
[MulNode] INFO: Level 0
[MulNode] INFO: Level 0
[MulNode] INFO: Level 0
[MulNode] INFO: Level 0
[MulNode] INFO: Level 0
[MulNode] INFO: Level 0
[MulNode] INFO: Level 0
[MulNode] INFO: Level 0
[MulNode] INFO: Level 0
[MulNode] INFO: Level 0
[MulNode] INFO: Level 0
[MulNode] INFO: Level 0
[MulNode] INFO: Level 0
[MulNode] INFO: Level 0
[MulNode] INFO: Level 0
[MulNode] INFO: Level 0
[MulNode] INFO: Level 0
[MulNode] INFO: Level 0
[MulNode] INFO: Level 0
[MulNode] INFO: Level 0
[MulNode] INFO: Level 0
[MulNode] INFO: Level 0
[MulNode] INFO: Level 0
[MulNode] INFO: Level 0
[MulNode] INFO: Level 0
[MulNode] INFO: Level 0
[MulNode] INFO: Level 0
[MulNode] INFO: Level 0
[MulNode] INFO: Level 0
[MulNode] INFO: Level 0
[MulNode] INFO: Level 0
[MulNode] INFO: Level 0
[MulNode] INFO: Level 0
[MulNode] INFO: Level 0
[MulNode] INFO: Level 0
[MulNode] INFO: Level 0
[MulNode] INFO: Level 0
[MulNode] INFO: Level 0
[MulNode] INFO: Level 0
[MulNode] INFO: Level 0
[MulNode] INFO: Level 0
[MulNode] INFO: Level 0
[MulNode] INFO: Level 0
[MulNode] INFO: Level 0
[MulNode] INFO: Level 0
[MulNode] INFO: Level 0
[MulNode] INFO: Level 0
[MulNode] INFO: Level 0
[MulNode] INFO: Level 0
[MulNode] INFO: Level 0
[MulNode] INFO: Level 0
[MulNode] INFO: Level 0
[MulNode] INFO: Level 0
[MulNode] INFO: Level 0
[MulNode] INFO: Level 0
[MulNode] INFO: Level 0
[MulNode] INFO: Level 0
[MulNode] INFO: Level 0
[MulNode] INFO: Level 0
[MulNode] INFO: Level 0
[MulNode] INFO: Level 0
[MulNode] INFO: Level 0
[MulNode] INFO: Level 0
[MulNode] INFO: Level 0
[MulNode] INFO: Level 0
[MulNode] INFO: Level 0
[MulNode] INFO: Level 0
[MulNode] INFO: Level 0
[MulNode] INFO: Level 0
[MulNode] INFO: Level 0
[MulNode] INFO: Level 0
[MulNode] INFO: Level 0
[MulNode] INFO: Level 0
[MulNode] INFO: Level 0
[MulNode] INFO: Level 0
[MulNode] INFO: Level 0
[MulNode] INFO: Level 0
[MulNode] INFO: Level 0
[MulNode] INFO: Level 0
[MulNode] INFO: Level 0
[MulNode] INFO: Level 0
[MulNode] INFO: Level 0
[MulNode] INFO: Level 0
[MulNode] INFO: Level 0
[MulNode] INFO: Level 0
[MulNode] INFO: Level 0
[MulNode] INFO: Level 0
[MulNode] INFO: Level 0
[MulNode] INFO: Level 0
[MulNode] INFO: Level 0
[MulNode] INFO: Level 0
[MulNode] INFO: Level 0
[MulNode] INFO: Level 0
[MulNode] INFO: Level 0
[MulNode] INFO: Level 0
[MulNode] INFO: Level 0
[MulNode] INFO: Level 0
[MulNode] INFO: Level 0
[MulNode] INFO: Level 0
[MulNode] INFO: Level 0
[MulNode] INFO: Level 0
[MulNode] INFO: Level 0
[MulNode] INFO: Level 0
[MulNode] INFO: Level 0
[MulNode] INFO: Level 0
[MulNode] INFO: Level 0
[MulNode] INFO: Level 0
[MulNode] INFO: Level 0
[MulNode] INFO: Level 0
[MulNode] INFO: Level 0
[MulNode] INFO: Level 0
[MulNode] INFO: Level 0
[MulNode] INFO: Level 0
[MulNode] INFO: Level 0
[MulNode] INFO: Level 0
[MulNode] INFO: Level 0
[MulNode] INFO: Level 0
[MulNode] INFO: Level 0
[MulNode] INFO: Level 0
[MulNode] INFO: Level 0
[MulNode] INFO: Level 0
[MulNode] INFO: Level 0
[MulNode] INFO: Level 0
[Ablector] INFO: ABLECTOR TIME: 4.212263
[Ablector] INFO: SAT TIME: 4.167992
[Ablector] INFO: REF TIME: 1.122254
[runlim] end:			Sat May 16 15:52:10 2020
[runlim] status:		ok
[runlim] result:		0
[runlim] children:		3
[runlim] real:			8.15 seconds
[runlim] time:			8.04 seconds
[runlim] space:			447.2 MB
[runlim] samples:		79
[runlim] version:		1.10
[runlim] time limit:		311040000 seconds
[runlim] real time limit:	1200 seconds
[runlim] space limit:		15000 MB
[runlim] argv[0]:		python3
[runlim] argv[1]:		/raid/steuber/Software/ablector/ablector
[runlim] argv[2]:		/raid/steuber/Benchmarks/2019/QF_BV/Sage2/bench_14096.smt2
[runlim] argv[3]:		--ufReuse=1
[runlim] start:			Sat May 16 15:52:10 2020
[runlim] main pid:		11604
[Ablector] INFO: *** ROUND 0
[MulNode] INFO: Level 0
[MulNode] INFO: Level 0
[MulNode] INFO: Level 0
[MulNode] INFO: Level 0
[MulNode] INFO: Level 0
[MulNode] INFO: Level 0
[MulNode] INFO: Level 0
[MulNode] INFO: Level 0
[MulNode] INFO: Level 0
[MulNode] INFO: Level 0
[MulNode] INFO: Level 0
[MulNode] INFO: Level 0
[MulNode] INFO: Level 0
[MulNode] INFO: Level 0
[MulNode] INFO: Level 0
[MulNode] INFO: Level 0
[MulNode] INFO: Level 0
[MulNode] INFO: Level 0
[MulNode] INFO: Level 0
[MulNode] INFO: Level 0
[MulNode] INFO: Level 0
[MulNode] INFO: Level 0
[MulNode] INFO: Level 0
[MulNode] INFO: Level 0
[MulNode] INFO: Level 0
[MulNode] INFO: Level 0
[MulNode] INFO: Level 0
[MulNode] INFO: Level 0
[MulNode] INFO: Level 0
[MulNode] INFO: Level 0
[MulNode] INFO: Level 0
[MulNode] INFO: Level 0
[MulNode] INFO: Level 0
[MulNode] INFO: Level 0
[MulNode] INFO: Level 0
[MulNode] INFO: Level 0
[MulNode] INFO: Level 0
[MulNode] INFO: Level 0
[MulNode] INFO: Level 0
[MulNode] INFO: Level 0
[MulNode] INFO: Level 0
[Ablector] INFO: ABLECTOR TIME: 1.208852
[Ablector] INFO: SAT TIME: 1.197149
[Ablector] INFO: REF TIME: 0.365143
[runlim] end:			Sat May 16 15:52:12 2020
[runlim] status:		ok
[runlim] result:		0
[runlim] children:		0
[runlim] real:			2.35 seconds
[runlim] time:			2.35 seconds
[runlim] space:			73.8 MB
[runlim] samples:		18
[runlim] version:		1.10
[runlim] time limit:		311040000 seconds
[runlim] real time limit:	1200 seconds
[runlim] space limit:		15000 MB
[runlim] argv[0]:		python3
[runlim] argv[1]:		/raid/steuber/Software/ablector/ablector
[runlim] argv[2]:		/raid/steuber/Benchmarks/2019/QF_BV/sage/app7/bench_6602.smt2
[runlim] argv[3]:		--ufReuse=1
[runlim] start:			Sat May 16 15:52:12 2020
[runlim] main pid:		11624
[Ablector] INFO: ABLECTOR TIME: 0.004026
[runlim] end:			Sat May 16 15:52:14 2020
[runlim] status:		ok
[runlim] result:		0
[runlim] children:		13
[runlim] real:			2.56 seconds
[runlim] time:			2.26 seconds
[runlim] space:			84.5 MB
[runlim] samples:		18
[runlim] version:		1.10
[runlim] time limit:		311040000 seconds
[runlim] real time limit:	1200 seconds
[runlim] space limit:		15000 MB
[runlim] argv[0]:		python3
[runlim] argv[1]:		/raid/steuber/Software/ablector/ablector
[runlim] argv[2]:		/raid/steuber/Benchmarks/2019/QF_BV/sage/app12/bench_2015.smt2
[runlim] argv[3]:		--ufReuse=1
[runlim] start:			Sat May 16 15:52:14 2020
[runlim] main pid:		11644
[Ablector] INFO: ABLECTOR TIME: 0.003791
[runlim] end:			Sat May 16 15:52:15 2020
[runlim] status:		ok
[runlim] result:		0
[runlim] children:		0
[runlim] real:			1.34 seconds
[runlim] time:			0.95 seconds
[runlim] space:			37.7 MB
[runlim] samples:		4
[runlim] version:		1.10
[runlim] time limit:		311040000 seconds
[runlim] real time limit:	1200 seconds
[runlim] space limit:		15000 MB
[runlim] argv[0]:		python3
[runlim] argv[1]:		/raid/steuber/Software/ablector/ablector
[runlim] argv[2]:		/raid/steuber/Benchmarks/2019/QF_BV/Sage2/bench_8083.smt2
[runlim] argv[3]:		--ufReuse=1
[runlim] start:			Sat May 16 15:52:15 2020
[runlim] main pid:		11665
[Ablector] INFO: *** ROUND 0
[MulNode] INFO: Level 0
[MulNode] INFO: Level 0
[MulNode] INFO: Level 0
[MulNode] INFO: Level 0
[MulNode] INFO: Level 0
[MulNode] INFO: Level 0
[MulNode] INFO: Level 0
[Ablector] INFO: ABLECTOR TIME: 0.211897
[Ablector] INFO: SAT TIME: 0.206031
[Ablector] INFO: REF TIME: 0.069685
[runlim] end:			Sat May 16 15:52:16 2020
[runlim] status:		ok
[runlim] result:		0
[runlim] children:		0
[runlim] real:			1.37 seconds
[runlim] time:			1.17 seconds
[runlim] space:			45.1 MB
[runlim] samples:		6
[runlim] version:		1.10
[runlim] time limit:		311040000 seconds
[runlim] real time limit:	1200 seconds
[runlim] space limit:		15000 MB
[runlim] argv[0]:		python3
[runlim] argv[1]:		/raid/steuber/Software/ablector/ablector
[runlim] argv[2]:		/raid/steuber/Benchmarks/2019/QF_BV/Sage2/bench_2149.smt2
[runlim] argv[3]:		--ufReuse=1
[runlim] start:			Sat May 16 15:52:16 2020
[runlim] main pid:		11685
[Ablector] INFO: *** ROUND 0
[MulNode] INFO: Level 0
[MulNode] INFO: Level 0
[MulNode] INFO: Level 0
[MulNode] INFO: Level 0
[MulNode] INFO: Level 0
[MulNode] INFO: Level 0
[MulNode] INFO: Level 0
[MulNode] INFO: Level 0
[MulNode] INFO: Level 0
[MulNode] INFO: Level 0
[MulNode] INFO: Level 0
[MulNode] INFO: Level 0
[MulNode] INFO: Level 0
[MulNode] INFO: Level 0
[MulNode] INFO: Level 0
[MulNode] INFO: Level 0
[MulNode] INFO: Level 0
[MulNode] INFO: Level 0
[MulNode] INFO: Level 0
[MulNode] INFO: Level 0
[MulNode] INFO: Level 0
[MulNode] INFO: Level 0
[MulNode] INFO: Level 0
[MulNode] INFO: Level 0
[MulNode] INFO: Level 0
[MulNode] INFO: Level 0
[MulNode] INFO: Level 0
[MulNode] INFO: Level 0
[MulNode] INFO: Level 0
[MulNode] INFO: Level 0
[MulNode] INFO: Level 0
[MulNode] INFO: Level 0
[MulNode] INFO: Level 0
[MulNode] INFO: Level 0
[MulNode] INFO: Level 0
[MulNode] INFO: Level 0
[MulNode] INFO: Level 0
[MulNode] INFO: Level 0
[MulNode] INFO: Level 0
[MulNode] INFO: Level 0
[MulNode] INFO: Level 0
[MulNode] INFO: Level 0
[MulNode] INFO: Level 0
[MulNode] INFO: Level 0
[MulNode] INFO: Level 0
[MulNode] INFO: Level 0
[MulNode] INFO: Level 0
[MulNode] INFO: Level 0
[MulNode] INFO: Level 0
[MulNode] INFO: Level 0
[MulNode] INFO: Level 0
[MulNode] INFO: Level 0
[MulNode] INFO: Level 0
[MulNode] INFO: Level 0
[MulNode] INFO: Level 0
[MulNode] INFO: Level 0
[MulNode] INFO: Level 0
[MulNode] INFO: Level 0
[MulNode] INFO: Level 0
[MulNode] INFO: Level 0
[MulNode] INFO: Level 0
[MulNode] INFO: Level 0
[MulNode] INFO: Level 0
[MulNode] INFO: Level 0
[MulNode] INFO: Level 0
[MulNode] INFO: Level 0
[MulNode] INFO: Level 0
[MulNode] INFO: Level 0
[MulNode] INFO: Level 0
[MulNode] INFO: Level 0
[MulNode] INFO: Level 0
[MulNode] INFO: Level 0
[MulNode] INFO: Level 0
[MulNode] INFO: Level 0
[MulNode] INFO: Level 0
[MulNode] INFO: Level 0
[MulNode] INFO: Level 0
[MulNode] INFO: Level 0
[MulNode] INFO: Level 0
[MulNode] INFO: Level 0
[MulNode] INFO: Level 0
[MulNode] INFO: Level 0
[MulNode] INFO: Level 0
[MulNode] INFO: Level 0
[MulNode] INFO: Level 0
[MulNode] INFO: Level 0
[Ablector] INFO: ABLECTOR TIME: 3.750752
[Ablector] INFO: SAT TIME: 3.715190
[Ablector] INFO: REF TIME: 0.701208
[runlim] end:			Sat May 16 15:52:23 2020
[runlim] status:		ok
[runlim] result:		0
[runlim] children:		2
[runlim] real:			7.70 seconds
[runlim] time:			7.28 seconds
[runlim] space:			379.2 MB
[runlim] samples:		69
[runlim] version:		1.10
[runlim] time limit:		311040000 seconds
[runlim] real time limit:	1200 seconds
[runlim] space limit:		15000 MB
[runlim] argv[0]:		python3
[runlim] argv[1]:		/raid/steuber/Software/ablector/ablector
[runlim] argv[2]:		/raid/steuber/Benchmarks/2019/QF_BV/float/newton.3.3.i.smt2
[runlim] argv[3]:		--ufReuse=1
[runlim] start:			Sat May 16 15:52:24 2020
[runlim] main pid:		11709
[Ablector] INFO: *** ROUND 0
[runlim] sample:		10.3 time, 10.1 real, 158.3 MB
[runlim] sample:		20.4 time, 20.1 real, 161.5 MB
[runlim] sample:		30.4 time, 30.1 real, 174.5 MB
[runlim] sample:		40.3 time, 40.1 real, 174.8 MB
[runlim] sample:		50.4 time, 50.1 real, 175.4 MB
[runlim] sample:		60.3 time, 60.1 real, 196.8 MB
[runlim] sample:		70.3 time, 70.1 real, 199.2 MB
[runlim] sample:		80.3 time, 80.1 real, 205.5 MB
[runlim] sample:		90.3 time, 90.1 real, 208.3 MB
[runlim] sample:		100.3 time, 100.1 real, 221.9 MB
[runlim] sample:		110.3 time, 110.1 real, 241.9 MB
[runlim] sample:		120.3 time, 120.1 real, 226.8 MB
[Ablector] INFO: *** ROUND 1
[runlim] sample:		130.3 time, 130.1 real, 285.6 MB
[runlim] sample:		140.3 time, 140.1 real, 297.9 MB
[runlim] sample:		150.3 time, 150.1 real, 276.9 MB
[runlim] sample:		160.3 time, 160.1 real, 297.2 MB
[runlim] sample:		170.3 time, 170.1 real, 302.3 MB
[runlim] sample:		180.3 time, 180.1 real, 301.4 MB
[runlim] sample:		190.3 time, 190.1 real, 301.0 MB
[runlim] sample:		200.3 time, 200.1 real, 300.5 MB
[runlim] sample:		210.3 time, 210.1 real, 300.5 MB
[runlim] sample:		220.3 time, 220.1 real, 304.8 MB
[runlim] sample:		230.3 time, 230.1 real, 304.5 MB
[Ablector] INFO: *** ROUND 2
[runlim] sample:		240.3 time, 240.1 real, 426.0 MB
[runlim] sample:		250.3 time, 250.1 real, 385.4 MB
[runlim] sample:		260.3 time, 260.1 real, 385.4 MB
[runlim] sample:		270.3 time, 270.1 real, 372.4 MB
[runlim] sample:		280.3 time, 280.1 real, 372.4 MB
[runlim] sample:		290.3 time, 290.1 real, 371.4 MB
[runlim] sample:		300.3 time, 300.1 real, 371.4 MB
[runlim] sample:		310.3 time, 310.1 real, 369.3 MB
[runlim] sample:		320.3 time, 320.1 real, 357.4 MB
[runlim] sample:		330.3 time, 330.1 real, 357.4 MB
[runlim] sample:		340.3 time, 340.1 real, 389.5 MB
[runlim] sample:		350.3 time, 350.1 real, 389.8 MB
[runlim] sample:		360.3 time, 360.1 real, 390.3 MB
[runlim] sample:		370.3 time, 370.1 real, 394.7 MB
[runlim] sample:		380.3 time, 380.1 real, 429.2 MB
[runlim] sample:		390.3 time, 390.1 real, 451.7 MB
[runlim] sample:		400.3 time, 400.1 real, 451.7 MB
[runlim] sample:		410.3 time, 410.1 real, 418.3 MB
[runlim] sample:		420.3 time, 420.1 real, 448.5 MB
[runlim] sample:		430.3 time, 430.1 real, 419.1 MB
[runlim] sample:		440.3 time, 440.1 real, 447.4 MB
[runlim] sample:		450.3 time, 450.1 real, 418.4 MB
[runlim] sample:		460.3 time, 460.1 real, 418.4 MB
[MulNode] INFO: Level 2
[MulNode] INFO: Level 2
[MulNode] INFO: Level 2
[MulNode] INFO: Level 2
[MulNode] INFO: Level 1
[UdivNode] INFO: Level 2
[UremNode] INFO: Level 1
[UdivNode] INFO: Level 2
[UremNode] INFO: Level 1
[UremNode] INFO: Level 1
[MulNode] INFO: Level 2
[UdivNode] INFO: Level 2
[UremNode] INFO: Level 1
[UdivNode] INFO: Level 2
[UremNode] INFO: Level 1
[UdivNode] INFO: Level 2
[UremNode] INFO: Level 1
[UdivNode] INFO: Level 2
[UremNode] INFO: Level 1
[MulNode] INFO: Level 2
[MulNode] INFO: Level 2
[MulNode] INFO: Level 2
[MulNode] INFO: Level 2
[MulNode] INFO: Level 2
[UdivNode] INFO: Level 2
[UremNode] INFO: Level 1
[UdivNode] INFO: Level 2
[UremNode] INFO: Level 1
[UremNode] INFO: Level 1
[MulNode] INFO: Level 2
[UdivNode] INFO: Level 2
[UremNode] INFO: Level 1
[UdivNode] INFO: Level 2
[UremNode] INFO: Level 1
[UdivNode] INFO: Level 2
[UremNode] INFO: Level 1
[UdivNode] INFO: Level 1
[UremNode] INFO: Level 1
[MulNode] INFO: Level 1
[MulNode] INFO: Level 1
[MulNode] INFO: Level 1
[MulNode] INFO: Level 0
[MulNode] INFO: Level 1
[UdivNode] INFO: Level 1
[UremNode] INFO: Level 1
[UdivNode] INFO: Level 1
[UremNode] INFO: Level 1
[UremNode] INFO: Level 1
[MulNode] INFO: Level 0
[UdivNode] INFO: Level 1
[UremNode] INFO: Level 1
[UdivNode] INFO: Level 1
[UremNode] INFO: Level 1
[UdivNode] INFO: Level 1
[UremNode] INFO: Level 1
[UdivNode] INFO: Level 1
[UremNode] INFO: Level 1
[Ablector] INFO: ABLECTOR TIME: 461.224886
[Ablector] INFO: SAT TIME: 461.203292
[Ablector] INFO: REF TIME: 0.699659
[runlim] end:			Sat May 16 16:00:07 2020
[runlim] status:		ok
[runlim] result:		0
[runlim] children:		1
[runlim] real:			463.65 seconds
[runlim] time:			463.83 seconds
[runlim] space:			464.0 MB
[runlim] samples:		4635
[runlim] version:		1.10
[runlim] time limit:		311040000 seconds
[runlim] real time limit:	1200 seconds
[runlim] space limit:		15000 MB
[runlim] argv[0]:		python3
[runlim] argv[1]:		/raid/steuber/Software/ablector/ablector
[runlim] argv[2]:		/raid/steuber/Benchmarks/2019/QF_BV/sage/app9/bench_2635.smt2
[runlim] argv[3]:		--ufReuse=1
[runlim] start:			Sat May 16 16:00:08 2020
[runlim] main pid:		11811
[Ablector] INFO: ABLECTOR TIME: 0.004022
[runlim] end:			Sat May 16 16:00:08 2020
[runlim] status:		ok
[runlim] result:		0
[runlim] children:		0
[runlim] real:			0.85 seconds
[runlim] time:			0.95 seconds
[runlim] space:			37.0 MB
[runlim] samples:		6
[runlim] version:		1.10
[runlim] time limit:		311040000 seconds
[runlim] real time limit:	1200 seconds
[runlim] space limit:		15000 MB
[runlim] argv[0]:		python3
[runlim] argv[1]:		/raid/steuber/Software/ablector/ablector
[runlim] argv[2]:		/raid/steuber/Benchmarks/2019/QF_BV/sage/app7/bench_4446.smt2
[runlim] argv[3]:		--ufReuse=1
[runlim] start:			Sat May 16 16:00:09 2020
[runlim] main pid:		11831
[Ablector] INFO: ABLECTOR TIME: 0.004034
[runlim] end:			Sat May 16 16:00:11 2020
[runlim] status:		ok
[runlim] result:		0
[runlim] children:		19
[runlim] real:			2.48 seconds
[runlim] time:			2.74 seconds
[runlim] space:			98.1 MB
[runlim] samples:		22
[runlim] version:		1.10
[runlim] time limit:		311040000 seconds
[runlim] real time limit:	1200 seconds
[runlim] space limit:		15000 MB
[runlim] argv[0]:		python3
[runlim] argv[1]:		/raid/steuber/Software/ablector/ablector
[runlim] argv[2]:		/raid/steuber/Benchmarks/2019/QF_BV/sage/app7/bench_5941.smt2
[runlim] argv[3]:		--ufReuse=1
[runlim] start:			Sat May 16 16:00:11 2020
[runlim] main pid:		11851
[Ablector] INFO: ABLECTOR TIME: 0.003820
[runlim] end:			Sat May 16 16:00:12 2020
[runlim] status:		ok
[runlim] result:		0
[runlim] children:		0
[runlim] real:			1.27 seconds
[runlim] time:			0.96 seconds
[runlim] space:			37.6 MB
[runlim] samples:		4
[runlim] version:		1.10
[runlim] time limit:		311040000 seconds
[runlim] real time limit:	1200 seconds
[runlim] space limit:		15000 MB
[runlim] argv[0]:		python3
[runlim] argv[1]:		/raid/steuber/Software/ablector/ablector
[runlim] argv[2]:		/raid/steuber/Benchmarks/2019/QF_BV/sage/app7/bench_3850.smt2
[runlim] argv[3]:		--ufReuse=1
[runlim] start:			Sat May 16 16:00:12 2020
[runlim] main pid:		11871
[Ablector] INFO: ABLECTOR TIME: 0.004017
[runlim] end:			Sat May 16 16:00:13 2020
[runlim] status:		ok
[runlim] result:		0
[runlim] children:		2
[runlim] real:			1.22 seconds
[runlim] time:			1.07 seconds
[runlim] space:			47.3 MB
[runlim] samples:		5
[runlim] version:		1.10
[runlim] time limit:		311040000 seconds
[runlim] real time limit:	1200 seconds
[runlim] space limit:		15000 MB
[runlim] argv[0]:		python3
[runlim] argv[1]:		/raid/steuber/Software/ablector/ablector
[runlim] argv[2]:		/raid/steuber/Benchmarks/2019/QF_BV/Sage2/bench_11762.smt2
[runlim] argv[3]:		--ufReuse=1
[runlim] start:			Sat May 16 16:00:13 2020
[runlim] main pid:		11891
[Ablector] INFO: *** ROUND 0
[MulNode] INFO: Level 0
[MulNode] INFO: Level 0
[MulNode] INFO: Level 0
[MulNode] INFO: Level 0
[MulNode] INFO: Level 0
[MulNode] INFO: Level 0
[MulNode] INFO: Level 0
[MulNode] INFO: Level 0
[MulNode] INFO: Level 0
[MulNode] INFO: Level 0
[MulNode] INFO: Level 0
[MulNode] INFO: Level 0
[Ablector] INFO: ABLECTOR TIME: 0.231716
[Ablector] INFO: SAT TIME: 0.224905
[Ablector] INFO: REF TIME: 0.120421
[runlim] end:			Sat May 16 16:00:14 2020
[runlim] status:		ok
[runlim] result:		0
[runlim] children:		1
[runlim] real:			1.54 seconds
[runlim] time:			1.41 seconds
[runlim] space:			48.6 MB
[runlim] samples:		9
[runlim] version:		1.10
[runlim] time limit:		311040000 seconds
[runlim] real time limit:	1200 seconds
[runlim] space limit:		15000 MB
[runlim] argv[0]:		python3
[runlim] argv[1]:		/raid/steuber/Software/ablector/ablector
[runlim] argv[2]:		/raid/steuber/Benchmarks/2019/QF_BV/sage/app1/bench_1870.smt2
[runlim] argv[3]:		--ufReuse=1
[runlim] start:			Sat May 16 16:00:14 2020
[runlim] main pid:		11911
[Ablector] INFO: *** ROUND 0
[SdivNode] INFO: Level 0
[SdivNode] INFO: Level 0
[SdivNode] INFO: Level 0
[SdivNode] INFO: Level 0
[SdivNode] INFO: Level 0
[SdivNode] INFO: Level 0
[SdivNode] INFO: Level 0
[SdivNode] INFO: Level 0
[SdivNode] INFO: Level 0
[SdivNode] INFO: Level 0
[SdivNode] INFO: Level 0
[SdivNode] INFO: Level 0
[SdivNode] INFO: Level 0
[SdivNode] INFO: Level 0
[SdivNode] INFO: Level 0
[SdivNode] INFO: Level 0
[SdivNode] INFO: Level 0
[SdivNode] INFO: Level 0
[SdivNode] INFO: Level 0
[SdivNode] INFO: Level 0
[SdivNode] INFO: Level 0
[SdivNode] INFO: Level 0
[SdivNode] INFO: Level 0
[SdivNode] INFO: Level 0
[SdivNode] INFO: Level 0
[SdivNode] INFO: Level 0
[SdivNode] INFO: Level 0
[SdivNode] INFO: Level 0
[SdivNode] INFO: Level 0
[SdivNode] INFO: Level 0
[SdivNode] INFO: Level 0
[SdivNode] INFO: Level 0
[SdivNode] INFO: Level 0
[SdivNode] INFO: Level 0
[SdivNode] INFO: Level 0
[SdivNode] INFO: Level 0
[SdivNode] INFO: Level 0
[SdivNode] INFO: Level 0
[SdivNode] INFO: Level 0
[SdivNode] INFO: Level 0
[SdivNode] INFO: Level 0
[SdivNode] INFO: Level 0
[SdivNode] INFO: Level 0
[SdivNode] INFO: Level 0
[Ablector] INFO: ABLECTOR TIME: 0.290945
[Ablector] INFO: SAT TIME: 0.281035
[Ablector] INFO: REF TIME: 0.057678
[runlim] end:			Sat May 16 16:00:15 2020
[runlim] status:		ok
[runlim] result:		0
[runlim] children:		0
[runlim] real:			1.77 seconds
[runlim] time:			1.34 seconds
[runlim] space:			68.3 MB
[runlim] samples:		8
[runlim] version:		1.10
[runlim] time limit:		311040000 seconds
[runlim] real time limit:	1200 seconds
[runlim] space limit:		15000 MB
[runlim] argv[0]:		python3
[runlim] argv[1]:		/raid/steuber/Software/ablector/ablector
[runlim] argv[2]:		/raid/steuber/Benchmarks/2019/QF_BV/sage/app7/bench_4930.smt2
[runlim] argv[3]:		--ufReuse=1
[runlim] start:			Sat May 16 16:00:16 2020
[runlim] main pid:		11931
[Ablector] INFO: ABLECTOR TIME: 0.004005
[runlim] end:			Sat May 16 16:00:16 2020
[runlim] status:		ok
[runlim] result:		0
[runlim] children:		1
[runlim] real:			0.73 seconds
[runlim] time:			1.03 seconds
[runlim] space:			43.0 MB
[runlim] samples:		5
[runlim] version:		1.10
[runlim] time limit:		311040000 seconds
[runlim] real time limit:	1200 seconds
[runlim] space limit:		15000 MB
[runlim] argv[0]:		python3
[runlim] argv[1]:		/raid/steuber/Software/ablector/ablector
[runlim] argv[2]:		/raid/steuber/Benchmarks/2019/QF_BV/sage/app7/bench_6487.smt2
[runlim] argv[3]:		--ufReuse=1
[runlim] start:			Sat May 16 16:00:17 2020
[runlim] main pid:		11951
[Ablector] INFO: ABLECTOR TIME: 0.003860
[runlim] end:			Sat May 16 16:00:17 2020
[runlim] status:		ok
[runlim] result:		0
[runlim] children:		0
[runlim] real:			0.52 seconds
[runlim] time:			0.96 seconds
[runlim] space:			38.0 MB
[runlim] samples:		4
[runlim] version:		1.10
[runlim] time limit:		311040000 seconds
[runlim] real time limit:	1200 seconds
[runlim] space limit:		15000 MB
[runlim] argv[0]:		python3
[runlim] argv[1]:		/raid/steuber/Software/ablector/ablector
[runlim] argv[2]:		/raid/steuber/Benchmarks/2019/QF_BV/sage/app7/bench_249.smt2
[runlim] argv[3]:		--ufReuse=1
[runlim] start:			Sat May 16 16:00:17 2020
[runlim] main pid:		11971
[Ablector] INFO: ABLECTOR TIME: 0.004310
[runlim] end:			Sat May 16 16:00:19 2020
[runlim] status:		ok
[runlim] result:		0
[runlim] children:		13
[runlim] real:			2.68 seconds
[runlim] time:			2.26 seconds
[runlim] space:			83.3 MB
[runlim] samples:		18
[runlim] version:		1.10
[runlim] time limit:		311040000 seconds
[runlim] real time limit:	1200 seconds
[runlim] space limit:		15000 MB
[runlim] argv[0]:		python3
[runlim] argv[1]:		/raid/steuber/Software/ablector/ablector
[runlim] argv[2]:		/raid/steuber/Benchmarks/2019/QF_BV/sage/app7/bench_2736.smt2
[runlim] argv[3]:		--ufReuse=1
[runlim] start:			Sat May 16 16:00:20 2020
[runlim] main pid:		11991
[Ablector] INFO: ABLECTOR TIME: 0.004016
[runlim] end:			Sat May 16 16:00:22 2020
[runlim] status:		ok
[runlim] result:		0
[runlim] children:		17
[runlim] real:			2.30 seconds
[runlim] time:			2.67 seconds
[runlim] space:			97.9 MB
[runlim] samples:		22
[runlim] version:		1.10
[runlim] time limit:		311040000 seconds
[runlim] real time limit:	1200 seconds
[runlim] space limit:		15000 MB
[runlim] argv[0]:		python3
[runlim] argv[1]:		/raid/steuber/Software/ablector/ablector
[runlim] argv[2]:		/raid/steuber/Benchmarks/2019/QF_BV/sage/app9/bench_729.smt2
[runlim] argv[3]:		--ufReuse=1
[runlim] start:			Sat May 16 16:00:22 2020
[runlim] main pid:		12011
[Ablector] INFO: ABLECTOR TIME: 0.003842
[runlim] end:			Sat May 16 16:00:23 2020
[runlim] status:		ok
[runlim] result:		0
[runlim] children:		0
[runlim] real:			1.07 seconds
[runlim] time:			0.98 seconds
[runlim] space:			37.6 MB
[runlim] samples:		4
[runlim] version:		1.10
[runlim] time limit:		311040000 seconds
[runlim] real time limit:	1200 seconds
[runlim] space limit:		15000 MB
[runlim] argv[0]:		python3
[runlim] argv[1]:		/raid/steuber/Software/ablector/ablector
[runlim] argv[2]:		/raid/steuber/Benchmarks/2019/QF_BV/Sage2/bench_15909.smt2
[runlim] argv[3]:		--ufReuse=1
[runlim] start:			Sat May 16 16:00:23 2020
[runlim] main pid:		12031
[Ablector] INFO: *** ROUND 0
[runlim] sample:		10.1 time, 10.4 real, 190.9 MB
[MulNode] INFO: Level 0
[MulNode] INFO: Level 0
[MulNode] INFO: Level 0
[MulNode] INFO: Level 0
[MulNode] INFO: Level 0
[MulNode] INFO: Level 0
[MulNode] INFO: Level 0
[MulNode] INFO: Level 0
[MulNode] INFO: Level 0
[MulNode] INFO: Level 0
[MulNode] INFO: Level 0
[MulNode] INFO: Level 0
[MulNode] INFO: Level 0
[MulNode] INFO: Level 0
[MulNode] INFO: Level 0
[MulNode] INFO: Level 0
[MulNode] INFO: Level 0
[MulNode] INFO: Level 0
[MulNode] INFO: Level 0
[MulNode] INFO: Level 0
[MulNode] INFO: Level 0
[MulNode] INFO: Level 0
[MulNode] INFO: Level 0
[MulNode] INFO: Level 0
[MulNode] INFO: Level 0
[MulNode] INFO: Level 0
[MulNode] INFO: Level 0
[MulNode] INFO: Level 0
[MulNode] INFO: Level 0
[MulNode] INFO: Level 0
[MulNode] INFO: Level 0
[MulNode] INFO: Level 0
[MulNode] INFO: Level 0
[MulNode] INFO: Level 0
[MulNode] INFO: Level 0
[MulNode] INFO: Level 0
[MulNode] INFO: Level 0
[MulNode] INFO: Level 0
[MulNode] INFO: Level 0
[MulNode] INFO: Level 0
[MulNode] INFO: Level 0
[MulNode] INFO: Level 0
[MulNode] INFO: Level 0
[MulNode] INFO: Level 0
[MulNode] INFO: Level 0
[MulNode] INFO: Level 0
[MulNode] INFO: Level 0
[MulNode] INFO: Level 0
[MulNode] INFO: Level 0
[MulNode] INFO: Level 0
[MulNode] INFO: Level 0
[MulNode] INFO: Level 0
[MulNode] INFO: Level 0
[MulNode] INFO: Level 0
[MulNode] INFO: Level 0
[MulNode] INFO: Level 0
[MulNode] INFO: Level 0
[MulNode] INFO: Level 0
[MulNode] INFO: Level 0
[MulNode] INFO: Level 0
[MulNode] INFO: Level 0
[MulNode] INFO: Level 0
[MulNode] INFO: Level 0
[MulNode] INFO: Level 0
[MulNode] INFO: Level 0
[MulNode] INFO: Level 0
[MulNode] INFO: Level 0
[MulNode] INFO: Level 0
[MulNode] INFO: Level 0
[MulNode] INFO: Level 0
[MulNode] INFO: Level 0
[MulNode] INFO: Level 0
[MulNode] INFO: Level 0
[MulNode] INFO: Level 0
[MulNode] INFO: Level 0
[MulNode] INFO: Level 0
[MulNode] INFO: Level 0
[MulNode] INFO: Level 0
[MulNode] INFO: Level 0
[MulNode] INFO: Level 0
[MulNode] INFO: Level 0
[MulNode] INFO: Level 0
[MulNode] INFO: Level 0
[MulNode] INFO: Level 0
[MulNode] INFO: Level 0
[MulNode] INFO: Level 0
[MulNode] INFO: Level 0
[MulNode] INFO: Level 0
[MulNode] INFO: Level 0
[MulNode] INFO: Level 0
[MulNode] INFO: Level 0
[MulNode] INFO: Level 0
[MulNode] INFO: Level 0
[MulNode] INFO: Level 0
[MulNode] INFO: Level 0
[MulNode] INFO: Level 0
[MulNode] INFO: Level 0
[MulNode] INFO: Level 0
[MulNode] INFO: Level 0
[MulNode] INFO: Level 0
[MulNode] INFO: Level 0
[MulNode] INFO: Level 0
[MulNode] INFO: Level 0
[MulNode] INFO: Level 0
[MulNode] INFO: Level 0
[MulNode] INFO: Level 0
[MulNode] INFO: Level 0
[MulNode] INFO: Level 0
[MulNode] INFO: Level 0
[MulNode] INFO: Level 0
[MulNode] INFO: Level 0
[MulNode] INFO: Level 0
[MulNode] INFO: Level 0
[MulNode] INFO: Level 0
[MulNode] INFO: Level 0
[MulNode] INFO: Level 0
[MulNode] INFO: Level 0
[MulNode] INFO: Level 0
[MulNode] INFO: Level 0
[MulNode] INFO: Level 0
[MulNode] INFO: Level 0
[MulNode] INFO: Level 0
[MulNode] INFO: Level 0
[MulNode] INFO: Level 0
[MulNode] INFO: Level 0
[MulNode] INFO: Level 0
[MulNode] INFO: Level 0
[MulNode] INFO: Level 0
[MulNode] INFO: Level 0
[MulNode] INFO: Level 0
[MulNode] INFO: Level 0
[MulNode] INFO: Level 0
[MulNode] INFO: Level 0
[MulNode] INFO: Level 0
[MulNode] INFO: Level 0
[MulNode] INFO: Level 0
[MulNode] INFO: Level 0
[MulNode] INFO: Level 0
[MulNode] INFO: Level 0
[MulNode] INFO: Level 0
[MulNode] INFO: Level 0
[MulNode] INFO: Level 0
[MulNode] INFO: Level 0
[MulNode] INFO: Level 0
[MulNode] INFO: Level 0
[MulNode] INFO: Level 0
[MulNode] INFO: Level 0
[MulNode] INFO: Level 0
[MulNode] INFO: Level 0
[MulNode] INFO: Level 0
[MulNode] INFO: Level 0
[MulNode] INFO: Level 0
[MulNode] INFO: Level 0
[MulNode] INFO: Level 0
[MulNode] INFO: Level 0
[MulNode] INFO: Level 0
[MulNode] INFO: Level 0
[MulNode] INFO: Level 0
[MulNode] INFO: Level 0
[MulNode] INFO: Level 0
[MulNode] INFO: Level 0
[MulNode] INFO: Level 0
[MulNode] INFO: Level 0
[MulNode] INFO: Level 0
[MulNode] INFO: Level 0
[MulNode] INFO: Level 0
[MulNode] INFO: Level 0
[MulNode] INFO: Level 0
[MulNode] INFO: Level 0
[MulNode] INFO: Level 0
[MulNode] INFO: Level 0
[MulNode] INFO: Level 0
[MulNode] INFO: Level 0
[MulNode] INFO: Level 0
[MulNode] INFO: Level 0
[MulNode] INFO: Level 0
[MulNode] INFO: Level 0
[MulNode] INFO: Level 0
[MulNode] INFO: Level 0
[MulNode] INFO: Level 0
[MulNode] INFO: Level 0
[Ablector] INFO: ABLECTOR TIME: 13.936494
[Ablector] INFO: SAT TIME: 13.898765
[Ablector] INFO: REF TIME: 1.833647
[runlim] end:			Sat May 16 16:00:42 2020
[runlim] status:		ok
[runlim] result:		0
[runlim] children:		4
[runlim] real:			19.11 seconds
[runlim] time:			18.72 seconds
[runlim] space:			205.0 MB
[runlim] samples:		186
[runlim] version:		1.10
[runlim] time limit:		311040000 seconds
[runlim] real time limit:	1200 seconds
[runlim] space limit:		15000 MB
[runlim] argv[0]:		python3
[runlim] argv[1]:		/raid/steuber/Software/ablector/ablector
[runlim] argv[2]:		/raid/steuber/Benchmarks/2019/QF_BV/Sage2/bench_16069.smt2
[runlim] argv[3]:		--ufReuse=1
[runlim] start:			Sat May 16 16:00:42 2020
[runlim] main pid:		12053
[Ablector] INFO: *** ROUND 0
[MulNode] INFO: Level 0
[Ablector] INFO: ABLECTOR TIME: 0.256304
[Ablector] INFO: SAT TIME: 0.251200
[Ablector] INFO: REF TIME: 0.010661
[runlim] end:			Sat May 16 16:00:43 2020
[runlim] status:		ok
[runlim] result:		0
[runlim] children:		0
[runlim] real:			1.26 seconds
[runlim] time:			1.22 seconds
[runlim] space:			42.8 MB
[runlim] samples:		7
[runlim] version:		1.10
[runlim] time limit:		311040000 seconds
[runlim] real time limit:	1200 seconds
[runlim] space limit:		15000 MB
[runlim] argv[0]:		python3
[runlim] argv[1]:		/raid/steuber/Software/ablector/ablector
[runlim] argv[2]:		/raid/steuber/Benchmarks/2019/QF_BV/sage/app9/bench_2756.smt2
[runlim] argv[3]:		--ufReuse=1
[runlim] start:			Sat May 16 16:00:43 2020
[runlim] main pid:		12073
[Ablector] INFO: ABLECTOR TIME: 0.003774
[runlim] end:			Sat May 16 16:00:44 2020
[runlim] status:		ok
[runlim] result:		0
[runlim] children:		0
[runlim] real:			1.04 seconds
[runlim] time:			0.97 seconds
[runlim] space:			38.0 MB
[runlim] samples:		4
[runlim] version:		1.10
[runlim] time limit:		311040000 seconds
[runlim] real time limit:	1200 seconds
[runlim] space limit:		15000 MB
[runlim] argv[0]:		python3
[runlim] argv[1]:		/raid/steuber/Software/ablector/ablector
[runlim] argv[2]:		/raid/steuber/Benchmarks/2019/QF_BV/sage/app7/bench_440.smt2
[runlim] argv[3]:		--ufReuse=1
[runlim] start:			Sat May 16 16:00:44 2020
[runlim] main pid:		12093
[Ablector] INFO: ABLECTOR TIME: 0.003957
[runlim] end:			Sat May 16 16:00:46 2020
[runlim] status:		ok
[runlim] result:		0
[runlim] children:		13
[runlim] real:			2.11 seconds
[runlim] time:			2.19 seconds
[runlim] space:			81.4 MB
[runlim] samples:		17
[runlim] version:		1.10
[runlim] time limit:		311040000 seconds
[runlim] real time limit:	1200 seconds
[runlim] space limit:		15000 MB
[runlim] argv[0]:		python3
[runlim] argv[1]:		/raid/steuber/Software/ablector/ablector
[runlim] argv[2]:		/raid/steuber/Benchmarks/2019/QF_BV/Sage2/bench_13150.smt2
[runlim] argv[3]:		--ufReuse=1
[runlim] start:			Sat May 16 16:00:46 2020
[runlim] main pid:		12113
[Ablector] INFO: *** ROUND 0
[runlim] sample:		10.5 time, 10.5 real, 74.0 MB
[runlim] sample:		20.5 time, 20.5 real, 80.1 MB
[runlim] sample:		30.5 time, 30.5 real, 81.9 MB
[MulNode] INFO: Level 0
[MulNode] INFO: Level 0
[MulNode] INFO: Level 0
[MulNode] INFO: Level 0
[MulNode] INFO: Level 0
[MulNode] INFO: Level 0
[MulNode] INFO: Level 0
[MulNode] INFO: Level 0
[MulNode] INFO: Level 0
[MulNode] INFO: Level 0
[MulNode] INFO: Level 0
[MulNode] INFO: Level 0
[MulNode] INFO: Level 0
[MulNode] INFO: Level 0
[MulNode] INFO: Level 0
[MulNode] INFO: Level 0
[MulNode] INFO: Level 0
[MulNode] INFO: Level 0
[MulNode] INFO: Level 0
[MulNode] INFO: Level 0
[MulNode] INFO: Level 0
[MulNode] INFO: Level 0
[MulNode] INFO: Level 0
[MulNode] INFO: Level 0
[MulNode] INFO: Level 0
[MulNode] INFO: Level 0
[MulNode] INFO: Level 0
[MulNode] INFO: Level 0
[MulNode] INFO: Level 0
[MulNode] INFO: Level 0
[MulNode] INFO: Level 0
[MulNode] INFO: Level 0
[MulNode] INFO: Level 0
[MulNode] INFO: Level 0
[MulNode] INFO: Level 0
[MulNode] INFO: Level 0
[MulNode] INFO: Level 0
[MulNode] INFO: Level 0
[MulNode] INFO: Level 0
[MulNode] INFO: Level 0
[Ablector] INFO: ABLECTOR TIME: 33.033044
[Ablector] INFO: SAT TIME: 33.021010
[Ablector] INFO: REF TIME: 0.352365
[runlim] end:			Sat May 16 16:01:20 2020
[runlim] status:		ok
[runlim] result:		0
[runlim] children:		0
[runlim] real:			34.15 seconds
[runlim] time:			34.14 seconds
[runlim] space:			81.9 MB
[runlim] samples:		336
[runlim] version:		1.10
[runlim] time limit:		311040000 seconds
[runlim] real time limit:	1200 seconds
[runlim] space limit:		15000 MB
[runlim] argv[0]:		python3
[runlim] argv[1]:		/raid/steuber/Software/ablector/ablector
[runlim] argv[2]:		/raid/steuber/Benchmarks/2019/QF_BV/Sage2/bench_9606.smt2
[runlim] argv[3]:		--ufReuse=1
[runlim] start:			Sat May 16 16:01:20 2020
[runlim] main pid:		12141
[Ablector] INFO: *** ROUND 0
[MulNode] INFO: Level 0
[MulNode] INFO: Level 0
[MulNode] INFO: Level 0
[MulNode] INFO: Level 0
[MulNode] INFO: Level 0
[MulNode] INFO: Level 0
[MulNode] INFO: Level 0
[MulNode] INFO: Level 0
[MulNode] INFO: Level 0
[MulNode] INFO: Level 0
[MulNode] INFO: Level 0
[MulNode] INFO: Level 0
[MulNode] INFO: Level 0
[MulNode] INFO: Level 0
[MulNode] INFO: Level 0
[MulNode] INFO: Level 0
[MulNode] INFO: Level 0
[MulNode] INFO: Level 0
[MulNode] INFO: Level 0
[MulNode] INFO: Level 0
[MulNode] INFO: Level 0
[MulNode] INFO: Level 0
[MulNode] INFO: Level 0
[MulNode] INFO: Level 0
[MulNode] INFO: Level 0
[MulNode] INFO: Level 0
[MulNode] INFO: Level 0
[MulNode] INFO: Level 0
[MulNode] INFO: Level 0
[MulNode] INFO: Level 0
[MulNode] INFO: Level 0
[MulNode] INFO: Level 0
[MulNode] INFO: Level 0
[MulNode] INFO: Level 0
[MulNode] INFO: Level 0
[MulNode] INFO: Level 0
[MulNode] INFO: Level 0
[MulNode] INFO: Level 0
[MulNode] INFO: Level 0
[MulNode] INFO: Level 0
[MulNode] INFO: Level 0
[Ablector] INFO: ABLECTOR TIME: 1.156487
[Ablector] INFO: SAT TIME: 1.144662
[Ablector] INFO: REF TIME: 0.365520
[runlim] end:			Sat May 16 16:01:22 2020
[runlim] status:		ok
[runlim] result:		0
[runlim] children:		0
[runlim] real:			2.48 seconds
[runlim] time:			2.31 seconds
[runlim] space:			72.8 MB
[runlim] samples:		19
[runlim] version:		1.10
[runlim] time limit:		311040000 seconds
[runlim] real time limit:	1200 seconds
[runlim] space limit:		15000 MB
[runlim] argv[0]:		python3
[runlim] argv[1]:		/raid/steuber/Software/ablector/ablector
[runlim] argv[2]:		/raid/steuber/Benchmarks/2019/QF_BV/sage/app9/bench_3062.smt2
[runlim] argv[3]:		--ufReuse=1
[runlim] start:			Sat May 16 16:01:22 2020
[runlim] main pid:		12161
[Ablector] INFO: ABLECTOR TIME: 0.003949
[runlim] end:			Sat May 16 16:01:23 2020
[runlim] status:		ok
[runlim] result:		0
[runlim] children:		0
[runlim] real:			1.32 seconds
[runlim] time:			0.97 seconds
[runlim] space:			37.3 MB
[runlim] samples:		4
[runlim] version:		1.10
[runlim] time limit:		311040000 seconds
[runlim] real time limit:	1200 seconds
[runlim] space limit:		15000 MB
[runlim] argv[0]:		python3
[runlim] argv[1]:		/raid/steuber/Software/ablector/ablector
[runlim] argv[2]:		/raid/steuber/Benchmarks/2019/QF_BV/sage/app9/bench_2685.smt2
[runlim] argv[3]:		--ufReuse=1
[runlim] start:			Sat May 16 16:01:23 2020
[runlim] main pid:		12181
[Ablector] INFO: ABLECTOR TIME: 0.003895
[runlim] end:			Sat May 16 16:01:24 2020
[runlim] status:		ok
[runlim] result:		0
[runlim] children:		0
[runlim] real:			1.13 seconds
[runlim] time:			0.92 seconds
[runlim] space:			37.6 MB
[runlim] samples:		4
[runlim] version:		1.10
[runlim] time limit:		311040000 seconds
[runlim] real time limit:	1200 seconds
[runlim] space limit:		15000 MB
[runlim] argv[0]:		python3
[runlim] argv[1]:		/raid/steuber/Software/ablector/ablector
[runlim] argv[2]:		/raid/steuber/Benchmarks/2019/QF_BV/sage/app2/bench_769.smt2
[runlim] argv[3]:		--ufReuse=1
[runlim] start:			Sat May 16 16:01:24 2020
[runlim] main pid:		12201
[Ablector] INFO: ABLECTOR TIME: 0.003801
[runlim] end:			Sat May 16 16:01:24 2020
[runlim] status:		ok
[runlim] result:		0
[runlim] children:		0
[runlim] real:			1.00 seconds
[runlim] time:			1.02 seconds
[runlim] space:			37.6 MB
[runlim] samples:		5
[runlim] version:		1.10
[runlim] time limit:		311040000 seconds
[runlim] real time limit:	1200 seconds
[runlim] space limit:		15000 MB
[runlim] argv[0]:		python3
[runlim] argv[1]:		/raid/steuber/Software/ablector/ablector
[runlim] argv[2]:		/raid/steuber/Benchmarks/2019/QF_BV/sage/app8/bench_179.smt2
[runlim] argv[3]:		--ufReuse=1
[runlim] start:			Sat May 16 16:01:25 2020
[runlim] main pid:		12221
[Ablector] INFO: ABLECTOR TIME: 0.003740
[runlim] end:			Sat May 16 16:01:25 2020
[runlim] status:		ok
[runlim] result:		0
[runlim] children:		0
[runlim] real:			0.78 seconds
[runlim] time:			0.98 seconds
[runlim] space:			37.8 MB
[runlim] samples:		4
[runlim] version:		1.10
[runlim] time limit:		311040000 seconds
[runlim] real time limit:	1200 seconds
[runlim] space limit:		15000 MB
[runlim] argv[0]:		python3
[runlim] argv[1]:		/raid/steuber/Software/ablector/ablector
[runlim] argv[2]:		/raid/steuber/Benchmarks/2019/QF_BV/sage/app1/bench_1894.smt2
[runlim] argv[3]:		--ufReuse=1
[runlim] start:			Sat May 16 16:01:26 2020
[runlim] main pid:		12242
[Ablector] INFO: ABLECTOR TIME: 0.003848
[runlim] end:			Sat May 16 16:01:26 2020
[runlim] status:		ok
[runlim] result:		0
[runlim] children:		0
[runlim] real:			0.58 seconds
[runlim] time:			0.94 seconds
[runlim] space:			37.8 MB
[runlim] samples:		4
[runlim] version:		1.10
[runlim] time limit:		311040000 seconds
[runlim] real time limit:	1200 seconds
[runlim] space limit:		15000 MB
[runlim] argv[0]:		python3
[runlim] argv[1]:		/raid/steuber/Software/ablector/ablector
[runlim] argv[2]:		/raid/steuber/Benchmarks/2019/QF_BV/sage/app9/bench_21.smt2
[runlim] argv[3]:		--ufReuse=1
[runlim] start:			Sat May 16 16:01:26 2020
[runlim] main pid:		12262
[Ablector] INFO: ABLECTOR TIME: 0.003811
[runlim] end:			Sat May 16 16:01:27 2020
[runlim] status:		ok
[runlim] result:		0
[runlim] children:		0
[runlim] real:			1.36 seconds
[runlim] time:			0.95 seconds
[runlim] space:			37.6 MB
[runlim] samples:		4
[runlim] version:		1.10
[runlim] time limit:		311040000 seconds
[runlim] real time limit:	1200 seconds
[runlim] space limit:		15000 MB
[runlim] argv[0]:		python3
[runlim] argv[1]:		/raid/steuber/Software/ablector/ablector
[runlim] argv[2]:		/raid/steuber/Benchmarks/2019/QF_BV/sage/app7/bench_6791.smt2
[runlim] argv[3]:		--ufReuse=1
[runlim] start:			Sat May 16 16:01:27 2020
[runlim] main pid:		12282
[Ablector] INFO: *** ROUND 0
[MulNode] INFO: Level 0
[Ablector] INFO: ABLECTOR TIME: 0.024530
[Ablector] INFO: SAT TIME: 0.019992
[Ablector] INFO: REF TIME: 0.010283
[runlim] end:			Sat May 16 16:01:28 2020
[runlim] status:		ok
[runlim] result:		0
[runlim] children:		0
[runlim] real:			1.17 seconds
[runlim] time:			0.94 seconds
[runlim] space:			40.9 MB
[runlim] samples:		4
[runlim] version:		1.10
[runlim] time limit:		311040000 seconds
[runlim] real time limit:	1200 seconds
[runlim] space limit:		15000 MB
[runlim] argv[0]:		python3
[runlim] argv[1]:		/raid/steuber/Software/ablector/ablector
[runlim] argv[2]:		/raid/steuber/Benchmarks/2019/QF_BV/float/square.2.0.i.smt2
[runlim] argv[3]:		--ufReuse=1
[runlim] start:			Sat May 16 16:01:28 2020
[runlim] main pid:		12302
[Ablector] INFO: *** ROUND 0
[MulNode] INFO: Level 0
[MulNode] INFO: Level 0
[MulNode] INFO: Level 0
[MulNode] INFO: Level 0
[MulNode] INFO: Level 0
[MulNode] INFO: Level 0
[MulNode] INFO: Level 0
[Ablector] INFO: ABLECTOR TIME: 2.627322
[Ablector] INFO: SAT TIME: 2.619221
[Ablector] INFO: REF TIME: 0.131199
[runlim] end:			Sat May 16 16:01:31 2020
[runlim] status:		ok
[runlim] result:		0
[runlim] children:		1
[runlim] real:			3.92 seconds
[runlim] time:			3.91 seconds
[runlim] space:			68.3 MB
[runlim] samples:		34
[runlim] version:		1.10
[runlim] time limit:		311040000 seconds
[runlim] real time limit:	1200 seconds
[runlim] space limit:		15000 MB
[runlim] argv[0]:		python3
[runlim] argv[1]:		/raid/steuber/Software/ablector/ablector
[runlim] argv[2]:		/raid/steuber/Benchmarks/2019/QF_BV/Sage2/bench_7340.smt2
[runlim] argv[3]:		--ufReuse=1
[runlim] start:			Sat May 16 16:01:32 2020
[runlim] main pid:		12322
[Ablector] INFO: *** ROUND 0
[runlim] sample:		10.5 time, 10.3 real, 82.4 MB
[runlim] sample:		20.5 time, 20.3 real, 83.1 MB
[runlim] sample:		30.5 time, 30.3 real, 95.6 MB
[runlim] sample:		40.5 time, 40.3 real, 96.1 MB
[runlim] sample:		50.5 time, 50.3 real, 96.6 MB
[runlim] sample:		60.5 time, 60.3 real, 96.8 MB
[runlim] sample:		70.5 time, 70.3 real, 96.7 MB
[MulNode] INFO: Level 0
[MulNode] INFO: Level 0
[MulNode] INFO: Level 0
[MulNode] INFO: Level 0
[MulNode] INFO: Level 0
[MulNode] INFO: Level 0
[MulNode] INFO: Level 0
[MulNode] INFO: Level 0
[MulNode] INFO: Level 0
[MulNode] INFO: Level 0
[MulNode] INFO: Level 0
[MulNode] INFO: Level 0
[MulNode] INFO: Level 0
[MulNode] INFO: Level 0
[MulNode] INFO: Level 0
[MulNode] INFO: Level 0
[MulNode] INFO: Level 0
[MulNode] INFO: Level 0
[MulNode] INFO: Level 0
[MulNode] INFO: Level 0
[MulNode] INFO: Level 0
[MulNode] INFO: Level 0
[MulNode] INFO: Level 0
[MulNode] INFO: Level 0
[MulNode] INFO: Level 0
[MulNode] INFO: Level 0
[MulNode] INFO: Level 0
[MulNode] INFO: Level 0
[MulNode] INFO: Level 0
[MulNode] INFO: Level 0
[MulNode] INFO: Level 0
[MulNode] INFO: Level 0
[MulNode] INFO: Level 0
[MulNode] INFO: Level 0
[MulNode] INFO: Level 0
[MulNode] INFO: Level 0
[MulNode] INFO: Level 0
[MulNode] INFO: Level 0
[MulNode] INFO: Level 0
[MulNode] INFO: Level 0
[MulNode] INFO: Level 0
[MulNode] INFO: Level 0
[MulNode] INFO: Level 0
[Ablector] INFO: ABLECTOR TIME: 74.204664
[Ablector] INFO: SAT TIME: 74.192334
[Ablector] INFO: REF TIME: 0.392367
[runlim] end:			Sat May 16 16:02:47 2020
[runlim] status:		ok
[runlim] result:		0
[runlim] children:		1
[runlim] real:			75.19 seconds
[runlim] time:			75.42 seconds
[runlim] space:			104.5 MB
[runlim] samples:		749
[runlim] version:		1.10
[runlim] time limit:		311040000 seconds
[runlim] real time limit:	1200 seconds
[runlim] space limit:		15000 MB
[runlim] argv[0]:		python3
[runlim] argv[1]:		/raid/steuber/Software/ablector/ablector
[runlim] argv[2]:		/raid/steuber/Benchmarks/2019/QF_BV/sage/app7/bench_61.smt2
[runlim] argv[3]:		--ufReuse=1
[runlim] start:			Sat May 16 16:02:47 2020
[runlim] main pid:		12354
[Ablector] INFO: ABLECTOR TIME: 0.004039
[runlim] end:			Sat May 16 16:02:49 2020
[runlim] status:		ok
[runlim] result:		0
[runlim] children:		14
[runlim] real:			2.47 seconds
[runlim] time:			2.19 seconds
[runlim] space:			83.4 MB
[runlim] samples:		18
