[runlim] version:		1.10
[runlim] time limit:		311040000 seconds
[runlim] real time limit:	1200 seconds
[runlim] space limit:		15000 MB
[runlim] argv[0]:		python3
[runlim] argv[1]:		/raid/steuber/Software/ablector/ablector
[runlim] argv[2]:		/raid/steuber/Benchmarks/2019/QF_BV/sage/app7/bench_3014.smt2
[runlim] argv[3]:		--ufReuse=1
[runlim] start:			Sat May 16 14:18:05 2020
[runlim] main pid:		30128
[Ablector] INFO: ABLECTOR TIME: 0.004022
[runlim] end:			Sat May 16 14:18:07 2020
[runlim] status:		ok
[runlim] result:		0
[runlim] children:		18
[runlim] real:			2.87 seconds
[runlim] time:			2.62 seconds
[runlim] space:			97.9 MB
[runlim] samples:		22
[runlim] version:		1.10
[runlim] time limit:		311040000 seconds
[runlim] real time limit:	1200 seconds
[runlim] space limit:		15000 MB
[runlim] argv[0]:		python3
[runlim] argv[1]:		/raid/steuber/Software/ablector/ablector
[runlim] argv[2]:		/raid/steuber/Benchmarks/2019/QF_BV/sage/app7/bench_1851.smt2
[runlim] argv[3]:		--ufReuse=1
[runlim] start:			Sat May 16 14:18:08 2020
[runlim] main pid:		30148
[Ablector] INFO: ABLECTOR TIME: 0.003859
[runlim] end:			Sat May 16 14:18:09 2020
[runlim] status:		ok
[runlim] result:		0
[runlim] children:		4
[runlim] real:			1.10 seconds
[runlim] time:			1.35 seconds
[runlim] space:			58.3 MB
[runlim] samples:		8
[runlim] version:		1.10
[runlim] time limit:		311040000 seconds
[runlim] real time limit:	1200 seconds
[runlim] space limit:		15000 MB
[runlim] argv[0]:		python3
[runlim] argv[1]:		/raid/steuber/Software/ablector/ablector
[runlim] argv[2]:		/raid/steuber/Benchmarks/2019/QF_BV/sage/app7/bench_1468.smt2
[runlim] argv[3]:		--ufReuse=1
[runlim] start:			Sat May 16 14:18:09 2020
[runlim] main pid:		30168
[Ablector] INFO: ABLECTOR TIME: 0.003929
[runlim] end:			Sat May 16 14:18:10 2020
[runlim] status:		ok
[runlim] result:		0
[runlim] children:		5
[runlim] real:			1.50 seconds
[runlim] time:			1.45 seconds
[runlim] space:			63.8 MB
[runlim] samples:		10
[runlim] version:		1.10
[runlim] time limit:		311040000 seconds
[runlim] real time limit:	1200 seconds
[runlim] space limit:		15000 MB
[runlim] argv[0]:		python3
[runlim] argv[1]:		/raid/steuber/Software/ablector/ablector
[runlim] argv[2]:		/raid/steuber/Benchmarks/2019/QF_BV/sage/app2/bench_275.smt2
[runlim] argv[3]:		--ufReuse=1
[runlim] start:			Sat May 16 14:18:10 2020
[runlim] main pid:		30188
[Ablector] INFO: *** ROUND 0
[MulNode] INFO: Level 0
[MulNode] INFO: Level 0
[SdivNode] INFO: Level 0
[SdivNode] INFO: Level 0
[SdivNode] INFO: Level 0
[MulNode] INFO: Level 0
[MulNode] INFO: Level 0
[Ablector] INFO: ABLECTOR TIME: 0.097272
[Ablector] INFO: SAT TIME: 0.091381
[Ablector] INFO: REF TIME: 0.042938
[runlim] end:			Sat May 16 14:18:11 2020
[runlim] status:		ok
[runlim] result:		0
[runlim] children:		1
[runlim] real:			1.44 seconds
[runlim] time:			1.07 seconds
[runlim] space:			42.3 MB
[runlim] samples:		5
[runlim] version:		1.10
[runlim] time limit:		311040000 seconds
[runlim] real time limit:	1200 seconds
[runlim] space limit:		15000 MB
[runlim] argv[0]:		python3
[runlim] argv[1]:		/raid/steuber/Software/ablector/ablector
[runlim] argv[2]:		/raid/steuber/Benchmarks/2019/QF_BV/sage/app7/bench_4537.smt2
[runlim] argv[3]:		--ufReuse=1
[runlim] start:			Sat May 16 14:18:11 2020
[runlim] main pid:		30208
[Ablector] INFO: ABLECTOR TIME: 0.003971
[runlim] end:			Sat May 16 14:18:12 2020
[runlim] status:		ok
[runlim] result:		0
[runlim] children:		1
[runlim] real:			1.41 seconds
[runlim] time:			1.06 seconds
[runlim] space:			44.4 MB
[runlim] samples:		6
[runlim] version:		1.10
[runlim] time limit:		311040000 seconds
[runlim] real time limit:	1200 seconds
[runlim] space limit:		15000 MB
[runlim] argv[0]:		python3
[runlim] argv[1]:		/raid/steuber/Software/ablector/ablector
[runlim] argv[2]:		/raid/steuber/Benchmarks/2019/QF_BV/Sage2/bench_16398.smt2
[runlim] argv[3]:		--ufReuse=1
[runlim] start:			Sat May 16 14:18:12 2020
[runlim] main pid:		30228
[Ablector] INFO: *** ROUND 0
[MulNode] INFO: Level 0
[MulNode] INFO: Level 0
[MulNode] INFO: Level 0
[UdivNode] INFO: Level 0
[MulNode] INFO: Level 0
[MulNode] INFO: Level 0
[MulNode] INFO: Level 0
[MulNode] INFO: Level 0
[MulNode] INFO: Level 0
[MulNode] INFO: Level 0
[MulNode] INFO: Level 0
[MulNode] INFO: Level 0
[MulNode] INFO: Level 0
[MulNode] INFO: Level 0
[MulNode] INFO: Level 0
[MulNode] INFO: Level 0
[MulNode] INFO: Level 0
[MulNode] INFO: Level 0
[MulNode] INFO: Level 0
[MulNode] INFO: Level 0
[MulNode] INFO: Level 0
[MulNode] INFO: Level 0
[MulNode] INFO: Level 0
[MulNode] INFO: Level 0
[MulNode] INFO: Level 0
[MulNode] INFO: Level 0
[MulNode] INFO: Level 0
[MulNode] INFO: Level 0
[MulNode] INFO: Level 0
[MulNode] INFO: Level 0
[MulNode] INFO: Level 0
[MulNode] INFO: Level 0
[MulNode] INFO: Level 0
[MulNode] INFO: Level 0
[MulNode] INFO: Level 0
[MulNode] INFO: Level 0
[MulNode] INFO: Level 0
[MulNode] INFO: Level 0
[MulNode] INFO: Level 0
[MulNode] INFO: Level 0
[MulNode] INFO: Level 0
[MulNode] INFO: Level 0
[MulNode] INFO: Level 0
[MulNode] INFO: Level 0
[MulNode] INFO: Level 0
[MulNode] INFO: Level 0
[MulNode] INFO: Level 0
[MulNode] INFO: Level 0
[MulNode] INFO: Level 0
[MulNode] INFO: Level 0
[MulNode] INFO: Level 0
[MulNode] INFO: Level 0
[MulNode] INFO: Level 0
[MulNode] INFO: Level 0
[MulNode] INFO: Level 0
[MulNode] INFO: Level 0
[MulNode] INFO: Level 0
[MulNode] INFO: Level 0
[MulNode] INFO: Level 0
[MulNode] INFO: Level 0
[MulNode] INFO: Level 0
[MulNode] INFO: Level 0
[MulNode] INFO: Level 0
[MulNode] INFO: Level 0
[Ablector] INFO: ABLECTOR TIME: 1.385929
[Ablector] INFO: SAT TIME: 1.368094
[Ablector] INFO: REF TIME: 0.574786
[runlim] end:			Sat May 16 14:18:15 2020
[runlim] status:		ok
[runlim] result:		0
[runlim] children:		1
[runlim] real:			3.32 seconds
[runlim] time:			3.03 seconds
[runlim] space:			133.4 MB
[runlim] samples:		25
[runlim] version:		1.10
[runlim] time limit:		311040000 seconds
[runlim] real time limit:	1200 seconds
[runlim] space limit:		15000 MB
[runlim] argv[0]:		python3
[runlim] argv[1]:		/raid/steuber/Software/ablector/ablector
[runlim] argv[2]:		/raid/steuber/Benchmarks/2019/QF_BV/uclid/catchconv/convert-jpg2gif-query-1667.smt2
[runlim] argv[3]:		--ufReuse=1
[runlim] start:			Sat May 16 14:18:15 2020
[runlim] main pid:		30248
[Ablector] INFO: ABLECTOR TIME: 0.003972
[runlim] end:			Sat May 16 14:18:17 2020
[runlim] status:		ok
[runlim] result:		0
[runlim] children:		10
[runlim] real:			2.13 seconds
[runlim] time:			1.85 seconds
[runlim] space:			67.4 MB
[runlim] samples:		14
[runlim] version:		1.10
[runlim] time limit:		311040000 seconds
[runlim] real time limit:	1200 seconds
[runlim] space limit:		15000 MB
[runlim] argv[0]:		python3
[runlim] argv[1]:		/raid/steuber/Software/ablector/ablector
[runlim] argv[2]:		/raid/steuber/Benchmarks/2019/QF_BV/sage/app1/bench_320.smt2
[runlim] argv[3]:		--ufReuse=1
[runlim] start:			Sat May 16 14:18:17 2020
[runlim] main pid:		30268
[Ablector] INFO: ABLECTOR TIME: 0.003871
[runlim] end:			Sat May 16 14:18:17 2020
[runlim] status:		ok
[runlim] result:		0
[runlim] children:		0
[runlim] real:			0.95 seconds
[runlim] time:			0.96 seconds
[runlim] space:			37.8 MB
[runlim] samples:		4
[runlim] version:		1.10
[runlim] time limit:		311040000 seconds
[runlim] real time limit:	1200 seconds
[runlim] space limit:		15000 MB
[runlim] argv[0]:		python3
[runlim] argv[1]:		/raid/steuber/Software/ablector/ablector
[runlim] argv[2]:		/raid/steuber/Benchmarks/2019/QF_BV/Sage2/bench_3543.smt2
[runlim] argv[3]:		--ufReuse=1
[runlim] start:			Sat May 16 14:18:18 2020
[runlim] main pid:		30288
[Ablector] INFO: *** ROUND 0
[MulNode] INFO: Level 0
[MulNode] INFO: Level 0
[MulNode] INFO: Level 0
[MulNode] INFO: Level 0
[MulNode] INFO: Level 0
[MulNode] INFO: Level 0
[MulNode] INFO: Level 0
[MulNode] INFO: Level 0
[MulNode] INFO: Level 0
[MulNode] INFO: Level 0
[MulNode] INFO: Level 0
[MulNode] INFO: Level 0
[MulNode] INFO: Level 0
[MulNode] INFO: Level 0
[MulNode] INFO: Level 0
[MulNode] INFO: Level 0
[MulNode] INFO: Level 0
[MulNode] INFO: Level 0
[MulNode] INFO: Level 0
[MulNode] INFO: Level 0
[MulNode] INFO: Level 0
[MulNode] INFO: Level 0
[MulNode] INFO: Level 0
[MulNode] INFO: Level 0
[MulNode] INFO: Level 0
[MulNode] INFO: Level 0
[MulNode] INFO: Level 0
[MulNode] INFO: Level 0
[MulNode] INFO: Level 0
[MulNode] INFO: Level 0
[MulNode] INFO: Level 0
[MulNode] INFO: Level 0
[MulNode] INFO: Level 0
[MulNode] INFO: Level 0
[MulNode] INFO: Level 0
[MulNode] INFO: Level 0
[MulNode] INFO: Level 0
[MulNode] INFO: Level 0
[MulNode] INFO: Level 0
[MulNode] INFO: Level 0
[MulNode] INFO: Level 0
[MulNode] INFO: Level 0
[MulNode] INFO: Level 0
[MulNode] INFO: Level 0
[MulNode] INFO: Level 0
[MulNode] INFO: Level 0
[MulNode] INFO: Level 0
[MulNode] INFO: Level 0
[MulNode] INFO: Level 0
[MulNode] INFO: Level 0
[MulNode] INFO: Level 0
[Ablector] INFO: ABLECTOR TIME: 1.673585
[Ablector] INFO: SAT TIME: 1.659877
[Ablector] INFO: REF TIME: 0.460514
[runlim] end:			Sat May 16 14:18:20 2020
[runlim] status:		ok
[runlim] result:		0
[runlim] children:		0
[runlim] real:			2.67 seconds
[runlim] time:			2.85 seconds
[runlim] space:			80.6 MB
[runlim] samples:		23
[runlim] version:		1.10
[runlim] time limit:		311040000 seconds
[runlim] real time limit:	1200 seconds
[runlim] space limit:		15000 MB
[runlim] argv[0]:		python3
[runlim] argv[1]:		/raid/steuber/Software/ablector/ablector
[runlim] argv[2]:		/raid/steuber/Benchmarks/2019/QF_BV/sage/app8/bench_757.smt2
[runlim] argv[3]:		--ufReuse=1
[runlim] start:			Sat May 16 14:18:21 2020
[runlim] main pid:		30309
[Ablector] INFO: *** ROUND 0
[MulNode] INFO: Level 0
[MulNode] INFO: Level 0
[MulNode] INFO: Level 0
[MulNode] INFO: Level 0
[MulNode] INFO: Level 0
[MulNode] INFO: Level 0
[MulNode] INFO: Level 0
[MulNode] INFO: Level 0
[MulNode] INFO: Level 0
[MulNode] INFO: Level 0
[MulNode] INFO: Level 0
[Ablector] INFO: ABLECTOR TIME: 0.483768
[Ablector] INFO: SAT TIME: 0.476774
[Ablector] INFO: REF TIME: 0.107113
[runlim] end:			Sat May 16 14:18:22 2020
[runlim] status:		ok
[runlim] result:		0
[runlim] children:		0
[runlim] real:			1.11 seconds
[runlim] time:			1.56 seconds
[runlim] space:			49.3 MB
[runlim] samples:		10
[runlim] version:		1.10
[runlim] time limit:		311040000 seconds
[runlim] real time limit:	1200 seconds
[runlim] space limit:		15000 MB
[runlim] argv[0]:		python3
[runlim] argv[1]:		/raid/steuber/Software/ablector/ablector
[runlim] argv[2]:		/raid/steuber/Benchmarks/2019/QF_BV/Sage2/bench_17658.smt2
[runlim] argv[3]:		--ufReuse=1
[runlim] start:			Sat May 16 14:18:22 2020
[runlim] main pid:		30329
[Ablector] INFO: *** ROUND 0
[MulNode] INFO: Level 0
[MulNode] INFO: Level 0
[MulNode] INFO: Level 0
[MulNode] INFO: Level 0
[MulNode] INFO: Level 0
[MulNode] INFO: Level 0
[MulNode] INFO: Level 0
[MulNode] INFO: Level 0
[MulNode] INFO: Level 0
[MulNode] INFO: Level 0
[Ablector] INFO: ABLECTOR TIME: 0.438520
[Ablector] INFO: SAT TIME: 0.432110
[Ablector] INFO: REF TIME: 0.098374
[runlim] end:			Sat May 16 14:18:23 2020
[runlim] status:		ok
[runlim] result:		0
[runlim] children:		0
[runlim] real:			1.44 seconds
[runlim] time:			1.44 seconds
[runlim] space:			52.0 MB
[runlim] samples:		9
[runlim] version:		1.10
[runlim] time limit:		311040000 seconds
[runlim] real time limit:	1200 seconds
[runlim] space limit:		15000 MB
[runlim] argv[0]:		python3
[runlim] argv[1]:		/raid/steuber/Software/ablector/ablector
[runlim] argv[2]:		/raid/steuber/Benchmarks/2019/QF_BV/Sage2/bench_9204.smt2
[runlim] argv[3]:		--ufReuse=1
[runlim] start:			Sat May 16 14:18:23 2020
[runlim] main pid:		30349
[Ablector] INFO: *** ROUND 0
[MulNode] INFO: Level 0
[Ablector] INFO: ABLECTOR TIME: 0.171141
[Ablector] INFO: SAT TIME: 0.166351
[Ablector] INFO: REF TIME: 0.011036
[runlim] end:			Sat May 16 14:18:24 2020
[runlim] status:		ok
[runlim] result:		0
[runlim] children:		0
[runlim] real:			1.42 seconds
[runlim] time:			1.17 seconds
[runlim] space:			43.8 MB
[runlim] samples:		6
[runlim] version:		1.10
[runlim] time limit:		311040000 seconds
[runlim] real time limit:	1200 seconds
[runlim] space limit:		15000 MB
[runlim] argv[0]:		python3
[runlim] argv[1]:		/raid/steuber/Software/ablector/ablector
[runlim] argv[2]:		/raid/steuber/Benchmarks/2019/QF_BV/sage/app7/bench_5907.smt2
[runlim] argv[3]:		--ufReuse=1
[runlim] start:			Sat May 16 14:18:24 2020
[runlim] main pid:		30369
[Ablector] INFO: ABLECTOR TIME: 0.003693
[runlim] end:			Sat May 16 14:18:25 2020
[runlim] status:		ok
[runlim] result:		0
[runlim] children:		1
[runlim] real:			1.25 seconds
[runlim] time:			1.01 seconds
[runlim] space:			39.7 MB
[runlim] samples:		4
[runlim] version:		1.10
[runlim] time limit:		311040000 seconds
[runlim] real time limit:	1200 seconds
[runlim] space limit:		15000 MB
[runlim] argv[0]:		python3
[runlim] argv[1]:		/raid/steuber/Software/ablector/ablector
[runlim] argv[2]:		/raid/steuber/Benchmarks/2019/QF_BV/sage/app7/bench_4544.smt2
[runlim] argv[3]:		--ufReuse=1
[runlim] start:			Sat May 16 14:18:25 2020
[runlim] main pid:		30389
[Ablector] INFO: ABLECTOR TIME: 0.003868
[runlim] end:			Sat May 16 14:18:26 2020
[runlim] status:		ok
[runlim] result:		0
[runlim] children:		2
[runlim] real:			1.18 seconds
[runlim] time:			1.04 seconds
[runlim] space:			46.4 MB
[runlim] samples:		5
[runlim] version:		1.10
[runlim] time limit:		311040000 seconds
[runlim] real time limit:	1200 seconds
[runlim] space limit:		15000 MB
[runlim] argv[0]:		python3
[runlim] argv[1]:		/raid/steuber/Software/ablector/ablector
[runlim] argv[2]:		/raid/steuber/Benchmarks/2019/QF_BV/sage/app7/bench_1069.smt2
[runlim] argv[3]:		--ufReuse=1
[runlim] start:			Sat May 16 14:18:26 2020
[runlim] main pid:		30410
[Ablector] INFO: ABLECTOR TIME: 0.003906
[runlim] end:			Sat May 16 14:18:28 2020
[runlim] status:		ok
[runlim] result:		0
[runlim] children:		18
[runlim] real:			2.79 seconds
[runlim] time:			2.64 seconds
[runlim] space:			97.9 MB
[runlim] samples:		22
[runlim] version:		1.10
[runlim] time limit:		311040000 seconds
[runlim] real time limit:	1200 seconds
[runlim] space limit:		15000 MB
[runlim] argv[0]:		python3
[runlim] argv[1]:		/raid/steuber/Software/ablector/ablector
[runlim] argv[2]:		/raid/steuber/Benchmarks/2019/QF_BV/sage/app7/bench_6465.smt2
[runlim] argv[3]:		--ufReuse=1
[runlim] start:			Sat May 16 14:18:29 2020
[runlim] main pid:		30430
[Ablector] INFO: ABLECTOR TIME: 0.003834
[runlim] end:			Sat May 16 14:18:29 2020
[runlim] status:		ok
[runlim] result:		0
[runlim] children:		0
[runlim] real:			0.63 seconds
[runlim] time:			0.94 seconds
[runlim] space:			37.0 MB
[runlim] samples:		4
[runlim] version:		1.10
[runlim] time limit:		311040000 seconds
[runlim] real time limit:	1200 seconds
[runlim] space limit:		15000 MB
[runlim] argv[0]:		python3
[runlim] argv[1]:		/raid/steuber/Software/ablector/ablector
[runlim] argv[2]:		/raid/steuber/Benchmarks/2019/QF_BV/Sage2/bench_965.smt2
[runlim] argv[3]:		--ufReuse=1
[runlim] start:			Sat May 16 14:18:29 2020
[runlim] main pid:		30450
[Ablector] INFO: *** ROUND 0
[MulNode] INFO: Level 0
[MulNode] INFO: Level 0
[MulNode] INFO: Level 0
[MulNode] INFO: Level 0
[MulNode] INFO: Level 0
[MulNode] INFO: Level 0
[MulNode] INFO: Level 0
[MulNode] INFO: Level 0
[MulNode] INFO: Level 0
[MulNode] INFO: Level 0
[MulNode] INFO: Level 0
[MulNode] INFO: Level 0
[MulNode] INFO: Level 0
[MulNode] INFO: Level 0
[MulNode] INFO: Level 0
[MulNode] INFO: Level 0
[MulNode] INFO: Level 0
[MulNode] INFO: Level 0
[MulNode] INFO: Level 0
[MulNode] INFO: Level 0
[MulNode] INFO: Level 0
[MulNode] INFO: Level 0
[MulNode] INFO: Level 0
[MulNode] INFO: Level 0
[MulNode] INFO: Level 0
[MulNode] INFO: Level 0
[MulNode] INFO: Level 0
[MulNode] INFO: Level 0
[MulNode] INFO: Level 0
[MulNode] INFO: Level 0
[MulNode] INFO: Level 0
[MulNode] INFO: Level 0
[MulNode] INFO: Level 0
[MulNode] INFO: Level 0
[MulNode] INFO: Level 0
[MulNode] INFO: Level 0
[MulNode] INFO: Level 0
[MulNode] INFO: Level 0
[MulNode] INFO: Level 0
[MulNode] INFO: Level 0
[MulNode] INFO: Level 0
[MulNode] INFO: Level 0
[MulNode] INFO: Level 0
[MulNode] INFO: Level 0
[MulNode] INFO: Level 0
[MulNode] INFO: Level 0
[MulNode] INFO: Level 0
[MulNode] INFO: Level 0
[MulNode] INFO: Level 0
[MulNode] INFO: Level 0
[MulNode] INFO: Level 0
[MulNode] INFO: Level 0
[MulNode] INFO: Level 0
[MulNode] INFO: Level 0
[MulNode] INFO: Level 0
[MulNode] INFO: Level 0
[MulNode] INFO: Level 0
[MulNode] INFO: Level 0
[Ablector] INFO: ABLECTOR TIME: 8.436598
[Ablector] INFO: SAT TIME: 8.421661
[Ablector] INFO: REF TIME: 0.476206
[runlim] sample:		10.5 time, 11.0 real, 90.7 MB
[runlim] end:			Sat May 16 14:18:40 2020
[runlim] status:		ok
[runlim] result:		0
[runlim] children:		1
[runlim] real:			11.09 seconds
[runlim] time:			10.58 seconds
[runlim] space:			93.6 MB
[runlim] samples:		101
[runlim] version:		1.10
[runlim] time limit:		311040000 seconds
[runlim] real time limit:	1200 seconds
[runlim] space limit:		15000 MB
[runlim] argv[0]:		python3
[runlim] argv[1]:		/raid/steuber/Software/ablector/ablector
[runlim] argv[2]:		/raid/steuber/Benchmarks/2019/QF_BV/sage/app1/bench_1892.smt2
[runlim] argv[3]:		--ufReuse=1
[runlim] start:			Sat May 16 14:18:40 2020
[runlim] main pid:		30473
[Ablector] INFO: ABLECTOR TIME: 0.003742
[runlim] end:			Sat May 16 14:18:40 2020
[runlim] status:		ok
[runlim] result:		0
[runlim] children:		0
[runlim] real:			0.94 seconds
[runlim] time:			1.04 seconds
[runlim] space:			37.6 MB
[runlim] samples:		5
[runlim] version:		1.10
[runlim] time limit:		311040000 seconds
[runlim] real time limit:	1200 seconds
[runlim] space limit:		15000 MB
[runlim] argv[0]:		python3
[runlim] argv[1]:		/raid/steuber/Software/ablector/ablector
[runlim] argv[2]:		/raid/steuber/Benchmarks/2019/QF_BV/sage/app12/bench_5452.smt2
[runlim] argv[3]:		--ufReuse=1
[runlim] start:			Sat May 16 14:18:41 2020
[runlim] main pid:		30493
[Ablector] INFO: ABLECTOR TIME: 0.003796
[runlim] end:			Sat May 16 14:18:41 2020
[runlim] status:		ok
[runlim] result:		0
[runlim] children:		0
[runlim] real:			0.74 seconds
[runlim] time:			0.97 seconds
[runlim] space:			37.6 MB
[runlim] samples:		4
[runlim] version:		1.10
[runlim] time limit:		311040000 seconds
[runlim] real time limit:	1200 seconds
[runlim] space limit:		15000 MB
[runlim] argv[0]:		python3
[runlim] argv[1]:		/raid/steuber/Software/ablector/ablector
[runlim] argv[2]:		/raid/steuber/Benchmarks/2019/QF_BV/sage/app12/bench_582.smt2
[runlim] argv[3]:		--ufReuse=1
[runlim] start:			Sat May 16 14:18:42 2020
[runlim] main pid:		30513
[Ablector] INFO: *** ROUND 0
[SdivNode] INFO: Level 0
[MulNode] INFO: Level 0
[SdivNode] INFO: Level 0
[Ablector] INFO: ABLECTOR TIME: 0.037020
[Ablector] INFO: SAT TIME: 0.032128
[Ablector] INFO: REF TIME: 0.013595
[runlim] end:			Sat May 16 14:18:42 2020
[runlim] status:		ok
[runlim] result:		0
[runlim] children:		0
[runlim] real:			0.61 seconds
[runlim] time:			1.06 seconds
[runlim] space:			41.7 MB
[runlim] samples:		5
[runlim] version:		1.10
[runlim] time limit:		311040000 seconds
[runlim] real time limit:	1200 seconds
[runlim] space limit:		15000 MB
[runlim] argv[0]:		python3
[runlim] argv[1]:		/raid/steuber/Software/ablector/ablector
[runlim] argv[2]:		/raid/steuber/Benchmarks/2019/QF_BV/sage/app10/bench_2.smt2
[runlim] argv[3]:		--ufReuse=1
[runlim] start:			Sat May 16 14:18:42 2020
[runlim] main pid:		30533
[Ablector] INFO: ABLECTOR TIME: 0.003770
[runlim] end:			Sat May 16 14:18:43 2020
[runlim] status:		ok
[runlim] result:		0
[runlim] children:		1
[runlim] real:			1.44 seconds
[runlim] time:			0.95 seconds
[runlim] space:			41.5 MB
[runlim] samples:		4
[runlim] version:		1.10
[runlim] time limit:		311040000 seconds
[runlim] real time limit:	1200 seconds
[runlim] space limit:		15000 MB
[runlim] argv[0]:		python3
[runlim] argv[1]:		/raid/steuber/Software/ablector/ablector
[runlim] argv[2]:		/raid/steuber/Benchmarks/2019/QF_BV/sage/app7/bench_601.smt2
[runlim] argv[3]:		--ufReuse=1
[runlim] start:			Sat May 16 14:18:43 2020
[runlim] main pid:		30553
[Ablector] INFO: ABLECTOR TIME: 0.003843
[runlim] end:			Sat May 16 14:18:45 2020
[runlim] status:		ok
[runlim] result:		0
[runlim] children:		13
[runlim] real:			2.49 seconds
[runlim] time:			2.16 seconds
[runlim] space:			80.0 MB
[runlim] samples:		17
[runlim] version:		1.10
[runlim] time limit:		311040000 seconds
[runlim] real time limit:	1200 seconds
[runlim] space limit:		15000 MB
[runlim] argv[0]:		python3
[runlim] argv[1]:		/raid/steuber/Software/ablector/ablector
[runlim] argv[2]:		/raid/steuber/Benchmarks/2019/QF_BV/sage/app9/bench_687.smt2
[runlim] argv[3]:		--ufReuse=1
[runlim] start:			Sat May 16 14:18:45 2020
[runlim] main pid:		30573
[Ablector] INFO: ABLECTOR TIME: 0.003769
[runlim] end:			Sat May 16 14:18:46 2020
[runlim] status:		ok
[runlim] result:		0
[runlim] children:		0
[runlim] real:			1.27 seconds
[runlim] time:			0.97 seconds
[runlim] space:			37.7 MB
[runlim] samples:		4
[runlim] version:		1.10
[runlim] time limit:		311040000 seconds
[runlim] real time limit:	1200 seconds
[runlim] space limit:		15000 MB
[runlim] argv[0]:		python3
[runlim] argv[1]:		/raid/steuber/Software/ablector/ablector
[runlim] argv[2]:		/raid/steuber/Benchmarks/2019/QF_BV/sage/app7/bench_2150.smt2
[runlim] argv[3]:		--ufReuse=1
[runlim] start:			Sat May 16 14:18:46 2020
[runlim] main pid:		30593
[Ablector] INFO: ABLECTOR TIME: 0.003959
[runlim] end:			Sat May 16 14:18:47 2020
[runlim] status:		ok
[runlim] result:		0
[runlim] children:		3
[runlim] real:			1.33 seconds
[runlim] time:			1.14 seconds
[runlim] space:			51.9 MB
[runlim] samples:		7
[runlim] version:		1.10
[runlim] time limit:		311040000 seconds
[runlim] real time limit:	1200 seconds
[runlim] space limit:		15000 MB
[runlim] argv[0]:		python3
[runlim] argv[1]:		/raid/steuber/Software/ablector/ablector
[runlim] argv[2]:		/raid/steuber/Benchmarks/2019/QF_BV/sage/app7/bench_2856.smt2
[runlim] argv[3]:		--ufReuse=1
[runlim] start:			Sat May 16 14:18:47 2020
[runlim] main pid:		30613
[Ablector] INFO: ABLECTOR TIME: 0.003863
[runlim] end:			Sat May 16 14:18:48 2020
[runlim] status:		ok
[runlim] result:		0
[runlim] children:		2
[runlim] real:			1.33 seconds
[runlim] time:			1.03 seconds
[runlim] space:			46.4 MB
[runlim] samples:		6
[runlim] version:		1.10
[runlim] time limit:		311040000 seconds
[runlim] real time limit:	1200 seconds
[runlim] space limit:		15000 MB
[runlim] argv[0]:		python3
[runlim] argv[1]:		/raid/steuber/Software/ablector/ablector
[runlim] argv[2]:		/raid/steuber/Benchmarks/2019/QF_BV/Sage2/bench_9836.smt2
[runlim] argv[3]:		--ufReuse=1
[runlim] start:			Sat May 16 14:18:48 2020
[runlim] main pid:		30633
[Ablector] INFO: *** ROUND 0
[MulNode] INFO: Level 0
[MulNode] INFO: Level 0
[MulNode] INFO: Level 0
[MulNode] INFO: Level 0
[MulNode] INFO: Level 0
[MulNode] INFO: Level 0
[MulNode] INFO: Level 0
[MulNode] INFO: Level 0
[MulNode] INFO: Level 0
[MulNode] INFO: Level 0
[Ablector] INFO: ABLECTOR TIME: 0.679944
[Ablector] INFO: SAT TIME: 0.673417
[Ablector] INFO: REF TIME: 0.092131
[runlim] end:			Sat May 16 14:18:49 2020
[runlim] status:		ok
[runlim] result:		0
[runlim] children:		0
[runlim] real:			1.86 seconds
[runlim] time:			1.67 seconds
[runlim] space:			53.0 MB
[runlim] samples:		11
[runlim] version:		1.10
[runlim] time limit:		311040000 seconds
[runlim] real time limit:	1200 seconds
[runlim] space limit:		15000 MB
[runlim] argv[0]:		python3
[runlim] argv[1]:		/raid/steuber/Software/ablector/ablector
[runlim] argv[2]:		/raid/steuber/Benchmarks/2019/QF_BV/sage/app7/bench_328.smt2
[runlim] argv[3]:		--ufReuse=1
[runlim] start:			Sat May 16 14:18:50 2020
[runlim] main pid:		30654
[Ablector] INFO: ABLECTOR TIME: 0.003835
[runlim] end:			Sat May 16 14:18:51 2020
[runlim] status:		ok
[runlim] result:		0
[runlim] children:		14
[runlim] real:			1.97 seconds
[runlim] time:			2.24 seconds
[runlim] space:			82.1 MB
[runlim] samples:		17
[runlim] version:		1.10
[runlim] time limit:		311040000 seconds
[runlim] real time limit:	1200 seconds
[runlim] space limit:		15000 MB
[runlim] argv[0]:		python3
[runlim] argv[1]:		/raid/steuber/Software/ablector/ablector
[runlim] argv[2]:		/raid/steuber/Benchmarks/2019/QF_BV/sage/app7/bench_2466.smt2
[runlim] argv[3]:		--ufReuse=1
[runlim] start:			Sat May 16 14:18:52 2020
[runlim] main pid:		30674
[Ablector] INFO: ABLECTOR TIME: 0.003975
[runlim] end:			Sat May 16 14:18:53 2020
[runlim] status:		ok
[runlim] result:		0
[runlim] children:		3
[runlim] real:			1.03 seconds
[runlim] time:			1.17 seconds
[runlim] space:			50.6 MB
[runlim] samples:		7
[runlim] version:		1.10
[runlim] time limit:		311040000 seconds
[runlim] real time limit:	1200 seconds
[runlim] space limit:		15000 MB
[runlim] argv[0]:		python3
[runlim] argv[1]:		/raid/steuber/Software/ablector/ablector
[runlim] argv[2]:		/raid/steuber/Benchmarks/2019/QF_BV/sage/app2/bench_213.smt2
[runlim] argv[3]:		--ufReuse=1
[runlim] start:			Sat May 16 14:18:53 2020
[runlim] main pid:		30694
[Ablector] INFO: *** ROUND 0
[SdivNode] INFO: Level 0
[MulNode] INFO: Level 0
[MulNode] INFO: Level 0
[SdivNode] INFO: Level 0
[MulNode] INFO: Level 0
[MulNode] INFO: Level 0
[SdivNode] INFO: Level 0
[Ablector] INFO: ABLECTOR TIME: 0.097570
[Ablector] INFO: SAT TIME: 0.091851
[Ablector] INFO: REF TIME: 0.041919
[runlim] end:			Sat May 16 14:18:53 2020
[runlim] status:		ok
[runlim] result:		0
[runlim] children:		1
[runlim] real:			0.98 seconds
[runlim] time:			1.17 seconds
[runlim] space:			41.4 MB
[runlim] samples:		6
[runlim] version:		1.10
[runlim] time limit:		311040000 seconds
[runlim] real time limit:	1200 seconds
[runlim] space limit:		15000 MB
[runlim] argv[0]:		python3
[runlim] argv[1]:		/raid/steuber/Software/ablector/ablector
[runlim] argv[2]:		/raid/steuber/Benchmarks/2019/QF_BV/20190311-bv-term-small-rw-Noetzli/bv-term-small-rw_823.smt2
[runlim] argv[3]:		--ufReuse=1
[runlim] start:			Sat May 16 14:18:54 2020
[runlim] main pid:		30714
[Ablector] INFO: ABLECTOR TIME: 0.003571
[runlim] end:			Sat May 16 14:18:54 2020
[runlim] status:		ok
[runlim] result:		0
[runlim] children:		1
[runlim] real:			0.79 seconds
[runlim] time:			0.98 seconds
[runlim] space:			37.7 MB
[runlim] samples:		4
[runlim] version:		1.10
[runlim] time limit:		311040000 seconds
[runlim] real time limit:	1200 seconds
[runlim] space limit:		15000 MB
[runlim] argv[0]:		python3
[runlim] argv[1]:		/raid/steuber/Software/ablector/ablector
[runlim] argv[2]:		/raid/steuber/Benchmarks/2019/QF_BV/sage/app1/bench_2527.smt2
[runlim] argv[3]:		--ufReuse=1
[runlim] start:			Sat May 16 14:18:55 2020
[runlim] main pid:		30734
[Ablector] INFO: ABLECTOR TIME: 0.003522
[runlim] end:			Sat May 16 14:18:55 2020
[runlim] status:		ok
[runlim] result:		0
[runlim] children:		1
[runlim] real:			0.60 seconds
[runlim] time:			0.98 seconds
[runlim] space:			39.5 MB
[runlim] samples:		4
[runlim] version:		1.10
[runlim] time limit:		311040000 seconds
[runlim] real time limit:	1200 seconds
[runlim] space limit:		15000 MB
[runlim] argv[0]:		python3
[runlim] argv[1]:		/raid/steuber/Software/ablector/ablector
[runlim] argv[2]:		/raid/steuber/Benchmarks/2019/QF_BV/sage/app7/bench_28.smt2
[runlim] argv[3]:		--ufReuse=1
[runlim] start:			Sat May 16 14:18:55 2020
[runlim] main pid:		30754
[Ablector] INFO: ABLECTOR TIME: 0.003776
[runlim] end:			Sat May 16 14:18:57 2020
[runlim] status:		ok
[runlim] result:		0
[runlim] children:		13
[runlim] real:			2.77 seconds
[runlim] time:			2.24 seconds
[runlim] space:			83.4 MB
[runlim] samples:		18
[runlim] version:		1.10
[runlim] time limit:		311040000 seconds
[runlim] real time limit:	1200 seconds
[runlim] space limit:		15000 MB
[runlim] argv[0]:		python3
[runlim] argv[1]:		/raid/steuber/Software/ablector/ablector
[runlim] argv[2]:		/raid/steuber/Benchmarks/2019/QF_BV/sage/app8/bench_3646.smt2
[runlim] argv[3]:		--ufReuse=1
[runlim] start:			Sat May 16 14:18:58 2020
[runlim] main pid:		30775
[Ablector] INFO: ABLECTOR TIME: 0.003702
[runlim] end:			Sat May 16 14:18:58 2020
[runlim] status:		ok
[runlim] result:		0
[runlim] children:		0
[runlim] real:			0.63 seconds
[runlim] time:			0.99 seconds
[runlim] space:			37.6 MB
[runlim] samples:		5
[runlim] version:		1.10
[runlim] time limit:		311040000 seconds
[runlim] real time limit:	1200 seconds
[runlim] space limit:		15000 MB
[runlim] argv[0]:		python3
[runlim] argv[1]:		/raid/steuber/Software/ablector/ablector
[runlim] argv[2]:		/raid/steuber/Benchmarks/2019/QF_BV/sage/app9/bench_126.smt2
[runlim] argv[3]:		--ufReuse=1
[runlim] start:			Sat May 16 14:18:58 2020
[runlim] main pid:		30796
[Ablector] INFO: ABLECTOR TIME: 0.003656
[runlim] end:			Sat May 16 14:18:59 2020
[runlim] status:		ok
[runlim] result:		0
[runlim] children:		0
[runlim] real:			1.47 seconds
[runlim] time:			0.98 seconds
[runlim] space:			37.8 MB
[runlim] samples:		4
[runlim] version:		1.10
[runlim] time limit:		311040000 seconds
[runlim] real time limit:	1200 seconds
[runlim] space limit:		15000 MB
[runlim] argv[0]:		python3
[runlim] argv[1]:		/raid/steuber/Software/ablector/ablector
[runlim] argv[2]:		/raid/steuber/Benchmarks/2019/QF_BV/sage/app9/bench_3275.smt2
[runlim] argv[3]:		--ufReuse=1
[runlim] start:			Sat May 16 14:18:59 2020
[runlim] main pid:		30816
[Ablector] INFO: *** ROUND 0
[MulNode] INFO: Level 0
[MulNode] INFO: Level 0
[MulNode] INFO: Level 0
[MulNode] INFO: Level 0
[MulNode] INFO: Level 0
[MulNode] INFO: Level 0
[MulNode] INFO: Level 0
[MulNode] INFO: Level 0
[MulNode] INFO: Level 0
[MulNode] INFO: Level 0
[MulNode] INFO: Level 0
[Ablector] INFO: ABLECTOR TIME: 0.641671
[Ablector] INFO: SAT TIME: 0.634861
[Ablector] INFO: REF TIME: 0.105767
[runlim] end:			Sat May 16 14:19:01 2020
[runlim] status:		ok
[runlim] result:		0
[runlim] children:		0
[runlim] real:			2.05 seconds
[runlim] time:			1.76 seconds
[runlim] space:			52.0 MB
[runlim] samples:		12
[runlim] version:		1.10
[runlim] time limit:		311040000 seconds
[runlim] real time limit:	1200 seconds
[runlim] space limit:		15000 MB
[runlim] argv[0]:		python3
[runlim] argv[1]:		/raid/steuber/Software/ablector/ablector
[runlim] argv[2]:		/raid/steuber/Benchmarks/2019/QF_BV/20190311-bv-term-small-rw-Noetzli/bv-term-small-rw_1397.smt2
[runlim] argv[3]:		--ufReuse=1
[runlim] start:			Sat May 16 14:19:01 2020
[runlim] main pid:		30836
[Ablector] INFO: ABLECTOR TIME: 0.003752
[runlim] end:			Sat May 16 14:19:01 2020
[runlim] status:		ok
[runlim] result:		0
[runlim] children:		0
[runlim] real:			0.96 seconds
[runlim] time:			1.00 seconds
[runlim] space:			37.8 MB
[runlim] samples:		5
[runlim] version:		1.10
[runlim] time limit:		311040000 seconds
[runlim] real time limit:	1200 seconds
[runlim] space limit:		15000 MB
[runlim] argv[0]:		python3
[runlim] argv[1]:		/raid/steuber/Software/ablector/ablector
[runlim] argv[2]:		/raid/steuber/Benchmarks/2019/QF_BV/Sage2/bench_12723.smt2
[runlim] argv[3]:		--ufReuse=1
[runlim] start:			Sat May 16 14:19:02 2020
[runlim] main pid:		30856
[Ablector] INFO: *** ROUND 0
[MulNode] INFO: Level 0
[MulNode] INFO: Level 0
[MulNode] INFO: Level 0
[MulNode] INFO: Level 0
[MulNode] INFO: Level 0
[MulNode] INFO: Level 0
[MulNode] INFO: Level 0
[MulNode] INFO: Level 0
[MulNode] INFO: Level 0
[MulNode] INFO: Level 0
[MulNode] INFO: Level 0
[MulNode] INFO: Level 0
[MulNode] INFO: Level 0
[MulNode] INFO: Level 0
[MulNode] INFO: Level 0
[MulNode] INFO: Level 0
[MulNode] INFO: Level 0
[MulNode] INFO: Level 0
[MulNode] INFO: Level 0
[MulNode] INFO: Level 0
[MulNode] INFO: Level 0
[MulNode] INFO: Level 0
[MulNode] INFO: Level 0
[MulNode] INFO: Level 0
[MulNode] INFO: Level 0
[MulNode] INFO: Level 0
[MulNode] INFO: Level 0
[MulNode] INFO: Level 0
[MulNode] INFO: Level 0
[MulNode] INFO: Level 0
[MulNode] INFO: Level 0
[MulNode] INFO: Level 0
[MulNode] INFO: Level 0
[MulNode] INFO: Level 0
[MulNode] INFO: Level 0
[MulNode] INFO: Level 0
[MulNode] INFO: Level 0
[MulNode] INFO: Level 0
[MulNode] INFO: Level 0
[MulNode] INFO: Level 0
[MulNode] INFO: Level 0
[MulNode] INFO: Level 0
[MulNode] INFO: Level 0
[MulNode] INFO: Level 0
[MulNode] INFO: Level 0
[MulNode] INFO: Level 0
[MulNode] INFO: Level 0
[MulNode] INFO: Level 0
[MulNode] INFO: Level 0
[MulNode] INFO: Level 0
[MulNode] INFO: Level 0
[Ablector] INFO: ABLECTOR TIME: 1.031119
[Ablector] INFO: SAT TIME: 1.016730
[Ablector] INFO: REF TIME: 0.518623
[runlim] end:			Sat May 16 14:19:04 2020
[runlim] status:		ok
[runlim] result:		0
[runlim] children:		1
[runlim] real:			2.42 seconds
[runlim] time:			2.61 seconds
[runlim] space:			98.4 MB
[runlim] samples:		21
[runlim] version:		1.10
[runlim] time limit:		311040000 seconds
[runlim] real time limit:	1200 seconds
[runlim] space limit:		15000 MB
[runlim] argv[0]:		python3
[runlim] argv[1]:		/raid/steuber/Software/ablector/ablector
[runlim] argv[2]:		/raid/steuber/Benchmarks/2019/QF_BV/wienand-cav2008/Distrib/distrib16.sf.smt2
[runlim] argv[3]:		--ufReuse=1
[runlim] start:			Sat May 16 14:19:04 2020
[runlim] main pid:		30877
[Ablector] INFO: ABLECTOR TIME: 0.003687
[runlim] end:			Sat May 16 14:19:05 2020
[runlim] status:		ok
[runlim] result:		0
[runlim] children:		0
[runlim] real:			1.21 seconds
[runlim] time:			0.96 seconds
[runlim] space:			37.6 MB
[runlim] samples:		4
[runlim] version:		1.10
[runlim] time limit:		311040000 seconds
[runlim] real time limit:	1200 seconds
[runlim] space limit:		15000 MB
[runlim] argv[0]:		python3
[runlim] argv[1]:		/raid/steuber/Software/ablector/ablector
[runlim] argv[2]:		/raid/steuber/Benchmarks/2019/QF_BV/sage/app9/bench_3103.smt2
[runlim] argv[3]:		--ufReuse=1
[runlim] start:			Sat May 16 14:19:05 2020
[runlim] main pid:		30897
[Ablector] INFO: ABLECTOR TIME: 0.003699
[runlim] end:			Sat May 16 14:19:06 2020
[runlim] status:		ok
[runlim] result:		0
[runlim] children:		0
[runlim] real:			1.10 seconds
[runlim] time:			0.98 seconds
[runlim] space:			37.9 MB
[runlim] samples:		5
[runlim] version:		1.10
[runlim] time limit:		311040000 seconds
[runlim] real time limit:	1200 seconds
[runlim] space limit:		15000 MB
[runlim] argv[0]:		python3
[runlim] argv[1]:		/raid/steuber/Software/ablector/ablector
[runlim] argv[2]:		/raid/steuber/Benchmarks/2019/QF_BV/sage/app7/bench_4206.smt2
[runlim] argv[3]:		--ufReuse=1
[runlim] start:			Sat May 16 14:19:06 2020
[runlim] main pid:		30918
[Ablector] INFO: ABLECTOR TIME: 0.003866
[runlim] end:			Sat May 16 14:19:07 2020
[runlim] status:		ok
[runlim] result:		0
[runlim] children:		2
[runlim] real:			1.04 seconds
[runlim] time:			1.06 seconds
[runlim] space:			46.6 MB
[runlim] samples:		5
[runlim] version:		1.10
[runlim] time limit:		311040000 seconds
[runlim] real time limit:	1200 seconds
[runlim] space limit:		15000 MB
[runlim] argv[0]:		python3
[runlim] argv[1]:		/raid/steuber/Software/ablector/ablector
[runlim] argv[2]:		/raid/steuber/Benchmarks/2019/QF_BV/sage/app7/bench_5246.smt2
[runlim] argv[3]:		--ufReuse=1
[runlim] start:			Sat May 16 14:19:07 2020
[runlim] main pid:		30938
[Ablector] INFO: ABLECTOR TIME: 0.003537
[runlim] end:			Sat May 16 14:19:07 2020
[runlim] status:		ok
[runlim] result:		0
[runlim] children:		0
[runlim] real:			0.92 seconds
[runlim] time:			1.03 seconds
[runlim] space:			38.0 MB
[runlim] samples:		5
[runlim] version:		1.10
[runlim] time limit:		311040000 seconds
[runlim] real time limit:	1200 seconds
[runlim] space limit:		15000 MB
[runlim] argv[0]:		python3
[runlim] argv[1]:		/raid/steuber/Software/ablector/ablector
[runlim] argv[2]:		/raid/steuber/Benchmarks/2019/QF_BV/2019-Mann/digital-estimation-convergence-fwd_prove_ind.smt2
[runlim] argv[3]:		--ufReuse=1
[runlim] start:			Sat May 16 14:19:08 2020
[runlim] main pid:		30958
[Ablector] INFO: *** ROUND 0
[Ablector] INFO: *** ROUND 1
[Ablector] INFO: *** ROUND 2
[runlim] sample:		10.5 time, 10.3 real, 100.7 MB
[runlim] sample:		20.5 time, 20.3 real, 112.1 MB
[MulNode] INFO: Level 2
[MulNode] INFO: Level 0
[MulNode] INFO: Level 1
[MulNode] INFO: Level 2
[MulNode] INFO: Level 0
[MulNode] INFO: Level 0
[MulNode] INFO: Level 0
[MulNode] INFO: Level 0
[MulNode] INFO: Level 2
[MulNode] INFO: Level 2
[MulNode] INFO: Level 2
[MulNode] INFO: Level 2
[MulNode] INFO: Level 2
[MulNode] INFO: Level 1
[MulNode] INFO: Level 2
[MulNode] INFO: Level 2
[MulNode] INFO: Level 2
[MulNode] INFO: Level 1
[MulNode] INFO: Level 1
[MulNode] INFO: Level 2
[MulNode] INFO: Level 1
[MulNode] INFO: Level 2
[MulNode] INFO: Level 1
[MulNode] INFO: Level 2
[MulNode] INFO: Level 2
[MulNode] INFO: Level 1
[MulNode] INFO: Level 2
[Ablector] INFO: ABLECTOR TIME: 27.584005
[Ablector] INFO: SAT TIME: 27.572411
[Ablector] INFO: REF TIME: 0.413650
[runlim] end:			Sat May 16 14:19:36 2020
[runlim] status:		ok
[runlim] result:		0
[runlim] children:		1
[runlim] real:			28.86 seconds
[runlim] time:			29.01 seconds
[runlim] space:			112.2 MB
[runlim] samples:		285
[runlim] version:		1.10
[runlim] time limit:		311040000 seconds
[runlim] real time limit:	1200 seconds
[runlim] space limit:		15000 MB
[runlim] argv[0]:		python3
[runlim] argv[1]:		/raid/steuber/Software/ablector/ablector
[runlim] argv[2]:		/raid/steuber/Benchmarks/2019/QF_BV/sage/app7/bench_3654.smt2
[runlim] argv[3]:		--ufReuse=1
[runlim] start:			Sat May 16 14:19:37 2020
[runlim] main pid:		30983
[Ablector] INFO: ABLECTOR TIME: 0.004169
[runlim] end:			Sat May 16 14:19:37 2020
[runlim] status:		ok
[runlim] result:		0
[runlim] children:		2
[runlim] real:			0.83 seconds
[runlim] time:			1.05 seconds
[runlim] space:			46.4 MB
[runlim] samples:		6
[runlim] version:		1.10
[runlim] time limit:		311040000 seconds
[runlim] real time limit:	1200 seconds
[runlim] space limit:		15000 MB
[runlim] argv[0]:		python3
[runlim] argv[1]:		/raid/steuber/Software/ablector/ablector
[runlim] argv[2]:		/raid/steuber/Benchmarks/2019/QF_BV/sage/app7/bench_7680.smt2
[runlim] argv[3]:		--ufReuse=1
[runlim] start:			Sat May 16 14:19:38 2020
[runlim] main pid:		31003
[Ablector] INFO: ABLECTOR TIME: 0.004007
[runlim] end:			Sat May 16 14:19:39 2020
[runlim] status:		ok
[runlim] result:		0
[runlim] children:		14
[runlim] real:			2.01 seconds
[runlim] time:			2.25 seconds
[runlim] space:			84.0 MB
[runlim] samples:		18
[runlim] version:		1.10
[runlim] time limit:		311040000 seconds
[runlim] real time limit:	1200 seconds
[runlim] space limit:		15000 MB
[runlim] argv[0]:		python3
[runlim] argv[1]:		/raid/steuber/Software/ablector/ablector
[runlim] argv[2]:		/raid/steuber/Benchmarks/2019/QF_BV/sage/app1/bench_87.smt2
[runlim] argv[3]:		--ufReuse=1
[runlim] start:			Sat May 16 14:19:40 2020
[runlim] main pid:		31023
[Ablector] INFO: *** ROUND 0
[SdivNode] INFO: Level 0
[SdivNode] INFO: Level 0
[SdivNode] INFO: Level 0
[SdivNode] INFO: Level 0
[SdivNode] INFO: Level 0
[SdivNode] INFO: Level 0
[SdivNode] INFO: Level 0
[SdivNode] INFO: Level 0
[SdivNode] INFO: Level 0
[SdivNode] INFO: Level 0
[SdivNode] INFO: Level 0
[SdivNode] INFO: Level 0
[SdivNode] INFO: Level 0
[SdivNode] INFO: Level 0
[SdivNode] INFO: Level 0
[SdivNode] INFO: Level 0
[SdivNode] INFO: Level 0
[SdivNode] INFO: Level 0
[SdivNode] INFO: Level 0
[SdivNode] INFO: Level 0
[SdivNode] INFO: Level 0
[SdivNode] INFO: Level 0
[SdivNode] INFO: Level 0
[SdivNode] INFO: Level 0
[SdivNode] INFO: Level 0
[SdivNode] INFO: Level 0
[SdivNode] INFO: Level 0
[SdivNode] INFO: Level 0
[SdivNode] INFO: Level 0
[SdivNode] INFO: Level 0
[Ablector] INFO: ABLECTOR TIME: 0.215457
[Ablector] INFO: SAT TIME: 0.206927
[Ablector] INFO: REF TIME: 0.042187
[runlim] end:			Sat May 16 14:19:41 2020
[runlim] status:		ok
[runlim] result:		0
[runlim] children:		0
[runlim] real:			1.11 seconds
[runlim] time:			1.26 seconds
[runlim] space:			54.3 MB
[runlim] samples:		7
[runlim] version:		1.10
[runlim] time limit:		311040000 seconds
[runlim] real time limit:	1200 seconds
[runlim] space limit:		15000 MB
[runlim] argv[0]:		python3
[runlim] argv[1]:		/raid/steuber/Software/ablector/ablector
[runlim] argv[2]:		/raid/steuber/Benchmarks/2019/QF_BV/sage/app9/bench_114.smt2
[runlim] argv[3]:		--ufReuse=1
[runlim] start:			Sat May 16 14:19:41 2020
[runlim] main pid:		31063
[Ablector] INFO: ABLECTOR TIME: 0.003839
[runlim] end:			Sat May 16 14:19:41 2020
[runlim] status:		ok
[runlim] result:		0
[runlim] children:		1
[runlim] real:			1.00 seconds
[runlim] time:			0.95 seconds
[runlim] space:			37.7 MB
[runlim] samples:		4
[runlim] version:		1.10
[runlim] time limit:		311040000 seconds
[runlim] real time limit:	1200 seconds
[runlim] space limit:		15000 MB
[runlim] argv[0]:		python3
[runlim] argv[1]:		/raid/steuber/Software/ablector/ablector
[runlim] argv[2]:		/raid/steuber/Benchmarks/2019/QF_BV/sage/app1/bench_2616.smt2
[runlim] argv[3]:		--ufReuse=1
[runlim] start:			Sat May 16 14:19:42 2020
[runlim] main pid:		31104
[Ablector] INFO: ABLECTOR TIME: 0.003678
[runlim] end:			Sat May 16 14:19:42 2020
[runlim] status:		ok
[runlim] result:		0
[runlim] children:		0
[runlim] real:			0.82 seconds
[runlim] time:			0.96 seconds
[runlim] space:			37.8 MB
[runlim] samples:		4
[runlim] version:		1.10
[runlim] time limit:		311040000 seconds
[runlim] real time limit:	1200 seconds
[runlim] space limit:		15000 MB
[runlim] argv[0]:		python3
[runlim] argv[1]:		/raid/steuber/Software/ablector/ablector
[runlim] argv[2]:		/raid/steuber/Benchmarks/2019/QF_BV/sage/app2/bench_1179.smt2
[runlim] argv[3]:		--ufReuse=1
[runlim] start:			Sat May 16 14:19:43 2020
[runlim] main pid:		31124
[Ablector] INFO: ABLECTOR TIME: 0.004022
[runlim] end:			Sat May 16 14:19:43 2020
[runlim] status:		ok
[runlim] result:		0
[runlim] children:		0
[runlim] real:			0.63 seconds
[runlim] time:			0.92 seconds
[runlim] space:			37.8 MB
[runlim] samples:		4
[runlim] version:		1.10
[runlim] time limit:		311040000 seconds
[runlim] real time limit:	1200 seconds
[runlim] space limit:		15000 MB
[runlim] argv[0]:		python3
[runlim] argv[1]:		/raid/steuber/Software/ablector/ablector
[runlim] argv[2]:		/raid/steuber/Benchmarks/2019/QF_BV/sage/app7/bench_5992.smt2
[runlim] argv[3]:		--ufReuse=1
[runlim] start:			Sat May 16 14:19:44 2020
[runlim] main pid:		31164
[Ablector] INFO: ABLECTOR TIME: 0.003702
[runlim] end:			Sat May 16 14:19:44 2020
[runlim] status:		ok
[runlim] result:		0
[runlim] children:		0
[runlim] real:			0.50 seconds
[runlim] time:			0.98 seconds
[runlim] space:			37.7 MB
[runlim] samples:		4
[runlim] version:		1.10
[runlim] time limit:		311040000 seconds
[runlim] real time limit:	1200 seconds
[runlim] space limit:		15000 MB
[runlim] argv[0]:		python3
[runlim] argv[1]:		/raid/steuber/Software/ablector/ablector
[runlim] argv[2]:		/raid/steuber/Benchmarks/2019/QF_BV/sage/app1/bench_2075.smt2
[runlim] argv[3]:		--ufReuse=1
[runlim] start:			Sat May 16 14:19:44 2020
[runlim] main pid:		31184
[Ablector] INFO: *** ROUND 0
[SdivNode] INFO: Level 0
[SdivNode] INFO: Level 0
[SdivNode] INFO: Level 0
[SdivNode] INFO: Level 0
[SdivNode] INFO: Level 0
[SdivNode] INFO: Level 0
[SdivNode] INFO: Level 0
[SdivNode] INFO: Level 0
[SdivNode] INFO: Level 0
[SdivNode] INFO: Level 0
[SdivNode] INFO: Level 0
[SdivNode] INFO: Level 0
[SdivNode] INFO: Level 0
[SdivNode] INFO: Level 0
[SdivNode] INFO: Level 0
[SdivNode] INFO: Level 0
[SdivNode] INFO: Level 0
[SdivNode] INFO: Level 0
[SdivNode] INFO: Level 0
[SdivNode] INFO: Level 0
[SdivNode] INFO: Level 0
[SdivNode] INFO: Level 0
[SdivNode] INFO: Level 0
[SdivNode] INFO: Level 0
[SdivNode] INFO: Level 0
[SdivNode] INFO: Level 0
[SdivNode] INFO: Level 0
[SdivNode] INFO: Level 0
[SdivNode] INFO: Level 0
[SdivNode] INFO: Level 0
[SdivNode] INFO: Level 0
[SdivNode] INFO: Level 0
[SdivNode] INFO: Level 0
[SdivNode] INFO: Level 0
[SdivNode] INFO: Level 0
[SdivNode] INFO: Level 0
[SdivNode] INFO: Level 0
[SdivNode] INFO: Level 0
[SdivNode] INFO: Level 0
[SdivNode] INFO: Level 0
[SdivNode] INFO: Level 0
[Ablector] INFO: ABLECTOR TIME: 0.277192
[Ablector] INFO: SAT TIME: 0.267753
[Ablector] INFO: REF TIME: 0.053310
[runlim] end:			Sat May 16 14:19:45 2020
[runlim] status:		ok
[runlim] result:		0
[runlim] children:		0
[runlim] real:			1.66 seconds
[runlim] time:			1.36 seconds
[runlim] space:			69.0 MB
[runlim] samples:		8
[runlim] version:		1.10
[runlim] time limit:		311040000 seconds
[runlim] real time limit:	1200 seconds
[runlim] space limit:		15000 MB
[runlim] argv[0]:		python3
[runlim] argv[1]:		/raid/steuber/Software/ablector/ablector
[runlim] argv[2]:		/raid/steuber/Benchmarks/2019/QF_BV/sage/app9/bench_3238.smt2
[runlim] argv[3]:		--ufReuse=1
[runlim] start:			Sat May 16 14:19:46 2020
[runlim] main pid:		31204
[Ablector] INFO: *** ROUND 0
[MulNode] INFO: Level 0
[MulNode] INFO: Level 0
[MulNode] INFO: Level 0
[MulNode] INFO: Level 0
[MulNode] INFO: Level 0
[MulNode] INFO: Level 0
[MulNode] INFO: Level 0
[MulNode] INFO: Level 0
[MulNode] INFO: Level 0
[MulNode] INFO: Level 0
[MulNode] INFO: Level 0
[Ablector] INFO: ABLECTOR TIME: 0.648604
[Ablector] INFO: SAT TIME: 0.641920
[Ablector] INFO: REF TIME: 0.107153
[runlim] end:			Sat May 16 14:19:47 2020
[runlim] status:		ok
[runlim] result:		0
[runlim] children:		1
[runlim] real:			1.29 seconds
[runlim] time:			1.76 seconds
[runlim] space:			51.3 MB
[runlim] samples:		12
[runlim] version:		1.10
[runlim] time limit:		311040000 seconds
[runlim] real time limit:	1200 seconds
[runlim] space limit:		15000 MB
[runlim] argv[0]:		python3
[runlim] argv[1]:		/raid/steuber/Software/ablector/ablector
[runlim] argv[2]:		/raid/steuber/Benchmarks/2019/QF_BV/sage/app7/bench_3862.smt2
[runlim] argv[3]:		--ufReuse=1
[runlim] start:			Sat May 16 14:19:47 2020
[runlim] main pid:		31224
[Ablector] INFO: ABLECTOR TIME: 0.003755
[runlim] end:			Sat May 16 14:19:48 2020
[runlim] status:		ok
[runlim] result:		0
[runlim] children:		2
[runlim] real:			1.25 seconds
[runlim] time:			1.06 seconds
[runlim] space:			46.6 MB
[runlim] samples:		6
[runlim] version:		1.10
[runlim] time limit:		311040000 seconds
[runlim] real time limit:	1200 seconds
[runlim] space limit:		15000 MB
[runlim] argv[0]:		python3
[runlim] argv[1]:		/raid/steuber/Software/ablector/ablector
[runlim] argv[2]:		/raid/steuber/Benchmarks/2019/QF_BV/sage/app7/bench_3902.smt2
[runlim] argv[3]:		--ufReuse=1
[runlim] start:			Sat May 16 14:19:48 2020
[runlim] main pid:		31244
[Ablector] INFO: ABLECTOR TIME: 0.003867
[runlim] end:			Sat May 16 14:19:49 2020
[runlim] status:		ok
[runlim] result:		0
[runlim] children:		1
[runlim] real:			1.25 seconds
[runlim] time:			1.06 seconds
[runlim] space:			43.9 MB
[runlim] samples:		6
[runlim] version:		1.10
[runlim] time limit:		311040000 seconds
[runlim] real time limit:	1200 seconds
[runlim] space limit:		15000 MB
[runlim] argv[0]:		python3
[runlim] argv[1]:		/raid/steuber/Software/ablector/ablector
[runlim] argv[2]:		/raid/steuber/Benchmarks/2019/QF_BV/Sage2/bench_6595.smt2
[runlim] argv[3]:		--ufReuse=1
[runlim] start:			Sat May 16 14:19:49 2020
[runlim] main pid:		31264
[Ablector] INFO: *** ROUND 0
[MulNode] INFO: Level 0
[Ablector] INFO: ABLECTOR TIME: 0.161334
[Ablector] INFO: SAT TIME: 0.156707
[Ablector] INFO: REF TIME: 0.010874
[runlim] end:			Sat May 16 14:19:50 2020
[runlim] status:		ok
[runlim] result:		0
[runlim] children:		0
[runlim] real:			1.22 seconds
[runlim] time:			1.17 seconds
[runlim] space:			43.0 MB
[runlim] samples:		6
[runlim] version:		1.10
[runlim] time limit:		311040000 seconds
[runlim] real time limit:	1200 seconds
[runlim] space limit:		15000 MB
[runlim] argv[0]:		python3
[runlim] argv[1]:		/raid/steuber/Software/ablector/ablector
[runlim] argv[2]:		/raid/steuber/Benchmarks/2019/QF_BV/sage/app12/bench_5495.smt2
[runlim] argv[3]:		--ufReuse=1
[runlim] start:			Sat May 16 14:19:50 2020
[runlim] main pid:		31284
[Ablector] INFO: ABLECTOR TIME: 0.003528
[runlim] end:			Sat May 16 14:19:51 2020
[runlim] status:		ok
[runlim] result:		0
[runlim] children:		0
[runlim] real:			1.04 seconds
[runlim] time:			0.98 seconds
[runlim] space:			37.5 MB
[runlim] samples:		4
[runlim] version:		1.10
[runlim] time limit:		311040000 seconds
[runlim] real time limit:	1200 seconds
[runlim] space limit:		15000 MB
[runlim] argv[0]:		python3
[runlim] argv[1]:		/raid/steuber/Software/ablector/ablector
[runlim] argv[2]:		/raid/steuber/Benchmarks/2019/QF_BV/sage/app7/bench_936.smt2
[runlim] argv[3]:		--ufReuse=1
[runlim] start:			Sat May 16 14:19:51 2020
[runlim] main pid:		31304
[Ablector] INFO: ABLECTOR TIME: 0.003849
[runlim] end:			Sat May 16 14:19:53 2020
[runlim] status:		ok
[runlim] result:		0
[runlim] children:		18
[runlim] real:			2.68 seconds
[runlim] time:			2.76 seconds
[runlim] space:			98.2 MB
[runlim] samples:		22
[runlim] version:		1.10
[runlim] time limit:		311040000 seconds
[runlim] real time limit:	1200 seconds
[runlim] space limit:		15000 MB
[runlim] argv[0]:		python3
[runlim] argv[1]:		/raid/steuber/Software/ablector/ablector
[runlim] argv[2]:		/raid/steuber/Benchmarks/2019/QF_BV/sage/app7/bench_298.smt2
[runlim] argv[3]:		--ufReuse=1
[runlim] start:			Sat May 16 14:19:54 2020
[runlim] main pid:		31331
[Ablector] INFO: ABLECTOR TIME: 0.004021
[runlim] end:			Sat May 16 14:19:55 2020
[runlim] status:		ok
[runlim] result:		0
[runlim] children:		14
[runlim] real:			1.80 seconds
[runlim] time:			2.25 seconds
[runlim] space:			81.9 MB
[runlim] samples:		17
[runlim] version:		1.10
[runlim] time limit:		311040000 seconds
[runlim] real time limit:	1200 seconds
[runlim] space limit:		15000 MB
[runlim] argv[0]:		python3
[runlim] argv[1]:		/raid/steuber/Software/ablector/ablector
[runlim] argv[2]:		/raid/steuber/Benchmarks/2019/QF_BV/sage/app7/bench_5212.smt2
[runlim] argv[3]:		--ufReuse=1
[runlim] start:			Sat May 16 14:19:56 2020
[runlim] main pid:		31383
[Ablector] INFO: ABLECTOR TIME: 0.003520
[runlim] end:			Sat May 16 14:19:56 2020
[runlim] status:		ok
[runlim] result:		0
[runlim] children:		0
[runlim] real:			0.70 seconds
[runlim] time:			0.98 seconds
[runlim] space:			37.6 MB
[runlim] samples:		5
[runlim] version:		1.10
[runlim] time limit:		311040000 seconds
[runlim] real time limit:	1200 seconds
[runlim] space limit:		15000 MB
[runlim] argv[0]:		python3
[runlim] argv[1]:		/raid/steuber/Software/ablector/ablector
[runlim] argv[2]:		/raid/steuber/Benchmarks/2019/QF_BV/sage/app7/bench_4723.smt2
[runlim] argv[3]:		--ufReuse=1
[runlim] start:			Sat May 16 14:19:57 2020
[runlim] main pid:		31403
[Ablector] INFO: ABLECTOR TIME: 0.003714
[runlim] end:			Sat May 16 14:19:57 2020
[runlim] status:		ok
[runlim] result:		0
[runlim] children:		2
[runlim] real:			0.64 seconds
[runlim] time:			1.05 seconds
[runlim] space:			46.5 MB
[runlim] samples:		5
[runlim] version:		1.10
[runlim] time limit:		311040000 seconds
[runlim] real time limit:	1200 seconds
[runlim] space limit:		15000 MB
[runlim] argv[0]:		python3
[runlim] argv[1]:		/raid/steuber/Software/ablector/ablector
[runlim] argv[2]:		/raid/steuber/Benchmarks/2019/QF_BV/sage/app12/bench_3843.smt2
[runlim] argv[3]:		--ufReuse=1
[runlim] start:			Sat May 16 14:19:57 2020
[runlim] main pid:		31423
[Ablector] INFO: *** ROUND 0
[Ablector] INFO: *** ROUND 1
[SdivNode] INFO: Level 1
[Ablector] INFO: ABLECTOR TIME: 0.015725
[Ablector] INFO: SAT TIME: 0.011442
[Ablector] INFO: REF TIME: 0.003579
[runlim] end:			Sat May 16 14:19:58 2020
[runlim] status:		ok
[runlim] result:		0
[runlim] children:		0
[runlim] real:			1.43 seconds
[runlim] time:			0.98 seconds
[runlim] space:			40.0 MB
[runlim] samples:		4
[runlim] version:		1.10
[runlim] time limit:		311040000 seconds
[runlim] real time limit:	1200 seconds
[runlim] space limit:		15000 MB
[runlim] argv[0]:		python3
[runlim] argv[1]:		/raid/steuber/Software/ablector/ablector
[runlim] argv[2]:		/raid/steuber/Benchmarks/2019/QF_BV/Sage2/bench_6794.smt2
[runlim] argv[3]:		--ufReuse=1
[runlim] start:			Sat May 16 14:19:58 2020
[runlim] main pid:		31443
[Ablector] INFO: *** ROUND 0
[runlim] sample:		10.5 time, 10.8 real, 82.5 MB
[runlim] sample:		20.5 time, 20.8 real, 83.6 MB
[runlim] sample:		30.5 time, 30.8 real, 101.9 MB
[runlim] sample:		40.5 time, 40.8 real, 101.4 MB
[runlim] sample:		50.5 time, 50.8 real, 101.9 MB
[runlim] sample:		60.5 time, 60.8 real, 81.4 MB
[MulNode] INFO: Level 0
[MulNode] INFO: Level 0
[MulNode] INFO: Level 0
[MulNode] INFO: Level 0
[MulNode] INFO: Level 0
[MulNode] INFO: Level 0
[MulNode] INFO: Level 0
[MulNode] INFO: Level 0
[MulNode] INFO: Level 0
[MulNode] INFO: Level 0
[MulNode] INFO: Level 0
[MulNode] INFO: Level 0
[MulNode] INFO: Level 0
[MulNode] INFO: Level 0
[MulNode] INFO: Level 0
[MulNode] INFO: Level 0
[MulNode] INFO: Level 0
[MulNode] INFO: Level 0
[MulNode] INFO: Level 0
[MulNode] INFO: Level 0
[MulNode] INFO: Level 0
[MulNode] INFO: Level 0
[MulNode] INFO: Level 0
[MulNode] INFO: Level 0
[MulNode] INFO: Level 0
[MulNode] INFO: Level 0
[MulNode] INFO: Level 0
[MulNode] INFO: Level 0
[MulNode] INFO: Level 0
[MulNode] INFO: Level 0
[MulNode] INFO: Level 0
[MulNode] INFO: Level 0
[MulNode] INFO: Level 0
[MulNode] INFO: Level 0
[MulNode] INFO: Level 0
[MulNode] INFO: Level 0
[MulNode] INFO: Level 0
[MulNode] INFO: Level 0
[MulNode] INFO: Level 0
[MulNode] INFO: Level 0
[MulNode] INFO: Level 0
[MulNode] INFO: Level 0
[MulNode] INFO: Level 0
[Ablector] INFO: ABLECTOR TIME: 59.373729
[Ablector] INFO: SAT TIME: 59.361836
[Ablector] INFO: REF TIME: 0.384206
[runlim] end:			Sat May 16 14:20:58 2020
[runlim] status:		ok
[runlim] result:		0
[runlim] children:		0
[runlim] real:			60.90 seconds
[runlim] time:			60.64 seconds
[runlim] space:			111.0 MB
[runlim] samples:		601
[runlim] version:		1.10
[runlim] time limit:		311040000 seconds
[runlim] real time limit:	1200 seconds
[runlim] space limit:		15000 MB
[runlim] argv[0]:		python3
[runlim] argv[1]:		/raid/steuber/Software/ablector/ablector
[runlim] argv[2]:		/raid/steuber/Benchmarks/2019/QF_BV/Sage2/bench_7819.smt2
[runlim] argv[3]:		--ufReuse=1
[runlim] start:			Sat May 16 14:20:59 2020
[runlim] main pid:		31776
[Ablector] INFO: *** ROUND 0
[MulNode] INFO: Level 0
[MulNode] INFO: Level 0
[MulNode] INFO: Level 0
[MulNode] INFO: Level 0
[MulNode] INFO: Level 0
[MulNode] INFO: Level 0
[MulNode] INFO: Level 0
[MulNode] INFO: Level 0
[MulNode] INFO: Level 0
[MulNode] INFO: Level 0
[Ablector] INFO: ABLECTOR TIME: 0.621922
[Ablector] INFO: SAT TIME: 0.615513
[Ablector] INFO: REF TIME: 0.092735
[runlim] end:			Sat May 16 14:21:00 2020
[runlim] status:		ok
[runlim] result:		0
[runlim] children:		0
[runlim] real:			1.49 seconds
[runlim] time:			1.69 seconds
[runlim] space:			52.3 MB
[runlim] samples:		12
[runlim] version:		1.10
[runlim] time limit:		311040000 seconds
[runlim] real time limit:	1200 seconds
[runlim] space limit:		15000 MB
[runlim] argv[0]:		python3
[runlim] argv[1]:		/raid/steuber/Software/ablector/ablector
[runlim] argv[2]:		/raid/steuber/Benchmarks/2019/QF_BV/sage/app8/bench_3275.smt2
[runlim] argv[3]:		--ufReuse=1
[runlim] start:			Sat May 16 14:21:00 2020
[runlim] main pid:		31796
[Ablector] INFO: ABLECTOR TIME: 0.003676
[runlim] end:			Sat May 16 14:21:01 2020
[runlim] status:		ok
[runlim] result:		0
[runlim] children:		0
[runlim] real:			1.36 seconds
[runlim] time:			1.03 seconds
[runlim] space:			38.0 MB
[runlim] samples:		5
[runlim] version:		1.10
[runlim] time limit:		311040000 seconds
[runlim] real time limit:	1200 seconds
[runlim] space limit:		15000 MB
[runlim] argv[0]:		python3
[runlim] argv[1]:		/raid/steuber/Software/ablector/ablector
[runlim] argv[2]:		/raid/steuber/Benchmarks/2019/QF_BV/sage/app2/bench_678.smt2
[runlim] argv[3]:		--ufReuse=1
[runlim] start:			Sat May 16 14:21:01 2020
[runlim] main pid:		31816
[Ablector] INFO: ABLECTOR TIME: 0.003619
[runlim] end:			Sat May 16 14:21:02 2020
[runlim] status:		ok
[runlim] result:		0
[runlim] children:		0
[runlim] real:			1.25 seconds
[runlim] time:			1.01 seconds
[runlim] space:			37.8 MB
[runlim] samples:		5
[runlim] version:		1.10
[runlim] time limit:		311040000 seconds
[runlim] real time limit:	1200 seconds
[runlim] space limit:		15000 MB
[runlim] argv[0]:		python3
[runlim] argv[1]:		/raid/steuber/Software/ablector/ablector
[runlim] argv[2]:		/raid/steuber/Benchmarks/2019/QF_BV/Sage2/bench_13090.smt2
[runlim] argv[3]:		--ufReuse=1
[runlim] start:			Sat May 16 14:21:02 2020
[runlim] main pid:		31836
[Ablector] INFO: *** ROUND 0
[MulNode] INFO: Level 0
[MulNode] INFO: Level 0
[MulNode] INFO: Level 0
[MulNode] INFO: Level 0
[MulNode] INFO: Level 0
[MulNode] INFO: Level 0
[MulNode] INFO: Level 0
[MulNode] INFO: Level 0
[MulNode] INFO: Level 0
[MulNode] INFO: Level 0
[MulNode] INFO: Level 0
[MulNode] INFO: Level 0
[MulNode] INFO: Level 0
[MulNode] INFO: Level 0
[MulNode] INFO: Level 0
[MulNode] INFO: Level 0
[MulNode] INFO: Level 0
[MulNode] INFO: Level 0
[MulNode] INFO: Level 0
[MulNode] INFO: Level 0
[MulNode] INFO: Level 0
[MulNode] INFO: Level 0
[MulNode] INFO: Level 0
[MulNode] INFO: Level 0
[MulNode] INFO: Level 0
[MulNode] INFO: Level 0
[MulNode] INFO: Level 0
[MulNode] INFO: Level 0
[MulNode] INFO: Level 0
[MulNode] INFO: Level 0
[MulNode] INFO: Level 0
[MulNode] INFO: Level 0
[MulNode] INFO: Level 0
[MulNode] INFO: Level 0
[MulNode] INFO: Level 0
[MulNode] INFO: Level 0
[MulNode] INFO: Level 0
[MulNode] INFO: Level 0
[MulNode] INFO: Level 0
[MulNode] INFO: Level 0
[MulNode] INFO: Level 0
[MulNode] INFO: Level 0
[MulNode] INFO: Level 0
[MulNode] INFO: Level 0
[MulNode] INFO: Level 0
[MulNode] INFO: Level 0
[MulNode] INFO: Level 0
[MulNode] INFO: Level 0
[MulNode] INFO: Level 0
[MulNode] INFO: Level 0
[MulNode] INFO: Level 0
[Ablector] INFO: ABLECTOR TIME: 1.110384
[Ablector] INFO: SAT TIME: 1.095088
[Ablector] INFO: REF TIME: 0.506973
[runlim] end:			Sat May 16 14:21:05 2020
[runlim] status:		ok
[runlim] result:		0
[runlim] children:		1
[runlim] real:			3.07 seconds
[runlim] time:			2.90 seconds
[runlim] space:			99.6 MB
[runlim] samples:		24
[runlim] version:		1.10
[runlim] time limit:		311040000 seconds
[runlim] real time limit:	1200 seconds
[runlim] space limit:		15000 MB
[runlim] argv[0]:		python3
[runlim] argv[1]:		/raid/steuber/Software/ablector/ablector
[runlim] argv[2]:		/raid/steuber/Benchmarks/2019/QF_BV/sage/app11/bench_274.smt2
[runlim] argv[3]:		--ufReuse=1
[runlim] start:			Sat May 16 14:21:05 2020
[runlim] main pid:		31856
[Ablector] INFO: ABLECTOR TIME: 0.003854
[runlim] end:			Sat May 16 14:21:06 2020
[runlim] status:		ok
[runlim] result:		0
[runlim] children:		5
[runlim] real:			1.50 seconds
[runlim] time:			1.38 seconds
[runlim] space:			68.1 MB
[runlim] samples:		10
[runlim] version:		1.10
[runlim] time limit:		311040000 seconds
[runlim] real time limit:	1200 seconds
[runlim] space limit:		15000 MB
[runlim] argv[0]:		python3
[runlim] argv[1]:		/raid/steuber/Software/ablector/ablector
[runlim] argv[2]:		/raid/steuber/Benchmarks/2019/QF_BV/sage/app1/bench_394.smt2
[runlim] argv[3]:		--ufReuse=1
[runlim] start:			Sat May 16 14:21:06 2020
[runlim] main pid:		31876
[Ablector] INFO: ABLECTOR TIME: 0.003696
[runlim] end:			Sat May 16 14:21:07 2020
[runlim] status:		ok
[runlim] result:		0
[runlim] children:		0
[runlim] real:			1.31 seconds
[runlim] time:			0.96 seconds
[runlim] space:			37.5 MB
[runlim] samples:		4
[runlim] version:		1.10
[runlim] time limit:		311040000 seconds
[runlim] real time limit:	1200 seconds
[runlim] space limit:		15000 MB
[runlim] argv[0]:		python3
[runlim] argv[1]:		/raid/steuber/Software/ablector/ablector
[runlim] argv[2]:		/raid/steuber/Benchmarks/2019/QF_BV/sage/app7/bench_6789.smt2
[runlim] argv[3]:		--ufReuse=1
[runlim] start:			Sat May 16 14:21:07 2020
[runlim] main pid:		31896
[Ablector] INFO: *** ROUND 0
[MulNode] INFO: Level 0
[Ablector] INFO: ABLECTOR TIME: 0.026020
[Ablector] INFO: SAT TIME: 0.021337
[Ablector] INFO: REF TIME: 0.011160
[runlim] end:			Sat May 16 14:21:08 2020
[runlim] status:		ok
[runlim] result:		0
[runlim] children:		0
[runlim] real:			1.12 seconds
[runlim] time:			0.96 seconds
[runlim] space:			40.8 MB
[runlim] samples:		4
[runlim] version:		1.10
[runlim] time limit:		311040000 seconds
[runlim] real time limit:	1200 seconds
[runlim] space limit:		15000 MB
[runlim] argv[0]:		python3
[runlim] argv[1]:		/raid/steuber/Software/ablector/ablector
[runlim] argv[2]:		/raid/steuber/Benchmarks/2019/QF_BV/sage/app2/bench_874.smt2
[runlim] argv[3]:		--ufReuse=1
[runlim] start:			Sat May 16 14:21:08 2020
[runlim] main pid:		31916
[Ablector] INFO: ABLECTOR TIME: 0.003748
[runlim] end:			Sat May 16 14:21:08 2020
[runlim] status:		ok
[runlim] result:		0
[runlim] children:		1
[runlim] real:			0.94 seconds
[runlim] time:			0.96 seconds
[runlim] space:			41.3 MB
[runlim] samples:		4
[runlim] version:		1.10
[runlim] time limit:		311040000 seconds
[runlim] real time limit:	1200 seconds
[runlim] space limit:		15000 MB
[runlim] argv[0]:		python3
[runlim] argv[1]:		/raid/steuber/Software/ablector/ablector
[runlim] argv[2]:		/raid/steuber/Benchmarks/2019/QF_BV/sage/app11/bench_242.smt2
[runlim] argv[3]:		--ufReuse=1
[runlim] start:			Sat May 16 14:21:09 2020
[runlim] main pid:		31936
[Ablector] INFO: ABLECTOR TIME: 0.003996
[runlim] end:			Sat May 16 14:21:10 2020
[runlim] status:		ok
[runlim] result:		0
[runlim] children:		5
[runlim] real:			1.29 seconds
[runlim] time:			1.49 seconds
[runlim] space:			66.1 MB
[runlim] samples:		9
[runlim] version:		1.10
[runlim] time limit:		311040000 seconds
[runlim] real time limit:	1200 seconds
[runlim] space limit:		15000 MB
[runlim] argv[0]:		python3
[runlim] argv[1]:		/raid/steuber/Software/ablector/ablector
[runlim] argv[2]:		/raid/steuber/Benchmarks/2019/QF_BV/sage/app7/bench_6466.smt2
[runlim] argv[3]:		--ufReuse=1
[runlim] start:			Sat May 16 14:21:10 2020
[runlim] main pid:		31956
[Ablector] INFO: ABLECTOR TIME: 0.003433
[runlim] end:			Sat May 16 14:21:11 2020
[runlim] status:		ok
[runlim] result:		0
[runlim] children:		0
[runlim] real:			1.14 seconds
[runlim] time:			0.98 seconds
[runlim] space:			37.1 MB
[runlim] samples:		4
[runlim] version:		1.10
[runlim] time limit:		311040000 seconds
[runlim] real time limit:	1200 seconds
[runlim] space limit:		15000 MB
[runlim] argv[0]:		python3
[runlim] argv[1]:		/raid/steuber/Software/ablector/ablector
[runlim] argv[2]:		/raid/steuber/Benchmarks/2019/QF_BV/sage/app1/bench_98.smt2
[runlim] argv[3]:		--ufReuse=1
[runlim] start:			Sat May 16 14:21:11 2020
[runlim] main pid:		31976
[Ablector] INFO: ABLECTOR TIME: 0.003516
[runlim] end:			Sat May 16 14:21:11 2020
[runlim] status:		ok
[runlim] result:		0
[runlim] children:		0
[runlim] real:			0.98 seconds
[runlim] time:			0.98 seconds
[runlim] space:			37.6 MB
[runlim] samples:		4
[runlim] version:		1.10
[runlim] time limit:		311040000 seconds
[runlim] real time limit:	1200 seconds
[runlim] space limit:		15000 MB
[runlim] argv[0]:		python3
[runlim] argv[1]:		/raid/steuber/Software/ablector/ablector
[runlim] argv[2]:		/raid/steuber/Benchmarks/2019/QF_BV/sage/app7/bench_5545.smt2
[runlim] argv[3]:		--ufReuse=1
[runlim] start:			Sat May 16 14:21:12 2020
[runlim] main pid:		31998
[Ablector] INFO: ABLECTOR TIME: 0.004185
[runlim] end:			Sat May 16 14:21:12 2020
[runlim] status:		ok
[runlim] result:		0
[runlim] children:		0
[runlim] real:			0.84 seconds
[runlim] time:			1.02 seconds
[runlim] space:			37.6 MB
[runlim] samples:		5
[runlim] version:		1.10
[runlim] time limit:		311040000 seconds
[runlim] real time limit:	1200 seconds
[runlim] space limit:		15000 MB
[runlim] argv[0]:		python3
[runlim] argv[1]:		/raid/steuber/Software/ablector/ablector
[runlim] argv[2]:		/raid/steuber/Benchmarks/2019/QF_BV/sage/app7/bench_2536.smt2
[runlim] argv[3]:		--ufReuse=1
[runlim] start:			Sat May 16 14:21:13 2020
[runlim] main pid:		32018
[Ablector] INFO: ABLECTOR TIME: 0.003763
[runlim] end:			Sat May 16 14:21:15 2020
[runlim] status:		ok
[runlim] result:		0
[runlim] children:		18
[runlim] real:			2.47 seconds
[runlim] time:			2.73 seconds
[runlim] space:			97.8 MB
[runlim] samples:		22
[runlim] version:		1.10
[runlim] time limit:		311040000 seconds
[runlim] real time limit:	1200 seconds
[runlim] space limit:		15000 MB
[runlim] argv[0]:		python3
[runlim] argv[1]:		/raid/steuber/Software/ablector/ablector
[runlim] argv[2]:		/raid/steuber/Benchmarks/2019/QF_BV/sage/app7/bench_518.smt2
[runlim] argv[3]:		--ufReuse=1
[runlim] start:			Sat May 16 14:21:15 2020
[runlim] main pid:		32038
[Ablector] INFO: ABLECTOR TIME: 0.003874
[runlim] end:			Sat May 16 14:21:17 2020
[runlim] status:		ok
[runlim] result:		0
[runlim] children:		14
[runlim] real:			2.70 seconds
[runlim] time:			2.33 seconds
[runlim] space:			81.4 MB
[runlim] samples:		18
[runlim] version:		1.10
[runlim] time limit:		311040000 seconds
[runlim] real time limit:	1200 seconds
[runlim] space limit:		15000 MB
[runlim] argv[0]:		python3
[runlim] argv[1]:		/raid/steuber/Software/ablector/ablector
[runlim] argv[2]:		/raid/steuber/Benchmarks/2019/QF_BV/sage/app9/bench_355.smt2
[runlim] argv[3]:		--ufReuse=1
[runlim] start:			Sat May 16 14:21:18 2020
[runlim] main pid:		32058
[Ablector] INFO: *** ROUND 0
[MulNode] INFO: Level 0
[MulNode] INFO: Level 0
[MulNode] INFO: Level 0
[MulNode] INFO: Level 0
[MulNode] INFO: Level 0
[MulNode] INFO: Level 0
[MulNode] INFO: Level 0
[MulNode] INFO: Level 0
[MulNode] INFO: Level 0
[MulNode] INFO: Level 0
[MulNode] INFO: Level 0
[Ablector] INFO: ABLECTOR TIME: 0.201017
[Ablector] INFO: SAT TIME: 0.194310
[Ablector] INFO: REF TIME: 0.107242
[runlim] end:			Sat May 16 14:21:18 2020
[runlim] status:		ok
[runlim] result:		0
[runlim] children:		0
[runlim] real:			0.86 seconds
[runlim] time:			1.26 seconds
[runlim] space:			48.3 MB
[runlim] samples:		7
[runlim] version:		1.10
[runlim] time limit:		311040000 seconds
[runlim] real time limit:	1200 seconds
[runlim] space limit:		15000 MB
[runlim] argv[0]:		python3
[runlim] argv[1]:		/raid/steuber/Software/ablector/ablector
[runlim] argv[2]:		/raid/steuber/Benchmarks/2019/QF_BV/Sage2/bench_3822.smt2
[runlim] argv[3]:		--ufReuse=1
[runlim] start:			Sat May 16 14:21:19 2020
[runlim] main pid:		32078
[Ablector] INFO: *** ROUND 0
[Ablector] INFO: *** ROUND 1
[Ablector] INFO: *** ROUND 2
[runlim] sample:		10.5 time, 10.2 real, 116.4 MB
[Ablector] INFO: *** ROUND 3
[MulNode] INFO: Level 0
[MulNode] INFO: Level 0
[MulNode] INFO: Level 0
[MulNode] INFO: Level 0
[MulNode] INFO: Level 0
[MulNode] INFO: Level 1
[MulNode] INFO: Level 0
[MulNode] INFO: Level 0
[MulNode] INFO: Level 0
[MulNode] INFO: Level 0
[MulNode] INFO: Level 0
[MulNode] INFO: Level 0
[MulNode] INFO: Level 2
[MulNode] INFO: Level 2
[MulNode] INFO: Level 0
[MulNode] INFO: Level 0
[MulNode] INFO: Level 0
[MulNode] INFO: Level 0
[MulNode] INFO: Level 0
[MulNode] INFO: Level 0
[MulNode] INFO: Level 0
[MulNode] INFO: Level 0
[MulNode] INFO: Level 0
[MulNode] INFO: Level 0
[MulNode] INFO: Level 0
[MulNode] INFO: Level 0
[MulNode] INFO: Level 0
[MulNode] INFO: Level 0
[MulNode] INFO: Level 0
[MulNode] INFO: Level 2
[MulNode] INFO: Level 2
[MulNode] INFO: Level 1
[MulNode] INFO: Level 2
[MulNode] INFO: Level 2
[MulNode] INFO: Level 2
[MulNode] INFO: Level 2
[MulNode] INFO: Level 2
[MulNode] INFO: Level 2
[MulNode] INFO: Level 0
[MulNode] INFO: Level 0
[MulNode] INFO: Level 0
[MulNode] INFO: Level 0
[MulNode] INFO: Level 0
[MulNode] INFO: Level 0
[UdivNode] INFO: Level 0
[MulNode] INFO: Level 0
[MulNode] INFO: Level 0
[MulNode] INFO: Level 0
[MulNode] INFO: Level 0
[MulNode] INFO: Level 0
[MulNode] INFO: Level 0
[MulNode] INFO: Level 0
[MulNode] INFO: Level 0
[MulNode] INFO: Level 0
[MulNode] INFO: Level 0
[MulNode] INFO: Level 0
[MulNode] INFO: Level 0
[MulNode] INFO: Level 0
[MulNode] INFO: Level 0
[MulNode] INFO: Level 0
[MulNode] INFO: Level 0
[MulNode] INFO: Level 0
[MulNode] INFO: Level 0
[MulNode] INFO: Level 0
[MulNode] INFO: Level 0
[MulNode] INFO: Level 0
[MulNode] INFO: Level 0
[MulNode] INFO: Level 0
[MulNode] INFO: Level 0
[MulNode] INFO: Level 0
[MulNode] INFO: Level 0
[Ablector] INFO: ABLECTOR TIME: 10.313102
[Ablector] INFO: SAT TIME: 10.296180
[Ablector] INFO: REF TIME: 0.815990
[runlim] end:			Sat May 16 14:21:30 2020
[runlim] status:		ok
[runlim] result:		0
[runlim] children:		1
[runlim] real:			11.63 seconds
[runlim] time:			11.91 seconds
[runlim] space:			119.3 MB
[runlim] samples:		114
[runlim] version:		1.10
[runlim] time limit:		311040000 seconds
[runlim] real time limit:	1200 seconds
[runlim] space limit:		15000 MB
[runlim] argv[0]:		python3
[runlim] argv[1]:		/raid/steuber/Software/ablector/ablector
[runlim] argv[2]:		/raid/steuber/Benchmarks/2019/QF_BV/Sage2/bench_17590.smt2
[runlim] argv[3]:		--ufReuse=1
[runlim] start:			Sat May 16 14:21:30 2020
[runlim] main pid:		32101
[Ablector] INFO: *** ROUND 0
[MulNode] INFO: Level 0
[Ablector] INFO: ABLECTOR TIME: 1.871686
[Ablector] INFO: SAT TIME: 1.865440
[Ablector] INFO: REF TIME: 0.010816
[runlim] end:			Sat May 16 14:21:33 2020
[runlim] status:		ok
[runlim] result:		0
[runlim] children:		0
[runlim] real:			3.62 seconds
[runlim] time:			3.15 seconds
[runlim] space:			68.3 MB
[runlim] samples:		26
[runlim] version:		1.10
[runlim] time limit:		311040000 seconds
[runlim] real time limit:	1200 seconds
[runlim] space limit:		15000 MB
[runlim] argv[0]:		python3
[runlim] argv[1]:		/raid/steuber/Software/ablector/ablector
[runlim] argv[2]:		/raid/steuber/Benchmarks/2019/QF_BV/20190311-bv-term-small-rw-Noetzli/bv-term-small-rw_1187.smt2
[runlim] argv[3]:		--ufReuse=1
[runlim] start:			Sat May 16 14:21:33 2020
[runlim] main pid:		32121
[Ablector] INFO: *** ROUND 0
[MulNode] INFO: Level 0
[Ablector] INFO: ABLECTOR TIME: 0.136819
[Ablector] INFO: SAT TIME: 0.132364
[Ablector] INFO: REF TIME: 0.012174
[runlim] end:			Sat May 16 14:21:34 2020
[runlim] status:		ok
[runlim] result:		0
[runlim] children:		0
[runlim] real:			1.57 seconds
[runlim] time:			1.14 seconds
[runlim] space:			41.2 MB
[runlim] samples:		6
[runlim] version:		1.10
[runlim] time limit:		311040000 seconds
[runlim] real time limit:	1200 seconds
[runlim] space limit:		15000 MB
[runlim] argv[0]:		python3
[runlim] argv[1]:		/raid/steuber/Software/ablector/ablector
[runlim] argv[2]:		/raid/steuber/Benchmarks/2019/QF_BV/Sage2/bench_1474.smt2
[runlim] argv[3]:		--ufReuse=1
[runlim] start:			Sat May 16 14:21:34 2020
[runlim] main pid:		32142
[Ablector] INFO: *** ROUND 0
[Ablector] INFO: *** ROUND 1
[Ablector] INFO: *** ROUND 2
[Ablector] INFO: *** ROUND 3
[Ablector] INFO: *** ROUND 4
[Ablector] INFO: *** ROUND 5
[Ablector] INFO: *** ROUND 6
[Ablector] INFO: *** ROUND 7
[Ablector] INFO: *** ROUND 8
[Ablector] INFO: *** ROUND 9
[Ablector] INFO: *** ROUND 10
[Ablector] INFO: *** ROUND 11
[Ablector] INFO: *** ROUND 12
[Ablector] INFO: *** ROUND 13
[Ablector] INFO: *** ROUND 14
[Ablector] INFO: *** ROUND 15
[Ablector] INFO: *** ROUND 16
[Ablector] INFO: *** ROUND 17
[MulNode] INFO: Level 2
[MulNode] INFO: Level 2
[MulNode] INFO: Level 2
[MulNode] INFO: Level 2
[MulNode] INFO: Level 0
[MulNode] INFO: Level 0
[Ablector] INFO: ABLECTOR TIME: 4.933477
[Ablector] INFO: SAT TIME: 4.928189
[Ablector] INFO: REF TIME: 0.129966
[runlim] end:			Sat May 16 14:21:40 2020
[runlim] status:		ok
[runlim] result:		0
[runlim] children:		1
[runlim] real:			6.35 seconds
[runlim] time:			5.97 seconds
[runlim] space:			52.6 MB
[runlim] samples:		54
