[runlim] version:		1.10
[runlim] time limit:		311040000 seconds
[runlim] real time limit:	1200 seconds
[runlim] space limit:		15000 MB
[runlim] argv[0]:		python3
[runlim] argv[1]:		/raid/steuber/Software/ablector/ablector
[runlim] argv[2]:		/raid/steuber/Benchmarks/2019/QF_BV/sage/app12/bench_3732.smt2
[runlim] argv[3]:		--ufReuse=1
[runlim] start:			Sat May 16 14:31:05 2020
[runlim] main pid:		14680
[Ablector] INFO: *** ROUND 0
[Ablector] INFO: *** ROUND 1
[SdivNode] INFO: Level 1
[Ablector] INFO: ABLECTOR TIME: 0.015483
[Ablector] INFO: SAT TIME: 0.011278
[Ablector] INFO: REF TIME: 0.003657
[runlim] end:			Sat May 16 14:31:05 2020
[runlim] status:		segmentation fault
[runlim] result:		4
[runlim] children:		0
[runlim] real:			0.74 seconds
[runlim] time:			1.01 seconds
[runlim] space:			40.3 MB
[runlim] samples:		6
[runlim] version:		1.10
[runlim] time limit:		311040000 seconds
[runlim] real time limit:	1200 seconds
[runlim] space limit:		15000 MB
[runlim] argv[0]:		python3
[runlim] argv[1]:		/raid/steuber/Software/ablector/ablector
[runlim] argv[2]:		/raid/steuber/Benchmarks/2019/QF_BV/sage/app7/bench_5973.smt2
[runlim] argv[3]:		--ufReuse=1
[runlim] start:			Sat May 16 14:31:06 2020
[runlim] main pid:		14700
[Ablector] INFO: ABLECTOR TIME: 0.003322
[runlim] end:			Sat May 16 14:31:06 2020
[runlim] status:		ok
[runlim] result:		0
[runlim] children:		0
[runlim] real:			0.57 seconds
[runlim] time:			0.98 seconds
[runlim] space:			37.7 MB
[runlim] samples:		4
[runlim] version:		1.10
[runlim] time limit:		311040000 seconds
[runlim] real time limit:	1200 seconds
[runlim] space limit:		15000 MB
[runlim] argv[0]:		python3
[runlim] argv[1]:		/raid/steuber/Software/ablector/ablector
[runlim] argv[2]:		/raid/steuber/Benchmarks/2019/QF_BV/sage/app1/bench_2600.smt2
[runlim] argv[3]:		--ufReuse=1
[runlim] start:			Sat May 16 14:31:06 2020
[runlim] main pid:		14720
[Ablector] INFO: ABLECTOR TIME: 0.003389
[runlim] end:			Sat May 16 14:31:07 2020
[runlim] status:		ok
[runlim] result:		0
[runlim] children:		0
[runlim] real:			1.40 seconds
[runlim] time:			0.97 seconds
[runlim] space:			37.6 MB
[runlim] samples:		4
[runlim] version:		1.10
[runlim] time limit:		311040000 seconds
[runlim] real time limit:	1200 seconds
[runlim] space limit:		15000 MB
[runlim] argv[0]:		python3
[runlim] argv[1]:		/raid/steuber/Software/ablector/ablector
[runlim] argv[2]:		/raid/steuber/Benchmarks/2019/QF_BV/sage/app7/bench_1411.smt2
[runlim] argv[3]:		--ufReuse=1
[runlim] start:			Sat May 16 14:31:07 2020
[runlim] main pid:		14740
[Ablector] INFO: ABLECTOR TIME: 0.003682
[runlim] end:			Sat May 16 14:31:08 2020
[runlim] status:		ok
[runlim] result:		0
[runlim] children:		6
[runlim] real:			1.76 seconds
[runlim] time:			1.44 seconds
[runlim] space:			64.4 MB
[runlim] samples:		10
[runlim] version:		1.10
[runlim] time limit:		311040000 seconds
[runlim] real time limit:	1200 seconds
[runlim] space limit:		15000 MB
[runlim] argv[0]:		python3
[runlim] argv[1]:		/raid/steuber/Software/ablector/ablector
[runlim] argv[2]:		/raid/steuber/Benchmarks/2019/QF_BV/sage/app7/bench_4983.smt2
[runlim] argv[3]:		--ufReuse=1
[runlim] start:			Sat May 16 14:31:09 2020
[runlim] main pid:		14760
[Ablector] INFO: ABLECTOR TIME: 0.003552
[runlim] end:			Sat May 16 14:31:09 2020
[runlim] status:		ok
[runlim] result:		0
[runlim] children:		1
[runlim] real:			0.67 seconds
[runlim] time:			1.05 seconds
[runlim] space:			44.6 MB
[runlim] samples:		5
[runlim] version:		1.10
[runlim] time limit:		311040000 seconds
[runlim] real time limit:	1200 seconds
[runlim] space limit:		15000 MB
[runlim] argv[0]:		python3
[runlim] argv[1]:		/raid/steuber/Software/ablector/ablector
[runlim] argv[2]:		/raid/steuber/Benchmarks/2019/QF_BV/Sage2/bench_15952.smt2
[runlim] argv[3]:		--ufReuse=1
[runlim] start:			Sat May 16 14:31:10 2020
[runlim] main pid:		14780
[Ablector] INFO: *** ROUND 0
[MulNode] INFO: Level 0
[Ablector] INFO: ABLECTOR TIME: 0.727180
[Ablector] INFO: SAT TIME: 0.722392
[Ablector] INFO: REF TIME: 0.010797
[runlim] end:			Sat May 16 14:31:11 2020
[runlim] status:		ok
[runlim] result:		0
[runlim] children:		0
[runlim] real:			1.39 seconds
[runlim] time:			1.86 seconds
[runlim] space:			49.7 MB
[runlim] samples:		13
[runlim] version:		1.10
[runlim] time limit:		311040000 seconds
[runlim] real time limit:	1200 seconds
[runlim] space limit:		15000 MB
[runlim] argv[0]:		python3
[runlim] argv[1]:		/raid/steuber/Software/ablector/ablector
[runlim] argv[2]:		/raid/steuber/Benchmarks/2019/QF_BV/sage/app2/bench_565.smt2
[runlim] argv[3]:		--ufReuse=1
[runlim] start:			Sat May 16 14:31:11 2020
[runlim] main pid:		14802
[Ablector] INFO: ABLECTOR TIME: 0.003498
[runlim] end:			Sat May 16 14:31:12 2020
[runlim] status:		ok
[runlim] result:		0
[runlim] children:		1
[runlim] real:			1.32 seconds
[runlim] time:			1.04 seconds
[runlim] space:			44.2 MB
[runlim] samples:		5
[runlim] version:		1.10
[runlim] time limit:		311040000 seconds
[runlim] real time limit:	1200 seconds
[runlim] space limit:		15000 MB
[runlim] argv[0]:		python3
[runlim] argv[1]:		/raid/steuber/Software/ablector/ablector
[runlim] argv[2]:		/raid/steuber/Benchmarks/2019/QF_BV/Sage2/bench_4339.smt2
[runlim] argv[3]:		--ufReuse=1
[runlim] start:			Sat May 16 14:31:12 2020
[runlim] main pid:		14822
[Ablector] INFO: ABLECTOR TIME: 0.003556
[runlim] end:			Sat May 16 14:31:13 2020
[runlim] status:		ok
[runlim] result:		0
[runlim] children:		1
[runlim] real:			1.17 seconds
[runlim] time:			0.99 seconds
[runlim] space:			39.8 MB
[runlim] samples:		4
[runlim] version:		1.10
[runlim] time limit:		311040000 seconds
[runlim] real time limit:	1200 seconds
[runlim] space limit:		15000 MB
[runlim] argv[0]:		python3
[runlim] argv[1]:		/raid/steuber/Software/ablector/ablector
[runlim] argv[2]:		/raid/steuber/Benchmarks/2019/QF_BV/Sage2/bench_5271.smt2
[runlim] argv[3]:		--ufReuse=1
[runlim] start:			Sat May 16 14:31:13 2020
[runlim] main pid:		14842
[Ablector] INFO: *** ROUND 0
[MulNode] INFO: Level 0
[MulNode] INFO: Level 0
[MulNode] INFO: Level 0
[MulNode] INFO: Level 0
[MulNode] INFO: Level 0
[MulNode] INFO: Level 0
[MulNode] INFO: Level 0
[MulNode] INFO: Level 0
[MulNode] INFO: Level 0
[MulNode] INFO: Level 0
[Ablector] INFO: ABLECTOR TIME: 0.785962
[Ablector] INFO: SAT TIME: 0.779729
[Ablector] INFO: REF TIME: 0.092418
[runlim] end:			Sat May 16 14:31:14 2020
[runlim] status:		ok
[runlim] result:		0
[runlim] children:		0
[runlim] real:			1.83 seconds
[runlim] time:			1.76 seconds
[runlim] space:			53.4 MB
[runlim] samples:		12
[runlim] version:		1.10
[runlim] time limit:		311040000 seconds
[runlim] real time limit:	1200 seconds
[runlim] space limit:		15000 MB
[runlim] argv[0]:		python3
[runlim] argv[1]:		/raid/steuber/Software/ablector/ablector
[runlim] argv[2]:		/raid/steuber/Benchmarks/2019/QF_BV/Sage2/bench_10895.smt2
[runlim] argv[3]:		--ufReuse=1
[runlim] start:			Sat May 16 14:31:15 2020
[runlim] main pid:		14862
[Ablector] INFO: *** ROUND 0
[runlim] sample:		10.2 time, 10.2 real, 181.6 MB
[MulNode] INFO: Level 0
[MulNode] INFO: Level 0
[MulNode] INFO: Level 0
[MulNode] INFO: Level 0
[MulNode] INFO: Level 0
[MulNode] INFO: Level 0
[MulNode] INFO: Level 0
[MulNode] INFO: Level 0
[MulNode] INFO: Level 0
[MulNode] INFO: Level 0
[MulNode] INFO: Level 0
[MulNode] INFO: Level 0
[MulNode] INFO: Level 0
[MulNode] INFO: Level 0
[MulNode] INFO: Level 0
[MulNode] INFO: Level 0
[MulNode] INFO: Level 0
[MulNode] INFO: Level 0
[MulNode] INFO: Level 0
[MulNode] INFO: Level 0
[MulNode] INFO: Level 0
[MulNode] INFO: Level 0
[MulNode] INFO: Level 0
[MulNode] INFO: Level 0
[MulNode] INFO: Level 0
[MulNode] INFO: Level 0
[MulNode] INFO: Level 0
[MulNode] INFO: Level 0
[MulNode] INFO: Level 0
[MulNode] INFO: Level 0
[MulNode] INFO: Level 0
[MulNode] INFO: Level 0
[MulNode] INFO: Level 0
[MulNode] INFO: Level 0
[MulNode] INFO: Level 0
[MulNode] INFO: Level 0
[MulNode] INFO: Level 0
[MulNode] INFO: Level 0
[MulNode] INFO: Level 0
[MulNode] INFO: Level 0
[MulNode] INFO: Level 0
[MulNode] INFO: Level 0
[MulNode] INFO: Level 0
[MulNode] INFO: Level 0
[MulNode] INFO: Level 0
[MulNode] INFO: Level 0
[MulNode] INFO: Level 0
[MulNode] INFO: Level 0
[MulNode] INFO: Level 0
[MulNode] INFO: Level 0
[MulNode] INFO: Level 0
[MulNode] INFO: Level 0
[MulNode] INFO: Level 0
[MulNode] INFO: Level 0
[MulNode] INFO: Level 0
[MulNode] INFO: Level 0
[MulNode] INFO: Level 0
[MulNode] INFO: Level 0
[MulNode] INFO: Level 0
[MulNode] INFO: Level 0
[MulNode] INFO: Level 0
[MulNode] INFO: Level 0
[MulNode] INFO: Level 0
[MulNode] INFO: Level 0
[MulNode] INFO: Level 0
[MulNode] INFO: Level 0
[MulNode] INFO: Level 0
[MulNode] INFO: Level 0
[MulNode] INFO: Level 0
[MulNode] INFO: Level 0
[MulNode] INFO: Level 0
[MulNode] INFO: Level 0
[MulNode] INFO: Level 0
[MulNode] INFO: Level 0
[MulNode] INFO: Level 0
[MulNode] INFO: Level 0
[MulNode] INFO: Level 0
[MulNode] INFO: Level 0
[MulNode] INFO: Level 0
[MulNode] INFO: Level 0
[MulNode] INFO: Level 0
[MulNode] INFO: Level 0
[MulNode] INFO: Level 0
[MulNode] INFO: Level 0
[MulNode] INFO: Level 0
[MulNode] INFO: Level 0
[MulNode] INFO: Level 0
[MulNode] INFO: Level 0
[MulNode] INFO: Level 0
[MulNode] INFO: Level 0
[MulNode] INFO: Level 0
[MulNode] INFO: Level 0
[MulNode] INFO: Level 0
[MulNode] INFO: Level 0
[MulNode] INFO: Level 0
[MulNode] INFO: Level 0
[MulNode] INFO: Level 0
[MulNode] INFO: Level 0
[MulNode] INFO: Level 0
[MulNode] INFO: Level 0
[MulNode] INFO: Level 0
[MulNode] INFO: Level 0
[MulNode] INFO: Level 0
[MulNode] INFO: Level 0
[MulNode] INFO: Level 0
[MulNode] INFO: Level 0
[MulNode] INFO: Level 0
[MulNode] INFO: Level 0
[MulNode] INFO: Level 0
[MulNode] INFO: Level 0
[MulNode] INFO: Level 0
[MulNode] INFO: Level 0
[MulNode] INFO: Level 0
[MulNode] INFO: Level 0
[MulNode] INFO: Level 0
[MulNode] INFO: Level 0
[MulNode] INFO: Level 0
[MulNode] INFO: Level 0
[MulNode] INFO: Level 0
[MulNode] INFO: Level 0
[MulNode] INFO: Level 0
[MulNode] INFO: Level 0
[MulNode] INFO: Level 0
[MulNode] INFO: Level 0
[MulNode] INFO: Level 0
[MulNode] INFO: Level 0
[MulNode] INFO: Level 0
[MulNode] INFO: Level 0
[MulNode] INFO: Level 0
[MulNode] INFO: Level 0
[MulNode] INFO: Level 0
[MulNode] INFO: Level 0
[MulNode] INFO: Level 0
[MulNode] INFO: Level 0
[MulNode] INFO: Level 0
[MulNode] INFO: Level 0
[MulNode] INFO: Level 0
[MulNode] INFO: Level 0
[MulNode] INFO: Level 0
[MulNode] INFO: Level 0
[MulNode] INFO: Level 0
[MulNode] INFO: Level 0
[MulNode] INFO: Level 0
[MulNode] INFO: Level 0
[MulNode] INFO: Level 0
[MulNode] INFO: Level 0
[MulNode] INFO: Level 0
[MulNode] INFO: Level 0
[MulNode] INFO: Level 0
[MulNode] INFO: Level 0
[MulNode] INFO: Level 0
[MulNode] INFO: Level 0
[MulNode] INFO: Level 0
[MulNode] INFO: Level 0
[MulNode] INFO: Level 0
[MulNode] INFO: Level 0
[MulNode] INFO: Level 0
[MulNode] INFO: Level 0
[MulNode] INFO: Level 0
[MulNode] INFO: Level 0
[MulNode] INFO: Level 0
[MulNode] INFO: Level 0
[MulNode] INFO: Level 0
[MulNode] INFO: Level 0
[MulNode] INFO: Level 0
[MulNode] INFO: Level 0
[MulNode] INFO: Level 0
[MulNode] INFO: Level 0
[MulNode] INFO: Level 0
[MulNode] INFO: Level 0
[MulNode] INFO: Level 0
[MulNode] INFO: Level 0
[MulNode] INFO: Level 0
[MulNode] INFO: Level 0
[MulNode] INFO: Level 0
[MulNode] INFO: Level 0
[MulNode] INFO: Level 0
[MulNode] INFO: Level 0
[MulNode] INFO: Level 0
[MulNode] INFO: Level 0
[MulNode] INFO: Level 0
[Ablector] INFO: ABLECTOR TIME: 9.192283
[Ablector] INFO: SAT TIME: 9.155489
[Ablector] INFO: REF TIME: 1.824058
[runlim] end:			Sat May 16 14:31:28 2020
[runlim] status:		ok
[runlim] result:		0
[runlim] children:		4
[runlim] real:			13.80 seconds
[runlim] time:			13.78 seconds
[runlim] space:			231.2 MB
[runlim] samples:		136
[runlim] version:		1.10
[runlim] time limit:		311040000 seconds
[runlim] real time limit:	1200 seconds
[runlim] space limit:		15000 MB
[runlim] argv[0]:		python3
[runlim] argv[1]:		/raid/steuber/Software/ablector/ablector
[runlim] argv[2]:		/raid/steuber/Benchmarks/2019/QF_BV/sage/app12/bench_2167.smt2
[runlim] argv[3]:		--ufReuse=1
[runlim] start:			Sat May 16 14:31:29 2020
[runlim] main pid:		14885
[Ablector] INFO: *** ROUND 0
[SdivNode] INFO: Level 0
[Ablector] INFO: ABLECTOR TIME: 0.031649
[Ablector] INFO: SAT TIME: 0.027109
[Ablector] INFO: REF TIME: 0.001882
[runlim] end:			Sat May 16 14:31:29 2020
[runlim] status:		ok
[runlim] result:		0
[runlim] children:		0
[runlim] real:			0.83 seconds
[runlim] time:			1.11 seconds
[runlim] space:			38.1 MB
[runlim] samples:		6
[runlim] version:		1.10
[runlim] time limit:		311040000 seconds
[runlim] real time limit:	1200 seconds
[runlim] space limit:		15000 MB
[runlim] argv[0]:		python3
[runlim] argv[1]:		/raid/steuber/Software/ablector/ablector
[runlim] argv[2]:		/raid/steuber/Benchmarks/2019/QF_BV/sage/app7/bench_370.smt2
[runlim] argv[3]:		--ufReuse=1
[runlim] start:			Sat May 16 14:31:30 2020
[runlim] main pid:		14905
[Ablector] INFO: ABLECTOR TIME: 0.003788
[runlim] end:			Sat May 16 14:31:32 2020
[runlim] status:		ok
[runlim] result:		0
[runlim] children:		18
[runlim] real:			2.44 seconds
[runlim] time:			2.65 seconds
[runlim] space:			98.1 MB
[runlim] samples:		22
[runlim] version:		1.10
[runlim] time limit:		311040000 seconds
[runlim] real time limit:	1200 seconds
[runlim] space limit:		15000 MB
[runlim] argv[0]:		python3
[runlim] argv[1]:		/raid/steuber/Software/ablector/ablector
[runlim] argv[2]:		/raid/steuber/Benchmarks/2019/QF_BV/20190311-bv-term-small-rw-Noetzli/bv-term-small-rw_971.smt2
[runlim] argv[3]:		--ufReuse=1
[runlim] start:			Sat May 16 14:31:32 2020
[runlim] main pid:		14925
[Ablector] INFO: ABLECTOR TIME: 0.003495
[runlim] end:			Sat May 16 14:31:33 2020
[runlim] status:		ok
[runlim] result:		0
[runlim] children:		1
[runlim] real:			1.26 seconds
[runlim] time:			0.98 seconds
[runlim] space:			37.7 MB
[runlim] samples:		4
[runlim] version:		1.10
[runlim] time limit:		311040000 seconds
[runlim] real time limit:	1200 seconds
[runlim] space limit:		15000 MB
[runlim] argv[0]:		python3
[runlim] argv[1]:		/raid/steuber/Software/ablector/ablector
[runlim] argv[2]:		/raid/steuber/Benchmarks/2019/QF_BV/sage/app7/bench_1219.smt2
[runlim] argv[3]:		--ufReuse=1
[runlim] start:			Sat May 16 14:31:33 2020
[runlim] main pid:		14945
[Ablector] INFO: ABLECTOR TIME: 0.004087
[runlim] end:			Sat May 16 14:31:34 2020
[runlim] status:		ok
[runlim] result:		0
[runlim] children:		8
[runlim] real:			1.84 seconds
[runlim] time:			1.65 seconds
[runlim] space:			72.4 MB
[runlim] samples:		12
[runlim] version:		1.10
[runlim] time limit:		311040000 seconds
[runlim] real time limit:	1200 seconds
[runlim] space limit:		15000 MB
[runlim] argv[0]:		python3
[runlim] argv[1]:		/raid/steuber/Software/ablector/ablector
[runlim] argv[2]:		/raid/steuber/Benchmarks/2019/QF_BV/sage/app9/bench_2751.smt2
[runlim] argv[3]:		--ufReuse=1
[runlim] start:			Sat May 16 14:31:35 2020
[runlim] main pid:		14965
[Ablector] INFO: ABLECTOR TIME: 0.003754
[runlim] end:			Sat May 16 14:31:35 2020
[runlim] status:		ok
[runlim] result:		0
[runlim] children:		0
[runlim] real:			0.64 seconds
[runlim] time:			0.95 seconds
[runlim] space:			37.9 MB
[runlim] samples:		4
[runlim] version:		1.10
[runlim] time limit:		311040000 seconds
[runlim] real time limit:	1200 seconds
[runlim] space limit:		15000 MB
[runlim] argv[0]:		python3
[runlim] argv[1]:		/raid/steuber/Software/ablector/ablector
[runlim] argv[2]:		/raid/steuber/Benchmarks/2019/QF_BV/20190311-bv-term-small-rw-Noetzli/bv-term-small-rw_1175.smt2
[runlim] argv[3]:		--ufReuse=1
[runlim] start:			Sat May 16 14:31:35 2020
[runlim] main pid:		14986
[Ablector] INFO: *** ROUND 0
[MulNode] INFO: Level 0
[MulNode] INFO: Level 0
[Ablector] INFO: ABLECTOR TIME: 0.447537
[Ablector] INFO: SAT TIME: 0.442906
[Ablector] INFO: REF TIME: 0.021383
[runlim] end:			Sat May 16 14:31:36 2020
[runlim] status:		ok
[runlim] result:		0
[runlim] children:		0
[runlim] real:			1.91 seconds
[runlim] time:			1.47 seconds
[runlim] space:			45.3 MB
[runlim] samples:		9
[runlim] version:		1.10
[runlim] time limit:		311040000 seconds
[runlim] real time limit:	1200 seconds
[runlim] space limit:		15000 MB
[runlim] argv[0]:		python3
[runlim] argv[1]:		/raid/steuber/Software/ablector/ablector
[runlim] argv[2]:		/raid/steuber/Benchmarks/2019/QF_BV/sage/app9/bench_3060.smt2
[runlim] argv[3]:		--ufReuse=1
[runlim] start:			Sat May 16 14:31:37 2020
[runlim] main pid:		15006
[Ablector] INFO: ABLECTOR TIME: 0.004275
[runlim] end:			Sat May 16 14:31:37 2020
[runlim] status:		ok
[runlim] result:		0
[runlim] children:		1
[runlim] real:			0.74 seconds
[runlim] time:			0.97 seconds
[runlim] space:			39.4 MB
[runlim] samples:		4
[runlim] version:		1.10
[runlim] time limit:		311040000 seconds
[runlim] real time limit:	1200 seconds
[runlim] space limit:		15000 MB
[runlim] argv[0]:		python3
[runlim] argv[1]:		/raid/steuber/Software/ablector/ablector
[runlim] argv[2]:		/raid/steuber/Benchmarks/2019/QF_BV/sage/app2/bench_621.smt2
[runlim] argv[3]:		--ufReuse=1
[runlim] start:			Sat May 16 14:31:38 2020
[runlim] main pid:		15026
[Ablector] INFO: ABLECTOR TIME: 0.003885
[runlim] end:			Sat May 16 14:31:38 2020
[runlim] status:		ok
[runlim] result:		0
[runlim] children:		1
[runlim] real:			0.68 seconds
[runlim] time:			1.03 seconds
[runlim] space:			42.7 MB
[runlim] samples:		5
[runlim] version:		1.10
[runlim] time limit:		311040000 seconds
[runlim] real time limit:	1200 seconds
[runlim] space limit:		15000 MB
[runlim] argv[0]:		python3
[runlim] argv[1]:		/raid/steuber/Software/ablector/ablector
[runlim] argv[2]:		/raid/steuber/Benchmarks/2019/QF_BV/sage/app7/bench_8521.smt2
[runlim] argv[3]:		--ufReuse=1
[runlim] start:			Sat May 16 14:31:39 2020
[runlim] main pid:		15046
[Ablector] INFO: ABLECTOR TIME: 0.003876
[runlim] end:			Sat May 16 14:31:41 2020
[runlim] status:		ok
[runlim] result:		0
[runlim] children:		19
[runlim] real:			2.45 seconds
[runlim] time:			2.85 seconds
[runlim] space:			97.6 MB
[runlim] samples:		24
[runlim] version:		1.10
[runlim] time limit:		311040000 seconds
[runlim] real time limit:	1200 seconds
[runlim] space limit:		15000 MB
[runlim] argv[0]:		python3
[runlim] argv[1]:		/raid/steuber/Software/ablector/ablector
[runlim] argv[2]:		/raid/steuber/Benchmarks/2019/QF_BV/sage/app7/bench_3157.smt2
[runlim] argv[3]:		--ufReuse=1
[runlim] start:			Sat May 16 14:31:41 2020
[runlim] main pid:		15066
[Ablector] INFO: ABLECTOR TIME: 0.003946
[runlim] end:			Sat May 16 14:31:42 2020
[runlim] status:		ok
[runlim] result:		0
[runlim] children:		3
[runlim] real:			1.49 seconds
[runlim] time:			1.14 seconds
[runlim] space:			50.1 MB
[runlim] samples:		6
[runlim] version:		1.10
[runlim] time limit:		311040000 seconds
[runlim] real time limit:	1200 seconds
[runlim] space limit:		15000 MB
[runlim] argv[0]:		python3
[runlim] argv[1]:		/raid/steuber/Software/ablector/ablector
[runlim] argv[2]:		/raid/steuber/Benchmarks/2019/QF_BV/sage/app8/bench_3495.smt2
[runlim] argv[3]:		--ufReuse=1
[runlim] start:			Sat May 16 14:31:42 2020
[runlim] main pid:		15088
[Ablector] INFO: ABLECTOR TIME: 0.003490
[runlim] end:			Sat May 16 14:31:43 2020
[runlim] status:		ok
[runlim] result:		0
[runlim] children:		0
[runlim] real:			1.31 seconds
[runlim] time:			0.94 seconds
[runlim] space:			37.8 MB
[runlim] samples:		4
[runlim] version:		1.10
[runlim] time limit:		311040000 seconds
[runlim] real time limit:	1200 seconds
[runlim] space limit:		15000 MB
[runlim] argv[0]:		python3
[runlim] argv[1]:		/raid/steuber/Software/ablector/ablector
[runlim] argv[2]:		/raid/steuber/Benchmarks/2019/QF_BV/sage/app8/bench_3552.smt2
[runlim] argv[3]:		--ufReuse=1
[runlim] start:			Sat May 16 14:31:43 2020
[runlim] main pid:		15109
[Ablector] INFO: ABLECTOR TIME: 0.003612
[runlim] end:			Sat May 16 14:31:44 2020
[runlim] status:		ok
[runlim] result:		0
[runlim] children:		0
[runlim] real:			1.14 seconds
[runlim] time:			0.97 seconds
[runlim] space:			37.9 MB
[runlim] samples:		4
[runlim] version:		1.10
[runlim] time limit:		311040000 seconds
[runlim] real time limit:	1200 seconds
[runlim] space limit:		15000 MB
[runlim] argv[0]:		python3
[runlim] argv[1]:		/raid/steuber/Software/ablector/ablector
[runlim] argv[2]:		/raid/steuber/Benchmarks/2019/QF_BV/sage/app7/bench_6468.smt2
[runlim] argv[3]:		--ufReuse=1
[runlim] start:			Sat May 16 14:31:44 2020
[runlim] main pid:		15129
[Ablector] INFO: ABLECTOR TIME: 0.003395
[runlim] end:			Sat May 16 14:31:44 2020
[runlim] status:		ok
[runlim] result:		0
[runlim] children:		0
[runlim] real:			0.92 seconds
[runlim] time:			0.97 seconds
[runlim] space:			37.6 MB
[runlim] samples:		4
[runlim] version:		1.10
[runlim] time limit:		311040000 seconds
[runlim] real time limit:	1200 seconds
[runlim] space limit:		15000 MB
[runlim] argv[0]:		python3
[runlim] argv[1]:		/raid/steuber/Software/ablector/ablector
[runlim] argv[2]:		/raid/steuber/Benchmarks/2019/QF_BV/sage/app1/bench_290.smt2
[runlim] argv[3]:		--ufReuse=1
[runlim] start:			Sat May 16 14:31:45 2020
[runlim] main pid:		15149
[Ablector] INFO: ABLECTOR TIME: 0.003480
[runlim] end:			Sat May 16 14:31:45 2020
[runlim] status:		ok
[runlim] result:		0
[runlim] children:		0
[runlim] real:			0.71 seconds
[runlim] time:			0.93 seconds
[runlim] space:			37.8 MB
[runlim] samples:		4
[runlim] version:		1.10
[runlim] time limit:		311040000 seconds
[runlim] real time limit:	1200 seconds
[runlim] space limit:		15000 MB
[runlim] argv[0]:		python3
[runlim] argv[1]:		/raid/steuber/Software/ablector/ablector
[runlim] argv[2]:		/raid/steuber/Benchmarks/2019/QF_BV/sage/app11/bench_563.smt2
[runlim] argv[3]:		--ufReuse=1
[runlim] start:			Sat May 16 14:31:46 2020
[runlim] main pid:		15169
[Ablector] INFO: ABLECTOR TIME: 0.003625
[runlim] end:			Sat May 16 14:31:46 2020
[runlim] status:		ok
[runlim] result:		0
[runlim] children:		5
[runlim] real:			0.98 seconds
[runlim] time:			1.34 seconds
[runlim] space:			68.0 MB
[runlim] samples:		9
[runlim] version:		1.10
[runlim] time limit:		311040000 seconds
[runlim] real time limit:	1200 seconds
[runlim] space limit:		15000 MB
[runlim] argv[0]:		python3
[runlim] argv[1]:		/raid/steuber/Software/ablector/ablector
[runlim] argv[2]:		/raid/steuber/Benchmarks/2019/QF_BV/sage/app1/bench_125.smt2
[runlim] argv[3]:		--ufReuse=1
[runlim] start:			Sat May 16 14:31:47 2020
[runlim] main pid:		15189
[Ablector] INFO: *** ROUND 0
[MulNode] INFO: Level 0
[MulNode] INFO: Level 0
[MulNode] INFO: Level 0
[MulNode] INFO: Level 0
[MulNode] INFO: Level 0
[Ablector] INFO: ABLECTOR TIME: 0.359665
[Ablector] INFO: SAT TIME: 0.353669
[Ablector] INFO: REF TIME: 0.052802
[runlim] end:			Sat May 16 14:31:48 2020
[runlim] status:		ok
[runlim] result:		0
[runlim] children:		0
[runlim] real:			1.36 seconds
[runlim] time:			1.54 seconds
[runlim] space:			54.0 MB
[runlim] samples:		10
[runlim] version:		1.10
[runlim] time limit:		311040000 seconds
[runlim] real time limit:	1200 seconds
[runlim] space limit:		15000 MB
[runlim] argv[0]:		python3
[runlim] argv[1]:		/raid/steuber/Software/ablector/ablector
[runlim] argv[2]:		/raid/steuber/Benchmarks/2019/QF_BV/sage/app9/bench_282.smt2
[runlim] argv[3]:		--ufReuse=1
[runlim] start:			Sat May 16 14:31:48 2020
[runlim] main pid:		15209
[Ablector] INFO: *** ROUND 0
[MulNode] INFO: Level 0
[MulNode] INFO: Level 0
[MulNode] INFO: Level 0
[MulNode] INFO: Level 0
[MulNode] INFO: Level 0
[MulNode] INFO: Level 0
[MulNode] INFO: Level 0
[MulNode] INFO: Level 0
[MulNode] INFO: Level 0
[MulNode] INFO: Level 0
[MulNode] INFO: Level 0
[Ablector] INFO: ABLECTOR TIME: 0.173056
[Ablector] INFO: SAT TIME: 0.166132
[Ablector] INFO: REF TIME: 0.107886
[runlim] end:			Sat May 16 14:31:49 2020
[runlim] status:		ok
[runlim] result:		0
[runlim] children:		0
[runlim] real:			1.51 seconds
[runlim] time:			1.26 seconds
[runlim] space:			46.2 MB
[runlim] samples:		7
[runlim] version:		1.10
[runlim] time limit:		311040000 seconds
[runlim] real time limit:	1200 seconds
[runlim] space limit:		15000 MB
[runlim] argv[0]:		python3
[runlim] argv[1]:		/raid/steuber/Software/ablector/ablector
[runlim] argv[2]:		/raid/steuber/Benchmarks/2019/QF_BV/sage/app5/bench_400.smt2
[runlim] argv[3]:		--ufReuse=1
[runlim] start:			Sat May 16 14:31:49 2020
[runlim] main pid:		15229
[Ablector] INFO: ABLECTOR TIME: 0.003869
[runlim] end:			Sat May 16 14:31:50 2020
[runlim] status:		ok
[runlim] result:		0
[runlim] children:		0
[runlim] real:			1.29 seconds
[runlim] time:			0.97 seconds
[runlim] space:			37.8 MB
[runlim] samples:		4
[runlim] version:		1.10
[runlim] time limit:		311040000 seconds
[runlim] real time limit:	1200 seconds
[runlim] space limit:		15000 MB
[runlim] argv[0]:		python3
[runlim] argv[1]:		/raid/steuber/Software/ablector/ablector
[runlim] argv[2]:		/raid/steuber/Benchmarks/2019/QF_BV/sage/app12/bench_432.smt2
[runlim] argv[3]:		--ufReuse=1
[runlim] start:			Sat May 16 14:31:50 2020
[runlim] main pid:		15249
[Ablector] INFO: *** ROUND 0
[SdivNode] INFO: Level 0
[MulNode] INFO: Level 0
[SdivNode] INFO: Level 0
[Ablector] INFO: ABLECTOR TIME: 0.036335
[Ablector] INFO: SAT TIME: 0.031434
[Ablector] INFO: REF TIME: 0.013673
[runlim] end:			Sat May 16 14:31:51 2020
[runlim] status:		ok
[runlim] result:		0
[runlim] children:		0
[runlim] real:			1.15 seconds
[runlim] time:			0.97 seconds
[runlim] space:			40.8 MB
[runlim] samples:		4
[runlim] version:		1.10
[runlim] time limit:		311040000 seconds
[runlim] real time limit:	1200 seconds
[runlim] space limit:		15000 MB
[runlim] argv[0]:		python3
[runlim] argv[1]:		/raid/steuber/Software/ablector/ablector
[runlim] argv[2]:		/raid/steuber/Benchmarks/2019/QF_BV/sage/app2/bench_626.smt2
[runlim] argv[3]:		--ufReuse=1
[runlim] start:			Sat May 16 14:31:51 2020
[runlim] main pid:		15269
[Ablector] INFO: ABLECTOR TIME: 0.003986
[runlim] end:			Sat May 16 14:31:52 2020
[runlim] status:		ok
[runlim] result:		0
[runlim] children:		1
[runlim] real:			1.07 seconds
[runlim] time:			1.06 seconds
[runlim] space:			42.6 MB
[runlim] samples:		5
[runlim] version:		1.10
[runlim] time limit:		311040000 seconds
[runlim] real time limit:	1200 seconds
[runlim] space limit:		15000 MB
[runlim] argv[0]:		python3
[runlim] argv[1]:		/raid/steuber/Software/ablector/ablector
[runlim] argv[2]:		/raid/steuber/Benchmarks/2019/QF_BV/sage/app11/bench_373.smt2
[runlim] argv[3]:		--ufReuse=1
[runlim] start:			Sat May 16 14:31:52 2020
[runlim] main pid:		15289
[Ablector] INFO: ABLECTOR TIME: 0.003841
[runlim] end:			Sat May 16 14:31:53 2020
[runlim] status:		ok
[runlim] result:		0
[runlim] children:		4
[runlim] real:			1.38 seconds
[runlim] time:			1.33 seconds
[runlim] space:			67.0 MB
[runlim] samples:		9
[runlim] version:		1.10
[runlim] time limit:		311040000 seconds
[runlim] real time limit:	1200 seconds
[runlim] space limit:		15000 MB
[runlim] argv[0]:		python3
[runlim] argv[1]:		/raid/steuber/Software/ablector/ablector
[runlim] argv[2]:		/raid/steuber/Benchmarks/2019/QF_BV/sage/app7/bench_1928.smt2
[runlim] argv[3]:		--ufReuse=1
[runlim] start:			Sat May 16 14:31:53 2020
[runlim] main pid:		15309
[Ablector] INFO: ABLECTOR TIME: 0.003961
[runlim] end:			Sat May 16 14:31:54 2020
[runlim] status:		ok
[runlim] result:		0
[runlim] children:		3
[runlim] real:			1.56 seconds
[runlim] time:			1.27 seconds
[runlim] space:			54.6 MB
[runlim] samples:		8
[runlim] version:		1.10
[runlim] time limit:		311040000 seconds
[runlim] real time limit:	1200 seconds
[runlim] space limit:		15000 MB
[runlim] argv[0]:		python3
[runlim] argv[1]:		/raid/steuber/Software/ablector/ablector
[runlim] argv[2]:		/raid/steuber/Benchmarks/2019/QF_BV/sage/app11/bench_520.smt2
[runlim] argv[3]:		--ufReuse=1
[runlim] start:			Sat May 16 14:31:54 2020
[runlim] main pid:		15329
[Ablector] INFO: ABLECTOR TIME: 0.003905
[runlim] end:			Sat May 16 14:31:55 2020
[runlim] status:		ok
[runlim] result:		0
[runlim] children:		5
[runlim] real:			1.89 seconds
[runlim] time:			1.42 seconds
[runlim] space:			66.1 MB
[runlim] samples:		9
[runlim] version:		1.10
[runlim] time limit:		311040000 seconds
[runlim] real time limit:	1200 seconds
[runlim] space limit:		15000 MB
[runlim] argv[0]:		python3
[runlim] argv[1]:		/raid/steuber/Software/ablector/ablector
[runlim] argv[2]:		/raid/steuber/Benchmarks/2019/QF_BV/sage/app7/bench_2766.smt2
[runlim] argv[3]:		--ufReuse=1
[runlim] start:			Sat May 16 14:31:56 2020
[runlim] main pid:		15349
[Ablector] INFO: ABLECTOR TIME: 0.003600
[runlim] end:			Sat May 16 14:31:56 2020
[runlim] status:		ok
[runlim] result:		0
[runlim] children:		2
[runlim] real:			0.90 seconds
[runlim] time:			1.10 seconds
[runlim] space:			47.1 MB
[runlim] samples:		6
[runlim] version:		1.10
[runlim] time limit:		311040000 seconds
[runlim] real time limit:	1200 seconds
[runlim] space limit:		15000 MB
[runlim] argv[0]:		python3
[runlim] argv[1]:		/raid/steuber/Software/ablector/ablector
[runlim] argv[2]:		/raid/steuber/Benchmarks/2019/QF_BV/sage/app12/bench_3918.smt2
[runlim] argv[3]:		--ufReuse=1
[runlim] start:			Sat May 16 14:31:57 2020
[runlim] main pid:		15369
[Ablector] INFO: *** ROUND 0
[MulNode] INFO: Level 0
[Ablector] INFO: ABLECTOR TIME: 0.022264
[Ablector] INFO: SAT TIME: 0.017987
[Ablector] INFO: REF TIME: 0.011837
[runlim] end:			Sat May 16 14:31:57 2020
[runlim] status:		ok
[runlim] result:		0
[runlim] children:		0
[runlim] real:			0.70 seconds
[runlim] time:			0.95 seconds
[runlim] space:			40.4 MB
[runlim] samples:		4
[runlim] version:		1.10
[runlim] time limit:		311040000 seconds
[runlim] real time limit:	1200 seconds
[runlim] space limit:		15000 MB
[runlim] argv[0]:		python3
[runlim] argv[1]:		/raid/steuber/Software/ablector/ablector
[runlim] argv[2]:		/raid/steuber/Benchmarks/2019/QF_BV/sage/app2/bench_1238.smt2
[runlim] argv[3]:		--ufReuse=1
[runlim] start:			Sat May 16 14:31:58 2020
[runlim] main pid:		15389
[Ablector] INFO: ABLECTOR TIME: 0.003482
[runlim] end:			Sat May 16 14:31:58 2020
[runlim] status:		ok
[runlim] result:		0
[runlim] children:		0
[runlim] real:			0.53 seconds
[runlim] time:			0.98 seconds
[runlim] space:			37.8 MB
[runlim] samples:		4
[runlim] version:		1.10
[runlim] time limit:		311040000 seconds
[runlim] real time limit:	1200 seconds
[runlim] space limit:		15000 MB
[runlim] argv[0]:		python3
[runlim] argv[1]:		/raid/steuber/Software/ablector/ablector
[runlim] argv[2]:		/raid/steuber/Benchmarks/2019/QF_BV/sage/app1/bench_204.smt2
[runlim] argv[3]:		--ufReuse=1
[runlim] start:			Sat May 16 14:31:58 2020
[runlim] main pid:		15409
[Ablector] INFO: ABLECTOR TIME: 0.003454
[runlim] end:			Sat May 16 14:31:59 2020
[runlim] status:		ok
[runlim] result:		0
[runlim] children:		0
[runlim] real:			1.30 seconds
[runlim] time:			0.98 seconds
[runlim] space:			37.9 MB
[runlim] samples:		4
[runlim] version:		1.10
[runlim] time limit:		311040000 seconds
[runlim] real time limit:	1200 seconds
[runlim] space limit:		15000 MB
[runlim] argv[0]:		python3
[runlim] argv[1]:		/raid/steuber/Software/ablector/ablector
[runlim] argv[2]:		/raid/steuber/Benchmarks/2019/QF_BV/sage/app7/bench_6180.smt2
[runlim] argv[3]:		--ufReuse=1
[runlim] start:			Sat May 16 14:31:59 2020
[runlim] main pid:		15429
[Ablector] INFO: ABLECTOR TIME: 0.003645
[runlim] end:			Sat May 16 14:32:01 2020
[runlim] status:		ok
[runlim] result:		0
[runlim] children:		14
[runlim] real:			2.51 seconds
[runlim] time:			2.26 seconds
[runlim] space:			85.1 MB
[runlim] samples:		18
[runlim] version:		1.10
[runlim] time limit:		311040000 seconds
[runlim] real time limit:	1200 seconds
[runlim] space limit:		15000 MB
[runlim] argv[0]:		python3
[runlim] argv[1]:		/raid/steuber/Software/ablector/ablector
[runlim] argv[2]:		/raid/steuber/Benchmarks/2019/QF_BV/Sage2/bench_15345.smt2
[runlim] argv[3]:		--ufReuse=1
[runlim] start:			Sat May 16 14:32:01 2020
[runlim] main pid:		15450
[Ablector] INFO: *** ROUND 0
[MulNode] INFO: Level 0
[Ablector] INFO: ABLECTOR TIME: 0.348374
[Ablector] INFO: SAT TIME: 0.343495
[Ablector] INFO: REF TIME: 0.010977
[runlim] end:			Sat May 16 14:32:02 2020
[runlim] status:		ok
[runlim] result:		0
[runlim] children:		0
[runlim] real:			1.77 seconds
[runlim] time:			1.38 seconds
[runlim] space:			44.8 MB
[runlim] samples:		8
[runlim] version:		1.10
[runlim] time limit:		311040000 seconds
[runlim] real time limit:	1200 seconds
[runlim] space limit:		15000 MB
[runlim] argv[0]:		python3
[runlim] argv[1]:		/raid/steuber/Software/ablector/ablector
[runlim] argv[2]:		/raid/steuber/Benchmarks/2019/QF_BV/sage/app2/bench_1058.smt2
[runlim] argv[3]:		--ufReuse=1
[runlim] start:			Sat May 16 14:32:03 2020
[runlim] main pid:		15470
[Ablector] INFO: ABLECTOR TIME: 0.003872
[runlim] end:			Sat May 16 14:32:03 2020
[runlim] status:		ok
[runlim] result:		0
[runlim] children:		0
[runlim] real:			0.60 seconds
[runlim] time:			0.95 seconds
[runlim] space:			37.6 MB
[runlim] samples:		4
[runlim] version:		1.10
[runlim] time limit:		311040000 seconds
[runlim] real time limit:	1200 seconds
[runlim] space limit:		15000 MB
[runlim] argv[0]:		python3
[runlim] argv[1]:		/raid/steuber/Software/ablector/ablector
[runlim] argv[2]:		/raid/steuber/Benchmarks/2019/QF_BV/sage/app7/bench_6662.smt2
[runlim] argv[3]:		--ufReuse=1
[runlim] start:			Sat May 16 14:32:03 2020
[runlim] main pid:		15490
[Ablector] INFO: *** ROUND 0
[MulNode] INFO: Level 0
[Ablector] INFO: ABLECTOR TIME: 0.028898
[Ablector] INFO: SAT TIME: 0.024371
[Ablector] INFO: REF TIME: 0.010447
[runlim] end:			Sat May 16 14:32:04 2020
[runlim] status:		ok
[runlim] result:		0
[runlim] children:		0
[runlim] real:			1.48 seconds
[runlim] time:			1.07 seconds
[runlim] space:			41.5 MB
[runlim] samples:		5
[runlim] version:		1.10
[runlim] time limit:		311040000 seconds
[runlim] real time limit:	1200 seconds
[runlim] space limit:		15000 MB
[runlim] argv[0]:		python3
[runlim] argv[1]:		/raid/steuber/Software/ablector/ablector
[runlim] argv[2]:		/raid/steuber/Benchmarks/2019/QF_BV/Sage2/bench_15375.smt2
[runlim] argv[3]:		--ufReuse=1
[runlim] start:			Sat May 16 14:32:04 2020
[runlim] main pid:		15510
[Ablector] INFO: ABLECTOR TIME: 0.003519
[runlim] end:			Sat May 16 14:32:05 2020
[runlim] status:		ok
[runlim] result:		0
[runlim] children:		0
[runlim] real:			1.25 seconds
[runlim] time:			0.96 seconds
[runlim] space:			37.8 MB
[runlim] samples:		4
[runlim] version:		1.10
[runlim] time limit:		311040000 seconds
[runlim] real time limit:	1200 seconds
[runlim] space limit:		15000 MB
[runlim] argv[0]:		python3
[runlim] argv[1]:		/raid/steuber/Software/ablector/ablector
[runlim] argv[2]:		/raid/steuber/Benchmarks/2019/QF_BV/sage/app11/bench_402.smt2
[runlim] argv[3]:		--ufReuse=1
[runlim] start:			Sat May 16 14:32:05 2020
[runlim] main pid:		15530
[Ablector] INFO: ABLECTOR TIME: 0.003560
[runlim] end:			Sat May 16 14:32:06 2020
[runlim] status:		ok
[runlim] result:		0
[runlim] children:		5
[runlim] real:			1.52 seconds
[runlim] time:			1.35 seconds
[runlim] space:			68.2 MB
[runlim] samples:		9
[runlim] version:		1.10
[runlim] time limit:		311040000 seconds
[runlim] real time limit:	1200 seconds
[runlim] space limit:		15000 MB
[runlim] argv[0]:		python3
[runlim] argv[1]:		/raid/steuber/Software/ablector/ablector
[runlim] argv[2]:		/raid/steuber/Benchmarks/2019/QF_BV/sage/app12/bench_2051.smt2
[runlim] argv[3]:		--ufReuse=1
[runlim] start:			Sat May 16 14:32:06 2020
[runlim] main pid:		15550
[Ablector] INFO: ABLECTOR TIME: 0.003545
[runlim] end:			Sat May 16 14:32:07 2020
[runlim] status:		ok
[runlim] result:		0
[runlim] children:		0
[runlim] real:			1.34 seconds
[runlim] time:			0.98 seconds
[runlim] space:			37.7 MB
[runlim] samples:		4
[runlim] version:		1.10
[runlim] time limit:		311040000 seconds
[runlim] real time limit:	1200 seconds
[runlim] space limit:		15000 MB
[runlim] argv[0]:		python3
[runlim] argv[1]:		/raid/steuber/Software/ablector/ablector
[runlim] argv[2]:		/raid/steuber/Benchmarks/2019/QF_BV/sage/app9/bench_622.smt2
[runlim] argv[3]:		--ufReuse=1
[runlim] start:			Sat May 16 14:32:07 2020
[runlim] main pid:		15570
[Ablector] INFO: ABLECTOR TIME: 0.003459
[runlim] end:			Sat May 16 14:32:08 2020
[runlim] status:		ok
[runlim] result:		0
[runlim] children:		0
[runlim] real:			1.16 seconds
[runlim] time:			0.98 seconds
[runlim] space:			37.7 MB
[runlim] samples:		4
[runlim] version:		1.10
[runlim] time limit:		311040000 seconds
[runlim] real time limit:	1200 seconds
[runlim] space limit:		15000 MB
[runlim] argv[0]:		python3
[runlim] argv[1]:		/raid/steuber/Software/ablector/ablector
[runlim] argv[2]:		/raid/steuber/Benchmarks/2019/QF_BV/Sage2/bench_5796.smt2
[runlim] argv[3]:		--ufReuse=1
[runlim] start:			Sat May 16 14:32:08 2020
[runlim] main pid:		15590
[Ablector] INFO: *** ROUND 0
[runlim] sample:		10.6 time, 10.5 real, 72.3 MB
[MulNode] INFO: Level 0
[MulNode] INFO: Level 0
[MulNode] INFO: Level 0
[MulNode] INFO: Level 0
[MulNode] INFO: Level 0
[MulNode] INFO: Level 0
[MulNode] INFO: Level 0
[MulNode] INFO: Level 0
[MulNode] INFO: Level 0
[MulNode] INFO: Level 0
[MulNode] INFO: Level 0
[MulNode] INFO: Level 0
[MulNode] INFO: Level 0
[MulNode] INFO: Level 0
[MulNode] INFO: Level 0
[MulNode] INFO: Level 0
[MulNode] INFO: Level 0
[MulNode] INFO: Level 0
[MulNode] INFO: Level 0
[MulNode] INFO: Level 0
[MulNode] INFO: Level 0
[MulNode] INFO: Level 0
[MulNode] INFO: Level 0
[MulNode] INFO: Level 0
[MulNode] INFO: Level 0
[MulNode] INFO: Level 0
[MulNode] INFO: Level 0
[MulNode] INFO: Level 0
[MulNode] INFO: Level 0
[MulNode] INFO: Level 0
[MulNode] INFO: Level 0
[MulNode] INFO: Level 0
[MulNode] INFO: Level 0
[MulNode] INFO: Level 0
[MulNode] INFO: Level 0
[MulNode] INFO: Level 0
[MulNode] INFO: Level 0
[MulNode] INFO: Level 0
[MulNode] INFO: Level 0
[MulNode] INFO: Level 0
[MulNode] INFO: Level 0
[MulNode] INFO: Level 0
[MulNode] INFO: Level 0
[Ablector] INFO: ABLECTOR TIME: 10.754435
[Ablector] INFO: SAT TIME: 10.742005
[Ablector] INFO: REF TIME: 0.423320
[runlim] end:			Sat May 16 14:32:19 2020
[runlim] status:		ok
[runlim] result:		0
[runlim] children:		0
[runlim] real:			11.86 seconds
[runlim] time:			11.86 seconds
[runlim] space:			84.1 MB
[runlim] samples:		113
[runlim] version:		1.10
[runlim] time limit:		311040000 seconds
[runlim] real time limit:	1200 seconds
[runlim] space limit:		15000 MB
[runlim] argv[0]:		python3
[runlim] argv[1]:		/raid/steuber/Software/ablector/ablector
[runlim] argv[2]:		/raid/steuber/Benchmarks/2019/QF_BV/sage/app7/bench_2847.smt2
[runlim] argv[3]:		--ufReuse=1
[runlim] start:			Sat May 16 14:32:20 2020
[runlim] main pid:		15613
[Ablector] INFO: ABLECTOR TIME: 0.003736
[runlim] end:			Sat May 16 14:32:22 2020
[runlim] status:		ok
[runlim] result:		0
[runlim] children:		18
[runlim] real:			2.44 seconds
[runlim] time:			2.65 seconds
[runlim] space:			97.9 MB
[runlim] samples:		22
[runlim] version:		1.10
[runlim] time limit:		311040000 seconds
[runlim] real time limit:	1200 seconds
[runlim] space limit:		15000 MB
[runlim] argv[0]:		python3
[runlim] argv[1]:		/raid/steuber/Software/ablector/ablector
[runlim] argv[2]:		/raid/steuber/Benchmarks/2019/QF_BV/sage/app7/bench_3903.smt2
[runlim] argv[3]:		--ufReuse=1
[runlim] start:			Sat May 16 14:32:22 2020
[runlim] main pid:		15633
[Ablector] INFO: ABLECTOR TIME: 0.003829
[runlim] end:			Sat May 16 14:32:24 2020
[runlim] status:		ok
[runlim] result:		0
[runlim] children:		15
[runlim] real:			2.71 seconds
[runlim] time:			2.35 seconds
[runlim] space:			88.3 MB
[runlim] samples:		19
[runlim] version:		1.10
[runlim] time limit:		311040000 seconds
[runlim] real time limit:	1200 seconds
[runlim] space limit:		15000 MB
[runlim] argv[0]:		python3
[runlim] argv[1]:		/raid/steuber/Software/ablector/ablector
[runlim] argv[2]:		/raid/steuber/Benchmarks/2019/QF_BV/Sage2/bench_7795.smt2
[runlim] argv[3]:		--ufReuse=1
[runlim] start:			Sat May 16 14:32:25 2020
[runlim] main pid:		15653
[Ablector] INFO: *** ROUND 0
[MulNode] INFO: Level 0
[MulNode] INFO: Level 0
[MulNode] INFO: Level 0
[MulNode] INFO: Level 0
[MulNode] INFO: Level 0
[MulNode] INFO: Level 0
[MulNode] INFO: Level 0
[MulNode] INFO: Level 0
[MulNode] INFO: Level 0
[MulNode] INFO: Level 0
[MulNode] INFO: Level 0
[MulNode] INFO: Level 0
[MulNode] INFO: Level 0
[MulNode] INFO: Level 0
[MulNode] INFO: Level 0
[MulNode] INFO: Level 0
[MulNode] INFO: Level 0
[MulNode] INFO: Level 0
[MulNode] INFO: Level 0
[MulNode] INFO: Level 0
[MulNode] INFO: Level 0
[MulNode] INFO: Level 0
[MulNode] INFO: Level 0
[MulNode] INFO: Level 0
[MulNode] INFO: Level 0
[MulNode] INFO: Level 0
[MulNode] INFO: Level 0
[MulNode] INFO: Level 0
[MulNode] INFO: Level 0
[MulNode] INFO: Level 0
[MulNode] INFO: Level 0
[MulNode] INFO: Level 0
[MulNode] INFO: Level 0
[MulNode] INFO: Level 0
[MulNode] INFO: Level 0
[MulNode] INFO: Level 0
[MulNode] INFO: Level 0
[MulNode] INFO: Level 0
[MulNode] INFO: Level 0
[MulNode] INFO: Level 0
[MulNode] INFO: Level 0
[MulNode] INFO: Level 0
[MulNode] INFO: Level 0
[MulNode] INFO: Level 0
[MulNode] INFO: Level 0
[MulNode] INFO: Level 0
[MulNode] INFO: Level 0
[MulNode] INFO: Level 0
[MulNode] INFO: Level 0
[MulNode] INFO: Level 0
[MulNode] INFO: Level 0
[MulNode] INFO: Level 0
[MulNode] INFO: Level 0
[MulNode] INFO: Level 0
[MulNode] INFO: Level 0
[MulNode] INFO: Level 0
[MulNode] INFO: Level 0
[MulNode] INFO: Level 0
[MulNode] INFO: Level 0
[MulNode] INFO: Level 0
[MulNode] INFO: Level 0
[MulNode] INFO: Level 0
[MulNode] INFO: Level 0
[MulNode] INFO: Level 0
[MulNode] INFO: Level 0
[MulNode] INFO: Level 0
[MulNode] INFO: Level 0
[MulNode] INFO: Level 0
[MulNode] INFO: Level 0
[MulNode] INFO: Level 0
[MulNode] INFO: Level 0
[MulNode] INFO: Level 0
[MulNode] INFO: Level 0
[MulNode] INFO: Level 0
[MulNode] INFO: Level 0
[MulNode] INFO: Level 0
[MulNode] INFO: Level 0
[MulNode] INFO: Level 0
[MulNode] INFO: Level 0
[MulNode] INFO: Level 0
[MulNode] INFO: Level 0
[MulNode] INFO: Level 0
[MulNode] INFO: Level 0
[MulNode] INFO: Level 0
[MulNode] INFO: Level 0
[MulNode] INFO: Level 0
[MulNode] INFO: Level 0
[MulNode] INFO: Level 0
[MulNode] INFO: Level 0
[MulNode] INFO: Level 0
[MulNode] INFO: Level 0
[MulNode] INFO: Level 0
[MulNode] INFO: Level 0
[MulNode] INFO: Level 0
[MulNode] INFO: Level 0
[MulNode] INFO: Level 0
[MulNode] INFO: Level 0
[MulNode] INFO: Level 0
[MulNode] INFO: Level 0
[MulNode] INFO: Level 0
[MulNode] INFO: Level 0
[MulNode] INFO: Level 0
[MulNode] INFO: Level 0
[MulNode] INFO: Level 0
[MulNode] INFO: Level 0
[MulNode] INFO: Level 0
[MulNode] INFO: Level 0
[MulNode] INFO: Level 0
[MulNode] INFO: Level 0
[MulNode] INFO: Level 0
[MulNode] INFO: Level 0
[MulNode] INFO: Level 0
[MulNode] INFO: Level 0
[MulNode] INFO: Level 0
[MulNode] INFO: Level 0
[MulNode] INFO: Level 0
[MulNode] INFO: Level 0
[MulNode] INFO: Level 0
[MulNode] INFO: Level 0
[MulNode] INFO: Level 0
[MulNode] INFO: Level 0
[MulNode] INFO: Level 0
[MulNode] INFO: Level 0
[MulNode] INFO: Level 0
[MulNode] INFO: Level 0
[MulNode] INFO: Level 0
[MulNode] INFO: Level 0
[MulNode] INFO: Level 0
[MulNode] INFO: Level 0
[MulNode] INFO: Level 0
[MulNode] INFO: Level 0
[MulNode] INFO: Level 0
[MulNode] INFO: Level 0
[MulNode] INFO: Level 0
[MulNode] INFO: Level 0
[MulNode] INFO: Level 0
[MulNode] INFO: Level 0
[MulNode] INFO: Level 0
[MulNode] INFO: Level 0
[Ablector] INFO: ABLECTOR TIME: 4.311344
[Ablector] INFO: SAT TIME: 4.267926
[Ablector] INFO: REF TIME: 1.172463
[runlim] end:			Sat May 16 14:32:33 2020
[runlim] status:		ok
[runlim] result:		0
[runlim] children:		3
[runlim] real:			8.13 seconds
[runlim] time:			8.35 seconds
[runlim] space:			445.8 MB
[runlim] samples:		80
[runlim] version:		1.10
[runlim] time limit:		311040000 seconds
[runlim] real time limit:	1200 seconds
[runlim] space limit:		15000 MB
[runlim] argv[0]:		python3
[runlim] argv[1]:		/raid/steuber/Software/ablector/ablector
[runlim] argv[2]:		/raid/steuber/Benchmarks/2019/QF_BV/sage/app7/bench_704.smt2
[runlim] argv[3]:		--ufReuse=1
[runlim] start:			Sat May 16 14:32:33 2020
[runlim] main pid:		15677
[Ablector] INFO: ABLECTOR TIME: 0.003666
[runlim] end:			Sat May 16 14:32:35 2020
[runlim] status:		ok
[runlim] result:		0
[runlim] children:		13
[runlim] real:			2.31 seconds
[runlim] time:			2.19 seconds
[runlim] space:			79.5 MB
[runlim] samples:		17
[runlim] version:		1.10
[runlim] time limit:		311040000 seconds
[runlim] real time limit:	1200 seconds
[runlim] space limit:		15000 MB
[runlim] argv[0]:		python3
[runlim] argv[1]:		/raid/steuber/Software/ablector/ablector
[runlim] argv[2]:		/raid/steuber/Benchmarks/2019/QF_BV/Sage2/bench_6158.smt2
[runlim] argv[3]:		--ufReuse=1
[runlim] start:			Sat May 16 14:32:35 2020
[runlim] main pid:		15698
[Ablector] INFO: *** ROUND 0
[runlim] sample:		10.6 time, 10.7 real, 56.5 MB
[runlim] sample:		20.6 time, 20.7 real, 65.3 MB
[runlim] sample:		30.6 time, 30.7 real, 66.3 MB
[runlim] sample:		40.6 time, 40.7 real, 70.2 MB
[runlim] sample:		50.6 time, 50.7 real, 75.8 MB
[runlim] sample:		60.6 time, 60.7 real, 78.4 MB
[runlim] sample:		70.6 time, 70.7 real, 78.4 MB
[runlim] sample:		80.6 time, 80.7 real, 78.4 MB
[runlim] sample:		90.6 time, 90.7 real, 78.4 MB
[runlim] sample:		100.6 time, 100.7 real, 72.5 MB
[runlim] sample:		110.6 time, 110.7 real, 73.5 MB
[runlim] sample:		120.5 time, 120.7 real, 74.2 MB
[runlim] sample:		130.6 time, 130.7 real, 79.0 MB
[runlim] sample:		140.6 time, 140.7 real, 81.1 MB
[runlim] sample:		150.6 time, 150.7 real, 81.4 MB
[runlim] sample:		160.6 time, 160.7 real, 81.8 MB
[runlim] sample:		170.6 time, 170.7 real, 82.3 MB
[runlim] sample:		180.6 time, 180.7 real, 83.7 MB
[runlim] sample:		190.6 time, 190.7 real, 84.0 MB
[runlim] sample:		200.6 time, 200.7 real, 84.0 MB
[runlim] sample:		210.6 time, 210.7 real, 84.9 MB
[runlim] sample:		220.6 time, 220.7 real, 84.9 MB
[runlim] sample:		230.6 time, 230.7 real, 92.4 MB
[runlim] sample:		240.6 time, 240.7 real, 93.3 MB
[runlim] sample:		250.6 time, 250.7 real, 87.8 MB
[runlim] sample:		260.6 time, 260.7 real, 94.0 MB
[runlim] sample:		270.6 time, 270.7 real, 94.0 MB
[MulNode] INFO: Level 0
[MulNode] INFO: Level 0
[MulNode] INFO: Level 0
[MulNode] INFO: Level 0
[MulNode] INFO: Level 0
[MulNode] INFO: Level 0
[MulNode] INFO: Level 0
[MulNode] INFO: Level 0
[MulNode] INFO: Level 0
[MulNode] INFO: Level 0
[MulNode] INFO: Level 0
[MulNode] INFO: Level 0
[MulNode] INFO: Level 0
[MulNode] INFO: Level 0
[MulNode] INFO: Level 0
[MulNode] INFO: Level 0
[MulNode] INFO: Level 0
[Ablector] INFO: ABLECTOR TIME: 278.770878
[Ablector] INFO: SAT TIME: 278.763657
[Ablector] INFO: REF TIME: 0.163891
[runlim] end:			Sat May 16 14:37:14 2020
[runlim] status:		ok
[runlim] result:		0
[runlim] children:		0
[runlim] real:			279.99 seconds
[runlim] time:			279.85 seconds
[runlim] space:			94.0 MB
[runlim] samples:		2793
[runlim] version:		1.10
[runlim] time limit:		311040000 seconds
[runlim] real time limit:	1200 seconds
[runlim] space limit:		15000 MB
[runlim] argv[0]:		python3
[runlim] argv[1]:		/raid/steuber/Software/ablector/ablector
[runlim] argv[2]:		/raid/steuber/Benchmarks/2019/QF_BV/sage/app11/bench_364.smt2
[runlim] argv[3]:		--ufReuse=1
[runlim] start:			Sat May 16 14:37:15 2020
[runlim] main pid:		15767
[Ablector] INFO: ABLECTOR TIME: 0.003734
[runlim] end:			Sat May 16 14:37:16 2020
[runlim] status:		ok
[runlim] result:		0
[runlim] children:		5
[runlim] real:			1.68 seconds
[runlim] time:			1.43 seconds
[runlim] space:			67.8 MB
[runlim] samples:		11
[runlim] version:		1.10
[runlim] time limit:		311040000 seconds
[runlim] real time limit:	1200 seconds
[runlim] space limit:		15000 MB
[runlim] argv[0]:		python3
[runlim] argv[1]:		/raid/steuber/Software/ablector/ablector
[runlim] argv[2]:		/raid/steuber/Benchmarks/2019/QF_BV/sage/app7/bench_5559.smt2
[runlim] argv[3]:		--ufReuse=1
[runlim] start:			Sat May 16 14:37:17 2020
[runlim] main pid:		15787
[Ablector] INFO: ABLECTOR TIME: 0.003849
[runlim] end:			Sat May 16 14:37:18 2020
[runlim] status:		ok
[runlim] result:		0
[runlim] children:		14
[runlim] real:			1.90 seconds
[runlim] time:			2.23 seconds
[runlim] space:			85.7 MB
[runlim] samples:		18
[runlim] version:		1.10
[runlim] time limit:		311040000 seconds
[runlim] real time limit:	1200 seconds
[runlim] space limit:		15000 MB
[runlim] argv[0]:		python3
[runlim] argv[1]:		/raid/steuber/Software/ablector/ablector
[runlim] argv[2]:		/raid/steuber/Benchmarks/2019/QF_BV/sage/app7/bench_139.smt2
[runlim] argv[3]:		--ufReuse=1
[runlim] start:			Sat May 16 14:37:19 2020
[runlim] main pid:		15807
[Ablector] INFO: ABLECTOR TIME: 0.003889
[runlim] end:			Sat May 16 14:37:21 2020
[runlim] status:		ok
[runlim] result:		0
[runlim] children:		15
[runlim] real:			2.15 seconds
[runlim] time:			2.34 seconds
[runlim] space:			83.4 MB
[runlim] samples:		18
[runlim] version:		1.10
[runlim] time limit:		311040000 seconds
[runlim] real time limit:	1200 seconds
[runlim] space limit:		15000 MB
[runlim] argv[0]:		python3
[runlim] argv[1]:		/raid/steuber/Software/ablector/ablector
[runlim] argv[2]:		/raid/steuber/Benchmarks/2019/QF_BV/sage/app7/bench_8536.smt2
[runlim] argv[3]:		--ufReuse=1
[runlim] start:			Sat May 16 14:37:21 2020
[runlim] main pid:		15827
[Ablector] INFO: ABLECTOR TIME: 0.003761
[runlim] end:			Sat May 16 14:37:23 2020
[runlim] status:		ok
[runlim] result:		0
[runlim] children:		13
[runlim] real:			2.32 seconds
[runlim] time:			2.25 seconds
[runlim] space:			83.8 MB
[runlim] samples:		18
[runlim] version:		1.10
[runlim] time limit:		311040000 seconds
[runlim] real time limit:	1200 seconds
[runlim] space limit:		15000 MB
[runlim] argv[0]:		python3
[runlim] argv[1]:		/raid/steuber/Software/ablector/ablector
[runlim] argv[2]:		/raid/steuber/Benchmarks/2019/QF_BV/sage/app11/bench_144.smt2
[runlim] argv[3]:		--ufReuse=1
[runlim] start:			Sat May 16 14:37:23 2020
[runlim] main pid:		15847
[Ablector] INFO: ABLECTOR TIME: 0.004310
[runlim] end:			Sat May 16 14:37:24 2020
[runlim] status:		ok
[runlim] result:		0
[runlim] children:		5
[runlim] real:			1.60 seconds
[runlim] time:			1.34 seconds
[runlim] space:			67.9 MB
[runlim] samples:		9
[runlim] version:		1.10
[runlim] time limit:		311040000 seconds
[runlim] real time limit:	1200 seconds
[runlim] space limit:		15000 MB
[runlim] argv[0]:		python3
[runlim] argv[1]:		/raid/steuber/Software/ablector/ablector
[runlim] argv[2]:		/raid/steuber/Benchmarks/2019/QF_BV/sage/app7/bench_991.smt2
[runlim] argv[3]:		--ufReuse=1
[runlim] start:			Sat May 16 14:37:24 2020
[runlim] main pid:		15867
[Ablector] INFO: ABLECTOR TIME: 0.003790
[runlim] end:			Sat May 16 14:37:27 2020
[runlim] status:		ok
[runlim] result:		0
[runlim] children:		18
[runlim] real:			3.24 seconds
[runlim] time:			2.76 seconds
[runlim] space:			98.1 MB
[runlim] samples:		22
[runlim] version:		1.10
[runlim] time limit:		311040000 seconds
[runlim] real time limit:	1200 seconds
[runlim] space limit:		15000 MB
[runlim] argv[0]:		python3
[runlim] argv[1]:		/raid/steuber/Software/ablector/ablector
[runlim] argv[2]:		/raid/steuber/Benchmarks/2019/QF_BV/Sage2/bench_8937.smt2
[runlim] argv[3]:		--ufReuse=1
[runlim] start:			Sat May 16 14:37:27 2020
[runlim] main pid:		15889
[Ablector] INFO: *** ROUND 0
[MulNode] INFO: Level 0
[Ablector] INFO: ABLECTOR TIME: 0.585804
[Ablector] INFO: SAT TIME: 0.580818
[Ablector] INFO: REF TIME: 0.010818
[runlim] end:			Sat May 16 14:37:28 2020
[runlim] status:		ok
[runlim] result:		0
[runlim] children:		0
[runlim] real:			1.76 seconds
[runlim] time:			1.65 seconds
[runlim] space:			48.2 MB
[runlim] samples:		11
[runlim] version:		1.10
[runlim] time limit:		311040000 seconds
[runlim] real time limit:	1200 seconds
[runlim] space limit:		15000 MB
[runlim] argv[0]:		python3
[runlim] argv[1]:		/raid/steuber/Software/ablector/ablector
[runlim] argv[2]:		/raid/steuber/Benchmarks/2019/QF_BV/sage/app11/bench_304.smt2
[runlim] argv[3]:		--ufReuse=1
[runlim] start:			Sat May 16 14:37:29 2020
[runlim] main pid:		15909
[Ablector] INFO: ABLECTOR TIME: 0.003851
[runlim] end:			Sat May 16 14:37:30 2020
[runlim] status:		ok
[runlim] result:		0
[runlim] children:		5
[runlim] real:			1.05 seconds
[runlim] time:			1.35 seconds
[runlim] space:			67.6 MB
[runlim] samples:		9
[runlim] version:		1.10
[runlim] time limit:		311040000 seconds
[runlim] real time limit:	1200 seconds
[runlim] space limit:		15000 MB
[runlim] argv[0]:		python3
[runlim] argv[1]:		/raid/steuber/Software/ablector/ablector
[runlim] argv[2]:		/raid/steuber/Benchmarks/2019/QF_BV/Sage2/bench_12916.smt2
[runlim] argv[3]:		--ufReuse=1
[runlim] start:			Sat May 16 14:37:30 2020
[runlim] main pid:		15929
[Ablector] INFO: *** ROUND 0
[MulNode] INFO: Level 0
[MulNode] INFO: Level 0
[MulNode] INFO: Level 0
[MulNode] INFO: Level 0
[MulNode] INFO: Level 0
[MulNode] INFO: Level 0
[MulNode] INFO: Level 0
[MulNode] INFO: Level 0
[MulNode] INFO: Level 0
[MulNode] INFO: Level 0
[MulNode] INFO: Level 0
[MulNode] INFO: Level 0
[MulNode] INFO: Level 0
[MulNode] INFO: Level 0
[MulNode] INFO: Level 0
[MulNode] INFO: Level 0
[MulNode] INFO: Level 0
[MulNode] INFO: Level 0
[MulNode] INFO: Level 0
[MulNode] INFO: Level 0
[MulNode] INFO: Level 0
[MulNode] INFO: Level 0
[MulNode] INFO: Level 0
[MulNode] INFO: Level 0
[MulNode] INFO: Level 0
[MulNode] INFO: Level 0
[MulNode] INFO: Level 0
[MulNode] INFO: Level 0
[MulNode] INFO: Level 0
[MulNode] INFO: Level 0
[MulNode] INFO: Level 0
[MulNode] INFO: Level 0
[MulNode] INFO: Level 0
[MulNode] INFO: Level 0
[MulNode] INFO: Level 0
[MulNode] INFO: Level 0
[MulNode] INFO: Level 0
[MulNode] INFO: Level 0
[MulNode] INFO: Level 0
[MulNode] INFO: Level 0
[MulNode] INFO: Level 0
[MulNode] INFO: Level 0
[MulNode] INFO: Level 0
[MulNode] INFO: Level 0
[Ablector] INFO: ABLECTOR TIME: 1.529638
[Ablector] INFO: SAT TIME: 1.516724
[Ablector] INFO: REF TIME: 0.405552
[runlim] end:			Sat May 16 14:37:32 2020
[runlim] status:		ok
[runlim] result:		0
[runlim] children:		0
[runlim] real:			2.60 seconds
[runlim] time:			2.65 seconds
[runlim] space:			75.9 MB
[runlim] samples:		21
[runlim] version:		1.10
[runlim] time limit:		311040000 seconds
[runlim] real time limit:	1200 seconds
[runlim] space limit:		15000 MB
[runlim] argv[0]:		python3
[runlim] argv[1]:		/raid/steuber/Software/ablector/ablector
[runlim] argv[2]:		/raid/steuber/Benchmarks/2019/QF_BV/sage/app8/bench_141.smt2
[runlim] argv[3]:		--ufReuse=1
[runlim] start:			Sat May 16 14:37:32 2020
[runlim] main pid:		15949
[Ablector] INFO: ABLECTOR TIME: 0.003786
[runlim] end:			Sat May 16 14:37:33 2020
[runlim] status:		ok
[runlim] result:		0
[runlim] children:		0
[runlim] real:			1.41 seconds
[runlim] time:			0.94 seconds
[runlim] space:			37.5 MB
[runlim] samples:		4
[runlim] version:		1.10
[runlim] time limit:		311040000 seconds
[runlim] real time limit:	1200 seconds
[runlim] space limit:		15000 MB
[runlim] argv[0]:		python3
[runlim] argv[1]:		/raid/steuber/Software/ablector/ablector
[runlim] argv[2]:		/raid/steuber/Benchmarks/2019/QF_BV/sage/app8/bench_3340.smt2
[runlim] argv[3]:		--ufReuse=1
[runlim] start:			Sat May 16 14:37:33 2020
[runlim] main pid:		15969
[Ablector] INFO: ABLECTOR TIME: 0.003763
[runlim] end:			Sat May 16 14:37:34 2020
[runlim] status:		ok
[runlim] result:		0
[runlim] children:		0
[runlim] real:			1.21 seconds
[runlim] time:			0.95 seconds
[runlim] space:			37.7 MB
[runlim] samples:		4
[runlim] version:		1.10
[runlim] time limit:		311040000 seconds
[runlim] real time limit:	1200 seconds
[runlim] space limit:		15000 MB
[runlim] argv[0]:		python3
[runlim] argv[1]:		/raid/steuber/Software/ablector/ablector
[runlim] argv[2]:		/raid/steuber/Benchmarks/2019/QF_BV/Sage2/bench_12183.smt2
[runlim] argv[3]:		--ufReuse=1
[runlim] start:			Sat May 16 14:37:34 2020
[runlim] main pid:		15989
[Ablector] INFO: *** ROUND 0
[runlim] sample:		10.3 time, 10.6 real, 183.8 MB
[runlim] sample:		20.3 time, 20.6 real, 175.7 MB
[MulNode] INFO: Level 0
[MulNode] INFO: Level 0
[MulNode] INFO: Level 0
[MulNode] INFO: Level 0
[MulNode] INFO: Level 0
[MulNode] INFO: Level 0
[MulNode] INFO: Level 0
[MulNode] INFO: Level 0
[MulNode] INFO: Level 0
[MulNode] INFO: Level 0
[MulNode] INFO: Level 0
[MulNode] INFO: Level 0
[MulNode] INFO: Level 0
[MulNode] INFO: Level 0
[MulNode] INFO: Level 0
[MulNode] INFO: Level 0
[MulNode] INFO: Level 0
[MulNode] INFO: Level 0
[MulNode] INFO: Level 0
[MulNode] INFO: Level 0
[MulNode] INFO: Level 0
[MulNode] INFO: Level 0
[MulNode] INFO: Level 0
[MulNode] INFO: Level 0
[MulNode] INFO: Level 0
[MulNode] INFO: Level 0
[MulNode] INFO: Level 0
[MulNode] INFO: Level 0
[MulNode] INFO: Level 0
[MulNode] INFO: Level 0
[MulNode] INFO: Level 0
[MulNode] INFO: Level 0
[MulNode] INFO: Level 0
[MulNode] INFO: Level 0
[MulNode] INFO: Level 0
[MulNode] INFO: Level 0
[MulNode] INFO: Level 0
[MulNode] INFO: Level 0
[MulNode] INFO: Level 0
[MulNode] INFO: Level 0
[MulNode] INFO: Level 0
[MulNode] INFO: Level 0
[MulNode] INFO: Level 0
[MulNode] INFO: Level 0
[MulNode] INFO: Level 0
[MulNode] INFO: Level 0
[MulNode] INFO: Level 0
[MulNode] INFO: Level 0
[MulNode] INFO: Level 0
[MulNode] INFO: Level 0
[MulNode] INFO: Level 0
[MulNode] INFO: Level 0
[MulNode] INFO: Level 0
[MulNode] INFO: Level 0
[MulNode] INFO: Level 0
[MulNode] INFO: Level 0
[MulNode] INFO: Level 0
[MulNode] INFO: Level 0
[MulNode] INFO: Level 0
[MulNode] INFO: Level 0
[MulNode] INFO: Level 0
[MulNode] INFO: Level 0
[MulNode] INFO: Level 0
[MulNode] INFO: Level 0
[MulNode] INFO: Level 0
[MulNode] INFO: Level 0
[MulNode] INFO: Level 0
[MulNode] INFO: Level 0
[MulNode] INFO: Level 0
[MulNode] INFO: Level 0
[MulNode] INFO: Level 0
[MulNode] INFO: Level 0
[MulNode] INFO: Level 0
[MulNode] INFO: Level 0
[MulNode] INFO: Level 0
[MulNode] INFO: Level 0
[MulNode] INFO: Level 0
[MulNode] INFO: Level 0
[MulNode] INFO: Level 0
[MulNode] INFO: Level 0
[MulNode] INFO: Level 0
[MulNode] INFO: Level 0
[MulNode] INFO: Level 0
[MulNode] INFO: Level 0
[MulNode] INFO: Level 0
[MulNode] INFO: Level 0
[MulNode] INFO: Level 0
[MulNode] INFO: Level 0
[MulNode] INFO: Level 0
[MulNode] INFO: Level 0
[MulNode] INFO: Level 0
[MulNode] INFO: Level 0
[MulNode] INFO: Level 0
[MulNode] INFO: Level 0
[MulNode] INFO: Level 0
[MulNode] INFO: Level 0
[MulNode] INFO: Level 0
[MulNode] INFO: Level 0
[MulNode] INFO: Level 0
[MulNode] INFO: Level 0
[MulNode] INFO: Level 0
[MulNode] INFO: Level 0
[MulNode] INFO: Level 0
[MulNode] INFO: Level 0
[MulNode] INFO: Level 0
[MulNode] INFO: Level 0
[MulNode] INFO: Level 0
[MulNode] INFO: Level 0
[MulNode] INFO: Level 0
[MulNode] INFO: Level 0
[MulNode] INFO: Level 0
[MulNode] INFO: Level 0
[MulNode] INFO: Level 0
[MulNode] INFO: Level 0
[MulNode] INFO: Level 0
[MulNode] INFO: Level 0
[MulNode] INFO: Level 0
[MulNode] INFO: Level 0
[MulNode] INFO: Level 0
[MulNode] INFO: Level 0
[MulNode] INFO: Level 0
[MulNode] INFO: Level 0
[MulNode] INFO: Level 0
[MulNode] INFO: Level 0
[MulNode] INFO: Level 0
[MulNode] INFO: Level 0
[MulNode] INFO: Level 0
[MulNode] INFO: Level 0
[MulNode] INFO: Level 0
[MulNode] INFO: Level 0
[MulNode] INFO: Level 0
[MulNode] INFO: Level 0
[MulNode] INFO: Level 0
[MulNode] INFO: Level 0
[MulNode] INFO: Level 0
[MulNode] INFO: Level 0
[MulNode] INFO: Level 0
[MulNode] INFO: Level 0
[MulNode] INFO: Level 0
[MulNode] INFO: Level 0
[MulNode] INFO: Level 0
[MulNode] INFO: Level 0
[MulNode] INFO: Level 0
[MulNode] INFO: Level 0
[MulNode] INFO: Level 0
[MulNode] INFO: Level 0
[MulNode] INFO: Level 0
[MulNode] INFO: Level 0
[MulNode] INFO: Level 0
[MulNode] INFO: Level 0
[MulNode] INFO: Level 0
[MulNode] INFO: Level 0
[MulNode] INFO: Level 0
[MulNode] INFO: Level 0
[MulNode] INFO: Level 0
[MulNode] INFO: Level 0
[MulNode] INFO: Level 0
[MulNode] INFO: Level 0
[MulNode] INFO: Level 0
[MulNode] INFO: Level 0
[MulNode] INFO: Level 0
[MulNode] INFO: Level 0
[MulNode] INFO: Level 0
[Ablector] INFO: ABLECTOR TIME: 24.322562
[Ablector] INFO: SAT TIME: 24.289053
[Ablector] INFO: REF TIME: 1.595863
[runlim] end:			Sat May 16 14:38:02 2020
[runlim] status:		ok
[runlim] result:		0
[runlim] children:		3
[runlim] real:			28.86 seconds
[runlim] time:			28.47 seconds
[runlim] space:			203.3 MB
[runlim] samples:		282
[runlim] version:		1.10
[runlim] time limit:		311040000 seconds
[runlim] real time limit:	1200 seconds
[runlim] space limit:		15000 MB
[runlim] argv[0]:		python3
[runlim] argv[1]:		/raid/steuber/Software/ablector/ablector
[runlim] argv[2]:		/raid/steuber/Benchmarks/2019/QF_BV/sage/app1/bench_375.smt2
[runlim] argv[3]:		--ufReuse=1
[runlim] start:			Sat May 16 14:38:03 2020
[runlim] main pid:		16014
[Ablector] INFO: ABLECTOR TIME: 0.003714
[runlim] end:			Sat May 16 14:38:03 2020
[runlim] status:		ok
[runlim] result:		0
[runlim] children:		0
[runlim] real:			0.64 seconds
[runlim] time:			0.97 seconds
[runlim] space:			37.9 MB
[runlim] samples:		4
[runlim] version:		1.10
[runlim] time limit:		311040000 seconds
[runlim] real time limit:	1200 seconds
[runlim] space limit:		15000 MB
[runlim] argv[0]:		python3
[runlim] argv[1]:		/raid/steuber/Software/ablector/ablector
[runlim] argv[2]:		/raid/steuber/Benchmarks/2019/QF_BV/sage/app7/bench_2834.smt2
[runlim] argv[3]:		--ufReuse=1
[runlim] start:			Sat May 16 14:38:03 2020
[runlim] main pid:		16034
[Ablector] INFO: ABLECTOR TIME: 0.004028
[runlim] end:			Sat May 16 14:38:04 2020
[runlim] status:		ok
[runlim] result:		0
[runlim] children:		2
[runlim] real:			1.72 seconds
[runlim] time:			1.08 seconds
[runlim] space:			47.4 MB
[runlim] samples:		7
[runlim] version:		1.10
[runlim] time limit:		311040000 seconds
[runlim] real time limit:	1200 seconds
[runlim] space limit:		15000 MB
[runlim] argv[0]:		python3
[runlim] argv[1]:		/raid/steuber/Software/ablector/ablector
[runlim] argv[2]:		/raid/steuber/Benchmarks/2019/QF_BV/Sage2/bench_17561.smt2
[runlim] argv[3]:		--ufReuse=1
[runlim] start:			Sat May 16 14:38:05 2020
[runlim] main pid:		16054
[Ablector] INFO: *** ROUND 0
[MulNode] INFO: Level 0
[Ablector] INFO: ABLECTOR TIME: 1.890491
[Ablector] INFO: SAT TIME: 1.884129
[Ablector] INFO: REF TIME: 0.010789
[runlim] end:			Sat May 16 14:38:07 2020
[runlim] status:		ok
[runlim] result:		0
[runlim] children:		0
[runlim] real:			2.73 seconds
[runlim] time:			3.14 seconds
[runlim] space:			67.1 MB
[runlim] samples:		26
[runlim] version:		1.10
[runlim] time limit:		311040000 seconds
[runlim] real time limit:	1200 seconds
[runlim] space limit:		15000 MB
[runlim] argv[0]:		python3
[runlim] argv[1]:		/raid/steuber/Software/ablector/ablector
[runlim] argv[2]:		/raid/steuber/Benchmarks/2019/QF_BV/sage/app7/bench_3390.smt2
[runlim] argv[3]:		--ufReuse=1
[runlim] start:			Sat May 16 14:38:08 2020
[runlim] main pid:		16074
[Ablector] INFO: ABLECTOR TIME: 0.003927
[runlim] end:			Sat May 16 14:38:08 2020
[runlim] status:		ok
[runlim] result:		0
[runlim] children:		2
[runlim] real:			0.73 seconds
[runlim] time:			1.02 seconds
[runlim] space:			46.2 MB
[runlim] samples:		6
[runlim] version:		1.10
[runlim] time limit:		311040000 seconds
[runlim] real time limit:	1200 seconds
[runlim] space limit:		15000 MB
[runlim] argv[0]:		python3
[runlim] argv[1]:		/raid/steuber/Software/ablector/ablector
[runlim] argv[2]:		/raid/steuber/Benchmarks/2019/QF_BV/sage/app2/bench_1053.smt2
[runlim] argv[3]:		--ufReuse=1
[runlim] start:			Sat May 16 14:38:09 2020
[runlim] main pid:		16094
[Ablector] INFO: ABLECTOR TIME: 0.003739
[runlim] end:			Sat May 16 14:38:09 2020
[runlim] status:		ok
[runlim] result:		0
[runlim] children:		0
[runlim] real:			0.54 seconds
[runlim] time:			0.95 seconds
[runlim] space:			37.7 MB
[runlim] samples:		4
[runlim] version:		1.10
[runlim] time limit:		311040000 seconds
[runlim] real time limit:	1200 seconds
[runlim] space limit:		15000 MB
[runlim] argv[0]:		python3
[runlim] argv[1]:		/raid/steuber/Software/ablector/ablector
[runlim] argv[2]:		/raid/steuber/Benchmarks/2019/QF_BV/sage/app1/bench_376.smt2
[runlim] argv[3]:		--ufReuse=1
[runlim] start:			Sat May 16 14:38:09 2020
[runlim] main pid:		16114
[Ablector] INFO: *** ROUND 0
[MulNode] INFO: Level 0
[MulNode] INFO: Level 0
[MulNode] INFO: Level 0
[MulNode] INFO: Level 0
[MulNode] INFO: Level 0
[Ablector] INFO: ABLECTOR TIME: 0.273408
[Ablector] INFO: SAT TIME: 0.267599
[Ablector] INFO: REF TIME: 0.049432
[runlim] end:			Sat May 16 14:38:10 2020
[runlim] status:		ok
[runlim] result:		0
[runlim] children:		0
[runlim] real:			1.84 seconds
[runlim] time:			1.45 seconds
[runlim] space:			51.9 MB
[runlim] samples:		9
[runlim] version:		1.10
[runlim] time limit:		311040000 seconds
[runlim] real time limit:	1200 seconds
[runlim] space limit:		15000 MB
[runlim] argv[0]:		python3
[runlim] argv[1]:		/raid/steuber/Software/ablector/ablector
[runlim] argv[2]:		/raid/steuber/Benchmarks/2019/QF_BV/Sage2/bench_10255.smt2
[runlim] argv[3]:		--ufReuse=1
[runlim] start:			Sat May 16 14:38:11 2020
[runlim] main pid:		16134
[Ablector] INFO: *** ROUND 0
[runlim] sample:		10.1 time, 10.2 real, 216.4 MB
[runlim] sample:		20.1 time, 20.2 real, 193.3 MB
[MulNode] INFO: Level 0
[MulNode] INFO: Level 0
[MulNode] INFO: Level 0
[MulNode] INFO: Level 0
[MulNode] INFO: Level 0
[MulNode] INFO: Level 0
[MulNode] INFO: Level 0
[MulNode] INFO: Level 0
[MulNode] INFO: Level 0
[MulNode] INFO: Level 0
[MulNode] INFO: Level 0
[MulNode] INFO: Level 0
[MulNode] INFO: Level 0
[MulNode] INFO: Level 0
[MulNode] INFO: Level 0
[MulNode] INFO: Level 0
[MulNode] INFO: Level 0
[MulNode] INFO: Level 0
[MulNode] INFO: Level 0
[MulNode] INFO: Level 0
[MulNode] INFO: Level 0
[MulNode] INFO: Level 0
[MulNode] INFO: Level 0
[MulNode] INFO: Level 0
[MulNode] INFO: Level 0
[MulNode] INFO: Level 0
[MulNode] INFO: Level 0
[MulNode] INFO: Level 0
[MulNode] INFO: Level 0
[MulNode] INFO: Level 0
[MulNode] INFO: Level 0
[MulNode] INFO: Level 0
[MulNode] INFO: Level 0
[MulNode] INFO: Level 0
[MulNode] INFO: Level 0
[MulNode] INFO: Level 0
[MulNode] INFO: Level 0
[MulNode] INFO: Level 0
[MulNode] INFO: Level 0
[MulNode] INFO: Level 0
[MulNode] INFO: Level 0
[MulNode] INFO: Level 0
[MulNode] INFO: Level 0
[MulNode] INFO: Level 0
[MulNode] INFO: Level 0
[MulNode] INFO: Level 0
[MulNode] INFO: Level 0
[MulNode] INFO: Level 0
[MulNode] INFO: Level 0
[MulNode] INFO: Level 0
[MulNode] INFO: Level 0
[MulNode] INFO: Level 0
[MulNode] INFO: Level 0
[MulNode] INFO: Level 0
[MulNode] INFO: Level 0
[MulNode] INFO: Level 0
[MulNode] INFO: Level 0
[MulNode] INFO: Level 0
[MulNode] INFO: Level 0
[MulNode] INFO: Level 0
[MulNode] INFO: Level 0
[MulNode] INFO: Level 0
[MulNode] INFO: Level 0
[MulNode] INFO: Level 0
[MulNode] INFO: Level 0
[MulNode] INFO: Level 0
[MulNode] INFO: Level 0
[MulNode] INFO: Level 0
[MulNode] INFO: Level 0
[MulNode] INFO: Level 0
[MulNode] INFO: Level 0
[MulNode] INFO: Level 0
[MulNode] INFO: Level 0
[MulNode] INFO: Level 0
[MulNode] INFO: Level 0
[MulNode] INFO: Level 0
[MulNode] INFO: Level 0
[MulNode] INFO: Level 0
[MulNode] INFO: Level 0
[MulNode] INFO: Level 0
[MulNode] INFO: Level 0
[MulNode] INFO: Level 0
[MulNode] INFO: Level 0
[MulNode] INFO: Level 0
[MulNode] INFO: Level 0
[MulNode] INFO: Level 0
[MulNode] INFO: Level 0
[MulNode] INFO: Level 0
[MulNode] INFO: Level 0
[MulNode] INFO: Level 0
[MulNode] INFO: Level 0
[MulNode] INFO: Level 0
[MulNode] INFO: Level 0
[MulNode] INFO: Level 0
[MulNode] INFO: Level 0
[MulNode] INFO: Level 0
[MulNode] INFO: Level 0
[MulNode] INFO: Level 0
[MulNode] INFO: Level 0
[MulNode] INFO: Level 0
[MulNode] INFO: Level 0
[MulNode] INFO: Level 0
[MulNode] INFO: Level 0
[MulNode] INFO: Level 0
[MulNode] INFO: Level 0
[MulNode] INFO: Level 0
[MulNode] INFO: Level 0
[MulNode] INFO: Level 0
[MulNode] INFO: Level 0
[MulNode] INFO: Level 0
[MulNode] INFO: Level 0
[MulNode] INFO: Level 0
[MulNode] INFO: Level 0
[MulNode] INFO: Level 0
[MulNode] INFO: Level 0
[MulNode] INFO: Level 0
[MulNode] INFO: Level 0
[MulNode] INFO: Level 0
[MulNode] INFO: Level 0
[MulNode] INFO: Level 0
[MulNode] INFO: Level 0
[MulNode] INFO: Level 0
[MulNode] INFO: Level 0
[MulNode] INFO: Level 0
[MulNode] INFO: Level 0
[MulNode] INFO: Level 0
[MulNode] INFO: Level 0
[MulNode] INFO: Level 0
[MulNode] INFO: Level 0
[MulNode] INFO: Level 0
[MulNode] INFO: Level 0
[MulNode] INFO: Level 0
[MulNode] INFO: Level 0
[MulNode] INFO: Level 0
[MulNode] INFO: Level 0
[MulNode] INFO: Level 0
[MulNode] INFO: Level 0
[MulNode] INFO: Level 0
[MulNode] INFO: Level 0
[MulNode] INFO: Level 0
[MulNode] INFO: Level 0
[MulNode] INFO: Level 0
[MulNode] INFO: Level 0
[MulNode] INFO: Level 0
[MulNode] INFO: Level 0
[MulNode] INFO: Level 0
[MulNode] INFO: Level 0
[MulNode] INFO: Level 0
[MulNode] INFO: Level 0
[MulNode] INFO: Level 0
[MulNode] INFO: Level 0
[MulNode] INFO: Level 0
[MulNode] INFO: Level 0
[MulNode] INFO: Level 0
[MulNode] INFO: Level 0
[MulNode] INFO: Level 0
[MulNode] INFO: Level 0
[MulNode] INFO: Level 0
[MulNode] INFO: Level 0
[MulNode] INFO: Level 0
[MulNode] INFO: Level 0
[MulNode] INFO: Level 0
[MulNode] INFO: Level 0
[MulNode] INFO: Level 0
[MulNode] INFO: Level 0
[MulNode] INFO: Level 0
[MulNode] INFO: Level 0
[MulNode] INFO: Level 0
[MulNode] INFO: Level 0
[MulNode] INFO: Level 0
[MulNode] INFO: Level 0
[MulNode] INFO: Level 0
[MulNode] INFO: Level 0
[MulNode] INFO: Level 0
[MulNode] INFO: Level 0
[MulNode] INFO: Level 0
[MulNode] INFO: Level 0
[MulNode] INFO: Level 0
[MulNode] INFO: Level 0
[MulNode] INFO: Level 0
[MulNode] INFO: Level 0
[MulNode] INFO: Level 0
[MulNode] INFO: Level 0
[MulNode] INFO: Level 0
[MulNode] INFO: Level 0
[MulNode] INFO: Level 0
[MulNode] INFO: Level 0
[MulNode] INFO: Level 0
[MulNode] INFO: Level 0
[MulNode] INFO: Level 0
[MulNode] INFO: Level 0
[MulNode] INFO: Level 0
[MulNode] INFO: Level 0
[MulNode] INFO: Level 0
[MulNode] INFO: Level 0
[MulNode] INFO: Level 0
[MulNode] INFO: Level 0
[MulNode] INFO: Level 0
[MulNode] INFO: Level 0
[MulNode] INFO: Level 0
[MulNode] INFO: Level 0
[MulNode] INFO: Level 0
[MulNode] INFO: Level 0
[MulNode] INFO: Level 0
[MulNode] INFO: Level 0
[MulNode] INFO: Level 0
[MulNode] INFO: Level 0
[Ablector] INFO: ABLECTOR TIME: 21.165650
[Ablector] INFO: SAT TIME: 21.123387
[Ablector] INFO: REF TIME: 2.100719
[runlim] end:			Sat May 16 14:38:37 2020
[runlim] status:		ok
[runlim] result:		0
[runlim] children:		5
[runlim] real:			26.92 seconds
[runlim] time:			26.79 seconds
[runlim] space:			249.4 MB
[runlim] samples:		267
[runlim] version:		1.10
[runlim] time limit:		311040000 seconds
[runlim] real time limit:	1200 seconds
[runlim] space limit:		15000 MB
[runlim] argv[0]:		python3
[runlim] argv[1]:		/raid/steuber/Software/ablector/ablector
[runlim] argv[2]:		/raid/steuber/Benchmarks/2019/QF_BV/sage/app7/bench_3544.smt2
[runlim] argv[3]:		--ufReuse=1
[runlim] start:			Sat May 16 14:38:38 2020
[runlim] main pid:		16159
[Ablector] INFO: ABLECTOR TIME: 0.003924
[runlim] end:			Sat May 16 14:38:39 2020
[runlim] status:		ok
[runlim] result:		0
[runlim] children:		2
[runlim] real:			1.09 seconds
[runlim] time:			1.15 seconds
[runlim] space:			49.3 MB
[runlim] samples:		7
[runlim] version:		1.10
[runlim] time limit:		311040000 seconds
[runlim] real time limit:	1200 seconds
[runlim] space limit:		15000 MB
[runlim] argv[0]:		python3
[runlim] argv[1]:		/raid/steuber/Software/ablector/ablector
[runlim] argv[2]:		/raid/steuber/Benchmarks/2019/QF_BV/sage/app1/bench_2640.smt2
[runlim] argv[3]:		--ufReuse=1
[runlim] start:			Sat May 16 14:38:39 2020
[runlim] main pid:		16179
[Ablector] INFO: ABLECTOR TIME: 0.003717
[runlim] end:			Sat May 16 14:38:39 2020
[runlim] status:		ok
[runlim] result:		0
[runlim] children:		1
[runlim] real:			0.91 seconds
[runlim] time:			0.97 seconds
[runlim] space:			39.3 MB
[runlim] samples:		4
[runlim] version:		1.10
[runlim] time limit:		311040000 seconds
[runlim] real time limit:	1200 seconds
[runlim] space limit:		15000 MB
[runlim] argv[0]:		python3
[runlim] argv[1]:		/raid/steuber/Software/ablector/ablector
[runlim] argv[2]:		/raid/steuber/Benchmarks/2019/QF_BV/sage/app7/bench_41.smt2
[runlim] argv[3]:		--ufReuse=1
[runlim] start:			Sat May 16 14:38:40 2020
[runlim] main pid:		16201
[Ablector] INFO: ABLECTOR TIME: 0.003891
[runlim] end:			Sat May 16 14:38:42 2020
[runlim] status:		ok
[runlim] result:		0
[runlim] children:		13
[runlim] real:			2.02 seconds
[runlim] time:			2.16 seconds
[runlim] space:			83.4 MB
[runlim] samples:		17
[runlim] version:		1.10
[runlim] time limit:		311040000 seconds
[runlim] real time limit:	1200 seconds
[runlim] space limit:		15000 MB
[runlim] argv[0]:		python3
[runlim] argv[1]:		/raid/steuber/Software/ablector/ablector
[runlim] argv[2]:		/raid/steuber/Benchmarks/2019/QF_BV/sage/app1/bench_2064.smt2
[runlim] argv[3]:		--ufReuse=1
[runlim] start:			Sat May 16 14:38:42 2020
[runlim] main pid:		16221
[Ablector] INFO: ABLECTOR TIME: 0.003682
[runlim] end:			Sat May 16 14:38:42 2020
[runlim] status:		ok
[runlim] result:		0
[runlim] children:		1
[runlim] real:			0.84 seconds
[runlim] time:			0.98 seconds
[runlim] space:			37.9 MB
[runlim] samples:		4
[runlim] version:		1.10
[runlim] time limit:		311040000 seconds
[runlim] real time limit:	1200 seconds
[runlim] space limit:		15000 MB
[runlim] argv[0]:		python3
[runlim] argv[1]:		/raid/steuber/Software/ablector/ablector
[runlim] argv[2]:		/raid/steuber/Benchmarks/2019/QF_BV/sage/app7/bench_400.smt2
[runlim] argv[3]:		--ufReuse=1
[runlim] start:			Sat May 16 14:38:43 2020
[runlim] main pid:		16241
[Ablector] INFO: ABLECTOR TIME: 0.003837
[runlim] end:			Sat May 16 14:38:44 2020
[runlim] status:		ok
[runlim] result:		0
[runlim] children:		13
[runlim] real:			1.97 seconds
[runlim] time:			2.26 seconds
[runlim] space:			81.7 MB
[runlim] samples:		17
[runlim] version:		1.10
[runlim] time limit:		311040000 seconds
[runlim] real time limit:	1200 seconds
[runlim] space limit:		15000 MB
[runlim] argv[0]:		python3
[runlim] argv[1]:		/raid/steuber/Software/ablector/ablector
[runlim] argv[2]:		/raid/steuber/Benchmarks/2019/QF_BV/sage/app7/bench_3698.smt2
[runlim] argv[3]:		--ufReuse=1
[runlim] start:			Sat May 16 14:38:45 2020
[runlim] main pid:		16261
[Ablector] INFO: ABLECTOR TIME: 0.004049
[runlim] end:			Sat May 16 14:38:45 2020
[runlim] status:		ok
[runlim] result:		0
[runlim] children:		2
[runlim] real:			0.98 seconds
[runlim] time:			1.04 seconds
[runlim] space:			45.3 MB
[runlim] samples:		6
[runlim] version:		1.10
[runlim] time limit:		311040000 seconds
[runlim] real time limit:	1200 seconds
[runlim] space limit:		15000 MB
[runlim] argv[0]:		python3
[runlim] argv[1]:		/raid/steuber/Software/ablector/ablector
[runlim] argv[2]:		/raid/steuber/Benchmarks/2019/QF_BV/Sage2/bench_7330.smt2
[runlim] argv[3]:		--ufReuse=1
[runlim] start:			Sat May 16 14:38:46 2020
[runlim] main pid:		16281
[Ablector] INFO: *** ROUND 0
[MulNode] INFO: Level 0
[MulNode] INFO: Level 0
[MulNode] INFO: Level 0
[MulNode] INFO: Level 0
[MulNode] INFO: Level 0
[MulNode] INFO: Level 0
[MulNode] INFO: Level 0
[MulNode] INFO: Level 0
[MulNode] INFO: Level 0
[MulNode] INFO: Level 0
[Ablector] INFO: ABLECTOR TIME: 0.721621
[Ablector] INFO: SAT TIME: 0.715490
[Ablector] INFO: REF TIME: 0.090674
[runlim] end:			Sat May 16 14:38:47 2020
[runlim] status:		ok
[runlim] result:		0
[runlim] children:		1
[runlim] real:			1.60 seconds
[runlim] time:			1.75 seconds
[runlim] space:			53.5 MB
[runlim] samples:		12
[runlim] version:		1.10
[runlim] time limit:		311040000 seconds
[runlim] real time limit:	1200 seconds
[runlim] space limit:		15000 MB
[runlim] argv[0]:		python3
[runlim] argv[1]:		/raid/steuber/Software/ablector/ablector
[runlim] argv[2]:		/raid/steuber/Benchmarks/2019/QF_BV/sage/app9/bench_664.smt2
[runlim] argv[3]:		--ufReuse=1
[runlim] start:			Sat May 16 14:38:47 2020
[runlim] main pid:		16301
[Ablector] INFO: ABLECTOR TIME: 0.003448
[runlim] end:			Sat May 16 14:38:48 2020
[runlim] status:		ok
[runlim] result:		0
[runlim] children:		1
[runlim] real:			1.41 seconds
[runlim] time:			0.98 seconds
[runlim] space:			39.4 MB
[runlim] samples:		4
[runlim] version:		1.10
[runlim] time limit:		311040000 seconds
[runlim] real time limit:	1200 seconds
[runlim] space limit:		15000 MB
[runlim] argv[0]:		python3
[runlim] argv[1]:		/raid/steuber/Software/ablector/ablector
[runlim] argv[2]:		/raid/steuber/Benchmarks/2019/QF_BV/sage/app7/bench_6664.smt2
[runlim] argv[3]:		--ufReuse=1
[runlim] start:			Sat May 16 14:38:48 2020
[runlim] main pid:		16321
[Ablector] INFO: *** ROUND 0
[MulNode] INFO: Level 0
[Ablector] INFO: ABLECTOR TIME: 0.029034
[Ablector] INFO: SAT TIME: 0.024389
[Ablector] INFO: REF TIME: 0.010460
[runlim] end:			Sat May 16 14:38:49 2020
[runlim] status:		ok
[runlim] result:		0
[runlim] children:		0
[runlim] real:			1.27 seconds
[runlim] time:			1.06 seconds
[runlim] space:			41.5 MB
[runlim] samples:		5
[runlim] version:		1.10
[runlim] time limit:		311040000 seconds
[runlim] real time limit:	1200 seconds
[runlim] space limit:		15000 MB
[runlim] argv[0]:		python3
[runlim] argv[1]:		/raid/steuber/Software/ablector/ablector
[runlim] argv[2]:		/raid/steuber/Benchmarks/2019/QF_BV/sage/app7/bench_5988.smt2
[runlim] argv[3]:		--ufReuse=1
[runlim] start:			Sat May 16 14:38:49 2020
[runlim] main pid:		16341
[Ablector] INFO: ABLECTOR TIME: 0.003518
[runlim] end:			Sat May 16 14:38:50 2020
[runlim] status:		ok
[runlim] result:		0
[runlim] children:		0
[runlim] real:			1.06 seconds
[runlim] time:			0.95 seconds
[runlim] space:			37.8 MB
[runlim] samples:		4
