[runlim] version:		1.10
[runlim] time limit:		311040000 seconds
[runlim] real time limit:	1200 seconds
[runlim] space limit:		15000 MB
[runlim] argv[0]:		python3
[runlim] argv[1]:		/raid/steuber/Software/ablector/ablector
[runlim] argv[2]:		/raid/steuber/Benchmarks/2019/QF_BV/sage/app7/bench_97.smt2
[runlim] argv[3]:		--ufReuse=1
[runlim] start:			Sat May 16 15:41:14 2020
[runlim] main pid:		16800
[Ablector] INFO: ABLECTOR TIME: 0.003917
[runlim] end:			Sat May 16 15:41:16 2020
[runlim] status:		ok
[runlim] result:		0
[runlim] children:		13
[runlim] real:			2.46 seconds
[runlim] time:			2.15 seconds
[runlim] space:			83.6 MB
[runlim] samples:		17
[runlim] version:		1.10
[runlim] time limit:		311040000 seconds
[runlim] real time limit:	1200 seconds
[runlim] space limit:		15000 MB
[runlim] argv[0]:		python3
[runlim] argv[1]:		/raid/steuber/Software/ablector/ablector
[runlim] argv[2]:		/raid/steuber/Benchmarks/2019/QF_BV/Sage2/bench_7775.smt2
[runlim] argv[3]:		--ufReuse=1
[runlim] start:			Sat May 16 15:41:16 2020
[runlim] main pid:		16820
[Ablector] INFO: *** ROUND 0
[MulNode] INFO: Level 0
[MulNode] INFO: Level 0
[MulNode] INFO: Level 0
[MulNode] INFO: Level 0
[MulNode] INFO: Level 0
[MulNode] INFO: Level 0
[MulNode] INFO: Level 0
[MulNode] INFO: Level 0
[MulNode] INFO: Level 0
[MulNode] INFO: Level 0
[MulNode] INFO: Level 0
[MulNode] INFO: Level 0
[MulNode] INFO: Level 0
[MulNode] INFO: Level 0
[MulNode] INFO: Level 0
[MulNode] INFO: Level 0
[MulNode] INFO: Level 0
[MulNode] INFO: Level 0
[MulNode] INFO: Level 0
[MulNode] INFO: Level 0
[MulNode] INFO: Level 0
[MulNode] INFO: Level 0
[Ablector] INFO: ABLECTOR TIME: 2.621792
[Ablector] INFO: SAT TIME: 2.612901
[Ablector] INFO: REF TIME: 0.212201
[runlim] end:			Sat May 16 15:41:20 2020
[runlim] status:		ok
[runlim] result:		0
[runlim] children:		0
[runlim] real:			4.08 seconds
[runlim] time:			3.76 seconds
[runlim] space:			77.9 MB
[runlim] samples:		32
[runlim] version:		1.10
[runlim] time limit:		311040000 seconds
[runlim] real time limit:	1200 seconds
[runlim] space limit:		15000 MB
[runlim] argv[0]:		python3
[runlim] argv[1]:		/raid/steuber/Software/ablector/ablector
[runlim] argv[2]:		/raid/steuber/Benchmarks/2019/QF_BV/sage/app7/bench_54.smt2
[runlim] argv[3]:		--ufReuse=1
[runlim] start:			Sat May 16 15:41:20 2020
[runlim] main pid:		16840
[Ablector] INFO: ABLECTOR TIME: 0.003930
[runlim] end:			Sat May 16 15:41:22 2020
[runlim] status:		ok
[runlim] result:		0
[runlim] children:		14
[runlim] real:			2.24 seconds
[runlim] time:			2.26 seconds
[runlim] space:			83.5 MB
[runlim] samples:		18
[runlim] version:		1.10
[runlim] time limit:		311040000 seconds
[runlim] real time limit:	1200 seconds
[runlim] space limit:		15000 MB
[runlim] argv[0]:		python3
[runlim] argv[1]:		/raid/steuber/Software/ablector/ablector
[runlim] argv[2]:		/raid/steuber/Benchmarks/2019/QF_BV/Sage2/bench_11994.smt2
[runlim] argv[3]:		--ufReuse=1
[runlim] start:			Sat May 16 15:41:22 2020
[runlim] main pid:		16860
[Ablector] INFO: *** ROUND 0
[MulNode] INFO: Level 0
[MulNode] INFO: Level 0
[MulNode] INFO: Level 0
[MulNode] INFO: Level 0
[MulNode] INFO: Level 0
[MulNode] INFO: Level 0
[MulNode] INFO: Level 0
[MulNode] INFO: Level 0
[MulNode] INFO: Level 0
[MulNode] INFO: Level 0
[MulNode] INFO: Level 0
[MulNode] INFO: Level 0
[MulNode] INFO: Level 0
[MulNode] INFO: Level 0
[MulNode] INFO: Level 0
[MulNode] INFO: Level 0
[MulNode] INFO: Level 0
[MulNode] INFO: Level 0
[MulNode] INFO: Level 0
[MulNode] INFO: Level 0
[MulNode] INFO: Level 0
[MulNode] INFO: Level 0
[MulNode] INFO: Level 0
[MulNode] INFO: Level 0
[MulNode] INFO: Level 0
[MulNode] INFO: Level 0
[MulNode] INFO: Level 0
[MulNode] INFO: Level 0
[MulNode] INFO: Level 0
[MulNode] INFO: Level 0
[MulNode] INFO: Level 0
[MulNode] INFO: Level 0
[MulNode] INFO: Level 0
[MulNode] INFO: Level 0
[MulNode] INFO: Level 0
[MulNode] INFO: Level 0
[MulNode] INFO: Level 0
[MulNode] INFO: Level 0
[MulNode] INFO: Level 0
[MulNode] INFO: Level 0
[MulNode] INFO: Level 0
[MulNode] INFO: Level 0
[MulNode] INFO: Level 0
[MulNode] INFO: Level 0
[MulNode] INFO: Level 0
[MulNode] INFO: Level 0
[MulNode] INFO: Level 0
[MulNode] INFO: Level 0
[MulNode] INFO: Level 0
[MulNode] INFO: Level 0
[MulNode] INFO: Level 0
[Ablector] INFO: ABLECTOR TIME: 1.034714
[Ablector] INFO: SAT TIME: 1.020203
[Ablector] INFO: REF TIME: 0.521836
[runlim] end:			Sat May 16 15:41:24 2020
[runlim] status:		ok
[runlim] result:		0
[runlim] children:		0
[runlim] real:			2.76 seconds
[runlim] time:			2.62 seconds
[runlim] space:			98.4 MB
[runlim] samples:		21
[runlim] version:		1.10
[runlim] time limit:		311040000 seconds
[runlim] real time limit:	1200 seconds
[runlim] space limit:		15000 MB
[runlim] argv[0]:		python3
[runlim] argv[1]:		/raid/steuber/Software/ablector/ablector
[runlim] argv[2]:		/raid/steuber/Benchmarks/2019/QF_BV/Sage2/bench_4569.smt2
[runlim] argv[3]:		--ufReuse=1
[runlim] start:			Sat May 16 15:41:25 2020
[runlim] main pid:		16880
[Ablector] INFO: *** ROUND 0
[MulNode] INFO: Level 0
[MulNode] INFO: Level 0
[MulNode] INFO: Level 0
[MulNode] INFO: Level 0
[MulNode] INFO: Level 0
[MulNode] INFO: Level 0
[MulNode] INFO: Level 0
[MulNode] INFO: Level 0
[MulNode] INFO: Level 0
[MulNode] INFO: Level 0
[MulNode] INFO: Level 0
[MulNode] INFO: Level 0
[MulNode] INFO: Level 0
[MulNode] INFO: Level 0
[MulNode] INFO: Level 0
[MulNode] INFO: Level 0
[MulNode] INFO: Level 0
[MulNode] INFO: Level 0
[MulNode] INFO: Level 0
[MulNode] INFO: Level 0
[MulNode] INFO: Level 0
[MulNode] INFO: Level 0
[MulNode] INFO: Level 0
[Ablector] INFO: ABLECTOR TIME: 1.064040
[Ablector] INFO: SAT TIME: 1.053021
[Ablector] INFO: REF TIME: 0.206579
[runlim] end:			Sat May 16 15:41:29 2020
[runlim] status:		ok
[runlim] result:		0
[runlim] children:		2
[runlim] real:			4.73 seconds
[runlim] time:			4.99 seconds
[runlim] space:			132.7 MB
[runlim] samples:		46
[runlim] version:		1.10
[runlim] time limit:		311040000 seconds
[runlim] real time limit:	1200 seconds
[runlim] space limit:		15000 MB
[runlim] argv[0]:		python3
[runlim] argv[1]:		/raid/steuber/Software/ablector/ablector
[runlim] argv[2]:		/raid/steuber/Benchmarks/2019/QF_BV/sage/app7/bench_7591.smt2
[runlim] argv[3]:		--ufReuse=1
[runlim] start:			Sat May 16 15:41:30 2020
[runlim] main pid:		16904
[Ablector] INFO: ABLECTOR TIME: 0.003735
[runlim] end:			Sat May 16 15:41:31 2020
[runlim] status:		ok
[runlim] result:		0
[runlim] children:		15
[runlim] real:			1.95 seconds
[runlim] time:			2.34 seconds
[runlim] space:			84.1 MB
[runlim] samples:		18
[runlim] version:		1.10
[runlim] time limit:		311040000 seconds
[runlim] real time limit:	1200 seconds
[runlim] space limit:		15000 MB
[runlim] argv[0]:		python3
[runlim] argv[1]:		/raid/steuber/Software/ablector/ablector
[runlim] argv[2]:		/raid/steuber/Benchmarks/2019/QF_BV/sage/app1/bench_2047.smt2
[runlim] argv[3]:		--ufReuse=1
[runlim] start:			Sat May 16 15:41:32 2020
[runlim] main pid:		16924
[Ablector] INFO: ABLECTOR TIME: 0.003420
[runlim] end:			Sat May 16 15:41:32 2020
[runlim] status:		ok
[runlim] result:		0
[runlim] children:		0
[runlim] real:			0.77 seconds
[runlim] time:			0.99 seconds
[runlim] space:			37.7 MB
[runlim] samples:		4
[runlim] version:		1.10
[runlim] time limit:		311040000 seconds
[runlim] real time limit:	1200 seconds
[runlim] space limit:		15000 MB
[runlim] argv[0]:		python3
[runlim] argv[1]:		/raid/steuber/Software/ablector/ablector
[runlim] argv[2]:		/raid/steuber/Benchmarks/2019/QF_BV/sage/app9/bench_3158.smt2
[runlim] argv[3]:		--ufReuse=1
[runlim] start:			Sat May 16 15:41:33 2020
[runlim] main pid:		16944
[Ablector] INFO: ABLECTOR TIME: 0.003535
[runlim] end:			Sat May 16 15:41:33 2020
[runlim] status:		ok
[runlim] result:		0
[runlim] children:		0
[runlim] real:			0.58 seconds
[runlim] time:			0.94 seconds
[runlim] space:			37.8 MB
[runlim] samples:		4
[runlim] version:		1.10
[runlim] time limit:		311040000 seconds
[runlim] real time limit:	1200 seconds
[runlim] space limit:		15000 MB
[runlim] argv[0]:		python3
[runlim] argv[1]:		/raid/steuber/Software/ablector/ablector
[runlim] argv[2]:		/raid/steuber/Benchmarks/2019/QF_BV/spear/samba_v3.0.24/bin_eventlogadm_vc354401.smt2
[runlim] argv[3]:		--ufReuse=1
[runlim] start:			Sat May 16 15:41:33 2020
[runlim] main pid:		16965
[Ablector] INFO: ABLECTOR TIME: 0.003714
[runlim] end:			Sat May 16 15:41:34 2020
[runlim] status:		ok
[runlim] result:		0
[runlim] children:		3
[runlim] real:			1.63 seconds
[runlim] time:			1.12 seconds
[runlim] space:			50.7 MB
[runlim] samples:		6
[runlim] version:		1.10
[runlim] time limit:		311040000 seconds
[runlim] real time limit:	1200 seconds
[runlim] space limit:		15000 MB
[runlim] argv[0]:		python3
[runlim] argv[1]:		/raid/steuber/Software/ablector/ablector
[runlim] argv[2]:		/raid/steuber/Benchmarks/2019/QF_BV/sage/app8/bench_856.smt2
[runlim] argv[3]:		--ufReuse=1
[runlim] start:			Sat May 16 15:41:34 2020
[runlim] main pid:		16985
[Ablector] INFO: *** ROUND 0
[MulNode] INFO: Level 0
[MulNode] INFO: Level 0
[MulNode] INFO: Level 0
[MulNode] INFO: Level 0
[MulNode] INFO: Level 0
[MulNode] INFO: Level 0
[MulNode] INFO: Level 0
[MulNode] INFO: Level 0
[MulNode] INFO: Level 0
[MulNode] INFO: Level 0
[MulNode] INFO: Level 0
[Ablector] INFO: ABLECTOR TIME: 0.170507
[Ablector] INFO: SAT TIME: 0.163991
[Ablector] INFO: REF TIME: 0.107395
[runlim] end:			Sat May 16 15:41:35 2020
[runlim] status:		ok
[runlim] result:		0
[runlim] children:		0
[runlim] real:			1.70 seconds
[runlim] time:			1.26 seconds
[runlim] space:			46.8 MB
[runlim] samples:		7
[runlim] version:		1.10
[runlim] time limit:		311040000 seconds
[runlim] real time limit:	1200 seconds
[runlim] space limit:		15000 MB
[runlim] argv[0]:		python3
[runlim] argv[1]:		/raid/steuber/Software/ablector/ablector
[runlim] argv[2]:		/raid/steuber/Benchmarks/2019/QF_BV/Sage2/bench_3778.smt2
[runlim] argv[3]:		--ufReuse=1
[runlim] start:			Sat May 16 15:41:36 2020
[runlim] main pid:		17005
[Ablector] INFO: *** ROUND 0
[MulNode] INFO: Level 0
[MulNode] INFO: Level 0
[MulNode] INFO: Level 0
[MulNode] INFO: Level 0
[MulNode] INFO: Level 0
[MulNode] INFO: Level 0
[MulNode] INFO: Level 0
[MulNode] INFO: Level 0
[MulNode] INFO: Level 0
[MulNode] INFO: Level 0
[MulNode] INFO: Level 0
[MulNode] INFO: Level 0
[MulNode] INFO: Level 0
[MulNode] INFO: Level 0
[MulNode] INFO: Level 0
[MulNode] INFO: Level 0
[MulNode] INFO: Level 0
[MulNode] INFO: Level 0
[MulNode] INFO: Level 0
[MulNode] INFO: Level 0
[MulNode] INFO: Level 0
[MulNode] INFO: Level 0
[MulNode] INFO: Level 0
[MulNode] INFO: Level 0
[MulNode] INFO: Level 0
[MulNode] INFO: Level 0
[MulNode] INFO: Level 0
[MulNode] INFO: Level 0
[MulNode] INFO: Level 0
[MulNode] INFO: Level 0
[MulNode] INFO: Level 0
[MulNode] INFO: Level 0
[MulNode] INFO: Level 0
[MulNode] INFO: Level 0
[MulNode] INFO: Level 0
[MulNode] INFO: Level 0
[MulNode] INFO: Level 0
[Ablector] INFO: ABLECTOR TIME: 3.632826
[Ablector] INFO: SAT TIME: 3.620494
[Ablector] INFO: REF TIME: 0.353739
[runlim] end:			Sat May 16 15:41:40 2020
[runlim] status:		ok
[runlim] result:		0
[runlim] children:		0
[runlim] real:			4.32 seconds
[runlim] time:			4.76 seconds
[runlim] space:			84.9 MB
[runlim] samples:		42
[runlim] version:		1.10
[runlim] time limit:		311040000 seconds
[runlim] real time limit:	1200 seconds
[runlim] space limit:		15000 MB
[runlim] argv[0]:		python3
[runlim] argv[1]:		/raid/steuber/Software/ablector/ablector
[runlim] argv[2]:		/raid/steuber/Benchmarks/2019/QF_BV/sage/app2/bench_783.smt2
[runlim] argv[3]:		--ufReuse=1
[runlim] start:			Sat May 16 15:41:40 2020
[runlim] main pid:		17025
[Ablector] INFO: ABLECTOR TIME: 0.003431
[runlim] end:			Sat May 16 15:41:41 2020
[runlim] status:		ok
[runlim] result:		0
[runlim] children:		1
[runlim] real:			1.19 seconds
[runlim] time:			1.01 seconds
[runlim] space:			37.8 MB
[runlim] samples:		5
[runlim] version:		1.10
[runlim] time limit:		311040000 seconds
[runlim] real time limit:	1200 seconds
[runlim] space limit:		15000 MB
[runlim] argv[0]:		python3
[runlim] argv[1]:		/raid/steuber/Software/ablector/ablector
[runlim] argv[2]:		/raid/steuber/Benchmarks/2019/QF_BV/sage/app9/bench_515.smt2
[runlim] argv[3]:		--ufReuse=1
[runlim] start:			Sat May 16 15:41:41 2020
[runlim] main pid:		17045
[Ablector] INFO: *** ROUND 0
[MulNode] INFO: Level 0
[MulNode] INFO: Level 0
[Ablector] INFO: ABLECTOR TIME: 0.029447
[Ablector] INFO: SAT TIME: 0.024871
[Ablector] INFO: REF TIME: 0.021254
[runlim] end:			Sat May 16 15:41:42 2020
[runlim] status:		ok
[runlim] result:		0
[runlim] children:		1
[runlim] real:			1.04 seconds
[runlim] time:			0.96 seconds
[runlim] space:			37.6 MB
[runlim] samples:		4
[runlim] version:		1.10
[runlim] time limit:		311040000 seconds
[runlim] real time limit:	1200 seconds
[runlim] space limit:		15000 MB
[runlim] argv[0]:		python3
[runlim] argv[1]:		/raid/steuber/Software/ablector/ablector
[runlim] argv[2]:		/raid/steuber/Benchmarks/2019/QF_BV/Sage2/bench_146.smt2
[runlim] argv[3]:		--ufReuse=1
[runlim] start:			Sat May 16 15:41:42 2020
[runlim] main pid:		17065
[Ablector] INFO: *** ROUND 0
[MulNode] INFO: Level 0
[MulNode] INFO: Level 0
[MulNode] INFO: Level 0
[MulNode] INFO: Level 0
[MulNode] INFO: Level 0
[MulNode] INFO: Level 0
[MulNode] INFO: Level 0
[MulNode] INFO: Level 0
[MulNode] INFO: Level 0
[MulNode] INFO: Level 0
[MulNode] INFO: Level 0
[MulNode] INFO: Level 0
[MulNode] INFO: Level 0
[MulNode] INFO: Level 0
[MulNode] INFO: Level 0
[MulNode] INFO: Level 0
[MulNode] INFO: Level 0
[MulNode] INFO: Level 0
[MulNode] INFO: Level 0
[MulNode] INFO: Level 0
[MulNode] INFO: Level 0
[MulNode] INFO: Level 0
[MulNode] INFO: Level 0
[MulNode] INFO: Level 0
[MulNode] INFO: Level 0
[MulNode] INFO: Level 0
[Ablector] INFO: ABLECTOR TIME: 1.365475
[Ablector] INFO: SAT TIME: 1.355856
[Ablector] INFO: REF TIME: 0.242993
[runlim] end:			Sat May 16 15:41:44 2020
[runlim] status:		ok
[runlim] result:		0
[runlim] children:		0
[runlim] real:			2.43 seconds
[runlim] time:			2.56 seconds
[runlim] space:			86.1 MB
[runlim] samples:		20
[runlim] version:		1.10
[runlim] time limit:		311040000 seconds
[runlim] real time limit:	1200 seconds
[runlim] space limit:		15000 MB
[runlim] argv[0]:		python3
[runlim] argv[1]:		/raid/steuber/Software/ablector/ablector
[runlim] argv[2]:		/raid/steuber/Benchmarks/2019/QF_BV/sage/app7/bench_5602.smt2
[runlim] argv[3]:		--ufReuse=1
[runlim] start:			Sat May 16 15:41:44 2020
[runlim] main pid:		17085
[Ablector] INFO: ABLECTOR TIME: 0.003565
[runlim] end:			Sat May 16 15:41:45 2020
[runlim] status:		ok
[runlim] result:		0
[runlim] children:		1
[runlim] real:			1.27 seconds
[runlim] time:			0.96 seconds
[runlim] space:			39.6 MB
[runlim] samples:		4
[runlim] version:		1.10
[runlim] time limit:		311040000 seconds
[runlim] real time limit:	1200 seconds
[runlim] space limit:		15000 MB
[runlim] argv[0]:		python3
[runlim] argv[1]:		/raid/steuber/Software/ablector/ablector
[runlim] argv[2]:		/raid/steuber/Benchmarks/2019/QF_BV/sage/app12/bench_5483.smt2
[runlim] argv[3]:		--ufReuse=1
[runlim] start:			Sat May 16 15:41:45 2020
[runlim] main pid:		17105
[Ablector] INFO: *** ROUND 0
[SdivNode] INFO: Level 0
[Ablector] INFO: ABLECTOR TIME: 0.015559
[Ablector] INFO: SAT TIME: 0.011395
[Ablector] INFO: REF TIME: 0.001863
[runlim] end:			Sat May 16 15:41:46 2020
[runlim] status:		ok
[runlim] result:		0
[runlim] children:		0
[runlim] real:			1.07 seconds
[runlim] time:			0.97 seconds
[runlim] space:			40.3 MB
[runlim] samples:		4
[runlim] version:		1.10
[runlim] time limit:		311040000 seconds
[runlim] real time limit:	1200 seconds
[runlim] space limit:		15000 MB
[runlim] argv[0]:		python3
[runlim] argv[1]:		/raid/steuber/Software/ablector/ablector
[runlim] argv[2]:		/raid/steuber/Benchmarks/2019/QF_BV/sage/app7/bench_3477.smt2
[runlim] argv[3]:		--ufReuse=1
[runlim] start:			Sat May 16 15:41:46 2020
[runlim] main pid:		17125
[Ablector] INFO: ABLECTOR TIME: 0.003607
[runlim] end:			Sat May 16 15:41:47 2020
[runlim] status:		ok
[runlim] result:		0
[runlim] children:		2
[runlim] real:			1.07 seconds
[runlim] time:			1.05 seconds
[runlim] space:			45.2 MB
[runlim] samples:		6
[runlim] version:		1.10
[runlim] time limit:		311040000 seconds
[runlim] real time limit:	1200 seconds
[runlim] space limit:		15000 MB
[runlim] argv[0]:		python3
[runlim] argv[1]:		/raid/steuber/Software/ablector/ablector
[runlim] argv[2]:		/raid/steuber/Benchmarks/2019/QF_BV/sage/app7/bench_4000.smt2
[runlim] argv[3]:		--ufReuse=1
[runlim] start:			Sat May 16 15:41:47 2020
[runlim] main pid:		17145
[Ablector] INFO: ABLECTOR TIME: 0.003659
[runlim] end:			Sat May 16 15:41:48 2020
[runlim] status:		ok
[runlim] result:		0
[runlim] children:		2
[runlim] real:			1.05 seconds
[runlim] time:			1.06 seconds
[runlim] space:			44.9 MB
[runlim] samples:		6
[runlim] version:		1.10
[runlim] time limit:		311040000 seconds
[runlim] real time limit:	1200 seconds
[runlim] space limit:		15000 MB
[runlim] argv[0]:		python3
[runlim] argv[1]:		/raid/steuber/Software/ablector/ablector
[runlim] argv[2]:		/raid/steuber/Benchmarks/2019/QF_BV/sage/app7/bench_587.smt2
[runlim] argv[3]:		--ufReuse=1
[runlim] start:			Sat May 16 15:41:48 2020
[runlim] main pid:		17165
[Ablector] INFO: ABLECTOR TIME: 0.003629
[runlim] end:			Sat May 16 15:41:50 2020
[runlim] status:		ok
[runlim] result:		0
[runlim] children:		13
[runlim] real:			2.10 seconds
[runlim] time:			2.16 seconds
[runlim] space:			80.4 MB
[runlim] samples:		17
[runlim] version:		1.10
[runlim] time limit:		311040000 seconds
[runlim] real time limit:	1200 seconds
[runlim] space limit:		15000 MB
[runlim] argv[0]:		python3
[runlim] argv[1]:		/raid/steuber/Software/ablector/ablector
[runlim] argv[2]:		/raid/steuber/Benchmarks/2019/QF_BV/Sage2/bench_16729.smt2
[runlim] argv[3]:		--ufReuse=1
[runlim] start:			Sat May 16 15:41:50 2020
[runlim] main pid:		17185
[Ablector] INFO: *** ROUND 0
[runlim] sample:		10.6 time, 10.4 real, 65.3 MB
[runlim] sample:		20.6 time, 20.4 real, 78.0 MB
[runlim] sample:		30.6 time, 30.4 real, 83.5 MB
[runlim] sample:		40.5 time, 40.4 real, 90.9 MB
[runlim] sample:		50.5 time, 50.4 real, 94.5 MB
[MulNode] INFO: Level 0
[MulNode] INFO: Level 0
[MulNode] INFO: Level 0
[MulNode] INFO: Level 0
[MulNode] INFO: Level 0
[MulNode] INFO: Level 0
[MulNode] INFO: Level 0
[MulNode] INFO: Level 0
[MulNode] INFO: Level 0
[MulNode] INFO: Level 0
[MulNode] INFO: Level 0
[MulNode] INFO: Level 0
[MulNode] INFO: Level 0
[MulNode] INFO: Level 0
[MulNode] INFO: Level 0
[MulNode] INFO: Level 0
[MulNode] INFO: Level 0
[MulNode] INFO: Level 0
[MulNode] INFO: Level 0
[MulNode] INFO: Level 0
[MulNode] INFO: Level 0
[Ablector] INFO: ABLECTOR TIME: 55.348282
[Ablector] INFO: SAT TIME: 55.339922
[Ablector] INFO: REF TIME: 0.204685
[runlim] end:			Sat May 16 15:42:46 2020
[runlim] status:		ok
[runlim] result:		0
[runlim] children:		0
[runlim] real:			56.38 seconds
[runlim] time:			56.45 seconds
[runlim] space:			94.5 MB
[runlim] samples:		559
[runlim] version:		1.10
[runlim] time limit:		311040000 seconds
[runlim] real time limit:	1200 seconds
[runlim] space limit:		15000 MB
[runlim] argv[0]:		python3
[runlim] argv[1]:		/raid/steuber/Software/ablector/ablector
[runlim] argv[2]:		/raid/steuber/Benchmarks/2019/QF_BV/Sage2/bench_16341.smt2
[runlim] argv[3]:		--ufReuse=1
[runlim] start:			Sat May 16 15:42:46 2020
[runlim] main pid:		17218
[Ablector] INFO: *** ROUND 0
[runlim] sample:		10.4 time, 10.8 real, 72.3 MB
[runlim] sample:		20.4 time, 20.8 real, 77.8 MB
[runlim] sample:		30.4 time, 30.8 real, 87.9 MB
[runlim] sample:		40.4 time, 40.8 real, 94.5 MB
[runlim] sample:		50.4 time, 50.8 real, 96.3 MB
[runlim] sample:		60.4 time, 60.8 real, 97.4 MB
[runlim] sample:		70.4 time, 70.8 real, 94.1 MB
[runlim] sample:		80.4 time, 80.8 real, 96.2 MB
[runlim] sample:		90.4 time, 90.8 real, 96.7 MB
[runlim] sample:		100.4 time, 100.8 real, 103.2 MB
[runlim] sample:		110.4 time, 110.8 real, 98.2 MB
[runlim] sample:		120.4 time, 120.8 real, 104.9 MB
[runlim] sample:		130.4 time, 130.8 real, 106.1 MB
[runlim] sample:		140.3 time, 140.8 real, 106.8 MB
[runlim] sample:		150.4 time, 150.8 real, 100.7 MB
[runlim] sample:		160.3 time, 160.8 real, 107.1 MB
[runlim] sample:		170.4 time, 170.8 real, 107.9 MB
[runlim] sample:		180.4 time, 180.8 real, 109.5 MB
[runlim] sample:		190.4 time, 190.8 real, 103.1 MB
[runlim] sample:		200.3 time, 200.8 real, 110.3 MB
[runlim] sample:		210.4 time, 210.8 real, 110.3 MB
[runlim] sample:		220.4 time, 220.8 real, 112.0 MB
[runlim] sample:		230.3 time, 230.8 real, 112.0 MB
[runlim] sample:		240.3 time, 240.8 real, 111.3 MB
[runlim] sample:		250.3 time, 250.8 real, 105.5 MB
[runlim] sample:		260.4 time, 260.8 real, 112.9 MB
[runlim] sample:		270.4 time, 270.8 real, 105.5 MB
[runlim] sample:		280.4 time, 280.8 real, 114.8 MB
[runlim] sample:		290.4 time, 290.8 real, 114.8 MB
[runlim] sample:		300.4 time, 300.8 real, 114.8 MB
[runlim] sample:		310.4 time, 310.8 real, 114.8 MB
[runlim] sample:		320.3 time, 320.8 real, 113.7 MB
[runlim] sample:		330.3 time, 330.8 real, 113.7 MB
[runlim] sample:		340.4 time, 340.8 real, 114.1 MB
[runlim] sample:		350.4 time, 350.8 real, 115.1 MB
[runlim] sample:		360.3 time, 360.8 real, 116.4 MB
[runlim] sample:		370.3 time, 370.8 real, 127.8 MB
[runlim] sample:		380.3 time, 380.8 real, 127.9 MB
[runlim] sample:		390.3 time, 390.8 real, 127.9 MB
[runlim] sample:		400.4 time, 400.8 real, 128.0 MB
[runlim] sample:		410.4 time, 410.8 real, 128.0 MB
[runlim] sample:		420.4 time, 420.8 real, 130.3 MB
[runlim] sample:		430.3 time, 430.8 real, 130.5 MB
[runlim] sample:		440.3 time, 440.8 real, 130.5 MB
[runlim] sample:		450.3 time, 450.8 real, 130.6 MB
[runlim] sample:		460.3 time, 460.8 real, 130.6 MB
[runlim] sample:		470.3 time, 470.8 real, 130.6 MB
[runlim] sample:		480.3 time, 480.8 real, 130.6 MB
[runlim] sample:		490.3 time, 490.8 real, 128.8 MB
[runlim] sample:		500.3 time, 500.8 real, 128.9 MB
[runlim] sample:		510.3 time, 510.8 real, 129.2 MB
[runlim] sample:		520.3 time, 520.8 real, 129.2 MB
[runlim] sample:		530.3 time, 530.8 real, 129.2 MB
[runlim] sample:		540.3 time, 540.8 real, 129.2 MB
[runlim] sample:		550.3 time, 550.8 real, 130.4 MB
[runlim] sample:		560.3 time, 560.8 real, 130.4 MB
[runlim] sample:		570.3 time, 570.8 real, 121.5 MB
[runlim] sample:		580.3 time, 580.8 real, 130.1 MB
[runlim] sample:		590.3 time, 590.8 real, 130.2 MB
[runlim] sample:		600.3 time, 600.8 real, 130.2 MB
[runlim] sample:		610.3 time, 610.8 real, 130.2 MB
[runlim] sample:		620.3 time, 620.8 real, 130.2 MB
[runlim] sample:		630.3 time, 630.8 real, 130.5 MB
[runlim] sample:		640.3 time, 640.8 real, 130.5 MB
[runlim] sample:		650.3 time, 650.8 real, 132.6 MB
[runlim] sample:		660.3 time, 660.8 real, 132.6 MB
[runlim] sample:		670.3 time, 670.8 real, 135.0 MB
[runlim] sample:		680.3 time, 680.8 real, 135.0 MB
[runlim] sample:		690.3 time, 690.8 real, 135.1 MB
[runlim] sample:		700.3 time, 700.8 real, 135.1 MB
[runlim] sample:		710.3 time, 710.8 real, 135.1 MB
[runlim] sample:		720.3 time, 720.8 real, 135.1 MB
[runlim] sample:		730.3 time, 730.8 real, 135.1 MB
[runlim] sample:		740.3 time, 740.8 real, 135.2 MB
[runlim] sample:		750.3 time, 750.8 real, 135.2 MB
[runlim] sample:		760.3 time, 760.8 real, 135.4 MB
[runlim] sample:		770.3 time, 770.8 real, 134.1 MB
[runlim] sample:		780.3 time, 780.8 real, 134.2 MB
[runlim] sample:		790.3 time, 790.8 real, 134.2 MB
[runlim] sample:		800.3 time, 800.8 real, 134.3 MB
[runlim] sample:		810.3 time, 810.8 real, 134.3 MB
[runlim] sample:		820.3 time, 820.8 real, 127.6 MB
[runlim] sample:		830.3 time, 830.8 real, 134.3 MB
[runlim] sample:		840.3 time, 840.8 real, 136.4 MB
[runlim] sample:		850.3 time, 850.8 real, 136.4 MB
[runlim] sample:		860.3 time, 860.8 real, 136.5 MB
[runlim] sample:		870.3 time, 870.8 real, 126.1 MB
[runlim] sample:		880.3 time, 880.8 real, 135.9 MB
[runlim] sample:		890.3 time, 890.8 real, 135.9 MB
[runlim] sample:		900.3 time, 900.8 real, 137.8 MB
[runlim] sample:		910.3 time, 910.8 real, 137.9 MB
[runlim] sample:		920.3 time, 920.8 real, 137.9 MB
[runlim] sample:		930.3 time, 930.8 real, 137.9 MB
[runlim] sample:		940.3 time, 940.8 real, 138.2 MB
[runlim] sample:		950.3 time, 950.8 real, 138.2 MB
[runlim] sample:		960.3 time, 960.8 real, 138.2 MB
[runlim] sample:		970.3 time, 970.8 real, 138.2 MB
[runlim] sample:		980.3 time, 980.8 real, 138.2 MB
[runlim] sample:		990.3 time, 990.8 real, 139.2 MB
[runlim] sample:		1000.3 time, 1000.8 real, 139.3 MB
[runlim] sample:		1010.3 time, 1010.8 real, 139.3 MB
[runlim] sample:		1020.3 time, 1020.8 real, 137.5 MB
[runlim] sample:		1030.3 time, 1030.8 real, 137.5 MB
[runlim] sample:		1040.3 time, 1040.8 real, 137.5 MB
[runlim] sample:		1050.3 time, 1050.8 real, 137.5 MB
[runlim] sample:		1060.3 time, 1060.8 real, 137.5 MB
[runlim] sample:		1070.3 time, 1070.8 real, 137.5 MB
[runlim] sample:		1080.3 time, 1080.8 real, 137.5 MB
[runlim] sample:		1090.3 time, 1090.8 real, 137.5 MB
[runlim] sample:		1100.3 time, 1100.8 real, 137.6 MB
[runlim] sample:		1110.3 time, 1110.8 real, 129.4 MB
[runlim] sample:		1120.3 time, 1120.8 real, 140.6 MB
[runlim] sample:		1130.3 time, 1130.8 real, 140.6 MB
[runlim] sample:		1140.3 time, 1140.8 real, 140.6 MB
[runlim] sample:		1150.3 time, 1150.8 real, 140.6 MB
[runlim] sample:		1160.3 time, 1160.8 real, 140.6 MB
[runlim] sample:		1170.3 time, 1170.8 real, 140.6 MB
[runlim] sample:		1180.3 time, 1180.8 real, 140.6 MB
[runlim] sample:		1190.3 time, 1190.8 real, 140.6 MB
[runlim] end:			Sat May 16 16:02:46 2020
[runlim] status:		out of time
[runlim] result:		2
[runlim] children:		0
[runlim] real:			1200.11 seconds
[runlim] time:			1199.56 seconds
[runlim] space:			140.7 MB
[runlim] samples:		11993
[runlim] version:		1.10
[runlim] time limit:		311040000 seconds
[runlim] real time limit:	1200 seconds
[runlim] space limit:		15000 MB
[runlim] argv[0]:		python3
[runlim] argv[1]:		/raid/steuber/Software/ablector/ablector
[runlim] argv[2]:		/raid/steuber/Benchmarks/2019/QF_BV/sage/app7/bench_912.smt2
[runlim] argv[3]:		--ufReuse=1
[runlim] start:			Sat May 16 16:02:46 2020
[runlim] main pid:		18183
[Ablector] INFO: ABLECTOR TIME: 0.003919
[runlim] end:			Sat May 16 16:02:48 2020
[runlim] status:		ok
[runlim] result:		0
[runlim] children:		11
[runlim] real:			2.12 seconds
[runlim] time:			1.99 seconds
[runlim] space:			74.9 MB
[runlim] samples:		16
[runlim] version:		1.10
[runlim] time limit:		311040000 seconds
[runlim] real time limit:	1200 seconds
[runlim] space limit:		15000 MB
[runlim] argv[0]:		python3
[runlim] argv[1]:		/raid/steuber/Software/ablector/ablector
[runlim] argv[2]:		/raid/steuber/Benchmarks/2019/QF_BV/Sage2/bench_8994.smt2
[runlim] argv[3]:		--ufReuse=1
[runlim] start:			Sat May 16 16:02:48 2020
[runlim] main pid:		18203
[Ablector] INFO: *** ROUND 0
[MulNode] INFO: Level 0
[Ablector] INFO: ABLECTOR TIME: 0.634883
[Ablector] INFO: SAT TIME: 0.629380
[Ablector] INFO: REF TIME: 0.010844
[runlim] end:			Sat May 16 16:02:49 2020
[runlim] status:		ok
[runlim] result:		0
[runlim] children:		0
[runlim] real:			1.65 seconds
[runlim] time:			1.66 seconds
[runlim] space:			48.2 MB
[runlim] samples:		11
[runlim] version:		1.10
[runlim] time limit:		311040000 seconds
[runlim] real time limit:	1200 seconds
[runlim] space limit:		15000 MB
[runlim] argv[0]:		python3
[runlim] argv[1]:		/raid/steuber/Software/ablector/ablector
[runlim] argv[2]:		/raid/steuber/Benchmarks/2019/QF_BV/sage/app7/bench_2348.smt2
[runlim] argv[3]:		--ufReuse=1
[runlim] start:			Sat May 16 16:02:49 2020
[runlim] main pid:		18223
[Ablector] INFO: ABLECTOR TIME: 0.003936
[runlim] end:			Sat May 16 16:02:52 2020
[runlim] status:		ok
[runlim] result:		0
[runlim] children:		18
[runlim] real:			2.26 seconds
[runlim] time:			2.68 seconds
[runlim] space:			97.9 MB
[runlim] samples:		22
[runlim] version:		1.10
[runlim] time limit:		311040000 seconds
[runlim] real time limit:	1200 seconds
[runlim] space limit:		15000 MB
[runlim] argv[0]:		python3
[runlim] argv[1]:		/raid/steuber/Software/ablector/ablector
[runlim] argv[2]:		/raid/steuber/Benchmarks/2019/QF_BV/sage/app12/bench_755.smt2
[runlim] argv[3]:		--ufReuse=1
[runlim] start:			Sat May 16 16:02:52 2020
[runlim] main pid:		18243
[Ablector] INFO: ABLECTOR TIME: 0.003708
[runlim] end:			Sat May 16 16:02:53 2020
[runlim] status:		ok
[runlim] result:		0
[runlim] children:		0
[runlim] real:			1.04 seconds
[runlim] time:			0.97 seconds
[runlim] space:			37.6 MB
[runlim] samples:		4
[runlim] version:		1.10
[runlim] time limit:		311040000 seconds
[runlim] real time limit:	1200 seconds
[runlim] space limit:		15000 MB
[runlim] argv[0]:		python3
[runlim] argv[1]:		/raid/steuber/Software/ablector/ablector
[runlim] argv[2]:		/raid/steuber/Benchmarks/2019/QF_BV/sage/app8/bench_356.smt2
[runlim] argv[3]:		--ufReuse=1
[runlim] start:			Sat May 16 16:02:53 2020
[runlim] main pid:		18263
[Ablector] INFO: ABLECTOR TIME: 0.003761
[runlim] end:			Sat May 16 16:02:53 2020
[runlim] status:		ok
[runlim] result:		0
[runlim] children:		0
[runlim] real:			0.88 seconds
[runlim] time:			0.97 seconds
[runlim] space:			37.7 MB
[runlim] samples:		4
[runlim] version:		1.10
[runlim] time limit:		311040000 seconds
[runlim] real time limit:	1200 seconds
[runlim] space limit:		15000 MB
[runlim] argv[0]:		python3
[runlim] argv[1]:		/raid/steuber/Software/ablector/ablector
[runlim] argv[2]:		/raid/steuber/Benchmarks/2019/QF_BV/sage/app7/bench_8436.smt2
[runlim] argv[3]:		--ufReuse=1
[runlim] start:			Sat May 16 16:02:54 2020
[runlim] main pid:		18283
[Ablector] INFO: *** ROUND 0
[Ablector] INFO: *** ROUND 1
[MulNode] INFO: Level 0
[MulNode] INFO: Level 0
[MulNode] INFO: Level 1
[MulNode] INFO: Level 0
[MulNode] INFO: Level 1
[Ablector] INFO: ABLECTOR TIME: 0.343129
[Ablector] INFO: SAT TIME: 0.337721
[Ablector] INFO: REF TIME: 0.077521
[runlim] end:			Sat May 16 16:02:55 2020
[runlim] status:		ok
[runlim] result:		0
[runlim] children:		0
[runlim] real:			1.02 seconds
[runlim] time:			1.27 seconds
[runlim] space:			44.3 MB
[runlim] samples:		7
[runlim] version:		1.10
[runlim] time limit:		311040000 seconds
[runlim] real time limit:	1200 seconds
[runlim] space limit:		15000 MB
[runlim] argv[0]:		python3
[runlim] argv[1]:		/raid/steuber/Software/ablector/ablector
[runlim] argv[2]:		/raid/steuber/Benchmarks/2019/QF_BV/sage/app7/bench_1352.smt2
[runlim] argv[3]:		--ufReuse=1
[runlim] start:			Sat May 16 16:02:55 2020
[runlim] main pid:		18303
[Ablector] INFO: ABLECTOR TIME: 0.003922
[runlim] end:			Sat May 16 16:02:56 2020
[runlim] status:		ok
[runlim] result:		0
[runlim] children:		6
[runlim] real:			1.50 seconds
[runlim] time:			1.57 seconds
[runlim] space:			68.0 MB
[runlim] samples:		11
[runlim] version:		1.10
[runlim] time limit:		311040000 seconds
[runlim] real time limit:	1200 seconds
[runlim] space limit:		15000 MB
[runlim] argv[0]:		python3
[runlim] argv[1]:		/raid/steuber/Software/ablector/ablector
[runlim] argv[2]:		/raid/steuber/Benchmarks/2019/QF_BV/sage/app2/bench_175.smt2
[runlim] argv[3]:		--ufReuse=1
[runlim] start:			Sat May 16 16:02:56 2020
[runlim] main pid:		18325
[Ablector] INFO: *** ROUND 0
[SdivNode] INFO: Level 0
[MulNode] INFO: Level 0
[MulNode] INFO: Level 0
[SdivNode] INFO: Level 0
[MulNode] INFO: Level 0
[MulNode] INFO: Level 0
[SdivNode] INFO: Level 0
[Ablector] INFO: ABLECTOR TIME: 0.098681
[Ablector] INFO: SAT TIME: 0.092888
[Ablector] INFO: REF TIME: 0.041588
[runlim] end:			Sat May 16 16:02:57 2020
[runlim] status:		ok
[runlim] result:		0
[runlim] children:		0
[runlim] real:			1.42 seconds
[runlim] time:			1.07 seconds
[runlim] space:			44.8 MB
[runlim] samples:		5
[runlim] version:		1.10
[runlim] time limit:		311040000 seconds
[runlim] real time limit:	1200 seconds
[runlim] space limit:		15000 MB
[runlim] argv[0]:		python3
[runlim] argv[1]:		/raid/steuber/Software/ablector/ablector
[runlim] argv[2]:		/raid/steuber/Benchmarks/2019/QF_BV/sage/app7/bench_5444.smt2
[runlim] argv[3]:		--ufReuse=1
[runlim] start:			Sat May 16 16:02:57 2020
[runlim] main pid:		18345
[Ablector] INFO: ABLECTOR TIME: 0.003752
[runlim] end:			Sat May 16 16:02:58 2020
[runlim] status:		ok
[runlim] result:		0
[runlim] children:		1
[runlim] real:			1.26 seconds
[runlim] time:			0.97 seconds
[runlim] space:			37.6 MB
[runlim] samples:		4
[runlim] version:		1.10
[runlim] time limit:		311040000 seconds
[runlim] real time limit:	1200 seconds
[runlim] space limit:		15000 MB
[runlim] argv[0]:		python3
[runlim] argv[1]:		/raid/steuber/Software/ablector/ablector
[runlim] argv[2]:		/raid/steuber/Benchmarks/2019/QF_BV/Sage2/bench_1900.smt2
[runlim] argv[3]:		--ufReuse=1
[runlim] start:			Sat May 16 16:02:58 2020
[runlim] main pid:		18365
[Ablector] INFO: *** ROUND 0
[MulNode] INFO: Level 0
[MulNode] INFO: Level 0
[MulNode] INFO: Level 0
[MulNode] INFO: Level 0
[MulNode] INFO: Level 0
[MulNode] INFO: Level 0
[MulNode] INFO: Level 0
[Ablector] INFO: ABLECTOR TIME: 0.126186
[Ablector] INFO: SAT TIME: 0.120531
[Ablector] INFO: REF TIME: 0.068498
[runlim] end:			Sat May 16 16:02:59 2020
[runlim] status:		ok
[runlim] result:		0
[runlim] children:		1
[runlim] real:			1.32 seconds
[runlim] time:			1.26 seconds
[runlim] space:			42.3 MB
[runlim] samples:		7
[runlim] version:		1.10
[runlim] time limit:		311040000 seconds
[runlim] real time limit:	1200 seconds
[runlim] space limit:		15000 MB
[runlim] argv[0]:		python3
[runlim] argv[1]:		/raid/steuber/Software/ablector/ablector
[runlim] argv[2]:		/raid/steuber/Benchmarks/2019/QF_BV/sage/app9/bench_698.smt2
[runlim] argv[3]:		--ufReuse=1
[runlim] start:			Sat May 16 16:02:59 2020
[runlim] main pid:		18385
[Ablector] INFO: ABLECTOR TIME: 0.003625
[runlim] end:			Sat May 16 16:03:00 2020
[runlim] status:		ok
[runlim] result:		0
[runlim] children:		0
[runlim] real:			1.09 seconds
[runlim] time:			0.98 seconds
[runlim] space:			37.6 MB
[runlim] samples:		4
[runlim] version:		1.10
[runlim] time limit:		311040000 seconds
[runlim] real time limit:	1200 seconds
[runlim] space limit:		15000 MB
[runlim] argv[0]:		python3
[runlim] argv[1]:		/raid/steuber/Software/ablector/ablector
[runlim] argv[2]:		/raid/steuber/Benchmarks/2019/QF_BV/Sage2/bench_2506.smt2
[runlim] argv[3]:		--ufReuse=1
[runlim] start:			Sat May 16 16:03:00 2020
[runlim] main pid:		18405
[Ablector] INFO: *** ROUND 0
[MulNode] INFO: Level 0
[MulNode] INFO: Level 0
[MulNode] INFO: Level 0
[MulNode] INFO: Level 0
[MulNode] INFO: Level 0
[MulNode] INFO: Level 0
[MulNode] INFO: Level 0
[MulNode] INFO: Level 0
[MulNode] INFO: Level 0
[MulNode] INFO: Level 0
[MulNode] INFO: Level 0
[MulNode] INFO: Level 0
[MulNode] INFO: Level 0
[MulNode] INFO: Level 0
[MulNode] INFO: Level 0
[MulNode] INFO: Level 0
[MulNode] INFO: Level 0
[MulNode] INFO: Level 0
[MulNode] INFO: Level 0
[MulNode] INFO: Level 0
[MulNode] INFO: Level 0
[MulNode] INFO: Level 0
[MulNode] INFO: Level 0
[MulNode] INFO: Level 0
[MulNode] INFO: Level 0
[MulNode] INFO: Level 0
[MulNode] INFO: Level 0
[MulNode] INFO: Level 0
[MulNode] INFO: Level 0
[MulNode] INFO: Level 0
[MulNode] INFO: Level 0
[MulNode] INFO: Level 0
[MulNode] INFO: Level 0
[MulNode] INFO: Level 0
[MulNode] INFO: Level 0
[MulNode] INFO: Level 0
[MulNode] INFO: Level 0
[MulNode] INFO: Level 0
[MulNode] INFO: Level 0
[MulNode] INFO: Level 0
[MulNode] INFO: Level 0
[MulNode] INFO: Level 0
[MulNode] INFO: Level 0
[MulNode] INFO: Level 0
[MulNode] INFO: Level 0
[MulNode] INFO: Level 0
[MulNode] INFO: Level 0
[MulNode] INFO: Level 0
[MulNode] INFO: Level 0
[MulNode] INFO: Level 0
[MulNode] INFO: Level 0
[MulNode] INFO: Level 0
[MulNode] INFO: Level 0
[MulNode] INFO: Level 0
[MulNode] INFO: Level 0
[MulNode] INFO: Level 0
[MulNode] INFO: Level 0
[MulNode] INFO: Level 0
[MulNode] INFO: Level 0
[MulNode] INFO: Level 0
[MulNode] INFO: Level 0
[MulNode] INFO: Level 0
[MulNode] INFO: Level 0
[MulNode] INFO: Level 0
[MulNode] INFO: Level 0
[MulNode] INFO: Level 0
[MulNode] INFO: Level 0
[MulNode] INFO: Level 0
[MulNode] INFO: Level 0
[MulNode] INFO: Level 0
[MulNode] INFO: Level 0
[MulNode] INFO: Level 0
[MulNode] INFO: Level 0
[Ablector] INFO: ABLECTOR TIME: 3.626331
[Ablector] INFO: SAT TIME: 3.593785
[Ablector] INFO: REF TIME: 0.619595
[runlim] end:			Sat May 16 16:03:07 2020
[runlim] status:		ok
[runlim] result:		0
[runlim] children:		1
[runlim] real:			7.30 seconds
[runlim] time:			7.20 seconds
[runlim] space:			378.6 MB
[runlim] samples:		68
[runlim] version:		1.10
[runlim] time limit:		311040000 seconds
[runlim] real time limit:	1200 seconds
[runlim] space limit:		15000 MB
[runlim] argv[0]:		python3
[runlim] argv[1]:		/raid/steuber/Software/ablector/ablector
[runlim] argv[2]:		/raid/steuber/Benchmarks/2019/QF_BV/Sage2/bench_6850.smt2
[runlim] argv[3]:		--ufReuse=1
[runlim] start:			Sat May 16 16:03:07 2020
[runlim] main pid:		18425
[Ablector] INFO: *** ROUND 0
[MulNode] INFO: Level 0
[MulNode] INFO: Level 0
[MulNode] INFO: Level 0
[MulNode] INFO: Level 0
[MulNode] INFO: Level 0
[MulNode] INFO: Level 0
[MulNode] INFO: Level 0
[MulNode] INFO: Level 0
[MulNode] INFO: Level 0
[MulNode] INFO: Level 0
[MulNode] INFO: Level 0
[MulNode] INFO: Level 0
[MulNode] INFO: Level 0
[MulNode] INFO: Level 0
[MulNode] INFO: Level 0
[MulNode] INFO: Level 0
[MulNode] INFO: Level 0
[MulNode] INFO: Level 0
[MulNode] INFO: Level 0
[MulNode] INFO: Level 0
[MulNode] INFO: Level 0
[MulNode] INFO: Level 0
[MulNode] INFO: Level 0
[MulNode] INFO: Level 0
[MulNode] INFO: Level 0
[MulNode] INFO: Level 0
[MulNode] INFO: Level 0
[MulNode] INFO: Level 0
[MulNode] INFO: Level 0
[MulNode] INFO: Level 0
[MulNode] INFO: Level 0
[MulNode] INFO: Level 0
[MulNode] INFO: Level 0
[MulNode] INFO: Level 0
[MulNode] INFO: Level 0
[MulNode] INFO: Level 0
[MulNode] INFO: Level 0
[MulNode] INFO: Level 0
[MulNode] INFO: Level 0
[MulNode] INFO: Level 0
[MulNode] INFO: Level 0
[MulNode] INFO: Level 0
[MulNode] INFO: Level 0
[MulNode] INFO: Level 0
[MulNode] INFO: Level 0
[MulNode] INFO: Level 0
[MulNode] INFO: Level 0
[MulNode] INFO: Level 0
[MulNode] INFO: Level 0
[MulNode] INFO: Level 0
[MulNode] INFO: Level 0
[MulNode] INFO: Level 0
[MulNode] INFO: Level 0
[MulNode] INFO: Level 0
[MulNode] INFO: Level 0
[MulNode] INFO: Level 0
[MulNode] INFO: Level 0
[MulNode] INFO: Level 0
[MulNode] INFO: Level 0
[MulNode] INFO: Level 0
[MulNode] INFO: Level 0
[MulNode] INFO: Level 0
[MulNode] INFO: Level 0
[MulNode] INFO: Level 0
[MulNode] INFO: Level 0
[MulNode] INFO: Level 0
[MulNode] INFO: Level 0
[MulNode] INFO: Level 0
[MulNode] INFO: Level 0
[MulNode] INFO: Level 0
[MulNode] INFO: Level 0
[MulNode] INFO: Level 0
[MulNode] INFO: Level 0
[MulNode] INFO: Level 0
[MulNode] INFO: Level 0
[MulNode] INFO: Level 0
[MulNode] INFO: Level 0
[MulNode] INFO: Level 0
[MulNode] INFO: Level 0
[MulNode] INFO: Level 0
[MulNode] INFO: Level 0
[MulNode] INFO: Level 0
[MulNode] INFO: Level 0
[MulNode] INFO: Level 0
[MulNode] INFO: Level 0
[MulNode] INFO: Level 0
[MulNode] INFO: Level 0
[MulNode] INFO: Level 0
[MulNode] INFO: Level 0
[MulNode] INFO: Level 0
[Ablector] INFO: ABLECTOR TIME: 3.775414
[Ablector] INFO: SAT TIME: 3.739830
[Ablector] INFO: REF TIME: 0.752313
[runlim] end:			Sat May 16 16:03:14 2020
[runlim] status:		ok
[runlim] result:		0
[runlim] children:		2
[runlim] real:			7.83 seconds
[runlim] time:			7.48 seconds
[runlim] space:			379.6 MB
[runlim] samples:		71
[runlim] version:		1.10
[runlim] time limit:		311040000 seconds
[runlim] real time limit:	1200 seconds
[runlim] space limit:		15000 MB
[runlim] argv[0]:		python3
[runlim] argv[1]:		/raid/steuber/Software/ablector/ablector
[runlim] argv[2]:		/raid/steuber/Benchmarks/2019/QF_BV/sage/app7/bench_402.smt2
[runlim] argv[3]:		--ufReuse=1
[runlim] start:			Sat May 16 16:03:15 2020
[runlim] main pid:		18446
[Ablector] INFO: ABLECTOR TIME: 0.003889
[runlim] end:			Sat May 16 16:03:16 2020
[runlim] status:		ok
[runlim] result:		0
[runlim] children:		13
[runlim] real:			1.93 seconds
[runlim] time:			2.16 seconds
[runlim] space:			81.6 MB
[runlim] samples:		17
[runlim] version:		1.10
[runlim] time limit:		311040000 seconds
[runlim] real time limit:	1200 seconds
[runlim] space limit:		15000 MB
[runlim] argv[0]:		python3
[runlim] argv[1]:		/raid/steuber/Software/ablector/ablector
[runlim] argv[2]:		/raid/steuber/Benchmarks/2019/QF_BV/sage/app7/bench_5981.smt2
[runlim] argv[3]:		--ufReuse=1
[runlim] start:			Sat May 16 16:03:17 2020
[runlim] main pid:		18466
[Ablector] INFO: ABLECTOR TIME: 0.003739
[runlim] end:			Sat May 16 16:03:17 2020
[runlim] status:		ok
[runlim] result:		0
[runlim] children:		0
[runlim] real:			0.72 seconds
[runlim] time:			0.95 seconds
[runlim] space:			37.6 MB
[runlim] samples:		4
[runlim] version:		1.10
[runlim] time limit:		311040000 seconds
[runlim] real time limit:	1200 seconds
[runlim] space limit:		15000 MB
[runlim] argv[0]:		python3
[runlim] argv[1]:		/raid/steuber/Software/ablector/ablector
[runlim] argv[2]:		/raid/steuber/Benchmarks/2019/QF_BV/Sage2/bench_15258.smt2
[runlim] argv[3]:		--ufReuse=1
[runlim] start:			Sat May 16 16:03:18 2020
[runlim] main pid:		18486
[Ablector] INFO: *** ROUND 0
[MulNode] INFO: Level 0
[Ablector] INFO: ABLECTOR TIME: 0.351922
[Ablector] INFO: SAT TIME: 0.347133
[Ablector] INFO: REF TIME: 0.010808
[runlim] end:			Sat May 16 16:03:18 2020
[runlim] status:		ok
[runlim] result:		0
[runlim] children:		0
[runlim] real:			0.98 seconds
[runlim] time:			1.45 seconds
[runlim] space:			43.8 MB
[runlim] samples:		9
[runlim] version:		1.10
[runlim] time limit:		311040000 seconds
[runlim] real time limit:	1200 seconds
[runlim] space limit:		15000 MB
[runlim] argv[0]:		python3
[runlim] argv[1]:		/raid/steuber/Software/ablector/ablector
[runlim] argv[2]:		/raid/steuber/Benchmarks/2019/QF_BV/sage/app7/bench_6352.smt2
[runlim] argv[3]:		--ufReuse=1
[runlim] start:			Sat May 16 16:03:19 2020
[runlim] main pid:		18506
[Ablector] INFO: ABLECTOR TIME: 0.003854
[runlim] end:			Sat May 16 16:03:19 2020
[runlim] status:		ok
[runlim] result:		0
[runlim] children:		0
[runlim] real:			0.76 seconds
[runlim] time:			0.97 seconds
[runlim] space:			37.6 MB
[runlim] samples:		4
[runlim] version:		1.10
[runlim] time limit:		311040000 seconds
[runlim] real time limit:	1200 seconds
[runlim] space limit:		15000 MB
[runlim] argv[0]:		python3
[runlim] argv[1]:		/raid/steuber/Software/ablector/ablector
[runlim] argv[2]:		/raid/steuber/Benchmarks/2019/QF_BV/sage/app7/bench_4050.smt2
[runlim] argv[3]:		--ufReuse=1
[runlim] start:			Sat May 16 16:03:20 2020
[runlim] main pid:		18526
[Ablector] INFO: ABLECTOR TIME: 0.003931
[runlim] end:			Sat May 16 16:03:20 2020
[runlim] status:		ok
[runlim] result:		0
[runlim] children:		1
[runlim] real:			0.73 seconds
[runlim] time:			1.07 seconds
[runlim] space:			44.9 MB
[runlim] samples:		6
[runlim] version:		1.10
[runlim] time limit:		311040000 seconds
[runlim] real time limit:	1200 seconds
[runlim] space limit:		15000 MB
[runlim] argv[0]:		python3
[runlim] argv[1]:		/raid/steuber/Software/ablector/ablector
[runlim] argv[2]:		/raid/steuber/Benchmarks/2019/QF_BV/sage/app7/bench_5471.smt2
[runlim] argv[3]:		--ufReuse=1
[runlim] start:			Sat May 16 16:03:21 2020
[runlim] main pid:		18547
[Ablector] INFO: ABLECTOR TIME: 0.003818
[runlim] end:			Sat May 16 16:03:21 2020
[runlim] status:		ok
[runlim] result:		0
[runlim] children:		0
[runlim] real:			0.54 seconds
[runlim] time:			0.92 seconds
[runlim] space:			37.8 MB
[runlim] samples:		4
[runlim] version:		1.10
[runlim] time limit:		311040000 seconds
[runlim] real time limit:	1200 seconds
[runlim] space limit:		15000 MB
[runlim] argv[0]:		python3
[runlim] argv[1]:		/raid/steuber/Software/ablector/ablector
[runlim] argv[2]:		/raid/steuber/Benchmarks/2019/QF_BV/sage/app2/bench_993.smt2
[runlim] argv[3]:		--ufReuse=1
[runlim] start:			Sat May 16 16:03:21 2020
[runlim] main pid:		18568
[Ablector] INFO: ABLECTOR TIME: 0.003811
[runlim] end:			Sat May 16 16:03:22 2020
[runlim] status:		ok
[runlim] result:		0
[runlim] children:		0
[runlim] real:			1.39 seconds
[runlim] time:			1.01 seconds
[runlim] space:			37.5 MB
[runlim] samples:		5
[runlim] version:		1.10
[runlim] time limit:		311040000 seconds
[runlim] real time limit:	1200 seconds
[runlim] space limit:		15000 MB
[runlim] argv[0]:		python3
[runlim] argv[1]:		/raid/steuber/Software/ablector/ablector
[runlim] argv[2]:		/raid/steuber/Benchmarks/2019/QF_BV/20190311-bv-term-small-rw-Noetzli/bv-term-small-rw_272.smt2
[runlim] argv[3]:		--ufReuse=1
[runlim] start:			Sat May 16 16:03:22 2020
[runlim] main pid:		18588
[Ablector] INFO: ABLECTOR TIME: 0.003690
[runlim] end:			Sat May 16 16:03:23 2020
[runlim] status:		ok
[runlim] result:		0
[runlim] children:		0
[runlim] real:			1.18 seconds
[runlim] time:			0.95 seconds
[runlim] space:			38.0 MB
[runlim] samples:		4
[runlim] version:		1.10
[runlim] time limit:		311040000 seconds
[runlim] real time limit:	1200 seconds
[runlim] space limit:		15000 MB
[runlim] argv[0]:		python3
[runlim] argv[1]:		/raid/steuber/Software/ablector/ablector
[runlim] argv[2]:		/raid/steuber/Benchmarks/2019/QF_BV/Sage2/bench_15470.smt2
[runlim] argv[3]:		--ufReuse=1
[runlim] start:			Sat May 16 16:03:23 2020
[runlim] main pid:		18608
[Ablector] INFO: *** ROUND 0
[MulNode] INFO: Level 0
[Ablector] INFO: ABLECTOR TIME: 0.187482
[Ablector] INFO: SAT TIME: 0.182801
[Ablector] INFO: REF TIME: 0.010788
[runlim] end:			Sat May 16 16:03:24 2020
[runlim] status:		ok
[runlim] result:		0
[runlim] children:		0
[runlim] real:			1.22 seconds
[runlim] time:			1.17 seconds
[runlim] space:			41.8 MB
[runlim] samples:		6
[runlim] version:		1.10
[runlim] time limit:		311040000 seconds
[runlim] real time limit:	1200 seconds
[runlim] space limit:		15000 MB
[runlim] argv[0]:		python3
[runlim] argv[1]:		/raid/steuber/Software/ablector/ablector
[runlim] argv[2]:		/raid/steuber/Benchmarks/2019/QF_BV/sage/app1/bench_825.smt2
[runlim] argv[3]:		--ufReuse=1
[runlim] start:			Sat May 16 16:03:24 2020
[runlim] main pid:		18628
[Ablector] INFO: *** ROUND 0
[MulNode] INFO: Level 0
[MulNode] INFO: Level 0
[MulNode] INFO: Level 0
[MulNode] INFO: Level 0
[MulNode] INFO: Level 0
[Ablector] INFO: ABLECTOR TIME: 0.356734
[Ablector] INFO: SAT TIME: 0.350604
[Ablector] INFO: REF TIME: 0.048264
[runlim] end:			Sat May 16 16:03:25 2020
[runlim] status:		ok
[runlim] result:		0
[runlim] children:		1
[runlim] real:			1.67 seconds
[runlim] time:			1.62 seconds
[runlim] space:			55.9 MB
[runlim] samples:		11
[runlim] version:		1.10
[runlim] time limit:		311040000 seconds
[runlim] real time limit:	1200 seconds
[runlim] space limit:		15000 MB
[runlim] argv[0]:		python3
[runlim] argv[1]:		/raid/steuber/Software/ablector/ablector
[runlim] argv[2]:		/raid/steuber/Benchmarks/2019/QF_BV/sage/app2/bench_478.smt2
[runlim] argv[3]:		--ufReuse=1
[runlim] start:			Sat May 16 16:03:26 2020
[runlim] main pid:		18648
[Ablector] INFO: ABLECTOR TIME: 0.004014
[runlim] end:			Sat May 16 16:03:26 2020
[runlim] status:		ok
[runlim] result:		0
[runlim] children:		2
[runlim] real:			0.60 seconds
[runlim] time:			1.04 seconds
[runlim] space:			45.4 MB
[runlim] samples:		5
[runlim] version:		1.10
[runlim] time limit:		311040000 seconds
[runlim] real time limit:	1200 seconds
[runlim] space limit:		15000 MB
[runlim] argv[0]:		python3
[runlim] argv[1]:		/raid/steuber/Software/ablector/ablector
[runlim] argv[2]:		/raid/steuber/Benchmarks/2019/QF_BV/Sage2/bench_4254.smt2
[runlim] argv[3]:		--ufReuse=1
[runlim] start:			Sat May 16 16:03:26 2020
[runlim] main pid:		18668
[Ablector] INFO: *** ROUND 0
[MulNode] INFO: Level 0
[Ablector] INFO: ABLECTOR TIME: 0.183618
[Ablector] INFO: SAT TIME: 0.178816
[Ablector] INFO: REF TIME: 0.010990
[runlim] end:			Sat May 16 16:03:27 2020
[runlim] status:		ok
[runlim] result:		0
[runlim] children:		0
[runlim] real:			1.60 seconds
[runlim] time:			1.16 seconds
[runlim] space:			43.6 MB
[runlim] samples:		6
[runlim] version:		1.10
[runlim] time limit:		311040000 seconds
[runlim] real time limit:	1200 seconds
[runlim] space limit:		15000 MB
[runlim] argv[0]:		python3
[runlim] argv[1]:		/raid/steuber/Software/ablector/ablector
[runlim] argv[2]:		/raid/steuber/Benchmarks/2019/QF_BV/sage/app1/bench_442.smt2
[runlim] argv[3]:		--ufReuse=1
[runlim] start:			Sat May 16 16:03:27 2020
[runlim] main pid:		18688
[Ablector] INFO: ABLECTOR TIME: 0.003785
[runlim] end:			Sat May 16 16:03:28 2020
[runlim] status:		ok
[runlim] result:		0
[runlim] children:		0
[runlim] real:			1.37 seconds
[runlim] time:			0.97 seconds
[runlim] space:			37.8 MB
[runlim] samples:		4
[runlim] version:		1.10
[runlim] time limit:		311040000 seconds
[runlim] real time limit:	1200 seconds
[runlim] space limit:		15000 MB
[runlim] argv[0]:		python3
[runlim] argv[1]:		/raid/steuber/Software/ablector/ablector
[runlim] argv[2]:		/raid/steuber/Benchmarks/2019/QF_BV/sage/app7/bench_2806.smt2
[runlim] argv[3]:		--ufReuse=1
[runlim] start:			Sat May 16 16:03:28 2020
[runlim] main pid:		18708
[Ablector] INFO: ABLECTOR TIME: 0.004050
[runlim] end:			Sat May 16 16:03:29 2020
[runlim] status:		ok
[runlim] result:		0
[runlim] children:		2
[runlim] real:			1.37 seconds
[runlim] time:			1.07 seconds
[runlim] space:			46.7 MB
[runlim] samples:		6
[runlim] version:		1.10
[runlim] time limit:		311040000 seconds
[runlim] real time limit:	1200 seconds
[runlim] space limit:		15000 MB
[runlim] argv[0]:		python3
[runlim] argv[1]:		/raid/steuber/Software/ablector/ablector
[runlim] argv[2]:		/raid/steuber/Benchmarks/2019/QF_BV/bmc-bv-svcomp14/modulus_true.c.21.smt2
[runlim] argv[3]:		--ufReuse=1
[runlim] start:			Sat May 16 16:03:29 2020
[runlim] main pid:		18728
[Ablector] INFO: *** ROUND 0
[Ablector] INFO: *** ROUND 1
[runlim] sample:		10.4 time, 10.7 real, 144.8 MB
[runlim] sample:		20.4 time, 20.7 real, 152.7 MB
[runlim] sample:		30.4 time, 30.7 real, 136.3 MB
[UremNode] INFO: Level 1
[Ablector] INFO: ABLECTOR TIME: 29.650236
[Ablector] INFO: SAT TIME: 29.643598
[Ablector] INFO: REF TIME: 0.001053
[runlim] end:			Sat May 16 16:04:01 2020
[runlim] status:		ok
[runlim] result:		0
[runlim] children:		2
[runlim] real:			32.21 seconds
[runlim] time:			31.80 seconds
[runlim] space:			154.7 MB
[runlim] samples:		314
[runlim] version:		1.10
[runlim] time limit:		311040000 seconds
[runlim] real time limit:	1200 seconds
[runlim] space limit:		15000 MB
[runlim] argv[0]:		python3
[runlim] argv[1]:		/raid/steuber/Software/ablector/ablector
[runlim] argv[2]:		/raid/steuber/Benchmarks/2019/QF_BV/sage/app11/bench_221.smt2
[runlim] argv[3]:		--ufReuse=1
[runlim] start:			Sat May 16 16:04:01 2020
[runlim] main pid:		18755
[Ablector] INFO: ABLECTOR TIME: 0.004021
[runlim] end:			Sat May 16 16:04:02 2020
[runlim] status:		ok
[runlim] result:		0
[runlim] children:		5
[runlim] real:			1.65 seconds
[runlim] time:			1.38 seconds
[runlim] space:			67.9 MB
[runlim] samples:		10
[runlim] version:		1.10
[runlim] time limit:		311040000 seconds
[runlim] real time limit:	1200 seconds
[runlim] space limit:		15000 MB
[runlim] argv[0]:		python3
[runlim] argv[1]:		/raid/steuber/Software/ablector/ablector
[runlim] argv[2]:		/raid/steuber/Benchmarks/2019/QF_BV/sage/app7/bench_1652.smt2
[runlim] argv[3]:		--ufReuse=1
[runlim] start:			Sat May 16 16:04:02 2020
[runlim] main pid:		18775
[Ablector] INFO: ABLECTOR TIME: 0.003913
[runlim] end:			Sat May 16 16:04:03 2020
[runlim] status:		ok
[runlim] result:		0
[runlim] children:		5
[runlim] real:			1.96 seconds
[runlim] time:			1.34 seconds
[runlim] space:			60.7 MB
[runlim] samples:		9
[runlim] version:		1.10
[runlim] time limit:		311040000 seconds
[runlim] real time limit:	1200 seconds
[runlim] space limit:		15000 MB
[runlim] argv[0]:		python3
[runlim] argv[1]:		/raid/steuber/Software/ablector/ablector
[runlim] argv[2]:		/raid/steuber/Benchmarks/2019/QF_BV/20190311-bv-term-small-rw-Noetzli/bv-term-small-rw_613.smt2
[runlim] argv[3]:		--ufReuse=1
[runlim] start:			Sat May 16 16:04:04 2020
[runlim] main pid:		18795
[Ablector] INFO: ABLECTOR TIME: 0.003606
[runlim] end:			Sat May 16 16:04:04 2020
[runlim] status:		ok
[runlim] result:		0
[runlim] children:		0
[runlim] real:			0.77 seconds
[runlim] time:			0.97 seconds
[runlim] space:			37.5 MB
[runlim] samples:		4
[runlim] version:		1.10
[runlim] time limit:		311040000 seconds
[runlim] real time limit:	1200 seconds
[runlim] space limit:		15000 MB
[runlim] argv[0]:		python3
[runlim] argv[1]:		/raid/steuber/Software/ablector/ablector
[runlim] argv[2]:		/raid/steuber/Benchmarks/2019/QF_BV/sage/app1/bench_972.smt2
[runlim] argv[3]:		--ufReuse=1
[runlim] start:			Sat May 16 16:04:05 2020
[runlim] main pid:		18815
[Ablector] INFO: ABLECTOR TIME: 0.003613
[runlim] end:			Sat May 16 16:04:05 2020
[runlim] status:		ok
[runlim] result:		0
[runlim] children:		0
[runlim] real:			0.59 seconds
[runlim] time:			0.96 seconds
[runlim] space:			37.8 MB
[runlim] samples:		4
[runlim] version:		1.10
[runlim] time limit:		311040000 seconds
[runlim] real time limit:	1200 seconds
[runlim] space limit:		15000 MB
[runlim] argv[0]:		python3
[runlim] argv[1]:		/raid/steuber/Software/ablector/ablector
[runlim] argv[2]:		/raid/steuber/Benchmarks/2019/QF_BV/sage/app7/bench_2982.smt2
[runlim] argv[3]:		--ufReuse=1
[runlim] start:			Sat May 16 16:04:05 2020
[runlim] main pid:		18835
[Ablector] INFO: ABLECTOR TIME: 0.003924
[runlim] end:			Sat May 16 16:04:06 2020
[runlim] status:		ok
[runlim] result:		0
[runlim] children:		2
[runlim] real:			1.61 seconds
[runlim] time:			1.05 seconds
[runlim] space:			45.9 MB
[runlim] samples:		6
[runlim] version:		1.10
[runlim] time limit:		311040000 seconds
[runlim] real time limit:	1200 seconds
[runlim] space limit:		15000 MB
[runlim] argv[0]:		python3
[runlim] argv[1]:		/raid/steuber/Software/ablector/ablector
[runlim] argv[2]:		/raid/steuber/Benchmarks/2019/QF_BV/sage/app10/bench_25.smt2
[runlim] argv[3]:		--ufReuse=1
[runlim] start:			Sat May 16 16:04:06 2020
[runlim] main pid:		18855
[Ablector] INFO: ABLECTOR TIME: 0.003772
[runlim] end:			Sat May 16 16:04:07 2020
[runlim] status:		ok
[runlim] result:		0
[runlim] children:		0
[runlim] real:			1.41 seconds
[runlim] time:			0.93 seconds
[runlim] space:			37.8 MB
[runlim] samples:		4
[runlim] version:		1.10
[runlim] time limit:		311040000 seconds
[runlim] real time limit:	1200 seconds
[runlim] space limit:		15000 MB
[runlim] argv[0]:		python3
[runlim] argv[1]:		/raid/steuber/Software/ablector/ablector
[runlim] argv[2]:		/raid/steuber/Benchmarks/2019/QF_BV/sage/app1/bench_839.smt2
[runlim] argv[3]:		--ufReuse=1
[runlim] start:			Sat May 16 16:04:07 2020
[runlim] main pid:		18875
[Ablector] INFO: ABLECTOR TIME: 0.003709
[runlim] end:			Sat May 16 16:04:08 2020
[runlim] status:		ok
[runlim] result:		0
[runlim] children:		0
[runlim] real:			1.23 seconds
[runlim] time:			0.97 seconds
[runlim] space:			37.5 MB
[runlim] samples:		4
[runlim] version:		1.10
[runlim] time limit:		311040000 seconds
[runlim] real time limit:	1200 seconds
[runlim] space limit:		15000 MB
[runlim] argv[0]:		python3
[runlim] argv[1]:		/raid/steuber/Software/ablector/ablector
[runlim] argv[2]:		/raid/steuber/Benchmarks/2019/QF_BV/sage/app7/bench_6120.smt2
[runlim] argv[3]:		--ufReuse=1
[runlim] start:			Sat May 16 16:04:08 2020
[runlim] main pid:		18895
[Ablector] INFO: ABLECTOR TIME: 0.003742
[runlim] end:			Sat May 16 16:04:09 2020
[runlim] status:		ok
[runlim] result:		0
[runlim] children:		0
[runlim] real:			1.06 seconds
[runlim] time:			0.98 seconds
[runlim] space:			37.6 MB
[runlim] samples:		4
[runlim] version:		1.10
[runlim] time limit:		311040000 seconds
[runlim] real time limit:	1200 seconds
[runlim] space limit:		15000 MB
[runlim] argv[0]:		python3
[runlim] argv[1]:		/raid/steuber/Software/ablector/ablector
[runlim] argv[2]:		/raid/steuber/Benchmarks/2019/QF_BV/sage/app7/bench_8644.smt2
[runlim] argv[3]:		--ufReuse=1
[runlim] start:			Sat May 16 16:04:09 2020
[runlim] main pid:		18915
[Ablector] INFO: ABLECTOR TIME: 0.003933
[runlim] end:			Sat May 16 16:04:11 2020
[runlim] status:		ok
[runlim] result:		0
[runlim] children:		13
[runlim] real:			2.22 seconds
[runlim] time:			2.25 seconds
[runlim] space:			83.4 MB
[runlim] samples:		18
[runlim] version:		1.10
[runlim] time limit:		311040000 seconds
[runlim] real time limit:	1200 seconds
[runlim] space limit:		15000 MB
[runlim] argv[0]:		python3
[runlim] argv[1]:		/raid/steuber/Software/ablector/ablector
[runlim] argv[2]:		/raid/steuber/Benchmarks/2019/QF_BV/sage/app7/bench_2987.smt2
[runlim] argv[3]:		--ufReuse=1
[runlim] start:			Sat May 16 16:04:11 2020
[runlim] main pid:		18935
[Ablector] INFO: ABLECTOR TIME: 0.003827
[runlim] end:			Sat May 16 16:04:12 2020
[runlim] status:		ok
[runlim] result:		0
[runlim] children:		2
[runlim] real:			1.26 seconds
[runlim] time:			1.14 seconds
[runlim] space:			49.8 MB
[runlim] samples:		6
[runlim] version:		1.10
[runlim] time limit:		311040000 seconds
[runlim] real time limit:	1200 seconds
[runlim] space limit:		15000 MB
[runlim] argv[0]:		python3
[runlim] argv[1]:		/raid/steuber/Software/ablector/ablector
[runlim] argv[2]:		/raid/steuber/Benchmarks/2019/QF_BV/sage/app1/bench_2321.smt2
[runlim] argv[3]:		--ufReuse=1
[runlim] start:			Sat May 16 16:04:12 2020
[runlim] main pid:		18955
[Ablector] INFO: *** ROUND 0
[SdivNode] INFO: Level 0
[SdivNode] INFO: Level 0
[SdivNode] INFO: Level 0
[SdivNode] INFO: Level 0
[SdivNode] INFO: Level 0
[SdivNode] INFO: Level 0
[SdivNode] INFO: Level 0
[SdivNode] INFO: Level 0
[SdivNode] INFO: Level 0
[SdivNode] INFO: Level 0
[SdivNode] INFO: Level 0
[SdivNode] INFO: Level 0
[SdivNode] INFO: Level 0
[SdivNode] INFO: Level 0
[SdivNode] INFO: Level 0
[SdivNode] INFO: Level 0
[SdivNode] INFO: Level 0
[SdivNode] INFO: Level 0
[SdivNode] INFO: Level 0
[SdivNode] INFO: Level 0
[SdivNode] INFO: Level 0
[SdivNode] INFO: Level 0
[SdivNode] INFO: Level 0
[SdivNode] INFO: Level 0
[SdivNode] INFO: Level 0
[SdivNode] INFO: Level 0
[SdivNode] INFO: Level 0
[SdivNode] INFO: Level 0
[SdivNode] INFO: Level 0
[SdivNode] INFO: Level 0
[SdivNode] INFO: Level 0
[SdivNode] INFO: Level 0
[SdivNode] INFO: Level 0
[SdivNode] INFO: Level 0
[SdivNode] INFO: Level 0
[SdivNode] INFO: Level 0
[Ablector] INFO: ABLECTOR TIME: 0.249938
[Ablector] INFO: SAT TIME: 0.241215
[Ablector] INFO: REF TIME: 0.048126
[runlim] end:			Sat May 16 16:04:13 2020
[runlim] status:		ok
[runlim] result:		0
[runlim] children:		0
[runlim] real:			1.41 seconds
[runlim] time:			1.27 seconds
[runlim] space:			67.0 MB
[runlim] samples:		7
[runlim] version:		1.10
[runlim] time limit:		311040000 seconds
[runlim] real time limit:	1200 seconds
[runlim] space limit:		15000 MB
[runlim] argv[0]:		python3
[runlim] argv[1]:		/raid/steuber/Software/ablector/ablector
[runlim] argv[2]:		/raid/steuber/Benchmarks/2019/QF_BV/sage/app7/bench_5943.smt2
[runlim] argv[3]:		--ufReuse=1
[runlim] start:			Sat May 16 16:04:13 2020
[runlim] main pid:		18975
[Ablector] INFO: ABLECTOR TIME: 0.003725
[runlim] end:			Sat May 16 16:04:14 2020
[runlim] status:		ok
[runlim] result:		0
[runlim] children:		1
[runlim] real:			1.24 seconds
[runlim] time:			0.97 seconds
[runlim] space:			37.6 MB
[runlim] samples:		4
[runlim] version:		1.10
[runlim] time limit:		311040000 seconds
[runlim] real time limit:	1200 seconds
[runlim] space limit:		15000 MB
[runlim] argv[0]:		python3
[runlim] argv[1]:		/raid/steuber/Software/ablector/ablector
[runlim] argv[2]:		/raid/steuber/Benchmarks/2019/QF_BV/Sage2/bench_11827.smt2
[runlim] argv[3]:		--ufReuse=1
[runlim] start:			Sat May 16 16:04:14 2020
[runlim] main pid:		18995
[Ablector] INFO: *** ROUND 0
[MulNode] INFO: Level 0
[MulNode] INFO: Level 0
[MulNode] INFO: Level 0
[MulNode] INFO: Level 0
[MulNode] INFO: Level 0
[MulNode] INFO: Level 0
[MulNode] INFO: Level 0
[MulNode] INFO: Level 0
[MulNode] INFO: Level 0
[MulNode] INFO: Level 0
[MulNode] INFO: Level 0
[MulNode] INFO: Level 0
[MulNode] INFO: Level 0
[MulNode] INFO: Level 0
[MulNode] INFO: Level 0
[MulNode] INFO: Level 0
[MulNode] INFO: Level 0
[MulNode] INFO: Level 0
[MulNode] INFO: Level 0
[MulNode] INFO: Level 0
[MulNode] INFO: Level 0
[MulNode] INFO: Level 0
[MulNode] INFO: Level 0
[MulNode] INFO: Level 0
[MulNode] INFO: Level 0
[MulNode] INFO: Level 0
[MulNode] INFO: Level 0
[MulNode] INFO: Level 0
[MulNode] INFO: Level 0
[MulNode] INFO: Level 0
[MulNode] INFO: Level 0
[MulNode] INFO: Level 0
[MulNode] INFO: Level 0
[MulNode] INFO: Level 0
[MulNode] INFO: Level 0
[MulNode] INFO: Level 0
[MulNode] INFO: Level 0
[MulNode] INFO: Level 0
[MulNode] INFO: Level 0
[MulNode] INFO: Level 0
[MulNode] INFO: Level 0
[MulNode] INFO: Level 0
[MulNode] INFO: Level 0
[MulNode] INFO: Level 0
[MulNode] INFO: Level 0
[MulNode] INFO: Level 0
[MulNode] INFO: Level 0
[MulNode] INFO: Level 0
[MulNode] INFO: Level 0
[MulNode] INFO: Level 0
[Ablector] INFO: ABLECTOR TIME: 1.021379
[Ablector] INFO: SAT TIME: 1.007012
[Ablector] INFO: REF TIME: 0.510095
[runlim] end:			Sat May 16 16:04:16 2020
[runlim] status:		ok
[runlim] result:		0
[runlim] children:		1
[runlim] real:			2.72 seconds
[runlim] time:			2.57 seconds
[runlim] space:			93.4 MB
[runlim] samples:		21
[runlim] version:		1.10
[runlim] time limit:		311040000 seconds
[runlim] real time limit:	1200 seconds
[runlim] space limit:		15000 MB
[runlim] argv[0]:		python3
[runlim] argv[1]:		/raid/steuber/Software/ablector/ablector
[runlim] argv[2]:		/raid/steuber/Benchmarks/2019/QF_BV/sage/app7/bench_1146.smt2
[runlim] argv[3]:		--ufReuse=1
[runlim] start:			Sat May 16 16:04:17 2020
[runlim] main pid:		19015
[Ablector] INFO: ABLECTOR TIME: 0.003853
[runlim] end:			Sat May 16 16:04:18 2020
[runlim] status:		ok
[runlim] result:		0
[runlim] children:		8
[runlim] real:			1.32 seconds
[runlim] time:			1.67 seconds
[runlim] space:			72.7 MB
[runlim] samples:		12
[runlim] version:		1.10
[runlim] time limit:		311040000 seconds
[runlim] real time limit:	1200 seconds
[runlim] space limit:		15000 MB
[runlim] argv[0]:		python3
[runlim] argv[1]:		/raid/steuber/Software/ablector/ablector
[runlim] argv[2]:		/raid/steuber/Benchmarks/2019/QF_BV/sage/app1/bench_1984.smt2
[runlim] argv[3]:		--ufReuse=1
[runlim] start:			Sat May 16 16:04:18 2020
[runlim] main pid:		19035
[Ablector] INFO: ABLECTOR TIME: 0.003709
[runlim] end:			Sat May 16 16:04:19 2020
[runlim] status:		ok
[runlim] result:		0
[runlim] children:		1
[runlim] real:			1.16 seconds
[runlim] time:			0.96 seconds
[runlim] space:			39.5 MB
[runlim] samples:		4
[runlim] version:		1.10
[runlim] time limit:		311040000 seconds
[runlim] real time limit:	1200 seconds
[runlim] space limit:		15000 MB
[runlim] argv[0]:		python3
[runlim] argv[1]:		/raid/steuber/Software/ablector/ablector
[runlim] argv[2]:		/raid/steuber/Benchmarks/2019/QF_BV/sage/app7/bench_1786.smt2
[runlim] argv[3]:		--ufReuse=1
[runlim] start:			Sat May 16 16:04:19 2020
[runlim] main pid:		19055
[Ablector] INFO: ABLECTOR TIME: 0.003774
[runlim] end:			Sat May 16 16:04:20 2020
[runlim] status:		ok
[runlim] result:		0
[runlim] children:		4
[runlim] real:			1.41 seconds
[runlim] time:			1.34 seconds
[runlim] space:			58.8 MB
[runlim] samples:		8
[runlim] version:		1.10
[runlim] time limit:		311040000 seconds
[runlim] real time limit:	1200 seconds
[runlim] space limit:		15000 MB
[runlim] argv[0]:		python3
[runlim] argv[1]:		/raid/steuber/Software/ablector/ablector
[runlim] argv[2]:		/raid/steuber/Benchmarks/2019/QF_BV/Sage2/bench_16525.smt2
[runlim] argv[3]:		--ufReuse=1
[runlim] start:			Sat May 16 16:04:20 2020
[runlim] main pid:		19075
[Ablector] INFO: *** ROUND 0
[MulNode] INFO: Level 0
[Ablector] INFO: ABLECTOR TIME: 0.424227
[Ablector] INFO: SAT TIME: 0.419256
[Ablector] INFO: REF TIME: 0.010669
[runlim] end:			Sat May 16 16:04:21 2020
[runlim] status:		ok
[runlim] result:		0
[runlim] children:		0
[runlim] real:			1.76 seconds
[runlim] time:			1.46 seconds
[runlim] space:			45.4 MB
[runlim] samples:		9
[runlim] version:		1.10
[runlim] time limit:		311040000 seconds
[runlim] real time limit:	1200 seconds
[runlim] space limit:		15000 MB
[runlim] argv[0]:		python3
[runlim] argv[1]:		/raid/steuber/Software/ablector/ablector
[runlim] argv[2]:		/raid/steuber/Benchmarks/2019/QF_BV/Sage2/bench_15852.smt2
[runlim] argv[3]:		--ufReuse=1
[runlim] start:			Sat May 16 16:04:22 2020
[runlim] main pid:		19097
[Ablector] INFO: *** ROUND 0
[MulNode] INFO: Level 0
[Ablector] INFO: ABLECTOR TIME: 0.278772
[Ablector] INFO: SAT TIME: 0.274030
[Ablector] INFO: REF TIME: 0.010696
[runlim] end:			Sat May 16 16:04:22 2020
[runlim] status:		ok
[runlim] result:		0
[runlim] children:		0
[runlim] real:			0.93 seconds
[runlim] time:			1.36 seconds
[runlim] space:			43.7 MB
[runlim] samples:		8
[runlim] version:		1.10
[runlim] time limit:		311040000 seconds
[runlim] real time limit:	1200 seconds
[runlim] space limit:		15000 MB
[runlim] argv[0]:		python3
[runlim] argv[1]:		/raid/steuber/Software/ablector/ablector
[runlim] argv[2]:		/raid/steuber/Benchmarks/2019/QF_BV/sage/app7/bench_442.smt2
[runlim] argv[3]:		--ufReuse=1
[runlim] start:			Sat May 16 16:04:23 2020
[runlim] main pid:		19117
[Ablector] INFO: ABLECTOR TIME: 0.003943
[runlim] end:			Sat May 16 16:04:25 2020
[runlim] status:		ok
[runlim] result:		0
[runlim] children:		13
[runlim] real:			2.04 seconds
[runlim] time:			2.14 seconds
[runlim] space:			81.2 MB
[runlim] samples:		17
[runlim] version:		1.10
[runlim] time limit:		311040000 seconds
[runlim] real time limit:	1200 seconds
[runlim] space limit:		15000 MB
[runlim] argv[0]:		python3
[runlim] argv[1]:		/raid/steuber/Software/ablector/ablector
[runlim] argv[2]:		/raid/steuber/Benchmarks/2019/QF_BV/20190311-bv-term-small-rw-Noetzli/bv-term-small-rw_1201.smt2
[runlim] argv[3]:		--ufReuse=1
[runlim] start:			Sat May 16 16:04:25 2020
[runlim] main pid:		19137
[Ablector] INFO: *** ROUND 0
[MulNode] INFO: Level 0
[Ablector] INFO: ABLECTOR TIME: 0.115715
[Ablector] INFO: SAT TIME: 0.111355
[Ablector] INFO: REF TIME: 0.012139
[runlim] end:			Sat May 16 16:04:25 2020
[runlim] status:		ok
[runlim] result:		0
[runlim] children:		0
[runlim] real:			0.93 seconds
[runlim] time:			1.07 seconds
[runlim] space:			40.8 MB
[runlim] samples:		5
[runlim] version:		1.10
[runlim] time limit:		311040000 seconds
[runlim] real time limit:	1200 seconds
[runlim] space limit:		15000 MB
[runlim] argv[0]:		python3
[runlim] argv[1]:		/raid/steuber/Software/ablector/ablector
[runlim] argv[2]:		/raid/steuber/Benchmarks/2019/QF_BV/sage/app11/bench_232.smt2
[runlim] argv[3]:		--ufReuse=1
[runlim] start:			Sat May 16 16:04:26 2020
[runlim] main pid:		19157
[Ablector] INFO: ABLECTOR TIME: 0.003906
[runlim] end:			Sat May 16 16:04:27 2020
[runlim] status:		ok
[runlim] result:		0
[runlim] children:		5
[runlim] real:			1.20 seconds
[runlim] time:			1.32 seconds
[runlim] space:			68.0 MB
[runlim] samples:		9
[runlim] version:		1.10
[runlim] time limit:		311040000 seconds
[runlim] real time limit:	1200 seconds
[runlim] space limit:		15000 MB
[runlim] argv[0]:		python3
[runlim] argv[1]:		/raid/steuber/Software/ablector/ablector
[runlim] argv[2]:		/raid/steuber/Benchmarks/2019/QF_BV/sage/app1/bench_48.smt2
[runlim] argv[3]:		--ufReuse=1
[runlim] start:			Sat May 16 16:04:27 2020
[runlim] main pid:		19179
[Ablector] INFO: ABLECTOR TIME: 0.003609
[runlim] end:			Sat May 16 16:04:28 2020
[runlim] status:		ok
[runlim] result:		0
[runlim] children:		0
[runlim] real:			1.04 seconds
[runlim] time:			0.96 seconds
[runlim] space:			37.8 MB
[runlim] samples:		4
[runlim] version:		1.10
[runlim] time limit:		311040000 seconds
[runlim] real time limit:	1200 seconds
[runlim] space limit:		15000 MB
[runlim] argv[0]:		python3
[runlim] argv[1]:		/raid/steuber/Software/ablector/ablector
[runlim] argv[2]:		/raid/steuber/Benchmarks/2019/QF_BV/sage/app1/bench_398.smt2
[runlim] argv[3]:		--ufReuse=1
[runlim] start:			Sat May 16 16:04:28 2020
[runlim] main pid:		19199
[Ablector] INFO: ABLECTOR TIME: 0.003862
[runlim] end:			Sat May 16 16:04:28 2020
[runlim] status:		ok
[runlim] result:		0
[runlim] children:		0
[runlim] real:			0.82 seconds
[runlim] time:			0.96 seconds
[runlim] space:			37.8 MB
[runlim] samples:		4
[runlim] version:		1.10
[runlim] time limit:		311040000 seconds
[runlim] real time limit:	1200 seconds
[runlim] space limit:		15000 MB
[runlim] argv[0]:		python3
[runlim] argv[1]:		/raid/steuber/Software/ablector/ablector
[runlim] argv[2]:		/raid/steuber/Benchmarks/2019/QF_BV/Sage2/bench_6931.smt2
[runlim] argv[3]:		--ufReuse=1
[runlim] start:			Sat May 16 16:04:29 2020
[runlim] main pid:		19219
[Ablector] INFO: *** ROUND 0
[MulNode] INFO: Level 0
[MulNode] INFO: Level 0
[MulNode] INFO: Level 0
[MulNode] INFO: Level 0
[MulNode] INFO: Level 0
[MulNode] INFO: Level 0
[MulNode] INFO: Level 0
[MulNode] INFO: Level 0
[MulNode] INFO: Level 0
[MulNode] INFO: Level 0
[MulNode] INFO: Level 0
[MulNode] INFO: Level 0
[MulNode] INFO: Level 0
[MulNode] INFO: Level 0
[MulNode] INFO: Level 0
[MulNode] INFO: Level 0
[MulNode] INFO: Level 0
[MulNode] INFO: Level 0
[MulNode] INFO: Level 0
[MulNode] INFO: Level 0
[MulNode] INFO: Level 0
[MulNode] INFO: Level 0
[MulNode] INFO: Level 0
[MulNode] INFO: Level 0
[MulNode] INFO: Level 0
[MulNode] INFO: Level 0
[MulNode] INFO: Level 0
[MulNode] INFO: Level 0
[MulNode] INFO: Level 0
[MulNode] INFO: Level 0
[MulNode] INFO: Level 0
[MulNode] INFO: Level 0
[MulNode] INFO: Level 0
[MulNode] INFO: Level 0
[MulNode] INFO: Level 0
[MulNode] INFO: Level 0
[MulNode] INFO: Level 0
[MulNode] INFO: Level 0
[MulNode] INFO: Level 0
[MulNode] INFO: Level 0
[MulNode] INFO: Level 0
[MulNode] INFO: Level 0
[MulNode] INFO: Level 0
[MulNode] INFO: Level 0
[MulNode] INFO: Level 0
[MulNode] INFO: Level 0
[MulNode] INFO: Level 0
[MulNode] INFO: Level 0
[MulNode] INFO: Level 0
[MulNode] INFO: Level 0
[MulNode] INFO: Level 0
[MulNode] INFO: Level 0
[MulNode] INFO: Level 0
[MulNode] INFO: Level 0
[MulNode] INFO: Level 0
[MulNode] INFO: Level 0
[MulNode] INFO: Level 0
[MulNode] INFO: Level 0
[MulNode] INFO: Level 0
[MulNode] INFO: Level 0
[MulNode] INFO: Level 0
[MulNode] INFO: Level 0
[MulNode] INFO: Level 0
[MulNode] INFO: Level 0
[MulNode] INFO: Level 0
[MulNode] INFO: Level 0
[MulNode] INFO: Level 0
[MulNode] INFO: Level 0
[MulNode] INFO: Level 0
[MulNode] INFO: Level 0
[MulNode] INFO: Level 0
[Ablector] INFO: ABLECTOR TIME: 3.574734
[Ablector] INFO: SAT TIME: 3.542836
[Ablector] INFO: REF TIME: 0.578504
[runlim] end:			Sat May 16 16:04:35 2020
[runlim] status:		ok
[runlim] result:		0
[runlim] children:		2
[runlim] real:			6.90 seconds
[runlim] time:			7.10 seconds
[runlim] space:			379.2 MB
[runlim] samples:		67
[runlim] version:		1.10
[runlim] time limit:		311040000 seconds
[runlim] real time limit:	1200 seconds
[runlim] space limit:		15000 MB
[runlim] argv[0]:		python3
[runlim] argv[1]:		/raid/steuber/Software/ablector/ablector
[runlim] argv[2]:		/raid/steuber/Benchmarks/2019/QF_BV/sage/app8/bench_843.smt2
[runlim] argv[3]:		--ufReuse=1
[runlim] start:			Sat May 16 16:04:36 2020
[runlim] main pid:		19240
[Ablector] INFO: *** ROUND 0
[MulNode] INFO: Level 0
[MulNode] INFO: Level 0
[MulNode] INFO: Level 0
[MulNode] INFO: Level 0
[MulNode] INFO: Level 0
[MulNode] INFO: Level 0
[MulNode] INFO: Level 0
[MulNode] INFO: Level 0
[MulNode] INFO: Level 0
[MulNode] INFO: Level 0
[MulNode] INFO: Level 0
[Ablector] INFO: ABLECTOR TIME: 0.215923
[Ablector] INFO: SAT TIME: 0.209191
[Ablector] INFO: REF TIME: 0.109080
[runlim] end:			Sat May 16 16:04:37 2020
[runlim] status:		ok
[runlim] result:		0
[runlim] children:		0
[runlim] real:			1.11 seconds
[runlim] time:			1.32 seconds
[runlim] space:			48.3 MB
[runlim] samples:		8
[runlim] version:		1.10
[runlim] time limit:		311040000 seconds
[runlim] real time limit:	1200 seconds
[runlim] space limit:		15000 MB
[runlim] argv[0]:		python3
[runlim] argv[1]:		/raid/steuber/Software/ablector/ablector
[runlim] argv[2]:		/raid/steuber/Benchmarks/2019/QF_BV/sage/app7/bench_1579.smt2
[runlim] argv[3]:		--ufReuse=1
[runlim] start:			Sat May 16 16:04:37 2020
[runlim] main pid:		19261
[Ablector] INFO: ABLECTOR TIME: 0.003863
[runlim] end:			Sat May 16 16:04:38 2020
[runlim] status:		ok
[runlim] result:		0
[runlim] children:		6
[runlim] real:			1.47 seconds
[runlim] time:			1.45 seconds
[runlim] space:			64.0 MB
[runlim] samples:		10
[runlim] version:		1.10
[runlim] time limit:		311040000 seconds
[runlim] real time limit:	1200 seconds
[runlim] space limit:		15000 MB
[runlim] argv[0]:		python3
[runlim] argv[1]:		/raid/steuber/Software/ablector/ablector
[runlim] argv[2]:		/raid/steuber/Benchmarks/2019/QF_BV/sage/app7/bench_2761.smt2
[runlim] argv[3]:		--ufReuse=1
[runlim] start:			Sat May 16 16:04:38 2020
[runlim] main pid:		19281
[Ablector] INFO: ABLECTOR TIME: 0.003899
[runlim] end:			Sat May 16 16:04:39 2020
[runlim] status:		ok
[runlim] result:		0
[runlim] children:		2
[runlim] real:			1.51 seconds
[runlim] time:			1.14 seconds
[runlim] space:			50.5 MB
[runlim] samples:		6
[runlim] version:		1.10
[runlim] time limit:		311040000 seconds
[runlim] real time limit:	1200 seconds
[runlim] space limit:		15000 MB
[runlim] argv[0]:		python3
[runlim] argv[1]:		/raid/steuber/Software/ablector/ablector
[runlim] argv[2]:		/raid/steuber/Benchmarks/2019/QF_BV/sage/app9/bench_2629.smt2
[runlim] argv[3]:		--ufReuse=1
[runlim] start:			Sat May 16 16:04:39 2020
[runlim] main pid:		19301
[Ablector] INFO: ABLECTOR TIME: 0.003724
[runlim] end:			Sat May 16 16:04:40 2020
[runlim] status:		ok
[runlim] result:		0
[runlim] children:		0
[runlim] real:			1.29 seconds
[runlim] time:			0.96 seconds
[runlim] space:			38.0 MB
[runlim] samples:		4
[runlim] version:		1.10
[runlim] time limit:		311040000 seconds
[runlim] real time limit:	1200 seconds
[runlim] space limit:		15000 MB
[runlim] argv[0]:		python3
[runlim] argv[1]:		/raid/steuber/Software/ablector/ablector
[runlim] argv[2]:		/raid/steuber/Benchmarks/2019/QF_BV/sage/app1/bench_293.smt2
[runlim] argv[3]:		--ufReuse=1
[runlim] start:			Sat May 16 16:04:40 2020
[runlim] main pid:		19321
[Ablector] INFO: ABLECTOR TIME: 0.003784
[runlim] end:			Sat May 16 16:04:41 2020
[runlim] status:		ok
[runlim] result:		0
[runlim] children:		0
[runlim] real:			1.09 seconds
[runlim] time:			0.96 seconds
[runlim] space:			37.6 MB
[runlim] samples:		4
[runlim] version:		1.10
[runlim] time limit:		311040000 seconds
[runlim] real time limit:	1200 seconds
[runlim] space limit:		15000 MB
[runlim] argv[0]:		python3
[runlim] argv[1]:		/raid/steuber/Software/ablector/ablector
[runlim] argv[2]:		/raid/steuber/Benchmarks/2019/QF_BV/sage/app7/bench_1104.smt2
[runlim] argv[3]:		--ufReuse=1
[runlim] start:			Sat May 16 16:04:41 2020
[runlim] main pid:		19341
[Ablector] INFO: ABLECTOR TIME: 0.003817
[runlim] end:			Sat May 16 16:04:42 2020
[runlim] status:		ok
[runlim] result:		0
[runlim] children:		9
[runlim] real:			1.75 seconds
[runlim] time:			1.75 seconds
[runlim] space:			74.2 MB
[runlim] samples:		13
[runlim] version:		1.10
[runlim] time limit:		311040000 seconds
[runlim] real time limit:	1200 seconds
[runlim] space limit:		15000 MB
[runlim] argv[0]:		python3
[runlim] argv[1]:		/raid/steuber/Software/ablector/ablector
[runlim] argv[2]:		/raid/steuber/Benchmarks/2019/QF_BV/Sage2/bench_13579.smt2
[runlim] argv[3]:		--ufReuse=1
[runlim] start:			Sat May 16 16:04:43 2020
[runlim] main pid:		19361
[Ablector] INFO: *** ROUND 0
[MulNode] INFO: Level 0
[MulNode] INFO: Level 0
[MulNode] INFO: Level 0
[MulNode] INFO: Level 0
[MulNode] INFO: Level 0
[MulNode] INFO: Level 0
[MulNode] INFO: Level 0
[MulNode] INFO: Level 0
[Ablector] INFO: ABLECTOR TIME: 0.152103
[Ablector] INFO: SAT TIME: 0.146081
[Ablector] INFO: REF TIME: 0.078969
[runlim] end:			Sat May 16 16:04:43 2020
[runlim] status:		ok
[runlim] result:		0
[runlim] children:		0
[runlim] real:			1.00 seconds
[runlim] time:			1.34 seconds
[runlim] space:			47.4 MB
[runlim] samples:		8
