[runner] /raid/steuber/Benchmarks/2019/QF_BV/spear/samba_v3.0.24/bin_eventlogadm_vc331235.smt2
SAT
[runner] /raid/steuber/Benchmarks/2019/QF_BV/sage/app12/bench_4243.smt2
SAT
[runner] /raid/steuber/Benchmarks/2019/QF_BV/Sage2/bench_427.smt2
SAT
[runner] /raid/steuber/Benchmarks/2019/QF_BV/Sage2/bench_4038.smt2
SAT
[runner] /raid/steuber/Benchmarks/2019/QF_BV/spear/samba_v3.0.24/bin_libsmbsharemodes_vc5807.smt2
SAT
[runner] /raid/steuber/Benchmarks/2019/QF_BV/sage/app8/bench_406.smt2
SAT
[runner] /raid/steuber/Benchmarks/2019/QF_BV/Sage2/bench_13637.smt2
[runner] /raid/steuber/Benchmarks/2019/QF_BV/Sage2/bench_3827.smt2
SAT
[runner] /raid/steuber/Benchmarks/2019/QF_BV/spear/samba_v3.0.24/bin_eventlogadm_vc330984.smt2
SAT
[runner] /raid/steuber/Benchmarks/2019/QF_BV/sage/app1/bench_2376.smt2
SAT
[runner] /raid/steuber/Benchmarks/2019/QF_BV/brummayerbiere2/smulov4bw0128.smt2
SAT
[runner] /raid/steuber/Benchmarks/2019/QF_BV/Sage2/bench_13419.smt2
[runner] /raid/steuber/Benchmarks/2019/QF_BV/spear/samba_v3.0.24/bin_eventlogadm_vc351319.smt2
SAT
[runner] /raid/steuber/Benchmarks/2019/QF_BV/sage/app9/bench_55.smt2
SAT
[runner] /raid/steuber/Benchmarks/2019/QF_BV/sage/app12/bench_3718.smt2
SAT
[runner] /raid/steuber/Benchmarks/2019/QF_BV/Sage2/bench_3055.smt2
SAT
[runner] /raid/steuber/Benchmarks/2019/QF_BV/spear/samba_v3.0.24/bin_libmsrpc_vc1232118.smt2
SAT
[runner] /raid/steuber/Benchmarks/2019/QF_BV/Sage2/bench_1799.smt2
SAT
[runner] /raid/steuber/Benchmarks/2019/QF_BV/Sage2/bench_16971.smt2
SAT
[runner] /raid/steuber/Benchmarks/2019/QF_BV/Sage2/bench_9056.smt2
SAT
[runner] /raid/steuber/Benchmarks/2019/QF_BV/sage/app1/bench_999.smt2
SAT
[runner] /raid/steuber/Benchmarks/2019/QF_BV/Sage2/bench_13077.smt2
SAT
[runner] /raid/steuber/Benchmarks/2019/QF_BV/spear/samba_v3.0.24/bin_libsmbsharemodes_vc4778.smt2
SAT
[runner] /raid/steuber/Benchmarks/2019/QF_BV/Sage2/bench_10790.smt2
SAT
[runner] /raid/steuber/Benchmarks/2019/QF_BV/Sage2/bench_8285.smt2
[runner] /raid/steuber/Benchmarks/2019/QF_BV/spear/inn_v2.4.3/nnrpd_nnrpd_vc21660.smt2
SAT
[runner] /raid/steuber/Benchmarks/2019/QF_BV/Sage2/bench_17234.smt2
SAT
[runner] /raid/steuber/Benchmarks/2019/QF_BV/uclid/catchconv/convert-jpg2gif-query-1459.smt2
[runner] /raid/steuber/Benchmarks/2019/QF_BV/spear/samba_v3.0.24/bin_libsmbsharemodes_vc7677.smt2
SAT
[runner] /raid/steuber/Benchmarks/2019/QF_BV/sage/app12/bench_517.smt2
SAT
[runner] /raid/steuber/Benchmarks/2019/QF_BV/Sage2/bench_12157.smt2
SAT
[runner] /raid/steuber/Benchmarks/2019/QF_BV/Sage2/bench_15320.smt2
SAT
[runner] /raid/steuber/Benchmarks/2019/QF_BV/sage/app8/bench_404.smt2
SAT
[runner] /raid/steuber/Benchmarks/2019/QF_BV/Sage2/bench_10593.smt2
[runner] /raid/steuber/Benchmarks/2019/QF_BV/Sage2/bench_2071.smt2
SAT
[runner] /raid/steuber/Benchmarks/2019/QF_BV/Sage2/bench_1435.smt2
SAT
[runner] /raid/steuber/Benchmarks/2019/QF_BV/Sage2/bench_8934.smt2
SAT
[runner] /raid/steuber/Benchmarks/2019/QF_BV/spear/samba_v3.0.24/bin_libsmbsharemodes_vc5704.smt2
SAT
[runner] /raid/steuber/Benchmarks/2019/QF_BV/Sage2/bench_9176.smt2
SAT
[runner] /raid/steuber/Benchmarks/2019/QF_BV/sage/app8/bench_212.smt2
SAT
[runner] /raid/steuber/Benchmarks/2019/QF_BV/Sage2/bench_3181.smt2
SAT
[runner] /raid/steuber/Benchmarks/2019/QF_BV/sage/app8/bench_367.smt2
SAT
[runner] /raid/steuber/Benchmarks/2019/QF_BV/Sage2/bench_14766.smt2
SAT
[runner] /raid/steuber/Benchmarks/2019/QF_BV/Sage2/bench_12327.smt2
[runner] /raid/steuber/Benchmarks/2019/QF_BV/sage/app8/bench_390.smt2
SAT
[runner] /raid/steuber/Benchmarks/2019/QF_BV/Sage2/bench_15832.smt2
SAT
[runner] /raid/steuber/Benchmarks/2019/QF_BV/Sage2/bench_12555.smt2
[runner] /raid/steuber/Benchmarks/2019/QF_BV/Sage2/bench_2881.smt2
SAT
[runner] /raid/steuber/Benchmarks/2019/QF_BV/spear/wget_v1.10.2/src_wget_vc18516.smt2
SAT
[runner] /raid/steuber/Benchmarks/2019/QF_BV/Sage2/bench_14005.smt2
[runner] /raid/steuber/Benchmarks/2019/QF_BV/Sage2/bench_675.smt2
SAT
[runner] /raid/steuber/Benchmarks/2019/QF_BV/spear/samba_v3.0.24/bin_libmsrpc_vc1232128.smt2
SAT
[runner] /raid/steuber/Benchmarks/2019/QF_BV/Sage2/bench_453.smt2
SAT
[runner] /raid/steuber/Benchmarks/2019/QF_BV/Sage2/bench_153.smt2
SAT
[runner] /raid/steuber/Benchmarks/2019/QF_BV/spear/samba_v3.0.24/bin_libsmbsharemodes_vc5701.smt2
SAT
[runner] /raid/steuber/Benchmarks/2019/QF_BV/uclid/catchconv/convert-jpg2gif-query-1405.smt2
[runner] /raid/steuber/Benchmarks/2019/QF_BV/spear/cvs_v1.11.22/cvs_vc105153.smt2
SAT
[runner] /raid/steuber/Benchmarks/2019/QF_BV/spear/samba_v3.0.24/bin_libsmbsharemodes_vc4328.smt2
SAT
[runner] /raid/steuber/Benchmarks/2019/QF_BV/sage/app9/bench_3277.smt2
SAT
[runner] /raid/steuber/Benchmarks/2019/QF_BV/Sage2/bench_16382.smt2
SAT
[runner] /raid/steuber/Benchmarks/2019/QF_BV/spear/samba_v3.0.24/bin_libsmbsharemodes_vc7082.smt2
SAT
[runner] /raid/steuber/Benchmarks/2019/QF_BV/Sage2/bench_1284.smt2
SAT
[runner] /raid/steuber/Benchmarks/2019/QF_BV/spear/samba_v3.0.24/bin_libsmbsharemodes_vc5229.smt2
SAT
[runner] /raid/steuber/Benchmarks/2019/QF_BV/Sage2/bench_11138.smt2
SAT
[runner] /raid/steuber/Benchmarks/2019/QF_BV/sage/app1/bench_66.smt2
SAT
[runner] /raid/steuber/Benchmarks/2019/QF_BV/spear/samba_v3.0.24/bin_libsmbclient_vc1225739.smt2
SAT
[runner] /raid/steuber/Benchmarks/2019/QF_BV/uclid/catchconv/convert-jpg2gif-query-1467.smt2
[runner] /raid/steuber/Benchmarks/2019/QF_BV/spear/samba_v3.0.24/bin_libsmbsharemodes_vc5782.smt2
SAT
[runner] /raid/steuber/Benchmarks/2019/QF_BV/spear/samba_v3.0.24/bin_libsmbsharemodes_vc4847.smt2
SAT
[runner] /raid/steuber/Benchmarks/2019/QF_BV/sage/app8/bench_755.smt2
SAT
[runner] /raid/steuber/Benchmarks/2019/QF_BV/Sage2/bench_13164.smt2
SAT
[runner] /raid/steuber/Benchmarks/2019/QF_BV/spear/samba_v3.0.24/bin_libmsrpc_vc1225808.smt2
SAT
[runner] /raid/steuber/Benchmarks/2019/QF_BV/Sage2/bench_4476.smt2
[runner] /raid/steuber/Benchmarks/2019/QF_BV/sage/app8/bench_449.smt2
SAT
[runner] /raid/steuber/Benchmarks/2019/QF_BV/spear/samba_v3.0.24/bin_eventlogadm_vc351395.smt2
SAT
[runner] /raid/steuber/Benchmarks/2019/QF_BV/Sage2/bench_15580.smt2
SAT
[runner] /raid/steuber/Benchmarks/2019/QF_BV/uclid/catchconv/convert-jpg2gif-query-1170.smt2
SAT
[runner] /raid/steuber/Benchmarks/2019/QF_BV/Sage2/bench_7513.smt2
[runner] /raid/steuber/Benchmarks/2019/QF_BV/uclid/catchconv/convert-jpg2gif-query-1543.smt2
[runner] /raid/steuber/Benchmarks/2019/QF_BV/Sage2/bench_13645.smt2
SAT
