[runlim] version:		1.7
[runlim] time limit:		311040000 seconds
[runlim] real time limit:	1200 seconds
[runlim] space limit:		7500 MB
[runlim] argv[0]:		/raid/steuber/Software/boolector/build/bin/boolector
[runlim] argv[1]:		/raid/steuber/Benchmarks/srem_sdiv_mul_sat/QF_BV/sage/app1/bench_1156.smt2
[runlim] start:			Tue Jul 23 19:07:17 2019
[runlim] main pid:		32464
[BTOR>check_sat] 0.027798 seconds
[runlim] end:			Tue Jul 23 19:07:17 2019
[runlim] status:		ok
[runlim] result:		10
[runlim] children:		0
[runlim] real:			0.51 seconds
[runlim] time:			0.00 seconds
[runlim] space:			0.0 MB
[runlim] samples:		0
[runlim] version:		1.7
[runlim] time limit:		311040000 seconds
[runlim] real time limit:	1200 seconds
[runlim] space limit:		7500 MB
[runlim] argv[0]:		/raid/steuber/Software/boolector/build/bin/boolector
[runlim] argv[1]:		/raid/steuber/Benchmarks/srem_sdiv_mul_sat/QF_BV/sage/app1/bench_2133.smt2
[runlim] start:			Tue Jul 23 19:07:17 2019
[runlim] main pid:		32463
[BTOR>check_sat] 1.459495 seconds
[runlim] end:			Tue Jul 23 19:07:18 2019
[runlim] status:		ok
[runlim] result:		10
[runlim] children:		0
[runlim] real:			1.97 seconds
[runlim] time:			1.47 seconds
[runlim] space:			15.3 MB
[runlim] samples:		15
[runlim] version:		1.7
[runlim] time limit:		311040000 seconds
[runlim] real time limit:	1200 seconds
[runlim] space limit:		7500 MB
[runlim] argv[0]:		/raid/steuber/Software/boolector/build/bin/boolector
[runlim] argv[1]:		/raid/steuber/Benchmarks/srem_sdiv_mul_sat/QF_BV/sage/app1/bench_169.smt2
[runlim] start:			Tue Jul 23 19:07:17 2019
[runlim] main pid:		32462
[BTOR>check_sat] 2.903323 seconds
[runlim] end:			Tue Jul 23 19:07:20 2019
[runlim] status:		ok
[runlim] result:		10
[runlim] children:		0
[runlim] real:			3.41 seconds
[runlim] time:			2.87 seconds
[runlim] space:			15.4 MB
[runlim] samples:		29
[runlim] version:		1.7
[runlim] time limit:		311040000 seconds
[runlim] real time limit:	1200 seconds
[runlim] space limit:		7500 MB
[runlim] argv[0]:		/raid/steuber/Software/boolector/build/bin/boolector
[runlim] argv[1]:		/raid/steuber/Benchmarks/srem_sdiv_mul_sat/QF_BV/sage/app1/bench_184.smt2
[runlim] start:			Tue Jul 23 19:07:17 2019
[runlim] main pid:		32468
[BTOR>check_sat] 2.714272 seconds
[runlim] end:			Tue Jul 23 19:07:20 2019
[runlim] status:		ok
[runlim] result:		10
[runlim] children:		0
[runlim] real:			3.52 seconds
[runlim] time:			2.64 seconds
[runlim] space:			15.4 MB
[runlim] samples:		29
[runlim] version:		1.7
[runlim] time limit:		311040000 seconds
[runlim] real time limit:	1200 seconds
[runlim] space limit:		7500 MB
[runlim] argv[0]:		/raid/steuber/Software/boolector/build/bin/boolector
[runlim] argv[1]:		/raid/steuber/Benchmarks/srem_sdiv_mul_sat/QF_BV/sage/app1/bench_799.smt2
[runlim] start:			Tue Jul 23 19:07:20 2019
[runlim] main pid:		32482
[BTOR>check_sat] 0.492866 seconds
[runlim] end:			Tue Jul 23 19:07:21 2019
[runlim] status:		ok
[runlim] result:		10
[runlim] children:		0
[runlim] real:			1.07 seconds
[runlim] time:			0.46 seconds
[runlim] space:			4.8 MB
[runlim] samples:		5
[runlim] version:		1.7
[runlim] time limit:		311040000 seconds
[runlim] real time limit:	1200 seconds
[runlim] space limit:		7500 MB
[runlim] argv[0]:		/raid/steuber/Software/boolector/build/bin/boolector
[runlim] argv[1]:		/raid/steuber/Benchmarks/srem_sdiv_mul_sat/QF_BV/sage/app1/bench_1141.smt2
[runlim] start:			Tue Jul 23 19:07:21 2019
[runlim] main pid:		32486
[BTOR>check_sat] 0.054900 seconds
[runlim] end:			Tue Jul 23 19:07:21 2019
[runlim] status:		ok
[runlim] result:		10
[runlim] children:		0
[runlim] real:			0.15 seconds
[runlim] time:			0.00 seconds
[runlim] space:			0.0 MB
[runlim] samples:		0
[runlim] version:		1.7
[runlim] time limit:		311040000 seconds
[runlim] real time limit:	1200 seconds
[runlim] space limit:		7500 MB
[runlim] argv[0]:		/raid/steuber/Software/boolector/build/bin/boolector
[runlim] argv[1]:		/raid/steuber/Benchmarks/srem_sdiv_mul_sat/QF_BV/sage/app1/bench_2529.smt2
[runlim] start:			Tue Jul 23 19:07:20 2019
[runlim] main pid:		32478
[BTOR>check_sat] 2.680478 seconds
[runlim] end:			Tue Jul 23 19:07:23 2019
[runlim] status:		ok
[runlim] result:		10
[runlim] children:		0
[runlim] real:			3.37 seconds
[runlim] time:			2.66 seconds
[runlim] space:			15.7 MB
[runlim] samples:		29
[runlim] version:		1.7
[runlim] time limit:		311040000 seconds
[runlim] real time limit:	1200 seconds
[runlim] space limit:		7500 MB
[runlim] argv[0]:		/raid/steuber/Software/boolector/build/bin/boolector
[runlim] argv[1]:		/raid/steuber/Benchmarks/srem_sdiv_mul_sat/QF_BV/sage/app1/bench_2088.smt2
[runlim] start:			Tue Jul 23 19:07:17 2019
[runlim] main pid:		32452
[BTOR>check_sat] 6.268542 seconds
[runlim] end:			Tue Jul 23 19:07:23 2019
[runlim] status:		ok
[runlim] result:		10
[runlim] children:		0
[runlim] real:			6.88 seconds
[runlim] time:			6.26 seconds
[runlim] space:			15.4 MB
[runlim] samples:		64
[runlim] version:		1.7
[runlim] time limit:		311040000 seconds
[runlim] real time limit:	1200 seconds
[runlim] space limit:		7500 MB
[runlim] argv[0]:		/raid/steuber/Software/boolector/build/bin/boolector
[runlim] argv[1]:		/raid/steuber/Benchmarks/srem_sdiv_mul_sat/QF_BV/sage/app1/bench_2481.smt2
[runlim] start:			Tue Jul 23 19:07:23 2019
[runlim] main pid:		32494
[BTOR>check_sat] 1.616706 seconds
[runlim] end:			Tue Jul 23 19:07:25 2019
[runlim] status:		ok
[runlim] result:		10
[runlim] children:		0
[runlim] real:			2.06 seconds
[runlim] time:			1.57 seconds
[runlim] space:			15.4 MB
[runlim] samples:		16
[runlim] version:		1.7
[runlim] time limit:		311040000 seconds
[runlim] real time limit:	1200 seconds
[runlim] space limit:		7500 MB
[runlim] argv[0]:		/raid/steuber/Software/boolector/build/bin/boolector
[runlim] argv[1]:		/raid/steuber/Benchmarks/srem_sdiv_mul_sat/QF_BV/sage/app1/bench_2252.smt2
[runlim] start:			Tue Jul 23 19:07:21 2019
[runlim] main pid:		32490
[BTOR>check_sat] 3.888087 seconds
[runlim] end:			Tue Jul 23 19:07:25 2019
[runlim] status:		ok
[runlim] result:		10
[runlim] children:		0
[runlim] real:			4.32 seconds
[runlim] time:			3.85 seconds
[runlim] space:			15.5 MB
[runlim] samples:		41
[runlim] version:		1.7
[runlim] time limit:		311040000 seconds
[runlim] real time limit:	1200 seconds
[runlim] space limit:		7500 MB
[runlim] argv[0]:		/raid/steuber/Software/boolector/build/bin/boolector
[runlim] argv[1]:		/raid/steuber/Benchmarks/srem_sdiv_mul_sat/QF_BV/sage/app1/bench_1877.smt2
[runlim] start:			Tue Jul 23 19:07:18 2019
[runlim] main pid:		32472
[BTOR>check_sat] 7.805491 seconds
[runlim] end:			Tue Jul 23 19:07:26 2019
[runlim] status:		ok
[runlim] result:		10
[runlim] children:		0
[runlim] real:			8.94 seconds
[runlim] time:			7.76 seconds
[runlim] space:			15.5 MB
[runlim] samples:		79
[runlim] version:		1.7
[runlim] time limit:		311040000 seconds
[runlim] real time limit:	1200 seconds
[runlim] space limit:		7500 MB
[runlim] argv[0]:		/raid/steuber/Software/boolector/build/bin/boolector
[runlim] argv[1]:		/raid/steuber/Benchmarks/srem_sdiv_mul_sat/QF_BV/sage/app1/bench_338.smt2
[runlim] start:			Tue Jul 23 19:07:25 2019
[runlim] main pid:		32506
[BTOR>check_sat] 1.704314 seconds
[runlim] end:			Tue Jul 23 19:07:27 2019
[runlim] status:		ok
[runlim] result:		10
[runlim] children:		0
[runlim] real:			2.28 seconds
[runlim] time:			1.68 seconds
[runlim] space:			16.1 MB
[runlim] samples:		19
[runlim] version:		1.7
[runlim] time limit:		311040000 seconds
[runlim] real time limit:	1200 seconds
[runlim] space limit:		7500 MB
[runlim] argv[0]:		/raid/steuber/Software/boolector/build/bin/boolector
[runlim] argv[1]:		/raid/steuber/Benchmarks/srem_sdiv_mul_sat/QF_BV/sage/app1/bench_1143.smt2
[runlim] start:			Tue Jul 23 19:07:27 2019
[runlim] main pid:		32514
[BTOR>check_sat] 0.050999 seconds
[runlim] end:			Tue Jul 23 19:07:27 2019
[runlim] status:		ok
[runlim] result:		10
[runlim] children:		0
[runlim] real:			0.35 seconds
[runlim] time:			0.00 seconds
[runlim] space:			0.0 MB
[runlim] samples:		0
[runlim] version:		1.7
[runlim] time limit:		311040000 seconds
[runlim] real time limit:	1200 seconds
[runlim] space limit:		7500 MB
[runlim] argv[0]:		/raid/steuber/Software/boolector/build/bin/boolector
[runlim] argv[1]:		/raid/steuber/Benchmarks/srem_sdiv_mul_sat/QF_BV/sage/app1/bench_1525.smt2
[runlim] start:			Tue Jul 23 19:07:25 2019
[runlim] main pid:		32502
[BTOR>check_sat] 2.455822 seconds
[runlim] end:			Tue Jul 23 19:07:27 2019
[runlim] status:		ok
[runlim] result:		10
[runlim] children:		0
[runlim] real:			2.74 seconds
[runlim] time:			2.42 seconds
[runlim] space:			15.4 MB
[runlim] samples:		26
[runlim] version:		1.7
[runlim] time limit:		311040000 seconds
[runlim] real time limit:	1200 seconds
[runlim] space limit:		7500 MB
[runlim] argv[0]:		/raid/steuber/Software/boolector/build/bin/boolector
[runlim] argv[1]:		/raid/steuber/Benchmarks/srem_sdiv_mul_sat/QF_BV/sage/app1/bench_352.smt2
[runlim] start:			Tue Jul 23 19:07:26 2019
[runlim] main pid:		32510
[BTOR>check_sat] 1.837289 seconds
[runlim] end:			Tue Jul 23 19:07:28 2019
[runlim] status:		ok
[runlim] result:		10
[runlim] children:		0
[runlim] real:			2.97 seconds
[runlim] time:			1.85 seconds
[runlim] space:			15.6 MB
[runlim] samples:		20
[runlim] version:		1.7
[runlim] time limit:		311040000 seconds
[runlim] real time limit:	1200 seconds
[runlim] space limit:		7500 MB
[runlim] argv[0]:		/raid/steuber/Software/boolector/build/bin/boolector
[runlim] argv[1]:		/raid/steuber/Benchmarks/srem_sdiv_mul_sat/QF_BV/sage/app1/bench_2024.smt2
[runlim] start:			Tue Jul 23 19:07:23 2019
[runlim] main pid:		32498
[BTOR>check_sat] 4.936855 seconds
[runlim] end:			Tue Jul 23 19:07:29 2019
[runlim] status:		ok
[runlim] result:		10
[runlim] children:		0
[runlim] real:			6.02 seconds
[runlim] time:			4.93 seconds
[runlim] space:			15.7 MB
[runlim] samples:		51
[runlim] version:		1.7
[runlim] time limit:		311040000 seconds
[runlim] real time limit:	1200 seconds
[runlim] space limit:		7500 MB
[runlim] argv[0]:		/raid/steuber/Software/boolector/build/bin/boolector
[runlim] argv[1]:		/raid/steuber/Benchmarks/srem_sdiv_mul_sat/QF_BV/sage/app1/bench_2594.smt2
[runlim] start:			Tue Jul 23 19:07:27 2019
[runlim] main pid:		32518
[BTOR>check_sat] 1.620330 seconds
[runlim] end:			Tue Jul 23 19:07:29 2019
[runlim] status:		ok
[runlim] result:		10
[runlim] children:		0
[runlim] real:			2.04 seconds
[runlim] time:			1.56 seconds
[runlim] space:			15.5 MB
[runlim] samples:		16
[runlim] version:		1.7
[runlim] time limit:		311040000 seconds
[runlim] real time limit:	1200 seconds
[runlim] space limit:		7500 MB
[runlim] argv[0]:		/raid/steuber/Software/boolector/build/bin/boolector
[runlim] argv[1]:		/raid/steuber/Benchmarks/srem_sdiv_mul_sat/QF_BV/sage/app1/bench_60.smt2
[runlim] start:			Tue Jul 23 19:07:27 2019
[runlim] main pid:		32522
[BTOR>check_sat] 1.678023 seconds
[runlim] end:			Tue Jul 23 19:07:29 2019
[runlim] status:		ok
[runlim] result:		10
[runlim] children:		0
[runlim] real:			2.61 seconds
[runlim] time:			1.64 seconds
[runlim] space:			15.6 MB
[runlim] samples:		18
[runlim] version:		1.7
[runlim] time limit:		311040000 seconds
[runlim] real time limit:	1200 seconds
[runlim] space limit:		7500 MB
[runlim] argv[0]:		/raid/steuber/Software/boolector/build/bin/boolector
[runlim] argv[1]:		/raid/steuber/Benchmarks/srem_sdiv_mul_sat/QF_BV/sage/app1/bench_443.smt2
[runlim] start:			Tue Jul 23 19:07:29 2019
[runlim] main pid:		32530
[BTOR>check_sat] 1.642610 seconds
[runlim] end:			Tue Jul 23 19:07:30 2019
[runlim] status:		ok
[runlim] result:		10
[runlim] children:		0
[runlim] real:			1.70 seconds
[runlim] time:			1.59 seconds
[runlim] space:			15.5 MB
[runlim] samples:		16
[runlim] version:		1.7
[runlim] time limit:		311040000 seconds
[runlim] real time limit:	1200 seconds
[runlim] space limit:		7500 MB
[runlim] argv[0]:		/raid/steuber/Software/boolector/build/bin/boolector
[runlim] argv[1]:		/raid/steuber/Benchmarks/srem_sdiv_mul_sat/QF_BV/sage/app1/bench_53.smt2
[runlim] start:			Tue Jul 23 19:07:29 2019
[runlim] main pid:		32538
[BTOR>check_sat] 1.747738 seconds
[runlim] end:			Tue Jul 23 19:07:31 2019
[runlim] status:		ok
[runlim] result:		10
[runlim] children:		0
[runlim] real:			2.48 seconds
[runlim] time:			1.71 seconds
[runlim] space:			15.8 MB
[runlim] samples:		18
[runlim] version:		1.7
[runlim] time limit:		311040000 seconds
[runlim] real time limit:	1200 seconds
[runlim] space limit:		7500 MB
[runlim] argv[0]:		/raid/steuber/Software/boolector/build/bin/boolector
[runlim] argv[1]:		/raid/steuber/Benchmarks/srem_sdiv_mul_sat/QF_BV/sage/app1/bench_2586.smt2
[runlim] start:			Tue Jul 23 19:07:30 2019
[runlim] main pid:		32542
[BTOR>check_sat] 1.618720 seconds
[runlim] end:			Tue Jul 23 19:07:32 2019
[runlim] status:		ok
[runlim] result:		10
[runlim] children:		0
[runlim] real:			2.46 seconds
[runlim] time:			1.60 seconds
[runlim] space:			15.4 MB
[runlim] samples:		17
[runlim] version:		1.7
[runlim] time limit:		311040000 seconds
[runlim] real time limit:	1200 seconds
[runlim] space limit:		7500 MB
[runlim] argv[0]:		/raid/steuber/Software/boolector/build/bin/boolector
[runlim] argv[1]:		/raid/steuber/Benchmarks/srem_sdiv_mul_sat/QF_BV/sage/app1/bench_1168.smt2
[runlim] start:			Tue Jul 23 19:07:32 2019
[runlim] main pid:		32550
[BTOR>check_sat] 0.027799 seconds
[runlim] end:			Tue Jul 23 19:07:32 2019
[runlim] status:		ok
[runlim] result:		10
[runlim] children:		0
[runlim] real:			0.51 seconds
[runlim] time:			0.00 seconds
[runlim] space:			0.0 MB
[runlim] samples:		0
[runlim] version:		1.7
[runlim] time limit:		311040000 seconds
[runlim] real time limit:	1200 seconds
[runlim] space limit:		7500 MB
[runlim] argv[0]:		/raid/steuber/Software/boolector/build/bin/boolector
[runlim] argv[1]:		/raid/steuber/Benchmarks/srem_sdiv_mul_sat/QF_BV/sage/app1/bench_1917.smt2
[runlim] start:			Tue Jul 23 19:07:28 2019
[runlim] main pid:		32526
[BTOR>check_sat] 3.416104 seconds
[runlim] end:			Tue Jul 23 19:07:32 2019
[runlim] status:		ok
[runlim] result:		10
[runlim] children:		0
[runlim] real:			4.68 seconds
[runlim] time:			3.35 seconds
[runlim] space:			15.3 MB
[runlim] samples:		36
[runlim] version:		1.7
[runlim] time limit:		311040000 seconds
[runlim] real time limit:	1200 seconds
[runlim] space limit:		7500 MB
[runlim] argv[0]:		/raid/steuber/Software/boolector/build/bin/boolector
[runlim] argv[1]:		/raid/steuber/Benchmarks/srem_sdiv_mul_sat/QF_BV/sage/app1/bench_2330.smt2
[runlim] start:			Tue Jul 23 19:07:29 2019
[runlim] main pid:		32534
[BTOR>check_sat] 4.173347 seconds
[runlim] end:			Tue Jul 23 19:07:33 2019
[runlim] status:		ok
[runlim] result:		10
[runlim] children:		0
[runlim] real:			4.41 seconds
[runlim] time:			4.14 seconds
[runlim] space:			15.8 MB
[runlim] samples:		43
[runlim] version:		1.7
[runlim] time limit:		311040000 seconds
[runlim] real time limit:	1200 seconds
[runlim] space limit:		7500 MB
[runlim] argv[0]:		/raid/steuber/Software/boolector/build/bin/boolector
[runlim] argv[1]:		/raid/steuber/Benchmarks/srem_sdiv_mul_sat/QF_BV/sage/app1/bench_349.smt2
[runlim] start:			Tue Jul 23 19:07:32 2019
[runlim] main pid:		32554
[BTOR>check_sat] 1.678319 seconds
[runlim] end:			Tue Jul 23 19:07:34 2019
[runlim] status:		ok
[runlim] result:		10
[runlim] children:		0
[runlim] real:			2.26 seconds
[runlim] time:			1.66 seconds
[runlim] space:			15.5 MB
[runlim] samples:		17
[runlim] version:		1.7
[runlim] time limit:		311040000 seconds
[runlim] real time limit:	1200 seconds
[runlim] space limit:		7500 MB
[runlim] argv[0]:		/raid/steuber/Software/boolector/build/bin/boolector
[runlim] argv[1]:		/raid/steuber/Benchmarks/srem_sdiv_mul_sat/QF_BV/sage/app1/bench_334.smt2
[runlim] start:			Tue Jul 23 19:07:31 2019
[runlim] main pid:		32546
[BTOR>check_sat] 3.098111 seconds
[runlim] end:			Tue Jul 23 19:07:34 2019
[runlim] status:		ok
[runlim] result:		10
[runlim] children:		0
[runlim] real:			3.78 seconds
[runlim] time:			3.02 seconds
[runlim] space:			15.9 MB
[runlim] samples:		32
[runlim] version:		1.7
[runlim] time limit:		311040000 seconds
[runlim] real time limit:	1200 seconds
[runlim] space limit:		7500 MB
[runlim] argv[0]:		/raid/steuber/Software/boolector/build/bin/boolector
[runlim] argv[1]:		/raid/steuber/Benchmarks/srem_sdiv_mul_sat/QF_BV/sage/app1/bench_1007.smt2
[runlim] start:			Tue Jul 23 19:07:34 2019
[runlim] main pid:		32570
[BTOR>check_sat] 0.039316 seconds
[runlim] end:			Tue Jul 23 19:07:34 2019
[runlim] status:		ok
[runlim] result:		10
[runlim] children:		0
[runlim] real:			0.84 seconds
[runlim] time:			0.00 seconds
[runlim] space:			0.0 MB
[runlim] samples:		0
[runlim] version:		1.7
[runlim] time limit:		311040000 seconds
[runlim] real time limit:	1200 seconds
[runlim] space limit:		7500 MB
[runlim] argv[0]:		/raid/steuber/Software/boolector/build/bin/boolector
[runlim] argv[1]:		/raid/steuber/Benchmarks/srem_sdiv_mul_sat/QF_BV/sage/app1/bench_2025.smt2
[runlim] start:			Tue Jul 23 19:07:32 2019
[runlim] main pid:		32558
[BTOR>check_sat] 2.117640 seconds
[runlim] end:			Tue Jul 23 19:07:34 2019
[runlim] status:		ok
[runlim] result:		10
[runlim] children:		0
[runlim] real:			2.89 seconds
[runlim] time:			2.05 seconds
[runlim] space:			15.6 MB
[runlim] samples:		21
[runlim] version:		1.7
[runlim] time limit:		311040000 seconds
[runlim] real time limit:	1200 seconds
[runlim] space limit:		7500 MB
[runlim] argv[0]:		/raid/steuber/Software/boolector/build/bin/boolector
[runlim] argv[1]:		/raid/steuber/Benchmarks/srem_sdiv_mul_sat/QF_BV/sage/app1/bench_344.smt2
[runlim] start:			Tue Jul 23 19:07:33 2019
[runlim] main pid:		32562
[BTOR>check_sat] 1.678119 seconds
[runlim] end:			Tue Jul 23 19:07:35 2019
[runlim] status:		ok
[runlim] result:		10
[runlim] children:		0
[runlim] real:			2.20 seconds
[runlim] time:			1.62 seconds
[runlim] space:			15.7 MB
[runlim] samples:		17
[runlim] version:		1.7
[runlim] time limit:		311040000 seconds
[runlim] real time limit:	1200 seconds
[runlim] space limit:		7500 MB
[runlim] argv[0]:		/raid/steuber/Software/boolector/build/bin/boolector
[runlim] argv[1]:		/raid/steuber/Benchmarks/srem_sdiv_mul_sat/QF_BV/sage/app1/bench_2376.smt2
[runlim] start:			Tue Jul 23 19:07:35 2019
[runlim] main pid:		32582
[BTOR>check_sat] 1.603709 seconds
[runlim] end:			Tue Jul 23 19:07:36 2019
[runlim] status:		ok
[runlim] result:		10
[runlim] children:		0
[runlim] real:			1.97 seconds
[runlim] time:			1.59 seconds
[runlim] space:			15.2 MB
[runlim] samples:		17
[runlim] version:		1.7
[runlim] time limit:		311040000 seconds
[runlim] real time limit:	1200 seconds
[runlim] space limit:		7500 MB
[runlim] argv[0]:		/raid/steuber/Software/boolector/build/bin/boolector
[runlim] argv[1]:		/raid/steuber/Benchmarks/srem_sdiv_mul_sat/QF_BV/sage/app1/bench_2547.smt2
[runlim] start:			Tue Jul 23 19:07:34 2019
[runlim] main pid:		32574
[BTOR>check_sat] 2.686707 seconds
[runlim] end:			Tue Jul 23 19:07:37 2019
[runlim] status:		ok
[runlim] result:		10
[runlim] children:		0
[runlim] real:			3.61 seconds
[runlim] time:			2.65 seconds
[runlim] space:			15.7 MB
[runlim] samples:		27
[runlim] version:		1.7
[runlim] time limit:		311040000 seconds
[runlim] real time limit:	1200 seconds
[runlim] space limit:		7500 MB
[runlim] argv[0]:		/raid/steuber/Software/boolector/build/bin/boolector
[runlim] argv[1]:		/raid/steuber/Benchmarks/srem_sdiv_mul_sat/QF_BV/sage/app1/bench_2020.smt2
[runlim] start:			Tue Jul 23 19:07:34 2019
[runlim] main pid:		32566
[BTOR>check_sat] 3.652276 seconds
[runlim] end:			Tue Jul 23 19:07:38 2019
[runlim] status:		ok
[runlim] result:		10
[runlim] children:		0
[runlim] real:			4.18 seconds
[runlim] time:			3.67 seconds
[runlim] space:			15.6 MB
[runlim] samples:		39
[runlim] version:		1.7
[runlim] time limit:		311040000 seconds
[runlim] real time limit:	1200 seconds
[runlim] space limit:		7500 MB
[runlim] argv[0]:		/raid/steuber/Software/boolector/build/bin/boolector
[runlim] argv[1]:		/raid/steuber/Benchmarks/srem_sdiv_mul_sat/QF_BV/sage/app1/bench_181.smt2
[runlim] start:			Tue Jul 23 19:07:34 2019
[runlim] main pid:		32578
[BTOR>check_sat] 3.512142 seconds
[runlim] end:			Tue Jul 23 19:07:38 2019
[runlim] status:		ok
[runlim] result:		10
[runlim] children:		0
[runlim] real:			4.67 seconds
[runlim] time:			3.47 seconds
[runlim] space:			16.0 MB
[runlim] samples:		37
[runlim] version:		1.7
[runlim] time limit:		311040000 seconds
[runlim] real time limit:	1200 seconds
[runlim] space limit:		7500 MB
[runlim] argv[0]:		/raid/steuber/Software/boolector/build/bin/boolector
[runlim] argv[1]:		/raid/steuber/Benchmarks/srem_sdiv_mul_sat/QF_BV/sage/app1/bench_2660.smt2
[runlim] start:			Tue Jul 23 19:07:36 2019
[runlim] main pid:		32586
[BTOR>check_sat] 1.616534 seconds
[runlim] end:			Tue Jul 23 19:07:38 2019
[runlim] status:		ok
[runlim] result:		10
[runlim] children:		0
[runlim] real:			2.70 seconds
[runlim] time:			1.62 seconds
[runlim] space:			15.5 MB
[runlim] samples:		17
[runlim] version:		1.7
[runlim] time limit:		311040000 seconds
[runlim] real time limit:	1200 seconds
[runlim] space limit:		7500 MB
[runlim] argv[0]:		/raid/steuber/Software/boolector/build/bin/boolector
[runlim] argv[1]:		/raid/steuber/Benchmarks/srem_sdiv_mul_sat/QF_BV/sage/app1/bench_1152.smt2
[runlim] start:			Tue Jul 23 19:07:38 2019
[runlim] main pid:		32602
[BTOR>check_sat] 0.034852 seconds
[runlim] end:			Tue Jul 23 19:07:38 2019
[runlim] status:		ok
[runlim] result:		10
[runlim] children:		0
[runlim] real:			0.75 seconds
[runlim] time:			0.00 seconds
[runlim] space:			0.0 MB
[runlim] samples:		0
[runlim] version:		1.7
[runlim] time limit:		311040000 seconds
[runlim] real time limit:	1200 seconds
[runlim] space limit:		7500 MB
[runlim] argv[0]:		/raid/steuber/Software/boolector/build/bin/boolector
[runlim] argv[1]:		/raid/steuber/Benchmarks/srem_sdiv_mul_sat/QF_BV/sage/app1/bench_2588.smt2
[runlim] start:			Tue Jul 23 19:07:37 2019
[runlim] main pid:		32590
[BTOR>check_sat] 1.654550 seconds
[runlim] end:			Tue Jul 23 19:07:39 2019
[runlim] status:		ok
[runlim] result:		10
[runlim] children:		0
[runlim] real:			2.36 seconds
[runlim] time:			1.64 seconds
[runlim] space:			15.5 MB
[runlim] samples:		17
[runlim] version:		1.7
[runlim] time limit:		311040000 seconds
[runlim] real time limit:	1200 seconds
[runlim] space limit:		7500 MB
[runlim] argv[0]:		/raid/steuber/Software/boolector/build/bin/boolector
[runlim] argv[1]:		/raid/steuber/Benchmarks/srem_sdiv_mul_sat/QF_BV/sage/app1/bench_1182.smt2
[runlim] start:			Tue Jul 23 19:07:39 2019
[runlim] main pid:		32610
[BTOR>check_sat] 0.021269 seconds
[runlim] end:			Tue Jul 23 19:07:39 2019
[runlim] status:		ok
[runlim] result:		10
[runlim] children:		0
[runlim] real:			0.41 seconds
[runlim] time:			0.00 seconds
[runlim] space:			0.0 MB
[runlim] samples:		0
[runlim] version:		1.7
[runlim] time limit:		311040000 seconds
[runlim] real time limit:	1200 seconds
[runlim] space limit:		7500 MB
[runlim] argv[0]:		/raid/steuber/Software/boolector/build/bin/boolector
[runlim] argv[1]:		/raid/steuber/Benchmarks/srem_sdiv_mul_sat/QF_BV/sage/app1/bench_1204.smt2
[runlim] start:			Tue Jul 23 19:07:39 2019
[runlim] main pid:		32614
[BTOR>check_sat] 0.628836 seconds
[runlim] end:			Tue Jul 23 19:07:40 2019
[runlim] status:		ok
[runlim] result:		10
[runlim] children:		0
[runlim] real:			1.11 seconds
[runlim] time:			0.54 seconds
[runlim] space:			5.9 MB
[runlim] samples:		6
[runlim] version:		1.7
[runlim] time limit:		311040000 seconds
[runlim] real time limit:	1200 seconds
[runlim] space limit:		7500 MB
[runlim] argv[0]:		/raid/steuber/Software/boolector/build/bin/boolector
[runlim] argv[1]:		/raid/steuber/Benchmarks/srem_sdiv_mul_sat/QF_BV/sage/app1/bench_2477.smt2
[runlim] start:			Tue Jul 23 19:07:38 2019
[runlim] main pid:		32598
[BTOR>check_sat] 1.633553 seconds
[runlim] end:			Tue Jul 23 19:07:40 2019
[runlim] status:		ok
[runlim] result:		10
[runlim] children:		0
[runlim] real:			2.49 seconds
[runlim] time:			1.65 seconds
[runlim] space:			15.4 MB
[runlim] samples:		18
[runlim] version:		1.7
[runlim] time limit:		311040000 seconds
[runlim] real time limit:	1200 seconds
[runlim] space limit:		7500 MB
[runlim] argv[0]:		/raid/steuber/Software/boolector/build/bin/boolector
[runlim] argv[1]:		/raid/steuber/Benchmarks/srem_sdiv_mul_sat/QF_BV/sage/app1/bench_343.smt2
[runlim] start:			Tue Jul 23 19:07:38 2019
[runlim] main pid:		32594
[BTOR>check_sat] 2.894781 seconds
[runlim] end:			Tue Jul 23 19:07:41 2019
[runlim] status:		ok
[runlim] result:		10
[runlim] children:		0
[runlim] real:			3.16 seconds
[runlim] time:			2.83 seconds
[runlim] space:			15.5 MB
[runlim] samples:		29
[runlim] version:		1.7
[runlim] time limit:		311040000 seconds
[runlim] real time limit:	1200 seconds
[runlim] space limit:		7500 MB
[runlim] argv[0]:		/raid/steuber/Software/boolector/build/bin/boolector
[runlim] argv[1]:		/raid/steuber/Benchmarks/srem_sdiv_mul_sat/QF_BV/sage/app1/bench_2428.smt2
[runlim] start:			Tue Jul 23 19:07:38 2019
[runlim] main pid:		32606
[BTOR>check_sat] 2.622708 seconds
[runlim] end:			Tue Jul 23 19:07:41 2019
[runlim] status:		ok
[runlim] result:		10
[runlim] children:		0
[runlim] real:			3.47 seconds
[runlim] time:			2.64 seconds
[runlim] space:			15.7 MB
[runlim] samples:		27
[runlim] version:		1.7
[runlim] time limit:		311040000 seconds
[runlim] real time limit:	1200 seconds
[runlim] space limit:		7500 MB
[runlim] argv[0]:		/raid/steuber/Software/boolector/build/bin/boolector
[runlim] argv[1]:		/raid/steuber/Benchmarks/srem_sdiv_mul_sat/QF_BV/sage/app1/bench_993.smt2
[runlim] start:			Tue Jul 23 19:07:41 2019
[runlim] main pid:		32630
[BTOR>check_sat] 0.027445 seconds
[runlim] end:			Tue Jul 23 19:07:41 2019
[runlim] status:		ok
[runlim] result:		10
[runlim] children:		0
[runlim] real:			0.53 seconds
[runlim] time:			0.00 seconds
[runlim] space:			0.0 MB
[runlim] samples:		0
[runlim] version:		1.7
[runlim] time limit:		311040000 seconds
[runlim] real time limit:	1200 seconds
[runlim] space limit:		7500 MB
[runlim] argv[0]:		/raid/steuber/Software/boolector/build/bin/boolector
[runlim] argv[1]:		/raid/steuber/Benchmarks/srem_sdiv_mul_sat/QF_BV/sage/app1/bench_134.smt2
[runlim] start:			Tue Jul 23 19:07:40 2019
[runlim] main pid:		32618
[BTOR>check_sat] 1.670002 seconds
[runlim] end:			Tue Jul 23 19:07:41 2019
[runlim] status:		ok
[runlim] result:		10
[runlim] children:		0
[runlim] real:			1.93 seconds
[runlim] time:			1.68 seconds
[runlim] space:			15.5 MB
[runlim] samples:		18
[runlim] version:		1.7
[runlim] time limit:		311040000 seconds
[runlim] real time limit:	1200 seconds
[runlim] space limit:		7500 MB
[runlim] argv[0]:		/raid/steuber/Software/boolector/build/bin/boolector
[runlim] argv[1]:		/raid/steuber/Benchmarks/srem_sdiv_mul_sat/QF_BV/sage/app1/bench_419.smt2
[runlim] start:			Tue Jul 23 19:07:40 2019
[runlim] main pid:		32622
[BTOR>check_sat] 1.646863 seconds
[runlim] end:			Tue Jul 23 19:07:42 2019
[runlim] status:		ok
[runlim] result:		10
[runlim] children:		0
[runlim] real:			2.24 seconds
[runlim] time:			1.63 seconds
[runlim] space:			15.5 MB
[runlim] samples:		17
[runlim] version:		1.7
[runlim] time limit:		311040000 seconds
[runlim] real time limit:	1200 seconds
[runlim] space limit:		7500 MB
[runlim] argv[0]:		/raid/steuber/Software/boolector/build/bin/boolector
[runlim] argv[1]:		/raid/steuber/Benchmarks/srem_sdiv_mul_sat/QF_BV/sage/app1/bench_185.smt2
[runlim] start:			Tue Jul 23 19:07:41 2019
[runlim] main pid:		32626
[BTOR>check_sat] 1.620781 seconds
[runlim] end:			Tue Jul 23 19:07:42 2019
[runlim] status:		ok
[runlim] result:		10
[runlim] children:		0
[runlim] real:			1.97 seconds
[runlim] time:			1.54 seconds
[runlim] space:			15.4 MB
[runlim] samples:		17
[runlim] version:		1.7
[runlim] time limit:		311040000 seconds
[runlim] real time limit:	1200 seconds
[runlim] space limit:		7500 MB
[runlim] argv[0]:		/raid/steuber/Software/boolector/build/bin/boolector
[runlim] argv[1]:		/raid/steuber/Benchmarks/srem_sdiv_mul_sat/QF_BV/sage/app1/bench_2371.smt2
[runlim] start:			Tue Jul 23 19:07:41 2019
[runlim] main pid:		32634
[BTOR>check_sat] 1.595269 seconds
[runlim] end:			Tue Jul 23 19:07:43 2019
[runlim] status:		ok
[runlim] result:		10
[runlim] children:		0
[runlim] real:			2.22 seconds
[runlim] time:			1.55 seconds
[runlim] space:			15.2 MB
[runlim] samples:		16
[runlim] version:		1.7
[runlim] time limit:		311040000 seconds
[runlim] real time limit:	1200 seconds
[runlim] space limit:		7500 MB
[runlim] argv[0]:		/raid/steuber/Software/boolector/build/bin/boolector
[runlim] argv[1]:		/raid/steuber/Benchmarks/srem_sdiv_mul_sat/QF_BV/sage/app1/bench_413.smt2
[runlim] start:			Tue Jul 23 19:07:41 2019
[runlim] main pid:		32638
[BTOR>check_sat] 1.622337 seconds
[runlim] end:			Tue Jul 23 19:07:43 2019
[runlim] status:		ok
[runlim] result:		10
[runlim] children:		0
[runlim] real:			2.63 seconds
[runlim] time:			1.55 seconds
[runlim] space:			15.3 MB
[runlim] samples:		16
[runlim] version:		1.7
[runlim] time limit:		311040000 seconds
[runlim] real time limit:	1200 seconds
[runlim] space limit:		7500 MB
[runlim] argv[0]:		/raid/steuber/Software/boolector/build/bin/boolector
[runlim] argv[1]:		/raid/steuber/Benchmarks/srem_sdiv_mul_sat/QF_BV/sage/app1/bench_183.smt2
[runlim] start:			Tue Jul 23 19:07:42 2019
[runlim] main pid:		32642
[BTOR>check_sat] 1.607146 seconds
[runlim] end:			Tue Jul 23 19:07:43 2019
[runlim] status:		ok
[runlim] result:		10
[runlim] children:		0
[runlim] real:			1.95 seconds
[runlim] time:			1.52 seconds
[runlim] space:			15.4 MB
[runlim] samples:		16
[runlim] version:		1.7
[runlim] time limit:		311040000 seconds
[runlim] real time limit:	1200 seconds
[runlim] space limit:		7500 MB
[runlim] argv[0]:		/raid/steuber/Software/boolector/build/bin/boolector
[runlim] argv[1]:		/raid/steuber/Benchmarks/srem_sdiv_mul_sat/QF_BV/sage/app1/bench_2270.smt2
[runlim] start:			Tue Jul 23 19:07:42 2019
[runlim] main pid:		32646
[BTOR>check_sat] 1.503258 seconds
[runlim] end:			Tue Jul 23 19:07:44 2019
[runlim] status:		ok
[runlim] result:		10
[runlim] children:		0
[runlim] real:			2.63 seconds
[runlim] time:			1.48 seconds
[runlim] space:			15.1 MB
[runlim] samples:		16
[runlim] version:		1.7
[runlim] time limit:		311040000 seconds
[runlim] real time limit:	1200 seconds
[runlim] space limit:		7500 MB
[runlim] argv[0]:		/raid/steuber/Software/boolector/build/bin/boolector
[runlim] argv[1]:		/raid/steuber/Benchmarks/srem_sdiv_mul_sat/QF_BV/sage/app1/bench_2582.smt2
[runlim] start:			Tue Jul 23 19:07:43 2019
[runlim] main pid:		32650
[BTOR>check_sat] 1.699001 seconds
[runlim] end:			Tue Jul 23 19:07:45 2019
[runlim] status:		ok
[runlim] result:		10
[runlim] children:		0
[runlim] real:			2.09 seconds
[runlim] time:			1.67 seconds
[runlim] space:			15.4 MB
[runlim] samples:		18
[runlim] version:		1.7
[runlim] time limit:		311040000 seconds
[runlim] real time limit:	1200 seconds
[runlim] space limit:		7500 MB
[runlim] argv[0]:		/raid/steuber/Software/boolector/build/bin/boolector
[runlim] argv[1]:		/raid/steuber/Benchmarks/srem_sdiv_mul_sat/QF_BV/sage/app1/bench_429.smt2
[runlim] start:			Tue Jul 23 19:07:43 2019
[runlim] main pid:		32658
[BTOR>check_sat] 1.652547 seconds
[runlim] end:			Tue Jul 23 19:07:45 2019
[runlim] status:		ok
[runlim] result:		10
[runlim] children:		0
[runlim] real:			2.73 seconds
[runlim] time:			1.60 seconds
[runlim] space:			15.4 MB
[runlim] samples:		17
[runlim] version:		1.7
[runlim] time limit:		311040000 seconds
[runlim] real time limit:	1200 seconds
[runlim] space limit:		7500 MB
[runlim] argv[0]:		/raid/steuber/Software/boolector/build/bin/boolector
[runlim] argv[1]:		/raid/steuber/Benchmarks/srem_sdiv_mul_sat/QF_BV/sage/app1/bench_99.smt2
[runlim] start:			Tue Jul 23 19:07:43 2019
[runlim] main pid:		32654
[BTOR>check_sat] 2.814165 seconds
[runlim] end:			Tue Jul 23 19:07:46 2019
[runlim] status:		ok
[runlim] result:		10
[runlim] children:		0
[runlim] real:			3.50 seconds
[runlim] time:			2.78 seconds
[runlim] space:			15.5 MB
[runlim] samples:		28
[runlim] version:		1.7
[runlim] time limit:		311040000 seconds
[runlim] real time limit:	1200 seconds
[runlim] space limit:		7500 MB
[runlim] argv[0]:		/raid/steuber/Software/boolector/build/bin/boolector
[runlim] argv[1]:		/raid/steuber/Benchmarks/srem_sdiv_mul_sat/QF_BV/sage/app1/bench_407.smt2
[runlim] start:			Tue Jul 23 19:07:44 2019
[runlim] main pid:		32662
[BTOR>check_sat] 2.810639 seconds
[runlim] end:			Tue Jul 23 19:07:47 2019
[runlim] status:		ok
[runlim] result:		10
[runlim] children:		0
[runlim] real:			3.48 seconds
[runlim] time:			2.79 seconds
[runlim] space:			15.5 MB
[runlim] samples:		28
[runlim] version:		1.7
[runlim] time limit:		311040000 seconds
[runlim] real time limit:	1200 seconds
[runlim] space limit:		7500 MB
[runlim] argv[0]:		/raid/steuber/Software/boolector/build/bin/boolector
[runlim] argv[1]:		/raid/steuber/Benchmarks/srem_sdiv_mul_sat/QF_BV/sage/app1/bench_411.smt2
[runlim] start:			Tue Jul 23 19:07:45 2019
[runlim] main pid:		32670
[BTOR>check_sat] 1.612661 seconds
[runlim] end:			Tue Jul 23 19:07:47 2019
[runlim] status:		ok
[runlim] result:		10
[runlim] children:		0
[runlim] real:			2.54 seconds
[runlim] time:			1.54 seconds
[runlim] space:			15.5 MB
[runlim] samples:		17
[runlim] version:		1.7
[runlim] time limit:		311040000 seconds
[runlim] real time limit:	1200 seconds
[runlim] space limit:		7500 MB
[runlim] argv[0]:		/raid/steuber/Software/boolector/build/bin/boolector
[runlim] argv[1]:		/raid/steuber/Benchmarks/srem_sdiv_mul_sat/QF_BV/sage/app1/bench_1150.smt2
[runlim] start:			Tue Jul 23 19:07:47 2019
[runlim] main pid:		32682
[BTOR>check_sat] 0.040216 seconds
[runlim] end:			Tue Jul 23 19:07:47 2019
[runlim] status:		ok
[runlim] result:		10
[runlim] children:		0
[runlim] real:			0.60 seconds
[runlim] time:			0.00 seconds
[runlim] space:			0.0 MB
[runlim] samples:		0
[runlim] version:		1.7
[runlim] time limit:		311040000 seconds
[runlim] real time limit:	1200 seconds
[runlim] space limit:		7500 MB
[runlim] argv[0]:		/raid/steuber/Software/boolector/build/bin/boolector
[runlim] argv[1]:		/raid/steuber/Benchmarks/srem_sdiv_mul_sat/QF_BV/sage/app1/bench_2124.smt2
[runlim] start:			Tue Jul 23 19:07:46 2019
[runlim] main pid:		32674
[BTOR>check_sat] 1.544849 seconds
[runlim] end:			Tue Jul 23 19:07:48 2019
[runlim] status:		ok
[runlim] result:		10
[runlim] children:		0
[runlim] real:			2.15 seconds
[runlim] time:			1.53 seconds
[runlim] space:			15.3 MB
[runlim] samples:		16
[runlim] version:		1.7
[runlim] time limit:		311040000 seconds
[runlim] real time limit:	1200 seconds
[runlim] space limit:		7500 MB
[runlim] argv[0]:		/raid/steuber/Software/boolector/build/bin/boolector
[runlim] argv[1]:		/raid/steuber/Benchmarks/srem_sdiv_mul_sat/QF_BV/sage/app1/bench_1920.smt2
[runlim] start:			Tue Jul 23 19:07:45 2019
[runlim] main pid:		32666
[BTOR>check_sat] 4.972024 seconds
[runlim] end:			Tue Jul 23 19:07:50 2019
[runlim] status:		ok
[runlim] result:		10
[runlim] children:		0
[runlim] real:			5.16 seconds
[runlim] time:			4.93 seconds
[runlim] space:			15.0 MB
[runlim] samples:		50
[runlim] version:		1.7
[runlim] time limit:		311040000 seconds
[runlim] real time limit:	1200 seconds
[runlim] space limit:		7500 MB
[runlim] argv[0]:		/raid/steuber/Software/boolector/build/bin/boolector
[runlim] argv[1]:		/raid/steuber/Benchmarks/srem_sdiv_mul_sat/QF_BV/sage/app1/bench_2375.smt2
[runlim] start:			Tue Jul 23 19:07:47 2019
[runlim] main pid:		32678
[BTOR>check_sat] 2.797281 seconds
[runlim] end:			Tue Jul 23 19:07:50 2019
[runlim] status:		ok
[runlim] result:		10
[runlim] children:		0
[runlim] real:			3.57 seconds
[runlim] time:			2.75 seconds
[runlim] space:			15.3 MB
[runlim] samples:		30
[runlim] version:		1.7
[runlim] time limit:		311040000 seconds
[runlim] real time limit:	1200 seconds
[runlim] space limit:		7500 MB
[runlim] argv[0]:		/raid/steuber/Software/boolector/build/bin/boolector
[runlim] argv[1]:		/raid/steuber/Benchmarks/srem_sdiv_mul_sat/QF_BV/sage/app1/bench_61.smt2
[runlim] start:			Tue Jul 23 19:07:47 2019
[runlim] main pid:		32686
[BTOR>check_sat] 2.900504 seconds
[runlim] end:			Tue Jul 23 19:07:50 2019
[runlim] status:		ok
[runlim] result:		10
[runlim] children:		0
[runlim] real:			3.71 seconds
[runlim] time:			2.82 seconds
[runlim] space:			15.7 MB
[runlim] samples:		30
[runlim] version:		1.7
[runlim] time limit:		311040000 seconds
[runlim] real time limit:	1200 seconds
[runlim] space limit:		7500 MB
[runlim] argv[0]:		/raid/steuber/Software/boolector/build/bin/boolector
[runlim] argv[1]:		/raid/steuber/Benchmarks/srem_sdiv_mul_sat/QF_BV/sage/app1/bench_2367.smt2
[runlim] start:			Tue Jul 23 19:07:48 2019
[runlim] main pid:		32690
[BTOR>check_sat] 3.280526 seconds
[runlim] end:			Tue Jul 23 19:07:51 2019
[runlim] status:		ok
[runlim] result:		10
[runlim] children:		0
[runlim] real:			3.57 seconds
[runlim] time:			3.30 seconds
[runlim] space:			15.7 MB
[runlim] samples:		34
[runlim] version:		1.7
[runlim] time limit:		311040000 seconds
[runlim] real time limit:	1200 seconds
[runlim] space limit:		7500 MB
[runlim] argv[0]:		/raid/steuber/Software/boolector/build/bin/boolector
[runlim] argv[1]:		/raid/steuber/Benchmarks/srem_sdiv_mul_sat/QF_BV/sage/app1/bench_2595.smt2
[runlim] start:			Tue Jul 23 19:07:50 2019
[runlim] main pid:		32694
[BTOR>check_sat] 1.606891 seconds
[runlim] end:			Tue Jul 23 19:07:51 2019
[runlim] status:		ok
[runlim] result:		10
[runlim] children:		0
[runlim] real:			1.86 seconds
[runlim] time:			1.54 seconds
[runlim] space:			15.5 MB
[runlim] samples:		16
[runlim] version:		1.7
[runlim] time limit:		311040000 seconds
[runlim] real time limit:	1200 seconds
[runlim] space limit:		7500 MB
[runlim] argv[0]:		/raid/steuber/Software/boolector/build/bin/boolector
[runlim] argv[1]:		/raid/steuber/Benchmarks/srem_sdiv_mul_sat/QF_BV/sage/app1/bench_2461.smt2
[runlim] start:			Tue Jul 23 19:07:50 2019
[runlim] main pid:		32702
[BTOR>check_sat] 1.594666 seconds
[runlim] end:			Tue Jul 23 19:07:52 2019
[runlim] status:		ok
[runlim] result:		10
[runlim] children:		0
[runlim] real:			2.43 seconds
[runlim] time:			1.60 seconds
[runlim] space:			15.7 MB
[runlim] samples:		17
[runlim] version:		1.7
[runlim] time limit:		311040000 seconds
[runlim] real time limit:	1200 seconds
[runlim] space limit:		7500 MB
[runlim] argv[0]:		/raid/steuber/Software/boolector/build/bin/boolector
[runlim] argv[1]:		/raid/steuber/Benchmarks/srem_sdiv_mul_sat/QF_BV/sage/app1/bench_345.smt2
[runlim] start:			Tue Jul 23 19:07:51 2019
[runlim] main pid:		32710
[BTOR>check_sat] 1.786931 seconds
[runlim] end:			Tue Jul 23 19:07:53 2019
[runlim] status:		ok
[runlim] result:		10
[runlim] children:		0
[runlim] real:			2.82 seconds
[runlim] time:			1.77 seconds
[runlim] space:			15.6 MB
[runlim] samples:		19
[runlim] version:		1.7
[runlim] time limit:		311040000 seconds
[runlim] real time limit:	1200 seconds
[runlim] space limit:		7500 MB
[runlim] argv[0]:		/raid/steuber/Software/boolector/build/bin/boolector
[runlim] argv[1]:		/raid/steuber/Benchmarks/srem_sdiv_mul_sat/QF_BV/sage/app1/bench_52.smt2
[runlim] start:			Tue Jul 23 19:07:50 2019
[runlim] main pid:		32698
[BTOR>check_sat] 3.052643 seconds
[runlim] end:			Tue Jul 23 19:07:53 2019
[runlim] status:		ok
[runlim] result:		10
[runlim] children:		0
[runlim] real:			3.91 seconds
[runlim] time:			3.07 seconds
[runlim] space:			15.7 MB
[runlim] samples:		33
[runlim] version:		1.7
[runlim] time limit:		311040000 seconds
[runlim] real time limit:	1200 seconds
[runlim] space limit:		7500 MB
[runlim] argv[0]:		/raid/steuber/Software/boolector/build/bin/boolector
[runlim] argv[1]:		/raid/steuber/Benchmarks/srem_sdiv_mul_sat/QF_BV/sage/app1/bench_2365.smt2
[runlim] start:			Tue Jul 23 19:07:51 2019
[runlim] main pid:		32706
[BTOR>check_sat] 2.656639 seconds
[runlim] end:			Tue Jul 23 19:07:54 2019
[runlim] status:		ok
[runlim] result:		10
[runlim] children:		0
[runlim] real:			3.49 seconds
[runlim] time:			2.68 seconds
[runlim] space:			15.3 MB
[runlim] samples:		29
[runlim] version:		1.7
[runlim] time limit:		311040000 seconds
[runlim] real time limit:	1200 seconds
[runlim] space limit:		7500 MB
[runlim] argv[0]:		/raid/steuber/Software/boolector/build/bin/boolector
[runlim] argv[1]:		/raid/steuber/Benchmarks/srem_sdiv_mul_sat/QF_BV/sage/app1/bench_681.smt2
[runlim] start:			Tue Jul 23 19:07:52 2019
[runlim] main pid:		32714
[BTOR>check_sat] 2.176819 seconds
[runlim] end:			Tue Jul 23 19:07:54 2019
[runlim] status:		ok
[runlim] result:		10
[runlim] children:		0
[runlim] real:			2.68 seconds
[runlim] time:			2.17 seconds
[runlim] space:			16.6 MB
[runlim] samples:		22
[runlim] version:		1.7
[runlim] time limit:		311040000 seconds
[runlim] real time limit:	1200 seconds
[runlim] space limit:		7500 MB
[runlim] argv[0]:		/raid/steuber/Software/boolector/build/bin/boolector
[runlim] argv[1]:		/raid/steuber/Benchmarks/srem_sdiv_mul_sat/QF_BV/sage/app1/bench_2293.smt2
[runlim] start:			Tue Jul 23 19:07:53 2019
[runlim] main pid:		32718
[BTOR>check_sat] 1.678188 seconds
[runlim] end:			Tue Jul 23 19:07:55 2019
[runlim] status:		ok
[runlim] result:		10
[runlim] children:		0
[runlim] real:			2.64 seconds
[runlim] time:			1.69 seconds
[runlim] space:			15.5 MB
[runlim] samples:		18
[runlim] version:		1.7
[runlim] time limit:		311040000 seconds
[runlim] real time limit:	1200 seconds
[runlim] space limit:		7500 MB
[runlim] argv[0]:		/raid/steuber/Software/boolector/build/bin/boolector
[runlim] argv[1]:		/raid/steuber/Benchmarks/srem_sdiv_mul_sat/QF_BV/sage/app1/bench_29.smt2
[runlim] start:			Tue Jul 23 19:07:54 2019
[runlim] main pid:		32730
[BTOR>check_sat] 1.756379 seconds
[runlim] end:			Tue Jul 23 19:07:56 2019
[runlim] status:		ok
[runlim] result:		10
[runlim] children:		0
[runlim] real:			2.65 seconds
[runlim] time:			1.72 seconds
[runlim] space:			16.1 MB
[runlim] samples:		19
[runlim] version:		1.7
[runlim] time limit:		311040000 seconds
[runlim] real time limit:	1200 seconds
[runlim] space limit:		7500 MB
[runlim] argv[0]:		/raid/steuber/Software/boolector/build/bin/boolector
[runlim] argv[1]:		/raid/steuber/Benchmarks/srem_sdiv_mul_sat/QF_BV/sage/app1/bench_174.smt2
[runlim] start:			Tue Jul 23 19:07:53 2019
[runlim] main pid:		32722
[BTOR>check_sat] 3.054172 seconds
[runlim] end:			Tue Jul 23 19:07:57 2019
[runlim] status:		ok
[runlim] result:		10
[runlim] children:		0
[runlim] real:			4.34 seconds
[runlim] time:			3.05 seconds
[runlim] space:			15.4 MB
[runlim] samples:		34
[runlim] version:		1.7
[runlim] time limit:		311040000 seconds
[runlim] real time limit:	1200 seconds
[runlim] space limit:		7500 MB
[runlim] argv[0]:		/raid/steuber/Software/boolector/build/bin/boolector
[runlim] argv[1]:		/raid/steuber/Benchmarks/srem_sdiv_mul_sat/QF_BV/sage/app1/bench_356.smt2
[runlim] start:			Tue Jul 23 19:07:55 2019
[runlim] main pid:		32734
[BTOR>check_sat] 1.799044 seconds
[runlim] end:			Tue Jul 23 19:07:57 2019
[runlim] status:		ok
[runlim] result:		10
[runlim] children:		0
[runlim] real:			2.50 seconds
[runlim] time:			1.77 seconds
[runlim] space:			15.6 MB
[runlim] samples:		18
[runlim] version:		1.7
[runlim] time limit:		311040000 seconds
[runlim] real time limit:	1200 seconds
[runlim] space limit:		7500 MB
[runlim] argv[0]:		/raid/steuber/Software/boolector/build/bin/boolector
[runlim] argv[1]:		/raid/steuber/Benchmarks/srem_sdiv_mul_sat/QF_BV/sage/app1/bench_1439.smt2
[runlim] start:			Tue Jul 23 19:07:57 2019
[runlim] main pid:		32742
[BTOR>check_sat] 0.522412 seconds
[runlim] end:			Tue Jul 23 19:07:57 2019
[runlim] status:		ok
[runlim] result:		10
[runlim] children:		0
[runlim] real:			0.94 seconds
[runlim] time:			0.44 seconds
[runlim] space:			4.9 MB
[runlim] samples:		5
[runlim] version:		1.7
[runlim] time limit:		311040000 seconds
[runlim] real time limit:	1200 seconds
[runlim] space limit:		7500 MB
[runlim] argv[0]:		/raid/steuber/Software/boolector/build/bin/boolector
[runlim] argv[1]:		/raid/steuber/Benchmarks/srem_sdiv_mul_sat/QF_BV/sage/app1/bench_997.smt2
[runlim] start:			Tue Jul 23 19:07:57 2019
[runlim] main pid:		32750
[BTOR>check_sat] 0.033598 seconds
[runlim] end:			Tue Jul 23 19:07:58 2019
[runlim] status:		ok
[runlim] result:		10
[runlim] children:		0
[runlim] real:			1.00 seconds
[runlim] time:			0.00 seconds
[runlim] space:			0.0 MB
[runlim] samples:		0
[runlim] version:		1.7
[runlim] time limit:		311040000 seconds
[runlim] real time limit:	1200 seconds
[runlim] space limit:		7500 MB
[runlim] argv[0]:		/raid/steuber/Software/boolector/build/bin/boolector
[runlim] argv[1]:		/raid/steuber/Benchmarks/srem_sdiv_mul_sat/QF_BV/sage/app1/bench_858.smt2
[runlim] start:			Tue Jul 23 19:07:56 2019
[runlim] main pid:		32738
[BTOR>check_sat] 2.721829 seconds
[runlim] end:			Tue Jul 23 19:07:59 2019
[runlim] status:		ok
[runlim] result:		10
[runlim] children:		0
[runlim] real:			3.68 seconds
[runlim] time:			2.74 seconds
[runlim] space:			16.2 MB
[runlim] samples:		30
[runlim] version:		1.7
[runlim] time limit:		311040000 seconds
[runlim] real time limit:	1200 seconds
[runlim] space limit:		7500 MB
[runlim] argv[0]:		/raid/steuber/Software/boolector/build/bin/boolector
[runlim] argv[1]:		/raid/steuber/Benchmarks/srem_sdiv_mul_sat/QF_BV/sage/app1/bench_2474.smt2
[runlim] start:			Tue Jul 23 19:07:58 2019
[runlim] main pid:		32754
[BTOR>check_sat] 1.595486 seconds
[runlim] end:			Tue Jul 23 19:07:59 2019
[runlim] status:		ok
[runlim] result:		10
[runlim] children:		0
[runlim] real:			1.78 seconds
[runlim] time:			1.57 seconds
[runlim] space:			15.4 MB
[runlim] samples:		17
[runlim] version:		1.7
[runlim] time limit:		311040000 seconds
[runlim] real time limit:	1200 seconds
[runlim] space limit:		7500 MB
[runlim] argv[0]:		/raid/steuber/Software/boolector/build/bin/boolector
[runlim] argv[1]:		/raid/steuber/Benchmarks/srem_sdiv_mul_sat/QF_BV/sage/app1/bench_2370.smt2
[runlim] start:			Tue Jul 23 19:07:57 2019
[runlim] main pid:		32746
[BTOR>check_sat] 2.550654 seconds
[runlim] end:			Tue Jul 23 19:08:00 2019
[runlim] status:		ok
[runlim] result:		10
[runlim] children:		0
[runlim] real:			3.29 seconds
[runlim] time:			2.49 seconds
[runlim] space:			15.1 MB
[runlim] samples:		27
[runlim] version:		1.7
[runlim] time limit:		311040000 seconds
[runlim] real time limit:	1200 seconds
[runlim] space limit:		7500 MB
[runlim] argv[0]:		/raid/steuber/Software/boolector/build/bin/boolector
[runlim] argv[1]:		/raid/steuber/Benchmarks/srem_sdiv_mul_sat/QF_BV/sage/app1/bench_1190.smt2
[runlim] start:			Tue Jul 23 19:08:00 2019
[runlim] main pid:		32766
[BTOR>check_sat] 0.016771 seconds
[runlim] end:			Tue Jul 23 19:08:00 2019
[runlim] status:		ok
[runlim] result:		10
[runlim] children:		0
[runlim] real:			0.32 seconds
[runlim] time:			0.00 seconds
[runlim] space:			0.0 MB
[runlim] samples:		0
[runlim] version:		1.7
[runlim] time limit:		311040000 seconds
[runlim] real time limit:	1200 seconds
[runlim] space limit:		7500 MB
[runlim] argv[0]:		/raid/steuber/Software/boolector/build/bin/boolector
[runlim] argv[1]:		/raid/steuber/Benchmarks/srem_sdiv_mul_sat/QF_BV/sage/app1/bench_2587.smt2
[runlim] start:			Tue Jul 23 19:07:59 2019
[runlim] main pid:		32762
[BTOR>check_sat] 1.561200 seconds
[runlim] end:			Tue Jul 23 19:08:01 2019
[runlim] status:		ok
[runlim] result:		10
[runlim] children:		0
[runlim] real:			2.41 seconds
[runlim] time:			1.56 seconds
[runlim] space:			15.5 MB
[runlim] samples:		16
[runlim] version:		1.7
[runlim] time limit:		311040000 seconds
[runlim] real time limit:	1200 seconds
[runlim] space limit:		7500 MB
[runlim] argv[0]:		/raid/steuber/Software/boolector/build/bin/boolector
[runlim] argv[1]:		/raid/steuber/Benchmarks/srem_sdiv_mul_sat/QF_BV/sage/app1/bench_2138.smt2
[runlim] start:			Tue Jul 23 19:07:54 2019
[runlim] main pid:		32726
[BTOR>check_sat] 7.711967 seconds
[runlim] end:			Tue Jul 23 19:08:02 2019
[runlim] status:		ok
[runlim] result:		10
[runlim] children:		0
[runlim] real:			8.33 seconds
[runlim] time:			7.73 seconds
[runlim] space:			14.9 MB
[runlim] samples:		78
[runlim] version:		1.7
[runlim] time limit:		311040000 seconds
[runlim] real time limit:	1200 seconds
[runlim] space limit:		7500 MB
[runlim] argv[0]:		/raid/steuber/Software/boolector/build/bin/boolector
[runlim] argv[1]:		/raid/steuber/Benchmarks/srem_sdiv_mul_sat/QF_BV/sage/app1/bench_2141.smt2
[runlim] start:			Tue Jul 23 19:07:59 2019
[runlim] main pid:		32758
[BTOR>check_sat] 2.632243 seconds
[runlim] end:			Tue Jul 23 19:08:02 2019
[runlim] status:		ok
[runlim] result:		10
[runlim] children:		0
[runlim] real:			3.39 seconds
[runlim] time:			2.65 seconds
[runlim] space:			14.9 MB
[runlim] samples:		27
[runlim] version:		1.7
[runlim] time limit:		311040000 seconds
[runlim] real time limit:	1200 seconds
[runlim] space limit:		7500 MB
[runlim] argv[0]:		/raid/steuber/Software/boolector/build/bin/boolector
[runlim] argv[1]:		/raid/steuber/Benchmarks/srem_sdiv_mul_sat/QF_BV/sage/app1/bench_847.smt2
[runlim] start:			Tue Jul 23 19:08:00 2019
[runlim] main pid:		302
[BTOR>check_sat] 2.466786 seconds
[runlim] end:			Tue Jul 23 19:08:02 2019
[runlim] status:		ok
[runlim] result:		10
[runlim] children:		0
[runlim] real:			2.91 seconds
[runlim] time:			2.41 seconds
[runlim] space:			16.1 MB
[runlim] samples:		25
