[runlim] version:		1.10
[runlim] time limit:		311040000 seconds
[runlim] real time limit:	1200 seconds
[runlim] space limit:		15000 MB
[runlim] argv[0]:		python3
[runlim] argv[1]:		/raid/steuber/Software/ablector/ablector
[runlim] argv[2]:		/raid/steuber/Benchmarks/2019/QF_BV/20190311-bv-term-small-rw-Noetzli/bv-term-small-rw_1324.smt2
[runlim] argv[3]:		--ufReuse=1
[runlim] start:			Tue May 12 11:18:27 2020
[runlim] main pid:		27572
[Ablector] INFO: ABLECTOR TIME: 0.003880
[runlim] end:			Tue May 12 11:18:27 2020
[runlim] status:		ok
[runlim] result:		0
[runlim] children:		0
[runlim] real:			0.87 seconds
[runlim] time:			0.97 seconds
[runlim] space:			37.7 MB
[runlim] samples:		6
[runlim] version:		1.10
[runlim] time limit:		311040000 seconds
[runlim] real time limit:	1200 seconds
[runlim] space limit:		15000 MB
[runlim] argv[0]:		python3
[runlim] argv[1]:		/raid/steuber/Software/ablector/ablector
[runlim] argv[2]:		/raid/steuber/Benchmarks/2019/QF_BV/20190311-bv-term-small-rw-Noetzli/bv-term-small-rw_151.smt2
[runlim] argv[3]:		--ufReuse=1
[runlim] start:			Tue May 12 11:18:28 2020
[runlim] main pid:		27592
[Ablector] INFO: ABLECTOR TIME: 0.003755
[runlim] end:			Tue May 12 11:18:28 2020
[runlim] status:		ok
[runlim] result:		0
[runlim] children:		0
[runlim] real:			0.68 seconds
[runlim] time:			0.94 seconds
[runlim] space:			37.7 MB
[runlim] samples:		4
[runlim] version:		1.10
[runlim] time limit:		311040000 seconds
[runlim] real time limit:	1200 seconds
[runlim] space limit:		15000 MB
[runlim] argv[0]:		python3
[runlim] argv[1]:		/raid/steuber/Software/ablector/ablector
[runlim] argv[2]:		/raid/steuber/Benchmarks/2019/QF_BV/20190311-bv-term-small-rw-Noetzli/bv-term-small-rw_1159.smt2
[runlim] argv[3]:		--ufReuse=1
[runlim] start:			Tue May 12 11:18:29 2020
[runlim] main pid:		27612
[Ablector] INFO: *** ROUND 0
[Ablector] INFO: *** ROUND 1
[Ablector] INFO: *** ROUND 2
[MulNode] INFO: Level 2
[MulNode] INFO: Level 2
[Ablector] INFO: ABLECTOR TIME: 3.085333
[Ablector] INFO: SAT TIME: 3.080441
[Ablector] INFO: REF TIME: 0.049473
[runlim] end:			Tue May 12 11:18:32 2020
[runlim] status:		ok
[runlim] result:		0
[runlim] children:		0
[runlim] real:			3.60 seconds
[runlim] time:			4.06 seconds
[runlim] space:			59.8 MB
[runlim] samples:		35
[runlim] version:		1.10
[runlim] time limit:		311040000 seconds
[runlim] real time limit:	1200 seconds
[runlim] space limit:		15000 MB
[runlim] argv[0]:		python3
[runlim] argv[1]:		/raid/steuber/Software/ablector/ablector
[runlim] argv[2]:		/raid/steuber/Benchmarks/2019/QF_BV/20190311-bv-term-small-rw-Noetzli/bv-term-small-rw_209.smt2
[runlim] argv[3]:		--ufReuse=1
[runlim] start:			Tue May 12 11:18:32 2020
[runlim] main pid:		27632
[Ablector] INFO: *** ROUND 0
[Ablector] INFO: *** ROUND 1
[Ablector] INFO: *** ROUND 2
[Ablector] INFO: *** ROUND 3
[Ablector] INFO: *** ROUND 4
[Ablector] INFO: *** ROUND 5
[Ablector] INFO: *** ROUND 6
[Ablector] INFO: *** ROUND 7
[Ablector] INFO: *** ROUND 8
[Ablector] INFO: *** ROUND 9
[Ablector] INFO: *** ROUND 10
[Ablector] INFO: *** ROUND 11
[Ablector] INFO: *** ROUND 12
[Ablector] INFO: *** ROUND 13
[Ablector] INFO: *** ROUND 14
[Ablector] INFO: *** ROUND 15
[Ablector] INFO: *** ROUND 16
[Ablector] INFO: *** ROUND 17
[Ablector] INFO: *** ROUND 18
[Ablector] INFO: *** ROUND 19
[Ablector] INFO: *** ROUND 20
[Ablector] INFO: *** ROUND 21
[Ablector] INFO: *** ROUND 22
[Ablector] INFO: *** ROUND 23
[Ablector] INFO: *** ROUND 24
[Ablector] INFO: *** ROUND 25
[Ablector] INFO: *** ROUND 26
[Ablector] INFO: *** ROUND 27
[Ablector] INFO: *** ROUND 28
[runlim] sample:		10.6 time, 11.0 real, 61.0 MB
[Ablector] INFO: *** ROUND 29
[Ablector] INFO: *** ROUND 30
[runlim] sample:		20.6 time, 21.0 real, 64.9 MB
[Ablector] INFO: *** ROUND 31
[Ablector] INFO: *** ROUND 32
[Ablector] INFO: *** ROUND 33
[Ablector] INFO: *** ROUND 34
[Ablector] INFO: *** ROUND 35
[Ablector] INFO: *** ROUND 36
[runlim] sample:		30.6 time, 31.0 real, 66.3 MB
[Ablector] INFO: *** ROUND 37
[Ablector] INFO: *** ROUND 38
[Ablector] INFO: *** ROUND 39
[runlim] sample:		40.6 time, 41.0 real, 66.3 MB
[runlim] sample:		50.6 time, 51.0 real, 72.6 MB
[runlim] sample:		60.6 time, 61.0 real, 72.6 MB
[runlim] sample:		70.6 time, 71.0 real, 79.4 MB
[runlim] sample:		80.6 time, 81.0 real, 83.0 MB
[Ablector] INFO: *** ROUND 40
[runlim] sample:		90.6 time, 91.0 real, 64.0 MB
[runlim] sample:		100.6 time, 101.0 real, 64.0 MB
[runlim] sample:		110.5 time, 111.0 real, 71.0 MB
[runlim] sample:		120.5 time, 121.0 real, 71.0 MB
[runlim] sample:		130.6 time, 131.0 real, 77.1 MB
[runlim] sample:		140.6 time, 141.0 real, 78.4 MB
[runlim] sample:		150.6 time, 151.0 real, 78.0 MB
[runlim] sample:		160.6 time, 161.0 real, 80.9 MB
[runlim] sample:		170.6 time, 171.0 real, 85.1 MB
[Ablector] INFO: *** ROUND 41
[runlim] sample:		180.6 time, 181.0 real, 66.4 MB
[runlim] sample:		190.6 time, 191.0 real, 71.5 MB
[runlim] sample:		200.6 time, 201.0 real, 71.5 MB
[runlim] sample:		210.6 time, 211.0 real, 74.0 MB
[runlim] sample:		220.6 time, 221.0 real, 74.0 MB
[runlim] sample:		230.6 time, 231.0 real, 74.0 MB
[Ablector] INFO: *** ROUND 42
[runlim] sample:		240.6 time, 241.0 real, 76.2 MB
[runlim] sample:		250.6 time, 251.0 real, 76.9 MB
[runlim] sample:		260.6 time, 261.0 real, 76.9 MB
[Ablector] INFO: *** ROUND 43
[runlim] sample:		270.6 time, 271.0 real, 76.9 MB
[Ablector] INFO: *** ROUND 44
[runlim] sample:		280.6 time, 281.0 real, 76.9 MB
[runlim] sample:		290.6 time, 291.0 real, 76.1 MB
[runlim] sample:		300.6 time, 301.0 real, 80.9 MB
[runlim] sample:		310.6 time, 311.0 real, 80.9 MB
[runlim] sample:		320.6 time, 321.0 real, 80.9 MB
[runlim] sample:		330.6 time, 331.0 real, 89.8 MB
[runlim] sample:		340.6 time, 341.0 real, 88.1 MB
[runlim] sample:		350.6 time, 351.0 real, 88.7 MB
[runlim] sample:		360.6 time, 361.0 real, 88.7 MB
[runlim] sample:		370.5 time, 371.0 real, 88.3 MB
[runlim] sample:		380.6 time, 381.0 real, 88.0 MB
[runlim] sample:		390.5 time, 391.0 real, 91.8 MB
[runlim] sample:		400.6 time, 401.0 real, 91.8 MB
[runlim] sample:		410.6 time, 411.0 real, 97.0 MB
[runlim] sample:		420.6 time, 421.0 real, 91.9 MB
[runlim] sample:		430.6 time, 431.0 real, 92.3 MB
[runlim] sample:		440.6 time, 441.0 real, 98.0 MB
[runlim] sample:		450.6 time, 451.0 real, 98.0 MB
[runlim] sample:		460.6 time, 461.0 real, 95.0 MB
[runlim] sample:		470.6 time, 471.0 real, 95.0 MB
[runlim] sample:		480.6 time, 481.0 real, 101.1 MB
[runlim] sample:		490.6 time, 491.0 real, 101.1 MB
[runlim] sample:		500.5 time, 501.0 real, 95.5 MB
[runlim] sample:		510.5 time, 511.0 real, 95.5 MB
[runlim] sample:		520.5 time, 521.0 real, 102.1 MB
[runlim] sample:		530.5 time, 531.0 real, 102.1 MB
[runlim] sample:		540.5 time, 541.0 real, 97.3 MB
[runlim] sample:		550.5 time, 551.0 real, 97.3 MB
[runlim] sample:		560.5 time, 561.0 real, 106.2 MB
[runlim] sample:		570.5 time, 571.0 real, 106.2 MB
[runlim] sample:		580.5 time, 581.0 real, 106.2 MB
[runlim] sample:		590.5 time, 591.0 real, 104.5 MB
[runlim] sample:		600.5 time, 601.0 real, 104.5 MB
[runlim] sample:		610.5 time, 611.0 real, 111.2 MB
[runlim] sample:		620.5 time, 621.0 real, 111.2 MB
[runlim] sample:		630.5 time, 631.0 real, 111.2 MB
[runlim] sample:		640.5 time, 641.0 real, 111.2 MB
[runlim] sample:		650.5 time, 651.0 real, 106.0 MB
[Ablector] INFO: *** ROUND 45
[runlim] sample:		660.5 time, 661.0 real, 78.9 MB
[runlim] sample:		670.5 time, 671.0 real, 78.9 MB
[runlim] sample:		680.5 time, 681.0 real, 78.9 MB
[runlim] sample:		690.5 time, 691.0 real, 78.9 MB
[runlim] sample:		700.5 time, 701.0 real, 86.0 MB
[runlim] sample:		710.5 time, 711.0 real, 86.1 MB
[runlim] sample:		720.5 time, 721.0 real, 92.7 MB
[runlim] sample:		730.5 time, 731.0 real, 92.7 MB
[runlim] sample:		740.5 time, 741.0 real, 92.7 MB
[runlim] sample:		750.5 time, 751.0 real, 99.9 MB
[runlim] sample:		760.5 time, 761.0 real, 100.5 MB
[runlim] sample:		770.5 time, 771.0 real, 99.4 MB
[runlim] sample:		780.5 time, 781.0 real, 93.4 MB
[runlim] sample:		790.5 time, 791.0 real, 92.8 MB
[runlim] sample:		800.5 time, 801.0 real, 92.9 MB
[runlim] sample:		810.5 time, 811.0 real, 92.9 MB
[runlim] sample:		820.5 time, 821.0 real, 99.1 MB
[runlim] sample:		830.5 time, 831.0 real, 99.1 MB
[runlim] sample:		840.5 time, 841.0 real, 94.9 MB
[runlim] sample:		850.5 time, 851.0 real, 94.9 MB
[runlim] sample:		860.5 time, 861.0 real, 101.6 MB
[runlim] sample:		870.5 time, 871.0 real, 101.6 MB
[runlim] sample:		880.5 time, 881.0 real, 101.6 MB
[runlim] sample:		890.5 time, 891.0 real, 92.1 MB
[runlim] sample:		900.5 time, 901.0 real, 95.7 MB
[runlim] sample:		910.5 time, 911.0 real, 98.9 MB
[runlim] sample:		920.5 time, 921.0 real, 98.9 MB
[runlim] sample:		930.5 time, 931.0 real, 106.1 MB
[runlim] sample:		940.5 time, 941.0 real, 106.1 MB
[runlim] sample:		950.5 time, 951.0 real, 106.1 MB
[runlim] sample:		960.5 time, 961.0 real, 98.9 MB
[runlim] sample:		970.5 time, 971.0 real, 98.9 MB
[runlim] sample:		980.5 time, 981.0 real, 106.1 MB
[runlim] sample:		990.5 time, 991.0 real, 106.1 MB
[runlim] sample:		1000.5 time, 1001.0 real, 106.1 MB
[runlim] sample:		1010.5 time, 1011.0 real, 106.1 MB
[runlim] sample:		1020.5 time, 1021.0 real, 99.4 MB
[runlim] sample:		1030.5 time, 1031.0 real, 106.7 MB
[runlim] sample:		1040.5 time, 1041.0 real, 106.7 MB
[runlim] sample:		1050.5 time, 1051.0 real, 106.7 MB
[runlim] sample:		1060.5 time, 1061.0 real, 107.7 MB
[runlim] sample:		1070.5 time, 1071.0 real, 107.7 MB
[runlim] sample:		1080.5 time, 1081.0 real, 101.1 MB
[runlim] sample:		1090.5 time, 1091.0 real, 103.6 MB
[runlim] sample:		1100.5 time, 1101.0 real, 111.0 MB
[runlim] sample:		1110.5 time, 1111.0 real, 111.0 MB
[runlim] sample:		1120.5 time, 1121.0 real, 119.8 MB
[runlim] sample:		1130.5 time, 1131.0 real, 119.8 MB
[runlim] sample:		1140.5 time, 1141.0 real, 119.8 MB
[runlim] sample:		1150.5 time, 1151.0 real, 119.8 MB
[runlim] sample:		1160.5 time, 1161.0 real, 116.6 MB
[runlim] sample:		1170.5 time, 1171.0 real, 116.6 MB
[runlim] sample:		1180.5 time, 1181.0 real, 125.3 MB
[runlim] sample:		1190.5 time, 1191.0 real, 125.3 MB
[runlim] end:			Tue May 12 11:38:32 2020
[runlim] status:		out of time
[runlim] result:		2
[runlim] children:		0
[runlim] real:			1200.08 seconds
[runlim] time:			1199.63 seconds
[runlim] space:			125.7 MB
[runlim] samples:		11991
[runlim] version:		1.10
[runlim] time limit:		311040000 seconds
[runlim] real time limit:	1200 seconds
[runlim] space limit:		15000 MB
[runlim] argv[0]:		python3
[runlim] argv[1]:		/raid/steuber/Software/ablector/ablector
[runlim] argv[2]:		/raid/steuber/Benchmarks/2019/QF_BV/20190311-bv-term-small-rw-Noetzli/bv-term-small-rw_813.smt2
[runlim] argv[3]:		--ufReuse=1
[runlim] start:			Tue May 12 11:38:32 2020
[runlim] main pid:		27877
[Ablector] INFO: ABLECTOR TIME: 0.003878
[runlim] end:			Tue May 12 11:38:33 2020
[runlim] status:		ok
[runlim] result:		0
[runlim] children:		1
[runlim] real:			1.25 seconds
[runlim] time:			0.99 seconds
[runlim] space:			37.7 MB
[runlim] samples:		6
[runlim] version:		1.10
[runlim] time limit:		311040000 seconds
[runlim] real time limit:	1200 seconds
[runlim] space limit:		15000 MB
[runlim] argv[0]:		python3
[runlim] argv[1]:		/raid/steuber/Software/ablector/ablector
[runlim] argv[2]:		/raid/steuber/Benchmarks/2019/QF_BV/20190311-bv-term-small-rw-Noetzli/bv-term-small-rw_872.smt2
[runlim] argv[3]:		--ufReuse=1
[runlim] start:			Tue May 12 11:38:33 2020
[runlim] main pid:		27897
[Ablector] INFO: *** ROUND 0
[Ablector] INFO: *** ROUND 1
[Ablector] INFO: *** ROUND 2
[Ablector] INFO: *** ROUND 3
[Ablector] INFO: *** ROUND 4
[Ablector] INFO: *** ROUND 5
[MulNode] INFO: Level 2
[MulNode] INFO: Level 3 - Bit 1
[Ablector] INFO: ABLECTOR TIME: 2.838881
[Ablector] INFO: SAT TIME: 2.834090
[Ablector] INFO: REF TIME: 0.049075
[runlim] end:			Tue May 12 11:38:36 2020
[runlim] status:		ok
[runlim] result:		0
[runlim] children:		0
[runlim] real:			3.93 seconds
[runlim] time:			3.86 seconds
[runlim] space:			55.4 MB
[runlim] samples:		33
[runlim] version:		1.10
[runlim] time limit:		311040000 seconds
[runlim] real time limit:	1200 seconds
[runlim] space limit:		15000 MB
[runlim] argv[0]:		python3
[runlim] argv[1]:		/raid/steuber/Software/ablector/ablector
[runlim] argv[2]:		/raid/steuber/Benchmarks/2019/QF_BV/20190311-bv-term-small-rw-Noetzli/bv-term-small-rw_1103.smt2
[runlim] argv[3]:		--ufReuse=1
[runlim] start:			Tue May 12 11:38:37 2020
[runlim] main pid:		27917
[Ablector] INFO: ABLECTOR TIME: 0.003899
[runlim] end:			Tue May 12 11:38:37 2020
[runlim] status:		ok
[runlim] result:		0
[runlim] children:		0
[runlim] real:			0.71 seconds
[runlim] time:			0.95 seconds
[runlim] space:			37.5 MB
[runlim] samples:		4
[runlim] version:		1.10
[runlim] time limit:		311040000 seconds
[runlim] real time limit:	1200 seconds
[runlim] space limit:		15000 MB
[runlim] argv[0]:		python3
[runlim] argv[1]:		/raid/steuber/Software/ablector/ablector
[runlim] argv[2]:		/raid/steuber/Benchmarks/2019/QF_BV/20190311-bv-term-small-rw-Noetzli/bv-term-small-rw_1087.smt2
[runlim] argv[3]:		--ufReuse=1
[runlim] start:			Tue May 12 11:38:38 2020
[runlim] main pid:		27939
[Ablector] INFO: ABLECTOR TIME: 0.003989
[runlim] end:			Tue May 12 11:38:38 2020
[runlim] status:		ok
[runlim] result:		0
[runlim] children:		0
[runlim] real:			0.54 seconds
[runlim] time:			0.98 seconds
[runlim] space:			37.6 MB
[runlim] samples:		4
[runlim] version:		1.10
[runlim] time limit:		311040000 seconds
[runlim] real time limit:	1200 seconds
[runlim] space limit:		15000 MB
[runlim] argv[0]:		python3
[runlim] argv[1]:		/raid/steuber/Software/ablector/ablector
[runlim] argv[2]:		/raid/steuber/Benchmarks/2019/QF_BV/20190311-bv-term-small-rw-Noetzli/bv-term-small-rw_690.smt2
[runlim] argv[3]:		--ufReuse=1
[runlim] start:			Tue May 12 11:38:38 2020
[runlim] main pid:		27959
[Ablector] INFO: *** ROUND 0
[Ablector] INFO: *** ROUND 1
[Ablector] INFO: *** ROUND 2
[MulNode] INFO: Level 2
[MulNode] INFO: Level 2
[Ablector] INFO: ABLECTOR TIME: 2.558259
[Ablector] INFO: SAT TIME: 2.553406
[Ablector] INFO: REF TIME: 0.048458
[runlim] end:			Tue May 12 11:38:41 2020
[runlim] status:		ok
[runlim] result:		0
[runlim] children:		1
[runlim] real:			3.93 seconds
[runlim] time:			3.57 seconds
[runlim] space:			59.6 MB
[runlim] samples:		30
[runlim] version:		1.10
[runlim] time limit:		311040000 seconds
[runlim] real time limit:	1200 seconds
[runlim] space limit:		15000 MB
[runlim] argv[0]:		python3
[runlim] argv[1]:		/raid/steuber/Software/ablector/ablector
[runlim] argv[2]:		/raid/steuber/Benchmarks/2019/QF_BV/20190311-bv-term-small-rw-Noetzli/bv-term-small-rw_1070.smt2
[runlim] argv[3]:		--ufReuse=1
[runlim] start:			Tue May 12 11:38:42 2020
[runlim] main pid:		27979
[Ablector] INFO: ABLECTOR TIME: 0.003769
[runlim] end:			Tue May 12 11:38:42 2020
[runlim] status:		ok
[runlim] result:		0
[runlim] children:		0
[runlim] real:			0.72 seconds
[runlim] time:			0.92 seconds
[runlim] space:			38.0 MB
[runlim] samples:		4
[runlim] version:		1.10
[runlim] time limit:		311040000 seconds
[runlim] real time limit:	1200 seconds
[runlim] space limit:		15000 MB
[runlim] argv[0]:		python3
[runlim] argv[1]:		/raid/steuber/Software/ablector/ablector
[runlim] argv[2]:		/raid/steuber/Benchmarks/2019/QF_BV/20190311-bv-term-small-rw-Noetzli/bv-term-small-rw_1315.smt2
[runlim] argv[3]:		--ufReuse=1
[runlim] start:			Tue May 12 11:38:43 2020
[runlim] main pid:		27999
[Ablector] INFO: ABLECTOR TIME: 0.003821
[runlim] end:			Tue May 12 11:38:43 2020
[runlim] status:		ok
[runlim] result:		0
[runlim] children:		0
[runlim] real:			0.52 seconds
[runlim] time:			0.95 seconds
[runlim] space:			37.5 MB
[runlim] samples:		4
[runlim] version:		1.10
[runlim] time limit:		311040000 seconds
[runlim] real time limit:	1200 seconds
[runlim] space limit:		15000 MB
[runlim] argv[0]:		python3
[runlim] argv[1]:		/raid/steuber/Software/ablector/ablector
[runlim] argv[2]:		/raid/steuber/Benchmarks/2019/QF_BV/20190311-bv-term-small-rw-Noetzli/bv-term-small-rw_1294.smt2
[runlim] argv[3]:		--ufReuse=1
[runlim] start:			Tue May 12 11:38:43 2020
[runlim] main pid:		28019
[Ablector] INFO: *** ROUND 0
[Ablector] INFO: *** ROUND 1
[Ablector] INFO: *** ROUND 2
[Ablector] INFO: *** ROUND 3
[Ablector] INFO: *** ROUND 4
[Ablector] INFO: *** ROUND 5
[Ablector] INFO: *** ROUND 6
[Ablector] INFO: *** ROUND 7
[Ablector] INFO: *** ROUND 8
[Ablector] INFO: *** ROUND 9
[Ablector] INFO: *** ROUND 10
[Ablector] INFO: *** ROUND 11
[Ablector] INFO: *** ROUND 12
[Ablector] INFO: *** ROUND 13
[Ablector] INFO: *** ROUND 14
[Ablector] INFO: *** ROUND 15
[Ablector] INFO: *** ROUND 16
[Ablector] INFO: *** ROUND 17
[Ablector] INFO: *** ROUND 18
[Ablector] INFO: *** ROUND 19
[Ablector] INFO: *** ROUND 20
[Ablector] INFO: *** ROUND 21
[Ablector] INFO: *** ROUND 22
[Ablector] INFO: *** ROUND 23
[Ablector] INFO: *** ROUND 24
[Ablector] INFO: *** ROUND 25
[Ablector] INFO: *** ROUND 26
[Ablector] INFO: *** ROUND 27
[Ablector] INFO: *** ROUND 28
[Ablector] INFO: *** ROUND 29
[Ablector] INFO: *** ROUND 30
[Ablector] INFO: *** ROUND 31
[Ablector] INFO: *** ROUND 32
[Ablector] INFO: *** ROUND 33
[Ablector] INFO: *** ROUND 34
[Ablector] INFO: *** ROUND 35
[runlim] sample:		10.6 time, 10.9 real, 62.6 MB
[Ablector] INFO: *** ROUND 36
[Ablector] INFO: *** ROUND 37
[Ablector] INFO: *** ROUND 38
[Ablector] INFO: *** ROUND 39
[Ablector] INFO: *** ROUND 40
[Ablector] INFO: *** ROUND 41
[Ablector] INFO: *** ROUND 42
[Ablector] INFO: *** ROUND 43
[Ablector] INFO: *** ROUND 44
[Ablector] INFO: *** ROUND 45
[Ablector] INFO: *** ROUND 46
[Ablector] INFO: *** ROUND 47
[Ablector] INFO: *** ROUND 48
[Ablector] INFO: *** ROUND 49
[runlim] sample:		20.6 time, 20.9 real, 64.5 MB
[Ablector] INFO: *** ROUND 50
[runlim] sample:		30.6 time, 30.9 real, 64.9 MB
[Ablector] INFO: *** ROUND 51
[runlim] sample:		40.5 time, 40.9 real, 67.9 MB
[runlim] sample:		50.5 time, 50.9 real, 67.9 MB
[Ablector] INFO: *** ROUND 52
[runlim] sample:		60.5 time, 60.9 real, 70.7 MB
[Ablector] INFO: *** ROUND 53
[Ablector] INFO: *** ROUND 54
[Ablector] INFO: *** ROUND 55
[runlim] sample:		70.5 time, 70.9 real, 70.7 MB
[runlim] sample:		80.5 time, 80.9 real, 70.7 MB
[runlim] sample:		90.5 time, 90.9 real, 75.5 MB
[runlim] sample:		100.5 time, 100.9 real, 75.5 MB
[runlim] sample:		110.5 time, 110.9 real, 79.9 MB
[Ablector] INFO: *** ROUND 56
[runlim] sample:		120.5 time, 120.9 real, 76.3 MB
[runlim] sample:		130.6 time, 130.9 real, 76.3 MB
[runlim] sample:		140.6 time, 140.9 real, 77.8 MB
[Ablector] INFO: *** ROUND 57
[Ablector] INFO: *** ROUND 58
[runlim] sample:		150.6 time, 150.9 real, 77.8 MB
[runlim] sample:		160.6 time, 160.9 real, 77.8 MB
[runlim] sample:		170.6 time, 170.9 real, 77.8 MB
[runlim] sample:		180.6 time, 180.9 real, 77.8 MB
[runlim] sample:		190.6 time, 190.9 real, 78.0 MB
[runlim] sample:		200.6 time, 200.9 real, 83.5 MB
[runlim] sample:		210.6 time, 210.9 real, 83.5 MB
[runlim] sample:		220.6 time, 220.9 real, 87.2 MB
[runlim] sample:		230.6 time, 230.9 real, 86.7 MB
[runlim] sample:		240.5 time, 240.9 real, 86.2 MB
[runlim] sample:		250.6 time, 250.9 real, 85.7 MB
[runlim] sample:		260.6 time, 260.9 real, 85.8 MB
[runlim] sample:		270.6 time, 270.9 real, 85.8 MB
[runlim] sample:		280.6 time, 280.9 real, 89.2 MB
[runlim] sample:		290.6 time, 290.9 real, 89.6 MB
[runlim] sample:		300.6 time, 300.9 real, 89.6 MB
[runlim] sample:		310.6 time, 310.9 real, 89.6 MB
[runlim] sample:		320.6 time, 320.9 real, 91.1 MB
[runlim] sample:		330.5 time, 330.9 real, 91.1 MB
[runlim] sample:		340.5 time, 340.9 real, 91.1 MB
[runlim] sample:		350.6 time, 350.9 real, 97.0 MB
[runlim] sample:		360.6 time, 360.9 real, 97.0 MB
[runlim] sample:		370.6 time, 370.9 real, 91.9 MB
[runlim] sample:		380.5 time, 380.9 real, 98.5 MB
[runlim] sample:		390.5 time, 390.9 real, 98.5 MB
[runlim] sample:		400.6 time, 400.9 real, 94.4 MB
[runlim] sample:		410.6 time, 410.9 real, 94.4 MB
[runlim] sample:		420.6 time, 420.9 real, 98.2 MB
[runlim] sample:		430.6 time, 430.9 real, 98.2 MB
[runlim] sample:		440.5 time, 440.9 real, 98.2 MB
[runlim] sample:		450.5 time, 450.9 real, 105.3 MB
[runlim] sample:		460.5 time, 460.9 real, 105.3 MB
[runlim] sample:		470.5 time, 470.9 real, 98.7 MB
[runlim] sample:		480.5 time, 480.9 real, 103.2 MB
[runlim] sample:		490.5 time, 490.9 real, 110.5 MB
[runlim] sample:		500.5 time, 500.9 real, 110.5 MB
[runlim] sample:		510.5 time, 510.9 real, 110.5 MB
[runlim] sample:		520.5 time, 520.9 real, 110.5 MB
[runlim] sample:		530.5 time, 530.9 real, 110.5 MB
[runlim] sample:		540.5 time, 540.9 real, 103.7 MB
[runlim] sample:		550.5 time, 550.9 real, 103.7 MB
[runlim] sample:		560.5 time, 560.9 real, 111.5 MB
[runlim] sample:		570.5 time, 570.9 real, 111.5 MB
[runlim] sample:		580.5 time, 580.9 real, 104.2 MB
[runlim] sample:		590.5 time, 590.9 real, 104.1 MB
[runlim] sample:		600.5 time, 600.9 real, 104.1 MB
[runlim] sample:		610.5 time, 610.9 real, 112.1 MB
[runlim] sample:		620.5 time, 620.9 real, 112.1 MB
[runlim] sample:		630.5 time, 630.9 real, 112.1 MB
[runlim] sample:		640.5 time, 640.9 real, 112.1 MB
[runlim] sample:		650.5 time, 650.9 real, 112.1 MB
[runlim] sample:		660.5 time, 660.9 real, 104.1 MB
[runlim] sample:		670.5 time, 670.9 real, 104.1 MB
[runlim] sample:		680.5 time, 680.9 real, 111.8 MB
[runlim] sample:		690.5 time, 690.9 real, 111.8 MB
[runlim] sample:		700.5 time, 700.9 real, 111.8 MB
[runlim] sample:		710.5 time, 710.9 real, 112.6 MB
[runlim] sample:		720.5 time, 720.9 real, 104.9 MB
[runlim] sample:		730.5 time, 730.9 real, 104.9 MB
[runlim] sample:		740.5 time, 740.9 real, 108.3 MB
[runlim] sample:		750.5 time, 750.9 real, 108.3 MB
[runlim] sample:		760.5 time, 760.9 real, 108.3 MB
[runlim] sample:		770.5 time, 770.9 real, 116.3 MB
[runlim] sample:		780.5 time, 780.9 real, 116.3 MB
[runlim] sample:		790.5 time, 790.9 real, 116.3 MB
[runlim] sample:		800.5 time, 800.9 real, 116.3 MB
[runlim] sample:		810.5 time, 810.9 real, 112.0 MB
[runlim] sample:		820.5 time, 820.9 real, 116.9 MB
[runlim] sample:		830.5 time, 830.9 real, 127.9 MB
[runlim] sample:		840.5 time, 840.9 real, 132.9 MB
[runlim] sample:		850.5 time, 850.9 real, 129.2 MB
[runlim] sample:		860.5 time, 860.9 real, 137.5 MB
[runlim] sample:		870.5 time, 870.9 real, 141.1 MB
[runlim] sample:		880.5 time, 880.9 real, 128.4 MB
[runlim] sample:		890.5 time, 890.9 real, 123.6 MB
[runlim] sample:		900.5 time, 900.9 real, 134.7 MB
[runlim] sample:		910.5 time, 910.9 real, 128.6 MB
[runlim] sample:		920.5 time, 920.9 real, 132.0 MB
[runlim] sample:		930.5 time, 930.9 real, 131.9 MB
[runlim] sample:		940.5 time, 940.9 real, 131.7 MB
[runlim] sample:		950.5 time, 950.9 real, 123.7 MB
[runlim] sample:		960.5 time, 960.9 real, 125.0 MB
[runlim] sample:		970.5 time, 970.9 real, 126.1 MB
[runlim] sample:		980.5 time, 980.9 real, 124.5 MB
[runlim] sample:		990.5 time, 990.9 real, 126.7 MB
[runlim] sample:		1000.5 time, 1000.9 real, 154.5 MB
[runlim] sample:		1010.5 time, 1010.9 real, 141.0 MB
[runlim] sample:		1020.5 time, 1020.9 real, 143.7 MB
[runlim] sample:		1030.5 time, 1030.9 real, 152.6 MB
[runlim] sample:		1040.5 time, 1040.9 real, 144.0 MB
[runlim] sample:		1050.5 time, 1050.9 real, 143.2 MB
[runlim] sample:		1060.5 time, 1060.9 real, 141.6 MB
[runlim] sample:		1070.5 time, 1070.9 real, 130.1 MB
[runlim] sample:		1080.5 time, 1080.9 real, 127.1 MB
[runlim] sample:		1090.5 time, 1090.9 real, 130.2 MB
[runlim] sample:		1100.5 time, 1100.9 real, 143.3 MB
[runlim] sample:		1110.5 time, 1110.9 real, 141.7 MB
[runlim] sample:		1120.5 time, 1120.9 real, 146.2 MB
[runlim] sample:		1130.5 time, 1130.9 real, 141.4 MB
[runlim] sample:		1140.5 time, 1140.9 real, 148.7 MB
[runlim] sample:		1150.5 time, 1150.9 real, 141.8 MB
[runlim] sample:		1160.5 time, 1160.9 real, 151.4 MB
[runlim] sample:		1170.5 time, 1170.9 real, 143.3 MB
[runlim] sample:		1180.5 time, 1180.9 real, 127.7 MB
[runlim] sample:		1190.5 time, 1190.9 real, 127.7 MB
[runlim] end:			Tue May 12 11:58:43 2020
[runlim] status:		out of time
[runlim] result:		2
[runlim] children:		0
[runlim] real:			1200.09 seconds
[runlim] time:			1199.71 seconds
[runlim] space:			158.4 MB
[runlim] samples:		11992
[runlim] version:		1.10
[runlim] time limit:		311040000 seconds
[runlim] real time limit:	1200 seconds
[runlim] space limit:		15000 MB
[runlim] argv[0]:		python3
[runlim] argv[1]:		/raid/steuber/Software/ablector/ablector
[runlim] argv[2]:		/raid/steuber/Benchmarks/2019/QF_BV/VS3/VS3-benchmark-S3.smt2
[runlim] argv[3]:		--ufReuse=1
[runlim] start:			Tue May 12 11:58:43 2020
[runlim] main pid:		28330
[runlim] sample:		9.4 time, 10.6 real, 190.5 MB
[runlim] sample:		19.4 time, 20.6 real, 416.3 MB
[runlim] sample:		29.4 time, 30.6 real, 525.7 MB
[runlim] sample:		39.4 time, 40.6 real, 633.2 MB
[runlim] sample:		49.4 time, 50.6 real, 719.1 MB
[runlim] sample:		59.4 time, 60.6 real, 807.5 MB
[runlim] sample:		69.4 time, 70.6 real, 894.1 MB
[runlim] sample:		79.4 time, 80.6 real, 974.7 MB
[runlim] sample:		89.4 time, 90.6 real, 1073.3 MB
[runlim] sample:		99.4 time, 100.6 real, 1168.0 MB
[runlim] sample:		109.4 time, 110.6 real, 1253.6 MB
[runlim] sample:		119.4 time, 120.6 real, 1342.4 MB
[runlim] sample:		129.4 time, 130.6 real, 1423.0 MB
[runlim] sample:		139.4 time, 140.6 real, 1497.4 MB
[Ablector] INFO: *** ROUND 0
[runlim] sample:		149.4 time, 150.6 real, 1848.2 MB
[runlim] sample:		159.4 time, 160.6 real, 3016.3 MB
[runlim] sample:		169.4 time, 170.6 real, 2465.3 MB
[runlim] sample:		179.4 time, 180.6 real, 2583.5 MB
[runlim] sample:		189.4 time, 190.6 real, 2434.5 MB
[runlim] sample:		199.4 time, 200.6 real, 2347.1 MB
[runlim] sample:		209.4 time, 210.6 real, 2141.8 MB
[runlim] sample:		219.4 time, 220.6 real, 3124.1 MB
[runlim] sample:		229.4 time, 230.6 real, 3389.8 MB
[runlim] sample:		239.4 time, 240.6 real, 4912.8 MB
[runlim] sample:		249.4 time, 250.6 real, 5134.9 MB
[runlim] sample:		259.4 time, 260.6 real, 6011.9 MB
[runlim] sample:		269.4 time, 270.6 real, 8179.9 MB
[runlim] sample:		279.4 time, 280.6 real, 8459.6 MB
[runlim] sample:		289.4 time, 290.6 real, 8730.9 MB
[runlim] sample:		299.4 time, 300.6 real, 8869.5 MB
[runlim] sample:		309.4 time, 310.6 real, 9076.6 MB
[runlim] sample:		319.4 time, 320.6 real, 8726.0 MB
[runlim] sample:		329.4 time, 330.6 real, 9341.9 MB
[runlim] sample:		339.4 time, 340.6 real, 8245.2 MB
[runlim] sample:		349.4 time, 350.6 real, 9717.0 MB
[runlim] sample:		359.4 time, 360.6 real, 10721.1 MB
[runlim] sample:		369.4 time, 370.6 real, 8172.5 MB
[runlim] sample:		379.4 time, 380.6 real, 8286.7 MB
[runlim] sample:		389.4 time, 390.6 real, 7980.8 MB
[runlim] sample:		399.4 time, 400.6 real, 8963.0 MB
[runlim] sample:		409.4 time, 410.6 real, 8865.2 MB
[runlim] sample:		419.4 time, 420.6 real, 9633.1 MB
[runlim] sample:		429.4 time, 430.6 real, 11223.8 MB
[runlim] sample:		439.4 time, 440.6 real, 8156.0 MB
[runlim] sample:		449.4 time, 450.6 real, 9223.5 MB
[runlim] sample:		459.4 time, 460.6 real, 9223.5 MB
[runlim] sample:		469.4 time, 470.6 real, 9223.5 MB
[runlim] sample:		479.4 time, 480.6 real, 9223.5 MB
[runlim] sample:		489.4 time, 490.6 real, 9223.5 MB
[runlim] sample:		499.4 time, 500.6 real, 9223.5 MB
[runlim] sample:		509.4 time, 510.6 real, 10277.8 MB
[runlim] sample:		519.4 time, 520.6 real, 9566.2 MB
[runlim] sample:		529.4 time, 530.6 real, 9654.8 MB
[runlim] sample:		539.4 time, 540.6 real, 8330.7 MB
[runlim] sample:		549.4 time, 550.6 real, 9775.3 MB
[runlim] sample:		559.4 time, 560.6 real, 10032.5 MB
[runlim] sample:		569.4 time, 570.6 real, 7974.6 MB
[runlim] sample:		579.4 time, 580.6 real, 8063.5 MB
[runlim] sample:		589.4 time, 590.6 real, 7974.6 MB
[runlim] sample:		599.4 time, 600.6 real, 7974.6 MB
[runlim] sample:		609.4 time, 610.6 real, 7974.6 MB
[runlim] sample:		619.4 time, 620.6 real, 7974.6 MB
[runlim] sample:		629.4 time, 630.6 real, 8022.5 MB
[runlim] sample:		639.4 time, 640.6 real, 9767.9 MB
[runlim] sample:		649.4 time, 650.6 real, 9767.9 MB
[runlim] sample:		659.4 time, 660.6 real, 9767.9 MB
[runlim] sample:		669.4 time, 670.6 real, 9767.9 MB
[runlim] sample:		679.4 time, 680.6 real, 9767.9 MB
[runlim] sample:		689.4 time, 690.6 real, 9767.9 MB
[runlim] sample:		699.4 time, 700.6 real, 9767.9 MB
[runlim] sample:		709.4 time, 710.6 real, 9856.9 MB
[runlim] sample:		719.4 time, 720.6 real, 8590.2 MB
[runlim] sample:		729.4 time, 730.6 real, 9770.4 MB
[runlim] sample:		739.4 time, 740.6 real, 9770.4 MB
[runlim] sample:		749.4 time, 750.6 real, 8651.1 MB
[runlim] sample:		759.4 time, 760.6 real, 8358.3 MB
[runlim] sample:		769.4 time, 770.6 real, 9703.4 MB
[runlim] sample:		779.4 time, 780.6 real, 9792.1 MB
[runlim] sample:		789.4 time, 790.6 real, 8589.6 MB
[runlim] sample:		799.4 time, 800.6 real, 9770.5 MB
[runlim] sample:		809.4 time, 810.6 real, 9770.5 MB
[runlim] sample:		819.4 time, 820.6 real, 8638.7 MB
[runlim] sample:		829.4 time, 830.6 real, 9792.0 MB
[runlim] sample:		839.4 time, 840.6 real, 10146.9 MB
[runlim] sample:		849.4 time, 850.6 real, 8589.6 MB
[runlim] sample:		859.4 time, 860.6 real, 9770.5 MB
[runlim] sample:		869.4 time, 870.6 real, 9770.5 MB
[runlim] sample:		879.3 time, 880.6 real, 8177.6 MB
[runlim] sample:		889.4 time, 890.6 real, 8545.3 MB
[runlim] sample:		899.3 time, 900.6 real, 9880.8 MB
[runlim] sample:		909.4 time, 910.6 real, 8118.6 MB
[runlim] sample:		919.4 time, 920.6 real, 9360.7 MB
[runlim] sample:		929.4 time, 930.6 real, 9360.7 MB
[runlim] sample:		939.4 time, 940.6 real, 10948.6 MB
[runlim] sample:		949.4 time, 950.6 real, 10948.6 MB
[runlim] sample:		959.4 time, 960.6 real, 10948.6 MB
[runlim] sample:		969.4 time, 970.6 real, 10948.6 MB
[runlim] sample:		979.3 time, 980.6 real, 10416.3 MB
[runlim] sample:		989.4 time, 990.6 real, 9706.5 MB
[runlim] sample:		999.3 time, 1000.6 real, 11293.1 MB
[runlim] sample:		1009.3 time, 1010.6 real, 8400.0 MB
[runlim] sample:		1019.3 time, 1020.6 real, 9462.7 MB
[runlim] sample:		1029.3 time, 1030.6 real, 9536.2 MB
[runlim] sample:		1039.3 time, 1040.6 real, 7969.4 MB
[runlim] sample:		1049.3 time, 1050.6 real, 9417.3 MB
[runlim] sample:		1059.3 time, 1060.6 real, 7969.4 MB
[runlim] sample:		1069.3 time, 1070.6 real, 7969.4 MB
[runlim] sample:		1079.3 time, 1080.6 real, 7969.4 MB
[runlim] sample:		1089.3 time, 1090.6 real, 8513.1 MB
[runlim] sample:		1099.3 time, 1100.6 real, 9417.3 MB
[runlim] sample:		1109.3 time, 1110.6 real, 9481.2 MB
[runlim] sample:		1119.3 time, 1120.6 real, 9481.2 MB
[runlim] sample:		1129.3 time, 1130.6 real, 9481.2 MB
[runlim] sample:		1139.3 time, 1140.6 real, 9837.8 MB
[runlim] sample:		1149.3 time, 1150.6 real, 9485.6 MB
[runlim] sample:		1159.3 time, 1160.6 real, 10869.5 MB
[runlim] sample:		1169.3 time, 1170.6 real, 9633.5 MB
[runlim] sample:		1179.3 time, 1180.6 real, 9633.5 MB
[runlim] sample:		1189.3 time, 1190.6 real, 11134.1 MB
[runlim] end:			Tue May 12 12:18:43 2020
[runlim] status:		out of time
[runlim] result:		2
[runlim] children:		9
[runlim] real:			1200.52 seconds
[runlim] time:			1199.24 seconds
[runlim] space:			11607.6 MB
[runlim] samples:		11999
[runlim] version:		1.10
[runlim] time limit:		311040000 seconds
[runlim] real time limit:	1200 seconds
[runlim] space limit:		15000 MB
[runlim] argv[0]:		python3
[runlim] argv[1]:		/raid/steuber/Software/ablector/ablector
[runlim] argv[2]:		/raid/steuber/Benchmarks/2019/QF_BV/calypto/problem_13.smt2
[runlim] argv[3]:		--ufReuse=1
[runlim] start:			Tue May 12 12:18:43 2020
[runlim] main pid:		28581
[Ablector] INFO: *** ROUND 0
[Ablector] INFO: *** ROUND 1
[Ablector] INFO: *** ROUND 2
[runlim] sample:		10.4 time, 11.0 real, 99.8 MB
[runlim] sample:		20.4 time, 21.0 real, 146.5 MB
[runlim] sample:		30.4 time, 31.0 real, 153.9 MB
[runlim] sample:		40.4 time, 41.0 real, 157.5 MB
[runlim] sample:		50.4 time, 51.0 real, 156.9 MB
[runlim] sample:		60.4 time, 61.0 real, 157.4 MB
[runlim] sample:		70.4 time, 71.0 real, 157.5 MB
[runlim] sample:		80.4 time, 81.0 real, 154.0 MB
[runlim] sample:		90.4 time, 91.0 real, 159.3 MB
[runlim] sample:		100.4 time, 101.0 real, 159.3 MB
[runlim] sample:		110.4 time, 111.0 real, 166.9 MB
[runlim] sample:		120.4 time, 121.0 real, 168.4 MB
[runlim] sample:		130.4 time, 131.0 real, 168.1 MB
[runlim] sample:		140.4 time, 141.0 real, 181.3 MB
[runlim] sample:		150.4 time, 151.0 real, 171.6 MB
[runlim] sample:		160.4 time, 161.0 real, 172.4 MB
[runlim] sample:		170.4 time, 171.0 real, 183.9 MB
[runlim] sample:		180.4 time, 181.0 real, 172.6 MB
[runlim] sample:		190.4 time, 191.0 real, 167.0 MB
[runlim] sample:		200.4 time, 201.0 real, 184.4 MB
[runlim] sample:		210.4 time, 211.0 real, 173.1 MB
[runlim] sample:		220.4 time, 221.0 real, 173.5 MB
[runlim] sample:		230.4 time, 231.0 real, 185.8 MB
[runlim] sample:		240.4 time, 241.0 real, 174.0 MB
[runlim] sample:		250.4 time, 251.0 real, 186.8 MB
[runlim] sample:		260.4 time, 261.0 real, 173.6 MB
[runlim] sample:		270.4 time, 271.0 real, 186.2 MB
[runlim] sample:		280.4 time, 281.0 real, 173.7 MB
[runlim] sample:		290.4 time, 291.0 real, 186.6 MB
[runlim] sample:		300.4 time, 301.0 real, 186.6 MB
[runlim] sample:		310.4 time, 311.0 real, 180.1 MB
[runlim] sample:		320.4 time, 321.0 real, 193.5 MB
[runlim] sample:		330.4 time, 331.0 real, 193.5 MB
[runlim] sample:		340.4 time, 341.0 real, 181.8 MB
[runlim] sample:		350.4 time, 351.0 real, 196.0 MB
[runlim] sample:		360.4 time, 361.0 real, 196.0 MB
[runlim] sample:		370.4 time, 371.0 real, 183.5 MB
[runlim] sample:		380.4 time, 381.0 real, 198.2 MB
[runlim] sample:		390.4 time, 391.0 real, 198.2 MB
[runlim] sample:		400.4 time, 401.0 real, 184.3 MB
[runlim] sample:		410.4 time, 411.0 real, 199.6 MB
[runlim] sample:		420.4 time, 421.0 real, 199.6 MB
[runlim] sample:		430.4 time, 431.0 real, 199.6 MB
[runlim] sample:		440.4 time, 441.0 real, 187.1 MB
[runlim] sample:		450.4 time, 451.0 real, 203.4 MB
[runlim] sample:		460.4 time, 461.0 real, 203.4 MB
[runlim] sample:		470.4 time, 471.0 real, 195.6 MB
[runlim] sample:		480.4 time, 481.0 real, 205.2 MB
[runlim] sample:		490.4 time, 491.0 real, 205.2 MB
[runlim] sample:		500.4 time, 501.0 real, 205.2 MB
[runlim] sample:		510.4 time, 511.0 real, 205.2 MB
[runlim] sample:		520.4 time, 521.0 real, 204.1 MB
[runlim] sample:		530.4 time, 531.0 real, 204.1 MB
[runlim] sample:		540.4 time, 541.0 real, 204.1 MB
[runlim] sample:		550.4 time, 551.0 real, 204.1 MB
[runlim] sample:		560.4 time, 561.0 real, 198.2 MB
[runlim] sample:		570.4 time, 571.0 real, 207.4 MB
[runlim] sample:		580.4 time, 581.0 real, 207.4 MB
[runlim] sample:		590.4 time, 591.0 real, 207.4 MB
[runlim] sample:		600.4 time, 601.0 real, 207.4 MB
[runlim] sample:		610.4 time, 611.0 real, 191.7 MB
[runlim] sample:		620.4 time, 621.0 real, 208.7 MB
[runlim] sample:		630.4 time, 631.0 real, 208.7 MB
[runlim] sample:		640.4 time, 641.0 real, 208.7 MB
[runlim] sample:		650.4 time, 651.0 real, 208.7 MB
[runlim] sample:		660.4 time, 661.0 real, 193.0 MB
[runlim] sample:		670.4 time, 671.0 real, 210.6 MB
[runlim] sample:		680.4 time, 681.0 real, 210.6 MB
[runlim] sample:		690.4 time, 691.0 real, 230.4 MB
[runlim] sample:		700.4 time, 701.0 real, 230.5 MB
[runlim] sample:		710.4 time, 711.0 real, 230.6 MB
[runlim] sample:		720.4 time, 721.0 real, 214.1 MB
[runlim] sample:		730.4 time, 731.0 real, 232.3 MB
[runlim] sample:		740.4 time, 741.0 real, 232.4 MB
[runlim] sample:		750.4 time, 751.0 real, 232.4 MB
[runlim] sample:		760.4 time, 761.0 real, 232.7 MB
[runlim] sample:		770.4 time, 771.0 real, 232.8 MB
[runlim] sample:		780.4 time, 781.0 real, 215.6 MB
[runlim] sample:		790.4 time, 791.0 real, 234.6 MB
[runlim] sample:		800.4 time, 801.0 real, 235.0 MB
[runlim] sample:		810.4 time, 811.0 real, 235.1 MB
[runlim] sample:		820.4 time, 821.0 real, 235.1 MB
[runlim] sample:		830.4 time, 831.0 real, 235.5 MB
[runlim] sample:		840.4 time, 841.0 real, 235.6 MB
[runlim] sample:		850.4 time, 851.0 real, 216.6 MB
[runlim] sample:		860.4 time, 861.0 real, 235.7 MB
[runlim] sample:		870.4 time, 871.0 real, 235.9 MB
[runlim] sample:		880.4 time, 881.0 real, 236.0 MB
[runlim] sample:		890.4 time, 891.0 real, 236.0 MB
[runlim] sample:		900.4 time, 901.0 real, 236.1 MB
[runlim] sample:		910.4 time, 911.0 real, 236.5 MB
[runlim] sample:		920.4 time, 921.0 real, 236.5 MB
[runlim] sample:		930.4 time, 931.0 real, 219.0 MB
[runlim] sample:		940.4 time, 941.0 real, 228.2 MB
[runlim] sample:		950.4 time, 951.0 real, 239.9 MB
[runlim] sample:		960.4 time, 961.0 real, 239.9 MB
[runlim] sample:		970.3 time, 971.0 real, 240.0 MB
[runlim] sample:		980.3 time, 981.0 real, 240.4 MB
[runlim] sample:		990.4 time, 991.0 real, 240.4 MB
[runlim] sample:		1000.3 time, 1001.0 real, 240.4 MB
[runlim] sample:		1010.4 time, 1011.0 real, 220.0 MB
[runlim] sample:		1020.4 time, 1021.0 real, 240.3 MB
[runlim] sample:		1030.3 time, 1031.0 real, 240.3 MB
[runlim] sample:		1040.3 time, 1041.0 real, 240.7 MB
[runlim] sample:		1050.3 time, 1051.0 real, 240.8 MB
[runlim] sample:		1060.3 time, 1061.0 real, 240.8 MB
[runlim] sample:		1070.3 time, 1071.0 real, 240.9 MB
[runlim] sample:		1080.3 time, 1081.0 real, 240.9 MB
[runlim] sample:		1090.3 time, 1091.0 real, 208.4 MB
[runlim] sample:		1100.3 time, 1101.0 real, 241.1 MB
[runlim] sample:		1110.3 time, 1111.0 real, 241.2 MB
[runlim] sample:		1120.3 time, 1121.0 real, 241.3 MB
[runlim] sample:		1130.3 time, 1131.0 real, 241.3 MB
[runlim] sample:		1140.3 time, 1141.0 real, 241.6 MB
[runlim] sample:		1150.3 time, 1151.0 real, 241.7 MB
[runlim] sample:		1160.3 time, 1161.0 real, 241.7 MB
[runlim] sample:		1170.3 time, 1171.0 real, 241.8 MB
[runlim] sample:		1180.3 time, 1181.0 real, 241.8 MB
[runlim] sample:		1190.3 time, 1191.0 real, 222.9 MB
[runlim] end:			Tue May 12 12:38:43 2020
[runlim] status:		out of time
[runlim] result:		2
[runlim] children:		0
[runlim] real:			1200.03 seconds
[runlim] time:			1199.34 seconds
[runlim] space:			248.4 MB
[runlim] samples:		11990
[runlim] version:		1.10
[runlim] time limit:		311040000 seconds
[runlim] real time limit:	1200 seconds
[runlim] space limit:		15000 MB
[runlim] argv[0]:		python3
[runlim] argv[1]:		/raid/steuber/Software/ablector/ablector
[runlim] argv[2]:		/raid/steuber/Benchmarks/2019/QF_BV/calypto/problem_17.smt2
[runlim] argv[3]:		--ufReuse=1
[runlim] start:			Tue May 12 12:38:43 2020
[runlim] main pid:		28917
[Ablector] INFO: *** ROUND 0
[runlim] sample:		10.4 time, 10.5 real, 51.4 MB
[runlim] sample:		20.4 time, 20.5 real, 55.7 MB
[runlim] sample:		30.4 time, 30.5 real, 58.7 MB
[runlim] sample:		40.4 time, 40.5 real, 62.7 MB
[runlim] sample:		50.4 time, 50.5 real, 64.1 MB
[runlim] sample:		60.4 time, 60.5 real, 65.1 MB
[runlim] sample:		70.4 time, 70.5 real, 67.6 MB
[runlim] sample:		80.4 time, 80.5 real, 69.7 MB
[runlim] sample:		90.4 time, 90.5 real, 69.7 MB
[runlim] sample:		100.4 time, 100.5 real, 66.3 MB
[runlim] sample:		110.4 time, 110.5 real, 70.2 MB
[runlim] sample:		120.4 time, 120.5 real, 72.5 MB
[runlim] sample:		130.4 time, 130.5 real, 72.5 MB
[runlim] sample:		140.4 time, 140.5 real, 72.7 MB
[runlim] sample:		150.4 time, 150.5 real, 74.2 MB
[runlim] sample:		160.4 time, 160.5 real, 75.8 MB
[runlim] sample:		170.4 time, 170.5 real, 71.5 MB
[runlim] sample:		180.4 time, 180.5 real, 76.1 MB
[runlim] sample:		190.4 time, 190.5 real, 76.1 MB
[runlim] sample:		200.4 time, 200.5 real, 71.0 MB
[runlim] sample:		210.4 time, 210.5 real, 75.1 MB
[runlim] sample:		220.4 time, 220.5 real, 75.1 MB
[runlim] sample:		230.4 time, 230.5 real, 75.1 MB
[runlim] sample:		240.4 time, 240.5 real, 76.4 MB
[runlim] sample:		250.4 time, 250.5 real, 81.6 MB
[runlim] sample:		260.4 time, 260.5 real, 81.6 MB
[runlim] sample:		270.4 time, 270.5 real, 81.6 MB
[runlim] sample:		280.4 time, 280.5 real, 80.3 MB
[runlim] sample:		290.4 time, 290.5 real, 84.7 MB
[runlim] sample:		300.4 time, 300.5 real, 84.7 MB
[runlim] sample:		310.4 time, 310.5 real, 84.7 MB
[runlim] sample:		320.4 time, 320.5 real, 84.7 MB
[runlim] sample:		330.4 time, 330.5 real, 80.9 MB
[runlim] sample:		340.4 time, 340.5 real, 86.1 MB
[runlim] sample:		350.4 time, 350.5 real, 86.1 MB
[runlim] sample:		360.4 time, 360.5 real, 86.1 MB
[runlim] sample:		370.4 time, 370.5 real, 86.1 MB
[runlim] sample:		380.4 time, 380.5 real, 80.9 MB
[runlim] sample:		390.4 time, 390.5 real, 86.1 MB
[runlim] sample:		400.4 time, 400.5 real, 86.1 MB
[runlim] sample:		410.4 time, 410.5 real, 86.1 MB
[runlim] sample:		420.4 time, 420.5 real, 90.0 MB
[runlim] sample:		430.4 time, 430.5 real, 90.0 MB
[runlim] sample:		440.4 time, 440.5 real, 84.9 MB
[runlim] sample:		450.4 time, 450.5 real, 90.5 MB
[runlim] sample:		460.4 time, 460.5 real, 90.5 MB
[runlim] sample:		470.4 time, 470.5 real, 90.5 MB
[runlim] sample:		480.4 time, 480.5 real, 90.5 MB
[runlim] sample:		490.4 time, 490.5 real, 90.5 MB
[runlim] sample:		500.4 time, 500.5 real, 85.4 MB
[runlim] sample:		510.4 time, 510.5 real, 91.5 MB
[runlim] sample:		520.4 time, 520.5 real, 91.5 MB
[runlim] sample:		530.4 time, 530.5 real, 91.5 MB
[runlim] sample:		540.4 time, 540.5 real, 98.5 MB
[runlim] sample:		550.4 time, 550.5 real, 98.5 MB
[runlim] sample:		560.4 time, 560.5 real, 98.5 MB
[runlim] sample:		570.4 time, 570.5 real, 91.8 MB
[runlim] sample:		580.4 time, 580.5 real, 97.5 MB
[runlim] sample:		590.4 time, 590.5 real, 97.5 MB
[runlim] sample:		600.4 time, 600.5 real, 97.5 MB
[runlim] sample:		610.4 time, 610.5 real, 97.5 MB
[runlim] sample:		620.4 time, 620.5 real, 97.5 MB
[runlim] sample:		630.4 time, 630.5 real, 97.5 MB
[runlim] sample:		640.4 time, 640.5 real, 92.9 MB
[runlim] sample:		650.4 time, 650.5 real, 99.6 MB
[runlim] sample:		660.4 time, 660.5 real, 100.5 MB
[runlim] sample:		670.4 time, 670.5 real, 101.0 MB
[runlim] sample:		680.4 time, 680.5 real, 102.0 MB
[runlim] sample:		690.4 time, 690.5 real, 104.0 MB
[runlim] sample:		700.4 time, 700.5 real, 104.5 MB
[runlim] sample:		710.4 time, 710.5 real, 105.0 MB
[runlim] sample:		720.4 time, 720.5 real, 93.6 MB
[runlim] sample:		730.4 time, 730.5 real, 102.9 MB
[runlim] sample:		740.4 time, 740.5 real, 101.5 MB
[runlim] sample:		750.4 time, 750.5 real, 99.7 MB
[runlim] sample:		760.4 time, 760.5 real, 101.0 MB
[runlim] sample:		770.4 time, 770.5 real, 102.2 MB
[runlim] sample:		780.4 time, 780.5 real, 99.8 MB
[runlim] sample:		790.4 time, 790.5 real, 100.6 MB
[runlim] sample:		800.4 time, 800.5 real, 95.1 MB
[runlim] sample:		810.4 time, 810.5 real, 101.5 MB
[runlim] sample:		820.4 time, 820.5 real, 105.5 MB
[runlim] sample:		830.4 time, 830.5 real, 103.3 MB
[runlim] sample:		840.4 time, 840.5 real, 101.9 MB
[runlim] sample:		850.4 time, 850.5 real, 99.6 MB
[runlim] sample:		860.4 time, 860.5 real, 99.4 MB
[runlim] sample:		870.4 time, 870.5 real, 101.0 MB
[runlim] sample:		880.4 time, 880.5 real, 101.3 MB
[runlim] sample:		890.3 time, 890.5 real, 101.3 MB
[runlim] sample:		900.4 time, 900.5 real, 95.6 MB
[runlim] sample:		910.4 time, 910.5 real, 96.2 MB
[runlim] sample:		920.4 time, 920.5 real, 105.4 MB
[runlim] sample:		930.3 time, 930.5 real, 103.7 MB
[runlim] sample:		940.3 time, 940.5 real, 104.5 MB
[runlim] sample:		950.4 time, 950.5 real, 105.5 MB
[runlim] sample:		960.3 time, 960.5 real, 107.3 MB
[runlim] sample:		970.3 time, 970.5 real, 102.9 MB
[runlim] sample:		980.3 time, 980.5 real, 102.3 MB
[runlim] sample:		990.3 time, 990.5 real, 103.4 MB
[runlim] sample:		1000.3 time, 1000.5 real, 102.1 MB
[runlim] sample:		1010.3 time, 1010.5 real, 108.0 MB
[runlim] sample:		1020.3 time, 1020.5 real, 106.5 MB
[runlim] sample:		1030.3 time, 1030.5 real, 106.2 MB
[runlim] sample:		1040.3 time, 1040.5 real, 107.5 MB
[runlim] sample:		1050.3 time, 1050.5 real, 106.4 MB
[runlim] sample:		1060.3 time, 1060.5 real, 107.9 MB
[runlim] sample:		1070.3 time, 1070.5 real, 110.5 MB
[runlim] sample:		1080.3 time, 1080.5 real, 110.3 MB
[runlim] sample:		1090.3 time, 1090.5 real, 113.8 MB
[runlim] sample:		1100.3 time, 1100.5 real, 106.6 MB
[runlim] sample:		1110.3 time, 1110.5 real, 100.5 MB
[runlim] sample:		1120.3 time, 1120.5 real, 102.3 MB
[runlim] sample:		1130.3 time, 1130.5 real, 109.9 MB
[runlim] sample:		1140.3 time, 1140.5 real, 109.0 MB
[runlim] sample:		1150.3 time, 1150.5 real, 106.2 MB
[runlim] sample:		1160.3 time, 1160.5 real, 106.6 MB
[runlim] sample:		1170.3 time, 1170.5 real, 105.2 MB
[runlim] sample:		1180.3 time, 1180.5 real, 107.3 MB
[runlim] sample:		1190.3 time, 1190.5 real, 104.4 MB
[runlim] end:			Tue May 12 12:58:43 2020
[runlim] status:		out of time
[runlim] result:		2
[runlim] children:		0
[runlim] real:			1200.04 seconds
[runlim] time:			1199.83 seconds
[runlim] space:			113.8 MB
[runlim] samples:		11995
