[runlim] version:		1.10
[runlim] time limit:		311040000 seconds
[runlim] real time limit:	1200 seconds
[runlim] space limit:		15000 MB
[runlim] argv[0]:		python3
[runlim] argv[1]:		/raid/steuber/Software/ablector/ablector
[runlim] argv[2]:		/raid/steuber/Benchmarks/2019/QF_BV/sage/app2/bench_167.smt2
[runlim] argv[3]:		--ufReuse=1
[runlim] start:			Mon May 11 10:51:34 2020
[runlim] main pid:		21172
[runlim] sample:		0.7 time, 10.5 real, 32.9 MB
[Ablector] INFO: *** ROUND 0
[SdivNode] INFO: Level 0
[MulNode] INFO: Level 0
[MulNode] INFO: Level 0
[SdivNode] INFO: Level 0
[MulNode] INFO: Level 0
[MulNode] INFO: Level 0
[SdivNode] INFO: Level 0
[Ablector] INFO: ABLECTOR TIME: 0.296753
[Ablector] INFO: SAT TIME: 0.290891
[Ablector] INFO: REF TIME: 0.041446
[runlim] end:			Mon May 11 10:51:45 2020
[runlim] status:		ok
[runlim] result:		0
[runlim] children:		1
[runlim] real:			11.78 seconds
[runlim] time:			1.28 seconds
[runlim] space:			45.0 MB
[runlim] samples:		112
[runlim] version:		1.10
[runlim] time limit:		311040000 seconds
[runlim] real time limit:	1200 seconds
[runlim] space limit:		15000 MB
[runlim] argv[0]:		python3
[runlim] argv[1]:		/raid/steuber/Software/ablector/ablector
[runlim] argv[2]:		/raid/steuber/Benchmarks/2019/QF_BV/sage/app7/bench_5649.smt2
[runlim] argv[3]:		--ufReuse=1
[runlim] start:			Mon May 11 10:51:46 2020
[runlim] main pid:		21206
[Ablector] INFO: ABLECTOR TIME: 0.003733
[runlim] end:			Mon May 11 10:51:46 2020
[runlim] status:		ok
[runlim] result:		0
[runlim] children:		0
[runlim] real:			0.87 seconds
[runlim] time:			0.99 seconds
[runlim] space:			37.8 MB
[runlim] samples:		6
[runlim] version:		1.10
[runlim] time limit:		311040000 seconds
[runlim] real time limit:	1200 seconds
[runlim] space limit:		15000 MB
[runlim] argv[0]:		python3
[runlim] argv[1]:		/raid/steuber/Software/ablector/ablector
[runlim] argv[2]:		/raid/steuber/Benchmarks/2019/QF_BV/sage/app1/bench_1421.smt2
[runlim] argv[3]:		--ufReuse=1
[runlim] start:			Mon May 11 10:51:47 2020
[runlim] main pid:		21226
[Ablector] INFO: *** ROUND 0
[Ablector] INFO: *** ROUND 1
[SdivNode] INFO: Level 1
[Ablector] INFO: ABLECTOR TIME: 0.056816
[Ablector] INFO: SAT TIME: 0.052497
[Ablector] INFO: REF TIME: 0.003674
[runlim] end:			Mon May 11 10:51:47 2020
[runlim] status:		ok
[runlim] result:		0
[runlim] children:		0
[runlim] real:			0.78 seconds
[runlim] time:			1.03 seconds
[runlim] space:			40.3 MB
[runlim] samples:		5
[runlim] version:		1.10
[runlim] time limit:		311040000 seconds
[runlim] real time limit:	1200 seconds
[runlim] space limit:		15000 MB
[runlim] argv[0]:		python3
[runlim] argv[1]:		/raid/steuber/Software/ablector/ablector
[runlim] argv[2]:		/raid/steuber/Benchmarks/2019/QF_BV/sage/app7/bench_6009.smt2
[runlim] argv[3]:		--ufReuse=1
[runlim] start:			Mon May 11 10:51:48 2020
[runlim] main pid:		21246
[Ablector] INFO: ABLECTOR TIME: 0.003720
[runlim] end:			Mon May 11 10:51:48 2020
[runlim] status:		ok
[runlim] result:		0
[runlim] children:		0
[runlim] real:			0.62 seconds
[runlim] time:			0.97 seconds
[runlim] space:			37.0 MB
[runlim] samples:		4
[runlim] version:		1.10
[runlim] time limit:		311040000 seconds
[runlim] real time limit:	1200 seconds
[runlim] space limit:		15000 MB
[runlim] argv[0]:		python3
[runlim] argv[1]:		/raid/steuber/Software/ablector/ablector
[runlim] argv[2]:		/raid/steuber/Benchmarks/2019/QF_BV/sage/app8/bench_522.smt2
[runlim] argv[3]:		--ufReuse=1
[runlim] start:			Mon May 11 10:51:48 2020
[runlim] main pid:		21266
[Ablector] INFO: ABLECTOR TIME: 0.003685
[runlim] end:			Mon May 11 10:51:49 2020
[runlim] status:		ok
[runlim] result:		0
[runlim] children:		1
[runlim] real:			1.43 seconds
[runlim] time:			0.93 seconds
[runlim] space:			39.5 MB
[runlim] samples:		4
[runlim] version:		1.10
[runlim] time limit:		311040000 seconds
[runlim] real time limit:	1200 seconds
[runlim] space limit:		15000 MB
[runlim] argv[0]:		python3
[runlim] argv[1]:		/raid/steuber/Software/ablector/ablector
[runlim] argv[2]:		/raid/steuber/Benchmarks/2019/QF_BV/Sage2/bench_8662.smt2
[runlim] argv[3]:		--ufReuse=1
[runlim] start:			Mon May 11 10:51:49 2020
[runlim] main pid:		21286
[Ablector] INFO: *** ROUND 0
[runlim] sample:		10.6 time, 10.8 real, 82.2 MB
[runlim] sample:		20.6 time, 20.8 real, 83.2 MB
[runlim] sample:		30.6 time, 30.8 real, 93.6 MB
[runlim] sample:		40.5 time, 40.8 real, 94.2 MB
[runlim] sample:		50.5 time, 50.8 real, 94.8 MB
[runlim] sample:		60.5 time, 60.8 real, 94.8 MB
[runlim] sample:		70.5 time, 70.8 real, 94.9 MB
[MulNode] INFO: Level 0
[MulNode] INFO: Level 0
[MulNode] INFO: Level 0
[MulNode] INFO: Level 0
[MulNode] INFO: Level 0
[MulNode] INFO: Level 0
[MulNode] INFO: Level 0
[MulNode] INFO: Level 0
[MulNode] INFO: Level 0
[MulNode] INFO: Level 0
[MulNode] INFO: Level 0
[MulNode] INFO: Level 0
[MulNode] INFO: Level 0
[MulNode] INFO: Level 0
[MulNode] INFO: Level 0
[MulNode] INFO: Level 0
[MulNode] INFO: Level 0
[MulNode] INFO: Level 0
[MulNode] INFO: Level 0
[MulNode] INFO: Level 0
[MulNode] INFO: Level 0
[MulNode] INFO: Level 0
[MulNode] INFO: Level 0
[MulNode] INFO: Level 0
[MulNode] INFO: Level 0
[MulNode] INFO: Level 0
[MulNode] INFO: Level 0
[MulNode] INFO: Level 0
[MulNode] INFO: Level 0
[MulNode] INFO: Level 0
[MulNode] INFO: Level 0
[MulNode] INFO: Level 0
[MulNode] INFO: Level 0
[MulNode] INFO: Level 0
[MulNode] INFO: Level 0
[MulNode] INFO: Level 0
[MulNode] INFO: Level 0
[MulNode] INFO: Level 0
[MulNode] INFO: Level 0
[MulNode] INFO: Level 0
[MulNode] INFO: Level 0
[MulNode] INFO: Level 0
[MulNode] INFO: Level 0
[Ablector] INFO: ABLECTOR TIME: 74.243356
[Ablector] INFO: SAT TIME: 74.231108
[Ablector] INFO: REF TIME: 0.376380
[runlim] end:			Mon May 11 10:53:04 2020
[runlim] status:		ok
[runlim] result:		0
[runlim] children:		0
[runlim] real:			75.71 seconds
[runlim] time:			75.44 seconds
[runlim] space:			110.3 MB
[runlim] samples:		749
[runlim] version:		1.10
[runlim] time limit:		311040000 seconds
[runlim] real time limit:	1200 seconds
[runlim] space limit:		15000 MB
[runlim] argv[0]:		python3
[runlim] argv[1]:		/raid/steuber/Software/ablector/ablector
[runlim] argv[2]:		/raid/steuber/Benchmarks/2019/QF_BV/Sage2/bench_17243.smt2
[runlim] argv[3]:		--ufReuse=1
[runlim] start:			Mon May 11 10:53:05 2020
[runlim] main pid:		21317
[Ablector] INFO: *** ROUND 0
[runlim] sample:		10.3 time, 10.1 real, 205.8 MB
[runlim] sample:		20.3 time, 20.1 real, 195.5 MB
[MulNode] INFO: Level 0
[MulNode] INFO: Level 0
[MulNode] INFO: Level 0
[MulNode] INFO: Level 0
[MulNode] INFO: Level 0
[MulNode] INFO: Level 0
[MulNode] INFO: Level 0
[MulNode] INFO: Level 0
[MulNode] INFO: Level 0
[MulNode] INFO: Level 0
[MulNode] INFO: Level 0
[MulNode] INFO: Level 0
[MulNode] INFO: Level 0
[MulNode] INFO: Level 0
[MulNode] INFO: Level 0
[MulNode] INFO: Level 0
[MulNode] INFO: Level 0
[MulNode] INFO: Level 0
[MulNode] INFO: Level 0
[MulNode] INFO: Level 0
[MulNode] INFO: Level 0
[MulNode] INFO: Level 0
[MulNode] INFO: Level 0
[MulNode] INFO: Level 0
[MulNode] INFO: Level 0
[MulNode] INFO: Level 0
[MulNode] INFO: Level 0
[MulNode] INFO: Level 0
[MulNode] INFO: Level 0
[MulNode] INFO: Level 0
[MulNode] INFO: Level 0
[MulNode] INFO: Level 0
[MulNode] INFO: Level 0
[MulNode] INFO: Level 0
[MulNode] INFO: Level 0
[MulNode] INFO: Level 0
[MulNode] INFO: Level 0
[MulNode] INFO: Level 0
[MulNode] INFO: Level 0
[MulNode] INFO: Level 0
[MulNode] INFO: Level 0
[MulNode] INFO: Level 0
[MulNode] INFO: Level 0
[MulNode] INFO: Level 0
[UdivNode] INFO: Level 0
[MulNode] INFO: Level 0
[MulNode] INFO: Level 0
[MulNode] INFO: Level 0
[MulNode] INFO: Level 0
[MulNode] INFO: Level 0
[MulNode] INFO: Level 0
[MulNode] INFO: Level 0
[MulNode] INFO: Level 0
[MulNode] INFO: Level 0
[MulNode] INFO: Level 0
[MulNode] INFO: Level 0
[MulNode] INFO: Level 0
[MulNode] INFO: Level 0
[MulNode] INFO: Level 0
[MulNode] INFO: Level 0
[MulNode] INFO: Level 0
[MulNode] INFO: Level 0
[UdivNode] INFO: Level 0
[MulNode] INFO: Level 0
[MulNode] INFO: Level 0
[MulNode] INFO: Level 0
[MulNode] INFO: Level 0
[MulNode] INFO: Level 0
[MulNode] INFO: Level 0
[MulNode] INFO: Level 0
[MulNode] INFO: Level 0
[MulNode] INFO: Level 0
[MulNode] INFO: Level 0
[MulNode] INFO: Level 0
[MulNode] INFO: Level 0
[MulNode] INFO: Level 0
[MulNode] INFO: Level 0
[MulNode] INFO: Level 0
[MulNode] INFO: Level 0
[MulNode] INFO: Level 0
[MulNode] INFO: Level 0
[MulNode] INFO: Level 0
[MulNode] INFO: Level 0
[MulNode] INFO: Level 0
[MulNode] INFO: Level 0
[MulNode] INFO: Level 0
[MulNode] INFO: Level 0
[MulNode] INFO: Level 0
[MulNode] INFO: Level 0
[MulNode] INFO: Level 0
[MulNode] INFO: Level 0
[MulNode] INFO: Level 0
[MulNode] INFO: Level 0
[MulNode] INFO: Level 0
[MulNode] INFO: Level 0
[MulNode] INFO: Level 0
[MulNode] INFO: Level 0
[MulNode] INFO: Level 0
[MulNode] INFO: Level 0
[MulNode] INFO: Level 0
[MulNode] INFO: Level 0
[MulNode] INFO: Level 0
[MulNode] INFO: Level 0
[MulNode] INFO: Level 0
[MulNode] INFO: Level 0
[MulNode] INFO: Level 0
[MulNode] INFO: Level 0
[MulNode] INFO: Level 0
[MulNode] INFO: Level 0
[MulNode] INFO: Level 0
[MulNode] INFO: Level 0
[MulNode] INFO: Level 0
[MulNode] INFO: Level 0
[MulNode] INFO: Level 0
[MulNode] INFO: Level 0
[MulNode] INFO: Level 0
[MulNode] INFO: Level 0
[MulNode] INFO: Level 0
[MulNode] INFO: Level 0
[MulNode] INFO: Level 0
[MulNode] INFO: Level 0
[MulNode] INFO: Level 0
[MulNode] INFO: Level 0
[MulNode] INFO: Level 0
[MulNode] INFO: Level 0
[MulNode] INFO: Level 0
[MulNode] INFO: Level 0
[MulNode] INFO: Level 0
[MulNode] INFO: Level 0
[MulNode] INFO: Level 0
[MulNode] INFO: Level 0
[Ablector] INFO: ABLECTOR TIME: 22.443295
[Ablector] INFO: SAT TIME: 22.412099
[Ablector] INFO: REF TIME: 1.306760
[runlim] end:			Mon May 11 10:53:29 2020
[runlim] status:		ok
[runlim] result:		0
[runlim] children:		1
[runlim] real:			24.95 seconds
[runlim] time:			25.11 seconds
[runlim] space:			237.3 MB
[runlim] samples:		248
[runlim] version:		1.10
[runlim] time limit:		311040000 seconds
[runlim] real time limit:	1200 seconds
[runlim] space limit:		15000 MB
[runlim] argv[0]:		python3
[runlim] argv[1]:		/raid/steuber/Software/ablector/ablector
[runlim] argv[2]:		/raid/steuber/Benchmarks/2019/QF_BV/sage/app1/bench_1080.smt2
[runlim] argv[3]:		--ufReuse=1
[runlim] start:			Mon May 11 10:53:30 2020
[runlim] main pid:		21344
[Ablector] INFO: ABLECTOR TIME: 0.003785
[runlim] end:			Mon May 11 10:53:30 2020
[runlim] status:		ok
[runlim] result:		0
[runlim] children:		0
[runlim] real:			0.89 seconds
[runlim] time:			0.96 seconds
[runlim] space:			37.9 MB
[runlim] samples:		5
[runlim] version:		1.10
[runlim] time limit:		311040000 seconds
[runlim] real time limit:	1200 seconds
[runlim] space limit:		15000 MB
[runlim] argv[0]:		python3
[runlim] argv[1]:		/raid/steuber/Software/ablector/ablector
[runlim] argv[2]:		/raid/steuber/Benchmarks/2019/QF_BV/sage/app7/bench_218.smt2
[runlim] argv[3]:		--ufReuse=1
[runlim] start:			Mon May 11 10:53:31 2020
[runlim] main pid:		21364
[Ablector] INFO: ABLECTOR TIME: 0.003901
[runlim] end:			Mon May 11 10:53:33 2020
[runlim] status:		ok
[runlim] result:		0
[runlim] children:		14
[runlim] real:			2.02 seconds
[runlim] time:			2.21 seconds
[runlim] space:			83.3 MB
[runlim] samples:		17
[runlim] version:		1.10
[runlim] time limit:		311040000 seconds
[runlim] real time limit:	1200 seconds
[runlim] space limit:		15000 MB
[runlim] argv[0]:		python3
[runlim] argv[1]:		/raid/steuber/Software/ablector/ablector
[runlim] argv[2]:		/raid/steuber/Benchmarks/2019/QF_BV/sage/app11/bench_255.smt2
[runlim] argv[3]:		--ufReuse=1
[runlim] start:			Mon May 11 10:53:33 2020
[runlim] main pid:		21384
[Ablector] INFO: ABLECTOR TIME: 0.003865
[runlim] end:			Mon May 11 10:53:34 2020
[runlim] status:		ok
[runlim] result:		0
[runlim] children:		5
[runlim] real:			1.28 seconds
[runlim] time:			1.33 seconds
[runlim] space:			68.0 MB
[runlim] samples:		9
[runlim] version:		1.10
[runlim] time limit:		311040000 seconds
[runlim] real time limit:	1200 seconds
[runlim] space limit:		15000 MB
[runlim] argv[0]:		python3
[runlim] argv[1]:		/raid/steuber/Software/ablector/ablector
[runlim] argv[2]:		/raid/steuber/Benchmarks/2019/QF_BV/sage/app7/bench_6116.smt2
[runlim] argv[3]:		--ufReuse=1
[runlim] start:			Mon May 11 10:53:34 2020
[runlim] main pid:		21404
[Ablector] INFO: ABLECTOR TIME: 0.003645
[runlim] end:			Mon May 11 10:53:35 2020
[runlim] status:		ok
[runlim] result:		0
[runlim] children:		0
[runlim] real:			1.06 seconds
[runlim] time:			0.96 seconds
[runlim] space:			37.5 MB
[runlim] samples:		4
[runlim] version:		1.10
[runlim] time limit:		311040000 seconds
[runlim] real time limit:	1200 seconds
[runlim] space limit:		15000 MB
[runlim] argv[0]:		python3
[runlim] argv[1]:		/raid/steuber/Software/ablector/ablector
[runlim] argv[2]:		/raid/steuber/Benchmarks/2019/QF_BV/sage/app7/bench_312.smt2
[runlim] argv[3]:		--ufReuse=1
[runlim] start:			Mon May 11 10:53:35 2020
[runlim] main pid:		21425
[Ablector] INFO: ABLECTOR TIME: 0.003786
[runlim] end:			Mon May 11 10:53:37 2020
[runlim] status:		ok
[runlim] result:		0
[runlim] children:		13
[runlim] real:			2.20 seconds
[runlim] time:			2.25 seconds
[runlim] space:			82.3 MB
[runlim] samples:		17
[runlim] version:		1.10
[runlim] time limit:		311040000 seconds
[runlim] real time limit:	1200 seconds
[runlim] space limit:		15000 MB
[runlim] argv[0]:		python3
[runlim] argv[1]:		/raid/steuber/Software/ablector/ablector
[runlim] argv[2]:		/raid/steuber/Benchmarks/2019/QF_BV/sage/app7/bench_2123.smt2
[runlim] argv[3]:		--ufReuse=1
[runlim] start:			Mon May 11 10:53:37 2020
[runlim] main pid:		21445
[Ablector] INFO: ABLECTOR TIME: 0.003831
[runlim] end:			Mon May 11 10:53:38 2020
[runlim] status:		ok
[runlim] result:		0
[runlim] children:		3
[runlim] real:			1.27 seconds
[runlim] time:			1.16 seconds
[runlim] space:			52.2 MB
[runlim] samples:		7
[runlim] version:		1.10
[runlim] time limit:		311040000 seconds
[runlim] real time limit:	1200 seconds
[runlim] space limit:		15000 MB
[runlim] argv[0]:		python3
[runlim] argv[1]:		/raid/steuber/Software/ablector/ablector
[runlim] argv[2]:		/raid/steuber/Benchmarks/2019/QF_BV/sage/app7/bench_4221.smt2
[runlim] argv[3]:		--ufReuse=1
[runlim] start:			Mon May 11 10:53:38 2020
[runlim] main pid:		21465
[Ablector] INFO: ABLECTOR TIME: 0.003854
[runlim] end:			Mon May 11 10:53:39 2020
[runlim] status:		ok
[runlim] result:		0
[runlim] children:		2
[runlim] real:			1.21 seconds
[runlim] time:			1.04 seconds
[runlim] space:			46.4 MB
[runlim] samples:		5
[runlim] version:		1.10
[runlim] time limit:		311040000 seconds
[runlim] real time limit:	1200 seconds
[runlim] space limit:		15000 MB
[runlim] argv[0]:		python3
[runlim] argv[1]:		/raid/steuber/Software/ablector/ablector
[runlim] argv[2]:		/raid/steuber/Benchmarks/2019/QF_BV/sage/app7/bench_4167.smt2
[runlim] argv[3]:		--ufReuse=1
[runlim] start:			Mon May 11 10:53:39 2020
[runlim] main pid:		21485
[Ablector] INFO: ABLECTOR TIME: 0.003829
[runlim] end:			Mon May 11 10:53:40 2020
[runlim] status:		ok
[runlim] result:		0
[runlim] children:		2
[runlim] real:			1.15 seconds
[runlim] time:			1.04 seconds
[runlim] space:			46.3 MB
[runlim] samples:		5
[runlim] version:		1.10
[runlim] time limit:		311040000 seconds
[runlim] real time limit:	1200 seconds
[runlim] space limit:		15000 MB
[runlim] argv[0]:		python3
[runlim] argv[1]:		/raid/steuber/Software/ablector/ablector
[runlim] argv[2]:		/raid/steuber/Benchmarks/2019/QF_BV/Sage2/bench_16696.smt2
[runlim] argv[3]:		--ufReuse=1
[runlim] start:			Mon May 11 10:53:40 2020
[runlim] main pid:		21505
[Ablector] INFO: ABLECTOR TIME: 0.003667
[runlim] end:			Mon May 11 10:53:40 2020
[runlim] status:		ok
[runlim] result:		0
[runlim] children:		0
[runlim] real:			0.97 seconds
[runlim] time:			0.95 seconds
[runlim] space:			37.5 MB
[runlim] samples:		4
[runlim] version:		1.10
[runlim] time limit:		311040000 seconds
[runlim] real time limit:	1200 seconds
[runlim] space limit:		15000 MB
[runlim] argv[0]:		python3
[runlim] argv[1]:		/raid/steuber/Software/ablector/ablector
[runlim] argv[2]:		/raid/steuber/Benchmarks/2019/QF_BV/sage/app7/bench_3353.smt2
[runlim] argv[3]:		--ufReuse=1
[runlim] start:			Mon May 11 10:53:41 2020
[runlim] main pid:		21525
[Ablector] INFO: ABLECTOR TIME: 0.003870
[runlim] end:			Mon May 11 10:53:41 2020
[runlim] status:		ok
[runlim] result:		0
[runlim] children:		2
[runlim] real:			0.96 seconds
[runlim] time:			1.00 seconds
[runlim] space:			46.3 MB
[runlim] samples:		6
[runlim] version:		1.10
[runlim] time limit:		311040000 seconds
[runlim] real time limit:	1200 seconds
[runlim] space limit:		15000 MB
[runlim] argv[0]:		python3
[runlim] argv[1]:		/raid/steuber/Software/ablector/ablector
[runlim] argv[2]:		/raid/steuber/Benchmarks/2019/QF_BV/Sage2/bench_11895.smt2
[runlim] argv[3]:		--ufReuse=1
[runlim] start:			Mon May 11 10:53:42 2020
[runlim] main pid:		21545
[Ablector] INFO: *** ROUND 0
[runlim] sample:		10.6 time, 10.3 real, 214.5 MB
[MulNode] INFO: Level 0
[MulNode] INFO: Level 0
[MulNode] INFO: Level 0
[MulNode] INFO: Level 0
[MulNode] INFO: Level 0
[MulNode] INFO: Level 0
[MulNode] INFO: Level 0
[MulNode] INFO: Level 0
[MulNode] INFO: Level 0
[MulNode] INFO: Level 0
[MulNode] INFO: Level 0
[MulNode] INFO: Level 0
[MulNode] INFO: Level 0
[MulNode] INFO: Level 0
[MulNode] INFO: Level 0
[MulNode] INFO: Level 0
[MulNode] INFO: Level 0
[MulNode] INFO: Level 0
[MulNode] INFO: Level 0
[MulNode] INFO: Level 0
[MulNode] INFO: Level 0
[MulNode] INFO: Level 0
[MulNode] INFO: Level 0
[MulNode] INFO: Level 0
[MulNode] INFO: Level 0
[MulNode] INFO: Level 0
[MulNode] INFO: Level 0
[MulNode] INFO: Level 0
[MulNode] INFO: Level 0
[MulNode] INFO: Level 0
[MulNode] INFO: Level 0
[MulNode] INFO: Level 0
[MulNode] INFO: Level 0
[MulNode] INFO: Level 0
[MulNode] INFO: Level 0
[MulNode] INFO: Level 0
[MulNode] INFO: Level 0
[MulNode] INFO: Level 0
[MulNode] INFO: Level 0
[MulNode] INFO: Level 0
[MulNode] INFO: Level 0
[MulNode] INFO: Level 0
[MulNode] INFO: Level 0
[MulNode] INFO: Level 0
[MulNode] INFO: Level 0
[MulNode] INFO: Level 0
[MulNode] INFO: Level 0
[MulNode] INFO: Level 0
[MulNode] INFO: Level 0
[MulNode] INFO: Level 0
[MulNode] INFO: Level 0
[MulNode] INFO: Level 0
[MulNode] INFO: Level 0
[MulNode] INFO: Level 0
[MulNode] INFO: Level 0
[MulNode] INFO: Level 0
[MulNode] INFO: Level 0
[MulNode] INFO: Level 0
[MulNode] INFO: Level 0
[MulNode] INFO: Level 0
[MulNode] INFO: Level 0
[MulNode] INFO: Level 0
[MulNode] INFO: Level 0
[MulNode] INFO: Level 0
[MulNode] INFO: Level 0
[MulNode] INFO: Level 0
[MulNode] INFO: Level 0
[MulNode] INFO: Level 0
[MulNode] INFO: Level 0
[MulNode] INFO: Level 0
[MulNode] INFO: Level 0
[MulNode] INFO: Level 0
[MulNode] INFO: Level 0
[MulNode] INFO: Level 0
[MulNode] INFO: Level 0
[MulNode] INFO: Level 0
[MulNode] INFO: Level 0
[MulNode] INFO: Level 0
[MulNode] INFO: Level 0
[MulNode] INFO: Level 0
[MulNode] INFO: Level 0
[MulNode] INFO: Level 0
[MulNode] INFO: Level 0
[MulNode] INFO: Level 0
[MulNode] INFO: Level 0
[MulNode] INFO: Level 0
[MulNode] INFO: Level 0
[MulNode] INFO: Level 0
[MulNode] INFO: Level 0
[MulNode] INFO: Level 0
[Ablector] INFO: ABLECTOR TIME: 12.694926
[Ablector] INFO: SAT TIME: 12.672922
[Ablector] INFO: REF TIME: 0.908891
[runlim] end:			Mon May 11 10:53:55 2020
[runlim] status:		ok
[runlim] result:		0
[runlim] children:		1
[runlim] real:			13.80 seconds
[runlim] time:			13.95 seconds
[runlim] space:			217.1 MB
[runlim] samples:		134
[runlim] version:		1.10
[runlim] time limit:		311040000 seconds
[runlim] real time limit:	1200 seconds
[runlim] space limit:		15000 MB
[runlim] argv[0]:		python3
[runlim] argv[1]:		/raid/steuber/Software/ablector/ablector
[runlim] argv[2]:		/raid/steuber/Benchmarks/2019/QF_BV/sage/app2/bench_1136.smt2
[runlim] argv[3]:		--ufReuse=1
[runlim] start:			Mon May 11 10:53:56 2020
[runlim] main pid:		21569
[Ablector] INFO: ABLECTOR TIME: 0.003975
[runlim] end:			Mon May 11 10:53:56 2020
[runlim] status:		ok
[runlim] result:		0
[runlim] children:		1
[runlim] real:			0.76 seconds
[runlim] time:			0.98 seconds
[runlim] space:			39.8 MB
[runlim] samples:		5
[runlim] version:		1.10
[runlim] time limit:		311040000 seconds
[runlim] real time limit:	1200 seconds
[runlim] space limit:		15000 MB
[runlim] argv[0]:		python3
[runlim] argv[1]:		/raid/steuber/Software/ablector/ablector
[runlim] argv[2]:		/raid/steuber/Benchmarks/2019/QF_BV/sage/app9/bench_3147.smt2
[runlim] argv[3]:		--ufReuse=1
[runlim] start:			Mon May 11 10:53:57 2020
[runlim] main pid:		21589
[Ablector] INFO: ABLECTOR TIME: 0.003697
[runlim] end:			Mon May 11 10:53:57 2020
[runlim] status:		ok
[runlim] result:		0
[runlim] children:		0
[runlim] real:			0.61 seconds
[runlim] time:			0.98 seconds
[runlim] space:			37.6 MB
[runlim] samples:		4
[runlim] version:		1.10
[runlim] time limit:		311040000 seconds
[runlim] real time limit:	1200 seconds
[runlim] space limit:		15000 MB
[runlim] argv[0]:		python3
[runlim] argv[1]:		/raid/steuber/Software/ablector/ablector
[runlim] argv[2]:		/raid/steuber/Benchmarks/2019/QF_BV/Sage2/bench_3735.smt2
[runlim] argv[3]:		--ufReuse=1
[runlim] start:			Mon May 11 10:53:57 2020
[runlim] main pid:		21609
[Ablector] INFO: *** ROUND 0
[runlim] sample:		10.5 time, 11.0 real, 262.4 MB
[Ablector] INFO: *** ROUND 1
[runlim] sample:		20.5 time, 21.0 real, 297.0 MB
[runlim] sample:		30.5 time, 31.0 real, 450.9 MB
[runlim] sample:		40.5 time, 41.0 real, 438.7 MB
[Ablector] INFO: *** ROUND 2
[runlim] sample:		50.5 time, 51.0 real, 481.7 MB
[runlim] sample:		60.5 time, 61.0 real, 559.9 MB
[runlim] sample:		70.5 time, 71.0 real, 545.0 MB
[runlim] sample:		80.5 time, 81.0 real, 580.5 MB
[Ablector] INFO: *** ROUND 3
[runlim] sample:		90.5 time, 91.0 real, 581.8 MB
[runlim] sample:		100.5 time, 101.0 real, 581.8 MB
[Ablector] INFO: *** ROUND 4
[runlim] sample:		110.5 time, 111.0 real, 474.2 MB
[runlim] sample:		120.5 time, 121.0 real, 495.3 MB
[runlim] sample:		130.5 time, 131.0 real, 495.3 MB
[runlim] sample:		140.5 time, 141.0 real, 550.0 MB
[runlim] sample:		150.5 time, 151.0 real, 483.3 MB
[Ablector] INFO: *** ROUND 5
[runlim] sample:		160.5 time, 161.0 real, 498.9 MB
[runlim] sample:		170.5 time, 171.0 real, 512.6 MB
[Ablector] INFO: *** ROUND 6
[runlim] sample:		180.5 time, 181.0 real, 498.9 MB
[runlim] sample:		190.5 time, 191.0 real, 531.3 MB
[Ablector] INFO: *** ROUND 7
[MulNode] INFO: Level 0
[MulNode] INFO: Level 0
[MulNode] INFO: Level 0
[MulNode] INFO: Level 0
[MulNode] INFO: Level 3 - Bit 1
[MulNode] INFO: Level 3 - Bit 1
[MulNode] INFO: Level 0
[MulNode] INFO: Level 0
[MulNode] INFO: Level 0
[MulNode] INFO: Level 0
[MulNode] INFO: Level 3 - Bit 1
[MulNode] INFO: Level 3 - Bit 1
[MulNode] INFO: Level 0
[MulNode] INFO: Level 3 - Bit 1
[MulNode] INFO: Level 3 - Bit 1
[MulNode] INFO: Level 3 - Bit 1
[MulNode] INFO: Level 3 - Bit 1
[MulNode] INFO: Level 3 - Bit 1
[MulNode] INFO: Level 3 - Bit 1
[MulNode] INFO: Level 3 - Bit 1
[MulNode] INFO: Level 3 - Bit 1
[MulNode] INFO: Level 3 - Bit 1
[MulNode] INFO: Level 3 - Bit 1
[MulNode] INFO: Level 3 - Bit 2
[MulNode] INFO: Level 3 - Bit 1
[MulNode] INFO: Level 3 - Bit 1
[MulNode] INFO: Level 3 - Bit 1
[MulNode] INFO: Level 3 - Bit 3
[MulNode] INFO: Level 3 - Bit 3
[MulNode] INFO: Level 3 - Bit 3
[MulNode] INFO: Level 3 - Bit 4
[MulNode] INFO: Level 3 - Bit 1
[MulNode] INFO: Level 3 - Bit 1
[MulNode] INFO: Level 3 - Bit 1
[MulNode] INFO: Level 3 - Bit 3
[MulNode] INFO: Level 3 - Bit 3
[MulNode] INFO: Level 3 - Bit 2
[MulNode] INFO: Level 3 - Bit 4
[MulNode] INFO: Level 3 - Bit 1
[MulNode] INFO: Level 3 - Bit 1
[MulNode] INFO: Level 3 - Bit 1
[MulNode] INFO: Level 3 - Bit 3
[MulNode] INFO: Level 3 - Bit 3
[MulNode] INFO: Level 3 - Bit 3
[MulNode] INFO: Level 3 - Bit 4
[MulNode] INFO: Level 3 - Bit 1
[MulNode] INFO: Level 3 - Bit 1
[MulNode] INFO: Level 3 - Bit 1
[MulNode] INFO: Level 3 - Bit 1
[MulNode] INFO: Level 3 - Bit 1
[MulNode] INFO: Level 3 - Bit 2
[MulNode] INFO: Level 3 - Bit 3
[MulNode] INFO: Level 3 - Bit 4
[MulNode] INFO: Level 3 - Bit 3
[MulNode] INFO: Level 3 - Bit 5
[MulNode] INFO: Level 3 - Bit 3
[MulNode] INFO: Level 3 - Bit 3
[MulNode] INFO: Level 3 - Bit 3
[MulNode] INFO: Level 3 - Bit 5
[MulNode] INFO: Level 3 - Bit 1
[MulNode] INFO: Level 3 - Bit 1
[MulNode] INFO: Level 3 - Bit 1
[MulNode] INFO: Level 3 - Bit 1
[MulNode] INFO: Level 3 - Bit 1
[MulNode] INFO: Level 3 - Bit 1
[MulNode] INFO: Level 3 - Bit 2
[MulNode] INFO: Level 3 - Bit 3
[MulNode] INFO: Level 3 - Bit 4
[MulNode] INFO: Level 3 - Bit 4
[MulNode] INFO: Level 3 - Bit 4
[MulNode] INFO: Level 3 - Bit 5
[MulNode] INFO: Level 3 - Bit 2
[MulNode] INFO: Level 3 - Bit 1
[MulNode] INFO: Level 3 - Bit 1
[MulNode] INFO: Level 3 - Bit 1
[MulNode] INFO: Level 3 - Bit 1
[MulNode] INFO: Level 3 - Bit 2
[MulNode] INFO: Level 3 - Bit 2
[MulNode] INFO: Level 3 - Bit 4
[MulNode] INFO: Level 3 - Bit 5
[MulNode] INFO: Level 3 - Bit 4
[MulNode] INFO: Level 3 - Bit 1
[MulNode] INFO: Level 3 - Bit 1
[MulNode] INFO: Level 3 - Bit 1
[MulNode] INFO: Level 3 - Bit 1
[MulNode] INFO: Level 3 - Bit 2
[MulNode] INFO: Level 3 - Bit 1
[MulNode] INFO: Level 3 - Bit 1
[MulNode] INFO: Level 3 - Bit 2
[MulNode] INFO: Level 3 - Bit 3
[MulNode] INFO: Level 3 - Bit 2
[MulNode] INFO: Level 3 - Bit 3
[MulNode] INFO: Level 3 - Bit 2
[MulNode] INFO: Level 3 - Bit 3
[MulNode] INFO: Level 3 - Bit 3
[MulNode] INFO: Level 3 - Bit 1
[MulNode] INFO: Level 3 - Bit 1
[MulNode] INFO: Level 3 - Bit 1
[MulNode] INFO: Level 3 - Bit 2
[MulNode] INFO: Level 3 - Bit 4
[MulNode] INFO: Level 3 - Bit 4
[MulNode] INFO: Level 3 - Bit 4
[MulNode] INFO: Level 3 - Bit 5
[MulNode] INFO: Level 3 - Bit 3
[MulNode] INFO: Level 3 - Bit 4
[MulNode] INFO: Level 3 - Bit 5
[MulNode] INFO: Level 3 - Bit 4
[MulNode] INFO: Level 3 - Bit 4
[MulNode] INFO: Level 3 - Bit 3
[MulNode] INFO: Level 3 - Bit 2
[MulNode] INFO: Level 3 - Bit 5
[MulNode] INFO: Level 3 - Bit 4
[MulNode] INFO: Level 3 - Bit 4
[MulNode] INFO: Level 3 - Bit 4
[MulNode] INFO: Level 3 - Bit 4
[MulNode] INFO: Level 3 - Bit 1
[MulNode] INFO: Level 3 - Bit 1
[MulNode] INFO: Level 3 - Bit 1
[MulNode] INFO: Level 3 - Bit 1
[MulNode] INFO: Level 3 - Bit 2
[MulNode] INFO: Level 3 - Bit 2
[MulNode] INFO: Level 3 - Bit 2
[MulNode] INFO: Level 3 - Bit 1
[MulNode] INFO: Level 3 - Bit 3
[MulNode] INFO: Level 3 - Bit 1
[MulNode] INFO: Level 3 - Bit 1
[MulNode] INFO: Level 3 - Bit 1
[MulNode] INFO: Level 3 - Bit 1
[MulNode] INFO: Level 3 - Bit 2
[MulNode] INFO: Level 3 - Bit 3
[MulNode] INFO: Level 3 - Bit 4
[MulNode] INFO: Level 3 - Bit 4
[MulNode] INFO: Level 3 - Bit 5
[MulNode] INFO: Level 3 - Bit 4
[MulNode] INFO: Level 3 - Bit 4
[MulNode] INFO: Level 3 - Bit 5
[MulNode] INFO: Level 3 - Bit 4
[MulNode] INFO: Level 3 - Bit 5
[MulNode] INFO: Level 3 - Bit 1
[MulNode] INFO: Level 3 - Bit 1
[MulNode] INFO: Level 3 - Bit 1
[MulNode] INFO: Level 3 - Bit 1
[MulNode] INFO: Level 3 - Bit 2
[MulNode] INFO: Level 3 - Bit 2
[MulNode] INFO: Level 3 - Bit 3
[MulNode] INFO: Level 3 - Bit 3
[MulNode] INFO: Level 3 - Bit 4
[MulNode] INFO: Level 3 - Bit 4
[MulNode] INFO: Level 3 - Bit 4
[MulNode] INFO: Level 3 - Bit 5
[MulNode] INFO: Level 3 - Bit 4
[MulNode] INFO: Level 3 - Bit 4
[MulNode] INFO: Level 3 - Bit 3
[MulNode] INFO: Level 3 - Bit 1
[MulNode] INFO: Level 3 - Bit 1
[MulNode] INFO: Level 3 - Bit 1
[MulNode] INFO: Level 3 - Bit 1
[MulNode] INFO: Level 3 - Bit 2
[MulNode] INFO: Level 3 - Bit 3
[MulNode] INFO: Level 3 - Bit 4
[MulNode] INFO: Level 3 - Bit 4
[MulNode] INFO: Level 3 - Bit 4
[MulNode] INFO: Level 3 - Bit 4
[MulNode] INFO: Level 3 - Bit 4
[MulNode] INFO: Level 3 - Bit 1
[MulNode] INFO: Level 3 - Bit 1
[MulNode] INFO: Level 3 - Bit 1
[MulNode] INFO: Level 3 - Bit 2
[MulNode] INFO: Level 3 - Bit 3
[MulNode] INFO: Level 3 - Bit 3
[MulNode] INFO: Level 3 - Bit 3
[MulNode] INFO: Level 3 - Bit 4
[MulNode] INFO: Level 3 - Bit 1
[MulNode] INFO: Level 3 - Bit 1
[MulNode] INFO: Level 3 - Bit 2
[MulNode] INFO: Level 3 - Bit 2
[MulNode] INFO: Level 3 - Bit 3
[MulNode] INFO: Level 3 - Bit 3
[MulNode] INFO: Level 3 - Bit 3
[MulNode] INFO: Level 3 - Bit 1
[MulNode] INFO: Level 3 - Bit 2
[MulNode] INFO: Level 3 - Bit 3
[MulNode] INFO: Level 3 - Bit 4
[MulNode] INFO: Level 3 - Bit 4
[MulNode] INFO: Level 3 - Bit 5
[Ablector] INFO: ABLECTOR TIME: 192.090327
[Ablector] INFO: SAT TIME: 192.052585
[Ablector] INFO: REF TIME: 4.512365
[runlim] end:			Mon May 11 10:57:11 2020
[runlim] status:		ok
[runlim] result:		0
[runlim] children:		1
[runlim] real:			194.48 seconds
[runlim] time:			194.03 seconds
[runlim] space:			628.9 MB
[runlim] samples:		1935
[runlim] version:		1.10
[runlim] time limit:		311040000 seconds
[runlim] real time limit:	1200 seconds
[runlim] space limit:		15000 MB
[runlim] argv[0]:		python3
[runlim] argv[1]:		/raid/steuber/Software/ablector/ablector
[runlim] argv[2]:		/raid/steuber/Benchmarks/2019/QF_BV/sage/app7/bench_6421.smt2
[runlim] argv[3]:		--ufReuse=1
[runlim] start:			Mon May 11 10:57:11 2020
[runlim] main pid:		22002
[Ablector] INFO: ABLECTOR TIME: 0.003781
[runlim] end:			Mon May 11 10:57:12 2020
[runlim] status:		ok
[runlim] result:		0
[runlim] children:		0
[runlim] real:			1.27 seconds
[runlim] time:			0.95 seconds
[runlim] space:			37.7 MB
[runlim] samples:		4
[runlim] version:		1.10
[runlim] time limit:		311040000 seconds
[runlim] real time limit:	1200 seconds
[runlim] space limit:		15000 MB
[runlim] argv[0]:		python3
[runlim] argv[1]:		/raid/steuber/Software/ablector/ablector
[runlim] argv[2]:		/raid/steuber/Benchmarks/2019/QF_BV/sage/app7/bench_2936.smt2
[runlim] argv[3]:		--ufReuse=1
[runlim] start:			Mon May 11 10:57:12 2020
[runlim] main pid:		22023
[Ablector] INFO: ABLECTOR TIME: 0.003742
[runlim] end:			Mon May 11 10:57:14 2020
[runlim] status:		ok
[runlim] result:		0
[runlim] children:		18
[runlim] real:			2.88 seconds
[runlim] time:			2.74 seconds
[runlim] space:			97.6 MB
[runlim] samples:		22
[runlim] version:		1.10
[runlim] time limit:		311040000 seconds
[runlim] real time limit:	1200 seconds
[runlim] space limit:		15000 MB
[runlim] argv[0]:		python3
[runlim] argv[1]:		/raid/steuber/Software/ablector/ablector
[runlim] argv[2]:		/raid/steuber/Benchmarks/2019/QF_BV/Sage2/bench_9213.smt2
[runlim] argv[3]:		--ufReuse=1
[runlim] start:			Mon May 11 10:57:15 2020
[runlim] main pid:		22063
[Ablector] INFO: *** ROUND 0
[MulNode] INFO: Level 0
[Ablector] INFO: ABLECTOR TIME: 0.169169
[Ablector] INFO: SAT TIME: 0.164440
[Ablector] INFO: REF TIME: 0.010686
[runlim] end:			Mon May 11 10:57:15 2020
[runlim] status:		ok
[runlim] result:		0
[runlim] children:		0
[runlim] real:			0.90 seconds
[runlim] time:			1.17 seconds
[runlim] space:			41.9 MB
[runlim] samples:		6
[runlim] version:		1.10
[runlim] time limit:		311040000 seconds
[runlim] real time limit:	1200 seconds
[runlim] space limit:		15000 MB
[runlim] argv[0]:		python3
[runlim] argv[1]:		/raid/steuber/Software/ablector/ablector
[runlim] argv[2]:		/raid/steuber/Benchmarks/2019/QF_BV/sage/app7/bench_657.smt2
[runlim] argv[3]:		--ufReuse=1
[runlim] start:			Mon May 11 10:57:16 2020
[runlim] main pid:		22083
[Ablector] INFO: ABLECTOR TIME: 0.003873
[runlim] end:			Mon May 11 10:57:17 2020
[runlim] status:		ok
[runlim] result:		0
[runlim] children:		12
[runlim] real:			2.00 seconds
[runlim] time:			2.13 seconds
[runlim] space:			79.6 MB
[runlim] samples:		17
[runlim] version:		1.10
[runlim] time limit:		311040000 seconds
[runlim] real time limit:	1200 seconds
[runlim] space limit:		15000 MB
[runlim] argv[0]:		python3
[runlim] argv[1]:		/raid/steuber/Software/ablector/ablector
[runlim] argv[2]:		/raid/steuber/Benchmarks/2019/QF_BV/sage/app7/bench_4149.smt2
[runlim] argv[3]:		--ufReuse=1
[runlim] start:			Mon May 11 10:57:18 2020
[runlim] main pid:		22103
[Ablector] INFO: ABLECTOR TIME: 0.003700
[runlim] end:			Mon May 11 10:57:18 2020
[runlim] status:		ok
[runlim] result:		0
[runlim] children:		2
[runlim] real:			0.95 seconds
[runlim] time:			1.02 seconds
[runlim] space:			46.0 MB
[runlim] samples:		6
[runlim] version:		1.10
[runlim] time limit:		311040000 seconds
[runlim] real time limit:	1200 seconds
[runlim] space limit:		15000 MB
[runlim] argv[0]:		python3
[runlim] argv[1]:		/raid/steuber/Software/ablector/ablector
[runlim] argv[2]:		/raid/steuber/Benchmarks/2019/QF_BV/sage/app9/bench_338.smt2
[runlim] argv[3]:		--ufReuse=1
[runlim] start:			Mon May 11 10:57:19 2020
[runlim] main pid:		22123
[Ablector] INFO: *** ROUND 0
[MulNode] INFO: Level 0
[MulNode] INFO: Level 0
[MulNode] INFO: Level 0
[MulNode] INFO: Level 0
[MulNode] INFO: Level 0
[MulNode] INFO: Level 0
[MulNode] INFO: Level 0
[MulNode] INFO: Level 0
[MulNode] INFO: Level 0
[MulNode] INFO: Level 0
[MulNode] INFO: Level 0
[Ablector] INFO: ABLECTOR TIME: 0.123052
[Ablector] INFO: SAT TIME: 0.116390
[Ablector] INFO: REF TIME: 0.107050
[runlim] end:			Mon May 11 10:57:19 2020
[runlim] status:		ok
[runlim] result:		0
[runlim] children:		0
[runlim] real:			0.96 seconds
[runlim] time:			1.17 seconds
[runlim] space:			42.6 MB
[runlim] samples:		6
[runlim] version:		1.10
[runlim] time limit:		311040000 seconds
[runlim] real time limit:	1200 seconds
[runlim] space limit:		15000 MB
[runlim] argv[0]:		python3
[runlim] argv[1]:		/raid/steuber/Software/ablector/ablector
[runlim] argv[2]:		/raid/steuber/Benchmarks/2019/QF_BV/sage/app2/bench_1.smt2
[runlim] argv[3]:		--ufReuse=1
[runlim] start:			Mon May 11 10:57:20 2020
[runlim] main pid:		22143
[Ablector] INFO: ABLECTOR TIME: 0.003765
[runlim] end:			Mon May 11 10:57:20 2020
[runlim] status:		ok
[runlim] result:		0
[runlim] children:		1
[runlim] real:			0.87 seconds
[runlim] time:			0.96 seconds
[runlim] space:			40.4 MB
[runlim] samples:		5
[runlim] version:		1.10
[runlim] time limit:		311040000 seconds
[runlim] real time limit:	1200 seconds
[runlim] space limit:		15000 MB
[runlim] argv[0]:		python3
[runlim] argv[1]:		/raid/steuber/Software/ablector/ablector
[runlim] argv[2]:		/raid/steuber/Benchmarks/2019/QF_BV/sage/app7/bench_1525.smt2
[runlim] argv[3]:		--ufReuse=1
[runlim] start:			Mon May 11 10:57:21 2020
[runlim] main pid:		22163
[Ablector] INFO: ABLECTOR TIME: 0.003656
[runlim] end:			Mon May 11 10:57:23 2020
[runlim] status:		ok
[runlim] result:		0
[runlim] children:		19
[runlim] real:			2.49 seconds
[runlim] time:			2.74 seconds
[runlim] space:			98.0 MB
[runlim] samples:		22
[runlim] version:		1.10
[runlim] time limit:		311040000 seconds
[runlim] real time limit:	1200 seconds
[runlim] space limit:		15000 MB
[runlim] argv[0]:		python3
[runlim] argv[1]:		/raid/steuber/Software/ablector/ablector
[runlim] argv[2]:		/raid/steuber/Benchmarks/2019/QF_BV/Sage2/bench_16732.smt2
[runlim] argv[3]:		--ufReuse=1
[runlim] start:			Mon May 11 10:57:23 2020
[runlim] main pid:		22183
[Ablector] INFO: *** ROUND 0
[MulNode] INFO: Level 0
[Ablector] INFO: ABLECTOR TIME: 0.630322
[Ablector] INFO: SAT TIME: 0.625469
[Ablector] INFO: REF TIME: 0.010728
[runlim] end:			Mon May 11 10:57:25 2020
[runlim] status:		ok
[runlim] result:		0
[runlim] children:		1
[runlim] real:			2.06 seconds
[runlim] time:			1.77 seconds
[runlim] space:			48.3 MB
[runlim] samples:		12
[runlim] version:		1.10
[runlim] time limit:		311040000 seconds
[runlim] real time limit:	1200 seconds
[runlim] space limit:		15000 MB
[runlim] argv[0]:		python3
[runlim] argv[1]:		/raid/steuber/Software/ablector/ablector
[runlim] argv[2]:		/raid/steuber/Benchmarks/2019/QF_BV/sage/app8/bench_3179.smt2
[runlim] argv[3]:		--ufReuse=1
[runlim] start:			Mon May 11 10:57:25 2020
[runlim] main pid:		22203
[Ablector] INFO: ABLECTOR TIME: 0.003911
[runlim] end:			Mon May 11 10:57:25 2020
[runlim] status:		ok
[runlim] result:		0
[runlim] children:		0
[runlim] real:			0.89 seconds
[runlim] time:			0.95 seconds
[runlim] space:			37.7 MB
[runlim] samples:		4
[runlim] version:		1.10
[runlim] time limit:		311040000 seconds
[runlim] real time limit:	1200 seconds
[runlim] space limit:		15000 MB
[runlim] argv[0]:		python3
[runlim] argv[1]:		/raid/steuber/Software/ablector/ablector
[runlim] argv[2]:		/raid/steuber/Benchmarks/2019/QF_BV/sage/app2/bench_1293.smt2
[runlim] argv[3]:		--ufReuse=1
[runlim] start:			Mon May 11 10:57:26 2020
[runlim] main pid:		22243
[Ablector] INFO: ABLECTOR TIME: 0.003922
[runlim] end:			Mon May 11 10:57:26 2020
[runlim] status:		ok
[runlim] result:		0
[runlim] children:		0
[runlim] real:			0.71 seconds
[runlim] time:			1.01 seconds
[runlim] space:			37.8 MB
[runlim] samples:		4
[runlim] version:		1.10
[runlim] time limit:		311040000 seconds
[runlim] real time limit:	1200 seconds
[runlim] space limit:		15000 MB
[runlim] argv[0]:		python3
[runlim] argv[1]:		/raid/steuber/Software/ablector/ablector
[runlim] argv[2]:		/raid/steuber/Benchmarks/2019/QF_BV/sage/app7/bench_1226.smt2
[runlim] argv[3]:		--ufReuse=1
[runlim] start:			Mon May 11 10:57:27 2020
[runlim] main pid:		22282
[Ablector] INFO: ABLECTOR TIME: 0.004328
[runlim] end:			Mon May 11 10:57:29 2020
[runlim] status:		ok
[runlim] result:		0
[runlim] children:		19
[runlim] real:			2.36 seconds
[runlim] time:			2.73 seconds
[runlim] space:			98.2 MB
[runlim] samples:		22
[runlim] version:		1.10
[runlim] time limit:		311040000 seconds
[runlim] real time limit:	1200 seconds
[runlim] space limit:		15000 MB
[runlim] argv[0]:		python3
[runlim] argv[1]:		/raid/steuber/Software/ablector/ablector
[runlim] argv[2]:		/raid/steuber/Benchmarks/2019/QF_BV/sage/app7/bench_7080.smt2
[runlim] argv[3]:		--ufReuse=1
[runlim] start:			Mon May 11 10:57:29 2020
[runlim] main pid:		22333
[Ablector] INFO: ABLECTOR TIME: 0.003802
[runlim] end:			Mon May 11 10:57:31 2020
[runlim] status:		ok
[runlim] result:		0
[runlim] children:		14
[runlim] real:			2.53 seconds
[runlim] time:			2.29 seconds
[runlim] space:			84.2 MB
[runlim] samples:		18
[runlim] version:		1.10
[runlim] time limit:		311040000 seconds
[runlim] real time limit:	1200 seconds
[runlim] space limit:		15000 MB
[runlim] argv[0]:		python3
[runlim] argv[1]:		/raid/steuber/Software/ablector/ablector
[runlim] argv[2]:		/raid/steuber/Benchmarks/2019/QF_BV/Sage2/bench_2298.smt2
[runlim] argv[3]:		--ufReuse=1
[runlim] start:			Mon May 11 10:57:31 2020
[runlim] main pid:		22405
[Ablector] INFO: *** ROUND 0
[MulNode] INFO: Level 0
[Ablector] INFO: ABLECTOR TIME: 0.183613
[Ablector] INFO: SAT TIME: 0.178656
[Ablector] INFO: REF TIME: 0.010951
[runlim] end:			Mon May 11 10:57:32 2020
[runlim] status:		ok
[runlim] result:		0
[runlim] children:		0
[runlim] real:			1.56 seconds
[runlim] time:			1.16 seconds
[runlim] space:			42.7 MB
[runlim] samples:		6
[runlim] version:		1.10
[runlim] time limit:		311040000 seconds
[runlim] real time limit:	1200 seconds
[runlim] space limit:		15000 MB
[runlim] argv[0]:		python3
[runlim] argv[1]:		/raid/steuber/Software/ablector/ablector
[runlim] argv[2]:		/raid/steuber/Benchmarks/2019/QF_BV/sage/app7/bench_6273.smt2
[runlim] argv[3]:		--ufReuse=1
[runlim] start:			Mon May 11 10:57:32 2020
[runlim] main pid:		22446
[Ablector] INFO: ABLECTOR TIME: 0.003671
[runlim] end:			Mon May 11 10:57:33 2020
[runlim] status:		ok
[runlim] result:		0
[runlim] children:		0
[runlim] real:			1.34 seconds
[runlim] time:			0.96 seconds
[runlim] space:			37.7 MB
[runlim] samples:		4
[runlim] version:		1.10
[runlim] time limit:		311040000 seconds
[runlim] real time limit:	1200 seconds
[runlim] space limit:		15000 MB
[runlim] argv[0]:		python3
[runlim] argv[1]:		/raid/steuber/Software/ablector/ablector
[runlim] argv[2]:		/raid/steuber/Benchmarks/2019/QF_BV/sage/app1/bench_1747.smt2
[runlim] argv[3]:		--ufReuse=1
[runlim] start:			Mon May 11 10:57:33 2020
[runlim] main pid:		22478
[Ablector] INFO: ABLECTOR TIME: 0.003640
[runlim] end:			Mon May 11 10:57:34 2020
[runlim] status:		ok
[runlim] result:		0
[runlim] children:		0
[runlim] real:			1.19 seconds
[runlim] time:			0.63 seconds
[runlim] space:			36.8 MB
[runlim] samples:		4
[runlim] version:		1.10
[runlim] time limit:		311040000 seconds
[runlim] real time limit:	1200 seconds
[runlim] space limit:		15000 MB
[runlim] argv[0]:		python3
[runlim] argv[1]:		/raid/steuber/Software/ablector/ablector
[runlim] argv[2]:		/raid/steuber/Benchmarks/2019/QF_BV/sage/app1/bench_2156.smt2
[runlim] argv[3]:		--ufReuse=1
[runlim] start:			Mon May 11 10:57:34 2020
[runlim] main pid:		22506
[Ablector] INFO: ABLECTOR TIME: 0.003688
[runlim] end:			Mon May 11 10:57:34 2020
[runlim] status:		ok
[runlim] result:		0
[runlim] children:		0
[runlim] real:			0.97 seconds
[runlim] time:			0.96 seconds
[runlim] space:			37.7 MB
[runlim] samples:		4
[runlim] version:		1.10
[runlim] time limit:		311040000 seconds
[runlim] real time limit:	1200 seconds
[runlim] space limit:		15000 MB
[runlim] argv[0]:		python3
[runlim] argv[1]:		/raid/steuber/Software/ablector/ablector
[runlim] argv[2]:		/raid/steuber/Benchmarks/2019/QF_BV/sage/app7/bench_1128.smt2
[runlim] argv[3]:		--ufReuse=1
[runlim] start:			Mon May 11 10:57:35 2020
[runlim] main pid:		22526
[Ablector] INFO: ABLECTOR TIME: 0.003812
[runlim] end:			Mon May 11 10:57:36 2020
[runlim] status:		ok
[runlim] result:		0
[runlim] children:		8
[runlim] real:			1.67 seconds
[runlim] time:			1.77 seconds
[runlim] space:			73.3 MB
[runlim] samples:		13
[runlim] version:		1.10
[runlim] time limit:		311040000 seconds
[runlim] real time limit:	1200 seconds
[runlim] space limit:		15000 MB
[runlim] argv[0]:		python3
[runlim] argv[1]:		/raid/steuber/Software/ablector/ablector
[runlim] argv[2]:		/raid/steuber/Benchmarks/2019/QF_BV/Sage2/bench_15338.smt2
[runlim] argv[3]:		--ufReuse=1
[runlim] start:			Mon May 11 10:57:37 2020
[runlim] main pid:		22566
[Ablector] INFO: *** ROUND 0
[Ablector] INFO: *** ROUND 1
[UdivNode] INFO: Level 1
[MulNode] INFO: Level 0
[MulNode] INFO: Level 1
[MulNode] INFO: Level 0
[MulNode] INFO: Level 0
[MulNode] INFO: Level 0
[MulNode] INFO: Level 0
[MulNode] INFO: Level 0
[MulNode] INFO: Level 0
[MulNode] INFO: Level 0
[MulNode] INFO: Level 0
[MulNode] INFO: Level 0
[MulNode] INFO: Level 0
[MulNode] INFO: Level 0
[MulNode] INFO: Level 0
[MulNode] INFO: Level 0
[MulNode] INFO: Level 0
[MulNode] INFO: Level 0
[UdivNode] INFO: Level 0
[MulNode] INFO: Level 0
[MulNode] INFO: Level 0
[MulNode] INFO: Level 0
[MulNode] INFO: Level 0
[UdivNode] INFO: Level 1
[Ablector] INFO: ABLECTOR TIME: 3.126273
[Ablector] INFO: SAT TIME: 3.117679
[Ablector] INFO: REF TIME: 0.216254
[runlim] end:			Mon May 11 10:57:40 2020
[runlim] status:		ok
[runlim] result:		0
[runlim] children:		0
[runlim] real:			3.69 seconds
[runlim] time:			4.17 seconds
[runlim] space:			69.3 MB
[runlim] samples:		36
[runlim] version:		1.10
[runlim] time limit:		311040000 seconds
[runlim] real time limit:	1200 seconds
[runlim] space limit:		15000 MB
[runlim] argv[0]:		python3
[runlim] argv[1]:		/raid/steuber/Software/ablector/ablector
[runlim] argv[2]:		/raid/steuber/Benchmarks/2019/QF_BV/sage/app7/bench_3069.smt2
[runlim] argv[3]:		--ufReuse=1
[runlim] start:			Mon May 11 10:57:41 2020
[runlim] main pid:		22670
[Ablector] INFO: ABLECTOR TIME: 0.003819
[runlim] end:			Mon May 11 10:57:43 2020
[runlim] status:		ok
[runlim] result:		0
[runlim] children:		18
[runlim] real:			2.30 seconds
[runlim] time:			2.67 seconds
[runlim] space:			97.9 MB
[runlim] samples:		22
[runlim] version:		1.10
[runlim] time limit:		311040000 seconds
[runlim] real time limit:	1200 seconds
[runlim] space limit:		15000 MB
[runlim] argv[0]:		python3
[runlim] argv[1]:		/raid/steuber/Software/ablector/ablector
[runlim] argv[2]:		/raid/steuber/Benchmarks/2019/QF_BV/sage/app7/bench_5118.smt2
[runlim] argv[3]:		--ufReuse=1
[runlim] start:			Mon May 11 10:57:43 2020
[runlim] main pid:		22731
[Ablector] INFO: ABLECTOR TIME: 0.004094
[runlim] end:			Mon May 11 10:57:44 2020
[runlim] status:		ok
[runlim] result:		0
[runlim] children:		1
[runlim] real:			1.17 seconds
[runlim] time:			1.04 seconds
[runlim] space:			39.9 MB
[runlim] samples:		5
[runlim] version:		1.10
[runlim] time limit:		311040000 seconds
[runlim] real time limit:	1200 seconds
[runlim] space limit:		15000 MB
[runlim] argv[0]:		python3
[runlim] argv[1]:		/raid/steuber/Software/ablector/ablector
[runlim] argv[2]:		/raid/steuber/Benchmarks/2019/QF_BV/Sage2/bench_8626.smt2
[runlim] argv[3]:		--ufReuse=1
[runlim] start:			Mon May 11 10:57:44 2020
[runlim] main pid:		22775
[Ablector] INFO: *** ROUND 0
[MulNode] INFO: Level 0
[MulNode] INFO: Level 0
[MulNode] INFO: Level 0
[MulNode] INFO: Level 0
[MulNode] INFO: Level 0
[MulNode] INFO: Level 0
[MulNode] INFO: Level 0
[MulNode] INFO: Level 0
[MulNode] INFO: Level 0
[MulNode] INFO: Level 0
[MulNode] INFO: Level 0
[MulNode] INFO: Level 0
[MulNode] INFO: Level 0
[MulNode] INFO: Level 0
[MulNode] INFO: Level 0
[MulNode] INFO: Level 0
[MulNode] INFO: Level 0
[MulNode] INFO: Level 0
[MulNode] INFO: Level 0
[MulNode] INFO: Level 0
[MulNode] INFO: Level 0
[MulNode] INFO: Level 0
[MulNode] INFO: Level 0
[MulNode] INFO: Level 0
[MulNode] INFO: Level 0
[MulNode] INFO: Level 0
[MulNode] INFO: Level 0
[MulNode] INFO: Level 0
[MulNode] INFO: Level 0
[MulNode] INFO: Level 0
[MulNode] INFO: Level 0
[MulNode] INFO: Level 0
[MulNode] INFO: Level 0
[MulNode] INFO: Level 0
[MulNode] INFO: Level 0
[MulNode] INFO: Level 0
[MulNode] INFO: Level 0
[MulNode] INFO: Level 0
[MulNode] INFO: Level 0
[MulNode] INFO: Level 0
[MulNode] INFO: Level 0
[MulNode] INFO: Level 0
[MulNode] INFO: Level 0
[MulNode] INFO: Level 0
[MulNode] INFO: Level 0
[MulNode] INFO: Level 0
[MulNode] INFO: Level 0
[MulNode] INFO: Level 0
[MulNode] INFO: Level 0
[MulNode] INFO: Level 0
[MulNode] INFO: Level 0
[Ablector] INFO: ABLECTOR TIME: 1.029707
[Ablector] INFO: SAT TIME: 1.015065
[Ablector] INFO: REF TIME: 0.511501
[runlim] end:			Mon May 11 10:57:46 2020
[runlim] status:		ok
[runlim] result:		0
[runlim] children:		1
[runlim] real:			2.69 seconds
[runlim] time:			2.60 seconds
[runlim] space:			93.5 MB
[runlim] samples:		21
[runlim] version:		1.10
[runlim] time limit:		311040000 seconds
[runlim] real time limit:	1200 seconds
[runlim] space limit:		15000 MB
[runlim] argv[0]:		python3
[runlim] argv[1]:		/raid/steuber/Software/ablector/ablector
[runlim] argv[2]:		/raid/steuber/Benchmarks/2019/QF_BV/sage/app2/bench_903.smt2
[runlim] argv[3]:		--ufReuse=1
[runlim] start:			Mon May 11 10:57:47 2020
[runlim] main pid:		22850
[Ablector] INFO: ABLECTOR TIME: 0.003632
[runlim] end:			Mon May 11 10:57:47 2020
[runlim] status:		ok
[runlim] result:		0
[runlim] children:		1
[runlim] real:			0.52 seconds
[runlim] time:			1.00 seconds
[runlim] space:			41.6 MB
[runlim] samples:		4
[runlim] version:		1.10
[runlim] time limit:		311040000 seconds
[runlim] real time limit:	1200 seconds
[runlim] space limit:		15000 MB
[runlim] argv[0]:		python3
[runlim] argv[1]:		/raid/steuber/Software/ablector/ablector
[runlim] argv[2]:		/raid/steuber/Benchmarks/2019/QF_BV/Sage2/bench_2635.smt2
[runlim] argv[3]:		--ufReuse=1
[runlim] start:			Mon May 11 10:57:47 2020
[runlim] main pid:		22881
[Ablector] INFO: *** ROUND 0
[MulNode] INFO: Level 0
[MulNode] INFO: Level 0
[MulNode] INFO: Level 0
[MulNode] INFO: Level 0
[MulNode] INFO: Level 0
[MulNode] INFO: Level 0
[MulNode] INFO: Level 0
[MulNode] INFO: Level 0
[MulNode] INFO: Level 0
[MulNode] INFO: Level 0
[MulNode] INFO: Level 0
[MulNode] INFO: Level 0
[MulNode] INFO: Level 0
[MulNode] INFO: Level 0
[MulNode] INFO: Level 0
[MulNode] INFO: Level 0
[MulNode] INFO: Level 0
[MulNode] INFO: Level 0
[MulNode] INFO: Level 0
[MulNode] INFO: Level 0
[MulNode] INFO: Level 0
[MulNode] INFO: Level 0
[MulNode] INFO: Level 0
[MulNode] INFO: Level 0
[MulNode] INFO: Level 0
[MulNode] INFO: Level 0
[MulNode] INFO: Level 0
[MulNode] INFO: Level 0
[MulNode] INFO: Level 0
[Ablector] INFO: ABLECTOR TIME: 3.267069
[Ablector] INFO: SAT TIME: 3.241857
[Ablector] INFO: REF TIME: 0.267293
[runlim] end:			Mon May 11 10:57:54 2020
[runlim] status:		ok
[runlim] result:		0
[runlim] children:		1
[runlim] real:			7.16 seconds
[runlim] time:			6.42 seconds
[runlim] space:			376.1 MB
[runlim] samples:		62
[runlim] version:		1.10
[runlim] time limit:		311040000 seconds
[runlim] real time limit:	1200 seconds
[runlim] space limit:		15000 MB
[runlim] argv[0]:		python3
[runlim] argv[1]:		/raid/steuber/Software/ablector/ablector
[runlim] argv[2]:		/raid/steuber/Benchmarks/2019/QF_BV/sage/app7/bench_5167.smt2
[runlim] argv[3]:		--ufReuse=1
[runlim] start:			Mon May 11 10:57:54 2020
[runlim] main pid:		22951
[Ablector] INFO: ABLECTOR TIME: 0.003799
[runlim] end:			Mon May 11 10:57:55 2020
[runlim] status:		ok
[runlim] result:		0
[runlim] children:		0
[runlim] real:			1.05 seconds
[runlim] time:			1.00 seconds
[runlim] space:			38.1 MB
[runlim] samples:		5
[runlim] version:		1.10
[runlim] time limit:		311040000 seconds
[runlim] real time limit:	1200 seconds
[runlim] space limit:		15000 MB
[runlim] argv[0]:		python3
[runlim] argv[1]:		/raid/steuber/Software/ablector/ablector
[runlim] argv[2]:		/raid/steuber/Benchmarks/2019/QF_BV/sage/app1/bench_83.smt2
[runlim] argv[3]:		--ufReuse=1
[runlim] start:			Mon May 11 10:57:55 2020
[runlim] main pid:		22971
[Ablector] INFO: *** ROUND 0
[SdivNode] INFO: Level 0
[SdivNode] INFO: Level 0
[SdivNode] INFO: Level 0
[SdivNode] INFO: Level 0
[SdivNode] INFO: Level 0
[SdivNode] INFO: Level 0
[SdivNode] INFO: Level 0
[SdivNode] INFO: Level 0
[SdivNode] INFO: Level 0
[SdivNode] INFO: Level 0
[SdivNode] INFO: Level 0
[SdivNode] INFO: Level 0
[SdivNode] INFO: Level 0
[SdivNode] INFO: Level 0
[SdivNode] INFO: Level 0
[SdivNode] INFO: Level 0
[SdivNode] INFO: Level 0
[SdivNode] INFO: Level 0
[SdivNode] INFO: Level 0
[SdivNode] INFO: Level 0
[SdivNode] INFO: Level 0
[SdivNode] INFO: Level 0
[SdivNode] INFO: Level 0
[SdivNode] INFO: Level 0
[SdivNode] INFO: Level 0
[SdivNode] INFO: Level 0
[SdivNode] INFO: Level 0
[SdivNode] INFO: Level 0
[SdivNode] INFO: Level 0
[SdivNode] INFO: Level 0
[Ablector] INFO: ABLECTOR TIME: 0.212746
[Ablector] INFO: SAT TIME: 0.204839
[Ablector] INFO: REF TIME: 0.040066
[runlim] end:			Mon May 11 10:57:56 2020
[runlim] status:		ok
[runlim] result:		0
[runlim] children:		1
[runlim] real:			1.13 seconds
[runlim] time:			1.27 seconds
[runlim] space:			54.6 MB
[runlim] samples:		7
[runlim] version:		1.10
[runlim] time limit:		311040000 seconds
[runlim] real time limit:	1200 seconds
[runlim] space limit:		15000 MB
[runlim] argv[0]:		python3
[runlim] argv[1]:		/raid/steuber/Software/ablector/ablector
[runlim] argv[2]:		/raid/steuber/Benchmarks/2019/QF_BV/sage/app11/bench_343.smt2
[runlim] argv[3]:		--ufReuse=1
[runlim] start:			Mon May 11 10:57:56 2020
[runlim] main pid:		22991
[Ablector] INFO: ABLECTOR TIME: 0.004011
[runlim] end:			Mon May 11 10:57:57 2020
[runlim] status:		ok
[runlim] result:		0
[runlim] children:		5
[runlim] real:			1.44 seconds
[runlim] time:			1.34 seconds
[runlim] space:			67.1 MB
[runlim] samples:		9
[runlim] version:		1.10
[runlim] time limit:		311040000 seconds
[runlim] real time limit:	1200 seconds
[runlim] space limit:		15000 MB
[runlim] argv[0]:		python3
[runlim] argv[1]:		/raid/steuber/Software/ablector/ablector
[runlim] argv[2]:		/raid/steuber/Benchmarks/2019/QF_BV/Sage2/bench_15305.smt2
[runlim] argv[3]:		--ufReuse=1
[runlim] start:			Mon May 11 10:57:57 2020
[runlim] main pid:		23011
[Ablector] INFO: *** ROUND 0
[MulNode] INFO: Level 0
[Ablector] INFO: ABLECTOR TIME: 0.348377
[Ablector] INFO: SAT TIME: 0.343432
[Ablector] INFO: REF TIME: 0.010772
[runlim] end:			Mon May 11 10:57:58 2020
[runlim] status:		ok
[runlim] result:		0
[runlim] children:		0
[runlim] real:			1.70 seconds
[runlim] time:			1.47 seconds
[runlim] space:			44.2 MB
[runlim] samples:		9
[runlim] version:		1.10
[runlim] time limit:		311040000 seconds
[runlim] real time limit:	1200 seconds
[runlim] space limit:		15000 MB
[runlim] argv[0]:		python3
[runlim] argv[1]:		/raid/steuber/Software/ablector/ablector
[runlim] argv[2]:		/raid/steuber/Benchmarks/2019/QF_BV/Sage2/bench_6118.smt2
[runlim] argv[3]:		--ufReuse=1
[runlim] start:			Mon May 11 10:57:59 2020
[runlim] main pid:		23031
[Ablector] INFO: *** ROUND 0
[MulNode] INFO: Level 0
[MulNode] INFO: Level 0
[MulNode] INFO: Level 0
[MulNode] INFO: Level 0
[MulNode] INFO: Level 0
[MulNode] INFO: Level 0
[MulNode] INFO: Level 0
[MulNode] INFO: Level 0
[MulNode] INFO: Level 0
[MulNode] INFO: Level 0
[MulNode] INFO: Level 0
[MulNode] INFO: Level 0
[MulNode] INFO: Level 0
[MulNode] INFO: Level 0
[MulNode] INFO: Level 0
[MulNode] INFO: Level 0
[MulNode] INFO: Level 0
[MulNode] INFO: Level 0
[MulNode] INFO: Level 0
[MulNode] INFO: Level 0
[MulNode] INFO: Level 0
[MulNode] INFO: Level 0
[MulNode] INFO: Level 0
[MulNode] INFO: Level 0
[MulNode] INFO: Level 0
[MulNode] INFO: Level 0
[MulNode] INFO: Level 0
[MulNode] INFO: Level 0
[Ablector] INFO: ABLECTOR TIME: 7.568841
[Ablector] INFO: SAT TIME: 7.558789
[Ablector] INFO: REF TIME: 0.267711
[runlim] end:			Mon May 11 10:58:07 2020
[runlim] status:		ok
[runlim] result:		0
[runlim] children:		0
[runlim] real:			8.52 seconds
[runlim] time:			8.94 seconds
[runlim] space:			84.6 MB
[runlim] samples:		84
[runlim] version:		1.10
[runlim] time limit:		311040000 seconds
[runlim] real time limit:	1200 seconds
[runlim] space limit:		15000 MB
[runlim] argv[0]:		python3
[runlim] argv[1]:		/raid/steuber/Software/ablector/ablector
[runlim] argv[2]:		/raid/steuber/Benchmarks/2019/QF_BV/Sage2/bench_12563.smt2
[runlim] argv[3]:		--ufReuse=1
[runlim] start:			Mon May 11 10:58:07 2020
[runlim] main pid:		23051
[Ablector] INFO: *** ROUND 0
[MulNode] INFO: Level 0
[MulNode] INFO: Level 0
[MulNode] INFO: Level 0
[MulNode] INFO: Level 0
[MulNode] INFO: Level 0
[MulNode] INFO: Level 0
[MulNode] INFO: Level 0
[Ablector] INFO: ABLECTOR TIME: 0.200733
[Ablector] INFO: SAT TIME: 0.195023
[Ablector] INFO: REF TIME: 0.069371
[runlim] end:			Mon May 11 10:58:08 2020
[runlim] status:		ok
[runlim] result:		0
[runlim] children:		0
[runlim] real:			1.57 seconds
[runlim] time:			1.26 seconds
[runlim] space:			45.2 MB
[runlim] samples:		7
[runlim] version:		1.10
[runlim] time limit:		311040000 seconds
[runlim] real time limit:	1200 seconds
[runlim] space limit:		15000 MB
[runlim] argv[0]:		python3
[runlim] argv[1]:		/raid/steuber/Software/ablector/ablector
[runlim] argv[2]:		/raid/steuber/Benchmarks/2019/QF_BV/sage/app7/bench_6425.smt2
[runlim] argv[3]:		--ufReuse=1
[runlim] start:			Mon May 11 10:58:08 2020
[runlim] main pid:		23071
[Ablector] INFO: ABLECTOR TIME: 0.003599
[runlim] end:			Mon May 11 10:58:09 2020
[runlim] status:		ok
[runlim] result:		0
[runlim] children:		0
[runlim] real:			1.35 seconds
[runlim] time:			0.96 seconds
[runlim] space:			37.8 MB
[runlim] samples:		4
[runlim] version:		1.10
[runlim] time limit:		311040000 seconds
[runlim] real time limit:	1200 seconds
[runlim] space limit:		15000 MB
[runlim] argv[0]:		python3
[runlim] argv[1]:		/raid/steuber/Software/ablector/ablector
[runlim] argv[2]:		/raid/steuber/Benchmarks/2019/QF_BV/20190311-bv-term-small-rw-Noetzli/bv-term-small-rw_1029.smt2
[runlim] argv[3]:		--ufReuse=1
[runlim] start:			Mon May 11 10:58:09 2020
[runlim] main pid:		23093
[Ablector] INFO: ABLECTOR TIME: 0.003668
[runlim] end:			Mon May 11 10:58:10 2020
[runlim] status:		ok
[runlim] result:		0
[runlim] children:		0
[runlim] real:			1.16 seconds
[runlim] time:			0.98 seconds
[runlim] space:			37.5 MB
[runlim] samples:		4
[runlim] version:		1.10
[runlim] time limit:		311040000 seconds
[runlim] real time limit:	1200 seconds
[runlim] space limit:		15000 MB
[runlim] argv[0]:		python3
[runlim] argv[1]:		/raid/steuber/Software/ablector/ablector
[runlim] argv[2]:		/raid/steuber/Benchmarks/2019/QF_BV/Sage2/bench_6260.smt2
[runlim] argv[3]:		--ufReuse=1
[runlim] start:			Mon May 11 10:58:10 2020
[runlim] main pid:		23114
[Ablector] INFO: *** ROUND 0
[runlim] sample:		10.6 time, 10.5 real, 57.1 MB
[runlim] sample:		20.6 time, 20.5 real, 61.4 MB
[runlim] sample:		30.6 time, 30.5 real, 66.9 MB
[runlim] sample:		40.6 time, 40.5 real, 67.4 MB
[runlim] sample:		50.6 time, 50.5 real, 71.2 MB
[runlim] sample:		60.6 time, 60.5 real, 74.9 MB
[runlim] sample:		70.6 time, 70.5 real, 75.6 MB
[runlim] sample:		80.6 time, 80.5 real, 79.0 MB
[runlim] sample:		90.6 time, 90.5 real, 79.5 MB
[runlim] sample:		100.6 time, 100.5 real, 80.0 MB
[runlim] sample:		110.5 time, 110.5 real, 80.0 MB
[runlim] sample:		120.5 time, 120.5 real, 80.3 MB
[runlim] sample:		130.6 time, 130.5 real, 80.5 MB
[runlim] sample:		140.6 time, 140.5 real, 87.2 MB
[runlim] sample:		150.6 time, 150.5 real, 88.0 MB
[runlim] sample:		160.6 time, 160.5 real, 88.5 MB
[runlim] sample:		170.6 time, 170.5 real, 88.5 MB
[runlim] sample:		180.6 time, 180.5 real, 89.0 MB
[runlim] sample:		190.6 time, 190.5 real, 78.8 MB
[runlim] sample:		200.6 time, 200.5 real, 93.7 MB
[MulNode] INFO: Level 0
[MulNode] INFO: Level 0
[MulNode] INFO: Level 0
[MulNode] INFO: Level 0
[MulNode] INFO: Level 0
[MulNode] INFO: Level 0
[MulNode] INFO: Level 0
[MulNode] INFO: Level 0
[MulNode] INFO: Level 0
[MulNode] INFO: Level 0
[MulNode] INFO: Level 0
[MulNode] INFO: Level 0
[MulNode] INFO: Level 0
[MulNode] INFO: Level 0
[MulNode] INFO: Level 0
[MulNode] INFO: Level 0
[MulNode] INFO: Level 0
[Ablector] INFO: ABLECTOR TIME: 201.932242
[Ablector] INFO: SAT TIME: 201.924620
[Ablector] INFO: REF TIME: 0.163158
[runlim] end:			Mon May 11 11:01:32 2020
[runlim] status:		ok
[runlim] result:		0
[runlim] children:		0
[runlim] real:			202.95 seconds
[runlim] time:			202.95 seconds
[runlim] space:			100.9 MB
[runlim] samples:		2024
[runlim] version:		1.10
[runlim] time limit:		311040000 seconds
[runlim] real time limit:	1200 seconds
[runlim] space limit:		15000 MB
[runlim] argv[0]:		python3
[runlim] argv[1]:		/raid/steuber/Software/ablector/ablector
[runlim] argv[2]:		/raid/steuber/Benchmarks/2019/QF_BV/Sage2/bench_15724.smt2
[runlim] argv[3]:		--ufReuse=1
[runlim] start:			Mon May 11 11:01:33 2020
[runlim] main pid:		23169
[Ablector] INFO: *** ROUND 0
[MulNode] INFO: Level 0
[Ablector] INFO: ABLECTOR TIME: 0.311894
[Ablector] INFO: SAT TIME: 0.306806
[Ablector] INFO: REF TIME: 0.010893
[runlim] end:			Mon May 11 11:01:34 2020
[runlim] status:		ok
[runlim] result:		0
[runlim] children:		0
[runlim] real:			1.54 seconds
[runlim] time:			1.32 seconds
[runlim] space:			44.6 MB
[runlim] samples:		10
[runlim] version:		1.10
[runlim] time limit:		311040000 seconds
[runlim] real time limit:	1200 seconds
[runlim] space limit:		15000 MB
[runlim] argv[0]:		python3
[runlim] argv[1]:		/raid/steuber/Software/ablector/ablector
[runlim] argv[2]:		/raid/steuber/Benchmarks/2019/QF_BV/sage/app7/bench_3430.smt2
[runlim] argv[3]:		--ufReuse=1
[runlim] start:			Mon May 11 11:01:34 2020
[runlim] main pid:		23189
[Ablector] INFO: ABLECTOR TIME: 0.003826
[runlim] end:			Mon May 11 11:01:35 2020
[runlim] status:		ok
[runlim] result:		0
[runlim] children:		2
[runlim] real:			1.59 seconds
[runlim] time:			1.13 seconds
[runlim] space:			49.4 MB
[runlim] samples:		6
[runlim] version:		1.10
[runlim] time limit:		311040000 seconds
[runlim] real time limit:	1200 seconds
[runlim] space limit:		15000 MB
[runlim] argv[0]:		python3
[runlim] argv[1]:		/raid/steuber/Software/ablector/ablector
[runlim] argv[2]:		/raid/steuber/Benchmarks/2019/QF_BV/Sage2/bench_7625.smt2
[runlim] argv[3]:		--ufReuse=1
[runlim] start:			Mon May 11 11:01:35 2020
[runlim] main pid:		23209
[Ablector] INFO: *** ROUND 0
[MulNode] INFO: Level 0
[Ablector] INFO: ABLECTOR TIME: 0.576726
[Ablector] INFO: SAT TIME: 0.571557
[Ablector] INFO: REF TIME: 0.010710
[runlim] end:			Mon May 11 11:01:37 2020
[runlim] status:		ok
[runlim] result:		0
[runlim] children:		0
[runlim] real:			2.09 seconds
[runlim] time:			1.66 seconds
[runlim] space:			47.6 MB
[runlim] samples:		11
[runlim] version:		1.10
[runlim] time limit:		311040000 seconds
[runlim] real time limit:	1200 seconds
[runlim] space limit:		15000 MB
[runlim] argv[0]:		python3
[runlim] argv[1]:		/raid/steuber/Software/ablector/ablector
[runlim] argv[2]:		/raid/steuber/Benchmarks/2019/QF_BV/sage/app7/bench_5555.smt2
[runlim] argv[3]:		--ufReuse=1
[runlim] start:			Mon May 11 11:01:37 2020
[runlim] main pid:		23229
[Ablector] INFO: ABLECTOR TIME: 0.003798
[runlim] end:			Mon May 11 11:01:37 2020
[runlim] status:		ok
[runlim] result:		0
[runlim] children:		0
[runlim] real:			0.90 seconds
[runlim] time:			0.94 seconds
[runlim] space:			38.0 MB
[runlim] samples:		4
[runlim] version:		1.10
[runlim] time limit:		311040000 seconds
[runlim] real time limit:	1200 seconds
[runlim] space limit:		15000 MB
[runlim] argv[0]:		python3
[runlim] argv[1]:		/raid/steuber/Software/ablector/ablector
[runlim] argv[2]:		/raid/steuber/Benchmarks/2019/QF_BV/sage/app2/bench_1299.smt2
[runlim] argv[3]:		--ufReuse=1
[runlim] start:			Mon May 11 11:01:38 2020
[runlim] main pid:		23249
[Ablector] INFO: ABLECTOR TIME: 0.003778
[runlim] end:			Mon May 11 11:01:38 2020
[runlim] status:		ok
[runlim] result:		0
[runlim] children:		1
[runlim] real:			0.72 seconds
[runlim] time:			0.96 seconds
[runlim] space:			39.3 MB
[runlim] samples:		4
[runlim] version:		1.10
[runlim] time limit:		311040000 seconds
[runlim] real time limit:	1200 seconds
[runlim] space limit:		15000 MB
[runlim] argv[0]:		python3
[runlim] argv[1]:		/raid/steuber/Software/ablector/ablector
[runlim] argv[2]:		/raid/steuber/Benchmarks/2019/QF_BV/sage/app7/bench_7225.smt2
[runlim] argv[3]:		--ufReuse=1
[runlim] start:			Mon May 11 11:01:39 2020
[runlim] main pid:		23269
[Ablector] INFO: ABLECTOR TIME: 0.003770
[runlim] end:			Mon May 11 11:01:40 2020
[runlim] status:		ok
[runlim] result:		0
[runlim] children:		13
[runlim] real:			1.93 seconds
[runlim] time:			2.24 seconds
[runlim] space:			83.9 MB
[runlim] samples:		18
[runlim] version:		1.10
[runlim] time limit:		311040000 seconds
[runlim] real time limit:	1200 seconds
[runlim] space limit:		15000 MB
[runlim] argv[0]:		python3
[runlim] argv[1]:		/raid/steuber/Software/ablector/ablector
[runlim] argv[2]:		/raid/steuber/Benchmarks/2019/QF_BV/Sage2/bench_12044.smt2
[runlim] argv[3]:		--ufReuse=1
[runlim] start:			Mon May 11 11:01:41 2020
[runlim] main pid:		23289
[Ablector] INFO: *** ROUND 0
[MulNode] INFO: Level 0
[Ablector] INFO: ABLECTOR TIME: 0.172946
[Ablector] INFO: SAT TIME: 0.168175
[Ablector] INFO: REF TIME: 0.011058
[runlim] end:			Mon May 11 11:01:41 2020
[runlim] status:		ok
[runlim] result:		0
[runlim] children:		0
[runlim] real:			0.91 seconds
[runlim] time:			1.17 seconds
[runlim] space:			42.7 MB
[runlim] samples:		6
[runlim] version:		1.10
[runlim] time limit:		311040000 seconds
[runlim] real time limit:	1200 seconds
[runlim] space limit:		15000 MB
[runlim] argv[0]:		python3
[runlim] argv[1]:		/raid/steuber/Software/ablector/ablector
[runlim] argv[2]:		/raid/steuber/Benchmarks/2019/QF_BV/sage/app11/bench_540.smt2
[runlim] argv[3]:		--ufReuse=1
[runlim] start:			Mon May 11 11:01:42 2020
[runlim] main pid:		23309
[Ablector] INFO: ABLECTOR TIME: 0.003832
[runlim] end:			Mon May 11 11:01:43 2020
[runlim] status:		ok
[runlim] result:		0
[runlim] children:		5
[runlim] real:			1.17 seconds
[runlim] time:			1.35 seconds
[runlim] space:			67.9 MB
[runlim] samples:		9
[runlim] version:		1.10
[runlim] time limit:		311040000 seconds
[runlim] real time limit:	1200 seconds
[runlim] space limit:		15000 MB
[runlim] argv[0]:		python3
[runlim] argv[1]:		/raid/steuber/Software/ablector/ablector
[runlim] argv[2]:		/raid/steuber/Benchmarks/2019/QF_BV/sage/app7/bench_4211.smt2
[runlim] argv[3]:		--ufReuse=1
[runlim] start:			Mon May 11 11:01:43 2020
[runlim] main pid:		23329
[Ablector] INFO: ABLECTOR TIME: 0.003996
[runlim] end:			Mon May 11 11:01:44 2020
[runlim] status:		ok
[runlim] result:		0
[runlim] children:		2
[runlim] real:			1.11 seconds
[runlim] time:			1.05 seconds
[runlim] space:			46.4 MB
[runlim] samples:		5
[runlim] version:		1.10
[runlim] time limit:		311040000 seconds
[runlim] real time limit:	1200 seconds
[runlim] space limit:		15000 MB
[runlim] argv[0]:		python3
[runlim] argv[1]:		/raid/steuber/Software/ablector/ablector
[runlim] argv[2]:		/raid/steuber/Benchmarks/2019/QF_BV/sage/app7/bench_714.smt2
[runlim] argv[3]:		--ufReuse=1
[runlim] start:			Mon May 11 11:01:44 2020
[runlim] main pid:		23349
[Ablector] INFO: ABLECTOR TIME: 0.004112
[runlim] end:			Mon May 11 11:01:46 2020
[runlim] status:		ok
[runlim] result:		0
[runlim] children:		18
[runlim] real:			2.70 seconds
[runlim] time:			2.65 seconds
[runlim] space:			98.1 MB
[runlim] samples:		22
[runlim] version:		1.10
[runlim] time limit:		311040000 seconds
[runlim] real time limit:	1200 seconds
[runlim] space limit:		15000 MB
[runlim] argv[0]:		python3
[runlim] argv[1]:		/raid/steuber/Software/ablector/ablector
[runlim] argv[2]:		/raid/steuber/Benchmarks/2019/QF_BV/20190311-bv-term-small-rw-Noetzli/bv-term-small-rw_965.smt2
[runlim] argv[3]:		--ufReuse=1
[runlim] start:			Mon May 11 11:01:47 2020
[runlim] main pid:		23370
[Ablector] INFO: ABLECTOR TIME: 0.003749
[runlim] end:			Mon May 11 11:01:47 2020
[runlim] status:		ok
[runlim] result:		0
[runlim] children:		0
[runlim] real:			0.52 seconds
[runlim] time:			0.98 seconds
[runlim] space:			37.6 MB
[runlim] samples:		4
[runlim] version:		1.10
[runlim] time limit:		311040000 seconds
[runlim] real time limit:	1200 seconds
[runlim] space limit:		15000 MB
[runlim] argv[0]:		python3
[runlim] argv[1]:		/raid/steuber/Software/ablector/ablector
[runlim] argv[2]:		/raid/steuber/Benchmarks/2019/QF_BV/Sage2/bench_8272.smt2
[runlim] argv[3]:		--ufReuse=1
[runlim] start:			Mon May 11 11:01:47 2020
[runlim] main pid:		23390
[Ablector] INFO: *** ROUND 0
[runlim] sample:		10.5 time, 10.9 real, 80.5 MB
[runlim] sample:		20.5 time, 20.9 real, 83.5 MB
[runlim] sample:		30.5 time, 30.9 real, 92.7 MB
[runlim] sample:		40.5 time, 40.9 real, 92.3 MB
[runlim] sample:		50.5 time, 50.9 real, 92.8 MB
[runlim] sample:		60.5 time, 60.9 real, 93.3 MB
[runlim] sample:		70.5 time, 70.9 real, 93.4 MB
[runlim] sample:		80.5 time, 80.9 real, 97.5 MB
[MulNode] INFO: Level 0
[MulNode] INFO: Level 0
[MulNode] INFO: Level 0
[MulNode] INFO: Level 0
[MulNode] INFO: Level 0
[MulNode] INFO: Level 0
[MulNode] INFO: Level 0
[MulNode] INFO: Level 0
[MulNode] INFO: Level 0
[MulNode] INFO: Level 0
[MulNode] INFO: Level 0
[MulNode] INFO: Level 0
[MulNode] INFO: Level 0
[MulNode] INFO: Level 0
[MulNode] INFO: Level 0
[MulNode] INFO: Level 0
[MulNode] INFO: Level 0
[MulNode] INFO: Level 0
[MulNode] INFO: Level 0
[MulNode] INFO: Level 0
[MulNode] INFO: Level 0
[MulNode] INFO: Level 0
[MulNode] INFO: Level 0
[MulNode] INFO: Level 0
[MulNode] INFO: Level 0
[MulNode] INFO: Level 0
[MulNode] INFO: Level 0
[MulNode] INFO: Level 0
[MulNode] INFO: Level 0
[MulNode] INFO: Level 0
[MulNode] INFO: Level 0
[MulNode] INFO: Level 0
[MulNode] INFO: Level 0
[MulNode] INFO: Level 0
[MulNode] INFO: Level 0
[MulNode] INFO: Level 0
[MulNode] INFO: Level 0
[MulNode] INFO: Level 0
[MulNode] INFO: Level 0
[MulNode] INFO: Level 0
[MulNode] INFO: Level 0
[MulNode] INFO: Level 0
[MulNode] INFO: Level 0
[Ablector] INFO: ABLECTOR TIME: 79.645785
[Ablector] INFO: SAT TIME: 79.633528
[Ablector] INFO: REF TIME: 0.387613
[runlim] end:			Mon May 11 11:03:08 2020
[runlim] status:		ok
[runlim] result:		0
[runlim] children:		0
[runlim] real:			81.20 seconds
[runlim] time:			80.84 seconds
[runlim] space:			108.9 MB
[runlim] samples:		803
[runlim] version:		1.10
[runlim] time limit:		311040000 seconds
[runlim] real time limit:	1200 seconds
[runlim] space limit:		15000 MB
[runlim] argv[0]:		python3
[runlim] argv[1]:		/raid/steuber/Software/ablector/ablector
[runlim] argv[2]:		/raid/steuber/Benchmarks/2019/QF_BV/brummayerbiere2/smulov2bw112.smt2
[runlim] argv[3]:		--ufReuse=1
[runlim] start:			Mon May 11 11:03:08 2020
[runlim] main pid:		23424
[Ablector] INFO: *** ROUND 0
[Ablector] INFO: *** ROUND 1
[Ablector] INFO: *** ROUND 2
[runlim] sample:		10.4 time, 10.6 real, 222.7 MB
[MulNode] INFO: Level 2
[MulNode] INFO: Level 2
[Ablector] INFO: ABLECTOR TIME: 10.586788
[Ablector] INFO: SAT TIME: 10.580509
[Ablector] INFO: REF TIME: 0.255742
[runlim] end:			Mon May 11 11:03:20 2020
[runlim] status:		ok
[runlim] result:		0
[runlim] children:		0
[runlim] real:			12.08 seconds
[runlim] time:			11.83 seconds
[runlim] space:			222.8 MB
[runlim] samples:		114
[runlim] version:		1.10
[runlim] time limit:		311040000 seconds
[runlim] real time limit:	1200 seconds
[runlim] space limit:		15000 MB
[runlim] argv[0]:		python3
[runlim] argv[1]:		/raid/steuber/Software/ablector/ablector
[runlim] argv[2]:		/raid/steuber/Benchmarks/2019/QF_BV/sage/app1/bench_361.smt2
[runlim] argv[3]:		--ufReuse=1
[runlim] start:			Mon May 11 11:03:20 2020
[runlim] main pid:		23448
[Ablector] INFO: ABLECTOR TIME: 0.003760
[runlim] end:			Mon May 11 11:03:20 2020
[runlim] status:		ok
[runlim] result:		0
[runlim] children:		0
[runlim] real:			0.97 seconds
[runlim] time:			1.01 seconds
[runlim] space:			37.6 MB
[runlim] samples:		5
[runlim] version:		1.10
[runlim] time limit:		311040000 seconds
[runlim] real time limit:	1200 seconds
[runlim] space limit:		15000 MB
[runlim] argv[0]:		python3
[runlim] argv[1]:		/raid/steuber/Software/ablector/ablector
[runlim] argv[2]:		/raid/steuber/Benchmarks/2019/QF_BV/sage/app12/bench_4730.smt2
[runlim] argv[3]:		--ufReuse=1
[runlim] start:			Mon May 11 11:03:21 2020
[runlim] main pid:		23468
[Ablector] INFO: *** ROUND 0
[Ablector] INFO: *** ROUND 1
[MulNode] INFO: Level 1
[MulNode] INFO: Level 1
[MulNode] INFO: Level 1
[Ablector] INFO: ABLECTOR TIME: 0.318059
[Ablector] INFO: SAT TIME: 0.313132
[Ablector] INFO: REF TIME: 0.071445
[runlim] end:			Mon May 11 11:03:22 2020
[runlim] status:		segmentation fault
[runlim] result:		4
[runlim] children:		1
[runlim] real:			1.37 seconds
[runlim] time:			1.34 seconds
[runlim] space:			43.4 MB
[runlim] samples:		10
[runlim] version:		1.10
[runlim] time limit:		311040000 seconds
[runlim] real time limit:	1200 seconds
[runlim] space limit:		15000 MB
[runlim] argv[0]:		python3
[runlim] argv[1]:		/raid/steuber/Software/ablector/ablector
[runlim] argv[2]:		/raid/steuber/Benchmarks/2019/QF_BV/Sage2/bench_5623.smt2
[runlim] argv[3]:		--ufReuse=1
[runlim] start:			Mon May 11 11:03:22 2020
[runlim] main pid:		23488
[Ablector] INFO: *** ROUND 0
[MulNode] INFO: Level 0
[Ablector] INFO: ABLECTOR TIME: 0.138814
[Ablector] INFO: SAT TIME: 0.134096
[Ablector] INFO: REF TIME: 0.010641
[runlim] end:			Mon May 11 11:03:23 2020
[runlim] status:		ok
[runlim] result:		0
[runlim] children:		0
[runlim] real:			1.32 seconds
[runlim] time:			1.07 seconds
[runlim] space:			41.5 MB
[runlim] samples:		5
[runlim] version:		1.10
[runlim] time limit:		311040000 seconds
[runlim] real time limit:	1200 seconds
[runlim] space limit:		15000 MB
[runlim] argv[0]:		python3
[runlim] argv[1]:		/raid/steuber/Software/ablector/ablector
[runlim] argv[2]:		/raid/steuber/Benchmarks/2019/QF_BV/sage/app1/bench_1969.smt2
[runlim] argv[3]:		--ufReuse=1
[runlim] start:			Mon May 11 11:03:23 2020
[runlim] main pid:		23508
[Ablector] INFO: ABLECTOR TIME: 0.003666
[runlim] end:			Mon May 11 11:03:24 2020
[runlim] status:		ok
[runlim] result:		0
[runlim] children:		0
[runlim] real:			1.18 seconds
[runlim] time:			0.97 seconds
[runlim] space:			37.8 MB
[runlim] samples:		5
[runlim] version:		1.10
[runlim] time limit:		311040000 seconds
[runlim] real time limit:	1200 seconds
[runlim] space limit:		15000 MB
[runlim] argv[0]:		python3
[runlim] argv[1]:		/raid/steuber/Software/ablector/ablector
[runlim] argv[2]:		/raid/steuber/Benchmarks/2019/QF_BV/Sage2/bench_11425.smt2
[runlim] argv[3]:		--ufReuse=1
[runlim] start:			Mon May 11 11:03:24 2020
[runlim] main pid:		23528
[Ablector] INFO: *** ROUND 0
[MulNode] INFO: Level 0
[Ablector] INFO: ABLECTOR TIME: 0.270031
[Ablector] INFO: SAT TIME: 0.265143
[Ablector] INFO: REF TIME: 0.010803
[runlim] end:			Mon May 11 11:03:25 2020
[runlim] status:		ok
[runlim] result:		0
[runlim] children:		0
[runlim] real:			1.35 seconds
[runlim] time:			1.36 seconds
[runlim] space:			43.7 MB
[runlim] samples:		8
[runlim] version:		1.10
[runlim] time limit:		311040000 seconds
[runlim] real time limit:	1200 seconds
[runlim] space limit:		15000 MB
[runlim] argv[0]:		python3
[runlim] argv[1]:		/raid/steuber/Software/ablector/ablector
[runlim] argv[2]:		/raid/steuber/Benchmarks/2019/QF_BV/sage/app7/bench_3383.smt2
[runlim] argv[3]:		--ufReuse=1
[runlim] start:			Mon May 11 11:03:25 2020
[runlim] main pid:		23548
[Ablector] INFO: ABLECTOR TIME: 0.003885
[runlim] end:			Mon May 11 11:03:26 2020
[runlim] status:		ok
[runlim] result:		0
[runlim] children:		2
[runlim] real:			1.34 seconds
[runlim] time:			1.01 seconds
[runlim] space:			46.6 MB
[runlim] samples:		6
[runlim] version:		1.10
[runlim] time limit:		311040000 seconds
[runlim] real time limit:	1200 seconds
[runlim] space limit:		15000 MB
[runlim] argv[0]:		python3
[runlim] argv[1]:		/raid/steuber/Software/ablector/ablector
[runlim] argv[2]:		/raid/steuber/Benchmarks/2019/QF_BV/sage/app7/bench_2309.smt2
[runlim] argv[3]:		--ufReuse=1
[runlim] start:			Mon May 11 11:03:26 2020
[runlim] main pid:		23568
[Ablector] INFO: ABLECTOR TIME: 0.003945
[runlim] end:			Mon May 11 11:03:27 2020
[runlim] status:		ok
[runlim] result:		0
[runlim] children:		3
[runlim] real:			1.39 seconds
[runlim] time:			1.15 seconds
[runlim] space:			51.7 MB
[runlim] samples:		7
[runlim] version:		1.10
[runlim] time limit:		311040000 seconds
[runlim] real time limit:	1200 seconds
[runlim] space limit:		15000 MB
[runlim] argv[0]:		python3
[runlim] argv[1]:		/raid/steuber/Software/ablector/ablector
[runlim] argv[2]:		/raid/steuber/Benchmarks/2019/QF_BV/sage/app1/bench_2132.smt2
[runlim] argv[3]:		--ufReuse=1
[runlim] start:			Mon May 11 11:03:27 2020
[runlim] main pid:		23589
[Ablector] INFO: *** ROUND 0
[MulNode] INFO: Level 0
[MulNode] INFO: Level 0
[MulNode] INFO: Level 0
[MulNode] INFO: Level 0
[MulNode] INFO: Level 0
[Ablector] INFO: ABLECTOR TIME: 0.859190
[Ablector] INFO: SAT TIME: 0.853194
[Ablector] INFO: REF TIME: 0.048351
[runlim] end:			Mon May 11 11:03:29 2020
[runlim] status:		ok
[runlim] result:		0
[runlim] children:		0
[runlim] real:			2.35 seconds
[runlim] time:			2.14 seconds
[runlim] space:			54.6 MB
[runlim] samples:		16
[runlim] version:		1.10
[runlim] time limit:		311040000 seconds
[runlim] real time limit:	1200 seconds
[runlim] space limit:		15000 MB
[runlim] argv[0]:		python3
[runlim] argv[1]:		/raid/steuber/Software/ablector/ablector
[runlim] argv[2]:		/raid/steuber/Benchmarks/2019/QF_BV/Sage2/bench_9642.smt2
[runlim] argv[3]:		--ufReuse=1
[runlim] start:			Mon May 11 11:03:29 2020
[runlim] main pid:		23609
[Ablector] INFO: *** ROUND 0
[MulNode] INFO: Level 0
[MulNode] INFO: Level 0
[MulNode] INFO: Level 0
[MulNode] INFO: Level 0
[MulNode] INFO: Level 0
[MulNode] INFO: Level 0
[MulNode] INFO: Level 0
[Ablector] INFO: ABLECTOR TIME: 0.226582
[Ablector] INFO: SAT TIME: 0.220975
[Ablector] INFO: REF TIME: 0.069269
[runlim] end:			Mon May 11 11:03:30 2020
[runlim] status:		ok
[runlim] result:		0
[runlim] children:		0
[runlim] real:			1.43 seconds
[runlim] time:			1.27 seconds
[runlim] space:			45.0 MB
[runlim] samples:		7
[runlim] version:		1.10
[runlim] time limit:		311040000 seconds
[runlim] real time limit:	1200 seconds
[runlim] space limit:		15000 MB
[runlim] argv[0]:		python3
[runlim] argv[1]:		/raid/steuber/Software/ablector/ablector
[runlim] argv[2]:		/raid/steuber/Benchmarks/2019/QF_BV/sage/app8/bench_988.smt2
[runlim] argv[3]:		--ufReuse=1
[runlim] start:			Mon May 11 11:03:30 2020
[runlim] main pid:		23629
[Ablector] INFO: ABLECTOR TIME: 0.003698
[runlim] end:			Mon May 11 11:03:31 2020
[runlim] status:		ok
[runlim] result:		0
[runlim] children:		0
[runlim] real:			1.22 seconds
[runlim] time:			0.97 seconds
[runlim] space:			37.8 MB
[runlim] samples:		4
[runlim] version:		1.10
[runlim] time limit:		311040000 seconds
[runlim] real time limit:	1200 seconds
[runlim] space limit:		15000 MB
[runlim] argv[0]:		python3
[runlim] argv[1]:		/raid/steuber/Software/ablector/ablector
[runlim] argv[2]:		/raid/steuber/Benchmarks/2019/QF_BV/sage/app7/bench_5751.smt2
[runlim] argv[3]:		--ufReuse=1
[runlim] start:			Mon May 11 11:03:31 2020
[runlim] main pid:		23649
[Ablector] INFO: ABLECTOR TIME: 0.003823
[runlim] end:			Mon May 11 11:03:32 2020
[runlim] status:		ok
[runlim] result:		0
[runlim] children:		0
[runlim] real:			1.06 seconds
[runlim] time:			0.93 seconds
[runlim] space:			37.5 MB
[runlim] samples:		4
[runlim] version:		1.10
[runlim] time limit:		311040000 seconds
[runlim] real time limit:	1200 seconds
[runlim] space limit:		15000 MB
[runlim] argv[0]:		python3
[runlim] argv[1]:		/raid/steuber/Software/ablector/ablector
[runlim] argv[2]:		/raid/steuber/Benchmarks/2019/QF_BV/Sage2/bench_10105.smt2
[runlim] argv[3]:		--ufReuse=1
[runlim] start:			Mon May 11 11:03:32 2020
[runlim] main pid:		23669
[Ablector] INFO: *** ROUND 0
[MulNode] INFO: Level 0
[MulNode] INFO: Level 0
[MulNode] INFO: Level 0
[MulNode] INFO: Level 0
[MulNode] INFO: Level 0
[MulNode] INFO: Level 0
[MulNode] INFO: Level 0
[MulNode] INFO: Level 0
[MulNode] INFO: Level 0
[MulNode] INFO: Level 0
[MulNode] INFO: Level 0
[MulNode] INFO: Level 0
[MulNode] INFO: Level 0
[MulNode] INFO: Level 0
[MulNode] INFO: Level 0
[MulNode] INFO: Level 0
[MulNode] INFO: Level 0
[MulNode] INFO: Level 0
[MulNode] INFO: Level 0
[MulNode] INFO: Level 0
[MulNode] INFO: Level 0
[MulNode] INFO: Level 0
[MulNode] INFO: Level 0
[MulNode] INFO: Level 0
[MulNode] INFO: Level 0
[MulNode] INFO: Level 0
[MulNode] INFO: Level 0
[MulNode] INFO: Level 0
[MulNode] INFO: Level 0
[MulNode] INFO: Level 0
[MulNode] INFO: Level 0
[MulNode] INFO: Level 0
[MulNode] INFO: Level 0
[MulNode] INFO: Level 0
[MulNode] INFO: Level 0
[MulNode] INFO: Level 0
[MulNode] INFO: Level 0
[MulNode] INFO: Level 0
[MulNode] INFO: Level 0
[MulNode] INFO: Level 0
[MulNode] INFO: Level 0
[Ablector] INFO: ABLECTOR TIME: 1.228734
[Ablector] INFO: SAT TIME: 1.216717
[Ablector] INFO: REF TIME: 0.369405
[runlim] end:			Mon May 11 11:03:34 2020
[runlim] status:		ok
[runlim] result:		0
[runlim] children:		0
[runlim] real:			2.27 seconds
[runlim] time:			2.35 seconds
[runlim] space:			73.4 MB
[runlim] samples:		18
[runlim] version:		1.10
[runlim] time limit:		311040000 seconds
[runlim] real time limit:	1200 seconds
[runlim] space limit:		15000 MB
[runlim] argv[0]:		python3
[runlim] argv[1]:		/raid/steuber/Software/ablector/ablector
[runlim] argv[2]:		/raid/steuber/Benchmarks/2019/QF_BV/Sage2/bench_12096.smt2
[runlim] argv[3]:		--ufReuse=1
[runlim] start:			Mon May 11 11:03:34 2020
[runlim] main pid:		23689
[Ablector] INFO: *** ROUND 0
[MulNode] INFO: Level 0
[MulNode] INFO: Level 0
[MulNode] INFO: Level 0
[MulNode] INFO: Level 0
[MulNode] INFO: Level 0
[MulNode] INFO: Level 0
[MulNode] INFO: Level 0
[MulNode] INFO: Level 0
[MulNode] INFO: Level 0
[MulNode] INFO: Level 0
[Ablector] INFO: ABLECTOR TIME: 0.594311
[Ablector] INFO: SAT TIME: 0.587843
[Ablector] INFO: REF TIME: 0.088847
[runlim] end:			Mon May 11 11:03:35 2020
[runlim] status:		ok
[runlim] result:		0
[runlim] children:		0
[runlim] real:			1.71 seconds
[runlim] time:			1.53 seconds
[runlim] space:			50.3 MB
[runlim] samples:		10
