[runner] /raid/steuber/Benchmarks/2019/QF_BV/sage/app9/bench_2963.smt2
UNSAT
[runner] /raid/steuber/Benchmarks/2019/QF_BV/sage/app7/bench_3899.smt2
UNSAT
[runner] /raid/steuber/Benchmarks/2019/QF_BV/Sage2/bench_10361.smt2
[runner] /raid/steuber/Benchmarks/2019/QF_BV/Sage2/bench_15760.smt2
UNSAT
[runner] /raid/steuber/Benchmarks/2019/QF_BV/20190311-bv-term-small-rw-Noetzli/bv-term-small-rw_797.smt2
UNSAT
[runner] /raid/steuber/Benchmarks/2019/QF_BV/Sage2/bench_6864.smt2
UNSAT
[runner] /raid/steuber/Benchmarks/2019/QF_BV/Sage2/bench_10302.smt2
UNSAT
[runner] /raid/steuber/Benchmarks/2019/QF_BV/sage/app1/bench_451.smt2
UNSAT
[runner] /raid/steuber/Benchmarks/2019/QF_BV/sage/app5/bench_474.smt2
UNSAT
[runner] /raid/steuber/Benchmarks/2019/QF_BV/sage/app2/bench_1143.smt2
UNSAT
[runner] /raid/steuber/Benchmarks/2019/QF_BV/sage/app11/bench_573.smt2
UNSAT
[runner] /raid/steuber/Benchmarks/2019/QF_BV/sage/app7/bench_5376.smt2
UNSAT
[runner] /raid/steuber/Benchmarks/2019/QF_BV/sage/app1/bench_2000.smt2
UNSAT
[runner] /raid/steuber/Benchmarks/2019/QF_BV/bmc-bv-svcomp14/s3_srvr_3_alt_true.BV.c.cil.c.21.smt2
UNSAT
[runner] /raid/steuber/Benchmarks/2019/QF_BV/sage/app1/bench_7.smt2
UNSAT
[runner] /raid/steuber/Benchmarks/2019/QF_BV/20190311-bv-term-small-rw-Noetzli/bv-term-small-rw_353.smt2
UNSAT
[runner] /raid/steuber/Benchmarks/2019/QF_BV/sage/app7/bench_2198.smt2
UNSAT
[runner] /raid/steuber/Benchmarks/2019/QF_BV/Sage2/bench_17366.smt2
UNSAT
[runner] /raid/steuber/Benchmarks/2019/QF_BV/Sage2/bench_11506.smt2
UNSAT
[runner] /raid/steuber/Benchmarks/2019/QF_BV/sage/app12/bench_2185.smt2
UNSAT
[runner] /raid/steuber/Benchmarks/2019/QF_BV/sage/app1/bench_2508.smt2
UNSAT
[runner] /raid/steuber/Benchmarks/2019/QF_BV/sage/app1/bench_2280.smt2
UNSAT
[runner] /raid/steuber/Benchmarks/2019/QF_BV/sage/app7/bench_121.smt2
UNSAT
[runner] /raid/steuber/Benchmarks/2019/QF_BV/sage/app7/bench_2620.smt2
UNSAT
[runner] /raid/steuber/Benchmarks/2019/QF_BV/Sage2/bench_12427.smt2
UNSAT
[runner] /raid/steuber/Benchmarks/2019/QF_BV/Sage2/bench_388.smt2
UNSAT
[runner] /raid/steuber/Benchmarks/2019/QF_BV/sage/app7/bench_27.smt2
UNSAT
[runner] /raid/steuber/Benchmarks/2019/QF_BV/sage/app11/bench_142.smt2
UNSAT
[runner] /raid/steuber/Benchmarks/2019/QF_BV/sage/app7/bench_5512.smt2
UNSAT
[runner] /raid/steuber/Benchmarks/2019/QF_BV/Sage2/bench_518.smt2
UNSAT
[runner] /raid/steuber/Benchmarks/2019/QF_BV/sage/app12/bench_4600.smt2
UNSAT
[runner] /raid/steuber/Benchmarks/2019/QF_BV/sage/app7/bench_5579.smt2
UNSAT
[runner] /raid/steuber/Benchmarks/2019/QF_BV/sage/app7/bench_5613.smt2
UNSAT
[runner] /raid/steuber/Benchmarks/2019/QF_BV/Sage2/bench_10114.smt2
UNSAT
[runner] /raid/steuber/Benchmarks/2019/QF_BV/sage/app7/bench_5341.smt2
UNSAT
[runner] /raid/steuber/Benchmarks/2019/QF_BV/Sage2/bench_7591.smt2
UNSAT
[runner] /raid/steuber/Benchmarks/2019/QF_BV/sage/app2/bench_1120.smt2
UNSAT
[runner] /raid/steuber/Benchmarks/2019/QF_BV/sage/app11/bench_388.smt2
UNSAT
[runner] /raid/steuber/Benchmarks/2019/QF_BV/sage/app11/bench_81.smt2
UNSAT
[runner] /raid/steuber/Benchmarks/2019/QF_BV/Sage2/bench_6938.smt2
UNSAT
[runner] /raid/steuber/Benchmarks/2019/QF_BV/sage/app7/bench_397.smt2
UNSAT
[runner] /raid/steuber/Benchmarks/2019/QF_BV/Sage2/bench_11830.smt2
UNSAT
[runner] /raid/steuber/Benchmarks/2019/QF_BV/20190311-bv-term-small-rw-Noetzli/bv-term-small-rw_558.smt2
UNSAT
[runner] /raid/steuber/Benchmarks/2019/QF_BV/sage/app7/bench_1736.smt2
UNSAT
[runner] /raid/steuber/Benchmarks/2019/QF_BV/sage/app7/bench_6489.smt2
UNSAT
[runner] /raid/steuber/Benchmarks/2019/QF_BV/Sage2/bench_16699.smt2
UNSAT
[runner] /raid/steuber/Benchmarks/2019/QF_BV/20190311-bv-term-small-rw-Noetzli/bv-term-small-rw_602.smt2
UNSAT
[runner] /raid/steuber/Benchmarks/2019/QF_BV/Sage2/bench_5774.smt2
UNSAT
[runner] /raid/steuber/Benchmarks/2019/QF_BV/sage/app7/bench_8449.smt2
UNSAT
[runner] /raid/steuber/Benchmarks/2019/QF_BV/sage/app11/bench_432.smt2
UNSAT
[runner] /raid/steuber/Benchmarks/2019/QF_BV/sage/app8/bench_3297.smt2
UNSAT
[runner] /raid/steuber/Benchmarks/2019/QF_BV/sage/app7/bench_5891.smt2
UNSAT
[runner] /raid/steuber/Benchmarks/2019/QF_BV/Sage2/bench_7159.smt2
UNSAT
[runner] /raid/steuber/Benchmarks/2019/QF_BV/Sage2/bench_17290.smt2
UNSAT
[runner] /raid/steuber/Benchmarks/2019/QF_BV/sage/app11/bench_63.smt2
UNSAT
[runner] /raid/steuber/Benchmarks/2019/QF_BV/sage/app1/bench_2631.smt2
UNSAT
[runner] /raid/steuber/Benchmarks/2019/QF_BV/sage/app8/bench_510.smt2
UNSAT
[runner] /raid/steuber/Benchmarks/2019/QF_BV/sage/app2/bench_1347.smt2
UNSAT
[runner] /raid/steuber/Benchmarks/2019/QF_BV/sage/app7/bench_6493.smt2
UNSAT
[runner] /raid/steuber/Benchmarks/2019/QF_BV/Sage2/bench_3642.smt2
UNSAT
[runner] /raid/steuber/Benchmarks/2019/QF_BV/sage/app2/bench_946.smt2
UNSAT
[runner] /raid/steuber/Benchmarks/2019/QF_BV/sage/app8/bench_357.smt2
UNSAT
[runner] /raid/steuber/Benchmarks/2019/QF_BV/sage/app1/bench_822.smt2
UNSAT
[runner] /raid/steuber/Benchmarks/2019/QF_BV/Sage2/bench_12857.smt2
UNSAT
[runner] /raid/steuber/Benchmarks/2019/QF_BV/spear/samba_v3.0.24/bin_eventlogadm_vc354403.smt2
UNSAT
[runner] /raid/steuber/Benchmarks/2019/QF_BV/sage/app7/bench_2197.smt2
UNSAT
[runner] /raid/steuber/Benchmarks/2019/QF_BV/20190311-bv-term-small-rw-Noetzli/bv-term-small-rw_11.smt2
UNSAT
[runner] /raid/steuber/Benchmarks/2019/QF_BV/Sage2/bench_15131.smt2
UNSAT
[runner] /raid/steuber/Benchmarks/2019/QF_BV/Sage2/bench_3498.smt2
UNSAT
[runner] /raid/steuber/Benchmarks/2019/QF_BV/sage/app1/bench_2408.smt2
UNSAT
[runner] /raid/steuber/Benchmarks/2019/QF_BV/Sage2/bench_9325.smt2
[runner] /raid/steuber/Benchmarks/2019/QF_BV/20190311-bv-term-small-rw-Noetzli/bv-term-small-rw_988.smt2
UNSAT
[runner] /raid/steuber/Benchmarks/2019/QF_BV/sage/app9/bench_444.smt2
UNSAT
[runner] /raid/steuber/Benchmarks/2019/QF_BV/brummayerbiere3/mulhs32.smt2
[runner] /raid/steuber/Benchmarks/2019/QF_BV/sage/app2/bench_1010.smt2
UNSAT
[runner] /raid/steuber/Benchmarks/2019/QF_BV/sage/app7/bench_3797.smt2
UNSAT
[runner] /raid/steuber/Benchmarks/2019/QF_BV/sage/app7/bench_5473.smt2
UNSAT
[runner] /raid/steuber/Benchmarks/2019/QF_BV/sage/app7/bench_1336.smt2
UNSAT
[runner] /raid/steuber/Benchmarks/2019/QF_BV/Sage2/bench_15057.smt2
UNSAT
[runner] /raid/steuber/Benchmarks/2019/QF_BV/sage/app1/bench_2251.smt2
UNSAT
