[runlim] version:		1.7
[runlim] time limit:		311040000 seconds
[runlim] real time limit:	1200 seconds
[runlim] space limit:		7500 MB
[runlim] argv[0]:		/raid/steuber/Software/boolector/build/bin/boolector
[runlim] argv[1]:		-m
[runlim] argv[2]:		/raid/steuber/Benchmarks/srem_sdiv_mul/QF_BV/sage/app8/bench_731.smt2
[runlim] start:			Thu Jun 13 10:16:46 2019
[runlim] main pid:		11928
[runlim] end:			Thu Jun 13 10:16:47 2019
[runlim] status:		ok
[runlim] result:		20
[runlim] children:		0
[runlim] real:			0.03 seconds
[runlim] time:			0.00 seconds
[runlim] space:			0.0 MB
[runlim] samples:		0
[runlim] version:		1.7
[runlim] time limit:		311040000 seconds
[runlim] real time limit:	1200 seconds
[runlim] space limit:		7500 MB
[runlim] argv[0]:		/raid/steuber/Software/boolector/build/bin/boolector
[runlim] argv[1]:		-m
[runlim] argv[2]:		/raid/steuber/Benchmarks/srem_sdiv_mul/QF_BV/sage/app12/bench_540.smt2
[runlim] start:			Thu Jun 13 10:16:47 2019
[runlim] main pid:		11940
[runlim] end:			Thu Jun 13 10:16:47 2019
[runlim] status:		ok
[runlim] result:		20
[runlim] children:		0
[runlim] real:			0.05 seconds
[runlim] time:			0.00 seconds
[runlim] space:			0.0 MB
[runlim] samples:		0
[runlim] version:		1.7
[runlim] time limit:		311040000 seconds
[runlim] real time limit:	1200 seconds
[runlim] space limit:		7500 MB
[runlim] argv[0]:		/raid/steuber/Software/boolector/build/bin/boolector
[runlim] argv[1]:		-m
[runlim] argv[2]:		/raid/steuber/Benchmarks/srem_sdiv_mul/QF_BV/sage/app7/bench_2054.smt2
[runlim] start:			Thu Jun 13 10:16:47 2019
[runlim] main pid:		11932
[runlim] end:			Thu Jun 13 10:16:47 2019
[runlim] status:		ok
[runlim] result:		20
[runlim] children:		0
[runlim] real:			0.41 seconds
[runlim] time:			0.37 seconds
[runlim] space:			15.1 MB
[runlim] samples:		4
[runlim] version:		1.7
[runlim] time limit:		311040000 seconds
[runlim] real time limit:	1200 seconds
[runlim] space limit:		7500 MB
[runlim] argv[0]:		/raid/steuber/Software/boolector/build/bin/boolector
[runlim] argv[1]:		-m
[runlim] argv[2]:		/raid/steuber/Benchmarks/srem_sdiv_mul/QF_BV/sage/app7/bench_4903.smt2
[runlim] start:			Thu Jun 13 10:16:46 2019
[runlim] main pid:		11918
[runlim] end:			Thu Jun 13 10:16:48 2019
[runlim] status:		ok
[runlim] result:		20
[runlim] children:		0
[runlim] real:			2.80 seconds
[runlim] time:			1.78 seconds
[runlim] space:			50.7 MB
[runlim] samples:		18
[runlim] version:		1.7
[runlim] time limit:		311040000 seconds
[runlim] real time limit:	1200 seconds
[runlim] space limit:		7500 MB
[runlim] argv[0]:		/raid/steuber/Software/boolector/build/bin/boolector
[runlim] argv[1]:		-m
[runlim] argv[2]:		/raid/steuber/Benchmarks/srem_sdiv_mul/QF_BV/sage/app7/bench_8607.smt2
[runlim] start:			Thu Jun 13 10:16:47 2019
[runlim] main pid:		11943
[runlim] end:			Thu Jun 13 10:16:48 2019
[runlim] status:		ok
[runlim] result:		20
[runlim] children:		0
[runlim] real:			1.82 seconds
[runlim] time:			1.68 seconds
[runlim] space:			50.8 MB
[runlim] samples:		17
[runlim] version:		1.7
[runlim] time limit:		311040000 seconds
[runlim] real time limit:	1200 seconds
[runlim] space limit:		7500 MB
[runlim] argv[0]:		/raid/steuber/Software/boolector/build/bin/boolector
[runlim] argv[1]:		-m
[runlim] argv[2]:		/raid/steuber/Benchmarks/srem_sdiv_mul/QF_BV/sage/app5/bench_460.smt2
[runlim] start:			Thu Jun 13 10:16:48 2019
[runlim] main pid:		11964
[runlim] end:			Thu Jun 13 10:16:48 2019
[runlim] status:		ok
[runlim] result:		20
[runlim] children:		0
[runlim] real:			0.86 seconds
[runlim] time:			0.00 seconds
[runlim] space:			0.0 MB
[runlim] samples:		0
[runlim] version:		1.7
[runlim] time limit:		311040000 seconds
[runlim] real time limit:	1200 seconds
[runlim] space limit:		7500 MB
[runlim] argv[0]:		/raid/steuber/Software/boolector/build/bin/boolector
[runlim] argv[1]:		-m
[runlim] argv[2]:		/raid/steuber/Benchmarks/srem_sdiv_mul/QF_BV/Sage2/bench_17865.smt2
[runlim] start:			Thu Jun 13 10:16:48 2019
[runlim] main pid:		11967
[runlim] end:			Thu Jun 13 10:16:49 2019
[runlim] status:		ok
[runlim] result:		20
[runlim] children:		0
[runlim] real:			1.21 seconds
[runlim] time:			0.25 seconds
[runlim] space:			6.9 MB
[runlim] samples:		3
[runlim] version:		1.7
[runlim] time limit:		311040000 seconds
[runlim] real time limit:	1200 seconds
[runlim] space limit:		7500 MB
[runlim] argv[0]:		/raid/steuber/Software/boolector/build/bin/boolector
[runlim] argv[1]:		-m
[runlim] argv[2]:		/raid/steuber/Benchmarks/srem_sdiv_mul/QF_BV/Sage2/bench_17036.smt2
[runlim] start:			Thu Jun 13 10:16:48 2019
[runlim] main pid:		11970
[runlim] end:			Thu Jun 13 10:16:49 2019
[runlim] status:		ok
[runlim] result:		20
[runlim] children:		0
[runlim] real:			1.21 seconds
[runlim] time:			0.26 seconds
[runlim] space:			4.9 MB
[runlim] samples:		3
[runlim] version:		1.7
[runlim] time limit:		311040000 seconds
[runlim] real time limit:	1200 seconds
[runlim] space limit:		7500 MB
[runlim] argv[0]:		/raid/steuber/Software/boolector/build/bin/boolector
[runlim] argv[1]:		-m
[runlim] argv[2]:		/raid/steuber/Benchmarks/srem_sdiv_mul/QF_BV/sage/app7/bench_5147.smt2
[runlim] start:			Thu Jun 13 10:16:47 2019
[runlim] main pid:		11961
[runlim] end:			Thu Jun 13 10:16:49 2019
[runlim] status:		ok
[runlim] result:		20
[runlim] children:		0
[runlim] real:			2.55 seconds
[runlim] time:			1.86 seconds
[runlim] space:			50.9 MB
[runlim] samples:		21
[runlim] version:		1.7
[runlim] time limit:		311040000 seconds
[runlim] real time limit:	1200 seconds
[runlim] space limit:		7500 MB
[runlim] argv[0]:		/raid/steuber/Software/boolector/build/bin/boolector
[runlim] argv[1]:		-m
[runlim] argv[2]:		/raid/steuber/Benchmarks/srem_sdiv_mul/QF_BV/sage/app1/bench_2077.smt2
[runlim] start:			Thu Jun 13 10:16:49 2019
[runlim] main pid:		11979
[runlim] end:			Thu Jun 13 10:16:49 2019
[runlim] status:		ok
[runlim] result:		20
[runlim] children:		0
[runlim] real:			0.59 seconds
[runlim] time:			0.00 seconds
[runlim] space:			0.0 MB
[runlim] samples:		0
[runlim] version:		1.7
[runlim] time limit:		311040000 seconds
[runlim] real time limit:	1200 seconds
[runlim] space limit:		7500 MB
[runlim] argv[0]:		/raid/steuber/Software/boolector/build/bin/boolector
[runlim] argv[1]:		-m
[runlim] argv[2]:		/raid/steuber/Benchmarks/srem_sdiv_mul/QF_BV/Sage2/bench_10724.smt2
[runlim] start:			Thu Jun 13 10:16:47 2019
[runlim] main pid:		11935
[runlim] end:			Thu Jun 13 10:16:50 2019
[runlim] status:		ok
[runlim] result:		20
[runlim] children:		0
[runlim] real:			3.94 seconds
[runlim] time:			3.71 seconds
[runlim] space:			30.9 MB
[runlim] samples:		39
[runlim] version:		1.7
[runlim] time limit:		311040000 seconds
[runlim] real time limit:	1200 seconds
[runlim] space limit:		7500 MB
[runlim] argv[0]:		/raid/steuber/Software/boolector/build/bin/boolector
[runlim] argv[1]:		-m
[runlim] argv[2]:		/raid/steuber/Benchmarks/srem_sdiv_mul/QF_BV/sage/app7/bench_312.smt2
[runlim] start:			Thu Jun 13 10:16:49 2019
[runlim] main pid:		11982
[runlim] end:			Thu Jun 13 10:16:51 2019
[runlim] status:		ok
[runlim] result:		20
[runlim] children:		0
[runlim] real:			2.29 seconds
[runlim] time:			1.53 seconds
[runlim] space:			50.6 MB
[runlim] samples:		16
[runlim] version:		1.7
[runlim] time limit:		311040000 seconds
[runlim] real time limit:	1200 seconds
[runlim] space limit:		7500 MB
[runlim] argv[0]:		/raid/steuber/Software/boolector/build/bin/boolector
[runlim] argv[1]:		-m
[runlim] argv[2]:		/raid/steuber/Benchmarks/srem_sdiv_mul/QF_BV/sage/app9/bench_2697.smt2
[runlim] start:			Thu Jun 13 10:16:51 2019
[runlim] main pid:		11991
[runlim] end:			Thu Jun 13 10:16:51 2019
[runlim] status:		ok
[runlim] result:		20
[runlim] children:		0
[runlim] real:			0.31 seconds
[runlim] time:			0.00 seconds
[runlim] space:			0.0 MB
[runlim] samples:		0
[runlim] version:		1.7
[runlim] time limit:		311040000 seconds
[runlim] real time limit:	1200 seconds
[runlim] space limit:		7500 MB
[runlim] argv[0]:		/raid/steuber/Software/boolector/build/bin/boolector
[runlim] argv[1]:		-m
[runlim] argv[2]:		/raid/steuber/Benchmarks/srem_sdiv_mul/QF_BV/sage/app7/bench_1980.smt2
[runlim] start:			Thu Jun 13 10:16:49 2019
[runlim] main pid:		11976
[runlim] end:			Thu Jun 13 10:16:51 2019
[runlim] status:		ok
[runlim] result:		20
[runlim] children:		0
[runlim] real:			2.63 seconds
[runlim] time:			2.22 seconds
[runlim] space:			61.0 MB
[runlim] samples:		23
[runlim] version:		1.7
[runlim] time limit:		311040000 seconds
[runlim] real time limit:	1200 seconds
[runlim] space limit:		7500 MB
[runlim] argv[0]:		/raid/steuber/Software/boolector/build/bin/boolector
[runlim] argv[1]:		-m
[runlim] argv[2]:		/raid/steuber/Benchmarks/srem_sdiv_mul/QF_BV/Sage2/bench_8661.smt2
[runlim] start:			Thu Jun 13 10:16:51 2019
[runlim] main pid:		11994
[runlim] end:			Thu Jun 13 10:16:52 2019
[runlim] status:		ok
[runlim] result:		20
[runlim] children:		0
[runlim] real:			1.17 seconds
[runlim] time:			0.76 seconds
[runlim] space:			8.7 MB
[runlim] samples:		8
[runlim] version:		1.7
[runlim] time limit:		311040000 seconds
[runlim] real time limit:	1200 seconds
[runlim] space limit:		7500 MB
[runlim] argv[0]:		/raid/steuber/Software/boolector/build/bin/boolector
[runlim] argv[1]:		-m
[runlim] argv[2]:		/raid/steuber/Benchmarks/srem_sdiv_mul/QF_BV/sage/app7/bench_2895.smt2
[runlim] start:			Thu Jun 13 10:16:52 2019
[runlim] main pid:		12006
[runlim] end:			Thu Jun 13 10:16:52 2019
[runlim] status:		ok
[runlim] result:		20
[runlim] children:		0
[runlim] real:			0.51 seconds
[runlim] time:			0.26 seconds
[runlim] space:			14.1 MB
[runlim] samples:		3
[runlim] version:		1.7
[runlim] time limit:		311040000 seconds
[runlim] real time limit:	1200 seconds
[runlim] space limit:		7500 MB
[runlim] argv[0]:		/raid/steuber/Software/boolector/build/bin/boolector
[runlim] argv[1]:		-m
[runlim] argv[2]:		/raid/steuber/Benchmarks/srem_sdiv_mul/QF_BV/sage/app7/bench_754.smt2
[runlim] start:			Thu Jun 13 10:16:50 2019
[runlim] main pid:		11988
[runlim] end:			Thu Jun 13 10:16:52 2019
[runlim] status:		ok
[runlim] result:		20
[runlim] children:		0
[runlim] real:			2.80 seconds
[runlim] time:			1.61 seconds
[runlim] space:			46.2 MB
[runlim] samples:		18
[runlim] version:		1.7
[runlim] time limit:		311040000 seconds
[runlim] real time limit:	1200 seconds
[runlim] space limit:		7500 MB
[runlim] argv[0]:		/raid/steuber/Software/boolector/build/bin/boolector
[runlim] argv[1]:		-m
[runlim] argv[2]:		/raid/steuber/Benchmarks/srem_sdiv_mul/QF_BV/sage/app7/bench_993.smt2
[runlim] start:			Thu Jun 13 10:16:51 2019
[runlim] main pid:		11997
[runlim] end:			Thu Jun 13 10:16:52 2019
[runlim] status:		ok
[runlim] result:		20
[runlim] children:		0
[runlim] real:			1.93 seconds
[runlim] time:			1.12 seconds
[runlim] space:			37.5 MB
[runlim] samples:		12
[runlim] version:		1.7
[runlim] time limit:		311040000 seconds
[runlim] real time limit:	1200 seconds
[runlim] space limit:		7500 MB
[runlim] argv[0]:		/raid/steuber/Software/boolector/build/bin/boolector
[runlim] argv[1]:		-m
[runlim] argv[2]:		/raid/steuber/Benchmarks/srem_sdiv_mul/QF_BV/sage/app1/bench_1907.smt2
[runlim] start:			Thu Jun 13 10:16:52 2019
[runlim] main pid:		12018
[runlim] end:			Thu Jun 13 10:16:52 2019
[runlim] status:		ok
[runlim] result:		20
[runlim] children:		0
[runlim] real:			0.98 seconds
[runlim] time:			0.00 seconds
[runlim] space:			0.0 MB
[runlim] samples:		0
[runlim] version:		1.7
[runlim] time limit:		311040000 seconds
[runlim] real time limit:	1200 seconds
[runlim] space limit:		7500 MB
[runlim] argv[0]:		/raid/steuber/Software/boolector/build/bin/boolector
[runlim] argv[1]:		-m
[runlim] argv[2]:		/raid/steuber/Benchmarks/srem_sdiv_mul/QF_BV/sage/app8/bench_271.smt2
[runlim] start:			Thu Jun 13 10:16:52 2019
[runlim] main pid:		12012
[runlim] end:			Thu Jun 13 10:16:54 2019
[runlim] status:		ok
[runlim] result:		20
[runlim] children:		0
[runlim] real:			2.09 seconds
[runlim] time:			1.09 seconds
[runlim] space:			12.9 MB
[runlim] samples:		12
[runlim] version:		1.7
[runlim] time limit:		311040000 seconds
[runlim] real time limit:	1200 seconds
[runlim] space limit:		7500 MB
[runlim] argv[0]:		/raid/steuber/Software/boolector/build/bin/boolector
[runlim] argv[1]:		-m
[runlim] argv[2]:		/raid/steuber/Benchmarks/srem_sdiv_mul/QF_BV/uclid/catchconv/convert-jpg2gif-query-1234.smt2
[runlim] start:			Thu Jun 13 10:16:54 2019
[runlim] main pid:		12027
[runlim] end:			Thu Jun 13 10:16:54 2019
[runlim] status:		ok
[runlim] result:		20
[runlim] children:		0
[runlim] real:			0.65 seconds
[runlim] time:			0.44 seconds
[runlim] space:			18.0 MB
[runlim] samples:		5
[runlim] version:		1.7
[runlim] time limit:		311040000 seconds
[runlim] real time limit:	1200 seconds
[runlim] space limit:		7500 MB
[runlim] argv[0]:		/raid/steuber/Software/boolector/build/bin/boolector
[runlim] argv[1]:		-m
[runlim] argv[2]:		/raid/steuber/Benchmarks/srem_sdiv_mul/QF_BV/sage/app7/bench_2014.smt2
[runlim] start:			Thu Jun 13 10:16:52 2019
[runlim] main pid:		12021
[runlim] end:			Thu Jun 13 10:16:55 2019
[runlim] status:		ok
[runlim] result:		20
[runlim] children:		0
[runlim] real:			2.24 seconds
[runlim] time:			2.18 seconds
[runlim] space:			61.1 MB
[runlim] samples:		22
[runlim] version:		1.7
[runlim] time limit:		311040000 seconds
[runlim] real time limit:	1200 seconds
[runlim] space limit:		7500 MB
[runlim] argv[0]:		/raid/steuber/Software/boolector/build/bin/boolector
[runlim] argv[1]:		-m
[runlim] argv[2]:		/raid/steuber/Benchmarks/srem_sdiv_mul/QF_BV/sage/app7/bench_852.smt2
[runlim] start:			Thu Jun 13 10:16:54 2019
[runlim] main pid:		12030
[runlim] end:			Thu Jun 13 10:16:56 2019
[runlim] status:		ok
[runlim] result:		20
[runlim] children:		0
[runlim] real:			2.24 seconds
[runlim] time:			1.37 seconds
[runlim] space:			44.8 MB
[runlim] samples:		15
[runlim] version:		1.7
[runlim] time limit:		311040000 seconds
[runlim] real time limit:	1200 seconds
[runlim] space limit:		7500 MB
[runlim] argv[0]:		/raid/steuber/Software/boolector/build/bin/boolector
[runlim] argv[1]:		-m
[runlim] argv[2]:		/raid/steuber/Benchmarks/srem_sdiv_mul/QF_BV/sage/app11/bench_59.smt2
[runlim] start:			Thu Jun 13 10:16:56 2019
[runlim] main pid:		12036
[runlim] end:			Thu Jun 13 10:16:57 2019
[runlim] status:		ok
[runlim] result:		20
[runlim] children:		0
[runlim] real:			1.05 seconds
[runlim] time:			0.66 seconds
[runlim] space:			30.5 MB
[runlim] samples:		7
[runlim] version:		1.7
[runlim] time limit:		311040000 seconds
[runlim] real time limit:	1200 seconds
[runlim] space limit:		7500 MB
[runlim] argv[0]:		/raid/steuber/Software/boolector/build/bin/boolector
[runlim] argv[1]:		-m
[runlim] argv[2]:		/raid/steuber/Benchmarks/srem_sdiv_mul/QF_BV/sage/app7/bench_82.smt2
[runlim] start:			Thu Jun 13 10:16:55 2019
[runlim] main pid:		12033
[runlim] end:			Thu Jun 13 10:16:57 2019
[runlim] status:		ok
[runlim] result:		20
[runlim] children:		0
[runlim] real:			2.25 seconds
[runlim] time:			1.72 seconds
[runlim] space:			50.8 MB
[runlim] samples:		19
[runlim] version:		1.7
[runlim] time limit:		311040000 seconds
[runlim] real time limit:	1200 seconds
[runlim] space limit:		7500 MB
[runlim] argv[0]:		/raid/steuber/Software/boolector/build/bin/boolector
[runlim] argv[1]:		-m
[runlim] argv[2]:		/raid/steuber/Benchmarks/srem_sdiv_mul/QF_BV/sage/app1/bench_198.smt2
[runlim] start:			Thu Jun 13 10:16:57 2019
[runlim] main pid:		12052
[runlim] end:			Thu Jun 13 10:16:57 2019
[runlim] status:		ok
[runlim] result:		20
[runlim] children:		0
[runlim] real:			0.69 seconds
[runlim] time:			0.39 seconds
[runlim] space:			54.0 MB
[runlim] samples:		4
[runlim] version:		1.7
[runlim] time limit:		311040000 seconds
[runlim] real time limit:	1200 seconds
[runlim] space limit:		7500 MB
[runlim] argv[0]:		/raid/steuber/Software/boolector/build/bin/boolector
[runlim] argv[1]:		-m
[runlim] argv[2]:		/raid/steuber/Benchmarks/srem_sdiv_mul/QF_BV/sage/app9/bench_2672.smt2
[runlim] start:			Thu Jun 13 10:16:57 2019
[runlim] main pid:		12067
[runlim] end:			Thu Jun 13 10:16:57 2019
[runlim] status:		ok
[runlim] result:		20
[runlim] children:		0
[runlim] real:			0.74 seconds
[runlim] time:			0.00 seconds
[runlim] space:			0.0 MB
[runlim] samples:		0
[runlim] version:		1.7
[runlim] time limit:		311040000 seconds
[runlim] real time limit:	1200 seconds
[runlim] space limit:		7500 MB
[runlim] argv[0]:		/raid/steuber/Software/boolector/build/bin/boolector
[runlim] argv[1]:		-m
[runlim] argv[2]:		/raid/steuber/Benchmarks/srem_sdiv_mul/QF_BV/Sage2/bench_10088.smt2
[runlim] start:			Thu Jun 13 10:16:57 2019
[runlim] main pid:		12045
[runlim] end:			Thu Jun 13 10:16:58 2019
[runlim] status:		ok
[runlim] result:		20
[runlim] children:		0
[runlim] real:			1.10 seconds
[runlim] time:			0.88 seconds
[runlim] space:			9.7 MB
[runlim] samples:		10
[runlim] version:		1.7
[runlim] time limit:		311040000 seconds
[runlim] real time limit:	1200 seconds
[runlim] space limit:		7500 MB
[runlim] argv[0]:		/raid/steuber/Software/boolector/build/bin/boolector
[runlim] argv[1]:		-m
[runlim] argv[2]:		/raid/steuber/Benchmarks/srem_sdiv_mul/QF_BV/wienand-cav2008/Commute/commute08.sf.smt2
[runlim] start:			Thu Jun 13 10:16:58 2019
[runlim] main pid:		12073
[runlim] end:			Thu Jun 13 10:16:58 2019
[runlim] status:		ok
[runlim] result:		20
[runlim] children:		0
[runlim] real:			0.12 seconds
[runlim] time:			0.00 seconds
[runlim] space:			0.0 MB
[runlim] samples:		0
[runlim] version:		1.7
[runlim] time limit:		311040000 seconds
[runlim] real time limit:	1200 seconds
[runlim] space limit:		7500 MB
[runlim] argv[0]:		/raid/steuber/Software/boolector/build/bin/boolector
[runlim] argv[1]:		-m
[runlim] argv[2]:		/raid/steuber/Benchmarks/srem_sdiv_mul/QF_BV/sage/app1/bench_2272.smt2
[runlim] start:			Thu Jun 13 10:16:58 2019
[runlim] main pid:		12076
[runlim] end:			Thu Jun 13 10:16:58 2019
[runlim] status:		ok
[runlim] result:		20
[runlim] children:		0
[runlim] real:			0.15 seconds
[runlim] time:			0.00 seconds
[runlim] space:			0.0 MB
[runlim] samples:		0
[runlim] version:		1.7
[runlim] time limit:		311040000 seconds
[runlim] real time limit:	1200 seconds
[runlim] space limit:		7500 MB
[runlim] argv[0]:		/raid/steuber/Software/boolector/build/bin/boolector
[runlim] argv[1]:		-m
[runlim] argv[2]:		/raid/steuber/Benchmarks/srem_sdiv_mul/QF_BV/sage/app7/bench_2085.smt2
[runlim] start:			Thu Jun 13 10:16:58 2019
[runlim] main pid:		12079
[runlim] end:			Thu Jun 13 10:16:58 2019
[runlim] status:		ok
[runlim] result:		20
[runlim] children:		0
[runlim] real:			0.59 seconds
[runlim] time:			0.36 seconds
[runlim] space:			15.5 MB
[runlim] samples:		4
[runlim] version:		1.7
[runlim] time limit:		311040000 seconds
[runlim] real time limit:	1200 seconds
[runlim] space limit:		7500 MB
[runlim] argv[0]:		/raid/steuber/Software/boolector/build/bin/boolector
[runlim] argv[1]:		-m
[runlim] argv[2]:		/raid/steuber/Benchmarks/srem_sdiv_mul/QF_BV/uclid/catchconv/convert-jpg2gif-query-1496.smt2
[runlim] start:			Thu Jun 13 10:16:57 2019
[runlim] main pid:		12070
[runlim] end:			Thu Jun 13 10:16:58 2019
[runlim] status:		ok
[runlim] result:		20
[runlim] children:		0
[runlim] real:			1.70 seconds
[runlim] time:			0.81 seconds
[runlim] space:			25.4 MB
[runlim] samples:		9
[runlim] version:		1.7
[runlim] time limit:		311040000 seconds
[runlim] real time limit:	1200 seconds
[runlim] space limit:		7500 MB
[runlim] argv[0]:		/raid/steuber/Software/boolector/build/bin/boolector
[runlim] argv[1]:		-m
[runlim] argv[2]:		/raid/steuber/Benchmarks/srem_sdiv_mul/QF_BV/sage/app9/bench_107.smt2
[runlim] start:			Thu Jun 13 10:16:58 2019
[runlim] main pid:		12082
[runlim] end:			Thu Jun 13 10:16:59 2019
[runlim] status:		ok
[runlim] result:		20
[runlim] children:		0
[runlim] real:			1.24 seconds
[runlim] time:			0.56 seconds
[runlim] space:			7.8 MB
[runlim] samples:		6
[runlim] version:		1.7
[runlim] time limit:		311040000 seconds
[runlim] real time limit:	1200 seconds
[runlim] space limit:		7500 MB
[runlim] argv[0]:		/raid/steuber/Software/boolector/build/bin/boolector
[runlim] argv[1]:		-m
[runlim] argv[2]:		/raid/steuber/Benchmarks/srem_sdiv_mul/QF_BV/sage/app7/bench_3237.smt2
[runlim] start:			Thu Jun 13 10:16:59 2019
[runlim] main pid:		12088
[runlim] end:			Thu Jun 13 10:16:59 2019
[runlim] status:		ok
[runlim] result:		20
[runlim] children:		0
[runlim] real:			0.54 seconds
[runlim] time:			0.18 seconds
[runlim] space:			11.5 MB
[runlim] samples:		2
[runlim] version:		1.7
[runlim] time limit:		311040000 seconds
[runlim] real time limit:	1200 seconds
[runlim] space limit:		7500 MB
[runlim] argv[0]:		/raid/steuber/Software/boolector/build/bin/boolector
[runlim] argv[1]:		-m
[runlim] argv[2]:		/raid/steuber/Benchmarks/srem_sdiv_mul/QF_BV/sage/app9/bench_3087.smt2
[runlim] start:			Thu Jun 13 10:16:59 2019
[runlim] main pid:		12091
[runlim] end:			Thu Jun 13 10:16:59 2019
[runlim] status:		ok
[runlim] result:		20
[runlim] children:		0
[runlim] real:			0.56 seconds
[runlim] time:			0.00 seconds
[runlim] space:			0.0 MB
[runlim] samples:		0
[runlim] version:		1.7
[runlim] time limit:		311040000 seconds
[runlim] real time limit:	1200 seconds
[runlim] space limit:		7500 MB
[runlim] argv[0]:		/raid/steuber/Software/boolector/build/bin/boolector
[runlim] argv[1]:		-m
[runlim] argv[2]:		/raid/steuber/Benchmarks/srem_sdiv_mul/QF_BV/Sage2/bench_11839.smt2
[runlim] start:			Thu Jun 13 10:16:59 2019
[runlim] main pid:		12094
[runlim] end:			Thu Jun 13 10:16:59 2019
[runlim] status:		ok
[runlim] result:		20
[runlim] children:		0
[runlim] real:			0.91 seconds
[runlim] time:			0.28 seconds
[runlim] space:			7.1 MB
[runlim] samples:		3
[runlim] version:		1.7
[runlim] time limit:		311040000 seconds
[runlim] real time limit:	1200 seconds
[runlim] space limit:		7500 MB
[runlim] argv[0]:		/raid/steuber/Software/boolector/build/bin/boolector
[runlim] argv[1]:		-m
[runlim] argv[2]:		/raid/steuber/Benchmarks/srem_sdiv_mul/QF_BV/sage/app9/bench_564.smt2
[runlim] start:			Thu Jun 13 10:16:59 2019
[runlim] main pid:		12097
[runlim] end:			Thu Jun 13 10:16:59 2019
[runlim] status:		ok
[runlim] result:		20
[runlim] children:		0
[runlim] real:			0.94 seconds
[runlim] time:			0.00 seconds
[runlim] space:			0.0 MB
[runlim] samples:		0
[runlim] version:		1.7
[runlim] time limit:		311040000 seconds
[runlim] real time limit:	1200 seconds
[runlim] space limit:		7500 MB
[runlim] argv[0]:		/raid/steuber/Software/boolector/build/bin/boolector
[runlim] argv[1]:		-m
[runlim] argv[2]:		/raid/steuber/Benchmarks/srem_sdiv_mul/QF_BV/Sage2/bench_5677.smt2
[runlim] start:			Thu Jun 13 10:16:59 2019
[runlim] main pid:		12100
[runlim] end:			Thu Jun 13 10:17:00 2019
[runlim] status:		ok
[runlim] result:		20
[runlim] children:		0
[runlim] real:			1.05 seconds
[runlim] time:			0.00 seconds
[runlim] space:			0.0 MB
[runlim] samples:		0
[runlim] version:		1.7
[runlim] time limit:		311040000 seconds
[runlim] real time limit:	1200 seconds
[runlim] space limit:		7500 MB
[runlim] argv[0]:		/raid/steuber/Software/boolector/build/bin/boolector
[runlim] argv[1]:		-m
[runlim] argv[2]:		/raid/steuber/Benchmarks/srem_sdiv_mul/QF_BV/sage/app7/bench_5426.smt2
[runlim] start:			Thu Jun 13 10:17:00 2019
[runlim] main pid:		12103
[runlim] end:			Thu Jun 13 10:17:00 2019
[runlim] status:		ok
[runlim] result:		20
[runlim] children:		0
[runlim] real:			0.11 seconds
[runlim] time:			0.00 seconds
[runlim] space:			0.0 MB
[runlim] samples:		0
[runlim] version:		1.7
[runlim] time limit:		311040000 seconds
[runlim] real time limit:	1200 seconds
[runlim] space limit:		7500 MB
[runlim] argv[0]:		/raid/steuber/Software/boolector/build/bin/boolector
[runlim] argv[1]:		-m
[runlim] argv[2]:		/raid/steuber/Benchmarks/srem_sdiv_mul/QF_BV/Sage2/bench_17415.smt2
[runlim] start:			Thu Jun 13 10:17:00 2019
[runlim] main pid:		12106
[runlim] end:			Thu Jun 13 10:17:00 2019
[runlim] status:		ok
[runlim] result:		20
[runlim] children:		0
[runlim] real:			0.46 seconds
[runlim] time:			0.28 seconds
[runlim] space:			7.1 MB
[runlim] samples:		3
[runlim] version:		1.7
[runlim] time limit:		311040000 seconds
[runlim] real time limit:	1200 seconds
[runlim] space limit:		7500 MB
[runlim] argv[0]:		/raid/steuber/Software/boolector/build/bin/boolector
[runlim] argv[1]:		-m
[runlim] argv[2]:		/raid/steuber/Benchmarks/srem_sdiv_mul/QF_BV/sage/app2/bench_806.smt2
[runlim] start:			Thu Jun 13 10:17:00 2019
[runlim] main pid:		12109
[runlim] end:			Thu Jun 13 10:17:00 2019
[runlim] status:		ok
[runlim] result:		20
[runlim] children:		0
[runlim] real:			0.53 seconds
[runlim] time:			0.00 seconds
[runlim] space:			0.0 MB
[runlim] samples:		0
[runlim] version:		1.7
[runlim] time limit:		311040000 seconds
[runlim] real time limit:	1200 seconds
[runlim] space limit:		7500 MB
[runlim] argv[0]:		/raid/steuber/Software/boolector/build/bin/boolector
[runlim] argv[1]:		-m
[runlim] argv[2]:		/raid/steuber/Benchmarks/srem_sdiv_mul/QF_BV/sage/app2/bench_1149.smt2
[runlim] start:			Thu Jun 13 10:17:00 2019
[runlim] main pid:		12112
[runlim] end:			Thu Jun 13 10:17:00 2019
[runlim] status:		ok
[runlim] result:		20
[runlim] children:		0
[runlim] real:			0.63 seconds
[runlim] time:			0.00 seconds
[runlim] space:			0.0 MB
[runlim] samples:		0
[runlim] version:		1.7
[runlim] time limit:		311040000 seconds
[runlim] real time limit:	1200 seconds
[runlim] space limit:		7500 MB
[runlim] argv[0]:		/raid/steuber/Software/boolector/build/bin/boolector
[runlim] argv[1]:		-m
[runlim] argv[2]:		/raid/steuber/Benchmarks/srem_sdiv_mul/QF_BV/sage/app7/bench_6462.smt2
[runlim] start:			Thu Jun 13 10:17:00 2019
[runlim] main pid:		12115
[runlim] end:			Thu Jun 13 10:17:00 2019
[runlim] status:		ok
[runlim] result:		20
[runlim] children:		0
[runlim] real:			0.64 seconds
[runlim] time:			0.00 seconds
[runlim] space:			0.0 MB
[runlim] samples:		0
[runlim] version:		1.7
[runlim] time limit:		311040000 seconds
[runlim] real time limit:	1200 seconds
[runlim] space limit:		7500 MB
[runlim] argv[0]:		/raid/steuber/Software/boolector/build/bin/boolector
[runlim] argv[1]:		-m
[runlim] argv[2]:		/raid/steuber/Benchmarks/srem_sdiv_mul/QF_BV/sage/app9/bench_465.smt2
[runlim] start:			Thu Jun 13 10:17:00 2019
[runlim] main pid:		12118
[runlim] end:			Thu Jun 13 10:17:00 2019
[runlim] status:		ok
[runlim] result:		20
[runlim] children:		0
[runlim] real:			0.66 seconds
[runlim] time:			0.00 seconds
[runlim] space:			0.0 MB
[runlim] samples:		0
[runlim] version:		1.7
[runlim] time limit:		311040000 seconds
[runlim] real time limit:	1200 seconds
[runlim] space limit:		7500 MB
[runlim] argv[0]:		/raid/steuber/Software/boolector/build/bin/boolector
[runlim] argv[1]:		-m
[runlim] argv[2]:		/raid/steuber/Benchmarks/srem_sdiv_mul/QF_BV/sage/app7/bench_239.smt2
[runlim] start:			Thu Jun 13 10:16:58 2019
[runlim] main pid:		12085
[runlim] end:			Thu Jun 13 10:17:00 2019
[runlim] status:		ok
[runlim] result:		20
[runlim] children:		0
[runlim] real:			2.71 seconds
[runlim] time:			1.71 seconds
[runlim] space:			50.7 MB
[runlim] samples:		20
[runlim] version:		1.7
[runlim] time limit:		311040000 seconds
[runlim] real time limit:	1200 seconds
[runlim] space limit:		7500 MB
[runlim] argv[0]:		/raid/steuber/Software/boolector/build/bin/boolector
[runlim] argv[1]:		-m
[runlim] argv[2]:		/raid/steuber/Benchmarks/srem_sdiv_mul/QF_BV/sage/app12/bench_421.smt2
[runlim] start:			Thu Jun 13 10:17:00 2019
[runlim] main pid:		12124
[runlim] end:			Thu Jun 13 10:17:00 2019
[runlim] status:		ok
[runlim] result:		20
[runlim] children:		0
[runlim] real:			0.72 seconds
[runlim] time:			0.00 seconds
[runlim] space:			0.0 MB
[runlim] samples:		0
[runlim] version:		1.7
[runlim] time limit:		311040000 seconds
[runlim] real time limit:	1200 seconds
[runlim] space limit:		7500 MB
[runlim] argv[0]:		/raid/steuber/Software/boolector/build/bin/boolector
[runlim] argv[1]:		-m
[runlim] argv[2]:		/raid/steuber/Benchmarks/srem_sdiv_mul/QF_BV/sage/app7/bench_5598.smt2
[runlim] start:			Thu Jun 13 10:17:00 2019
[runlim] main pid:		12127
[runlim] end:			Thu Jun 13 10:17:00 2019
[runlim] status:		ok
[runlim] result:		20
[runlim] children:		0
[runlim] real:			0.78 seconds
[runlim] time:			0.00 seconds
[runlim] space:			0.0 MB
[runlim] samples:		0
[runlim] version:		1.7
[runlim] time limit:		311040000 seconds
[runlim] real time limit:	1200 seconds
[runlim] space limit:		7500 MB
[runlim] argv[0]:		/raid/steuber/Software/boolector/build/bin/boolector
[runlim] argv[1]:		-m
[runlim] argv[2]:		/raid/steuber/Benchmarks/srem_sdiv_mul/QF_BV/sage/app2/bench_785.smt2
[runlim] start:			Thu Jun 13 10:17:00 2019
[runlim] main pid:		12130
[runlim] end:			Thu Jun 13 10:17:00 2019
[runlim] status:		ok
[runlim] result:		20
[runlim] children:		0
[runlim] real:			0.86 seconds
[runlim] time:			0.00 seconds
[runlim] space:			0.0 MB
[runlim] samples:		0
[runlim] version:		1.7
[runlim] time limit:		311040000 seconds
[runlim] real time limit:	1200 seconds
[runlim] space limit:		7500 MB
[runlim] argv[0]:		/raid/steuber/Software/boolector/build/bin/boolector
[runlim] argv[1]:		-m
[runlim] argv[2]:		/raid/steuber/Benchmarks/srem_sdiv_mul/QF_BV/sage/app7/bench_5529.smt2
[runlim] start:			Thu Jun 13 10:17:00 2019
[runlim] main pid:		12133
[runlim] end:			Thu Jun 13 10:17:00 2019
[runlim] status:		ok
[runlim] result:		20
[runlim] children:		0
[runlim] real:			0.91 seconds
[runlim] time:			0.00 seconds
[runlim] space:			0.0 MB
[runlim] samples:		0
[runlim] version:		1.7
[runlim] time limit:		311040000 seconds
[runlim] real time limit:	1200 seconds
[runlim] space limit:		7500 MB
[runlim] argv[0]:		/raid/steuber/Software/boolector/build/bin/boolector
[runlim] argv[1]:		-m
[runlim] argv[2]:		/raid/steuber/Benchmarks/srem_sdiv_mul/QF_BV/sage/app7/bench_2285.smt2
[runlim] start:			Thu Jun 13 10:17:00 2019
[runlim] main pid:		12121
[runlim] end:			Thu Jun 13 10:17:00 2019
[runlim] status:		ok
[runlim] result:		20
[runlim] children:		0
[runlim] real:			1.00 seconds
[runlim] time:			0.28 seconds
[runlim] space:			16.2 MB
[runlim] samples:		3
[runlim] version:		1.7
[runlim] time limit:		311040000 seconds
[runlim] real time limit:	1200 seconds
[runlim] space limit:		7500 MB
[runlim] argv[0]:		/raid/steuber/Software/boolector/build/bin/boolector
[runlim] argv[1]:		-m
[runlim] argv[2]:		/raid/steuber/Benchmarks/srem_sdiv_mul/QF_BV/sage/app7/bench_5184.smt2
[runlim] start:			Thu Jun 13 10:17:00 2019
[runlim] main pid:		12136
[runlim] end:			Thu Jun 13 10:17:01 2019
[runlim] status:		ok
[runlim] result:		20
[runlim] children:		0
[runlim] real:			1.02 seconds
[runlim] time:			0.00 seconds
[runlim] space:			0.0 MB
[runlim] samples:		0
[runlim] version:		1.7
[runlim] time limit:		311040000 seconds
[runlim] real time limit:	1200 seconds
[runlim] space limit:		7500 MB
[runlim] argv[0]:		/raid/steuber/Software/boolector/build/bin/boolector
[runlim] argv[1]:		-m
[runlim] argv[2]:		/raid/steuber/Benchmarks/srem_sdiv_mul/QF_BV/Sage2/bench_11660.smt2
[runlim] start:			Thu Jun 13 10:17:01 2019
[runlim] main pid:		12142
[runlim] end:			Thu Jun 13 10:17:01 2019
[runlim] status:		ok
[runlim] result:		20
[runlim] children:		0
[runlim] real:			0.26 seconds
[runlim] time:			0.17 seconds
[runlim] space:			3.7 MB
[runlim] samples:		2
[runlim] version:		1.7
[runlim] time limit:		311040000 seconds
[runlim] real time limit:	1200 seconds
[runlim] space limit:		7500 MB
[runlim] argv[0]:		/raid/steuber/Software/boolector/build/bin/boolector
[runlim] argv[1]:		-m
[runlim] argv[2]:		/raid/steuber/Benchmarks/srem_sdiv_mul/QF_BV/sage/app7/bench_3203.smt2
[runlim] start:			Thu Jun 13 10:17:01 2019
[runlim] main pid:		12139
[runlim] end:			Thu Jun 13 10:17:01 2019
[runlim] status:		ok
[runlim] result:		20
[runlim] children:		0
[runlim] real:			0.30 seconds
[runlim] time:			0.16 seconds
[runlim] space:			11.0 MB
[runlim] samples:		2
[runlim] version:		1.7
[runlim] time limit:		311040000 seconds
[runlim] real time limit:	1200 seconds
[runlim] space limit:		7500 MB
[runlim] argv[0]:		/raid/steuber/Software/boolector/build/bin/boolector
[runlim] argv[1]:		-m
[runlim] argv[2]:		/raid/steuber/Benchmarks/srem_sdiv_mul/QF_BV/sage/app7/bench_6094.smt2
[runlim] start:			Thu Jun 13 10:17:01 2019
[runlim] main pid:		12148
[runlim] end:			Thu Jun 13 10:17:01 2019
[runlim] status:		ok
[runlim] result:		20
[runlim] children:		0
[runlim] real:			0.32 seconds
[runlim] time:			0.00 seconds
[runlim] space:			0.0 MB
[runlim] samples:		0
[runlim] version:		1.7
[runlim] time limit:		311040000 seconds
[runlim] real time limit:	1200 seconds
[runlim] space limit:		7500 MB
[runlim] argv[0]:		/raid/steuber/Software/boolector/build/bin/boolector
[runlim] argv[1]:		-m
[runlim] argv[2]:		/raid/steuber/Benchmarks/srem_sdiv_mul/QF_BV/sage/app7/bench_6190.smt2
[runlim] start:			Thu Jun 13 10:17:01 2019
[runlim] main pid:		12154
[runlim] end:			Thu Jun 13 10:17:01 2019
[runlim] status:		ok
[runlim] result:		20
[runlim] children:		0
[runlim] real:			0.38 seconds
[runlim] time:			0.00 seconds
[runlim] space:			0.0 MB
[runlim] samples:		0
[runlim] version:		1.7
[runlim] time limit:		311040000 seconds
[runlim] real time limit:	1200 seconds
[runlim] space limit:		7500 MB
[runlim] argv[0]:		/raid/steuber/Software/boolector/build/bin/boolector
[runlim] argv[1]:		-m
[runlim] argv[2]:		/raid/steuber/Benchmarks/srem_sdiv_mul/QF_BV/sage/app9/bench_2653.smt2
[runlim] start:			Thu Jun 13 10:17:01 2019
[runlim] main pid:		12152
[runlim] end:			Thu Jun 13 10:17:01 2019
[runlim] status:		ok
[runlim] result:		20
[runlim] children:		0
[runlim] real:			0.40 seconds
[runlim] time:			0.00 seconds
[runlim] space:			0.0 MB
[runlim] samples:		0
[runlim] version:		1.7
[runlim] time limit:		311040000 seconds
[runlim] real time limit:	1200 seconds
[runlim] space limit:		7500 MB
[runlim] argv[0]:		/raid/steuber/Software/boolector/build/bin/boolector
[runlim] argv[1]:		-m
[runlim] argv[2]:		/raid/steuber/Benchmarks/srem_sdiv_mul/QF_BV/sage/app12/bench_532.smt2
[runlim] start:			Thu Jun 13 10:17:01 2019
[runlim] main pid:		12158
[runlim] end:			Thu Jun 13 10:17:01 2019
[runlim] status:		ok
[runlim] result:		20
[runlim] children:		0
[runlim] real:			0.43 seconds
[runlim] time:			0.00 seconds
[runlim] space:			0.0 MB
[runlim] samples:		0
[runlim] version:		1.7
[runlim] time limit:		311040000 seconds
[runlim] real time limit:	1200 seconds
[runlim] space limit:		7500 MB
[runlim] argv[0]:		/raid/steuber/Software/boolector/build/bin/boolector
[runlim] argv[1]:		-m
[runlim] argv[2]:		/raid/steuber/Benchmarks/srem_sdiv_mul/QF_BV/Sage2/bench_1033.smt2
[runlim] start:			Thu Jun 13 10:17:01 2019
[runlim] main pid:		12160
[runlim] end:			Thu Jun 13 10:17:01 2019
[runlim] status:		ok
[runlim] result:		20
[runlim] children:		0
[runlim] real:			0.47 seconds
[runlim] time:			0.00 seconds
[runlim] space:			0.0 MB
[runlim] samples:		0
[runlim] version:		1.7
[runlim] time limit:		311040000 seconds
[runlim] real time limit:	1200 seconds
[runlim] space limit:		7500 MB
[runlim] argv[0]:		/raid/steuber/Software/boolector/build/bin/boolector
[runlim] argv[1]:		-m
[runlim] argv[2]:		/raid/steuber/Benchmarks/srem_sdiv_mul/QF_BV/sage/app7/bench_5312.smt2
[runlim] start:			Thu Jun 13 10:17:01 2019
[runlim] main pid:		12163
[runlim] end:			Thu Jun 13 10:17:01 2019
[runlim] status:		ok
[runlim] result:		20
[runlim] children:		0
[runlim] real:			0.54 seconds
[runlim] time:			0.00 seconds
[runlim] space:			0.0 MB
[runlim] samples:		0
[runlim] version:		1.7
[runlim] time limit:		311040000 seconds
[runlim] real time limit:	1200 seconds
[runlim] space limit:		7500 MB
[runlim] argv[0]:		/raid/steuber/Software/boolector/build/bin/boolector
[runlim] argv[1]:		-m
[runlim] argv[2]:		/raid/steuber/Benchmarks/srem_sdiv_mul/QF_BV/wienand-cav2008/Distrib/distrib64.sf.smt2
[runlim] start:			Thu Jun 13 10:17:01 2019
[runlim] main pid:		12169
[runlim] end:			Thu Jun 13 10:17:01 2019
[runlim] status:		ok
[runlim] result:		20
[runlim] children:		0
[runlim] real:			0.59 seconds
[runlim] time:			0.00 seconds
[runlim] space:			0.0 MB
[runlim] samples:		0
[runlim] version:		1.7
[runlim] time limit:		311040000 seconds
[runlim] real time limit:	1200 seconds
[runlim] space limit:		7500 MB
[runlim] argv[0]:		/raid/steuber/Software/boolector/build/bin/boolector
[runlim] argv[1]:		-m
[runlim] argv[2]:		/raid/steuber/Benchmarks/srem_sdiv_mul/QF_BV/sage/app1/bench_385.smt2
[runlim] start:			Thu Jun 13 10:17:01 2019
[runlim] main pid:		12172
[runlim] end:			Thu Jun 13 10:17:01 2019
[runlim] status:		ok
[runlim] result:		20
[runlim] children:		0
[runlim] real:			0.64 seconds
[runlim] time:			0.00 seconds
[runlim] space:			0.0 MB
[runlim] samples:		0
[runlim] version:		1.7
[runlim] time limit:		311040000 seconds
[runlim] real time limit:	1200 seconds
[runlim] space limit:		7500 MB
[runlim] argv[0]:		/raid/steuber/Software/boolector/build/bin/boolector
[runlim] argv[1]:		-m
[runlim] argv[2]:		/raid/steuber/Benchmarks/srem_sdiv_mul/QF_BV/sage/app7/bench_5665.smt2
[runlim] start:			Thu Jun 13 10:17:01 2019
[runlim] main pid:		12175
[runlim] end:			Thu Jun 13 10:17:01 2019
[runlim] status:		ok
[runlim] result:		20
[runlim] children:		0
[runlim] real:			0.72 seconds
[runlim] time:			0.00 seconds
[runlim] space:			0.0 MB
[runlim] samples:		0
[runlim] version:		1.7
[runlim] time limit:		311040000 seconds
[runlim] real time limit:	1200 seconds
[runlim] space limit:		7500 MB
[runlim] argv[0]:		/raid/steuber/Software/boolector/build/bin/boolector
[runlim] argv[1]:		-m
[runlim] argv[2]:		/raid/steuber/Benchmarks/srem_sdiv_mul/QF_BV/sage/app1/bench_12.smt2
[runlim] start:			Thu Jun 13 10:17:01 2019
[runlim] main pid:		12178
[runlim] end:			Thu Jun 13 10:17:01 2019
[runlim] status:		ok
[runlim] result:		20
[runlim] children:		0
[runlim] real:			0.76 seconds
[runlim] time:			0.00 seconds
[runlim] space:			0.0 MB
[runlim] samples:		0
[runlim] version:		1.7
[runlim] time limit:		311040000 seconds
[runlim] real time limit:	1200 seconds
[runlim] space limit:		7500 MB
[runlim] argv[0]:		/raid/steuber/Software/boolector/build/bin/boolector
[runlim] argv[1]:		-m
[runlim] argv[2]:		/raid/steuber/Benchmarks/srem_sdiv_mul/QF_BV/sage/app7/bench_2741.smt2
[runlim] start:			Thu Jun 13 10:17:01 2019
[runlim] main pid:		12166
[runlim] end:			Thu Jun 13 10:17:01 2019
[runlim] status:		ok
[runlim] result:		20
[runlim] children:		0
[runlim] real:			0.83 seconds
[runlim] time:			0.26 seconds
[runlim] space:			14.7 MB
[runlim] samples:		3
[runlim] version:		1.7
[runlim] time limit:		311040000 seconds
[runlim] real time limit:	1200 seconds
[runlim] space limit:		7500 MB
[runlim] argv[0]:		/raid/steuber/Software/boolector/build/bin/boolector
[runlim] argv[1]:		-m
[runlim] argv[2]:		/raid/steuber/Benchmarks/srem_sdiv_mul/QF_BV/Sage2/bench_13601.smt2
[runlim] start:			Thu Jun 13 10:17:01 2019
[runlim] main pid:		12184
[runlim] end:			Thu Jun 13 10:17:05 2019
[runlim] status:		ok
[runlim] result:		20
[runlim] children:		0
[runlim] real:			4.34 seconds
[runlim] time:			3.33 seconds
[runlim] space:			331.2 MB
[runlim] samples:		35
[runlim] version:		1.7
[runlim] time limit:		311040000 seconds
[runlim] real time limit:	1200 seconds
[runlim] space limit:		7500 MB
[runlim] argv[0]:		/raid/steuber/Software/boolector/build/bin/boolector
[runlim] argv[1]:		-m
[runlim] argv[2]:		/raid/steuber/Benchmarks/srem_sdiv_mul/QF_BV/Sage2/bench_16876.smt2
[runlim] start:			Thu Jun 13 10:17:05 2019
[runlim] main pid:		12187
[runlim] end:			Thu Jun 13 10:17:09 2019
[runlim] status:		ok
[runlim] result:		20
[runlim] children:		0
[runlim] real:			4.88 seconds
[runlim] time:			4.31 seconds
[runlim] space:			25.6 MB
[runlim] samples:		45
[runlim] version:		1.7
[runlim] time limit:		311040000 seconds
[runlim] real time limit:	1200 seconds
[runlim] space limit:		7500 MB
[runlim] argv[0]:		/raid/steuber/Software/boolector/build/bin/boolector
[runlim] argv[1]:		-m
[runlim] argv[2]:		/raid/steuber/Benchmarks/srem_sdiv_mul/QF_BV/sage/app9/bench_3050.smt2
[runlim] start:			Thu Jun 13 10:17:09 2019
[runlim] main pid:		12190
[runlim] end:			Thu Jun 13 10:17:09 2019
[runlim] status:		ok
[runlim] result:		20
[runlim] children:		0
[runlim] real:			0.91 seconds
[runlim] time:			0.00 seconds
[runlim] space:			0.0 MB
[runlim] samples:		0
[runlim] version:		1.7
[runlim] time limit:		311040000 seconds
[runlim] real time limit:	1200 seconds
[runlim] space limit:		7500 MB
[runlim] argv[0]:		/raid/steuber/Software/boolector/build/bin/boolector
[runlim] argv[1]:		-m
[runlim] argv[2]:		/raid/steuber/Benchmarks/srem_sdiv_mul/QF_BV/sage/app7/bench_6086.smt2
[runlim] start:			Thu Jun 13 10:17:09 2019
[runlim] main pid:		12193
[runlim] end:			Thu Jun 13 10:17:09 2019
[runlim] status:		ok
[runlim] result:		20
[runlim] children:		0
[runlim] real:			0.93 seconds
[runlim] time:			0.00 seconds
[runlim] space:			0.0 MB
[runlim] samples:		0
[runlim] version:		1.7
[runlim] time limit:		311040000 seconds
[runlim] real time limit:	1200 seconds
[runlim] space limit:		7500 MB
[runlim] argv[0]:		/raid/steuber/Software/boolector/build/bin/boolector
[runlim] argv[1]:		-m
[runlim] argv[2]:		/raid/steuber/Benchmarks/srem_sdiv_mul/QF_BV/Sage2/bench_8683.smt2
[runlim] start:			Thu Jun 13 10:17:01 2019
[runlim] main pid:		12181
[runlim] sample:		8.8 seconds, 11.7 MB
[runlim] end:			Thu Jun 13 10:17:16 2019
[runlim] status:		ok
[runlim] result:		20
[runlim] children:		0
[runlim] real:			15.14 seconds
[runlim] time:			13.12 seconds
[runlim] space:			12.1 MB
[runlim] samples:		143
[runlim] version:		1.7
[runlim] time limit:		311040000 seconds
[runlim] real time limit:	1200 seconds
[runlim] space limit:		7500 MB
[runlim] argv[0]:		/raid/steuber/Software/boolector/build/bin/boolector
[runlim] argv[1]:		-m
[runlim] argv[2]:		/raid/steuber/Benchmarks/srem_sdiv_mul/QF_BV/sage/app7/bench_6081.smt2
[runlim] start:			Thu Jun 13 10:17:16 2019
[runlim] main pid:		12205
[runlim] end:			Thu Jun 13 10:17:16 2019
[runlim] status:		ok
[runlim] result:		20
[runlim] children:		0
[runlim] real:			0.17 seconds
[runlim] time:			0.00 seconds
[runlim] space:			0.0 MB
[runlim] samples:		0
[runlim] version:		1.7
[runlim] time limit:		311040000 seconds
[runlim] real time limit:	1200 seconds
[runlim] space limit:		7500 MB
[runlim] argv[0]:		/raid/steuber/Software/boolector/build/bin/boolector
[runlim] argv[1]:		-m
[runlim] argv[2]:		/raid/steuber/Benchmarks/srem_sdiv_mul/QF_BV/sage/app7/bench_508.smt2
[runlim] start:			Thu Jun 13 10:17:16 2019
[runlim] main pid:		12208
[runlim] end:			Thu Jun 13 10:17:17 2019
[runlim] status:		ok
[runlim] result:		20
[runlim] children:		0
[runlim] real:			1.94 seconds
[runlim] time:			1.60 seconds
[runlim] space:			46.1 MB
[runlim] samples:		17
[runlim] version:		1.7
[runlim] time limit:		311040000 seconds
[runlim] real time limit:	1200 seconds
[runlim] space limit:		7500 MB
[runlim] argv[0]:		/raid/steuber/Software/boolector/build/bin/boolector
[runlim] argv[1]:		-m
[runlim] argv[2]:		/raid/steuber/Benchmarks/srem_sdiv_mul/QF_BV/sage/app5/bench_314.smt2
[runlim] start:			Thu Jun 13 10:17:17 2019
[runlim] main pid:		12226
[runlim] end:			Thu Jun 13 10:17:18 2019
[runlim] status:		ok
[runlim] result:		20
[runlim] children:		0
[runlim] real:			1.09 seconds
[runlim] time:			0.08 seconds
[runlim] space:			5.2 MB
[runlim] samples:		1
[runlim] version:		1.7
[runlim] time limit:		311040000 seconds
[runlim] real time limit:	1200 seconds
[runlim] space limit:		7500 MB
[runlim] argv[0]:		/raid/steuber/Software/boolector/build/bin/boolector
[runlim] argv[1]:		-m
[runlim] argv[2]:		/raid/steuber/Benchmarks/srem_sdiv_mul/QF_BV/sage/app8/bench_3219.smt2
[runlim] start:			Thu Jun 13 10:17:18 2019
[runlim] main pid:		12229
[runlim] end:			Thu Jun 13 10:17:18 2019
[runlim] status:		ok
[runlim] result:		20
[runlim] children:		0
[runlim] real:			0.13 seconds
[runlim] time:			0.00 seconds
[runlim] space:			0.0 MB
[runlim] samples:		0
[runlim] version:		1.7
[runlim] time limit:		311040000 seconds
[runlim] real time limit:	1200 seconds
[runlim] space limit:		7500 MB
[runlim] argv[0]:		/raid/steuber/Software/boolector/build/bin/boolector
[runlim] argv[1]:		-m
[runlim] argv[2]:		/raid/steuber/Benchmarks/srem_sdiv_mul/QF_BV/Sage2/bench_2457.smt2
[runlim] start:			Thu Jun 13 10:17:18 2019
[runlim] main pid:		12232
[runlim] end:			Thu Jun 13 10:17:18 2019
[runlim] status:		ok
[runlim] result:		20
[runlim] children:		0
[runlim] real:			0.72 seconds
[runlim] time:			0.47 seconds
[runlim] space:			31.3 MB
[runlim] samples:		5
[runlim] version:		1.7
[runlim] time limit:		311040000 seconds
[runlim] real time limit:	1200 seconds
[runlim] space limit:		7500 MB
[runlim] argv[0]:		/raid/steuber/Software/boolector/build/bin/boolector
[runlim] argv[1]:		-m
[runlim] argv[2]:		/raid/steuber/Benchmarks/srem_sdiv_mul/QF_BV/sage/app11/bench_330.smt2
[runlim] start:			Thu Jun 13 10:17:18 2019
[runlim] main pid:		12241
[runlim] end:			Thu Jun 13 10:17:19 2019
[runlim] status:		ok
[runlim] result:		20
[runlim] children:		0
[runlim] real:			1.61 seconds
[runlim] time:			0.68 seconds
[runlim] space:			30.5 MB
[runlim] samples:		8
[runlim] version:		1.7
[runlim] time limit:		311040000 seconds
[runlim] real time limit:	1200 seconds
[runlim] space limit:		7500 MB
[runlim] argv[0]:		/raid/steuber/Software/boolector/build/bin/boolector
[runlim] argv[1]:		-m
[runlim] argv[2]:		/raid/steuber/Benchmarks/srem_sdiv_mul/QF_BV/sage/app1/bench_777.smt2
[runlim] start:			Thu Jun 13 10:17:19 2019
[runlim] main pid:		12259
[runlim] end:			Thu Jun 13 10:17:19 2019
[runlim] status:		ok
[runlim] result:		20
[runlim] children:		0
[runlim] real:			0.62 seconds
[runlim] time:			0.00 seconds
[runlim] space:			0.0 MB
[runlim] samples:		0
[runlim] version:		1.7
[runlim] time limit:		311040000 seconds
[runlim] real time limit:	1200 seconds
[runlim] space limit:		7500 MB
[runlim] argv[0]:		/raid/steuber/Software/boolector/build/bin/boolector
[runlim] argv[1]:		-m
[runlim] argv[2]:		/raid/steuber/Benchmarks/srem_sdiv_mul/QF_BV/sage/app7/bench_487.smt2
[runlim] start:			Thu Jun 13 10:17:19 2019
[runlim] main pid:		12262
[runlim] end:			Thu Jun 13 10:17:21 2019
[runlim] status:		ok
[runlim] result:		20
[runlim] children:		0
[runlim] real:			2.43 seconds
[runlim] time:			1.55 seconds
[runlim] space:			46.3 MB
[runlim] samples:		17
[runlim] version:		1.7
[runlim] time limit:		311040000 seconds
[runlim] real time limit:	1200 seconds
[runlim] space limit:		7500 MB
[runlim] argv[0]:		/raid/steuber/Software/boolector/build/bin/boolector
[runlim] argv[1]:		-m
[runlim] argv[2]:		/raid/steuber/Benchmarks/srem_sdiv_mul/QF_BV/Sage2/bench_5988.smt2
[runlim] start:			Thu Jun 13 10:16:49 2019
[runlim] main pid:		11974
[runlim] sample:		9.9 seconds, 20.4 MB
[runlim] sample:		19.9 seconds, 21.8 MB
[runlim] sample:		29.9 seconds, 21.6 MB
[runlim] sample:		39.9 seconds, 21.5 MB
[runlim] end:			Thu Jun 13 10:17:33 2019
[runlim] status:		ok
[runlim] result:		20
[runlim] children:		0
[runlim] real:			44.23 seconds
[runlim] time:			43.85 seconds
[runlim] space:			22.9 MB
[runlim] samples:		440
[runlim] version:		1.7
[runlim] time limit:		311040000 seconds
[runlim] real time limit:	1200 seconds
[runlim] space limit:		7500 MB
[runlim] argv[0]:		/raid/steuber/Software/boolector/build/bin/boolector
[runlim] argv[1]:		-m
[runlim] argv[2]:		/raid/steuber/Benchmarks/srem_sdiv_mul/QF_BV/bmc-bv-svcomp14/s3_srvr_1_alt_true.BV.c.cil.c.21.smt2
[runlim] start:			Thu Jun 13 10:16:52 2019
[runlim] main pid:		12009
[runlim] sample:		9.4 seconds, 23.4 MB
[runlim] sample:		18.4 seconds, 125.5 MB
[runlim] sample:		28.1 seconds, 166.1 MB
[runlim] sample:		38.0 seconds, 144.6 MB
[runlim] sample:		48.0 seconds, 142.8 MB
[runlim] sample:		58.1 seconds, 142.0 MB
[runlim] sample:		68.0 seconds, 141.9 MB
[runlim] sample:		78.0 seconds, 142.0 MB
[runlim] sample:		88.0 seconds, 141.4 MB
[runlim] sample:		98.0 seconds, 141.4 MB
[runlim] sample:		108.0 seconds, 143.9 MB
[runlim] sample:		118.0 seconds, 143.4 MB
[runlim] sample:		128.1 seconds, 143.4 MB
[runlim] sample:		138.1 seconds, 150.1 MB
[runlim] sample:		148.1 seconds, 157.1 MB
[runlim] sample:		158.1 seconds, 156.6 MB
[runlim] sample:		168.1 seconds, 156.5 MB
[runlim] sample:		178.1 seconds, 155.6 MB
[runlim] sample:		188.1 seconds, 156.0 MB
[runlim] sample:		198.1 seconds, 156.0 MB
[runlim] sample:		208.1 seconds, 156.1 MB
[runlim] sample:		218.1 seconds, 155.5 MB
[runlim] sample:		228.1 seconds, 155.5 MB
[runlim] sample:		238.1 seconds, 157.1 MB
[runlim] sample:		248.1 seconds, 157.1 MB
[runlim] sample:		258.1 seconds, 157.1 MB
[runlim] sample:		268.1 seconds, 156.6 MB
[runlim] sample:		278.1 seconds, 156.6 MB
[runlim] sample:		288.1 seconds, 156.6 MB
[runlim] sample:		298.1 seconds, 156.6 MB
[runlim] sample:		308.1 seconds, 156.6 MB
[runlim] sample:		318.1 seconds, 157.0 MB
[runlim] sample:		328.0 seconds, 157.0 MB
[runlim] sample:		338.0 seconds, 157.0 MB
[runlim] sample:		348.0 seconds, 157.0 MB
[runlim] sample:		358.0 seconds, 157.0 MB
[runlim] sample:		368.1 seconds, 158.1 MB
[runlim] sample:		378.1 seconds, 158.5 MB
[runlim] sample:		388.1 seconds, 158.5 MB
[runlim] sample:		398.1 seconds, 158.6 MB
[runlim] sample:		408.0 seconds, 158.2 MB
[runlim] sample:		418.1 seconds, 157.9 MB
[runlim] sample:		428.1 seconds, 158.0 MB
[runlim] sample:		438.1 seconds, 158.0 MB
[runlim] sample:		448.1 seconds, 158.0 MB
[runlim] sample:		458.1 seconds, 158.0 MB
[runlim] sample:		468.1 seconds, 158.0 MB
[runlim] sample:		478.1 seconds, 158.5 MB
[runlim] sample:		488.0 seconds, 157.9 MB
[runlim] sample:		498.0 seconds, 159.0 MB
[runlim] sample:		508.1 seconds, 157.5 MB
[runlim] sample:		518.0 seconds, 157.5 MB
[runlim] sample:		528.0 seconds, 157.5 MB
[runlim] sample:		538.0 seconds, 157.5 MB
[runlim] sample:		548.0 seconds, 157.5 MB
[runlim] sample:		558.0 seconds, 157.5 MB
[runlim] sample:		568.0 seconds, 159.0 MB
[runlim] sample:		578.0 seconds, 159.0 MB
[runlim] sample:		588.0 seconds, 159.0 MB
[runlim] sample:		598.0 seconds, 159.0 MB
[runlim] sample:		608.0 seconds, 159.0 MB
[runlim] sample:		618.0 seconds, 159.0 MB
[runlim] sample:		628.0 seconds, 159.0 MB
[runlim] sample:		638.0 seconds, 159.0 MB
[runlim] sample:		648.0 seconds, 160.0 MB
[runlim] sample:		658.0 seconds, 159.9 MB
[runlim] sample:		668.0 seconds, 159.9 MB
[runlim] sample:		678.0 seconds, 159.9 MB
[runlim] sample:		688.0 seconds, 159.9 MB
[runlim] sample:		698.0 seconds, 159.9 MB
[runlim] sample:		708.0 seconds, 159.9 MB
[runlim] sample:		718.0 seconds, 159.9 MB
[runlim] sample:		728.0 seconds, 159.9 MB
[runlim] sample:		738.0 seconds, 148.6 MB
[runlim] sample:		748.0 seconds, 159.4 MB
[runlim] sample:		758.0 seconds, 159.4 MB
[runlim] sample:		768.0 seconds, 159.4 MB
[runlim] sample:		778.0 seconds, 159.4 MB
[runlim] sample:		788.0 seconds, 159.4 MB
[runlim] sample:		798.0 seconds, 159.4 MB
[runlim] sample:		808.0 seconds, 159.4 MB
[runlim] sample:		818.0 seconds, 159.4 MB
[runlim] sample:		828.0 seconds, 159.4 MB
[runlim] sample:		838.0 seconds, 159.4 MB
[runlim] sample:		848.0 seconds, 159.5 MB
[runlim] sample:		858.0 seconds, 159.4 MB
[runlim] sample:		868.0 seconds, 159.4 MB
[runlim] sample:		878.0 seconds, 159.4 MB
[runlim] sample:		888.0 seconds, 159.4 MB
[runlim] sample:		898.0 seconds, 159.4 MB
[runlim] sample:		908.0 seconds, 159.4 MB
[runlim] sample:		918.0 seconds, 159.4 MB
[runlim] sample:		928.0 seconds, 159.4 MB
[runlim] sample:		938.0 seconds, 159.4 MB
[runlim] sample:		948.0 seconds, 159.4 MB
[runlim] sample:		958.0 seconds, 159.4 MB
[runlim] sample:		968.0 seconds, 159.4 MB
[runlim] sample:		978.0 seconds, 159.4 MB
[runlim] sample:		988.0 seconds, 159.4 MB
[runlim] sample:		998.0 seconds, 159.4 MB
[runlim] sample:		1008.0 seconds, 159.4 MB
[runlim] sample:		1018.0 seconds, 159.4 MB
[runlim] sample:		1028.0 seconds, 159.4 MB
[runlim] sample:		1038.0 seconds, 159.4 MB
[runlim] sample:		1048.0 seconds, 159.4 MB
[runlim] sample:		1058.0 seconds, 159.4 MB
[runlim] sample:		1068.0 seconds, 159.4 MB
[runlim] sample:		1078.0 seconds, 160.4 MB
[runlim] sample:		1088.0 seconds, 160.0 MB
[runlim] sample:		1098.0 seconds, 159.9 MB
[runlim] sample:		1108.0 seconds, 159.9 MB
[runlim] sample:		1118.0 seconds, 159.9 MB
[runlim] sample:		1128.0 seconds, 159.9 MB
[runlim] sample:		1138.0 seconds, 159.9 MB
[runlim] sample:		1148.0 seconds, 159.9 MB
[runlim] sample:		1158.0 seconds, 159.9 MB
[runlim] sample:		1168.0 seconds, 159.9 MB
[runlim] sample:		1178.0 seconds, 159.9 MB
[runlim] sample:		1188.0 seconds, 159.9 MB
[runlim] end:			Thu Jun 13 10:36:52 2019
[runlim] status:		out of time
[runlim] result:		1
[runlim] children:		0
[runlim] real:			1200.05 seconds
[runlim] time:			1197.54 seconds
[runlim] space:			188.8 MB
[runlim] samples:		11995
[runlim] version:		1.7
[runlim] time limit:		311040000 seconds
[runlim] real time limit:	1200 seconds
[runlim] space limit:		7500 MB
[runlim] argv[0]:		/raid/steuber/Software/boolector/build/bin/boolector
[runlim] argv[1]:		-m
[runlim] argv[2]:		/raid/steuber/Benchmarks/srem_sdiv_mul/QF_BV/challenge/integerOverflow.smt2
[runlim] start:			Thu Jun 13 10:17:09 2019
[runlim] main pid:		12196
[runlim] sample:		9.9 seconds, 13.0 MB
[runlim] sample:		19.9 seconds, 15.4 MB
[runlim] sample:		29.9 seconds, 18.4 MB
[runlim] sample:		39.9 seconds, 20.6 MB
[runlim] sample:		49.9 seconds, 21.1 MB
[runlim] sample:		59.9 seconds, 24.4 MB
[runlim] sample:		69.9 seconds, 25.5 MB
[runlim] sample:		79.9 seconds, 28.0 MB
[runlim] sample:		89.9 seconds, 31.6 MB
[runlim] sample:		99.9 seconds, 31.9 MB
[runlim] sample:		109.9 seconds, 32.3 MB
[runlim] sample:		119.9 seconds, 36.9 MB
[runlim] sample:		129.9 seconds, 37.6 MB
[runlim] sample:		139.9 seconds, 38.7 MB
[runlim] sample:		149.9 seconds, 38.9 MB
[runlim] sample:		159.9 seconds, 38.9 MB
[runlim] sample:		169.9 seconds, 39.6 MB
[runlim] sample:		179.9 seconds, 39.7 MB
[runlim] sample:		189.9 seconds, 45.8 MB
[runlim] sample:		199.9 seconds, 39.6 MB
[runlim] sample:		209.9 seconds, 46.9 MB
[runlim] sample:		219.9 seconds, 40.8 MB
[runlim] sample:		229.9 seconds, 41.1 MB
[runlim] sample:		239.9 seconds, 41.9 MB
[runlim] sample:		249.9 seconds, 41.5 MB
[runlim] sample:		259.9 seconds, 41.9 MB
[runlim] sample:		269.9 seconds, 42.5 MB
[runlim] sample:		279.9 seconds, 42.5 MB
[runlim] sample:		289.9 seconds, 48.8 MB
[runlim] sample:		299.9 seconds, 48.4 MB
[runlim] sample:		309.9 seconds, 55.8 MB
[runlim] sample:		319.9 seconds, 49.7 MB
[runlim] sample:		329.9 seconds, 49.7 MB
[runlim] sample:		339.9 seconds, 50.4 MB
[runlim] sample:		349.9 seconds, 50.9 MB
[runlim] sample:		359.9 seconds, 51.0 MB
[runlim] sample:		369.9 seconds, 50.6 MB
[runlim] sample:		379.9 seconds, 51.1 MB
[runlim] sample:		389.9 seconds, 51.5 MB
[runlim] sample:		399.9 seconds, 59.3 MB
[runlim] sample:		409.9 seconds, 58.6 MB
[runlim] sample:		419.9 seconds, 52.1 MB
[runlim] sample:		429.9 seconds, 52.2 MB
[runlim] sample:		439.9 seconds, 59.9 MB
[runlim] sample:		449.9 seconds, 51.8 MB
[runlim] sample:		459.9 seconds, 59.5 MB
[runlim] sample:		469.9 seconds, 52.7 MB
[runlim] sample:		479.9 seconds, 61.2 MB
[runlim] sample:		489.9 seconds, 61.2 MB
[runlim] sample:		499.9 seconds, 53.8 MB
[runlim] sample:		509.9 seconds, 54.0 MB
[runlim] sample:		519.9 seconds, 62.3 MB
[runlim] sample:		529.9 seconds, 62.3 MB
[runlim] sample:		539.9 seconds, 62.3 MB
[runlim] sample:		549.9 seconds, 62.3 MB
[runlim] sample:		559.9 seconds, 69.0 MB
[runlim] sample:		569.9 seconds, 69.3 MB
[runlim] sample:		579.9 seconds, 60.9 MB
[runlim] sample:		589.9 seconds, 60.4 MB
[runlim] sample:		599.9 seconds, 68.7 MB
[runlim] sample:		609.9 seconds, 68.7 MB
[runlim] sample:		619.9 seconds, 68.7 MB
[runlim] sample:		629.9 seconds, 60.5 MB
[runlim] sample:		639.9 seconds, 69.0 MB
[runlim] sample:		649.9 seconds, 69.0 MB
[runlim] sample:		659.9 seconds, 69.0 MB
[runlim] sample:		669.9 seconds, 61.0 MB
[runlim] sample:		679.9 seconds, 61.0 MB
[runlim] sample:		689.9 seconds, 60.4 MB
[runlim] sample:		699.9 seconds, 68.6 MB
[runlim] sample:		709.9 seconds, 68.6 MB
[runlim] sample:		719.9 seconds, 68.6 MB
[runlim] sample:		729.9 seconds, 68.6 MB
[runlim] sample:		739.9 seconds, 61.4 MB
[runlim] sample:		749.9 seconds, 61.4 MB
[runlim] sample:		759.9 seconds, 70.8 MB
[runlim] sample:		769.9 seconds, 70.8 MB
[runlim] sample:		779.9 seconds, 61.2 MB
[runlim] sample:		789.9 seconds, 61.2 MB
[runlim] sample:		799.9 seconds, 70.5 MB
[runlim] sample:		809.9 seconds, 71.2 MB
[runlim] sample:		819.9 seconds, 71.2 MB
[runlim] sample:		829.9 seconds, 71.2 MB
[runlim] sample:		839.9 seconds, 71.2 MB
[runlim] sample:		849.9 seconds, 71.2 MB
[runlim] sample:		859.9 seconds, 71.2 MB
[runlim] sample:		869.9 seconds, 71.2 MB
[runlim] sample:		879.9 seconds, 71.2 MB
[runlim] sample:		889.9 seconds, 62.4 MB
[runlim] sample:		899.9 seconds, 62.4 MB
[runlim] sample:		909.9 seconds, 70.2 MB
[runlim] sample:		919.9 seconds, 70.2 MB
[runlim] sample:		929.9 seconds, 79.5 MB
[runlim] sample:		939.9 seconds, 79.5 MB
[runlim] sample:		949.9 seconds, 79.5 MB
[runlim] sample:		959.9 seconds, 79.5 MB
[runlim] sample:		969.9 seconds, 79.5 MB
[runlim] sample:		979.9 seconds, 79.5 MB
[runlim] sample:		989.9 seconds, 79.5 MB
[runlim] sample:		999.9 seconds, 79.5 MB
[runlim] sample:		1009.9 seconds, 79.5 MB
[runlim] sample:		1019.9 seconds, 79.5 MB
[runlim] sample:		1029.9 seconds, 79.5 MB
[runlim] sample:		1039.9 seconds, 79.5 MB
[runlim] sample:		1049.9 seconds, 70.2 MB
[runlim] sample:		1059.9 seconds, 79.5 MB
[runlim] sample:		1069.9 seconds, 79.5 MB
[runlim] sample:		1079.9 seconds, 79.5 MB
[runlim] sample:		1089.9 seconds, 79.5 MB
[runlim] sample:		1099.9 seconds, 79.5 MB
[runlim] sample:		1109.9 seconds, 79.5 MB
[runlim] sample:		1119.9 seconds, 71.2 MB
[runlim] sample:		1129.9 seconds, 71.2 MB
[runlim] sample:		1139.9 seconds, 71.2 MB
[runlim] sample:		1149.9 seconds, 72.7 MB
[runlim] sample:		1159.9 seconds, 83.0 MB
[runlim] sample:		1169.9 seconds, 83.0 MB
[runlim] sample:		1179.9 seconds, 71.8 MB
[runlim] sample:		1189.9 seconds, 71.8 MB
[runlim] end:			Thu Jun 13 10:37:09 2019
[runlim] status:		out of time
[runlim] result:		1
[runlim] children:		0
[runlim] real:			1200.06 seconds
[runlim] time:			1199.00 seconds
[runlim] space:			83.0 MB
[runlim] samples:		11991
