[runlim] version:		1.7
[runlim] time limit:		311040000 seconds
[runlim] real time limit:	1200 seconds
[runlim] space limit:		7500 MB
[runlim] argv[0]:		/raid/steuber/Software/boolector/build/bin/boolector
[runlim] argv[1]:		-m
[runlim] argv[2]:		/raid/steuber/Benchmarks/srem_sdiv_mul/QF_BV/sage/app1/bench_2524.smt2
[runlim] start:			Thu Jun 13 10:16:47 2019
[runlim] main pid:		20326
[runlim] end:			Thu Jun 13 10:16:47 2019
[runlim] status:		ok
[runlim] result:		20
[runlim] children:		0
[runlim] real:			0.08 seconds
[runlim] time:			0.00 seconds
[runlim] space:			0.0 MB
[runlim] samples:		0
[runlim] version:		1.7
[runlim] time limit:		311040000 seconds
[runlim] real time limit:	1200 seconds
[runlim] space limit:		7500 MB
[runlim] argv[0]:		/raid/steuber/Software/boolector/build/bin/boolector
[runlim] argv[1]:		-m
[runlim] argv[2]:		/raid/steuber/Benchmarks/srem_sdiv_mul/QF_BV/sage/app1/bench_2579.smt2
[runlim] start:			Thu Jun 13 10:16:47 2019
[runlim] main pid:		20337
[runlim] end:			Thu Jun 13 10:16:47 2019
[runlim] status:		ok
[runlim] result:		20
[runlim] children:		0
[runlim] real:			0.11 seconds
[runlim] time:			0.00 seconds
[runlim] space:			0.0 MB
[runlim] samples:		0
[runlim] version:		1.7
[runlim] time limit:		311040000 seconds
[runlim] real time limit:	1200 seconds
[runlim] space limit:		7500 MB
[runlim] argv[0]:		/raid/steuber/Software/boolector/build/bin/boolector
[runlim] argv[1]:		-m
[runlim] argv[2]:		/raid/steuber/Benchmarks/srem_sdiv_mul/QF_BV/sage/app7/bench_5933.smt2
[runlim] start:			Thu Jun 13 10:16:47 2019
[runlim] main pid:		20340
[runlim] end:			Thu Jun 13 10:16:47 2019
[runlim] status:		ok
[runlim] result:		20
[runlim] children:		0
[runlim] real:			0.14 seconds
[runlim] time:			0.00 seconds
[runlim] space:			0.0 MB
[runlim] samples:		0
[runlim] version:		1.7
[runlim] time limit:		311040000 seconds
[runlim] real time limit:	1200 seconds
[runlim] space limit:		7500 MB
[runlim] argv[0]:		/raid/steuber/Software/boolector/build/bin/boolector
[runlim] argv[1]:		-m
[runlim] argv[2]:		/raid/steuber/Benchmarks/srem_sdiv_mul/QF_BV/sage/app9/bench_3198.smt2
[runlim] start:			Thu Jun 13 10:16:47 2019
[runlim] main pid:		20324
[runlim] end:			Thu Jun 13 10:16:47 2019
[runlim] status:		ok
[runlim] result:		20
[runlim] children:		0
[runlim] real:			0.24 seconds
[runlim] time:			0.08 seconds
[runlim] space:			7.4 MB
[runlim] samples:		1
[runlim] version:		1.7
[runlim] time limit:		311040000 seconds
[runlim] real time limit:	1200 seconds
[runlim] space limit:		7500 MB
[runlim] argv[0]:		/raid/steuber/Software/boolector/build/bin/boolector
[runlim] argv[1]:		-m
[runlim] argv[2]:		/raid/steuber/Benchmarks/srem_sdiv_mul/QF_BV/sage/app7/bench_2749.smt2
[runlim] start:			Thu Jun 13 10:16:47 2019
[runlim] main pid:		20331
[runlim] end:			Thu Jun 13 10:16:47 2019
[runlim] status:		ok
[runlim] result:		20
[runlim] children:		0
[runlim] real:			0.37 seconds
[runlim] time:			0.19 seconds
[runlim] space:			11.5 MB
[runlim] samples:		2
[runlim] version:		1.7
[runlim] time limit:		311040000 seconds
[runlim] real time limit:	1200 seconds
[runlim] space limit:		7500 MB
[runlim] argv[0]:		/raid/steuber/Software/boolector/build/bin/boolector
[runlim] argv[1]:		-m
[runlim] argv[2]:		/raid/steuber/Benchmarks/srem_sdiv_mul/QF_BV/sage/app7/bench_3776.smt2
[runlim] start:			Thu Jun 13 10:16:47 2019
[runlim] main pid:		20343
[runlim] end:			Thu Jun 13 10:16:47 2019
[runlim] status:		ok
[runlim] result:		20
[runlim] children:		0
[runlim] real:			0.41 seconds
[runlim] time:			0.18 seconds
[runlim] space:			11.2 MB
[runlim] samples:		2
[runlim] version:		1.7
[runlim] time limit:		311040000 seconds
[runlim] real time limit:	1200 seconds
[runlim] space limit:		7500 MB
[runlim] argv[0]:		/raid/steuber/Software/boolector/build/bin/boolector
[runlim] argv[1]:		-m
[runlim] argv[2]:		/raid/steuber/Benchmarks/srem_sdiv_mul/QF_BV/Sage2/bench_16613.smt2
[runlim] start:			Thu Jun 13 10:16:47 2019
[runlim] main pid:		20349
[runlim] end:			Thu Jun 13 10:16:47 2019
[runlim] status:		ok
[runlim] result:		20
[runlim] children:		0
[runlim] real:			0.52 seconds
[runlim] time:			0.08 seconds
[runlim] space:			3.2 MB
[runlim] samples:		1
[runlim] version:		1.7
[runlim] time limit:		311040000 seconds
[runlim] real time limit:	1200 seconds
[runlim] space limit:		7500 MB
[runlim] argv[0]:		/raid/steuber/Software/boolector/build/bin/boolector
[runlim] argv[1]:		-m
[runlim] argv[2]:		/raid/steuber/Benchmarks/srem_sdiv_mul/QF_BV/Sage2/bench_12939.smt2
[runlim] start:			Thu Jun 13 10:16:47 2019
[runlim] main pid:		20314
[runlim] end:			Thu Jun 13 10:16:48 2019
[runlim] status:		ok
[runlim] result:		20
[runlim] children:		0
[runlim] real:			1.58 seconds
[runlim] time:			1.49 seconds
[runlim] space:			13.2 MB
[runlim] samples:		15
[runlim] version:		1.7
[runlim] time limit:		311040000 seconds
[runlim] real time limit:	1200 seconds
[runlim] space limit:		7500 MB
[runlim] argv[0]:		/raid/steuber/Software/boolector/build/bin/boolector
[runlim] argv[1]:		-m
[runlim] argv[2]:		/raid/steuber/Benchmarks/srem_sdiv_mul/QF_BV/Sage2/bench_4905.smt2
[runlim] start:			Thu Jun 13 10:16:48 2019
[runlim] main pid:		20388
[runlim] end:			Thu Jun 13 10:16:48 2019
[runlim] status:		ok
[runlim] result:		20
[runlim] children:		0
[runlim] real:			0.63 seconds
[runlim] time:			0.00 seconds
[runlim] space:			0.0 MB
[runlim] samples:		0
[runlim] version:		1.7
[runlim] time limit:		311040000 seconds
[runlim] real time limit:	1200 seconds
[runlim] space limit:		7500 MB
[runlim] argv[0]:		/raid/steuber/Software/boolector/build/bin/boolector
[runlim] argv[1]:		-m
[runlim] argv[2]:		/raid/steuber/Benchmarks/srem_sdiv_mul/QF_BV/sage/app7/bench_11.smt2
[runlim] start:			Thu Jun 13 10:16:47 2019
[runlim] main pid:		20346
[runlim] end:			Thu Jun 13 10:16:49 2019
[runlim] status:		ok
[runlim] result:		20
[runlim] children:		0
[runlim] real:			2.01 seconds
[runlim] time:			1.67 seconds
[runlim] space:			50.8 MB
[runlim] samples:		17
[runlim] version:		1.7
[runlim] time limit:		311040000 seconds
[runlim] real time limit:	1200 seconds
[runlim] space limit:		7500 MB
[runlim] argv[0]:		/raid/steuber/Software/boolector/build/bin/boolector
[runlim] argv[1]:		-m
[runlim] argv[2]:		/raid/steuber/Benchmarks/srem_sdiv_mul/QF_BV/sage/app12/bench_4865.smt2
[runlim] start:			Thu Jun 13 10:16:49 2019
[runlim] main pid:		20397
[runlim] end:			Thu Jun 13 10:16:49 2019
[runlim] status:		ok
[runlim] result:		20
[runlim] children:		0
[runlim] real:			0.02 seconds
[runlim] time:			0.00 seconds
[runlim] space:			0.0 MB
[runlim] samples:		0
[runlim] version:		1.7
[runlim] time limit:		311040000 seconds
[runlim] real time limit:	1200 seconds
[runlim] space limit:		7500 MB
[runlim] argv[0]:		/raid/steuber/Software/boolector/build/bin/boolector
[runlim] argv[1]:		-m
[runlim] argv[2]:		/raid/steuber/Benchmarks/srem_sdiv_mul/QF_BV/sage/app7/bench_1665.smt2
[runlim] start:			Thu Jun 13 10:16:48 2019
[runlim] main pid:		20394
[runlim] end:			Thu Jun 13 10:16:49 2019
[runlim] status:		ok
[runlim] result:		20
[runlim] children:		0
[runlim] real:			1.42 seconds
[runlim] time:			0.61 seconds
[runlim] space:			28.3 MB
[runlim] samples:		7
[runlim] version:		1.7
[runlim] time limit:		311040000 seconds
[runlim] real time limit:	1200 seconds
[runlim] space limit:		7500 MB
[runlim] argv[0]:		/raid/steuber/Software/boolector/build/bin/boolector
[runlim] argv[1]:		-m
[runlim] argv[2]:		/raid/steuber/Benchmarks/srem_sdiv_mul/QF_BV/sage/app1/bench_206.smt2
[runlim] start:			Thu Jun 13 10:16:49 2019
[runlim] main pid:		20400
[runlim] end:			Thu Jun 13 10:16:49 2019
[runlim] status:		ok
[runlim] result:		20
[runlim] children:		0
[runlim] real:			0.48 seconds
[runlim] time:			0.36 seconds
[runlim] space:			54.0 MB
[runlim] samples:		4
[runlim] version:		1.7
[runlim] time limit:		311040000 seconds
[runlim] real time limit:	1200 seconds
[runlim] space limit:		7500 MB
[runlim] argv[0]:		/raid/steuber/Software/boolector/build/bin/boolector
[runlim] argv[1]:		-m
[runlim] argv[2]:		/raid/steuber/Benchmarks/srem_sdiv_mul/QF_BV/sage/app12/bench_2009.smt2
[runlim] start:			Thu Jun 13 10:16:49 2019
[runlim] main pid:		20406
[runlim] end:			Thu Jun 13 10:16:49 2019
[runlim] status:		ok
[runlim] result:		20
[runlim] children:		0
[runlim] real:			0.52 seconds
[runlim] time:			0.00 seconds
[runlim] space:			0.0 MB
[runlim] samples:		0
[runlim] version:		1.7
[runlim] time limit:		311040000 seconds
[runlim] real time limit:	1200 seconds
[runlim] space limit:		7500 MB
[runlim] argv[0]:		/raid/steuber/Software/boolector/build/bin/boolector
[runlim] argv[1]:		-m
[runlim] argv[2]:		/raid/steuber/Benchmarks/srem_sdiv_mul/QF_BV/sage/app1/bench_1181.smt2
[runlim] start:			Thu Jun 13 10:16:49 2019
[runlim] main pid:		20412
[runlim] end:			Thu Jun 13 10:16:49 2019
[runlim] status:		ok
[runlim] result:		20
[runlim] children:		0
[runlim] real:			0.62 seconds
[runlim] time:			0.00 seconds
[runlim] space:			0.0 MB
[runlim] samples:		0
[runlim] version:		1.7
[runlim] time limit:		311040000 seconds
[runlim] real time limit:	1200 seconds
[runlim] space limit:		7500 MB
[runlim] argv[0]:		/raid/steuber/Software/boolector/build/bin/boolector
[runlim] argv[1]:		-m
[runlim] argv[2]:		/raid/steuber/Benchmarks/srem_sdiv_mul/QF_BV/Sage2/bench_14235.smt2
[runlim] start:			Thu Jun 13 10:16:49 2019
[runlim] main pid:		20403
[runlim] end:			Thu Jun 13 10:16:49 2019
[runlim] status:		ok
[runlim] result:		20
[runlim] children:		0
[runlim] real:			0.70 seconds
[runlim] time:			0.18 seconds
[runlim] space:			6.8 MB
[runlim] samples:		2
[runlim] version:		1.7
[runlim] time limit:		311040000 seconds
[runlim] real time limit:	1200 seconds
[runlim] space limit:		7500 MB
[runlim] argv[0]:		/raid/steuber/Software/boolector/build/bin/boolector
[runlim] argv[1]:		-m
[runlim] argv[2]:		/raid/steuber/Benchmarks/srem_sdiv_mul/QF_BV/Sage2/bench_12808.smt2
[runlim] start:			Thu Jun 13 10:16:49 2019
[runlim] main pid:		20415
[runlim] end:			Thu Jun 13 10:16:51 2019
[runlim] status:		ok
[runlim] result:		20
[runlim] children:		0
[runlim] real:			2.51 seconds
[runlim] time:			1.61 seconds
[runlim] space:			24.7 MB
[runlim] samples:		18
[runlim] version:		1.7
[runlim] time limit:		311040000 seconds
[runlim] real time limit:	1200 seconds
[runlim] space limit:		7500 MB
[runlim] argv[0]:		/raid/steuber/Software/boolector/build/bin/boolector
[runlim] argv[1]:		-m
[runlim] argv[2]:		/raid/steuber/Benchmarks/srem_sdiv_mul/QF_BV/sage/app1/bench_405.smt2
[runlim] start:			Thu Jun 13 10:16:51 2019
[runlim] main pid:		20442
[runlim] end:			Thu Jun 13 10:16:51 2019
[runlim] status:		ok
[runlim] result:		20
[runlim] children:		0
[runlim] real:			0.57 seconds
[runlim] time:			0.00 seconds
[runlim] space:			0.0 MB
[runlim] samples:		0
[runlim] version:		1.7
[runlim] time limit:		311040000 seconds
[runlim] real time limit:	1200 seconds
[runlim] space limit:		7500 MB
[runlim] argv[0]:		/raid/steuber/Software/boolector/build/bin/boolector
[runlim] argv[1]:		-m
[runlim] argv[2]:		/raid/steuber/Benchmarks/srem_sdiv_mul/QF_BV/brummayerbiere2/umulov2bw0896.smt2
[runlim] start:			Thu Jun 13 10:16:47 2019
[runlim] main pid:		20358
[runlim] end:			Thu Jun 13 10:16:51 2019
[runlim] status:		ok
[runlim] result:		20
[runlim] children:		0
[runlim] real:			4.64 seconds
[runlim] time:			3.89 seconds
[runlim] space:			441.9 MB
[runlim] samples:		40
[runlim] version:		1.7
[runlim] time limit:		311040000 seconds
[runlim] real time limit:	1200 seconds
[runlim] space limit:		7500 MB
[runlim] argv[0]:		/raid/steuber/Software/boolector/build/bin/boolector
[runlim] argv[1]:		-m
[runlim] argv[2]:		/raid/steuber/Benchmarks/srem_sdiv_mul/QF_BV/Sage2/bench_4648.smt2
[runlim] start:			Thu Jun 13 10:16:51 2019
[runlim] main pid:		20448
[runlim] end:			Thu Jun 13 10:16:51 2019
[runlim] status:		ok
[runlim] result:		20
[runlim] children:		0
[runlim] real:			0.83 seconds
[runlim] time:			0.08 seconds
[runlim] space:			3.2 MB
[runlim] samples:		1
[runlim] version:		1.7
[runlim] time limit:		311040000 seconds
[runlim] real time limit:	1200 seconds
[runlim] space limit:		7500 MB
[runlim] argv[0]:		/raid/steuber/Software/boolector/build/bin/boolector
[runlim] argv[1]:		-m
[runlim] argv[2]:		/raid/steuber/Benchmarks/srem_sdiv_mul/QF_BV/Sage2/bench_5458.smt2
[runlim] start:			Thu Jun 13 10:16:49 2019
[runlim] main pid:		20421
[runlim] end:			Thu Jun 13 10:16:52 2019
[runlim] status:		ok
[runlim] result:		20
[runlim] children:		0
[runlim] real:			3.05 seconds
[runlim] time:			2.27 seconds
[runlim] space:			11.3 MB
[runlim] samples:		23
[runlim] version:		1.7
[runlim] time limit:		311040000 seconds
[runlim] real time limit:	1200 seconds
[runlim] space limit:		7500 MB
[runlim] argv[0]:		/raid/steuber/Software/boolector/build/bin/boolector
[runlim] argv[1]:		-m
[runlim] argv[2]:		/raid/steuber/Benchmarks/srem_sdiv_mul/QF_BV/Sage2/bench_6930.smt2
[runlim] start:			Thu Jun 13 10:16:51 2019
[runlim] main pid:		20454
[runlim] end:			Thu Jun 13 10:16:52 2019
[runlim] status:		ok
[runlim] result:		20
[runlim] children:		0
[runlim] real:			1.12 seconds
[runlim] time:			0.17 seconds
[runlim] space:			18.5 MB
[runlim] samples:		2
[runlim] version:		1.7
[runlim] time limit:		311040000 seconds
[runlim] real time limit:	1200 seconds
[runlim] space limit:		7500 MB
[runlim] argv[0]:		/raid/steuber/Software/boolector/build/bin/boolector
[runlim] argv[1]:		-m
[runlim] argv[2]:		/raid/steuber/Benchmarks/srem_sdiv_mul/QF_BV/sage/app2/bench_195.smt2
[runlim] start:			Thu Jun 13 10:16:51 2019
[runlim] main pid:		20445
[runlim] end:			Thu Jun 13 10:16:52 2019
[runlim] status:		ok
[runlim] result:		20
[runlim] children:		0
[runlim] real:			1.13 seconds
[runlim] time:			0.46 seconds
[runlim] space:			8.3 MB
[runlim] samples:		5
[runlim] version:		1.7
[runlim] time limit:		311040000 seconds
[runlim] real time limit:	1200 seconds
[runlim] space limit:		7500 MB
[runlim] argv[0]:		/raid/steuber/Software/boolector/build/bin/boolector
[runlim] argv[1]:		-m
[runlim] argv[2]:		/raid/steuber/Benchmarks/srem_sdiv_mul/QF_BV/Sage2/bench_10986.smt2
[runlim] start:			Thu Jun 13 10:16:47 2019
[runlim] main pid:		20355
[runlim] end:			Thu Jun 13 10:16:52 2019
[runlim] status:		ok
[runlim] result:		20
[runlim] children:		0
[runlim] real:			5.81 seconds
[runlim] time:			5.12 seconds
[runlim] space:			48.1 MB
[runlim] samples:		53
[runlim] version:		1.7
[runlim] time limit:		311040000 seconds
[runlim] real time limit:	1200 seconds
[runlim] space limit:		7500 MB
[runlim] argv[0]:		/raid/steuber/Software/boolector/build/bin/boolector
[runlim] argv[1]:		-m
[runlim] argv[2]:		/raid/steuber/Benchmarks/srem_sdiv_mul/QF_BV/sage/app7/bench_5755.smt2
[runlim] start:			Thu Jun 13 10:16:52 2019
[runlim] main pid:		20481
[runlim] end:			Thu Jun 13 10:16:52 2019
[runlim] status:		ok
[runlim] result:		20
[runlim] children:		0
[runlim] real:			0.85 seconds
[runlim] time:			0.00 seconds
[runlim] space:			0.0 MB
[runlim] samples:		0
[runlim] version:		1.7
[runlim] time limit:		311040000 seconds
[runlim] real time limit:	1200 seconds
[runlim] space limit:		7500 MB
[runlim] argv[0]:		/raid/steuber/Software/boolector/build/bin/boolector
[runlim] argv[1]:		-m
[runlim] argv[2]:		/raid/steuber/Benchmarks/srem_sdiv_mul/QF_BV/Sage2/bench_12906.smt2
[runlim] start:			Thu Jun 13 10:16:52 2019
[runlim] main pid:		20484
[runlim] end:			Thu Jun 13 10:16:53 2019
[runlim] status:		ok
[runlim] result:		20
[runlim] children:		0
[runlim] real:			1.27 seconds
[runlim] time:			0.34 seconds
[runlim] space:			8.3 MB
[runlim] samples:		4
[runlim] version:		1.7
[runlim] time limit:		311040000 seconds
[runlim] real time limit:	1200 seconds
[runlim] space limit:		7500 MB
[runlim] argv[0]:		/raid/steuber/Software/boolector/build/bin/boolector
[runlim] argv[1]:		-m
[runlim] argv[2]:		/raid/steuber/Benchmarks/srem_sdiv_mul/QF_BV/sage/app2/bench_1090.smt2
[runlim] start:			Thu Jun 13 10:16:53 2019
[runlim] main pid:		20493
[runlim] end:			Thu Jun 13 10:16:53 2019
[runlim] status:		ok
[runlim] result:		20
[runlim] children:		0
[runlim] real:			0.34 seconds
[runlim] time:			0.00 seconds
[runlim] space:			0.0 MB
[runlim] samples:		0
[runlim] version:		1.7
[runlim] time limit:		311040000 seconds
[runlim] real time limit:	1200 seconds
[runlim] space limit:		7500 MB
[runlim] argv[0]:		/raid/steuber/Software/boolector/build/bin/boolector
[runlim] argv[1]:		-m
[runlim] argv[2]:		/raid/steuber/Benchmarks/srem_sdiv_mul/QF_BV/Sage2/bench_13605.smt2
[runlim] start:			Thu Jun 13 10:16:52 2019
[runlim] main pid:		20461
[runlim] end:			Thu Jun 13 10:16:53 2019
[runlim] status:		ok
[runlim] result:		20
[runlim] children:		0
[runlim] real:			1.80 seconds
[runlim] time:			1.51 seconds
[runlim] space:			15.2 MB
[runlim] samples:		16
[runlim] version:		1.7
[runlim] time limit:		311040000 seconds
[runlim] real time limit:	1200 seconds
[runlim] space limit:		7500 MB
[runlim] argv[0]:		/raid/steuber/Software/boolector/build/bin/boolector
[runlim] argv[1]:		-m
[runlim] argv[2]:		/raid/steuber/Benchmarks/srem_sdiv_mul/QF_BV/brummayerbiere2/smulov2bw064.smt2
[runlim] start:			Thu Jun 13 10:16:52 2019
[runlim] main pid:		20463
[runlim] end:			Thu Jun 13 10:16:53 2019
[runlim] status:		ok
[runlim] result:		20
[runlim] children:		0
[runlim] real:			1.89 seconds
[runlim] time:			1.62 seconds
[runlim] space:			16.4 MB
[runlim] samples:		17
[runlim] version:		1.7
[runlim] time limit:		311040000 seconds
[runlim] real time limit:	1200 seconds
[runlim] space limit:		7500 MB
[runlim] argv[0]:		/raid/steuber/Software/boolector/build/bin/boolector
[runlim] argv[1]:		-m
[runlim] argv[2]:		/raid/steuber/Benchmarks/srem_sdiv_mul/QF_BV/Sage2/bench_16873.smt2
[runlim] start:			Thu Jun 13 10:16:53 2019
[runlim] main pid:		20499
[runlim] end:			Thu Jun 13 10:16:54 2019
[runlim] status:		ok
[runlim] result:		20
[runlim] children:		0
[runlim] real:			1.05 seconds
[runlim] time:			0.18 seconds
[runlim] space:			4.2 MB
[runlim] samples:		2
[runlim] version:		1.7
[runlim] time limit:		311040000 seconds
[runlim] real time limit:	1200 seconds
[runlim] space limit:		7500 MB
[runlim] argv[0]:		/raid/steuber/Software/boolector/build/bin/boolector
[runlim] argv[1]:		-m
[runlim] argv[2]:		/raid/steuber/Benchmarks/srem_sdiv_mul/QF_BV/Sage2/bench_11792.smt2
[runlim] start:			Thu Jun 13 10:16:52 2019
[runlim] main pid:		20457
[runlim] end:			Thu Jun 13 10:16:54 2019
[runlim] status:		ok
[runlim] result:		20
[runlim] children:		0
[runlim] real:			2.51 seconds
[runlim] time:			2.39 seconds
[runlim] space:			20.7 MB
[runlim] samples:		24
[runlim] version:		1.7
[runlim] time limit:		311040000 seconds
[runlim] real time limit:	1200 seconds
[runlim] space limit:		7500 MB
[runlim] argv[0]:		/raid/steuber/Software/boolector/build/bin/boolector
[runlim] argv[1]:		-m
[runlim] argv[2]:		/raid/steuber/Benchmarks/srem_sdiv_mul/QF_BV/sage/app1/bench_2603.smt2
[runlim] start:			Thu Jun 13 10:16:54 2019
[runlim] main pid:		20508
[runlim] end:			Thu Jun 13 10:16:54 2019
[runlim] status:		ok
[runlim] result:		20
[runlim] children:		0
[runlim] real:			0.54 seconds
[runlim] time:			0.00 seconds
[runlim] space:			0.0 MB
[runlim] samples:		0
[runlim] version:		1.7
[runlim] time limit:		311040000 seconds
[runlim] real time limit:	1200 seconds
[runlim] space limit:		7500 MB
[runlim] argv[0]:		/raid/steuber/Software/boolector/build/bin/boolector
[runlim] argv[1]:		-m
[runlim] argv[2]:		/raid/steuber/Benchmarks/srem_sdiv_mul/QF_BV/sage/app7/bench_1243.smt2
[runlim] start:			Thu Jun 13 10:16:54 2019
[runlim] main pid:		20505
[runlim] end:			Thu Jun 13 10:16:55 2019
[runlim] status:		ok
[runlim] result:		20
[runlim] children:		0
[runlim] real:			1.12 seconds
[runlim] time:			0.98 seconds
[runlim] space:			29.0 MB
[runlim] samples:		10
[runlim] version:		1.7
[runlim] time limit:		311040000 seconds
[runlim] real time limit:	1200 seconds
[runlim] space limit:		7500 MB
[runlim] argv[0]:		/raid/steuber/Software/boolector/build/bin/boolector
[runlim] argv[1]:		-m
[runlim] argv[2]:		/raid/steuber/Benchmarks/srem_sdiv_mul/QF_BV/sage/app2/bench_1133.smt2
[runlim] start:			Thu Jun 13 10:16:55 2019
[runlim] main pid:		20520
[runlim] end:			Thu Jun 13 10:16:55 2019
[runlim] status:		ok
[runlim] result:		20
[runlim] children:		0
[runlim] real:			0.18 seconds
[runlim] time:			0.00 seconds
[runlim] space:			0.0 MB
[runlim] samples:		0
[runlim] version:		1.7
[runlim] time limit:		311040000 seconds
[runlim] real time limit:	1200 seconds
[runlim] space limit:		7500 MB
[runlim] argv[0]:		/raid/steuber/Software/boolector/build/bin/boolector
[runlim] argv[1]:		-m
[runlim] argv[2]:		/raid/steuber/Benchmarks/srem_sdiv_mul/QF_BV/sage/app1/bench_2108.smt2
[runlim] start:			Thu Jun 13 10:16:55 2019
[runlim] main pid:		20526
[runlim] end:			Thu Jun 13 10:16:55 2019
[runlim] status:		ok
[runlim] result:		20
[runlim] children:		0
[runlim] real:			0.28 seconds
[runlim] time:			0.00 seconds
[runlim] space:			0.0 MB
[runlim] samples:		0
[runlim] version:		1.7
[runlim] time limit:		311040000 seconds
[runlim] real time limit:	1200 seconds
[runlim] space limit:		7500 MB
[runlim] argv[0]:		/raid/steuber/Software/boolector/build/bin/boolector
[runlim] argv[1]:		-m
[runlim] argv[2]:		/raid/steuber/Benchmarks/srem_sdiv_mul/QF_BV/sage/app7/bench_6.smt2
[runlim] start:			Thu Jun 13 10:16:53 2019
[runlim] main pid:		20496
[runlim] end:			Thu Jun 13 10:16:55 2019
[runlim] status:		ok
[runlim] result:		20
[runlim] children:		0
[runlim] real:			2.38 seconds
[runlim] time:			1.70 seconds
[runlim] space:			50.8 MB
[runlim] samples:		19
[runlim] version:		1.7
[runlim] time limit:		311040000 seconds
[runlim] real time limit:	1200 seconds
[runlim] space limit:		7500 MB
[runlim] argv[0]:		/raid/steuber/Software/boolector/build/bin/boolector
[runlim] argv[1]:		-m
[runlim] argv[2]:		/raid/steuber/Benchmarks/srem_sdiv_mul/QF_BV/Sage2/bench_9052.smt2
[runlim] start:			Thu Jun 13 10:16:54 2019
[runlim] main pid:		20511
[runlim] end:			Thu Jun 13 10:16:55 2019
[runlim] status:		ok
[runlim] result:		20
[runlim] children:		0
[runlim] real:			1.39 seconds
[runlim] time:			0.76 seconds
[runlim] space:			8.6 MB
[runlim] samples:		8
[runlim] version:		1.7
[runlim] time limit:		311040000 seconds
[runlim] real time limit:	1200 seconds
[runlim] space limit:		7500 MB
[runlim] argv[0]:		/raid/steuber/Software/boolector/build/bin/boolector
[runlim] argv[1]:		-m
[runlim] argv[2]:		/raid/steuber/Benchmarks/srem_sdiv_mul/QF_BV/sage/app12/bench_673.smt2
[runlim] start:			Thu Jun 13 10:16:55 2019
[runlim] main pid:		20533
[runlim] end:			Thu Jun 13 10:16:55 2019
[runlim] status:		ok
[runlim] result:		20
[runlim] children:		0
[runlim] real:			0.43 seconds
[runlim] time:			0.00 seconds
[runlim] space:			0.0 MB
[runlim] samples:		0
[runlim] version:		1.7
[runlim] time limit:		311040000 seconds
[runlim] real time limit:	1200 seconds
[runlim] space limit:		7500 MB
[runlim] argv[0]:		/raid/steuber/Software/boolector/build/bin/boolector
[runlim] argv[1]:		-m
[runlim] argv[2]:		/raid/steuber/Benchmarks/srem_sdiv_mul/QF_BV/sage/app7/bench_5344.smt2
[runlim] start:			Thu Jun 13 10:16:55 2019
[runlim] main pid:		20535
[runlim] end:			Thu Jun 13 10:16:55 2019
[runlim] status:		ok
[runlim] result:		20
[runlim] children:		0
[runlim] real:			0.49 seconds
[runlim] time:			0.00 seconds
[runlim] space:			0.0 MB
[runlim] samples:		0
[runlim] version:		1.7
[runlim] time limit:		311040000 seconds
[runlim] real time limit:	1200 seconds
[runlim] space limit:		7500 MB
[runlim] argv[0]:		/raid/steuber/Software/boolector/build/bin/boolector
[runlim] argv[1]:		-m
[runlim] argv[2]:		/raid/steuber/Benchmarks/srem_sdiv_mul/QF_BV/sage/app2/bench_40.smt2
[runlim] start:			Thu Jun 13 10:16:55 2019
[runlim] main pid:		20529
[runlim] end:			Thu Jun 13 10:16:56 2019
[runlim] status:		ok
[runlim] result:		20
[runlim] children:		0
[runlim] real:			1.19 seconds
[runlim] time:			0.73 seconds
[runlim] space:			8.9 MB
[runlim] samples:		8
[runlim] version:		1.7
[runlim] time limit:		311040000 seconds
[runlim] real time limit:	1200 seconds
[runlim] space limit:		7500 MB
[runlim] argv[0]:		/raid/steuber/Software/boolector/build/bin/boolector
[runlim] argv[1]:		-m
[runlim] argv[2]:		/raid/steuber/Benchmarks/srem_sdiv_mul/QF_BV/sage/app8/bench_3535.smt2
[runlim] start:			Thu Jun 13 10:16:56 2019
[runlim] main pid:		20544
[runlim] end:			Thu Jun 13 10:16:56 2019
[runlim] status:		ok
[runlim] result:		20
[runlim] children:		0
[runlim] real:			0.20 seconds
[runlim] time:			0.00 seconds
[runlim] space:			0.0 MB
[runlim] samples:		0
[runlim] version:		1.7
[runlim] time limit:		311040000 seconds
[runlim] real time limit:	1200 seconds
[runlim] space limit:		7500 MB
[runlim] argv[0]:		/raid/steuber/Software/boolector/build/bin/boolector
[runlim] argv[1]:		-m
[runlim] argv[2]:		/raid/steuber/Benchmarks/srem_sdiv_mul/QF_BV/sage/app7/bench_6146.smt2
[runlim] start:			Thu Jun 13 10:16:56 2019
[runlim] main pid:		20547
[runlim] end:			Thu Jun 13 10:16:56 2019
[runlim] status:		ok
[runlim] result:		20
[runlim] children:		0
[runlim] real:			0.27 seconds
[runlim] time:			0.00 seconds
[runlim] space:			0.0 MB
[runlim] samples:		0
[runlim] version:		1.7
[runlim] time limit:		311040000 seconds
[runlim] real time limit:	1200 seconds
[runlim] space limit:		7500 MB
[runlim] argv[0]:		/raid/steuber/Software/boolector/build/bin/boolector
[runlim] argv[1]:		-m
[runlim] argv[2]:		/raid/steuber/Benchmarks/srem_sdiv_mul/QF_BV/sage/app11/bench_145.smt2
[runlim] start:			Thu Jun 13 10:16:55 2019
[runlim] main pid:		20538
[runlim] end:			Thu Jun 13 10:16:56 2019
[runlim] status:		ok
[runlim] result:		20
[runlim] children:		0
[runlim] real:			1.27 seconds
[runlim] time:			0.68 seconds
[runlim] space:			30.3 MB
[runlim] samples:		8
[runlim] version:		1.7
[runlim] time limit:		311040000 seconds
[runlim] real time limit:	1200 seconds
[runlim] space limit:		7500 MB
[runlim] argv[0]:		/raid/steuber/Software/boolector/build/bin/boolector
[runlim] argv[1]:		-m
[runlim] argv[2]:		/raid/steuber/Benchmarks/srem_sdiv_mul/QF_BV/sage/app1/bench_820.smt2
[runlim] start:			Thu Jun 13 10:16:56 2019
[runlim] main pid:		20553
[runlim] end:			Thu Jun 13 10:16:56 2019
[runlim] status:		ok
[runlim] result:		20
[runlim] children:		0
[runlim] real:			0.35 seconds
[runlim] time:			0.00 seconds
[runlim] space:			0.0 MB
[runlim] samples:		0
[runlim] version:		1.7
[runlim] time limit:		311040000 seconds
[runlim] real time limit:	1200 seconds
[runlim] space limit:		7500 MB
[runlim] argv[0]:		/raid/steuber/Software/boolector/build/bin/boolector
[runlim] argv[1]:		-m
[runlim] argv[2]:		/raid/steuber/Benchmarks/srem_sdiv_mul/QF_BV/sage/app9/bench_3126.smt2
[runlim] start:			Thu Jun 13 10:16:55 2019
[runlim] main pid:		20541
[runlim] end:			Thu Jun 13 10:16:56 2019
[runlim] status:		ok
[runlim] result:		20
[runlim] children:		0
[runlim] real:			1.54 seconds
[runlim] time:			0.94 seconds
[runlim] space:			11.1 MB
[runlim] samples:		10
[runlim] version:		1.7
[runlim] time limit:		311040000 seconds
[runlim] real time limit:	1200 seconds
[runlim] space limit:		7500 MB
[runlim] argv[0]:		/raid/steuber/Software/boolector/build/bin/boolector
[runlim] argv[1]:		-m
[runlim] argv[2]:		/raid/steuber/Benchmarks/srem_sdiv_mul/QF_BV/sage/app8/bench_3494.smt2
[runlim] start:			Thu Jun 13 10:16:56 2019
[runlim] main pid:		20559
[runlim] end:			Thu Jun 13 10:16:56 2019
[runlim] status:		ok
[runlim] result:		20
[runlim] children:		0
[runlim] real:			0.60 seconds
[runlim] time:			0.00 seconds
[runlim] space:			0.0 MB
[runlim] samples:		0
[runlim] version:		1.7
[runlim] time limit:		311040000 seconds
[runlim] real time limit:	1200 seconds
[runlim] space limit:		7500 MB
[runlim] argv[0]:		/raid/steuber/Software/boolector/build/bin/boolector
[runlim] argv[1]:		-m
[runlim] argv[2]:		/raid/steuber/Benchmarks/srem_sdiv_mul/QF_BV/sage/app2/bench_892.smt2
[runlim] start:			Thu Jun 13 10:16:56 2019
[runlim] main pid:		20562
[runlim] end:			Thu Jun 13 10:16:56 2019
[runlim] status:		ok
[runlim] result:		20
[runlim] children:		0
[runlim] real:			0.71 seconds
[runlim] time:			0.00 seconds
[runlim] space:			0.0 MB
[runlim] samples:		0
[runlim] version:		1.7
[runlim] time limit:		311040000 seconds
[runlim] real time limit:	1200 seconds
[runlim] space limit:		7500 MB
[runlim] argv[0]:		/raid/steuber/Software/boolector/build/bin/boolector
[runlim] argv[1]:		-m
[runlim] argv[2]:		/raid/steuber/Benchmarks/srem_sdiv_mul/QF_BV/sage/app9/bench_1425.smt2
[runlim] start:			Thu Jun 13 10:16:56 2019
[runlim] main pid:		20568
[runlim] end:			Thu Jun 13 10:16:56 2019
[runlim] status:		ok
[runlim] result:		20
[runlim] children:		0
[runlim] real:			0.75 seconds
[runlim] time:			0.00 seconds
[runlim] space:			0.0 MB
[runlim] samples:		0
[runlim] version:		1.7
[runlim] time limit:		311040000 seconds
[runlim] real time limit:	1200 seconds
[runlim] space limit:		7500 MB
[runlim] argv[0]:		/raid/steuber/Software/boolector/build/bin/boolector
[runlim] argv[1]:		-m
[runlim] argv[2]:		/raid/steuber/Benchmarks/srem_sdiv_mul/QF_BV/sage/app7/bench_2018.smt2
[runlim] start:			Thu Jun 13 10:16:56 2019
[runlim] main pid:		20556
[runlim] end:			Thu Jun 13 10:16:56 2019
[runlim] status:		ok
[runlim] result:		20
[runlim] children:		0
[runlim] real:			0.84 seconds
[runlim] time:			0.33 seconds
[runlim] space:			19.0 MB
[runlim] samples:		4
[runlim] version:		1.7
[runlim] time limit:		311040000 seconds
[runlim] real time limit:	1200 seconds
[runlim] space limit:		7500 MB
[runlim] argv[0]:		/raid/steuber/Software/boolector/build/bin/boolector
[runlim] argv[1]:		-m
[runlim] argv[2]:		/raid/steuber/Benchmarks/srem_sdiv_mul/QF_BV/Sage2/bench_8936.smt2
[runlim] start:			Thu Jun 13 10:16:56 2019
[runlim] main pid:		20577
[runlim] end:			Thu Jun 13 10:16:57 2019
[runlim] status:		ok
[runlim] result:		20
[runlim] children:		0
[runlim] real:			1.57 seconds
[runlim] time:			0.60 seconds
[runlim] space:			7.1 MB
[runlim] samples:		7
[runlim] version:		1.7
[runlim] time limit:		311040000 seconds
[runlim] real time limit:	1200 seconds
[runlim] space limit:		7500 MB
[runlim] argv[0]:		/raid/steuber/Software/boolector/build/bin/boolector
[runlim] argv[1]:		-m
[runlim] argv[2]:		/raid/steuber/Benchmarks/srem_sdiv_mul/QF_BV/sage/app7/bench_4315.smt2
[runlim] start:			Thu Jun 13 10:16:57 2019
[runlim] main pid:		20580
[runlim] end:			Thu Jun 13 10:16:57 2019
[runlim] status:		ok
[runlim] result:		20
[runlim] children:		0
[runlim] real:			0.82 seconds
[runlim] time:			0.17 seconds
[runlim] space:			10.0 MB
[runlim] samples:		2
[runlim] version:		1.7
[runlim] time limit:		311040000 seconds
[runlim] real time limit:	1200 seconds
[runlim] space limit:		7500 MB
[runlim] argv[0]:		/raid/steuber/Software/boolector/build/bin/boolector
[runlim] argv[1]:		-m
[runlim] argv[2]:		/raid/steuber/Benchmarks/srem_sdiv_mul/QF_BV/sage/app2/bench_591.smt2
[runlim] start:			Thu Jun 13 10:16:57 2019
[runlim] main pid:		20588
[runlim] end:			Thu Jun 13 10:16:57 2019
[runlim] status:		ok
[runlim] result:		20
[runlim] children:		0
[runlim] real:			0.99 seconds
[runlim] time:			0.08 seconds
[runlim] space:			6.9 MB
[runlim] samples:		1
[runlim] version:		1.7
[runlim] time limit:		311040000 seconds
[runlim] real time limit:	1200 seconds
[runlim] space limit:		7500 MB
[runlim] argv[0]:		/raid/steuber/Software/boolector/build/bin/boolector
[runlim] argv[1]:		-m
[runlim] argv[2]:		/raid/steuber/Benchmarks/srem_sdiv_mul/QF_BV/sage/app2/bench_245.smt2
[runlim] start:			Thu Jun 13 10:16:58 2019
[runlim] main pid:		20595
[runlim] end:			Thu Jun 13 10:16:58 2019
[runlim] status:		ok
[runlim] result:		20
[runlim] children:		0
[runlim] real:			0.02 seconds
[runlim] time:			0.00 seconds
[runlim] space:			0.0 MB
[runlim] samples:		0
[runlim] version:		1.7
[runlim] time limit:		311040000 seconds
[runlim] real time limit:	1200 seconds
[runlim] space limit:		7500 MB
[runlim] argv[0]:		/raid/steuber/Software/boolector/build/bin/boolector
[runlim] argv[1]:		-m
[runlim] argv[2]:		/raid/steuber/Benchmarks/srem_sdiv_mul/QF_BV/sage/app7/bench_6164.smt2
[runlim] start:			Thu Jun 13 10:16:58 2019
[runlim] main pid:		20598
[runlim] end:			Thu Jun 13 10:16:58 2019
[runlim] status:		ok
[runlim] result:		20
[runlim] children:		0
[runlim] real:			0.04 seconds
[runlim] time:			0.00 seconds
[runlim] space:			0.0 MB
[runlim] samples:		0
[runlim] version:		1.7
[runlim] time limit:		311040000 seconds
[runlim] real time limit:	1200 seconds
[runlim] space limit:		7500 MB
[runlim] argv[0]:		/raid/steuber/Software/boolector/build/bin/boolector
[runlim] argv[1]:		-m
[runlim] argv[2]:		/raid/steuber/Benchmarks/srem_sdiv_mul/QF_BV/sage/app7/bench_5671.smt2
[runlim] start:			Thu Jun 13 10:16:58 2019
[runlim] main pid:		20601
[runlim] end:			Thu Jun 13 10:16:58 2019
[runlim] status:		ok
[runlim] result:		20
[runlim] children:		0
[runlim] real:			0.11 seconds
[runlim] time:			0.00 seconds
[runlim] space:			0.0 MB
[runlim] samples:		0
[runlim] version:		1.7
[runlim] time limit:		311040000 seconds
[runlim] real time limit:	1200 seconds
[runlim] space limit:		7500 MB
[runlim] argv[0]:		/raid/steuber/Software/boolector/build/bin/boolector
[runlim] argv[1]:		-m
[runlim] argv[2]:		/raid/steuber/Benchmarks/srem_sdiv_mul/QF_BV/Sage2/bench_12529.smt2
[runlim] start:			Thu Jun 13 10:16:58 2019
[runlim] main pid:		20604
[runlim] end:			Thu Jun 13 10:16:58 2019
[runlim] status:		ok
[runlim] result:		20
[runlim] children:		0
[runlim] real:			0.26 seconds
[runlim] time:			0.09 seconds
[runlim] space:			3.4 MB
[runlim] samples:		1
[runlim] version:		1.7
[runlim] time limit:		311040000 seconds
[runlim] real time limit:	1200 seconds
[runlim] space limit:		7500 MB
[runlim] argv[0]:		/raid/steuber/Software/boolector/build/bin/boolector
[runlim] argv[1]:		-m
[runlim] argv[2]:		/raid/steuber/Benchmarks/srem_sdiv_mul/QF_BV/sage/app7/bench_4712.smt2
[runlim] start:			Thu Jun 13 10:16:58 2019
[runlim] main pid:		20610
[runlim] end:			Thu Jun 13 10:16:58 2019
[runlim] status:		ok
[runlim] result:		20
[runlim] children:		0
[runlim] real:			0.43 seconds
[runlim] time:			0.09 seconds
[runlim] space:			6.9 MB
[runlim] samples:		1
[runlim] version:		1.7
[runlim] time limit:		311040000 seconds
[runlim] real time limit:	1200 seconds
[runlim] space limit:		7500 MB
[runlim] argv[0]:		/raid/steuber/Software/boolector/build/bin/boolector
[runlim] argv[1]:		-m
[runlim] argv[2]:		/raid/steuber/Benchmarks/srem_sdiv_mul/QF_BV/sage/app7/bench_322.smt2
[runlim] start:			Thu Jun 13 10:16:56 2019
[runlim] main pid:		20574
[runlim] end:			Thu Jun 13 10:16:58 2019
[runlim] status:		ok
[runlim] result:		20
[runlim] children:		0
[runlim] real:			2.61 seconds
[runlim] time:			1.71 seconds
[runlim] space:			50.8 MB
[runlim] samples:		18
[runlim] version:		1.7
[runlim] time limit:		311040000 seconds
[runlim] real time limit:	1200 seconds
[runlim] space limit:		7500 MB
[runlim] argv[0]:		/raid/steuber/Software/boolector/build/bin/boolector
[runlim] argv[1]:		-m
[runlim] argv[2]:		/raid/steuber/Benchmarks/srem_sdiv_mul/QF_BV/Sage2/bench_6612.smt2
[runlim] start:			Thu Jun 13 10:16:53 2019
[runlim] main pid:		20502
[runlim] end:			Thu Jun 13 10:16:58 2019
[runlim] status:		ok
[runlim] result:		20
[runlim] children:		0
[runlim] real:			5.84 seconds
[runlim] time:			4.80 seconds
[runlim] space:			27.2 MB
[runlim] samples:		49
[runlim] version:		1.7
[runlim] time limit:		311040000 seconds
[runlim] real time limit:	1200 seconds
[runlim] space limit:		7500 MB
[runlim] argv[0]:		/raid/steuber/Software/boolector/build/bin/boolector
[runlim] argv[1]:		-m
[runlim] argv[2]:		/raid/steuber/Benchmarks/srem_sdiv_mul/QF_BV/Sage2/bench_11885.smt2
[runlim] start:			Thu Jun 13 10:16:58 2019
[runlim] main pid:		20616
[runlim] end:			Thu Jun 13 10:16:58 2019
[runlim] status:		ok
[runlim] result:		20
[runlim] children:		0
[runlim] real:			0.87 seconds
[runlim] time:			0.16 seconds
[runlim] space:			9.7 MB
[runlim] samples:		2
[runlim] version:		1.7
[runlim] time limit:		311040000 seconds
[runlim] real time limit:	1200 seconds
[runlim] space limit:		7500 MB
[runlim] argv[0]:		/raid/steuber/Software/boolector/build/bin/boolector
[runlim] argv[1]:		-m
[runlim] argv[2]:		/raid/steuber/Benchmarks/srem_sdiv_mul/QF_BV/Sage2/bench_16047.smt2
[runlim] start:			Thu Jun 13 10:16:58 2019
[runlim] main pid:		20622
[runlim] end:			Thu Jun 13 10:16:58 2019
[runlim] status:		ok
[runlim] result:		20
[runlim] children:		0
[runlim] real:			0.89 seconds
[runlim] time:			0.00 seconds
[runlim] space:			0.0 MB
[runlim] samples:		0
[runlim] version:		1.7
[runlim] time limit:		311040000 seconds
[runlim] real time limit:	1200 seconds
[runlim] space limit:		7500 MB
[runlim] argv[0]:		/raid/steuber/Software/boolector/build/bin/boolector
[runlim] argv[1]:		-m
[runlim] argv[2]:		/raid/steuber/Benchmarks/srem_sdiv_mul/QF_BV/sage/app7/bench_578.smt2
[runlim] start:			Thu Jun 13 10:16:58 2019
[runlim] main pid:		20613
[runlim] end:			Thu Jun 13 10:17:00 2019
[runlim] status:		ok
[runlim] result:		20
[runlim] children:		0
[runlim] real:			2.25 seconds
[runlim] time:			1.71 seconds
[runlim] space:			50.3 MB
[runlim] samples:		18
[runlim] version:		1.7
[runlim] time limit:		311040000 seconds
[runlim] real time limit:	1200 seconds
[runlim] space limit:		7500 MB
[runlim] argv[0]:		/raid/steuber/Software/boolector/build/bin/boolector
[runlim] argv[1]:		-m
[runlim] argv[2]:		/raid/steuber/Benchmarks/srem_sdiv_mul/QF_BV/sage/app7/bench_367.smt2
[runlim] start:			Thu Jun 13 10:16:58 2019
[runlim] main pid:		20625
[runlim] end:			Thu Jun 13 10:17:00 2019
[runlim] status:		ok
[runlim] result:		20
[runlim] children:		0
[runlim] real:			2.98 seconds
[runlim] time:			1.73 seconds
[runlim] space:			50.5 MB
[runlim] samples:		20
[runlim] version:		1.7
[runlim] time limit:		311040000 seconds
[runlim] real time limit:	1200 seconds
[runlim] space limit:		7500 MB
[runlim] argv[0]:		/raid/steuber/Software/boolector/build/bin/boolector
[runlim] argv[1]:		-m
[runlim] argv[2]:		/raid/steuber/Benchmarks/srem_sdiv_mul/QF_BV/sage/app7/bench_2147.smt2
[runlim] start:			Thu Jun 13 10:16:58 2019
[runlim] main pid:		20619
[runlim] end:			Thu Jun 13 10:17:01 2019
[runlim] status:		ok
[runlim] result:		20
[runlim] children:		0
[runlim] real:			3.34 seconds
[runlim] time:			2.29 seconds
[runlim] space:			60.8 MB
[runlim] samples:		24
[runlim] version:		1.7
[runlim] time limit:		311040000 seconds
[runlim] real time limit:	1200 seconds
[runlim] space limit:		7500 MB
[runlim] argv[0]:		/raid/steuber/Software/boolector/build/bin/boolector
[runlim] argv[1]:		-m
[runlim] argv[2]:		/raid/steuber/Benchmarks/srem_sdiv_mul/QF_BV/sage/app7/bench_2883.smt2
[runlim] start:			Thu Jun 13 10:17:01 2019
[runlim] main pid:		20634
[runlim] end:			Thu Jun 13 10:17:01 2019
[runlim] status:		ok
[runlim] result:		20
[runlim] children:		0
[runlim] real:			0.69 seconds
[runlim] time:			0.25 seconds
[runlim] space:			14.1 MB
[runlim] samples:		3
[runlim] version:		1.7
[runlim] time limit:		311040000 seconds
[runlim] real time limit:	1200 seconds
[runlim] space limit:		7500 MB
[runlim] argv[0]:		/raid/steuber/Software/boolector/build/bin/boolector
[runlim] argv[1]:		-m
[runlim] argv[2]:		/raid/steuber/Benchmarks/srem_sdiv_mul/QF_BV/sage/app1/bench_2646.smt2
[runlim] start:			Thu Jun 13 10:17:01 2019
[runlim] main pid:		20643
[runlim] end:			Thu Jun 13 10:17:01 2019
[runlim] status:		ok
[runlim] result:		20
[runlim] children:		0
[runlim] real:			0.70 seconds
[runlim] time:			0.00 seconds
[runlim] space:			0.0 MB
[runlim] samples:		0
[runlim] version:		1.7
[runlim] time limit:		311040000 seconds
[runlim] real time limit:	1200 seconds
[runlim] space limit:		7500 MB
[runlim] argv[0]:		/raid/steuber/Software/boolector/build/bin/boolector
[runlim] argv[1]:		-m
[runlim] argv[2]:		/raid/steuber/Benchmarks/srem_sdiv_mul/QF_BV/Sage2/bench_13223.smt2
[runlim] start:			Thu Jun 13 10:17:01 2019
[runlim] main pid:		20646
[runlim] end:			Thu Jun 13 10:17:01 2019
[runlim] status:		ok
[runlim] result:		20
[runlim] children:		0
[runlim] real:			0.73 seconds
[runlim] time:			0.00 seconds
[runlim] space:			0.0 MB
[runlim] samples:		0
[runlim] version:		1.7
[runlim] time limit:		311040000 seconds
[runlim] real time limit:	1200 seconds
[runlim] space limit:		7500 MB
[runlim] argv[0]:		/raid/steuber/Software/boolector/build/bin/boolector
[runlim] argv[1]:		-m
[runlim] argv[2]:		/raid/steuber/Benchmarks/srem_sdiv_mul/QF_BV/sage/app7/bench_5390.smt2
[runlim] start:			Thu Jun 13 10:17:01 2019
[runlim] main pid:		20649
[runlim] end:			Thu Jun 13 10:17:01 2019
[runlim] status:		ok
[runlim] result:		20
[runlim] children:		0
[runlim] real:			0.78 seconds
[runlim] time:			0.00 seconds
[runlim] space:			0.0 MB
[runlim] samples:		0
[runlim] version:		1.7
[runlim] time limit:		311040000 seconds
[runlim] real time limit:	1200 seconds
[runlim] space limit:		7500 MB
[runlim] argv[0]:		/raid/steuber/Software/boolector/build/bin/boolector
[runlim] argv[1]:		-m
[runlim] argv[2]:		/raid/steuber/Benchmarks/srem_sdiv_mul/QF_BV/Sage2/bench_11553.smt2
[runlim] start:			Thu Jun 13 10:17:01 2019
[runlim] main pid:		20652
[runlim] end:			Thu Jun 13 10:17:01 2019
[runlim] status:		ok
[runlim] result:		20
[runlim] children:		0
[runlim] real:			0.93 seconds
[runlim] time:			0.08 seconds
[runlim] space:			4.0 MB
[runlim] samples:		1
[runlim] version:		1.7
[runlim] time limit:		311040000 seconds
[runlim] real time limit:	1200 seconds
[runlim] space limit:		7500 MB
[runlim] argv[0]:		/raid/steuber/Software/boolector/build/bin/boolector
[runlim] argv[1]:		-m
[runlim] argv[2]:		/raid/steuber/Benchmarks/srem_sdiv_mul/QF_BV/sage/app7/bench_3888.smt2
[runlim] start:			Thu Jun 13 10:17:01 2019
[runlim] main pid:		20655
[runlim] end:			Thu Jun 13 10:17:02 2019
[runlim] status:		ok
[runlim] result:		20
[runlim] children:		0
[runlim] real:			1.16 seconds
[runlim] time:			0.17 seconds
[runlim] space:			11.0 MB
[runlim] samples:		2
[runlim] version:		1.7
[runlim] time limit:		311040000 seconds
[runlim] real time limit:	1200 seconds
[runlim] space limit:		7500 MB
[runlim] argv[0]:		/raid/steuber/Software/boolector/build/bin/boolector
[runlim] argv[1]:		-m
[runlim] argv[2]:		/raid/steuber/Benchmarks/srem_sdiv_mul/QF_BV/Sage2/bench_7915.smt2
[runlim] start:			Thu Jun 13 10:17:02 2019
[runlim] main pid:		20661
[runlim] end:			Thu Jun 13 10:17:02 2019
[runlim] status:		ok
[runlim] result:		20
[runlim] children:		0
[runlim] real:			0.93 seconds
[runlim] time:			0.60 seconds
[runlim] space:			21.9 MB
[runlim] samples:		7
[runlim] version:		1.7
[runlim] time limit:		311040000 seconds
[runlim] real time limit:	1200 seconds
[runlim] space limit:		7500 MB
[runlim] argv[0]:		/raid/steuber/Software/boolector/build/bin/boolector
[runlim] argv[1]:		-m
[runlim] argv[2]:		/raid/steuber/Benchmarks/srem_sdiv_mul/QF_BV/sage/app9/bench_689.smt2
[runlim] start:			Thu Jun 13 10:17:02 2019
[runlim] main pid:		20664
[runlim] end:			Thu Jun 13 10:17:02 2019
[runlim] status:		ok
[runlim] result:		20
[runlim] children:		0
[runlim] real:			0.94 seconds
[runlim] time:			0.00 seconds
[runlim] space:			0.0 MB
[runlim] samples:		0
[runlim] version:		1.7
[runlim] time limit:		311040000 seconds
[runlim] real time limit:	1200 seconds
[runlim] space limit:		7500 MB
[runlim] argv[0]:		/raid/steuber/Software/boolector/build/bin/boolector
[runlim] argv[1]:		-m
[runlim] argv[2]:		/raid/steuber/Benchmarks/srem_sdiv_mul/QF_BV/sage/app7/bench_6597.smt2
[runlim] start:			Thu Jun 13 10:17:02 2019
[runlim] main pid:		20667
[runlim] end:			Thu Jun 13 10:17:02 2019
[runlim] status:		ok
[runlim] result:		20
[runlim] children:		0
[runlim] real:			0.95 seconds
[runlim] time:			0.00 seconds
[runlim] space:			0.0 MB
[runlim] samples:		0
[runlim] version:		1.7
[runlim] time limit:		311040000 seconds
[runlim] real time limit:	1200 seconds
[runlim] space limit:		7500 MB
[runlim] argv[0]:		/raid/steuber/Software/boolector/build/bin/boolector
[runlim] argv[1]:		-m
[runlim] argv[2]:		/raid/steuber/Benchmarks/srem_sdiv_mul/QF_BV/sage/app7/bench_5369.smt2
[runlim] start:			Thu Jun 13 10:17:00 2019
[runlim] main pid:		20631
[runlim] end:			Thu Jun 13 10:17:03 2019
[runlim] status:		ok
[runlim] result:		20
[runlim] children:		0
[runlim] real:			3.06 seconds
[runlim] time:			1.84 seconds
[runlim] space:			50.4 MB
[runlim] samples:		20
[runlim] version:		1.7
[runlim] time limit:		311040000 seconds
[runlim] real time limit:	1200 seconds
[runlim] space limit:		7500 MB
[runlim] argv[0]:		/raid/steuber/Software/boolector/build/bin/boolector
[runlim] argv[1]:		-m
[runlim] argv[2]:		/raid/steuber/Benchmarks/srem_sdiv_mul/QF_BV/sage/app7/bench_3629.smt2
[runlim] start:			Thu Jun 13 10:17:03 2019
[runlim] main pid:		20673
[runlim] end:			Thu Jun 13 10:17:03 2019
[runlim] status:		ok
[runlim] result:		20
[runlim] children:		0
[runlim] real:			0.37 seconds
[runlim] time:			0.17 seconds
[runlim] space:			10.2 MB
[runlim] samples:		2
[runlim] version:		1.7
[runlim] time limit:		311040000 seconds
[runlim] real time limit:	1200 seconds
[runlim] space limit:		7500 MB
[runlim] argv[0]:		/raid/steuber/Software/boolector/build/bin/boolector
[runlim] argv[1]:		-m
[runlim] argv[2]:		/raid/steuber/Benchmarks/srem_sdiv_mul/QF_BV/uclid/catchconv/convert-jpg2gif-query-1329.smt2
[runlim] start:			Thu Jun 13 10:17:02 2019
[runlim] main pid:		20670
[runlim] end:			Thu Jun 13 10:17:03 2019
[runlim] status:		ok
[runlim] result:		20
[runlim] children:		0
[runlim] real:			1.48 seconds
[runlim] time:			0.46 seconds
[runlim] space:			19.0 MB
[runlim] samples:		5
[runlim] version:		1.7
[runlim] time limit:		311040000 seconds
[runlim] real time limit:	1200 seconds
[runlim] space limit:		7500 MB
[runlim] argv[0]:		/raid/steuber/Software/boolector/build/bin/boolector
[runlim] argv[1]:		-m
[runlim] argv[2]:		/raid/steuber/Benchmarks/srem_sdiv_mul/QF_BV/sage/app7/bench_2122.smt2
[runlim] start:			Thu Jun 13 10:17:03 2019
[runlim] main pid:		20676
[runlim] end:			Thu Jun 13 10:17:03 2019
[runlim] status:		ok
[runlim] result:		20
[runlim] children:		0
[runlim] real:			0.75 seconds
[runlim] time:			0.28 seconds
[runlim] space:			15.9 MB
[runlim] samples:		3
[runlim] version:		1.7
[runlim] time limit:		311040000 seconds
[runlim] real time limit:	1200 seconds
[runlim] space limit:		7500 MB
[runlim] argv[0]:		/raid/steuber/Software/boolector/build/bin/boolector
[runlim] argv[1]:		-m
[runlim] argv[2]:		/raid/steuber/Benchmarks/srem_sdiv_mul/QF_BV/sage/app7/bench_7225.smt2
[runlim] start:			Thu Jun 13 10:17:03 2019
[runlim] main pid:		20679
[runlim] end:			Thu Jun 13 10:17:05 2019
[runlim] status:		ok
[runlim] result:		20
[runlim] children:		0
[runlim] real:			2.39 seconds
[runlim] time:			1.77 seconds
[runlim] space:			47.6 MB
[runlim] samples:		18
[runlim] version:		1.7
[runlim] time limit:		311040000 seconds
[runlim] real time limit:	1200 seconds
[runlim] space limit:		7500 MB
[runlim] argv[0]:		/raid/steuber/Software/boolector/build/bin/boolector
[runlim] argv[1]:		-m
[runlim] argv[2]:		/raid/steuber/Benchmarks/srem_sdiv_mul/QF_BV/Sage2/bench_6536.smt2
[runlim] start:			Thu Jun 13 10:17:00 2019
[runlim] main pid:		20628
[runlim] sample:		9.9 seconds, 11.8 MB
[runlim] end:			Thu Jun 13 10:17:12 2019
[runlim] status:		ok
[runlim] result:		20
[runlim] children:		0
[runlim] real:			12.44 seconds
[runlim] time:			12.01 seconds
[runlim] space:			12.1 MB
[runlim] samples:		121
[runlim] version:		1.7
[runlim] time limit:		311040000 seconds
[runlim] real time limit:	1200 seconds
[runlim] space limit:		7500 MB
[runlim] argv[0]:		/raid/steuber/Software/boolector/build/bin/boolector
[runlim] argv[1]:		-m
[runlim] argv[2]:		/raid/steuber/Benchmarks/srem_sdiv_mul/QF_BV/float/newton.1.2.i.smt2
[runlim] start:			Thu Jun 13 10:16:56 2019
[runlim] main pid:		20551
[runlim] sample:		9.9 seconds, 83.3 MB
[runlim] sample:		19.5 seconds, 78.4 MB
[runlim] sample:		29.5 seconds, 84.1 MB
[runlim] sample:		39.5 seconds, 84.0 MB
[runlim] sample:		49.5 seconds, 84.4 MB
[runlim] sample:		59.5 seconds, 84.1 MB
[runlim] sample:		69.4 seconds, 89.0 MB
[runlim] sample:		79.4 seconds, 88.9 MB
[runlim] sample:		89.4 seconds, 88.9 MB
[runlim] sample:		99.4 seconds, 88.8 MB
[runlim] sample:		109.4 seconds, 88.3 MB
[runlim] sample:		119.4 seconds, 88.3 MB
[runlim] sample:		129.4 seconds, 90.7 MB
[runlim] sample:		139.3 seconds, 90.8 MB
[runlim] end:			Thu Jun 13 10:19:21 2019
[runlim] status:		ok
[runlim] result:		20
[runlim] children:		0
[runlim] real:			145.22 seconds
[runlim] time:			144.21 seconds
[runlim] space:			94.0 MB
[runlim] samples:		1449
