[runlim] version:		1.7
[runlim] time limit:		311040000 seconds
[runlim] real time limit:	1200 seconds
[runlim] space limit:		7500 MB
[runlim] argv[0]:		python3
[runlim] argv[1]:		/raid/steuber/Software/ablector/ablector
[runlim] argv[2]:		/raid/steuber/Benchmarks/srem_sdiv_mul/QF_BV/sage/app7/bench_2148.smt2
[runlim] start:			Sun Jun 30 09:57:29 2019
[runlim] main pid:		22481
[runlim] sample:		0.1 seconds, 13.7 MB
[Ablector] INFO: *** ROUND 0
[Ablector] INFO: ABLECTOR TIME: 0.000588
[Ablector] INFO: SAT TIME: 0.000378
[Ablector] INFO: REF TIME: 0.000357
[runlim] end:			Sun Jun 30 09:57:45 2019
[runlim] status:		ok
[runlim] result:		0
[runlim] children:		8
[runlim] real:			16.90 seconds
[runlim] time:			0.73 seconds
[runlim] space:			49.3 MB
[runlim] samples:		166
[runlim] version:		1.7
[runlim] time limit:		311040000 seconds
[runlim] real time limit:	1200 seconds
[runlim] space limit:		7500 MB
[runlim] argv[0]:		python3
[runlim] argv[1]:		/raid/steuber/Software/ablector/ablector
[runlim] argv[2]:		/raid/steuber/Benchmarks/srem_sdiv_mul/QF_BV/Sage2/bench_17747.smt2
[runlim] start:			Sun Jun 30 09:57:29 2019
[runlim] main pid:		22482
[runlim] sample:		0.1 seconds, 13.6 MB
[Ablector] INFO: *** ROUND 0
[Ablector] INFO: ABLECTOR TIME: 0.267644
[Ablector] INFO: SAT TIME: 0.267452
[Ablector] INFO: REF TIME: 0.000384
[runlim] end:			Sun Jun 30 09:57:45 2019
[runlim] status:		ok
[runlim] result:		0
[runlim] children:		5
[runlim] real:			16.91 seconds
[runlim] time:			0.75 seconds
[runlim] space:			37.3 MB
[runlim] samples:		167
[runlim] version:		1.7
[runlim] time limit:		311040000 seconds
[runlim] real time limit:	1200 seconds
[runlim] space limit:		7500 MB
[runlim] argv[0]:		python3
[runlim] argv[1]:		/raid/steuber/Software/ablector/ablector
[runlim] argv[2]:		/raid/steuber/Benchmarks/srem_sdiv_mul/QF_BV/Sage2/bench_15110.smt2
[runlim] start:			Sun Jun 30 09:57:29 2019
[runlim] main pid:		22485
[runlim] sample:		0.1 seconds, 13.7 MB
[Ablector] INFO: *** ROUND 0
[Ablector] INFO: ABLECTOR TIME: 1.025971
[Ablector] INFO: SAT TIME: 1.025780
[Ablector] INFO: REF TIME: 0.000372
[runlim] end:			Sun Jun 30 09:57:46 2019
[runlim] status:		ok
[runlim] result:		0
[runlim] children:		5
[runlim] real:			17.90 seconds
[runlim] time:			1.80 seconds
[runlim] space:			50.5 MB
[runlim] samples:		176
[runlim] version:		1.7
[runlim] time limit:		311040000 seconds
[runlim] real time limit:	1200 seconds
[runlim] space limit:		7500 MB
[runlim] argv[0]:		python3
[runlim] argv[1]:		/raid/steuber/Software/ablector/ablector
[runlim] argv[2]:		/raid/steuber/Benchmarks/srem_sdiv_mul/QF_BV/Sage2/bench_8942.smt2
[runlim] start:			Sun Jun 30 09:57:47 2019
[runlim] main pid:		22550
[Ablector] INFO: *** ROUND 0
[Ablector] INFO: ABLECTOR TIME: 0.048302
[Ablector] INFO: SAT TIME: 0.048111
[Ablector] INFO: REF TIME: 0.000336
[runlim] end:			Sun Jun 30 09:57:47 2019
[runlim] status:		ok
[runlim] result:		0
[runlim] children:		0
[runlim] real:			0.80 seconds
[runlim] time:			0.43 seconds
[runlim] space:			33.9 MB
[runlim] samples:		5
[runlim] version:		1.7
[runlim] time limit:		311040000 seconds
[runlim] real time limit:	1200 seconds
[runlim] space limit:		7500 MB
[runlim] argv[0]:		python3
[runlim] argv[1]:		/raid/steuber/Software/ablector/ablector
[runlim] argv[2]:		/raid/steuber/Benchmarks/srem_sdiv_mul/QF_BV/sage/app12/bench_3845.smt2
[runlim] start:			Sun Jun 30 09:57:47 2019
[runlim] main pid:		22568
[Ablector] INFO: *** ROUND 0
[Ablector] INFO: ABLECTOR TIME: 0.001102
[Ablector] INFO: SAT TIME: 0.000891
[Ablector] INFO: REF TIME: 0.000373
[runlim] end:			Sun Jun 30 09:57:47 2019
[runlim] status:		ok
[runlim] result:		0
[runlim] children:		0
[runlim] real:			0.86 seconds
[runlim] time:			0.67 seconds
[runlim] space:			31.2 MB
[runlim] samples:		4
[runlim] version:		1.7
[runlim] time limit:		311040000 seconds
[runlim] real time limit:	1200 seconds
[runlim] space limit:		7500 MB
[runlim] argv[0]:		python3
[runlim] argv[1]:		/raid/steuber/Software/ablector/ablector
[runlim] argv[2]:		/raid/steuber/Benchmarks/srem_sdiv_mul/QF_BV/sage/app7/bench_4209.smt2
[runlim] start:			Sun Jun 30 09:57:47 2019
[runlim] main pid:		22552
[Ablector] INFO: *** ROUND 0
[Ablector] INFO: ABLECTOR TIME: 0.000611
[Ablector] INFO: SAT TIME: 0.000397
[Ablector] INFO: REF TIME: 0.000377
[runlim] end:			Sun Jun 30 09:57:47 2019
[runlim] status:		ok
[runlim] result:		0
[runlim] children:		2
[runlim] real:			0.96 seconds
[runlim] time:			0.50 seconds
[runlim] space:			40.1 MB
[runlim] samples:		7
[runlim] version:		1.7
[runlim] time limit:		311040000 seconds
[runlim] real time limit:	1200 seconds
[runlim] space limit:		7500 MB
[runlim] argv[0]:		python3
[runlim] argv[1]:		/raid/steuber/Software/ablector/ablector
[runlim] argv[2]:		/raid/steuber/Benchmarks/srem_sdiv_mul/QF_BV/sage/app8/bench_3798.smt2
[runlim] start:			Sun Jun 30 09:57:48 2019
[runlim] main pid:		22610
[Ablector] INFO: *** ROUND 0
[Ablector] INFO: ABLECTOR TIME: 0.000582
[Ablector] INFO: SAT TIME: 0.000369
[Ablector] INFO: REF TIME: 0.000348
[runlim] end:			Sun Jun 30 09:57:48 2019
[runlim] status:		ok
[runlim] result:		0
[runlim] children:		0
[runlim] real:			0.96 seconds
[runlim] time:			0.34 seconds
[runlim] space:			30.8 MB
[runlim] samples:		4
[runlim] version:		1.7
[runlim] time limit:		311040000 seconds
[runlim] real time limit:	1200 seconds
[runlim] space limit:		7500 MB
[runlim] argv[0]:		python3
[runlim] argv[1]:		/raid/steuber/Software/ablector/ablector
[runlim] argv[2]:		/raid/steuber/Benchmarks/srem_sdiv_mul/QF_BV/sage/app2/bench_1193.smt2
[runlim] start:			Sun Jun 30 09:57:48 2019
[runlim] main pid:		22628
[Ablector] INFO: *** ROUND 0
[Ablector] INFO: ABLECTOR TIME: 0.000584
[Ablector] INFO: SAT TIME: 0.000364
[Ablector] INFO: REF TIME: 0.000344
[runlim] end:			Sun Jun 30 09:57:49 2019
[runlim] status:		ok
[runlim] result:		0
[runlim] children:		0
[runlim] real:			1.12 seconds
[runlim] time:			0.65 seconds
[runlim] space:			32.7 MB
[runlim] samples:		5
[runlim] version:		1.7
[runlim] time limit:		311040000 seconds
[runlim] real time limit:	1200 seconds
[runlim] space limit:		7500 MB
[runlim] argv[0]:		python3
[runlim] argv[1]:		/raid/steuber/Software/ablector/ablector
[runlim] argv[2]:		/raid/steuber/Benchmarks/srem_sdiv_mul/QF_BV/sage/app1/bench_2518.smt2
[runlim] start:			Sun Jun 30 09:57:49 2019
[runlim] main pid:		22661
[Ablector] INFO: *** ROUND 0
[Ablector] INFO: ABLECTOR TIME: 0.000547
[Ablector] INFO: SAT TIME: 0.000344
[Ablector] INFO: REF TIME: 0.000324
[runlim] end:			Sun Jun 30 09:57:50 2019
[runlim] status:		ok
[runlim] result:		0
[runlim] children:		0
[runlim] real:			1.42 seconds
[runlim] time:			0.60 seconds
[runlim] space:			31.3 MB
[runlim] samples:		9
[runlim] version:		1.7
[runlim] time limit:		311040000 seconds
[runlim] real time limit:	1200 seconds
[runlim] space limit:		7500 MB
[runlim] argv[0]:		python3
[runlim] argv[1]:		/raid/steuber/Software/ablector/ablector
[runlim] argv[2]:		/raid/steuber/Benchmarks/srem_sdiv_mul/QF_BV/sage/app7/bench_4276.smt2
[runlim] start:			Sun Jun 30 09:57:49 2019
[runlim] main pid:		22670
[Ablector] INFO: *** ROUND 0
[Ablector] INFO: ABLECTOR TIME: 0.000590
[Ablector] INFO: SAT TIME: 0.000388
[Ablector] INFO: REF TIME: 0.000367
[runlim] end:			Sun Jun 30 09:57:50 2019
[runlim] status:		ok
[runlim] result:		0
[runlim] children:		2
[runlim] real:			1.79 seconds
[runlim] time:			0.50 seconds
[runlim] space:			40.2 MB
[runlim] samples:		10
[runlim] version:		1.7
[runlim] time limit:		311040000 seconds
[runlim] real time limit:	1200 seconds
[runlim] space limit:		7500 MB
[runlim] argv[0]:		python3
[runlim] argv[1]:		/raid/steuber/Software/ablector/ablector
[runlim] argv[2]:		/raid/steuber/Benchmarks/srem_sdiv_mul/QF_BV/Sage2/bench_13526.smt2
[runlim] start:			Sun Jun 30 09:57:48 2019
[runlim] main pid:		22612
[Ablector] INFO: *** ROUND 0
[MulNode] INFO: Level 0
[Ablector] INFO: ABLECTOR TIME: 1.906504
[Ablector] INFO: SAT TIME: 1.906184
[Ablector] INFO: REF TIME: 0.019300
[runlim] end:			Sun Jun 30 09:57:51 2019
[runlim] status:		ok
[runlim] result:		0
[runlim] children:		0
[runlim] real:			3.02 seconds
[runlim] time:			2.41 seconds
[runlim] space:			44.5 MB
[runlim] samples:		25
[runlim] version:		1.7
[runlim] time limit:		311040000 seconds
[runlim] real time limit:	1200 seconds
[runlim] space limit:		7500 MB
[runlim] argv[0]:		python3
[runlim] argv[1]:		/raid/steuber/Software/ablector/ablector
[runlim] argv[2]:		/raid/steuber/Benchmarks/srem_sdiv_mul/QF_BV/sage/app8/bench_3174.smt2
[runlim] start:			Sun Jun 30 09:57:50 2019
[runlim] main pid:		22695
[Ablector] INFO: *** ROUND 0
[Ablector] INFO: ABLECTOR TIME: 0.000603
[Ablector] INFO: SAT TIME: 0.000366
[Ablector] INFO: REF TIME: 0.000345
[runlim] end:			Sun Jun 30 09:57:51 2019
[runlim] status:		ok
[runlim] result:		0
[runlim] children:		1
[runlim] real:			1.32 seconds
[runlim] time:			0.31 seconds
[runlim] space:			32.2 MB
[runlim] samples:		3
[runlim] version:		1.7
[runlim] time limit:		311040000 seconds
[runlim] real time limit:	1200 seconds
[runlim] space limit:		7500 MB
[runlim] argv[0]:		python3
[runlim] argv[1]:		/raid/steuber/Software/ablector/ablector
[runlim] argv[2]:		/raid/steuber/Benchmarks/srem_sdiv_mul/QF_BV/sage/app5/bench_336.smt2
[runlim] start:			Sun Jun 30 09:57:51 2019
[runlim] main pid:		22719
[Ablector] INFO: *** ROUND 0
[Ablector] INFO: ABLECTOR TIME: 0.000601
[Ablector] INFO: SAT TIME: 0.000378
[Ablector] INFO: REF TIME: 0.000358
[runlim] end:			Sun Jun 30 09:57:51 2019
[runlim] status:		ok
[runlim] result:		0
[runlim] children:		0
[runlim] real:			0.79 seconds
[runlim] time:			0.69 seconds
[runlim] space:			33.0 MB
[runlim] samples:		5
[runlim] version:		1.7
[runlim] time limit:		311040000 seconds
[runlim] real time limit:	1200 seconds
[runlim] space limit:		7500 MB
[runlim] argv[0]:		python3
[runlim] argv[1]:		/raid/steuber/Software/ablector/ablector
[runlim] argv[2]:		/raid/steuber/Benchmarks/srem_sdiv_mul/QF_BV/sage/app8/bench_822.smt2
[runlim] start:			Sun Jun 30 09:57:51 2019
[runlim] main pid:		22755
[Ablector] INFO: *** ROUND 0
[Ablector] INFO: ABLECTOR TIME: 0.054912
[Ablector] INFO: SAT TIME: 0.054721
[Ablector] INFO: REF TIME: 0.000353
[runlim] end:			Sun Jun 30 09:57:52 2019
[runlim] status:		segmentation fault
[runlim] result:		139
[runlim] children:		1
[runlim] real:			1.62 seconds
[runlim] time:			0.62 seconds
[runlim] space:			37.9 MB
[runlim] samples:		6
[runlim] version:		1.7
[runlim] time limit:		311040000 seconds
[runlim] real time limit:	1200 seconds
[runlim] space limit:		7500 MB
[runlim] argv[0]:		python3
[runlim] argv[1]:		/raid/steuber/Software/ablector/ablector
[runlim] argv[2]:		/raid/steuber/Benchmarks/srem_sdiv_mul/QF_BV/sage/app11/bench_247.smt2
[runlim] start:			Sun Jun 30 09:57:51 2019
[runlim] main pid:		22734
[Ablector] INFO: *** ROUND 0
[Ablector] INFO: ABLECTOR TIME: 0.000588
[Ablector] INFO: SAT TIME: 0.000369
[Ablector] INFO: REF TIME: 0.000348
[runlim] end:			Sun Jun 30 09:57:52 2019
[runlim] status:		ok
[runlim] result:		0
[runlim] children:		8
[runlim] real:			1.84 seconds
[runlim] time:			1.19 seconds
[runlim] space:			62.9 MB
[runlim] samples:		11
[runlim] version:		1.7
[runlim] time limit:		311040000 seconds
[runlim] real time limit:	1200 seconds
[runlim] space limit:		7500 MB
[runlim] argv[0]:		python3
[runlim] argv[1]:		/raid/steuber/Software/ablector/ablector
[runlim] argv[2]:		/raid/steuber/Benchmarks/srem_sdiv_mul/QF_BV/sage/app7/bench_5536.smt2
[runlim] start:			Sun Jun 30 09:57:52 2019
[runlim] main pid:		22771
[Ablector] INFO: *** ROUND 0
[Ablector] INFO: ABLECTOR TIME: 0.000594
[Ablector] INFO: SAT TIME: 0.000377
[Ablector] INFO: REF TIME: 0.000356
[runlim] end:			Sun Jun 30 09:57:53 2019
[runlim] status:		ok
[runlim] result:		0
[runlim] children:		0
[runlim] real:			1.06 seconds
[runlim] time:			0.56 seconds
[runlim] space:			32.1 MB
[runlim] samples:		6
[runlim] version:		1.7
[runlim] time limit:		311040000 seconds
[runlim] real time limit:	1200 seconds
[runlim] space limit:		7500 MB
[runlim] argv[0]:		python3
[runlim] argv[1]:		/raid/steuber/Software/ablector/ablector
[runlim] argv[2]:		/raid/steuber/Benchmarks/srem_sdiv_mul/QF_BV/sage/app7/bench_5581.smt2
[runlim] start:			Sun Jun 30 09:57:53 2019
[runlim] main pid:		22813
[Ablector] INFO: *** ROUND 0
[Ablector] INFO: ABLECTOR TIME: 0.000599
[Ablector] INFO: SAT TIME: 0.000377
[Ablector] INFO: REF TIME: 0.000356
[runlim] end:			Sun Jun 30 09:57:55 2019
[runlim] status:		ok
[runlim] result:		0
[runlim] children:		19
[runlim] real:			3.00 seconds
[runlim] time:			2.17 seconds
[runlim] space:			84.1 MB
[runlim] samples:		24
[runlim] version:		1.7
[runlim] time limit:		311040000 seconds
[runlim] real time limit:	1200 seconds
[runlim] space limit:		7500 MB
[runlim] argv[0]:		python3
[runlim] argv[1]:		/raid/steuber/Software/ablector/ablector
[runlim] argv[2]:		/raid/steuber/Benchmarks/srem_sdiv_mul/QF_BV/sage/app7/bench_2739.smt2
[runlim] start:			Sun Jun 30 09:57:53 2019
[runlim] main pid:		22831
[Ablector] INFO: *** ROUND 0
[Ablector] INFO: ABLECTOR TIME: 0.000587
[Ablector] INFO: SAT TIME: 0.000373
[Ablector] INFO: REF TIME: 0.000353
[runlim] end:			Sun Jun 30 09:57:56 2019
[runlim] status:		ok
[runlim] result:		0
[runlim] children:		4
[runlim] real:			3.75 seconds
[runlim] time:			0.62 seconds
[runlim] space:			44.5 MB
[runlim] samples:		28
[runlim] version:		1.7
[runlim] time limit:		311040000 seconds
[runlim] real time limit:	1200 seconds
[runlim] space limit:		7500 MB
[runlim] argv[0]:		python3
[runlim] argv[1]:		/raid/steuber/Software/ablector/ablector
[runlim] argv[2]:		/raid/steuber/Benchmarks/srem_sdiv_mul/QF_BV/sage/app8/bench_236.smt2
[runlim] start:			Sun Jun 30 09:57:56 2019
[runlim] main pid:		22858
[Ablector] INFO: *** ROUND 0
[Ablector] INFO: ABLECTOR TIME: 0.025394
[Ablector] INFO: SAT TIME: 0.025194
[Ablector] INFO: REF TIME: 0.000394
[runlim] end:			Sun Jun 30 09:57:57 2019
[runlim] status:		ok
[runlim] result:		0
[runlim] children:		1
[runlim] real:			1.53 seconds
[runlim] time:			0.60 seconds
[runlim] space:			37.9 MB
[runlim] samples:		7
[runlim] version:		1.7
[runlim] time limit:		311040000 seconds
[runlim] real time limit:	1200 seconds
[runlim] space limit:		7500 MB
[runlim] argv[0]:		python3
[runlim] argv[1]:		/raid/steuber/Software/ablector/ablector
[runlim] argv[2]:		/raid/steuber/Benchmarks/srem_sdiv_mul/QF_BV/sage/app1/bench_2085.smt2
[runlim] start:			Sun Jun 30 09:57:57 2019
[runlim] main pid:		22874
[Ablector] INFO: *** ROUND 0
[Ablector] INFO: ABLECTOR TIME: 0.083224
[Ablector] INFO: SAT TIME: 0.083022
[Ablector] INFO: REF TIME: 0.000430
[runlim] end:			Sun Jun 30 09:57:58 2019
[runlim] status:		ok
[runlim] result:		0
[runlim] children:		0
[runlim] real:			1.03 seconds
[runlim] time:			0.72 seconds
[runlim] space:			36.0 MB
[runlim] samples:		6
[runlim] version:		1.7
[runlim] time limit:		311040000 seconds
[runlim] real time limit:	1200 seconds
[runlim] space limit:		7500 MB
[runlim] argv[0]:		python3
[runlim] argv[1]:		/raid/steuber/Software/ablector/ablector
[runlim] argv[2]:		/raid/steuber/Benchmarks/srem_sdiv_mul/QF_BV/sage/app11/bench_394.smt2
[runlim] start:			Sun Jun 30 09:57:58 2019
[runlim] main pid:		22898
[Ablector] INFO: *** ROUND 0
[Ablector] INFO: ABLECTOR TIME: 0.000595
[Ablector] INFO: SAT TIME: 0.000381
[Ablector] INFO: REF TIME: 0.000360
[runlim] end:			Sun Jun 30 09:57:59 2019
[runlim] status:		ok
[runlim] result:		0
[runlim] children:		8
[runlim] real:			1.25 seconds
[runlim] time:			1.14 seconds
[runlim] space:			62.7 MB
[runlim] samples:		11
[runlim] version:		1.7
[runlim] time limit:		311040000 seconds
[runlim] real time limit:	1200 seconds
[runlim] space limit:		7500 MB
[runlim] argv[0]:		python3
[runlim] argv[1]:		/raid/steuber/Software/ablector/ablector
[runlim] argv[2]:		/raid/steuber/Benchmarks/srem_sdiv_mul/QF_BV/sage/app7/bench_1602.smt2
[runlim] start:			Sun Jun 30 09:57:58 2019
[runlim] main pid:		22914
[Ablector] INFO: *** ROUND 0
[Ablector] INFO: ABLECTOR TIME: 0.000599
[Ablector] INFO: SAT TIME: 0.000386
[Ablector] INFO: REF TIME: 0.000365
[runlim] end:			Sun Jun 30 09:57:59 2019
[runlim] status:		ok
[runlim] result:		0
[runlim] children:		8
[runlim] real:			1.88 seconds
[runlim] time:			1.00 seconds
[runlim] space:			62.4 MB
[runlim] samples:		12
[runlim] version:		1.7
[runlim] time limit:		311040000 seconds
[runlim] real time limit:	1200 seconds
[runlim] space limit:		7500 MB
[runlim] argv[0]:		python3
[runlim] argv[1]:		/raid/steuber/Software/ablector/ablector
[runlim] argv[2]:		/raid/steuber/Benchmarks/srem_sdiv_mul/QF_BV/sage/app11/bench_177.smt2
[runlim] start:			Sun Jun 30 09:58:00 2019
[runlim] main pid:		22938
[Ablector] INFO: *** ROUND 0
[Ablector] INFO: ABLECTOR TIME: 0.000592
[Ablector] INFO: SAT TIME: 0.000378
[Ablector] INFO: REF TIME: 0.000357
[runlim] end:			Sun Jun 30 09:58:01 2019
[runlim] status:		ok
[runlim] result:		0
[runlim] children:		8
[runlim] real:			1.29 seconds
[runlim] time:			1.21 seconds
[runlim] space:			62.5 MB
[runlim] samples:		12
[runlim] version:		1.7
[runlim] time limit:		311040000 seconds
[runlim] real time limit:	1200 seconds
[runlim] space limit:		7500 MB
[runlim] argv[0]:		python3
[runlim] argv[1]:		/raid/steuber/Software/ablector/ablector
[runlim] argv[2]:		/raid/steuber/Benchmarks/srem_sdiv_mul/QF_BV/sage/app9/bench_169.smt2
[runlim] start:			Sun Jun 30 09:58:00 2019
[runlim] main pid:		22954
[Ablector] INFO: *** ROUND 0
[Ablector] INFO: ABLECTOR TIME: 0.000546
[Ablector] INFO: SAT TIME: 0.000346
[Ablector] INFO: REF TIME: 0.000326
[runlim] end:			Sun Jun 30 09:58:02 2019
[runlim] status:		ok
[runlim] result:		0
[runlim] children:		1
[runlim] real:			2.72 seconds
[runlim] time:			0.59 seconds
[runlim] space:			32.0 MB
[runlim] samples:		21
[runlim] version:		1.7
[runlim] time limit:		311040000 seconds
[runlim] real time limit:	1200 seconds
[runlim] space limit:		7500 MB
[runlim] argv[0]:		python3
[runlim] argv[1]:		/raid/steuber/Software/ablector/ablector
[runlim] argv[2]:		/raid/steuber/Benchmarks/srem_sdiv_mul/QF_BV/sage/app8/bench_3268.smt2
[runlim] start:			Sun Jun 30 09:58:10 2019
[runlim] main pid:		22986
[Ablector] INFO: *** ROUND 0
[Ablector] INFO: ABLECTOR TIME: 0.000556
[Ablector] INFO: SAT TIME: 0.000356
[Ablector] INFO: REF TIME: 0.000336
[runlim] end:			Sun Jun 30 09:58:20 2019
[runlim] status:		ok
[runlim] result:		0
[runlim] children:		3
[runlim] real:			10.18 seconds
[runlim] time:			0.55 seconds
[runlim] space:			49.0 MB
[runlim] samples:		97
[runlim] version:		1.7
[runlim] time limit:		311040000 seconds
[runlim] real time limit:	1200 seconds
[runlim] space limit:		7500 MB
[runlim] argv[0]:		python3
[runlim] argv[1]:		/raid/steuber/Software/ablector/ablector
[runlim] argv[2]:		/raid/steuber/Benchmarks/srem_sdiv_mul/QF_BV/sage/app7/bench_5334.smt2
[runlim] start:			Sun Jun 30 09:58:10 2019
[runlim] main pid:		22988
[Ablector] INFO: *** ROUND 0
[Ablector] INFO: ABLECTOR TIME: 0.000619
[Ablector] INFO: SAT TIME: 0.000379
[Ablector] INFO: REF TIME: 0.000359
[runlim] end:			Sun Jun 30 09:58:20 2019
[runlim] status:		ok
[runlim] result:		0
[runlim] children:		2
[runlim] real:			10.27 seconds
[runlim] time:			0.48 seconds
[runlim] space:			32.9 MB
[runlim] samples:		94
[runlim] version:		1.7
[runlim] time limit:		311040000 seconds
[runlim] real time limit:	1200 seconds
[runlim] space limit:		7500 MB
[runlim] argv[0]:		python3
[runlim] argv[1]:		/raid/steuber/Software/ablector/ablector
[runlim] argv[2]:		/raid/steuber/Benchmarks/srem_sdiv_mul/QF_BV/sage/app7/bench_5561.smt2
[runlim] start:			Sun Jun 30 09:58:31 2019
[runlim] main pid:		23029
[Ablector] INFO: *** ROUND 0
[Ablector] INFO: ABLECTOR TIME: 0.000578
[Ablector] INFO: SAT TIME: 0.000364
[Ablector] INFO: REF TIME: 0.000345
[runlim] end:			Sun Jun 30 09:58:32 2019
[runlim] status:		ok
[runlim] result:		0
[runlim] children:		1
[runlim] real:			1.47 seconds
[runlim] time:			0.46 seconds
[runlim] space:			34.4 MB
[runlim] samples:		7
[runlim] version:		1.7
[runlim] time limit:		311040000 seconds
[runlim] real time limit:	1200 seconds
[runlim] space limit:		7500 MB
[runlim] argv[0]:		python3
[runlim] argv[1]:		/raid/steuber/Software/ablector/ablector
[runlim] argv[2]:		/raid/steuber/Benchmarks/srem_sdiv_mul/QF_BV/sage/app7/bench_327.smt2
[runlim] start:			Sun Jun 30 09:58:31 2019
[runlim] main pid:		23027
[Ablector] INFO: *** ROUND 0
[Ablector] INFO: ABLECTOR TIME: 0.000588
[Ablector] INFO: SAT TIME: 0.000372
[Ablector] INFO: REF TIME: 0.000352
[runlim] end:			Sun Jun 30 09:58:34 2019
[runlim] status:		ok
[runlim] result:		0
[runlim] children:		18
[runlim] real:			3.22 seconds
[runlim] time:			1.96 seconds
[runlim] space:			83.6 MB
[runlim] samples:		25
[runlim] version:		1.7
[runlim] time limit:		311040000 seconds
[runlim] real time limit:	1200 seconds
[runlim] space limit:		7500 MB
[runlim] argv[0]:		python3
[runlim] argv[1]:		/raid/steuber/Software/ablector/ablector
[runlim] argv[2]:		/raid/steuber/Benchmarks/srem_sdiv_mul/QF_BV/sage/app7/bench_3250.smt2
[runlim] start:			Sun Jun 30 09:58:34 2019
[runlim] main pid:		23077
[Ablector] INFO: *** ROUND 0
[Ablector] INFO: ABLECTOR TIME: 0.000575
[Ablector] INFO: SAT TIME: 0.000368
[Ablector] INFO: REF TIME: 0.000348
[runlim] end:			Sun Jun 30 09:58:35 2019
[runlim] status:		ok
[runlim] result:		0
[runlim] children:		3
[runlim] real:			1.31 seconds
[runlim] time:			0.56 seconds
[runlim] space:			41.8 MB
[runlim] samples:		6
[runlim] version:		1.7
[runlim] time limit:		311040000 seconds
[runlim] real time limit:	1200 seconds
[runlim] space limit:		7500 MB
[runlim] argv[0]:		python3
[runlim] argv[1]:		/raid/steuber/Software/ablector/ablector
[runlim] argv[2]:		/raid/steuber/Benchmarks/srem_sdiv_mul/QF_BV/Sage2/bench_1321.smt2
[runlim] start:			Sun Jun 30 09:58:33 2019
[runlim] main pid:		23057
[Ablector] INFO: *** ROUND 0
[Ablector] INFO: ABLECTOR TIME: 0.264936
[Ablector] INFO: SAT TIME: 0.264764
[Ablector] INFO: REF TIME: 0.000357
[runlim] end:			Sun Jun 30 09:58:36 2019
[runlim] status:		ok
[runlim] result:		0
[runlim] children:		5
[runlim] real:			3.37 seconds
[runlim] time:			2.90 seconds
[runlim] space:			69.5 MB
[runlim] samples:		32
[runlim] version:		1.7
[runlim] time limit:		311040000 seconds
[runlim] real time limit:	1200 seconds
[runlim] space limit:		7500 MB
[runlim] argv[0]:		python3
[runlim] argv[1]:		/raid/steuber/Software/ablector/ablector
[runlim] argv[2]:		/raid/steuber/Benchmarks/srem_sdiv_mul/QF_BV/sage/app7/bench_3163.smt2
[runlim] start:			Sun Jun 30 09:58:36 2019
[runlim] main pid:		23097
[Ablector] INFO: *** ROUND 0
[Ablector] INFO: ABLECTOR TIME: 0.000578
[Ablector] INFO: SAT TIME: 0.000372
[Ablector] INFO: REF TIME: 0.000351
[runlim] end:			Sun Jun 30 09:58:36 2019
[runlim] status:		ok
[runlim] result:		0
[runlim] children:		4
[runlim] real:			0.86 seconds
[runlim] time:			0.49 seconds
[runlim] space:			44.5 MB
[runlim] samples:		7
[runlim] version:		1.7
[runlim] time limit:		311040000 seconds
[runlim] real time limit:	1200 seconds
[runlim] space limit:		7500 MB
[runlim] argv[0]:		python3
[runlim] argv[1]:		/raid/steuber/Software/ablector/ablector
[runlim] argv[2]:		/raid/steuber/Benchmarks/srem_sdiv_mul/QF_BV/sage/app7/bench_6096.smt2
[runlim] start:			Sun Jun 30 09:58:37 2019
[runlim] main pid:		23136
[Ablector] INFO: *** ROUND 0
[Ablector] INFO: ABLECTOR TIME: 0.000576
[Ablector] INFO: SAT TIME: 0.000341
[Ablector] INFO: REF TIME: 0.000320
[runlim] end:			Sun Jun 30 09:58:38 2019
[runlim] status:		ok
[runlim] result:		0
[runlim] children:		0
[runlim] real:			1.55 seconds
[runlim] time:			0.39 seconds
[runlim] space:			32.9 MB
[runlim] samples:		9
[runlim] version:		1.7
[runlim] time limit:		311040000 seconds
[runlim] real time limit:	1200 seconds
[runlim] space limit:		7500 MB
[runlim] argv[0]:		python3
[runlim] argv[1]:		/raid/steuber/Software/ablector/ablector
[runlim] argv[2]:		/raid/steuber/Benchmarks/srem_sdiv_mul/QF_BV/Sage2/bench_15585.smt2
[runlim] start:			Sun Jun 30 09:58:39 2019
[runlim] main pid:		23157
[Ablector] INFO: *** ROUND 0
[Ablector] INFO: ABLECTOR TIME: 0.404348
[Ablector] INFO: SAT TIME: 0.404158
[Ablector] INFO: REF TIME: 0.000376
[runlim] end:			Sun Jun 30 09:58:39 2019
[runlim] status:		ok
[runlim] result:		0
[runlim] children:		0
[runlim] real:			0.98 seconds
[runlim] time:			1.02 seconds
[runlim] space:			38.2 MB
[runlim] samples:		8
[runlim] version:		1.7
[runlim] time limit:		311040000 seconds
[runlim] real time limit:	1200 seconds
[runlim] space limit:		7500 MB
[runlim] argv[0]:		python3
[runlim] argv[1]:		/raid/steuber/Software/ablector/ablector
[runlim] argv[2]:		/raid/steuber/Benchmarks/srem_sdiv_mul/QF_BV/sage/app7/bench_6531.smt2
[runlim] start:			Sun Jun 30 09:58:40 2019
[runlim] main pid:		23177
[Ablector] INFO: *** ROUND 0
[MulNode] INFO: Level 0
[MulNode] INFO: Level 0
[Ablector] INFO: ABLECTOR TIME: 0.072117
[Ablector] INFO: SAT TIME: 0.071763
[Ablector] INFO: REF TIME: 0.037134
[runlim] end:			Sun Jun 30 09:58:41 2019
[runlim] status:		ok
[runlim] result:		0
[runlim] children:		0
[runlim] real:			1.05 seconds
[runlim] time:			0.59 seconds
[runlim] space:			33.9 MB
[runlim] samples:		6
[runlim] version:		1.7
[runlim] time limit:		311040000 seconds
[runlim] real time limit:	1200 seconds
[runlim] space limit:		7500 MB
[runlim] argv[0]:		python3
[runlim] argv[1]:		/raid/steuber/Software/ablector/ablector
[runlim] argv[2]:		/raid/steuber/Benchmarks/srem_sdiv_mul/QF_BV/sage/app5/bench_419.smt2
[runlim] start:			Sun Jun 30 09:58:41 2019
[runlim] main pid:		23197
[Ablector] INFO: *** ROUND 0
[Ablector] INFO: ABLECTOR TIME: 0.049563
[Ablector] INFO: SAT TIME: 0.049342
[Ablector] INFO: REF TIME: 0.000343
[runlim] end:			Sun Jun 30 09:58:41 2019
[runlim] status:		ok
[runlim] result:		0
[runlim] children:		0
[runlim] real:			0.96 seconds
[runlim] time:			0.56 seconds
[runlim] space:			33.6 MB
[runlim] samples:		4
[runlim] version:		1.7
[runlim] time limit:		311040000 seconds
[runlim] real time limit:	1200 seconds
[runlim] space limit:		7500 MB
[runlim] argv[0]:		python3
[runlim] argv[1]:		/raid/steuber/Software/ablector/ablector
[runlim] argv[2]:		/raid/steuber/Benchmarks/srem_sdiv_mul/QF_BV/Sage2/bench_9209.smt2
[runlim] start:			Sun Jun 30 09:58:37 2019
[runlim] main pid:		23121
[Ablector] INFO: *** ROUND 0
[Ablector] INFO: ABLECTOR TIME: 5.018403
[Ablector] INFO: SAT TIME: 5.018207
[Ablector] INFO: REF TIME: 0.000366
[runlim] end:			Sun Jun 30 09:58:43 2019
[runlim] status:		ok
[runlim] result:		0
[runlim] children:		6
[runlim] real:			6.38 seconds
[runlim] time:			5.66 seconds
[runlim] space:			41.1 MB
[runlim] samples:		62
[runlim] version:		1.7
[runlim] time limit:		311040000 seconds
[runlim] real time limit:	1200 seconds
[runlim] space limit:		7500 MB
[runlim] argv[0]:		python3
[runlim] argv[1]:		/raid/steuber/Software/ablector/ablector
[runlim] argv[2]:		/raid/steuber/Benchmarks/srem_sdiv_mul/QF_BV/sage/app7/bench_3802.smt2
[runlim] start:			Sun Jun 30 09:58:42 2019
[runlim] main pid:		23217
[Ablector] INFO: *** ROUND 0
[Ablector] INFO: ABLECTOR TIME: 0.000660
[Ablector] INFO: SAT TIME: 0.000433
[Ablector] INFO: REF TIME: 0.000409
[runlim] end:			Sun Jun 30 09:58:43 2019
[runlim] status:		ok
[runlim] result:		0
[runlim] children:		4
[runlim] real:			1.49 seconds
[runlim] time:			0.58 seconds
[runlim] space:			44.1 MB
[runlim] samples:		6
[runlim] version:		1.7
[runlim] time limit:		311040000 seconds
[runlim] real time limit:	1200 seconds
[runlim] space limit:		7500 MB
[runlim] argv[0]:		python3
[runlim] argv[1]:		/raid/steuber/Software/ablector/ablector
[runlim] argv[2]:		/raid/steuber/Benchmarks/srem_sdiv_mul/QF_BV/sage/app8/bench_757.smt2
[runlim] start:			Sun Jun 30 09:58:44 2019
[runlim] main pid:		23256
[Ablector] INFO: *** ROUND 0
[Ablector] INFO: ABLECTOR TIME: 0.308341
[Ablector] INFO: SAT TIME: 0.308152
[Ablector] INFO: REF TIME: 0.000351
[runlim] end:			Sun Jun 30 09:58:45 2019
[runlim] status:		ok
[runlim] result:		0
[runlim] children:		0
[runlim] real:			1.10 seconds
[runlim] time:			0.98 seconds
[runlim] space:			38.0 MB
[runlim] samples:		9
[runlim] version:		1.7
[runlim] time limit:		311040000 seconds
[runlim] real time limit:	1200 seconds
[runlim] space limit:		7500 MB
[runlim] argv[0]:		python3
[runlim] argv[1]:		/raid/steuber/Software/ablector/ablector
[runlim] argv[2]:		/raid/steuber/Benchmarks/srem_sdiv_mul/QF_BV/Sage2/bench_12742.smt2
[runlim] start:			Sun Jun 30 09:58:43 2019
[runlim] main pid:		23247
[runlim] sample:		9.1 seconds, 87.3 MB
[Ablector] INFO: *** ROUND 0
[runlim] sample:		19.1 seconds, 575.7 MB
[runlim] sample:		29.1 seconds, 687.9 MB
[runlim] sample:		39.1 seconds, 586.5 MB
[runlim] sample:		49.1 seconds, 562.9 MB
[runlim] sample:		59.1 seconds, 784.7 MB
[runlim] sample:		69.1 seconds, 703.5 MB
[runlim] sample:		79.1 seconds, 615.4 MB
[runlim] sample:		89.1 seconds, 704.3 MB
[runlim] sample:		99.1 seconds, 613.9 MB
[runlim] sample:		109.1 seconds, 705.1 MB
[runlim] sample:		119.1 seconds, 719.8 MB
[runlim] sample:		129.1 seconds, 781.4 MB
[runlim] sample:		139.1 seconds, 659.0 MB
[MulNode] INFO: Level 0
[MulNode] INFO: Level 0
[MulNode] INFO: Level 0
[MulNode] INFO: Level 0
[MulNode] INFO: Level 0
[MulNode] INFO: Level 0
[MulNode] INFO: Level 0
[MulNode] INFO: Level 0
[MulNode] INFO: Level 0
[MulNode] INFO: Level 0
[MulNode] INFO: Level 0
[MulNode] INFO: Level 0
[MulNode] INFO: Level 0
[MulNode] INFO: Level 0
[MulNode] INFO: Level 0
[MulNode] INFO: Level 0
[MulNode] INFO: Level 0
[MulNode] INFO: Level 0
[MulNode] INFO: Level 0
[MulNode] INFO: Level 0
[MulNode] INFO: Level 0
[MulNode] INFO: Level 0
[MulNode] INFO: Level 0
[MulNode] INFO: Level 0
[MulNode] INFO: Level 0
[MulNode] INFO: Level 0
[MulNode] INFO: Level 0
[MulNode] INFO: Level 0
[MulNode] INFO: Level 0
[MulNode] INFO: Level 0
[MulNode] INFO: Level 0
[MulNode] INFO: Level 0
[MulNode] INFO: Level 0
[MulNode] INFO: Level 0
[MulNode] INFO: Level 0
[MulNode] INFO: Level 0
[MulNode] INFO: Level 0
[MulNode] INFO: Level 0
[MulNode] INFO: Level 0
[MulNode] INFO: Level 0
[MulNode] INFO: Level 0
[MulNode] INFO: Level 0
[MulNode] INFO: Level 0
[MulNode] INFO: Level 0
[MulNode] INFO: Level 0
[MulNode] INFO: Level 0
[MulNode] INFO: Level 0
[MulNode] INFO: Level 0
[MulNode] INFO: Level 0
[MulNode] INFO: Level 0
[MulNode] INFO: Level 0
[MulNode] INFO: Level 0
[MulNode] INFO: Level 0
[MulNode] INFO: Level 0
[MulNode] INFO: Level 0
[MulNode] INFO: Level 0
[MulNode] INFO: Level 0
[MulNode] INFO: Level 0
[MulNode] INFO: Level 0
[MulNode] INFO: Level 0
[MulNode] INFO: Level 0
[MulNode] INFO: Level 0
[MulNode] INFO: Level 0
[MulNode] INFO: Level 0
[MulNode] INFO: Level 0
[MulNode] INFO: Level 0
[MulNode] INFO: Level 0
[MulNode] INFO: Level 0
[MulNode] INFO: Level 0
[MulNode] INFO: Level 0
[MulNode] INFO: Level 0
[MulNode] INFO: Level 0
[MulNode] INFO: Level 0
[MulNode] INFO: Level 0
[MulNode] INFO: Level 0
[MulNode] INFO: Level 0
[MulNode] INFO: Level 0
[MulNode] INFO: Level 0
[MulNode] INFO: Level 0
[MulNode] INFO: Level 0
[MulNode] INFO: Level 0
[MulNode] INFO: Level 0
[MulNode] INFO: Level 0
[MulNode] INFO: Level 0
[MulNode] INFO: Level 0
[MulNode] INFO: Level 0
[MulNode] INFO: Level 0
[MulNode] INFO: Level 0
[MulNode] INFO: Level 0
[MulNode] INFO: Level 0
[MulNode] INFO: Level 0
[MulNode] INFO: Level 0
[MulNode] INFO: Level 0
[MulNode] INFO: Level 0
[MulNode] INFO: Level 0
[MulNode] INFO: Level 0
[MulNode] INFO: Level 0
[MulNode] INFO: Level 0
[MulNode] INFO: Level 0
[MulNode] INFO: Level 0
[MulNode] INFO: Level 0
[MulNode] INFO: Level 0
[MulNode] INFO: Level 0
[MulNode] INFO: Level 0
[MulNode] INFO: Level 0
[MulNode] INFO: Level 0
[MulNode] INFO: Level 0
[MulNode] INFO: Level 0
[MulNode] INFO: Level 0
[MulNode] INFO: Level 0
[MulNode] INFO: Level 0
[MulNode] INFO: Level 0
[MulNode] INFO: Level 0
[MulNode] INFO: Level 0
[MulNode] INFO: Level 0
[MulNode] INFO: Level 0
[MulNode] INFO: Level 0
[MulNode] INFO: Level 0
[MulNode] INFO: Level 0
[MulNode] INFO: Level 0
[MulNode] INFO: Level 0
[MulNode] INFO: Level 0
[MulNode] INFO: Level 0
[MulNode] INFO: Level 0
[MulNode] INFO: Level 0
[MulNode] INFO: Level 0
[MulNode] INFO: Level 0
[MulNode] INFO: Level 0
[MulNode] INFO: Level 0
[MulNode] INFO: Level 0
[MulNode] INFO: Level 0
[MulNode] INFO: Level 0
[MulNode] INFO: Level 0
[MulNode] INFO: Level 0
[MulNode] INFO: Level 0
[MulNode] INFO: Level 0
[MulNode] INFO: Level 0
[MulNode] INFO: Level 0
[MulNode] INFO: Level 0
[MulNode] INFO: Level 0
[MulNode] INFO: Level 0
[MulNode] INFO: Level 0
[MulNode] INFO: Level 0
[MulNode] INFO: Level 0
[MulNode] INFO: Level 0
[MulNode] INFO: Level 0
[MulNode] INFO: Level 0
[MulNode] INFO: Level 0
[MulNode] INFO: Level 0
[MulNode] INFO: Level 0
[MulNode] INFO: Level 0
[MulNode] INFO: Level 0
[MulNode] INFO: Level 0
[MulNode] INFO: Level 0
[MulNode] INFO: Level 0
[MulNode] INFO: Level 0
[MulNode] INFO: Level 0
[MulNode] INFO: Level 0
[MulNode] INFO: Level 0
[MulNode] INFO: Level 0
[MulNode] INFO: Level 0
[MulNode] INFO: Level 0
[MulNode] INFO: Level 0
[MulNode] INFO: Level 0
[MulNode] INFO: Level 0
[MulNode] INFO: Level 0
[MulNode] INFO: Level 0
[MulNode] INFO: Level 0
[MulNode] INFO: Level 0
[MulNode] INFO: Level 0
[MulNode] INFO: Level 0
[MulNode] INFO: Level 0
[MulNode] INFO: Level 0
[MulNode] INFO: Level 0
[MulNode] INFO: Level 0
[MulNode] INFO: Level 0
[MulNode] INFO: Level 0
[MulNode] INFO: Level 0
[MulNode] INFO: Level 0
[MulNode] INFO: Level 0
[MulNode] INFO: Level 0
[MulNode] INFO: Level 0
[MulNode] INFO: Level 0
[MulNode] INFO: Level 0
[MulNode] INFO: Level 0
[MulNode] INFO: Level 0
[MulNode] INFO: Level 0
[MulNode] INFO: Level 0
[MulNode] INFO: Level 0
[MulNode] INFO: Level 0
[MulNode] INFO: Level 0
[MulNode] INFO: Level 0
[MulNode] INFO: Level 0
[MulNode] INFO: Level 0
[MulNode] INFO: Level 0
[MulNode] INFO: Level 0
[MulNode] INFO: Level 0
[MulNode] INFO: Level 0
[MulNode] INFO: Level 0
[MulNode] INFO: Level 0
[MulNode] INFO: Level 0
[MulNode] INFO: Level 0
[MulNode] INFO: Level 0
[MulNode] INFO: Level 0
[MulNode] INFO: Level 0
[MulNode] INFO: Level 0
[MulNode] INFO: Level 0
[MulNode] INFO: Level 0
[MulNode] INFO: Level 0
[MulNode] INFO: Level 0
[MulNode] INFO: Level 0
[MulNode] INFO: Level 0
[MulNode] INFO: Level 0
[MulNode] INFO: Level 0
[MulNode] INFO: Level 0
[MulNode] INFO: Level 0
[MulNode] INFO: Level 0
[MulNode] INFO: Level 0
[MulNode] INFO: Level 0
[MulNode] INFO: Level 0
[MulNode] INFO: Level 0
[MulNode] INFO: Level 0
[MulNode] INFO: Level 0
[MulNode] INFO: Level 0
[MulNode] INFO: Level 0
[MulNode] INFO: Level 0
[MulNode] INFO: Level 0
[MulNode] INFO: Level 0
[MulNode] INFO: Level 0
[MulNode] INFO: Level 0
[MulNode] INFO: Level 0
[MulNode] INFO: Level 0
[MulNode] INFO: Level 0
[MulNode] INFO: Level 0
[MulNode] INFO: Level 0
[MulNode] INFO: Level 0
[MulNode] INFO: Level 0
[MulNode] INFO: Level 0
[MulNode] INFO: Level 0
[MulNode] INFO: Level 0
[MulNode] INFO: Level 0
[MulNode] INFO: Level 0
[MulNode] INFO: Level 0
[MulNode] INFO: Level 0
[MulNode] INFO: Level 0
[MulNode] INFO: Level 0
[MulNode] INFO: Level 0
[MulNode] INFO: Level 0
[MulNode] INFO: Level 0
[MulNode] INFO: Level 0
[MulNode] INFO: Level 0
[MulNode] INFO: Level 0
[MulNode] INFO: Level 0
[MulNode] INFO: Level 0
[MulNode] INFO: Level 0
[MulNode] INFO: Level 0
[MulNode] INFO: Level 0
[MulNode] INFO: Level 0
[MulNode] INFO: Level 0
[MulNode] INFO: Level 0
[MulNode] INFO: Level 0
[MulNode] INFO: Level 0
[MulNode] INFO: Level 0
[MulNode] INFO: Level 0
[MulNode] INFO: Level 0
[MulNode] INFO: Level 0
[MulNode] INFO: Level 0
[MulNode] INFO: Level 0
[MulNode] INFO: Level 0
[MulNode] INFO: Level 0
[MulNode] INFO: Level 0
[MulNode] INFO: Level 0
[MulNode] INFO: Level 0
[MulNode] INFO: Level 0
[MulNode] INFO: Level 0
[MulNode] INFO: Level 0
[MulNode] INFO: Level 0
[MulNode] INFO: Level 0
[MulNode] INFO: Level 0
[MulNode] INFO: Level 0
[MulNode] INFO: Level 0
[MulNode] INFO: Level 0
[MulNode] INFO: Level 0
[MulNode] INFO: Level 0
[MulNode] INFO: Level 0
[MulNode] INFO: Level 0
[MulNode] INFO: Level 0
[MulNode] INFO: Level 0
[MulNode] INFO: Level 0
[MulNode] INFO: Level 0
[MulNode] INFO: Level 0
[MulNode] INFO: Level 0
[MulNode] INFO: Level 0
[MulNode] INFO: Level 0
[MulNode] INFO: Level 0
[MulNode] INFO: Level 0
[MulNode] INFO: Level 0
[MulNode] INFO: Level 0
[MulNode] INFO: Level 0
[MulNode] INFO: Level 0
[MulNode] INFO: Level 0
[MulNode] INFO: Level 0
[MulNode] INFO: Level 0
[MulNode] INFO: Level 0
[MulNode] INFO: Level 0
[MulNode] INFO: Level 0
[MulNode] INFO: Level 0
[MulNode] INFO: Level 0
[MulNode] INFO: Level 0
[MulNode] INFO: Level 0
[MulNode] INFO: Level 0
[MulNode] INFO: Level 0
[MulNode] INFO: Level 0
[MulNode] INFO: Level 0
[MulNode] INFO: Level 0
[MulNode] INFO: Level 0
[MulNode] INFO: Level 0
[MulNode] INFO: Level 0
[MulNode] INFO: Level 0
[MulNode] INFO: Level 0
[MulNode] INFO: Level 0
[MulNode] INFO: Level 0
[MulNode] INFO: Level 0
[MulNode] INFO: Level 0
[MulNode] INFO: Level 0
[MulNode] INFO: Level 0
[MulNode] INFO: Level 0
[MulNode] INFO: Level 0
[MulNode] INFO: Level 0
[MulNode] INFO: Level 0
[MulNode] INFO: Level 0
[MulNode] INFO: Level 0
[MulNode] INFO: Level 0
[MulNode] INFO: Level 0
[MulNode] INFO: Level 0
[MulNode] INFO: Level 0
[MulNode] INFO: Level 0
[MulNode] INFO: Level 0
[MulNode] INFO: Level 0
[MulNode] INFO: Level 0
[MulNode] INFO: Level 0
[MulNode] INFO: Level 0
[MulNode] INFO: Level 0
[MulNode] INFO: Level 0
[MulNode] INFO: Level 0
[MulNode] INFO: Level 0
[MulNode] INFO: Level 0
[MulNode] INFO: Level 0
[MulNode] INFO: Level 0
[MulNode] INFO: Level 0
[MulNode] INFO: Level 0
[MulNode] INFO: Level 0
[MulNode] INFO: Level 0
[MulNode] INFO: Level 0
[MulNode] INFO: Level 0
[MulNode] INFO: Level 0
[MulNode] INFO: Level 0
[MulNode] INFO: Level 0
[MulNode] INFO: Level 0
[MulNode] INFO: Level 0
[MulNode] INFO: Level 0
[MulNode] INFO: Level 0
[MulNode] INFO: Level 0
[MulNode] INFO: Level 0
[MulNode] INFO: Level 0
[MulNode] INFO: Level 0
[MulNode] INFO: Level 0
[MulNode] INFO: Level 0
[MulNode] INFO: Level 0
[MulNode] INFO: Level 0
[MulNode] INFO: Level 0
[MulNode] INFO: Level 0
[MulNode] INFO: Level 0
[MulNode] INFO: Level 0
[MulNode] INFO: Level 0
[MulNode] INFO: Level 0
[MulNode] INFO: Level 0
[MulNode] INFO: Level 0
[MulNode] INFO: Level 0
[MulNode] INFO: Level 0
[MulNode] INFO: Level 0
[MulNode] INFO: Level 0
[MulNode] INFO: Level 0
[MulNode] INFO: Level 0
[MulNode] INFO: Level 0
[MulNode] INFO: Level 0
[MulNode] INFO: Level 0
[MulNode] INFO: Level 0
[MulNode] INFO: Level 0
[MulNode] INFO: Level 0
[MulNode] INFO: Level 0
[MulNode] INFO: Level 0
[MulNode] INFO: Level 0
[MulNode] INFO: Level 0
[MulNode] INFO: Level 0
[MulNode] INFO: Level 0
[MulNode] INFO: Level 0
[MulNode] INFO: Level 0
[MulNode] INFO: Level 0
[MulNode] INFO: Level 0
[MulNode] INFO: Level 0
[MulNode] INFO: Level 0
[MulNode] INFO: Level 0
[MulNode] INFO: Level 0
[MulNode] INFO: Level 0
[MulNode] INFO: Level 0
[MulNode] INFO: Level 0
[MulNode] INFO: Level 0
[MulNode] INFO: Level 0
[MulNode] INFO: Level 0
[MulNode] INFO: Level 0
[MulNode] INFO: Level 0
[MulNode] INFO: Level 0
[MulNode] INFO: Level 0
[MulNode] INFO: Level 0
[MulNode] INFO: Level 0
[MulNode] INFO: Level 0
[MulNode] INFO: Level 0
[MulNode] INFO: Level 0
[MulNode] INFO: Level 0
[MulNode] INFO: Level 0
[MulNode] INFO: Level 0
[MulNode] INFO: Level 0
[MulNode] INFO: Level 0
[MulNode] INFO: Level 0
[MulNode] INFO: Level 0
[MulNode] INFO: Level 0
[MulNode] INFO: Level 0
[MulNode] INFO: Level 0
[MulNode] INFO: Level 0
[MulNode] INFO: Level 0
[MulNode] INFO: Level 0
[MulNode] INFO: Level 0
[MulNode] INFO: Level 0
[MulNode] INFO: Level 0
[MulNode] INFO: Level 0
[MulNode] INFO: Level 0
[MulNode] INFO: Level 0
[MulNode] INFO: Level 0
[MulNode] INFO: Level 0
[MulNode] INFO: Level 0
[MulNode] INFO: Level 0
[MulNode] INFO: Level 0
[MulNode] INFO: Level 0
[MulNode] INFO: Level 0
[MulNode] INFO: Level 0
[MulNode] INFO: Level 0
[MulNode] INFO: Level 0
[MulNode] INFO: Level 0
[MulNode] INFO: Level 0
[MulNode] INFO: Level 0
[MulNode] INFO: Level 0
[MulNode] INFO: Level 0
[MulNode] INFO: Level 0
[MulNode] INFO: Level 0
[MulNode] INFO: Level 0
[MulNode] INFO: Level 0
[MulNode] INFO: Level 0
[MulNode] INFO: Level 0
[MulNode] INFO: Level 0
[MulNode] INFO: Level 0
[MulNode] INFO: Level 0
[MulNode] INFO: Level 0
[MulNode] INFO: Level 0
[MulNode] INFO: Level 0
[MulNode] INFO: Level 0
[MulNode] INFO: Level 0
[MulNode] INFO: Level 0
[MulNode] INFO: Level 0
[MulNode] INFO: Level 0
[MulNode] INFO: Level 0
[MulNode] INFO: Level 0
[MulNode] INFO: Level 0
[MulNode] INFO: Level 0
[MulNode] INFO: Level 0
[MulNode] INFO: Level 0
[MulNode] INFO: Level 0
[MulNode] INFO: Level 0
[MulNode] INFO: Level 0
[MulNode] INFO: Level 0
[MulNode] INFO: Level 0
[MulNode] INFO: Level 0
[MulNode] INFO: Level 0
[MulNode] INFO: Level 0
[MulNode] INFO: Level 0
[MulNode] INFO: Level 0
[MulNode] INFO: Level 0
[MulNode] INFO: Level 0
[MulNode] INFO: Level 0
[MulNode] INFO: Level 0
[MulNode] INFO: Level 0
[MulNode] INFO: Level 0
[MulNode] INFO: Level 0
[MulNode] INFO: Level 0
[MulNode] INFO: Level 0
[MulNode] INFO: Level 0
[MulNode] INFO: Level 0
[MulNode] INFO: Level 0
[MulNode] INFO: Level 0
[MulNode] INFO: Level 0
[MulNode] INFO: Level 0
[MulNode] INFO: Level 0
[MulNode] INFO: Level 0
[MulNode] INFO: Level 0
[MulNode] INFO: Level 0
[MulNode] INFO: Level 0
[MulNode] INFO: Level 0
[MulNode] INFO: Level 0
[MulNode] INFO: Level 0
[MulNode] INFO: Level 0
[MulNode] INFO: Level 0
[MulNode] INFO: Level 0
[MulNode] INFO: Level 0
[MulNode] INFO: Level 0
[MulNode] INFO: Level 0
[MulNode] INFO: Level 0
[MulNode] INFO: Level 0
[MulNode] INFO: Level 0
[MulNode] INFO: Level 0
[MulNode] INFO: Level 0
[MulNode] INFO: Level 0
[MulNode] INFO: Level 0
[MulNode] INFO: Level 0
[MulNode] INFO: Level 0
[MulNode] INFO: Level 0
[MulNode] INFO: Level 0
[MulNode] INFO: Level 0
[MulNode] INFO: Level 0
[MulNode] INFO: Level 0
[MulNode] INFO: Level 0
[MulNode] INFO: Level 0
[MulNode] INFO: Level 0
[MulNode] INFO: Level 0
[MulNode] INFO: Level 0
[MulNode] INFO: Level 0
[MulNode] INFO: Level 0
[MulNode] INFO: Level 0
[MulNode] INFO: Level 0
[MulNode] INFO: Level 0
[MulNode] INFO: Level 0
[Ablector] INFO: ABLECTOR TIME: 138.482552
[Ablector] INFO: SAT TIME: 138.467074
[Ablector] INFO: REF TIME: 10.881513
[runlim] end:			Sun Jun 30 10:01:05 2019
[runlim] status:		ok
[runlim] result:		0
[runlim] children:		9
[runlim] real:			143.00 seconds
[runlim] time:			140.99 seconds
[runlim] space:			818.4 MB
[runlim] samples:		1419
[runlim] version:		1.7
[runlim] time limit:		311040000 seconds
[runlim] real time limit:	1200 seconds
[runlim] space limit:		7500 MB
[runlim] argv[0]:		python3
[runlim] argv[1]:		/raid/steuber/Software/ablector/ablector
[runlim] argv[2]:		/raid/steuber/Benchmarks/srem_sdiv_mul/QF_BV/Sage2/bench_9159.smt2
[runlim] start:			Sun Jun 30 10:01:06 2019
[runlim] main pid:		23302
[Ablector] INFO: *** ROUND 0
[Ablector] INFO: ABLECTOR TIME: 0.010364
[Ablector] INFO: SAT TIME: 0.010167
[Ablector] INFO: REF TIME: 0.000317
[runlim] end:			Sun Jun 30 10:01:06 2019
[runlim] status:		ok
[runlim] result:		0
[runlim] children:		0
[runlim] real:			0.99 seconds
[runlim] time:			0.43 seconds
[runlim] space:			33.9 MB
[runlim] samples:		4
[runlim] version:		1.7
[runlim] time limit:		311040000 seconds
[runlim] real time limit:	1200 seconds
[runlim] space limit:		7500 MB
[runlim] argv[0]:		python3
[runlim] argv[1]:		/raid/steuber/Software/ablector/ablector
[runlim] argv[2]:		/raid/steuber/Benchmarks/srem_sdiv_mul/QF_BV/sage/app9/bench_2765.smt2
[runlim] start:			Sun Jun 30 10:01:07 2019
[runlim] main pid:		23322
[Ablector] INFO: *** ROUND 0
[Ablector] INFO: ABLECTOR TIME: 0.000533
[Ablector] INFO: SAT TIME: 0.000324
[Ablector] INFO: REF TIME: 0.000304
[runlim] end:			Sun Jun 30 10:01:07 2019
[runlim] status:		ok
[runlim] result:		0
[runlim] children:		1
[runlim] real:			0.77 seconds
[runlim] time:			0.39 seconds
[runlim] space:			32.1 MB
[runlim] samples:		3
[runlim] version:		1.7
[runlim] time limit:		311040000 seconds
[runlim] real time limit:	1200 seconds
[runlim] space limit:		7500 MB
[runlim] argv[0]:		python3
[runlim] argv[1]:		/raid/steuber/Software/ablector/ablector
[runlim] argv[2]:		/raid/steuber/Benchmarks/srem_sdiv_mul/QF_BV/Sage2/bench_313.smt2
[runlim] start:			Sun Jun 30 10:01:08 2019
[runlim] main pid:		23342
[Ablector] INFO: *** ROUND 0
[MulNode] INFO: Level 0
[MulNode] INFO: Level 0
[MulNode] INFO: Level 0
[MulNode] INFO: Level 0
[MulNode] INFO: Level 0
[MulNode] INFO: Level 0
[MulNode] INFO: Level 0
[MulNode] INFO: Level 0
[MulNode] INFO: Level 0
[MulNode] INFO: Level 0
[Ablector] INFO: ABLECTOR TIME: 0.558316
[Ablector] INFO: SAT TIME: 0.557683
[Ablector] INFO: REF TIME: 0.191204
[runlim] end:			Sun Jun 30 10:01:09 2019
[runlim] status:		segmentation fault
[runlim] result:		139
[runlim] children:		0
[runlim] real:			1.16 seconds
[runlim] time:			1.08 seconds
[runlim] space:			46.8 MB
[runlim] samples:		9
[runlim] version:		1.7
[runlim] time limit:		311040000 seconds
[runlim] real time limit:	1200 seconds
[runlim] space limit:		7500 MB
[runlim] argv[0]:		python3
[runlim] argv[1]:		/raid/steuber/Software/ablector/ablector
[runlim] argv[2]:		/raid/steuber/Benchmarks/srem_sdiv_mul/QF_BV/sage/app7/bench_5729.smt2
[runlim] start:			Sun Jun 30 10:01:09 2019
[runlim] main pid:		23362
[Ablector] INFO: *** ROUND 0
[Ablector] INFO: ABLECTOR TIME: 0.000572
[Ablector] INFO: SAT TIME: 0.000367
[Ablector] INFO: REF TIME: 0.000347
[runlim] end:			Sun Jun 30 10:01:09 2019
[runlim] status:		ok
[runlim] result:		0
[runlim] children:		1
[runlim] real:			0.94 seconds
[runlim] time:			0.31 seconds
[runlim] space:			35.9 MB
[runlim] samples:		3
[runlim] version:		1.7
[runlim] time limit:		311040000 seconds
[runlim] real time limit:	1200 seconds
[runlim] space limit:		7500 MB
[runlim] argv[0]:		python3
[runlim] argv[1]:		/raid/steuber/Software/ablector/ablector
[runlim] argv[2]:		/raid/steuber/Benchmarks/srem_sdiv_mul/QF_BV/sage/app2/bench_756.smt2
[runlim] start:			Sun Jun 30 10:01:10 2019
[runlim] main pid:		23382
[Ablector] INFO: *** ROUND 0
[Ablector] INFO: ABLECTOR TIME: 0.000560
[Ablector] INFO: SAT TIME: 0.000359
[Ablector] INFO: REF TIME: 0.000340
[runlim] end:			Sun Jun 30 10:01:10 2019
[runlim] status:		ok
[runlim] result:		0
[runlim] children:		1
[runlim] real:			0.75 seconds
[runlim] time:			0.40 seconds
[runlim] space:			35.3 MB
[runlim] samples:		3
[runlim] version:		1.7
[runlim] time limit:		311040000 seconds
[runlim] real time limit:	1200 seconds
[runlim] space limit:		7500 MB
[runlim] argv[0]:		python3
[runlim] argv[1]:		/raid/steuber/Software/ablector/ablector
[runlim] argv[2]:		/raid/steuber/Benchmarks/srem_sdiv_mul/QF_BV/sage/app5/bench_424.smt2
[runlim] start:			Sun Jun 30 10:01:11 2019
[runlim] main pid:		23402
[Ablector] INFO: *** ROUND 0
[Ablector] INFO: ABLECTOR TIME: 0.022018
[Ablector] INFO: SAT TIME: 0.021818
[Ablector] INFO: REF TIME: 0.000312
[runlim] end:			Sun Jun 30 10:01:11 2019
[runlim] status:		ok
[runlim] result:		0
[runlim] children:		0
[runlim] real:			0.53 seconds
[runlim] time:			0.33 seconds
[runlim] space:			35.2 MB
[runlim] samples:		3
[runlim] version:		1.7
[runlim] time limit:		311040000 seconds
[runlim] real time limit:	1200 seconds
[runlim] space limit:		7500 MB
[runlim] argv[0]:		python3
[runlim] argv[1]:		/raid/steuber/Software/ablector/ablector
[runlim] argv[2]:		/raid/steuber/Benchmarks/srem_sdiv_mul/QF_BV/Sage2/bench_16031.smt2
[runlim] start:			Sun Jun 30 10:01:11 2019
[runlim] main pid:		23422
[Ablector] INFO: *** ROUND 0
[Ablector] INFO: ABLECTOR TIME: 0.323497
[Ablector] INFO: SAT TIME: 0.323304
[Ablector] INFO: REF TIME: 0.000356
[runlim] end:			Sun Jun 30 10:01:12 2019
[runlim] status:		ok
[runlim] result:		0
[runlim] children:		1
[runlim] real:			1.71 seconds
[runlim] time:			0.86 seconds
[runlim] space:			39.1 MB
[runlim] samples:		7
[runlim] version:		1.7
[runlim] time limit:		311040000 seconds
[runlim] real time limit:	1200 seconds
[runlim] space limit:		7500 MB
[runlim] argv[0]:		python3
[runlim] argv[1]:		/raid/steuber/Software/ablector/ablector
[runlim] argv[2]:		/raid/steuber/Benchmarks/srem_sdiv_mul/QF_BV/sage/app1/bench_158.smt2
[runlim] start:			Sun Jun 30 10:01:13 2019
[runlim] main pid:		23442
[Ablector] INFO: *** ROUND 0
[Ablector] INFO: ABLECTOR TIME: 0.000540
[Ablector] INFO: SAT TIME: 0.000335
[Ablector] INFO: REF TIME: 0.000314
[runlim] end:			Sun Jun 30 10:01:13 2019
[runlim] status:		ok
[runlim] result:		0
[runlim] children:		0
[runlim] real:			0.47 seconds
[runlim] time:			0.31 seconds
[runlim] space:			33.0 MB
[runlim] samples:		3
[runlim] version:		1.7
[runlim] time limit:		311040000 seconds
[runlim] real time limit:	1200 seconds
[runlim] space limit:		7500 MB
[runlim] argv[0]:		python3
[runlim] argv[1]:		/raid/steuber/Software/ablector/ablector
[runlim] argv[2]:		/raid/steuber/Benchmarks/srem_sdiv_mul/QF_BV/sage/app7/bench_6056.smt2
[runlim] start:			Sun Jun 30 10:01:13 2019
[runlim] main pid:		23462
[Ablector] INFO: *** ROUND 0
[Ablector] INFO: ABLECTOR TIME: 0.000558
[Ablector] INFO: SAT TIME: 0.000346
[Ablector] INFO: REF TIME: 0.000326
[runlim] end:			Sun Jun 30 10:01:14 2019
[runlim] status:		ok
[runlim] result:		0
[runlim] children:		0
[runlim] real:			1.23 seconds
[runlim] time:			0.32 seconds
[runlim] space:			32.9 MB
[runlim] samples:		3
[runlim] version:		1.7
[runlim] time limit:		311040000 seconds
[runlim] real time limit:	1200 seconds
[runlim] space limit:		7500 MB
[runlim] argv[0]:		python3
[runlim] argv[1]:		/raid/steuber/Software/ablector/ablector
[runlim] argv[2]:		/raid/steuber/Benchmarks/srem_sdiv_mul/QF_BV/sage/app11/bench_307.smt2
[runlim] start:			Sun Jun 30 10:01:14 2019
[runlim] main pid:		23482
[Ablector] INFO: *** ROUND 0
[Ablector] INFO: ABLECTOR TIME: 0.000612
[Ablector] INFO: SAT TIME: 0.000396
[Ablector] INFO: REF TIME: 0.000358
[runlim] end:			Sun Jun 30 10:01:15 2019
[runlim] status:		ok
[runlim] result:		0
[runlim] children:		7
[runlim] real:			1.79 seconds
[runlim] time:			1.21 seconds
[runlim] space:			62.9 MB
[runlim] samples:		11
[runlim] version:		1.7
[runlim] time limit:		311040000 seconds
[runlim] real time limit:	1200 seconds
[runlim] space limit:		7500 MB
[runlim] argv[0]:		python3
[runlim] argv[1]:		/raid/steuber/Software/ablector/ablector
[runlim] argv[2]:		/raid/steuber/Benchmarks/srem_sdiv_mul/QF_BV/Sage2/bench_16383.smt2
[runlim] start:			Sun Jun 30 10:01:16 2019
[runlim] main pid:		23502
[Ablector] INFO: *** ROUND 0
[MulNode] INFO: Level 0
[MulNode] INFO: Level 0
[MulNode] INFO: Level 0
[MulNode] INFO: Level 0
[MulNode] INFO: Level 0
[MulNode] INFO: Level 0
[MulNode] INFO: Level 0
[MulNode] INFO: Level 0
[MulNode] INFO: Level 0
[MulNode] INFO: Level 0
[MulNode] INFO: Level 0
[MulNode] INFO: Level 0
[MulNode] INFO: Level 0
[MulNode] INFO: Level 0
[MulNode] INFO: Level 0
[MulNode] INFO: Level 0
[MulNode] INFO: Level 0
[MulNode] INFO: Level 0
[MulNode] INFO: Level 0
[MulNode] INFO: Level 0
[MulNode] INFO: Level 0
[MulNode] INFO: Level 0
[MulNode] INFO: Level 0
[Ablector] INFO: ABLECTOR TIME: 4.445851
[Ablector] INFO: SAT TIME: 4.444927
[Ablector] INFO: REF TIME: 0.424317
[runlim] end:			Sun Jun 30 10:01:21 2019
[runlim] status:		ok
[runlim] result:		0
[runlim] children:		1
[runlim] real:			5.30 seconds
[runlim] time:			4.98 seconds
[runlim] space:			85.0 MB
[runlim] samples:		50
[runlim] version:		1.7
[runlim] time limit:		311040000 seconds
[runlim] real time limit:	1200 seconds
[runlim] space limit:		7500 MB
[runlim] argv[0]:		python3
[runlim] argv[1]:		/raid/steuber/Software/ablector/ablector
[runlim] argv[2]:		/raid/steuber/Benchmarks/srem_sdiv_mul/QF_BV/sage/app2/bench_267.smt2
[runlim] start:			Sun Jun 30 10:01:21 2019
[runlim] main pid:		23522
[Ablector] INFO: *** ROUND 0
[MulNode] INFO: Level 0
[MulNode] INFO: Level 0
[MulNode] INFO: Level 0
[MulNode] INFO: Level 0
[Ablector] INFO: ABLECTOR TIME: 0.140532
[Ablector] INFO: SAT TIME: 0.140147
[Ablector] INFO: REF TIME: 0.086728
[runlim] end:			Sun Jun 30 10:01:22 2019
[runlim] status:		ok
[runlim] result:		0
[runlim] children:		0
[runlim] real:			1.23 seconds
[runlim] time:			0.43 seconds
[runlim] space:			35.9 MB
[runlim] samples:		4
[runlim] version:		1.7
[runlim] time limit:		311040000 seconds
[runlim] real time limit:	1200 seconds
[runlim] space limit:		7500 MB
[runlim] argv[0]:		python3
[runlim] argv[1]:		/raid/steuber/Software/ablector/ablector
[runlim] argv[2]:		/raid/steuber/Benchmarks/srem_sdiv_mul/QF_BV/sage/app8/bench_3578.smt2
[runlim] start:			Sun Jun 30 10:01:22 2019
[runlim] main pid:		23542
[Ablector] INFO: *** ROUND 0
[Ablector] INFO: ABLECTOR TIME: 0.000531
[Ablector] INFO: SAT TIME: 0.000318
[Ablector] INFO: REF TIME: 0.000298
[runlim] end:			Sun Jun 30 10:01:22 2019
[runlim] status:		ok
[runlim] result:		0
[runlim] children:		0
[runlim] real:			0.97 seconds
[runlim] time:			0.33 seconds
[runlim] space:			32.9 MB
[runlim] samples:		3
[runlim] version:		1.7
[runlim] time limit:		311040000 seconds
[runlim] real time limit:	1200 seconds
[runlim] space limit:		7500 MB
[runlim] argv[0]:		python3
[runlim] argv[1]:		/raid/steuber/Software/ablector/ablector
[runlim] argv[2]:		/raid/steuber/Benchmarks/srem_sdiv_mul/QF_BV/Sage2/bench_7616.smt2
[runlim] start:			Sun Jun 30 10:01:23 2019
[runlim] main pid:		23562
[Ablector] INFO: *** ROUND 0
[Ablector] INFO: ABLECTOR TIME: 0.511893
[Ablector] INFO: SAT TIME: 0.511705
[Ablector] INFO: REF TIME: 0.000382
[runlim] end:			Sun Jun 30 10:01:24 2019
[runlim] status:		ok
[runlim] result:		0
[runlim] children:		5
[runlim] real:			1.93 seconds
[runlim] time:			1.03 seconds
[runlim] space:			55.2 MB
[runlim] samples:		15
[runlim] version:		1.7
[runlim] time limit:		311040000 seconds
[runlim] real time limit:	1200 seconds
[runlim] space limit:		7500 MB
[runlim] argv[0]:		python3
[runlim] argv[1]:		/raid/steuber/Software/ablector/ablector
[runlim] argv[2]:		/raid/steuber/Benchmarks/srem_sdiv_mul/QF_BV/Sage2/bench_6739.smt2
[runlim] start:			Sun Jun 30 10:01:25 2019
[runlim] main pid:		23582
[Ablector] INFO: *** ROUND 0
[runlim] sample:		10.0 seconds, 40.2 MB
[runlim] sample:		20.0 seconds, 44.0 MB
[runlim] sample:		30.0 seconds, 46.5 MB
[runlim] sample:		40.0 seconds, 45.5 MB
[runlim] sample:		50.0 seconds, 46.7 MB
[runlim] sample:		60.0 seconds, 51.2 MB
[runlim] sample:		70.0 seconds, 49.2 MB
[runlim] sample:		80.0 seconds, 51.9 MB
[runlim] sample:		90.0 seconds, 51.3 MB
[runlim] sample:		100.0 seconds, 52.9 MB
[runlim] sample:		110.0 seconds, 52.6 MB
[runlim] sample:		120.0 seconds, 52.5 MB
[runlim] sample:		130.0 seconds, 53.3 MB
[runlim] sample:		140.0 seconds, 57.8 MB
[runlim] sample:		150.0 seconds, 57.2 MB
[runlim] sample:		160.0 seconds, 57.5 MB
[runlim] sample:		170.0 seconds, 58.3 MB
[runlim] sample:		180.0 seconds, 55.8 MB
[runlim] sample:		190.0 seconds, 57.5 MB
[runlim] sample:		200.0 seconds, 58.0 MB
[runlim] sample:		210.0 seconds, 55.2 MB
[runlim] sample:		220.0 seconds, 58.7 MB
[runlim] sample:		229.9 seconds, 57.1 MB
[runlim] sample:		239.9 seconds, 57.9 MB
[runlim] sample:		249.7 seconds, 57.8 MB
[runlim] sample:		259.4 seconds, 61.4 MB
[runlim] sample:		269.4 seconds, 60.4 MB
[runlim] sample:		279.4 seconds, 61.3 MB
[runlim] sample:		289.3 seconds, 62.2 MB
[runlim] sample:		299.0 seconds, 63.1 MB
[runlim] sample:		309.0 seconds, 65.2 MB
[runlim] sample:		319.0 seconds, 60.8 MB
[Ablector] INFO: ABLECTOR TIME: 327.261269
[Ablector] INFO: SAT TIME: 327.261074
[Ablector] INFO: REF TIME: 0.000327
[runlim] end:			Sun Jun 30 10:06:53 2019
[runlim] status:		segmentation fault
[runlim] result:		139
[runlim] children:		0
[runlim] real:			328.98 seconds
[runlim] time:			327.58 seconds
[runlim] space:			65.2 MB
[runlim] samples:		3286
[runlim] version:		1.7
[runlim] time limit:		311040000 seconds
[runlim] real time limit:	1200 seconds
[runlim] space limit:		7500 MB
[runlim] argv[0]:		python3
[runlim] argv[1]:		/raid/steuber/Software/ablector/ablector
[runlim] argv[2]:		/raid/steuber/Benchmarks/srem_sdiv_mul/QF_BV/sage/app1/bench_1999.smt2
[runlim] start:			Sun Jun 30 10:06:54 2019
[runlim] main pid:		25243
[Ablector] INFO: *** ROUND 0
[Ablector] INFO: ABLECTOR TIME: 0.000606
[Ablector] INFO: SAT TIME: 0.000392
[Ablector] INFO: REF TIME: 0.000370
[runlim] end:			Sun Jun 30 10:06:54 2019
[runlim] status:		ok
[runlim] result:		0
[runlim] children:		0
[runlim] real:			0.97 seconds
[runlim] time:			0.55 seconds
[runlim] space:			32.8 MB
[runlim] samples:		4
[runlim] version:		1.7
[runlim] time limit:		311040000 seconds
[runlim] real time limit:	1200 seconds
[runlim] space limit:		7500 MB
[runlim] argv[0]:		python3
[runlim] argv[1]:		/raid/steuber/Software/ablector/ablector
[runlim] argv[2]:		/raid/steuber/Benchmarks/srem_sdiv_mul/QF_BV/sage/app1/bench_2209.smt2
[runlim] start:			Sun Jun 30 10:06:55 2019
[runlim] main pid:		25263
[Ablector] INFO: *** ROUND 0
[MulNode] INFO: Level 0
[Ablector] INFO: ABLECTOR TIME: 0.467826
[Ablector] INFO: SAT TIME: 0.467463
[Ablector] INFO: REF TIME: 0.018764
[runlim] end:			Sun Jun 30 10:06:56 2019
[runlim] status:		ok
[runlim] result:		0
[runlim] children:		0
[runlim] real:			1.52 seconds
[runlim] time:			1.19 seconds
[runlim] space:			86.4 MB
[runlim] samples:		10
[runlim] version:		1.7
[runlim] time limit:		311040000 seconds
[runlim] real time limit:	1200 seconds
[runlim] space limit:		7500 MB
[runlim] argv[0]:		python3
[runlim] argv[1]:		/raid/steuber/Software/ablector/ablector
[runlim] argv[2]:		/raid/steuber/Benchmarks/srem_sdiv_mul/QF_BV/sage/app2/bench_1043.smt2
[runlim] start:			Sun Jun 30 10:06:56 2019
[runlim] main pid:		25283
[Ablector] INFO: *** ROUND 0
[Ablector] INFO: ABLECTOR TIME: 0.000616
[Ablector] INFO: SAT TIME: 0.000406
[Ablector] INFO: REF TIME: 0.000385
[runlim] end:			Sun Jun 30 10:06:57 2019
[runlim] status:		ok
[runlim] result:		0
[runlim] children:		0
[runlim] real:			1.42 seconds
[runlim] time:			0.58 seconds
[runlim] space:			32.8 MB
[runlim] samples:		4
[runlim] version:		1.7
[runlim] time limit:		311040000 seconds
[runlim] real time limit:	1200 seconds
[runlim] space limit:		7500 MB
[runlim] argv[0]:		python3
[runlim] argv[1]:		/raid/steuber/Software/ablector/ablector
[runlim] argv[2]:		/raid/steuber/Benchmarks/srem_sdiv_mul/QF_BV/sage/app12/bench_4124.smt2
[runlim] start:			Sun Jun 30 10:06:57 2019
[runlim] main pid:		25303
[Ablector] INFO: *** ROUND 0
[MulNode] INFO: Level 0
[Ablector] INFO: ABLECTOR TIME: 0.029204
[Ablector] INFO: SAT TIME: 0.028851
[Ablector] INFO: REF TIME: 0.028042
[runlim] end:			Sun Jun 30 10:06:58 2019
[runlim] status:		ok
[runlim] result:		0
[runlim] children:		0
[runlim] real:			1.36 seconds
[runlim] time:			0.54 seconds
[runlim] space:			33.9 MB
[runlim] samples:		4
[runlim] version:		1.7
[runlim] time limit:		311040000 seconds
[runlim] real time limit:	1200 seconds
[runlim] space limit:		7500 MB
[runlim] argv[0]:		python3
[runlim] argv[1]:		/raid/steuber/Software/ablector/ablector
[runlim] argv[2]:		/raid/steuber/Benchmarks/srem_sdiv_mul/QF_BV/sage/app7/bench_4958.smt2
[runlim] start:			Sun Jun 30 10:06:58 2019
[runlim] main pid:		25323
[Ablector] INFO: *** ROUND 0
[Ablector] INFO: ABLECTOR TIME: 0.000600
[Ablector] INFO: SAT TIME: 0.000387
[Ablector] INFO: REF TIME: 0.000367
[runlim] end:			Sun Jun 30 10:07:01 2019
[runlim] status:		ok
[runlim] result:		0
[runlim] children:		21
[runlim] real:			3.41 seconds
[runlim] time:			2.39 seconds
[runlim] space:			83.2 MB
[runlim] samples:		25
[runlim] version:		1.7
[runlim] time limit:		311040000 seconds
[runlim] real time limit:	1200 seconds
[runlim] space limit:		7500 MB
[runlim] argv[0]:		python3
[runlim] argv[1]:		/raid/steuber/Software/ablector/ablector
[runlim] argv[2]:		/raid/steuber/Benchmarks/srem_sdiv_mul/QF_BV/sage/app9/bench_969.smt2
[runlim] start:			Sun Jun 30 10:07:01 2019
[runlim] main pid:		25343
[Ablector] INFO: *** ROUND 0
[Ablector] INFO: ABLECTOR TIME: 0.000562
[Ablector] INFO: SAT TIME: 0.000359
[Ablector] INFO: REF TIME: 0.000339
[runlim] end:			Sun Jun 30 10:07:02 2019
[runlim] status:		ok
[runlim] result:		0
[runlim] children:		0
[runlim] real:			1.31 seconds
[runlim] time:			0.48 seconds
[runlim] space:			32.8 MB
[runlim] samples:		4
[runlim] version:		1.7
[runlim] time limit:		311040000 seconds
[runlim] real time limit:	1200 seconds
[runlim] space limit:		7500 MB
[runlim] argv[0]:		python3
[runlim] argv[1]:		/raid/steuber/Software/ablector/ablector
[runlim] argv[2]:		/raid/steuber/Benchmarks/srem_sdiv_mul/QF_BV/sage/app9/bench_3273.smt2
[runlim] start:			Sun Jun 30 10:07:02 2019
[runlim] main pid:		25363
[Ablector] INFO: *** ROUND 0
[Ablector] INFO: ABLECTOR TIME: 0.000599
[Ablector] INFO: SAT TIME: 0.000386
[Ablector] INFO: REF TIME: 0.000365
[runlim] end:			Sun Jun 30 10:07:03 2019
[runlim] status:		ok
[runlim] result:		0
[runlim] children:		0
[runlim] real:			1.19 seconds
[runlim] time:			0.60 seconds
[runlim] space:			31.2 MB
[runlim] samples:		4
[runlim] version:		1.7
[runlim] time limit:		311040000 seconds
[runlim] real time limit:	1200 seconds
[runlim] space limit:		7500 MB
[runlim] argv[0]:		python3
[runlim] argv[1]:		/raid/steuber/Software/ablector/ablector
[runlim] argv[2]:		/raid/steuber/Benchmarks/srem_sdiv_mul/QF_BV/sage/app7/bench_2097.smt2
[runlim] start:			Sun Jun 30 10:07:03 2019
[runlim] main pid:		25383
[Ablector] INFO: *** ROUND 0
[Ablector] INFO: ABLECTOR TIME: 0.000628
[Ablector] INFO: SAT TIME: 0.000415
[Ablector] INFO: REF TIME: 0.000393
[runlim] end:			Sun Jun 30 10:07:04 2019
[runlim] status:		ok
[runlim] result:		0
[runlim] children:		5
[runlim] real:			1.58 seconds
[runlim] time:			0.88 seconds
[runlim] space:			49.7 MB
[runlim] samples:		9
[runlim] version:		1.7
[runlim] time limit:		311040000 seconds
[runlim] real time limit:	1200 seconds
[runlim] space limit:		7500 MB
[runlim] argv[0]:		python3
[runlim] argv[1]:		/raid/steuber/Software/ablector/ablector
[runlim] argv[2]:		/raid/steuber/Benchmarks/srem_sdiv_mul/QF_BV/sage/app7/bench_1244.smt2
[runlim] start:			Sun Jun 30 10:07:05 2019
[runlim] main pid:		25403
[Ablector] INFO: *** ROUND 0
[Ablector] INFO: ABLECTOR TIME: 0.000626
[Ablector] INFO: SAT TIME: 0.000406
[Ablector] INFO: REF TIME: 0.000384
[runlim] end:			Sun Jun 30 10:07:06 2019
[runlim] status:		ok
[runlim] result:		0
[runlim] children:		11
[runlim] real:			1.63 seconds
[runlim] time:			1.46 seconds
[runlim] space:			61.9 MB
[runlim] samples:		15
[runlim] version:		1.7
[runlim] time limit:		311040000 seconds
[runlim] real time limit:	1200 seconds
[runlim] space limit:		7500 MB
[runlim] argv[0]:		python3
[runlim] argv[1]:		/raid/steuber/Software/ablector/ablector
[runlim] argv[2]:		/raid/steuber/Benchmarks/srem_sdiv_mul/QF_BV/Sage2/bench_17039.smt2
[runlim] start:			Sun Jun 30 10:07:07 2019
[runlim] main pid:		25424
[Ablector] INFO: *** ROUND 0
[Ablector] INFO: ABLECTOR TIME: 1.144110
[Ablector] INFO: SAT TIME: 1.143913
[Ablector] INFO: REF TIME: 0.000455
[runlim] end:			Sun Jun 30 10:07:08 2019
[runlim] status:		ok
[runlim] result:		0
[runlim] children:		0
[runlim] real:			1.99 seconds
[runlim] time:			1.98 seconds
[runlim] space:			50.4 MB
[runlim] samples:		18
[runlim] version:		1.7
[runlim] time limit:		311040000 seconds
[runlim] real time limit:	1200 seconds
[runlim] space limit:		7500 MB
[runlim] argv[0]:		python3
[runlim] argv[1]:		/raid/steuber/Software/ablector/ablector
[runlim] argv[2]:		/raid/steuber/Benchmarks/srem_sdiv_mul/QF_BV/Sage2/bench_2190.smt2
[runlim] start:			Sun Jun 30 10:07:09 2019
[runlim] main pid:		25444
[Ablector] INFO: *** ROUND 0
[Ablector] INFO: ABLECTOR TIME: 0.288892
[Ablector] INFO: SAT TIME: 0.288717
[Ablector] INFO: REF TIME: 0.000376
[runlim] end:			Sun Jun 30 10:07:12 2019
[runlim] status:		ok
[runlim] result:		0
[runlim] children:		4
[runlim] real:			3.79 seconds
[runlim] time:			3.05 seconds
[runlim] space:			68.8 MB
[runlim] samples:		32
[runlim] version:		1.7
[runlim] time limit:		311040000 seconds
[runlim] real time limit:	1200 seconds
[runlim] space limit:		7500 MB
[runlim] argv[0]:		python3
[runlim] argv[1]:		/raid/steuber/Software/ablector/ablector
[runlim] argv[2]:		/raid/steuber/Benchmarks/srem_sdiv_mul/QF_BV/sage/app7/bench_3558.smt2
[runlim] start:			Sun Jun 30 10:07:13 2019
[runlim] main pid:		25464
[Ablector] INFO: *** ROUND 0
[Ablector] INFO: ABLECTOR TIME: 0.000590
[Ablector] INFO: SAT TIME: 0.000382
[Ablector] INFO: REF TIME: 0.000361
[runlim] end:			Sun Jun 30 10:07:16 2019
[runlim] status:		ok
[runlim] result:		0
[runlim] children:		27
[runlim] real:			3.48 seconds
[runlim] time:			3.01 seconds
[runlim] space:			95.8 MB
[runlim] samples:		31
[runlim] version:		1.7
[runlim] time limit:		311040000 seconds
[runlim] real time limit:	1200 seconds
[runlim] space limit:		7500 MB
[runlim] argv[0]:		python3
[runlim] argv[1]:		/raid/steuber/Software/ablector/ablector
[runlim] argv[2]:		/raid/steuber/Benchmarks/srem_sdiv_mul/QF_BV/sage/app7/bench_8336.smt2
[runlim] start:			Sun Jun 30 10:07:16 2019
[runlim] main pid:		25484
[Ablector] INFO: *** ROUND 0
[Ablector] INFO: ABLECTOR TIME: 0.000575
[Ablector] INFO: SAT TIME: 0.000363
[Ablector] INFO: REF TIME: 0.000342
[runlim] end:			Sun Jun 30 10:07:19 2019
[runlim] status:		ok
[runlim] result:		0
[runlim] children:		19
[runlim] real:			3.31 seconds
[runlim] time:			2.25 seconds
[runlim] space:			83.9 MB
[runlim] samples:		23
[runlim] version:		1.7
[runlim] time limit:		311040000 seconds
[runlim] real time limit:	1200 seconds
[runlim] space limit:		7500 MB
[runlim] argv[0]:		python3
[runlim] argv[1]:		/raid/steuber/Software/ablector/ablector
[runlim] argv[2]:		/raid/steuber/Benchmarks/srem_sdiv_mul/QF_BV/sage/app7/bench_1073.smt2
[runlim] start:			Sun Jun 30 10:07:19 2019
[runlim] main pid:		25504
[Ablector] INFO: *** ROUND 0
[Ablector] INFO: ABLECTOR TIME: 0.000591
[Ablector] INFO: SAT TIME: 0.000384
[Ablector] INFO: REF TIME: 0.000363
[runlim] end:			Sun Jun 30 10:07:21 2019
[runlim] status:		ok
[runlim] result:		0
[runlim] children:		13
[runlim] real:			2.48 seconds
[runlim] time:			1.57 seconds
[runlim] space:			66.3 MB
[runlim] samples:		16
[runlim] version:		1.7
[runlim] time limit:		311040000 seconds
[runlim] real time limit:	1200 seconds
[runlim] space limit:		7500 MB
[runlim] argv[0]:		python3
[runlim] argv[1]:		/raid/steuber/Software/ablector/ablector
[runlim] argv[2]:		/raid/steuber/Benchmarks/srem_sdiv_mul/QF_BV/sage/app11/bench_441.smt2
[runlim] start:			Sun Jun 30 10:07:21 2019
[runlim] main pid:		25524
[Ablector] INFO: *** ROUND 0
[Ablector] INFO: ABLECTOR TIME: 0.000599
[Ablector] INFO: SAT TIME: 0.000379
[Ablector] INFO: REF TIME: 0.000359
[runlim] end:			Sun Jun 30 10:07:23 2019
[runlim] status:		ok
[runlim] result:		0
[runlim] children:		8
[runlim] real:			2.13 seconds
[runlim] time:			1.19 seconds
[runlim] space:			62.8 MB
[runlim] samples:		11
[runlim] version:		1.7
[runlim] time limit:		311040000 seconds
[runlim] real time limit:	1200 seconds
[runlim] space limit:		7500 MB
[runlim] argv[0]:		python3
[runlim] argv[1]:		/raid/steuber/Software/ablector/ablector
[runlim] argv[2]:		/raid/steuber/Benchmarks/srem_sdiv_mul/QF_BV/sage/app7/bench_4330.smt2
[runlim] start:			Sun Jun 30 10:07:23 2019
[runlim] main pid:		25544
[Ablector] INFO: *** ROUND 0
[Ablector] INFO: ABLECTOR TIME: 0.000610
[Ablector] INFO: SAT TIME: 0.000387
[Ablector] INFO: REF TIME: 0.000366
[runlim] end:			Sun Jun 30 10:07:24 2019
[runlim] status:		ok
[runlim] result:		0
[runlim] children:		3
[runlim] real:			1.39 seconds
[runlim] time:			0.76 seconds
[runlim] space:			41.4 MB
[runlim] samples:		7
[runlim] version:		1.7
[runlim] time limit:		311040000 seconds
[runlim] real time limit:	1200 seconds
[runlim] space limit:		7500 MB
[runlim] argv[0]:		python3
[runlim] argv[1]:		/raid/steuber/Software/ablector/ablector
[runlim] argv[2]:		/raid/steuber/Benchmarks/srem_sdiv_mul/QF_BV/sage/app7/bench_2769.smt2
[runlim] start:			Sun Jun 30 10:07:24 2019
[runlim] main pid:		25564
[Ablector] INFO: *** ROUND 0
[Ablector] INFO: ABLECTOR TIME: 0.000621
[Ablector] INFO: SAT TIME: 0.000403
[Ablector] INFO: REF TIME: 0.000382
[runlim] end:			Sun Jun 30 10:07:28 2019
[runlim] status:		ok
[runlim] result:		0
[runlim] children:		29
[runlim] real:			4.27 seconds
[runlim] time:			3.24 seconds
[runlim] space:			94.3 MB
[runlim] samples:		33
[runlim] version:		1.7
[runlim] time limit:		311040000 seconds
[runlim] real time limit:	1200 seconds
[runlim] space limit:		7500 MB
[runlim] argv[0]:		python3
[runlim] argv[1]:		/raid/steuber/Software/ablector/ablector
[runlim] argv[2]:		/raid/steuber/Benchmarks/srem_sdiv_mul/QF_BV/sage/app2/bench_1058.smt2
[runlim] start:			Sun Jun 30 10:07:28 2019
[runlim] main pid:		25584
[Ablector] INFO: *** ROUND 0
[Ablector] INFO: ABLECTOR TIME: 0.000596
[Ablector] INFO: SAT TIME: 0.000378
[Ablector] INFO: REF TIME: 0.000357
[runlim] end:			Sun Jun 30 10:07:29 2019
[runlim] status:		ok
[runlim] result:		0
[runlim] children:		0
[runlim] real:			1.29 seconds
[runlim] time:			0.43 seconds
[runlim] space:			32.8 MB
[runlim] samples:		4
[runlim] version:		1.7
[runlim] time limit:		311040000 seconds
[runlim] real time limit:	1200 seconds
[runlim] space limit:		7500 MB
[runlim] argv[0]:		python3
[runlim] argv[1]:		/raid/steuber/Software/ablector/ablector
[runlim] argv[2]:		/raid/steuber/Benchmarks/srem_sdiv_mul/QF_BV/sage/app7/bench_154.smt2
[runlim] start:			Sun Jun 30 10:07:29 2019
[runlim] main pid:		25604
[Ablector] INFO: *** ROUND 0
[Ablector] INFO: ABLECTOR TIME: 0.000663
[Ablector] INFO: SAT TIME: 0.000434
[Ablector] INFO: REF TIME: 0.000410
[runlim] end:			Sun Jun 30 10:07:32 2019
[runlim] status:		ok
[runlim] result:		0
[runlim] children:		21
[runlim] real:			3.36 seconds
[runlim] time:			2.51 seconds
[runlim] space:			83.7 MB
[runlim] samples:		25
[runlim] version:		1.7
[runlim] time limit:		311040000 seconds
[runlim] real time limit:	1200 seconds
[runlim] space limit:		7500 MB
[runlim] argv[0]:		python3
[runlim] argv[1]:		/raid/steuber/Software/ablector/ablector
[runlim] argv[2]:		/raid/steuber/Benchmarks/srem_sdiv_mul/QF_BV/Sage2/bench_13028.smt2
[runlim] start:			Sun Jun 30 10:07:32 2019
[runlim] main pid:		25624
[Ablector] INFO: *** ROUND 0
[runlim] sample:		9.8 seconds, 204.9 MB
[runlim] sample:		19.8 seconds, 205.2 MB
[runlim] sample:		29.7 seconds, 237.9 MB
[runlim] sample:		39.7 seconds, 240.6 MB
[MulNode] INFO: Level 0
[MulNode] INFO: Level 0
[MulNode] INFO: Level 0
[MulNode] INFO: Level 0
[MulNode] INFO: Level 0
[MulNode] INFO: Level 0
[MulNode] INFO: Level 0
[MulNode] INFO: Level 0
[MulNode] INFO: Level 0
[MulNode] INFO: Level 0
[MulNode] INFO: Level 0
[MulNode] INFO: Level 0
[MulNode] INFO: Level 0
[MulNode] INFO: Level 0
[MulNode] INFO: Level 0
[MulNode] INFO: Level 0
[MulNode] INFO: Level 0
[MulNode] INFO: Level 0
[MulNode] INFO: Level 0
[MulNode] INFO: Level 0
[MulNode] INFO: Level 0
[MulNode] INFO: Level 0
[MulNode] INFO: Level 0
[MulNode] INFO: Level 0
[MulNode] INFO: Level 0
[Ablector] INFO: ABLECTOR TIME: 39.109909
[Ablector] INFO: SAT TIME: 39.108803
[Ablector] INFO: REF TIME: 0.506323
[runlim] end:			Sun Jun 30 10:08:14 2019
[runlim] status:		ok
[runlim] result:		0
[runlim] children:		5
[runlim] real:			42.40 seconds
[runlim] time:			41.25 seconds
[runlim] space:			268.1 MB
[runlim] samples:		415
[runlim] version:		1.7
[runlim] time limit:		311040000 seconds
[runlim] real time limit:	1200 seconds
[runlim] space limit:		7500 MB
[runlim] argv[0]:		python3
[runlim] argv[1]:		/raid/steuber/Software/ablector/ablector
[runlim] argv[2]:		/raid/steuber/Benchmarks/srem_sdiv_mul/QF_BV/sage/app7/bench_6313.smt2
[runlim] start:			Sun Jun 30 10:08:14 2019
[runlim] main pid:		25646
[Ablector] INFO: *** ROUND 0
[Ablector] INFO: ABLECTOR TIME: 0.000597
[Ablector] INFO: SAT TIME: 0.000388
[Ablector] INFO: REF TIME: 0.000367
[runlim] end:			Sun Jun 30 10:08:17 2019
[runlim] status:		ok
[runlim] result:		0
[runlim] children:		20
[runlim] real:			3.29 seconds
[runlim] time:			2.16 seconds
[runlim] space:			82.6 MB
[runlim] samples:		23
[runlim] version:		1.7
[runlim] time limit:		311040000 seconds
[runlim] real time limit:	1200 seconds
[runlim] space limit:		7500 MB
[runlim] argv[0]:		python3
[runlim] argv[1]:		/raid/steuber/Software/ablector/ablector
[runlim] argv[2]:		/raid/steuber/Benchmarks/srem_sdiv_mul/QF_BV/sage/app2/bench_929.smt2
[runlim] start:			Sun Jun 30 10:08:17 2019
[runlim] main pid:		25666
[Ablector] INFO: *** ROUND 0
[Ablector] INFO: ABLECTOR TIME: 0.000546
[Ablector] INFO: SAT TIME: 0.000339
[Ablector] INFO: REF TIME: 0.000319
[runlim] end:			Sun Jun 30 10:08:18 2019
[runlim] status:		ok
[runlim] result:		0
[runlim] children:		0
[runlim] real:			1.21 seconds
[runlim] time:			0.49 seconds
[runlim] space:			32.9 MB
[runlim] samples:		4
[runlim] version:		1.7
[runlim] time limit:		311040000 seconds
[runlim] real time limit:	1200 seconds
[runlim] space limit:		7500 MB
[runlim] argv[0]:		python3
[runlim] argv[1]:		/raid/steuber/Software/ablector/ablector
[runlim] argv[2]:		/raid/steuber/Benchmarks/srem_sdiv_mul/QF_BV/Sage2/bench_13435.smt2
[runlim] start:			Sun Jun 30 10:08:18 2019
[runlim] main pid:		25686
[Ablector] INFO: *** ROUND 0
[MulNode] INFO: Level 0
[MulNode] INFO: Level 0
[MulNode] INFO: Level 0
[MulNode] INFO: Level 0
[MulNode] INFO: Level 0
[MulNode] INFO: Level 0
[MulNode] INFO: Level 0
[MulNode] INFO: Level 0
[MulNode] INFO: Level 0
[MulNode] INFO: Level 0
[MulNode] INFO: Level 0
[MulNode] INFO: Level 0
[Ablector] INFO: ABLECTOR TIME: 0.474370
[Ablector] INFO: SAT TIME: 0.473741
[Ablector] INFO: REF TIME: 0.226186
[runlim] end:			Sun Jun 30 10:08:19 2019
[runlim] status:		ok
[runlim] result:		0
[runlim] children:		0
[runlim] real:			1.60 seconds
[runlim] time:			1.10 seconds
[runlim] space:			62.0 MB
[runlim] samples:		9
[runlim] version:		1.7
[runlim] time limit:		311040000 seconds
[runlim] real time limit:	1200 seconds
[runlim] space limit:		7500 MB
[runlim] argv[0]:		python3
[runlim] argv[1]:		/raid/steuber/Software/ablector/ablector
[runlim] argv[2]:		/raid/steuber/Benchmarks/srem_sdiv_mul/QF_BV/log-slicing/bvudiv_20.smt2
[runlim] start:			Sun Jun 30 09:57:29 2019
[runlim] main pid:		22486
[runlim] sample:		0.1 seconds, 13.8 MB
[Ablector] INFO: *** ROUND 0
[runlim] sample:		4.4 seconds, 48.9 MB
[runlim] sample:		14.4 seconds, 52.3 MB
[runlim] sample:		24.4 seconds, 55.6 MB
[runlim] sample:		34.4 seconds, 57.5 MB
[runlim] sample:		44.4 seconds, 59.0 MB
[runlim] sample:		54.4 seconds, 61.0 MB
[runlim] sample:		64.4 seconds, 62.1 MB
[runlim] sample:		74.4 seconds, 61.8 MB
[runlim] sample:		84.4 seconds, 65.8 MB
[runlim] sample:		94.4 seconds, 63.5 MB
[runlim] sample:		104.4 seconds, 66.0 MB
[runlim] sample:		114.4 seconds, 66.4 MB
[runlim] sample:		124.4 seconds, 63.4 MB
[runlim] sample:		134.4 seconds, 63.9 MB
[runlim] sample:		144.4 seconds, 66.9 MB
[runlim] sample:		154.4 seconds, 66.4 MB
[runlim] sample:		164.4 seconds, 67.7 MB
[runlim] sample:		174.4 seconds, 65.6 MB
[runlim] sample:		184.4 seconds, 65.9 MB
[runlim] sample:		194.4 seconds, 67.9 MB
[runlim] sample:		204.4 seconds, 69.2 MB
[runlim] sample:		214.4 seconds, 63.3 MB
[runlim] sample:		224.4 seconds, 61.2 MB
[runlim] sample:		234.4 seconds, 65.5 MB
[runlim] sample:		244.4 seconds, 66.0 MB
[runlim] sample:		254.4 seconds, 68.4 MB
[runlim] sample:		264.4 seconds, 68.9 MB
[runlim] sample:		274.4 seconds, 63.4 MB
[runlim] sample:		284.4 seconds, 67.4 MB
[runlim] sample:		294.4 seconds, 69.1 MB
[runlim] sample:		304.4 seconds, 69.1 MB
[runlim] sample:		314.4 seconds, 67.5 MB
[runlim] sample:		324.4 seconds, 69.8 MB
[runlim] sample:		334.4 seconds, 70.6 MB
[runlim] sample:		344.4 seconds, 70.5 MB
[runlim] sample:		354.4 seconds, 70.5 MB
[runlim] sample:		364.4 seconds, 71.7 MB
[runlim] sample:		374.4 seconds, 66.5 MB
[runlim] sample:		384.4 seconds, 71.9 MB
[runlim] sample:		394.4 seconds, 71.4 MB
[runlim] sample:		404.4 seconds, 77.2 MB
[runlim] sample:		414.4 seconds, 77.6 MB
[runlim] sample:		424.4 seconds, 73.4 MB
[runlim] sample:		434.4 seconds, 73.3 MB
[runlim] sample:		444.4 seconds, 76.2 MB
[runlim] sample:		454.3 seconds, 71.7 MB
[runlim] sample:		464.3 seconds, 77.2 MB
[runlim] sample:		474.2 seconds, 75.6 MB
[runlim] sample:		484.0 seconds, 76.8 MB
[runlim] sample:		493.8 seconds, 77.2 MB
[runlim] sample:		503.7 seconds, 80.4 MB
[runlim] sample:		513.3 seconds, 76.0 MB
[runlim] sample:		523.3 seconds, 77.9 MB
[runlim] sample:		533.3 seconds, 75.4 MB
[runlim] sample:		543.3 seconds, 79.5 MB
[runlim] sample:		553.3 seconds, 79.4 MB
[runlim] sample:		563.3 seconds, 79.2 MB
[runlim] sample:		573.3 seconds, 75.4 MB
[runlim] sample:		583.3 seconds, 74.8 MB
[runlim] sample:		593.3 seconds, 78.5 MB
[runlim] sample:		603.3 seconds, 81.1 MB
[runlim] sample:		613.3 seconds, 73.3 MB
[runlim] sample:		623.3 seconds, 78.8 MB
[runlim] sample:		633.2 seconds, 80.9 MB
[runlim] sample:		643.2 seconds, 78.0 MB
[runlim] sample:		653.2 seconds, 81.5 MB
[runlim] sample:		663.3 seconds, 75.6 MB
[runlim] sample:		673.2 seconds, 81.7 MB
[runlim] sample:		683.3 seconds, 78.7 MB
[runlim] sample:		693.2 seconds, 77.6 MB
[runlim] sample:		703.3 seconds, 78.3 MB
[runlim] sample:		713.2 seconds, 86.8 MB
[runlim] sample:		723.3 seconds, 79.3 MB
[runlim] sample:		733.2 seconds, 82.1 MB
[runlim] sample:		743.2 seconds, 81.5 MB
[runlim] sample:		753.2 seconds, 81.2 MB
[runlim] sample:		763.2 seconds, 83.5 MB
[runlim] sample:		773.2 seconds, 79.7 MB
[runlim] sample:		783.2 seconds, 78.3 MB
[runlim] sample:		793.2 seconds, 77.7 MB
[runlim] sample:		803.2 seconds, 83.8 MB
[runlim] sample:		813.2 seconds, 83.7 MB
[runlim] sample:		823.2 seconds, 85.5 MB
[runlim] sample:		833.2 seconds, 86.4 MB
[runlim] sample:		843.3 seconds, 80.9 MB
[runlim] sample:		853.2 seconds, 82.3 MB
[runlim] sample:		863.2 seconds, 82.3 MB
[runlim] sample:		873.2 seconds, 82.0 MB
[runlim] sample:		883.3 seconds, 77.4 MB
[runlim] sample:		893.2 seconds, 81.3 MB
[runlim] sample:		903.2 seconds, 83.3 MB
[runlim] sample:		913.2 seconds, 83.7 MB
[runlim] sample:		923.2 seconds, 79.6 MB
[runlim] sample:		933.2 seconds, 86.8 MB
[runlim] sample:		943.2 seconds, 85.2 MB
[runlim] sample:		953.2 seconds, 84.1 MB
[runlim] sample:		963.2 seconds, 85.3 MB
[runlim] sample:		973.2 seconds, 85.7 MB
[runlim] sample:		983.2 seconds, 79.6 MB
[runlim] sample:		993.2 seconds, 86.0 MB
[runlim] sample:		1003.2 seconds, 85.4 MB
[runlim] sample:		1013.2 seconds, 85.4 MB
[runlim] sample:		1023.2 seconds, 85.5 MB
[runlim] sample:		1033.2 seconds, 85.3 MB
[runlim] sample:		1043.2 seconds, 82.7 MB
[runlim] sample:		1053.2 seconds, 79.9 MB
[runlim] sample:		1063.2 seconds, 86.8 MB
[runlim] sample:		1073.2 seconds, 87.2 MB
[runlim] sample:		1083.2 seconds, 79.7 MB
[runlim] sample:		1093.2 seconds, 83.1 MB
[runlim] sample:		1103.2 seconds, 82.8 MB
[runlim] sample:		1113.2 seconds, 82.9 MB
[runlim] sample:		1123.2 seconds, 82.0 MB
[runlim] sample:		1133.2 seconds, 82.1 MB
[runlim] sample:		1143.2 seconds, 81.0 MB
[runlim] sample:		1153.2 seconds, 84.5 MB
[runlim] sample:		1163.2 seconds, 84.8 MB
[runlim] sample:		1173.2 seconds, 84.3 MB
[runlim] end:			Sun Jun 30 10:17:29 2019
[runlim] status:		out of time
[runlim] result:		1
[runlim] children:		3
[runlim] real:			1200.03 seconds
[runlim] time:			1183.05 seconds
[runlim] space:			91.2 MB
[runlim] samples:		11998
[runlim] version:		1.7
[runlim] time limit:		311040000 seconds
[runlim] real time limit:	1200 seconds
[runlim] space limit:		7500 MB
[runlim] argv[0]:		python3
[runlim] argv[1]:		/raid/steuber/Software/ablector/ablector
[runlim] argv[2]:		/raid/steuber/Benchmarks/srem_sdiv_mul/QF_BV/Sage2/bench_10328.smt2
[runlim] start:			Sun Jun 30 09:57:53 2019
[runlim] main pid:		22815
[Ablector] INFO: *** ROUND 0
[runlim] sample:		5.9 seconds, 159.0 MB
[runlim] sample:		15.9 seconds, 352.8 MB
[runlim] sample:		25.9 seconds, 345.2 MB
[runlim] sample:		36.0 seconds, 362.4 MB
[runlim] sample:		45.9 seconds, 416.6 MB
[runlim] sample:		56.0 seconds, 393.6 MB
[runlim] sample:		65.9 seconds, 465.7 MB
[runlim] sample:		76.0 seconds, 419.8 MB
[runlim] sample:		85.9 seconds, 404.1 MB
[runlim] sample:		95.9 seconds, 404.1 MB
[runlim] sample:		105.9 seconds, 410.8 MB
[runlim] sample:		115.9 seconds, 458.9 MB
[runlim] sample:		126.0 seconds, 519.4 MB
[runlim] sample:		135.9 seconds, 519.4 MB
[runlim] sample:		145.9 seconds, 519.4 MB
[runlim] sample:		155.9 seconds, 519.4 MB
[runlim] sample:		165.9 seconds, 519.4 MB
[runlim] sample:		175.9 seconds, 519.6 MB
[runlim] sample:		185.9 seconds, 482.2 MB
[runlim] sample:		195.9 seconds, 535.1 MB
[runlim] sample:		205.9 seconds, 505.9 MB
[runlim] sample:		215.9 seconds, 537.0 MB
[runlim] sample:		225.9 seconds, 537.9 MB
[runlim] sample:		235.9 seconds, 483.0 MB
[runlim] sample:		245.9 seconds, 536.1 MB
[runlim] sample:		255.9 seconds, 605.2 MB
[runlim] sample:		265.9 seconds, 615.0 MB
[runlim] sample:		275.9 seconds, 568.6 MB
[runlim] sample:		285.9 seconds, 568.6 MB
[runlim] sample:		295.9 seconds, 568.6 MB
[runlim] sample:		305.9 seconds, 568.6 MB
[runlim] sample:		315.9 seconds, 568.6 MB
[runlim] sample:		325.9 seconds, 568.6 MB
[runlim] sample:		335.9 seconds, 568.1 MB
[runlim] sample:		345.9 seconds, 571.3 MB
[runlim] sample:		355.9 seconds, 571.3 MB
[runlim] sample:		365.9 seconds, 571.3 MB
[runlim] sample:		375.9 seconds, 571.3 MB
[runlim] sample:		385.9 seconds, 571.3 MB
[runlim] sample:		395.9 seconds, 486.1 MB
[runlim] sample:		405.9 seconds, 539.5 MB
[runlim] sample:		415.9 seconds, 536.8 MB
[runlim] sample:		425.9 seconds, 546.1 MB
[runlim] sample:		435.9 seconds, 577.5 MB
[runlim] sample:		445.9 seconds, 577.5 MB
[runlim] sample:		455.8 seconds, 577.5 MB
[runlim] sample:		465.6 seconds, 577.5 MB
[runlim] sample:		475.6 seconds, 577.5 MB
[runlim] sample:		485.5 seconds, 545.4 MB
[runlim] sample:		495.4 seconds, 545.4 MB
[runlim] sample:		505.4 seconds, 545.4 MB
[runlim] sample:		515.4 seconds, 581.5 MB
[runlim] sample:		525.3 seconds, 581.5 MB
[runlim] sample:		535.3 seconds, 581.5 MB
[runlim] sample:		545.3 seconds, 581.5 MB
[runlim] sample:		555.3 seconds, 581.5 MB
[runlim] sample:		565.3 seconds, 581.5 MB
[runlim] sample:		575.3 seconds, 549.3 MB
[runlim] sample:		585.3 seconds, 549.3 MB
[runlim] sample:		595.3 seconds, 549.3 MB
[runlim] sample:		605.3 seconds, 551.7 MB
[runlim] sample:		615.3 seconds, 551.6 MB
[runlim] sample:		625.3 seconds, 551.6 MB
[runlim] sample:		635.3 seconds, 551.6 MB
[runlim] sample:		645.3 seconds, 554.3 MB
[runlim] sample:		655.3 seconds, 554.8 MB
[runlim] sample:		665.3 seconds, 554.3 MB
[runlim] sample:		675.3 seconds, 586.2 MB
[runlim] sample:		685.3 seconds, 586.2 MB
[runlim] sample:		695.3 seconds, 586.2 MB
[runlim] sample:		705.3 seconds, 586.2 MB
[runlim] sample:		715.3 seconds, 586.2 MB
[runlim] sample:		725.3 seconds, 553.5 MB
[runlim] sample:		735.3 seconds, 553.5 MB
[runlim] sample:		745.3 seconds, 553.5 MB
[runlim] sample:		755.3 seconds, 553.5 MB
[runlim] sample:		765.3 seconds, 556.0 MB
[runlim] sample:		775.3 seconds, 558.1 MB
[runlim] sample:		785.3 seconds, 558.1 MB
[runlim] sample:		795.3 seconds, 558.1 MB
[runlim] sample:		805.3 seconds, 558.1 MB
[runlim] sample:		815.3 seconds, 558.1 MB
[runlim] sample:		825.3 seconds, 561.2 MB
[runlim] sample:		835.3 seconds, 561.7 MB
[runlim] sample:		845.3 seconds, 561.7 MB
[runlim] sample:		855.3 seconds, 561.7 MB
[runlim] sample:		865.3 seconds, 561.7 MB
[runlim] sample:		875.3 seconds, 561.7 MB
[runlim] sample:		885.3 seconds, 561.7 MB
[runlim] sample:		895.3 seconds, 595.5 MB
[runlim] sample:		905.3 seconds, 647.3 MB
[runlim] sample:		915.3 seconds, 500.6 MB
[runlim] sample:		925.3 seconds, 532.8 MB
[runlim] sample:		935.3 seconds, 598.6 MB
[runlim] sample:		945.3 seconds, 598.6 MB
[runlim] sample:		955.3 seconds, 598.6 MB
[runlim] sample:		965.3 seconds, 598.6 MB
[runlim] sample:		975.3 seconds, 598.6 MB
[runlim] sample:		985.3 seconds, 598.3 MB
[runlim] sample:		995.3 seconds, 599.0 MB
[runlim] sample:		1005.3 seconds, 599.5 MB
[runlim] sample:		1015.3 seconds, 599.7 MB
[runlim] sample:		1025.3 seconds, 600.2 MB
[runlim] sample:		1035.3 seconds, 600.7 MB
[runlim] sample:		1045.3 seconds, 601.2 MB
[runlim] sample:		1055.3 seconds, 601.7 MB
[runlim] sample:		1065.3 seconds, 520.5 MB
[runlim] sample:		1075.3 seconds, 587.3 MB
[runlim] sample:		1085.3 seconds, 587.3 MB
[runlim] sample:		1095.3 seconds, 683.5 MB
[runlim] sample:		1105.3 seconds, 606.2 MB
[runlim] sample:		1115.3 seconds, 606.7 MB
[runlim] sample:		1125.3 seconds, 607.2 MB
[runlim] sample:		1135.3 seconds, 608.2 MB
[runlim] sample:		1145.3 seconds, 608.2 MB
[runlim] sample:		1155.3 seconds, 609.2 MB
[runlim] sample:		1165.3 seconds, 609.2 MB
[runlim] sample:		1175.2 seconds, 609.7 MB
[runlim] sample:		1185.3 seconds, 591.9 MB
[runlim] end:			Sun Jun 30 10:17:53 2019
[runlim] status:		out of time
[runlim] result:		1
[runlim] children:		40
[runlim] real:			1200.10 seconds
[runlim] time:			1194.76 seconds
[runlim] space:			691.3 MB
[runlim] samples:		11995
[runlim] version:		1.7
[runlim] time limit:		311040000 seconds
[runlim] real time limit:	1200 seconds
[runlim] space limit:		7500 MB
[runlim] argv[0]:		python3
[runlim] argv[1]:		/raid/steuber/Software/ablector/ablector
[runlim] argv[2]:		/raid/steuber/Benchmarks/srem_sdiv_mul/QF_BV/Sage2/bench_10295.smt2
[runlim] start:			Sun Jun 30 09:58:45 2019
[runlim] main pid:		23277
[Ablector] INFO: *** ROUND 0
[runlim] sample:		10.0 seconds, 42.1 MB
[runlim] sample:		20.0 seconds, 46.2 MB
[runlim] sample:		30.0 seconds, 50.5 MB
[runlim] sample:		40.0 seconds, 53.1 MB
[runlim] sample:		50.0 seconds, 54.4 MB
[runlim] sample:		60.0 seconds, 55.8 MB
[runlim] sample:		70.0 seconds, 56.5 MB
[runlim] sample:		80.0 seconds, 60.2 MB
[runlim] sample:		90.0 seconds, 60.1 MB
[runlim] sample:		100.0 seconds, 60.1 MB
[runlim] sample:		110.0 seconds, 57.4 MB
[runlim] sample:		120.0 seconds, 63.1 MB
[runlim] sample:		130.0 seconds, 62.6 MB
[runlim] sample:		140.0 seconds, 63.7 MB
[runlim] sample:		150.0 seconds, 63.2 MB
[runlim] sample:		160.0 seconds, 63.6 MB
[runlim] sample:		170.0 seconds, 64.3 MB
[runlim] sample:		180.0 seconds, 64.0 MB
[runlim] sample:		190.0 seconds, 68.7 MB
[runlim] sample:		200.0 seconds, 64.4 MB
[runlim] sample:		210.0 seconds, 69.1 MB
[runlim] sample:		220.0 seconds, 68.3 MB
[runlim] sample:		230.0 seconds, 69.9 MB
[runlim] sample:		240.0 seconds, 70.0 MB
[runlim] sample:		250.0 seconds, 70.0 MB
[runlim] sample:		260.0 seconds, 70.0 MB
[runlim] sample:		270.0 seconds, 69.0 MB
[runlim] sample:		280.0 seconds, 71.1 MB
[runlim] sample:		290.0 seconds, 70.6 MB
[runlim] sample:		300.0 seconds, 72.1 MB
[runlim] sample:		310.0 seconds, 66.5 MB
[runlim] sample:		320.0 seconds, 71.2 MB
[runlim] sample:		330.0 seconds, 71.6 MB
[runlim] sample:		340.0 seconds, 67.2 MB
[runlim] sample:		350.0 seconds, 73.3 MB
[runlim] sample:		360.0 seconds, 72.5 MB
[runlim] sample:		370.0 seconds, 73.8 MB
[runlim] sample:		380.0 seconds, 68.3 MB
[runlim] sample:		390.0 seconds, 73.2 MB
[runlim] sample:		399.9 seconds, 74.9 MB
[runlim] sample:		409.8 seconds, 74.2 MB
[runlim] sample:		419.5 seconds, 74.2 MB
[runlim] sample:		429.1 seconds, 74.2 MB
[runlim] sample:		439.1 seconds, 74.1 MB
[runlim] sample:		448.9 seconds, 73.8 MB
[runlim] sample:		458.9 seconds, 73.8 MB
[runlim] sample:		468.9 seconds, 76.1 MB
[runlim] sample:		478.9 seconds, 75.7 MB
[runlim] sample:		488.9 seconds, 77.0 MB
[runlim] sample:		498.9 seconds, 77.2 MB
[runlim] sample:		508.9 seconds, 77.2 MB
[runlim] sample:		518.9 seconds, 77.9 MB
[runlim] sample:		528.9 seconds, 77.9 MB
[runlim] sample:		538.9 seconds, 79.7 MB
[runlim] sample:		548.9 seconds, 72.8 MB
[runlim] sample:		558.9 seconds, 78.7 MB
[runlim] sample:		568.9 seconds, 73.8 MB
[runlim] sample:		578.9 seconds, 73.7 MB
[runlim] sample:		588.9 seconds, 80.4 MB
[runlim] sample:		598.9 seconds, 80.4 MB
[runlim] sample:		608.9 seconds, 81.0 MB
[runlim] sample:		618.9 seconds, 79.4 MB
[runlim] sample:		628.9 seconds, 79.4 MB
[runlim] sample:		638.9 seconds, 86.3 MB
[runlim] sample:		648.9 seconds, 86.3 MB
[runlim] sample:		658.9 seconds, 86.6 MB
[runlim] sample:		668.9 seconds, 86.6 MB
[runlim] sample:		678.9 seconds, 86.6 MB
[runlim] sample:		688.9 seconds, 87.6 MB
[runlim] sample:		698.9 seconds, 87.7 MB
[runlim] sample:		708.9 seconds, 87.7 MB
[runlim] sample:		718.9 seconds, 87.7 MB
[runlim] sample:		728.9 seconds, 80.1 MB
[runlim] sample:		738.9 seconds, 87.3 MB
[runlim] sample:		748.9 seconds, 86.7 MB
[runlim] sample:		758.9 seconds, 86.7 MB
[runlim] sample:		768.9 seconds, 85.2 MB
[runlim] sample:		778.9 seconds, 80.1 MB
[runlim] sample:		788.9 seconds, 87.3 MB
[runlim] sample:		798.9 seconds, 87.3 MB
[runlim] sample:		808.9 seconds, 87.7 MB
[runlim] sample:		818.9 seconds, 87.7 MB
[runlim] sample:		828.9 seconds, 87.7 MB
[runlim] sample:		838.9 seconds, 87.7 MB
[runlim] sample:		848.9 seconds, 87.7 MB
[runlim] sample:		858.9 seconds, 88.4 MB
[runlim] sample:		868.9 seconds, 88.4 MB
[runlim] sample:		878.9 seconds, 87.5 MB
[runlim] sample:		888.9 seconds, 90.8 MB
[runlim] sample:		898.9 seconds, 90.8 MB
[runlim] sample:		908.9 seconds, 83.4 MB
[runlim] sample:		918.9 seconds, 91.6 MB
[runlim] sample:		928.9 seconds, 91.7 MB
[runlim] sample:		938.9 seconds, 91.7 MB
[runlim] sample:		948.9 seconds, 90.9 MB
[runlim] sample:		958.9 seconds, 90.9 MB
[runlim] sample:		968.9 seconds, 84.2 MB
[runlim] sample:		978.9 seconds, 92.5 MB
[runlim] sample:		988.9 seconds, 84.5 MB
[runlim] sample:		998.9 seconds, 92.8 MB
[runlim] sample:		1008.9 seconds, 92.8 MB
[runlim] sample:		1018.9 seconds, 92.8 MB
[runlim] sample:		1028.9 seconds, 84.6 MB
[runlim] sample:		1038.9 seconds, 92.8 MB
[runlim] sample:		1048.9 seconds, 92.8 MB
[runlim] sample:		1058.9 seconds, 93.5 MB
[runlim] sample:		1068.9 seconds, 93.5 MB
[runlim] sample:		1078.9 seconds, 93.5 MB
[runlim] sample:		1088.9 seconds, 104.1 MB
[runlim] sample:		1098.9 seconds, 104.1 MB
[runlim] sample:		1108.9 seconds, 104.1 MB
[runlim] sample:		1118.9 seconds, 105.6 MB
[runlim] sample:		1128.9 seconds, 97.9 MB
[runlim] sample:		1138.9 seconds, 106.6 MB
[runlim] sample:		1148.9 seconds, 106.6 MB
[runlim] sample:		1158.9 seconds, 106.6 MB
[runlim] sample:		1168.9 seconds, 106.6 MB
[runlim] sample:		1178.9 seconds, 106.6 MB
[runlim] sample:		1188.9 seconds, 106.6 MB
[runlim] end:			Sun Jun 30 10:18:45 2019
[runlim] status:		out of time
[runlim] result:		1
[runlim] children:		0
[runlim] real:			1200.06 seconds
[runlim] time:			1198.37 seconds
[runlim] space:			106.7 MB
[runlim] samples:		11995
