[runlim] version:		1.10
[runlim] time limit:		311040000 seconds
[runlim] real time limit:	1200 seconds
[runlim] space limit:		15000 MB
[runlim] argv[0]:		/raid/steuber/Software/boolector/build/bin/boolector
[runlim] argv[1]:		/raid/steuber/Benchmarks/2019/QF_BV/Sage2/bench_11900.smt2
[runlim] start:			Tue May 12 03:24:56 2020
[runlim] main pid:		20737
[runlim] sample:		10.0 time, 10.5 real, 12.2 MB
[runlim] sample:		20.0 time, 20.5 real, 17.2 MB
[runlim] sample:		30.0 time, 30.5 real, 16.1 MB
[runlim] sample:		40.0 time, 40.5 real, 21.1 MB
[runlim] sample:		50.0 time, 50.5 real, 22.3 MB
[runlim] sample:		60.0 time, 60.5 real, 20.0 MB
[runlim] sample:		70.0 time, 70.5 real, 21.5 MB
[runlim] sample:		80.0 time, 80.5 real, 23.6 MB
[runlim] sample:		90.0 time, 90.5 real, 24.3 MB
[runlim] sample:		100.0 time, 100.5 real, 24.9 MB
[runlim] sample:		110.0 time, 110.5 real, 25.2 MB
[runlim] sample:		120.0 time, 120.5 real, 25.9 MB
[runlim] sample:		130.0 time, 130.5 real, 26.3 MB
[runlim] sample:		140.0 time, 140.5 real, 26.4 MB
[runlim] sample:		150.0 time, 150.5 real, 27.4 MB
[runlim] sample:		160.0 time, 160.5 real, 27.9 MB
[runlim] sample:		169.9 time, 170.5 real, 28.3 MB
[runlim] sample:		179.9 time, 180.5 real, 28.3 MB
[runlim] sample:		189.9 time, 190.5 real, 28.3 MB
[runlim] sample:		199.9 time, 200.5 real, 34.2 MB
[runlim] sample:		209.9 time, 210.5 real, 28.9 MB
[runlim] sample:		219.9 time, 220.5 real, 33.6 MB
[runlim] sample:		229.9 time, 230.5 real, 30.2 MB
[runlim] sample:		239.9 time, 240.5 real, 30.1 MB
[runlim] sample:		249.9 time, 250.5 real, 30.7 MB
[runlim] sample:		259.9 time, 260.5 real, 34.7 MB
[runlim] sample:		269.9 time, 270.5 real, 41.8 MB
[runlim] sample:		279.9 time, 280.5 real, 41.4 MB
[runlim] sample:		289.9 time, 290.5 real, 41.9 MB
[runlim] sample:		299.9 time, 300.5 real, 36.1 MB
[runlim] sample:		309.9 time, 310.5 real, 36.5 MB
[runlim] sample:		319.9 time, 320.5 real, 42.8 MB
[runlim] sample:		329.9 time, 330.5 real, 41.3 MB
[runlim] sample:		339.9 time, 340.5 real, 43.7 MB
[runlim] sample:		349.9 time, 350.5 real, 38.2 MB
[runlim] sample:		359.9 time, 360.5 real, 37.8 MB
[runlim] sample:		369.9 time, 370.5 real, 44.8 MB
[runlim] sample:		379.9 time, 380.5 real, 38.9 MB
[runlim] sample:		389.9 time, 390.5 real, 37.9 MB
[runlim] sample:		399.9 time, 400.5 real, 44.9 MB
[runlim] sample:		409.9 time, 410.5 real, 44.9 MB
[runlim] sample:		419.9 time, 420.5 real, 38.6 MB
[runlim] sample:		429.9 time, 430.5 real, 45.8 MB
[runlim] sample:		439.9 time, 440.5 real, 39.2 MB
[runlim] sample:		449.9 time, 450.5 real, 39.4 MB
[runlim] sample:		459.9 time, 460.5 real, 40.0 MB
[runlim] sample:		469.9 time, 470.5 real, 46.9 MB
[BTOR>check_sat] 470.151224 seconds
[runlim] end:			Tue May 12 03:32:46 2020
[runlim] status:		ok
[runlim] result:		0
[runlim] children:		0
[runlim] real:			470.69 seconds
[runlim] time:			470.13 seconds
[runlim] space:			46.9 MB
[runlim] samples:		4702
[runlim] version:		1.10
[runlim] time limit:		311040000 seconds
[runlim] real time limit:	1200 seconds
[runlim] space limit:		15000 MB
[runlim] argv[0]:		/raid/steuber/Software/boolector/build/bin/boolector
[runlim] argv[1]:		/raid/steuber/Benchmarks/2019/QF_BV/brummayerbiere2/smulov2bw384.smt2
[runlim] start:			Tue May 12 03:32:46 2020
[runlim] main pid:		20825
[runlim] sample:		10.0 time, 10.7 real, 370.9 MB
[runlim] sample:		20.0 time, 20.7 real, 373.4 MB
[runlim] sample:		30.0 time, 30.7 real, 373.4 MB
[runlim] sample:		40.0 time, 40.7 real, 373.4 MB
[runlim] sample:		50.0 time, 50.7 real, 373.4 MB
[runlim] sample:		60.0 time, 60.7 real, 373.4 MB
[runlim] sample:		70.0 time, 70.7 real, 373.4 MB
[BTOR>check_sat] 75.676861 seconds
[runlim] end:			Tue May 12 03:34:02 2020
[runlim] status:		ok
[runlim] result:		0
[runlim] children:		0
[runlim] real:			76.64 seconds
[runlim] time:			75.88 seconds
[runlim] space:			445.5 MB
[runlim] samples:		759
[runlim] version:		1.10
[runlim] time limit:		311040000 seconds
[runlim] real time limit:	1200 seconds
[runlim] space limit:		15000 MB
[runlim] argv[0]:		/raid/steuber/Software/boolector/build/bin/boolector
[runlim] argv[1]:		/raid/steuber/Benchmarks/2019/QF_BV/sage/app7/bench_5627.smt2
[runlim] start:			Tue May 12 03:34:02 2020
[runlim] main pid:		20863
[BTOR>check_sat] 0.000123 seconds
[runlim] end:			Tue May 12 03:34:02 2020
[runlim] status:		ok
[runlim] result:		0
[runlim] children:		0
[runlim] real:			0.69 seconds
[runlim] time:			0.00 seconds
[runlim] space:			0.0 MB
[runlim] samples:		0
[runlim] version:		1.10
[runlim] time limit:		311040000 seconds
[runlim] real time limit:	1200 seconds
[runlim] space limit:		15000 MB
[runlim] argv[0]:		/raid/steuber/Software/boolector/build/bin/boolector
[runlim] argv[1]:		/raid/steuber/Benchmarks/2019/QF_BV/Sage2/bench_11939.smt2
[runlim] start:			Tue May 12 03:34:02 2020
[runlim] main pid:		20867
[runlim] sample:		10.0 time, 10.7 real, 103.6 MB
[runlim] sample:		20.0 time, 20.7 real, 92.2 MB
[BTOR>check_sat] 20.845487 seconds
[runlim] end:			Tue May 12 03:34:23 2020
[runlim] status:		ok
[runlim] result:		0
[runlim] children:		0
[runlim] real:			21.81 seconds
[runlim] time:			21.08 seconds
[runlim] space:			104.7 MB
[runlim] samples:		211
[runlim] version:		1.10
[runlim] time limit:		311040000 seconds
[runlim] real time limit:	1200 seconds
[runlim] space limit:		15000 MB
[runlim] argv[0]:		/raid/steuber/Software/boolector/build/bin/boolector
[runlim] argv[1]:		/raid/steuber/Benchmarks/2019/QF_BV/sage/app9/bench_2805.smt2
[runlim] start:			Tue May 12 03:34:23 2020
[runlim] main pid:		20873
[BTOR>check_sat] 0.000042 seconds
[runlim] end:			Tue May 12 03:34:23 2020
[runlim] status:		ok
[runlim] result:		0
[runlim] children:		0
[runlim] real:			0.83 seconds
[runlim] time:			0.00 seconds
[runlim] space:			0.0 MB
[runlim] samples:		0
[runlim] version:		1.10
[runlim] time limit:		311040000 seconds
[runlim] real time limit:	1200 seconds
[runlim] space limit:		15000 MB
[runlim] argv[0]:		/raid/steuber/Software/boolector/build/bin/boolector
[runlim] argv[1]:		/raid/steuber/Benchmarks/2019/QF_BV/sage/app2/bench_896.smt2
[runlim] start:			Tue May 12 03:34:23 2020
[runlim] main pid:		20877
[BTOR>check_sat] 0.000072 seconds
[runlim] end:			Tue May 12 03:34:23 2020
[runlim] status:		ok
[runlim] result:		0
[runlim] children:		0
[runlim] real:			0.89 seconds
[runlim] time:			0.00 seconds
[runlim] space:			0.0 MB
[runlim] samples:		0
[runlim] version:		1.10
[runlim] time limit:		311040000 seconds
[runlim] real time limit:	1200 seconds
[runlim] space limit:		15000 MB
[runlim] argv[0]:		/raid/steuber/Software/boolector/build/bin/boolector
[runlim] argv[1]:		/raid/steuber/Benchmarks/2019/QF_BV/sage/app7/bench_8437.smt2
[runlim] start:			Tue May 12 03:34:23 2020
[runlim] main pid:		20881
[BTOR>check_sat] 0.000037 seconds
[runlim] end:			Tue May 12 03:34:23 2020
[runlim] status:		ok
[runlim] result:		0
[runlim] children:		0
[runlim] real:			0.91 seconds
[runlim] time:			0.00 seconds
[runlim] space:			0.0 MB
[runlim] samples:		0
[runlim] version:		1.10
[runlim] time limit:		311040000 seconds
[runlim] real time limit:	1200 seconds
[runlim] space limit:		15000 MB
[runlim] argv[0]:		/raid/steuber/Software/boolector/build/bin/boolector
[runlim] argv[1]:		/raid/steuber/Benchmarks/2019/QF_BV/sage/app7/bench_3965.smt2
[runlim] start:			Tue May 12 03:34:23 2020
[runlim] main pid:		20885
[BTOR>check_sat] 0.000541 seconds
[runlim] end:			Tue May 12 03:34:24 2020
[runlim] status:		ok
[runlim] result:		0
[runlim] children:		0
[runlim] real:			1.10 seconds
[runlim] time:			0.07 seconds
[runlim] space:			6.1 MB
[runlim] samples:		1
[runlim] version:		1.10
[runlim] time limit:		311040000 seconds
[runlim] real time limit:	1200 seconds
[runlim] space limit:		15000 MB
[runlim] argv[0]:		/raid/steuber/Software/boolector/build/bin/boolector
[runlim] argv[1]:		/raid/steuber/Benchmarks/2019/QF_BV/sage/app7/bench_5389.smt2
[runlim] start:			Tue May 12 03:34:24 2020
[runlim] main pid:		20889
[BTOR>check_sat] 0.000150 seconds
[runlim] end:			Tue May 12 03:34:24 2020
[runlim] status:		ok
[runlim] result:		0
[runlim] children:		0
[runlim] real:			0.15 seconds
[runlim] time:			0.00 seconds
[runlim] space:			0.0 MB
[runlim] samples:		0
[runlim] version:		1.10
[runlim] time limit:		311040000 seconds
[runlim] real time limit:	1200 seconds
[runlim] space limit:		15000 MB
[runlim] argv[0]:		/raid/steuber/Software/boolector/build/bin/boolector
[runlim] argv[1]:		/raid/steuber/Benchmarks/2019/QF_BV/sage/app1/bench_355.smt2
[runlim] start:			Tue May 12 03:34:24 2020
[runlim] main pid:		20893
[BTOR>check_sat] 0.070671 seconds
[runlim] end:			Tue May 12 03:34:24 2020
[runlim] status:		ok
[runlim] result:		0
[runlim] children:		0
[runlim] real:			0.25 seconds
[runlim] time:			0.00 seconds
[runlim] space:			0.0 MB
[runlim] samples:		0
[runlim] version:		1.10
[runlim] time limit:		311040000 seconds
[runlim] real time limit:	1200 seconds
[runlim] space limit:		15000 MB
[runlim] argv[0]:		/raid/steuber/Software/boolector/build/bin/boolector
[runlim] argv[1]:		/raid/steuber/Benchmarks/2019/QF_BV/Sage2/bench_2339.smt2
[runlim] start:			Tue May 12 03:34:24 2020
[runlim] main pid:		20897
[BTOR>check_sat] 0.000294 seconds
[runlim] end:			Tue May 12 03:34:24 2020
[runlim] status:		ok
[runlim] result:		0
[runlim] children:		0
[runlim] real:			0.27 seconds
[runlim] time:			0.00 seconds
[runlim] space:			0.0 MB
[runlim] samples:		0
[runlim] version:		1.10
[runlim] time limit:		311040000 seconds
[runlim] real time limit:	1200 seconds
[runlim] space limit:		15000 MB
[runlim] argv[0]:		/raid/steuber/Software/boolector/build/bin/boolector
[runlim] argv[1]:		/raid/steuber/Benchmarks/2019/QF_BV/Sage2/bench_6160.smt2
[runlim] start:			Tue May 12 03:34:24 2020
[runlim] main pid:		20901
[BTOR>check_sat] 3.894791 seconds
[runlim] end:			Tue May 12 03:34:28 2020
[runlim] status:		ok
[runlim] result:		0
[runlim] children:		0
[runlim] real:			4.22 seconds
[runlim] time:			3.86 seconds
[runlim] space:			27.7 MB
[runlim] samples:		39
[runlim] version:		1.10
[runlim] time limit:		311040000 seconds
[runlim] real time limit:	1200 seconds
[runlim] space limit:		15000 MB
[runlim] argv[0]:		/raid/steuber/Software/boolector/build/bin/boolector
[runlim] argv[1]:		/raid/steuber/Benchmarks/2019/QF_BV/Sage2/bench_12734.smt2
[runlim] start:			Tue May 12 03:34:28 2020
[runlim] main pid:		20905
[BTOR>check_sat] 1.018711 seconds
[runlim] end:			Tue May 12 03:34:29 2020
[runlim] status:		ok
[runlim] result:		0
[runlim] children:		0
[runlim] real:			1.38 seconds
[runlim] time:			1.07 seconds
[runlim] space:			43.5 MB
[runlim] samples:		11
[runlim] version:		1.10
[runlim] time limit:		311040000 seconds
[runlim] real time limit:	1200 seconds
[runlim] space limit:		15000 MB
[runlim] argv[0]:		/raid/steuber/Software/boolector/build/bin/boolector
[runlim] argv[1]:		/raid/steuber/Benchmarks/2019/QF_BV/sage/app7/bench_4854.smt2
[runlim] start:			Tue May 12 03:34:29 2020
[runlim] main pid:		20909
[BTOR>check_sat] 0.000542 seconds
[runlim] end:			Tue May 12 03:34:29 2020
[runlim] status:		ok
[runlim] result:		0
[runlim] children:		0
[runlim] real:			0.55 seconds
[runlim] time:			0.06 seconds
[runlim] space:			5.6 MB
[runlim] samples:		1
[runlim] version:		1.10
[runlim] time limit:		311040000 seconds
[runlim] real time limit:	1200 seconds
[runlim] space limit:		15000 MB
[runlim] argv[0]:		/raid/steuber/Software/boolector/build/bin/boolector
[runlim] argv[1]:		/raid/steuber/Benchmarks/2019/QF_BV/sage/app1/bench_1881.smt2
[runlim] start:			Tue May 12 03:34:29 2020
[runlim] main pid:		20913
[BTOR>check_sat] 0.016493 seconds
[runlim] end:			Tue May 12 03:34:29 2020
[runlim] status:		ok
[runlim] result:		0
[runlim] children:		0
[runlim] real:			0.60 seconds
[runlim] time:			0.00 seconds
[runlim] space:			0.0 MB
[runlim] samples:		0
[runlim] version:		1.10
[runlim] time limit:		311040000 seconds
[runlim] real time limit:	1200 seconds
[runlim] space limit:		15000 MB
[runlim] argv[0]:		/raid/steuber/Software/boolector/build/bin/boolector
[runlim] argv[1]:		/raid/steuber/Benchmarks/2019/QF_BV/sage/app11/bench_472.smt2
[runlim] start:			Tue May 12 03:34:29 2020
[runlim] main pid:		20918
[BTOR>check_sat] 0.000268 seconds
[runlim] end:			Tue May 12 03:34:30 2020
[runlim] status:		ok
[runlim] result:		0
[runlim] children:		0
[runlim] real:			1.11 seconds
[runlim] time:			0.47 seconds
[runlim] space:			28.6 MB
[runlim] samples:		5
[runlim] version:		1.10
[runlim] time limit:		311040000 seconds
[runlim] real time limit:	1200 seconds
[runlim] space limit:		15000 MB
[runlim] argv[0]:		/raid/steuber/Software/boolector/build/bin/boolector
[runlim] argv[1]:		/raid/steuber/Benchmarks/2019/QF_BV/sage/app1/bench_1973.smt2
[runlim] start:			Tue May 12 03:34:30 2020
[runlim] main pid:		20922
[BTOR>check_sat] 0.015316 seconds
[runlim] end:			Tue May 12 03:34:30 2020
[runlim] status:		ok
[runlim] result:		0
[runlim] children:		0
[runlim] real:			0.16 seconds
[runlim] time:			0.00 seconds
[runlim] space:			0.0 MB
[runlim] samples:		0
[runlim] version:		1.10
[runlim] time limit:		311040000 seconds
[runlim] real time limit:	1200 seconds
[runlim] space limit:		15000 MB
[runlim] argv[0]:		/raid/steuber/Software/boolector/build/bin/boolector
[runlim] argv[1]:		/raid/steuber/Benchmarks/2019/QF_BV/Sage2/bench_4053.smt2
[runlim] start:			Tue May 12 03:34:30 2020
[runlim] main pid:		20926
[BTOR>check_sat] 0.948048 seconds
[runlim] end:			Tue May 12 03:34:31 2020
[runlim] status:		ok
[runlim] result:		0
[runlim] children:		0
[runlim] real:			1.13 seconds
[runlim] time:			0.88 seconds
[runlim] space:			9.9 MB
[runlim] samples:		9
[runlim] version:		1.10
[runlim] time limit:		311040000 seconds
[runlim] real time limit:	1200 seconds
[runlim] space limit:		15000 MB
[runlim] argv[0]:		/raid/steuber/Software/boolector/build/bin/boolector
[runlim] argv[1]:		/raid/steuber/Benchmarks/2019/QF_BV/Sage2/bench_14007.smt2
[runlim] start:			Tue May 12 03:34:31 2020
[runlim] main pid:		20930
[BTOR>check_sat] 1.226078 seconds
[runlim] end:			Tue May 12 03:34:32 2020
[runlim] status:		ok
[runlim] result:		0
[runlim] children:		0
[runlim] real:			1.73 seconds
[runlim] time:			1.46 seconds
[runlim] space:			14.7 MB
[runlim] samples:		15
[runlim] version:		1.10
[runlim] time limit:		311040000 seconds
[runlim] real time limit:	1200 seconds
[runlim] space limit:		15000 MB
[runlim] argv[0]:		/raid/steuber/Software/boolector/build/bin/boolector
[runlim] argv[1]:		/raid/steuber/Benchmarks/2019/QF_BV/sage/app9/bench_3090.smt2
[runlim] start:			Tue May 12 03:34:32 2020
[runlim] main pid:		20934
[BTOR>check_sat] 0.062706 seconds
[runlim] end:			Tue May 12 03:34:32 2020
[runlim] status:		ok
[runlim] result:		0
[runlim] children:		0
[runlim] real:			0.83 seconds
[runlim] time:			0.00 seconds
[runlim] space:			0.0 MB
[runlim] samples:		0
[runlim] version:		1.10
[runlim] time limit:		311040000 seconds
[runlim] real time limit:	1200 seconds
[runlim] space limit:		15000 MB
[runlim] argv[0]:		/raid/steuber/Software/boolector/build/bin/boolector
[runlim] argv[1]:		/raid/steuber/Benchmarks/2019/QF_BV/sage/app7/bench_5572.smt2
[runlim] start:			Tue May 12 03:34:32 2020
[runlim] main pid:		20938
[BTOR>check_sat] 0.000147 seconds
[runlim] end:			Tue May 12 03:34:32 2020
[runlim] status:		ok
[runlim] result:		0
[runlim] children:		0
[runlim] real:			0.87 seconds
[runlim] time:			0.00 seconds
[runlim] space:			0.0 MB
[runlim] samples:		0
[runlim] version:		1.10
[runlim] time limit:		311040000 seconds
[runlim] real time limit:	1200 seconds
[runlim] space limit:		15000 MB
[runlim] argv[0]:		/raid/steuber/Software/boolector/build/bin/boolector
[runlim] argv[1]:		/raid/steuber/Benchmarks/2019/QF_BV/sage/app2/bench_1011.smt2
[runlim] start:			Tue May 12 03:34:32 2020
[runlim] main pid:		20942
[BTOR>check_sat] 0.000069 seconds
[runlim] end:			Tue May 12 03:34:32 2020
[runlim] status:		ok
[runlim] result:		0
[runlim] children:		0
[runlim] real:			0.92 seconds
[runlim] time:			0.00 seconds
[runlim] space:			0.0 MB
[runlim] samples:		0
[runlim] version:		1.10
[runlim] time limit:		311040000 seconds
[runlim] real time limit:	1200 seconds
[runlim] space limit:		15000 MB
[runlim] argv[0]:		/raid/steuber/Software/boolector/build/bin/boolector
[runlim] argv[1]:		/raid/steuber/Benchmarks/2019/QF_BV/sage/app1/bench_410.smt2
[runlim] start:			Tue May 12 03:34:32 2020
[runlim] main pid:		20946
[BTOR>check_sat] 1.384416 seconds
[runlim] end:			Tue May 12 03:34:34 2020
[runlim] status:		ok
[runlim] result:		0
[runlim] children:		0
[runlim] real:			2.34 seconds
[runlim] time:			1.38 seconds
[runlim] space:			15.0 MB
[runlim] samples:		14
[runlim] version:		1.10
[runlim] time limit:		311040000 seconds
[runlim] real time limit:	1200 seconds
[runlim] space limit:		15000 MB
[runlim] argv[0]:		/raid/steuber/Software/boolector/build/bin/boolector
[runlim] argv[1]:		/raid/steuber/Benchmarks/2019/QF_BV/sage/app8/bench_918.smt2
[runlim] start:			Tue May 12 03:34:34 2020
[runlim] main pid:		20950
[BTOR>check_sat] 0.008875 seconds
[runlim] end:			Tue May 12 03:34:34 2020
[runlim] status:		ok
[runlim] result:		0
[runlim] children:		0
[runlim] real:			0.37 seconds
[runlim] time:			0.00 seconds
[runlim] space:			0.0 MB
[runlim] samples:		0
[runlim] version:		1.10
[runlim] time limit:		311040000 seconds
[runlim] real time limit:	1200 seconds
[runlim] space limit:		15000 MB
[runlim] argv[0]:		/raid/steuber/Software/boolector/build/bin/boolector
[runlim] argv[1]:		/raid/steuber/Benchmarks/2019/QF_BV/sage/app7/bench_6302.smt2
[runlim] start:			Tue May 12 03:34:34 2020
[runlim] main pid:		20954
[BTOR>check_sat] 0.000279 seconds
[runlim] end:			Tue May 12 03:34:35 2020
[runlim] status:		ok
[runlim] result:		0
[runlim] children:		0
[runlim] real:			1.80 seconds
[runlim] time:			1.36 seconds
[runlim] space:			47.3 MB
[runlim] samples:		14
[runlim] version:		1.10
[runlim] time limit:		311040000 seconds
[runlim] real time limit:	1200 seconds
[runlim] space limit:		15000 MB
[runlim] argv[0]:		/raid/steuber/Software/boolector/build/bin/boolector
[runlim] argv[1]:		/raid/steuber/Benchmarks/2019/QF_BV/sage/app7/bench_3085.smt2
[runlim] start:			Tue May 12 03:34:35 2020
[runlim] main pid:		20960
[BTOR>check_sat] 0.000876 seconds
[runlim] end:			Tue May 12 03:34:36 2020
[runlim] status:		ok
[runlim] result:		0
[runlim] children:		0
[runlim] real:			1.03 seconds
[runlim] time:			0.17 seconds
[runlim] space:			12.1 MB
[runlim] samples:		2
[runlim] version:		1.10
[runlim] time limit:		311040000 seconds
[runlim] real time limit:	1200 seconds
[runlim] space limit:		15000 MB
[runlim] argv[0]:		/raid/steuber/Software/boolector/build/bin/boolector
[runlim] argv[1]:		/raid/steuber/Benchmarks/2019/QF_BV/sage/app2/bench_1032.smt2
[runlim] start:			Tue May 12 03:34:36 2020
[runlim] main pid:		20964
[BTOR>check_sat] 0.000058 seconds
[runlim] end:			Tue May 12 03:34:36 2020
[runlim] status:		ok
[runlim] result:		0
[runlim] children:		0
[runlim] real:			0.08 seconds
[runlim] time:			0.00 seconds
[runlim] space:			0.0 MB
[runlim] samples:		0
[runlim] version:		1.10
[runlim] time limit:		311040000 seconds
[runlim] real time limit:	1200 seconds
[runlim] space limit:		15000 MB
[runlim] argv[0]:		/raid/steuber/Software/boolector/build/bin/boolector
[runlim] argv[1]:		/raid/steuber/Benchmarks/2019/QF_BV/sage/app7/bench_1667.smt2
[runlim] start:			Tue May 12 03:34:36 2020
[runlim] main pid:		20968
[BTOR>check_sat] 0.000140 seconds
[runlim] end:			Tue May 12 03:34:36 2020
[runlim] status:		ok
[runlim] result:		0
[runlim] children:		0
[runlim] real:			0.64 seconds
[runlim] time:			0.44 seconds
[runlim] space:			25.0 MB
[runlim] samples:		5
[runlim] version:		1.10
[runlim] time limit:		311040000 seconds
[runlim] real time limit:	1200 seconds
[runlim] space limit:		15000 MB
[runlim] argv[0]:		/raid/steuber/Software/boolector/build/bin/boolector
[runlim] argv[1]:		/raid/steuber/Benchmarks/2019/QF_BV/sage/app7/bench_3591.smt2
[runlim] start:			Tue May 12 03:34:36 2020
[runlim] main pid:		20972
[BTOR>check_sat] 0.000624 seconds
[runlim] end:			Tue May 12 03:34:36 2020
[runlim] status:		ok
[runlim] result:		0
[runlim] children:		0
[runlim] real:			0.86 seconds
[runlim] time:			0.17 seconds
[runlim] space:			11.0 MB
[runlim] samples:		2
[runlim] version:		1.10
[runlim] time limit:		311040000 seconds
[runlim] real time limit:	1200 seconds
[runlim] space limit:		15000 MB
[runlim] argv[0]:		/raid/steuber/Software/boolector/build/bin/boolector
[runlim] argv[1]:		/raid/steuber/Benchmarks/2019/QF_BV/Sage2/bench_6712.smt2
[runlim] start:			Tue May 12 03:34:36 2020
[runlim] main pid:		20976
[BTOR>check_sat] 0.047076 seconds
[runlim] end:			Tue May 12 03:34:36 2020
[runlim] status:		ok
[runlim] result:		0
[runlim] children:		0
[runlim] real:			0.96 seconds
[runlim] time:			0.06 seconds
[runlim] space:			0.0 MB
[runlim] samples:		1
[runlim] version:		1.10
[runlim] time limit:		311040000 seconds
[runlim] real time limit:	1200 seconds
[runlim] space limit:		15000 MB
[runlim] argv[0]:		/raid/steuber/Software/boolector/build/bin/boolector
[runlim] argv[1]:		/raid/steuber/Benchmarks/2019/QF_BV/sage/app7/bench_3134.smt2
[runlim] start:			Tue May 12 03:34:36 2020
[runlim] main pid:		20980
[BTOR>check_sat] 0.000736 seconds
[runlim] end:			Tue May 12 03:34:37 2020
[runlim] status:		ok
[runlim] result:		0
[runlim] children:		0
[runlim] real:			1.19 seconds
[runlim] time:			0.18 seconds
[runlim] space:			12.1 MB
[runlim] samples:		2
[runlim] version:		1.10
[runlim] time limit:		311040000 seconds
[runlim] real time limit:	1200 seconds
[runlim] space limit:		15000 MB
[runlim] argv[0]:		/raid/steuber/Software/boolector/build/bin/boolector
[runlim] argv[1]:		/raid/steuber/Benchmarks/2019/QF_BV/sage/app8/bench_715.smt2
[runlim] start:			Tue May 12 03:34:37 2020
[runlim] main pid:		20984
[BTOR>check_sat] 0.033058 seconds
[runlim] end:			Tue May 12 03:34:37 2020
[runlim] status:		ok
[runlim] result:		0
[runlim] children:		0
[runlim] real:			0.25 seconds
[runlim] time:			0.00 seconds
[runlim] space:			0.0 MB
[runlim] samples:		0
[runlim] version:		1.10
[runlim] time limit:		311040000 seconds
[runlim] real time limit:	1200 seconds
[runlim] space limit:		15000 MB
[runlim] argv[0]:		/raid/steuber/Software/boolector/build/bin/boolector
[runlim] argv[1]:		/raid/steuber/Benchmarks/2019/QF_BV/sage/app7/bench_4457.smt2
[runlim] start:			Tue May 12 03:34:37 2020
[runlim] main pid:		20988
[BTOR>check_sat] 0.000654 seconds
[runlim] end:			Tue May 12 03:34:37 2020
[runlim] status:		ok
[runlim] result:		0
[runlim] children:		0
[runlim] real:			0.42 seconds
[runlim] time:			0.07 seconds
[runlim] space:			6.1 MB
[runlim] samples:		1
[runlim] version:		1.10
[runlim] time limit:		311040000 seconds
[runlim] real time limit:	1200 seconds
[runlim] space limit:		15000 MB
[runlim] argv[0]:		/raid/steuber/Software/boolector/build/bin/boolector
[runlim] argv[1]:		/raid/steuber/Benchmarks/2019/QF_BV/sage/app9/bench_642.smt2
[runlim] start:			Tue May 12 03:34:37 2020
[runlim] main pid:		20992
[BTOR>check_sat] 0.000050 seconds
[runlim] end:			Tue May 12 03:34:37 2020
[runlim] status:		ok
[runlim] result:		0
[runlim] children:		0
[runlim] real:			0.46 seconds
[runlim] time:			0.00 seconds
[runlim] space:			0.0 MB
[runlim] samples:		0
[runlim] version:		1.10
[runlim] time limit:		311040000 seconds
[runlim] real time limit:	1200 seconds
[runlim] space limit:		15000 MB
[runlim] argv[0]:		/raid/steuber/Software/boolector/build/bin/boolector
[runlim] argv[1]:		/raid/steuber/Benchmarks/2019/QF_BV/uclid/catchconv/convert-jpg2gif-query-1217.smt2
[runlim] start:			Tue May 12 03:34:37 2020
[runlim] main pid:		20996
[BTOR>check_sat] 0.217019 seconds
[runlim] end:			Tue May 12 03:34:37 2020
[runlim] status:		ok
[runlim] result:		0
[runlim] children:		0
[runlim] real:			0.88 seconds
[runlim] time:			0.37 seconds
[runlim] space:			16.7 MB
[runlim] samples:		4
[runlim] version:		1.10
[runlim] time limit:		311040000 seconds
[runlim] real time limit:	1200 seconds
[runlim] space limit:		15000 MB
[runlim] argv[0]:		/raid/steuber/Software/boolector/build/bin/boolector
[runlim] argv[1]:		/raid/steuber/Benchmarks/2019/QF_BV/sage/app7/bench_984.smt2
[runlim] start:			Tue May 12 03:34:37 2020
[runlim] main pid:		21000
[BTOR>check_sat] 0.000330 seconds
[runlim] end:			Tue May 12 03:34:38 2020
[runlim] status:		ok
[runlim] result:		0
[runlim] children:		0
[runlim] real:			1.90 seconds
[runlim] time:			0.97 seconds
[runlim] space:			36.6 MB
[runlim] samples:		10
[runlim] version:		1.10
[runlim] time limit:		311040000 seconds
[runlim] real time limit:	1200 seconds
[runlim] space limit:		15000 MB
[runlim] argv[0]:		/raid/steuber/Software/boolector/build/bin/boolector
[runlim] argv[1]:		/raid/steuber/Benchmarks/2019/QF_BV/20190311-bv-term-small-rw-Noetzli/bv-term-small-rw_1024.smt2
[runlim] start:			Tue May 12 03:34:38 2020
[runlim] main pid:		21004
[BTOR>check_sat] 0.000031 seconds
[runlim] end:			Tue May 12 03:34:38 2020
[runlim] status:		ok
[runlim] result:		0
[runlim] children:		0
[runlim] real:			0.91 seconds
[runlim] time:			0.00 seconds
[runlim] space:			0.0 MB
[runlim] samples:		0
[runlim] version:		1.10
[runlim] time limit:		311040000 seconds
[runlim] real time limit:	1200 seconds
[runlim] space limit:		15000 MB
[runlim] argv[0]:		/raid/steuber/Software/boolector/build/bin/boolector
[runlim] argv[1]:		/raid/steuber/Benchmarks/2019/QF_BV/sage/app7/bench_2226.smt2
[runlim] start:			Tue May 12 03:34:38 2020
[runlim] main pid:		21008
[BTOR>check_sat] 0.000761 seconds
[runlim] end:			Tue May 12 03:34:40 2020
[runlim] status:		ok
[runlim] result:		0
[runlim] children:		0
[runlim] real:			2.75 seconds
[runlim] time:			1.76 seconds
[runlim] space:			60.2 MB
[runlim] samples:		18
[runlim] version:		1.10
[runlim] time limit:		311040000 seconds
[runlim] real time limit:	1200 seconds
[runlim] space limit:		15000 MB
[runlim] argv[0]:		/raid/steuber/Software/boolector/build/bin/boolector
[runlim] argv[1]:		/raid/steuber/Benchmarks/2019/QF_BV/20190311-bv-term-small-rw-Noetzli/bv-term-small-rw_733.smt2
[runlim] start:			Tue May 12 03:34:40 2020
[runlim] main pid:		21012
[BTOR>check_sat] 0.000065 seconds
[runlim] end:			Tue May 12 03:34:40 2020
[runlim] status:		ok
[runlim] result:		0
[runlim] children:		0
[runlim] real:			0.77 seconds
[runlim] time:			0.00 seconds
[runlim] space:			0.0 MB
[runlim] samples:		0
[runlim] version:		1.10
[runlim] time limit:		311040000 seconds
[runlim] real time limit:	1200 seconds
[runlim] space limit:		15000 MB
[runlim] argv[0]:		/raid/steuber/Software/boolector/build/bin/boolector
[runlim] argv[1]:		/raid/steuber/Benchmarks/2019/QF_BV/sage/app8/bench_3336.smt2
[runlim] start:			Tue May 12 03:34:40 2020
[runlim] main pid:		21016
[BTOR>check_sat] 0.007661 seconds
[runlim] end:			Tue May 12 03:34:40 2020
[runlim] status:		ok
[runlim] result:		0
[runlim] children:		0
[runlim] real:			0.81 seconds
[runlim] time:			0.00 seconds
[runlim] space:			0.0 MB
[runlim] samples:		0
[runlim] version:		1.10
[runlim] time limit:		311040000 seconds
[runlim] real time limit:	1200 seconds
[runlim] space limit:		15000 MB
[runlim] argv[0]:		/raid/steuber/Software/boolector/build/bin/boolector
[runlim] argv[1]:		/raid/steuber/Benchmarks/2019/QF_BV/sage/app2/bench_782.smt2
[runlim] start:			Tue May 12 03:34:40 2020
[runlim] main pid:		21020
[BTOR>check_sat] 0.000068 seconds
[runlim] end:			Tue May 12 03:34:40 2020
[runlim] status:		ok
[runlim] result:		0
[runlim] children:		0
[runlim] real:			0.89 seconds
[runlim] time:			0.00 seconds
[runlim] space:			0.0 MB
[runlim] samples:		0
[runlim] version:		1.10
[runlim] time limit:		311040000 seconds
[runlim] real time limit:	1200 seconds
[runlim] space limit:		15000 MB
[runlim] argv[0]:		/raid/steuber/Software/boolector/build/bin/boolector
[runlim] argv[1]:		/raid/steuber/Benchmarks/2019/QF_BV/Sage2/bench_16504.smt2
[runlim] start:			Tue May 12 03:34:40 2020
[runlim] main pid:		21024
[BTOR>check_sat] 0.309646 seconds
[runlim] end:			Tue May 12 03:34:41 2020
[runlim] status:		ok
[runlim] result:		0
[runlim] children:		0
[runlim] real:			1.23 seconds
[runlim] time:			0.28 seconds
[runlim] space:			7.3 MB
[runlim] samples:		3
[runlim] version:		1.10
[runlim] time limit:		311040000 seconds
[runlim] real time limit:	1200 seconds
[runlim] space limit:		15000 MB
[runlim] argv[0]:		/raid/steuber/Software/boolector/build/bin/boolector
[runlim] argv[1]:		/raid/steuber/Benchmarks/2019/QF_BV/Sage2/bench_12519.smt2
[runlim] start:			Tue May 12 03:34:41 2020
[runlim] main pid:		21028
[runlim] sample:		9.7 time, 10.2 real, 103.6 MB
[BTOR>check_sat] 13.113124 seconds
[runlim] end:			Tue May 12 03:34:54 2020
[runlim] status:		ok
[runlim] result:		0
[runlim] children:		0
[runlim] real:			13.93 seconds
[runlim] time:			13.27 seconds
[runlim] space:			104.2 MB
[runlim] samples:		136
[runlim] version:		1.10
[runlim] time limit:		311040000 seconds
[runlim] real time limit:	1200 seconds
[runlim] space limit:		15000 MB
[runlim] argv[0]:		/raid/steuber/Software/boolector/build/bin/boolector
[runlim] argv[1]:		/raid/steuber/Benchmarks/2019/QF_BV/sage/app7/bench_6311.smt2
[runlim] start:			Tue May 12 03:34:54 2020
[runlim] main pid:		21034
[BTOR>check_sat] 0.000051 seconds
[runlim] end:			Tue May 12 03:34:54 2020
[runlim] status:		ok
[runlim] result:		0
[runlim] children:		0
[runlim] real:			0.95 seconds
[runlim] time:			0.00 seconds
[runlim] space:			0.0 MB
[runlim] samples:		0
[runlim] version:		1.10
[runlim] time limit:		311040000 seconds
[runlim] real time limit:	1200 seconds
[runlim] space limit:		15000 MB
[runlim] argv[0]:		/raid/steuber/Software/boolector/build/bin/boolector
[runlim] argv[1]:		/raid/steuber/Benchmarks/2019/QF_BV/20190311-bv-term-small-rw-Noetzli/bv-term-small-rw_968.smt2
[runlim] start:			Tue May 12 03:34:54 2020
[runlim] main pid:		21038
[BTOR>check_sat] 0.000024 seconds
[runlim] end:			Tue May 12 03:34:54 2020
[runlim] status:		ok
[runlim] result:		0
[runlim] children:		0
[runlim] real:			0.97 seconds
[runlim] time:			0.00 seconds
[runlim] space:			0.0 MB
[runlim] samples:		0
[runlim] version:		1.10
[runlim] time limit:		311040000 seconds
[runlim] real time limit:	1200 seconds
[runlim] space limit:		15000 MB
[runlim] argv[0]:		/raid/steuber/Software/boolector/build/bin/boolector
[runlim] argv[1]:		/raid/steuber/Benchmarks/2019/QF_BV/Sage2/bench_5293.smt2
[runlim] start:			Tue May 12 03:34:54 2020
[runlim] main pid:		21042
[runlim] sample:		10.0 time, 11.0 real, 10.0 MB
[runlim] sample:		20.0 time, 21.0 real, 13.6 MB
[runlim] sample:		30.0 time, 31.0 real, 18.5 MB
[runlim] sample:		40.0 time, 41.0 real, 18.7 MB
[runlim] sample:		50.0 time, 51.0 real, 17.1 MB
[runlim] sample:		60.0 time, 61.0 real, 24.2 MB
[runlim] sample:		70.0 time, 71.0 real, 22.4 MB
[runlim] sample:		80.0 time, 81.0 real, 23.4 MB
[runlim] sample:		90.0 time, 91.0 real, 24.2 MB
[runlim] sample:		100.0 time, 101.0 real, 24.6 MB
[runlim] sample:		110.0 time, 111.0 real, 24.8 MB
[runlim] sample:		120.0 time, 121.0 real, 25.4 MB
[runlim] sample:		130.0 time, 131.0 real, 26.3 MB
[runlim] sample:		140.0 time, 141.0 real, 26.4 MB
[runlim] sample:		150.0 time, 151.0 real, 26.6 MB
[runlim] sample:		160.0 time, 161.0 real, 27.3 MB
[runlim] sample:		170.0 time, 171.0 real, 27.4 MB
[runlim] sample:		180.0 time, 181.0 real, 27.4 MB
[runlim] sample:		190.0 time, 191.0 real, 27.7 MB
[runlim] sample:		200.0 time, 201.0 real, 28.4 MB
[runlim] sample:		210.0 time, 211.0 real, 27.9 MB
[runlim] sample:		220.0 time, 221.0 real, 28.6 MB
[runlim] sample:		230.0 time, 231.0 real, 34.3 MB
[runlim] sample:		240.0 time, 241.0 real, 29.9 MB
[runlim] sample:		250.0 time, 251.0 real, 30.4 MB
[runlim] sample:		260.0 time, 261.0 real, 30.5 MB
[runlim] sample:		270.0 time, 271.0 real, 30.9 MB
[runlim] sample:		280.0 time, 281.0 real, 36.9 MB
[runlim] sample:		290.0 time, 291.0 real, 37.9 MB
[runlim] sample:		300.0 time, 301.0 real, 32.5 MB
[runlim] sample:		310.0 time, 311.0 real, 37.6 MB
[runlim] sample:		320.0 time, 321.0 real, 38.0 MB
[runlim] sample:		330.0 time, 331.0 real, 39.9 MB
[runlim] sample:		340.0 time, 341.0 real, 39.0 MB
[BTOR>check_sat] 341.406049 seconds
[runlim] end:			Tue May 12 03:40:36 2020
[runlim] status:		ok
[runlim] result:		0
[runlim] children:		0
[runlim] real:			342.42 seconds
[runlim] time:			341.37 seconds
[runlim] space:			40.6 MB
[runlim] samples:		3414
[runlim] version:		1.10
[runlim] time limit:		311040000 seconds
[runlim] real time limit:	1200 seconds
[runlim] space limit:		15000 MB
[runlim] argv[0]:		/raid/steuber/Software/boolector/build/bin/boolector
[runlim] argv[1]:		/raid/steuber/Benchmarks/2019/QF_BV/Sage2/bench_5605.smt2
[runlim] start:			Tue May 12 03:40:36 2020
[runlim] main pid:		21128
[runlim] sample:		10.0 time, 10.4 real, 12.7 MB
[BTOR>check_sat] 14.952840 seconds
[runlim] end:			Tue May 12 03:40:51 2020
[runlim] status:		ok
[runlim] result:		0
[runlim] children:		0
[runlim] real:			15.40 seconds
[runlim] time:			14.88 seconds
[runlim] space:			14.6 MB
[runlim] samples:		149
[runlim] version:		1.10
[runlim] time limit:		311040000 seconds
[runlim] real time limit:	1200 seconds
[runlim] space limit:		15000 MB
[runlim] argv[0]:		/raid/steuber/Software/boolector/build/bin/boolector
[runlim] argv[1]:		/raid/steuber/Benchmarks/2019/QF_BV/sage/app2/bench_894.smt2
[runlim] start:			Tue May 12 03:40:51 2020
[runlim] main pid:		21136
[BTOR>check_sat] 0.000052 seconds
[runlim] end:			Tue May 12 03:40:51 2020
[runlim] status:		ok
[runlim] result:		0
[runlim] children:		0
[runlim] real:			0.46 seconds
[runlim] time:			0.00 seconds
[runlim] space:			0.0 MB
[runlim] samples:		0
[runlim] version:		1.10
[runlim] time limit:		311040000 seconds
[runlim] real time limit:	1200 seconds
[runlim] space limit:		15000 MB
[runlim] argv[0]:		/raid/steuber/Software/boolector/build/bin/boolector
[runlim] argv[1]:		/raid/steuber/Benchmarks/2019/QF_BV/sage/app7/bench_3559.smt2
[runlim] start:			Tue May 12 03:40:51 2020
[runlim] main pid:		21140
[BTOR>check_sat] 0.000496 seconds
[runlim] end:			Tue May 12 03:40:53 2020
[runlim] status:		ok
[runlim] result:		0
[runlim] children:		0
[runlim] real:			2.09 seconds
[runlim] time:			1.57 seconds
[runlim] space:			55.5 MB
[runlim] samples:		16
[runlim] version:		1.10
[runlim] time limit:		311040000 seconds
[runlim] real time limit:	1200 seconds
[runlim] space limit:		15000 MB
[runlim] argv[0]:		/raid/steuber/Software/boolector/build/bin/boolector
[runlim] argv[1]:		/raid/steuber/Benchmarks/2019/QF_BV/sage/app7/bench_6673.smt2
[runlim] start:			Tue May 12 03:40:53 2020
[runlim] main pid:		21144
[BTOR>check_sat] 0.005709 seconds
[runlim] end:			Tue May 12 03:40:53 2020
[runlim] status:		ok
[runlim] result:		0
[runlim] children:		0
[runlim] real:			0.11 seconds
[runlim] time:			0.00 seconds
[runlim] space:			0.0 MB
[runlim] samples:		0
[runlim] version:		1.10
[runlim] time limit:		311040000 seconds
[runlim] real time limit:	1200 seconds
[runlim] space limit:		15000 MB
[runlim] argv[0]:		/raid/steuber/Software/boolector/build/bin/boolector
[runlim] argv[1]:		/raid/steuber/Benchmarks/2019/QF_BV/sage/app7/bench_963.smt2
[runlim] start:			Tue May 12 03:40:53 2020
[runlim] main pid:		21148
[BTOR>check_sat] 0.000458 seconds
[runlim] end:			Tue May 12 03:40:54 2020
[runlim] status:		ok
[runlim] result:		0
[runlim] children:		0
[runlim] real:			1.13 seconds
[runlim] time:			0.98 seconds
[runlim] space:			36.4 MB
[runlim] samples:		10
[runlim] version:		1.10
[runlim] time limit:		311040000 seconds
[runlim] real time limit:	1200 seconds
[runlim] space limit:		15000 MB
[runlim] argv[0]:		/raid/steuber/Software/boolector/build/bin/boolector
[runlim] argv[1]:		/raid/steuber/Benchmarks/2019/QF_BV/sage/app7/bench_5573.smt2
[runlim] start:			Tue May 12 03:40:54 2020
[runlim] main pid:		21152
[BTOR>check_sat] 0.000127 seconds
[runlim] end:			Tue May 12 03:40:54 2020
[runlim] status:		ok
[runlim] result:		0
[runlim] children:		0
[runlim] real:			0.18 seconds
[runlim] time:			0.00 seconds
[runlim] space:			0.0 MB
[runlim] samples:		0
[runlim] version:		1.10
[runlim] time limit:		311040000 seconds
[runlim] real time limit:	1200 seconds
[runlim] space limit:		15000 MB
[runlim] argv[0]:		/raid/steuber/Software/boolector/build/bin/boolector
[runlim] argv[1]:		/raid/steuber/Benchmarks/2019/QF_BV/20190311-bv-term-small-rw-Noetzli/bv-term-small-rw_552.smt2
[runlim] start:			Tue May 12 03:40:54 2020
[runlim] main pid:		21156
[BTOR>check_sat] 0.000018 seconds
[runlim] end:			Tue May 12 03:40:54 2020
[runlim] status:		ok
[runlim] result:		0
[runlim] children:		0
[runlim] real:			0.20 seconds
[runlim] time:			0.00 seconds
[runlim] space:			0.0 MB
[runlim] samples:		0
[runlim] version:		1.10
[runlim] time limit:		311040000 seconds
[runlim] real time limit:	1200 seconds
[runlim] space limit:		15000 MB
[runlim] argv[0]:		/raid/steuber/Software/boolector/build/bin/boolector
[runlim] argv[1]:		/raid/steuber/Benchmarks/2019/QF_BV/sage/app12/bench_528.smt2
[runlim] start:			Tue May 12 03:40:54 2020
[runlim] main pid:		21160
[BTOR>check_sat] 0.000016 seconds
[runlim] end:			Tue May 12 03:40:54 2020
[runlim] status:		ok
[runlim] result:		0
[runlim] children:		0
[runlim] real:			0.21 seconds
[runlim] time:			0.00 seconds
[runlim] space:			0.0 MB
[runlim] samples:		0
[runlim] version:		1.10
[runlim] time limit:		311040000 seconds
[runlim] real time limit:	1200 seconds
[runlim] space limit:		15000 MB
[runlim] argv[0]:		/raid/steuber/Software/boolector/build/bin/boolector
[runlim] argv[1]:		/raid/steuber/Benchmarks/2019/QF_BV/Sage2/bench_6231.smt2
[runlim] start:			Tue May 12 03:40:54 2020
[runlim] main pid:		21164
[BTOR>check_sat] 0.145102 seconds
[runlim] end:			Tue May 12 03:40:54 2020
[runlim] status:		ok
[runlim] result:		0
[runlim] children:		0
[runlim] real:			0.37 seconds
[runlim] time:			0.08 seconds
[runlim] space:			3.4 MB
[runlim] samples:		1
[runlim] version:		1.10
[runlim] time limit:		311040000 seconds
[runlim] real time limit:	1200 seconds
[runlim] space limit:		15000 MB
[runlim] argv[0]:		/raid/steuber/Software/boolector/build/bin/boolector
[runlim] argv[1]:		/raid/steuber/Benchmarks/2019/QF_BV/sage/app1/bench_2282.smt2
[runlim] start:			Tue May 12 03:40:54 2020
[runlim] main pid:		21168
[BTOR>check_sat] 0.010940 seconds
[runlim] end:			Tue May 12 03:40:54 2020
[runlim] status:		ok
[runlim] result:		0
[runlim] children:		0
[runlim] real:			0.40 seconds
[runlim] time:			0.00 seconds
[runlim] space:			0.0 MB
[runlim] samples:		0
[runlim] version:		1.10
[runlim] time limit:		311040000 seconds
[runlim] real time limit:	1200 seconds
[runlim] space limit:		15000 MB
[runlim] argv[0]:		/raid/steuber/Software/boolector/build/bin/boolector
[runlim] argv[1]:		/raid/steuber/Benchmarks/2019/QF_BV/sage/app1/bench_1248.smt2
[runlim] start:			Tue May 12 03:40:54 2020
[runlim] main pid:		21172
[BTOR>check_sat] 0.018842 seconds
[runlim] end:			Tue May 12 03:40:54 2020
[runlim] status:		ok
[runlim] result:		0
[runlim] children:		0
[runlim] real:			0.46 seconds
[runlim] time:			0.00 seconds
[runlim] space:			0.0 MB
[runlim] samples:		0
[runlim] version:		1.10
[runlim] time limit:		311040000 seconds
[runlim] real time limit:	1200 seconds
[runlim] space limit:		15000 MB
[runlim] argv[0]:		/raid/steuber/Software/boolector/build/bin/boolector
[runlim] argv[1]:		/raid/steuber/Benchmarks/2019/QF_BV/Sage2/bench_9496.smt2
[runlim] start:			Tue May 12 03:40:54 2020
[runlim] main pid:		21176
[BTOR>check_sat] 3.806498 seconds
[runlim] end:			Tue May 12 03:40:58 2020
[runlim] status:		ok
[runlim] result:		0
[runlim] children:		0
[runlim] real:			4.28 seconds
[runlim] time:			3.79 seconds
[runlim] space:			6.3 MB
[runlim] samples:		38
[runlim] version:		1.10
[runlim] time limit:		311040000 seconds
[runlim] real time limit:	1200 seconds
[runlim] space limit:		15000 MB
[runlim] argv[0]:		/raid/steuber/Software/boolector/build/bin/boolector
[runlim] argv[1]:		/raid/steuber/Benchmarks/2019/QF_BV/Sage2/bench_12313.smt2
[runlim] start:			Tue May 12 03:40:58 2020
[runlim] main pid:		21180
[BTOR>check_sat] 2.931444 seconds
[runlim] end:			Tue May 12 03:41:01 2020
[runlim] status:		ok
[runlim] result:		0
[runlim] children:		0
[runlim] real:			3.26 seconds
[runlim] time:			2.87 seconds
[runlim] space:			7.1 MB
[runlim] samples:		29
[runlim] version:		1.10
[runlim] time limit:		311040000 seconds
[runlim] real time limit:	1200 seconds
[runlim] space limit:		15000 MB
[runlim] argv[0]:		/raid/steuber/Software/boolector/build/bin/boolector
[runlim] argv[1]:		/raid/steuber/Benchmarks/2019/QF_BV/sage/app2/bench_978.smt2
[runlim] start:			Tue May 12 03:41:01 2020
[runlim] main pid:		21184
[BTOR>check_sat] 0.000056 seconds
[runlim] end:			Tue May 12 03:41:01 2020
[runlim] status:		ok
[runlim] result:		0
[runlim] children:		0
[runlim] real:			0.31 seconds
[runlim] time:			0.00 seconds
[runlim] space:			0.0 MB
[runlim] samples:		0
[runlim] version:		1.10
[runlim] time limit:		311040000 seconds
[runlim] real time limit:	1200 seconds
[runlim] space limit:		15000 MB
[runlim] argv[0]:		/raid/steuber/Software/boolector/build/bin/boolector
[runlim] argv[1]:		/raid/steuber/Benchmarks/2019/QF_BV/sage/app7/bench_2770.smt2
[runlim] start:			Tue May 12 03:41:01 2020
[runlim] main pid:		21188
[BTOR>check_sat] 0.000266 seconds
[runlim] end:			Tue May 12 03:41:01 2020
[runlim] status:		ok
[runlim] result:		0
[runlim] children:		0
[runlim] real:			0.56 seconds
[runlim] time:			0.17 seconds
[runlim] space:			11.6 MB
[runlim] samples:		2
[runlim] version:		1.10
[runlim] time limit:		311040000 seconds
[runlim] real time limit:	1200 seconds
[runlim] space limit:		15000 MB
[runlim] argv[0]:		/raid/steuber/Software/boolector/build/bin/boolector
[runlim] argv[1]:		/raid/steuber/Benchmarks/2019/QF_BV/sage/app1/bench_2315.smt2
[runlim] start:			Tue May 12 03:41:01 2020
[runlim] main pid:		21192
[BTOR>check_sat] 0.000033 seconds
[runlim] end:			Tue May 12 03:41:01 2020
[runlim] status:		ok
[runlim] result:		0
[runlim] children:		0
[runlim] real:			0.58 seconds
[runlim] time:			0.00 seconds
[runlim] space:			0.0 MB
[runlim] samples:		0
[runlim] version:		1.10
[runlim] time limit:		311040000 seconds
[runlim] real time limit:	1200 seconds
[runlim] space limit:		15000 MB
[runlim] argv[0]:		/raid/steuber/Software/boolector/build/bin/boolector
[runlim] argv[1]:		/raid/steuber/Benchmarks/2019/QF_BV/sage/app7/bench_5551.smt2
[runlim] start:			Tue May 12 03:41:01 2020
[runlim] main pid:		21196
[BTOR>check_sat] 0.000125 seconds
[runlim] end:			Tue May 12 03:41:01 2020
[runlim] status:		ok
[runlim] result:		0
[runlim] children:		0
[runlim] real:			0.63 seconds
[runlim] time:			0.00 seconds
[runlim] space:			0.0 MB
[runlim] samples:		0
[runlim] version:		1.10
[runlim] time limit:		311040000 seconds
[runlim] real time limit:	1200 seconds
[runlim] space limit:		15000 MB
[runlim] argv[0]:		/raid/steuber/Software/boolector/build/bin/boolector
[runlim] argv[1]:		/raid/steuber/Benchmarks/2019/QF_BV/sage/app7/bench_8391.smt2
[runlim] start:			Tue May 12 03:41:01 2020
[runlim] main pid:		21200
[BTOR>check_sat] 0.000418 seconds
[runlim] end:			Tue May 12 03:41:03 2020
[runlim] status:		ok
[runlim] result:		0
[runlim] children:		0
[runlim] real:			2.01 seconds
[runlim] time:			1.26 seconds
[runlim] space:			46.0 MB
[runlim] samples:		13
[runlim] version:		1.10
[runlim] time limit:		311040000 seconds
[runlim] real time limit:	1200 seconds
[runlim] space limit:		15000 MB
[runlim] argv[0]:		/raid/steuber/Software/boolector/build/bin/boolector
[runlim] argv[1]:		/raid/steuber/Benchmarks/2019/QF_BV/sage/app7/bench_60.smt2
[runlim] start:			Tue May 12 03:41:03 2020
[runlim] main pid:		21204
[BTOR>check_sat] 0.000247 seconds
[runlim] end:			Tue May 12 03:41:04 2020
[runlim] status:		ok
[runlim] result:		0
[runlim] children:		0
[runlim] real:			1.37 seconds
[runlim] time:			1.28 seconds
[runlim] space:			45.7 MB
[runlim] samples:		13
[runlim] version:		1.10
[runlim] time limit:		311040000 seconds
[runlim] real time limit:	1200 seconds
[runlim] space limit:		15000 MB
[runlim] argv[0]:		/raid/steuber/Software/boolector/build/bin/boolector
[runlim] argv[1]:		/raid/steuber/Benchmarks/2019/QF_BV/Sage2/bench_12040.smt2
[runlim] start:			Tue May 12 03:41:04 2020
[runlim] main pid:		21208
[BTOR>check_sat] 0.049926 seconds
[runlim] end:			Tue May 12 03:41:04 2020
[runlim] status:		ok
[runlim] result:		0
[runlim] children:		0
[runlim] real:			0.47 seconds
[runlim] time:			0.00 seconds
[runlim] space:			0.0 MB
[runlim] samples:		0
[runlim] version:		1.10
[runlim] time limit:		311040000 seconds
[runlim] real time limit:	1200 seconds
[runlim] space limit:		15000 MB
[runlim] argv[0]:		/raid/steuber/Software/boolector/build/bin/boolector
[runlim] argv[1]:		/raid/steuber/Benchmarks/2019/QF_BV/Sage2/bench_2457.smt2
[runlim] start:			Tue May 12 03:41:04 2020
[runlim] main pid:		21212
[BTOR>check_sat] 0.452119 seconds
[runlim] end:			Tue May 12 03:41:05 2020
[runlim] status:		ok
[runlim] result:		0
[runlim] children:		0
[runlim] real:			1.50 seconds
[runlim] time:			0.68 seconds
[runlim] space:			54.2 MB
[runlim] samples:		10
[runlim] version:		1.10
[runlim] time limit:		311040000 seconds
[runlim] real time limit:	1200 seconds
[runlim] space limit:		15000 MB
[runlim] argv[0]:		/raid/steuber/Software/boolector/build/bin/boolector
[runlim] argv[1]:		/raid/steuber/Benchmarks/2019/QF_BV/sage/app11/bench_158.smt2
[runlim] start:			Tue May 12 03:41:05 2020
[runlim] main pid:		21216
[BTOR>check_sat] 0.000261 seconds
[runlim] end:			Tue May 12 03:41:06 2020
[runlim] status:		ok
[runlim] result:		0
[runlim] children:		0
[runlim] real:			1.31 seconds
[runlim] time:			0.46 seconds
[runlim] space:			28.9 MB
[runlim] samples:		8
[runlim] version:		1.10
[runlim] time limit:		311040000 seconds
[runlim] real time limit:	1200 seconds
[runlim] space limit:		15000 MB
[runlim] argv[0]:		/raid/steuber/Software/boolector/build/bin/boolector
[runlim] argv[1]:		/raid/steuber/Benchmarks/2019/QF_BV/sage/app1/bench_2562.smt2
[runlim] start:			Tue May 12 03:41:06 2020
[runlim] main pid:		21220
[BTOR>check_sat] 0.007368 seconds
[runlim] end:			Tue May 12 03:41:06 2020
[runlim] status:		ok
[runlim] result:		0
[runlim] children:		0
[runlim] real:			0.34 seconds
[runlim] time:			0.00 seconds
[runlim] space:			0.0 MB
[runlim] samples:		0
[runlim] version:		1.10
[runlim] time limit:		311040000 seconds
[runlim] real time limit:	1200 seconds
[runlim] space limit:		15000 MB
[runlim] argv[0]:		/raid/steuber/Software/boolector/build/bin/boolector
[runlim] argv[1]:		/raid/steuber/Benchmarks/2019/QF_BV/Sage2/bench_1661.smt2
[runlim] start:			Tue May 12 03:41:06 2020
[runlim] main pid:		21224
[runlim] sample:		9.6 time, 10.3 real, 391.9 MB
[runlim] sample:		19.6 time, 20.3 real, 331.1 MB
[BTOR>check_sat] 20.456681 seconds
[runlim] end:			Tue May 12 03:41:27 2020
[runlim] status:		ok
[runlim] result:		0
[runlim] children:		0
[runlim] real:			21.65 seconds
[runlim] time:			20.94 seconds
[runlim] space:			466.7 MB
[runlim] samples:		213
[runlim] version:		1.10
[runlim] time limit:		311040000 seconds
[runlim] real time limit:	1200 seconds
[runlim] space limit:		15000 MB
[runlim] argv[0]:		/raid/steuber/Software/boolector/build/bin/boolector
[runlim] argv[1]:		/raid/steuber/Benchmarks/2019/QF_BV/sage/app7/bench_5578.smt2
[runlim] start:			Tue May 12 03:41:27 2020
[runlim] main pid:		21233
[BTOR>check_sat] 0.000133 seconds
[runlim] end:			Tue May 12 03:41:27 2020
[runlim] status:		ok
[runlim] result:		0
[runlim] children:		0
[runlim] real:			0.69 seconds
[runlim] time:			0.00 seconds
[runlim] space:			0.0 MB
[runlim] samples:		0
[runlim] version:		1.10
[runlim] time limit:		311040000 seconds
[runlim] real time limit:	1200 seconds
[runlim] space limit:		15000 MB
[runlim] argv[0]:		/raid/steuber/Software/boolector/build/bin/boolector
[runlim] argv[1]:		/raid/steuber/Benchmarks/2019/QF_BV/sage/app2/bench_536.smt2
[runlim] start:			Tue May 12 03:41:27 2020
[runlim] main pid:		21237
[BTOR>check_sat] 0.000087 seconds
[runlim] end:			Tue May 12 03:41:27 2020
[runlim] status:		ok
[runlim] result:		0
[runlim] children:		0
[runlim] real:			0.84 seconds
[runlim] time:			0.06 seconds
[runlim] space:			6.6 MB
[runlim] samples:		1
[runlim] version:		1.10
[runlim] time limit:		311040000 seconds
[runlim] real time limit:	1200 seconds
[runlim] space limit:		15000 MB
[runlim] argv[0]:		/raid/steuber/Software/boolector/build/bin/boolector
[runlim] argv[1]:		/raid/steuber/Benchmarks/2019/QF_BV/sage/app7/bench_3934.smt2
[runlim] start:			Tue May 12 03:41:27 2020
[runlim] main pid:		21241
[BTOR>check_sat] 0.000505 seconds
[runlim] end:			Tue May 12 03:41:28 2020
[runlim] status:		ok
[runlim] result:		0
[runlim] children:		0
[runlim] real:			1.03 seconds
[runlim] time:			0.07 seconds
[runlim] space:			6.4 MB
[runlim] samples:		1
[runlim] version:		1.10
[runlim] time limit:		311040000 seconds
[runlim] real time limit:	1200 seconds
[runlim] space limit:		15000 MB
[runlim] argv[0]:		/raid/steuber/Software/boolector/build/bin/boolector
[runlim] argv[1]:		/raid/steuber/Benchmarks/2019/QF_BV/sage/app7/bench_881.smt2
[runlim] start:			Tue May 12 03:41:28 2020
[runlim] main pid:		21245
[BTOR>check_sat] 0.000508 seconds
[runlim] end:			Tue May 12 03:41:29 2020
[runlim] status:		ok
[runlim] result:		0
[runlim] children:		0
[runlim] real:			1.15 seconds
[runlim] time:			1.07 seconds
[runlim] space:			37.9 MB
[runlim] samples:		11
[runlim] version:		1.10
[runlim] time limit:		311040000 seconds
[runlim] real time limit:	1200 seconds
[runlim] space limit:		15000 MB
[runlim] argv[0]:		/raid/steuber/Software/boolector/build/bin/boolector
[runlim] argv[1]:		/raid/steuber/Benchmarks/2019/QF_BV/sage/app7/bench_1240.smt2
[runlim] start:			Tue May 12 03:41:29 2020
[runlim] main pid:		21249
[BTOR>check_sat] 0.000148 seconds
[runlim] end:			Tue May 12 03:41:29 2020
[runlim] status:		ok
[runlim] result:		0
[runlim] children:		0
[runlim] real:			0.88 seconds
[runlim] time:			0.66 seconds
[runlim] space:			30.3 MB
[runlim] samples:		7
[runlim] version:		1.10
[runlim] time limit:		311040000 seconds
[runlim] real time limit:	1200 seconds
[runlim] space limit:		15000 MB
[runlim] argv[0]:		/raid/steuber/Software/boolector/build/bin/boolector
[runlim] argv[1]:		/raid/steuber/Benchmarks/2019/QF_BV/sage/app7/bench_78.smt2
[runlim] start:			Tue May 12 03:41:29 2020
[runlim] main pid:		21253
[BTOR>check_sat] 0.000247 seconds
[runlim] end:			Tue May 12 03:41:31 2020
[runlim] status:		ok
[runlim] result:		0
[runlim] children:		0
[runlim] real:			2.26 seconds
[runlim] time:			1.27 seconds
[runlim] space:			45.7 MB
[runlim] samples:		13
[runlim] version:		1.10
[runlim] time limit:		311040000 seconds
[runlim] real time limit:	1200 seconds
[runlim] space limit:		15000 MB
[runlim] argv[0]:		/raid/steuber/Software/boolector/build/bin/boolector
[runlim] argv[1]:		/raid/steuber/Benchmarks/2019/QF_BV/Sage2/bench_17037.smt2
[runlim] start:			Tue May 12 03:41:31 2020
[runlim] main pid:		21257
[BTOR>check_sat] 0.370611 seconds
[runlim] end:			Tue May 12 03:41:31 2020
[runlim] status:		ok
[runlim] result:		0
[runlim] children:		0
[runlim] real:			0.65 seconds
[runlim] time:			0.28 seconds
[runlim] space:			6.1 MB
[runlim] samples:		3
[runlim] version:		1.10
[runlim] time limit:		311040000 seconds
[runlim] real time limit:	1200 seconds
[runlim] space limit:		15000 MB
[runlim] argv[0]:		/raid/steuber/Software/boolector/build/bin/boolector
[runlim] argv[1]:		/raid/steuber/Benchmarks/2019/QF_BV/Sage2/bench_5640.smt2
[runlim] start:			Tue May 12 03:41:31 2020
[runlim] main pid:		21262
[BTOR>check_sat] 8.079903 seconds
[runlim] end:			Tue May 12 03:41:39 2020
[runlim] status:		ok
[runlim] result:		0
[runlim] children:		0
[runlim] real:			8.79 seconds
[runlim] time:			8.06 seconds
[runlim] space:			16.6 MB
[runlim] samples:		81
[runlim] version:		1.10
[runlim] time limit:		311040000 seconds
[runlim] real time limit:	1200 seconds
[runlim] space limit:		15000 MB
[runlim] argv[0]:		/raid/steuber/Software/boolector/build/bin/boolector
[runlim] argv[1]:		/raid/steuber/Benchmarks/2019/QF_BV/sage/app7/bench_5755.smt2
[runlim] start:			Tue May 12 03:41:39 2020
[runlim] main pid:		21268
[BTOR>check_sat] 0.000102 seconds
[runlim] end:			Tue May 12 03:41:39 2020
[runlim] status:		ok
[runlim] result:		0
[runlim] children:		0
[runlim] real:			0.84 seconds
[runlim] time:			0.00 seconds
[runlim] space:			0.0 MB
[runlim] samples:		0
[runlim] version:		1.10
[runlim] time limit:		311040000 seconds
[runlim] real time limit:	1200 seconds
[runlim] space limit:		15000 MB
[runlim] argv[0]:		/raid/steuber/Software/boolector/build/bin/boolector
[runlim] argv[1]:		/raid/steuber/Benchmarks/2019/QF_BV/sage/app7/bench_3034.smt2
[runlim] start:			Tue May 12 03:41:39 2020
[runlim] main pid:		21272
[BTOR>check_sat] 0.000825 seconds
[runlim] end:			Tue May 12 03:41:40 2020
[runlim] status:		ok
[runlim] result:		0
[runlim] children:		0
[runlim] real:			1.08 seconds
[runlim] time:			0.17 seconds
[runlim] space:			12.1 MB
[runlim] samples:		2
