[runlim] version:		1.10
[runlim] time limit:		311040000 seconds
[runlim] real time limit:	1200 seconds
[runlim] space limit:		15000 MB
[runlim] argv[0]:		/raid/steuber/Software/boolector/build/bin/boolector
[runlim] argv[1]:		/raid/steuber/Benchmarks/2019/QF_BV/sage/app8/bench_897.smt2
[runlim] start:			Tue May 12 02:22:08 2020
[runlim] main pid:		19514
[BTOR>check_sat] 0.024786 seconds
[runlim] end:			Tue May 12 02:22:08 2020
[runlim] status:		ok
[runlim] result:		0
[runlim] children:		0
[runlim] real:			0.48 seconds
[runlim] time:			0.00 seconds
[runlim] space:			0.0 MB
[runlim] samples:		0
[runlim] version:		1.10
[runlim] time limit:		311040000 seconds
[runlim] real time limit:	1200 seconds
[runlim] space limit:		15000 MB
[runlim] argv[0]:		/raid/steuber/Software/boolector/build/bin/boolector
[runlim] argv[1]:		/raid/steuber/Benchmarks/2019/QF_BV/Sage2/bench_17543.smt2
[runlim] start:			Tue May 12 02:22:08 2020
[runlim] main pid:		19518
[BTOR>check_sat] 0.843302 seconds
[runlim] end:			Tue May 12 02:22:09 2020
[runlim] status:		ok
[runlim] result:		0
[runlim] children:		0
[runlim] real:			1.37 seconds
[runlim] time:			0.78 seconds
[runlim] space:			13.4 MB
[runlim] samples:		8
[runlim] version:		1.10
[runlim] time limit:		311040000 seconds
[runlim] real time limit:	1200 seconds
[runlim] space limit:		15000 MB
[runlim] argv[0]:		/raid/steuber/Software/boolector/build/bin/boolector
[runlim] argv[1]:		/raid/steuber/Benchmarks/2019/QF_BV/Sage2/bench_1706.smt2
[runlim] start:			Tue May 12 02:22:09 2020
[runlim] main pid:		19522
[BTOR>check_sat] 9.747625 seconds
[runlim] end:			Tue May 12 02:22:19 2020
[runlim] status:		ok
[runlim] result:		0
[runlim] children:		0
[runlim] real:			10.23 seconds
[runlim] time:			9.77 seconds
[runlim] space:			23.6 MB
[runlim] samples:		98
[runlim] version:		1.10
[runlim] time limit:		311040000 seconds
[runlim] real time limit:	1200 seconds
[runlim] space limit:		15000 MB
[runlim] argv[0]:		/raid/steuber/Software/boolector/build/bin/boolector
[runlim] argv[1]:		/raid/steuber/Benchmarks/2019/QF_BV/20190311-bv-term-small-rw-Noetzli/bv-term-small-rw_1179.smt2
[runlim] start:			Tue May 12 02:22:19 2020
[runlim] main pid:		19526
[BTOR>check_sat] 0.003642 seconds
[runlim] end:			Tue May 12 02:22:19 2020
[runlim] status:		ok
[runlim] result:		0
[runlim] children:		0
[runlim] real:			0.25 seconds
[runlim] time:			0.00 seconds
[runlim] space:			0.0 MB
[runlim] samples:		0
[runlim] version:		1.10
[runlim] time limit:		311040000 seconds
[runlim] real time limit:	1200 seconds
[runlim] space limit:		15000 MB
[runlim] argv[0]:		/raid/steuber/Software/boolector/build/bin/boolector
[runlim] argv[1]:		/raid/steuber/Benchmarks/2019/QF_BV/sage/app7/bench_5495.smt2
[runlim] start:			Tue May 12 02:22:19 2020
[runlim] main pid:		19530
[BTOR>check_sat] 0.000148 seconds
[runlim] end:			Tue May 12 02:22:19 2020
[runlim] status:		ok
[runlim] result:		0
[runlim] children:		0
[runlim] real:			0.30 seconds
[runlim] time:			0.00 seconds
[runlim] space:			0.0 MB
[runlim] samples:		0
[runlim] version:		1.10
[runlim] time limit:		311040000 seconds
[runlim] real time limit:	1200 seconds
[runlim] space limit:		15000 MB
[runlim] argv[0]:		/raid/steuber/Software/boolector/build/bin/boolector
[runlim] argv[1]:		/raid/steuber/Benchmarks/2019/QF_BV/sage/app9/bench_428.smt2
[runlim] start:			Tue May 12 02:22:19 2020
[runlim] main pid:		19534
[BTOR>check_sat] 0.002017 seconds
[runlim] end:			Tue May 12 02:22:19 2020
[runlim] status:		ok
[runlim] result:		0
[runlim] children:		0
[runlim] real:			0.33 seconds
[runlim] time:			0.00 seconds
[runlim] space:			0.0 MB
[runlim] samples:		0
[runlim] version:		1.10
[runlim] time limit:		311040000 seconds
[runlim] real time limit:	1200 seconds
[runlim] space limit:		15000 MB
[runlim] argv[0]:		/raid/steuber/Software/boolector/build/bin/boolector
[runlim] argv[1]:		/raid/steuber/Benchmarks/2019/QF_BV/sage/app7/bench_5181.smt2
[runlim] start:			Tue May 12 02:22:19 2020
[runlim] main pid:		19538
[BTOR>check_sat] 0.000220 seconds
[runlim] end:			Tue May 12 02:22:19 2020
[runlim] status:		ok
[runlim] result:		0
[runlim] children:		0
[runlim] real:			0.42 seconds
[runlim] time:			0.00 seconds
[runlim] space:			0.0 MB
[runlim] samples:		0
[runlim] version:		1.10
[runlim] time limit:		311040000 seconds
[runlim] real time limit:	1200 seconds
[runlim] space limit:		15000 MB
[runlim] argv[0]:		/raid/steuber/Software/boolector/build/bin/boolector
[runlim] argv[1]:		/raid/steuber/Benchmarks/2019/QF_BV/sage/app7/bench_537.smt2
[runlim] start:			Tue May 12 02:22:19 2020
[runlim] main pid:		19542
[BTOR>check_sat] 0.000212 seconds
[runlim] end:			Tue May 12 02:22:20 2020
[runlim] status:		ok
[runlim] result:		0
[runlim] children:		0
[runlim] real:			1.74 seconds
[runlim] time:			1.27 seconds
[runlim] space:			43.4 MB
[runlim] samples:		13
[runlim] version:		1.10
[runlim] time limit:		311040000 seconds
[runlim] real time limit:	1200 seconds
[runlim] space limit:		15000 MB
[runlim] argv[0]:		/raid/steuber/Software/boolector/build/bin/boolector
[runlim] argv[1]:		/raid/steuber/Benchmarks/2019/QF_BV/sage/app7/bench_5187.smt2
[runlim] start:			Tue May 12 02:22:20 2020
[runlim] main pid:		19546
[BTOR>check_sat] 0.000227 seconds
[runlim] end:			Tue May 12 02:22:20 2020
[runlim] status:		ok
[runlim] result:		0
[runlim] children:		0
[runlim] real:			0.83 seconds
[runlim] time:			0.00 seconds
[runlim] space:			0.0 MB
[runlim] samples:		0
[runlim] version:		1.10
[runlim] time limit:		311040000 seconds
[runlim] real time limit:	1200 seconds
[runlim] space limit:		15000 MB
[runlim] argv[0]:		/raid/steuber/Software/boolector/build/bin/boolector
[runlim] argv[1]:		/raid/steuber/Benchmarks/2019/QF_BV/sage/app7/bench_2658.smt2
[runlim] start:			Tue May 12 02:22:20 2020
[runlim] main pid:		19550
[BTOR>check_sat] 0.000606 seconds
[runlim] end:			Tue May 12 02:22:22 2020
[runlim] status:		ok
[runlim] result:		0
[runlim] children:		0
[runlim] real:			2.69 seconds
[runlim] time:			1.76 seconds
[runlim] space:			60.2 MB
[runlim] samples:		18
[runlim] version:		1.10
[runlim] time limit:		311040000 seconds
[runlim] real time limit:	1200 seconds
[runlim] space limit:		15000 MB
[runlim] argv[0]:		/raid/steuber/Software/boolector/build/bin/boolector
[runlim] argv[1]:		/raid/steuber/Benchmarks/2019/QF_BV/sage/app11/bench_172.smt2
[runlim] start:			Tue May 12 02:22:22 2020
[runlim] main pid:		19554
[BTOR>check_sat] 0.000274 seconds
[runlim] end:			Tue May 12 02:22:23 2020
[runlim] status:		ok
[runlim] result:		0
[runlim] children:		0
[runlim] real:			1.18 seconds
[runlim] time:			0.38 seconds
[runlim] space:			29.6 MB
[runlim] samples:		4
[runlim] version:		1.10
[runlim] time limit:		311040000 seconds
[runlim] real time limit:	1200 seconds
[runlim] space limit:		15000 MB
[runlim] argv[0]:		/raid/steuber/Software/boolector/build/bin/boolector
[runlim] argv[1]:		/raid/steuber/Benchmarks/2019/QF_BV/Sage2/bench_14128.smt2
[runlim] start:			Tue May 12 02:22:23 2020
[runlim] main pid:		19558
[BTOR>check_sat] 0.851249 seconds
[runlim] end:			Tue May 12 02:22:24 2020
[runlim] status:		ok
[runlim] result:		0
[runlim] children:		0
[runlim] real:			1.07 seconds
[runlim] time:			0.79 seconds
[runlim] space:			15.4 MB
[runlim] samples:		8
[runlim] version:		1.10
[runlim] time limit:		311040000 seconds
[runlim] real time limit:	1200 seconds
[runlim] space limit:		15000 MB
[runlim] argv[0]:		/raid/steuber/Software/boolector/build/bin/boolector
[runlim] argv[1]:		/raid/steuber/Benchmarks/2019/QF_BV/sage/app7/bench_4449.smt2
[runlim] start:			Tue May 12 02:22:24 2020
[runlim] main pid:		19562
[BTOR>check_sat] 0.000469 seconds
[runlim] end:			Tue May 12 02:22:24 2020
[runlim] status:		ok
[runlim] result:		0
[runlim] children:		0
[runlim] real:			0.25 seconds
[runlim] time:			0.07 seconds
[runlim] space:			6.1 MB
[runlim] samples:		1
[runlim] version:		1.10
[runlim] time limit:		311040000 seconds
[runlim] real time limit:	1200 seconds
[runlim] space limit:		15000 MB
[runlim] argv[0]:		/raid/steuber/Software/boolector/build/bin/boolector
[runlim] argv[1]:		/raid/steuber/Benchmarks/2019/QF_BV/log-slicing/bvsmod_16.smt2
[runlim] start:			Tue May 12 02:22:24 2020
[runlim] main pid:		19566
[runlim] sample:		10.0 time, 10.3 real, 10.8 MB
[runlim] sample:		20.0 time, 20.3 real, 14.1 MB
[runlim] sample:		30.0 time, 30.3 real, 15.1 MB
[runlim] sample:		40.0 time, 40.3 real, 17.8 MB
[runlim] sample:		50.0 time, 50.3 real, 18.2 MB
[runlim] sample:		60.0 time, 60.3 real, 18.4 MB
[runlim] sample:		70.0 time, 70.3 real, 20.5 MB
[runlim] sample:		80.0 time, 80.3 real, 24.9 MB
[runlim] sample:		90.0 time, 90.3 real, 23.6 MB
[runlim] sample:		100.0 time, 100.3 real, 24.9 MB
[runlim] sample:		110.0 time, 110.3 real, 23.0 MB
[runlim] sample:		120.0 time, 120.3 real, 29.5 MB
[runlim] sample:		130.0 time, 130.3 real, 28.0 MB
[runlim] sample:		140.0 time, 140.3 real, 29.8 MB
[runlim] sample:		150.0 time, 150.3 real, 29.6 MB
[runlim] sample:		160.0 time, 160.3 real, 29.8 MB
[runlim] sample:		170.0 time, 170.3 real, 30.4 MB
[runlim] sample:		180.0 time, 180.3 real, 31.3 MB
[runlim] sample:		190.0 time, 190.3 real, 32.2 MB
[runlim] sample:		200.0 time, 200.3 real, 31.2 MB
[runlim] sample:		210.0 time, 210.3 real, 30.1 MB
[runlim] sample:		220.0 time, 220.3 real, 30.5 MB
[runlim] sample:		230.0 time, 230.3 real, 31.6 MB
[runlim] sample:		240.0 time, 240.3 real, 31.6 MB
[runlim] sample:		250.0 time, 250.3 real, 31.6 MB
[runlim] sample:		260.0 time, 260.3 real, 33.1 MB
[runlim] sample:		270.0 time, 270.3 real, 32.7 MB
[runlim] sample:		280.0 time, 280.3 real, 38.5 MB
[runlim] sample:		290.0 time, 290.3 real, 35.5 MB
[runlim] sample:		300.0 time, 300.3 real, 35.1 MB
[runlim] sample:		310.0 time, 310.3 real, 36.9 MB
[runlim] sample:		320.0 time, 320.3 real, 38.7 MB
[runlim] sample:		330.0 time, 330.3 real, 39.8 MB
[runlim] sample:		340.0 time, 340.3 real, 37.4 MB
[runlim] sample:		350.0 time, 350.3 real, 36.5 MB
[runlim] sample:		360.0 time, 360.3 real, 40.9 MB
[runlim] sample:		369.9 time, 370.3 real, 41.8 MB
[runlim] sample:		380.0 time, 380.3 real, 37.9 MB
[runlim] sample:		390.0 time, 390.3 real, 38.5 MB
[runlim] sample:		400.0 time, 400.3 real, 38.2 MB
[runlim] sample:		409.9 time, 410.3 real, 38.2 MB
[runlim] sample:		419.9 time, 420.3 real, 39.6 MB
[runlim] sample:		429.9 time, 430.3 real, 39.7 MB
[runlim] sample:		440.0 time, 440.3 real, 40.1 MB
[runlim] sample:		450.0 time, 450.3 real, 37.1 MB
[runlim] sample:		460.0 time, 460.3 real, 39.8 MB
[runlim] sample:		469.9 time, 470.3 real, 41.0 MB
[runlim] sample:		479.9 time, 480.3 real, 39.9 MB
[runlim] sample:		489.9 time, 490.3 real, 41.9 MB
[runlim] sample:		499.9 time, 500.3 real, 42.0 MB
[runlim] sample:		509.9 time, 510.3 real, 37.4 MB
[runlim] sample:		520.0 time, 520.3 real, 44.0 MB
[runlim] sample:		529.9 time, 530.3 real, 44.6 MB
[runlim] sample:		540.0 time, 540.3 real, 44.4 MB
[runlim] sample:		550.0 time, 550.3 real, 41.3 MB
[runlim] sample:		559.9 time, 560.3 real, 44.6 MB
[runlim] sample:		569.9 time, 570.3 real, 43.8 MB
[runlim] sample:		579.9 time, 580.3 real, 41.8 MB
[runlim] sample:		589.9 time, 590.3 real, 49.2 MB
[runlim] sample:		599.9 time, 600.3 real, 44.9 MB
[runlim] sample:		609.9 time, 610.3 real, 42.8 MB
[runlim] sample:		619.9 time, 620.3 real, 44.4 MB
[runlim] sample:		629.9 time, 630.3 real, 43.1 MB
[runlim] sample:		639.9 time, 640.3 real, 40.3 MB
[runlim] sample:		649.9 time, 650.3 real, 44.7 MB
[runlim] sample:		659.9 time, 660.3 real, 45.3 MB
[runlim] sample:		669.9 time, 670.3 real, 43.7 MB
[runlim] sample:		679.9 time, 680.3 real, 48.1 MB
[runlim] sample:		689.9 time, 690.3 real, 44.2 MB
[runlim] sample:		699.9 time, 700.3 real, 47.8 MB
[runlim] sample:		709.9 time, 710.3 real, 43.2 MB
[runlim] sample:		719.9 time, 720.3 real, 44.2 MB
[runlim] sample:		729.9 time, 730.3 real, 46.6 MB
[runlim] sample:		739.9 time, 740.3 real, 43.8 MB
[runlim] sample:		749.9 time, 750.3 real, 40.9 MB
[runlim] sample:		759.9 time, 760.3 real, 42.4 MB
[runlim] sample:		769.9 time, 770.3 real, 48.6 MB
[runlim] sample:		779.9 time, 780.3 real, 41.5 MB
[runlim] sample:		789.9 time, 790.3 real, 43.1 MB
[runlim] sample:		799.9 time, 800.3 real, 49.8 MB
[runlim] sample:		809.9 time, 810.3 real, 42.8 MB
[runlim] sample:		819.9 time, 820.3 real, 45.1 MB
[runlim] sample:		829.9 time, 830.3 real, 45.4 MB
[runlim] sample:		839.9 time, 840.3 real, 39.2 MB
[runlim] sample:		849.9 time, 850.3 real, 46.1 MB
[runlim] sample:		859.9 time, 860.3 real, 42.7 MB
[runlim] sample:		869.9 time, 870.3 real, 53.5 MB
[runlim] sample:		879.9 time, 880.3 real, 44.3 MB
[runlim] sample:		889.9 time, 890.3 real, 45.3 MB
[runlim] sample:		899.9 time, 900.3 real, 45.5 MB
[runlim] sample:		909.9 time, 910.3 real, 47.7 MB
[runlim] sample:		919.9 time, 920.3 real, 45.6 MB
[runlim] sample:		929.9 time, 930.3 real, 44.3 MB
[runlim] sample:		939.9 time, 940.3 real, 45.6 MB
[runlim] sample:		949.9 time, 950.3 real, 40.4 MB
[runlim] sample:		959.9 time, 960.3 real, 50.1 MB
[runlim] sample:		969.9 time, 970.3 real, 54.1 MB
[runlim] sample:		979.9 time, 980.3 real, 45.1 MB
[runlim] sample:		989.9 time, 990.3 real, 47.0 MB
[runlim] sample:		999.9 time, 1000.3 real, 40.5 MB
[runlim] sample:		1009.9 time, 1010.3 real, 47.3 MB
[runlim] sample:		1019.9 time, 1020.3 real, 43.9 MB
[runlim] sample:		1029.9 time, 1030.3 real, 49.0 MB
[runlim] sample:		1039.8 time, 1040.3 real, 47.7 MB
[runlim] sample:		1049.8 time, 1050.3 real, 50.9 MB
[runlim] sample:		1059.8 time, 1060.3 real, 44.4 MB
[runlim] sample:		1069.8 time, 1070.3 real, 40.5 MB
[runlim] sample:		1079.8 time, 1080.3 real, 44.8 MB
[runlim] sample:		1089.8 time, 1090.3 real, 49.3 MB
[runlim] sample:		1099.8 time, 1100.3 real, 49.9 MB
[runlim] sample:		1109.8 time, 1110.3 real, 48.5 MB
[runlim] sample:		1119.8 time, 1120.3 real, 48.8 MB
[runlim] sample:		1129.8 time, 1130.3 real, 43.6 MB
[runlim] sample:		1139.8 time, 1140.3 real, 46.9 MB
[runlim] sample:		1149.8 time, 1150.3 real, 44.0 MB
[runlim] sample:		1159.8 time, 1160.3 real, 46.1 MB
[runlim] sample:		1169.8 time, 1170.3 real, 47.0 MB
[runlim] sample:		1179.8 time, 1180.3 real, 47.8 MB
[runlim] sample:		1189.8 time, 1190.3 real, 47.5 MB
[runlim] end:			Tue May 12 02:42:24 2020
[runlim] status:		out of time
[runlim] result:		2
[runlim] children:		0
[runlim] real:			1200.07 seconds
[runlim] time:			1199.63 seconds
[runlim] space:			55.5 MB
[runlim] samples:		11998
[runlim] version:		1.10
[runlim] time limit:		311040000 seconds
[runlim] real time limit:	1200 seconds
[runlim] space limit:		15000 MB
[runlim] argv[0]:		/raid/steuber/Software/boolector/build/bin/boolector
[runlim] argv[1]:		/raid/steuber/Benchmarks/2019/QF_BV/sage/app12/bench_5486.smt2
[runlim] start:			Tue May 12 02:42:24 2020
[runlim] main pid:		19842
[BTOR>check_sat] 0.000464 seconds
[runlim] end:			Tue May 12 02:42:24 2020
[runlim] status:		ok
[runlim] result:		0
[runlim] children:		0
[runlim] real:			0.09 seconds
[runlim] time:			0.00 seconds
[runlim] space:			0.0 MB
[runlim] samples:		0
[runlim] version:		1.10
[runlim] time limit:		311040000 seconds
[runlim] real time limit:	1200 seconds
[runlim] space limit:		15000 MB
[runlim] argv[0]:		/raid/steuber/Software/boolector/build/bin/boolector
[runlim] argv[1]:		/raid/steuber/Benchmarks/2019/QF_BV/sage/app7/bench_3595.smt2
[runlim] start:			Tue May 12 02:42:24 2020
[runlim] main pid:		19846
[BTOR>check_sat] 0.000622 seconds
[runlim] end:			Tue May 12 02:42:24 2020
[runlim] status:		ok
[runlim] result:		0
[runlim] children:		0
[runlim] real:			0.30 seconds
[runlim] time:			0.18 seconds
[runlim] space:			11.1 MB
[runlim] samples:		2
[runlim] version:		1.10
[runlim] time limit:		311040000 seconds
[runlim] real time limit:	1200 seconds
[runlim] space limit:		15000 MB
[runlim] argv[0]:		/raid/steuber/Software/boolector/build/bin/boolector
[runlim] argv[1]:		/raid/steuber/Benchmarks/2019/QF_BV/sage/app8/bench_512.smt2
[runlim] start:			Tue May 12 02:42:24 2020
[runlim] main pid:		19850
[BTOR>check_sat] 0.004725 seconds
[runlim] end:			Tue May 12 02:42:24 2020
[runlim] status:		ok
[runlim] result:		0
[runlim] children:		0
[runlim] real:			0.34 seconds
[runlim] time:			0.00 seconds
[runlim] space:			0.0 MB
[runlim] samples:		0
[runlim] version:		1.10
[runlim] time limit:		311040000 seconds
[runlim] real time limit:	1200 seconds
[runlim] space limit:		15000 MB
[runlim] argv[0]:		/raid/steuber/Software/boolector/build/bin/boolector
[runlim] argv[1]:		/raid/steuber/Benchmarks/2019/QF_BV/sage/app7/bench_5400.smt2
[runlim] start:			Tue May 12 02:42:24 2020
[runlim] main pid:		19854
[BTOR>check_sat] 0.000164 seconds
[runlim] end:			Tue May 12 02:42:24 2020
[runlim] status:		ok
[runlim] result:		0
[runlim] children:		0
[runlim] real:			0.40 seconds
[runlim] time:			0.00 seconds
[runlim] space:			0.0 MB
[runlim] samples:		0
[runlim] version:		1.10
[runlim] time limit:		311040000 seconds
[runlim] real time limit:	1200 seconds
[runlim] space limit:		15000 MB
[runlim] argv[0]:		/raid/steuber/Software/boolector/build/bin/boolector
[runlim] argv[1]:		/raid/steuber/Benchmarks/2019/QF_BV/sage/app7/bench_5050.smt2
[runlim] start:			Tue May 12 02:42:24 2020
[runlim] main pid:		19858
[BTOR>check_sat] 0.000429 seconds
[runlim] end:			Tue May 12 02:42:24 2020
[runlim] status:		ok
[runlim] result:		0
[runlim] children:		0
[runlim] real:			0.50 seconds
[runlim] time:			0.07 seconds
[runlim] space:			0.0 MB
[runlim] samples:		1
[runlim] version:		1.10
[runlim] time limit:		311040000 seconds
[runlim] real time limit:	1200 seconds
[runlim] space limit:		15000 MB
[runlim] argv[0]:		/raid/steuber/Software/boolector/build/bin/boolector
[runlim] argv[1]:		/raid/steuber/Benchmarks/2019/QF_BV/Sage2/bench_6517.smt2
[runlim] start:			Tue May 12 02:42:24 2020
[runlim] main pid:		19862
[BTOR>check_sat] 0.218461 seconds
[runlim] end:			Tue May 12 02:42:24 2020
[runlim] status:		ok
[runlim] result:		0
[runlim] children:		0
[runlim] real:			0.84 seconds
[runlim] time:			0.26 seconds
[runlim] space:			29.8 MB
[runlim] samples:		3
[runlim] version:		1.10
[runlim] time limit:		311040000 seconds
[runlim] real time limit:	1200 seconds
[runlim] space limit:		15000 MB
[runlim] argv[0]:		/raid/steuber/Software/boolector/build/bin/boolector
[runlim] argv[1]:		/raid/steuber/Benchmarks/2019/QF_BV/sage/app5/bench_420.smt2
[runlim] start:			Tue May 12 02:42:24 2020
[runlim] main pid:		19866
[BTOR>check_sat] 0.026231 seconds
[runlim] end:			Tue May 12 02:42:24 2020
[runlim] status:		ok
[runlim] result:		0
[runlim] children:		0
[runlim] real:			0.89 seconds
[runlim] time:			0.00 seconds
[runlim] space:			0.0 MB
[runlim] samples:		0
[runlim] version:		1.10
[runlim] time limit:		311040000 seconds
[runlim] real time limit:	1200 seconds
[runlim] space limit:		15000 MB
[runlim] argv[0]:		/raid/steuber/Software/boolector/build/bin/boolector
[runlim] argv[1]:		/raid/steuber/Benchmarks/2019/QF_BV/sage/app1/bench_2443.smt2
[runlim] start:			Tue May 12 02:42:24 2020
[runlim] main pid:		19870
[BTOR>check_sat] 0.008649 seconds
[runlim] end:			Tue May 12 02:42:24 2020
[runlim] status:		ok
[runlim] result:		0
[runlim] children:		0
[runlim] real:			0.93 seconds
[runlim] time:			0.00 seconds
[runlim] space:			0.0 MB
[runlim] samples:		0
[runlim] version:		1.10
[runlim] time limit:		311040000 seconds
[runlim] real time limit:	1200 seconds
[runlim] space limit:		15000 MB
[runlim] argv[0]:		/raid/steuber/Software/boolector/build/bin/boolector
[runlim] argv[1]:		/raid/steuber/Benchmarks/2019/QF_BV/sage/app7/bench_5186.smt2
[runlim] start:			Tue May 12 02:42:24 2020
[runlim] main pid:		19874
[BTOR>check_sat] 0.000258 seconds
[runlim] end:			Tue May 12 02:42:25 2020
[runlim] status:		ok
[runlim] result:		0
[runlim] children:		0
[runlim] real:			1.03 seconds
[runlim] time:			0.00 seconds
[runlim] space:			0.0 MB
[runlim] samples:		0
[runlim] version:		1.10
[runlim] time limit:		311040000 seconds
[runlim] real time limit:	1200 seconds
[runlim] space limit:		15000 MB
[runlim] argv[0]:		/raid/steuber/Software/boolector/build/bin/boolector
[runlim] argv[1]:		/raid/steuber/Benchmarks/2019/QF_BV/Sage2/bench_10483.smt2
[runlim] start:			Tue May 12 02:42:25 2020
[runlim] main pid:		19878
[BTOR>check_sat] 0.039164 seconds
[runlim] end:			Tue May 12 02:42:25 2020
[runlim] status:		ok
[runlim] result:		0
[runlim] children:		0
[runlim] real:			0.11 seconds
[runlim] time:			0.00 seconds
[runlim] space:			0.0 MB
[runlim] samples:		0
[runlim] version:		1.10
[runlim] time limit:		311040000 seconds
[runlim] real time limit:	1200 seconds
[runlim] space limit:		15000 MB
[runlim] argv[0]:		/raid/steuber/Software/boolector/build/bin/boolector
[runlim] argv[1]:		/raid/steuber/Benchmarks/2019/QF_BV/bmc-bv-svcomp14/jain_7_true.c.21.smt2
[runlim] start:			Tue May 12 02:42:25 2020
[runlim] main pid:		19882
[BTOR>check_sat] 0.092813 seconds
[runlim] end:			Tue May 12 02:42:25 2020
[runlim] status:		ok
[runlim] result:		0
[runlim] children:		0
[runlim] real:			0.25 seconds
[runlim] time:			0.08 seconds
[runlim] space:			13.0 MB
[runlim] samples:		1
[runlim] version:		1.10
[runlim] time limit:		311040000 seconds
[runlim] real time limit:	1200 seconds
[runlim] space limit:		15000 MB
[runlim] argv[0]:		/raid/steuber/Software/boolector/build/bin/boolector
[runlim] argv[1]:		/raid/steuber/Benchmarks/2019/QF_BV/Sage2/bench_11715.smt2
[runlim] start:			Tue May 12 02:42:25 2020
[runlim] main pid:		19886
[BTOR>check_sat] 0.137787 seconds
[runlim] end:			Tue May 12 02:42:25 2020
[runlim] status:		ok
[runlim] result:		0
[runlim] children:		0
[runlim] real:			0.46 seconds
[runlim] time:			0.09 seconds
[runlim] space:			11.1 MB
[runlim] samples:		1
[runlim] version:		1.10
[runlim] time limit:		311040000 seconds
[runlim] real time limit:	1200 seconds
[runlim] space limit:		15000 MB
[runlim] argv[0]:		/raid/steuber/Software/boolector/build/bin/boolector
[runlim] argv[1]:		/raid/steuber/Benchmarks/2019/QF_BV/sage/app7/bench_4717.smt2
[runlim] start:			Tue May 12 02:42:25 2020
[runlim] main pid:		19890
[BTOR>check_sat] 0.000591 seconds
[runlim] end:			Tue May 12 02:42:25 2020
[runlim] status:		ok
[runlim] result:		0
[runlim] children:		0
[runlim] real:			0.62 seconds
[runlim] time:			0.07 seconds
[runlim] space:			6.4 MB
[runlim] samples:		1
[runlim] version:		1.10
[runlim] time limit:		311040000 seconds
[runlim] real time limit:	1200 seconds
[runlim] space limit:		15000 MB
[runlim] argv[0]:		/raid/steuber/Software/boolector/build/bin/boolector
[runlim] argv[1]:		/raid/steuber/Benchmarks/2019/QF_BV/Sage2/bench_6021.smt2
[runlim] start:			Tue May 12 02:42:25 2020
[runlim] main pid:		19894
[runlim] sample:		10.0 time, 10.6 real, 10.9 MB
[BTOR>check_sat] 10.064463 seconds
[runlim] end:			Tue May 12 02:42:35 2020
[runlim] status:		ok
[runlim] result:		0
[runlim] children:		0
[runlim] real:			10.72 seconds
[runlim] time:			10.07 seconds
[runlim] space:			11.5 MB
[runlim] samples:		101
[runlim] version:		1.10
[runlim] time limit:		311040000 seconds
[runlim] real time limit:	1200 seconds
[runlim] space limit:		15000 MB
[runlim] argv[0]:		/raid/steuber/Software/boolector/build/bin/boolector
[runlim] argv[1]:		/raid/steuber/Benchmarks/2019/QF_BV/20190311-bv-term-small-rw-Noetzli/bv-term-small-rw_1305.smt2
[runlim] start:			Tue May 12 02:42:35 2020
[runlim] main pid:		19899
[BTOR>check_sat] 0.000026 seconds
[runlim] end:			Tue May 12 02:42:35 2020
[runlim] status:		ok
[runlim] result:		0
[runlim] children:		0
[runlim] real:			0.75 seconds
[runlim] time:			0.00 seconds
[runlim] space:			0.0 MB
[runlim] samples:		0
[runlim] version:		1.10
[runlim] time limit:		311040000 seconds
[runlim] real time limit:	1200 seconds
[runlim] space limit:		15000 MB
[runlim] argv[0]:		/raid/steuber/Software/boolector/build/bin/boolector
[runlim] argv[1]:		/raid/steuber/Benchmarks/2019/QF_BV/sage/app7/bench_5840.smt2
[runlim] start:			Tue May 12 02:42:35 2020
[runlim] main pid:		19903
[BTOR>check_sat] 0.000096 seconds
[runlim] end:			Tue May 12 02:42:35 2020
[runlim] status:		ok
[runlim] result:		0
[runlim] children:		0
[runlim] real:			0.79 seconds
[runlim] time:			0.00 seconds
[runlim] space:			0.0 MB
[runlim] samples:		0
[runlim] version:		1.10
[runlim] time limit:		311040000 seconds
[runlim] real time limit:	1200 seconds
[runlim] space limit:		15000 MB
[runlim] argv[0]:		/raid/steuber/Software/boolector/build/bin/boolector
[runlim] argv[1]:		/raid/steuber/Benchmarks/2019/QF_BV/sage/app7/bench_1898.smt2
[runlim] start:			Tue May 12 02:42:35 2020
[runlim] main pid:		19907
[BTOR>check_sat] 0.000208 seconds
[runlim] end:			Tue May 12 02:42:36 2020
[runlim] status:		ok
[runlim] result:		0
[runlim] children:		0
[runlim] real:			1.18 seconds
[runlim] time:			0.28 seconds
[runlim] space:			16.8 MB
[runlim] samples:		3
[runlim] version:		1.10
[runlim] time limit:		311040000 seconds
[runlim] real time limit:	1200 seconds
[runlim] space limit:		15000 MB
[runlim] argv[0]:		/raid/steuber/Software/boolector/build/bin/boolector
[runlim] argv[1]:		/raid/steuber/Benchmarks/2019/QF_BV/sage/app7/bench_379.smt2
[runlim] start:			Tue May 12 02:42:36 2020
[runlim] main pid:		19911
[BTOR>check_sat] 0.000188 seconds
[runlim] end:			Tue May 12 02:42:37 2020
[runlim] status:		ok
[runlim] result:		0
[runlim] children:		0
[runlim] real:			1.51 seconds
[runlim] time:			1.28 seconds
[runlim] space:			44.0 MB
[runlim] samples:		13
[runlim] version:		1.10
[runlim] time limit:		311040000 seconds
[runlim] real time limit:	1200 seconds
[runlim] space limit:		15000 MB
[runlim] argv[0]:		/raid/steuber/Software/boolector/build/bin/boolector
[runlim] argv[1]:		/raid/steuber/Benchmarks/2019/QF_BV/sage/app7/bench_5979.smt2
[runlim] start:			Tue May 12 02:42:37 2020
[runlim] main pid:		19915
[BTOR>check_sat] 0.000095 seconds
[runlim] end:			Tue May 12 02:42:37 2020
[runlim] status:		ok
[runlim] result:		0
[runlim] children:		0
[runlim] real:			0.54 seconds
[runlim] time:			0.00 seconds
[runlim] space:			0.0 MB
[runlim] samples:		0
[runlim] version:		1.10
[runlim] time limit:		311040000 seconds
[runlim] real time limit:	1200 seconds
[runlim] space limit:		15000 MB
[runlim] argv[0]:		/raid/steuber/Software/boolector/build/bin/boolector
[runlim] argv[1]:		/raid/steuber/Benchmarks/2019/QF_BV/Sage2/bench_10857.smt2
[runlim] start:			Tue May 12 02:42:37 2020
[runlim] main pid:		19919
[BTOR>check_sat] 0.242871 seconds
[runlim] end:			Tue May 12 02:42:37 2020
[runlim] status:		ok
[runlim] result:		0
[runlim] children:		0
[runlim] real:			0.80 seconds
[runlim] time:			0.19 seconds
[runlim] space:			4.3 MB
[runlim] samples:		2
[runlim] version:		1.10
[runlim] time limit:		311040000 seconds
[runlim] real time limit:	1200 seconds
[runlim] space limit:		15000 MB
[runlim] argv[0]:		/raid/steuber/Software/boolector/build/bin/boolector
[runlim] argv[1]:		/raid/steuber/Benchmarks/2019/QF_BV/sage/app7/bench_1686.smt2
[runlim] start:			Tue May 12 02:42:37 2020
[runlim] main pid:		19923
[BTOR>check_sat] 0.000208 seconds
[runlim] end:			Tue May 12 02:42:38 2020
[runlim] status:		ok
[runlim] result:		0
[runlim] children:		0
[runlim] real:			1.30 seconds
[runlim] time:			0.37 seconds
[runlim] space:			21.6 MB
[runlim] samples:		4
[runlim] version:		1.10
[runlim] time limit:		311040000 seconds
[runlim] real time limit:	1200 seconds
[runlim] space limit:		15000 MB
[runlim] argv[0]:		/raid/steuber/Software/boolector/build/bin/boolector
[runlim] argv[1]:		/raid/steuber/Benchmarks/2019/QF_BV/float/mul_03_30_4.smt2
[runlim] start:			Tue May 12 02:42:38 2020
[runlim] main pid:		19927
[runlim] sample:		10.0 time, 10.3 real, 20.3 MB
[runlim] sample:		20.0 time, 20.3 real, 22.0 MB
[runlim] sample:		30.0 time, 30.3 real, 24.5 MB
[runlim] sample:		40.0 time, 40.3 real, 27.3 MB
[runlim] sample:		50.0 time, 50.3 real, 29.5 MB
[runlim] sample:		60.0 time, 60.3 real, 29.6 MB
[runlim] sample:		70.0 time, 70.3 real, 33.8 MB
[runlim] sample:		80.0 time, 80.3 real, 33.8 MB
[runlim] sample:		90.0 time, 90.3 real, 33.7 MB
[runlim] sample:		100.0 time, 100.3 real, 38.6 MB
[runlim] sample:		110.0 time, 110.3 real, 34.3 MB
[runlim] sample:		120.0 time, 120.3 real, 34.3 MB
[runlim] sample:		130.0 time, 130.3 real, 36.3 MB
[runlim] sample:		140.0 time, 140.3 real, 41.5 MB
[runlim] sample:		150.0 time, 150.3 real, 41.5 MB
[runlim] sample:		160.0 time, 160.3 real, 37.9 MB
[runlim] sample:		170.0 time, 170.3 real, 38.6 MB
[runlim] sample:		180.0 time, 180.3 real, 44.3 MB
[runlim] sample:		190.0 time, 190.3 real, 39.5 MB
[runlim] sample:		200.0 time, 200.3 real, 39.5 MB
[BTOR>check_sat] 200.110435 seconds
[runlim] end:			Tue May 12 02:45:58 2020
[runlim] status:		ok
[runlim] result:		0
[runlim] children:		0
[runlim] real:			200.45 seconds
[runlim] time:			200.08 seconds
[runlim] space:			44.3 MB
[runlim] samples:		2001
[runlim] version:		1.10
[runlim] time limit:		311040000 seconds
[runlim] real time limit:	1200 seconds
[runlim] space limit:		15000 MB
[runlim] argv[0]:		/raid/steuber/Software/boolector/build/bin/boolector
[runlim] argv[1]:		/raid/steuber/Benchmarks/2019/QF_BV/sage/app7/bench_5701.smt2
[runlim] start:			Tue May 12 02:45:58 2020
[runlim] main pid:		19972
[BTOR>check_sat] 0.000116 seconds
[runlim] end:			Tue May 12 02:45:58 2020
[runlim] status:		ok
[runlim] result:		0
[runlim] children:		0
[runlim] real:			0.50 seconds
[runlim] time:			0.00 seconds
[runlim] space:			0.0 MB
[runlim] samples:		0
[runlim] version:		1.10
[runlim] time limit:		311040000 seconds
[runlim] real time limit:	1200 seconds
[runlim] space limit:		15000 MB
[runlim] argv[0]:		/raid/steuber/Software/boolector/build/bin/boolector
[runlim] argv[1]:		/raid/steuber/Benchmarks/2019/QF_BV/Sage2/bench_12212.smt2
[runlim] start:			Tue May 12 02:45:58 2020
[runlim] main pid:		19976
[BTOR>check_sat] 3.486195 seconds
[runlim] end:			Tue May 12 02:46:02 2020
[runlim] status:		ok
[runlim] result:		0
[runlim] children:		0
[runlim] real:			4.02 seconds
[runlim] time:			3.48 seconds
[runlim] space:			15.4 MB
[runlim] samples:		35
[runlim] version:		1.10
[runlim] time limit:		311040000 seconds
[runlim] real time limit:	1200 seconds
[runlim] space limit:		15000 MB
[runlim] argv[0]:		/raid/steuber/Software/boolector/build/bin/boolector
[runlim] argv[1]:		/raid/steuber/Benchmarks/2019/QF_BV/sage/app7/bench_5565.smt2
[runlim] start:			Tue May 12 02:46:02 2020
[runlim] main pid:		19980
[BTOR>check_sat] 0.000132 seconds
[runlim] end:			Tue May 12 02:46:02 2020
[runlim] status:		ok
[runlim] result:		0
[runlim] children:		0
[runlim] real:			0.06 seconds
[runlim] time:			0.00 seconds
[runlim] space:			0.0 MB
[runlim] samples:		0
[runlim] version:		1.10
[runlim] time limit:		311040000 seconds
[runlim] real time limit:	1200 seconds
[runlim] space limit:		15000 MB
[runlim] argv[0]:		/raid/steuber/Software/boolector/build/bin/boolector
[runlim] argv[1]:		/raid/steuber/Benchmarks/2019/QF_BV/Sage2/bench_14863.smt2
[runlim] start:			Tue May 12 02:46:02 2020
[runlim] main pid:		19984
[BTOR>check_sat] 0.295905 seconds
[runlim] end:			Tue May 12 02:46:02 2020
[runlim] status:		ok
[runlim] result:		0
[runlim] children:		0
[runlim] real:			0.38 seconds
[runlim] time:			0.29 seconds
[runlim] space:			7.2 MB
[runlim] samples:		3
[runlim] version:		1.10
[runlim] time limit:		311040000 seconds
[runlim] real time limit:	1200 seconds
[runlim] space limit:		15000 MB
[runlim] argv[0]:		/raid/steuber/Software/boolector/build/bin/boolector
[runlim] argv[1]:		/raid/steuber/Benchmarks/2019/QF_BV/Sage2/bench_15161.smt2
[runlim] start:			Tue May 12 02:46:02 2020
[runlim] main pid:		19988
[BTOR>check_sat] 0.304047 seconds
[runlim] end:			Tue May 12 02:46:02 2020
[runlim] status:		ok
[runlim] result:		0
[runlim] children:		0
[runlim] real:			0.73 seconds
[runlim] time:			0.27 seconds
[runlim] space:			7.5 MB
[runlim] samples:		3
[runlim] version:		1.10
[runlim] time limit:		311040000 seconds
[runlim] real time limit:	1200 seconds
[runlim] space limit:		15000 MB
[runlim] argv[0]:		/raid/steuber/Software/boolector/build/bin/boolector
[runlim] argv[1]:		/raid/steuber/Benchmarks/2019/QF_BV/sage/app9/bench_477.smt2
[runlim] start:			Tue May 12 02:46:02 2020
[runlim] main pid:		19992
[BTOR>check_sat] 0.004535 seconds
[runlim] end:			Tue May 12 02:46:02 2020
[runlim] status:		ok
[runlim] result:		0
[runlim] children:		0
[runlim] real:			0.75 seconds
[runlim] time:			0.00 seconds
[runlim] space:			0.0 MB
[runlim] samples:		0
[runlim] version:		1.10
[runlim] time limit:		311040000 seconds
[runlim] real time limit:	1200 seconds
[runlim] space limit:		15000 MB
[runlim] argv[0]:		/raid/steuber/Software/boolector/build/bin/boolector
[runlim] argv[1]:		/raid/steuber/Benchmarks/2019/QF_BV/Sage2/bench_14886.smt2
[runlim] start:			Tue May 12 02:46:02 2020
[runlim] main pid:		19996
[BTOR>check_sat] 0.893812 seconds
[runlim] end:			Tue May 12 02:46:03 2020
[runlim] status:		ok
[runlim] result:		0
[runlim] children:		0
[runlim] real:			1.67 seconds
[runlim] time:			0.88 seconds
[runlim] space:			9.6 MB
[runlim] samples:		9
[runlim] version:		1.10
[runlim] time limit:		311040000 seconds
[runlim] real time limit:	1200 seconds
[runlim] space limit:		15000 MB
[runlim] argv[0]:		/raid/steuber/Software/boolector/build/bin/boolector
[runlim] argv[1]:		/raid/steuber/Benchmarks/2019/QF_BV/sage/app12/bench_4141.smt2
[runlim] start:			Tue May 12 02:46:03 2020
[runlim] main pid:		20000
[BTOR>check_sat] 0.001373 seconds
[runlim] end:			Tue May 12 02:46:03 2020
[runlim] status:		ok
[runlim] result:		0
[runlim] children:		0
[runlim] real:			0.69 seconds
[runlim] time:			0.00 seconds
[runlim] space:			0.0 MB
[runlim] samples:		0
[runlim] version:		1.10
[runlim] time limit:		311040000 seconds
[runlim] real time limit:	1200 seconds
[runlim] space limit:		15000 MB
[runlim] argv[0]:		/raid/steuber/Software/boolector/build/bin/boolector
[runlim] argv[1]:		/raid/steuber/Benchmarks/2019/QF_BV/sage/app9/bench_2672.smt2
[runlim] start:			Tue May 12 02:46:03 2020
[runlim] main pid:		20004
[BTOR>check_sat] 0.007619 seconds
[runlim] end:			Tue May 12 02:46:03 2020
[runlim] status:		ok
[runlim] result:		0
[runlim] children:		0
[runlim] real:			0.73 seconds
[runlim] time:			0.00 seconds
[runlim] space:			0.0 MB
[runlim] samples:		0
[runlim] version:		1.10
[runlim] time limit:		311040000 seconds
[runlim] real time limit:	1200 seconds
[runlim] space limit:		15000 MB
[runlim] argv[0]:		/raid/steuber/Software/boolector/build/bin/boolector
[runlim] argv[1]:		/raid/steuber/Benchmarks/2019/QF_BV/Sage2/bench_6006.smt2
[runlim] start:			Tue May 12 02:46:03 2020
[runlim] main pid:		20008
[BTOR>check_sat] 0.552270 seconds
[runlim] end:			Tue May 12 02:46:04 2020
[runlim] status:		ok
[runlim] result:		0
[runlim] children:		0
[runlim] real:			1.31 seconds
[runlim] time:			0.48 seconds
[runlim] space:			8.0 MB
[runlim] samples:		5
[runlim] version:		1.10
[runlim] time limit:		311040000 seconds
[runlim] real time limit:	1200 seconds
[runlim] space limit:		15000 MB
[runlim] argv[0]:		/raid/steuber/Software/boolector/build/bin/boolector
[runlim] argv[1]:		/raid/steuber/Benchmarks/2019/QF_BV/sage/app7/bench_5636.smt2
[runlim] start:			Tue May 12 02:46:04 2020
[runlim] main pid:		20012
[BTOR>check_sat] 0.000334 seconds
[runlim] end:			Tue May 12 02:46:05 2020
[runlim] status:		ok
[runlim] result:		0
[runlim] children:		0
[runlim] real:			1.74 seconds
[runlim] time:			1.37 seconds
[runlim] space:			48.0 MB
[runlim] samples:		14
[runlim] version:		1.10
[runlim] time limit:		311040000 seconds
[runlim] real time limit:	1200 seconds
[runlim] space limit:		15000 MB
[runlim] argv[0]:		/raid/steuber/Software/boolector/build/bin/boolector
[runlim] argv[1]:		/raid/steuber/Benchmarks/2019/QF_BV/Sage2/bench_16713.smt2
[runlim] start:			Tue May 12 02:46:05 2020
[runlim] main pid:		20016
[BTOR>check_sat] 3.496148 seconds
[runlim] end:			Tue May 12 02:46:09 2020
[runlim] status:		ok
[runlim] result:		0
[runlim] children:		0
[runlim] real:			4.29 seconds
[runlim] time:			3.47 seconds
[runlim] space:			28.1 MB
[runlim] samples:		35
[runlim] version:		1.10
[runlim] time limit:		311040000 seconds
[runlim] real time limit:	1200 seconds
[runlim] space limit:		15000 MB
[runlim] argv[0]:		/raid/steuber/Software/boolector/build/bin/boolector
[runlim] argv[1]:		/raid/steuber/Benchmarks/2019/QF_BV/Sage2/bench_5934.smt2
[runlim] start:			Tue May 12 02:46:09 2020
[runlim] main pid:		20020
[BTOR>check_sat] 0.226799 seconds
[runlim] end:			Tue May 12 02:46:09 2020
[runlim] status:		ok
[runlim] result:		0
[runlim] children:		0
[runlim] real:			0.53 seconds
[runlim] time:			0.19 seconds
[runlim] space:			4.2 MB
[runlim] samples:		2
[runlim] version:		1.10
[runlim] time limit:		311040000 seconds
[runlim] real time limit:	1200 seconds
[runlim] space limit:		15000 MB
[runlim] argv[0]:		/raid/steuber/Software/boolector/build/bin/boolector
[runlim] argv[1]:		/raid/steuber/Benchmarks/2019/QF_BV/sage/app8/bench_3604.smt2
[runlim] start:			Tue May 12 02:46:09 2020
[runlim] main pid:		20024
[BTOR>check_sat] 0.007569 seconds
[runlim] end:			Tue May 12 02:46:09 2020
[runlim] status:		ok
[runlim] result:		0
[runlim] children:		0
[runlim] real:			0.57 seconds
[runlim] time:			0.00 seconds
[runlim] space:			0.0 MB
[runlim] samples:		0
[runlim] version:		1.10
[runlim] time limit:		311040000 seconds
[runlim] real time limit:	1200 seconds
[runlim] space limit:		15000 MB
[runlim] argv[0]:		/raid/steuber/Software/boolector/build/bin/boolector
[runlim] argv[1]:		/raid/steuber/Benchmarks/2019/QF_BV/20190311-bv-term-small-rw-Noetzli/bv-term-small-rw_538.smt2
[runlim] start:			Tue May 12 02:46:09 2020
[runlim] main pid:		20028
[BTOR>check_sat] 0.000046 seconds
[runlim] end:			Tue May 12 02:46:09 2020
[runlim] status:		ok
[runlim] result:		0
[runlim] children:		0
[runlim] real:			0.58 seconds
[runlim] time:			0.00 seconds
[runlim] space:			0.0 MB
[runlim] samples:		0
[runlim] version:		1.10
[runlim] time limit:		311040000 seconds
[runlim] real time limit:	1200 seconds
[runlim] space limit:		15000 MB
[runlim] argv[0]:		/raid/steuber/Software/boolector/build/bin/boolector
[runlim] argv[1]:		/raid/steuber/Benchmarks/2019/QF_BV/sage/app7/bench_4209.smt2
[runlim] start:			Tue May 12 02:46:09 2020
[runlim] main pid:		20032
[BTOR>check_sat] 0.000471 seconds
[runlim] end:			Tue May 12 02:46:09 2020
[runlim] status:		ok
[runlim] result:		0
[runlim] children:		0
[runlim] real:			0.75 seconds
[runlim] time:			0.07 seconds
[runlim] space:			6.4 MB
[runlim] samples:		1
[runlim] version:		1.10
[runlim] time limit:		311040000 seconds
[runlim] real time limit:	1200 seconds
[runlim] space limit:		15000 MB
[runlim] argv[0]:		/raid/steuber/Software/boolector/build/bin/boolector
[runlim] argv[1]:		/raid/steuber/Benchmarks/2019/QF_BV/sage/app7/bench_5711.smt2
[runlim] start:			Tue May 12 02:46:09 2020
[runlim] main pid:		20036
[BTOR>check_sat] 0.000113 seconds
[runlim] end:			Tue May 12 02:46:09 2020
[runlim] status:		ok
[runlim] result:		0
[runlim] children:		0
[runlim] real:			0.79 seconds
[runlim] time:			0.00 seconds
[runlim] space:			0.0 MB
[runlim] samples:		0
[runlim] version:		1.10
[runlim] time limit:		311040000 seconds
[runlim] real time limit:	1200 seconds
[runlim] space limit:		15000 MB
[runlim] argv[0]:		/raid/steuber/Software/boolector/build/bin/boolector
[runlim] argv[1]:		/raid/steuber/Benchmarks/2019/QF_BV/Sage2/bench_2056.smt2
[runlim] start:			Tue May 12 02:46:09 2020
[runlim] main pid:		20040
[BTOR>check_sat] 0.130118 seconds
[runlim] end:			Tue May 12 02:46:09 2020
[runlim] status:		ok
[runlim] result:		0
[runlim] children:		0
[runlim] real:			0.94 seconds
[runlim] time:			0.08 seconds
[runlim] space:			3.5 MB
[runlim] samples:		1
[runlim] version:		1.10
[runlim] time limit:		311040000 seconds
[runlim] real time limit:	1200 seconds
[runlim] space limit:		15000 MB
[runlim] argv[0]:		/raid/steuber/Software/boolector/build/bin/boolector
[runlim] argv[1]:		/raid/steuber/Benchmarks/2019/QF_BV/20190311-bv-term-small-rw-Noetzli/bv-term-small-rw_1078.smt2
[runlim] start:			Tue May 12 02:46:09 2020
[runlim] main pid:		20044
[BTOR>check_sat] 0.000021 seconds
[runlim] end:			Tue May 12 02:46:09 2020
[runlim] status:		ok
[runlim] result:		0
[runlim] children:		0
[runlim] real:			0.96 seconds
[runlim] time:			0.00 seconds
[runlim] space:			0.0 MB
[runlim] samples:		0
[runlim] version:		1.10
[runlim] time limit:		311040000 seconds
[runlim] real time limit:	1200 seconds
[runlim] space limit:		15000 MB
[runlim] argv[0]:		/raid/steuber/Software/boolector/build/bin/boolector
[runlim] argv[1]:		/raid/steuber/Benchmarks/2019/QF_BV/sage/app7/bench_2831.smt2
[runlim] start:			Tue May 12 02:46:09 2020
[runlim] main pid:		20048
[BTOR>check_sat] 0.000108 seconds
[runlim] end:			Tue May 12 02:46:10 2020
[runlim] status:		ok
[runlim] result:		0
[runlim] children:		0
[runlim] real:			1.20 seconds
[runlim] time:			0.17 seconds
[runlim] space:			11.8 MB
[runlim] samples:		2
[runlim] version:		1.10
[runlim] time limit:		311040000 seconds
[runlim] real time limit:	1200 seconds
[runlim] space limit:		15000 MB
[runlim] argv[0]:		/raid/steuber/Software/boolector/build/bin/boolector
[runlim] argv[1]:		/raid/steuber/Benchmarks/2019/QF_BV/sage/app7/bench_7768.smt2
[runlim] start:			Tue May 12 02:46:10 2020
[runlim] main pid:		20052
[BTOR>check_sat] 0.000259 seconds
[runlim] end:			Tue May 12 02:46:11 2020
[runlim] status:		ok
[runlim] result:		0
[runlim] children:		0
[runlim] real:			1.60 seconds
[runlim] time:			1.26 seconds
[runlim] space:			46.3 MB
[runlim] samples:		13
[runlim] version:		1.10
[runlim] time limit:		311040000 seconds
[runlim] real time limit:	1200 seconds
[runlim] space limit:		15000 MB
[runlim] argv[0]:		/raid/steuber/Software/boolector/build/bin/boolector
[runlim] argv[1]:		/raid/steuber/Benchmarks/2019/QF_BV/sage/app7/bench_2055.smt2
[runlim] start:			Tue May 12 02:46:11 2020
[runlim] main pid:		20056
[BTOR>check_sat] 0.001178 seconds
[runlim] end:			Tue May 12 02:46:11 2020
[runlim] status:		ok
[runlim] result:		0
[runlim] children:		0
[runlim] real:			0.93 seconds
[runlim] time:			0.27 seconds
[runlim] space:			16.6 MB
[runlim] samples:		3
[runlim] version:		1.10
[runlim] time limit:		311040000 seconds
[runlim] real time limit:	1200 seconds
[runlim] space limit:		15000 MB
[runlim] argv[0]:		/raid/steuber/Software/boolector/build/bin/boolector
[runlim] argv[1]:		/raid/steuber/Benchmarks/2019/QF_BV/sage/app7/bench_6006.smt2
[runlim] start:			Tue May 12 02:46:11 2020
[runlim] main pid:		20060
[BTOR>check_sat] 0.000069 seconds
[runlim] end:			Tue May 12 02:46:11 2020
[runlim] status:		ok
[runlim] result:		0
[runlim] children:		0
[runlim] real:			0.96 seconds
[runlim] time:			0.00 seconds
[runlim] space:			0.0 MB
[runlim] samples:		0
[runlim] version:		1.10
[runlim] time limit:		311040000 seconds
[runlim] real time limit:	1200 seconds
[runlim] space limit:		15000 MB
[runlim] argv[0]:		/raid/steuber/Software/boolector/build/bin/boolector
[runlim] argv[1]:		/raid/steuber/Benchmarks/2019/QF_BV/sage/app2/bench_826.smt2
[runlim] start:			Tue May 12 02:46:11 2020
[runlim] main pid:		20064
[BTOR>check_sat] 0.000065 seconds
[runlim] end:			Tue May 12 02:46:12 2020
[runlim] status:		ok
[runlim] result:		0
[runlim] children:		0
[runlim] real:			1.03 seconds
[runlim] time:			0.00 seconds
[runlim] space:			0.0 MB
[runlim] samples:		0
[runlim] version:		1.10
[runlim] time limit:		311040000 seconds
[runlim] real time limit:	1200 seconds
[runlim] space limit:		15000 MB
[runlim] argv[0]:		/raid/steuber/Software/boolector/build/bin/boolector
[runlim] argv[1]:		/raid/steuber/Benchmarks/2019/QF_BV/sage/app8/bench_1000.smt2
[runlim] start:			Tue May 12 02:46:12 2020
[runlim] main pid:		20068
[BTOR>check_sat] 0.001986 seconds
[runlim] end:			Tue May 12 02:46:12 2020
[runlim] status:		ok
[runlim] result:		0
[runlim] children:		0
[runlim] real:			0.05 seconds
[runlim] time:			0.00 seconds
[runlim] space:			0.0 MB
[runlim] samples:		0
[runlim] version:		1.10
[runlim] time limit:		311040000 seconds
[runlim] real time limit:	1200 seconds
[runlim] space limit:		15000 MB
[runlim] argv[0]:		/raid/steuber/Software/boolector/build/bin/boolector
[runlim] argv[1]:		/raid/steuber/Benchmarks/2019/QF_BV/sage/app8/bench_850.smt2
[runlim] start:			Tue May 12 02:46:12 2020
[runlim] main pid:		20072
[BTOR>check_sat] 0.011399 seconds
[runlim] end:			Tue May 12 02:46:12 2020
[runlim] status:		ok
[runlim] result:		0
[runlim] children:		0
[runlim] real:			0.09 seconds
[runlim] time:			0.00 seconds
[runlim] space:			0.0 MB
[runlim] samples:		0
[runlim] version:		1.10
[runlim] time limit:		311040000 seconds
[runlim] real time limit:	1200 seconds
[runlim] space limit:		15000 MB
[runlim] argv[0]:		/raid/steuber/Software/boolector/build/bin/boolector
[runlim] argv[1]:		/raid/steuber/Benchmarks/2019/QF_BV/sage/app5/bench_424.smt2
[runlim] start:			Tue May 12 02:46:12 2020
[runlim] main pid:		20076
[BTOR>check_sat] 0.021271 seconds
[runlim] end:			Tue May 12 02:46:12 2020
[runlim] status:		ok
[runlim] result:		0
[runlim] children:		0
[runlim] real:			0.13 seconds
[runlim] time:			0.00 seconds
[runlim] space:			0.0 MB
[runlim] samples:		0
[runlim] version:		1.10
[runlim] time limit:		311040000 seconds
[runlim] real time limit:	1200 seconds
[runlim] space limit:		15000 MB
[runlim] argv[0]:		/raid/steuber/Software/boolector/build/bin/boolector
[runlim] argv[1]:		/raid/steuber/Benchmarks/2019/QF_BV/sage/app5/bench_314.smt2
[runlim] start:			Tue May 12 02:46:12 2020
[runlim] main pid:		20080
[BTOR>check_sat] 0.127938 seconds
[runlim] end:			Tue May 12 02:46:12 2020
[runlim] status:		ok
[runlim] result:		0
[runlim] children:		0
[runlim] real:			0.28 seconds
[runlim] time:			0.09 seconds
[runlim] space:			5.2 MB
[runlim] samples:		1
[runlim] version:		1.10
[runlim] time limit:		311040000 seconds
[runlim] real time limit:	1200 seconds
[runlim] space limit:		15000 MB
[runlim] argv[0]:		/raid/steuber/Software/boolector/build/bin/boolector
[runlim] argv[1]:		/raid/steuber/Benchmarks/2019/QF_BV/Sage2/bench_1455.smt2
[runlim] start:			Tue May 12 02:46:12 2020
[runlim] main pid:		20084
[BTOR>check_sat] 0.447781 seconds
[runlim] end:			Tue May 12 02:46:12 2020
[runlim] status:		ok
[runlim] result:		0
[runlim] children:		0
[runlim] real:			0.74 seconds
[runlim] time:			0.38 seconds
[runlim] space:			4.1 MB
[runlim] samples:		4
[runlim] version:		1.10
[runlim] time limit:		311040000 seconds
[runlim] real time limit:	1200 seconds
[runlim] space limit:		15000 MB
[runlim] argv[0]:		/raid/steuber/Software/boolector/build/bin/boolector
[runlim] argv[1]:		/raid/steuber/Benchmarks/2019/QF_BV/Sage2/bench_14740.smt2
[runlim] start:			Tue May 12 02:46:12 2020
[runlim] main pid:		20088
[runlim] sample:		10.0 time, 10.7 real, 14.4 MB
[runlim] sample:		20.0 time, 20.7 real, 17.9 MB
[BTOR>check_sat] 20.751309 seconds
[runlim] end:			Tue May 12 02:46:33 2020
[runlim] status:		ok
[runlim] result:		0
[runlim] children:		0
[runlim] real:			21.53 seconds
[runlim] time:			20.68 seconds
[runlim] space:			17.9 MB
[runlim] samples:		207
[runlim] version:		1.10
[runlim] time limit:		311040000 seconds
[runlim] real time limit:	1200 seconds
[runlim] space limit:		15000 MB
[runlim] argv[0]:		/raid/steuber/Software/boolector/build/bin/boolector
[runlim] argv[1]:		/raid/steuber/Benchmarks/2019/QF_BV/Sage2/bench_16930.smt2
[runlim] start:			Tue May 12 02:46:33 2020
[runlim] main pid:		20098
[BTOR>check_sat] 3.746261 seconds
[runlim] end:			Tue May 12 02:46:37 2020
[runlim] status:		ok
[runlim] result:		0
[runlim] children:		0
[runlim] real:			4.34 seconds
[runlim] time:			3.76 seconds
[runlim] space:			28.4 MB
[runlim] samples:		38
[runlim] version:		1.10
[runlim] time limit:		311040000 seconds
[runlim] real time limit:	1200 seconds
[runlim] space limit:		15000 MB
[runlim] argv[0]:		/raid/steuber/Software/boolector/build/bin/boolector
[runlim] argv[1]:		/raid/steuber/Benchmarks/2019/QF_BV/sage/app7/bench_2738.smt2
[runlim] start:			Tue May 12 02:46:37 2020
[runlim] main pid:		20102
[BTOR>check_sat] 0.000517 seconds
[runlim] end:			Tue May 12 02:46:37 2020
[runlim] status:		ok
[runlim] result:		0
[runlim] children:		0
[runlim] real:			0.59 seconds
[runlim] time:			0.17 seconds
[runlim] space:			11.9 MB
[runlim] samples:		2
[runlim] version:		1.10
[runlim] time limit:		311040000 seconds
[runlim] real time limit:	1200 seconds
[runlim] space limit:		15000 MB
[runlim] argv[0]:		/raid/steuber/Software/boolector/build/bin/boolector
[runlim] argv[1]:		/raid/steuber/Benchmarks/2019/QF_BV/Sage2/bench_9821.smt2
[runlim] start:			Tue May 12 02:46:37 2020
[runlim] main pid:		20106
[BTOR>check_sat] 2.754972 seconds
[runlim] end:			Tue May 12 02:46:40 2020
[runlim] status:		ok
[runlim] result:		0
[runlim] children:		0
[runlim] real:			3.83 seconds
[runlim] time:			3.17 seconds
[runlim] space:			332.3 MB
[runlim] samples:		32
[runlim] version:		1.10
[runlim] time limit:		311040000 seconds
[runlim] real time limit:	1200 seconds
[runlim] space limit:		15000 MB
[runlim] argv[0]:		/raid/steuber/Software/boolector/build/bin/boolector
[runlim] argv[1]:		/raid/steuber/Benchmarks/2019/QF_BV/Sage2/bench_15673.smt2
[runlim] start:			Tue May 12 02:46:40 2020
[runlim] main pid:		20110
[BTOR>check_sat] 0.370906 seconds
[runlim] end:			Tue May 12 02:46:41 2020
[runlim] status:		ok
[runlim] result:		0
[runlim] children:		0
[runlim] real:			1.22 seconds
[runlim] time:			0.27 seconds
[runlim] space:			6.0 MB
[runlim] samples:		3
[runlim] version:		1.10
[runlim] time limit:		311040000 seconds
[runlim] real time limit:	1200 seconds
[runlim] space limit:		15000 MB
[runlim] argv[0]:		/raid/steuber/Software/boolector/build/bin/boolector
[runlim] argv[1]:		/raid/steuber/Benchmarks/2019/QF_BV/sage/app9/bench_541.smt2
[runlim] start:			Tue May 12 02:46:41 2020
[runlim] main pid:		20114
[BTOR>check_sat] 0.000629 seconds
[runlim] end:			Tue May 12 02:46:41 2020
[runlim] status:		ok
[runlim] result:		0
[runlim] children:		0
[runlim] real:			0.25 seconds
[runlim] time:			0.00 seconds
[runlim] space:			0.0 MB
[runlim] samples:		0
[runlim] version:		1.10
[runlim] time limit:		311040000 seconds
[runlim] real time limit:	1200 seconds
[runlim] space limit:		15000 MB
[runlim] argv[0]:		/raid/steuber/Software/boolector/build/bin/boolector
[runlim] argv[1]:		/raid/steuber/Benchmarks/2019/QF_BV/sage/app7/bench_1930.smt2
[runlim] start:			Tue May 12 02:46:41 2020
[runlim] main pid:		20118
[BTOR>check_sat] 0.000159 seconds
[runlim] end:			Tue May 12 02:46:41 2020
[runlim] status:		ok
[runlim] result:		0
[runlim] children:		0
[runlim] real:			0.60 seconds
[runlim] time:			0.28 seconds
[runlim] space:			17.6 MB
[runlim] samples:		3
[runlim] version:		1.10
[runlim] time limit:		311040000 seconds
[runlim] real time limit:	1200 seconds
[runlim] space limit:		15000 MB
[runlim] argv[0]:		/raid/steuber/Software/boolector/build/bin/boolector
[runlim] argv[1]:		/raid/steuber/Benchmarks/2019/QF_BV/sage/app7/bench_4841.smt2
[runlim] start:			Tue May 12 02:46:41 2020
[runlim] main pid:		20122
[BTOR>check_sat] 0.000565 seconds
[runlim] end:			Tue May 12 02:46:41 2020
[runlim] status:		ok
[runlim] result:		0
[runlim] children:		0
[runlim] real:			0.76 seconds
[runlim] time:			0.07 seconds
[runlim] space:			5.7 MB
[runlim] samples:		1
[runlim] version:		1.10
[runlim] time limit:		311040000 seconds
[runlim] real time limit:	1200 seconds
[runlim] space limit:		15000 MB
[runlim] argv[0]:		/raid/steuber/Software/boolector/build/bin/boolector
[runlim] argv[1]:		/raid/steuber/Benchmarks/2019/QF_BV/20190311-bv-term-small-rw-Noetzli/bv-term-small-rw_1068.smt2
[runlim] start:			Tue May 12 02:46:41 2020
[runlim] main pid:		20126
[BTOR>check_sat] 0.000017 seconds
[runlim] end:			Tue May 12 02:46:41 2020
[runlim] status:		ok
[runlim] result:		0
[runlim] children:		0
[runlim] real:			0.77 seconds
[runlim] time:			0.00 seconds
[runlim] space:			0.0 MB
[runlim] samples:		0
[runlim] version:		1.10
[runlim] time limit:		311040000 seconds
[runlim] real time limit:	1200 seconds
[runlim] space limit:		15000 MB
[runlim] argv[0]:		/raid/steuber/Software/boolector/build/bin/boolector
[runlim] argv[1]:		/raid/steuber/Benchmarks/2019/QF_BV/sage/app7/bench_4539.smt2
[runlim] start:			Tue May 12 02:46:41 2020
[runlim] main pid:		20130
[BTOR>check_sat] 0.000581 seconds
[runlim] end:			Tue May 12 02:46:41 2020
[runlim] status:		ok
[runlim] result:		0
[runlim] children:		0
[runlim] real:			0.95 seconds
[runlim] time:			0.06 seconds
[runlim] space:			5.7 MB
[runlim] samples:		1
[runlim] version:		1.10
[runlim] time limit:		311040000 seconds
[runlim] real time limit:	1200 seconds
[runlim] space limit:		15000 MB
[runlim] argv[0]:		/raid/steuber/Software/boolector/build/bin/boolector
[runlim] argv[1]:		/raid/steuber/Benchmarks/2019/QF_BV/Sage2/bench_3932.smt2
[runlim] start:			Tue May 12 02:46:41 2020
[runlim] main pid:		20134
[BTOR>check_sat] 0.447256 seconds
[runlim] end:			Tue May 12 02:46:42 2020
[runlim] status:		ok
[runlim] result:		0
[runlim] children:		0
[runlim] real:			1.42 seconds
[runlim] time:			0.38 seconds
[runlim] space:			4.1 MB
[runlim] samples:		4
[runlim] version:		1.10
[runlim] time limit:		311040000 seconds
[runlim] real time limit:	1200 seconds
[runlim] space limit:		15000 MB
[runlim] argv[0]:		/raid/steuber/Software/boolector/build/bin/boolector
[runlim] argv[1]:		/raid/steuber/Benchmarks/2019/QF_BV/Sage2/bench_9396.smt2
[runlim] start:			Tue May 12 02:46:42 2020
[runlim] main pid:		20139
[BTOR>check_sat] 0.136515 seconds
[runlim] end:			Tue May 12 02:46:42 2020
[runlim] status:		ok
[runlim] result:		0
[runlim] children:		0
[runlim] real:			0.57 seconds
[runlim] time:			0.09 seconds
[runlim] space:			3.7 MB
[runlim] samples:		1
[runlim] version:		1.10
[runlim] time limit:		311040000 seconds
[runlim] real time limit:	1200 seconds
[runlim] space limit:		15000 MB
[runlim] argv[0]:		/raid/steuber/Software/boolector/build/bin/boolector
[runlim] argv[1]:		/raid/steuber/Benchmarks/2019/QF_BV/sage/app9/bench_3046.smt2
[runlim] start:			Tue May 12 02:46:42 2020
[runlim] main pid:		20143
[BTOR>check_sat] 0.005684 seconds
[runlim] end:			Tue May 12 02:46:42 2020
[runlim] status:		ok
[runlim] result:		0
[runlim] children:		0
[runlim] real:			0.59 seconds
[runlim] time:			0.00 seconds
[runlim] space:			0.0 MB
[runlim] samples:		0
[runlim] version:		1.10
[runlim] time limit:		311040000 seconds
[runlim] real time limit:	1200 seconds
[runlim] space limit:		15000 MB
[runlim] argv[0]:		/raid/steuber/Software/boolector/build/bin/boolector
[runlim] argv[1]:		/raid/steuber/Benchmarks/2019/QF_BV/sage/app7/bench_5457.smt2
[runlim] start:			Tue May 12 02:46:42 2020
[runlim] main pid:		20147
[BTOR>check_sat] 0.000150 seconds
[runlim] end:			Tue May 12 02:46:42 2020
[runlim] status:		ok
[runlim] result:		0
[runlim] children:		0
[runlim] real:			0.64 seconds
[runlim] time:			0.00 seconds
[runlim] space:			0.0 MB
[runlim] samples:		0
[runlim] version:		1.10
[runlim] time limit:		311040000 seconds
[runlim] real time limit:	1200 seconds
[runlim] space limit:		15000 MB
[runlim] argv[0]:		/raid/steuber/Software/boolector/build/bin/boolector
[runlim] argv[1]:		/raid/steuber/Benchmarks/2019/QF_BV/sage/app7/bench_5361.smt2
[runlim] start:			Tue May 12 02:46:42 2020
[runlim] main pid:		20152
[BTOR>check_sat] 0.000215 seconds
[runlim] end:			Tue May 12 02:46:42 2020
[runlim] status:		ok
[runlim] result:		0
[runlim] children:		0
[runlim] real:			0.72 seconds
[runlim] time:			0.00 seconds
[runlim] space:			0.0 MB
[runlim] samples:		0
