[runlim] version:		1.10
[runlim] time limit:		311040000 seconds
[runlim] real time limit:	1200 seconds
[runlim] space limit:		15000 MB
[runlim] argv[0]:		/raid/steuber/Software/boolector/build/bin/boolector
[runlim] argv[1]:		/raid/steuber/Benchmarks/2019/QF_BV/sage/app7/bench_603.smt2
[runlim] start:			Tue May 12 03:32:37 2020
[runlim] main pid:		28840
[BTOR>check_sat] 0.000660 seconds
[runlim] end:			Tue May 12 03:32:39 2020
[runlim] status:		ok
[runlim] result:		0
[runlim] children:		0
[runlim] real:			2.29 seconds
[runlim] time:			1.86 seconds
[runlim] space:			60.4 MB
[runlim] samples:		19
[runlim] version:		1.10
[runlim] time limit:		311040000 seconds
[runlim] real time limit:	1200 seconds
[runlim] space limit:		15000 MB
[runlim] argv[0]:		/raid/steuber/Software/boolector/build/bin/boolector
[runlim] argv[1]:		/raid/steuber/Benchmarks/2019/QF_BV/sage/app9/bench_377.smt2
[runlim] start:			Tue May 12 03:32:39 2020
[runlim] main pid:		28844
[BTOR>check_sat] 0.002311 seconds
[runlim] end:			Tue May 12 03:32:39 2020
[runlim] status:		ok
[runlim] result:		0
[runlim] children:		0
[runlim] real:			0.32 seconds
[runlim] time:			0.00 seconds
[runlim] space:			0.0 MB
[runlim] samples:		0
[runlim] version:		1.10
[runlim] time limit:		311040000 seconds
[runlim] real time limit:	1200 seconds
[runlim] space limit:		15000 MB
[runlim] argv[0]:		/raid/steuber/Software/boolector/build/bin/boolector
[runlim] argv[1]:		/raid/steuber/Benchmarks/2019/QF_BV/sage/app1/bench_231.smt2
[runlim] start:			Tue May 12 03:32:39 2020
[runlim] main pid:		28848
[BTOR>check_sat] 0.360897 seconds
[runlim] end:			Tue May 12 03:32:39 2020
[runlim] status:		ok
[runlim] result:		0
[runlim] children:		0
[runlim] real:			0.73 seconds
[runlim] time:			0.39 seconds
[runlim] space:			46.2 MB
[runlim] samples:		4
[runlim] version:		1.10
[runlim] time limit:		311040000 seconds
[runlim] real time limit:	1200 seconds
[runlim] space limit:		15000 MB
[runlim] argv[0]:		/raid/steuber/Software/boolector/build/bin/boolector
[runlim] argv[1]:		/raid/steuber/Benchmarks/2019/QF_BV/Sage2/bench_11159.smt2
[runlim] start:			Tue May 12 03:32:39 2020
[runlim] main pid:		28852
[BTOR>check_sat] 0.132466 seconds
[runlim] end:			Tue May 12 03:32:39 2020
[runlim] status:		ok
[runlim] result:		0
[runlim] children:		0
[runlim] real:			0.88 seconds
[runlim] time:			0.08 seconds
[runlim] space:			3.4 MB
[runlim] samples:		1
[runlim] version:		1.10
[runlim] time limit:		311040000 seconds
[runlim] real time limit:	1200 seconds
[runlim] space limit:		15000 MB
[runlim] argv[0]:		/raid/steuber/Software/boolector/build/bin/boolector
[runlim] argv[1]:		/raid/steuber/Benchmarks/2019/QF_BV/Sage2/bench_17531.smt2
[runlim] start:			Tue May 12 03:32:39 2020
[runlim] main pid:		28856
[BTOR>check_sat] 1.036707 seconds
[runlim] end:			Tue May 12 03:32:40 2020
[runlim] status:		ok
[runlim] result:		0
[runlim] children:		0
[runlim] real:			1.95 seconds
[runlim] time:			0.98 seconds
[runlim] space:			9.6 MB
[runlim] samples:		10
[runlim] version:		1.10
[runlim] time limit:		311040000 seconds
[runlim] real time limit:	1200 seconds
[runlim] space limit:		15000 MB
[runlim] argv[0]:		/raid/steuber/Software/boolector/build/bin/boolector
[runlim] argv[1]:		/raid/steuber/Benchmarks/2019/QF_BV/Sage2/bench_12642.smt2
[runlim] start:			Tue May 12 03:32:40 2020
[runlim] main pid:		28860
[runlim] sample:		10.0 time, 11.0 real, 14.3 MB
[runlim] sample:		20.0 time, 21.0 real, 17.3 MB
[BTOR>check_sat] 23.129401 seconds
[runlim] end:			Tue May 12 03:33:04 2020
[runlim] status:		ok
[runlim] result:		0
[runlim] children:		0
[runlim] real:			24.12 seconds
[runlim] time:			23.07 seconds
[runlim] space:			19.3 MB
[runlim] samples:		231
[runlim] version:		1.10
[runlim] time limit:		311040000 seconds
[runlim] real time limit:	1200 seconds
[runlim] space limit:		15000 MB
[runlim] argv[0]:		/raid/steuber/Software/boolector/build/bin/boolector
[runlim] argv[1]:		/raid/steuber/Benchmarks/2019/QF_BV/sage/app7/bench_5178.smt2
[runlim] start:			Tue May 12 03:33:04 2020
[runlim] main pid:		28868
[BTOR>check_sat] 0.000206 seconds
[runlim] end:			Tue May 12 03:33:04 2020
[runlim] status:		ok
[runlim] result:		0
[runlim] children:		0
[runlim] real:			0.22 seconds
[runlim] time:			0.00 seconds
[runlim] space:			0.0 MB
[runlim] samples:		0
[runlim] version:		1.10
[runlim] time limit:		311040000 seconds
[runlim] real time limit:	1200 seconds
[runlim] space limit:		15000 MB
[runlim] argv[0]:		/raid/steuber/Software/boolector/build/bin/boolector
[runlim] argv[1]:		/raid/steuber/Benchmarks/2019/QF_BV/Sage2/bench_10797.smt2
[runlim] start:			Tue May 12 03:33:04 2020
[runlim] main pid:		28872
[BTOR>check_sat] 4.986576 seconds
[runlim] end:			Tue May 12 03:33:09 2020
[runlim] status:		ok
[runlim] result:		0
[runlim] children:		0
[runlim] real:			5.30 seconds
[runlim] time:			4.96 seconds
[runlim] space:			28.4 MB
[runlim] samples:		50
[runlim] version:		1.10
[runlim] time limit:		311040000 seconds
[runlim] real time limit:	1200 seconds
[runlim] space limit:		15000 MB
[runlim] argv[0]:		/raid/steuber/Software/boolector/build/bin/boolector
[runlim] argv[1]:		/raid/steuber/Benchmarks/2019/QF_BV/Sage2/bench_14039.smt2
[runlim] start:			Tue May 12 03:33:09 2020
[runlim] main pid:		28876
[BTOR>check_sat] 2.911098 seconds
[runlim] end:			Tue May 12 03:33:12 2020
[runlim] status:		ok
[runlim] result:		0
[runlim] children:		0
[runlim] real:			3.73 seconds
[runlim] time:			3.35 seconds
[runlim] space:			398.0 MB
[runlim] samples:		34
[runlim] version:		1.10
[runlim] time limit:		311040000 seconds
[runlim] real time limit:	1200 seconds
[runlim] space limit:		15000 MB
[runlim] argv[0]:		/raid/steuber/Software/boolector/build/bin/boolector
[runlim] argv[1]:		/raid/steuber/Benchmarks/2019/QF_BV/Sage2/bench_17201.smt2
[runlim] start:			Tue May 12 03:33:12 2020
[runlim] main pid:		28881
[runlim] sample:		10.0 time, 10.7 real, 10.7 MB
[BTOR>check_sat] 18.578514 seconds
[runlim] end:			Tue May 12 03:33:31 2020
[runlim] status:		ok
[runlim] result:		0
[runlim] children:		0
[runlim] real:			19.34 seconds
[runlim] time:			18.58 seconds
[runlim] space:			11.8 MB
[runlim] samples:		186
[runlim] version:		1.10
[runlim] time limit:		311040000 seconds
[runlim] real time limit:	1200 seconds
[runlim] space limit:		15000 MB
[runlim] argv[0]:		/raid/steuber/Software/boolector/build/bin/boolector
[runlim] argv[1]:		/raid/steuber/Benchmarks/2019/QF_BV/sage/app7/bench_2363.smt2
[runlim] start:			Tue May 12 03:33:31 2020
[runlim] main pid:		28889
[BTOR>check_sat] 0.000123 seconds
[runlim] end:			Tue May 12 03:33:31 2020
[runlim] status:		ok
[runlim] result:		0
[runlim] children:		0
[runlim] real:			0.61 seconds
[runlim] time:			0.17 seconds
[runlim] space:			12.1 MB
[runlim] samples:		2
[runlim] version:		1.10
[runlim] time limit:		311040000 seconds
[runlim] real time limit:	1200 seconds
[runlim] space limit:		15000 MB
[runlim] argv[0]:		/raid/steuber/Software/boolector/build/bin/boolector
[runlim] argv[1]:		/raid/steuber/Benchmarks/2019/QF_BV/sage/app7/bench_5873.smt2
[runlim] start:			Tue May 12 03:33:31 2020
[runlim] main pid:		28893
[BTOR>check_sat] 0.000093 seconds
[runlim] end:			Tue May 12 03:33:31 2020
[runlim] status:		ok
[runlim] result:		0
[runlim] children:		0
[runlim] real:			0.64 seconds
[runlim] time:			0.00 seconds
[runlim] space:			0.0 MB
[runlim] samples:		0
[runlim] version:		1.10
[runlim] time limit:		311040000 seconds
[runlim] real time limit:	1200 seconds
[runlim] space limit:		15000 MB
[runlim] argv[0]:		/raid/steuber/Software/boolector/build/bin/boolector
[runlim] argv[1]:		/raid/steuber/Benchmarks/2019/QF_BV/Sage2/bench_17278.smt2
[runlim] start:			Tue May 12 03:33:31 2020
[runlim] main pid:		28897
[BTOR>check_sat] 4.125258 seconds
[runlim] end:			Tue May 12 03:33:36 2020
[runlim] status:		ok
[runlim] result:		0
[runlim] children:		0
[runlim] real:			5.15 seconds
[runlim] time:			4.46 seconds
[runlim] space:			15.2 MB
[runlim] samples:		45
[runlim] version:		1.10
[runlim] time limit:		311040000 seconds
[runlim] real time limit:	1200 seconds
[runlim] space limit:		15000 MB
[runlim] argv[0]:		/raid/steuber/Software/boolector/build/bin/boolector
[runlim] argv[1]:		/raid/steuber/Benchmarks/2019/QF_BV/Sage2/bench_121.smt2
[runlim] start:			Tue May 12 03:33:36 2020
[runlim] main pid:		28902
[BTOR>check_sat] 1.547900 seconds
[runlim] end:			Tue May 12 03:33:37 2020
[runlim] status:		ok
[runlim] result:		0
[runlim] children:		0
[runlim] real:			1.71 seconds
[runlim] time:			1.48 seconds
[runlim] space:			4.8 MB
[runlim] samples:		15
[runlim] version:		1.10
[runlim] time limit:		311040000 seconds
[runlim] real time limit:	1200 seconds
[runlim] space limit:		15000 MB
[runlim] argv[0]:		/raid/steuber/Software/boolector/build/bin/boolector
[runlim] argv[1]:		/raid/steuber/Benchmarks/2019/QF_BV/sage/app7/bench_693.smt2
[runlim] start:			Tue May 12 03:33:37 2020
[runlim] main pid:		28906
[BTOR>check_sat] 0.000210 seconds
[runlim] end:			Tue May 12 03:33:38 2020
[runlim] status:		ok
[runlim] result:		0
[runlim] children:		0
[runlim] real:			1.99 seconds
[runlim] time:			1.16 seconds
[runlim] space:			41.9 MB
[runlim] samples:		12
[runlim] version:		1.10
[runlim] time limit:		311040000 seconds
[runlim] real time limit:	1200 seconds
[runlim] space limit:		15000 MB
[runlim] argv[0]:		/raid/steuber/Software/boolector/build/bin/boolector
[runlim] argv[1]:		/raid/steuber/Benchmarks/2019/QF_BV/log-slicing/bvsrem_17.smt2
[runlim] start:			Tue May 12 03:33:38 2020
[runlim] main pid:		28910
[runlim] sample:		10.0 time, 11.0 real, 18.4 MB
[runlim] sample:		20.0 time, 21.0 real, 21.9 MB
[runlim] sample:		30.0 time, 31.0 real, 25.2 MB
[runlim] sample:		40.0 time, 41.0 real, 27.7 MB
[runlim] sample:		50.0 time, 51.0 real, 28.2 MB
[runlim] sample:		60.0 time, 61.0 real, 28.5 MB
[runlim] sample:		70.0 time, 71.0 real, 30.4 MB
[runlim] sample:		80.0 time, 81.0 real, 33.1 MB
[runlim] sample:		90.0 time, 91.0 real, 32.9 MB
[runlim] sample:		100.0 time, 101.0 real, 34.8 MB
[runlim] sample:		110.0 time, 111.0 real, 35.8 MB
[runlim] sample:		120.0 time, 121.0 real, 35.1 MB
[runlim] sample:		130.0 time, 131.0 real, 35.4 MB
[runlim] sample:		140.0 time, 141.0 real, 36.2 MB
[runlim] sample:		150.0 time, 151.0 real, 38.4 MB
[runlim] sample:		160.0 time, 161.0 real, 37.5 MB
[runlim] sample:		170.0 time, 171.0 real, 36.6 MB
[runlim] sample:		180.0 time, 181.0 real, 38.6 MB
[runlim] sample:		190.0 time, 191.0 real, 37.8 MB
[runlim] sample:		200.0 time, 201.0 real, 40.3 MB
[runlim] sample:		210.0 time, 211.0 real, 38.3 MB
[runlim] sample:		220.0 time, 221.0 real, 39.9 MB
[runlim] sample:		230.0 time, 231.0 real, 39.5 MB
[runlim] sample:		240.0 time, 241.0 real, 37.7 MB
[runlim] sample:		250.0 time, 251.0 real, 41.3 MB
[runlim] sample:		260.0 time, 261.0 real, 40.4 MB
[runlim] sample:		270.0 time, 271.0 real, 42.0 MB
[runlim] sample:		280.0 time, 281.0 real, 40.4 MB
[runlim] sample:		290.0 time, 291.0 real, 40.6 MB
[runlim] sample:		300.0 time, 301.0 real, 41.5 MB
[runlim] sample:		310.0 time, 311.0 real, 42.5 MB
[runlim] sample:		320.0 time, 321.0 real, 47.5 MB
[runlim] sample:		330.0 time, 331.0 real, 41.0 MB
[runlim] sample:		340.0 time, 341.0 real, 45.1 MB
[runlim] sample:		350.0 time, 351.0 real, 45.5 MB
[runlim] sample:		360.0 time, 361.0 real, 45.4 MB
[runlim] sample:		370.0 time, 371.0 real, 45.1 MB
[runlim] sample:		380.0 time, 381.0 real, 46.2 MB
[runlim] sample:		390.0 time, 391.0 real, 43.9 MB
[runlim] sample:		400.0 time, 401.0 real, 45.7 MB
[runlim] sample:		410.0 time, 411.0 real, 45.1 MB
[runlim] sample:		420.0 time, 421.0 real, 45.3 MB
[runlim] sample:		430.0 time, 431.0 real, 43.8 MB
[runlim] sample:		440.0 time, 441.0 real, 46.1 MB
[runlim] sample:		450.0 time, 451.0 real, 46.0 MB
[runlim] sample:		460.0 time, 461.0 real, 46.8 MB
[runlim] sample:		470.0 time, 471.0 real, 41.9 MB
[runlim] sample:		480.0 time, 481.0 real, 44.0 MB
[runlim] sample:		490.0 time, 491.0 real, 42.8 MB
[runlim] sample:		500.0 time, 501.0 real, 45.9 MB
[runlim] sample:		510.0 time, 511.0 real, 45.6 MB
[runlim] sample:		520.0 time, 521.0 real, 45.7 MB
[runlim] sample:		530.0 time, 531.0 real, 52.3 MB
[runlim] sample:		540.0 time, 541.0 real, 51.0 MB
[runlim] sample:		550.0 time, 551.0 real, 48.2 MB
[runlim] sample:		560.0 time, 561.0 real, 49.9 MB
[runlim] sample:		570.0 time, 571.0 real, 50.8 MB
[runlim] sample:		580.0 time, 581.0 real, 54.7 MB
[runlim] sample:		590.0 time, 591.0 real, 51.5 MB
[runlim] sample:		600.0 time, 601.0 real, 53.8 MB
[runlim] sample:		610.0 time, 611.0 real, 54.4 MB
[runlim] sample:		620.0 time, 621.0 real, 46.7 MB
[runlim] sample:		630.0 time, 631.0 real, 53.1 MB
[runlim] sample:		640.0 time, 641.0 real, 55.9 MB
[runlim] sample:		650.0 time, 651.0 real, 52.2 MB
[runlim] sample:		660.0 time, 661.0 real, 55.5 MB
[runlim] sample:		670.0 time, 671.0 real, 51.2 MB
[runlim] sample:		680.0 time, 681.0 real, 53.3 MB
[runlim] sample:		690.0 time, 691.0 real, 46.3 MB
[runlim] sample:		700.0 time, 701.0 real, 54.8 MB
[runlim] sample:		710.0 time, 711.0 real, 50.7 MB
[runlim] sample:		720.0 time, 721.0 real, 52.5 MB
[runlim] sample:		730.0 time, 731.0 real, 46.1 MB
[runlim] sample:		740.0 time, 741.0 real, 56.5 MB
[runlim] sample:		750.0 time, 751.0 real, 55.6 MB
[runlim] sample:		760.0 time, 761.0 real, 50.8 MB
[runlim] sample:		770.0 time, 771.0 real, 48.9 MB
[runlim] sample:		780.0 time, 781.0 real, 56.7 MB
[runlim] sample:		790.0 time, 791.0 real, 58.3 MB
[runlim] sample:		800.0 time, 801.0 real, 53.0 MB
[runlim] sample:		810.0 time, 811.0 real, 56.2 MB
[runlim] sample:		819.9 time, 821.0 real, 56.9 MB
[runlim] sample:		829.9 time, 831.0 real, 51.7 MB
[runlim] sample:		840.0 time, 841.0 real, 53.0 MB
[runlim] sample:		849.9 time, 851.0 real, 59.1 MB
[runlim] sample:		860.0 time, 861.0 real, 52.4 MB
[runlim] sample:		869.9 time, 871.0 real, 52.7 MB
[runlim] sample:		880.0 time, 881.0 real, 54.8 MB
[runlim] sample:		890.0 time, 891.0 real, 55.5 MB
[runlim] sample:		899.9 time, 901.0 real, 48.6 MB
[runlim] sample:		909.9 time, 911.0 real, 55.0 MB
[runlim] sample:		919.9 time, 921.0 real, 57.1 MB
[runlim] sample:		929.9 time, 931.0 real, 58.9 MB
[runlim] sample:		939.9 time, 941.0 real, 55.4 MB
[runlim] sample:		949.9 time, 951.0 real, 55.0 MB
[runlim] sample:		959.9 time, 961.0 real, 59.6 MB
[runlim] sample:		969.9 time, 971.0 real, 58.3 MB
[runlim] sample:		979.9 time, 981.0 real, 54.5 MB
[runlim] sample:		989.9 time, 991.0 real, 54.3 MB
[runlim] sample:		999.9 time, 1001.0 real, 59.1 MB
[runlim] sample:		1009.9 time, 1011.0 real, 59.3 MB
[runlim] sample:		1019.9 time, 1021.0 real, 56.6 MB
[runlim] sample:		1029.9 time, 1031.0 real, 56.8 MB
[runlim] sample:		1039.9 time, 1041.0 real, 57.2 MB
[runlim] sample:		1049.9 time, 1051.0 real, 52.7 MB
[runlim] sample:		1059.9 time, 1061.0 real, 60.3 MB
[runlim] sample:		1069.9 time, 1071.0 real, 60.1 MB
[runlim] sample:		1079.9 time, 1081.0 real, 58.3 MB
[runlim] sample:		1089.9 time, 1091.0 real, 63.3 MB
[runlim] sample:		1099.9 time, 1101.0 real, 57.4 MB
[runlim] sample:		1109.9 time, 1111.0 real, 61.1 MB
[runlim] sample:		1119.9 time, 1121.0 real, 60.6 MB
[runlim] sample:		1129.9 time, 1131.0 real, 50.6 MB
[runlim] sample:		1139.9 time, 1141.0 real, 55.9 MB
[runlim] sample:		1149.9 time, 1151.0 real, 55.7 MB
[runlim] sample:		1159.9 time, 1161.0 real, 56.8 MB
[runlim] sample:		1169.9 time, 1171.0 real, 56.2 MB
[runlim] sample:		1179.9 time, 1181.0 real, 59.1 MB
[runlim] sample:		1189.9 time, 1191.0 real, 59.2 MB
[runlim] end:			Tue May 12 03:53:38 2020
[runlim] status:		out of time
[runlim] result:		2
[runlim] children:		0
[runlim] real:			1200.02 seconds
[runlim] time:			1198.92 seconds
[runlim] space:			67.7 MB
[runlim] samples:		11990
[runlim] version:		1.10
[runlim] time limit:		311040000 seconds
[runlim] real time limit:	1200 seconds
[runlim] space limit:		15000 MB
[runlim] argv[0]:		/raid/steuber/Software/boolector/build/bin/boolector
[runlim] argv[1]:		/raid/steuber/Benchmarks/2019/QF_BV/Sage2/bench_9724.smt2
[runlim] start:			Tue May 12 03:53:38 2020
[runlim] main pid:		29245
[BTOR>check_sat] 0.049241 seconds
[runlim] end:			Tue May 12 03:53:38 2020
[runlim] status:		ok
[runlim] result:		0
[runlim] children:		0
[runlim] real:			0.13 seconds
[runlim] time:			0.06 seconds
[runlim] space:			0.0 MB
[runlim] samples:		1
[runlim] version:		1.10
[runlim] time limit:		311040000 seconds
[runlim] real time limit:	1200 seconds
[runlim] space limit:		15000 MB
[runlim] argv[0]:		/raid/steuber/Software/boolector/build/bin/boolector
[runlim] argv[1]:		/raid/steuber/Benchmarks/2019/QF_BV/Sage2/bench_13554.smt2
[runlim] start:			Tue May 12 03:53:38 2020
[runlim] main pid:		29249
[BTOR>check_sat] 2.300561 seconds
[runlim] end:			Tue May 12 03:53:40 2020
[runlim] status:		ok
[runlim] result:		0
[runlim] children:		0
[runlim] real:			2.49 seconds
[runlim] time:			2.27 seconds
[runlim] space:			23.6 MB
[runlim] samples:		23
[runlim] version:		1.10
[runlim] time limit:		311040000 seconds
[runlim] real time limit:	1200 seconds
[runlim] space limit:		15000 MB
[runlim] argv[0]:		/raid/steuber/Software/boolector/build/bin/boolector
[runlim] argv[1]:		/raid/steuber/Benchmarks/2019/QF_BV/Sage2/bench_16769.smt2
[runlim] start:			Tue May 12 03:53:40 2020
[runlim] main pid:		29253
[BTOR>check_sat] 0.323840 seconds
[runlim] end:			Tue May 12 03:53:40 2020
[runlim] status:		ok
[runlim] result:		0
[runlim] children:		0
[runlim] real:			0.84 seconds
[runlim] time:			0.28 seconds
[runlim] space:			6.0 MB
[runlim] samples:		3
[runlim] version:		1.10
[runlim] time limit:		311040000 seconds
[runlim] real time limit:	1200 seconds
[runlim] space limit:		15000 MB
[runlim] argv[0]:		/raid/steuber/Software/boolector/build/bin/boolector
[runlim] argv[1]:		/raid/steuber/Benchmarks/2019/QF_BV/sage/app7/bench_1671.smt2
[runlim] start:			Tue May 12 03:53:40 2020
[runlim] main pid:		29257
[BTOR>check_sat] 0.000192 seconds
[runlim] end:			Tue May 12 03:53:41 2020
[runlim] status:		ok
[runlim] result:		0
[runlim] children:		0
[runlim] real:			1.38 seconds
[runlim] time:			0.47 seconds
[runlim] space:			24.9 MB
[runlim] samples:		5
[runlim] version:		1.10
[runlim] time limit:		311040000 seconds
[runlim] real time limit:	1200 seconds
[runlim] space limit:		15000 MB
[runlim] argv[0]:		/raid/steuber/Software/boolector/build/bin/boolector
[runlim] argv[1]:		/raid/steuber/Benchmarks/2019/QF_BV/sage/app7/bench_4993.smt2
[runlim] start:			Tue May 12 03:53:41 2020
[runlim] main pid:		29261
[BTOR>check_sat] 0.000376 seconds
[runlim] end:			Tue May 12 03:53:41 2020
[runlim] status:		ok
[runlim] result:		0
[runlim] children:		0
[runlim] real:			0.52 seconds
[runlim] time:			0.06 seconds
[runlim] space:			6.1 MB
[runlim] samples:		1
[runlim] version:		1.10
[runlim] time limit:		311040000 seconds
[runlim] real time limit:	1200 seconds
[runlim] space limit:		15000 MB
[runlim] argv[0]:		/raid/steuber/Software/boolector/build/bin/boolector
[runlim] argv[1]:		/raid/steuber/Benchmarks/2019/QF_BV/sage/app8/bench_981.smt2
[runlim] start:			Tue May 12 03:53:41 2020
[runlim] main pid:		29265
[BTOR>check_sat] 0.002100 seconds
[runlim] end:			Tue May 12 03:53:41 2020
[runlim] status:		ok
[runlim] result:		0
[runlim] children:		0
[runlim] real:			0.54 seconds
[runlim] time:			0.00 seconds
[runlim] space:			0.0 MB
[runlim] samples:		0
[runlim] version:		1.10
[runlim] time limit:		311040000 seconds
[runlim] real time limit:	1200 seconds
[runlim] space limit:		15000 MB
[runlim] argv[0]:		/raid/steuber/Software/boolector/build/bin/boolector
[runlim] argv[1]:		/raid/steuber/Benchmarks/2019/QF_BV/Sage2/bench_11891.smt2
[runlim] start:			Tue May 12 03:53:41 2020
[runlim] main pid:		29269
[BTOR>check_sat] 0.119136 seconds
[runlim] end:			Tue May 12 03:53:41 2020
[runlim] status:		ok
[runlim] result:		0
[runlim] children:		0
[runlim] real:			0.69 seconds
[runlim] time:			0.07 seconds
[runlim] space:			3.2 MB
[runlim] samples:		1
[runlim] version:		1.10
[runlim] time limit:		311040000 seconds
[runlim] real time limit:	1200 seconds
[runlim] space limit:		15000 MB
[runlim] argv[0]:		/raid/steuber/Software/boolector/build/bin/boolector
[runlim] argv[1]:		/raid/steuber/Benchmarks/2019/QF_BV/sage/app7/bench_5827.smt2
[runlim] start:			Tue May 12 03:53:41 2020
[runlim] main pid:		29273
[BTOR>check_sat] 0.000094 seconds
[runlim] end:			Tue May 12 03:53:41 2020
[runlim] status:		ok
[runlim] result:		0
[runlim] children:		0
[runlim] real:			0.73 seconds
[runlim] time:			0.00 seconds
[runlim] space:			0.0 MB
[runlim] samples:		0
[runlim] version:		1.10
[runlim] time limit:		311040000 seconds
[runlim] real time limit:	1200 seconds
[runlim] space limit:		15000 MB
[runlim] argv[0]:		/raid/steuber/Software/boolector/build/bin/boolector
[runlim] argv[1]:		/raid/steuber/Benchmarks/2019/QF_BV/sage/app9/bench_3142.smt2
[runlim] start:			Tue May 12 03:53:41 2020
[runlim] main pid:		29277
[BTOR>check_sat] 0.056177 seconds
[runlim] end:			Tue May 12 03:53:41 2020
[runlim] status:		ok
[runlim] result:		0
[runlim] children:		0
[runlim] real:			0.83 seconds
[runlim] time:			0.00 seconds
[runlim] space:			0.0 MB
[runlim] samples:		0
[runlim] version:		1.10
[runlim] time limit:		311040000 seconds
[runlim] real time limit:	1200 seconds
[runlim] space limit:		15000 MB
[runlim] argv[0]:		/raid/steuber/Software/boolector/build/bin/boolector
[runlim] argv[1]:		/raid/steuber/Benchmarks/2019/QF_BV/sage/app2/bench_273.smt2
[runlim] start:			Tue May 12 03:53:41 2020
[runlim] main pid:		29281
[BTOR>check_sat] 0.027647 seconds
[runlim] end:			Tue May 12 03:53:41 2020
[runlim] status:		ok
[runlim] result:		0
[runlim] children:		0
[runlim] real:			0.87 seconds
[runlim] time:			0.00 seconds
[runlim] space:			0.0 MB
[runlim] samples:		0
[runlim] version:		1.10
[runlim] time limit:		311040000 seconds
[runlim] real time limit:	1200 seconds
[runlim] space limit:		15000 MB
[runlim] argv[0]:		/raid/steuber/Software/boolector/build/bin/boolector
[runlim] argv[1]:		/raid/steuber/Benchmarks/2019/QF_BV/sage/app8/bench_709.smt2
[runlim] start:			Tue May 12 03:53:41 2020
[runlim] main pid:		29285
[BTOR>check_sat] 0.034954 seconds
[runlim] end:			Tue May 12 03:53:41 2020
[runlim] status:		ok
[runlim] result:		0
[runlim] children:		0
[runlim] real:			0.93 seconds
[runlim] time:			0.00 seconds
[runlim] space:			0.0 MB
[runlim] samples:		0
[runlim] version:		1.10
[runlim] time limit:		311040000 seconds
[runlim] real time limit:	1200 seconds
[runlim] space limit:		15000 MB
[runlim] argv[0]:		/raid/steuber/Software/boolector/build/bin/boolector
[runlim] argv[1]:		/raid/steuber/Benchmarks/2019/QF_BV/sage/app8/bench_3343.smt2
[runlim] start:			Tue May 12 03:53:41 2020
[runlim] main pid:		29289
[BTOR>check_sat] 0.007756 seconds
[runlim] end:			Tue May 12 03:53:41 2020
[runlim] status:		ok
[runlim] result:		0
[runlim] children:		0
[runlim] real:			0.97 seconds
[runlim] time:			0.00 seconds
[runlim] space:			0.0 MB
[runlim] samples:		0
[runlim] version:		1.10
[runlim] time limit:		311040000 seconds
[runlim] real time limit:	1200 seconds
[runlim] space limit:		15000 MB
[runlim] argv[0]:		/raid/steuber/Software/boolector/build/bin/boolector
[runlim] argv[1]:		/raid/steuber/Benchmarks/2019/QF_BV/sage/app12/bench_428.smt2
[runlim] start:			Tue May 12 03:53:41 2020
[runlim] main pid:		29293
[BTOR>check_sat] 0.000025 seconds
[runlim] end:			Tue May 12 03:53:41 2020
[runlim] status:		ok
[runlim] result:		0
[runlim] children:		0
[runlim] real:			0.98 seconds
[runlim] time:			0.00 seconds
[runlim] space:			0.0 MB
[runlim] samples:		0
[runlim] version:		1.10
[runlim] time limit:		311040000 seconds
[runlim] real time limit:	1200 seconds
[runlim] space limit:		15000 MB
[runlim] argv[0]:		/raid/steuber/Software/boolector/build/bin/boolector
[runlim] argv[1]:		/raid/steuber/Benchmarks/2019/QF_BV/sage/app7/bench_2709.smt2
[runlim] start:			Tue May 12 03:53:41 2020
[runlim] main pid:		29297
[BTOR>check_sat] 0.000130 seconds
[runlim] end:			Tue May 12 03:53:42 2020
[runlim] status:		ok
[runlim] result:		0
[runlim] children:		0
[runlim] real:			1.24 seconds
[runlim] time:			0.17 seconds
[runlim] space:			11.6 MB
[runlim] samples:		2
[runlim] version:		1.10
[runlim] time limit:		311040000 seconds
[runlim] real time limit:	1200 seconds
[runlim] space limit:		15000 MB
[runlim] argv[0]:		/raid/steuber/Software/boolector/build/bin/boolector
[runlim] argv[1]:		/raid/steuber/Benchmarks/2019/QF_BV/sage/app1/bench_2671.smt2
[runlim] start:			Tue May 12 03:53:42 2020
[runlim] main pid:		29301
[BTOR>check_sat] 0.006592 seconds
[runlim] end:			Tue May 12 03:53:42 2020
[runlim] status:		ok
[runlim] result:		0
[runlim] children:		0
[runlim] real:			0.27 seconds
[runlim] time:			0.00 seconds
[runlim] space:			0.0 MB
[runlim] samples:		0
[runlim] version:		1.10
[runlim] time limit:		311040000 seconds
[runlim] real time limit:	1200 seconds
[runlim] space limit:		15000 MB
[runlim] argv[0]:		/raid/steuber/Software/boolector/build/bin/boolector
[runlim] argv[1]:		/raid/steuber/Benchmarks/2019/QF_BV/galois/iffyInterleavedModMult-128.smt2
[runlim] start:			Tue May 12 03:53:42 2020
[runlim] main pid:		29305
[runlim] sample:		9.9 time, 10.3 real, 414.7 MB
[runlim] sample:		19.9 time, 20.3 real, 422.0 MB
[runlim] sample:		29.9 time, 30.3 real, 424.3 MB
[runlim] sample:		40.0 time, 40.3 real, 510.7 MB
[runlim] sample:		50.0 time, 50.3 real, 476.8 MB
[runlim] sample:		59.9 time, 60.3 real, 476.8 MB
[runlim] sample:		70.0 time, 70.3 real, 425.1 MB
[runlim] sample:		79.9 time, 80.3 real, 454.6 MB
[runlim] sample:		89.9 time, 90.3 real, 365.2 MB
[runlim] sample:		99.9 time, 100.3 real, 485.3 MB
[runlim] sample:		109.9 time, 110.3 real, 534.8 MB
[runlim] sample:		119.9 time, 120.3 real, 534.8 MB
[runlim] sample:		129.9 time, 130.3 real, 727.4 MB
[runlim] sample:		139.9 time, 140.3 real, 727.4 MB
[runlim] sample:		149.9 time, 150.3 real, 727.4 MB
[runlim] sample:		159.9 time, 160.3 real, 727.4 MB
[runlim] sample:		169.9 time, 170.3 real, 666.1 MB
[runlim] sample:		179.9 time, 180.3 real, 477.3 MB
[runlim] sample:		189.9 time, 190.3 real, 477.3 MB
[runlim] sample:		199.9 time, 200.3 real, 404.6 MB
[runlim] sample:		209.9 time, 210.3 real, 535.9 MB
[runlim] sample:		219.9 time, 220.3 real, 535.9 MB
[runlim] sample:		229.9 time, 230.3 real, 535.9 MB
[runlim] sample:		239.9 time, 240.3 real, 478.4 MB
[runlim] sample:		249.9 time, 250.3 real, 482.6 MB
[runlim] sample:		259.9 time, 260.3 real, 482.6 MB
[runlim] sample:		269.9 time, 270.3 real, 439.7 MB
[runlim] sample:		279.9 time, 280.3 real, 481.1 MB
[runlim] sample:		289.9 time, 290.3 real, 481.1 MB
[runlim] sample:		299.9 time, 300.3 real, 481.1 MB
[runlim] sample:		309.9 time, 310.3 real, 481.7 MB
[runlim] sample:		319.9 time, 320.3 real, 535.5 MB
[runlim] sample:		329.9 time, 330.3 real, 535.5 MB
[runlim] sample:		339.9 time, 340.3 real, 535.5 MB
[runlim] sample:		349.9 time, 350.3 real, 535.5 MB
[runlim] sample:		359.9 time, 360.3 real, 483.7 MB
[runlim] sample:		369.9 time, 370.3 real, 483.7 MB
[runlim] sample:		379.9 time, 380.3 real, 483.7 MB
[runlim] sample:		389.9 time, 390.3 real, 483.7 MB
[runlim] sample:		399.9 time, 400.3 real, 483.7 MB
[runlim] sample:		409.9 time, 410.3 real, 484.7 MB
[runlim] sample:		419.9 time, 420.3 real, 483.1 MB
[runlim] sample:		429.9 time, 430.3 real, 483.1 MB
[runlim] sample:		439.9 time, 440.3 real, 483.1 MB
[runlim] sample:		449.9 time, 450.3 real, 483.1 MB
[runlim] sample:		459.9 time, 460.3 real, 483.1 MB
[runlim] sample:		469.9 time, 470.3 real, 483.5 MB
[runlim] sample:		479.9 time, 480.3 real, 484.6 MB
[runlim] sample:		489.9 time, 490.3 real, 484.6 MB
[runlim] sample:		499.9 time, 500.3 real, 484.6 MB
[runlim] sample:		509.9 time, 510.3 real, 484.6 MB
[runlim] sample:		519.9 time, 520.3 real, 422.8 MB
[runlim] sample:		529.9 time, 530.3 real, 482.9 MB
[runlim] sample:		539.9 time, 540.3 real, 537.3 MB
[runlim] sample:		549.9 time, 550.3 real, 537.3 MB
[runlim] sample:		559.9 time, 560.3 real, 484.1 MB
[runlim] sample:		569.9 time, 570.3 real, 484.1 MB
[runlim] sample:		579.9 time, 580.3 real, 484.1 MB
[runlim] sample:		589.9 time, 590.3 real, 484.1 MB
[runlim] sample:		599.9 time, 600.3 real, 484.1 MB
[runlim] sample:		609.9 time, 610.3 real, 484.1 MB
[runlim] sample:		619.9 time, 620.3 real, 484.1 MB
[runlim] sample:		629.9 time, 630.3 real, 484.1 MB
[runlim] sample:		639.9 time, 640.3 real, 484.1 MB
[runlim] sample:		649.9 time, 650.3 real, 484.1 MB
[runlim] sample:		659.9 time, 660.3 real, 484.1 MB
[runlim] sample:		669.8 time, 670.3 real, 485.4 MB
[runlim] sample:		679.9 time, 680.3 real, 484.6 MB
[runlim] sample:		689.8 time, 690.3 real, 484.6 MB
[runlim] sample:		699.8 time, 700.3 real, 484.6 MB
[runlim] sample:		709.8 time, 710.3 real, 484.6 MB
[runlim] sample:		719.8 time, 720.3 real, 484.6 MB
[runlim] sample:		729.8 time, 730.3 real, 484.6 MB
[runlim] sample:		739.8 time, 740.3 real, 484.6 MB
[runlim] sample:		749.8 time, 750.3 real, 484.6 MB
[runlim] sample:		759.8 time, 760.3 real, 484.6 MB
[runlim] sample:		769.8 time, 770.3 real, 484.6 MB
[runlim] sample:		779.8 time, 780.3 real, 484.6 MB
[runlim] sample:		789.8 time, 790.3 real, 485.4 MB
[runlim] sample:		799.8 time, 800.3 real, 485.4 MB
[runlim] sample:		809.8 time, 810.3 real, 485.4 MB
[runlim] sample:		819.8 time, 820.3 real, 485.4 MB
[runlim] sample:		829.8 time, 830.3 real, 485.4 MB
[runlim] sample:		839.8 time, 840.3 real, 485.4 MB
[runlim] sample:		849.8 time, 850.3 real, 485.4 MB
[runlim] sample:		859.8 time, 860.3 real, 485.4 MB
[runlim] sample:		869.8 time, 870.3 real, 485.4 MB
[runlim] sample:		879.8 time, 880.3 real, 485.4 MB
[runlim] sample:		889.8 time, 890.3 real, 485.4 MB
[runlim] sample:		899.8 time, 900.3 real, 485.4 MB
[runlim] sample:		909.8 time, 910.3 real, 501.4 MB
[runlim] sample:		919.8 time, 920.3 real, 501.4 MB
[runlim] sample:		929.8 time, 930.3 real, 501.4 MB
[runlim] sample:		939.8 time, 940.3 real, 501.3 MB
[runlim] sample:		949.8 time, 950.3 real, 504.3 MB
[runlim] sample:		959.8 time, 960.3 real, 504.3 MB
[runlim] sample:		969.8 time, 970.3 real, 504.3 MB
[runlim] sample:		979.8 time, 980.3 real, 504.3 MB
[runlim] sample:		989.8 time, 990.3 real, 504.3 MB
[runlim] sample:		999.8 time, 1000.3 real, 504.3 MB
[runlim] sample:		1009.8 time, 1010.3 real, 504.3 MB
[runlim] sample:		1019.8 time, 1020.3 real, 504.3 MB
[runlim] sample:		1029.8 time, 1030.3 real, 504.3 MB
[runlim] sample:		1039.8 time, 1040.3 real, 504.3 MB
[runlim] sample:		1049.8 time, 1050.3 real, 504.3 MB
[runlim] sample:		1059.8 time, 1060.3 real, 504.3 MB
[runlim] sample:		1069.8 time, 1070.3 real, 504.3 MB
[runlim] sample:		1079.8 time, 1080.3 real, 504.3 MB
[runlim] sample:		1089.8 time, 1090.3 real, 504.3 MB
[runlim] sample:		1099.8 time, 1100.3 real, 504.3 MB
[runlim] sample:		1109.8 time, 1110.3 real, 504.3 MB
[runlim] sample:		1119.8 time, 1120.3 real, 504.3 MB
[runlim] sample:		1129.8 time, 1130.3 real, 504.3 MB
[runlim] sample:		1139.8 time, 1140.3 real, 504.3 MB
[runlim] sample:		1149.8 time, 1150.3 real, 504.3 MB
[runlim] sample:		1159.8 time, 1160.3 real, 504.3 MB
[runlim] sample:		1169.8 time, 1170.3 real, 504.3 MB
[runlim] sample:		1179.8 time, 1180.3 real, 507.0 MB
[runlim] sample:		1189.8 time, 1190.3 real, 506.8 MB
[runlim] end:			Tue May 12 04:13:42 2020
[runlim] status:		out of time
[runlim] result:		2
[runlim] children:		0
[runlim] real:			1200.12 seconds
[runlim] time:			1199.56 seconds
[runlim] space:			803.6 MB
[runlim] samples:		11998
[runlim] version:		1.10
[runlim] time limit:		311040000 seconds
[runlim] real time limit:	1200 seconds
[runlim] space limit:		15000 MB
[runlim] argv[0]:		/raid/steuber/Software/boolector/build/bin/boolector
[runlim] argv[1]:		/raid/steuber/Benchmarks/2019/QF_BV/sage/app1/bench_2363.smt2
[runlim] start:			Tue May 12 04:13:42 2020
[runlim] main pid:		29535
[BTOR>check_sat] 0.000059 seconds
[runlim] end:			Tue May 12 04:13:42 2020
[runlim] status:		ok
[runlim] result:		0
[runlim] children:		0
[runlim] real:			0.16 seconds
[runlim] time:			0.00 seconds
[runlim] space:			0.0 MB
[runlim] samples:		0
[runlim] version:		1.10
[runlim] time limit:		311040000 seconds
[runlim] real time limit:	1200 seconds
[runlim] space limit:		15000 MB
[runlim] argv[0]:		/raid/steuber/Software/boolector/build/bin/boolector
[runlim] argv[1]:		/raid/steuber/Benchmarks/2019/QF_BV/sage/app2/bench_1144.smt2
[runlim] start:			Tue May 12 04:13:42 2020
[runlim] main pid:		29539
[BTOR>check_sat] 0.000054 seconds
[runlim] end:			Tue May 12 04:13:42 2020
[runlim] status:		ok
[runlim] result:		0
[runlim] children:		0
[runlim] real:			0.21 seconds
[runlim] time:			0.00 seconds
[runlim] space:			0.0 MB
[runlim] samples:		0
[runlim] version:		1.10
[runlim] time limit:		311040000 seconds
[runlim] real time limit:	1200 seconds
[runlim] space limit:		15000 MB
[runlim] argv[0]:		/raid/steuber/Software/boolector/build/bin/boolector
[runlim] argv[1]:		/raid/steuber/Benchmarks/2019/QF_BV/sage/app9/bench_218.smt2
[runlim] start:			Tue May 12 04:13:42 2020
[runlim] main pid:		29543
[BTOR>check_sat] 0.002882 seconds
[runlim] end:			Tue May 12 04:13:42 2020
[runlim] status:		ok
[runlim] result:		0
[runlim] children:		0
[runlim] real:			0.23 seconds
[runlim] time:			0.00 seconds
[runlim] space:			0.0 MB
[runlim] samples:		0
[runlim] version:		1.10
[runlim] time limit:		311040000 seconds
[runlim] real time limit:	1200 seconds
[runlim] space limit:		15000 MB
[runlim] argv[0]:		/raid/steuber/Software/boolector/build/bin/boolector
[runlim] argv[1]:		/raid/steuber/Benchmarks/2019/QF_BV/Sage2/bench_9844.smt2
[runlim] start:			Tue May 12 04:13:42 2020
[runlim] main pid:		29547
[BTOR>check_sat] 2.859917 seconds
[runlim] end:			Tue May 12 04:13:45 2020
[runlim] status:		ok
[runlim] result:		0
[runlim] children:		0
[runlim] real:			3.60 seconds
[runlim] time:			3.27 seconds
[runlim] space:			332.4 MB
[runlim] samples:		33
[runlim] version:		1.10
[runlim] time limit:		311040000 seconds
[runlim] real time limit:	1200 seconds
[runlim] space limit:		15000 MB
[runlim] argv[0]:		/raid/steuber/Software/boolector/build/bin/boolector
[runlim] argv[1]:		/raid/steuber/Benchmarks/2019/QF_BV/sage/app2/bench_752.smt2
[runlim] start:			Tue May 12 04:13:45 2020
[runlim] main pid:		29552
[BTOR>check_sat] 0.000087 seconds
[runlim] end:			Tue May 12 04:13:45 2020
[runlim] status:		ok
[runlim] result:		0
[runlim] children:		0
[runlim] real:			0.74 seconds
[runlim] time:			0.07 seconds
[runlim] space:			7.4 MB
[runlim] samples:		1
[runlim] version:		1.10
[runlim] time limit:		311040000 seconds
[runlim] real time limit:	1200 seconds
[runlim] space limit:		15000 MB
[runlim] argv[0]:		/raid/steuber/Software/boolector/build/bin/boolector
[runlim] argv[1]:		/raid/steuber/Benchmarks/2019/QF_BV/sage/app1/bench_105.smt2
[runlim] start:			Tue May 12 04:13:45 2020
[runlim] main pid:		29556
[BTOR>check_sat] 0.000023 seconds
[runlim] end:			Tue May 12 04:13:45 2020
[runlim] status:		ok
[runlim] result:		0
[runlim] children:		0
[runlim] real:			0.77 seconds
[runlim] time:			0.00 seconds
[runlim] space:			0.0 MB
[runlim] samples:		0
[runlim] version:		1.10
[runlim] time limit:		311040000 seconds
[runlim] real time limit:	1200 seconds
[runlim] space limit:		15000 MB
[runlim] argv[0]:		/raid/steuber/Software/boolector/build/bin/boolector
[runlim] argv[1]:		/raid/steuber/Benchmarks/2019/QF_BV/sage/app1/bench_803.smt2
[runlim] start:			Tue May 12 04:13:45 2020
[runlim] main pid:		29560
[BTOR>check_sat] 0.000096 seconds
[runlim] end:			Tue May 12 04:13:45 2020
[runlim] status:		ok
[runlim] result:		0
[runlim] children:		0
[runlim] real:			0.80 seconds
[runlim] time:			0.00 seconds
[runlim] space:			0.0 MB
[runlim] samples:		0
[runlim] version:		1.10
[runlim] time limit:		311040000 seconds
[runlim] real time limit:	1200 seconds
[runlim] space limit:		15000 MB
[runlim] argv[0]:		/raid/steuber/Software/boolector/build/bin/boolector
[runlim] argv[1]:		/raid/steuber/Benchmarks/2019/QF_BV/sage/app8/bench_3286.smt2
[runlim] start:			Tue May 12 04:13:45 2020
[runlim] main pid:		29564
[BTOR>check_sat] 0.007711 seconds
[runlim] end:			Tue May 12 04:13:45 2020
[runlim] status:		ok
[runlim] result:		0
[runlim] children:		0
[runlim] real:			0.84 seconds
[runlim] time:			0.00 seconds
[runlim] space:			0.0 MB
[runlim] samples:		0
[runlim] version:		1.10
[runlim] time limit:		311040000 seconds
[runlim] real time limit:	1200 seconds
[runlim] space limit:		15000 MB
[runlim] argv[0]:		/raid/steuber/Software/boolector/build/bin/boolector
[runlim] argv[1]:		/raid/steuber/Benchmarks/2019/QF_BV/sage/app7/bench_6413.smt2
[runlim] start:			Tue May 12 04:13:45 2020
[runlim] main pid:		29568
[BTOR>check_sat] 0.000263 seconds
[runlim] end:			Tue May 12 04:13:47 2020
[runlim] status:		ok
[runlim] result:		0
[runlim] children:		0
[runlim] real:			2.26 seconds
[runlim] time:			1.36 seconds
[runlim] space:			47.1 MB
[runlim] samples:		14
[runlim] version:		1.10
[runlim] time limit:		311040000 seconds
[runlim] real time limit:	1200 seconds
[runlim] space limit:		15000 MB
[runlim] argv[0]:		/raid/steuber/Software/boolector/build/bin/boolector
[runlim] argv[1]:		/raid/steuber/Benchmarks/2019/QF_BV/sage/app7/bench_106.smt2
[runlim] start:			Tue May 12 04:13:47 2020
[runlim] main pid:		29572
[BTOR>check_sat] 0.000242 seconds
[runlim] end:			Tue May 12 04:13:48 2020
[runlim] status:		ok
[runlim] result:		0
[runlim] children:		0
[runlim] real:			1.68 seconds
[runlim] time:			1.37 seconds
[runlim] space:			45.7 MB
[runlim] samples:		14
[runlim] version:		1.10
[runlim] time limit:		311040000 seconds
[runlim] real time limit:	1200 seconds
[runlim] space limit:		15000 MB
[runlim] argv[0]:		/raid/steuber/Software/boolector/build/bin/boolector
[runlim] argv[1]:		/raid/steuber/Benchmarks/2019/QF_BV/sage/app1/bench_2519.smt2
[runlim] start:			Tue May 12 04:13:48 2020
[runlim] main pid:		29576
[BTOR>check_sat] 0.396118 seconds
[runlim] end:			Tue May 12 04:13:49 2020
[runlim] status:		ok
[runlim] result:		0
[runlim] children:		0
[runlim] real:			1.13 seconds
[runlim] time:			0.38 seconds
[runlim] space:			54.6 MB
[runlim] samples:		4
[runlim] version:		1.10
[runlim] time limit:		311040000 seconds
[runlim] real time limit:	1200 seconds
[runlim] space limit:		15000 MB
[runlim] argv[0]:		/raid/steuber/Software/boolector/build/bin/boolector
[runlim] argv[1]:		/raid/steuber/Benchmarks/2019/QF_BV/sage/app11/bench_265.smt2
[runlim] start:			Tue May 12 04:13:49 2020
[runlim] main pid:		29580
[BTOR>check_sat] 0.000276 seconds
[runlim] end:			Tue May 12 04:13:49 2020
[runlim] status:		ok
[runlim] result:		0
[runlim] children:		0
[runlim] real:			0.65 seconds
[runlim] time:			0.46 seconds
[runlim] space:			28.4 MB
[runlim] samples:		5
[runlim] version:		1.10
[runlim] time limit:		311040000 seconds
[runlim] real time limit:	1200 seconds
[runlim] space limit:		15000 MB
[runlim] argv[0]:		/raid/steuber/Software/boolector/build/bin/boolector
[runlim] argv[1]:		/raid/steuber/Benchmarks/2019/QF_BV/sage/app9/bench_3250.smt2
[runlim] start:			Tue May 12 04:13:49 2020
[runlim] main pid:		29584
[BTOR>check_sat] 0.049656 seconds
[runlim] end:			Tue May 12 04:13:49 2020
[runlim] status:		ok
[runlim] result:		0
[runlim] children:		0
[runlim] real:			0.74 seconds
[runlim] time:			0.00 seconds
[runlim] space:			0.0 MB
[runlim] samples:		0
[runlim] version:		1.10
[runlim] time limit:		311040000 seconds
[runlim] real time limit:	1200 seconds
[runlim] space limit:		15000 MB
[runlim] argv[0]:		/raid/steuber/Software/boolector/build/bin/boolector
[runlim] argv[1]:		/raid/steuber/Benchmarks/2019/QF_BV/Sage2/bench_15359.smt2
[runlim] start:			Tue May 12 04:13:49 2020
[runlim] main pid:		29588
[BTOR>check_sat] 0.000343 seconds
[runlim] end:			Tue May 12 04:13:49 2020
[runlim] status:		ok
[runlim] result:		0
[runlim] children:		0
[runlim] real:			0.75 seconds
[runlim] time:			0.00 seconds
[runlim] space:			0.0 MB
[runlim] samples:		0
[runlim] version:		1.10
[runlim] time limit:		311040000 seconds
[runlim] real time limit:	1200 seconds
[runlim] space limit:		15000 MB
[runlim] argv[0]:		/raid/steuber/Software/boolector/build/bin/boolector
[runlim] argv[1]:		/raid/steuber/Benchmarks/2019/QF_BV/sage/app7/bench_5121.smt2
[runlim] start:			Tue May 12 04:13:49 2020
[runlim] main pid:		29592
[BTOR>check_sat] 0.000210 seconds
[runlim] end:			Tue May 12 04:13:49 2020
[runlim] status:		ok
[runlim] result:		0
[runlim] children:		0
[runlim] real:			0.84 seconds
[runlim] time:			0.00 seconds
[runlim] space:			0.0 MB
[runlim] samples:		0
[runlim] version:		1.10
[runlim] time limit:		311040000 seconds
[runlim] real time limit:	1200 seconds
[runlim] space limit:		15000 MB
[runlim] argv[0]:		/raid/steuber/Software/boolector/build/bin/boolector
[runlim] argv[1]:		/raid/steuber/Benchmarks/2019/QF_BV/sage/app8/bench_3420.smt2
[runlim] start:			Tue May 12 04:13:49 2020
[runlim] main pid:		29596
[BTOR>check_sat] 0.000050 seconds
[runlim] end:			Tue May 12 04:13:49 2020
[runlim] status:		ok
[runlim] result:		0
[runlim] children:		0
[runlim] real:			0.86 seconds
[runlim] time:			0.00 seconds
[runlim] space:			0.0 MB
[runlim] samples:		0
[runlim] version:		1.10
[runlim] time limit:		311040000 seconds
[runlim] real time limit:	1200 seconds
[runlim] space limit:		15000 MB
[runlim] argv[0]:		/raid/steuber/Software/boolector/build/bin/boolector
[runlim] argv[1]:		/raid/steuber/Benchmarks/2019/QF_BV/sage/app1/bench_2397.smt2
[runlim] start:			Tue May 12 04:13:49 2020
[runlim] main pid:		29600
[BTOR>check_sat] 0.380181 seconds
[runlim] end:			Tue May 12 04:13:50 2020
[runlim] status:		ok
[runlim] result:		0
[runlim] children:		0
[runlim] real:			1.29 seconds
[runlim] time:			0.38 seconds
[runlim] space:			55.2 MB
[runlim] samples:		4
[runlim] version:		1.10
[runlim] time limit:		311040000 seconds
[runlim] real time limit:	1200 seconds
[runlim] space limit:		15000 MB
[runlim] argv[0]:		/raid/steuber/Software/boolector/build/bin/boolector
[runlim] argv[1]:		/raid/steuber/Benchmarks/2019/QF_BV/sage/app1/bench_1872.smt2
[runlim] start:			Tue May 12 04:13:50 2020
[runlim] main pid:		29604
[BTOR>check_sat] 0.000039 seconds
[runlim] end:			Tue May 12 04:13:50 2020
[runlim] status:		ok
[runlim] result:		0
[runlim] children:		0
[runlim] real:			0.31 seconds
[runlim] time:			0.00 seconds
[runlim] space:			0.0 MB
[runlim] samples:		0
[runlim] version:		1.10
[runlim] time limit:		311040000 seconds
[runlim] real time limit:	1200 seconds
[runlim] space limit:		15000 MB
[runlim] argv[0]:		/raid/steuber/Software/boolector/build/bin/boolector
[runlim] argv[1]:		/raid/steuber/Benchmarks/2019/QF_BV/Sage2/bench_17551.smt2
[runlim] start:			Tue May 12 04:13:50 2020
[runlim] main pid:		29608
[runlim] sample:		10.0 time, 10.3 real, 9.8 MB
[BTOR>check_sat] 12.602734 seconds
[runlim] end:			Tue May 12 04:14:02 2020
[runlim] status:		ok
[runlim] result:		0
[runlim] children:		0
[runlim] real:			12.94 seconds
[runlim] time:			12.58 seconds
[runlim] space:			10.6 MB
[runlim] samples:		126
[runlim] version:		1.10
[runlim] time limit:		311040000 seconds
[runlim] real time limit:	1200 seconds
[runlim] space limit:		15000 MB
[runlim] argv[0]:		/raid/steuber/Software/boolector/build/bin/boolector
[runlim] argv[1]:		/raid/steuber/Benchmarks/2019/QF_BV/Sage2/bench_17521.smt2
[runlim] start:			Tue May 12 04:14:02 2020
[runlim] main pid:		29619
[BTOR>check_sat] 2.978146 seconds
[runlim] end:			Tue May 12 04:14:05 2020
[runlim] status:		ok
[runlim] result:		0
[runlim] children:		0
[runlim] real:			3.98 seconds
[runlim] time:			2.95 seconds
[runlim] space:			28.3 MB
[runlim] samples:		30
[runlim] version:		1.10
[runlim] time limit:		311040000 seconds
[runlim] real time limit:	1200 seconds
[runlim] space limit:		15000 MB
[runlim] argv[0]:		/raid/steuber/Software/boolector/build/bin/boolector
[runlim] argv[1]:		/raid/steuber/Benchmarks/2019/QF_BV/sage/app7/bench_754.smt2
[runlim] start:			Tue May 12 04:14:05 2020
[runlim] main pid:		29623
[BTOR>check_sat] 0.000364 seconds
[runlim] end:			Tue May 12 04:14:07 2020
[runlim] status:		ok
[runlim] result:		0
[runlim] children:		0
[runlim] real:			2.22 seconds
[runlim] time:			1.17 seconds
[runlim] space:			40.9 MB
[runlim] samples:		12
[runlim] version:		1.10
[runlim] time limit:		311040000 seconds
[runlim] real time limit:	1200 seconds
[runlim] space limit:		15000 MB
[runlim] argv[0]:		/raid/steuber/Software/boolector/build/bin/boolector
[runlim] argv[1]:		/raid/steuber/Benchmarks/2019/QF_BV/sage/app11/bench_299.smt2
[runlim] start:			Tue May 12 04:14:07 2020
[runlim] main pid:		29627
[BTOR>check_sat] 0.000267 seconds
[runlim] end:			Tue May 12 04:14:07 2020
[runlim] status:		ok
[runlim] result:		0
[runlim] children:		0
[runlim] real:			0.72 seconds
[runlim] time:			0.38 seconds
[runlim] space:			29.6 MB
[runlim] samples:		4
[runlim] version:		1.10
[runlim] time limit:		311040000 seconds
[runlim] real time limit:	1200 seconds
[runlim] space limit:		15000 MB
[runlim] argv[0]:		/raid/steuber/Software/boolector/build/bin/boolector
[runlim] argv[1]:		/raid/steuber/Benchmarks/2019/QF_BV/sage/app9/bench_3243.smt2
[runlim] start:			Tue May 12 04:14:07 2020
[runlim] main pid:		29631
[BTOR>check_sat] 0.050569 seconds
[runlim] end:			Tue May 12 04:14:07 2020
[runlim] status:		ok
[runlim] result:		0
[runlim] children:		0
[runlim] real:			0.80 seconds
[runlim] time:			0.00 seconds
[runlim] space:			0.0 MB
[runlim] samples:		0
[runlim] version:		1.10
[runlim] time limit:		311040000 seconds
[runlim] real time limit:	1200 seconds
[runlim] space limit:		15000 MB
[runlim] argv[0]:		/raid/steuber/Software/boolector/build/bin/boolector
[runlim] argv[1]:		/raid/steuber/Benchmarks/2019/QF_BV/sage/app1/bench_210.smt2
[runlim] start:			Tue May 12 04:14:07 2020
[runlim] main pid:		29635
[BTOR>check_sat] 0.000050 seconds
[runlim] end:			Tue May 12 04:14:07 2020
[runlim] status:		ok
[runlim] result:		0
[runlim] children:		0
[runlim] real:			0.82 seconds
[runlim] time:			0.00 seconds
[runlim] space:			0.0 MB
[runlim] samples:		0
[runlim] version:		1.10
[runlim] time limit:		311040000 seconds
[runlim] real time limit:	1200 seconds
[runlim] space limit:		15000 MB
[runlim] argv[0]:		/raid/steuber/Software/boolector/build/bin/boolector
[runlim] argv[1]:		/raid/steuber/Benchmarks/2019/QF_BV/Sage2/bench_13866.smt2
[runlim] start:			Tue May 12 04:14:07 2020
[runlim] main pid:		29639
[runlim] sample:		10.0 time, 10.8 real, 13.4 MB
[runlim] sample:		20.0 time, 20.8 real, 17.0 MB
[BTOR>check_sat] 21.477001 seconds
[runlim] end:			Tue May 12 04:14:29 2020
[runlim] status:		ok
[runlim] result:		0
[runlim] children:		0
[runlim] real:			22.33 seconds
[runlim] time:			21.48 seconds
[runlim] space:			18.1 MB
[runlim] samples:		215
[runlim] version:		1.10
[runlim] time limit:		311040000 seconds
[runlim] real time limit:	1200 seconds
[runlim] space limit:		15000 MB
[runlim] argv[0]:		/raid/steuber/Software/boolector/build/bin/boolector
[runlim] argv[1]:		/raid/steuber/Benchmarks/2019/QF_BV/sage/app8/bench_905.smt2
[runlim] start:			Tue May 12 04:14:29 2020
[runlim] main pid:		29645
[BTOR>check_sat] 0.009752 seconds
[runlim] end:			Tue May 12 04:14:29 2020
[runlim] status:		ok
[runlim] result:		0
[runlim] children:		0
[runlim] real:			0.37 seconds
[runlim] time:			0.00 seconds
[runlim] space:			0.0 MB
[runlim] samples:		0
[runlim] version:		1.10
[runlim] time limit:		311040000 seconds
[runlim] real time limit:	1200 seconds
[runlim] space limit:		15000 MB
[runlim] argv[0]:		/raid/steuber/Software/boolector/build/bin/boolector
[runlim] argv[1]:		/raid/steuber/Benchmarks/2019/QF_BV/sage/app2/bench_1154.smt2
[runlim] start:			Tue May 12 04:14:29 2020
[runlim] main pid:		29649
[BTOR>check_sat] 0.000047 seconds
[runlim] end:			Tue May 12 04:14:29 2020
[runlim] status:		ok
[runlim] result:		0
[runlim] children:		0
[runlim] real:			0.41 seconds
[runlim] time:			0.00 seconds
[runlim] space:			0.0 MB
[runlim] samples:		0
[runlim] version:		1.10
[runlim] time limit:		311040000 seconds
[runlim] real time limit:	1200 seconds
[runlim] space limit:		15000 MB
[runlim] argv[0]:		/raid/steuber/Software/boolector/build/bin/boolector
[runlim] argv[1]:		/raid/steuber/Benchmarks/2019/QF_BV/sage/app2/bench_490.smt2
[runlim] start:			Tue May 12 04:14:29 2020
[runlim] main pid:		29653
[BTOR>check_sat] 0.000104 seconds
[runlim] end:			Tue May 12 04:14:29 2020
[runlim] status:		ok
[runlim] result:		0
[runlim] children:		0
[runlim] real:			0.55 seconds
[runlim] time:			0.07 seconds
[runlim] space:			7.3 MB
[runlim] samples:		1
[runlim] version:		1.10
[runlim] time limit:		311040000 seconds
[runlim] real time limit:	1200 seconds
[runlim] space limit:		15000 MB
[runlim] argv[0]:		/raid/steuber/Software/boolector/build/bin/boolector
[runlim] argv[1]:		/raid/steuber/Benchmarks/2019/QF_BV/sage/app1/bench_2106.smt2
[runlim] start:			Tue May 12 04:14:29 2020
[runlim] main pid:		29657
[BTOR>check_sat] 0.014723 seconds
[runlim] end:			Tue May 12 04:14:29 2020
[runlim] status:		ok
[runlim] result:		0
[runlim] children:		0
[runlim] real:			0.59 seconds
[runlim] time:			0.00 seconds
[runlim] space:			0.0 MB
[runlim] samples:		0
[runlim] version:		1.10
[runlim] time limit:		311040000 seconds
[runlim] real time limit:	1200 seconds
[runlim] space limit:		15000 MB
[runlim] argv[0]:		/raid/steuber/Software/boolector/build/bin/boolector
[runlim] argv[1]:		/raid/steuber/Benchmarks/2019/QF_BV/sage/app7/bench_1598.smt2
[runlim] start:			Tue May 12 04:14:29 2020
[runlim] main pid:		29661
[BTOR>check_sat] 0.000183 seconds
[runlim] end:			Tue May 12 04:14:30 2020
[runlim] status:		ok
[runlim] result:		0
[runlim] children:		0
[runlim] real:			1.15 seconds
[runlim] time:			0.47 seconds
[runlim] space:			25.7 MB
[runlim] samples:		5
[runlim] version:		1.10
[runlim] time limit:		311040000 seconds
[runlim] real time limit:	1200 seconds
[runlim] space limit:		15000 MB
[runlim] argv[0]:		/raid/steuber/Software/boolector/build/bin/boolector
[runlim] argv[1]:		/raid/steuber/Benchmarks/2019/QF_BV/sage/app7/bench_6458.smt2
[runlim] start:			Tue May 12 04:14:30 2020
[runlim] main pid:		29665
[BTOR>check_sat] 0.000249 seconds
[runlim] end:			Tue May 12 04:14:31 2020
[runlim] status:		ok
[runlim] result:		0
[runlim] children:		0
[runlim] real:			1.58 seconds
[runlim] time:			1.35 seconds
[runlim] space:			47.3 MB
[runlim] samples:		14
[runlim] version:		1.10
[runlim] time limit:		311040000 seconds
[runlim] real time limit:	1200 seconds
[runlim] space limit:		15000 MB
[runlim] argv[0]:		/raid/steuber/Software/boolector/build/bin/boolector
[runlim] argv[1]:		/raid/steuber/Benchmarks/2019/QF_BV/Sage2/bench_11541.smt2
[runlim] start:			Tue May 12 04:14:31 2020
[runlim] main pid:		29669
[runlim] sample:		10.0 time, 10.6 real, 16.4 MB
[runlim] sample:		20.0 time, 20.6 real, 16.9 MB
[runlim] sample:		30.0 time, 30.6 real, 18.4 MB
[runlim] sample:		40.0 time, 40.6 real, 21.5 MB
[runlim] sample:		50.0 time, 50.6 real, 22.2 MB
[runlim] sample:		60.0 time, 60.6 real, 23.1 MB
[runlim] sample:		70.0 time, 70.6 real, 23.3 MB
[runlim] sample:		80.0 time, 80.6 real, 26.6 MB
[runlim] sample:		90.0 time, 90.6 real, 26.6 MB
[runlim] sample:		100.0 time, 100.6 real, 27.0 MB
[runlim] sample:		110.0 time, 110.6 real, 27.0 MB
[runlim] sample:		120.0 time, 120.6 real, 27.3 MB
[BTOR>check_sat] 128.764693 seconds
[runlim] end:			Tue May 12 04:16:40 2020
[runlim] status:		ok
[runlim] result:		0
[runlim] children:		0
[runlim] real:			129.39 seconds
[runlim] time:			128.77 seconds
[runlim] space:			27.5 MB
[runlim] samples:		1288
[runlim] version:		1.10
[runlim] time limit:		311040000 seconds
[runlim] real time limit:	1200 seconds
[runlim] space limit:		15000 MB
[runlim] argv[0]:		/raid/steuber/Software/boolector/build/bin/boolector
[runlim] argv[1]:		/raid/steuber/Benchmarks/2019/QF_BV/sage/app8/bench_372.smt2
[runlim] start:			Tue May 12 04:16:40 2020
[runlim] main pid:		29737
[BTOR>check_sat] 1.086317 seconds
[runlim] end:			Tue May 12 04:16:41 2020
[runlim] status:		ok
[runlim] result:		0
[runlim] children:		0
[runlim] real:			1.51 seconds
[runlim] time:			1.08 seconds
[runlim] space:			12.4 MB
[runlim] samples:		11
[runlim] version:		1.10
[runlim] time limit:		311040000 seconds
[runlim] real time limit:	1200 seconds
[runlim] space limit:		15000 MB
[runlim] argv[0]:		/raid/steuber/Software/boolector/build/bin/boolector
[runlim] argv[1]:		/raid/steuber/Benchmarks/2019/QF_BV/sage/app2/bench_832.smt2
[runlim] start:			Tue May 12 04:16:41 2020
[runlim] main pid:		29741
[BTOR>check_sat] 0.000061 seconds
[runlim] end:			Tue May 12 04:16:41 2020
[runlim] status:		ok
[runlim] result:		0
[runlim] children:		0
[runlim] real:			0.57 seconds
[runlim] time:			0.00 seconds
[runlim] space:			0.0 MB
[runlim] samples:		0
[runlim] version:		1.10
[runlim] time limit:		311040000 seconds
[runlim] real time limit:	1200 seconds
[runlim] space limit:		15000 MB
[runlim] argv[0]:		/raid/steuber/Software/boolector/build/bin/boolector
[runlim] argv[1]:		/raid/steuber/Benchmarks/2019/QF_BV/Sage2/bench_13003.smt2
[runlim] start:			Tue May 12 04:16:41 2020
[runlim] main pid:		29745
[runlim] sample:		10.0 time, 10.6 real, 15.0 MB
[runlim] sample:		20.0 time, 20.6 real, 18.8 MB
[BTOR>check_sat] 23.329778 seconds
[runlim] end:			Tue May 12 04:17:04 2020
[runlim] status:		ok
[runlim] result:		0
[runlim] children:		0
[runlim] real:			23.93 seconds
[runlim] time:			23.28 seconds
[runlim] space:			18.8 MB
[runlim] samples:		233
[runlim] version:		1.10
[runlim] time limit:		311040000 seconds
[runlim] real time limit:	1200 seconds
[runlim] space limit:		15000 MB
[runlim] argv[0]:		/raid/steuber/Software/boolector/build/bin/boolector
[runlim] argv[1]:		/raid/steuber/Benchmarks/2019/QF_BV/sage/app8/bench_3181.smt2
[runlim] start:			Tue May 12 04:17:04 2020
[runlim] main pid:		29758
[BTOR>check_sat] 0.007758 seconds
[runlim] end:			Tue May 12 04:17:04 2020
[runlim] status:		ok
[runlim] result:		0
[runlim] children:		0
[runlim] real:			0.97 seconds
[runlim] time:			0.00 seconds
[runlim] space:			0.0 MB
[runlim] samples:		0
[runlim] version:		1.10
[runlim] time limit:		311040000 seconds
[runlim] real time limit:	1200 seconds
[runlim] space limit:		15000 MB
[runlim] argv[0]:		/raid/steuber/Software/boolector/build/bin/boolector
[runlim] argv[1]:		/raid/steuber/Benchmarks/2019/QF_BV/log-slicing/bvudiv_16.smt2
[runlim] start:			Tue May 12 04:17:04 2020
[runlim] main pid:		29762
[runlim] sample:		10.0 time, 11.0 real, 10.5 MB
[runlim] sample:		20.0 time, 21.0 real, 13.5 MB
[runlim] sample:		30.0 time, 31.0 real, 15.5 MB
[runlim] sample:		40.0 time, 41.0 real, 16.8 MB
[runlim] sample:		50.0 time, 51.0 real, 17.3 MB
[runlim] sample:		60.0 time, 61.0 real, 19.5 MB
[runlim] sample:		70.0 time, 71.0 real, 19.1 MB
[runlim] sample:		80.0 time, 81.0 real, 18.9 MB
[runlim] sample:		90.0 time, 91.0 real, 21.1 MB
[runlim] sample:		100.0 time, 101.0 real, 21.9 MB
[runlim] sample:		110.0 time, 111.0 real, 22.8 MB
[runlim] sample:		120.0 time, 121.0 real, 20.7 MB
[runlim] sample:		130.0 time, 131.0 real, 22.9 MB
[runlim] sample:		140.0 time, 141.0 real, 25.3 MB
[runlim] sample:		150.0 time, 151.0 real, 21.8 MB
[runlim] sample:		160.0 time, 161.0 real, 21.8 MB
[runlim] sample:		170.0 time, 171.0 real, 24.2 MB
[runlim] sample:		180.0 time, 181.0 real, 21.1 MB
[runlim] sample:		190.0 time, 191.0 real, 23.1 MB
[runlim] sample:		200.0 time, 201.0 real, 25.3 MB
[runlim] sample:		210.0 time, 211.0 real, 21.6 MB
[runlim] sample:		220.0 time, 221.0 real, 26.0 MB
[runlim] sample:		230.0 time, 231.0 real, 25.5 MB
[runlim] sample:		240.0 time, 241.0 real, 23.5 MB
[BTOR>check_sat] 242.027410 seconds
[runlim] end:			Tue May 12 04:21:07 2020
[runlim] status:		ok
[runlim] result:		0
[runlim] children:		0
[runlim] real:			243.03 seconds
[runlim] time:			241.97 seconds
[runlim] space:			28.2 MB
[runlim] samples:		2420
[runlim] version:		1.10
[runlim] time limit:		311040000 seconds
[runlim] real time limit:	1200 seconds
[runlim] space limit:		15000 MB
[runlim] argv[0]:		/raid/steuber/Software/boolector/build/bin/boolector
[runlim] argv[1]:		/raid/steuber/Benchmarks/2019/QF_BV/Sage2/bench_6737.smt2
[runlim] start:			Tue May 12 04:21:07 2020
[runlim] main pid:		29807
[runlim] sample:		10.0 time, 10.0 real, 10.7 MB
[BTOR>check_sat] 13.484585 seconds
[runlim] end:			Tue May 12 04:21:20 2020
[runlim] status:		ok
[runlim] result:		0
[runlim] children:		0
[runlim] real:			13.55 seconds
[runlim] time:			13.48 seconds
[runlim] space:			12.4 MB
[runlim] samples:		135
[runlim] version:		1.10
[runlim] time limit:		311040000 seconds
[runlim] real time limit:	1200 seconds
[runlim] space limit:		15000 MB
[runlim] argv[0]:		/raid/steuber/Software/boolector/build/bin/boolector
[runlim] argv[1]:		/raid/steuber/Benchmarks/2019/QF_BV/sage/app7/bench_6508.smt2
[runlim] start:			Tue May 12 04:21:20 2020
[runlim] main pid:		29812
[BTOR>check_sat] 0.014964 seconds
[runlim] end:			Tue May 12 04:21:20 2020
[runlim] status:		ok
[runlim] result:		0
[runlim] children:		0
[runlim] real:			0.58 seconds
[runlim] time:			0.00 seconds
[runlim] space:			0.0 MB
[runlim] samples:		0
[runlim] version:		1.10
[runlim] time limit:		311040000 seconds
[runlim] real time limit:	1200 seconds
[runlim] space limit:		15000 MB
[runlim] argv[0]:		/raid/steuber/Software/boolector/build/bin/boolector
[runlim] argv[1]:		/raid/steuber/Benchmarks/2019/QF_BV/Sage2/bench_7688.smt2
[runlim] start:			Tue May 12 04:21:20 2020
[runlim] main pid:		29816
[BTOR>check_sat] 0.168966 seconds
[runlim] end:			Tue May 12 04:21:20 2020
[runlim] status:		ok
[runlim] result:		0
[runlim] children:		0
[runlim] real:			0.86 seconds
[runlim] time:			0.14 seconds
[runlim] space:			16.3 MB
[runlim] samples:		2
[runlim] version:		1.10
[runlim] time limit:		311040000 seconds
[runlim] real time limit:	1200 seconds
[runlim] space limit:		15000 MB
[runlim] argv[0]:		/raid/steuber/Software/boolector/build/bin/boolector
[runlim] argv[1]:		/raid/steuber/Benchmarks/2019/QF_BV/Sage2/bench_11469.smt2
[runlim] start:			Tue May 12 04:21:20 2020
[runlim] main pid:		29820
[BTOR>check_sat] 0.000415 seconds
[runlim] end:			Tue May 12 04:21:20 2020
[runlim] status:		ok
[runlim] result:		0
[runlim] children:		0
[runlim] real:			0.90 seconds
[runlim] time:			0.00 seconds
[runlim] space:			0.0 MB
[runlim] samples:		0
[runlim] version:		1.10
[runlim] time limit:		311040000 seconds
[runlim] real time limit:	1200 seconds
[runlim] space limit:		15000 MB
[runlim] argv[0]:		/raid/steuber/Software/boolector/build/bin/boolector
[runlim] argv[1]:		/raid/steuber/Benchmarks/2019/QF_BV/sage/app1/bench_2577.smt2
[runlim] start:			Tue May 12 04:21:20 2020
[runlim] main pid:		29824
[BTOR>check_sat] 0.000057 seconds
[runlim] end:			Tue May 12 04:21:20 2020
[runlim] status:		ok
[runlim] result:		0
[runlim] children:		0
[runlim] real:			0.95 seconds
[runlim] time:			0.00 seconds
[runlim] space:			0.0 MB
[runlim] samples:		0
[runlim] version:		1.10
[runlim] time limit:		311040000 seconds
[runlim] real time limit:	1200 seconds
[runlim] space limit:		15000 MB
[runlim] argv[0]:		/raid/steuber/Software/boolector/build/bin/boolector
[runlim] argv[1]:		/raid/steuber/Benchmarks/2019/QF_BV/Sage2/bench_12280.smt2
[runlim] start:			Tue May 12 04:21:20 2020
[runlim] main pid:		29828
[BTOR>check_sat] 7.372531 seconds
[runlim] end:			Tue May 12 04:21:28 2020
[runlim] status:		ok
[runlim] result:		0
[runlim] children:		0
[runlim] real:			8.41 seconds
[runlim] time:			7.37 seconds
[runlim] space:			37.7 MB
[runlim] samples:		74
[runlim] version:		1.10
[runlim] time limit:		311040000 seconds
[runlim] real time limit:	1200 seconds
[runlim] space limit:		15000 MB
[runlim] argv[0]:		/raid/steuber/Software/boolector/build/bin/boolector
[runlim] argv[1]:		/raid/steuber/Benchmarks/2019/QF_BV/sage/app11/bench_532.smt2
[runlim] start:			Tue May 12 04:21:28 2020
[runlim] main pid:		29834
[BTOR>check_sat] 0.000251 seconds
[runlim] end:			Tue May 12 04:21:28 2020
[runlim] status:		ok
[runlim] result:		0
[runlim] children:		0
[runlim] real:			0.96 seconds
[runlim] time:			0.46 seconds
[runlim] space:			30.4 MB
[runlim] samples:		5
[runlim] version:		1.10
[runlim] time limit:		311040000 seconds
[runlim] real time limit:	1200 seconds
[runlim] space limit:		15000 MB
[runlim] argv[0]:		/raid/steuber/Software/boolector/build/bin/boolector
[runlim] argv[1]:		/raid/steuber/Benchmarks/2019/QF_BV/sage/app7/bench_507.smt2
[runlim] start:			Tue May 12 04:21:28 2020
[runlim] main pid:		29838
[BTOR>check_sat] 0.000262 seconds
[runlim] end:			Tue May 12 04:21:30 2020
[runlim] status:		ok
[runlim] result:		0
[runlim] children:		0
[runlim] real:			2.38 seconds
[runlim] time:			1.36 seconds
[runlim] space:			43.6 MB
[runlim] samples:		14
[runlim] version:		1.10
[runlim] time limit:		311040000 seconds
[runlim] real time limit:	1200 seconds
[runlim] space limit:		15000 MB
[runlim] argv[0]:		/raid/steuber/Software/boolector/build/bin/boolector
[runlim] argv[1]:		/raid/steuber/Benchmarks/2019/QF_BV/Sage2/bench_11680.smt2
[runlim] start:			Tue May 12 04:21:30 2020
[runlim] main pid:		29842
[BTOR>check_sat] 5.497412 seconds
[runlim] end:			Tue May 12 04:21:35 2020
[runlim] status:		ok
[runlim] result:		0
[runlim] children:		0
[runlim] real:			5.94 seconds
[runlim] time:			5.48 seconds
[runlim] space:			21.0 MB
[runlim] samples:		55
[runlim] version:		1.10
[runlim] time limit:		311040000 seconds
[runlim] real time limit:	1200 seconds
[runlim] space limit:		15000 MB
[runlim] argv[0]:		/raid/steuber/Software/boolector/build/bin/boolector
[runlim] argv[1]:		/raid/steuber/Benchmarks/2019/QF_BV/sage/app7/bench_5490.smt2
[runlim] start:			Tue May 12 04:21:35 2020
[runlim] main pid:		29849
[BTOR>check_sat] 0.000136 seconds
[runlim] end:			Tue May 12 04:21:35 2020
[runlim] status:		ok
[runlim] result:		0
[runlim] children:		0
[runlim] real:			1.00 seconds
[runlim] time:			0.00 seconds
[runlim] space:			0.0 MB
[runlim] samples:		0
[runlim] version:		1.10
[runlim] time limit:		311040000 seconds
[runlim] real time limit:	1200 seconds
[runlim] space limit:		15000 MB
[runlim] argv[0]:		/raid/steuber/Software/boolector/build/bin/boolector
[runlim] argv[1]:		/raid/steuber/Benchmarks/2019/QF_BV/sage/app2/bench_1198.smt2
[runlim] start:			Tue May 12 04:21:35 2020
[runlim] main pid:		29853
[BTOR>check_sat] 0.000054 seconds
[runlim] end:			Tue May 12 04:21:36 2020
[runlim] status:		ok
[runlim] result:		0
[runlim] children:		0
[runlim] real:			1.04 seconds
[runlim] time:			0.00 seconds
[runlim] space:			0.0 MB
[runlim] samples:		0
