[runlim] version:		1.10
[runlim] time limit:		311040000 seconds
[runlim] real time limit:	1200 seconds
[runlim] space limit:		15000 MB
[runlim] argv[0]:		/raid/steuber/Software/boolector/build/bin/boolector
[runlim] argv[1]:		/raid/steuber/Benchmarks/2019/QF_BV/sage/app7/bench_5536.smt2
[runlim] start:			Tue May 12 01:57:32 2020
[runlim] main pid:		30374
[BTOR>check_sat] 0.000149 seconds
[runlim] end:			Tue May 12 01:57:32 2020
[runlim] status:		ok
[runlim] result:		0
[runlim] children:		0
[runlim] real:			0.91 seconds
[runlim] time:			0.00 seconds
[runlim] space:			0.0 MB
[runlim] samples:		0
[runlim] version:		1.10
[runlim] time limit:		311040000 seconds
[runlim] real time limit:	1200 seconds
[runlim] space limit:		15000 MB
[runlim] argv[0]:		/raid/steuber/Software/boolector/build/bin/boolector
[runlim] argv[1]:		/raid/steuber/Benchmarks/2019/QF_BV/sage/app11/bench_59.smt2
[runlim] start:			Tue May 12 01:57:32 2020
[runlim] main pid:		30378
[BTOR>check_sat] 0.000262 seconds
[runlim] end:			Tue May 12 01:57:33 2020
[runlim] status:		ok
[runlim] result:		0
[runlim] children:		0
[runlim] real:			1.42 seconds
[runlim] time:			0.46 seconds
[runlim] space:			28.9 MB
[runlim] samples:		5
[runlim] version:		1.10
[runlim] time limit:		311040000 seconds
[runlim] real time limit:	1200 seconds
[runlim] space limit:		15000 MB
[runlim] argv[0]:		/raid/steuber/Software/boolector/build/bin/boolector
[runlim] argv[1]:		/raid/steuber/Benchmarks/2019/QF_BV/Sage2/bench_9833.smt2
[runlim] start:			Tue May 12 01:57:33 2020
[runlim] main pid:		30382
[BTOR>check_sat] 2.843716 seconds
[runlim] end:			Tue May 12 01:57:36 2020
[runlim] status:		ok
[runlim] result:		0
[runlim] children:		0
[runlim] real:			3.79 seconds
[runlim] time:			3.26 seconds
[runlim] space:			397.4 MB
[runlim] samples:		33
[runlim] version:		1.10
[runlim] time limit:		311040000 seconds
[runlim] real time limit:	1200 seconds
[runlim] space limit:		15000 MB
[runlim] argv[0]:		/raid/steuber/Software/boolector/build/bin/boolector
[runlim] argv[1]:		/raid/steuber/Benchmarks/2019/QF_BV/sage/app7/bench_5287.smt2
[runlim] start:			Tue May 12 01:57:36 2020
[runlim] main pid:		30386
[BTOR>check_sat] 0.000182 seconds
[runlim] end:			Tue May 12 01:57:36 2020
[runlim] status:		ok
[runlim] result:		0
[runlim] children:		0
[runlim] real:			0.87 seconds
[runlim] time:			0.00 seconds
[runlim] space:			0.0 MB
[runlim] samples:		0
[runlim] version:		1.10
[runlim] time limit:		311040000 seconds
[runlim] real time limit:	1200 seconds
[runlim] space limit:		15000 MB
[runlim] argv[0]:		/raid/steuber/Software/boolector/build/bin/boolector
[runlim] argv[1]:		/raid/steuber/Benchmarks/2019/QF_BV/sage/app7/bench_6235.smt2
[runlim] start:			Tue May 12 01:57:36 2020
[runlim] main pid:		30390
[BTOR>check_sat] 0.000047 seconds
[runlim] end:			Tue May 12 01:57:36 2020
[runlim] status:		ok
[runlim] result:		0
[runlim] children:		0
[runlim] real:			0.89 seconds
[runlim] time:			0.00 seconds
[runlim] space:			0.0 MB
[runlim] samples:		0
[runlim] version:		1.10
[runlim] time limit:		311040000 seconds
[runlim] real time limit:	1200 seconds
[runlim] space limit:		15000 MB
[runlim] argv[0]:		/raid/steuber/Software/boolector/build/bin/boolector
[runlim] argv[1]:		/raid/steuber/Benchmarks/2019/QF_BV/sage/app1/bench_2082.smt2
[runlim] start:			Tue May 12 01:57:36 2020
[runlim] main pid:		30394
[BTOR>check_sat] 0.190475 seconds
[runlim] end:			Tue May 12 01:57:37 2020
[runlim] status:		ok
[runlim] result:		0
[runlim] children:		0
[runlim] real:			1.13 seconds
[runlim] time:			0.18 seconds
[runlim] space:			13.4 MB
[runlim] samples:		2
[runlim] version:		1.10
[runlim] time limit:		311040000 seconds
[runlim] real time limit:	1200 seconds
[runlim] space limit:		15000 MB
[runlim] argv[0]:		/raid/steuber/Software/boolector/build/bin/boolector
[runlim] argv[1]:		/raid/steuber/Benchmarks/2019/QF_BV/sage/app1/bench_455.smt2
[runlim] start:			Tue May 12 01:57:37 2020
[runlim] main pid:		30398
[BTOR>check_sat] 0.003802 seconds
[runlim] end:			Tue May 12 01:57:37 2020
[runlim] status:		ok
[runlim] result:		0
[runlim] children:		0
[runlim] real:			0.16 seconds
[runlim] time:			0.00 seconds
[runlim] space:			0.0 MB
[runlim] samples:		0
[runlim] version:		1.10
[runlim] time limit:		311040000 seconds
[runlim] real time limit:	1200 seconds
[runlim] space limit:		15000 MB
[runlim] argv[0]:		/raid/steuber/Software/boolector/build/bin/boolector
[runlim] argv[1]:		/raid/steuber/Benchmarks/2019/QF_BV/Sage2/bench_12610.smt2
[runlim] start:			Tue May 12 01:57:37 2020
[runlim] main pid:		30402
[BTOR>check_sat] 0.131549 seconds
[runlim] end:			Tue May 12 01:57:37 2020
[runlim] status:		ok
[runlim] result:		0
[runlim] children:		0
[runlim] real:			0.32 seconds
[runlim] time:			0.07 seconds
[runlim] space:			3.2 MB
[runlim] samples:		1
[runlim] version:		1.10
[runlim] time limit:		311040000 seconds
[runlim] real time limit:	1200 seconds
[runlim] space limit:		15000 MB
[runlim] argv[0]:		/raid/steuber/Software/boolector/build/bin/boolector
[runlim] argv[1]:		/raid/steuber/Benchmarks/2019/QF_BV/sage/app8/bench_949.smt2
[runlim] start:			Tue May 12 01:57:37 2020
[runlim] main pid:		30406
[BTOR>check_sat] 0.002051 seconds
[runlim] end:			Tue May 12 01:57:37 2020
[runlim] status:		ok
[runlim] result:		0
[runlim] children:		0
[runlim] real:			0.34 seconds
[runlim] time:			0.00 seconds
[runlim] space:			0.0 MB
[runlim] samples:		0
[runlim] version:		1.10
[runlim] time limit:		311040000 seconds
[runlim] real time limit:	1200 seconds
[runlim] space limit:		15000 MB
[runlim] argv[0]:		/raid/steuber/Software/boolector/build/bin/boolector
[runlim] argv[1]:		/raid/steuber/Benchmarks/2019/QF_BV/Sage2/bench_11592.smt2
[runlim] start:			Tue May 12 01:57:37 2020
[runlim] main pid:		30410
[BTOR>check_sat] 3.520237 seconds
[runlim] end:			Tue May 12 01:57:41 2020
[runlim] status:		ok
[runlim] result:		0
[runlim] children:		0
[runlim] real:			4.25 seconds
[runlim] time:			3.85 seconds
[runlim] space:			14.9 MB
[runlim] samples:		39
[runlim] version:		1.10
[runlim] time limit:		311040000 seconds
[runlim] real time limit:	1200 seconds
[runlim] space limit:		15000 MB
[runlim] argv[0]:		/raid/steuber/Software/boolector/build/bin/boolector
[runlim] argv[1]:		/raid/steuber/Benchmarks/2019/QF_BV/sage/app1/bench_110.smt2
[runlim] start:			Tue May 12 01:57:41 2020
[runlim] main pid:		30414
[BTOR>check_sat] 0.000035 seconds
[runlim] end:			Tue May 12 01:57:41 2020
[runlim] status:		ok
[runlim] result:		0
[runlim] children:		0
[runlim] real:			0.27 seconds
[runlim] time:			0.00 seconds
[runlim] space:			0.0 MB
[runlim] samples:		0
[runlim] version:		1.10
[runlim] time limit:		311040000 seconds
[runlim] real time limit:	1200 seconds
[runlim] space limit:		15000 MB
[runlim] argv[0]:		/raid/steuber/Software/boolector/build/bin/boolector
[runlim] argv[1]:		/raid/steuber/Benchmarks/2019/QF_BV/Sage2/bench_9300.smt2
[runlim] start:			Tue May 12 01:57:41 2020
[runlim] main pid:		30418
[BTOR>check_sat] 2.750802 seconds
[runlim] end:			Tue May 12 01:57:44 2020
[runlim] status:		ok
[runlim] result:		0
[runlim] children:		0
[runlim] real:			3.54 seconds
[runlim] time:			3.14 seconds
[runlim] space:			332.4 MB
[runlim] samples:		32
[runlim] version:		1.10
[runlim] time limit:		311040000 seconds
[runlim] real time limit:	1200 seconds
[runlim] space limit:		15000 MB
[runlim] argv[0]:		/raid/steuber/Software/boolector/build/bin/boolector
[runlim] argv[1]:		/raid/steuber/Benchmarks/2019/QF_BV/sage/app12/bench_5619.smt2
[runlim] start:			Tue May 12 01:57:44 2020
[runlim] main pid:		30422
[BTOR>check_sat] 0.000409 seconds
[runlim] end:			Tue May 12 01:57:44 2020
[runlim] status:		ok
[runlim] result:		0
[runlim] children:		0
[runlim] real:			0.56 seconds
[runlim] time:			0.00 seconds
[runlim] space:			0.0 MB
[runlim] samples:		0
[runlim] version:		1.10
[runlim] time limit:		311040000 seconds
[runlim] real time limit:	1200 seconds
[runlim] space limit:		15000 MB
[runlim] argv[0]:		/raid/steuber/Software/boolector/build/bin/boolector
[runlim] argv[1]:		/raid/steuber/Benchmarks/2019/QF_BV/Sage2/bench_8070.smt2
[runlim] start:			Tue May 12 01:57:44 2020
[runlim] main pid:		30426
[BTOR>check_sat] 0.828153 seconds
[runlim] end:			Tue May 12 01:57:45 2020
[runlim] status:		ok
[runlim] result:		0
[runlim] children:		0
[runlim] real:			1.41 seconds
[runlim] time:			0.79 seconds
[runlim] space:			9.2 MB
[runlim] samples:		8
[runlim] version:		1.10
[runlim] time limit:		311040000 seconds
[runlim] real time limit:	1200 seconds
[runlim] space limit:		15000 MB
[runlim] argv[0]:		/raid/steuber/Software/boolector/build/bin/boolector
[runlim] argv[1]:		/raid/steuber/Benchmarks/2019/QF_BV/Sage2/bench_10389.smt2
[runlim] start:			Tue May 12 01:57:45 2020
[runlim] main pid:		30430
[runlim] sample:		10.0 time, 10.4 real, 9.4 MB
[BTOR>check_sat] 12.461364 seconds
[runlim] end:			Tue May 12 01:57:57 2020
[runlim] status:		ok
[runlim] result:		0
[runlim] children:		0
[runlim] real:			12.89 seconds
[runlim] time:			12.38 seconds
[runlim] space:			11.8 MB
[runlim] samples:		124
[runlim] version:		1.10
[runlim] time limit:		311040000 seconds
[runlim] real time limit:	1200 seconds
[runlim] space limit:		15000 MB
[runlim] argv[0]:		/raid/steuber/Software/boolector/build/bin/boolector
[runlim] argv[1]:		/raid/steuber/Benchmarks/2019/QF_BV/Sage2/bench_9645.smt2
[runlim] start:			Tue May 12 01:57:57 2020
[runlim] main pid:		30437
[BTOR>check_sat] 2.760970 seconds
[runlim] end:			Tue May 12 01:58:01 2020
[runlim] status:		ok
[runlim] result:		0
[runlim] children:		0
[runlim] real:			4.16 seconds
[runlim] time:			3.16 seconds
[runlim] space:			332.3 MB
[runlim] samples:		32
[runlim] version:		1.10
[runlim] time limit:		311040000 seconds
[runlim] real time limit:	1200 seconds
[runlim] space limit:		15000 MB
[runlim] argv[0]:		/raid/steuber/Software/boolector/build/bin/boolector
[runlim] argv[1]:		/raid/steuber/Benchmarks/2019/QF_BV/sage/app1/bench_2554.smt2
[runlim] start:			Tue May 12 01:58:01 2020
[runlim] main pid:		30444
[BTOR>check_sat] 0.000063 seconds
[runlim] end:			Tue May 12 01:58:01 2020
[runlim] status:		ok
[runlim] result:		0
[runlim] children:		0
[runlim] real:			0.20 seconds
[runlim] time:			0.00 seconds
[runlim] space:			0.0 MB
[runlim] samples:		0
[runlim] version:		1.10
[runlim] time limit:		311040000 seconds
[runlim] real time limit:	1200 seconds
[runlim] space limit:		15000 MB
[runlim] argv[0]:		/raid/steuber/Software/boolector/build/bin/boolector
[runlim] argv[1]:		/raid/steuber/Benchmarks/2019/QF_BV/Sage2/bench_14793.smt2
[runlim] start:			Tue May 12 01:58:01 2020
[runlim] main pid:		30448
[BTOR>check_sat] 0.082514 seconds
[runlim] end:			Tue May 12 01:58:01 2020
[runlim] status:		ok
[runlim] result:		0
[runlim] children:		0
[runlim] real:			0.33 seconds
[runlim] time:			0.08 seconds
[runlim] space:			13.1 MB
[runlim] samples:		1
[runlim] version:		1.10
[runlim] time limit:		311040000 seconds
[runlim] real time limit:	1200 seconds
[runlim] space limit:		15000 MB
[runlim] argv[0]:		/raid/steuber/Software/boolector/build/bin/boolector
[runlim] argv[1]:		/raid/steuber/Benchmarks/2019/QF_BV/sage/app2/bench_1249.smt2
[runlim] start:			Tue May 12 01:58:01 2020
[runlim] main pid:		30452
[BTOR>check_sat] 0.000082 seconds
[runlim] end:			Tue May 12 01:58:01 2020
[runlim] status:		ok
[runlim] result:		0
[runlim] children:		0
[runlim] real:			0.37 seconds
[runlim] time:			0.00 seconds
[runlim] space:			0.0 MB
[runlim] samples:		0
[runlim] version:		1.10
[runlim] time limit:		311040000 seconds
[runlim] real time limit:	1200 seconds
[runlim] space limit:		15000 MB
[runlim] argv[0]:		/raid/steuber/Software/boolector/build/bin/boolector
[runlim] argv[1]:		/raid/steuber/Benchmarks/2019/QF_BV/sage/app2/bench_604.smt2
[runlim] start:			Tue May 12 01:58:01 2020
[runlim] main pid:		30456
[BTOR>check_sat] 0.000128 seconds
[runlim] end:			Tue May 12 01:58:01 2020
[runlim] status:		ok
[runlim] result:		0
[runlim] children:		0
[runlim] real:			0.49 seconds
[runlim] time:			0.05 seconds
[runlim] space:			5.6 MB
[runlim] samples:		1
[runlim] version:		1.10
[runlim] time limit:		311040000 seconds
[runlim] real time limit:	1200 seconds
[runlim] space limit:		15000 MB
[runlim] argv[0]:		/raid/steuber/Software/boolector/build/bin/boolector
[runlim] argv[1]:		/raid/steuber/Benchmarks/2019/QF_BV/sage/app7/bench_3634.smt2
[runlim] start:			Tue May 12 01:58:01 2020
[runlim] main pid:		30460
[BTOR>check_sat] 0.000643 seconds
[runlim] end:			Tue May 12 01:58:01 2020
[runlim] status:		ok
[runlim] result:		0
[runlim] children:		0
[runlim] real:			0.70 seconds
[runlim] time:			0.18 seconds
[runlim] space:			6.4 MB
[runlim] samples:		2
[runlim] version:		1.10
[runlim] time limit:		311040000 seconds
[runlim] real time limit:	1200 seconds
[runlim] space limit:		15000 MB
[runlim] argv[0]:		/raid/steuber/Software/boolector/build/bin/boolector
[runlim] argv[1]:		/raid/steuber/Benchmarks/2019/QF_BV/sage/app9/bench_492.smt2
[runlim] start:			Tue May 12 01:58:01 2020
[runlim] main pid:		30464
[BTOR>check_sat] 0.000054 seconds
[runlim] end:			Tue May 12 01:58:01 2020
[runlim] status:		ok
[runlim] result:		0
[runlim] children:		0
[runlim] real:			0.72 seconds
[runlim] time:			0.00 seconds
[runlim] space:			0.0 MB
[runlim] samples:		0
[runlim] version:		1.10
[runlim] time limit:		311040000 seconds
[runlim] real time limit:	1200 seconds
[runlim] space limit:		15000 MB
[runlim] argv[0]:		/raid/steuber/Software/boolector/build/bin/boolector
[runlim] argv[1]:		/raid/steuber/Benchmarks/2019/QF_BV/sage/app7/bench_387.smt2
[runlim] start:			Tue May 12 01:58:01 2020
[runlim] main pid:		30468
[BTOR>check_sat] 0.000215 seconds
[runlim] end:			Tue May 12 01:58:03 2020
[runlim] status:		ok
[runlim] result:		0
[runlim] children:		0
[runlim] real:			2.06 seconds
[runlim] time:			1.27 seconds
[runlim] space:			44.0 MB
[runlim] samples:		13
[runlim] version:		1.10
[runlim] time limit:		311040000 seconds
[runlim] real time limit:	1200 seconds
[runlim] space limit:		15000 MB
[runlim] argv[0]:		/raid/steuber/Software/boolector/build/bin/boolector
[runlim] argv[1]:		/raid/steuber/Benchmarks/2019/QF_BV/sage/app7/bench_6190.smt2
[runlim] start:			Tue May 12 01:58:03 2020
[runlim] main pid:		30472
[BTOR>check_sat] 0.000061 seconds
[runlim] end:			Tue May 12 01:58:03 2020
[runlim] status:		ok
[runlim] result:		0
[runlim] children:		0
[runlim] real:			0.09 seconds
[runlim] time:			0.00 seconds
[runlim] space:			0.0 MB
[runlim] samples:		0
[runlim] version:		1.10
[runlim] time limit:		311040000 seconds
[runlim] real time limit:	1200 seconds
[runlim] space limit:		15000 MB
[runlim] argv[0]:		/raid/steuber/Software/boolector/build/bin/boolector
[runlim] argv[1]:		/raid/steuber/Benchmarks/2019/QF_BV/Sage2/bench_11560.smt2
[runlim] start:			Tue May 12 01:58:03 2020
[runlim] main pid:		30476
[BTOR>check_sat] 1.117528 seconds
[runlim] end:			Tue May 12 01:58:04 2020
[runlim] status:		ok
[runlim] result:		0
[runlim] children:		0
[runlim] real:			1.24 seconds
[runlim] time:			1.08 seconds
[runlim] space:			10.1 MB
[runlim] samples:		11
[runlim] version:		1.10
[runlim] time limit:		311040000 seconds
[runlim] real time limit:	1200 seconds
[runlim] space limit:		15000 MB
[runlim] argv[0]:		/raid/steuber/Software/boolector/build/bin/boolector
[runlim] argv[1]:		/raid/steuber/Benchmarks/2019/QF_BV/sage/app7/bench_39.smt2
[runlim] start:			Tue May 12 01:58:04 2020
[runlim] main pid:		30481
[BTOR>check_sat] 0.000242 seconds
[runlim] end:			Tue May 12 01:58:05 2020
[runlim] status:		ok
[runlim] result:		0
[runlim] children:		0
[runlim] real:			1.59 seconds
[runlim] time:			1.28 seconds
[runlim] space:			45.7 MB
[runlim] samples:		13
[runlim] version:		1.10
[runlim] time limit:		311040000 seconds
[runlim] real time limit:	1200 seconds
[runlim] space limit:		15000 MB
[runlim] argv[0]:		/raid/steuber/Software/boolector/build/bin/boolector
[runlim] argv[1]:		/raid/steuber/Benchmarks/2019/QF_BV/sage/app11/bench_37.smt2
[runlim] start:			Tue May 12 01:58:05 2020
[runlim] main pid:		30485
[BTOR>check_sat] 0.000282 seconds
[runlim] end:			Tue May 12 01:58:06 2020
[runlim] status:		ok
[runlim] result:		0
[runlim] children:		0
[runlim] real:			1.11 seconds
[runlim] time:			0.46 seconds
[runlim] space:			28.6 MB
[runlim] samples:		5
[runlim] version:		1.10
[runlim] time limit:		311040000 seconds
[runlim] real time limit:	1200 seconds
[runlim] space limit:		15000 MB
[runlim] argv[0]:		/raid/steuber/Software/boolector/build/bin/boolector
[runlim] argv[1]:		/raid/steuber/Benchmarks/2019/QF_BV/Sage2/bench_15290.smt2
[runlim] start:			Tue May 12 01:58:06 2020
[runlim] main pid:		30489
[runlim] sample:		10.0 time, 10.1 real, 24.2 MB
[BTOR>check_sat] 14.255529 seconds
[runlim] end:			Tue May 12 01:58:20 2020
[runlim] status:		ok
[runlim] result:		0
[runlim] children:		0
[runlim] real:			14.49 seconds
[runlim] time:			14.28 seconds
[runlim] space:			27.3 MB
[runlim] samples:		143
[runlim] version:		1.10
[runlim] time limit:		311040000 seconds
[runlim] real time limit:	1200 seconds
[runlim] space limit:		15000 MB
[runlim] argv[0]:		/raid/steuber/Software/boolector/build/bin/boolector
[runlim] argv[1]:		/raid/steuber/Benchmarks/2019/QF_BV/sage/app1/bench_433.smt2
[runlim] start:			Tue May 12 01:58:20 2020
[runlim] main pid:		30493
[BTOR>check_sat] 0.344266 seconds
[runlim] end:			Tue May 12 01:58:20 2020
[runlim] status:		ok
[runlim] result:		0
[runlim] children:		0
[runlim] real:			0.89 seconds
[runlim] time:			0.28 seconds
[runlim] space:			52.3 MB
[runlim] samples:		3
[runlim] version:		1.10
[runlim] time limit:		311040000 seconds
[runlim] real time limit:	1200 seconds
[runlim] space limit:		15000 MB
[runlim] argv[0]:		/raid/steuber/Software/boolector/build/bin/boolector
[runlim] argv[1]:		/raid/steuber/Benchmarks/2019/QF_BV/sage/app12/bench_4248.smt2
[runlim] start:			Tue May 12 01:58:20 2020
[runlim] main pid:		30497
[BTOR>check_sat] 0.000800 seconds
[runlim] end:			Tue May 12 01:58:20 2020
[runlim] status:		ok
[runlim] result:		0
[runlim] children:		0
[runlim] real:			0.90 seconds
[runlim] time:			0.00 seconds
[runlim] space:			0.0 MB
[runlim] samples:		0
[runlim] version:		1.10
[runlim] time limit:		311040000 seconds
[runlim] real time limit:	1200 seconds
[runlim] space limit:		15000 MB
[runlim] argv[0]:		/raid/steuber/Software/boolector/build/bin/boolector
[runlim] argv[1]:		/raid/steuber/Benchmarks/2019/QF_BV/Sage2/bench_15064.smt2
[runlim] start:			Tue May 12 01:58:20 2020
[runlim] main pid:		30501
[BTOR>check_sat] 2.270547 seconds
[runlim] end:			Tue May 12 01:58:23 2020
[runlim] status:		ok
[runlim] result:		0
[runlim] children:		0
[runlim] real:			3.23 seconds
[runlim] time:			2.26 seconds
[runlim] space:			26.4 MB
[runlim] samples:		23
[runlim] version:		1.10
[runlim] time limit:		311040000 seconds
[runlim] real time limit:	1200 seconds
[runlim] space limit:		15000 MB
[runlim] argv[0]:		/raid/steuber/Software/boolector/build/bin/boolector
[runlim] argv[1]:		/raid/steuber/Benchmarks/2019/QF_BV/sage/app11/bench_409.smt2
[runlim] start:			Tue May 12 01:58:23 2020
[runlim] main pid:		30505
[BTOR>check_sat] 0.000257 seconds
[runlim] end:			Tue May 12 01:58:23 2020
[runlim] status:		ok
[runlim] result:		0
[runlim] children:		0
[runlim] real:			0.73 seconds
[runlim] time:			0.38 seconds
[runlim] space:			29.6 MB
[runlim] samples:		4
[runlim] version:		1.10
[runlim] time limit:		311040000 seconds
[runlim] real time limit:	1200 seconds
[runlim] space limit:		15000 MB
[runlim] argv[0]:		/raid/steuber/Software/boolector/build/bin/boolector
[runlim] argv[1]:		/raid/steuber/Benchmarks/2019/QF_BV/sage/app11/bench_606.smt2
[runlim] start:			Tue May 12 01:58:23 2020
[runlim] main pid:		30509
[BTOR>check_sat] 0.000261 seconds
[runlim] end:			Tue May 12 01:58:24 2020
[runlim] status:		ok
[runlim] result:		0
[runlim] children:		0
[runlim] real:			1.23 seconds
[runlim] time:			0.37 seconds
[runlim] space:			29.4 MB
[runlim] samples:		4
[runlim] version:		1.10
[runlim] time limit:		311040000 seconds
[runlim] real time limit:	1200 seconds
[runlim] space limit:		15000 MB
[runlim] argv[0]:		/raid/steuber/Software/boolector/build/bin/boolector
[runlim] argv[1]:		/raid/steuber/Benchmarks/2019/QF_BV/sage/app9/bench_3049.smt2
[runlim] start:			Tue May 12 01:58:24 2020
[runlim] main pid:		30513
[BTOR>check_sat] 0.005737 seconds
[runlim] end:			Tue May 12 01:58:24 2020
[runlim] status:		ok
[runlim] result:		0
[runlim] children:		0
[runlim] real:			0.26 seconds
[runlim] time:			0.00 seconds
[runlim] space:			0.0 MB
[runlim] samples:		0
[runlim] version:		1.10
[runlim] time limit:		311040000 seconds
[runlim] real time limit:	1200 seconds
[runlim] space limit:		15000 MB
[runlim] argv[0]:		/raid/steuber/Software/boolector/build/bin/boolector
[runlim] argv[1]:		/raid/steuber/Benchmarks/2019/QF_BV/sage/app9/bench_422.smt2
[runlim] start:			Tue May 12 01:58:24 2020
[runlim] main pid:		30517
[BTOR>check_sat] 0.002052 seconds
[runlim] end:			Tue May 12 01:58:24 2020
[runlim] status:		ok
[runlim] result:		0
[runlim] children:		0
[runlim] real:			0.29 seconds
[runlim] time:			0.00 seconds
[runlim] space:			0.0 MB
[runlim] samples:		0
[runlim] version:		1.10
[runlim] time limit:		311040000 seconds
[runlim] real time limit:	1200 seconds
[runlim] space limit:		15000 MB
[runlim] argv[0]:		/raid/steuber/Software/boolector/build/bin/boolector
[runlim] argv[1]:		/raid/steuber/Benchmarks/2019/QF_BV/Sage2/bench_6288.smt2
[runlim] start:			Tue May 12 01:58:24 2020
[runlim] main pid:		30521
[BTOR>check_sat] 3.346339 seconds
[runlim] end:			Tue May 12 01:58:27 2020
[runlim] status:		ok
[runlim] result:		0
[runlim] children:		0
[runlim] real:			3.86 seconds
[runlim] time:			3.47 seconds
[runlim] space:			19.7 MB
[runlim] samples:		35
[runlim] version:		1.10
[runlim] time limit:		311040000 seconds
[runlim] real time limit:	1200 seconds
[runlim] space limit:		15000 MB
[runlim] argv[0]:		/raid/steuber/Software/boolector/build/bin/boolector
[runlim] argv[1]:		/raid/steuber/Benchmarks/2019/QF_BV/sage/app1/bench_2537.smt2
[runlim] start:			Tue May 12 01:58:27 2020
[runlim] main pid:		30525
[BTOR>check_sat] 0.183691 seconds
[runlim] end:			Tue May 12 01:58:28 2020
[runlim] status:		ok
[runlim] result:		0
[runlim] children:		0
[runlim] real:			1.08 seconds
[runlim] time:			0.18 seconds
[runlim] space:			13.4 MB
[runlim] samples:		2
[runlim] version:		1.10
[runlim] time limit:		311040000 seconds
[runlim] real time limit:	1200 seconds
[runlim] space limit:		15000 MB
[runlim] argv[0]:		/raid/steuber/Software/boolector/build/bin/boolector
[runlim] argv[1]:		/raid/steuber/Benchmarks/2019/QF_BV/Sage2/bench_13104.smt2
[runlim] start:			Tue May 12 01:58:28 2020
[runlim] main pid:		30529
[BTOR>check_sat] 3.101886 seconds
[runlim] end:			Tue May 12 01:58:31 2020
[runlim] status:		ok
[runlim] result:		0
[runlim] children:		0
[runlim] real:			3.25 seconds
[runlim] time:			3.07 seconds
[runlim] space:			31.1 MB
[runlim] samples:		31
[runlim] version:		1.10
[runlim] time limit:		311040000 seconds
[runlim] real time limit:	1200 seconds
[runlim] space limit:		15000 MB
[runlim] argv[0]:		/raid/steuber/Software/boolector/build/bin/boolector
[runlim] argv[1]:		/raid/steuber/Benchmarks/2019/QF_BV/sage/app7/bench_6491.smt2
[runlim] start:			Tue May 12 01:58:31 2020
[runlim] main pid:		30533
[BTOR>check_sat] 0.000250 seconds
[runlim] end:			Tue May 12 01:58:32 2020
[runlim] status:		ok
[runlim] result:		0
[runlim] children:		0
[runlim] real:			1.67 seconds
[runlim] time:			1.36 seconds
[runlim] space:			47.3 MB
[runlim] samples:		14
[runlim] version:		1.10
[runlim] time limit:		311040000 seconds
[runlim] real time limit:	1200 seconds
[runlim] space limit:		15000 MB
[runlim] argv[0]:		/raid/steuber/Software/boolector/build/bin/boolector
[runlim] argv[1]:		/raid/steuber/Benchmarks/2019/QF_BV/sage/app1/bench_1997.smt2
[runlim] start:			Tue May 12 01:58:32 2020
[runlim] main pid:		30537
[BTOR>check_sat] 0.015377 seconds
[runlim] end:			Tue May 12 01:58:32 2020
[runlim] status:		ok
[runlim] result:		0
[runlim] children:		0
[runlim] real:			0.73 seconds
[runlim] time:			0.00 seconds
[runlim] space:			0.0 MB
[runlim] samples:		0
[runlim] version:		1.10
[runlim] time limit:		311040000 seconds
[runlim] real time limit:	1200 seconds
[runlim] space limit:		15000 MB
[runlim] argv[0]:		/raid/steuber/Software/boolector/build/bin/boolector
[runlim] argv[1]:		/raid/steuber/Benchmarks/2019/QF_BV/Sage2/bench_12414.smt2
[runlim] start:			Tue May 12 01:58:32 2020
[runlim] main pid:		30541
[BTOR>check_sat] 0.099903 seconds
[runlim] end:			Tue May 12 01:58:32 2020
[runlim] status:		ok
[runlim] result:		0
[runlim] children:		0
[runlim] real:			0.88 seconds
[runlim] time:			0.06 seconds
[runlim] space:			4.0 MB
[runlim] samples:		1
[runlim] version:		1.10
[runlim] time limit:		311040000 seconds
[runlim] real time limit:	1200 seconds
[runlim] space limit:		15000 MB
[runlim] argv[0]:		/raid/steuber/Software/boolector/build/bin/boolector
[runlim] argv[1]:		/raid/steuber/Benchmarks/2019/QF_BV/20190311-bv-term-small-rw-Noetzli/bv-term-small-rw_712.smt2
[runlim] start:			Tue May 12 01:58:32 2020
[runlim] main pid:		30545
[BTOR>check_sat] 0.000018 seconds
[runlim] end:			Tue May 12 01:58:32 2020
[runlim] status:		ok
[runlim] result:		0
[runlim] children:		0
[runlim] real:			0.90 seconds
[runlim] time:			0.00 seconds
[runlim] space:			0.0 MB
[runlim] samples:		0
[runlim] version:		1.10
[runlim] time limit:		311040000 seconds
[runlim] real time limit:	1200 seconds
[runlim] space limit:		15000 MB
[runlim] argv[0]:		/raid/steuber/Software/boolector/build/bin/boolector
[runlim] argv[1]:		/raid/steuber/Benchmarks/2019/QF_BV/sage/app9/bench_3054.smt2
[runlim] start:			Tue May 12 01:58:32 2020
[runlim] main pid:		30549
[BTOR>check_sat] 0.005717 seconds
[runlim] end:			Tue May 12 01:58:32 2020
[runlim] status:		ok
[runlim] result:		0
[runlim] children:		0
[runlim] real:			0.93 seconds
[runlim] time:			0.00 seconds
[runlim] space:			0.0 MB
[runlim] samples:		0
[runlim] version:		1.10
[runlim] time limit:		311040000 seconds
[runlim] real time limit:	1200 seconds
[runlim] space limit:		15000 MB
[runlim] argv[0]:		/raid/steuber/Software/boolector/build/bin/boolector
[runlim] argv[1]:		/raid/steuber/Benchmarks/2019/QF_BV/uclid/catchconv/convert-jpg2gif-query-1275.smt2
[runlim] start:			Tue May 12 01:58:32 2020
[runlim] main pid:		30553
[BTOR>check_sat] 0.223544 seconds
[runlim] end:			Tue May 12 01:58:33 2020
[runlim] status:		ok
[runlim] result:		0
[runlim] children:		0
[runlim] real:			1.37 seconds
[runlim] time:			0.37 seconds
[runlim] space:			17.2 MB
[runlim] samples:		4
[runlim] version:		1.10
[runlim] time limit:		311040000 seconds
[runlim] real time limit:	1200 seconds
[runlim] space limit:		15000 MB
[runlim] argv[0]:		/raid/steuber/Software/boolector/build/bin/boolector
[runlim] argv[1]:		/raid/steuber/Benchmarks/2019/QF_BV/Sage2/bench_15600.smt2
[runlim] start:			Tue May 12 01:58:33 2020
[runlim] main pid:		30557
[BTOR>check_sat] 4.983702 seconds
[runlim] end:			Tue May 12 01:58:38 2020
[runlim] status:		ok
[runlim] result:		0
[runlim] children:		0
[runlim] real:			5.40 seconds
[runlim] time:			4.98 seconds
[runlim] space:			28.4 MB
[runlim] samples:		50
[runlim] version:		1.10
[runlim] time limit:		311040000 seconds
[runlim] real time limit:	1200 seconds
[runlim] space limit:		15000 MB
[runlim] argv[0]:		/raid/steuber/Software/boolector/build/bin/boolector
[runlim] argv[1]:		/raid/steuber/Benchmarks/2019/QF_BV/Sage2/bench_8139.smt2
[runlim] start:			Tue May 12 01:58:38 2020
[runlim] main pid:		30563
[runlim] sample:		10.0 time, 10.4 real, 16.1 MB
[runlim] sample:		20.0 time, 20.4 real, 16.2 MB
[runlim] sample:		30.0 time, 30.4 real, 18.8 MB
[BTOR>check_sat] 35.515301 seconds
[runlim] end:			Tue May 12 01:59:13 2020
[runlim] status:		ok
[runlim] result:		0
[runlim] children:		0
[runlim] real:			35.96 seconds
[runlim] time:			35.48 seconds
[runlim] space:			21.5 MB
[runlim] samples:		355
[runlim] version:		1.10
[runlim] time limit:		311040000 seconds
[runlim] real time limit:	1200 seconds
[runlim] space limit:		15000 MB
[runlim] argv[0]:		/raid/steuber/Software/boolector/build/bin/boolector
[runlim] argv[1]:		/raid/steuber/Benchmarks/2019/QF_BV/sage/app7/bench_942.smt2
[runlim] start:			Tue May 12 01:59:13 2020
[runlim] main pid:		30575
[BTOR>check_sat] 0.000233 seconds
[runlim] end:			Tue May 12 01:59:15 2020
[runlim] status:		ok
[runlim] result:		0
[runlim] children:		0
[runlim] real:			2.00 seconds
[runlim] time:			0.97 seconds
[runlim] space:			36.4 MB
[runlim] samples:		10
[runlim] version:		1.10
[runlim] time limit:		311040000 seconds
[runlim] real time limit:	1200 seconds
[runlim] space limit:		15000 MB
[runlim] argv[0]:		/raid/steuber/Software/boolector/build/bin/boolector
[runlim] argv[1]:		/raid/steuber/Benchmarks/2019/QF_BV/20190311-bv-term-small-rw-Noetzli/bv-term-small-rw_575.smt2
[runlim] start:			Tue May 12 01:59:15 2020
[runlim] main pid:		30579
[BTOR>check_sat] 0.000023 seconds
[runlim] end:			Tue May 12 01:59:15 2020
[runlim] status:		ok
[runlim] result:		0
[runlim] children:		0
[runlim] real:			0.02 seconds
[runlim] time:			0.00 seconds
[runlim] space:			0.0 MB
[runlim] samples:		0
[runlim] version:		1.10
[runlim] time limit:		311040000 seconds
[runlim] real time limit:	1200 seconds
[runlim] space limit:		15000 MB
[runlim] argv[0]:		/raid/steuber/Software/boolector/build/bin/boolector
[runlim] argv[1]:		/raid/steuber/Benchmarks/2019/QF_BV/sage/app9/bench_63.smt2
[runlim] start:			Tue May 12 01:59:15 2020
[runlim] main pid:		30583
[BTOR>check_sat] 0.791119 seconds
[runlim] end:			Tue May 12 01:59:15 2020
[runlim] status:		ok
[runlim] result:		0
[runlim] children:		0
[runlim] real:			0.84 seconds
[runlim] time:			0.78 seconds
[runlim] space:			9.9 MB
[runlim] samples:		8
[runlim] version:		1.10
[runlim] time limit:		311040000 seconds
[runlim] real time limit:	1200 seconds
[runlim] space limit:		15000 MB
[runlim] argv[0]:		/raid/steuber/Software/boolector/build/bin/boolector
[runlim] argv[1]:		/raid/steuber/Benchmarks/2019/QF_BV/sage/app1/bench_2274.smt2
[runlim] start:			Tue May 12 01:59:15 2020
[runlim] main pid:		30587
[BTOR>check_sat] 0.391202 seconds
[runlim] end:			Tue May 12 01:59:16 2020
[runlim] status:		ok
[runlim] result:		0
[runlim] children:		0
[runlim] real:			1.30 seconds
[runlim] time:			0.37 seconds
[runlim] space:			55.1 MB
[runlim] samples:		4
[runlim] version:		1.10
[runlim] time limit:		311040000 seconds
[runlim] real time limit:	1200 seconds
[runlim] space limit:		15000 MB
[runlim] argv[0]:		/raid/steuber/Software/boolector/build/bin/boolector
[runlim] argv[1]:		/raid/steuber/Benchmarks/2019/QF_BV/sage/app7/bench_8582.smt2
[runlim] start:			Tue May 12 01:59:16 2020
[runlim] main pid:		30591
[BTOR>check_sat] 0.000176 seconds
[runlim] end:			Tue May 12 01:59:17 2020
[runlim] status:		ok
[runlim] result:		0
[runlim] children:		0
[runlim] real:			1.67 seconds
[runlim] time:			1.26 seconds
[runlim] space:			45.7 MB
[runlim] samples:		13
[runlim] version:		1.10
[runlim] time limit:		311040000 seconds
[runlim] real time limit:	1200 seconds
[runlim] space limit:		15000 MB
[runlim] argv[0]:		/raid/steuber/Software/boolector/build/bin/boolector
[runlim] argv[1]:		/raid/steuber/Benchmarks/2019/QF_BV/sage/app7/bench_68.smt2
[runlim] start:			Tue May 12 01:59:17 2020
[runlim] main pid:		30595
[BTOR>check_sat] 0.000237 seconds
[runlim] end:			Tue May 12 01:59:19 2020
[runlim] status:		ok
[runlim] result:		0
[runlim] children:		0
[runlim] real:			2.04 seconds
[runlim] time:			1.27 seconds
[runlim] space:			45.7 MB
[runlim] samples:		13
[runlim] version:		1.10
[runlim] time limit:		311040000 seconds
[runlim] real time limit:	1200 seconds
[runlim] space limit:		15000 MB
[runlim] argv[0]:		/raid/steuber/Software/boolector/build/bin/boolector
[runlim] argv[1]:		/raid/steuber/Benchmarks/2019/QF_BV/sage/app7/bench_2037.smt2
[runlim] start:			Tue May 12 01:59:19 2020
[runlim] main pid:		30600
[BTOR>check_sat] 0.001251 seconds
[runlim] end:			Tue May 12 01:59:19 2020
[runlim] status:		ok
[runlim] result:		0
[runlim] children:		0
[runlim] real:			0.38 seconds
[runlim] time:			0.26 seconds
[runlim] space:			16.6 MB
[runlim] samples:		3
[runlim] version:		1.10
[runlim] time limit:		311040000 seconds
[runlim] real time limit:	1200 seconds
[runlim] space limit:		15000 MB
[runlim] argv[0]:		/raid/steuber/Software/boolector/build/bin/boolector
[runlim] argv[1]:		/raid/steuber/Benchmarks/2019/QF_BV/sage/app7/bench_6108.smt2
[runlim] start:			Tue May 12 01:59:19 2020
[runlim] main pid:		30604
[BTOR>check_sat] 0.000058 seconds
[runlim] end:			Tue May 12 01:59:19 2020
[runlim] status:		ok
[runlim] result:		0
[runlim] children:		0
[runlim] real:			0.40 seconds
[runlim] time:			0.00 seconds
[runlim] space:			0.0 MB
[runlim] samples:		0
[runlim] version:		1.10
[runlim] time limit:		311040000 seconds
[runlim] real time limit:	1200 seconds
[runlim] space limit:		15000 MB
[runlim] argv[0]:		/raid/steuber/Software/boolector/build/bin/boolector
[runlim] argv[1]:		/raid/steuber/Benchmarks/2019/QF_BV/sage/app7/bench_4748.smt2
[runlim] start:			Tue May 12 01:59:19 2020
[runlim] main pid:		30608
[BTOR>check_sat] 0.000547 seconds
[runlim] end:			Tue May 12 01:59:19 2020
[runlim] status:		ok
[runlim] result:		0
[runlim] children:		0
[runlim] real:			0.56 seconds
[runlim] time:			0.07 seconds
[runlim] space:			6.4 MB
[runlim] samples:		1
[runlim] version:		1.10
[runlim] time limit:		311040000 seconds
[runlim] real time limit:	1200 seconds
[runlim] space limit:		15000 MB
[runlim] argv[0]:		/raid/steuber/Software/boolector/build/bin/boolector
[runlim] argv[1]:		/raid/steuber/Benchmarks/2019/QF_BV/sage/app1/bench_2590.smt2
[runlim] start:			Tue May 12 01:59:19 2020
[runlim] main pid:		30612
[BTOR>check_sat] 0.000053 seconds
[runlim] end:			Tue May 12 01:59:19 2020
[runlim] status:		ok
[runlim] result:		0
[runlim] children:		0
[runlim] real:			0.58 seconds
[runlim] time:			0.00 seconds
[runlim] space:			0.0 MB
[runlim] samples:		0
[runlim] version:		1.10
[runlim] time limit:		311040000 seconds
[runlim] real time limit:	1200 seconds
[runlim] space limit:		15000 MB
[runlim] argv[0]:		/raid/steuber/Software/boolector/build/bin/boolector
[runlim] argv[1]:		/raid/steuber/Benchmarks/2019/QF_BV/sage/app7/bench_3073.smt2
[runlim] start:			Tue May 12 01:59:19 2020
[runlim] main pid:		30616
[BTOR>check_sat] 0.000780 seconds
[runlim] end:			Tue May 12 01:59:19 2020
[runlim] status:		ok
[runlim] result:		0
[runlim] children:		0
[runlim] real:			0.81 seconds
[runlim] time:			0.17 seconds
[runlim] space:			12.1 MB
[runlim] samples:		2
[runlim] version:		1.10
[runlim] time limit:		311040000 seconds
[runlim] real time limit:	1200 seconds
[runlim] space limit:		15000 MB
[runlim] argv[0]:		/raid/steuber/Software/boolector/build/bin/boolector
[runlim] argv[1]:		/raid/steuber/Benchmarks/2019/QF_BV/sage/app7/bench_6462.smt2
[runlim] start:			Tue May 12 01:59:19 2020
[runlim] main pid:		30620
[BTOR>check_sat] 0.000041 seconds
[runlim] end:			Tue May 12 01:59:19 2020
[runlim] status:		ok
[runlim] result:		0
[runlim] children:		0
[runlim] real:			0.83 seconds
[runlim] time:			0.00 seconds
[runlim] space:			0.0 MB
[runlim] samples:		0
[runlim] version:		1.10
[runlim] time limit:		311040000 seconds
[runlim] real time limit:	1200 seconds
[runlim] space limit:		15000 MB
[runlim] argv[0]:		/raid/steuber/Software/boolector/build/bin/boolector
[runlim] argv[1]:		/raid/steuber/Benchmarks/2019/QF_BV/sage/app7/bench_6614.smt2
[runlim] start:			Tue May 12 01:59:19 2020
[runlim] main pid:		30624
[BTOR>check_sat] 0.009780 seconds
[runlim] end:			Tue May 12 01:59:19 2020
[runlim] status:		ok
[runlim] result:		0
[runlim] children:		0
[runlim] real:			0.86 seconds
[runlim] time:			0.00 seconds
[runlim] space:			0.0 MB
[runlim] samples:		0
[runlim] version:		1.10
[runlim] time limit:		311040000 seconds
[runlim] real time limit:	1200 seconds
[runlim] space limit:		15000 MB
[runlim] argv[0]:		/raid/steuber/Software/boolector/build/bin/boolector
[runlim] argv[1]:		/raid/steuber/Benchmarks/2019/QF_BV/sage/app7/bench_8547.smt2
[runlim] start:			Tue May 12 01:59:19 2020
[runlim] main pid:		30628
[BTOR>check_sat] 0.000239 seconds
[runlim] end:			Tue May 12 01:59:21 2020
[runlim] status:		ok
[runlim] result:		0
[runlim] children:		0
[runlim] real:			2.22 seconds
[runlim] time:			1.27 seconds
[runlim] space:			46.0 MB
[runlim] samples:		13
[runlim] version:		1.10
[runlim] time limit:		311040000 seconds
[runlim] real time limit:	1200 seconds
[runlim] space limit:		15000 MB
[runlim] argv[0]:		/raid/steuber/Software/boolector/build/bin/boolector
[runlim] argv[1]:		/raid/steuber/Benchmarks/2019/QF_BV/sage/app8/bench_364.smt2
[runlim] start:			Tue May 12 01:59:21 2020
[runlim] main pid:		30632
[BTOR>check_sat] 0.908443 seconds
[runlim] end:			Tue May 12 01:59:22 2020
[runlim] status:		ok
[runlim] result:		0
[runlim] children:		0
[runlim] real:			1.17 seconds
[runlim] time:			0.88 seconds
[runlim] space:			12.5 MB
[runlim] samples:		9
[runlim] version:		1.10
[runlim] time limit:		311040000 seconds
[runlim] real time limit:	1200 seconds
[runlim] space limit:		15000 MB
[runlim] argv[0]:		/raid/steuber/Software/boolector/build/bin/boolector
[runlim] argv[1]:		/raid/steuber/Benchmarks/2019/QF_BV/sage/app9/bench_3048.smt2
[runlim] start:			Tue May 12 01:59:22 2020
[runlim] main pid:		30636
[BTOR>check_sat] 0.005763 seconds
[runlim] end:			Tue May 12 01:59:22 2020
[runlim] status:		ok
[runlim] result:		0
[runlim] children:		0
[runlim] real:			0.20 seconds
[runlim] time:			0.00 seconds
[runlim] space:			0.0 MB
[runlim] samples:		0
[runlim] version:		1.10
[runlim] time limit:		311040000 seconds
[runlim] real time limit:	1200 seconds
[runlim] space limit:		15000 MB
[runlim] argv[0]:		/raid/steuber/Software/boolector/build/bin/boolector
[runlim] argv[1]:		/raid/steuber/Benchmarks/2019/QF_BV/sage/app2/bench_933.smt2
[runlim] start:			Tue May 12 01:59:22 2020
[runlim] main pid:		30640
[BTOR>check_sat] 0.000075 seconds
[runlim] end:			Tue May 12 01:59:22 2020
[runlim] status:		ok
[runlim] result:		0
[runlim] children:		0
[runlim] real:			0.26 seconds
[runlim] time:			0.00 seconds
[runlim] space:			0.0 MB
[runlim] samples:		0
[runlim] version:		1.10
[runlim] time limit:		311040000 seconds
[runlim] real time limit:	1200 seconds
[runlim] space limit:		15000 MB
[runlim] argv[0]:		/raid/steuber/Software/boolector/build/bin/boolector
[runlim] argv[1]:		/raid/steuber/Benchmarks/2019/QF_BV/Sage2/bench_16045.smt2
[runlim] start:			Tue May 12 01:59:22 2020
[runlim] main pid:		30644
[BTOR>check_sat] 1.018372 seconds
[runlim] end:			Tue May 12 01:59:23 2020
[runlim] status:		ok
[runlim] result:		0
[runlim] children:		0
[runlim] real:			1.30 seconds
[runlim] time:			0.98 seconds
[runlim] space:			10.5 MB
[runlim] samples:		10
[runlim] version:		1.10
[runlim] time limit:		311040000 seconds
[runlim] real time limit:	1200 seconds
[runlim] space limit:		15000 MB
[runlim] argv[0]:		/raid/steuber/Software/boolector/build/bin/boolector
[runlim] argv[1]:		/raid/steuber/Benchmarks/2019/QF_BV/sage/app1/bench_2237.smt2
[runlim] start:			Tue May 12 01:59:23 2020
[runlim] main pid:		30648
[BTOR>check_sat] 0.011413 seconds
[runlim] end:			Tue May 12 01:59:23 2020
[runlim] status:		ok
[runlim] result:		0
[runlim] children:		0
[runlim] real:			0.35 seconds
[runlim] time:			0.00 seconds
[runlim] space:			0.0 MB
[runlim] samples:		0
[runlim] version:		1.10
[runlim] time limit:		311040000 seconds
[runlim] real time limit:	1200 seconds
[runlim] space limit:		15000 MB
[runlim] argv[0]:		/raid/steuber/Software/boolector/build/bin/boolector
[runlim] argv[1]:		/raid/steuber/Benchmarks/2019/QF_BV/sage/app9/bench_3287.smt2
[runlim] start:			Tue May 12 01:59:23 2020
[runlim] main pid:		30652
[BTOR>check_sat] 0.044638 seconds
[runlim] end:			Tue May 12 01:59:23 2020
[runlim] status:		ok
[runlim] result:		0
[runlim] children:		0
[runlim] real:			0.42 seconds
[runlim] time:			0.00 seconds
[runlim] space:			0.0 MB
[runlim] samples:		0
[runlim] version:		1.10
[runlim] time limit:		311040000 seconds
[runlim] real time limit:	1200 seconds
[runlim] space limit:		15000 MB
[runlim] argv[0]:		/raid/steuber/Software/boolector/build/bin/boolector
[runlim] argv[1]:		/raid/steuber/Benchmarks/2019/QF_BV/Sage2/bench_4696.smt2
[runlim] start:			Tue May 12 01:59:23 2020
[runlim] main pid:		30656
[BTOR>check_sat] 4.356788 seconds
[runlim] end:			Tue May 12 01:59:27 2020
[runlim] status:		ok
[runlim] result:		0
[runlim] children:		0
[runlim] real:			4.85 seconds
[runlim] time:			4.37 seconds
[runlim] space:			17.2 MB
[runlim] samples:		44
[runlim] version:		1.10
[runlim] time limit:		311040000 seconds
[runlim] real time limit:	1200 seconds
[runlim] space limit:		15000 MB
[runlim] argv[0]:		/raid/steuber/Software/boolector/build/bin/boolector
[runlim] argv[1]:		/raid/steuber/Benchmarks/2019/QF_BV/sage/app7/bench_1527.smt2
[runlim] start:			Tue May 12 01:59:27 2020
[runlim] main pid:		30660
[BTOR>check_sat] 0.000178 seconds
[runlim] end:			Tue May 12 01:59:28 2020
[runlim] status:		ok
[runlim] result:		0
[runlim] children:		0
[runlim] real:			1.45 seconds
[runlim] time:			0.47 seconds
[runlim] space:			25.5 MB
[runlim] samples:		5
[runlim] version:		1.10
[runlim] time limit:		311040000 seconds
[runlim] real time limit:	1200 seconds
[runlim] space limit:		15000 MB
[runlim] argv[0]:		/raid/steuber/Software/boolector/build/bin/boolector
[runlim] argv[1]:		/raid/steuber/Benchmarks/2019/QF_BV/sage/app8/bench_504.smt2
[runlim] start:			Tue May 12 01:59:28 2020
[runlim] main pid:		30666
[BTOR>check_sat] 0.883587 seconds
[runlim] end:			Tue May 12 01:59:29 2020
[runlim] status:		ok
[runlim] result:		0
[runlim] children:		0
[runlim] real:			1.37 seconds
[runlim] time:			0.87 seconds
[runlim] space:			10.9 MB
[runlim] samples:		9
[runlim] version:		1.10
[runlim] time limit:		311040000 seconds
[runlim] real time limit:	1200 seconds
[runlim] space limit:		15000 MB
[runlim] argv[0]:		/raid/steuber/Software/boolector/build/bin/boolector
[runlim] argv[1]:		/raid/steuber/Benchmarks/2019/QF_BV/sage/app7/bench_5126.smt2
[runlim] start:			Tue May 12 01:59:29 2020
[runlim] main pid:		30670
[BTOR>check_sat] 0.000229 seconds
[runlim] end:			Tue May 12 01:59:29 2020
[runlim] status:		ok
[runlim] result:		0
[runlim] children:		0
[runlim] real:			0.46 seconds
[runlim] time:			0.00 seconds
[runlim] space:			0.0 MB
[runlim] samples:		0
[runlim] version:		1.10
[runlim] time limit:		311040000 seconds
[runlim] real time limit:	1200 seconds
[runlim] space limit:		15000 MB
[runlim] argv[0]:		/raid/steuber/Software/boolector/build/bin/boolector
[runlim] argv[1]:		/raid/steuber/Benchmarks/2019/QF_BV/sage/app9/bench_529.smt2
[runlim] start:			Tue May 12 01:59:29 2020
[runlim] main pid:		30674
[BTOR>check_sat] 0.001105 seconds
[runlim] end:			Tue May 12 01:59:29 2020
[runlim] status:		ok
[runlim] result:		0
[runlim] children:		0
[runlim] real:			0.47 seconds
[runlim] time:			0.00 seconds
[runlim] space:			0.0 MB
[runlim] samples:		0
[runlim] version:		1.10
[runlim] time limit:		311040000 seconds
[runlim] real time limit:	1200 seconds
[runlim] space limit:		15000 MB
[runlim] argv[0]:		/raid/steuber/Software/boolector/build/bin/boolector
[runlim] argv[1]:		/raid/steuber/Benchmarks/2019/QF_BV/sage/app9/bench_2592.smt2
[runlim] start:			Tue May 12 01:59:29 2020
[runlim] main pid:		30678
[BTOR>check_sat] 0.000065 seconds
[runlim] end:			Tue May 12 01:59:29 2020
[runlim] status:		ok
[runlim] result:		0
[runlim] children:		0
[runlim] real:			0.49 seconds
[runlim] time:			0.00 seconds
[runlim] space:			0.0 MB
[runlim] samples:		0
[runlim] version:		1.10
[runlim] time limit:		311040000 seconds
[runlim] real time limit:	1200 seconds
[runlim] space limit:		15000 MB
[runlim] argv[0]:		/raid/steuber/Software/boolector/build/bin/boolector
[runlim] argv[1]:		/raid/steuber/Benchmarks/2019/QF_BV/sage/app9/bench_1002.smt2
[runlim] start:			Tue May 12 01:59:29 2020
[runlim] main pid:		30682
[BTOR>check_sat] 0.000070 seconds
[runlim] end:			Tue May 12 01:59:29 2020
[runlim] status:		ok
[runlim] result:		0
[runlim] children:		0
[runlim] real:			0.51 seconds
[runlim] time:			0.00 seconds
[runlim] space:			0.0 MB
[runlim] samples:		0
[runlim] version:		1.10
[runlim] time limit:		311040000 seconds
[runlim] real time limit:	1200 seconds
[runlim] space limit:		15000 MB
[runlim] argv[0]:		/raid/steuber/Software/boolector/build/bin/boolector
[runlim] argv[1]:		/raid/steuber/Benchmarks/2019/QF_BV/Sage2/bench_14575.smt2
[runlim] start:			Tue May 12 01:59:29 2020
[runlim] main pid:		30686
[BTOR>check_sat] 1.279058 seconds
[runlim] end:			Tue May 12 01:59:31 2020
[runlim] status:		ok
[runlim] result:		0
[runlim] children:		0
[runlim] real:			2.16 seconds
[runlim] time:			1.58 seconds
[runlim] space:			14.9 MB
[runlim] samples:		16
[runlim] version:		1.10
[runlim] time limit:		311040000 seconds
[runlim] real time limit:	1200 seconds
[runlim] space limit:		15000 MB
[runlim] argv[0]:		/raid/steuber/Software/boolector/build/bin/boolector
[runlim] argv[1]:		/raid/steuber/Benchmarks/2019/QF_BV/sage/app1/bench_747.smt2
[runlim] start:			Tue May 12 01:59:31 2020
[runlim] main pid:		30690
[BTOR>check_sat] 0.099470 seconds
[runlim] end:			Tue May 12 01:59:31 2020
[runlim] status:		ok
[runlim] result:		0
[runlim] children:		0
[runlim] real:			0.30 seconds
[runlim] time:			0.07 seconds
[runlim] space:			10.4 MB
[runlim] samples:		1
[runlim] version:		1.10
[runlim] time limit:		311040000 seconds
[runlim] real time limit:	1200 seconds
[runlim] space limit:		15000 MB
[runlim] argv[0]:		/raid/steuber/Software/boolector/build/bin/boolector
[runlim] argv[1]:		/raid/steuber/Benchmarks/2019/QF_BV/Sage2/bench_12394.smt2
[runlim] start:			Tue May 12 01:59:31 2020
[runlim] main pid:		30694
[BTOR>check_sat] 0.076890 seconds
[runlim] end:			Tue May 12 01:59:31 2020
[runlim] status:		ok
[runlim] result:		0
[runlim] children:		0
[runlim] real:			0.41 seconds
[runlim] time:			0.08 seconds
[runlim] space:			0.0 MB
[runlim] samples:		1
[runlim] version:		1.10
[runlim] time limit:		311040000 seconds
[runlim] real time limit:	1200 seconds
[runlim] space limit:		15000 MB
[runlim] argv[0]:		/raid/steuber/Software/boolector/build/bin/boolector
[runlim] argv[1]:		/raid/steuber/Benchmarks/2019/QF_BV/Sage2/bench_15694.smt2
[runlim] start:			Tue May 12 01:59:31 2020
[runlim] main pid:		30698
[BTOR>check_sat] 0.301917 seconds
[runlim] end:			Tue May 12 01:59:31 2020
[runlim] status:		ok
[runlim] result:		0
[runlim] children:		0
[runlim] real:			0.74 seconds
[runlim] time:			0.29 seconds
[runlim] space:			7.2 MB
[runlim] samples:		3
[runlim] version:		1.10
[runlim] time limit:		311040000 seconds
[runlim] real time limit:	1200 seconds
[runlim] space limit:		15000 MB
[runlim] argv[0]:		/raid/steuber/Software/boolector/build/bin/boolector
[runlim] argv[1]:		/raid/steuber/Benchmarks/2019/QF_BV/sage/app7/bench_150.smt2
[runlim] start:			Tue May 12 01:59:31 2020
[runlim] main pid:		30702
[BTOR>check_sat] 0.000226 seconds
[runlim] end:			Tue May 12 01:59:33 2020
[runlim] status:		ok
[runlim] result:		0
[runlim] children:		0
[runlim] real:			2.10 seconds
[runlim] time:			1.27 seconds
[runlim] space:			45.7 MB
[runlim] samples:		13
[runlim] version:		1.10
[runlim] time limit:		311040000 seconds
[runlim] real time limit:	1200 seconds
[runlim] space limit:		15000 MB
[runlim] argv[0]:		/raid/steuber/Software/boolector/build/bin/boolector
[runlim] argv[1]:		/raid/steuber/Benchmarks/2019/QF_BV/sage/app1/bench_303.smt2
[runlim] start:			Tue May 12 01:59:33 2020
[runlim] main pid:		30706
[BTOR>check_sat] 0.022778 seconds
[runlim] end:			Tue May 12 01:59:33 2020
[runlim] status:		ok
[runlim] result:		0
[runlim] children:		0
[runlim] real:			0.17 seconds
[runlim] time:			0.00 seconds
[runlim] space:			0.0 MB
[runlim] samples:		0
[runlim] version:		1.10
[runlim] time limit:		311040000 seconds
[runlim] real time limit:	1200 seconds
[runlim] space limit:		15000 MB
[runlim] argv[0]:		/raid/steuber/Software/boolector/build/bin/boolector
[runlim] argv[1]:		/raid/steuber/Benchmarks/2019/QF_BV/sage/app2/bench_588.smt2
[runlim] start:			Tue May 12 01:59:33 2020
[runlim] main pid:		30710
[BTOR>check_sat] 0.000076 seconds
[runlim] end:			Tue May 12 01:59:33 2020
[runlim] status:		ok
[runlim] result:		0
[runlim] children:		0
[runlim] real:			0.28 seconds
[runlim] time:			0.06 seconds
[runlim] space:			6.1 MB
[runlim] samples:		1
