[runlim] version:		1.10
[runlim] time limit:		311040000 seconds
[runlim] real time limit:	1200 seconds
[runlim] space limit:		15000 MB
[runlim] argv[0]:		/raid/steuber/Software/boolector/build/bin/boolector
[runlim] argv[1]:		/raid/steuber/Benchmarks/2019/QF_BV/Sage2/bench_4715.smt2
[runlim] start:			Tue May 12 03:37:21 2020
[runlim] main pid:		22799
[BTOR>check_sat] 0.134390 seconds
[runlim] end:			Tue May 12 03:37:21 2020
[runlim] status:		ok
[runlim] result:		0
[runlim] children:		0
[runlim] real:			0.57 seconds
[runlim] time:			0.08 seconds
[runlim] space:			3.5 MB
[runlim] samples:		1
[runlim] version:		1.10
[runlim] time limit:		311040000 seconds
[runlim] real time limit:	1200 seconds
[runlim] space limit:		15000 MB
[runlim] argv[0]:		/raid/steuber/Software/boolector/build/bin/boolector
[runlim] argv[1]:		/raid/steuber/Benchmarks/2019/QF_BV/sage/app2/bench_498.smt2
[runlim] start:			Tue May 12 03:37:21 2020
[runlim] main pid:		22803
[BTOR>check_sat] 0.000090 seconds
[runlim] end:			Tue May 12 03:37:21 2020
[runlim] status:		ok
[runlim] result:		0
[runlim] children:		0
[runlim] real:			0.71 seconds
[runlim] time:			0.06 seconds
[runlim] space:			7.4 MB
[runlim] samples:		1
[runlim] version:		1.10
[runlim] time limit:		311040000 seconds
[runlim] real time limit:	1200 seconds
[runlim] space limit:		15000 MB
[runlim] argv[0]:		/raid/steuber/Software/boolector/build/bin/boolector
[runlim] argv[1]:		/raid/steuber/Benchmarks/2019/QF_BV/Sage2/bench_13257.smt2
[runlim] start:			Tue May 12 03:37:21 2020
[runlim] main pid:		22807
[BTOR>check_sat] 0.539524 seconds
[runlim] end:			Tue May 12 03:37:22 2020
[runlim] status:		ok
[runlim] result:		0
[runlim] children:		0
[runlim] real:			1.67 seconds
[runlim] time:			0.86 seconds
[runlim] space:			26.9 MB
[runlim] samples:		9
[runlim] version:		1.10
[runlim] time limit:		311040000 seconds
[runlim] real time limit:	1200 seconds
[runlim] space limit:		15000 MB
[runlim] argv[0]:		/raid/steuber/Software/boolector/build/bin/boolector
[runlim] argv[1]:		/raid/steuber/Benchmarks/2019/QF_BV/sage/app5/bench_270.smt2
[runlim] start:			Tue May 12 03:37:22 2020
[runlim] main pid:		22811
[BTOR>check_sat] 0.072897 seconds
[runlim] end:			Tue May 12 03:37:22 2020
[runlim] status:		ok
[runlim] result:		0
[runlim] children:		0
[runlim] real:			0.77 seconds
[runlim] time:			0.00 seconds
[runlim] space:			0.0 MB
[runlim] samples:		0
[runlim] version:		1.10
[runlim] time limit:		311040000 seconds
[runlim] real time limit:	1200 seconds
[runlim] space limit:		15000 MB
[runlim] argv[0]:		/raid/steuber/Software/boolector/build/bin/boolector
[runlim] argv[1]:		/raid/steuber/Benchmarks/2019/QF_BV/sage/app7/bench_4404.smt2
[runlim] start:			Tue May 12 03:37:22 2020
[runlim] main pid:		22815
[BTOR>check_sat] 0.000415 seconds
[runlim] end:			Tue May 12 03:37:22 2020
[runlim] status:		ok
[runlim] result:		0
[runlim] children:		0
[runlim] real:			0.94 seconds
[runlim] time:			0.07 seconds
[runlim] space:			6.1 MB
[runlim] samples:		1
[runlim] version:		1.10
[runlim] time limit:		311040000 seconds
[runlim] real time limit:	1200 seconds
[runlim] space limit:		15000 MB
[runlim] argv[0]:		/raid/steuber/Software/boolector/build/bin/boolector
[runlim] argv[1]:		/raid/steuber/Benchmarks/2019/QF_BV/sage/app2/bench_1397.smt2
[runlim] start:			Tue May 12 03:37:22 2020
[runlim] main pid:		22819
[BTOR>check_sat] 0.070869 seconds
[runlim] end:			Tue May 12 03:37:23 2020
[runlim] status:		ok
[runlim] result:		0
[runlim] children:		0
[runlim] real:			1.05 seconds
[runlim] time:			0.08 seconds
[runlim] space:			0.0 MB
[runlim] samples:		1
[runlim] version:		1.10
[runlim] time limit:		311040000 seconds
[runlim] real time limit:	1200 seconds
[runlim] space limit:		15000 MB
[runlim] argv[0]:		/raid/steuber/Software/boolector/build/bin/boolector
[runlim] argv[1]:		/raid/steuber/Benchmarks/2019/QF_BV/Sage2/bench_4758.smt2
[runlim] start:			Tue May 12 03:37:23 2020
[runlim] main pid:		22823
[runlim] sample:		10.0 time, 10.1 real, 10.8 MB
[BTOR>check_sat] 15.739725 seconds
[runlim] end:			Tue May 12 03:37:38 2020
[runlim] status:		ok
[runlim] result:		0
[runlim] children:		0
[runlim] real:			15.82 seconds
[runlim] time:			15.67 seconds
[runlim] space:			15.0 MB
[runlim] samples:		157
[runlim] version:		1.10
[runlim] time limit:		311040000 seconds
[runlim] real time limit:	1200 seconds
[runlim] space limit:		15000 MB
[runlim] argv[0]:		/raid/steuber/Software/boolector/build/bin/boolector
[runlim] argv[1]:		/raid/steuber/Benchmarks/2019/QF_BV/sage/app1/bench_2425.smt2
[runlim] start:			Tue May 12 03:37:38 2020
[runlim] main pid:		22829
[BTOR>check_sat] 0.078857 seconds
[runlim] end:			Tue May 12 03:37:38 2020
[runlim] status:		ok
[runlim] result:		0
[runlim] children:		0
[runlim] real:			0.94 seconds
[runlim] time:			0.08 seconds
[runlim] space:			13.6 MB
[runlim] samples:		1
[runlim] version:		1.10
[runlim] time limit:		311040000 seconds
[runlim] real time limit:	1200 seconds
[runlim] space limit:		15000 MB
[runlim] argv[0]:		/raid/steuber/Software/boolector/build/bin/boolector
[runlim] argv[1]:		/raid/steuber/Benchmarks/2019/QF_BV/sage/app7/bench_246.smt2
[runlim] start:			Tue May 12 03:37:38 2020
[runlim] main pid:		22833
[BTOR>check_sat] 0.000201 seconds
[runlim] end:			Tue May 12 03:37:40 2020
[runlim] status:		ok
[runlim] result:		0
[runlim] children:		0
[runlim] real:			2.34 seconds
[runlim] time:			1.26 seconds
[runlim] space:			45.6 MB
[runlim] samples:		13
[runlim] version:		1.10
[runlim] time limit:		311040000 seconds
[runlim] real time limit:	1200 seconds
[runlim] space limit:		15000 MB
[runlim] argv[0]:		/raid/steuber/Software/boolector/build/bin/boolector
[runlim] argv[1]:		/raid/steuber/Benchmarks/2019/QF_BV/Sage2/bench_11295.smt2
[runlim] start:			Tue May 12 03:37:40 2020
[runlim] main pid:		22837
[BTOR>check_sat] 3.461352 seconds
[runlim] end:			Tue May 12 03:37:43 2020
[runlim] status:		ok
[runlim] result:		0
[runlim] children:		0
[runlim] real:			3.90 seconds
[runlim] time:			3.47 seconds
[runlim] space:			28.3 MB
[runlim] samples:		35
[runlim] version:		1.10
[runlim] time limit:		311040000 seconds
[runlim] real time limit:	1200 seconds
[runlim] space limit:		15000 MB
[runlim] argv[0]:		/raid/steuber/Software/boolector/build/bin/boolector
[runlim] argv[1]:		/raid/steuber/Benchmarks/2019/QF_BV/sage/app11/bench_57.smt2
[runlim] start:			Tue May 12 03:37:43 2020
[runlim] main pid:		22843
[BTOR>check_sat] 0.000336 seconds
[runlim] end:			Tue May 12 03:37:44 2020
[runlim] status:		ok
[runlim] result:		0
[runlim] children:		0
[runlim] real:			1.42 seconds
[runlim] time:			0.46 seconds
[runlim] space:			28.6 MB
[runlim] samples:		5
[runlim] version:		1.10
[runlim] time limit:		311040000 seconds
[runlim] real time limit:	1200 seconds
[runlim] space limit:		15000 MB
[runlim] argv[0]:		/raid/steuber/Software/boolector/build/bin/boolector
[runlim] argv[1]:		/raid/steuber/Benchmarks/2019/QF_BV/sage/app7/bench_4892.smt2
[runlim] start:			Tue May 12 03:37:44 2020
[runlim] main pid:		22847
[BTOR>check_sat] 0.000406 seconds
[runlim] end:			Tue May 12 03:37:45 2020
[runlim] status:		ok
[runlim] result:		0
[runlim] children:		0
[runlim] real:			1.89 seconds
[runlim] time:			1.37 seconds
[runlim] space:			49.0 MB
[runlim] samples:		14
[runlim] version:		1.10
[runlim] time limit:		311040000 seconds
[runlim] real time limit:	1200 seconds
[runlim] space limit:		15000 MB
[runlim] argv[0]:		/raid/steuber/Software/boolector/build/bin/boolector
[runlim] argv[1]:		/raid/steuber/Benchmarks/2019/QF_BV/sage/app11/bench_183.smt2
[runlim] start:			Tue May 12 03:37:45 2020
[runlim] main pid:		22851
[BTOR>check_sat] 0.000295 seconds
[runlim] end:			Tue May 12 03:37:46 2020
[runlim] status:		ok
[runlim] result:		0
[runlim] children:		0
[runlim] real:			1.42 seconds
[runlim] time:			0.46 seconds
[runlim] space:			28.4 MB
[runlim] samples:		5
[runlim] version:		1.10
[runlim] time limit:		311040000 seconds
[runlim] real time limit:	1200 seconds
[runlim] space limit:		15000 MB
[runlim] argv[0]:		/raid/steuber/Software/boolector/build/bin/boolector
[runlim] argv[1]:		/raid/steuber/Benchmarks/2019/QF_BV/Sage2/bench_16263.smt2
[runlim] start:			Tue May 12 03:37:46 2020
[runlim] main pid:		22857
[BTOR>check_sat] 0.386220 seconds
[runlim] end:			Tue May 12 03:37:46 2020
[runlim] status:		ok
[runlim] result:		0
[runlim] children:		0
[runlim] real:			0.82 seconds
[runlim] time:			0.39 seconds
[runlim] space:			6.0 MB
[runlim] samples:		4
[runlim] version:		1.10
[runlim] time limit:		311040000 seconds
[runlim] real time limit:	1200 seconds
[runlim] space limit:		15000 MB
[runlim] argv[0]:		/raid/steuber/Software/boolector/build/bin/boolector
[runlim] argv[1]:		/raid/steuber/Benchmarks/2019/QF_BV/Sage2/bench_10547.smt2
[runlim] start:			Tue May 12 03:37:46 2020
[runlim] main pid:		22861
[BTOR>check_sat] 0.122191 seconds
[runlim] end:			Tue May 12 03:37:46 2020
[runlim] status:		ok
[runlim] result:		0
[runlim] children:		0
[runlim] real:			0.97 seconds
[runlim] time:			0.09 seconds
[runlim] space:			3.2 MB
[runlim] samples:		1
[runlim] version:		1.10
[runlim] time limit:		311040000 seconds
[runlim] real time limit:	1200 seconds
[runlim] space limit:		15000 MB
[runlim] argv[0]:		/raid/steuber/Software/boolector/build/bin/boolector
[runlim] argv[1]:		/raid/steuber/Benchmarks/2019/QF_BV/sage/app7/bench_6097.smt2
[runlim] start:			Tue May 12 03:37:46 2020
[runlim] main pid:		22865
[BTOR>check_sat] 0.000075 seconds
[runlim] end:			Tue May 12 03:37:46 2020
[runlim] status:		ok
[runlim] result:		0
[runlim] children:		0
[runlim] real:			0.99 seconds
[runlim] time:			0.00 seconds
[runlim] space:			0.0 MB
[runlim] samples:		0
[runlim] version:		1.10
[runlim] time limit:		311040000 seconds
[runlim] real time limit:	1200 seconds
[runlim] space limit:		15000 MB
[runlim] argv[0]:		/raid/steuber/Software/boolector/build/bin/boolector
[runlim] argv[1]:		/raid/steuber/Benchmarks/2019/QF_BV/sage/app7/bench_5699.smt2
[runlim] start:			Tue May 12 03:37:46 2020
[runlim] main pid:		22869
[BTOR>check_sat] 0.000126 seconds
[runlim] end:			Tue May 12 03:37:47 2020
[runlim] status:		ok
[runlim] result:		0
[runlim] children:		0
[runlim] real:			1.04 seconds
[runlim] time:			0.00 seconds
[runlim] space:			0.0 MB
[runlim] samples:		0
[runlim] version:		1.10
[runlim] time limit:		311040000 seconds
[runlim] real time limit:	1200 seconds
[runlim] space limit:		15000 MB
[runlim] argv[0]:		/raid/steuber/Software/boolector/build/bin/boolector
[runlim] argv[1]:		/raid/steuber/Benchmarks/2019/QF_BV/sage/app9/bench_727.smt2
[runlim] start:			Tue May 12 03:37:47 2020
[runlim] main pid:		22873
[BTOR>check_sat] 0.011383 seconds
[runlim] end:			Tue May 12 03:37:47 2020
[runlim] status:		ok
[runlim] result:		0
[runlim] children:		0
[runlim] real:			0.06 seconds
[runlim] time:			0.00 seconds
[runlim] space:			0.0 MB
[runlim] samples:		0
[runlim] version:		1.10
[runlim] time limit:		311040000 seconds
[runlim] real time limit:	1200 seconds
[runlim] space limit:		15000 MB
[runlim] argv[0]:		/raid/steuber/Software/boolector/build/bin/boolector
[runlim] argv[1]:		/raid/steuber/Benchmarks/2019/QF_BV/sage/app7/bench_5513.smt2
[runlim] start:			Tue May 12 03:37:47 2020
[runlim] main pid:		22877
[BTOR>check_sat] 0.000360 seconds
[runlim] end:			Tue May 12 03:37:48 2020
[runlim] status:		ok
[runlim] result:		0
[runlim] children:		0
[runlim] real:			1.48 seconds
[runlim] time:			1.37 seconds
[runlim] space:			47.9 MB
[runlim] samples:		14
[runlim] version:		1.10
[runlim] time limit:		311040000 seconds
[runlim] real time limit:	1200 seconds
[runlim] space limit:		15000 MB
[runlim] argv[0]:		/raid/steuber/Software/boolector/build/bin/boolector
[runlim] argv[1]:		/raid/steuber/Benchmarks/2019/QF_BV/Sage2/bench_6650.smt2
[runlim] start:			Tue May 12 03:37:48 2020
[runlim] main pid:		22882
[BTOR>check_sat] 0.113522 seconds
[runlim] end:			Tue May 12 03:37:48 2020
[runlim] status:		ok
[runlim] result:		0
[runlim] children:		0
[runlim] real:			0.61 seconds
[runlim] time:			0.08 seconds
[runlim] space:			3.1 MB
[runlim] samples:		1
[runlim] version:		1.10
[runlim] time limit:		311040000 seconds
[runlim] real time limit:	1200 seconds
[runlim] space limit:		15000 MB
[runlim] argv[0]:		/raid/steuber/Software/boolector/build/bin/boolector
[runlim] argv[1]:		/raid/steuber/Benchmarks/2019/QF_BV/Sage2/bench_17745.smt2
[runlim] start:			Tue May 12 03:37:48 2020
[runlim] main pid:		22886
[BTOR>check_sat] 4.511699 seconds
[runlim] end:			Tue May 12 03:37:53 2020
[runlim] status:		ok
[runlim] result:		0
[runlim] children:		0
[runlim] real:			5.18 seconds
[runlim] time:			4.46 seconds
[runlim] space:			29.1 MB
[runlim] samples:		45
[runlim] version:		1.10
[runlim] time limit:		311040000 seconds
[runlim] real time limit:	1200 seconds
[runlim] space limit:		15000 MB
[runlim] argv[0]:		/raid/steuber/Software/boolector/build/bin/boolector
[runlim] argv[1]:		/raid/steuber/Benchmarks/2019/QF_BV/sage/app12/bench_5386.smt2
[runlim] start:			Tue May 12 03:37:53 2020
[runlim] main pid:		22890
[BTOR>check_sat] 0.000496 seconds
[runlim] end:			Tue May 12 03:37:53 2020
[runlim] status:		ok
[runlim] result:		0
[runlim] children:		0
[runlim] real:			0.20 seconds
[runlim] time:			0.00 seconds
[runlim] space:			0.0 MB
[runlim] samples:		0
[runlim] version:		1.10
[runlim] time limit:		311040000 seconds
[runlim] real time limit:	1200 seconds
[runlim] space limit:		15000 MB
[runlim] argv[0]:		/raid/steuber/Software/boolector/build/bin/boolector
[runlim] argv[1]:		/raid/steuber/Benchmarks/2019/QF_BV/sage/app7/bench_5842.smt2
[runlim] start:			Tue May 12 03:37:53 2020
[runlim] main pid:		22894
[BTOR>check_sat] 0.000090 seconds
[runlim] end:			Tue May 12 03:37:53 2020
[runlim] status:		ok
[runlim] result:		0
[runlim] children:		0
[runlim] real:			0.23 seconds
[runlim] time:			0.00 seconds
[runlim] space:			0.0 MB
[runlim] samples:		0
[runlim] version:		1.10
[runlim] time limit:		311040000 seconds
[runlim] real time limit:	1200 seconds
[runlim] space limit:		15000 MB
[runlim] argv[0]:		/raid/steuber/Software/boolector/build/bin/boolector
[runlim] argv[1]:		/raid/steuber/Benchmarks/2019/QF_BV/Sage2/bench_16388.smt2
[runlim] start:			Tue May 12 03:37:53 2020
[runlim] main pid:		22898
[BTOR>check_sat] 2.375534 seconds
[runlim] end:			Tue May 12 03:37:55 2020
[runlim] status:		ok
[runlim] result:		0
[runlim] children:		0
[runlim] real:			2.66 seconds
[runlim] time:			2.38 seconds
[runlim] space:			12.8 MB
[runlim] samples:		24
[runlim] version:		1.10
[runlim] time limit:		311040000 seconds
[runlim] real time limit:	1200 seconds
[runlim] space limit:		15000 MB
[runlim] argv[0]:		/raid/steuber/Software/boolector/build/bin/boolector
[runlim] argv[1]:		/raid/steuber/Benchmarks/2019/QF_BV/sage/app9/bench_30.smt2
[runlim] start:			Tue May 12 03:37:55 2020
[runlim] main pid:		22902
[BTOR>check_sat] 0.004160 seconds
[runlim] end:			Tue May 12 03:37:55 2020
[runlim] status:		ok
[runlim] result:		0
[runlim] children:		0
[runlim] real:			0.69 seconds
[runlim] time:			0.00 seconds
[runlim] space:			0.0 MB
[runlim] samples:		0
[runlim] version:		1.10
[runlim] time limit:		311040000 seconds
[runlim] real time limit:	1200 seconds
[runlim] space limit:		15000 MB
[runlim] argv[0]:		/raid/steuber/Software/boolector/build/bin/boolector
[runlim] argv[1]:		/raid/steuber/Benchmarks/2019/QF_BV/sage/app2/bench_1225.smt2
[runlim] start:			Tue May 12 03:37:55 2020
[runlim] main pid:		22906
[BTOR>check_sat] 0.000072 seconds
[runlim] end:			Tue May 12 03:37:55 2020
[runlim] status:		ok
[runlim] result:		0
[runlim] children:		0
[runlim] real:			0.73 seconds
[runlim] time:			0.00 seconds
[runlim] space:			0.0 MB
[runlim] samples:		0
[runlim] version:		1.10
[runlim] time limit:		311040000 seconds
[runlim] real time limit:	1200 seconds
[runlim] space limit:		15000 MB
[runlim] argv[0]:		/raid/steuber/Software/boolector/build/bin/boolector
[runlim] argv[1]:		/raid/steuber/Benchmarks/2019/QF_BV/Sage2/bench_17534.smt2
[runlim] start:			Tue May 12 03:37:55 2020
[runlim] main pid:		22910
[BTOR>check_sat] 0.774993 seconds
[runlim] end:			Tue May 12 03:37:56 2020
[runlim] status:		ok
[runlim] result:		0
[runlim] children:		0
[runlim] real:			1.53 seconds
[runlim] time:			0.68 seconds
[runlim] space:			8.3 MB
[runlim] samples:		7
[runlim] version:		1.10
[runlim] time limit:		311040000 seconds
[runlim] real time limit:	1200 seconds
[runlim] space limit:		15000 MB
[runlim] argv[0]:		/raid/steuber/Software/boolector/build/bin/boolector
[runlim] argv[1]:		/raid/steuber/Benchmarks/2019/QF_BV/sage/app7/bench_1045.smt2
[runlim] start:			Tue May 12 03:37:56 2020
[runlim] main pid:		22914
[BTOR>check_sat] 0.001250 seconds
[runlim] end:			Tue May 12 03:37:57 2020
[runlim] status:		ok
[runlim] result:		0
[runlim] children:		0
[runlim] real:			1.57 seconds
[runlim] time:			0.97 seconds
[runlim] space:			36.5 MB
[runlim] samples:		10
[runlim] version:		1.10
[runlim] time limit:		311040000 seconds
[runlim] real time limit:	1200 seconds
[runlim] space limit:		15000 MB
[runlim] argv[0]:		/raid/steuber/Software/boolector/build/bin/boolector
[runlim] argv[1]:		/raid/steuber/Benchmarks/2019/QF_BV/sage/app7/bench_6359.smt2
[runlim] start:			Tue May 12 03:37:57 2020
[runlim] main pid:		22918
[BTOR>check_sat] 0.000057 seconds
[runlim] end:			Tue May 12 03:37:57 2020
[runlim] status:		ok
[runlim] result:		0
[runlim] children:		0
[runlim] real:			0.60 seconds
[runlim] time:			0.00 seconds
[runlim] space:			0.0 MB
[runlim] samples:		0
[runlim] version:		1.10
[runlim] time limit:		311040000 seconds
[runlim] real time limit:	1200 seconds
[runlim] space limit:		15000 MB
[runlim] argv[0]:		/raid/steuber/Software/boolector/build/bin/boolector
[runlim] argv[1]:		/raid/steuber/Benchmarks/2019/QF_BV/sage/app2/bench_904.smt2
[runlim] start:			Tue May 12 03:37:57 2020
[runlim] main pid:		22922
[BTOR>check_sat] 0.000063 seconds
[runlim] end:			Tue May 12 03:37:57 2020
[runlim] status:		ok
[runlim] result:		0
[runlim] children:		0
[runlim] real:			0.66 seconds
[runlim] time:			0.00 seconds
[runlim] space:			0.0 MB
[runlim] samples:		0
[runlim] version:		1.10
[runlim] time limit:		311040000 seconds
[runlim] real time limit:	1200 seconds
[runlim] space limit:		15000 MB
[runlim] argv[0]:		/raid/steuber/Software/boolector/build/bin/boolector
[runlim] argv[1]:		/raid/steuber/Benchmarks/2019/QF_BV/Sage2/bench_10834.smt2
[runlim] start:			Tue May 12 03:37:57 2020
[runlim] main pid:		22926
[BTOR>check_sat] 0.095785 seconds
[runlim] end:			Tue May 12 03:37:57 2020
[runlim] status:		ok
[runlim] result:		0
[runlim] children:		0
[runlim] real:			0.80 seconds
[runlim] time:			0.07 seconds
[runlim] space:			4.0 MB
[runlim] samples:		1
[runlim] version:		1.10
[runlim] time limit:		311040000 seconds
[runlim] real time limit:	1200 seconds
[runlim] space limit:		15000 MB
[runlim] argv[0]:		/raid/steuber/Software/boolector/build/bin/boolector
[runlim] argv[1]:		/raid/steuber/Benchmarks/2019/QF_BV/sage/app9/bench_2727.smt2
[runlim] start:			Tue May 12 03:37:57 2020
[runlim] main pid:		22930
[BTOR>check_sat] 0.000035 seconds
[runlim] end:			Tue May 12 03:37:57 2020
[runlim] status:		ok
[runlim] result:		0
[runlim] children:		0
[runlim] real:			0.82 seconds
[runlim] time:			0.00 seconds
[runlim] space:			0.0 MB
[runlim] samples:		0
[runlim] version:		1.10
[runlim] time limit:		311040000 seconds
[runlim] real time limit:	1200 seconds
[runlim] space limit:		15000 MB
[runlim] argv[0]:		/raid/steuber/Software/boolector/build/bin/boolector
[runlim] argv[1]:		/raid/steuber/Benchmarks/2019/QF_BV/sage/app7/bench_5861.smt2
[runlim] start:			Tue May 12 03:37:57 2020
[runlim] main pid:		22934
[BTOR>check_sat] 0.000080 seconds
[runlim] end:			Tue May 12 03:37:57 2020
[runlim] status:		ok
[runlim] result:		0
[runlim] children:		0
[runlim] real:			0.87 seconds
[runlim] time:			0.00 seconds
[runlim] space:			0.0 MB
[runlim] samples:		0
[runlim] version:		1.10
[runlim] time limit:		311040000 seconds
[runlim] real time limit:	1200 seconds
[runlim] space limit:		15000 MB
[runlim] argv[0]:		/raid/steuber/Software/boolector/build/bin/boolector
[runlim] argv[1]:		/raid/steuber/Benchmarks/2019/QF_BV/Sage2/bench_14332.smt2
[runlim] start:			Tue May 12 03:37:57 2020
[runlim] main pid:		22938
[BTOR>check_sat] 0.171728 seconds
[runlim] end:			Tue May 12 03:37:58 2020
[runlim] status:		ok
[runlim] result:		0
[runlim] children:		0
[runlim] real:			1.06 seconds
[runlim] time:			0.09 seconds
[runlim] space:			3.8 MB
[runlim] samples:		1
[runlim] version:		1.10
[runlim] time limit:		311040000 seconds
[runlim] real time limit:	1200 seconds
[runlim] space limit:		15000 MB
[runlim] argv[0]:		/raid/steuber/Software/boolector/build/bin/boolector
[runlim] argv[1]:		/raid/steuber/Benchmarks/2019/QF_BV/Sage2/bench_17193.smt2
[runlim] start:			Tue May 12 03:37:58 2020
[runlim] main pid:		22942
[BTOR>check_sat] 0.112928 seconds
[runlim] end:			Tue May 12 03:37:58 2020
[runlim] status:		ok
[runlim] result:		0
[runlim] children:		0
[runlim] real:			0.19 seconds
[runlim] time:			0.08 seconds
[runlim] space:			3.4 MB
[runlim] samples:		1
[runlim] version:		1.10
[runlim] time limit:		311040000 seconds
[runlim] real time limit:	1200 seconds
[runlim] space limit:		15000 MB
[runlim] argv[0]:		/raid/steuber/Software/boolector/build/bin/boolector
[runlim] argv[1]:		/raid/steuber/Benchmarks/2019/QF_BV/sage/app7/bench_5557.smt2
[runlim] start:			Tue May 12 03:37:58 2020
[runlim] main pid:		22946
[BTOR>check_sat] 0.000255 seconds
[runlim] end:			Tue May 12 03:38:00 2020
[runlim] status:		ok
[runlim] result:		0
[runlim] children:		0
[runlim] real:			2.07 seconds
[runlim] time:			1.76 seconds
[runlim] space:			60.7 MB
[runlim] samples:		18
[runlim] version:		1.10
[runlim] time limit:		311040000 seconds
[runlim] real time limit:	1200 seconds
[runlim] space limit:		15000 MB
[runlim] argv[0]:		/raid/steuber/Software/boolector/build/bin/boolector
[runlim] argv[1]:		/raid/steuber/Benchmarks/2019/QF_BV/sage/app7/bench_3781.smt2
[runlim] start:			Tue May 12 03:38:00 2020
[runlim] main pid:		22950
[BTOR>check_sat] 0.000477 seconds
[runlim] end:			Tue May 12 03:38:01 2020
[runlim] status:		ok
[runlim] result:		0
[runlim] children:		0
[runlim] real:			1.60 seconds
[runlim] time:			1.46 seconds
[runlim] space:			51.2 MB
[runlim] samples:		15
[runlim] version:		1.10
[runlim] time limit:		311040000 seconds
[runlim] real time limit:	1200 seconds
[runlim] space limit:		15000 MB
[runlim] argv[0]:		/raid/steuber/Software/boolector/build/bin/boolector
[runlim] argv[1]:		/raid/steuber/Benchmarks/2019/QF_BV/bmc-bv-svcomp14/gcd_1_true.c.17.smt2
[runlim] start:			Tue May 12 03:38:01 2020
[runlim] main pid:		22956
[BTOR>check_sat] 5.478609 seconds
[runlim] end:			Tue May 12 03:38:07 2020
[runlim] status:		ok
[runlim] result:		0
[runlim] children:		0
[runlim] real:			6.11 seconds
[runlim] time:			5.49 seconds
[runlim] space:			24.6 MB
[runlim] samples:		55
[runlim] version:		1.10
[runlim] time limit:		311040000 seconds
[runlim] real time limit:	1200 seconds
[runlim] space limit:		15000 MB
[runlim] argv[0]:		/raid/steuber/Software/boolector/build/bin/boolector
[runlim] argv[1]:		/raid/steuber/Benchmarks/2019/QF_BV/sage/app7/bench_217.smt2
[runlim] start:			Tue May 12 03:38:07 2020
[runlim] main pid:		22961
[BTOR>check_sat] 0.000223 seconds
[runlim] end:			Tue May 12 03:38:08 2020
[runlim] status:		ok
[runlim] result:		0
[runlim] children:		0
[runlim] real:			1.50 seconds
[runlim] time:			1.25 seconds
[runlim] space:			45.6 MB
[runlim] samples:		13
[runlim] version:		1.10
[runlim] time limit:		311040000 seconds
[runlim] real time limit:	1200 seconds
[runlim] space limit:		15000 MB
[runlim] argv[0]:		/raid/steuber/Software/boolector/build/bin/boolector
[runlim] argv[1]:		/raid/steuber/Benchmarks/2019/QF_BV/Sage2/bench_16531.smt2
[runlim] start:			Tue May 12 03:38:08 2020
[runlim] main pid:		22965
[BTOR>check_sat] 0.200983 seconds
[runlim] end:			Tue May 12 03:38:08 2020
[runlim] status:		ok
[runlim] result:		0
[runlim] children:		0
[runlim] real:			0.71 seconds
[runlim] time:			0.19 seconds
[runlim] space:			4.3 MB
[runlim] samples:		2
[runlim] version:		1.10
[runlim] time limit:		311040000 seconds
[runlim] real time limit:	1200 seconds
[runlim] space limit:		15000 MB
[runlim] argv[0]:		/raid/steuber/Software/boolector/build/bin/boolector
[runlim] argv[1]:		/raid/steuber/Benchmarks/2019/QF_BV/sage/app12/bench_795.smt2
[runlim] start:			Tue May 12 03:38:08 2020
[runlim] main pid:		22969
[BTOR>check_sat] 0.000270 seconds
[runlim] end:			Tue May 12 03:38:08 2020
[runlim] status:		ok
[runlim] result:		0
[runlim] children:		0
[runlim] real:			0.73 seconds
[runlim] time:			0.00 seconds
[runlim] space:			0.0 MB
[runlim] samples:		0
[runlim] version:		1.10
[runlim] time limit:		311040000 seconds
[runlim] real time limit:	1200 seconds
[runlim] space limit:		15000 MB
[runlim] argv[0]:		/raid/steuber/Software/boolector/build/bin/boolector
[runlim] argv[1]:		/raid/steuber/Benchmarks/2019/QF_BV/Sage2/bench_6994.smt2
[runlim] start:			Tue May 12 03:38:08 2020
[runlim] main pid:		22973
[BTOR>check_sat] 2.750459 seconds
[runlim] end:			Tue May 12 03:38:11 2020
[runlim] status:		ok
[runlim] result:		0
[runlim] children:		0
[runlim] real:			3.98 seconds
[runlim] time:			3.16 seconds
[runlim] space:			332.3 MB
[runlim] samples:		32
[runlim] version:		1.10
[runlim] time limit:		311040000 seconds
[runlim] real time limit:	1200 seconds
[runlim] space limit:		15000 MB
[runlim] argv[0]:		/raid/steuber/Software/boolector/build/bin/boolector
[runlim] argv[1]:		/raid/steuber/Benchmarks/2019/QF_BV/uclid/catchconv/convert-jpg2gif-query-1212.smt2
[runlim] start:			Tue May 12 03:38:11 2020
[runlim] main pid:		22978
[BTOR>check_sat] 0.212366 seconds
[runlim] end:			Tue May 12 03:38:12 2020
[runlim] status:		ok
[runlim] result:		0
[runlim] children:		0
[runlim] real:			1.41 seconds
[runlim] time:			0.36 seconds
[runlim] space:			16.3 MB
[runlim] samples:		4
[runlim] version:		1.10
[runlim] time limit:		311040000 seconds
[runlim] real time limit:	1200 seconds
[runlim] space limit:		15000 MB
[runlim] argv[0]:		/raid/steuber/Software/boolector/build/bin/boolector
[runlim] argv[1]:		/raid/steuber/Benchmarks/2019/QF_BV/sage/app2/bench_1200.smt2
[runlim] start:			Tue May 12 03:38:12 2020
[runlim] main pid:		22982
[BTOR>check_sat] 0.000059 seconds
[runlim] end:			Tue May 12 03:38:12 2020
[runlim] status:		ok
[runlim] result:		0
[runlim] children:		0
[runlim] real:			0.45 seconds
[runlim] time:			0.00 seconds
[runlim] space:			0.0 MB
[runlim] samples:		0
[runlim] version:		1.10
[runlim] time limit:		311040000 seconds
[runlim] real time limit:	1200 seconds
[runlim] space limit:		15000 MB
[runlim] argv[0]:		/raid/steuber/Software/boolector/build/bin/boolector
[runlim] argv[1]:		/raid/steuber/Benchmarks/2019/QF_BV/sage/app7/bench_176.smt2
[runlim] start:			Tue May 12 03:38:12 2020
[runlim] main pid:		22986
[BTOR>check_sat] 0.000245 seconds
[runlim] end:			Tue May 12 03:38:13 2020
[runlim] status:		ok
[runlim] result:		0
[runlim] children:		0
[runlim] real:			1.82 seconds
[runlim] time:			1.27 seconds
[runlim] space:			45.7 MB
[runlim] samples:		13
[runlim] version:		1.10
[runlim] time limit:		311040000 seconds
[runlim] real time limit:	1200 seconds
[runlim] space limit:		15000 MB
[runlim] argv[0]:		/raid/steuber/Software/boolector/build/bin/boolector
[runlim] argv[1]:		/raid/steuber/Benchmarks/2019/QF_BV/sage/app1/bench_172.smt2
[runlim] start:			Tue May 12 03:38:13 2020
[runlim] main pid:		22991
[BTOR>check_sat] 0.000058 seconds
[runlim] end:			Tue May 12 03:38:13 2020
[runlim] status:		ok
[runlim] result:		0
[runlim] children:		0
[runlim] real:			0.85 seconds
[runlim] time:			0.00 seconds
[runlim] space:			0.0 MB
[runlim] samples:		0
[runlim] version:		1.10
[runlim] time limit:		311040000 seconds
[runlim] real time limit:	1200 seconds
[runlim] space limit:		15000 MB
[runlim] argv[0]:		/raid/steuber/Software/boolector/build/bin/boolector
[runlim] argv[1]:		/raid/steuber/Benchmarks/2019/QF_BV/sage/app2/bench_773.smt2
[runlim] start:			Tue May 12 03:38:13 2020
[runlim] main pid:		22995
[BTOR>check_sat] 0.000075 seconds
[runlim] end:			Tue May 12 03:38:13 2020
[runlim] status:		ok
[runlim] result:		0
[runlim] children:		0
[runlim] real:			0.93 seconds
[runlim] time:			0.00 seconds
[runlim] space:			0.0 MB
[runlim] samples:		0
[runlim] version:		1.10
[runlim] time limit:		311040000 seconds
[runlim] real time limit:	1200 seconds
[runlim] space limit:		15000 MB
[runlim] argv[0]:		/raid/steuber/Software/boolector/build/bin/boolector
[runlim] argv[1]:		/raid/steuber/Benchmarks/2019/QF_BV/sage/app1/bench_2591.smt2
[runlim] start:			Tue May 12 03:38:13 2020
[runlim] main pid:		22999
[BTOR>check_sat] 0.000072 seconds
[runlim] end:			Tue May 12 03:38:13 2020
[runlim] status:		ok
[runlim] result:		0
[runlim] children:		0
[runlim] real:			0.95 seconds
[runlim] time:			0.00 seconds
[runlim] space:			0.0 MB
[runlim] samples:		0
[runlim] version:		1.10
[runlim] time limit:		311040000 seconds
[runlim] real time limit:	1200 seconds
[runlim] space limit:		15000 MB
[runlim] argv[0]:		/raid/steuber/Software/boolector/build/bin/boolector
[runlim] argv[1]:		/raid/steuber/Benchmarks/2019/QF_BV/sage/app7/bench_5676.smt2
[runlim] start:			Tue May 12 03:38:13 2020
[runlim] main pid:		23003
[BTOR>check_sat] 0.000114 seconds
[runlim] end:			Tue May 12 03:38:13 2020
[runlim] status:		ok
[runlim] result:		0
[runlim] children:		0
[runlim] real:			0.99 seconds
[runlim] time:			0.00 seconds
[runlim] space:			0.0 MB
[runlim] samples:		0
[runlim] version:		1.10
[runlim] time limit:		311040000 seconds
[runlim] real time limit:	1200 seconds
[runlim] space limit:		15000 MB
[runlim] argv[0]:		/raid/steuber/Software/boolector/build/bin/boolector
[runlim] argv[1]:		/raid/steuber/Benchmarks/2019/QF_BV/bmc-bv-svcomp14/soft_float_3_true.c.cil.c.21.smt2
[runlim] start:			Tue May 12 03:38:13 2020
[runlim] main pid:		23007
[BTOR>check_sat] 0.000073 seconds
[runlim] end:			Tue May 12 03:38:15 2020
[runlim] status:		ok
[runlim] result:		0
[runlim] children:		0
[runlim] real:			2.04 seconds
[runlim] time:			0.85 seconds
[runlim] space:			3.2 MB
[runlim] samples:		10
[runlim] version:		1.10
[runlim] time limit:		311040000 seconds
[runlim] real time limit:	1200 seconds
[runlim] space limit:		15000 MB
[runlim] argv[0]:		/raid/steuber/Software/boolector/build/bin/boolector
[runlim] argv[1]:		/raid/steuber/Benchmarks/2019/QF_BV/sage/app7/bench_6078.smt2
[runlim] start:			Tue May 12 03:38:15 2020
[runlim] main pid:		23011
[BTOR>check_sat] 0.000068 seconds
[runlim] end:			Tue May 12 03:38:15 2020
[runlim] status:		ok
[runlim] result:		0
[runlim] children:		0
[runlim] real:			0.07 seconds
[runlim] time:			0.00 seconds
[runlim] space:			0.0 MB
[runlim] samples:		0
[runlim] version:		1.10
[runlim] time limit:		311040000 seconds
[runlim] real time limit:	1200 seconds
[runlim] space limit:		15000 MB
[runlim] argv[0]:		/raid/steuber/Software/boolector/build/bin/boolector
[runlim] argv[1]:		/raid/steuber/Benchmarks/2019/QF_BV/sage/app7/bench_278.smt2
[runlim] start:			Tue May 12 03:38:15 2020
[runlim] main pid:		23015
[BTOR>check_sat] 0.000439 seconds
[runlim] end:			Tue May 12 03:38:16 2020
[runlim] status:		ok
[runlim] result:		0
[runlim] children:		0
[runlim] real:			1.39 seconds
[runlim] time:			1.27 seconds
[runlim] space:			44.3 MB
[runlim] samples:		13
[runlim] version:		1.10
[runlim] time limit:		311040000 seconds
[runlim] real time limit:	1200 seconds
[runlim] space limit:		15000 MB
[runlim] argv[0]:		/raid/steuber/Software/boolector/build/bin/boolector
[runlim] argv[1]:		/raid/steuber/Benchmarks/2019/QF_BV/sage/app11/bench_495.smt2
[runlim] start:			Tue May 12 03:38:16 2020
[runlim] main pid:		23019
[BTOR>check_sat] 0.000283 seconds
[runlim] end:			Tue May 12 03:38:16 2020
[runlim] status:		ok
[runlim] result:		0
[runlim] children:		0
[runlim] real:			0.89 seconds
[runlim] time:			0.36 seconds
[runlim] space:			29.1 MB
[runlim] samples:		4
[runlim] version:		1.10
[runlim] time limit:		311040000 seconds
[runlim] real time limit:	1200 seconds
[runlim] space limit:		15000 MB
[runlim] argv[0]:		/raid/steuber/Software/boolector/build/bin/boolector
[runlim] argv[1]:		/raid/steuber/Benchmarks/2019/QF_BV/sage/app7/bench_1705.smt2
[runlim] start:			Tue May 12 03:38:16 2020
[runlim] main pid:		23023
[BTOR>check_sat] 0.000190 seconds
[runlim] end:			Tue May 12 03:38:17 2020
[runlim] status:		ok
[runlim] result:		0
[runlim] children:		0
[runlim] real:			1.37 seconds
[runlim] time:			0.38 seconds
[runlim] space:			22.1 MB
[runlim] samples:		4
[runlim] version:		1.10
[runlim] time limit:		311040000 seconds
[runlim] real time limit:	1200 seconds
[runlim] space limit:		15000 MB
[runlim] argv[0]:		/raid/steuber/Software/boolector/build/bin/boolector
[runlim] argv[1]:		/raid/steuber/Benchmarks/2019/QF_BV/Sage2/bench_17206.smt2
[runlim] start:			Tue May 12 03:38:17 2020
[runlim] main pid:		23027
[BTOR>check_sat] 7.015763 seconds
[runlim] end:			Tue May 12 03:38:24 2020
[runlim] status:		ok
[runlim] result:		0
[runlim] children:		0
[runlim] real:			7.45 seconds
[runlim] time:			6.96 seconds
[runlim] space:			16.9 MB
[runlim] samples:		70
[runlim] version:		1.10
[runlim] time limit:		311040000 seconds
[runlim] real time limit:	1200 seconds
[runlim] space limit:		15000 MB
[runlim] argv[0]:		/raid/steuber/Software/boolector/build/bin/boolector
[runlim] argv[1]:		/raid/steuber/Benchmarks/2019/QF_BV/sage/app7/bench_6024.smt2
[runlim] start:			Tue May 12 03:38:24 2020
[runlim] main pid:		23032
[BTOR>check_sat] 0.000065 seconds
[runlim] end:			Tue May 12 03:38:24 2020
[runlim] status:		ok
[runlim] result:		0
[runlim] children:		0
[runlim] real:			0.48 seconds
[runlim] time:			0.00 seconds
[runlim] space:			0.0 MB
[runlim] samples:		0
[runlim] version:		1.10
[runlim] time limit:		311040000 seconds
[runlim] real time limit:	1200 seconds
[runlim] space limit:		15000 MB
[runlim] argv[0]:		/raid/steuber/Software/boolector/build/bin/boolector
[runlim] argv[1]:		/raid/steuber/Benchmarks/2019/QF_BV/Sage2/bench_12684.smt2
[runlim] start:			Tue May 12 03:38:24 2020
[runlim] main pid:		23036
[runlim] sample:		10.0 time, 10.5 real, 14.2 MB
[BTOR>check_sat] 19.605243 seconds
[runlim] end:			Tue May 12 03:38:44 2020
[runlim] status:		ok
[runlim] result:		0
[runlim] children:		0
[runlim] real:			20.12 seconds
[runlim] time:			19.58 seconds
[runlim] space:			18.1 MB
[runlim] samples:		196
[runlim] version:		1.10
[runlim] time limit:		311040000 seconds
[runlim] real time limit:	1200 seconds
[runlim] space limit:		15000 MB
[runlim] argv[0]:		/raid/steuber/Software/boolector/build/bin/boolector
[runlim] argv[1]:		/raid/steuber/Benchmarks/2019/QF_BV/sage/app9/bench_2737.smt2
[runlim] start:			Tue May 12 03:38:44 2020
[runlim] main pid:		23040
[BTOR>check_sat] 0.007580 seconds
[runlim] end:			Tue May 12 03:38:44 2020
[runlim] status:		ok
[runlim] result:		0
[runlim] children:		0
[runlim] real:			0.16 seconds
[runlim] time:			0.00 seconds
[runlim] space:			0.0 MB
[runlim] samples:		0
[runlim] version:		1.10
[runlim] time limit:		311040000 seconds
[runlim] real time limit:	1200 seconds
[runlim] space limit:		15000 MB
[runlim] argv[0]:		/raid/steuber/Software/boolector/build/bin/boolector
[runlim] argv[1]:		/raid/steuber/Benchmarks/2019/QF_BV/Sage2/bench_876.smt2
[runlim] start:			Tue May 12 03:38:44 2020
[runlim] main pid:		23044
[BTOR>check_sat] 0.067687 seconds
[runlim] end:			Tue May 12 03:38:44 2020
[runlim] status:		ok
[runlim] result:		0
[runlim] children:		0
[runlim] real:			0.25 seconds
[runlim] time:			0.00 seconds
[runlim] space:			0.0 MB
[runlim] samples:		0
[runlim] version:		1.10
[runlim] time limit:		311040000 seconds
[runlim] real time limit:	1200 seconds
[runlim] space limit:		15000 MB
[runlim] argv[0]:		/raid/steuber/Software/boolector/build/bin/boolector
[runlim] argv[1]:		/raid/steuber/Benchmarks/2019/QF_BV/sage/app7/bench_4443.smt2
[runlim] start:			Tue May 12 03:38:44 2020
[runlim] main pid:		23048
[BTOR>check_sat] 0.000414 seconds
[runlim] end:			Tue May 12 03:38:44 2020
[runlim] status:		ok
[runlim] result:		0
[runlim] children:		0
[runlim] real:			0.41 seconds
[runlim] time:			0.08 seconds
[runlim] space:			6.9 MB
[runlim] samples:		1
[runlim] version:		1.10
[runlim] time limit:		311040000 seconds
[runlim] real time limit:	1200 seconds
[runlim] space limit:		15000 MB
[runlim] argv[0]:		/raid/steuber/Software/boolector/build/bin/boolector
[runlim] argv[1]:		/raid/steuber/Benchmarks/2019/QF_BV/Sage2/bench_11349.smt2
[runlim] start:			Tue May 12 03:38:44 2020
[runlim] main pid:		23052
[BTOR>check_sat] 0.138408 seconds
[runlim] end:			Tue May 12 03:38:44 2020
[runlim] status:		ok
[runlim] result:		0
[runlim] children:		0
[runlim] real:			0.56 seconds
[runlim] time:			0.09 seconds
[runlim] space:			3.7 MB
[runlim] samples:		1
[runlim] version:		1.10
[runlim] time limit:		311040000 seconds
[runlim] real time limit:	1200 seconds
[runlim] space limit:		15000 MB
[runlim] argv[0]:		/raid/steuber/Software/boolector/build/bin/boolector
[runlim] argv[1]:		/raid/steuber/Benchmarks/2019/QF_BV/sage/app7/bench_5890.smt2
[runlim] start:			Tue May 12 03:38:44 2020
[runlim] main pid:		23056
[BTOR>check_sat] 0.000075 seconds
[runlim] end:			Tue May 12 03:38:44 2020
[runlim] status:		ok
[runlim] result:		0
[runlim] children:		0
[runlim] real:			0.60 seconds
[runlim] time:			0.00 seconds
[runlim] space:			0.0 MB
[runlim] samples:		0
[runlim] version:		1.10
[runlim] time limit:		311040000 seconds
[runlim] real time limit:	1200 seconds
[runlim] space limit:		15000 MB
[runlim] argv[0]:		/raid/steuber/Software/boolector/build/bin/boolector
[runlim] argv[1]:		/raid/steuber/Benchmarks/2019/QF_BV/Sage2/bench_6702.smt2
[runlim] start:			Tue May 12 03:38:44 2020
[runlim] main pid:		23060
[runlim] sample:		10.0 time, 10.6 real, 11.3 MB
[BTOR>check_sat] 11.754915 seconds
[runlim] end:			Tue May 12 03:38:56 2020
[runlim] status:		ok
[runlim] result:		0
[runlim] children:		0
[runlim] real:			12.37 seconds
[runlim] time:			11.69 seconds
[runlim] space:			12.1 MB
[runlim] samples:		117
[runlim] version:		1.10
[runlim] time limit:		311040000 seconds
[runlim] real time limit:	1200 seconds
[runlim] space limit:		15000 MB
[runlim] argv[0]:		/raid/steuber/Software/boolector/build/bin/boolector
[runlim] argv[1]:		/raid/steuber/Benchmarks/2019/QF_BV/sage/app7/bench_523.smt2
[runlim] start:			Tue May 12 03:38:56 2020
[runlim] main pid:		23068
[BTOR>check_sat] 0.000194 seconds
[runlim] end:			Tue May 12 03:38:57 2020
[runlim] status:		ok
[runlim] result:		0
[runlim] children:		0
[runlim] real:			1.72 seconds
[runlim] time:			1.27 seconds
[runlim] space:			43.6 MB
[runlim] samples:		13
[runlim] version:		1.10
[runlim] time limit:		311040000 seconds
[runlim] real time limit:	1200 seconds
[runlim] space limit:		15000 MB
[runlim] argv[0]:		/raid/steuber/Software/boolector/build/bin/boolector
[runlim] argv[1]:		/raid/steuber/Benchmarks/2019/QF_BV/sage/app8/bench_3366.smt2
[runlim] start:			Tue May 12 03:38:57 2020
[runlim] main pid:		23072
[BTOR>check_sat] 0.000036 seconds
[runlim] end:			Tue May 12 03:38:57 2020
[runlim] status:		ok
[runlim] result:		0
[runlim] children:		0
[runlim] real:			0.75 seconds
[runlim] time:			0.00 seconds
[runlim] space:			0.0 MB
[runlim] samples:		0
[runlim] version:		1.10
[runlim] time limit:		311040000 seconds
[runlim] real time limit:	1200 seconds
[runlim] space limit:		15000 MB
[runlim] argv[0]:		/raid/steuber/Software/boolector/build/bin/boolector
[runlim] argv[1]:		/raid/steuber/Benchmarks/2019/QF_BV/sage/app7/bench_5686.smt2
[runlim] start:			Tue May 12 03:38:57 2020
[runlim] main pid:		23076
[BTOR>check_sat] 0.000112 seconds
[runlim] end:			Tue May 12 03:38:57 2020
[runlim] status:		ok
[runlim] result:		0
[runlim] children:		0
[runlim] real:			0.79 seconds
[runlim] time:			0.00 seconds
[runlim] space:			0.0 MB
[runlim] samples:		0
[runlim] version:		1.10
[runlim] time limit:		311040000 seconds
[runlim] real time limit:	1200 seconds
[runlim] space limit:		15000 MB
[runlim] argv[0]:		/raid/steuber/Software/boolector/build/bin/boolector
[runlim] argv[1]:		/raid/steuber/Benchmarks/2019/QF_BV/Sage2/bench_5291.smt2
[runlim] start:			Tue May 12 03:38:57 2020
[runlim] main pid:		23080
[BTOR>check_sat] 1.874079 seconds
[runlim] end:			Tue May 12 03:38:59 2020
[runlim] status:		ok
[runlim] result:		0
[runlim] children:		0
[runlim] real:			2.73 seconds
[runlim] time:			1.87 seconds
[runlim] space:			12.1 MB
[runlim] samples:		19
[runlim] version:		1.10
[runlim] time limit:		311040000 seconds
[runlim] real time limit:	1200 seconds
[runlim] space limit:		15000 MB
[runlim] argv[0]:		/raid/steuber/Software/boolector/build/bin/boolector
[runlim] argv[1]:		/raid/steuber/Benchmarks/2019/QF_BV/sage/app7/bench_7269.smt2
[runlim] start:			Tue May 12 03:38:59 2020
[runlim] main pid:		23084
[BTOR>check_sat] 0.000591 seconds
[runlim] end:			Tue May 12 03:39:01 2020
[runlim] status:		ok
[runlim] result:		0
[runlim] children:		0
[runlim] real:			2.31 seconds
[runlim] time:			1.28 seconds
[runlim] space:			46.3 MB
[runlim] samples:		15
[runlim] version:		1.10
[runlim] time limit:		311040000 seconds
[runlim] real time limit:	1200 seconds
[runlim] space limit:		15000 MB
[runlim] argv[0]:		/raid/steuber/Software/boolector/build/bin/boolector
[runlim] argv[1]:		/raid/steuber/Benchmarks/2019/QF_BV/sage/app7/bench_5540.smt2
[runlim] start:			Tue May 12 03:39:01 2020
[runlim] main pid:		23090
[BTOR>check_sat] 0.000136 seconds
[runlim] end:			Tue May 12 03:39:01 2020
[runlim] status:		ok
[runlim] result:		0
[runlim] children:		0
[runlim] real:			0.36 seconds
[runlim] time:			0.00 seconds
[runlim] space:			0.0 MB
[runlim] samples:		0
[runlim] version:		1.10
[runlim] time limit:		311040000 seconds
[runlim] real time limit:	1200 seconds
[runlim] space limit:		15000 MB
[runlim] argv[0]:		/raid/steuber/Software/boolector/build/bin/boolector
[runlim] argv[1]:		/raid/steuber/Benchmarks/2019/QF_BV/sage/app7/bench_6836.smt2
[runlim] start:			Tue May 12 03:39:01 2020
[runlim] main pid:		23094
[BTOR>check_sat] 0.000268 seconds
[runlim] end:			Tue May 12 03:39:02 2020
[runlim] status:		ok
[runlim] result:		0
[runlim] children:		0
[runlim] real:			1.77 seconds
[runlim] time:			1.37 seconds
[runlim] space:			46.7 MB
[runlim] samples:		14
[runlim] version:		1.10
[runlim] time limit:		311040000 seconds
[runlim] real time limit:	1200 seconds
[runlim] space limit:		15000 MB
[runlim] argv[0]:		/raid/steuber/Software/boolector/build/bin/boolector
[runlim] argv[1]:		/raid/steuber/Benchmarks/2019/QF_BV/sage/app7/bench_3195.smt2
[runlim] start:			Tue May 12 03:39:02 2020
[runlim] main pid:		23099
[BTOR>check_sat] 0.000718 seconds
[runlim] end:			Tue May 12 03:39:02 2020
[runlim] status:		ok
[runlim] result:		0
[runlim] children:		0
[runlim] real:			1.00 seconds
[runlim] time:			0.17 seconds
[runlim] space:			12.1 MB
[runlim] samples:		2
[runlim] version:		1.10
[runlim] time limit:		311040000 seconds
[runlim] real time limit:	1200 seconds
[runlim] space limit:		15000 MB
[runlim] argv[0]:		/raid/steuber/Software/boolector/build/bin/boolector
[runlim] argv[1]:		/raid/steuber/Benchmarks/2019/QF_BV/sage/app2/bench_266.smt2
[runlim] start:			Tue May 12 03:39:02 2020
[runlim] main pid:		23103
[BTOR>check_sat] 0.026548 seconds
[runlim] end:			Tue May 12 03:39:03 2020
[runlim] status:		ok
[runlim] result:		0
[runlim] children:		0
[runlim] real:			0.05 seconds
[runlim] time:			0.00 seconds
[runlim] space:			0.0 MB
[runlim] samples:		0
[runlim] version:		1.10
[runlim] time limit:		311040000 seconds
[runlim] real time limit:	1200 seconds
[runlim] space limit:		15000 MB
[runlim] argv[0]:		/raid/steuber/Software/boolector/build/bin/boolector
[runlim] argv[1]:		/raid/steuber/Benchmarks/2019/QF_BV/sage/app7/bench_2886.smt2
[runlim] start:			Tue May 12 03:39:03 2020
[runlim] main pid:		23107
[BTOR>check_sat] 0.000263 seconds
[runlim] end:			Tue May 12 03:39:03 2020
[runlim] status:		ok
[runlim] result:		0
[runlim] children:		0
[runlim] real:			0.29 seconds
[runlim] time:			0.18 seconds
[runlim] space:			12.3 MB
[runlim] samples:		2
[runlim] version:		1.10
[runlim] time limit:		311040000 seconds
[runlim] real time limit:	1200 seconds
[runlim] space limit:		15000 MB
[runlim] argv[0]:		/raid/steuber/Software/boolector/build/bin/boolector
[runlim] argv[1]:		/raid/steuber/Benchmarks/2019/QF_BV/Sage2/bench_11655.smt2
[runlim] start:			Tue May 12 03:39:03 2020
[runlim] main pid:		23111
[BTOR>check_sat] 2.437676 seconds
[runlim] end:			Tue May 12 03:39:05 2020
[runlim] status:		ok
[runlim] result:		0
[runlim] children:		0
[runlim] real:			2.75 seconds
[runlim] time:			2.38 seconds
[runlim] space:			17.8 MB
[runlim] samples:		24
[runlim] version:		1.10
[runlim] time limit:		311040000 seconds
[runlim] real time limit:	1200 seconds
[runlim] space limit:		15000 MB
[runlim] argv[0]:		/raid/steuber/Software/boolector/build/bin/boolector
[runlim] argv[1]:		/raid/steuber/Benchmarks/2019/QF_BV/sage/app7/bench_5245.smt2
[runlim] start:			Tue May 12 03:39:05 2020
[runlim] main pid:		23115
[BTOR>check_sat] 0.000169 seconds
[runlim] end:			Tue May 12 03:39:05 2020
[runlim] status:		ok
[runlim] result:		0
[runlim] children:		0
[runlim] real:			0.83 seconds
[runlim] time:			0.00 seconds
[runlim] space:			0.0 MB
[runlim] samples:		0
[runlim] version:		1.10
[runlim] time limit:		311040000 seconds
[runlim] real time limit:	1200 seconds
[runlim] space limit:		15000 MB
[runlim] argv[0]:		/raid/steuber/Software/boolector/build/bin/boolector
[runlim] argv[1]:		/raid/steuber/Benchmarks/2019/QF_BV/Sage2/bench_15504.smt2
[runlim] start:			Tue May 12 03:39:05 2020
[runlim] main pid:		23119
[BTOR>check_sat] 0.167710 seconds
[runlim] end:			Tue May 12 03:39:06 2020
[runlim] status:		ok
[runlim] result:		0
[runlim] children:		0
[runlim] real:			1.02 seconds
[runlim] time:			0.09 seconds
[runlim] space:			3.8 MB
[runlim] samples:		1
[runlim] version:		1.10
[runlim] time limit:		311040000 seconds
[runlim] real time limit:	1200 seconds
[runlim] space limit:		15000 MB
[runlim] argv[0]:		/raid/steuber/Software/boolector/build/bin/boolector
[runlim] argv[1]:		/raid/steuber/Benchmarks/2019/QF_BV/Sage2/bench_15895.smt2
[runlim] start:			Tue May 12 03:39:06 2020
[runlim] main pid:		23123
[BTOR>check_sat] 0.075377 seconds
[runlim] end:			Tue May 12 03:39:06 2020
[runlim] status:		ok
[runlim] result:		0
[runlim] children:		0
[runlim] real:			0.13 seconds
[runlim] time:			0.08 seconds
[runlim] space:			7.1 MB
[runlim] samples:		1
[runlim] version:		1.10
[runlim] time limit:		311040000 seconds
[runlim] real time limit:	1200 seconds
[runlim] space limit:		15000 MB
[runlim] argv[0]:		/raid/steuber/Software/boolector/build/bin/boolector
[runlim] argv[1]:		/raid/steuber/Benchmarks/2019/QF_BV/sage/app1/bench_2166.smt2
[runlim] start:			Tue May 12 03:39:06 2020
[runlim] main pid:		23127
[BTOR>check_sat] 0.012266 seconds
[runlim] end:			Tue May 12 03:39:06 2020
[runlim] status:		ok
[runlim] result:		0
[runlim] children:		0
[runlim] real:			0.17 seconds
[runlim] time:			0.00 seconds
[runlim] space:			0.0 MB
[runlim] samples:		0
[runlim] version:		1.10
[runlim] time limit:		311040000 seconds
[runlim] real time limit:	1200 seconds
[runlim] space limit:		15000 MB
[runlim] argv[0]:		/raid/steuber/Software/boolector/build/bin/boolector
[runlim] argv[1]:		/raid/steuber/Benchmarks/2019/QF_BV/sage/app7/bench_6152.smt2
[runlim] start:			Tue May 12 03:39:06 2020
[runlim] main pid:		23131
[BTOR>check_sat] 0.000064 seconds
[runlim] end:			Tue May 12 03:39:06 2020
[runlim] status:		ok
[runlim] result:		0
[runlim] children:		0
[runlim] real:			0.19 seconds
[runlim] time:			0.00 seconds
[runlim] space:			0.0 MB
[runlim] samples:		0
[runlim] version:		1.10
[runlim] time limit:		311040000 seconds
[runlim] real time limit:	1200 seconds
[runlim] space limit:		15000 MB
[runlim] argv[0]:		/raid/steuber/Software/boolector/build/bin/boolector
[runlim] argv[1]:		/raid/steuber/Benchmarks/2019/QF_BV/sage/app7/bench_6304.smt2
[runlim] start:			Tue May 12 03:39:06 2020
[runlim] main pid:		23135
[BTOR>check_sat] 0.000046 seconds
[runlim] end:			Tue May 12 03:39:06 2020
[runlim] status:		ok
[runlim] result:		0
[runlim] children:		0
[runlim] real:			0.21 seconds
[runlim] time:			0.00 seconds
[runlim] space:			0.0 MB
[runlim] samples:		0
