[runner] /raid/steuber/Benchmarks/2019/QF_BV/sage/app9/bench_616.smt2
unsat
[runner] /raid/steuber/Benchmarks/2019/QF_BV/sage/app9/bench_341.smt2
unsat
[runner] /raid/steuber/Benchmarks/2019/QF_BV/sage/app2/bench_1207.smt2
unsat
[runner] /raid/steuber/Benchmarks/2019/QF_BV/Sage2/bench_10094.smt2
unsat
[runner] /raid/steuber/Benchmarks/2019/QF_BV/sage/app1/bench_1198.smt2
unsat
[runner] /raid/steuber/Benchmarks/2019/QF_BV/Sage2/bench_10275.smt2
unsat
[runner] /raid/steuber/Benchmarks/2019/QF_BV/sage/app7/bench_3096.smt2
unsat
[runner] /raid/steuber/Benchmarks/2019/QF_BV/sage/app7/bench_5767.smt2
unsat
[runner] /raid/steuber/Benchmarks/2019/QF_BV/sage/app11/bench_284.smt2
unsat
[runner] /raid/steuber/Benchmarks/2019/QF_BV/sage/app7/bench_6046.smt2
unsat
[runner] /raid/steuber/Benchmarks/2019/QF_BV/Sage2/bench_4207.smt2
unsat
[runner] /raid/steuber/Benchmarks/2019/QF_BV/Sage2/bench_2591.smt2
unsat
[runner] /raid/steuber/Benchmarks/2019/QF_BV/sage/app11/bench_485.smt2
unsat
[runner] /raid/steuber/Benchmarks/2019/QF_BV/sage/app7/bench_2857.smt2
unsat
[runner] /raid/steuber/Benchmarks/2019/QF_BV/sage/app7/bench_6103.smt2
unsat
[runner] /raid/steuber/Benchmarks/2019/QF_BV/sage/app12/bench_1.smt2
unsat
[runner] /raid/steuber/Benchmarks/2019/QF_BV/sage/app1/bench_2183.smt2
unsat
[runner] /raid/steuber/Benchmarks/2019/QF_BV/Sage2/bench_2509.smt2
unsat
[runner] /raid/steuber/Benchmarks/2019/QF_BV/Sage2/bench_15090.smt2
unsat
[runner] /raid/steuber/Benchmarks/2019/QF_BV/sage/app1/bench_827.smt2
unsat
[runner] /raid/steuber/Benchmarks/2019/QF_BV/sage/app7/bench_6130.smt2
unsat
[runner] /raid/steuber/Benchmarks/2019/QF_BV/sage/app8/bench_3723.smt2
unsat
[runner] /raid/steuber/Benchmarks/2019/QF_BV/sage/app7/bench_553.smt2
unsat
[runner] /raid/steuber/Benchmarks/2019/QF_BV/sage/app11/bench_480.smt2
unsat
[runner] /raid/steuber/Benchmarks/2019/QF_BV/sage/app7/bench_4852.smt2
unsat
[runner] /raid/steuber/Benchmarks/2019/QF_BV/20190311-bv-term-small-rw-Noetzli/bv-term-small-rw_975.smt2
unsat
[runner] /raid/steuber/Benchmarks/2019/QF_BV/sage/app7/bench_5411.smt2
unsat
[runner] /raid/steuber/Benchmarks/2019/QF_BV/Sage2/bench_13921.smt2
unsat
[runner] /raid/steuber/Benchmarks/2019/QF_BV/sage/app1/bench_111.smt2
unsat
[runner] /raid/steuber/Benchmarks/2019/QF_BV/20190311-bv-term-small-rw-Noetzli/bv-term-small-rw_1084.smt2
unsat
[runner] /raid/steuber/Benchmarks/2019/QF_BV/Sage2/bench_11758.smt2
unsat
[runner] /raid/steuber/Benchmarks/2019/QF_BV/Sage2/bench_3565.smt2
unsat
[runner] /raid/steuber/Benchmarks/2019/QF_BV/sage/app10/bench_33.smt2
unsat
[runner] /raid/steuber/Benchmarks/2019/QF_BV/Sage2/bench_7489.smt2
unsat
[runner] /raid/steuber/Benchmarks/2019/QF_BV/sage/app7/bench_8563.smt2
unsat
[runner] /raid/steuber/Benchmarks/2019/QF_BV/sage/app8/bench_3298.smt2
unsat
[runner] /raid/steuber/Benchmarks/2019/QF_BV/uclid/catchconv/convert-jpg2gif-query-1210.smt2
unsat
[runner] /raid/steuber/Benchmarks/2019/QF_BV/sage/app11/bench_412.smt2
unsat
[runner] /raid/steuber/Benchmarks/2019/QF_BV/Sage2/bench_10107.smt2
unsat
[runner] /raid/steuber/Benchmarks/2019/QF_BV/sage/app1/bench_427.smt2
unsat
[runner] /raid/steuber/Benchmarks/2019/QF_BV/sage/app7/bench_6538.smt2
unsat
[runner] /raid/steuber/Benchmarks/2019/QF_BV/sage/app7/bench_189.smt2
unsat
[runner] /raid/steuber/Benchmarks/2019/QF_BV/sage/app7/bench_5014.smt2
unsat
[runner] /raid/steuber/Benchmarks/2019/QF_BV/sage/app1/bench_124.smt2
unsat
[runner] /raid/steuber/Benchmarks/2019/QF_BV/sage/app2/bench_846.smt2
unsat
[runner] /raid/steuber/Benchmarks/2019/QF_BV/sage/app9/bench_3244.smt2
unsat
[runner] /raid/steuber/Benchmarks/2019/QF_BV/sage/app2/bench_876.smt2
unsat
[runner] /raid/steuber/Benchmarks/2019/QF_BV/20190311-bv-term-small-rw-Noetzli/bv-term-small-rw_1259.smt2
unsat
[runner] /raid/steuber/Benchmarks/2019/QF_BV/sage/app7/bench_1709.smt2
unsat
[runner] /raid/steuber/Benchmarks/2019/QF_BV/Sage2/bench_16555.smt2
unsat
[runner] /raid/steuber/Benchmarks/2019/QF_BV/sage/app7/bench_3651.smt2
unsat
[runner] /raid/steuber/Benchmarks/2019/QF_BV/sage/app1/bench_402.smt2
unsat
[runner] /raid/steuber/Benchmarks/2019/QF_BV/sage/app7/bench_6039.smt2
unsat
[runner] /raid/steuber/Benchmarks/2019/QF_BV/Sage2/bench_2521.smt2
unsat
[runner] /raid/steuber/Benchmarks/2019/QF_BV/Sage2/bench_16967.smt2
unsat
[runner] /raid/steuber/Benchmarks/2019/QF_BV/sage/app7/bench_1624.smt2
unsat
[runner] /raid/steuber/Benchmarks/2019/QF_BV/sage/app7/bench_4756.smt2
unsat
[runner] /raid/steuber/Benchmarks/2019/QF_BV/Sage2/bench_11058.smt2
unsat
[runner] /raid/steuber/Benchmarks/2019/QF_BV/Sage2/bench_7336.smt2
unsat
[runner] /raid/steuber/Benchmarks/2019/QF_BV/sage/app7/bench_5574.smt2
unsat
[runner] /raid/steuber/Benchmarks/2019/QF_BV/sage/app7/bench_3835.smt2
unsat
[runner] /raid/steuber/Benchmarks/2019/QF_BV/sage/app1/bench_2673.smt2
unsat
[runner] /raid/steuber/Benchmarks/2019/QF_BV/Sage2/bench_2662.smt2
unsat
[runner] /raid/steuber/Benchmarks/2019/QF_BV/Sage2/bench_14833.smt2
unsat
[runner] /raid/steuber/Benchmarks/2019/QF_BV/sage/app7/bench_7280.smt2
unsat
[runner] /raid/steuber/Benchmarks/2019/QF_BV/sage/app7/bench_2971.smt2
unsat
[runner] /raid/steuber/Benchmarks/2019/QF_BV/Sage2/bench_2552.smt2
unsat
[runner] /raid/steuber/Benchmarks/2019/QF_BV/Sage2/bench_7438.smt2
unsat
[runner] /raid/steuber/Benchmarks/2019/QF_BV/sage/app7/bench_2708.smt2
unsat
[runner] /raid/steuber/Benchmarks/2019/QF_BV/sage/app7/bench_6307.smt2
unsat
[runner] /raid/steuber/Benchmarks/2019/QF_BV/Sage2/bench_6830.smt2
unsat
[runner] /raid/steuber/Benchmarks/2019/QF_BV/sage/app8/bench_3808.smt2
unsat
[runner] /raid/steuber/Benchmarks/2019/QF_BV/Sage2/bench_9500.smt2
unsat
[runner] /raid/steuber/Benchmarks/2019/QF_BV/sage/app1/bench_387.smt2
unsat
[runner] /raid/steuber/Benchmarks/2019/QF_BV/sage/app7/bench_357.smt2
unsat
[runner] /raid/steuber/Benchmarks/2019/QF_BV/sage/app1/bench_2377.smt2
unsat
[runner] /raid/steuber/Benchmarks/2019/QF_BV/sage/app9/bench_350.smt2
unsat
[runner] /raid/steuber/Benchmarks/2019/QF_BV/sage/app1/bench_2429.smt2
unsat
[runner] /raid/steuber/Benchmarks/2019/QF_BV/uclid/catchconv/convert-jpg2gif-query-1320.smt2
unsat
[runner] /raid/steuber/Benchmarks/2019/QF_BV/Sage2/bench_11443.smt2
unsat
