[runner] /raid/steuber/Benchmarks/2019/QF_BV/Sage2/bench_15073.smt2
unsat
[runner] /raid/steuber/Benchmarks/2019/QF_BV/Sage2/bench_11366.smt2
unsat
[runner] /raid/steuber/Benchmarks/2019/QF_BV/Sage2/bench_8315.smt2
unsat
[runner] /raid/steuber/Benchmarks/2019/QF_BV/Sage2/bench_17544.smt2
unsat
[runner] /raid/steuber/Benchmarks/2019/QF_BV/Sage2/bench_17832.smt2
unsat
[runner] /raid/steuber/Benchmarks/2019/QF_BV/Sage2/bench_14890.smt2
unsat
[runner] /raid/steuber/Benchmarks/2019/QF_BV/Sage2/bench_7878.smt2
unsat
[runner] /raid/steuber/Benchmarks/2019/QF_BV/sage/app7/bench_5227.smt2
unsat
[runner] /raid/steuber/Benchmarks/2019/QF_BV/sage/app9/bench_725.smt2
unsat
[runner] /raid/steuber/Benchmarks/2019/QF_BV/sage/app7/bench_4055.smt2
unsat
[runner] /raid/steuber/Benchmarks/2019/QF_BV/sage/app1/bench_2283.smt2
unsat
[runner] /raid/steuber/Benchmarks/2019/QF_BV/sage/app1/bench_278.smt2
unsat
[runner] /raid/steuber/Benchmarks/2019/QF_BV/spear/samba_v3.0.24/bin_eventlogadm_vc354400.smt2
unsat
[runner] /raid/steuber/Benchmarks/2019/QF_BV/sage/app11/bench_181.smt2
unsat
[runner] /raid/steuber/Benchmarks/2019/QF_BV/sage/app11/bench_359.smt2
unsat
[runner] /raid/steuber/Benchmarks/2019/QF_BV/sage/app7/bench_6229.smt2
unsat
[runner] /raid/steuber/Benchmarks/2019/QF_BV/sage/app12/bench_4754.smt2
unsat
[runner] /raid/steuber/Benchmarks/2019/QF_BV/sage/app8/bench_62.smt2
unsat
[runner] /raid/steuber/Benchmarks/2019/QF_BV/Sage2/bench_10126.smt2
unsat
[runner] /raid/steuber/Benchmarks/2019/QF_BV/Sage2/bench_7834.smt2
unsat
[runner] /raid/steuber/Benchmarks/2019/QF_BV/sage/app1/bench_353.smt2
unsat
[runner] /raid/steuber/Benchmarks/2019/QF_BV/sage/app7/bench_4747.smt2
unsat
[runner] /raid/steuber/Benchmarks/2019/QF_BV/Sage2/bench_6612.smt2
unsat
[runner] /raid/steuber/Benchmarks/2019/QF_BV/Sage2/bench_15594.smt2
unsat
[runner] /raid/steuber/Benchmarks/2019/QF_BV/sage/app7/bench_3814.smt2
unsat
[runner] /raid/steuber/Benchmarks/2019/QF_BV/sage/app7/bench_8441.smt2
unsat
[runner] /raid/steuber/Benchmarks/2019/QF_BV/Sage2/bench_14756.smt2
unsat
[runner] /raid/steuber/Benchmarks/2019/QF_BV/sage/app1/bench_1990.smt2
unsat
[runner] /raid/steuber/Benchmarks/2019/QF_BV/sage/app8/bench_2625.smt2
unsat
[runner] /raid/steuber/Benchmarks/2019/QF_BV/sage/app7/bench_8225.smt2
unsat
[runner] /raid/steuber/Benchmarks/2019/QF_BV/sage/app7/bench_7114.smt2
unsat
[runner] /raid/steuber/Benchmarks/2019/QF_BV/sage/app12/bench_4023.smt2
unsat
[runner] /raid/steuber/Benchmarks/2019/QF_BV/sage/app11/bench_119.smt2
unsat
[runner] /raid/steuber/Benchmarks/2019/QF_BV/sage/app9/bench_333.smt2
unsat
[runner] /raid/steuber/Benchmarks/2019/QF_BV/sage/app12/bench_4887.smt2
unsat
[runner] /raid/steuber/Benchmarks/2019/QF_BV/Sage2/bench_12499.smt2
unsat
[runner] /raid/steuber/Benchmarks/2019/QF_BV/sage/app8/bench_767.smt2
unsat
[runner] /raid/steuber/Benchmarks/2019/QF_BV/sage/app1/bench_2390.smt2
unsat
[runner] /raid/steuber/Benchmarks/2019/QF_BV/Sage2/bench_6399.smt2
unsat
[runner] /raid/steuber/Benchmarks/2019/QF_BV/sage/app7/bench_6646.smt2
unsat
[runner] /raid/steuber/Benchmarks/2019/QF_BV/sage/app7/bench_6324.smt2
unsat
[runner] /raid/steuber/Benchmarks/2019/QF_BV/Sage2/bench_4604.smt2
unsat
[runner] /raid/steuber/Benchmarks/2019/QF_BV/sage/app7/bench_8091.smt2
unsat
[runner] /raid/steuber/Benchmarks/2019/QF_BV/sage/app7/bench_700.smt2
unsat
[runner] /raid/steuber/Benchmarks/2019/QF_BV/sage/app7/bench_650.smt2
unsat
[runner] /raid/steuber/Benchmarks/2019/QF_BV/sage/app7/bench_1514.smt2
unsat
[runner] /raid/steuber/Benchmarks/2019/QF_BV/sage/app7/bench_5498.smt2
unsat
[runner] /raid/steuber/Benchmarks/2019/QF_BV/sage/app1/bench_1944.smt2
unsat
[runner] /raid/steuber/Benchmarks/2019/QF_BV/20190311-bv-term-small-rw-Noetzli/bv-term-small-rw_1128.smt2
unsat
[runner] /raid/steuber/Benchmarks/2019/QF_BV/sage/app11/bench_598.smt2
unsat
[runner] /raid/steuber/Benchmarks/2019/QF_BV/sage/app5/bench_399.smt2
unsat
[runner] /raid/steuber/Benchmarks/2019/QF_BV/sage/app12/bench_2032.smt2
unsat
[runner] /raid/steuber/Benchmarks/2019/QF_BV/sage/app9/bench_3067.smt2
unsat
[runner] /raid/steuber/Benchmarks/2019/QF_BV/sage/app9/bench_3232.smt2
unsat
[runner] /raid/steuber/Benchmarks/2019/QF_BV/sage/app7/bench_5865.smt2
unsat
[runner] /raid/steuber/Benchmarks/2019/QF_BV/uclid/catchconv/convert-jpg2gif-query-1400.smt2
unsat
[runner] /raid/steuber/Benchmarks/2019/QF_BV/sage/app7/bench_6365.smt2
unsat
[runner] /raid/steuber/Benchmarks/2019/QF_BV/Sage2/bench_13621.smt2
unsat
[runner] /raid/steuber/Benchmarks/2019/QF_BV/sage/app7/bench_5661.smt2
unsat
[runner] /raid/steuber/Benchmarks/2019/QF_BV/sage/app7/bench_2511.smt2
unsat
[runner] /raid/steuber/Benchmarks/2019/QF_BV/sage/app7/bench_1757.smt2
unsat
[runner] /raid/steuber/Benchmarks/2019/QF_BV/sage/app7/bench_2695.smt2
unsat
[runner] /raid/steuber/Benchmarks/2019/QF_BV/sage/app12/bench_2239.smt2
unsat
[runner] /raid/steuber/Benchmarks/2019/QF_BV/sage/app12/bench_4228.smt2
unsat
[runner] /raid/steuber/Benchmarks/2019/QF_BV/Sage2/bench_12537.smt2
unsat
[runner] /raid/steuber/Benchmarks/2019/QF_BV/Sage2/bench_14363.smt2
unsat
[runner] /raid/steuber/Benchmarks/2019/QF_BV/sage/app8/bench_820.smt2
unsat
[runner] /raid/steuber/Benchmarks/2019/QF_BV/sage/app7/bench_972.smt2
unsat
[runner] /raid/steuber/Benchmarks/2019/QF_BV/sage/app7/bench_5691.smt2
unsat
[runner] /raid/steuber/Benchmarks/2019/QF_BV/Sage2/bench_2944.smt2
unsat
[runner] /raid/steuber/Benchmarks/2019/QF_BV/sage/app1/bench_216.smt2
unsat
[runner] /raid/steuber/Benchmarks/2019/QF_BV/Sage2/bench_6668.smt2
unsat
[runner] /raid/steuber/Benchmarks/2019/QF_BV/sage/app2/bench_1138.smt2
unsat
[runner] /raid/steuber/Benchmarks/2019/QF_BV/Sage2/bench_10939.smt2
unsat
[runner] /raid/steuber/Benchmarks/2019/QF_BV/sage/app7/bench_2604.smt2
unsat
[runner] /raid/steuber/Benchmarks/2019/QF_BV/sage/app7/bench_5539.smt2
unsat
[runner] /raid/steuber/Benchmarks/2019/QF_BV/Sage2/bench_11229.smt2
unsat
[runner] /raid/steuber/Benchmarks/2019/QF_BV/sage/app1/bench_2130.smt2
unsat
[runner] /raid/steuber/Benchmarks/2019/QF_BV/sage/app1/bench_1325.smt2
unsat
[runner] /raid/steuber/Benchmarks/2019/QF_BV/sage/app7/bench_35.smt2
unsat
