[runner] /raid/steuber/Benchmarks/srem_sdiv_mul/QF_BV/sage/app12/bench_2182.smt2
UNSAT
[runner] /raid/steuber/Benchmarks/srem_sdiv_mul/QF_BV/sage/app9/bench_455.smt2
UNSAT
[runner] /raid/steuber/Benchmarks/srem_sdiv_mul/QF_BV/Sage2/bench_13307.smt2
UNSAT
[runner] /raid/steuber/Benchmarks/srem_sdiv_mul/QF_BV/sage/app7/bench_1576.smt2
UNSAT
[runner] /raid/steuber/Benchmarks/srem_sdiv_mul/QF_BV/sage/app7/bench_5743.smt2
UNSAT
[runner] /raid/steuber/Benchmarks/srem_sdiv_mul/QF_BV/sage/app7/bench_5709.smt2
UNSAT
[runner] /raid/steuber/Benchmarks/srem_sdiv_mul/QF_BV/Sage2/bench_15778.smt2
UNSAT
[runner] /raid/steuber/Benchmarks/srem_sdiv_mul/QF_BV/sage/app7/bench_5538.smt2
UNSAT
[runner] /raid/steuber/Benchmarks/srem_sdiv_mul/QF_BV/sage/app8/bench_766.smt2
UNSAT
[runner] /raid/steuber/Benchmarks/srem_sdiv_mul/QF_BV/Sage2/bench_11465.smt2
UNSAT
[runner] /raid/steuber/Benchmarks/srem_sdiv_mul/QF_BV/sage/app7/bench_213.smt2
UNSAT
[runner] /raid/steuber/Benchmarks/srem_sdiv_mul/QF_BV/sage/app7/bench_7892.smt2
UNSAT
[runner] /raid/steuber/Benchmarks/srem_sdiv_mul/QF_BV/Sage2/bench_5569.smt2
UNSAT
[runner] /raid/steuber/Benchmarks/srem_sdiv_mul/QF_BV/Sage2/bench_15546.smt2
UNSAT
[runner] /raid/steuber/Benchmarks/srem_sdiv_mul/QF_BV/sage/app9/bench_3224.smt2
UNSAT
[runner] /raid/steuber/Benchmarks/srem_sdiv_mul/QF_BV/sage/app7/bench_5625.smt2
UNSAT
[runner] /raid/steuber/Benchmarks/srem_sdiv_mul/QF_BV/sage/app12/bench_265.smt2
UNSAT
[runner] /raid/steuber/Benchmarks/srem_sdiv_mul/QF_BV/sage/app7/bench_3836.smt2
UNSAT
[runner] /raid/steuber/Benchmarks/srem_sdiv_mul/QF_BV/sage/app7/bench_8521.smt2
UNSAT
[runner] /raid/steuber/Benchmarks/srem_sdiv_mul/QF_BV/sage/app9/bench_1470.smt2
UNSAT
[runner] /raid/steuber/Benchmarks/srem_sdiv_mul/QF_BV/sage/app5/bench_399.smt2
UNSAT
[runner] /raid/steuber/Benchmarks/srem_sdiv_mul/QF_BV/sage/app2/bench_527.smt2
UNSAT
[runner] /raid/steuber/Benchmarks/srem_sdiv_mul/QF_BV/Sage2/bench_9645.smt2
UNSAT
[runner] /raid/steuber/Benchmarks/srem_sdiv_mul/QF_BV/Sage2/bench_12858.smt2
UNSAT
[runner] /raid/steuber/Benchmarks/srem_sdiv_mul/QF_BV/float/sine.4.0.i.smt2
[runner] /raid/steuber/Benchmarks/srem_sdiv_mul/QF_BV/Sage2/bench_16313.smt2
UNSAT
[runner] /raid/steuber/Benchmarks/srem_sdiv_mul/QF_BV/sage/app7/bench_4461.smt2
UNSAT
[runner] /raid/steuber/Benchmarks/srem_sdiv_mul/QF_BV/sage/app11/bench_342.smt2
UNSAT
[runner] /raid/steuber/Benchmarks/srem_sdiv_mul/QF_BV/sage/app8/bench_563.smt2
UNSAT
[runner] /raid/steuber/Benchmarks/srem_sdiv_mul/QF_BV/Sage2/bench_6521.smt2
UNSAT
[runner] /raid/steuber/Benchmarks/srem_sdiv_mul/QF_BV/sage/app2/bench_992.smt2
UNSAT
[runner] /raid/steuber/Benchmarks/srem_sdiv_mul/QF_BV/sage/app7/bench_27.smt2
UNSAT
[runner] /raid/steuber/Benchmarks/srem_sdiv_mul/QF_BV/sage/app7/bench_4365.smt2
UNSAT
[runner] /raid/steuber/Benchmarks/srem_sdiv_mul/QF_BV/sage/app12/bench_600.smt2
UNSAT
[runner] /raid/steuber/Benchmarks/srem_sdiv_mul/QF_BV/sage/app7/bench_4933.smt2
UNSAT
[runner] /raid/steuber/Benchmarks/srem_sdiv_mul/QF_BV/sage/app11/bench_93.smt2
UNSAT
[runner] /raid/steuber/Benchmarks/srem_sdiv_mul/QF_BV/float/test_v3_r8_vr5_c1_s1507.smt2
[runner] /raid/steuber/Benchmarks/srem_sdiv_mul/QF_BV/sage/app9/bench_590.smt2
UNSAT
[runner] /raid/steuber/Benchmarks/srem_sdiv_mul/QF_BV/sage/app7/bench_2743.smt2
UNSAT
[runner] /raid/steuber/Benchmarks/srem_sdiv_mul/QF_BV/sage/app7/bench_5645.smt2
UNSAT
[runner] /raid/steuber/Benchmarks/srem_sdiv_mul/QF_BV/sage/app11/bench_471.smt2
UNSAT
[runner] /raid/steuber/Benchmarks/srem_sdiv_mul/QF_BV/sage/app7/bench_8523.smt2
UNSAT
[runner] /raid/steuber/Benchmarks/srem_sdiv_mul/QF_BV/Sage2/bench_2295.smt2
UNSAT
[runner] /raid/steuber/Benchmarks/srem_sdiv_mul/QF_BV/Sage2/bench_6486.smt2
UNSAT
[runner] /raid/steuber/Benchmarks/srem_sdiv_mul/QF_BV/sage/app2/bench_1315.smt2
UNSAT
[runner] /raid/steuber/Benchmarks/srem_sdiv_mul/QF_BV/sage/app1/bench_2464.smt2
UNSAT
[runner] /raid/steuber/Benchmarks/srem_sdiv_mul/QF_BV/Sage2/bench_2337.smt2
UNSAT
[runner] /raid/steuber/Benchmarks/srem_sdiv_mul/QF_BV/sage/app9/bench_489.smt2
UNSAT
[runner] /raid/steuber/Benchmarks/srem_sdiv_mul/QF_BV/Sage2/bench_13090.smt2
UNSAT
[runner] /raid/steuber/Benchmarks/srem_sdiv_mul/QF_BV/sage/app8/bench_41.smt2
UNSAT
[runner] /raid/steuber/Benchmarks/srem_sdiv_mul/QF_BV/sage/app8/bench_477.smt2
UNSAT
[runner] /raid/steuber/Benchmarks/srem_sdiv_mul/QF_BV/Sage2/bench_8003.smt2
UNSAT
[runner] /raid/steuber/Benchmarks/srem_sdiv_mul/QF_BV/sage/app2/bench_1187.smt2
UNSAT
[runner] /raid/steuber/Benchmarks/srem_sdiv_mul/QF_BV/Sage2/bench_9127.smt2
UNSAT
[runner] /raid/steuber/Benchmarks/srem_sdiv_mul/QF_BV/sage/app8/bench_668.smt2
UNSAT
[runner] /raid/steuber/Benchmarks/srem_sdiv_mul/QF_BV/sage/app7/bench_4058.smt2
UNSAT
[runner] /raid/steuber/Benchmarks/srem_sdiv_mul/QF_BV/Sage2/bench_10802.smt2
UNSAT
[runner] /raid/steuber/Benchmarks/srem_sdiv_mul/QF_BV/sage/app9/bench_3149.smt2
UNSAT
[runner] /raid/steuber/Benchmarks/srem_sdiv_mul/QF_BV/sage/app7/bench_258.smt2
UNSAT
[runner] /raid/steuber/Benchmarks/srem_sdiv_mul/QF_BV/sage/app1/bench_228.smt2
UNSAT
[runner] /raid/steuber/Benchmarks/srem_sdiv_mul/QF_BV/Sage2/bench_11744.smt2
UNSAT
[runner] /raid/steuber/Benchmarks/srem_sdiv_mul/QF_BV/sage/app8/bench_3192.smt2
UNSAT
[runner] /raid/steuber/Benchmarks/srem_sdiv_mul/QF_BV/Sage2/bench_11134.smt2
UNSAT
[runner] /raid/steuber/Benchmarks/srem_sdiv_mul/QF_BV/sage/app7/bench_24.smt2
UNSAT
[runner] /raid/steuber/Benchmarks/srem_sdiv_mul/QF_BV/sage/app1/bench_2527.smt2
UNSAT
[runner] /raid/steuber/Benchmarks/srem_sdiv_mul/QF_BV/sage/app11/bench_174.smt2
UNSAT
[runner] /raid/steuber/Benchmarks/srem_sdiv_mul/QF_BV/Sage2/bench_14812.smt2
UNSAT
[runner] /raid/steuber/Benchmarks/srem_sdiv_mul/QF_BV/uclid/catchconv/convert-jpg2gif-query-1241.smt2
UNSAT
[runner] /raid/steuber/Benchmarks/srem_sdiv_mul/QF_BV/sage/app8/bench_729.smt2
UNSAT
[runner] /raid/steuber/Benchmarks/srem_sdiv_mul/QF_BV/sage/app7/bench_1567.smt2
UNSAT
[runner] /raid/steuber/Benchmarks/srem_sdiv_mul/QF_BV/Sage2/bench_11061.smt2
UNSAT
[runner] /raid/steuber/Benchmarks/srem_sdiv_mul/QF_BV/Sage2/bench_491.smt2
UNSAT
[runner] /raid/steuber/Benchmarks/srem_sdiv_mul/QF_BV/sage/app1/bench_2012.smt2
UNSAT
[runner] /raid/steuber/Benchmarks/srem_sdiv_mul/QF_BV/sage/app1/bench_74.smt2
UNSAT
[runner] /raid/steuber/Benchmarks/srem_sdiv_mul/QF_BV/sage/app7/bench_3645.smt2
UNSAT
[runner] /raid/steuber/Benchmarks/srem_sdiv_mul/QF_BV/sage/app7/bench_491.smt2
UNSAT
[runner] /raid/steuber/Benchmarks/srem_sdiv_mul/QF_BV/Sage2/bench_14647.smt2
UNSAT
[runner] /raid/steuber/Benchmarks/srem_sdiv_mul/QF_BV/sage/app1/bench_943.smt2
UNSAT
[runner] /raid/steuber/Benchmarks/srem_sdiv_mul/QF_BV/sage/app7/bench_8608.smt2
UNSAT
[runner] /raid/steuber/Benchmarks/srem_sdiv_mul/QF_BV/sage/app1/bench_2035.smt2
UNSAT
[runner] /raid/steuber/Benchmarks/srem_sdiv_mul/QF_BV/sage/app7/bench_5971.smt2
UNSAT
[runner] /raid/steuber/Benchmarks/srem_sdiv_mul/QF_BV/sage/app7/bench_6247.smt2
UNSAT
[runner] /raid/steuber/Benchmarks/srem_sdiv_mul/QF_BV/Sage2/bench_13007.smt2
UNSAT
[runner] /raid/steuber/Benchmarks/srem_sdiv_mul/QF_BV/Sage2/bench_12778.smt2
UNSAT
[runner] /raid/steuber/Benchmarks/srem_sdiv_mul/QF_BV/sage/app8/bench_515.smt2
UNSAT
[runner] /raid/steuber/Benchmarks/srem_sdiv_mul/QF_BV/Sage2/bench_9681.smt2
UNSAT
[runner] /raid/steuber/Benchmarks/srem_sdiv_mul/QF_BV/sage/app1/bench_963.smt2
UNSAT
[runner] /raid/steuber/Benchmarks/srem_sdiv_mul/QF_BV/sage/app7/bench_1085.smt2
UNSAT
[runner] /raid/steuber/Benchmarks/srem_sdiv_mul/QF_BV/sage/app7/bench_8573.smt2
UNSAT
[runner] /raid/steuber/Benchmarks/srem_sdiv_mul/QF_BV/Sage2/bench_14102.smt2
UNSAT
[runner] /raid/steuber/Benchmarks/srem_sdiv_mul/QF_BV/sage/app7/bench_2839.smt2
UNSAT
[runner] /raid/steuber/Benchmarks/srem_sdiv_mul/QF_BV/sage/app11/bench_33.smt2
UNSAT
[runner] /raid/steuber/Benchmarks/srem_sdiv_mul/QF_BV/Sage2/bench_13597.smt2
UNSAT
[runner] /raid/steuber/Benchmarks/srem_sdiv_mul/QF_BV/sage/app1/bench_155.smt2
UNSAT
[runner] /raid/steuber/Benchmarks/srem_sdiv_mul/QF_BV/sage/app7/bench_5840.smt2
UNSAT
[runner] /raid/steuber/Benchmarks/srem_sdiv_mul/QF_BV/sage/app12/bench_4897.smt2
UNSAT
[runner] /raid/steuber/Benchmarks/srem_sdiv_mul/QF_BV/sage/app7/bench_4208.smt2
UNSAT
[runner] /raid/steuber/Benchmarks/srem_sdiv_mul/QF_BV/sage/app2/bench_1049.smt2
UNSAT
[runner] /raid/steuber/Benchmarks/srem_sdiv_mul/QF_BV/sage/app12/bench_4475.smt2
UNSAT
[runner] /raid/steuber/Benchmarks/srem_sdiv_mul/QF_BV/sage/app7/bench_477.smt2
UNSAT
[runner] /raid/steuber/Benchmarks/srem_sdiv_mul/QF_BV/Sage2/bench_7433.smt2
UNSAT
[runner] /raid/steuber/Benchmarks/srem_sdiv_mul/QF_BV/Sage2/bench_518.smt2
UNSAT
[runner] /raid/steuber/Benchmarks/srem_sdiv_mul/QF_BV/sage/app1/bench_2585.smt2
UNSAT
[runner] /raid/steuber/Benchmarks/srem_sdiv_mul/QF_BV/sage/app7/bench_242.smt2
UNSAT
[runner] /raid/steuber/Benchmarks/srem_sdiv_mul/QF_BV/float/sine.8.0.i.smt2
[runner] /raid/steuber/Benchmarks/srem_sdiv_mul/QF_BV/Sage2/bench_6154.smt2
UNSAT
[runner] /raid/steuber/Benchmarks/srem_sdiv_mul/QF_BV/sage/app7/bench_3840.smt2
UNSAT
[runner] /raid/steuber/Benchmarks/srem_sdiv_mul/QF_BV/sage/app7/bench_1623.smt2
UNSAT
[runner] /raid/steuber/Benchmarks/srem_sdiv_mul/QF_BV/sage/app7/bench_5559.smt2
UNSAT
[runner] /raid/steuber/Benchmarks/srem_sdiv_mul/QF_BV/sage/app9/bench_741.smt2
UNSAT
[runner] /raid/steuber/Benchmarks/srem_sdiv_mul/QF_BV/Sage2/bench_10273.smt2
UNSAT
[runner] /raid/steuber/Benchmarks/srem_sdiv_mul/QF_BV/sage/app7/bench_324.smt2
UNSAT
[runner] /raid/steuber/Benchmarks/srem_sdiv_mul/QF_BV/Sage2/bench_10626.smt2
UNSAT
[runner] /raid/steuber/Benchmarks/srem_sdiv_mul/QF_BV/sage/app2/bench_950.smt2
UNSAT
[runner] /raid/steuber/Benchmarks/srem_sdiv_mul/QF_BV/sage/app2/bench_652.smt2
UNSAT
[runner] /raid/steuber/Benchmarks/srem_sdiv_mul/QF_BV/sage/app7/bench_1067.smt2
UNSAT
[runner] /raid/steuber/Benchmarks/srem_sdiv_mul/QF_BV/sage/app7/bench_1037.smt2
UNSAT
[runner] /raid/steuber/Benchmarks/srem_sdiv_mul/QF_BV/sage/app9/bench_708.smt2
UNSAT
[runner] /raid/steuber/Benchmarks/srem_sdiv_mul/QF_BV/sage/app7/bench_1398.smt2
UNSAT
[runner] /raid/steuber/Benchmarks/srem_sdiv_mul/QF_BV/sage/app7/bench_2490.smt2
UNSAT
[runner] /raid/steuber/Benchmarks/srem_sdiv_mul/QF_BV/sage/app7/bench_117.smt2
UNSAT
[runner] /raid/steuber/Benchmarks/srem_sdiv_mul/QF_BV/sage/app11/bench_154.smt2
UNSAT
[runner] /raid/steuber/Benchmarks/srem_sdiv_mul/QF_BV/sage/app9/bench_2743.smt2
UNSAT
[runner] /raid/steuber/Benchmarks/srem_sdiv_mul/QF_BV/Sage2/bench_15203.smt2
UNSAT
[runner] /raid/steuber/Benchmarks/srem_sdiv_mul/QF_BV/sage/app7/bench_8480.smt2
UNSAT
[runner] /raid/steuber/Benchmarks/srem_sdiv_mul/QF_BV/sage/app7/bench_6165.smt2
UNSAT
[runner] /raid/steuber/Benchmarks/srem_sdiv_mul/QF_BV/sage/app12/bench_511.smt2
UNSAT
[runner] /raid/steuber/Benchmarks/srem_sdiv_mul/QF_BV/sage/app7/bench_6381.smt2
UNSAT
[runner] /raid/steuber/Benchmarks/srem_sdiv_mul/QF_BV/sage/app12/bench_290.smt2
UNSAT
[runner] /raid/steuber/Benchmarks/srem_sdiv_mul/QF_BV/sage/app1/bench_2305.smt2
UNSAT
[runner] /raid/steuber/Benchmarks/srem_sdiv_mul/QF_BV/sage/app7/bench_6024.smt2
UNSAT
[runner] /raid/steuber/Benchmarks/srem_sdiv_mul/QF_BV/sage/app9/bench_2749.smt2
UNSAT
[runner] /raid/steuber/Benchmarks/srem_sdiv_mul/QF_BV/Sage2/bench_11973.smt2
UNSAT
[runner] /raid/steuber/Benchmarks/srem_sdiv_mul/QF_BV/Sage2/bench_9316.smt2
UNSAT
[runner] /raid/steuber/Benchmarks/srem_sdiv_mul/QF_BV/Sage2/bench_5327.smt2
UNSAT
[runner] /raid/steuber/Benchmarks/srem_sdiv_mul/QF_BV/sage/app8/bench_3485.smt2
UNSAT
[runner] /raid/steuber/Benchmarks/srem_sdiv_mul/QF_BV/Sage2/bench_2854.smt2
UNSAT
[runner] /raid/steuber/Benchmarks/srem_sdiv_mul/QF_BV/sage/app1/bench_2192.smt2
UNSAT
[runner] /raid/steuber/Benchmarks/srem_sdiv_mul/QF_BV/sage/app1/bench_274.smt2
UNSAT
[runner] /raid/steuber/Benchmarks/srem_sdiv_mul/QF_BV/sage/app8/bench_72.smt2
UNSAT
[runner] /raid/steuber/Benchmarks/srem_sdiv_mul/QF_BV/Sage2/bench_3519.smt2
UNSAT
[runner] /raid/steuber/Benchmarks/srem_sdiv_mul/QF_BV/Sage2/bench_7025.smt2
UNSAT
[runner] /raid/steuber/Benchmarks/srem_sdiv_mul/QF_BV/sage/app7/bench_1703.smt2
UNSAT
[runner] /raid/steuber/Benchmarks/srem_sdiv_mul/QF_BV/sage/app12/bench_690.smt2
UNSAT
[runner] /raid/steuber/Benchmarks/srem_sdiv_mul/QF_BV/sage/app7/bench_1061.smt2
UNSAT
[runner] /raid/steuber/Benchmarks/srem_sdiv_mul/QF_BV/sage/app7/bench_2795.smt2
UNSAT
[runner] /raid/steuber/Benchmarks/srem_sdiv_mul/QF_BV/sage/app2/bench_1146.smt2
UNSAT
[runner] /raid/steuber/Benchmarks/srem_sdiv_mul/QF_BV/Sage2/bench_17031.smt2
UNSAT
[runner] /raid/steuber/Benchmarks/srem_sdiv_mul/QF_BV/sage/app7/bench_2311.smt2
UNSAT
[runner] /raid/steuber/Benchmarks/srem_sdiv_mul/QF_BV/sage/app7/bench_5519.smt2
UNSAT
[runner] /raid/steuber/Benchmarks/srem_sdiv_mul/QF_BV/sage/app7/bench_661.smt2
UNSAT
[runner] /raid/steuber/Benchmarks/srem_sdiv_mul/QF_BV/sage/app1/bench_2540.smt2
UNSAT
[runner] /raid/steuber/Benchmarks/srem_sdiv_mul/QF_BV/sage/app7/bench_900.smt2
UNSAT
[runner] /raid/steuber/Benchmarks/srem_sdiv_mul/QF_BV/Sage2/bench_246.smt2
UNSAT
[runner] /raid/steuber/Benchmarks/srem_sdiv_mul/QF_BV/sage/app1/bench_2652.smt2
UNSAT
[runner] /raid/steuber/Benchmarks/srem_sdiv_mul/QF_BV/Sage2/bench_9138.smt2
UNSAT
[runner] /raid/steuber/Benchmarks/srem_sdiv_mul/QF_BV/sage/app7/bench_5113.smt2
UNSAT
[runner] /raid/steuber/Benchmarks/srem_sdiv_mul/QF_BV/sage/app11/bench_470.smt2
UNSAT
[runner] /raid/steuber/Benchmarks/srem_sdiv_mul/QF_BV/Sage2/bench_6656.smt2
UNSAT
[runner] /raid/steuber/Benchmarks/srem_sdiv_mul/QF_BV/Sage2/bench_12212.smt2
UNSAT
[runner] /raid/steuber/Benchmarks/srem_sdiv_mul/QF_BV/Sage2/bench_4207.smt2
UNSAT
[runner] /raid/steuber/Benchmarks/srem_sdiv_mul/QF_BV/sage/app11/bench_537.smt2
UNSAT
[runner] /raid/steuber/Benchmarks/srem_sdiv_mul/QF_BV/sage/app7/bench_77.smt2
UNSAT
[runner] /raid/steuber/Benchmarks/srem_sdiv_mul/QF_BV/sage/app12/bench_777.smt2
UNSAT
[runner] /raid/steuber/Benchmarks/srem_sdiv_mul/QF_BV/Sage2/bench_6278.smt2
UNSAT
[runner] /raid/steuber/Benchmarks/srem_sdiv_mul/QF_BV/sage/app7/bench_6128.smt2
UNSAT
[runner] /raid/steuber/Benchmarks/srem_sdiv_mul/QF_BV/sage/app7/bench_2810.smt2
UNSAT
[runner] /raid/steuber/Benchmarks/srem_sdiv_mul/QF_BV/float/test_v5_r10_vr10_c1_s21502.smt2
[runner] /raid/steuber/Benchmarks/srem_sdiv_mul/QF_BV/sage/app7/bench_2708.smt2
UNSAT
[runner] /raid/steuber/Benchmarks/srem_sdiv_mul/QF_BV/Sage2/bench_6006.smt2
UNSAT
[runner] /raid/steuber/Benchmarks/srem_sdiv_mul/QF_BV/sage/app1/bench_112.smt2
UNSAT
[runner] /raid/steuber/Benchmarks/srem_sdiv_mul/QF_BV/Sage2/bench_10312.smt2
UNSAT
[runner] /raid/steuber/Benchmarks/srem_sdiv_mul/QF_BV/sage/app7/bench_5801.smt2
UNSAT
[runner] /raid/steuber/Benchmarks/srem_sdiv_mul/QF_BV/Sage2/bench_9790.smt2
UNSAT
[runner] /raid/steuber/Benchmarks/srem_sdiv_mul/QF_BV/Sage2/bench_4358.smt2
UNSAT
[runner] /raid/steuber/Benchmarks/srem_sdiv_mul/QF_BV/sage/app7/bench_8513.smt2
UNSAT
[runner] /raid/steuber/Benchmarks/srem_sdiv_mul/QF_BV/sage/app7/bench_6511.smt2
UNSAT
[runner] /raid/steuber/Benchmarks/srem_sdiv_mul/QF_BV/sage/app2/bench_748.smt2
UNSAT
[runner] /raid/steuber/Benchmarks/srem_sdiv_mul/QF_BV/Sage2/bench_17762.smt2
UNSAT
[runner] /raid/steuber/Benchmarks/srem_sdiv_mul/QF_BV/sage/app12/bench_3717.smt2
UNSAT
[runner] /raid/steuber/Benchmarks/srem_sdiv_mul/QF_BV/Sage2/bench_9626.smt2
UNSAT
[runner] /raid/steuber/Benchmarks/srem_sdiv_mul/QF_BV/sage/app7/bench_2293.smt2
UNSAT
[runner] /raid/steuber/Benchmarks/srem_sdiv_mul/QF_BV/sage/app7/bench_646.smt2
UNSAT
[runner] /raid/steuber/Benchmarks/srem_sdiv_mul/QF_BV/Sage2/bench_11484.smt2
UNSAT
[runner] /raid/steuber/Benchmarks/srem_sdiv_mul/QF_BV/sage/app7/bench_1585.smt2
UNSAT
[runner] /raid/steuber/Benchmarks/srem_sdiv_mul/QF_BV/sage/app7/bench_228.smt2
UNSAT
[runner] /raid/steuber/Benchmarks/srem_sdiv_mul/QF_BV/Sage2/bench_2445.smt2
UNSAT
[runner] /raid/steuber/Benchmarks/srem_sdiv_mul/QF_BV/sage/app7/bench_5034.smt2
UNSAT
[runner] /raid/steuber/Benchmarks/srem_sdiv_mul/QF_BV/sage/app11/bench_603.smt2
UNSAT
[runner] /raid/steuber/Benchmarks/srem_sdiv_mul/QF_BV/sage/app7/bench_1285.smt2
UNSAT
[runner] /raid/steuber/Benchmarks/srem_sdiv_mul/QF_BV/Sage2/bench_5462.smt2
UNSAT
[runner] /raid/steuber/Benchmarks/srem_sdiv_mul/QF_BV/sage/app7/bench_6460.smt2
UNSAT
[runner] /raid/steuber/Benchmarks/srem_sdiv_mul/QF_BV/sage/app7/bench_6527.smt2
UNSAT
[runner] /raid/steuber/Benchmarks/srem_sdiv_mul/QF_BV/sage/app8/bench_510.smt2
UNSAT
[runner] /raid/steuber/Benchmarks/srem_sdiv_mul/QF_BV/Sage2/bench_6110.smt2
UNSAT
[runner] /raid/steuber/Benchmarks/srem_sdiv_mul/QF_BV/sage/app7/bench_712.smt2
UNSAT
[runner] /raid/steuber/Benchmarks/srem_sdiv_mul/QF_BV/sage/app7/bench_1658.smt2
UNSAT
[runner] /raid/steuber/Benchmarks/srem_sdiv_mul/QF_BV/sage/app7/bench_5747.smt2
UNSAT
[runner] /raid/steuber/Benchmarks/srem_sdiv_mul/QF_BV/sage/app1/bench_2177.smt2
UNSAT
[runner] /raid/steuber/Benchmarks/srem_sdiv_mul/QF_BV/sage/app7/bench_219.smt2
UNSAT
[runner] /raid/steuber/Benchmarks/srem_sdiv_mul/QF_BV/Sage2/bench_14518.smt2
UNSAT
[runner] /raid/steuber/Benchmarks/srem_sdiv_mul/QF_BV/sage/app11/bench_295.smt2
UNSAT
[runner] /raid/steuber/Benchmarks/srem_sdiv_mul/QF_BV/sage/app7/bench_4978.smt2
UNSAT
[runner] /raid/steuber/Benchmarks/srem_sdiv_mul/QF_BV/sage/app11/bench_71.smt2
UNSAT
[runner] /raid/steuber/Benchmarks/srem_sdiv_mul/QF_BV/sage/app7/bench_6271.smt2
UNSAT
[runner] /raid/steuber/Benchmarks/srem_sdiv_mul/QF_BV/sage/app1/bench_2444.smt2
UNSAT
[runner] /raid/steuber/Benchmarks/srem_sdiv_mul/QF_BV/sage/app10/bench_40.smt2
UNSAT
[runner] /raid/steuber/Benchmarks/srem_sdiv_mul/QF_BV/uclid/catchconv/convert-jpg2gif-query-1218.smt2
UNSAT
[runner] /raid/steuber/Benchmarks/srem_sdiv_mul/QF_BV/sage/app11/bench_600.smt2
UNSAT
[runner] /raid/steuber/Benchmarks/srem_sdiv_mul/QF_BV/sage/app7/bench_1203.smt2
UNSAT
[runner] /raid/steuber/Benchmarks/srem_sdiv_mul/QF_BV/sage/app7/bench_765.smt2
UNSAT
[runner] /raid/steuber/Benchmarks/srem_sdiv_mul/QF_BV/sage/app9/bench_88.smt2
UNSAT
[runner] /raid/steuber/Benchmarks/srem_sdiv_mul/QF_BV/Sage2/bench_12395.smt2
UNSAT
[runner] /raid/steuber/Benchmarks/srem_sdiv_mul/QF_BV/sage/app7/bench_722.smt2
UNSAT
[runner] /raid/steuber/Benchmarks/srem_sdiv_mul/QF_BV/Sage2/bench_6540.smt2
UNSAT
[runner] /raid/steuber/Benchmarks/srem_sdiv_mul/QF_BV/sage/app9/bench_270.smt2
UNSAT
[runner] /raid/steuber/Benchmarks/srem_sdiv_mul/QF_BV/Sage2/bench_12560.smt2
UNSAT
[runner] /raid/steuber/Benchmarks/srem_sdiv_mul/QF_BV/sage/app12/bench_5040.smt2
UNSAT
[runner] /raid/steuber/Benchmarks/srem_sdiv_mul/QF_BV/Sage2/bench_8557.smt2
UNSAT
[runner] /raid/steuber/Benchmarks/srem_sdiv_mul/QF_BV/sage/app11/bench_478.smt2
UNSAT
[runner] /raid/steuber/Benchmarks/srem_sdiv_mul/QF_BV/sage/app1/bench_2182.smt2
UNSAT
[runner] /raid/steuber/Benchmarks/srem_sdiv_mul/QF_BV/sage/app7/bench_3462.smt2
UNSAT
[runner] /raid/steuber/Benchmarks/srem_sdiv_mul/QF_BV/sage/app12/bench_516.smt2
UNSAT
[runner] /raid/steuber/Benchmarks/srem_sdiv_mul/QF_BV/sage/app7/bench_357.smt2
UNSAT
[runner] /raid/steuber/Benchmarks/srem_sdiv_mul/QF_BV/sage/app7/bench_1803.smt2
UNSAT
[runner] /raid/steuber/Benchmarks/srem_sdiv_mul/QF_BV/Sage2/bench_204.smt2
UNSAT
[runner] /raid/steuber/Benchmarks/srem_sdiv_mul/QF_BV/sage/app7/bench_1918.smt2
UNSAT
[runner] /raid/steuber/Benchmarks/srem_sdiv_mul/QF_BV/Sage2/bench_5076.smt2
UNSAT
[runner] /raid/steuber/Benchmarks/srem_sdiv_mul/QF_BV/Sage2/bench_14347.smt2
UNSAT
[runner] /raid/steuber/Benchmarks/srem_sdiv_mul/QF_BV/Sage2/bench_7604.smt2
UNSAT
[runner] /raid/steuber/Benchmarks/srem_sdiv_mul/QF_BV/sage/app8/bench_3551.smt2
UNSAT
[runner] /raid/steuber/Benchmarks/srem_sdiv_mul/QF_BV/sage/app7/bench_2612.smt2
UNSAT
[runner] /raid/steuber/Benchmarks/srem_sdiv_mul/QF_BV/sage/app7/bench_8664.smt2
UNSAT
[runner] /raid/steuber/Benchmarks/srem_sdiv_mul/QF_BV/float/test_v5_r15_vr1_c1_s26845.smt2
[runner] /raid/steuber/Benchmarks/srem_sdiv_mul/QF_BV/sage/app7/bench_1772.smt2
UNSAT
[runner] /raid/steuber/Benchmarks/srem_sdiv_mul/QF_BV/sage/app11/bench_196.smt2
UNSAT
[runner] /raid/steuber/Benchmarks/srem_sdiv_mul/QF_BV/Sage2/bench_9827.smt2
UNSAT
[runner] /raid/steuber/Benchmarks/srem_sdiv_mul/QF_BV/sage/app7/bench_4848.smt2
UNSAT
[runner] /raid/steuber/Benchmarks/srem_sdiv_mul/QF_BV/Sage2/bench_1930.smt2
UNSAT
[runner] /raid/steuber/Benchmarks/srem_sdiv_mul/QF_BV/sage/app8/bench_3196.smt2
UNSAT
[runner] /raid/steuber/Benchmarks/srem_sdiv_mul/QF_BV/sage/app1/bench_829.smt2
UNSAT
[runner] /raid/steuber/Benchmarks/srem_sdiv_mul/QF_BV/sage/app7/bench_5478.smt2
UNSAT
[runner] /raid/steuber/Benchmarks/srem_sdiv_mul/QF_BV/sage/app7/bench_699.smt2
UNSAT
[runner] /raid/steuber/Benchmarks/srem_sdiv_mul/QF_BV/sage/app7/bench_4296.smt2
UNSAT
[runner] /raid/steuber/Benchmarks/srem_sdiv_mul/QF_BV/Sage2/bench_6288.smt2
UNSAT
[runner] /raid/steuber/Benchmarks/srem_sdiv_mul/QF_BV/sage/app7/bench_4212.smt2
UNSAT
[runner] /raid/steuber/Benchmarks/srem_sdiv_mul/QF_BV/sage/app7/bench_8540.smt2
UNSAT
[runner] /raid/steuber/Benchmarks/srem_sdiv_mul/QF_BV/sage/app1/bench_363.smt2
UNSAT
[runner] /raid/steuber/Benchmarks/srem_sdiv_mul/QF_BV/stp_samples/22930-0426-195.smt2
[runner] /raid/steuber/Benchmarks/srem_sdiv_mul/QF_BV/sage/app7/bench_138.smt2
UNSAT
[runner] /raid/steuber/Benchmarks/srem_sdiv_mul/QF_BV/sage/app7/bench_5621.smt2
UNSAT
[runner] /raid/steuber/Benchmarks/srem_sdiv_mul/QF_BV/sage/app8/bench_433.smt2
UNSAT
[runner] /raid/steuber/Benchmarks/srem_sdiv_mul/QF_BV/sage/app1/bench_2611.smt2
UNSAT
[runner] /raid/steuber/Benchmarks/srem_sdiv_mul/QF_BV/Sage2/bench_17795.smt2
UNSAT
[runner] /raid/steuber/Benchmarks/srem_sdiv_mul/QF_BV/sage/app8/bench_257.smt2
UNSAT
[runner] /raid/steuber/Benchmarks/srem_sdiv_mul/QF_BV/sage/app12/bench_534.smt2
UNSAT
[runner] /raid/steuber/Benchmarks/srem_sdiv_mul/QF_BV/sage/app7/bench_6455.smt2
UNSAT
[runner] /raid/steuber/Benchmarks/srem_sdiv_mul/QF_BV/Sage2/bench_7042.smt2
UNSAT
[runner] /raid/steuber/Benchmarks/srem_sdiv_mul/QF_BV/sage/app2/bench_1345.smt2
UNSAT
[runner] /raid/steuber/Benchmarks/srem_sdiv_mul/QF_BV/sage/app1/bench_2142.smt2
UNSAT
[runner] /raid/steuber/Benchmarks/srem_sdiv_mul/QF_BV/sage/app7/bench_1560.smt2
UNSAT
[runner] /raid/steuber/Benchmarks/srem_sdiv_mul/QF_BV/Sage2/bench_5311.smt2
UNSAT
[runner] /raid/steuber/Benchmarks/srem_sdiv_mul/QF_BV/sage/app7/bench_460.smt2
UNSAT
[runner] /raid/steuber/Benchmarks/srem_sdiv_mul/QF_BV/uclid/catchconv/convert-jpg2gif-query-1522.smt2
UNSAT
[runner] /raid/steuber/Benchmarks/srem_sdiv_mul/QF_BV/sage/app8/bench_51.smt2
UNSAT
[runner] /raid/steuber/Benchmarks/srem_sdiv_mul/QF_BV/Sage2/bench_6373.smt2
UNSAT
[runner] /raid/steuber/Benchmarks/srem_sdiv_mul/QF_BV/Sage2/bench_15564.smt2
UNSAT
[runner] /raid/steuber/Benchmarks/srem_sdiv_mul/QF_BV/Sage2/bench_14519.smt2
UNSAT
[runner] /raid/steuber/Benchmarks/srem_sdiv_mul/QF_BV/sage/app7/bench_1771.smt2
UNSAT
[runner] /raid/steuber/Benchmarks/srem_sdiv_mul/QF_BV/sage/app12/bench_4379.smt2
UNSAT
[runner] /raid/steuber/Benchmarks/srem_sdiv_mul/QF_BV/Sage2/bench_17017.smt2
UNSAT
[runner] /raid/steuber/Benchmarks/srem_sdiv_mul/QF_BV/sage/app7/bench_4491.smt2
UNSAT
[runner] /raid/steuber/Benchmarks/srem_sdiv_mul/QF_BV/sage/app2/bench_1370.smt2
UNSAT
[runner] /raid/steuber/Benchmarks/srem_sdiv_mul/QF_BV/Sage2/bench_6832.smt2
UNSAT
[runner] /raid/steuber/Benchmarks/srem_sdiv_mul/QF_BV/sage/app7/bench_1158.smt2
UNSAT
[runner] /raid/steuber/Benchmarks/srem_sdiv_mul/QF_BV/float/square.4.0.i.smt2
[runner] /raid/steuber/Benchmarks/srem_sdiv_mul/QF_BV/sage/app7/bench_230.smt2
UNSAT
[runner] /raid/steuber/Benchmarks/srem_sdiv_mul/QF_BV/sage/app7/bench_6135.smt2
UNSAT
[runner] /raid/steuber/Benchmarks/srem_sdiv_mul/QF_BV/Sage2/bench_7399.smt2
UNSAT
[runner] /raid/steuber/Benchmarks/srem_sdiv_mul/QF_BV/sage/app11/bench_375.smt2
UNSAT
[runner] /raid/steuber/Benchmarks/srem_sdiv_mul/QF_BV/Sage2/bench_13098.smt2
UNSAT
[runner] /raid/steuber/Benchmarks/srem_sdiv_mul/QF_BV/sage/app7/bench_4160.smt2
UNSAT
[runner] /raid/steuber/Benchmarks/srem_sdiv_mul/QF_BV/sage/app7/bench_5016.smt2
UNSAT
[runner] /raid/steuber/Benchmarks/srem_sdiv_mul/QF_BV/sage/app7/bench_175.smt2
UNSAT
[runner] /raid/steuber/Benchmarks/srem_sdiv_mul/QF_BV/Sage2/bench_11828.smt2
UNSAT
[runner] /raid/steuber/Benchmarks/srem_sdiv_mul/QF_BV/sage/app12/bench_4491.smt2
UNSAT
[runner] /raid/steuber/Benchmarks/srem_sdiv_mul/QF_BV/sage/app1/bench_115.smt2
UNSAT
[runner] /raid/steuber/Benchmarks/srem_sdiv_mul/QF_BV/sage/app8/bench_254.smt2
UNSAT
[runner] /raid/steuber/Benchmarks/srem_sdiv_mul/QF_BV/Sage2/bench_7556.smt2
UNSAT
[runner] /raid/steuber/Benchmarks/srem_sdiv_mul/QF_BV/sage/app7/bench_4597.smt2
UNSAT
[runner] /raid/steuber/Benchmarks/srem_sdiv_mul/QF_BV/sage/app7/bench_2449.smt2
UNSAT
[runner] /raid/steuber/Benchmarks/srem_sdiv_mul/QF_BV/sage/app9/bench_483.smt2
UNSAT
[runner] /raid/steuber/Benchmarks/srem_sdiv_mul/QF_BV/float/test_v5_r15_vr1_c1_s32559.smt2
[runner] /raid/steuber/Benchmarks/srem_sdiv_mul/QF_BV/sage/app7/bench_2070.smt2
UNSAT
[runner] /raid/steuber/Benchmarks/srem_sdiv_mul/QF_BV/sage/app12/bench_5511.smt2
UNSAT
[runner] /raid/steuber/Benchmarks/srem_sdiv_mul/QF_BV/Sage2/bench_6698.smt2
UNSAT
[runner] /raid/steuber/Benchmarks/srem_sdiv_mul/QF_BV/sage/app7/bench_2693.smt2
UNSAT
[runner] /raid/steuber/Benchmarks/srem_sdiv_mul/QF_BV/sage/app1/bench_2359.smt2
UNSAT
[runner] /raid/steuber/Benchmarks/srem_sdiv_mul/QF_BV/sage/app7/bench_6074.smt2
UNSAT
[runner] /raid/steuber/Benchmarks/srem_sdiv_mul/QF_BV/sage/app10/bench_31.smt2
UNSAT
[runner] /raid/steuber/Benchmarks/srem_sdiv_mul/QF_BV/sage/app1/bench_311.smt2
UNSAT
[runner] /raid/steuber/Benchmarks/srem_sdiv_mul/QF_BV/Sage2/bench_15724.smt2
UNSAT
[runner] /raid/steuber/Benchmarks/srem_sdiv_mul/QF_BV/sage/app7/bench_3378.smt2
UNSAT
[runner] /raid/steuber/Benchmarks/srem_sdiv_mul/QF_BV/sage/app1/bench_86.smt2
UNSAT
[runner] /raid/steuber/Benchmarks/srem_sdiv_mul/QF_BV/sage/app7/bench_555.smt2
UNSAT
[runner] /raid/steuber/Benchmarks/srem_sdiv_mul/QF_BV/sage/app1/bench_46.smt2
UNSAT
[runner] /raid/steuber/Benchmarks/srem_sdiv_mul/QF_BV/sage/app8/bench_2136.smt2
UNSAT
[runner] /raid/steuber/Benchmarks/srem_sdiv_mul/QF_BV/Sage2/bench_12701.smt2
UNSAT
[runner] /raid/steuber/Benchmarks/srem_sdiv_mul/QF_BV/sage/app10/bench_46.smt2
UNSAT
[runner] /raid/steuber/Benchmarks/srem_sdiv_mul/QF_BV/sage/app9/bench_2683.smt2
UNSAT
[runner] /raid/steuber/Benchmarks/srem_sdiv_mul/QF_BV/sage/app7/bench_1589.smt2
UNSAT
[runner] /raid/steuber/Benchmarks/srem_sdiv_mul/QF_BV/Sage2/bench_8303.smt2
UNSAT
[runner] /raid/steuber/Benchmarks/srem_sdiv_mul/QF_BV/sage/app11/bench_188.smt2
UNSAT
[runner] /raid/steuber/Benchmarks/srem_sdiv_mul/QF_BV/sage/app7/bench_6526.smt2
UNSAT
[runner] /raid/steuber/Benchmarks/srem_sdiv_mul/QF_BV/sage/app7/bench_602.smt2
UNSAT
[runner] /raid/steuber/Benchmarks/srem_sdiv_mul/QF_BV/sage/app1/bench_703.smt2
UNSAT
[runner] /raid/steuber/Benchmarks/srem_sdiv_mul/QF_BV/sage/app7/bench_3812.smt2
UNSAT
[runner] /raid/steuber/Benchmarks/srem_sdiv_mul/QF_BV/Sage2/bench_8450.smt2
UNSAT
[runner] /raid/steuber/Benchmarks/srem_sdiv_mul/QF_BV/Sage2/bench_13001.smt2
UNSAT
[runner] /raid/steuber/Benchmarks/srem_sdiv_mul/QF_BV/sage/app7/bench_5166.smt2
UNSAT
[runner] /raid/steuber/Benchmarks/srem_sdiv_mul/QF_BV/sage/app11/bench_19.smt2
UNSAT
[runner] /raid/steuber/Benchmarks/srem_sdiv_mul/QF_BV/sage/app11/bench_44.smt2
UNSAT
[runner] /raid/steuber/Benchmarks/srem_sdiv_mul/QF_BV/Sage2/bench_7734.smt2
UNSAT
[runner] /raid/steuber/Benchmarks/srem_sdiv_mul/QF_BV/sage/app9/bench_513.smt2
UNSAT
[runner] /raid/steuber/Benchmarks/srem_sdiv_mul/QF_BV/sage/app1/bench_1880.smt2
UNSAT
[runner] /raid/steuber/Benchmarks/srem_sdiv_mul/QF_BV/sage/app2/bench_604.smt2
UNSAT
[runner] /raid/steuber/Benchmarks/srem_sdiv_mul/QF_BV/Sage2/bench_9726.smt2
UNSAT
[runner] /raid/steuber/Benchmarks/srem_sdiv_mul/QF_BV/sage/app7/bench_8518.smt2
UNSAT
[runner] /raid/steuber/Benchmarks/srem_sdiv_mul/QF_BV/sage/app9/bench_2113.smt2
UNSAT
[runner] /raid/steuber/Benchmarks/srem_sdiv_mul/QF_BV/sage/app1/bench_193.smt2
UNSAT
[runner] /raid/steuber/Benchmarks/srem_sdiv_mul/QF_BV/sage/app7/bench_1469.smt2
UNSAT
[runner] /raid/steuber/Benchmarks/srem_sdiv_mul/QF_BV/Sage2/bench_5389.smt2
UNSAT
[runner] /raid/steuber/Benchmarks/srem_sdiv_mul/QF_BV/sage/app8/bench_900.smt2
UNSAT
[runner] /raid/steuber/Benchmarks/srem_sdiv_mul/QF_BV/sage/app7/bench_8180.smt2
UNSAT
[runner] /raid/steuber/Benchmarks/srem_sdiv_mul/QF_BV/Sage2/bench_2260.smt2
UNSAT
[runner] /raid/steuber/Benchmarks/srem_sdiv_mul/QF_BV/Sage2/bench_10063.smt2
UNSAT
[runner] /raid/steuber/Benchmarks/srem_sdiv_mul/QF_BV/sage/app1/bench_2146.smt2
UNSAT
[runner] /raid/steuber/Benchmarks/srem_sdiv_mul/QF_BV/sage/app12/bench_5530.smt2
UNSAT
[runner] /raid/steuber/Benchmarks/srem_sdiv_mul/QF_BV/sage/app7/bench_8659.smt2
UNSAT
[runner] /raid/steuber/Benchmarks/srem_sdiv_mul/QF_BV/sage/app12/bench_2598.smt2
UNSAT
[runner] /raid/steuber/Benchmarks/srem_sdiv_mul/QF_BV/sage/app8/bench_3624.smt2
UNSAT
[runner] /raid/steuber/Benchmarks/srem_sdiv_mul/QF_BV/Sage2/bench_14233.smt2
UNSAT
[runner] /raid/steuber/Benchmarks/srem_sdiv_mul/QF_BV/sage/app7/bench_5718.smt2
UNSAT
[runner] /raid/steuber/Benchmarks/srem_sdiv_mul/QF_BV/Sage2/bench_6794.smt2
UNSAT
[runner] /raid/steuber/Benchmarks/srem_sdiv_mul/QF_BV/sage/app7/bench_3117.smt2
UNSAT
[runner] /raid/steuber/Benchmarks/srem_sdiv_mul/QF_BV/uclid/catchconv/convert-jpg2gif-query-1528.smt2
UNSAT
[runner] /raid/steuber/Benchmarks/srem_sdiv_mul/QF_BV/sage/app1/bench_306.smt2
UNSAT
[runner] /raid/steuber/Benchmarks/srem_sdiv_mul/QF_BV/Sage2/bench_15755.smt2
UNSAT
[runner] /raid/steuber/Benchmarks/srem_sdiv_mul/QF_BV/sage/app9/bench_2656.smt2
UNSAT
[runner] /raid/steuber/Benchmarks/srem_sdiv_mul/QF_BV/sage/app8/bench_662.smt2
UNSAT
[runner] /raid/steuber/Benchmarks/srem_sdiv_mul/QF_BV/Sage2/bench_17117.smt2
UNSAT
[runner] /raid/steuber/Benchmarks/srem_sdiv_mul/QF_BV/sage/app7/bench_2556.smt2
UNSAT
[runner] /raid/steuber/Benchmarks/srem_sdiv_mul/QF_BV/Sage2/bench_7982.smt2
UNSAT
[runner] /raid/steuber/Benchmarks/srem_sdiv_mul/QF_BV/sage/app7/bench_8596.smt2
UNSAT
[runner] /raid/steuber/Benchmarks/srem_sdiv_mul/QF_BV/sage/app7/bench_156.smt2
UNSAT
[runner] /raid/steuber/Benchmarks/srem_sdiv_mul/QF_BV/sage/app7/bench_4938.smt2
UNSAT
[runner] /raid/steuber/Benchmarks/srem_sdiv_mul/QF_BV/sage/app1/bench_2160.smt2
UNSAT
[runner] /raid/steuber/Benchmarks/srem_sdiv_mul/QF_BV/Sage2/bench_10553.smt2
UNSAT
[runner] /raid/steuber/Benchmarks/srem_sdiv_mul/QF_BV/sage/app9/bench_876.smt2
UNSAT
[runner] /raid/steuber/Benchmarks/srem_sdiv_mul/QF_BV/Sage2/bench_10625.smt2
UNSAT
[runner] /raid/steuber/Benchmarks/srem_sdiv_mul/QF_BV/Sage2/bench_6478.smt2
UNSAT
[runner] /raid/steuber/Benchmarks/srem_sdiv_mul/QF_BV/sage/app7/bench_5398.smt2
UNSAT
[runner] /raid/steuber/Benchmarks/srem_sdiv_mul/QF_BV/sage/app8/bench_537.smt2
UNSAT
[runner] /raid/steuber/Benchmarks/srem_sdiv_mul/QF_BV/Sage2/bench_12713.smt2
UNSAT
[runner] /raid/steuber/Benchmarks/srem_sdiv_mul/QF_BV/sage/app7/bench_8452.smt2
UNSAT
[runner] /raid/steuber/Benchmarks/srem_sdiv_mul/QF_BV/Sage2/bench_77.smt2
UNSAT
[runner] /raid/steuber/Benchmarks/srem_sdiv_mul/QF_BV/Sage2/bench_7696.smt2
UNSAT
[runner] /raid/steuber/Benchmarks/srem_sdiv_mul/QF_BV/Sage2/bench_6895.smt2
UNSAT
[runner] /raid/steuber/Benchmarks/srem_sdiv_mul/QF_BV/sage/app8/bench_2058.smt2
UNSAT
[runner] /raid/steuber/Benchmarks/srem_sdiv_mul/QF_BV/Sage2/bench_9107.smt2
UNSAT
[runner] /raid/steuber/Benchmarks/srem_sdiv_mul/QF_BV/Sage2/bench_9563.smt2
UNSAT
[runner] /raid/steuber/Benchmarks/srem_sdiv_mul/QF_BV/sage/app7/bench_7958.smt2
UNSAT
[runner] /raid/steuber/Benchmarks/srem_sdiv_mul/QF_BV/Sage2/bench_2069.smt2
UNSAT
[runner] /raid/steuber/Benchmarks/srem_sdiv_mul/QF_BV/sage/app7/bench_119.smt2
UNSAT
[runner] /raid/steuber/Benchmarks/srem_sdiv_mul/QF_BV/wienand-cav2008/Booth/mult_ub_8x8_1.sf.smt2
UNSAT
[runner] /raid/steuber/Benchmarks/srem_sdiv_mul/QF_BV/sage/app7/bench_5053.smt2
UNSAT
[runner] /raid/steuber/Benchmarks/srem_sdiv_mul/QF_BV/Sage2/bench_9786.smt2
UNSAT
[runner] /raid/steuber/Benchmarks/srem_sdiv_mul/QF_BV/sage/app7/bench_591.smt2
UNSAT
[runner] /raid/steuber/Benchmarks/srem_sdiv_mul/QF_BV/Sage2/bench_10339.smt2
UNSAT
[runner] /raid/steuber/Benchmarks/srem_sdiv_mul/QF_BV/Sage2/bench_11359.smt2
UNSAT
[runner] /raid/steuber/Benchmarks/srem_sdiv_mul/QF_BV/Sage2/bench_13863.smt2
UNSAT
[runner] /raid/steuber/Benchmarks/srem_sdiv_mul/QF_BV/sage/app1/bench_261.smt2
UNSAT
[runner] /raid/steuber/Benchmarks/srem_sdiv_mul/QF_BV/Sage2/bench_10939.smt2
UNSAT
[runner] /raid/steuber/Benchmarks/srem_sdiv_mul/QF_BV/Sage2/bench_14031.smt2
UNSAT
[runner] /raid/steuber/Benchmarks/srem_sdiv_mul/QF_BV/sage/app7/bench_3848.smt2
UNSAT
[runner] /raid/steuber/Benchmarks/srem_sdiv_mul/QF_BV/sage/app8/bench_3707.smt2
UNSAT
[runner] /raid/steuber/Benchmarks/srem_sdiv_mul/QF_BV/sage/app11/bench_68.smt2
UNSAT
[runner] /raid/steuber/Benchmarks/srem_sdiv_mul/QF_BV/sage/app7/bench_4037.smt2
UNSAT
[runner] /raid/steuber/Benchmarks/srem_sdiv_mul/QF_BV/sage/app7/bench_28.smt2
UNSAT
[runner] /raid/steuber/Benchmarks/srem_sdiv_mul/QF_BV/sage/app1/bench_2417.smt2
UNSAT
[runner] /raid/steuber/Benchmarks/srem_sdiv_mul/QF_BV/sage/app7/bench_1783.smt2
UNSAT
[runner] /raid/steuber/Benchmarks/srem_sdiv_mul/QF_BV/Sage2/bench_9543.smt2
UNSAT
[runner] /raid/steuber/Benchmarks/srem_sdiv_mul/QF_BV/sage/app11/bench_331.smt2
UNSAT
[runner] /raid/steuber/Benchmarks/srem_sdiv_mul/QF_BV/sage/app2/bench_1388.smt2
UNSAT
[runner] /raid/steuber/Benchmarks/srem_sdiv_mul/QF_BV/sage/app11/bench_317.smt2
UNSAT
[runner] /raid/steuber/Benchmarks/srem_sdiv_mul/QF_BV/Sage2/bench_13825.smt2
UNSAT
[runner] /raid/steuber/Benchmarks/srem_sdiv_mul/QF_BV/sage/app7/bench_199.smt2
UNSAT
[runner] /raid/steuber/Benchmarks/srem_sdiv_mul/QF_BV/sage/app7/bench_4724.smt2
UNSAT
[runner] /raid/steuber/Benchmarks/srem_sdiv_mul/QF_BV/sage/app7/bench_4727.smt2
UNSAT
[runner] /raid/steuber/Benchmarks/srem_sdiv_mul/QF_BV/sage/app9/bench_602.smt2
UNSAT
[runner] /raid/steuber/Benchmarks/srem_sdiv_mul/QF_BV/sage/app11/bench_299.smt2
UNSAT
[runner] /raid/steuber/Benchmarks/srem_sdiv_mul/QF_BV/sage/app7/bench_450.smt2
UNSAT
[runner] /raid/steuber/Benchmarks/srem_sdiv_mul/QF_BV/sage/app7/bench_4052.smt2
UNSAT
[runner] /raid/steuber/Benchmarks/srem_sdiv_mul/QF_BV/sage/app9/bench_79.smt2
UNSAT
[runner] /raid/steuber/Benchmarks/srem_sdiv_mul/QF_BV/sage/app7/bench_3238.smt2
UNSAT
[runner] /raid/steuber/Benchmarks/srem_sdiv_mul/QF_BV/Sage2/bench_17062.smt2
UNSAT
[runner] /raid/steuber/Benchmarks/srem_sdiv_mul/QF_BV/sage/app7/bench_4201.smt2
UNSAT
[runner] /raid/steuber/Benchmarks/srem_sdiv_mul/QF_BV/sage/app8/bench_801.smt2
UNSAT
[runner] /raid/steuber/Benchmarks/srem_sdiv_mul/QF_BV/sage/app9/bench_383.smt2
UNSAT
[runner] /raid/steuber/Benchmarks/srem_sdiv_mul/QF_BV/sage/app5/bench_644.smt2
UNSAT
[runner] /raid/steuber/Benchmarks/srem_sdiv_mul/QF_BV/sage/app7/bench_4565.smt2
UNSAT
[runner] /raid/steuber/Benchmarks/srem_sdiv_mul/QF_BV/Sage2/bench_11963.smt2
UNSAT
[runner] /raid/steuber/Benchmarks/srem_sdiv_mul/QF_BV/sage/app1/bench_2515.smt2
UNSAT
[runner] /raid/steuber/Benchmarks/srem_sdiv_mul/QF_BV/Sage2/bench_315.smt2
UNSAT
[runner] /raid/steuber/Benchmarks/srem_sdiv_mul/QF_BV/sage/app2/bench_954.smt2
UNSAT
[runner] /raid/steuber/Benchmarks/srem_sdiv_mul/QF_BV/sage/app7/bench_767.smt2
UNSAT
[runner] /raid/steuber/Benchmarks/srem_sdiv_mul/QF_BV/sage/app1/bench_121.smt2
UNSAT
[runner] /raid/steuber/Benchmarks/srem_sdiv_mul/QF_BV/Sage2/bench_16866.smt2
UNSAT
[runner] /raid/steuber/Benchmarks/srem_sdiv_mul/QF_BV/Sage2/bench_17521.smt2
UNSAT
[runner] /raid/steuber/Benchmarks/srem_sdiv_mul/QF_BV/sage/app11/bench_607.smt2
UNSAT
[runner] /raid/steuber/Benchmarks/srem_sdiv_mul/QF_BV/Sage2/bench_12813.smt2
UNSAT
[runner] /raid/steuber/Benchmarks/srem_sdiv_mul/QF_BV/sage/app7/bench_5083.smt2
UNSAT
[runner] /raid/steuber/Benchmarks/srem_sdiv_mul/QF_BV/sage/app12/bench_5601.smt2
UNSAT
[runner] /raid/steuber/Benchmarks/srem_sdiv_mul/QF_BV/sage/app9/bench_2661.smt2
UNSAT
[runner] /raid/steuber/Benchmarks/srem_sdiv_mul/QF_BV/sage/app1/bench_2439.smt2
UNSAT
[runner] /raid/steuber/Benchmarks/srem_sdiv_mul/QF_BV/Sage2/bench_9496.smt2
UNSAT
[runner] /raid/steuber/Benchmarks/srem_sdiv_mul/QF_BV/sage/app1/bench_1958.smt2
UNSAT
[runner] /raid/steuber/Benchmarks/srem_sdiv_mul/QF_BV/Sage2/bench_14404.smt2
UNSAT
[runner] /raid/steuber/Benchmarks/srem_sdiv_mul/QF_BV/Sage2/bench_8803.smt2
UNSAT
[runner] /raid/steuber/Benchmarks/srem_sdiv_mul/QF_BV/sage/app8/bench_3496.smt2
UNSAT
[runner] /raid/steuber/Benchmarks/srem_sdiv_mul/QF_BV/sage/app7/bench_3675.smt2
UNSAT
[runner] /raid/steuber/Benchmarks/srem_sdiv_mul/QF_BV/sage/app7/bench_7724.smt2
UNSAT
[runner] /raid/steuber/Benchmarks/srem_sdiv_mul/QF_BV/sage/app7/bench_5669.smt2
UNSAT
[runner] /raid/steuber/Benchmarks/srem_sdiv_mul/QF_BV/Sage2/bench_15086.smt2
UNSAT
[runner] /raid/steuber/Benchmarks/srem_sdiv_mul/QF_BV/sage/app7/bench_5084.smt2
UNSAT
[runner] /raid/steuber/Benchmarks/srem_sdiv_mul/QF_BV/sage/app9/bench_31.smt2
UNSAT
[runner] /raid/steuber/Benchmarks/srem_sdiv_mul/QF_BV/sage/app7/bench_1636.smt2
UNSAT
[runner] /raid/steuber/Benchmarks/srem_sdiv_mul/QF_BV/sage/app7/bench_8449.smt2
UNSAT
[runner] /raid/steuber/Benchmarks/srem_sdiv_mul/QF_BV/sage/app12/bench_2174.smt2
UNSAT
[runner] /raid/steuber/Benchmarks/srem_sdiv_mul/QF_BV/sage/app7/bench_670.smt2
UNSAT
[runner] /raid/steuber/Benchmarks/srem_sdiv_mul/QF_BV/sage/app7/bench_1643.smt2
UNSAT
[runner] /raid/steuber/Benchmarks/srem_sdiv_mul/QF_BV/sage/app7/bench_6050.smt2
UNSAT
[runner] /raid/steuber/Benchmarks/srem_sdiv_mul/QF_BV/sage/app9/bench_836.smt2
UNSAT
[runner] /raid/steuber/Benchmarks/srem_sdiv_mul/QF_BV/Sage2/bench_7785.smt2
UNSAT
[runner] /raid/steuber/Benchmarks/srem_sdiv_mul/QF_BV/sage/app7/bench_4843.smt2
UNSAT
[runner] /raid/steuber/Benchmarks/srem_sdiv_mul/QF_BV/sage/app7/bench_4817.smt2
UNSAT
[runner] /raid/steuber/Benchmarks/srem_sdiv_mul/QF_BV/sage/app7/bench_3976.smt2
UNSAT
[runner] /raid/steuber/Benchmarks/srem_sdiv_mul/QF_BV/sage/app7/bench_5348.smt2
UNSAT
[runner] /raid/steuber/Benchmarks/srem_sdiv_mul/QF_BV/Sage2/bench_7605.smt2
UNSAT
[runner] /raid/steuber/Benchmarks/srem_sdiv_mul/QF_BV/Sage2/bench_1316.smt2
UNSAT
[runner] /raid/steuber/Benchmarks/srem_sdiv_mul/QF_BV/sage/app7/bench_5715.smt2
UNSAT
[runner] /raid/steuber/Benchmarks/srem_sdiv_mul/QF_BV/Sage2/bench_1313.smt2
UNSAT
[runner] /raid/steuber/Benchmarks/srem_sdiv_mul/QF_BV/Sage2/bench_11936.smt2
UNSAT
[runner] /raid/steuber/Benchmarks/srem_sdiv_mul/QF_BV/Sage2/bench_7406.smt2
UNSAT
[runner] /raid/steuber/Benchmarks/srem_sdiv_mul/QF_BV/Sage2/bench_10701.smt2
UNSAT
[runner] /raid/steuber/Benchmarks/srem_sdiv_mul/QF_BV/bmc-bv-svcomp14/sum02_true.c.17.smt2
UNSAT
[runner] /raid/steuber/Benchmarks/srem_sdiv_mul/QF_BV/sage/app7/bench_4233.smt2
UNSAT
[runner] /raid/steuber/Benchmarks/srem_sdiv_mul/QF_BV/sage/app10/bench_9.smt2
UNSAT
[runner] /raid/steuber/Benchmarks/srem_sdiv_mul/QF_BV/sage/app2/bench_1168.smt2
UNSAT
[runner] /raid/steuber/Benchmarks/srem_sdiv_mul/QF_BV/Sage2/bench_1334.smt2
UNSAT
[runner] /raid/steuber/Benchmarks/srem_sdiv_mul/QF_BV/sage/app12/bench_693.smt2
UNSAT
[runner] /raid/steuber/Benchmarks/srem_sdiv_mul/QF_BV/sage/app7/bench_4083.smt2
UNSAT
[runner] /raid/steuber/Benchmarks/srem_sdiv_mul/QF_BV/sage/app7/bench_4955.smt2
UNSAT
[runner] /raid/steuber/Benchmarks/srem_sdiv_mul/QF_BV/sage/app7/bench_3463.smt2
UNSAT
[runner] /raid/steuber/Benchmarks/srem_sdiv_mul/QF_BV/sage/app7/bench_2141.smt2
UNSAT
[runner] /raid/steuber/Benchmarks/srem_sdiv_mul/QF_BV/sage/app1/bench_232.smt2
UNSAT
[runner] /raid/steuber/Benchmarks/srem_sdiv_mul/QF_BV/Sage2/bench_9388.smt2
UNSAT
[runner] /raid/steuber/Benchmarks/srem_sdiv_mul/QF_BV/sage/app9/bench_18.smt2
UNSAT
[runner] /raid/steuber/Benchmarks/srem_sdiv_mul/QF_BV/sage/app11/bench_158.smt2
UNSAT
[runner] /raid/steuber/Benchmarks/srem_sdiv_mul/QF_BV/sage/app7/bench_3586.smt2
UNSAT
[runner] /raid/steuber/Benchmarks/srem_sdiv_mul/QF_BV/sage/app7/bench_1297.smt2
UNSAT
[runner] /raid/steuber/Benchmarks/srem_sdiv_mul/QF_BV/sage/app7/bench_6489.smt2
UNSAT
[runner] /raid/steuber/Benchmarks/srem_sdiv_mul/QF_BV/sage/app12/bench_2234.smt2
UNSAT
[runner] /raid/steuber/Benchmarks/srem_sdiv_mul/QF_BV/Sage2/bench_15268.smt2
UNSAT
[runner] /raid/steuber/Benchmarks/srem_sdiv_mul/QF_BV/sage/app7/bench_1637.smt2
UNSAT
[runner] /raid/steuber/Benchmarks/srem_sdiv_mul/QF_BV/sage/app12/bench_506.smt2
UNSAT
[runner] /raid/steuber/Benchmarks/srem_sdiv_mul/QF_BV/sage/app9/bench_421.smt2
UNSAT
[runner] /raid/steuber/Benchmarks/srem_sdiv_mul/QF_BV/Sage2/bench_8813.smt2
UNSAT
[runner] /raid/steuber/Benchmarks/srem_sdiv_mul/QF_BV/sage/app9/bench_3045.smt2
UNSAT
[runner] /raid/steuber/Benchmarks/srem_sdiv_mul/QF_BV/sage/app7/bench_306.smt2
UNSAT
[runner] /raid/steuber/Benchmarks/srem_sdiv_mul/QF_BV/sage/app8/bench_3507.smt2
UNSAT
[runner] /raid/steuber/Benchmarks/srem_sdiv_mul/QF_BV/Sage2/bench_8391.smt2
UNSAT
[runner] /raid/steuber/Benchmarks/srem_sdiv_mul/QF_BV/Sage2/bench_2222.smt2
UNSAT
[runner] /raid/steuber/Benchmarks/srem_sdiv_mul/QF_BV/Sage2/bench_16433.smt2
UNSAT
[runner] /raid/steuber/Benchmarks/srem_sdiv_mul/QF_BV/sage/app8/bench_987.smt2
UNSAT
[runner] /raid/steuber/Benchmarks/srem_sdiv_mul/QF_BV/sage/app7/bench_114.smt2
UNSAT
[runner] /raid/steuber/Benchmarks/srem_sdiv_mul/QF_BV/sage/app7/bench_1845.smt2
UNSAT
[runner] /raid/steuber/Benchmarks/srem_sdiv_mul/QF_BV/sage/app8/bench_713.smt2
UNSAT
[runner] /raid/steuber/Benchmarks/srem_sdiv_mul/QF_BV/sage/app1/bench_1932.smt2
UNSAT
[runner] /raid/steuber/Benchmarks/srem_sdiv_mul/QF_BV/sage/app2/bench_487.smt2
UNSAT
[runner] /raid/steuber/Benchmarks/srem_sdiv_mul/QF_BV/Sage2/bench_9584.smt2
UNSAT
[runner] /raid/steuber/Benchmarks/srem_sdiv_mul/QF_BV/sage/app11/bench_72.smt2
UNSAT
[runner] /raid/steuber/Benchmarks/srem_sdiv_mul/QF_BV/sage/app1/bench_2259.smt2
UNSAT
[runner] /raid/steuber/Benchmarks/srem_sdiv_mul/QF_BV/Sage2/bench_2617.smt2
UNSAT
[runner] /raid/steuber/Benchmarks/srem_sdiv_mul/QF_BV/sage/app8/bench_3389.smt2
UNSAT
[runner] /raid/steuber/Benchmarks/srem_sdiv_mul/QF_BV/sage/app7/bench_5259.smt2
UNSAT
[runner] /raid/steuber/Benchmarks/srem_sdiv_mul/QF_BV/sage/app9/bench_642.smt2
UNSAT
[runner] /raid/steuber/Benchmarks/srem_sdiv_mul/QF_BV/Sage2/bench_13071.smt2
UNSAT
[runner] /raid/steuber/Benchmarks/srem_sdiv_mul/QF_BV/sage/app7/bench_3650.smt2
UNSAT
[runner] /raid/steuber/Benchmarks/srem_sdiv_mul/QF_BV/sage/app11/bench_4.smt2
UNSAT
