[runlim] version:		1.10
[runlim] time limit:		311040000 seconds
[runlim] real time limit:	1200 seconds
[runlim] space limit:		15000 MB
[runlim] argv[0]:		python3
[runlim] argv[1]:		/raid/steuber/Software/ablector/ablector
[runlim] argv[2]:		/raid/steuber/Benchmarks/2019/QF_BV/sage/app7/bench_1404.smt2
[runlim] argv[3]:		--ufReuse=1
[runlim] argv[4]:		--omit
[runlim] argv[5]:		mul:3
[runlim] argv[6]:		--omit
[runlim] argv[7]:		sdiv:3
[runlim] argv[8]:		--omit
[runlim] argv[9]:		udiv:3
[runlim] start:			Thu May 14 14:30:42 2020
[runlim] main pid:		4392
[Ablector] INFO: ABLECTOR TIME: 0.003917
[runlim] end:			Thu May 14 14:30:43 2020
[runlim] status:		ok
[runlim] result:		0
[runlim] children:		5
[runlim] real:			1.93 seconds
[runlim] time:			1.45 seconds
[runlim] space:			64.4 MB
[runlim] samples:		10
[runlim] version:		1.10
[runlim] time limit:		311040000 seconds
[runlim] real time limit:	1200 seconds
[runlim] space limit:		15000 MB
[runlim] argv[0]:		python3
[runlim] argv[1]:		/raid/steuber/Software/ablector/ablector
[runlim] argv[2]:		/raid/steuber/Benchmarks/2019/QF_BV/Sage2/bench_17729.smt2
[runlim] argv[3]:		--ufReuse=1
[runlim] argv[4]:		--omit
[runlim] argv[5]:		mul:3
[runlim] argv[6]:		--omit
[runlim] argv[7]:		sdiv:3
[runlim] argv[8]:		--omit
[runlim] argv[9]:		udiv:3
[runlim] start:			Thu May 14 14:30:44 2020
[runlim] main pid:		4412
[Ablector] INFO: *** ROUND 0
[MulNode] INFO: Level 0
[Ablector] INFO: ABLECTOR TIME: 0.167808
[Ablector] INFO: SAT TIME: 0.163211
[Ablector] INFO: REF TIME: 0.010781
[runlim] end:			Thu May 14 14:30:44 2020
[runlim] status:		ok
[runlim] result:		0
[runlim] children:		0
[runlim] real:			0.90 seconds
[runlim] time:			1.18 seconds
[runlim] space:			42.5 MB
[runlim] samples:		6
[runlim] version:		1.10
[runlim] time limit:		311040000 seconds
[runlim] real time limit:	1200 seconds
[runlim] space limit:		15000 MB
[runlim] argv[0]:		python3
[runlim] argv[1]:		/raid/steuber/Software/ablector/ablector
[runlim] argv[2]:		/raid/steuber/Benchmarks/2019/QF_BV/sage/app7/bench_3338.smt2
[runlim] argv[3]:		--ufReuse=1
[runlim] argv[4]:		--omit
[runlim] argv[5]:		mul:3
[runlim] argv[6]:		--omit
[runlim] argv[7]:		sdiv:3
[runlim] argv[8]:		--omit
[runlim] argv[9]:		udiv:3
[runlim] start:			Thu May 14 14:30:45 2020
[runlim] main pid:		4432
[Ablector] INFO: ABLECTOR TIME: 0.003919
[runlim] end:			Thu May 14 14:30:45 2020
[runlim] status:		ok
[runlim] result:		0
[runlim] children:		2
[runlim] real:			0.87 seconds
[runlim] time:			1.06 seconds
[runlim] space:			47.1 MB
[runlim] samples:		6
[runlim] version:		1.10
[runlim] time limit:		311040000 seconds
[runlim] real time limit:	1200 seconds
[runlim] space limit:		15000 MB
[runlim] argv[0]:		python3
[runlim] argv[1]:		/raid/steuber/Software/ablector/ablector
[runlim] argv[2]:		/raid/steuber/Benchmarks/2019/QF_BV/Sage2/bench_12559.smt2
[runlim] argv[3]:		--ufReuse=1
[runlim] argv[4]:		--omit
[runlim] argv[5]:		mul:3
[runlim] argv[6]:		--omit
[runlim] argv[7]:		sdiv:3
[runlim] argv[8]:		--omit
[runlim] argv[9]:		udiv:3
[runlim] start:			Thu May 14 14:30:46 2020
[runlim] main pid:		4452
[Ablector] INFO: *** ROUND 0
[MulNode] INFO: Level 0
[MulNode] INFO: Level 0
[MulNode] INFO: Level 0
[MulNode] INFO: Level 0
[MulNode] INFO: Level 0
[MulNode] INFO: Level 0
[MulNode] INFO: Level 0
[MulNode] INFO: Level 0
[MulNode] INFO: Level 0
[MulNode] INFO: Level 0
[MulNode] INFO: Level 0
[MulNode] INFO: Level 0
[MulNode] INFO: Level 0
[MulNode] INFO: Level 0
[MulNode] INFO: Level 0
[MulNode] INFO: Level 0
[MulNode] INFO: Level 0
[MulNode] INFO: Level 0
[MulNode] INFO: Level 0
[MulNode] INFO: Level 0
[MulNode] INFO: Level 0
[MulNode] INFO: Level 0
[MulNode] INFO: Level 0
[MulNode] INFO: Level 0
[MulNode] INFO: Level 0
[MulNode] INFO: Level 0
[MulNode] INFO: Level 0
[MulNode] INFO: Level 0
[MulNode] INFO: Level 0
[MulNode] INFO: Level 0
[MulNode] INFO: Level 0
[MulNode] INFO: Level 0
[MulNode] INFO: Level 0
[MulNode] INFO: Level 0
[MulNode] INFO: Level 0
[MulNode] INFO: Level 0
[MulNode] INFO: Level 0
[MulNode] INFO: Level 0
[MulNode] INFO: Level 0
[MulNode] INFO: Level 0
[MulNode] INFO: Level 0
[MulNode] INFO: Level 0
[MulNode] INFO: Level 0
[MulNode] INFO: Level 0
[MulNode] INFO: Level 0
[MulNode] INFO: Level 0
[MulNode] INFO: Level 0
[MulNode] INFO: Level 0
[MulNode] INFO: Level 0
[MulNode] INFO: Level 0
[MulNode] INFO: Level 0
[Ablector] INFO: ABLECTOR TIME: 1.033072
[Ablector] INFO: SAT TIME: 1.018818
[Ablector] INFO: REF TIME: 0.516386
[runlim] end:			Thu May 14 14:30:48 2020
[runlim] status:		ok
[runlim] result:		0
[runlim] children:		1
[runlim] real:			2.37 seconds
[runlim] time:			2.64 seconds
[runlim] space:			98.4 MB
[runlim] samples:		21
[runlim] version:		1.10
[runlim] time limit:		311040000 seconds
[runlim] real time limit:	1200 seconds
[runlim] space limit:		15000 MB
[runlim] argv[0]:		python3
[runlim] argv[1]:		/raid/steuber/Software/ablector/ablector
[runlim] argv[2]:		/raid/steuber/Benchmarks/2019/QF_BV/sage/app12/bench_3731.smt2
[runlim] argv[3]:		--ufReuse=1
[runlim] argv[4]:		--omit
[runlim] argv[5]:		mul:3
[runlim] argv[6]:		--omit
[runlim] argv[7]:		sdiv:3
[runlim] argv[8]:		--omit
[runlim] argv[9]:		udiv:3
[runlim] start:			Thu May 14 14:30:48 2020
[runlim] main pid:		4472
[Ablector] INFO: *** ROUND 0
[Ablector] INFO: *** ROUND 1
[Ablector] INFO: *** ROUND 2
[Ablector] INFO: *** ROUND 3
[SdivNode] INFO: Level 3 - Bit 0
[SdivNode] INFO: Level 1
[Ablector] INFO: ABLECTOR TIME: 0.069351
[Ablector] INFO: SAT TIME: 0.064575
[Ablector] INFO: REF TIME: 0.007091
[runlim] end:			Thu May 14 14:30:49 2020
[runlim] status:		segmentation fault
[runlim] result:		4
[runlim] children:		1
[runlim] real:			1.46 seconds
[runlim] time:			1.11 seconds
[runlim] space:			40.6 MB
[runlim] samples:		7
[runlim] version:		1.10
[runlim] time limit:		311040000 seconds
[runlim] real time limit:	1200 seconds
[runlim] space limit:		15000 MB
[runlim] argv[0]:		python3
[runlim] argv[1]:		/raid/steuber/Software/ablector/ablector
[runlim] argv[2]:		/raid/steuber/Benchmarks/2019/QF_BV/sage/app1/bench_2035.smt2
[runlim] argv[3]:		--ufReuse=1
[runlim] argv[4]:		--omit
[runlim] argv[5]:		mul:3
[runlim] argv[6]:		--omit
[runlim] argv[7]:		sdiv:3
[runlim] argv[8]:		--omit
[runlim] argv[9]:		udiv:3
[runlim] start:			Thu May 14 14:30:49 2020
[runlim] main pid:		4492
[Ablector] INFO: *** ROUND 0
[MulNode] INFO: Level 0
[MulNode] INFO: Level 0
[MulNode] INFO: Level 0
[MulNode] INFO: Level 0
[MulNode] INFO: Level 0
[Ablector] INFO: ABLECTOR TIME: 0.166296
[Ablector] INFO: SAT TIME: 0.160268
[Ablector] INFO: REF TIME: 0.048866
[runlim] end:			Thu May 14 14:30:50 2020
[runlim] status:		ok
[runlim] result:		0
[runlim] children:		1
[runlim] real:			1.70 seconds
[runlim] time:			1.33 seconds
[runlim] space:			55.4 MB
[runlim] samples:		8
[runlim] version:		1.10
[runlim] time limit:		311040000 seconds
[runlim] real time limit:	1200 seconds
[runlim] space limit:		15000 MB
[runlim] argv[0]:		python3
[runlim] argv[1]:		/raid/steuber/Software/ablector/ablector
[runlim] argv[2]:		/raid/steuber/Benchmarks/2019/QF_BV/sage/app7/bench_2097.smt2
[runlim] argv[3]:		--ufReuse=1
[runlim] argv[4]:		--omit
[runlim] argv[5]:		mul:3
[runlim] argv[6]:		--omit
[runlim] argv[7]:		sdiv:3
[runlim] argv[8]:		--omit
[runlim] argv[9]:		udiv:3
[runlim] start:			Thu May 14 14:30:51 2020
[runlim] main pid:		4512
[Ablector] INFO: ABLECTOR TIME: 0.003910
[runlim] end:			Thu May 14 14:30:51 2020
[runlim] status:		ok
[runlim] result:		0
[runlim] children:		3
[runlim] real:			0.90 seconds
[runlim] time:			1.21 seconds
[runlim] space:			52.8 MB
[runlim] samples:		8
[runlim] version:		1.10
[runlim] time limit:		311040000 seconds
[runlim] real time limit:	1200 seconds
[runlim] space limit:		15000 MB
[runlim] argv[0]:		python3
[runlim] argv[1]:		/raid/steuber/Software/ablector/ablector
[runlim] argv[2]:		/raid/steuber/Benchmarks/2019/QF_BV/sage/app7/bench_3381.smt2
[runlim] argv[3]:		--ufReuse=1
[runlim] argv[4]:		--omit
[runlim] argv[5]:		mul:3
[runlim] argv[6]:		--omit
[runlim] argv[7]:		sdiv:3
[runlim] argv[8]:		--omit
[runlim] argv[9]:		udiv:3
[runlim] start:			Thu May 14 14:30:52 2020
[runlim] main pid:		4533
[Ablector] INFO: ABLECTOR TIME: 0.004025
[runlim] end:			Thu May 14 14:30:54 2020
[runlim] status:		ok
[runlim] result:		0
[runlim] children:		17
[runlim] real:			2.50 seconds
[runlim] time:			2.62 seconds
[runlim] space:			97.9 MB
[runlim] samples:		22
[runlim] version:		1.10
[runlim] time limit:		311040000 seconds
[runlim] real time limit:	1200 seconds
[runlim] space limit:		15000 MB
[runlim] argv[0]:		python3
[runlim] argv[1]:		/raid/steuber/Software/ablector/ablector
[runlim] argv[2]:		/raid/steuber/Benchmarks/2019/QF_BV/sage/app2/bench_368.smt2
[runlim] argv[3]:		--ufReuse=1
[runlim] argv[4]:		--omit
[runlim] argv[5]:		mul:3
[runlim] argv[6]:		--omit
[runlim] argv[7]:		sdiv:3
[runlim] argv[8]:		--omit
[runlim] argv[9]:		udiv:3
[runlim] start:			Thu May 14 14:30:54 2020
[runlim] main pid:		4556
[Ablector] INFO: *** ROUND 0
[SdivNode] INFO: Level 0
[Ablector] INFO: ABLECTOR TIME: 0.008321
[Ablector] INFO: SAT TIME: 0.003716
[Ablector] INFO: REF TIME: 0.001685
[runlim] end:			Thu May 14 14:30:55 2020
[runlim] status:		ok
[runlim] result:		0
[runlim] children:		0
[runlim] real:			1.29 seconds
[runlim] time:			0.96 seconds
[runlim] space:			39.8 MB
[runlim] samples:		4
[runlim] version:		1.10
[runlim] time limit:		311040000 seconds
[runlim] real time limit:	1200 seconds
[runlim] space limit:		15000 MB
[runlim] argv[0]:		python3
[runlim] argv[1]:		/raid/steuber/Software/ablector/ablector
[runlim] argv[2]:		/raid/steuber/Benchmarks/2019/QF_BV/sage/app2/bench_290.smt2
[runlim] argv[3]:		--ufReuse=1
[runlim] argv[4]:		--omit
[runlim] argv[5]:		mul:3
[runlim] argv[6]:		--omit
[runlim] argv[7]:		sdiv:3
[runlim] argv[8]:		--omit
[runlim] argv[9]:		udiv:3
[runlim] start:			Thu May 14 14:30:55 2020
[runlim] main pid:		4576
[Ablector] INFO: *** ROUND 0
[SdivNode] INFO: Level 0
[SdivNode] INFO: Level 0
[MulNode] INFO: Level 0
[MulNode] INFO: Level 0
[Ablector] INFO: ABLECTOR TIME: 0.254460
[Ablector] INFO: SAT TIME: 0.249255
[Ablector] INFO: REF TIME: 0.022109
[runlim] end:			Thu May 14 14:30:56 2020
[runlim] status:		ok
[runlim] result:		0
[runlim] children:		0
[runlim] real:			1.34 seconds
[runlim] time:			1.27 seconds
[runlim] space:			43.0 MB
[runlim] samples:		7
[runlim] version:		1.10
[runlim] time limit:		311040000 seconds
[runlim] real time limit:	1200 seconds
[runlim] space limit:		15000 MB
[runlim] argv[0]:		python3
[runlim] argv[1]:		/raid/steuber/Software/ablector/ablector
[runlim] argv[2]:		/raid/steuber/Benchmarks/2019/QF_BV/sage/app7/bench_1880.smt2
[runlim] argv[3]:		--ufReuse=1
[runlim] argv[4]:		--omit
[runlim] argv[5]:		mul:3
[runlim] argv[6]:		--omit
[runlim] argv[7]:		sdiv:3
[runlim] argv[8]:		--omit
[runlim] argv[9]:		udiv:3
[runlim] start:			Thu May 14 14:30:56 2020
[runlim] main pid:		4596
[Ablector] INFO: ABLECTOR TIME: 0.003868
[runlim] end:			Thu May 14 14:30:58 2020
[runlim] status:		ok
[runlim] result:		0
[runlim] children:		18
[runlim] real:			2.97 seconds
[runlim] time:			2.76 seconds
[runlim] space:			98.1 MB
[runlim] samples:		22
[runlim] version:		1.10
[runlim] time limit:		311040000 seconds
[runlim] real time limit:	1200 seconds
[runlim] space limit:		15000 MB
[runlim] argv[0]:		python3
[runlim] argv[1]:		/raid/steuber/Software/ablector/ablector
[runlim] argv[2]:		/raid/steuber/Benchmarks/2019/QF_BV/sage/app7/bench_2790.smt2
[runlim] argv[3]:		--ufReuse=1
[runlim] argv[4]:		--omit
[runlim] argv[5]:		mul:3
[runlim] argv[6]:		--omit
[runlim] argv[7]:		sdiv:3
[runlim] argv[8]:		--omit
[runlim] argv[9]:		udiv:3
[runlim] start:			Thu May 14 14:30:59 2020
[runlim] main pid:		4616
[Ablector] INFO: ABLECTOR TIME: 0.003931
[runlim] end:			Thu May 14 14:31:00 2020
[runlim] status:		ok
[runlim] result:		0
[runlim] children:		2
[runlim] real:			1.00 seconds
[runlim] time:			1.17 seconds
[runlim] space:			50.5 MB
[runlim] samples:		6
[runlim] version:		1.10
[runlim] time limit:		311040000 seconds
[runlim] real time limit:	1200 seconds
[runlim] space limit:		15000 MB
[runlim] argv[0]:		python3
[runlim] argv[1]:		/raid/steuber/Software/ablector/ablector
[runlim] argv[2]:		/raid/steuber/Benchmarks/2019/QF_BV/sage/app12/bench_523.smt2
[runlim] argv[3]:		--ufReuse=1
[runlim] argv[4]:		--omit
[runlim] argv[5]:		mul:3
[runlim] argv[6]:		--omit
[runlim] argv[7]:		sdiv:3
[runlim] argv[8]:		--omit
[runlim] argv[9]:		udiv:3
[runlim] start:			Thu May 14 14:31:00 2020
[runlim] main pid:		4636
[Ablector] INFO: ABLECTOR TIME: 0.003917
[runlim] end:			Thu May 14 14:31:00 2020
[runlim] status:		ok
[runlim] result:		0
[runlim] children:		0
[runlim] real:			0.82 seconds
[runlim] time:			0.98 seconds
[runlim] space:			37.5 MB
[runlim] samples:		4
[runlim] version:		1.10
[runlim] time limit:		311040000 seconds
[runlim] real time limit:	1200 seconds
[runlim] space limit:		15000 MB
[runlim] argv[0]:		python3
[runlim] argv[1]:		/raid/steuber/Software/ablector/ablector
[runlim] argv[2]:		/raid/steuber/Benchmarks/2019/QF_BV/sage/app7/bench_66.smt2
[runlim] argv[3]:		--ufReuse=1
[runlim] argv[4]:		--omit
[runlim] argv[5]:		mul:3
[runlim] argv[6]:		--omit
[runlim] argv[7]:		sdiv:3
[runlim] argv[8]:		--omit
[runlim] argv[9]:		udiv:3
[runlim] start:			Thu May 14 14:31:01 2020
[runlim] main pid:		4656
[Ablector] INFO: ABLECTOR TIME: 0.003823
[runlim] end:			Thu May 14 14:31:02 2020
[runlim] status:		ok
[runlim] result:		0
[runlim] children:		14
[runlim] real:			1.97 seconds
[runlim] time:			2.26 seconds
[runlim] space:			83.5 MB
[runlim] samples:		18
[runlim] version:		1.10
[runlim] time limit:		311040000 seconds
[runlim] real time limit:	1200 seconds
[runlim] space limit:		15000 MB
[runlim] argv[0]:		python3
[runlim] argv[1]:		/raid/steuber/Software/ablector/ablector
[runlim] argv[2]:		/raid/steuber/Benchmarks/2019/QF_BV/sage/app7/bench_5734.smt2
[runlim] argv[3]:		--ufReuse=1
[runlim] argv[4]:		--omit
[runlim] argv[5]:		mul:3
[runlim] argv[6]:		--omit
[runlim] argv[7]:		sdiv:3
[runlim] argv[8]:		--omit
[runlim] argv[9]:		udiv:3
[runlim] start:			Thu May 14 14:31:03 2020
[runlim] main pid:		4676
[Ablector] INFO: ABLECTOR TIME: 0.003860
[runlim] end:			Thu May 14 14:31:03 2020
[runlim] status:		ok
[runlim] result:		0
[runlim] children:		0
[runlim] real:			0.78 seconds
[runlim] time:			0.95 seconds
[runlim] space:			38.0 MB
[runlim] samples:		4
[runlim] version:		1.10
[runlim] time limit:		311040000 seconds
[runlim] real time limit:	1200 seconds
[runlim] space limit:		15000 MB
[runlim] argv[0]:		python3
[runlim] argv[1]:		/raid/steuber/Software/ablector/ablector
[runlim] argv[2]:		/raid/steuber/Benchmarks/2019/QF_BV/20190311-bv-term-small-rw-Noetzli/bv-term-small-rw_1290.smt2
[runlim] argv[3]:		--ufReuse=1
[runlim] argv[4]:		--omit
[runlim] argv[5]:		mul:3
[runlim] argv[6]:		--omit
[runlim] argv[7]:		sdiv:3
[runlim] argv[8]:		--omit
[runlim] argv[9]:		udiv:3
[runlim] start:			Thu May 14 14:31:04 2020
[runlim] main pid:		4696
[Ablector] INFO: ABLECTOR TIME: 0.003777
[runlim] end:			Thu May 14 14:31:04 2020
[runlim] status:		ok
[runlim] result:		0
[runlim] children:		0
[runlim] real:			0.55 seconds
[runlim] time:			0.97 seconds
[runlim] space:			37.8 MB
[runlim] samples:		4
[runlim] version:		1.10
[runlim] time limit:		311040000 seconds
[runlim] real time limit:	1200 seconds
[runlim] space limit:		15000 MB
[runlim] argv[0]:		python3
[runlim] argv[1]:		/raid/steuber/Software/ablector/ablector
[runlim] argv[2]:		/raid/steuber/Benchmarks/2019/QF_BV/sage/app1/bench_2343.smt2
[runlim] argv[3]:		--ufReuse=1
[runlim] argv[4]:		--omit
[runlim] argv[5]:		mul:3
[runlim] argv[6]:		--omit
[runlim] argv[7]:		sdiv:3
[runlim] argv[8]:		--omit
[runlim] argv[9]:		udiv:3
[runlim] start:			Thu May 14 14:31:04 2020
[runlim] main pid:		4716
[Ablector] INFO: ABLECTOR TIME: 0.003785
[runlim] end:			Thu May 14 14:31:05 2020
[runlim] status:		ok
[runlim] result:		0
[runlim] children:		0
[runlim] real:			1.34 seconds
[runlim] time:			0.95 seconds
[runlim] space:			37.7 MB
[runlim] samples:		4
[runlim] version:		1.10
[runlim] time limit:		311040000 seconds
[runlim] real time limit:	1200 seconds
[runlim] space limit:		15000 MB
[runlim] argv[0]:		python3
[runlim] argv[1]:		/raid/steuber/Software/ablector/ablector
[runlim] argv[2]:		/raid/steuber/Benchmarks/2019/QF_BV/Sage2/bench_16460.smt2
[runlim] argv[3]:		--ufReuse=1
[runlim] argv[4]:		--omit
[runlim] argv[5]:		mul:3
[runlim] argv[6]:		--omit
[runlim] argv[7]:		sdiv:3
[runlim] argv[8]:		--omit
[runlim] argv[9]:		udiv:3
[runlim] start:			Thu May 14 14:31:05 2020
[runlim] main pid:		4736
[Ablector] INFO: *** ROUND 0
[MulNode] INFO: Level 0
[Ablector] INFO: ABLECTOR TIME: 0.295987
[Ablector] INFO: SAT TIME: 0.290986
[Ablector] INFO: REF TIME: 0.010768
[runlim] end:			Thu May 14 14:31:06 2020
[runlim] status:		ok
[runlim] result:		0
[runlim] children:		0
[runlim] real:			1.49 seconds
[runlim] time:			1.26 seconds
[runlim] space:			43.4 MB
[runlim] samples:		7
[runlim] version:		1.10
[runlim] time limit:		311040000 seconds
[runlim] real time limit:	1200 seconds
[runlim] space limit:		15000 MB
[runlim] argv[0]:		python3
[runlim] argv[1]:		/raid/steuber/Software/ablector/ablector
[runlim] argv[2]:		/raid/steuber/Benchmarks/2019/QF_BV/sage/app7/bench_2767.smt2
[runlim] argv[3]:		--ufReuse=1
[runlim] argv[4]:		--omit
[runlim] argv[5]:		mul:3
[runlim] argv[6]:		--omit
[runlim] argv[7]:		sdiv:3
[runlim] argv[8]:		--omit
[runlim] argv[9]:		udiv:3
[runlim] start:			Thu May 14 14:31:06 2020
[runlim] main pid:		4756
[Ablector] INFO: ABLECTOR TIME: 0.003754
[runlim] end:			Thu May 14 14:31:07 2020
[runlim] status:		ok
[runlim] result:		0
[runlim] children:		3
[runlim] real:			1.52 seconds
[runlim] time:			1.14 seconds
[runlim] space:			50.9 MB
[runlim] samples:		6
[runlim] version:		1.10
[runlim] time limit:		311040000 seconds
[runlim] real time limit:	1200 seconds
[runlim] space limit:		15000 MB
[runlim] argv[0]:		python3
[runlim] argv[1]:		/raid/steuber/Software/ablector/ablector
[runlim] argv[2]:		/raid/steuber/Benchmarks/2019/QF_BV/sage/app9/bench_374.smt2
[runlim] argv[3]:		--ufReuse=1
[runlim] argv[4]:		--omit
[runlim] argv[5]:		mul:3
[runlim] argv[6]:		--omit
[runlim] argv[7]:		sdiv:3
[runlim] argv[8]:		--omit
[runlim] argv[9]:		udiv:3
[runlim] start:			Thu May 14 14:31:07 2020
[runlim] main pid:		4777
[Ablector] INFO: ABLECTOR TIME: 0.003894
[runlim] end:			Thu May 14 14:31:08 2020
[runlim] status:		ok
[runlim] result:		0
[runlim] children:		0
[runlim] real:			1.30 seconds
[runlim] time:			0.97 seconds
[runlim] space:			37.8 MB
[runlim] samples:		4
[runlim] version:		1.10
[runlim] time limit:		311040000 seconds
[runlim] real time limit:	1200 seconds
[runlim] space limit:		15000 MB
[runlim] argv[0]:		python3
[runlim] argv[1]:		/raid/steuber/Software/ablector/ablector
[runlim] argv[2]:		/raid/steuber/Benchmarks/2019/QF_BV/sage/app12/bench_5375.smt2
[runlim] argv[3]:		--ufReuse=1
[runlim] argv[4]:		--omit
[runlim] argv[5]:		mul:3
[runlim] argv[6]:		--omit
[runlim] argv[7]:		sdiv:3
[runlim] argv[8]:		--omit
[runlim] argv[9]:		udiv:3
[runlim] start:			Thu May 14 14:31:08 2020
[runlim] main pid:		4797
[Ablector] INFO: ABLECTOR TIME: 0.003764
[runlim] end:			Thu May 14 14:31:09 2020
[runlim] status:		ok
[runlim] result:		0
[runlim] children:		0
[runlim] real:			1.07 seconds
[runlim] time:			0.97 seconds
[runlim] space:			37.9 MB
[runlim] samples:		4
[runlim] version:		1.10
[runlim] time limit:		311040000 seconds
[runlim] real time limit:	1200 seconds
[runlim] space limit:		15000 MB
[runlim] argv[0]:		python3
[runlim] argv[1]:		/raid/steuber/Software/ablector/ablector
[runlim] argv[2]:		/raid/steuber/Benchmarks/2019/QF_BV/Sage2/bench_17325.smt2
[runlim] argv[3]:		--ufReuse=1
[runlim] argv[4]:		--omit
[runlim] argv[5]:		mul:3
[runlim] argv[6]:		--omit
[runlim] argv[7]:		sdiv:3
[runlim] argv[8]:		--omit
[runlim] argv[9]:		udiv:3
[runlim] start:			Thu May 14 14:31:09 2020
[runlim] main pid:		4817
[Ablector] INFO: *** ROUND 0
[MulNode] INFO: Level 0
[Ablector] INFO: ABLECTOR TIME: 0.647664
[Ablector] INFO: SAT TIME: 0.642621
[Ablector] INFO: REF TIME: 0.010531
[runlim] end:			Thu May 14 14:31:10 2020
[runlim] status:		ok
[runlim] result:		0
[runlim] children:		0
[runlim] real:			1.64 seconds
[runlim] time:			1.73 seconds
[runlim] space:			48.7 MB
[runlim] samples:		12
[runlim] version:		1.10
[runlim] time limit:		311040000 seconds
[runlim] real time limit:	1200 seconds
[runlim] space limit:		15000 MB
[runlim] argv[0]:		python3
[runlim] argv[1]:		/raid/steuber/Software/ablector/ablector
[runlim] argv[2]:		/raid/steuber/Benchmarks/2019/QF_BV/Sage2/bench_8122.smt2
[runlim] argv[3]:		--ufReuse=1
[runlim] argv[4]:		--omit
[runlim] argv[5]:		mul:3
[runlim] argv[6]:		--omit
[runlim] argv[7]:		sdiv:3
[runlim] argv[8]:		--omit
[runlim] argv[9]:		udiv:3
[runlim] start:			Thu May 14 14:31:10 2020
[runlim] main pid:		4837
[Ablector] INFO: *** ROUND 0
[MulNode] INFO: Level 0
[MulNode] INFO: Level 0
[MulNode] INFO: Level 0
[MulNode] INFO: Level 0
[MulNode] INFO: Level 0
[MulNode] INFO: Level 0
[MulNode] INFO: Level 0
[MulNode] INFO: Level 0
[MulNode] INFO: Level 0
[MulNode] INFO: Level 0
[MulNode] INFO: Level 0
[MulNode] INFO: Level 0
[MulNode] INFO: Level 0
[MulNode] INFO: Level 0
[MulNode] INFO: Level 0
[MulNode] INFO: Level 0
[MulNode] INFO: Level 0
[MulNode] INFO: Level 0
[MulNode] INFO: Level 0
[MulNode] INFO: Level 0
[MulNode] INFO: Level 0
[MulNode] INFO: Level 0
[MulNode] INFO: Level 0
[MulNode] INFO: Level 0
[MulNode] INFO: Level 0
[MulNode] INFO: Level 0
[MulNode] INFO: Level 0
[MulNode] INFO: Level 0
[MulNode] INFO: Level 0
[Ablector] INFO: ABLECTOR TIME: 0.887725
[Ablector] INFO: SAT TIME: 0.877835
[Ablector] INFO: REF TIME: 0.286881
[runlim] end:			Thu May 14 14:31:12 2020
[runlim] status:		ok
[runlim] result:		0
[runlim] children:		1
[runlim] real:			2.70 seconds
[runlim] time:			2.21 seconds
[runlim] space:			61.4 MB
[runlim] samples:		17
[runlim] version:		1.10
[runlim] time limit:		311040000 seconds
[runlim] real time limit:	1200 seconds
[runlim] space limit:		15000 MB
[runlim] argv[0]:		python3
[runlim] argv[1]:		/raid/steuber/Software/ablector/ablector
[runlim] argv[2]:		/raid/steuber/Benchmarks/2019/QF_BV/Sage2/bench_17094.smt2
[runlim] argv[3]:		--ufReuse=1
[runlim] argv[4]:		--omit
[runlim] argv[5]:		mul:3
[runlim] argv[6]:		--omit
[runlim] argv[7]:		sdiv:3
[runlim] argv[8]:		--omit
[runlim] argv[9]:		udiv:3
[runlim] start:			Thu May 14 14:31:13 2020
[runlim] main pid:		4857
[Ablector] INFO: *** ROUND 0
[MulNode] INFO: Level 0
[Ablector] INFO: ABLECTOR TIME: 0.177578
[Ablector] INFO: SAT TIME: 0.172895
[Ablector] INFO: REF TIME: 0.010938
[runlim] end:			Thu May 14 14:31:13 2020
[runlim] status:		ok
[runlim] result:		0
[runlim] children:		0
[runlim] real:			0.68 seconds
[runlim] time:			1.17 seconds
[runlim] space:			41.6 MB
[runlim] samples:		6
[runlim] version:		1.10
[runlim] time limit:		311040000 seconds
[runlim] real time limit:	1200 seconds
[runlim] space limit:		15000 MB
[runlim] argv[0]:		python3
[runlim] argv[1]:		/raid/steuber/Software/ablector/ablector
[runlim] argv[2]:		/raid/steuber/Benchmarks/2019/QF_BV/Sage2/bench_4452.smt2
[runlim] argv[3]:		--ufReuse=1
[runlim] argv[4]:		--omit
[runlim] argv[5]:		mul:3
[runlim] argv[6]:		--omit
[runlim] argv[7]:		sdiv:3
[runlim] argv[8]:		--omit
[runlim] argv[9]:		udiv:3
[runlim] start:			Thu May 14 14:31:14 2020
[runlim] main pid:		4877
[Ablector] INFO: *** ROUND 0
[MulNode] INFO: Level 0
[MulNode] INFO: Level 0
[MulNode] INFO: Level 0
[MulNode] INFO: Level 0
[MulNode] INFO: Level 0
[MulNode] INFO: Level 0
[MulNode] INFO: Level 0
[MulNode] INFO: Level 0
[Ablector] INFO: ABLECTOR TIME: 0.151317
[Ablector] INFO: SAT TIME: 0.145067
[Ablector] INFO: REF TIME: 0.077379
[runlim] end:			Thu May 14 14:31:14 2020
[runlim] status:		ok
[runlim] result:		0
[runlim] children:		0
[runlim] real:			0.88 seconds
[runlim] time:			1.34 seconds
[runlim] space:			48.7 MB
[runlim] samples:		8
[runlim] version:		1.10
[runlim] time limit:		311040000 seconds
[runlim] real time limit:	1200 seconds
[runlim] space limit:		15000 MB
[runlim] argv[0]:		python3
[runlim] argv[1]:		/raid/steuber/Software/ablector/ablector
[runlim] argv[2]:		/raid/steuber/Benchmarks/2019/QF_BV/sage/app7/bench_5229.smt2
[runlim] argv[3]:		--ufReuse=1
[runlim] argv[4]:		--omit
[runlim] argv[5]:		mul:3
[runlim] argv[6]:		--omit
[runlim] argv[7]:		sdiv:3
[runlim] argv[8]:		--omit
[runlim] argv[9]:		udiv:3
[runlim] start:			Thu May 14 14:31:15 2020
[runlim] main pid:		4897
[Ablector] INFO: ABLECTOR TIME: 0.003778
[runlim] end:			Thu May 14 14:31:15 2020
[runlim] status:		ok
[runlim] result:		0
[runlim] children:		0
[runlim] real:			0.76 seconds
[runlim] time:			0.97 seconds
[runlim] space:			37.8 MB
[runlim] samples:		5
[runlim] version:		1.10
[runlim] time limit:		311040000 seconds
[runlim] real time limit:	1200 seconds
[runlim] space limit:		15000 MB
[runlim] argv[0]:		python3
[runlim] argv[1]:		/raid/steuber/Software/ablector/ablector
[runlim] argv[2]:		/raid/steuber/Benchmarks/2019/QF_BV/sage/app7/bench_5940.smt2
[runlim] argv[3]:		--ufReuse=1
[runlim] argv[4]:		--omit
[runlim] argv[5]:		mul:3
[runlim] argv[6]:		--omit
[runlim] argv[7]:		sdiv:3
[runlim] argv[8]:		--omit
[runlim] argv[9]:		udiv:3
[runlim] start:			Thu May 14 14:31:16 2020
[runlim] main pid:		4917
[Ablector] INFO: ABLECTOR TIME: 0.003755
[runlim] end:			Thu May 14 14:31:16 2020
[runlim] status:		ok
[runlim] result:		0
[runlim] children:		0
[runlim] real:			0.60 seconds
[runlim] time:			0.93 seconds
[runlim] space:			37.7 MB
[runlim] samples:		4
[runlim] version:		1.10
[runlim] time limit:		311040000 seconds
[runlim] real time limit:	1200 seconds
[runlim] space limit:		15000 MB
[runlim] argv[0]:		python3
[runlim] argv[1]:		/raid/steuber/Software/ablector/ablector
[runlim] argv[2]:		/raid/steuber/Benchmarks/2019/QF_BV/sage/app7/bench_64.smt2
[runlim] argv[3]:		--ufReuse=1
[runlim] argv[4]:		--omit
[runlim] argv[5]:		mul:3
[runlim] argv[6]:		--omit
[runlim] argv[7]:		sdiv:3
[runlim] argv[8]:		--omit
[runlim] argv[9]:		udiv:3
[runlim] start:			Thu May 14 14:31:16 2020
[runlim] main pid:		4938
[Ablector] INFO: ABLECTOR TIME: 0.003964
[runlim] end:			Thu May 14 14:31:18 2020
[runlim] status:		ok
[runlim] result:		0
[runlim] children:		14
[runlim] real:			2.73 seconds
[runlim] time:			2.22 seconds
[runlim] space:			83.4 MB
[runlim] samples:		17
[runlim] version:		1.10
[runlim] time limit:		311040000 seconds
[runlim] real time limit:	1200 seconds
[runlim] space limit:		15000 MB
[runlim] argv[0]:		python3
[runlim] argv[1]:		/raid/steuber/Software/ablector/ablector
[runlim] argv[2]:		/raid/steuber/Benchmarks/2019/QF_BV/Sage2/bench_12738.smt2
[runlim] argv[3]:		--ufReuse=1
[runlim] argv[4]:		--omit
[runlim] argv[5]:		mul:3
[runlim] argv[6]:		--omit
[runlim] argv[7]:		sdiv:3
[runlim] argv[8]:		--omit
[runlim] argv[9]:		udiv:3
[runlim] start:			Thu May 14 14:31:19 2020
[runlim] main pid:		4958
[Ablector] INFO: *** ROUND 0
[runlim] sample:		10.4 time, 10.1 real, 300.8 MB
[runlim] sample:		20.4 time, 20.1 real, 240.7 MB
[runlim] sample:		30.4 time, 30.1 real, 296.6 MB
[runlim] sample:		40.4 time, 40.1 real, 285.2 MB
[runlim] sample:		50.4 time, 50.1 real, 285.1 MB
[runlim] sample:		60.4 time, 60.1 real, 336.3 MB
[runlim] sample:		70.4 time, 70.1 real, 330.3 MB
[runlim] sample:		80.4 time, 80.1 real, 366.5 MB
[runlim] sample:		90.4 time, 90.1 real, 366.4 MB
[runlim] sample:		100.4 time, 100.1 real, 483.0 MB
[runlim] sample:		110.4 time, 110.1 real, 361.2 MB
[MulNode] INFO: Level 0
[MulNode] INFO: Level 0
[MulNode] INFO: Level 0
[MulNode] INFO: Level 0
[MulNode] INFO: Level 0
[MulNode] INFO: Level 0
[MulNode] INFO: Level 0
[MulNode] INFO: Level 0
[MulNode] INFO: Level 0
[MulNode] INFO: Level 0
[MulNode] INFO: Level 0
[MulNode] INFO: Level 0
[MulNode] INFO: Level 0
[MulNode] INFO: Level 0
[MulNode] INFO: Level 0
[MulNode] INFO: Level 0
[MulNode] INFO: Level 0
[MulNode] INFO: Level 0
[MulNode] INFO: Level 0
[MulNode] INFO: Level 0
[MulNode] INFO: Level 0
[MulNode] INFO: Level 0
[MulNode] INFO: Level 0
[MulNode] INFO: Level 0
[MulNode] INFO: Level 0
[MulNode] INFO: Level 0
[MulNode] INFO: Level 0
[MulNode] INFO: Level 0
[MulNode] INFO: Level 0
[MulNode] INFO: Level 0
[MulNode] INFO: Level 0
[MulNode] INFO: Level 0
[MulNode] INFO: Level 0
[MulNode] INFO: Level 0
[MulNode] INFO: Level 0
[MulNode] INFO: Level 0
[MulNode] INFO: Level 0
[MulNode] INFO: Level 0
[MulNode] INFO: Level 0
[MulNode] INFO: Level 0
[MulNode] INFO: Level 0
[MulNode] INFO: Level 0
[MulNode] INFO: Level 0
[MulNode] INFO: Level 0
[MulNode] INFO: Level 0
[MulNode] INFO: Level 0
[MulNode] INFO: Level 0
[MulNode] INFO: Level 0
[MulNode] INFO: Level 0
[MulNode] INFO: Level 0
[MulNode] INFO: Level 0
[MulNode] INFO: Level 0
[MulNode] INFO: Level 0
[MulNode] INFO: Level 0
[MulNode] INFO: Level 0
[MulNode] INFO: Level 0
[MulNode] INFO: Level 0
[MulNode] INFO: Level 0
[MulNode] INFO: Level 0
[MulNode] INFO: Level 0
[MulNode] INFO: Level 0
[MulNode] INFO: Level 0
[MulNode] INFO: Level 0
[MulNode] INFO: Level 0
[MulNode] INFO: Level 0
[MulNode] INFO: Level 0
[MulNode] INFO: Level 0
[MulNode] INFO: Level 0
[MulNode] INFO: Level 0
[MulNode] INFO: Level 0
[MulNode] INFO: Level 0
[MulNode] INFO: Level 0
[MulNode] INFO: Level 0
[MulNode] INFO: Level 0
[MulNode] INFO: Level 0
[MulNode] INFO: Level 0
[MulNode] INFO: Level 0
[MulNode] INFO: Level 0
[MulNode] INFO: Level 0
[MulNode] INFO: Level 0
[MulNode] INFO: Level 0
[UdivNode] INFO: Level 0
[MulNode] INFO: Level 0
[MulNode] INFO: Level 0
[MulNode] INFO: Level 0
[MulNode] INFO: Level 0
[MulNode] INFO: Level 0
[MulNode] INFO: Level 0
[MulNode] INFO: Level 0
[MulNode] INFO: Level 0
[MulNode] INFO: Level 0
[MulNode] INFO: Level 0
[MulNode] INFO: Level 0
[MulNode] INFO: Level 0
[MulNode] INFO: Level 0
[MulNode] INFO: Level 0
[MulNode] INFO: Level 0
[MulNode] INFO: Level 0
[MulNode] INFO: Level 0
[MulNode] INFO: Level 0
[MulNode] INFO: Level 0
[UdivNode] INFO: Level 0
[MulNode] INFO: Level 0
[MulNode] INFO: Level 0
[MulNode] INFO: Level 0
[MulNode] INFO: Level 0
[MulNode] INFO: Level 0
[MulNode] INFO: Level 0
[MulNode] INFO: Level 0
[MulNode] INFO: Level 0
[MulNode] INFO: Level 0
[MulNode] INFO: Level 0
[MulNode] INFO: Level 0
[MulNode] INFO: Level 0
[MulNode] INFO: Level 0
[MulNode] INFO: Level 0
[MulNode] INFO: Level 0
[MulNode] INFO: Level 0
[MulNode] INFO: Level 0
[MulNode] INFO: Level 0
[MulNode] INFO: Level 0
[MulNode] INFO: Level 0
[MulNode] INFO: Level 0
[MulNode] INFO: Level 0
[MulNode] INFO: Level 0
[MulNode] INFO: Level 0
[MulNode] INFO: Level 0
[MulNode] INFO: Level 0
[MulNode] INFO: Level 0
[MulNode] INFO: Level 0
[MulNode] INFO: Level 0
[MulNode] INFO: Level 0
[MulNode] INFO: Level 0
[MulNode] INFO: Level 0
[MulNode] INFO: Level 0
[MulNode] INFO: Level 0
[MulNode] INFO: Level 0
[MulNode] INFO: Level 0
[MulNode] INFO: Level 0
[MulNode] INFO: Level 0
[MulNode] INFO: Level 0
[MulNode] INFO: Level 0
[MulNode] INFO: Level 0
[MulNode] INFO: Level 0
[MulNode] INFO: Level 0
[MulNode] INFO: Level 0
[MulNode] INFO: Level 0
[MulNode] INFO: Level 0
[MulNode] INFO: Level 0
[MulNode] INFO: Level 0
[MulNode] INFO: Level 0
[MulNode] INFO: Level 0
[Ablector] INFO: ABLECTOR TIME: 116.116065
[Ablector] INFO: SAT TIME: 116.083148
[Ablector] INFO: REF TIME: 1.402449
[runlim] end:			Thu May 14 14:33:17 2020
[runlim] status:		ok
[runlim] result:		0
[runlim] children:		1
[runlim] real:			118.74 seconds
[runlim] time:			119.03 seconds
[runlim] space:			552.1 MB
[runlim] samples:		1186
[runlim] version:		1.10
[runlim] time limit:		311040000 seconds
[runlim] real time limit:	1200 seconds
[runlim] space limit:		15000 MB
[runlim] argv[0]:		python3
[runlim] argv[1]:		/raid/steuber/Software/ablector/ablector
[runlim] argv[2]:		/raid/steuber/Benchmarks/2019/QF_BV/Sage2/bench_14561.smt2
[runlim] argv[3]:		--ufReuse=1
[runlim] argv[4]:		--omit
[runlim] argv[5]:		mul:3
[runlim] argv[6]:		--omit
[runlim] argv[7]:		sdiv:3
[runlim] argv[8]:		--omit
[runlim] argv[9]:		udiv:3
[runlim] start:			Thu May 14 14:33:18 2020
[runlim] main pid:		5002
[Ablector] INFO: *** ROUND 0
[MulNode] INFO: Level 0
[Ablector] INFO: ABLECTOR TIME: 1.954898
[Ablector] INFO: SAT TIME: 1.948348
[Ablector] INFO: REF TIME: 0.010623
[runlim] end:			Thu May 14 14:33:21 2020
[runlim] status:		ok
[runlim] result:		0
[runlim] children:		0
[runlim] real:			3.18 seconds
[runlim] time:			3.22 seconds
[runlim] space:			71.5 MB
[runlim] samples:		29
[runlim] version:		1.10
[runlim] time limit:		311040000 seconds
[runlim] real time limit:	1200 seconds
[runlim] space limit:		15000 MB
[runlim] argv[0]:		python3
[runlim] argv[1]:		/raid/steuber/Software/ablector/ablector
[runlim] argv[2]:		/raid/steuber/Benchmarks/2019/QF_BV/sage/app1/bench_339.smt2
[runlim] argv[3]:		--ufReuse=1
[runlim] argv[4]:		--omit
[runlim] argv[5]:		mul:3
[runlim] argv[6]:		--omit
[runlim] argv[7]:		sdiv:3
[runlim] argv[8]:		--omit
[runlim] argv[9]:		udiv:3
[runlim] start:			Thu May 14 14:33:21 2020
[runlim] main pid:		5022
[Ablector] INFO: ABLECTOR TIME: 0.003804
[runlim] end:			Thu May 14 14:33:21 2020
[runlim] status:		ok
[runlim] result:		0
[runlim] children:		0
[runlim] real:			0.97 seconds
[runlim] time:			0.95 seconds
[runlim] space:			37.8 MB
[runlim] samples:		4
[runlim] version:		1.10
[runlim] time limit:		311040000 seconds
[runlim] real time limit:	1200 seconds
[runlim] space limit:		15000 MB
[runlim] argv[0]:		python3
[runlim] argv[1]:		/raid/steuber/Software/ablector/ablector
[runlim] argv[2]:		/raid/steuber/Benchmarks/2019/QF_BV/sage/app7/bench_351.smt2
[runlim] argv[3]:		--ufReuse=1
[runlim] argv[4]:		--omit
[runlim] argv[5]:		mul:3
[runlim] argv[6]:		--omit
[runlim] argv[7]:		sdiv:3
[runlim] argv[8]:		--omit
[runlim] argv[9]:		udiv:3
[runlim] start:			Thu May 14 14:33:22 2020
[runlim] main pid:		5042
[Ablector] INFO: ABLECTOR TIME: 0.003958
[runlim] end:			Thu May 14 14:33:24 2020
[runlim] status:		ok
[runlim] result:		0
[runlim] children:		13
[runlim] real:			2.04 seconds
[runlim] time:			2.17 seconds
[runlim] space:			81.7 MB
[runlim] samples:		17
[runlim] version:		1.10
[runlim] time limit:		311040000 seconds
[runlim] real time limit:	1200 seconds
[runlim] space limit:		15000 MB
[runlim] argv[0]:		python3
[runlim] argv[1]:		/raid/steuber/Software/ablector/ablector
[runlim] argv[2]:		/raid/steuber/Benchmarks/2019/QF_BV/sage/app7/bench_5508.smt2
[runlim] argv[3]:		--ufReuse=1
[runlim] argv[4]:		--omit
[runlim] argv[5]:		mul:3
[runlim] argv[6]:		--omit
[runlim] argv[7]:		sdiv:3
[runlim] argv[8]:		--omit
[runlim] argv[9]:		udiv:3
[runlim] start:			Thu May 14 14:33:24 2020
[runlim] main pid:		5063
[Ablector] INFO: ABLECTOR TIME: 0.003695
[runlim] end:			Thu May 14 14:33:24 2020
[runlim] status:		ok
[runlim] result:		0
[runlim] children:		0
[runlim] real:			0.90 seconds
[runlim] time:			1.03 seconds
[runlim] space:			37.5 MB
[runlim] samples:		5
[runlim] version:		1.10
[runlim] time limit:		311040000 seconds
[runlim] real time limit:	1200 seconds
[runlim] space limit:		15000 MB
[runlim] argv[0]:		python3
[runlim] argv[1]:		/raid/steuber/Software/ablector/ablector
[runlim] argv[2]:		/raid/steuber/Benchmarks/2019/QF_BV/sage/app7/bench_1693.smt2
[runlim] argv[3]:		--ufReuse=1
[runlim] argv[4]:		--omit
[runlim] argv[5]:		mul:3
[runlim] argv[6]:		--omit
[runlim] argv[7]:		sdiv:3
[runlim] argv[8]:		--omit
[runlim] argv[9]:		udiv:3
[runlim] start:			Thu May 14 14:33:25 2020
[runlim] main pid:		5083
[Ablector] INFO: ABLECTOR TIME: 0.004038
[runlim] end:			Thu May 14 14:33:26 2020
[runlim] status:		ok
[runlim] result:		0
[runlim] children:		5
[runlim] real:			1.14 seconds
[runlim] time:			1.34 seconds
[runlim] space:			60.8 MB
[runlim] samples:		8
[runlim] version:		1.10
[runlim] time limit:		311040000 seconds
[runlim] real time limit:	1200 seconds
[runlim] space limit:		15000 MB
[runlim] argv[0]:		python3
[runlim] argv[1]:		/raid/steuber/Software/ablector/ablector
[runlim] argv[2]:		/raid/steuber/Benchmarks/2019/QF_BV/sage/app7/bench_6346.smt2
[runlim] argv[3]:		--ufReuse=1
[runlim] argv[4]:		--omit
[runlim] argv[5]:		mul:3
[runlim] argv[6]:		--omit
[runlim] argv[7]:		sdiv:3
[runlim] argv[8]:		--omit
[runlim] argv[9]:		udiv:3
[runlim] start:			Thu May 14 14:33:26 2020
[runlim] main pid:		5103
[Ablector] INFO: ABLECTOR TIME: 0.003640
[runlim] end:			Thu May 14 14:33:26 2020
[runlim] status:		ok
[runlim] result:		0
[runlim] children:		0
[runlim] real:			0.92 seconds
[runlim] time:			0.97 seconds
[runlim] space:			37.7 MB
[runlim] samples:		4
[runlim] version:		1.10
[runlim] time limit:		311040000 seconds
[runlim] real time limit:	1200 seconds
[runlim] space limit:		15000 MB
[runlim] argv[0]:		python3
[runlim] argv[1]:		/raid/steuber/Software/ablector/ablector
[runlim] argv[2]:		/raid/steuber/Benchmarks/2019/QF_BV/Sage2/bench_17385.smt2
[runlim] argv[3]:		--ufReuse=1
[runlim] argv[4]:		--omit
[runlim] argv[5]:		mul:3
[runlim] argv[6]:		--omit
[runlim] argv[7]:		sdiv:3
[runlim] argv[8]:		--omit
[runlim] argv[9]:		udiv:3
[runlim] start:			Thu May 14 14:33:27 2020
[runlim] main pid:		5123
[Ablector] INFO: *** ROUND 0
[MulNode] INFO: Level 0
[Ablector] INFO: ABLECTOR TIME: 0.633701
[Ablector] INFO: SAT TIME: 0.628657
[Ablector] INFO: REF TIME: 0.010792
[runlim] end:			Thu May 14 14:33:28 2020
[runlim] status:		ok
[runlim] result:		0
[runlim] children:		0
[runlim] real:			1.44 seconds
[runlim] time:			1.66 seconds
[runlim] space:			48.2 MB
[runlim] samples:		11
[runlim] version:		1.10
[runlim] time limit:		311040000 seconds
[runlim] real time limit:	1200 seconds
[runlim] space limit:		15000 MB
[runlim] argv[0]:		python3
[runlim] argv[1]:		/raid/steuber/Software/ablector/ablector
[runlim] argv[2]:		/raid/steuber/Benchmarks/2019/QF_BV/sage/app7/bench_5161.smt2
[runlim] argv[3]:		--ufReuse=1
[runlim] argv[4]:		--omit
[runlim] argv[5]:		mul:3
[runlim] argv[6]:		--omit
[runlim] argv[7]:		sdiv:3
[runlim] argv[8]:		--omit
[runlim] argv[9]:		udiv:3
[runlim] start:			Thu May 14 14:33:28 2020
[runlim] main pid:		5143
[Ablector] INFO: ABLECTOR TIME: 0.003729
[runlim] end:			Thu May 14 14:33:29 2020
[runlim] status:		ok
[runlim] result:		0
[runlim] children:		1
[runlim] real:			1.28 seconds
[runlim] time:			0.95 seconds
[runlim] space:			41.7 MB
[runlim] samples:		4
[runlim] version:		1.10
[runlim] time limit:		311040000 seconds
[runlim] real time limit:	1200 seconds
[runlim] space limit:		15000 MB
[runlim] argv[0]:		python3
[runlim] argv[1]:		/raid/steuber/Software/ablector/ablector
[runlim] argv[2]:		/raid/steuber/Benchmarks/2019/QF_BV/sage/app11/bench_171.smt2
[runlim] argv[3]:		--ufReuse=1
[runlim] argv[4]:		--omit
[runlim] argv[5]:		mul:3
[runlim] argv[6]:		--omit
[runlim] argv[7]:		sdiv:3
[runlim] argv[8]:		--omit
[runlim] argv[9]:		udiv:3
[runlim] start:			Thu May 14 14:33:29 2020
[runlim] main pid:		5163
[Ablector] INFO: ABLECTOR TIME: 0.003823
[runlim] end:			Thu May 14 14:33:30 2020
[runlim] status:		ok
[runlim] result:		0
[runlim] children:		5
[runlim] real:			1.53 seconds
[runlim] time:			1.37 seconds
[runlim] space:			68.0 MB
[runlim] samples:		8
[runlim] version:		1.10
[runlim] time limit:		311040000 seconds
[runlim] real time limit:	1200 seconds
[runlim] space limit:		15000 MB
[runlim] argv[0]:		python3
[runlim] argv[1]:		/raid/steuber/Software/ablector/ablector
[runlim] argv[2]:		/raid/steuber/Benchmarks/2019/QF_BV/sage/app8/bench_999.smt2
[runlim] argv[3]:		--ufReuse=1
[runlim] argv[4]:		--omit
[runlim] argv[5]:		mul:3
[runlim] argv[6]:		--omit
[runlim] argv[7]:		sdiv:3
[runlim] argv[8]:		--omit
[runlim] argv[9]:		udiv:3
[runlim] start:			Thu May 14 14:33:30 2020
[runlim] main pid:		5183
[Ablector] INFO: ABLECTOR TIME: 0.003718
[runlim] end:			Thu May 14 14:33:31 2020
[runlim] status:		ok
[runlim] result:		0
[runlim] children:		0
[runlim] real:			1.35 seconds
[runlim] time:			0.97 seconds
[runlim] space:			37.9 MB
[runlim] samples:		4
[runlim] version:		1.10
[runlim] time limit:		311040000 seconds
[runlim] real time limit:	1200 seconds
[runlim] space limit:		15000 MB
[runlim] argv[0]:		python3
[runlim] argv[1]:		/raid/steuber/Software/ablector/ablector
[runlim] argv[2]:		/raid/steuber/Benchmarks/2019/QF_BV/sage/app2/bench_1096.smt2
[runlim] argv[3]:		--ufReuse=1
[runlim] argv[4]:		--omit
[runlim] argv[5]:		mul:3
[runlim] argv[6]:		--omit
[runlim] argv[7]:		sdiv:3
[runlim] argv[8]:		--omit
[runlim] argv[9]:		udiv:3
[runlim] start:			Thu May 14 14:33:31 2020
[runlim] main pid:		5203
[Ablector] INFO: ABLECTOR TIME: 0.003722
[runlim] end:			Thu May 14 14:33:32 2020
[runlim] status:		ok
[runlim] result:		0
[runlim] children:		0
[runlim] real:			1.15 seconds
[runlim] time:			0.95 seconds
[runlim] space:			37.7 MB
[runlim] samples:		4
[runlim] version:		1.10
[runlim] time limit:		311040000 seconds
[runlim] real time limit:	1200 seconds
[runlim] space limit:		15000 MB
[runlim] argv[0]:		python3
[runlim] argv[1]:		/raid/steuber/Software/ablector/ablector
[runlim] argv[2]:		/raid/steuber/Benchmarks/2019/QF_BV/sage/app2/bench_1222.smt2
[runlim] argv[3]:		--ufReuse=1
[runlim] argv[4]:		--omit
[runlim] argv[5]:		mul:3
[runlim] argv[6]:		--omit
[runlim] argv[7]:		sdiv:3
[runlim] argv[8]:		--omit
[runlim] argv[9]:		udiv:3
[runlim] start:			Thu May 14 14:33:32 2020
[runlim] main pid:		5223
[Ablector] INFO: ABLECTOR TIME: 0.003818
[runlim] end:			Thu May 14 14:33:32 2020
[runlim] status:		ok
[runlim] result:		0
[runlim] children:		1
[runlim] real:			0.99 seconds
[runlim] time:			0.98 seconds
[runlim] space:			37.6 MB
[runlim] samples:		4
[runlim] version:		1.10
[runlim] time limit:		311040000 seconds
[runlim] real time limit:	1200 seconds
[runlim] space limit:		15000 MB
[runlim] argv[0]:		python3
[runlim] argv[1]:		/raid/steuber/Software/ablector/ablector
[runlim] argv[2]:		/raid/steuber/Benchmarks/2019/QF_BV/Sage2/bench_14878.smt2
[runlim] argv[3]:		--ufReuse=1
[runlim] argv[4]:		--omit
[runlim] argv[5]:		mul:3
[runlim] argv[6]:		--omit
[runlim] argv[7]:		sdiv:3
[runlim] argv[8]:		--omit
[runlim] argv[9]:		udiv:3
[runlim] start:			Thu May 14 14:33:33 2020
[runlim] main pid:		5243
[Ablector] INFO: *** ROUND 0
[MulNode] INFO: Level 0
[MulNode] INFO: Level 0
[MulNode] INFO: Level 0
[MulNode] INFO: Level 0
[MulNode] INFO: Level 0
[MulNode] INFO: Level 0
[MulNode] INFO: Level 0
[MulNode] INFO: Level 0
[MulNode] INFO: Level 0
[MulNode] INFO: Level 0
[MulNode] INFO: Level 0
[MulNode] INFO: Level 0
[MulNode] INFO: Level 0
[MulNode] INFO: Level 0
[MulNode] INFO: Level 0
[MulNode] INFO: Level 0
[MulNode] INFO: Level 0
[MulNode] INFO: Level 0
[MulNode] INFO: Level 0
[MulNode] INFO: Level 0
[UdivNode] INFO: Level 0
[MulNode] INFO: Level 0
[MulNode] INFO: Level 0
[MulNode] INFO: Level 0
[MulNode] INFO: Level 0
[MulNode] INFO: Level 0
[MulNode] INFO: Level 0
[MulNode] INFO: Level 0
[MulNode] INFO: Level 0
[MulNode] INFO: Level 0
[MulNode] INFO: Level 0
[MulNode] INFO: Level 0
[MulNode] INFO: Level 0
[UdivNode] INFO: Level 0
[MulNode] INFO: Level 0
[MulNode] INFO: Level 0
[MulNode] INFO: Level 0
[MulNode] INFO: Level 0
[MulNode] INFO: Level 0
[MulNode] INFO: Level 0
[MulNode] INFO: Level 0
[MulNode] INFO: Level 0
[MulNode] INFO: Level 0
[MulNode] INFO: Level 0
[MulNode] INFO: Level 0
[MulNode] INFO: Level 0
[MulNode] INFO: Level 0
[MulNode] INFO: Level 0
[MulNode] INFO: Level 0
[UdivNode] INFO: Level 0
[MulNode] INFO: Level 0
[MulNode] INFO: Level 0
[MulNode] INFO: Level 0
[MulNode] INFO: Level 0
[UdivNode] INFO: Level 0
[MulNode] INFO: Level 0
[MulNode] INFO: Level 0
[MulNode] INFO: Level 0
[MulNode] INFO: Level 0
[MulNode] INFO: Level 0
[MulNode] INFO: Level 0
[MulNode] INFO: Level 0
[MulNode] INFO: Level 0
[MulNode] INFO: Level 0
[MulNode] INFO: Level 0
[MulNode] INFO: Level 0
[MulNode] INFO: Level 0
[MulNode] INFO: Level 0
[MulNode] INFO: Level 0
[MulNode] INFO: Level 0
[MulNode] INFO: Level 0
[MulNode] INFO: Level 0
[MulNode] INFO: Level 0
[MulNode] INFO: Level 0
[MulNode] INFO: Level 0
[MulNode] INFO: Level 0
[MulNode] INFO: Level 0
[MulNode] INFO: Level 0
[MulNode] INFO: Level 0
[MulNode] INFO: Level 0
[MulNode] INFO: Level 0
[MulNode] INFO: Level 0
[MulNode] INFO: Level 0
[Ablector] INFO: ABLECTOR TIME: 4.418536
[Ablector] INFO: SAT TIME: 4.398055
[Ablector] INFO: REF TIME: 0.789957
[runlim] end:			Thu May 14 14:33:38 2020
[runlim] status:		ok
[runlim] result:		0
[runlim] children:		0
[runlim] real:			5.78 seconds
[runlim] time:			5.96 seconds
[runlim] space:			145.3 MB
[runlim] samples:		54
[runlim] version:		1.10
[runlim] time limit:		311040000 seconds
[runlim] real time limit:	1200 seconds
[runlim] space limit:		15000 MB
[runlim] argv[0]:		python3
[runlim] argv[1]:		/raid/steuber/Software/ablector/ablector
[runlim] argv[2]:		/raid/steuber/Benchmarks/2019/QF_BV/sage/app2/bench_1371.smt2
[runlim] argv[3]:		--ufReuse=1
[runlim] argv[4]:		--omit
[runlim] argv[5]:		mul:3
[runlim] argv[6]:		--omit
[runlim] argv[7]:		sdiv:3
[runlim] argv[8]:		--omit
[runlim] argv[9]:		udiv:3
[runlim] start:			Thu May 14 14:33:39 2020
[runlim] main pid:		5263
[Ablector] INFO: ABLECTOR TIME: 0.003870
[runlim] end:			Thu May 14 14:33:39 2020
[runlim] status:		ok
[runlim] result:		0
[runlim] children:		0
[runlim] real:			0.57 seconds
[runlim] time:			0.95 seconds
[runlim] space:			37.6 MB
[runlim] samples:		4
[runlim] version:		1.10
[runlim] time limit:		311040000 seconds
[runlim] real time limit:	1200 seconds
[runlim] space limit:		15000 MB
[runlim] argv[0]:		python3
[runlim] argv[1]:		/raid/steuber/Software/ablector/ablector
[runlim] argv[2]:		/raid/steuber/Benchmarks/2019/QF_BV/sage/app8/bench_3383.smt2
[runlim] argv[3]:		--ufReuse=1
[runlim] argv[4]:		--omit
[runlim] argv[5]:		mul:3
[runlim] argv[6]:		--omit
[runlim] argv[7]:		sdiv:3
[runlim] argv[8]:		--omit
[runlim] argv[9]:		udiv:3
[runlim] start:			Thu May 14 14:33:39 2020
[runlim] main pid:		5283
[Ablector] INFO: ABLECTOR TIME: 0.003801
[runlim] end:			Thu May 14 14:33:40 2020
[runlim] status:		ok
[runlim] result:		0
[runlim] children:		0
[runlim] real:			1.41 seconds
[runlim] time:			0.94 seconds
[runlim] space:			37.4 MB
[runlim] samples:		4
[runlim] version:		1.10
[runlim] time limit:		311040000 seconds
[runlim] real time limit:	1200 seconds
[runlim] space limit:		15000 MB
[runlim] argv[0]:		python3
[runlim] argv[1]:		/raid/steuber/Software/ablector/ablector
[runlim] argv[2]:		/raid/steuber/Benchmarks/2019/QF_BV/sage/app12/bench_5604.smt2
[runlim] argv[3]:		--ufReuse=1
[runlim] argv[4]:		--omit
[runlim] argv[5]:		mul:3
[runlim] argv[6]:		--omit
[runlim] argv[7]:		sdiv:3
[runlim] argv[8]:		--omit
[runlim] argv[9]:		udiv:3
[runlim] start:			Thu May 14 14:33:40 2020
[runlim] main pid:		5303
[Ablector] INFO: *** ROUND 0
[Ablector] INFO: *** ROUND 1
[SdivNode] INFO: Level 1
[Ablector] INFO: ABLECTOR TIME: 0.054400
[Ablector] INFO: SAT TIME: 0.049907
[Ablector] INFO: REF TIME: 0.003710
[runlim] end:			Thu May 14 14:33:41 2020
[runlim] status:		ok
[runlim] result:		0
[runlim] children:		0
[runlim] real:			1.29 seconds
[runlim] time:			1.07 seconds
[runlim] space:			40.5 MB
[runlim] samples:		5
[runlim] version:		1.10
[runlim] time limit:		311040000 seconds
[runlim] real time limit:	1200 seconds
[runlim] space limit:		15000 MB
[runlim] argv[0]:		python3
[runlim] argv[1]:		/raid/steuber/Software/ablector/ablector
[runlim] argv[2]:		/raid/steuber/Benchmarks/2019/QF_BV/sage/app7/bench_6237.smt2
[runlim] argv[3]:		--ufReuse=1
[runlim] argv[4]:		--omit
[runlim] argv[5]:		mul:3
[runlim] argv[6]:		--omit
[runlim] argv[7]:		sdiv:3
[runlim] argv[8]:		--omit
[runlim] argv[9]:		udiv:3
[runlim] start:			Thu May 14 14:33:41 2020
[runlim] main pid:		5323
[Ablector] INFO: ABLECTOR TIME: 0.003802
[runlim] end:			Thu May 14 14:33:42 2020
[runlim] status:		ok
[runlim] result:		0
[runlim] children:		0
[runlim] real:			1.07 seconds
[runlim] time:			0.96 seconds
[runlim] space:			37.8 MB
[runlim] samples:		4
[runlim] version:		1.10
[runlim] time limit:		311040000 seconds
[runlim] real time limit:	1200 seconds
[runlim] space limit:		15000 MB
[runlim] argv[0]:		python3
[runlim] argv[1]:		/raid/steuber/Software/ablector/ablector
[runlim] argv[2]:		/raid/steuber/Benchmarks/2019/QF_BV/sage/app7/bench_2992.smt2
[runlim] argv[3]:		--ufReuse=1
[runlim] argv[4]:		--omit
[runlim] argv[5]:		mul:3
[runlim] argv[6]:		--omit
[runlim] argv[7]:		sdiv:3
[runlim] argv[8]:		--omit
[runlim] argv[9]:		udiv:3
[runlim] start:			Thu May 14 14:33:42 2020
[runlim] main pid:		5343
[Ablector] INFO: ABLECTOR TIME: 0.003974
[runlim] end:			Thu May 14 14:33:43 2020
[runlim] status:		ok
[runlim] result:		0
[runlim] children:		2
[runlim] real:			1.06 seconds
[runlim] time:			1.06 seconds
[runlim] space:			47.1 MB
[runlim] samples:		6
[runlim] version:		1.10
[runlim] time limit:		311040000 seconds
[runlim] real time limit:	1200 seconds
[runlim] space limit:		15000 MB
[runlim] argv[0]:		python3
[runlim] argv[1]:		/raid/steuber/Software/ablector/ablector
[runlim] argv[2]:		/raid/steuber/Benchmarks/2019/QF_BV/Sage2/bench_15091.smt2
[runlim] argv[3]:		--ufReuse=1
[runlim] argv[4]:		--omit
[runlim] argv[5]:		mul:3
[runlim] argv[6]:		--omit
[runlim] argv[7]:		sdiv:3
[runlim] argv[8]:		--omit
[runlim] argv[9]:		udiv:3
[runlim] start:			Thu May 14 14:33:43 2020
[runlim] main pid:		5363
[Ablector] INFO: *** ROUND 0
[MulNode] INFO: Level 0
[Ablector] INFO: ABLECTOR TIME: 1.920905
[Ablector] INFO: SAT TIME: 1.914487
[Ablector] INFO: REF TIME: 0.010983
[runlim] end:			Thu May 14 14:33:46 2020
[runlim] status:		ok
[runlim] result:		0
[runlim] children:		0
[runlim] real:			3.03 seconds
[runlim] time:			3.12 seconds
[runlim] space:			69.0 MB
[runlim] samples:		26
[runlim] version:		1.10
[runlim] time limit:		311040000 seconds
[runlim] real time limit:	1200 seconds
[runlim] space limit:		15000 MB
[runlim] argv[0]:		python3
[runlim] argv[1]:		/raid/steuber/Software/ablector/ablector
[runlim] argv[2]:		/raid/steuber/Benchmarks/2019/QF_BV/bmc-bv-svcomp14/s3_srvr_1_alt_true.BV.c.cil.c.21.smt2
[runlim] argv[3]:		--ufReuse=1
[runlim] argv[4]:		--omit
[runlim] argv[5]:		mul:3
[runlim] argv[6]:		--omit
[runlim] argv[7]:		sdiv:3
[runlim] argv[8]:		--omit
[runlim] argv[9]:		udiv:3
[runlim] start:			Thu May 14 14:33:46 2020
[runlim] main pid:		5383
[runlim] sample:		10.5 time, 10.4 real, 61.3 MB
[runlim] sample:		3.6 time, 20.4 real, 40.4 MB
[runlim] sample:		13.6 time, 30.4 real, 41.3 MB
[runlim] sample:		23.6 time, 40.4 real, 42.0 MB
[runlim] sample:		33.6 time, 50.4 real, 42.2 MB
[runlim] sample:		43.6 time, 60.4 real, 42.7 MB
[runlim] sample:		53.6 time, 70.4 real, 43.1 MB
[runlim] sample:		63.6 time, 80.4 real, 43.4 MB
[runlim] sample:		73.6 time, 90.4 real, 43.6 MB
[runlim] sample:		83.6 time, 100.4 real, 44.4 MB
[runlim] sample:		93.6 time, 110.4 real, 44.7 MB
[runlim] sample:		103.6 time, 120.4 real, 44.7 MB
[runlim] sample:		113.6 time, 130.4 real, 44.9 MB
[runlim] sample:		123.6 time, 140.4 real, 45.2 MB
[runlim] sample:		133.6 time, 150.4 real, 45.4 MB
[runlim] sample:		143.6 time, 160.4 real, 45.4 MB
[runlim] sample:		153.6 time, 170.4 real, 45.7 MB
[runlim] sample:		163.6 time, 180.4 real, 45.9 MB
[runlim] sample:		173.6 time, 190.4 real, 45.9 MB
[runlim] sample:		183.6 time, 200.4 real, 46.2 MB
[runlim] sample:		193.6 time, 210.4 real, 46.4 MB
[runlim] sample:		203.6 time, 220.4 real, 46.7 MB
[runlim] sample:		213.6 time, 230.4 real, 46.7 MB
[runlim] sample:		223.6 time, 240.4 real, 46.9 MB
[runlim] sample:		233.6 time, 250.4 real, 46.9 MB
[runlim] sample:		243.6 time, 260.4 real, 47.2 MB
[runlim] sample:		253.6 time, 270.4 real, 71.5 MB
[Ablector] INFO: *** ROUND 0
[runlim] sample:		263.6 time, 280.4 real, 112.1 MB
[Ablector] INFO: *** ROUND 1
[runlim] sample:		273.6 time, 290.4 real, 233.0 MB
[runlim] sample:		283.6 time, 300.4 real, 320.3 MB
[Ablector] INFO: *** ROUND 2
[runlim] sample:		293.6 time, 310.4 real, 395.2 MB
[runlim] sample:		303.6 time, 320.4 real, 464.9 MB
[runlim] sample:		313.6 time, 330.4 real, 475.2 MB
[MulNode] INFO: Level 0
[MulNode] INFO: Level 2
[SdivNode] INFO: Level 2
[MulNode] INFO: Level 0
[MulNode] INFO: Level 2
[SdivNode] INFO: Level 2
[MulNode] INFO: Level 0
[MulNode] INFO: Level 2
[SdivNode] INFO: Level 1
[MulNode] INFO: Level 0
[MulNode] INFO: Level 2
[SdivNode] INFO: Level 2
[MulNode] INFO: Level 0
[MulNode] INFO: Level 2
[SdivNode] INFO: Level 2
[MulNode] INFO: Level 0
[MulNode] INFO: Level 2
[SdivNode] INFO: Level 2
[MulNode] INFO: Level 0
[MulNode] INFO: Level 2
[SdivNode] INFO: Level 2
[MulNode] INFO: Level 0
[MulNode] INFO: Level 2
[SdivNode] INFO: Level 2
[MulNode] INFO: Level 0
[MulNode] INFO: Level 2
[SdivNode] INFO: Level 2
[MulNode] INFO: Level 0
[MulNode] INFO: Level 2
[SdivNode] INFO: Level 2
[MulNode] INFO: Level 0
[MulNode] INFO: Level 2
[SdivNode] INFO: Level 2
[MulNode] INFO: Level 0
[MulNode] INFO: Level 2
[SdivNode] INFO: Level 2
[MulNode] INFO: Level 0
[MulNode] INFO: Level 2
[SdivNode] INFO: Level 2
[MulNode] INFO: Level 0
[MulNode] INFO: Level 2
[SdivNode] INFO: Level 2
[MulNode] INFO: Level 0
[MulNode] INFO: Level 2
[SdivNode] INFO: Level 2
[MulNode] INFO: Level 0
[MulNode] INFO: Level 2
[SdivNode] INFO: Level 2
[MulNode] INFO: Level 0
[MulNode] INFO: Level 2
[SdivNode] INFO: Level 2
[MulNode] INFO: Level 0
[MulNode] INFO: Level 2
[SdivNode] INFO: Level 2
[MulNode] INFO: Level 0
[MulNode] INFO: Level 2
[SdivNode] INFO: Level 2
[Ablector] INFO: ABLECTOR TIME: 58.890130
[Ablector] INFO: SAT TIME: 58.866688
[Ablector] INFO: REF TIME: 0.783140
[runlim] end:			Thu May 14 14:39:25 2020
[runlim] status:		ok
[runlim] result:		0
[runlim] children:		169
[runlim] real:			339.07 seconds
[runlim] time:			322.20 seconds
[runlim] space:			475.2 MB
[runlim] samples:		3386
[runlim] version:		1.10
[runlim] time limit:		311040000 seconds
[runlim] real time limit:	1200 seconds
[runlim] space limit:		15000 MB
[runlim] argv[0]:		python3
[runlim] argv[1]:		/raid/steuber/Software/ablector/ablector
[runlim] argv[2]:		/raid/steuber/Benchmarks/2019/QF_BV/sage/app8/bench_3494.smt2
[runlim] argv[3]:		--ufReuse=1
[runlim] argv[4]:		--omit
[runlim] argv[5]:		mul:3
[runlim] argv[6]:		--omit
[runlim] argv[7]:		sdiv:3
[runlim] argv[8]:		--omit
[runlim] argv[9]:		udiv:3
[runlim] start:			Thu May 14 14:39:25 2020
[runlim] main pid:		5466
[Ablector] INFO: ABLECTOR TIME: 0.003886
[runlim] end:			Thu May 14 14:39:26 2020
[runlim] status:		ok
[runlim] result:		0
[runlim] children:		0
[runlim] real:			1.29 seconds
[runlim] time:			1.01 seconds
[runlim] space:			37.7 MB
[runlim] samples:		7
[runlim] version:		1.10
[runlim] time limit:		311040000 seconds
[runlim] real time limit:	1200 seconds
[runlim] space limit:		15000 MB
[runlim] argv[0]:		python3
[runlim] argv[1]:		/raid/steuber/Software/ablector/ablector
[runlim] argv[2]:		/raid/steuber/Benchmarks/2019/QF_BV/20190311-bv-term-small-rw-Noetzli/bv-term-small-rw_1064.smt2
[runlim] argv[3]:		--ufReuse=1
[runlim] argv[4]:		--omit
[runlim] argv[5]:		mul:3
[runlim] argv[6]:		--omit
[runlim] argv[7]:		sdiv:3
[runlim] argv[8]:		--omit
[runlim] argv[9]:		udiv:3
[runlim] start:			Thu May 14 14:39:26 2020
[runlim] main pid:		5487
[Ablector] INFO: ABLECTOR TIME: 0.003679
[runlim] end:			Thu May 14 14:39:27 2020
[runlim] status:		ok
[runlim] result:		0
[runlim] children:		0
[runlim] real:			1.11 seconds
[runlim] time:			0.96 seconds
[runlim] space:			37.6 MB
[runlim] samples:		4
[runlim] version:		1.10
[runlim] time limit:		311040000 seconds
[runlim] real time limit:	1200 seconds
[runlim] space limit:		15000 MB
[runlim] argv[0]:		python3
[runlim] argv[1]:		/raid/steuber/Software/ablector/ablector
[runlim] argv[2]:		/raid/steuber/Benchmarks/2019/QF_BV/sage/app12/bench_4050.smt2
[runlim] argv[3]:		--ufReuse=1
[runlim] argv[4]:		--omit
[runlim] argv[5]:		mul:3
[runlim] argv[6]:		--omit
[runlim] argv[7]:		sdiv:3
[runlim] argv[8]:		--omit
[runlim] argv[9]:		udiv:3
[runlim] start:			Thu May 14 14:39:27 2020
[runlim] main pid:		5507
[Ablector] INFO: *** ROUND 0
[Ablector] INFO: *** ROUND 1
[SdivNode] INFO: Level 1
[Ablector] INFO: ABLECTOR TIME: 0.014802
[Ablector] INFO: SAT TIME: 0.010254
[Ablector] INFO: REF TIME: 0.003574
[runlim] end:			Thu May 14 14:39:27 2020
[runlim] status:		ok
[runlim] result:		0
[runlim] children:		0
[runlim] real:			0.90 seconds
[runlim] time:			0.97 seconds
[runlim] space:			39.8 MB
[runlim] samples:		4
[runlim] version:		1.10
[runlim] time limit:		311040000 seconds
[runlim] real time limit:	1200 seconds
[runlim] space limit:		15000 MB
[runlim] argv[0]:		python3
[runlim] argv[1]:		/raid/steuber/Software/ablector/ablector
[runlim] argv[2]:		/raid/steuber/Benchmarks/2019/QF_BV/sage/app7/bench_5463.smt2
[runlim] argv[3]:		--ufReuse=1
[runlim] argv[4]:		--omit
[runlim] argv[5]:		mul:3
[runlim] argv[6]:		--omit
[runlim] argv[7]:		sdiv:3
[runlim] argv[8]:		--omit
[runlim] argv[9]:		udiv:3
[runlim] start:			Thu May 14 14:39:28 2020
[runlim] main pid:		5527
[Ablector] INFO: ABLECTOR TIME: 0.003962
[runlim] end:			Thu May 14 14:39:28 2020
[runlim] status:		ok
[runlim] result:		0
[runlim] children:		0
[runlim] real:			0.71 seconds
[runlim] time:			0.93 seconds
[runlim] space:			38.0 MB
[runlim] samples:		4
[runlim] version:		1.10
[runlim] time limit:		311040000 seconds
[runlim] real time limit:	1200 seconds
[runlim] space limit:		15000 MB
[runlim] argv[0]:		python3
[runlim] argv[1]:		/raid/steuber/Software/ablector/ablector
[runlim] argv[2]:		/raid/steuber/Benchmarks/2019/QF_BV/sage/app9/bench_3114.smt2
[runlim] argv[3]:		--ufReuse=1
[runlim] argv[4]:		--omit
[runlim] argv[5]:		mul:3
[runlim] argv[6]:		--omit
[runlim] argv[7]:		sdiv:3
[runlim] argv[8]:		--omit
[runlim] argv[9]:		udiv:3
[runlim] start:			Thu May 14 14:39:29 2020
[runlim] main pid:		5547
[Ablector] INFO: ABLECTOR TIME: 0.003887
[runlim] end:			Thu May 14 14:39:29 2020
[runlim] status:		ok
[runlim] result:		0
[runlim] children:		0
[runlim] real:			0.51 seconds
[runlim] time:			0.99 seconds
[runlim] space:			37.6 MB
[runlim] samples:		4
[runlim] version:		1.10
[runlim] time limit:		311040000 seconds
[runlim] real time limit:	1200 seconds
[runlim] space limit:		15000 MB
[runlim] argv[0]:		python3
[runlim] argv[1]:		/raid/steuber/Software/ablector/ablector
[runlim] argv[2]:		/raid/steuber/Benchmarks/2019/QF_BV/sage/app7/bench_2800.smt2
[runlim] argv[3]:		--ufReuse=1
[runlim] argv[4]:		--omit
[runlim] argv[5]:		mul:3
[runlim] argv[6]:		--omit
[runlim] argv[7]:		sdiv:3
[runlim] argv[8]:		--omit
[runlim] argv[9]:		udiv:3
[runlim] start:			Thu May 14 14:39:29 2020
[runlim] main pid:		5567
[Ablector] INFO: ABLECTOR TIME: 0.004023
[runlim] end:			Thu May 14 14:39:30 2020
[runlim] status:		ok
[runlim] result:		0
[runlim] children:		2
[runlim] real:			1.50 seconds
[runlim] time:			1.06 seconds
[runlim] space:			47.4 MB
[runlim] samples:		6
[runlim] version:		1.10
[runlim] time limit:		311040000 seconds
[runlim] real time limit:	1200 seconds
[runlim] space limit:		15000 MB
[runlim] argv[0]:		python3
[runlim] argv[1]:		/raid/steuber/Software/ablector/ablector
[runlim] argv[2]:		/raid/steuber/Benchmarks/2019/QF_BV/sage/app8/bench_415.smt2
[runlim] argv[3]:		--ufReuse=1
[runlim] argv[4]:		--omit
[runlim] argv[5]:		mul:3
[runlim] argv[6]:		--omit
[runlim] argv[7]:		sdiv:3
[runlim] argv[8]:		--omit
[runlim] argv[9]:		udiv:3
[runlim] start:			Thu May 14 14:39:30 2020
[runlim] main pid:		5587
[Ablector] INFO: *** ROUND 0
[MulNode] INFO: Level 0
[MulNode] INFO: Level 0
[MulNode] INFO: Level 0
[MulNode] INFO: Level 0
[MulNode] INFO: Level 0
[MulNode] INFO: Level 0
[MulNode] INFO: Level 0
[MulNode] INFO: Level 0
[MulNode] INFO: Level 0
[MulNode] INFO: Level 0
[MulNode] INFO: Level 0
[Ablector] INFO: ABLECTOR TIME: 0.656669
[Ablector] INFO: SAT TIME: 0.649551
[Ablector] INFO: REF TIME: 0.106797
[runlim] end:			Thu May 14 14:39:32 2020
[runlim] status:		ok
[runlim] result:		0
[runlim] children:		0
[runlim] real:			2.11 seconds
[runlim] time:			1.75 seconds
[runlim] space:			51.8 MB
[runlim] samples:		12
[runlim] version:		1.10
[runlim] time limit:		311040000 seconds
[runlim] real time limit:	1200 seconds
[runlim] space limit:		15000 MB
[runlim] argv[0]:		python3
[runlim] argv[1]:		/raid/steuber/Software/ablector/ablector
[runlim] argv[2]:		/raid/steuber/Benchmarks/2019/QF_BV/Sage2/bench_12930.smt2
[runlim] argv[3]:		--ufReuse=1
[runlim] argv[4]:		--omit
[runlim] argv[5]:		mul:3
[runlim] argv[6]:		--omit
[runlim] argv[7]:		sdiv:3
[runlim] argv[8]:		--omit
[runlim] argv[9]:		udiv:3
[runlim] start:			Thu May 14 14:39:32 2020
[runlim] main pid:		5607
[Ablector] INFO: *** ROUND 0
[runlim] sample:		10.1 time, 10.5 real, 253.5 MB
[runlim] sample:		20.1 time, 20.5 real, 277.0 MB
[runlim] sample:		30.1 time, 30.5 real, 261.1 MB
[runlim] sample:		40.1 time, 40.5 real, 242.0 MB
[runlim] sample:		50.1 time, 50.5 real, 247.8 MB
[runlim] sample:		60.1 time, 60.5 real, 237.3 MB
[runlim] sample:		70.1 time, 70.5 real, 231.1 MB
[runlim] sample:		80.1 time, 80.5 real, 234.8 MB
[MulNode] INFO: Level 0
[MulNode] INFO: Level 0
[MulNode] INFO: Level 0
[MulNode] INFO: Level 0
[MulNode] INFO: Level 0
[MulNode] INFO: Level 0
[MulNode] INFO: Level 0
[MulNode] INFO: Level 0
[MulNode] INFO: Level 0
[MulNode] INFO: Level 0
[MulNode] INFO: Level 0
[MulNode] INFO: Level 0
[MulNode] INFO: Level 0
[MulNode] INFO: Level 0
[MulNode] INFO: Level 0
[MulNode] INFO: Level 0
[MulNode] INFO: Level 0
[MulNode] INFO: Level 0
[MulNode] INFO: Level 0
[MulNode] INFO: Level 0
[MulNode] INFO: Level 0
[MulNode] INFO: Level 0
[MulNode] INFO: Level 0
[MulNode] INFO: Level 0
[MulNode] INFO: Level 0
[MulNode] INFO: Level 0
[MulNode] INFO: Level 0
[MulNode] INFO: Level 0
[MulNode] INFO: Level 0
[MulNode] INFO: Level 0
[MulNode] INFO: Level 0
[MulNode] INFO: Level 0
[MulNode] INFO: Level 0
[MulNode] INFO: Level 0
[MulNode] INFO: Level 0
[MulNode] INFO: Level 0
[MulNode] INFO: Level 0
[MulNode] INFO: Level 0
[MulNode] INFO: Level 0
[MulNode] INFO: Level 0
[MulNode] INFO: Level 0
[MulNode] INFO: Level 0
[MulNode] INFO: Level 0
[MulNode] INFO: Level 0
[MulNode] INFO: Level 0
[MulNode] INFO: Level 0
[MulNode] INFO: Level 0
[MulNode] INFO: Level 0
[MulNode] INFO: Level 0
[MulNode] INFO: Level 0
[MulNode] INFO: Level 0
[MulNode] INFO: Level 0
[MulNode] INFO: Level 0
[MulNode] INFO: Level 0
[MulNode] INFO: Level 0
[MulNode] INFO: Level 0
[MulNode] INFO: Level 0
[MulNode] INFO: Level 0
[MulNode] INFO: Level 0
[MulNode] INFO: Level 0
[MulNode] INFO: Level 0
[MulNode] INFO: Level 0
[MulNode] INFO: Level 0
[MulNode] INFO: Level 0
[MulNode] INFO: Level 0
[MulNode] INFO: Level 0
[MulNode] INFO: Level 0
[MulNode] INFO: Level 0
[MulNode] INFO: Level 0
[MulNode] INFO: Level 0
[MulNode] INFO: Level 0
[MulNode] INFO: Level 0
[MulNode] INFO: Level 0
[MulNode] INFO: Level 0
[MulNode] INFO: Level 0
[MulNode] INFO: Level 0
[MulNode] INFO: Level 0
[MulNode] INFO: Level 0
[MulNode] INFO: Level 0
[MulNode] INFO: Level 0
[MulNode] INFO: Level 0
[MulNode] INFO: Level 0
[MulNode] INFO: Level 0
[MulNode] INFO: Level 0
[MulNode] INFO: Level 0
[MulNode] INFO: Level 0
[MulNode] INFO: Level 0
[MulNode] INFO: Level 0
[MulNode] INFO: Level 0
[MulNode] INFO: Level 0
[MulNode] INFO: Level 0
[MulNode] INFO: Level 0
[MulNode] INFO: Level 0
[MulNode] INFO: Level 0
[MulNode] INFO: Level 0
[MulNode] INFO: Level 0
[MulNode] INFO: Level 0
[MulNode] INFO: Level 0
[MulNode] INFO: Level 0
[MulNode] INFO: Level 0
[MulNode] INFO: Level 0
[MulNode] INFO: Level 0
[MulNode] INFO: Level 0
[MulNode] INFO: Level 0
[MulNode] INFO: Level 0
[MulNode] INFO: Level 0
[MulNode] INFO: Level 0
[MulNode] INFO: Level 0
[MulNode] INFO: Level 0
[MulNode] INFO: Level 0
[MulNode] INFO: Level 0
[MulNode] INFO: Level 0
[MulNode] INFO: Level 0
[MulNode] INFO: Level 0
[MulNode] INFO: Level 0
[MulNode] INFO: Level 0
[MulNode] INFO: Level 0
[MulNode] INFO: Level 0
[MulNode] INFO: Level 0
[MulNode] INFO: Level 0
[MulNode] INFO: Level 0
[MulNode] INFO: Level 0
[MulNode] INFO: Level 0
[MulNode] INFO: Level 0
[MulNode] INFO: Level 0
[MulNode] INFO: Level 0
[MulNode] INFO: Level 0
[MulNode] INFO: Level 0
[MulNode] INFO: Level 0
[MulNode] INFO: Level 0
[MulNode] INFO: Level 0
[MulNode] INFO: Level 0
[MulNode] INFO: Level 0
[MulNode] INFO: Level 0
[MulNode] INFO: Level 0
[MulNode] INFO: Level 0
[MulNode] INFO: Level 0
[MulNode] INFO: Level 0
[MulNode] INFO: Level 0
[MulNode] INFO: Level 0
[MulNode] INFO: Level 0
[MulNode] INFO: Level 0
[MulNode] INFO: Level 0
[MulNode] INFO: Level 0
[MulNode] INFO: Level 0
[MulNode] INFO: Level 0
[MulNode] INFO: Level 0
[MulNode] INFO: Level 0
[MulNode] INFO: Level 0
[MulNode] INFO: Level 0
[MulNode] INFO: Level 0
[MulNode] INFO: Level 0
[MulNode] INFO: Level 0
[MulNode] INFO: Level 0
[MulNode] INFO: Level 0
[MulNode] INFO: Level 0
[MulNode] INFO: Level 0
[MulNode] INFO: Level 0
[MulNode] INFO: Level 0
[MulNode] INFO: Level 0
[MulNode] INFO: Level 0
[MulNode] INFO: Level 0
[MulNode] INFO: Level 0
[MulNode] INFO: Level 0
[MulNode] INFO: Level 0
[MulNode] INFO: Level 0
[MulNode] INFO: Level 0
[MulNode] INFO: Level 0
[MulNode] INFO: Level 0
[MulNode] INFO: Level 0
[MulNode] INFO: Level 0
[MulNode] INFO: Level 0
[MulNode] INFO: Level 0
[MulNode] INFO: Level 0
[MulNode] INFO: Level 0
[MulNode] INFO: Level 0
[MulNode] INFO: Level 0
[MulNode] INFO: Level 0
[MulNode] INFO: Level 0
[MulNode] INFO: Level 0
[MulNode] INFO: Level 0
[MulNode] INFO: Level 0
[MulNode] INFO: Level 0
[MulNode] INFO: Level 0
[MulNode] INFO: Level 0
[MulNode] INFO: Level 0
[Ablector] INFO: ABLECTOR TIME: 76.982868
[Ablector] INFO: SAT TIME: 76.942546
[Ablector] INFO: REF TIME: 1.974739
[runlim] end:			Thu May 14 14:40:54 2020
[runlim] status:		ok
[runlim] result:		0
[runlim] children:		4
[runlim] real:			82.82 seconds
[runlim] time:			82.41 seconds
[runlim] space:			293.3 MB
[runlim] samples:		823
[runlim] version:		1.10
[runlim] time limit:		311040000 seconds
[runlim] real time limit:	1200 seconds
[runlim] space limit:		15000 MB
[runlim] argv[0]:		python3
[runlim] argv[1]:		/raid/steuber/Software/ablector/ablector
[runlim] argv[2]:		/raid/steuber/Benchmarks/2019/QF_BV/Sage2/bench_15276.smt2
[runlim] argv[3]:		--ufReuse=1
[runlim] argv[4]:		--omit
[runlim] argv[5]:		mul:3
[runlim] argv[6]:		--omit
[runlim] argv[7]:		sdiv:3
[runlim] argv[8]:		--omit
[runlim] argv[9]:		udiv:3
[runlim] start:			Thu May 14 14:40:55 2020
[runlim] main pid:		5643
[Ablector] INFO: *** ROUND 0
[MulNode] INFO: Level 0
[Ablector] INFO: ABLECTOR TIME: 0.293844
[Ablector] INFO: SAT TIME: 0.288773
[Ablector] INFO: REF TIME: 0.010605
[runlim] end:			Thu May 14 14:40:56 2020
[runlim] status:		ok
[runlim] result:		0
[runlim] children:		0
[runlim] real:			1.19 seconds
[runlim] time:			1.32 seconds
[runlim] space:			43.9 MB
[runlim] samples:		9
[runlim] version:		1.10
[runlim] time limit:		311040000 seconds
[runlim] real time limit:	1200 seconds
[runlim] space limit:		15000 MB
[runlim] argv[0]:		python3
[runlim] argv[1]:		/raid/steuber/Software/ablector/ablector
[runlim] argv[2]:		/raid/steuber/Benchmarks/2019/QF_BV/log-slicing/bvudiv_15.smt2
[runlim] argv[3]:		--ufReuse=1
[runlim] argv[4]:		--omit
[runlim] argv[5]:		mul:3
[runlim] argv[6]:		--omit
[runlim] argv[7]:		sdiv:3
[runlim] argv[8]:		--omit
[runlim] argv[9]:		udiv:3
[runlim] start:			Thu May 14 14:40:56 2020
[runlim] main pid:		5663
[Ablector] INFO: *** ROUND 0
[Ablector] INFO: *** ROUND 1
[Ablector] INFO: *** ROUND 2
[Ablector] INFO: *** ROUND 3
[runlim] sample:		10.6 time, 10.5 real, 49.6 MB
[runlim] sample:		20.6 time, 20.5 real, 53.6 MB
[runlim] sample:		30.6 time, 30.5 real, 57.9 MB
[runlim] sample:		40.5 time, 40.5 real, 57.2 MB
[runlim] sample:		50.5 time, 50.5 real, 59.2 MB
[runlim] sample:		60.5 time, 60.5 real, 58.9 MB
[runlim] sample:		70.5 time, 70.5 real, 58.9 MB
[runlim] sample:		80.5 time, 80.5 real, 61.4 MB
[runlim] sample:		90.6 time, 90.5 real, 61.7 MB
[runlim] sample:		100.5 time, 100.5 real, 62.2 MB
[runlim] sample:		110.5 time, 110.5 real, 64.0 MB
[runlim] sample:		120.5 time, 120.5 real, 62.1 MB
[UdivNode] INFO: Level 3 - Bit 0
[Ablector] INFO: ABLECTOR TIME: 123.231176
[Ablector] INFO: SAT TIME: 123.225929
[Ablector] INFO: REF TIME: 0.002820
[runlim] end:			Thu May 14 14:43:00 2020
[runlim] status:		segmentation fault
[runlim] result:		4
[runlim] children:		0
[runlim] real:			124.60 seconds
[runlim] time:			124.34 seconds
[runlim] space:			64.7 MB
[runlim] samples:		1240
[runlim] version:		1.10
[runlim] time limit:		311040000 seconds
[runlim] real time limit:	1200 seconds
[runlim] space limit:		15000 MB
[runlim] argv[0]:		python3
[runlim] argv[1]:		/raid/steuber/Software/ablector/ablector
[runlim] argv[2]:		/raid/steuber/Benchmarks/2019/QF_BV/sage/app1/bench_1359.smt2
[runlim] argv[3]:		--ufReuse=1
[runlim] argv[4]:		--omit
[runlim] argv[5]:		mul:3
[runlim] argv[6]:		--omit
[runlim] argv[7]:		sdiv:3
[runlim] argv[8]:		--omit
[runlim] argv[9]:		udiv:3
[runlim] start:			Thu May 14 14:43:01 2020
[runlim] main pid:		5704
[Ablector] INFO: ABLECTOR TIME: 0.003833
[runlim] end:			Thu May 14 14:43:01 2020
[runlim] status:		ok
[runlim] result:		0
[runlim] children:		0
[runlim] real:			0.83 seconds
[runlim] time:			1.02 seconds
[runlim] space:			38.0 MB
[runlim] samples:		7
[runlim] version:		1.10
[runlim] time limit:		311040000 seconds
[runlim] real time limit:	1200 seconds
[runlim] space limit:		15000 MB
[runlim] argv[0]:		python3
[runlim] argv[1]:		/raid/steuber/Software/ablector/ablector
[runlim] argv[2]:		/raid/steuber/Benchmarks/2019/QF_BV/sage/app5/bench_336.smt2
[runlim] argv[3]:		--ufReuse=1
[runlim] argv[4]:		--omit
[runlim] argv[5]:		mul:3
[runlim] argv[6]:		--omit
[runlim] argv[7]:		sdiv:3
[runlim] argv[8]:		--omit
[runlim] argv[9]:		udiv:3
[runlim] start:			Thu May 14 14:43:02 2020
[runlim] main pid:		5724
[Ablector] INFO: ABLECTOR TIME: 0.003841
[runlim] end:			Thu May 14 14:43:02 2020
[runlim] status:		ok
[runlim] result:		0
[runlim] children:		0
[runlim] real:			0.62 seconds
[runlim] time:			0.97 seconds
[runlim] space:			37.6 MB
[runlim] samples:		4
[runlim] version:		1.10
[runlim] time limit:		311040000 seconds
[runlim] real time limit:	1200 seconds
[runlim] space limit:		15000 MB
[runlim] argv[0]:		python3
[runlim] argv[1]:		/raid/steuber/Software/ablector/ablector
[runlim] argv[2]:		/raid/steuber/Benchmarks/2019/QF_BV/sage/app11/bench_466.smt2
[runlim] argv[3]:		--ufReuse=1
[runlim] argv[4]:		--omit
[runlim] argv[5]:		mul:3
[runlim] argv[6]:		--omit
[runlim] argv[7]:		sdiv:3
[runlim] argv[8]:		--omit
[runlim] argv[9]:		udiv:3
[runlim] start:			Thu May 14 14:43:02 2020
[runlim] main pid:		5744
[Ablector] INFO: ABLECTOR TIME: 0.004052
[runlim] end:			Thu May 14 14:43:03 2020
[runlim] status:		ok
[runlim] result:		0
[runlim] children:		5
[runlim] real:			1.91 seconds
[runlim] time:			1.37 seconds
[runlim] space:			68.0 MB
[runlim] samples:		9
[runlim] version:		1.10
[runlim] time limit:		311040000 seconds
[runlim] real time limit:	1200 seconds
[runlim] space limit:		15000 MB
[runlim] argv[0]:		python3
[runlim] argv[1]:		/raid/steuber/Software/ablector/ablector
[runlim] argv[2]:		/raid/steuber/Benchmarks/2019/QF_BV/brummayerbiere2/smulov1bw24.smt2
[runlim] argv[3]:		--ufReuse=1
[runlim] argv[4]:		--omit
[runlim] argv[5]:		mul:3
[runlim] argv[6]:		--omit
[runlim] argv[7]:		sdiv:3
[runlim] argv[8]:		--omit
[runlim] argv[9]:		udiv:3
[runlim] start:			Thu May 14 14:43:04 2020
[runlim] main pid:		5764
[Ablector] INFO: *** ROUND 0
[Ablector] INFO: *** ROUND 1
[Ablector] INFO: *** ROUND 2
[Ablector] INFO: *** ROUND 3
[MulNode] INFO: Level 2
[MulNode] INFO: Level 4 - Bit 0
[Ablector] INFO: ABLECTOR TIME: 4.484565
[Ablector] INFO: SAT TIME: 4.479554
[Ablector] INFO: REF TIME: 0.063987
[runlim] end:			Thu May 14 14:43:09 2020
[runlim] status:		ok
[runlim] result:		0
[runlim] children:		0
[runlim] real:			5.20 seconds
[runlim] time:			5.44 seconds
[runlim] space:			56.1 MB
[runlim] samples:		49
[runlim] version:		1.10
[runlim] time limit:		311040000 seconds
[runlim] real time limit:	1200 seconds
[runlim] space limit:		15000 MB
[runlim] argv[0]:		python3
[runlim] argv[1]:		/raid/steuber/Software/ablector/ablector
[runlim] argv[2]:		/raid/steuber/Benchmarks/2019/QF_BV/Sage2/bench_17799.smt2
[runlim] argv[3]:		--ufReuse=1
[runlim] argv[4]:		--omit
[runlim] argv[5]:		mul:3
[runlim] argv[6]:		--omit
[runlim] argv[7]:		sdiv:3
[runlim] argv[8]:		--omit
[runlim] argv[9]:		udiv:3
[runlim] start:			Thu May 14 14:43:09 2020
[runlim] main pid:		5786
[Ablector] INFO: *** ROUND 0
[runlim] sample:		10.2 time, 10.6 real, 265.0 MB
[runlim] sample:		20.2 time, 20.6 real, 236.1 MB
[runlim] sample:		30.2 time, 30.6 real, 211.3 MB
[runlim] sample:		40.2 time, 40.6 real, 207.2 MB
[runlim] sample:		50.2 time, 50.6 real, 190.9 MB
[runlim] sample:		60.2 time, 60.6 real, 194.6 MB
[MulNode] INFO: Level 0
[MulNode] INFO: Level 0
[MulNode] INFO: Level 0
[MulNode] INFO: Level 0
[MulNode] INFO: Level 0
[MulNode] INFO: Level 0
[MulNode] INFO: Level 0
[MulNode] INFO: Level 0
[MulNode] INFO: Level 0
[MulNode] INFO: Level 0
[MulNode] INFO: Level 0
[MulNode] INFO: Level 0
[MulNode] INFO: Level 0
[MulNode] INFO: Level 0
[MulNode] INFO: Level 0
[MulNode] INFO: Level 0
[MulNode] INFO: Level 0
[MulNode] INFO: Level 0
[MulNode] INFO: Level 0
[MulNode] INFO: Level 0
[MulNode] INFO: Level 0
[MulNode] INFO: Level 0
[MulNode] INFO: Level 0
[MulNode] INFO: Level 0
[MulNode] INFO: Level 0
[MulNode] INFO: Level 0
[MulNode] INFO: Level 0
[MulNode] INFO: Level 0
[MulNode] INFO: Level 0
[MulNode] INFO: Level 0
[MulNode] INFO: Level 0
[MulNode] INFO: Level 0
[MulNode] INFO: Level 0
[MulNode] INFO: Level 0
[MulNode] INFO: Level 0
[MulNode] INFO: Level 0
[MulNode] INFO: Level 0
[MulNode] INFO: Level 0
[MulNode] INFO: Level 0
[MulNode] INFO: Level 0
[MulNode] INFO: Level 0
[MulNode] INFO: Level 0
[MulNode] INFO: Level 0
[MulNode] INFO: Level 0
[MulNode] INFO: Level 0
[MulNode] INFO: Level 0
[MulNode] INFO: Level 0
[MulNode] INFO: Level 0
[MulNode] INFO: Level 0
[MulNode] INFO: Level 0
[MulNode] INFO: Level 0
[MulNode] INFO: Level 0
[MulNode] INFO: Level 0
[MulNode] INFO: Level 0
[MulNode] INFO: Level 0
[MulNode] INFO: Level 0
[MulNode] INFO: Level 0
[MulNode] INFO: Level 0
[MulNode] INFO: Level 0
[MulNode] INFO: Level 0
[MulNode] INFO: Level 0
[MulNode] INFO: Level 0
[MulNode] INFO: Level 0
[MulNode] INFO: Level 0
[MulNode] INFO: Level 0
[MulNode] INFO: Level 0
[MulNode] INFO: Level 0
[MulNode] INFO: Level 0
[MulNode] INFO: Level 0
[MulNode] INFO: Level 0
[MulNode] INFO: Level 0
[MulNode] INFO: Level 0
[MulNode] INFO: Level 0
[MulNode] INFO: Level 0
[MulNode] INFO: Level 0
[MulNode] INFO: Level 0
[MulNode] INFO: Level 0
[MulNode] INFO: Level 0
[MulNode] INFO: Level 0
[MulNode] INFO: Level 0
[MulNode] INFO: Level 0
[MulNode] INFO: Level 0
[MulNode] INFO: Level 0
[MulNode] INFO: Level 0
[MulNode] INFO: Level 0
[MulNode] INFO: Level 0
[MulNode] INFO: Level 0
[MulNode] INFO: Level 0
[MulNode] INFO: Level 0
[MulNode] INFO: Level 0
[MulNode] INFO: Level 0
[MulNode] INFO: Level 0
[MulNode] INFO: Level 0
[MulNode] INFO: Level 0
[MulNode] INFO: Level 0
[MulNode] INFO: Level 0
[MulNode] INFO: Level 0
[MulNode] INFO: Level 0
[MulNode] INFO: Level 0
[MulNode] INFO: Level 0
[MulNode] INFO: Level 0
[MulNode] INFO: Level 0
[MulNode] INFO: Level 0
[MulNode] INFO: Level 0
[MulNode] INFO: Level 0
[MulNode] INFO: Level 0
[MulNode] INFO: Level 0
[MulNode] INFO: Level 0
[MulNode] INFO: Level 0
[MulNode] INFO: Level 0
[MulNode] INFO: Level 0
[MulNode] INFO: Level 0
[MulNode] INFO: Level 0
[MulNode] INFO: Level 0
[MulNode] INFO: Level 0
[MulNode] INFO: Level 0
[MulNode] INFO: Level 0
[MulNode] INFO: Level 0
[MulNode] INFO: Level 0
[MulNode] INFO: Level 0
[MulNode] INFO: Level 0
[MulNode] INFO: Level 0
[MulNode] INFO: Level 0
[MulNode] INFO: Level 0
[MulNode] INFO: Level 0
[MulNode] INFO: Level 0
[MulNode] INFO: Level 0
[MulNode] INFO: Level 0
[MulNode] INFO: Level 0
[MulNode] INFO: Level 0
[MulNode] INFO: Level 0
[MulNode] INFO: Level 0
[MulNode] INFO: Level 0
[MulNode] INFO: Level 0
[MulNode] INFO: Level 0
[MulNode] INFO: Level 0
[MulNode] INFO: Level 0
[MulNode] INFO: Level 0
[MulNode] INFO: Level 0
[MulNode] INFO: Level 0
[MulNode] INFO: Level 0
[MulNode] INFO: Level 0
[MulNode] INFO: Level 0
[MulNode] INFO: Level 0
[MulNode] INFO: Level 0
[MulNode] INFO: Level 0
[MulNode] INFO: Level 0
[MulNode] INFO: Level 0
[MulNode] INFO: Level 0
[MulNode] INFO: Level 0
[MulNode] INFO: Level 0
[MulNode] INFO: Level 0
[MulNode] INFO: Level 0
[MulNode] INFO: Level 0
[MulNode] INFO: Level 0
[MulNode] INFO: Level 0
[MulNode] INFO: Level 0
[MulNode] INFO: Level 0
[MulNode] INFO: Level 0
[MulNode] INFO: Level 0
[MulNode] INFO: Level 0
[MulNode] INFO: Level 0
[MulNode] INFO: Level 0
[MulNode] INFO: Level 0
[MulNode] INFO: Level 0
[MulNode] INFO: Level 0
[MulNode] INFO: Level 0
[Ablector] INFO: ABLECTOR TIME: 63.617966
[Ablector] INFO: SAT TIME: 63.581190
[Ablector] INFO: REF TIME: 1.681562
[runlim] end:			Thu May 14 14:44:17 2020
[runlim] status:		ok
[runlim] result:		0
[runlim] children:		4
[runlim] real:			68.75 seconds
[runlim] time:			68.29 seconds
[runlim] space:			266.5 MB
[runlim] samples:		681
[runlim] version:		1.10
[runlim] time limit:		311040000 seconds
[runlim] real time limit:	1200 seconds
[runlim] space limit:		15000 MB
[runlim] argv[0]:		python3
[runlim] argv[1]:		/raid/steuber/Software/ablector/ablector
[runlim] argv[2]:		/raid/steuber/Benchmarks/2019/QF_BV/sage/app7/bench_2232.smt2
[runlim] argv[3]:		--ufReuse=1
[runlim] argv[4]:		--omit
[runlim] argv[5]:		mul:3
[runlim] argv[6]:		--omit
[runlim] argv[7]:		sdiv:3
[runlim] argv[8]:		--omit
[runlim] argv[9]:		udiv:3
[runlim] start:			Thu May 14 14:44:18 2020
[runlim] main pid:		5816
[Ablector] INFO: ABLECTOR TIME: 0.003982
[runlim] end:			Thu May 14 14:44:18 2020
[runlim] status:		ok
[runlim] result:		0
[runlim] children:		3
[runlim] real:			0.99 seconds
[runlim] time:			1.14 seconds
[runlim] space:			50.6 MB
[runlim] samples:		8
[runlim] version:		1.10
[runlim] time limit:		311040000 seconds
[runlim] real time limit:	1200 seconds
[runlim] space limit:		15000 MB
[runlim] argv[0]:		python3
[runlim] argv[1]:		/raid/steuber/Software/ablector/ablector
[runlim] argv[2]:		/raid/steuber/Benchmarks/2019/QF_BV/sage/app7/bench_6143.smt2
[runlim] argv[3]:		--ufReuse=1
[runlim] argv[4]:		--omit
[runlim] argv[5]:		mul:3
[runlim] argv[6]:		--omit
[runlim] argv[7]:		sdiv:3
[runlim] argv[8]:		--omit
[runlim] argv[9]:		udiv:3
[runlim] start:			Thu May 14 14:44:19 2020
[runlim] main pid:		5836
[Ablector] INFO: ABLECTOR TIME: 0.003740
[runlim] end:			Thu May 14 14:44:19 2020
[runlim] status:		ok
[runlim] result:		0
[runlim] children:		0
[runlim] real:			0.82 seconds
[runlim] time:			0.97 seconds
[runlim] space:			37.7 MB
[runlim] samples:		4
[runlim] version:		1.10
[runlim] time limit:		311040000 seconds
[runlim] real time limit:	1200 seconds
[runlim] space limit:		15000 MB
[runlim] argv[0]:		python3
[runlim] argv[1]:		/raid/steuber/Software/ablector/ablector
[runlim] argv[2]:		/raid/steuber/Benchmarks/2019/QF_BV/sage/app11/bench_510.smt2
[runlim] argv[3]:		--ufReuse=1
[runlim] argv[4]:		--omit
[runlim] argv[5]:		mul:3
[runlim] argv[6]:		--omit
[runlim] argv[7]:		sdiv:3
[runlim] argv[8]:		--omit
[runlim] argv[9]:		udiv:3
[runlim] start:			Thu May 14 14:44:20 2020
[runlim] main pid:		5856
[Ablector] INFO: ABLECTOR TIME: 0.003997
[runlim] end:			Thu May 14 14:44:21 2020
[runlim] status:		ok
[runlim] result:		0
[runlim] children:		5
[runlim] real:			1.07 seconds
[runlim] time:			1.37 seconds
[runlim] space:			68.4 MB
[runlim] samples:		9
[runlim] version:		1.10
[runlim] time limit:		311040000 seconds
[runlim] real time limit:	1200 seconds
[runlim] space limit:		15000 MB
[runlim] argv[0]:		python3
[runlim] argv[1]:		/raid/steuber/Software/ablector/ablector
[runlim] argv[2]:		/raid/steuber/Benchmarks/2019/QF_BV/sage/app7/bench_2745.smt2
[runlim] argv[3]:		--ufReuse=1
[runlim] argv[4]:		--omit
[runlim] argv[5]:		mul:3
[runlim] argv[6]:		--omit
[runlim] argv[7]:		sdiv:3
[runlim] argv[8]:		--omit
[runlim] argv[9]:		udiv:3
[runlim] start:			Thu May 14 14:44:21 2020
[runlim] main pid:		5876
[Ablector] INFO: ABLECTOR TIME: 0.003885
[runlim] end:			Thu May 14 14:44:22 2020
[runlim] status:		ok
[runlim] result:		0
[runlim] children:		2
[runlim] real:			1.07 seconds
[runlim] time:			1.07 seconds
[runlim] space:			47.1 MB
[runlim] samples:		6
[runlim] version:		1.10
[runlim] time limit:		311040000 seconds
[runlim] real time limit:	1200 seconds
[runlim] space limit:		15000 MB
[runlim] argv[0]:		python3
[runlim] argv[1]:		/raid/steuber/Software/ablector/ablector
[runlim] argv[2]:		/raid/steuber/Benchmarks/2019/QF_BV/Sage2/bench_1022.smt2
[runlim] argv[3]:		--ufReuse=1
[runlim] argv[4]:		--omit
[runlim] argv[5]:		mul:3
[runlim] argv[6]:		--omit
[runlim] argv[7]:		sdiv:3
[runlim] argv[8]:		--omit
[runlim] argv[9]:		udiv:3
[runlim] start:			Thu May 14 14:44:22 2020
[runlim] main pid:		5899
[Ablector] INFO: *** ROUND 0
[runlim] sample:		10.5 time, 10.4 real, 92.3 MB
[runlim] sample:		20.5 time, 20.4 real, 91.8 MB
[runlim] sample:		30.5 time, 30.4 real, 102.9 MB
[runlim] sample:		40.5 time, 40.4 real, 105.8 MB
[runlim] sample:		50.5 time, 50.4 real, 112.0 MB
[runlim] sample:		60.5 time, 60.4 real, 112.4 MB
[runlim] sample:		70.5 time, 70.4 real, 112.9 MB
[runlim] sample:		80.5 time, 80.4 real, 112.9 MB
[runlim] sample:		90.5 time, 90.4 real, 113.5 MB
[runlim] sample:		100.5 time, 100.4 real, 123.6 MB
[runlim] sample:		110.5 time, 110.4 real, 124.4 MB
[runlim] sample:		120.5 time, 120.4 real, 132.9 MB
[runlim] sample:		130.5 time, 130.4 real, 126.0 MB
[runlim] sample:		140.5 time, 140.4 real, 126.3 MB
[runlim] sample:		150.5 time, 150.4 real, 126.9 MB
[runlim] sample:		160.5 time, 160.4 real, 127.7 MB
[runlim] sample:		170.5 time, 170.4 real, 137.1 MB
[runlim] sample:		180.5 time, 180.4 real, 138.6 MB
[runlim] sample:		190.5 time, 190.4 real, 129.6 MB
[runlim] sample:		200.5 time, 200.4 real, 139.7 MB
[runlim] sample:		210.5 time, 210.4 real, 139.1 MB
[runlim] sample:		220.5 time, 220.4 real, 141.1 MB
[runlim] sample:		230.5 time, 230.4 real, 141.4 MB
[runlim] sample:		240.5 time, 240.4 real, 141.6 MB
[runlim] sample:		250.5 time, 250.4 real, 142.0 MB
[runlim] sample:		260.5 time, 260.4 real, 142.6 MB
[runlim] sample:		270.5 time, 270.4 real, 144.3 MB
[runlim] sample:		280.5 time, 280.4 real, 133.7 MB
[runlim] sample:		290.5 time, 290.4 real, 144.4 MB
[runlim] sample:		300.5 time, 300.4 real, 144.9 MB
[runlim] sample:		310.5 time, 310.4 real, 144.9 MB
[runlim] sample:		320.5 time, 320.4 real, 144.8 MB
[runlim] sample:		330.5 time, 330.4 real, 145.8 MB
[runlim] sample:		340.5 time, 340.4 real, 134.7 MB
[runlim] sample:		350.5 time, 350.4 real, 146.4 MB
[runlim] sample:		360.5 time, 360.4 real, 146.4 MB
[runlim] sample:		370.4 time, 370.4 real, 148.5 MB
[runlim] sample:		380.4 time, 380.4 real, 148.8 MB
[runlim] sample:		390.4 time, 390.4 real, 148.9 MB
[runlim] sample:		400.4 time, 400.4 real, 148.6 MB
[runlim] sample:		410.4 time, 410.4 real, 150.0 MB
[runlim] sample:		420.4 time, 420.4 real, 150.2 MB
[runlim] sample:		430.4 time, 430.4 real, 150.3 MB
[runlim] sample:		440.4 time, 440.4 real, 150.3 MB
[runlim] sample:		450.4 time, 450.4 real, 150.4 MB
[runlim] sample:		460.4 time, 460.4 real, 150.8 MB
[runlim] sample:		470.4 time, 470.4 real, 150.8 MB
[runlim] sample:		480.4 time, 480.4 real, 138.9 MB
[runlim] sample:		490.4 time, 490.4 real, 152.4 MB
[runlim] sample:		500.4 time, 500.4 real, 152.7 MB
[runlim] sample:		510.4 time, 510.4 real, 152.8 MB
[runlim] sample:		520.4 time, 520.4 real, 152.8 MB
[runlim] sample:		530.4 time, 530.4 real, 152.8 MB
[runlim] sample:		540.4 time, 540.4 real, 153.2 MB
[runlim] sample:		550.4 time, 550.4 real, 153.2 MB
[runlim] sample:		560.4 time, 560.4 real, 153.3 MB
[runlim] sample:		570.4 time, 570.4 real, 154.3 MB
[runlim] sample:		580.4 time, 580.4 real, 154.5 MB
[runlim] sample:		590.4 time, 590.4 real, 154.5 MB
[runlim] sample:		600.4 time, 600.4 real, 154.8 MB
[runlim] sample:		610.4 time, 610.4 real, 154.9 MB
[runlim] sample:		620.4 time, 620.4 real, 154.9 MB
[runlim] sample:		630.4 time, 630.4 real, 154.9 MB
[runlim] sample:		640.4 time, 640.4 real, 155.0 MB
[runlim] sample:		650.4 time, 650.4 real, 155.1 MB
[runlim] sample:		660.4 time, 660.4 real, 141.8 MB
[runlim] sample:		670.4 time, 670.4 real, 156.3 MB
[runlim] sample:		680.4 time, 680.4 real, 156.3 MB
[runlim] sample:		690.4 time, 690.4 real, 156.4 MB
[runlim] sample:		700.4 time, 700.4 real, 156.4 MB
[runlim] sample:		710.4 time, 710.4 real, 156.4 MB
[runlim] sample:		720.4 time, 720.4 real, 156.7 MB
[runlim] sample:		730.4 time, 730.4 real, 156.8 MB
[runlim] sample:		740.4 time, 740.4 real, 156.8 MB
[runlim] sample:		750.4 time, 750.4 real, 156.8 MB
[runlim] sample:		760.4 time, 760.4 real, 156.9 MB
[runlim] sample:		770.4 time, 770.4 real, 155.7 MB
[runlim] sample:		780.4 time, 780.4 real, 155.7 MB
[runlim] sample:		790.4 time, 790.4 real, 155.7 MB
[runlim] sample:		800.4 time, 800.4 real, 155.7 MB
[runlim] sample:		810.4 time, 810.4 real, 156.0 MB
[runlim] sample:		820.4 time, 820.4 real, 156.1 MB
[runlim] sample:		830.4 time, 830.4 real, 156.1 MB
[runlim] sample:		840.4 time, 840.4 real, 156.1 MB
[runlim] sample:		850.4 time, 850.4 real, 156.2 MB
[runlim] sample:		860.4 time, 860.4 real, 156.2 MB
[runlim] sample:		870.4 time, 870.4 real, 156.2 MB
[runlim] sample:		880.4 time, 880.4 real, 143.4 MB
[runlim] sample:		890.4 time, 890.4 real, 158.0 MB
[runlim] sample:		900.4 time, 900.4 real, 158.0 MB
[runlim] sample:		910.4 time, 910.4 real, 158.0 MB
[runlim] sample:		920.4 time, 920.4 real, 158.1 MB
[runlim] sample:		930.4 time, 930.4 real, 158.1 MB
[runlim] sample:		940.4 time, 940.4 real, 158.1 MB
[runlim] sample:		950.4 time, 950.4 real, 147.1 MB
[runlim] sample:		960.4 time, 960.4 real, 158.1 MB
[runlim] sample:		970.4 time, 970.4 real, 158.2 MB
[runlim] sample:		980.4 time, 980.4 real, 158.5 MB
[runlim] sample:		990.4 time, 990.4 real, 158.5 MB
[runlim] sample:		1000.4 time, 1000.4 real, 144.7 MB
[runlim] sample:		1010.4 time, 1010.4 real, 160.0 MB
[runlim] sample:		1020.4 time, 1020.4 real, 160.0 MB
[runlim] sample:		1030.4 time, 1030.4 real, 160.0 MB
[runlim] sample:		1040.4 time, 1040.4 real, 160.0 MB
[runlim] sample:		1050.4 time, 1050.4 real, 160.1 MB
[runlim] sample:		1060.4 time, 1060.4 real, 160.1 MB
[runlim] sample:		1070.4 time, 1070.4 real, 160.4 MB
[runlim] sample:		1080.4 time, 1080.4 real, 160.4 MB
[runlim] sample:		1090.4 time, 1090.4 real, 160.4 MB
[runlim] sample:		1100.4 time, 1100.4 real, 160.4 MB
[runlim] sample:		1110.4 time, 1110.4 real, 160.4 MB
[runlim] sample:		1120.4 time, 1120.4 real, 160.5 MB
[runlim] sample:		1130.4 time, 1130.4 real, 160.5 MB
[runlim] sample:		1140.4 time, 1140.4 real, 146.1 MB
[runlim] sample:		1150.4 time, 1150.4 real, 162.2 MB
[runlim] sample:		1160.4 time, 1160.4 real, 162.2 MB
[runlim] sample:		1170.4 time, 1170.4 real, 162.5 MB
[runlim] sample:		1180.4 time, 1180.4 real, 162.5 MB
[runlim] sample:		1190.4 time, 1190.4 real, 162.6 MB
[runlim] end:			Thu May 14 15:04:22 2020
[runlim] status:		out of time
[runlim] result:		2
[runlim] children:		0
[runlim] real:			1200.04 seconds
[runlim] time:			1199.99 seconds
[runlim] space:			162.6 MB
[runlim] samples:		11996
[runlim] version:		1.10
[runlim] time limit:		311040000 seconds
[runlim] real time limit:	1200 seconds
[runlim] space limit:		15000 MB
[runlim] argv[0]:		python3
[runlim] argv[1]:		/raid/steuber/Software/ablector/ablector
[runlim] argv[2]:		/raid/steuber/Benchmarks/2019/QF_BV/sage/app7/bench_5028.smt2
[runlim] argv[3]:		--ufReuse=1
[runlim] argv[4]:		--omit
[runlim] argv[5]:		mul:3
[runlim] argv[6]:		--omit
[runlim] argv[7]:		sdiv:3
[runlim] argv[8]:		--omit
[runlim] argv[9]:		udiv:3
[runlim] start:			Thu May 14 15:04:22 2020
[runlim] main pid:		6718
[Ablector] INFO: ABLECTOR TIME: 0.004113
[runlim] end:			Thu May 14 15:04:23 2020
[runlim] status:		ok
[runlim] result:		0
[runlim] children:		1
[runlim] real:			1.35 seconds
[runlim] time:			0.96 seconds
[runlim] space:			42.6 MB
[runlim] samples:		8
[runlim] version:		1.10
[runlim] time limit:		311040000 seconds
[runlim] real time limit:	1200 seconds
[runlim] space limit:		15000 MB
[runlim] argv[0]:		python3
[runlim] argv[1]:		/raid/steuber/Software/ablector/ablector
[runlim] argv[2]:		/raid/steuber/Benchmarks/2019/QF_BV/Sage2/bench_11307.smt2
[runlim] argv[3]:		--ufReuse=1
[runlim] argv[4]:		--omit
[runlim] argv[5]:		mul:3
[runlim] argv[6]:		--omit
[runlim] argv[7]:		sdiv:3
[runlim] argv[8]:		--omit
[runlim] argv[9]:		udiv:3
[runlim] start:			Thu May 14 15:04:23 2020
[runlim] main pid:		6738
[Ablector] INFO: *** ROUND 0
[runlim] sample:		10.6 time, 10.7 real, 72.1 MB
[MulNode] INFO: Level 0
[MulNode] INFO: Level 0
[MulNode] INFO: Level 0
[MulNode] INFO: Level 0
[MulNode] INFO: Level 0
[MulNode] INFO: Level 0
[MulNode] INFO: Level 0
[MulNode] INFO: Level 0
[MulNode] INFO: Level 0
[MulNode] INFO: Level 0
[MulNode] INFO: Level 0
[MulNode] INFO: Level 0
[MulNode] INFO: Level 0
[MulNode] INFO: Level 0
[MulNode] INFO: Level 0
[MulNode] INFO: Level 0
[MulNode] INFO: Level 0
[MulNode] INFO: Level 0
[MulNode] INFO: Level 0
[MulNode] INFO: Level 0
[MulNode] INFO: Level 0
[MulNode] INFO: Level 0
[MulNode] INFO: Level 0
[MulNode] INFO: Level 0
[MulNode] INFO: Level 0
[MulNode] INFO: Level 0
[MulNode] INFO: Level 0
[MulNode] INFO: Level 0
[MulNode] INFO: Level 0
[MulNode] INFO: Level 0
[MulNode] INFO: Level 0
[MulNode] INFO: Level 0
[MulNode] INFO: Level 0
[MulNode] INFO: Level 0
[MulNode] INFO: Level 0
[MulNode] INFO: Level 0
[MulNode] INFO: Level 0
[MulNode] INFO: Level 0
[MulNode] INFO: Level 0
[MulNode] INFO: Level 0
[MulNode] INFO: Level 0
[MulNode] INFO: Level 0
[MulNode] INFO: Level 0
[MulNode] INFO: Level 0
[Ablector] INFO: ABLECTOR TIME: 11.313468
[Ablector] INFO: SAT TIME: 11.300824
[Ablector] INFO: REF TIME: 0.423123
[runlim] end:			Thu May 14 15:04:35 2020
[runlim] status:		ok
[runlim] result:		0
[runlim] children:		0
[runlim] real:			12.66 seconds
[runlim] time:			12.46 seconds
[runlim] space:			79.8 MB
[runlim] samples:		119
[runlim] version:		1.10
[runlim] time limit:		311040000 seconds
[runlim] real time limit:	1200 seconds
[runlim] space limit:		15000 MB
[runlim] argv[0]:		python3
[runlim] argv[1]:		/raid/steuber/Software/ablector/ablector
[runlim] argv[2]:		/raid/steuber/Benchmarks/2019/QF_BV/sage/app7/bench_8422.smt2
[runlim] argv[3]:		--ufReuse=1
[runlim] argv[4]:		--omit
[runlim] argv[5]:		mul:3
[runlim] argv[6]:		--omit
[runlim] argv[7]:		sdiv:3
[runlim] argv[8]:		--omit
[runlim] argv[9]:		udiv:3
[runlim] start:			Thu May 14 15:04:36 2020
[runlim] main pid:		6760
[Ablector] INFO: *** ROUND 0
[MulNode] INFO: Level 0
[MulNode] INFO: Level 0
[MulNode] INFO: Level 0
[MulNode] INFO: Level 0
[MulNode] INFO: Level 0
[Ablector] INFO: ABLECTOR TIME: 0.072670
[Ablector] INFO: SAT TIME: 0.066989
[Ablector] INFO: REF TIME: 0.047056
[runlim] end:			Thu May 14 15:04:36 2020
[runlim] status:		ok
[runlim] result:		0
[runlim] children:		0
[runlim] real:			0.64 seconds
[runlim] time:			1.11 seconds
[runlim] space:			42.7 MB
[runlim] samples:		6
[runlim] version:		1.10
[runlim] time limit:		311040000 seconds
[runlim] real time limit:	1200 seconds
[runlim] space limit:		15000 MB
[runlim] argv[0]:		python3
[runlim] argv[1]:		/raid/steuber/Software/ablector/ablector
[runlim] argv[2]:		/raid/steuber/Benchmarks/2019/QF_BV/Sage2/bench_13884.smt2
[runlim] argv[3]:		--ufReuse=1
[runlim] argv[4]:		--omit
[runlim] argv[5]:		mul:3
[runlim] argv[6]:		--omit
[runlim] argv[7]:		sdiv:3
[runlim] argv[8]:		--omit
[runlim] argv[9]:		udiv:3
[runlim] start:			Thu May 14 15:04:37 2020
[runlim] main pid:		6780
[Ablector] INFO: *** ROUND 0
[Ablector] INFO: *** ROUND 1
[Ablector] INFO: *** ROUND 2
[Ablector] INFO: *** ROUND 3
[runlim] sample:		10.5 time, 10.0 real, 82.4 MB
[runlim] sample:		20.5 time, 20.0 real, 90.9 MB
[MulNode] INFO: Level 0
[MulNode] INFO: Level 4 - Bit 0
[MulNode] INFO: Level 0
[MulNode] INFO: Level 4 - Bit 0
[MulNode] INFO: Level 4 - Bit 0
[MulNode] INFO: Level 4 - Bit 0
[MulNode] INFO: Level 4 - Bit 0
[MulNode] INFO: Level 0
[MulNode] INFO: Level 4 - Bit 0
[MulNode] INFO: Level 4 - Bit 0
[MulNode] INFO: Level 4 - Bit 0
[MulNode] INFO: Level 0
[MulNode] INFO: Level 0
[MulNode] INFO: Level 0
[MulNode] INFO: Level 0
[MulNode] INFO: Level 0
[MulNode] INFO: Level 4 - Bit 0
[MulNode] INFO: Level 4 - Bit 0
[MulNode] INFO: Level 4 - Bit 0
[Ablector] INFO: ABLECTOR TIME: 20.789938
[Ablector] INFO: SAT TIME: 20.780597
[Ablector] INFO: REF TIME: 0.351337
[runlim] end:			Thu May 14 15:04:58 2020
[runlim] status:		ok
[runlim] result:		0
[runlim] children:		1
[runlim] real:			22.00 seconds
[runlim] time:			22.38 seconds
[runlim] space:			91.2 MB
[runlim] samples:		219
[runlim] version:		1.10
[runlim] time limit:		311040000 seconds
[runlim] real time limit:	1200 seconds
[runlim] space limit:		15000 MB
[runlim] argv[0]:		python3
[runlim] argv[1]:		/raid/steuber/Software/ablector/ablector
[runlim] argv[2]:		/raid/steuber/Benchmarks/2019/QF_BV/sage/app9/bench_457.smt2
[runlim] argv[3]:		--ufReuse=1
[runlim] argv[4]:		--omit
[runlim] argv[5]:		mul:3
[runlim] argv[6]:		--omit
[runlim] argv[7]:		sdiv:3
[runlim] argv[8]:		--omit
[runlim] argv[9]:		udiv:3
[runlim] start:			Thu May 14 15:04:59 2020
[runlim] main pid:		6803
[Ablector] INFO: ABLECTOR TIME: 0.003888
[runlim] end:			Thu May 14 15:04:59 2020
[runlim] status:		ok
[runlim] result:		0
[runlim] children:		0
[runlim] real:			0.80 seconds
[runlim] time:			0.91 seconds
[runlim] space:			37.6 MB
[runlim] samples:		4
[runlim] version:		1.10
[runlim] time limit:		311040000 seconds
[runlim] real time limit:	1200 seconds
[runlim] space limit:		15000 MB
[runlim] argv[0]:		python3
[runlim] argv[1]:		/raid/steuber/Software/ablector/ablector
[runlim] argv[2]:		/raid/steuber/Benchmarks/2019/QF_BV/sage/app7/bench_6331.smt2
[runlim] argv[3]:		--ufReuse=1
[runlim] argv[4]:		--omit
[runlim] argv[5]:		mul:3
[runlim] argv[6]:		--omit
[runlim] argv[7]:		sdiv:3
[runlim] argv[8]:		--omit
[runlim] argv[9]:		udiv:3
[runlim] start:			Thu May 14 15:05:00 2020
[runlim] main pid:		6823
[Ablector] INFO: ABLECTOR TIME: 0.003833
[runlim] end:			Thu May 14 15:05:00 2020
[runlim] status:		ok
[runlim] result:		0
[runlim] children:		0
[runlim] real:			0.59 seconds
[runlim] time:			0.97 seconds
[runlim] space:			37.7 MB
[runlim] samples:		4
[runlim] version:		1.10
[runlim] time limit:		311040000 seconds
[runlim] real time limit:	1200 seconds
[runlim] space limit:		15000 MB
[runlim] argv[0]:		python3
[runlim] argv[1]:		/raid/steuber/Software/ablector/ablector
[runlim] argv[2]:		/raid/steuber/Benchmarks/2019/QF_BV/sage/app7/bench_5999.smt2
[runlim] argv[3]:		--ufReuse=1
[runlim] argv[4]:		--omit
[runlim] argv[5]:		mul:3
[runlim] argv[6]:		--omit
[runlim] argv[7]:		sdiv:3
[runlim] argv[8]:		--omit
[runlim] argv[9]:		udiv:3
[runlim] start:			Thu May 14 15:05:00 2020
[runlim] main pid:		6843
[Ablector] INFO: ABLECTOR TIME: 0.003970
[runlim] end:			Thu May 14 15:05:01 2020
[runlim] status:		ok
[runlim] result:		0
[runlim] children:		0
[runlim] real:			1.40 seconds
[runlim] time:			0.96 seconds
[runlim] space:			37.6 MB
[runlim] samples:		4
[runlim] version:		1.10
[runlim] time limit:		311040000 seconds
[runlim] real time limit:	1200 seconds
[runlim] space limit:		15000 MB
[runlim] argv[0]:		python3
[runlim] argv[1]:		/raid/steuber/Software/ablector/ablector
[runlim] argv[2]:		/raid/steuber/Benchmarks/2019/QF_BV/sage/app11/bench_83.smt2
[runlim] argv[3]:		--ufReuse=1
[runlim] argv[4]:		--omit
[runlim] argv[5]:		mul:3
[runlim] argv[6]:		--omit
[runlim] argv[7]:		sdiv:3
[runlim] argv[8]:		--omit
[runlim] argv[9]:		udiv:3
[runlim] start:			Thu May 14 15:05:01 2020
[runlim] main pid:		6863
[Ablector] INFO: ABLECTOR TIME: 0.004146
[runlim] end:			Thu May 14 15:05:02 2020
[runlim] status:		ok
[runlim] result:		0
[runlim] children:		5
[runlim] real:			1.68 seconds
[runlim] time:			1.35 seconds
[runlim] space:			68.1 MB
[runlim] samples:		9
[runlim] version:		1.10
[runlim] time limit:		311040000 seconds
[runlim] real time limit:	1200 seconds
[runlim] space limit:		15000 MB
[runlim] argv[0]:		python3
[runlim] argv[1]:		/raid/steuber/Software/ablector/ablector
[runlim] argv[2]:		/raid/steuber/Benchmarks/2019/QF_BV/sage/app7/bench_7147.smt2
[runlim] argv[3]:		--ufReuse=1
[runlim] argv[4]:		--omit
[runlim] argv[5]:		mul:3
[runlim] argv[6]:		--omit
[runlim] argv[7]:		sdiv:3
[runlim] argv[8]:		--omit
[runlim] argv[9]:		udiv:3
[runlim] start:			Thu May 14 15:05:03 2020
[runlim] main pid:		6883
[Ablector] INFO: ABLECTOR TIME: 0.004048
[runlim] end:			Thu May 14 15:05:04 2020
[runlim] status:		ok
[runlim] result:		0
[runlim] children:		14
[runlim] real:			1.83 seconds
[runlim] time:			2.25 seconds
[runlim] space:			83.9 MB
[runlim] samples:		17
[runlim] version:		1.10
[runlim] time limit:		311040000 seconds
[runlim] real time limit:	1200 seconds
[runlim] space limit:		15000 MB
[runlim] argv[0]:		python3
[runlim] argv[1]:		/raid/steuber/Software/ablector/ablector
[runlim] argv[2]:		/raid/steuber/Benchmarks/2019/QF_BV/sage/app1/bench_238.smt2
[runlim] argv[3]:		--ufReuse=1
[runlim] argv[4]:		--omit
[runlim] argv[5]:		mul:3
[runlim] argv[6]:		--omit
[runlim] argv[7]:		sdiv:3
[runlim] argv[8]:		--omit
[runlim] argv[9]:		udiv:3
[runlim] start:			Thu May 14 15:05:05 2020
[runlim] main pid:		6903
[Ablector] INFO: ABLECTOR TIME: 0.004038
[runlim] end:			Thu May 14 15:05:05 2020
[runlim] status:		ok
[runlim] result:		0
[runlim] children:		0
[runlim] real:			0.67 seconds
[runlim] time:			0.98 seconds
[runlim] space:			36.8 MB
[runlim] samples:		4
[runlim] version:		1.10
[runlim] time limit:		311040000 seconds
[runlim] real time limit:	1200 seconds
[runlim] space limit:		15000 MB
[runlim] argv[0]:		python3
[runlim] argv[1]:		/raid/steuber/Software/ablector/ablector
[runlim] argv[2]:		/raid/steuber/Benchmarks/2019/QF_BV/sage/app9/bench_27.smt2
[runlim] argv[3]:		--ufReuse=1
[runlim] argv[4]:		--omit
[runlim] argv[5]:		mul:3
[runlim] argv[6]:		--omit
[runlim] argv[7]:		sdiv:3
[runlim] argv[8]:		--omit
[runlim] argv[9]:		udiv:3
[runlim] start:			Thu May 14 15:05:06 2020
[runlim] main pid:		6924
[Ablector] INFO: ABLECTOR TIME: 0.003837
[runlim] end:			Thu May 14 15:05:06 2020
[runlim] status:		ok
[runlim] result:		0
[runlim] children:		0
[runlim] real:			0.47 seconds
[runlim] time:			0.95 seconds
[runlim] space:			37.6 MB
[runlim] samples:		4
