[runlim] version:		1.10
[runlim] time limit:		311040000 seconds
[runlim] real time limit:	1200 seconds
[runlim] space limit:		15000 MB
[runlim] argv[0]:		python3
[runlim] argv[1]:		/raid/steuber/Software/ablector/ablector
[runlim] argv[2]:		/raid/steuber/Benchmarks/2019/QF_BV/sage/app9/bench_616.smt2
[runlim] argv[3]:		--ufReuse=1
[runlim] argv[4]:		--omit
[runlim] argv[5]:		mul:3
[runlim] argv[6]:		--omit
[runlim] argv[7]:		sdiv:3
[runlim] argv[8]:		--omit
[runlim] argv[9]:		udiv:3
[runlim] start:			Thu May 14 15:09:25 2020
[runlim] main pid:		9375
[Ablector] INFO: ABLECTOR TIME: 0.003831
[runlim] end:			Thu May 14 15:09:25 2020
[runlim] status:		ok
[runlim] result:		0
[runlim] children:		0
[runlim] real:			0.47 seconds
[runlim] time:			0.96 seconds
[runlim] space:			37.6 MB
[runlim] samples:		4
[runlim] version:		1.10
[runlim] time limit:		311040000 seconds
[runlim] real time limit:	1200 seconds
[runlim] space limit:		15000 MB
[runlim] argv[0]:		python3
[runlim] argv[1]:		/raid/steuber/Software/ablector/ablector
[runlim] argv[2]:		/raid/steuber/Benchmarks/2019/QF_BV/sage/app9/bench_341.smt2
[runlim] argv[3]:		--ufReuse=1
[runlim] argv[4]:		--omit
[runlim] argv[5]:		mul:3
[runlim] argv[6]:		--omit
[runlim] argv[7]:		sdiv:3
[runlim] argv[8]:		--omit
[runlim] argv[9]:		udiv:3
[runlim] start:			Thu May 14 15:09:25 2020
[runlim] main pid:		9395
[Ablector] INFO: *** ROUND 0
[MulNode] INFO: Level 0
[MulNode] INFO: Level 0
[MulNode] INFO: Level 0
[MulNode] INFO: Level 0
[MulNode] INFO: Level 0
[MulNode] INFO: Level 0
[MulNode] INFO: Level 0
[MulNode] INFO: Level 0
[MulNode] INFO: Level 0
[MulNode] INFO: Level 0
[MulNode] INFO: Level 0
[Ablector] INFO: ABLECTOR TIME: 0.169591
[Ablector] INFO: SAT TIME: 0.162829
[Ablector] INFO: REF TIME: 0.106972
[runlim] end:			Thu May 14 15:09:26 2020
[runlim] status:		ok
[runlim] result:		0
[runlim] children:		0
[runlim] real:			1.71 seconds
[runlim] time:			1.29 seconds
[runlim] space:			47.0 MB
[runlim] samples:		8
[runlim] version:		1.10
[runlim] time limit:		311040000 seconds
[runlim] real time limit:	1200 seconds
[runlim] space limit:		15000 MB
[runlim] argv[0]:		python3
[runlim] argv[1]:		/raid/steuber/Software/ablector/ablector
[runlim] argv[2]:		/raid/steuber/Benchmarks/2019/QF_BV/sage/app2/bench_1207.smt2
[runlim] argv[3]:		--ufReuse=1
[runlim] argv[4]:		--omit
[runlim] argv[5]:		mul:3
[runlim] argv[6]:		--omit
[runlim] argv[7]:		sdiv:3
[runlim] argv[8]:		--omit
[runlim] argv[9]:		udiv:3
[runlim] start:			Thu May 14 15:09:27 2020
[runlim] main pid:		9415
[Ablector] INFO: ABLECTOR TIME: 0.003879
[runlim] end:			Thu May 14 15:09:27 2020
[runlim] status:		ok
[runlim] result:		0
[runlim] children:		0
[runlim] real:			0.51 seconds
[runlim] time:			0.95 seconds
[runlim] space:			37.8 MB
[runlim] samples:		4
[runlim] version:		1.10
[runlim] time limit:		311040000 seconds
[runlim] real time limit:	1200 seconds
[runlim] space limit:		15000 MB
[runlim] argv[0]:		python3
[runlim] argv[1]:		/raid/steuber/Software/ablector/ablector
[runlim] argv[2]:		/raid/steuber/Benchmarks/2019/QF_BV/Sage2/bench_10094.smt2
[runlim] argv[3]:		--ufReuse=1
[runlim] argv[4]:		--omit
[runlim] argv[5]:		mul:3
[runlim] argv[6]:		--omit
[runlim] argv[7]:		sdiv:3
[runlim] argv[8]:		--omit
[runlim] argv[9]:		udiv:3
[runlim] start:			Thu May 14 15:09:27 2020
[runlim] main pid:		9435
[Ablector] INFO: *** ROUND 0
[runlim] sample:		10.5 time, 10.9 real, 53.3 MB
[runlim] sample:		20.5 time, 20.9 real, 60.4 MB
[runlim] sample:		30.6 time, 30.9 real, 63.8 MB
[runlim] sample:		40.5 time, 40.9 real, 71.0 MB
[runlim] sample:		50.5 time, 50.9 real, 74.6 MB
[runlim] sample:		60.5 time, 60.9 real, 74.6 MB
[MulNode] INFO: Level 0
[MulNode] INFO: Level 0
[MulNode] INFO: Level 0
[MulNode] INFO: Level 0
[MulNode] INFO: Level 0
[MulNode] INFO: Level 0
[MulNode] INFO: Level 0
[MulNode] INFO: Level 0
[MulNode] INFO: Level 0
[Ablector] INFO: ABLECTOR TIME: 68.185716
[Ablector] INFO: SAT TIME: 68.179384
[Ablector] INFO: REF TIME: 0.090871
[runlim] end:			Thu May 14 15:10:36 2020
[runlim] status:		ok
[runlim] result:		0
[runlim] children:		0
[runlim] real:			69.57 seconds
[runlim] time:			69.24 seconds
[runlim] space:			74.6 MB
[runlim] samples:		687
[runlim] version:		1.10
[runlim] time limit:		311040000 seconds
[runlim] real time limit:	1200 seconds
[runlim] space limit:		15000 MB
[runlim] argv[0]:		python3
[runlim] argv[1]:		/raid/steuber/Software/ablector/ablector
[runlim] argv[2]:		/raid/steuber/Benchmarks/2019/QF_BV/sage/app1/bench_1198.smt2
[runlim] argv[3]:		--ufReuse=1
[runlim] argv[4]:		--omit
[runlim] argv[5]:		mul:3
[runlim] argv[6]:		--omit
[runlim] argv[7]:		sdiv:3
[runlim] argv[8]:		--omit
[runlim] argv[9]:		udiv:3
[runlim] start:			Thu May 14 15:10:36 2020
[runlim] main pid:		9466
[Ablector] INFO: ABLECTOR TIME: 0.003751
[runlim] end:			Thu May 14 15:10:37 2020
[runlim] status:		ok
[runlim] result:		0
[runlim] children:		0
[runlim] real:			1.52 seconds
[runlim] time:			1.00 seconds
[runlim] space:			37.8 MB
[runlim] samples:		5
[runlim] version:		1.10
[runlim] time limit:		311040000 seconds
[runlim] real time limit:	1200 seconds
[runlim] space limit:		15000 MB
[runlim] argv[0]:		python3
[runlim] argv[1]:		/raid/steuber/Software/ablector/ablector
[runlim] argv[2]:		/raid/steuber/Benchmarks/2019/QF_BV/Sage2/bench_10275.smt2
[runlim] argv[3]:		--ufReuse=1
[runlim] argv[4]:		--omit
[runlim] argv[5]:		mul:3
[runlim] argv[6]:		--omit
[runlim] argv[7]:		sdiv:3
[runlim] argv[8]:		--omit
[runlim] argv[9]:		udiv:3
[runlim] start:			Thu May 14 15:10:37 2020
[runlim] main pid:		9486
[Ablector] INFO: *** ROUND 0
[MulNode] INFO: Level 0
[MulNode] INFO: Level 0
[MulNode] INFO: Level 0
[MulNode] INFO: Level 0
[MulNode] INFO: Level 0
[MulNode] INFO: Level 0
[MulNode] INFO: Level 0
[MulNode] INFO: Level 0
[MulNode] INFO: Level 0
[MulNode] INFO: Level 0
[MulNode] INFO: Level 0
[MulNode] INFO: Level 0
[MulNode] INFO: Level 0
[MulNode] INFO: Level 0
[MulNode] INFO: Level 0
[MulNode] INFO: Level 0
[MulNode] INFO: Level 0
[MulNode] INFO: Level 0
[MulNode] INFO: Level 0
[MulNode] INFO: Level 0
[Ablector] INFO: ABLECTOR TIME: 2.222073
[Ablector] INFO: SAT TIME: 2.213142
[Ablector] INFO: REF TIME: 0.206511
[runlim] end:			Thu May 14 15:10:40 2020
[runlim] status:		ok
[runlim] result:		0
[runlim] children:		0
[runlim] real:			3.68 seconds
[runlim] time:			3.34 seconds
[runlim] space:			62.5 MB
[runlim] samples:		28
[runlim] version:		1.10
[runlim] time limit:		311040000 seconds
[runlim] real time limit:	1200 seconds
[runlim] space limit:		15000 MB
[runlim] argv[0]:		python3
[runlim] argv[1]:		/raid/steuber/Software/ablector/ablector
[runlim] argv[2]:		/raid/steuber/Benchmarks/2019/QF_BV/sage/app7/bench_3096.smt2
[runlim] argv[3]:		--ufReuse=1
[runlim] argv[4]:		--omit
[runlim] argv[5]:		mul:3
[runlim] argv[6]:		--omit
[runlim] argv[7]:		sdiv:3
[runlim] argv[8]:		--omit
[runlim] argv[9]:		udiv:3
[runlim] start:			Thu May 14 15:10:41 2020
[runlim] main pid:		9506
[Ablector] INFO: ABLECTOR TIME: 0.004358
[runlim] end:			Thu May 14 15:10:41 2020
[runlim] status:		ok
[runlim] result:		0
[runlim] children:		2
[runlim] real:			0.77 seconds
[runlim] time:			1.18 seconds
[runlim] space:			48.6 MB
[runlim] samples:		7
[runlim] version:		1.10
[runlim] time limit:		311040000 seconds
[runlim] real time limit:	1200 seconds
[runlim] space limit:		15000 MB
[runlim] argv[0]:		python3
[runlim] argv[1]:		/raid/steuber/Software/ablector/ablector
[runlim] argv[2]:		/raid/steuber/Benchmarks/2019/QF_BV/sage/app7/bench_5767.smt2
[runlim] argv[3]:		--ufReuse=1
[runlim] argv[4]:		--omit
[runlim] argv[5]:		mul:3
[runlim] argv[6]:		--omit
[runlim] argv[7]:		sdiv:3
[runlim] argv[8]:		--omit
[runlim] argv[9]:		udiv:3
[runlim] start:			Thu May 14 15:10:42 2020
[runlim] main pid:		9526
[Ablector] INFO: ABLECTOR TIME: 0.003878
[runlim] end:			Thu May 14 15:10:42 2020
[runlim] status:		ok
[runlim] result:		0
[runlim] children:		0
[runlim] real:			0.57 seconds
[runlim] time:			0.95 seconds
[runlim] space:			37.7 MB
[runlim] samples:		4
[runlim] version:		1.10
[runlim] time limit:		311040000 seconds
[runlim] real time limit:	1200 seconds
[runlim] space limit:		15000 MB
[runlim] argv[0]:		python3
[runlim] argv[1]:		/raid/steuber/Software/ablector/ablector
[runlim] argv[2]:		/raid/steuber/Benchmarks/2019/QF_BV/sage/app11/bench_284.smt2
[runlim] argv[3]:		--ufReuse=1
[runlim] argv[4]:		--omit
[runlim] argv[5]:		mul:3
[runlim] argv[6]:		--omit
[runlim] argv[7]:		sdiv:3
[runlim] argv[8]:		--omit
[runlim] argv[9]:		udiv:3
[runlim] start:			Thu May 14 15:10:42 2020
[runlim] main pid:		9546
[Ablector] INFO: ABLECTOR TIME: 0.004079
[runlim] end:			Thu May 14 15:10:43 2020
[runlim] status:		ok
[runlim] result:		0
[runlim] children:		4
[runlim] real:			1.88 seconds
[runlim] time:			1.36 seconds
[runlim] space:			67.4 MB
[runlim] samples:		9
[runlim] version:		1.10
[runlim] time limit:		311040000 seconds
[runlim] real time limit:	1200 seconds
[runlim] space limit:		15000 MB
[runlim] argv[0]:		python3
[runlim] argv[1]:		/raid/steuber/Software/ablector/ablector
[runlim] argv[2]:		/raid/steuber/Benchmarks/2019/QF_BV/sage/app7/bench_6046.smt2
[runlim] argv[3]:		--ufReuse=1
[runlim] argv[4]:		--omit
[runlim] argv[5]:		mul:3
[runlim] argv[6]:		--omit
[runlim] argv[7]:		sdiv:3
[runlim] argv[8]:		--omit
[runlim] argv[9]:		udiv:3
[runlim] start:			Thu May 14 15:10:44 2020
[runlim] main pid:		9566
[Ablector] INFO: ABLECTOR TIME: 0.003878
[runlim] end:			Thu May 14 15:10:44 2020
[runlim] status:		ok
[runlim] result:		0
[runlim] children:		0
[runlim] real:			0.67 seconds
[runlim] time:			0.96 seconds
[runlim] space:			37.7 MB
[runlim] samples:		4
[runlim] version:		1.10
[runlim] time limit:		311040000 seconds
[runlim] real time limit:	1200 seconds
[runlim] space limit:		15000 MB
[runlim] argv[0]:		python3
[runlim] argv[1]:		/raid/steuber/Software/ablector/ablector
[runlim] argv[2]:		/raid/steuber/Benchmarks/2019/QF_BV/Sage2/bench_4207.smt2
[runlim] argv[3]:		--ufReuse=1
[runlim] argv[4]:		--omit
[runlim] argv[5]:		mul:3
[runlim] argv[6]:		--omit
[runlim] argv[7]:		sdiv:3
[runlim] argv[8]:		--omit
[runlim] argv[9]:		udiv:3
[runlim] start:			Thu May 14 15:10:45 2020
[runlim] main pid:		9586
[Ablector] INFO: *** ROUND 0
[MulNode] INFO: Level 0
[MulNode] INFO: Level 0
[MulNode] INFO: Level 0
[MulNode] INFO: Level 0
[MulNode] INFO: Level 0
[MulNode] INFO: Level 0
[MulNode] INFO: Level 0
[MulNode] INFO: Level 0
[Ablector] INFO: ABLECTOR TIME: 3.057703
[Ablector] INFO: SAT TIME: 3.051660
[Ablector] INFO: REF TIME: 0.071477
[runlim] end:			Thu May 14 15:10:48 2020
[runlim] status:		ok
[runlim] result:		0
[runlim] children:		0
[runlim] real:			3.61 seconds
[runlim] time:			4.06 seconds
[runlim] space:			46.7 MB
[runlim] samples:		35
[runlim] version:		1.10
[runlim] time limit:		311040000 seconds
[runlim] real time limit:	1200 seconds
[runlim] space limit:		15000 MB
[runlim] argv[0]:		python3
[runlim] argv[1]:		/raid/steuber/Software/ablector/ablector
[runlim] argv[2]:		/raid/steuber/Benchmarks/2019/QF_BV/Sage2/bench_2591.smt2
[runlim] argv[3]:		--ufReuse=1
[runlim] argv[4]:		--omit
[runlim] argv[5]:		mul:3
[runlim] argv[6]:		--omit
[runlim] argv[7]:		sdiv:3
[runlim] argv[8]:		--omit
[runlim] argv[9]:		udiv:3
[runlim] start:			Thu May 14 15:10:48 2020
[runlim] main pid:		9606
[Ablector] INFO: *** ROUND 0
[MulNode] INFO: Level 0
[MulNode] INFO: Level 0
[MulNode] INFO: Level 0
[MulNode] INFO: Level 0
[MulNode] INFO: Level 0
[MulNode] INFO: Level 0
[MulNode] INFO: Level 0
[MulNode] INFO: Level 0
[MulNode] INFO: Level 0
[MulNode] INFO: Level 0
[MulNode] INFO: Level 0
[MulNode] INFO: Level 0
[MulNode] INFO: Level 0
[MulNode] INFO: Level 0
[MulNode] INFO: Level 0
[MulNode] INFO: Level 0
[MulNode] INFO: Level 0
[MulNode] INFO: Level 0
[MulNode] INFO: Level 0
[MulNode] INFO: Level 0
[MulNode] INFO: Level 0
[MulNode] INFO: Level 0
[MulNode] INFO: Level 0
[MulNode] INFO: Level 0
[MulNode] INFO: Level 0
[MulNode] INFO: Level 0
[MulNode] INFO: Level 0
[MulNode] INFO: Level 0
[MulNode] INFO: Level 0
[MulNode] INFO: Level 0
[MulNode] INFO: Level 0
[MulNode] INFO: Level 0
[MulNode] INFO: Level 0
[MulNode] INFO: Level 0
[MulNode] INFO: Level 0
[MulNode] INFO: Level 0
[MulNode] INFO: Level 0
[MulNode] INFO: Level 0
[MulNode] INFO: Level 0
[MulNode] INFO: Level 0
[MulNode] INFO: Level 0
[MulNode] INFO: Level 0
[MulNode] INFO: Level 0
[MulNode] INFO: Level 0
[MulNode] INFO: Level 0
[MulNode] INFO: Level 0
[MulNode] INFO: Level 0
[MulNode] INFO: Level 0
[MulNode] INFO: Level 0
[MulNode] INFO: Level 0
[MulNode] INFO: Level 0
[MulNode] INFO: Level 0
[MulNode] INFO: Level 0
[MulNode] INFO: Level 0
[MulNode] INFO: Level 0
[MulNode] INFO: Level 0
[MulNode] INFO: Level 0
[MulNode] INFO: Level 0
[MulNode] INFO: Level 0
[MulNode] INFO: Level 0
[MulNode] INFO: Level 0
[MulNode] INFO: Level 0
[MulNode] INFO: Level 0
[MulNode] INFO: Level 0
[MulNode] INFO: Level 0
[MulNode] INFO: Level 0
[MulNode] INFO: Level 0
[MulNode] INFO: Level 0
[MulNode] INFO: Level 0
[MulNode] INFO: Level 0
[MulNode] INFO: Level 0
[MulNode] INFO: Level 0
[MulNode] INFO: Level 0
[MulNode] INFO: Level 0
[MulNode] INFO: Level 0
[MulNode] INFO: Level 0
[MulNode] INFO: Level 0
[MulNode] INFO: Level 0
[MulNode] INFO: Level 0
[MulNode] INFO: Level 0
[MulNode] INFO: Level 0
[MulNode] INFO: Level 0
[MulNode] INFO: Level 0
[MulNode] INFO: Level 0
[MulNode] INFO: Level 0
[MulNode] INFO: Level 0
[MulNode] INFO: Level 0
[MulNode] INFO: Level 0
[MulNode] INFO: Level 0
[MulNode] INFO: Level 0
[MulNode] INFO: Level 0
[MulNode] INFO: Level 0
[MulNode] INFO: Level 0
[MulNode] INFO: Level 0
[MulNode] INFO: Level 0
[MulNode] INFO: Level 0
[MulNode] INFO: Level 0
[MulNode] INFO: Level 0
[MulNode] INFO: Level 0
[MulNode] INFO: Level 0
[MulNode] INFO: Level 0
[MulNode] INFO: Level 0
[MulNode] INFO: Level 0
[MulNode] INFO: Level 0
[MulNode] INFO: Level 0
[MulNode] INFO: Level 0
[MulNode] INFO: Level 0
[MulNode] INFO: Level 0
[MulNode] INFO: Level 0
[MulNode] INFO: Level 0
[MulNode] INFO: Level 0
[MulNode] INFO: Level 0
[MulNode] INFO: Level 0
[MulNode] INFO: Level 0
[MulNode] INFO: Level 0
[MulNode] INFO: Level 0
[MulNode] INFO: Level 0
[MulNode] INFO: Level 0
[MulNode] INFO: Level 0
[MulNode] INFO: Level 0
[MulNode] INFO: Level 0
[MulNode] INFO: Level 0
[MulNode] INFO: Level 0
[MulNode] INFO: Level 0
[MulNode] INFO: Level 0
[MulNode] INFO: Level 0
[MulNode] INFO: Level 0
[MulNode] INFO: Level 0
[MulNode] INFO: Level 0
[MulNode] INFO: Level 0
[MulNode] INFO: Level 0
[MulNode] INFO: Level 0
[MulNode] INFO: Level 0
[MulNode] INFO: Level 0
[MulNode] INFO: Level 0
[MulNode] INFO: Level 0
[MulNode] INFO: Level 0
[MulNode] INFO: Level 0
[MulNode] INFO: Level 0
[Ablector] INFO: ABLECTOR TIME: 4.221806
[Ablector] INFO: SAT TIME: 4.177613
[Ablector] INFO: REF TIME: 1.113772
[runlim] end:			Thu May 14 15:10:56 2020
[runlim] status:		ok
[runlim] result:		0
[runlim] children:		2
[runlim] real:			8.91 seconds
[runlim] time:			8.19 seconds
[runlim] space:			447.1 MB
[runlim] samples:		79
[runlim] version:		1.10
[runlim] time limit:		311040000 seconds
[runlim] real time limit:	1200 seconds
[runlim] space limit:		15000 MB
[runlim] argv[0]:		python3
[runlim] argv[1]:		/raid/steuber/Software/ablector/ablector
[runlim] argv[2]:		/raid/steuber/Benchmarks/2019/QF_BV/sage/app11/bench_485.smt2
[runlim] argv[3]:		--ufReuse=1
[runlim] argv[4]:		--omit
[runlim] argv[5]:		mul:3
[runlim] argv[6]:		--omit
[runlim] argv[7]:		sdiv:3
[runlim] argv[8]:		--omit
[runlim] argv[9]:		udiv:3
[runlim] start:			Thu May 14 15:10:57 2020
[runlim] main pid:		9629
[Ablector] INFO: ABLECTOR TIME: 0.003910
[runlim] end:			Thu May 14 15:10:58 2020
[runlim] status:		ok
[runlim] result:		0
[runlim] children:		4
[runlim] real:			1.21 seconds
[runlim] time:			1.37 seconds
[runlim] space:			67.9 MB
[runlim] samples:		9
[runlim] version:		1.10
[runlim] time limit:		311040000 seconds
[runlim] real time limit:	1200 seconds
[runlim] space limit:		15000 MB
[runlim] argv[0]:		python3
[runlim] argv[1]:		/raid/steuber/Software/ablector/ablector
[runlim] argv[2]:		/raid/steuber/Benchmarks/2019/QF_BV/sage/app7/bench_2857.smt2
[runlim] argv[3]:		--ufReuse=1
[runlim] argv[4]:		--omit
[runlim] argv[5]:		mul:3
[runlim] argv[6]:		--omit
[runlim] argv[7]:		sdiv:3
[runlim] argv[8]:		--omit
[runlim] argv[9]:		udiv:3
[runlim] start:			Thu May 14 15:10:58 2020
[runlim] main pid:		9649
[Ablector] INFO: ABLECTOR TIME: 0.003909
[runlim] end:			Thu May 14 15:10:59 2020
[runlim] status:		ok
[runlim] result:		0
[runlim] children:		3
[runlim] real:			1.25 seconds
[runlim] time:			1.17 seconds
[runlim] space:			50.4 MB
[runlim] samples:		6
[runlim] version:		1.10
[runlim] time limit:		311040000 seconds
[runlim] real time limit:	1200 seconds
[runlim] space limit:		15000 MB
[runlim] argv[0]:		python3
[runlim] argv[1]:		/raid/steuber/Software/ablector/ablector
[runlim] argv[2]:		/raid/steuber/Benchmarks/2019/QF_BV/sage/app7/bench_6103.smt2
[runlim] argv[3]:		--ufReuse=1
[runlim] argv[4]:		--omit
[runlim] argv[5]:		mul:3
[runlim] argv[6]:		--omit
[runlim] argv[7]:		sdiv:3
[runlim] argv[8]:		--omit
[runlim] argv[9]:		udiv:3
[runlim] start:			Thu May 14 15:10:59 2020
[runlim] main pid:		9669
[Ablector] INFO: ABLECTOR TIME: 0.003727
[runlim] end:			Thu May 14 15:11:00 2020
[runlim] status:		ok
[runlim] result:		0
[runlim] children:		0
[runlim] real:			1.03 seconds
[runlim] time:			0.97 seconds
[runlim] space:			37.8 MB
[runlim] samples:		4
[runlim] version:		1.10
[runlim] time limit:		311040000 seconds
[runlim] real time limit:	1200 seconds
[runlim] space limit:		15000 MB
[runlim] argv[0]:		python3
[runlim] argv[1]:		/raid/steuber/Software/ablector/ablector
[runlim] argv[2]:		/raid/steuber/Benchmarks/2019/QF_BV/sage/app12/bench_1.smt2
[runlim] argv[3]:		--ufReuse=1
[runlim] argv[4]:		--omit
[runlim] argv[5]:		mul:3
[runlim] argv[6]:		--omit
[runlim] argv[7]:		sdiv:3
[runlim] argv[8]:		--omit
[runlim] argv[9]:		udiv:3
[runlim] start:			Thu May 14 15:11:00 2020
[runlim] main pid:		9689
[Ablector] INFO: ABLECTOR TIME: 0.003768
[runlim] end:			Thu May 14 15:11:00 2020
[runlim] status:		ok
[runlim] result:		0
[runlim] children:		0
[runlim] real:			0.81 seconds
[runlim] time:			0.96 seconds
[runlim] space:			37.7 MB
[runlim] samples:		4
[runlim] version:		1.10
[runlim] time limit:		311040000 seconds
[runlim] real time limit:	1200 seconds
[runlim] space limit:		15000 MB
[runlim] argv[0]:		python3
[runlim] argv[1]:		/raid/steuber/Software/ablector/ablector
[runlim] argv[2]:		/raid/steuber/Benchmarks/2019/QF_BV/sage/app1/bench_2183.smt2
[runlim] argv[3]:		--ufReuse=1
[runlim] argv[4]:		--omit
[runlim] argv[5]:		mul:3
[runlim] argv[6]:		--omit
[runlim] argv[7]:		sdiv:3
[runlim] argv[8]:		--omit
[runlim] argv[9]:		udiv:3
[runlim] start:			Thu May 14 15:11:01 2020
[runlim] main pid:		9710
[Ablector] INFO: *** ROUND 0
[SdivNode] INFO: Level 0
[SdivNode] INFO: Level 0
[SdivNode] INFO: Level 0
[SdivNode] INFO: Level 0
[SdivNode] INFO: Level 0
[SdivNode] INFO: Level 0
[SdivNode] INFO: Level 0
[SdivNode] INFO: Level 0
[SdivNode] INFO: Level 0
[SdivNode] INFO: Level 0
[SdivNode] INFO: Level 0
[SdivNode] INFO: Level 0
[SdivNode] INFO: Level 0
[SdivNode] INFO: Level 0
[SdivNode] INFO: Level 0
[SdivNode] INFO: Level 0
[SdivNode] INFO: Level 0
[SdivNode] INFO: Level 0
[SdivNode] INFO: Level 0
[SdivNode] INFO: Level 0
[SdivNode] INFO: Level 0
[SdivNode] INFO: Level 0
[SdivNode] INFO: Level 0
[SdivNode] INFO: Level 0
[SdivNode] INFO: Level 0
[SdivNode] INFO: Level 0
[SdivNode] INFO: Level 0
[SdivNode] INFO: Level 0
[SdivNode] INFO: Level 0
[SdivNode] INFO: Level 0
[SdivNode] INFO: Level 0
[SdivNode] INFO: Level 0
[SdivNode] INFO: Level 0
[SdivNode] INFO: Level 0
[SdivNode] INFO: Level 0
[SdivNode] INFO: Level 0
[SdivNode] INFO: Level 0
[SdivNode] INFO: Level 0
[SdivNode] INFO: Level 0
[SdivNode] INFO: Level 0
[Ablector] INFO: ABLECTOR TIME: 0.265438
[Ablector] INFO: SAT TIME: 0.256047
[Ablector] INFO: REF TIME: 0.052559
[runlim] end:			Thu May 14 15:11:01 2020
[runlim] status:		ok
[runlim] result:		0
[runlim] children:		1
[runlim] real:			0.99 seconds
[runlim] time:			1.37 seconds
[runlim] space:			60.8 MB
[runlim] samples:		8
[runlim] version:		1.10
[runlim] time limit:		311040000 seconds
[runlim] real time limit:	1200 seconds
[runlim] space limit:		15000 MB
[runlim] argv[0]:		python3
[runlim] argv[1]:		/raid/steuber/Software/ablector/ablector
[runlim] argv[2]:		/raid/steuber/Benchmarks/2019/QF_BV/Sage2/bench_2509.smt2
[runlim] argv[3]:		--ufReuse=1
[runlim] argv[4]:		--omit
[runlim] argv[5]:		mul:3
[runlim] argv[6]:		--omit
[runlim] argv[7]:		sdiv:3
[runlim] argv[8]:		--omit
[runlim] argv[9]:		udiv:3
[runlim] start:			Thu May 14 15:11:02 2020
[runlim] main pid:		9730
[Ablector] INFO: *** ROUND 0
[MulNode] INFO: Level 0
[MulNode] INFO: Level 0
[MulNode] INFO: Level 0
[MulNode] INFO: Level 0
[MulNode] INFO: Level 0
[MulNode] INFO: Level 0
[MulNode] INFO: Level 0
[MulNode] INFO: Level 0
[Ablector] INFO: ABLECTOR TIME: 0.153853
[Ablector] INFO: SAT TIME: 0.147303
[Ablector] INFO: REF TIME: 0.080056
[runlim] end:			Thu May 14 15:11:03 2020
[runlim] status:		ok
[runlim] result:		0
[runlim] children:		0
[runlim] real:			1.19 seconds
[runlim] time:			1.36 seconds
[runlim] space:			48.1 MB
[runlim] samples:		8
[runlim] version:		1.10
[runlim] time limit:		311040000 seconds
[runlim] real time limit:	1200 seconds
[runlim] space limit:		15000 MB
[runlim] argv[0]:		python3
[runlim] argv[1]:		/raid/steuber/Software/ablector/ablector
[runlim] argv[2]:		/raid/steuber/Benchmarks/2019/QF_BV/Sage2/bench_15090.smt2
[runlim] argv[3]:		--ufReuse=1
[runlim] argv[4]:		--omit
[runlim] argv[5]:		mul:3
[runlim] argv[6]:		--omit
[runlim] argv[7]:		sdiv:3
[runlim] argv[8]:		--omit
[runlim] argv[9]:		udiv:3
[runlim] start:			Thu May 14 15:11:03 2020
[runlim] main pid:		9750
[Ablector] INFO: *** ROUND 0
[MulNode] INFO: Level 0
[Ablector] INFO: ABLECTOR TIME: 1.934038
[Ablector] INFO: SAT TIME: 1.927613
[Ablector] INFO: REF TIME: 0.010864
[runlim] end:			Thu May 14 15:11:06 2020
[runlim] status:		ok
[runlim] result:		0
[runlim] children:		0
[runlim] real:			3.18 seconds
[runlim] time:			3.16 seconds
[runlim] space:			67.4 MB
[runlim] samples:		26
[runlim] version:		1.10
[runlim] time limit:		311040000 seconds
[runlim] real time limit:	1200 seconds
[runlim] space limit:		15000 MB
[runlim] argv[0]:		python3
[runlim] argv[1]:		/raid/steuber/Software/ablector/ablector
[runlim] argv[2]:		/raid/steuber/Benchmarks/2019/QF_BV/sage/app1/bench_827.smt2
[runlim] argv[3]:		--ufReuse=1
[runlim] argv[4]:		--omit
[runlim] argv[5]:		mul:3
[runlim] argv[6]:		--omit
[runlim] argv[7]:		sdiv:3
[runlim] argv[8]:		--omit
[runlim] argv[9]:		udiv:3
[runlim] start:			Thu May 14 15:11:06 2020
[runlim] main pid:		9770
[Ablector] INFO: *** ROUND 0
[SdivNode] INFO: Level 0
[SdivNode] INFO: Level 0
[SdivNode] INFO: Level 0
[Ablector] INFO: ABLECTOR TIME: 0.023107
[Ablector] INFO: SAT TIME: 0.018314
[Ablector] INFO: REF TIME: 0.004317
[runlim] end:			Thu May 14 15:11:06 2020
[runlim] status:		ok
[runlim] result:		0
[runlim] children:		0
[runlim] real:			0.98 seconds
[runlim] time:			0.98 seconds
[runlim] space:			41.0 MB
[runlim] samples:		4
[runlim] version:		1.10
[runlim] time limit:		311040000 seconds
[runlim] real time limit:	1200 seconds
[runlim] space limit:		15000 MB
[runlim] argv[0]:		python3
[runlim] argv[1]:		/raid/steuber/Software/ablector/ablector
[runlim] argv[2]:		/raid/steuber/Benchmarks/2019/QF_BV/sage/app7/bench_6130.smt2
[runlim] argv[3]:		--ufReuse=1
[runlim] argv[4]:		--omit
[runlim] argv[5]:		mul:3
[runlim] argv[6]:		--omit
[runlim] argv[7]:		sdiv:3
[runlim] argv[8]:		--omit
[runlim] argv[9]:		udiv:3
[runlim] start:			Thu May 14 15:11:07 2020
[runlim] main pid:		9790
[Ablector] INFO: ABLECTOR TIME: 0.003854
[runlim] end:			Thu May 14 15:11:07 2020
[runlim] status:		ok
[runlim] result:		0
[runlim] children:		0
[runlim] real:			0.81 seconds
[runlim] time:			0.93 seconds
[runlim] space:			37.8 MB
[runlim] samples:		4
[runlim] version:		1.10
[runlim] time limit:		311040000 seconds
[runlim] real time limit:	1200 seconds
[runlim] space limit:		15000 MB
[runlim] argv[0]:		python3
[runlim] argv[1]:		/raid/steuber/Software/ablector/ablector
[runlim] argv[2]:		/raid/steuber/Benchmarks/2019/QF_BV/sage/app8/bench_3723.smt2
[runlim] argv[3]:		--ufReuse=1
[runlim] argv[4]:		--omit
[runlim] argv[5]:		mul:3
[runlim] argv[6]:		--omit
[runlim] argv[7]:		sdiv:3
[runlim] argv[8]:		--omit
[runlim] argv[9]:		udiv:3
[runlim] start:			Thu May 14 15:11:08 2020
[runlim] main pid:		9810
[Ablector] INFO: ABLECTOR TIME: 0.003723
[runlim] end:			Thu May 14 15:11:08 2020
[runlim] status:		ok
[runlim] result:		0
[runlim] children:		1
[runlim] real:			0.64 seconds
[runlim] time:			0.96 seconds
[runlim] space:			37.9 MB
[runlim] samples:		4
[runlim] version:		1.10
[runlim] time limit:		311040000 seconds
[runlim] real time limit:	1200 seconds
[runlim] space limit:		15000 MB
[runlim] argv[0]:		python3
[runlim] argv[1]:		/raid/steuber/Software/ablector/ablector
[runlim] argv[2]:		/raid/steuber/Benchmarks/2019/QF_BV/sage/app7/bench_553.smt2
[runlim] argv[3]:		--ufReuse=1
[runlim] argv[4]:		--omit
[runlim] argv[5]:		mul:3
[runlim] argv[6]:		--omit
[runlim] argv[7]:		sdiv:3
[runlim] argv[8]:		--omit
[runlim] argv[9]:		udiv:3
[runlim] start:			Thu May 14 15:11:08 2020
[runlim] main pid:		9830
[Ablector] INFO: ABLECTOR TIME: 0.003933
[runlim] end:			Thu May 14 15:11:10 2020
[runlim] status:		ok
[runlim] result:		0
[runlim] children:		12
[runlim] real:			2.74 seconds
[runlim] time:			2.17 seconds
[runlim] space:			81.0 MB
[runlim] samples:		17
[runlim] version:		1.10
[runlim] time limit:		311040000 seconds
[runlim] real time limit:	1200 seconds
[runlim] space limit:		15000 MB
[runlim] argv[0]:		python3
[runlim] argv[1]:		/raid/steuber/Software/ablector/ablector
[runlim] argv[2]:		/raid/steuber/Benchmarks/2019/QF_BV/sage/app11/bench_480.smt2
[runlim] argv[3]:		--ufReuse=1
[runlim] argv[4]:		--omit
[runlim] argv[5]:		mul:3
[runlim] argv[6]:		--omit
[runlim] argv[7]:		sdiv:3
[runlim] argv[8]:		--omit
[runlim] argv[9]:		udiv:3
[runlim] start:			Thu May 14 15:11:11 2020
[runlim] main pid:		9855
[Ablector] INFO: ABLECTOR TIME: 0.003800
[runlim] end:			Thu May 14 15:11:12 2020
[runlim] status:		ok
[runlim] result:		0
[runlim] children:		4
[runlim] real:			1.05 seconds
[runlim] time:			1.36 seconds
[runlim] space:			67.3 MB
[runlim] samples:		9
[runlim] version:		1.10
[runlim] time limit:		311040000 seconds
[runlim] real time limit:	1200 seconds
[runlim] space limit:		15000 MB
[runlim] argv[0]:		python3
[runlim] argv[1]:		/raid/steuber/Software/ablector/ablector
[runlim] argv[2]:		/raid/steuber/Benchmarks/2019/QF_BV/sage/app7/bench_4852.smt2
[runlim] argv[3]:		--ufReuse=1
[runlim] argv[4]:		--omit
[runlim] argv[5]:		mul:3
[runlim] argv[6]:		--omit
[runlim] argv[7]:		sdiv:3
[runlim] argv[8]:		--omit
[runlim] argv[9]:		udiv:3
[runlim] start:			Thu May 14 15:11:12 2020
[runlim] main pid:		9875
[Ablector] INFO: ABLECTOR TIME: 0.003793
[runlim] end:			Thu May 14 15:11:12 2020
[runlim] status:		ok
[runlim] result:		0
[runlim] children:		2
[runlim] real:			0.99 seconds
[runlim] time:			1.07 seconds
[runlim] space:			45.5 MB
[runlim] samples:		5
[runlim] version:		1.10
[runlim] time limit:		311040000 seconds
[runlim] real time limit:	1200 seconds
[runlim] space limit:		15000 MB
[runlim] argv[0]:		python3
[runlim] argv[1]:		/raid/steuber/Software/ablector/ablector
[runlim] argv[2]:		/raid/steuber/Benchmarks/2019/QF_BV/20190311-bv-term-small-rw-Noetzli/bv-term-small-rw_975.smt2
[runlim] argv[3]:		--ufReuse=1
[runlim] argv[4]:		--omit
[runlim] argv[5]:		mul:3
[runlim] argv[6]:		--omit
[runlim] argv[7]:		sdiv:3
[runlim] argv[8]:		--omit
[runlim] argv[9]:		udiv:3
[runlim] start:			Thu May 14 15:11:13 2020
[runlim] main pid:		9895
[Ablector] INFO: ABLECTOR TIME: 0.003627
[runlim] end:			Thu May 14 15:11:13 2020
[runlim] status:		ok
[runlim] result:		0
[runlim] children:		0
[runlim] real:			0.76 seconds
[runlim] time:			0.97 seconds
[runlim] space:			37.6 MB
[runlim] samples:		4
[runlim] version:		1.10
[runlim] time limit:		311040000 seconds
[runlim] real time limit:	1200 seconds
[runlim] space limit:		15000 MB
[runlim] argv[0]:		python3
[runlim] argv[1]:		/raid/steuber/Software/ablector/ablector
[runlim] argv[2]:		/raid/steuber/Benchmarks/2019/QF_BV/sage/app7/bench_5411.smt2
[runlim] argv[3]:		--ufReuse=1
[runlim] argv[4]:		--omit
[runlim] argv[5]:		mul:3
[runlim] argv[6]:		--omit
[runlim] argv[7]:		sdiv:3
[runlim] argv[8]:		--omit
[runlim] argv[9]:		udiv:3
[runlim] start:			Thu May 14 15:11:14 2020
[runlim] main pid:		9915
[Ablector] INFO: ABLECTOR TIME: 0.003554
[runlim] end:			Thu May 14 15:11:14 2020
[runlim] status:		ok
[runlim] result:		0
[runlim] children:		1
[runlim] real:			0.62 seconds
[runlim] time:			1.02 seconds
[runlim] space:			37.5 MB
[runlim] samples:		5
[runlim] version:		1.10
[runlim] time limit:		311040000 seconds
[runlim] real time limit:	1200 seconds
[runlim] space limit:		15000 MB
[runlim] argv[0]:		python3
[runlim] argv[1]:		/raid/steuber/Software/ablector/ablector
[runlim] argv[2]:		/raid/steuber/Benchmarks/2019/QF_BV/Sage2/bench_13921.smt2
[runlim] argv[3]:		--ufReuse=1
[runlim] argv[4]:		--omit
[runlim] argv[5]:		mul:3
[runlim] argv[6]:		--omit
[runlim] argv[7]:		sdiv:3
[runlim] argv[8]:		--omit
[runlim] argv[9]:		udiv:3
[runlim] start:			Thu May 14 15:11:14 2020
[runlim] main pid:		9936
[Ablector] INFO: *** ROUND 0
[MulNode] INFO: Level 0
[MulNode] INFO: Level 0
[MulNode] INFO: Level 0
[MulNode] INFO: Level 0
[MulNode] INFO: Level 0
[MulNode] INFO: Level 0
[MulNode] INFO: Level 0
[MulNode] INFO: Level 0
[MulNode] INFO: Level 0
[MulNode] INFO: Level 0
[MulNode] INFO: Level 0
[MulNode] INFO: Level 0
[MulNode] INFO: Level 0
[MulNode] INFO: Level 0
[MulNode] INFO: Level 0
[MulNode] INFO: Level 0
[MulNode] INFO: Level 0
[MulNode] INFO: Level 0
[MulNode] INFO: Level 0
[MulNode] INFO: Level 0
[MulNode] INFO: Level 0
[MulNode] INFO: Level 0
[MulNode] INFO: Level 0
[MulNode] INFO: Level 0
[MulNode] INFO: Level 0
[MulNode] INFO: Level 0
[MulNode] INFO: Level 0
[MulNode] INFO: Level 0
[MulNode] INFO: Level 0
[MulNode] INFO: Level 0
[MulNode] INFO: Level 0
[MulNode] INFO: Level 0
[MulNode] INFO: Level 0
[MulNode] INFO: Level 0
[MulNode] INFO: Level 0
[MulNode] INFO: Level 0
[MulNode] INFO: Level 0
[MulNode] INFO: Level 0
[MulNode] INFO: Level 0
[MulNode] INFO: Level 0
[MulNode] INFO: Level 0
[MulNode] INFO: Level 0
[MulNode] INFO: Level 0
[MulNode] INFO: Level 0
[MulNode] INFO: Level 0
[MulNode] INFO: Level 0
[MulNode] INFO: Level 0
[MulNode] INFO: Level 0
[MulNode] INFO: Level 0
[MulNode] INFO: Level 0
[MulNode] INFO: Level 0
[MulNode] INFO: Level 0
[MulNode] INFO: Level 0
[MulNode] INFO: Level 0
[MulNode] INFO: Level 0
[MulNode] INFO: Level 0
[MulNode] INFO: Level 0
[MulNode] INFO: Level 0
[MulNode] INFO: Level 0
[MulNode] INFO: Level 0
[MulNode] INFO: Level 0
[MulNode] INFO: Level 0
[MulNode] INFO: Level 0
[MulNode] INFO: Level 0
[MulNode] INFO: Level 0
[MulNode] INFO: Level 0
[MulNode] INFO: Level 0
[Ablector] INFO: ABLECTOR TIME: 3.663179
[Ablector] INFO: SAT TIME: 3.630624
[Ablector] INFO: REF TIME: 0.559501
[runlim] end:			Thu May 14 15:11:21 2020
[runlim] status:		ok
[runlim] result:		0
[runlim] children:		2
[runlim] real:			7.77 seconds
[runlim] time:			7.19 seconds
[runlim] space:			443.8 MB
[runlim] samples:		68
[runlim] version:		1.10
[runlim] time limit:		311040000 seconds
[runlim] real time limit:	1200 seconds
[runlim] space limit:		15000 MB
[runlim] argv[0]:		python3
[runlim] argv[1]:		/raid/steuber/Software/ablector/ablector
[runlim] argv[2]:		/raid/steuber/Benchmarks/2019/QF_BV/sage/app1/bench_111.smt2
[runlim] argv[3]:		--ufReuse=1
[runlim] argv[4]:		--omit
[runlim] argv[5]:		mul:3
[runlim] argv[6]:		--omit
[runlim] argv[7]:		sdiv:3
[runlim] argv[8]:		--omit
[runlim] argv[9]:		udiv:3
[runlim] start:			Thu May 14 15:11:22 2020
[runlim] main pid:		9957
[Ablector] INFO: ABLECTOR TIME: 0.003713
[runlim] end:			Thu May 14 15:11:22 2020
[runlim] status:		ok
[runlim] result:		0
[runlim] children:		0
[runlim] real:			0.55 seconds
[runlim] time:			1.01 seconds
[runlim] space:			37.8 MB
[runlim] samples:		4
[runlim] version:		1.10
[runlim] time limit:		311040000 seconds
[runlim] real time limit:	1200 seconds
[runlim] space limit:		15000 MB
[runlim] argv[0]:		python3
[runlim] argv[1]:		/raid/steuber/Software/ablector/ablector
[runlim] argv[2]:		/raid/steuber/Benchmarks/2019/QF_BV/20190311-bv-term-small-rw-Noetzli/bv-term-small-rw_1084.smt2
[runlim] argv[3]:		--ufReuse=1
[runlim] argv[4]:		--omit
[runlim] argv[5]:		mul:3
[runlim] argv[6]:		--omit
[runlim] argv[7]:		sdiv:3
[runlim] argv[8]:		--omit
[runlim] argv[9]:		udiv:3
[runlim] start:			Thu May 14 15:11:22 2020
[runlim] main pid:		9977
[Ablector] INFO: ABLECTOR TIME: 0.003628
[runlim] end:			Thu May 14 15:11:23 2020
[runlim] status:		ok
[runlim] result:		0
[runlim] children:		0
[runlim] real:			1.37 seconds
[runlim] time:			0.98 seconds
[runlim] space:			37.6 MB
[runlim] samples:		4
[runlim] version:		1.10
[runlim] time limit:		311040000 seconds
[runlim] real time limit:	1200 seconds
[runlim] space limit:		15000 MB
[runlim] argv[0]:		python3
[runlim] argv[1]:		/raid/steuber/Software/ablector/ablector
[runlim] argv[2]:		/raid/steuber/Benchmarks/2019/QF_BV/Sage2/bench_11758.smt2
[runlim] argv[3]:		--ufReuse=1
[runlim] argv[4]:		--omit
[runlim] argv[5]:		mul:3
[runlim] argv[6]:		--omit
[runlim] argv[7]:		sdiv:3
[runlim] argv[8]:		--omit
[runlim] argv[9]:		udiv:3
[runlim] start:			Thu May 14 15:11:23 2020
[runlim] main pid:		9997
[Ablector] INFO: *** ROUND 0
[MulNode] INFO: Level 0
[MulNode] INFO: Level 0
[MulNode] INFO: Level 0
[MulNode] INFO: Level 0
[MulNode] INFO: Level 0
[MulNode] INFO: Level 0
[UdivNode] INFO: Level 0
[MulNode] INFO: Level 0
[UdivNode] INFO: Level 0
[UdivNode] INFO: Level 0
[MulNode] INFO: Level 0
[MulNode] INFO: Level 0
[MulNode] INFO: Level 0
[MulNode] INFO: Level 0
[MulNode] INFO: Level 0
[MulNode] INFO: Level 0
[MulNode] INFO: Level 0
[MulNode] INFO: Level 0
[MulNode] INFO: Level 0
[MulNode] INFO: Level 0
[MulNode] INFO: Level 0
[MulNode] INFO: Level 0
[MulNode] INFO: Level 0
[MulNode] INFO: Level 0
[MulNode] INFO: Level 0
[MulNode] INFO: Level 0
[MulNode] INFO: Level 0
[MulNode] INFO: Level 0
[MulNode] INFO: Level 0
[MulNode] INFO: Level 0
[MulNode] INFO: Level 0
[MulNode] INFO: Level 0
[MulNode] INFO: Level 0
[MulNode] INFO: Level 0
[MulNode] INFO: Level 0
[MulNode] INFO: Level 0
[MulNode] INFO: Level 0
[MulNode] INFO: Level 0
[MulNode] INFO: Level 0
[MulNode] INFO: Level 0
[MulNode] INFO: Level 0
[MulNode] INFO: Level 0
[MulNode] INFO: Level 0
[MulNode] INFO: Level 0
[MulNode] INFO: Level 0
[MulNode] INFO: Level 0
[MulNode] INFO: Level 0
[MulNode] INFO: Level 0
[MulNode] INFO: Level 0
[MulNode] INFO: Level 0
[MulNode] INFO: Level 0
[MulNode] INFO: Level 0
[MulNode] INFO: Level 0
[MulNode] INFO: Level 0
[MulNode] INFO: Level 0
[MulNode] INFO: Level 0
[MulNode] INFO: Level 0
[MulNode] INFO: Level 0
[MulNode] INFO: Level 0
[MulNode] INFO: Level 0
[MulNode] INFO: Level 0
[Ablector] INFO: ABLECTOR TIME: 2.522621
[Ablector] INFO: SAT TIME: 2.506875
[Ablector] INFO: REF TIME: 0.547512
[runlim] end:			Thu May 14 15:11:27 2020
[runlim] status:		ok
[runlim] result:		0
[runlim] children:		0
[runlim] real:			4.01 seconds
[runlim] time:			3.72 seconds
[runlim] space:			106.7 MB
[runlim] samples:		32
[runlim] version:		1.10
[runlim] time limit:		311040000 seconds
[runlim] real time limit:	1200 seconds
[runlim] space limit:		15000 MB
[runlim] argv[0]:		python3
[runlim] argv[1]:		/raid/steuber/Software/ablector/ablector
[runlim] argv[2]:		/raid/steuber/Benchmarks/2019/QF_BV/Sage2/bench_3565.smt2
[runlim] argv[3]:		--ufReuse=1
[runlim] argv[4]:		--omit
[runlim] argv[5]:		mul:3
[runlim] argv[6]:		--omit
[runlim] argv[7]:		sdiv:3
[runlim] argv[8]:		--omit
[runlim] argv[9]:		udiv:3
[runlim] start:			Thu May 14 15:11:27 2020
[runlim] main pid:		10018
[Ablector] INFO: *** ROUND 0
[MulNode] INFO: Level 0
[MulNode] INFO: Level 0
[MulNode] INFO: Level 0
[MulNode] INFO: Level 0
[MulNode] INFO: Level 0
[MulNode] INFO: Level 0
[MulNode] INFO: Level 0
[MulNode] INFO: Level 0
[MulNode] INFO: Level 0
[MulNode] INFO: Level 0
[MulNode] INFO: Level 0
[MulNode] INFO: Level 0
[MulNode] INFO: Level 0
[MulNode] INFO: Level 0
[MulNode] INFO: Level 0
[MulNode] INFO: Level 0
[MulNode] INFO: Level 0
[MulNode] INFO: Level 0
[MulNode] INFO: Level 0
[MulNode] INFO: Level 0
[MulNode] INFO: Level 0
[MulNode] INFO: Level 0
[MulNode] INFO: Level 0
[MulNode] INFO: Level 0
[MulNode] INFO: Level 0
[MulNode] INFO: Level 0
[MulNode] INFO: Level 0
[MulNode] INFO: Level 0
[MulNode] INFO: Level 0
[MulNode] INFO: Level 0
[MulNode] INFO: Level 0
[MulNode] INFO: Level 0
[MulNode] INFO: Level 0
[MulNode] INFO: Level 0
[MulNode] INFO: Level 0
[MulNode] INFO: Level 0
[MulNode] INFO: Level 0
[MulNode] INFO: Level 0
[MulNode] INFO: Level 0
[MulNode] INFO: Level 0
[MulNode] INFO: Level 0
[MulNode] INFO: Level 0
[MulNode] INFO: Level 0
[MulNode] INFO: Level 0
[MulNode] INFO: Level 0
[MulNode] INFO: Level 0
[MulNode] INFO: Level 0
[MulNode] INFO: Level 0
[MulNode] INFO: Level 0
[MulNode] INFO: Level 0
[MulNode] INFO: Level 0
[MulNode] INFO: Level 0
[MulNode] INFO: Level 0
[MulNode] INFO: Level 0
[MulNode] INFO: Level 0
[MulNode] INFO: Level 0
[MulNode] INFO: Level 0
[MulNode] INFO: Level 0
[MulNode] INFO: Level 0
[MulNode] INFO: Level 0
[MulNode] INFO: Level 0
[MulNode] INFO: Level 0
[MulNode] INFO: Level 0
[MulNode] INFO: Level 0
[MulNode] INFO: Level 0
[MulNode] INFO: Level 0
[MulNode] INFO: Level 0
[MulNode] INFO: Level 0
[MulNode] INFO: Level 0
[MulNode] INFO: Level 0
[MulNode] INFO: Level 0
[MulNode] INFO: Level 0
[MulNode] INFO: Level 0
[MulNode] INFO: Level 0
[MulNode] INFO: Level 0
[MulNode] INFO: Level 0
[MulNode] INFO: Level 0
[MulNode] INFO: Level 0
[MulNode] INFO: Level 0
[MulNode] INFO: Level 0
[MulNode] INFO: Level 0
[MulNode] INFO: Level 0
[MulNode] INFO: Level 0
[MulNode] INFO: Level 0
[MulNode] INFO: Level 0
[MulNode] INFO: Level 0
[MulNode] INFO: Level 0
[MulNode] INFO: Level 0
[MulNode] INFO: Level 0
[MulNode] INFO: Level 0
[MulNode] INFO: Level 0
[MulNode] INFO: Level 0
[MulNode] INFO: Level 0
[MulNode] INFO: Level 0
[MulNode] INFO: Level 0
[MulNode] INFO: Level 0
[MulNode] INFO: Level 0
[MulNode] INFO: Level 0
[MulNode] INFO: Level 0
[MulNode] INFO: Level 0
[MulNode] INFO: Level 0
[MulNode] INFO: Level 0
[MulNode] INFO: Level 0
[MulNode] INFO: Level 0
[MulNode] INFO: Level 0
[MulNode] INFO: Level 0
[MulNode] INFO: Level 0
[MulNode] INFO: Level 0
[MulNode] INFO: Level 0
[MulNode] INFO: Level 0
[MulNode] INFO: Level 0
[MulNode] INFO: Level 0
[MulNode] INFO: Level 0
[MulNode] INFO: Level 0
[MulNode] INFO: Level 0
[MulNode] INFO: Level 0
[MulNode] INFO: Level 0
[MulNode] INFO: Level 0
[MulNode] INFO: Level 0
[MulNode] INFO: Level 0
[MulNode] INFO: Level 0
[MulNode] INFO: Level 0
[MulNode] INFO: Level 0
[MulNode] INFO: Level 0
[MulNode] INFO: Level 0
[MulNode] INFO: Level 0
[MulNode] INFO: Level 0
[MulNode] INFO: Level 0
[MulNode] INFO: Level 0
[MulNode] INFO: Level 0
[MulNode] INFO: Level 0
[MulNode] INFO: Level 0
[MulNode] INFO: Level 0
[MulNode] INFO: Level 0
[MulNode] INFO: Level 0
[MulNode] INFO: Level 0
[MulNode] INFO: Level 0
[MulNode] INFO: Level 0
[MulNode] INFO: Level 0
[Ablector] INFO: ABLECTOR TIME: 4.256127
[Ablector] INFO: SAT TIME: 4.213196
[Ablector] INFO: REF TIME: 1.119493
[runlim] end:			Thu May 14 15:11:35 2020
[runlim] status:		ok
[runlim] result:		0
[runlim] children:		2
[runlim] real:			8.34 seconds
[runlim] time:			8.26 seconds
[runlim] space:			448.1 MB
[runlim] samples:		79
[runlim] version:		1.10
[runlim] time limit:		311040000 seconds
[runlim] real time limit:	1200 seconds
[runlim] space limit:		15000 MB
[runlim] argv[0]:		python3
[runlim] argv[1]:		/raid/steuber/Software/ablector/ablector
[runlim] argv[2]:		/raid/steuber/Benchmarks/2019/QF_BV/sage/app10/bench_33.smt2
[runlim] argv[3]:		--ufReuse=1
[runlim] argv[4]:		--omit
[runlim] argv[5]:		mul:3
[runlim] argv[6]:		--omit
[runlim] argv[7]:		sdiv:3
[runlim] argv[8]:		--omit
[runlim] argv[9]:		udiv:3
[runlim] start:			Thu May 14 15:11:35 2020
[runlim] main pid:		10040
[Ablector] INFO: ABLECTOR TIME: 0.003726
[runlim] end:			Thu May 14 15:11:36 2020
[runlim] status:		ok
[runlim] result:		0
[runlim] children:		0
[runlim] real:			1.14 seconds
[runlim] time:			0.94 seconds
[runlim] space:			37.7 MB
[runlim] samples:		4
[runlim] version:		1.10
[runlim] time limit:		311040000 seconds
[runlim] real time limit:	1200 seconds
[runlim] space limit:		15000 MB
[runlim] argv[0]:		python3
[runlim] argv[1]:		/raid/steuber/Software/ablector/ablector
[runlim] argv[2]:		/raid/steuber/Benchmarks/2019/QF_BV/Sage2/bench_7489.smt2
[runlim] argv[3]:		--ufReuse=1
[runlim] argv[4]:		--omit
[runlim] argv[5]:		mul:3
[runlim] argv[6]:		--omit
[runlim] argv[7]:		sdiv:3
[runlim] argv[8]:		--omit
[runlim] argv[9]:		udiv:3
[runlim] start:			Thu May 14 15:11:36 2020
[runlim] main pid:		10072
[Ablector] INFO: *** ROUND 0
[MulNode] INFO: Level 0
[MulNode] INFO: Level 0
[MulNode] INFO: Level 0
[MulNode] INFO: Level 0
[MulNode] INFO: Level 0
[MulNode] INFO: Level 0
[MulNode] INFO: Level 0
[MulNode] INFO: Level 0
[MulNode] INFO: Level 0
[MulNode] INFO: Level 0
[Ablector] INFO: ABLECTOR TIME: 0.614016
[Ablector] INFO: SAT TIME: 0.607559
[Ablector] INFO: REF TIME: 0.089175
[runlim] end:			Thu May 14 15:11:37 2020
[runlim] status:		ok
[runlim] result:		0
[runlim] children:		0
[runlim] real:			1.58 seconds
[runlim] time:			1.57 seconds
[runlim] space:			50.3 MB
[runlim] samples:		10
[runlim] version:		1.10
[runlim] time limit:		311040000 seconds
[runlim] real time limit:	1200 seconds
[runlim] space limit:		15000 MB
[runlim] argv[0]:		python3
[runlim] argv[1]:		/raid/steuber/Software/ablector/ablector
[runlim] argv[2]:		/raid/steuber/Benchmarks/2019/QF_BV/sage/app7/bench_8563.smt2
[runlim] argv[3]:		--ufReuse=1
[runlim] argv[4]:		--omit
[runlim] argv[5]:		mul:3
[runlim] argv[6]:		--omit
[runlim] argv[7]:		sdiv:3
[runlim] argv[8]:		--omit
[runlim] argv[9]:		udiv:3
[runlim] start:			Thu May 14 15:11:37 2020
[runlim] main pid:		10093
[Ablector] INFO: ABLECTOR TIME: 0.004010
[runlim] end:			Thu May 14 15:11:39 2020
[runlim] status:		ok
[runlim] result:		0
[runlim] children:		14
[runlim] real:			2.87 seconds
[runlim] time:			2.27 seconds
[runlim] space:			83.7 MB
[runlim] samples:		18
[runlim] version:		1.10
[runlim] time limit:		311040000 seconds
[runlim] real time limit:	1200 seconds
[runlim] space limit:		15000 MB
[runlim] argv[0]:		python3
[runlim] argv[1]:		/raid/steuber/Software/ablector/ablector
[runlim] argv[2]:		/raid/steuber/Benchmarks/2019/QF_BV/sage/app8/bench_3298.smt2
[runlim] argv[3]:		--ufReuse=1
[runlim] argv[4]:		--omit
[runlim] argv[5]:		mul:3
[runlim] argv[6]:		--omit
[runlim] argv[7]:		sdiv:3
[runlim] argv[8]:		--omit
[runlim] argv[9]:		udiv:3
[runlim] start:			Thu May 14 15:11:40 2020
[runlim] main pid:		10122
[Ablector] INFO: ABLECTOR TIME: 0.003740
[runlim] end:			Thu May 14 15:11:40 2020
[runlim] status:		ok
[runlim] result:		0
[runlim] children:		0
[runlim] real:			0.70 seconds
[runlim] time:			0.98 seconds
[runlim] space:			37.7 MB
[runlim] samples:		4
[runlim] version:		1.10
[runlim] time limit:		311040000 seconds
[runlim] real time limit:	1200 seconds
[runlim] space limit:		15000 MB
[runlim] argv[0]:		python3
[runlim] argv[1]:		/raid/steuber/Software/ablector/ablector
[runlim] argv[2]:		/raid/steuber/Benchmarks/2019/QF_BV/uclid/catchconv/convert-jpg2gif-query-1210.smt2
[runlim] argv[3]:		--ufReuse=1
[runlim] argv[4]:		--omit
[runlim] argv[5]:		mul:3
[runlim] argv[6]:		--omit
[runlim] argv[7]:		sdiv:3
[runlim] argv[8]:		--omit
[runlim] argv[9]:		udiv:3
[runlim] start:			Thu May 14 15:11:41 2020
[runlim] main pid:		10143
[Ablector] INFO: ABLECTOR TIME: 0.004061
[runlim] end:			Thu May 14 15:11:41 2020
[runlim] status:		ok
[runlim] result:		0
[runlim] children:		3
[runlim] real:			0.90 seconds
[runlim] time:			1.25 seconds
[runlim] space:			53.0 MB
[runlim] samples:		8
[runlim] version:		1.10
[runlim] time limit:		311040000 seconds
[runlim] real time limit:	1200 seconds
[runlim] space limit:		15000 MB
[runlim] argv[0]:		python3
[runlim] argv[1]:		/raid/steuber/Software/ablector/ablector
[runlim] argv[2]:		/raid/steuber/Benchmarks/2019/QF_BV/sage/app11/bench_412.smt2
[runlim] argv[3]:		--ufReuse=1
[runlim] argv[4]:		--omit
[runlim] argv[5]:		mul:3
[runlim] argv[6]:		--omit
[runlim] argv[7]:		sdiv:3
[runlim] argv[8]:		--omit
[runlim] argv[9]:		udiv:3
[runlim] start:			Thu May 14 15:11:42 2020
[runlim] main pid:		10166
[Ablector] INFO: ABLECTOR TIME: 0.004023
[runlim] end:			Thu May 14 15:11:43 2020
[runlim] status:		ok
[runlim] result:		0
[runlim] children:		5
[runlim] real:			1.15 seconds
[runlim] time:			1.36 seconds
[runlim] space:			68.2 MB
[runlim] samples:		8
[runlim] version:		1.10
[runlim] time limit:		311040000 seconds
[runlim] real time limit:	1200 seconds
[runlim] space limit:		15000 MB
[runlim] argv[0]:		python3
[runlim] argv[1]:		/raid/steuber/Software/ablector/ablector
[runlim] argv[2]:		/raid/steuber/Benchmarks/2019/QF_BV/Sage2/bench_10107.smt2
[runlim] argv[3]:		--ufReuse=1
[runlim] argv[4]:		--omit
[runlim] argv[5]:		mul:3
[runlim] argv[6]:		--omit
[runlim] argv[7]:		sdiv:3
[runlim] argv[8]:		--omit
[runlim] argv[9]:		udiv:3
[runlim] start:			Thu May 14 15:11:43 2020
[runlim] main pid:		10186
[Ablector] INFO: ABLECTOR TIME: 0.003673
[runlim] end:			Thu May 14 15:11:43 2020
[runlim] status:		ok
[runlim] result:		0
[runlim] children:		1
[runlim] real:			0.96 seconds
[runlim] time:			0.97 seconds
[runlim] space:			40.8 MB
[runlim] samples:		4
[runlim] version:		1.10
[runlim] time limit:		311040000 seconds
[runlim] real time limit:	1200 seconds
[runlim] space limit:		15000 MB
[runlim] argv[0]:		python3
[runlim] argv[1]:		/raid/steuber/Software/ablector/ablector
[runlim] argv[2]:		/raid/steuber/Benchmarks/2019/QF_BV/sage/app1/bench_427.smt2
[runlim] argv[3]:		--ufReuse=1
[runlim] argv[4]:		--omit
[runlim] argv[5]:		mul:3
[runlim] argv[6]:		--omit
[runlim] argv[7]:		sdiv:3
[runlim] argv[8]:		--omit
[runlim] argv[9]:		udiv:3
[runlim] start:			Thu May 14 15:11:44 2020
[runlim] main pid:		10206
[Ablector] INFO: ABLECTOR TIME: 0.003769
[runlim] end:			Thu May 14 15:11:44 2020
[runlim] status:		ok
[runlim] result:		0
[runlim] children:		0
[runlim] real:			0.79 seconds
[runlim] time:			0.98 seconds
[runlim] space:			37.5 MB
[runlim] samples:		4
[runlim] version:		1.10
[runlim] time limit:		311040000 seconds
[runlim] real time limit:	1200 seconds
[runlim] space limit:		15000 MB
[runlim] argv[0]:		python3
[runlim] argv[1]:		/raid/steuber/Software/ablector/ablector
[runlim] argv[2]:		/raid/steuber/Benchmarks/2019/QF_BV/sage/app7/bench_6538.smt2
[runlim] argv[3]:		--ufReuse=1
[runlim] argv[4]:		--omit
[runlim] argv[5]:		mul:3
[runlim] argv[6]:		--omit
[runlim] argv[7]:		sdiv:3
[runlim] argv[8]:		--omit
[runlim] argv[9]:		udiv:3
[runlim] start:			Thu May 14 15:11:45 2020
[runlim] main pid:		10226
[Ablector] INFO: *** ROUND 0
[MulNode] INFO: Level 0
[Ablector] INFO: ABLECTOR TIME: 0.040382
[Ablector] INFO: SAT TIME: 0.035054
[Ablector] INFO: REF TIME: 0.010279
[runlim] end:			Thu May 14 15:11:45 2020
[runlim] status:		ok
[runlim] result:		0
[runlim] children:		0
[runlim] real:			0.69 seconds
[runlim] time:			1.03 seconds
[runlim] space:			43.2 MB
[runlim] samples:		5
[runlim] version:		1.10
[runlim] time limit:		311040000 seconds
[runlim] real time limit:	1200 seconds
[runlim] space limit:		15000 MB
[runlim] argv[0]:		python3
[runlim] argv[1]:		/raid/steuber/Software/ablector/ablector
[runlim] argv[2]:		/raid/steuber/Benchmarks/2019/QF_BV/sage/app7/bench_189.smt2
[runlim] argv[3]:		--ufReuse=1
[runlim] argv[4]:		--omit
[runlim] argv[5]:		mul:3
[runlim] argv[6]:		--omit
[runlim] argv[7]:		sdiv:3
[runlim] argv[8]:		--omit
[runlim] argv[9]:		udiv:3
[runlim] start:			Thu May 14 15:11:46 2020
[runlim] main pid:		10246
[Ablector] INFO: ABLECTOR TIME: 0.003933
[runlim] end:			Thu May 14 15:11:47 2020
[runlim] status:		ok
[runlim] result:		0
[runlim] children:		13
[runlim] real:			1.86 seconds
[runlim] time:			2.26 seconds
[runlim] space:			83.1 MB
[runlim] samples:		18
[runlim] version:		1.10
[runlim] time limit:		311040000 seconds
[runlim] real time limit:	1200 seconds
[runlim] space limit:		15000 MB
[runlim] argv[0]:		python3
[runlim] argv[1]:		/raid/steuber/Software/ablector/ablector
[runlim] argv[2]:		/raid/steuber/Benchmarks/2019/QF_BV/sage/app7/bench_5014.smt2
[runlim] argv[3]:		--ufReuse=1
[runlim] argv[4]:		--omit
[runlim] argv[5]:		mul:3
[runlim] argv[6]:		--omit
[runlim] argv[7]:		sdiv:3
[runlim] argv[8]:		--omit
[runlim] argv[9]:		udiv:3
[runlim] start:			Thu May 14 15:11:48 2020
[runlim] main pid:		10266
[Ablector] INFO: ABLECTOR TIME: 0.003935
[runlim] end:			Thu May 14 15:11:50 2020
[runlim] status:		ok
[runlim] result:		0
[runlim] children:		14
[runlim] real:			2.07 seconds
[runlim] time:			2.26 seconds
[runlim] space:			86.9 MB
[runlim] samples:		18
[runlim] version:		1.10
[runlim] time limit:		311040000 seconds
[runlim] real time limit:	1200 seconds
[runlim] space limit:		15000 MB
[runlim] argv[0]:		python3
[runlim] argv[1]:		/raid/steuber/Software/ablector/ablector
[runlim] argv[2]:		/raid/steuber/Benchmarks/2019/QF_BV/sage/app1/bench_124.smt2
[runlim] argv[3]:		--ufReuse=1
[runlim] argv[4]:		--omit
[runlim] argv[5]:		mul:3
[runlim] argv[6]:		--omit
[runlim] argv[7]:		sdiv:3
[runlim] argv[8]:		--omit
[runlim] argv[9]:		udiv:3
[runlim] start:			Thu May 14 15:11:50 2020
[runlim] main pid:		10286
[Ablector] INFO: *** ROUND 0
[MulNode] INFO: Level 0
[MulNode] INFO: Level 0
[MulNode] INFO: Level 0
[MulNode] INFO: Level 0
[MulNode] INFO: Level 0
[Ablector] INFO: ABLECTOR TIME: 0.348667
[Ablector] INFO: SAT TIME: 0.342827
[Ablector] INFO: REF TIME: 0.047405
[runlim] end:			Thu May 14 15:11:51 2020
[runlim] status:		ok
[runlim] result:		0
[runlim] children:		0
[runlim] real:			1.46 seconds
[runlim] time:			1.55 seconds
[runlim] space:			53.9 MB
[runlim] samples:		10
[runlim] version:		1.10
[runlim] time limit:		311040000 seconds
[runlim] real time limit:	1200 seconds
[runlim] space limit:		15000 MB
[runlim] argv[0]:		python3
[runlim] argv[1]:		/raid/steuber/Software/ablector/ablector
[runlim] argv[2]:		/raid/steuber/Benchmarks/2019/QF_BV/sage/app2/bench_846.smt2
[runlim] argv[3]:		--ufReuse=1
[runlim] argv[4]:		--omit
[runlim] argv[5]:		mul:3
[runlim] argv[6]:		--omit
[runlim] argv[7]:		sdiv:3
[runlim] argv[8]:		--omit
[runlim] argv[9]:		udiv:3
[runlim] start:			Thu May 14 15:11:51 2020
[runlim] main pid:		10306
[Ablector] INFO: ABLECTOR TIME: 0.003896
[runlim] end:			Thu May 14 15:11:52 2020
[runlim] status:		ok
[runlim] result:		0
[runlim] children:		0
[runlim] real:			1.32 seconds
[runlim] time:			1.04 seconds
[runlim] space:			37.9 MB
[runlim] samples:		5
[runlim] version:		1.10
[runlim] time limit:		311040000 seconds
[runlim] real time limit:	1200 seconds
[runlim] space limit:		15000 MB
[runlim] argv[0]:		python3
[runlim] argv[1]:		/raid/steuber/Software/ablector/ablector
[runlim] argv[2]:		/raid/steuber/Benchmarks/2019/QF_BV/sage/app9/bench_3244.smt2
[runlim] argv[3]:		--ufReuse=1
[runlim] argv[4]:		--omit
[runlim] argv[5]:		mul:3
[runlim] argv[6]:		--omit
[runlim] argv[7]:		sdiv:3
[runlim] argv[8]:		--omit
[runlim] argv[9]:		udiv:3
[runlim] start:			Thu May 14 15:11:52 2020
[runlim] main pid:		10326
[Ablector] INFO: *** ROUND 0
[MulNode] INFO: Level 0
[MulNode] INFO: Level 0
[MulNode] INFO: Level 0
[MulNode] INFO: Level 0
[MulNode] INFO: Level 0
[MulNode] INFO: Level 0
[MulNode] INFO: Level 0
[MulNode] INFO: Level 0
[MulNode] INFO: Level 0
[MulNode] INFO: Level 0
[MulNode] INFO: Level 0
[Ablector] INFO: ABLECTOR TIME: 0.255282
[Ablector] INFO: SAT TIME: 0.248332
[Ablector] INFO: REF TIME: 0.106542
[runlim] end:			Thu May 14 15:11:53 2020
[runlim] status:		ok
[runlim] result:		0
[runlim] children:		0
[runlim] real:			1.51 seconds
[runlim] time:			1.37 seconds
[runlim] space:			52.2 MB
[runlim] samples:		8
[runlim] version:		1.10
[runlim] time limit:		311040000 seconds
[runlim] real time limit:	1200 seconds
[runlim] space limit:		15000 MB
[runlim] argv[0]:		python3
[runlim] argv[1]:		/raid/steuber/Software/ablector/ablector
[runlim] argv[2]:		/raid/steuber/Benchmarks/2019/QF_BV/sage/app2/bench_876.smt2
[runlim] argv[3]:		--ufReuse=1
[runlim] argv[4]:		--omit
[runlim] argv[5]:		mul:3
[runlim] argv[6]:		--omit
[runlim] argv[7]:		sdiv:3
[runlim] argv[8]:		--omit
[runlim] argv[9]:		udiv:3
[runlim] start:			Thu May 14 15:11:53 2020
[runlim] main pid:		10346
[Ablector] INFO: ABLECTOR TIME: 0.003761
[runlim] end:			Thu May 14 15:11:54 2020
[runlim] status:		ok
[runlim] result:		0
[runlim] children:		1
[runlim] real:			1.34 seconds
[runlim] time:			0.97 seconds
[runlim] space:			41.9 MB
[runlim] samples:		4
[runlim] version:		1.10
[runlim] time limit:		311040000 seconds
[runlim] real time limit:	1200 seconds
[runlim] space limit:		15000 MB
[runlim] argv[0]:		python3
[runlim] argv[1]:		/raid/steuber/Software/ablector/ablector
[runlim] argv[2]:		/raid/steuber/Benchmarks/2019/QF_BV/20190311-bv-term-small-rw-Noetzli/bv-term-small-rw_1259.smt2
[runlim] argv[3]:		--ufReuse=1
[runlim] argv[4]:		--omit
[runlim] argv[5]:		mul:3
[runlim] argv[6]:		--omit
[runlim] argv[7]:		sdiv:3
[runlim] argv[8]:		--omit
[runlim] argv[9]:		udiv:3
[runlim] start:			Thu May 14 15:11:54 2020
[runlim] main pid:		10366
[Ablector] INFO: *** ROUND 0
[Ablector] INFO: *** ROUND 1
[MulNode] INFO: Level 1
[Ablector] INFO: ABLECTOR TIME: 0.689322
[Ablector] INFO: SAT TIME: 0.684854
[Ablector] INFO: REF TIME: 0.022029
[runlim] end:			Thu May 14 15:11:55 2020
[runlim] status:		ok
[runlim] result:		0
[runlim] children:		0
[runlim] real:			1.85 seconds
[runlim] time:			1.67 seconds
[runlim] space:			44.8 MB
[runlim] samples:		11
[runlim] version:		1.10
[runlim] time limit:		311040000 seconds
[runlim] real time limit:	1200 seconds
[runlim] space limit:		15000 MB
[runlim] argv[0]:		python3
[runlim] argv[1]:		/raid/steuber/Software/ablector/ablector
[runlim] argv[2]:		/raid/steuber/Benchmarks/2019/QF_BV/sage/app7/bench_1709.smt2
[runlim] argv[3]:		--ufReuse=1
[runlim] argv[4]:		--omit
[runlim] argv[5]:		mul:3
[runlim] argv[6]:		--omit
[runlim] argv[7]:		sdiv:3
[runlim] argv[8]:		--omit
[runlim] argv[9]:		udiv:3
[runlim] start:			Thu May 14 15:11:56 2020
[runlim] main pid:		10386
[Ablector] INFO: ABLECTOR TIME: 0.004025
[runlim] end:			Thu May 14 15:11:57 2020
[runlim] status:		ok
[runlim] result:		0
[runlim] children:		5
[runlim] real:			1.10 seconds
[runlim] time:			1.32 seconds
[runlim] space:			60.6 MB
[runlim] samples:		8
[runlim] version:		1.10
[runlim] time limit:		311040000 seconds
[runlim] real time limit:	1200 seconds
[runlim] space limit:		15000 MB
[runlim] argv[0]:		python3
[runlim] argv[1]:		/raid/steuber/Software/ablector/ablector
[runlim] argv[2]:		/raid/steuber/Benchmarks/2019/QF_BV/Sage2/bench_16555.smt2
[runlim] argv[3]:		--ufReuse=1
[runlim] argv[4]:		--omit
[runlim] argv[5]:		mul:3
[runlim] argv[6]:		--omit
[runlim] argv[7]:		sdiv:3
[runlim] argv[8]:		--omit
[runlim] argv[9]:		udiv:3
[runlim] start:			Thu May 14 15:11:57 2020
[runlim] main pid:		10407
[Ablector] INFO: *** ROUND 0
[MulNode] INFO: Level 0
[Ablector] INFO: ABLECTOR TIME: 0.201573
[Ablector] INFO: SAT TIME: 0.196912
[Ablector] INFO: REF TIME: 0.010714
[runlim] end:			Thu May 14 15:11:58 2020
[runlim] status:		ok
[runlim] result:		0
[runlim] children:		0
[runlim] real:			1.15 seconds
[runlim] time:			1.27 seconds
[runlim] space:			42.4 MB
[runlim] samples:		7
[runlim] version:		1.10
[runlim] time limit:		311040000 seconds
[runlim] real time limit:	1200 seconds
[runlim] space limit:		15000 MB
[runlim] argv[0]:		python3
[runlim] argv[1]:		/raid/steuber/Software/ablector/ablector
[runlim] argv[2]:		/raid/steuber/Benchmarks/2019/QF_BV/sage/app7/bench_3651.smt2
[runlim] argv[3]:		--ufReuse=1
[runlim] argv[4]:		--omit
[runlim] argv[5]:		mul:3
[runlim] argv[6]:		--omit
[runlim] argv[7]:		sdiv:3
[runlim] argv[8]:		--omit
[runlim] argv[9]:		udiv:3
[runlim] start:			Thu May 14 15:11:58 2020
[runlim] main pid:		10427
[Ablector] INFO: ABLECTOR TIME: 0.003913
[runlim] end:			Thu May 14 15:11:59 2020
[runlim] status:		ok
[runlim] result:		0
[runlim] children:		2
[runlim] real:			1.11 seconds
[runlim] time:			1.06 seconds
[runlim] space:			47.5 MB
[runlim] samples:		6
[runlim] version:		1.10
[runlim] time limit:		311040000 seconds
[runlim] real time limit:	1200 seconds
[runlim] space limit:		15000 MB
[runlim] argv[0]:		python3
[runlim] argv[1]:		/raid/steuber/Software/ablector/ablector
[runlim] argv[2]:		/raid/steuber/Benchmarks/2019/QF_BV/sage/app1/bench_402.smt2
[runlim] argv[3]:		--ufReuse=1
[runlim] argv[4]:		--omit
[runlim] argv[5]:		mul:3
[runlim] argv[6]:		--omit
[runlim] argv[7]:		sdiv:3
[runlim] argv[8]:		--omit
[runlim] argv[9]:		udiv:3
[runlim] start:			Thu May 14 15:11:59 2020
[runlim] main pid:		10447
[Ablector] INFO: ABLECTOR TIME: 0.003733
[runlim] end:			Thu May 14 15:11:59 2020
[runlim] status:		ok
[runlim] result:		0
[runlim] children:		0
[runlim] real:			0.94 seconds
[runlim] time:			0.95 seconds
[runlim] space:			37.7 MB
[runlim] samples:		4
[runlim] version:		1.10
[runlim] time limit:		311040000 seconds
[runlim] real time limit:	1200 seconds
[runlim] space limit:		15000 MB
[runlim] argv[0]:		python3
[runlim] argv[1]:		/raid/steuber/Software/ablector/ablector
[runlim] argv[2]:		/raid/steuber/Benchmarks/2019/QF_BV/sage/app7/bench_6039.smt2
[runlim] argv[3]:		--ufReuse=1
[runlim] argv[4]:		--omit
[runlim] argv[5]:		mul:3
[runlim] argv[6]:		--omit
[runlim] argv[7]:		sdiv:3
[runlim] argv[8]:		--omit
[runlim] argv[9]:		udiv:3
[runlim] start:			Thu May 14 15:12:00 2020
[runlim] main pid:		10467
[Ablector] INFO: ABLECTOR TIME: 0.003633
[runlim] end:			Thu May 14 15:12:00 2020
[runlim] status:		ok
[runlim] result:		0
[runlim] children:		0
[runlim] real:			0.76 seconds
[runlim] time:			0.96 seconds
[runlim] space:			37.5 MB
[runlim] samples:		4
[runlim] version:		1.10
[runlim] time limit:		311040000 seconds
[runlim] real time limit:	1200 seconds
[runlim] space limit:		15000 MB
[runlim] argv[0]:		python3
[runlim] argv[1]:		/raid/steuber/Software/ablector/ablector
[runlim] argv[2]:		/raid/steuber/Benchmarks/2019/QF_BV/Sage2/bench_2521.smt2
[runlim] argv[3]:		--ufReuse=1
[runlim] argv[4]:		--omit
[runlim] argv[5]:		mul:3
[runlim] argv[6]:		--omit
[runlim] argv[7]:		sdiv:3
[runlim] argv[8]:		--omit
[runlim] argv[9]:		udiv:3
[runlim] start:			Thu May 14 15:12:01 2020
[runlim] main pid:		10487
[Ablector] INFO: *** ROUND 0
[MulNode] INFO: Level 0
[MulNode] INFO: Level 0
[MulNode] INFO: Level 0
[MulNode] INFO: Level 0
[MulNode] INFO: Level 0
[MulNode] INFO: Level 0
[MulNode] INFO: Level 0
[MulNode] INFO: Level 0
[MulNode] INFO: Level 0
[MulNode] INFO: Level 0
[MulNode] INFO: Level 0
[MulNode] INFO: Level 0
[MulNode] INFO: Level 0
[MulNode] INFO: Level 0
[MulNode] INFO: Level 0
[MulNode] INFO: Level 0
[MulNode] INFO: Level 0
[MulNode] INFO: Level 0
[MulNode] INFO: Level 0
[MulNode] INFO: Level 0
[MulNode] INFO: Level 0
[MulNode] INFO: Level 0
[MulNode] INFO: Level 0
[MulNode] INFO: Level 0
[MulNode] INFO: Level 0
[MulNode] INFO: Level 0
[MulNode] INFO: Level 0
[MulNode] INFO: Level 0
[MulNode] INFO: Level 0
[MulNode] INFO: Level 0
[MulNode] INFO: Level 0
[MulNode] INFO: Level 0
[MulNode] INFO: Level 0
[MulNode] INFO: Level 0
[MulNode] INFO: Level 0
[MulNode] INFO: Level 0
[MulNode] INFO: Level 0
[MulNode] INFO: Level 0
[MulNode] INFO: Level 0
[MulNode] INFO: Level 0
[MulNode] INFO: Level 0
[MulNode] INFO: Level 0
[MulNode] INFO: Level 0
[MulNode] INFO: Level 0
[MulNode] INFO: Level 0
[MulNode] INFO: Level 0
[MulNode] INFO: Level 0
[MulNode] INFO: Level 0
[MulNode] INFO: Level 0
[MulNode] INFO: Level 0
[MulNode] INFO: Level 0
[MulNode] INFO: Level 0
[MulNode] INFO: Level 0
[MulNode] INFO: Level 0
[MulNode] INFO: Level 0
[MulNode] INFO: Level 0
[MulNode] INFO: Level 0
[MulNode] INFO: Level 0
[MulNode] INFO: Level 0
[MulNode] INFO: Level 0
[MulNode] INFO: Level 0
[MulNode] INFO: Level 0
[MulNode] INFO: Level 0
[MulNode] INFO: Level 0
[MulNode] INFO: Level 0
[MulNode] INFO: Level 0
[MulNode] INFO: Level 0
[MulNode] INFO: Level 0
[MulNode] INFO: Level 0
[MulNode] INFO: Level 0
[MulNode] INFO: Level 0
[MulNode] INFO: Level 0
[MulNode] INFO: Level 0
[MulNode] INFO: Level 0
[MulNode] INFO: Level 0
[MulNode] INFO: Level 0
[MulNode] INFO: Level 0
[MulNode] INFO: Level 0
[MulNode] INFO: Level 0
[MulNode] INFO: Level 0
[MulNode] INFO: Level 0
[MulNode] INFO: Level 0
[MulNode] INFO: Level 0
[MulNode] INFO: Level 0
[MulNode] INFO: Level 0
[MulNode] INFO: Level 0
[MulNode] INFO: Level 0
[MulNode] INFO: Level 0
[MulNode] INFO: Level 0
[MulNode] INFO: Level 0
[MulNode] INFO: Level 0
[MulNode] INFO: Level 0
[MulNode] INFO: Level 0
[MulNode] INFO: Level 0
[MulNode] INFO: Level 0
[MulNode] INFO: Level 0
[MulNode] INFO: Level 0
[MulNode] INFO: Level 0
[MulNode] INFO: Level 0
[MulNode] INFO: Level 0
[MulNode] INFO: Level 0
[MulNode] INFO: Level 0
[MulNode] INFO: Level 0
[MulNode] INFO: Level 0
[MulNode] INFO: Level 0
[MulNode] INFO: Level 0
[MulNode] INFO: Level 0
[MulNode] INFO: Level 0
[MulNode] INFO: Level 0
[MulNode] INFO: Level 0
[MulNode] INFO: Level 0
[MulNode] INFO: Level 0
[MulNode] INFO: Level 0
[MulNode] INFO: Level 0
[MulNode] INFO: Level 0
[MulNode] INFO: Level 0
[MulNode] INFO: Level 0
[MulNode] INFO: Level 0
[MulNode] INFO: Level 0
[MulNode] INFO: Level 0
[MulNode] INFO: Level 0
[MulNode] INFO: Level 0
[MulNode] INFO: Level 0
[MulNode] INFO: Level 0
[MulNode] INFO: Level 0
[MulNode] INFO: Level 0
[MulNode] INFO: Level 0
[MulNode] INFO: Level 0
[MulNode] INFO: Level 0
[MulNode] INFO: Level 0
[MulNode] INFO: Level 0
[MulNode] INFO: Level 0
[MulNode] INFO: Level 0
[MulNode] INFO: Level 0
[MulNode] INFO: Level 0
[MulNode] INFO: Level 0
[MulNode] INFO: Level 0
[MulNode] INFO: Level 0
[MulNode] INFO: Level 0
[Ablector] INFO: ABLECTOR TIME: 4.203213
[Ablector] INFO: SAT TIME: 4.159506
[Ablector] INFO: REF TIME: 1.104872
[runlim] end:			Thu May 14 15:12:08 2020
[runlim] status:		ok
[runlim] result:		0
[runlim] children:		2
[runlim] real:			7.95 seconds
[runlim] time:			8.16 seconds
[runlim] space:			446.0 MB
[runlim] samples:		78
[runlim] version:		1.10
[runlim] time limit:		311040000 seconds
[runlim] real time limit:	1200 seconds
[runlim] space limit:		15000 MB
[runlim] argv[0]:		python3
[runlim] argv[1]:		/raid/steuber/Software/ablector/ablector
[runlim] argv[2]:		/raid/steuber/Benchmarks/2019/QF_BV/Sage2/bench_16967.smt2
[runlim] argv[3]:		--ufReuse=1
[runlim] argv[4]:		--omit
[runlim] argv[5]:		mul:3
[runlim] argv[6]:		--omit
[runlim] argv[7]:		sdiv:3
[runlim] argv[8]:		--omit
[runlim] argv[9]:		udiv:3
[runlim] start:			Thu May 14 15:12:09 2020
[runlim] main pid:		10508
[Ablector] INFO: *** ROUND 0
[MulNode] INFO: Level 0
[Ablector] INFO: ABLECTOR TIME: 0.368050
[Ablector] INFO: SAT TIME: 0.362893
[Ablector] INFO: REF TIME: 0.010755
[runlim] end:			Thu May 14 15:12:10 2020
[runlim] status:		ok
[runlim] result:		0
[runlim] children:		0
[runlim] real:			1.18 seconds
[runlim] time:			1.36 seconds
[runlim] space:			43.9 MB
[runlim] samples:		8
[runlim] version:		1.10
[runlim] time limit:		311040000 seconds
[runlim] real time limit:	1200 seconds
[runlim] space limit:		15000 MB
[runlim] argv[0]:		python3
[runlim] argv[1]:		/raid/steuber/Software/ablector/ablector
[runlim] argv[2]:		/raid/steuber/Benchmarks/2019/QF_BV/sage/app7/bench_1624.smt2
[runlim] argv[3]:		--ufReuse=1
[runlim] argv[4]:		--omit
[runlim] argv[5]:		mul:3
[runlim] argv[6]:		--omit
[runlim] argv[7]:		sdiv:3
[runlim] argv[8]:		--omit
[runlim] argv[9]:		udiv:3
[runlim] start:			Thu May 14 15:12:10 2020
[runlim] main pid:		10530
[Ablector] INFO: ABLECTOR TIME: 0.003889
[runlim] end:			Thu May 14 15:12:11 2020
[runlim] status:		ok
[runlim] result:		0
[runlim] children:		5
[runlim] real:			1.53 seconds
[runlim] time:			1.47 seconds
[runlim] space:			63.0 MB
[runlim] samples:		9
[runlim] version:		1.10
[runlim] time limit:		311040000 seconds
[runlim] real time limit:	1200 seconds
[runlim] space limit:		15000 MB
[runlim] argv[0]:		python3
[runlim] argv[1]:		/raid/steuber/Software/ablector/ablector
[runlim] argv[2]:		/raid/steuber/Benchmarks/2019/QF_BV/sage/app7/bench_4756.smt2
[runlim] argv[3]:		--ufReuse=1
[runlim] argv[4]:		--omit
[runlim] argv[5]:		mul:3
[runlim] argv[6]:		--omit
[runlim] argv[7]:		sdiv:3
[runlim] argv[8]:		--omit
[runlim] argv[9]:		udiv:3
[runlim] start:			Thu May 14 15:12:11 2020
[runlim] main pid:		10550
[Ablector] INFO: ABLECTOR TIME: 0.003968
[runlim] end:			Thu May 14 15:12:12 2020
[runlim] status:		ok
[runlim] result:		0
[runlim] children:		2
[runlim] real:			1.47 seconds
[runlim] time:			1.07 seconds
[runlim] space:			45.3 MB
[runlim] samples:		5
[runlim] version:		1.10
[runlim] time limit:		311040000 seconds
[runlim] real time limit:	1200 seconds
[runlim] space limit:		15000 MB
[runlim] argv[0]:		python3
[runlim] argv[1]:		/raid/steuber/Software/ablector/ablector
[runlim] argv[2]:		/raid/steuber/Benchmarks/2019/QF_BV/Sage2/bench_11058.smt2
[runlim] argv[3]:		--ufReuse=1
[runlim] argv[4]:		--omit
[runlim] argv[5]:		mul:3
[runlim] argv[6]:		--omit
[runlim] argv[7]:		sdiv:3
[runlim] argv[8]:		--omit
[runlim] argv[9]:		udiv:3
[runlim] start:			Thu May 14 15:12:12 2020
[runlim] main pid:		10570
[Ablector] INFO: *** ROUND 0
[MulNode] INFO: Level 0
[MulNode] INFO: Level 0
[MulNode] INFO: Level 0
[MulNode] INFO: Level 0
[MulNode] INFO: Level 0
[MulNode] INFO: Level 0
[MulNode] INFO: Level 0
[MulNode] INFO: Level 0
[MulNode] INFO: Level 0
[MulNode] INFO: Level 0
[MulNode] INFO: Level 0
[MulNode] INFO: Level 0
[MulNode] INFO: Level 0
[MulNode] INFO: Level 0
[MulNode] INFO: Level 0
[MulNode] INFO: Level 0
[MulNode] INFO: Level 0
[MulNode] INFO: Level 0
[MulNode] INFO: Level 0
[MulNode] INFO: Level 0
[MulNode] INFO: Level 0
[MulNode] INFO: Level 0
[MulNode] INFO: Level 0
[MulNode] INFO: Level 0
[MulNode] INFO: Level 0
[MulNode] INFO: Level 0
[MulNode] INFO: Level 0
[MulNode] INFO: Level 0
[MulNode] INFO: Level 0
[MulNode] INFO: Level 0
[MulNode] INFO: Level 0
[MulNode] INFO: Level 0
[MulNode] INFO: Level 0
[MulNode] INFO: Level 0
[MulNode] INFO: Level 0
[MulNode] INFO: Level 0
[MulNode] INFO: Level 0
[MulNode] INFO: Level 0
[MulNode] INFO: Level 0
[MulNode] INFO: Level 0
[MulNode] INFO: Level 0
[MulNode] INFO: Level 0
[MulNode] INFO: Level 0
[MulNode] INFO: Level 0
[MulNode] INFO: Level 0
[MulNode] INFO: Level 0
[MulNode] INFO: Level 0
[MulNode] INFO: Level 0
[MulNode] INFO: Level 0
[MulNode] INFO: Level 0
[MulNode] INFO: Level 0
[MulNode] INFO: Level 0
[MulNode] INFO: Level 0
[MulNode] INFO: Level 0
[MulNode] INFO: Level 0
[MulNode] INFO: Level 0
[MulNode] INFO: Level 0
[MulNode] INFO: Level 0
[MulNode] INFO: Level 0
[Ablector] INFO: ABLECTOR TIME: 9.275209
[Ablector] INFO: SAT TIME: 9.259427
[Ablector] INFO: REF TIME: 0.597974
[runlim] end:			Thu May 14 15:12:22 2020
[runlim] status:		ok
[runlim] result:		0
[runlim] children:		0
[runlim] real:			10.78 seconds
[runlim] time:			10.47 seconds
[runlim] space:			157.6 MB
[runlim] samples:		99
[runlim] version:		1.10
[runlim] time limit:		311040000 seconds
[runlim] real time limit:	1200 seconds
[runlim] space limit:		15000 MB
[runlim] argv[0]:		python3
[runlim] argv[1]:		/raid/steuber/Software/ablector/ablector
[runlim] argv[2]:		/raid/steuber/Benchmarks/2019/QF_BV/Sage2/bench_7336.smt2
[runlim] argv[3]:		--ufReuse=1
[runlim] argv[4]:		--omit
[runlim] argv[5]:		mul:3
[runlim] argv[6]:		--omit
[runlim] argv[7]:		sdiv:3
[runlim] argv[8]:		--omit
[runlim] argv[9]:		udiv:3
[runlim] start:			Thu May 14 15:12:23 2020
[runlim] main pid:		10592
[Ablector] INFO: *** ROUND 0
[MulNode] INFO: Level 0
[MulNode] INFO: Level 0
[MulNode] INFO: Level 0
[MulNode] INFO: Level 0
[MulNode] INFO: Level 0
[MulNode] INFO: Level 0
[MulNode] INFO: Level 0
[MulNode] INFO: Level 0
[MulNode] INFO: Level 0
[MulNode] INFO: Level 0
[MulNode] INFO: Level 0
[MulNode] INFO: Level 0
[MulNode] INFO: Level 0
[MulNode] INFO: Level 0
[MulNode] INFO: Level 0
[MulNode] INFO: Level 0
[MulNode] INFO: Level 0
[MulNode] INFO: Level 0
[MulNode] INFO: Level 0
[MulNode] INFO: Level 0
[MulNode] INFO: Level 0
[MulNode] INFO: Level 0
[MulNode] INFO: Level 0
[MulNode] INFO: Level 0
[MulNode] INFO: Level 0
[MulNode] INFO: Level 0
[MulNode] INFO: Level 0
[MulNode] INFO: Level 0
[MulNode] INFO: Level 0
[MulNode] INFO: Level 0
[MulNode] INFO: Level 0
[MulNode] INFO: Level 0
[MulNode] INFO: Level 0
[MulNode] INFO: Level 0
[MulNode] INFO: Level 0
[MulNode] INFO: Level 0
[MulNode] INFO: Level 0
[MulNode] INFO: Level 0
[MulNode] INFO: Level 0
[MulNode] INFO: Level 0
[MulNode] INFO: Level 0
[MulNode] INFO: Level 0
[MulNode] INFO: Level 0
[MulNode] INFO: Level 0
[MulNode] INFO: Level 0
[MulNode] INFO: Level 0
[MulNode] INFO: Level 0
[MulNode] INFO: Level 0
[MulNode] INFO: Level 0
[MulNode] INFO: Level 0
[MulNode] INFO: Level 0
[MulNode] INFO: Level 0
[MulNode] INFO: Level 0
[MulNode] INFO: Level 0
[MulNode] INFO: Level 0
[MulNode] INFO: Level 0
[MulNode] INFO: Level 0
[MulNode] INFO: Level 0
[MulNode] INFO: Level 0
[MulNode] INFO: Level 0
[MulNode] INFO: Level 0
[MulNode] INFO: Level 0
[MulNode] INFO: Level 0
[MulNode] INFO: Level 0
[MulNode] INFO: Level 0
[MulNode] INFO: Level 0
[MulNode] INFO: Level 0
[MulNode] INFO: Level 0
[MulNode] INFO: Level 0
[MulNode] INFO: Level 0
[MulNode] INFO: Level 0
[MulNode] INFO: Level 0
[MulNode] INFO: Level 0
[MulNode] INFO: Level 0
[MulNode] INFO: Level 0
[MulNode] INFO: Level 0
[MulNode] INFO: Level 0
[Ablector] INFO: ABLECTOR TIME: 3.662722
[Ablector] INFO: SAT TIME: 3.629720
[Ablector] INFO: REF TIME: 0.644324
[runlim] end:			Thu May 14 15:12:29 2020
[runlim] status:		ok
[runlim] result:		0
[runlim] children:		2
[runlim] real:			6.88 seconds
[runlim] time:			7.10 seconds
[runlim] space:			379.0 MB
[runlim] samples:		67
[runlim] version:		1.10
[runlim] time limit:		311040000 seconds
[runlim] real time limit:	1200 seconds
[runlim] space limit:		15000 MB
[runlim] argv[0]:		python3
[runlim] argv[1]:		/raid/steuber/Software/ablector/ablector
[runlim] argv[2]:		/raid/steuber/Benchmarks/2019/QF_BV/sage/app7/bench_5574.smt2
[runlim] argv[3]:		--ufReuse=1
[runlim] argv[4]:		--omit
[runlim] argv[5]:		mul:3
[runlim] argv[6]:		--omit
[runlim] argv[7]:		sdiv:3
[runlim] argv[8]:		--omit
[runlim] argv[9]:		udiv:3
[runlim] start:			Thu May 14 15:12:30 2020
[runlim] main pid:		10615
[Ablector] INFO: ABLECTOR TIME: 0.003889
[runlim] end:			Thu May 14 15:12:30 2020
[runlim] status:		ok
[runlim] result:		0
[runlim] children:		0
[runlim] real:			0.74 seconds
[runlim] time:			1.02 seconds
[runlim] space:			37.8 MB
[runlim] samples:		5
[runlim] version:		1.10
[runlim] time limit:		311040000 seconds
[runlim] real time limit:	1200 seconds
[runlim] space limit:		15000 MB
[runlim] argv[0]:		python3
[runlim] argv[1]:		/raid/steuber/Software/ablector/ablector
[runlim] argv[2]:		/raid/steuber/Benchmarks/2019/QF_BV/sage/app7/bench_3835.smt2
[runlim] argv[3]:		--ufReuse=1
[runlim] argv[4]:		--omit
[runlim] argv[5]:		mul:3
[runlim] argv[6]:		--omit
[runlim] argv[7]:		sdiv:3
[runlim] argv[8]:		--omit
[runlim] argv[9]:		udiv:3
[runlim] start:			Thu May 14 15:12:31 2020
[runlim] main pid:		10635
[Ablector] INFO: ABLECTOR TIME: 0.004018
[runlim] end:			Thu May 14 15:12:31 2020
[runlim] status:		ok
[runlim] result:		0
[runlim] children:		2
[runlim] real:			0.69 seconds
[runlim] time:			1.07 seconds
[runlim] space:			47.4 MB
[runlim] samples:		5
[runlim] version:		1.10
[runlim] time limit:		311040000 seconds
[runlim] real time limit:	1200 seconds
[runlim] space limit:		15000 MB
[runlim] argv[0]:		python3
[runlim] argv[1]:		/raid/steuber/Software/ablector/ablector
[runlim] argv[2]:		/raid/steuber/Benchmarks/2019/QF_BV/sage/app1/bench_2673.smt2
[runlim] argv[3]:		--ufReuse=1
[runlim] argv[4]:		--omit
[runlim] argv[5]:		mul:3
[runlim] argv[6]:		--omit
[runlim] argv[7]:		sdiv:3
[runlim] argv[8]:		--omit
[runlim] argv[9]:		udiv:3
[runlim] start:			Thu May 14 15:12:32 2020
[runlim] main pid:		10655
[Ablector] INFO: ABLECTOR TIME: 0.003902
[runlim] end:			Thu May 14 15:12:32 2020
[runlim] status:		ok
[runlim] result:		0
[runlim] children:		0
[runlim] real:			0.48 seconds
[runlim] time:			0.95 seconds
[runlim] space:			37.6 MB
[runlim] samples:		4
[runlim] version:		1.10
[runlim] time limit:		311040000 seconds
[runlim] real time limit:	1200 seconds
[runlim] space limit:		15000 MB
[runlim] argv[0]:		python3
[runlim] argv[1]:		/raid/steuber/Software/ablector/ablector
[runlim] argv[2]:		/raid/steuber/Benchmarks/2019/QF_BV/Sage2/bench_2662.smt2
[runlim] argv[3]:		--ufReuse=1
[runlim] argv[4]:		--omit
[runlim] argv[5]:		mul:3
[runlim] argv[6]:		--omit
[runlim] argv[7]:		sdiv:3
[runlim] argv[8]:		--omit
[runlim] argv[9]:		udiv:3
[runlim] start:			Thu May 14 15:12:32 2020
[runlim] main pid:		10675
[Ablector] INFO: *** ROUND 0
[MulNode] INFO: Level 0
[Ablector] INFO: ABLECTOR TIME: 0.173071
[Ablector] INFO: SAT TIME: 0.168334
[Ablector] INFO: REF TIME: 0.010726
[runlim] end:			Thu May 14 15:12:33 2020
[runlim] status:		ok
[runlim] result:		0
[runlim] children:		0
[runlim] real:			1.47 seconds
[runlim] time:			1.16 seconds
[runlim] space:			42.9 MB
[runlim] samples:		6
[runlim] version:		1.10
[runlim] time limit:		311040000 seconds
[runlim] real time limit:	1200 seconds
[runlim] space limit:		15000 MB
[runlim] argv[0]:		python3
[runlim] argv[1]:		/raid/steuber/Software/ablector/ablector
[runlim] argv[2]:		/raid/steuber/Benchmarks/2019/QF_BV/Sage2/bench_14833.smt2
[runlim] argv[3]:		--ufReuse=1
[runlim] argv[4]:		--omit
[runlim] argv[5]:		mul:3
[runlim] argv[6]:		--omit
[runlim] argv[7]:		sdiv:3
[runlim] argv[8]:		--omit
[runlim] argv[9]:		udiv:3
[runlim] start:			Thu May 14 15:12:33 2020
[runlim] main pid:		10695
[Ablector] INFO: *** ROUND 0
[MulNode] INFO: Level 0
[MulNode] INFO: Level 0
[MulNode] INFO: Level 0
[UdivNode] INFO: Level 0
[MulNode] INFO: Level 0
[UdivNode] INFO: Level 0
[MulNode] INFO: Level 0
[MulNode] INFO: Level 0
[MulNode] INFO: Level 0
[MulNode] INFO: Level 0
[MulNode] INFO: Level 0
[MulNode] INFO: Level 0
[MulNode] INFO: Level 0
[MulNode] INFO: Level 0
[MulNode] INFO: Level 0
[MulNode] INFO: Level 0
[MulNode] INFO: Level 0
[MulNode] INFO: Level 0
[MulNode] INFO: Level 0
[MulNode] INFO: Level 0
[MulNode] INFO: Level 0
[MulNode] INFO: Level 0
[MulNode] INFO: Level 0
[MulNode] INFO: Level 0
[MulNode] INFO: Level 0
[MulNode] INFO: Level 0
[MulNode] INFO: Level 0
[MulNode] INFO: Level 0
[MulNode] INFO: Level 0
[MulNode] INFO: Level 0
[MulNode] INFO: Level 0
[MulNode] INFO: Level 0
[MulNode] INFO: Level 0
[MulNode] INFO: Level 0
[MulNode] INFO: Level 0
[MulNode] INFO: Level 0
[MulNode] INFO: Level 0
[MulNode] INFO: Level 0
[MulNode] INFO: Level 0
[MulNode] INFO: Level 0
[MulNode] INFO: Level 0
[MulNode] INFO: Level 0
[MulNode] INFO: Level 0
[MulNode] INFO: Level 0
[MulNode] INFO: Level 0
[MulNode] INFO: Level 0
[MulNode] INFO: Level 0
[MulNode] INFO: Level 0
[MulNode] INFO: Level 0
[MulNode] INFO: Level 0
[MulNode] INFO: Level 0
[MulNode] INFO: Level 0
[MulNode] INFO: Level 0
[MulNode] INFO: Level 0
[MulNode] INFO: Level 0
[MulNode] INFO: Level 0
[MulNode] INFO: Level 0
[MulNode] INFO: Level 0
[MulNode] INFO: Level 0
[MulNode] INFO: Level 0
[MulNode] INFO: Level 0
[MulNode] INFO: Level 0
[MulNode] INFO: Level 0
[MulNode] INFO: Level 0
[MulNode] INFO: Level 0
[MulNode] INFO: Level 0
[MulNode] INFO: Level 0
[MulNode] INFO: Level 0
[MulNode] INFO: Level 0
[MulNode] INFO: Level 0
[MulNode] INFO: Level 0
[MulNode] INFO: Level 0
[MulNode] INFO: Level 0
[MulNode] INFO: Level 0
[MulNode] INFO: Level 0
[MulNode] INFO: Level 0
[MulNode] INFO: Level 0
[MulNode] INFO: Level 0
[Ablector] INFO: ABLECTOR TIME: 3.839625
[Ablector] INFO: SAT TIME: 3.820085
[Ablector] INFO: REF TIME: 0.718669
[runlim] end:			Thu May 14 15:12:38 2020
[runlim] status:		ok
[runlim] result:		0
[runlim] children:		0
[runlim] real:			5.57 seconds
[runlim] time:			5.24 seconds
[runlim] space:			127.3 MB
[runlim] samples:		47
[runlim] version:		1.10
[runlim] time limit:		311040000 seconds
[runlim] real time limit:	1200 seconds
[runlim] space limit:		15000 MB
[runlim] argv[0]:		python3
[runlim] argv[1]:		/raid/steuber/Software/ablector/ablector
[runlim] argv[2]:		/raid/steuber/Benchmarks/2019/QF_BV/sage/app7/bench_7280.smt2
[runlim] argv[3]:		--ufReuse=1
[runlim] argv[4]:		--omit
[runlim] argv[5]:		mul:3
[runlim] argv[6]:		--omit
[runlim] argv[7]:		sdiv:3
[runlim] argv[8]:		--omit
[runlim] argv[9]:		udiv:3
[runlim] start:			Thu May 14 15:12:38 2020
[runlim] main pid:		10716
[Ablector] INFO: ABLECTOR TIME: 0.003744
[runlim] end:			Thu May 14 15:12:40 2020
[runlim] status:		ok
[runlim] result:		0
[runlim] children:		14
[runlim] real:			2.86 seconds
[runlim] time:			2.30 seconds
[runlim] space:			83.8 MB
[runlim] samples:		18
[runlim] version:		1.10
[runlim] time limit:		311040000 seconds
[runlim] real time limit:	1200 seconds
[runlim] space limit:		15000 MB
[runlim] argv[0]:		python3
[runlim] argv[1]:		/raid/steuber/Software/ablector/ablector
[runlim] argv[2]:		/raid/steuber/Benchmarks/2019/QF_BV/sage/app7/bench_2971.smt2
[runlim] argv[3]:		--ufReuse=1
[runlim] argv[4]:		--omit
[runlim] argv[5]:		mul:3
[runlim] argv[6]:		--omit
[runlim] argv[7]:		sdiv:3
[runlim] argv[8]:		--omit
[runlim] argv[9]:		udiv:3
[runlim] start:			Thu May 14 15:12:41 2020
[runlim] main pid:		10737
[Ablector] INFO: ABLECTOR TIME: 0.004161
[runlim] end:			Thu May 14 15:12:41 2020
[runlim] status:		ok
[runlim] result:		0
[runlim] children:		2
[runlim] real:			0.86 seconds
[runlim] time:			1.06 seconds
[runlim] space:			47.1 MB
[runlim] samples:		6
[runlim] version:		1.10
[runlim] time limit:		311040000 seconds
[runlim] real time limit:	1200 seconds
[runlim] space limit:		15000 MB
[runlim] argv[0]:		python3
[runlim] argv[1]:		/raid/steuber/Software/ablector/ablector
[runlim] argv[2]:		/raid/steuber/Benchmarks/2019/QF_BV/Sage2/bench_2552.smt2
[runlim] argv[3]:		--ufReuse=1
[runlim] argv[4]:		--omit
[runlim] argv[5]:		mul:3
[runlim] argv[6]:		--omit
[runlim] argv[7]:		sdiv:3
[runlim] argv[8]:		--omit
[runlim] argv[9]:		udiv:3
[runlim] start:			Thu May 14 15:12:42 2020
[runlim] main pid:		10757
[Ablector] INFO: *** ROUND 0
[MulNode] INFO: Level 0
[MulNode] INFO: Level 0
[MulNode] INFO: Level 0
[MulNode] INFO: Level 0
[MulNode] INFO: Level 0
[MulNode] INFO: Level 0
[MulNode] INFO: Level 0
[MulNode] INFO: Level 0
[MulNode] INFO: Level 0
[MulNode] INFO: Level 0
[MulNode] INFO: Level 0
[MulNode] INFO: Level 0
[MulNode] INFO: Level 0
[MulNode] INFO: Level 0
[MulNode] INFO: Level 0
[MulNode] INFO: Level 0
[MulNode] INFO: Level 0
[MulNode] INFO: Level 0
[MulNode] INFO: Level 0
[MulNode] INFO: Level 0
[MulNode] INFO: Level 0
[MulNode] INFO: Level 0
[MulNode] INFO: Level 0
[MulNode] INFO: Level 0
[MulNode] INFO: Level 0
[MulNode] INFO: Level 0
[MulNode] INFO: Level 0
[MulNode] INFO: Level 0
[MulNode] INFO: Level 0
[MulNode] INFO: Level 0
[MulNode] INFO: Level 0
[MulNode] INFO: Level 0
[MulNode] INFO: Level 0
[MulNode] INFO: Level 0
[MulNode] INFO: Level 0
[MulNode] INFO: Level 0
[MulNode] INFO: Level 0
[MulNode] INFO: Level 0
[MulNode] INFO: Level 0
[MulNode] INFO: Level 0
[MulNode] INFO: Level 0
[MulNode] INFO: Level 0
[MulNode] INFO: Level 0
[MulNode] INFO: Level 0
[MulNode] INFO: Level 0
[MulNode] INFO: Level 0
[MulNode] INFO: Level 0
[MulNode] INFO: Level 0
[MulNode] INFO: Level 0
[MulNode] INFO: Level 0
[MulNode] INFO: Level 0
[MulNode] INFO: Level 0
[MulNode] INFO: Level 0
[MulNode] INFO: Level 0
[MulNode] INFO: Level 0
[MulNode] INFO: Level 0
[MulNode] INFO: Level 0
[MulNode] INFO: Level 0
[MulNode] INFO: Level 0
[MulNode] INFO: Level 0
[MulNode] INFO: Level 0
[MulNode] INFO: Level 0
[MulNode] INFO: Level 0
[Ablector] INFO: ABLECTOR TIME: 3.514452
[Ablector] INFO: SAT TIME: 3.483956
[Ablector] INFO: REF TIME: 0.527063
[runlim] end:			Thu May 14 15:12:48 2020
[runlim] status:		ok
[runlim] result:		0
[runlim] children:		1
[runlim] real:			6.84 seconds
[runlim] time:			6.99 seconds
[runlim] space:			379.1 MB
[runlim] samples:		66
[runlim] version:		1.10
[runlim] time limit:		311040000 seconds
[runlim] real time limit:	1200 seconds
[runlim] space limit:		15000 MB
[runlim] argv[0]:		python3
[runlim] argv[1]:		/raid/steuber/Software/ablector/ablector
[runlim] argv[2]:		/raid/steuber/Benchmarks/2019/QF_BV/Sage2/bench_7438.smt2
[runlim] argv[3]:		--ufReuse=1
[runlim] argv[4]:		--omit
[runlim] argv[5]:		mul:3
[runlim] argv[6]:		--omit
[runlim] argv[7]:		sdiv:3
[runlim] argv[8]:		--omit
[runlim] argv[9]:		udiv:3
[runlim] start:			Thu May 14 15:12:49 2020
[runlim] main pid:		10778
[Ablector] INFO: ABLECTOR TIME: 0.003705
[runlim] end:			Thu May 14 15:12:49 2020
[runlim] status:		ok
[runlim] result:		0
[runlim] children:		0
[runlim] real:			0.62 seconds
[runlim] time:			0.97 seconds
[runlim] space:			37.8 MB
[runlim] samples:		4
[runlim] version:		1.10
[runlim] time limit:		311040000 seconds
[runlim] real time limit:	1200 seconds
[runlim] space limit:		15000 MB
[runlim] argv[0]:		python3
[runlim] argv[1]:		/raid/steuber/Software/ablector/ablector
[runlim] argv[2]:		/raid/steuber/Benchmarks/2019/QF_BV/sage/app7/bench_2708.smt2
[runlim] argv[3]:		--ufReuse=1
[runlim] argv[4]:		--omit
[runlim] argv[5]:		mul:3
[runlim] argv[6]:		--omit
[runlim] argv[7]:		sdiv:3
[runlim] argv[8]:		--omit
[runlim] argv[9]:		udiv:3
[runlim] start:			Thu May 14 15:12:49 2020
[runlim] main pid:		10798
[Ablector] INFO: ABLECTOR TIME: 0.003897
[runlim] end:			Thu May 14 15:12:50 2020
[runlim] status:		ok
[runlim] result:		0
[runlim] children:		2
[runlim] real:			1.62 seconds
[runlim] time:			1.04 seconds
[runlim] space:			46.9 MB
[runlim] samples:		6
[runlim] version:		1.10
[runlim] time limit:		311040000 seconds
[runlim] real time limit:	1200 seconds
[runlim] space limit:		15000 MB
[runlim] argv[0]:		python3
[runlim] argv[1]:		/raid/steuber/Software/ablector/ablector
[runlim] argv[2]:		/raid/steuber/Benchmarks/2019/QF_BV/sage/app7/bench_6307.smt2
[runlim] argv[3]:		--ufReuse=1
[runlim] argv[4]:		--omit
[runlim] argv[5]:		mul:3
[runlim] argv[6]:		--omit
[runlim] argv[7]:		sdiv:3
[runlim] argv[8]:		--omit
[runlim] argv[9]:		udiv:3
[runlim] start:			Thu May 14 15:12:50 2020
[runlim] main pid:		10818
[Ablector] INFO: ABLECTOR TIME: 0.003556
[runlim] end:			Thu May 14 15:12:51 2020
[runlim] status:		ok
[runlim] result:		0
[runlim] children:		0
[runlim] real:			1.44 seconds
[runlim] time:			0.98 seconds
[runlim] space:			37.8 MB
[runlim] samples:		4
[runlim] version:		1.10
[runlim] time limit:		311040000 seconds
[runlim] real time limit:	1200 seconds
[runlim] space limit:		15000 MB
[runlim] argv[0]:		python3
[runlim] argv[1]:		/raid/steuber/Software/ablector/ablector
[runlim] argv[2]:		/raid/steuber/Benchmarks/2019/QF_BV/Sage2/bench_6830.smt2
[runlim] argv[3]:		--ufReuse=1
[runlim] argv[4]:		--omit
[runlim] argv[5]:		mul:3
[runlim] argv[6]:		--omit
[runlim] argv[7]:		sdiv:3
[runlim] argv[8]:		--omit
[runlim] argv[9]:		udiv:3
[runlim] start:			Thu May 14 15:12:51 2020
[runlim] main pid:		10838
[Ablector] INFO: *** ROUND 0
[runlim] sample:		10.2 time, 10.8 real, 181.0 MB
[MulNode] INFO: Level 0
[MulNode] INFO: Level 0
[MulNode] INFO: Level 0
[MulNode] INFO: Level 0
[MulNode] INFO: Level 0
[MulNode] INFO: Level 0
[MulNode] INFO: Level 0
[MulNode] INFO: Level 0
[MulNode] INFO: Level 0
[MulNode] INFO: Level 0
[MulNode] INFO: Level 0
[MulNode] INFO: Level 0
[MulNode] INFO: Level 0
[MulNode] INFO: Level 0
[MulNode] INFO: Level 0
[MulNode] INFO: Level 0
[MulNode] INFO: Level 0
[MulNode] INFO: Level 0
[MulNode] INFO: Level 0
[MulNode] INFO: Level 0
[MulNode] INFO: Level 0
[MulNode] INFO: Level 0
[MulNode] INFO: Level 0
[MulNode] INFO: Level 0
[MulNode] INFO: Level 0
[MulNode] INFO: Level 0
[MulNode] INFO: Level 0
[MulNode] INFO: Level 0
[MulNode] INFO: Level 0
[MulNode] INFO: Level 0
[MulNode] INFO: Level 0
[MulNode] INFO: Level 0
[MulNode] INFO: Level 0
[MulNode] INFO: Level 0
[MulNode] INFO: Level 0
[MulNode] INFO: Level 0
[MulNode] INFO: Level 0
[MulNode] INFO: Level 0
[MulNode] INFO: Level 0
[MulNode] INFO: Level 0
[MulNode] INFO: Level 0
[MulNode] INFO: Level 0
[MulNode] INFO: Level 0
[MulNode] INFO: Level 0
[MulNode] INFO: Level 0
[MulNode] INFO: Level 0
[MulNode] INFO: Level 0
[MulNode] INFO: Level 0
[MulNode] INFO: Level 0
[MulNode] INFO: Level 0
[MulNode] INFO: Level 0
[MulNode] INFO: Level 0
[MulNode] INFO: Level 0
[MulNode] INFO: Level 0
[MulNode] INFO: Level 0
[MulNode] INFO: Level 0
[MulNode] INFO: Level 0
[MulNode] INFO: Level 0
[MulNode] INFO: Level 0
[MulNode] INFO: Level 0
[MulNode] INFO: Level 0
[MulNode] INFO: Level 0
[MulNode] INFO: Level 0
[MulNode] INFO: Level 0
[MulNode] INFO: Level 0
[MulNode] INFO: Level 0
[MulNode] INFO: Level 0
[MulNode] INFO: Level 0
[MulNode] INFO: Level 0
[MulNode] INFO: Level 0
[MulNode] INFO: Level 0
[MulNode] INFO: Level 0
[MulNode] INFO: Level 0
[MulNode] INFO: Level 0
[MulNode] INFO: Level 0
[MulNode] INFO: Level 0
[MulNode] INFO: Level 0
[MulNode] INFO: Level 0
[MulNode] INFO: Level 0
[MulNode] INFO: Level 0
[MulNode] INFO: Level 0
[MulNode] INFO: Level 0
[MulNode] INFO: Level 0
[MulNode] INFO: Level 0
[MulNode] INFO: Level 0
[MulNode] INFO: Level 0
[MulNode] INFO: Level 0
[MulNode] INFO: Level 0
[MulNode] INFO: Level 0
[MulNode] INFO: Level 0
[MulNode] INFO: Level 0
[MulNode] INFO: Level 0
[MulNode] INFO: Level 0
[MulNode] INFO: Level 0
[MulNode] INFO: Level 0
[MulNode] INFO: Level 0
[MulNode] INFO: Level 0
[MulNode] INFO: Level 0
[MulNode] INFO: Level 0
[MulNode] INFO: Level 0
[MulNode] INFO: Level 0
[MulNode] INFO: Level 0
[MulNode] INFO: Level 0
[MulNode] INFO: Level 0
[MulNode] INFO: Level 0
[MulNode] INFO: Level 0
[MulNode] INFO: Level 0
[MulNode] INFO: Level 0
[MulNode] INFO: Level 0
[MulNode] INFO: Level 0
[MulNode] INFO: Level 0
[MulNode] INFO: Level 0
[MulNode] INFO: Level 0
[MulNode] INFO: Level 0
[MulNode] INFO: Level 0
[MulNode] INFO: Level 0
[MulNode] INFO: Level 0
[MulNode] INFO: Level 0
[MulNode] INFO: Level 0
[MulNode] INFO: Level 0
[MulNode] INFO: Level 0
[MulNode] INFO: Level 0
[MulNode] INFO: Level 0
[MulNode] INFO: Level 0
[MulNode] INFO: Level 0
[MulNode] INFO: Level 0
[MulNode] INFO: Level 0
[MulNode] INFO: Level 0
[MulNode] INFO: Level 0
[MulNode] INFO: Level 0
[MulNode] INFO: Level 0
[MulNode] INFO: Level 0
[MulNode] INFO: Level 0
[MulNode] INFO: Level 0
[MulNode] INFO: Level 0
[MulNode] INFO: Level 0
[MulNode] INFO: Level 0
[MulNode] INFO: Level 0
[MulNode] INFO: Level 0
[MulNode] INFO: Level 0
[MulNode] INFO: Level 0
[MulNode] INFO: Level 0
[MulNode] INFO: Level 0
[MulNode] INFO: Level 0
[MulNode] INFO: Level 0
[MulNode] INFO: Level 0
[MulNode] INFO: Level 0
[MulNode] INFO: Level 0
[MulNode] INFO: Level 0
[MulNode] INFO: Level 0
[MulNode] INFO: Level 0
[MulNode] INFO: Level 0
[MulNode] INFO: Level 0
[MulNode] INFO: Level 0
[MulNode] INFO: Level 0
[MulNode] INFO: Level 0
[MulNode] INFO: Level 0
[MulNode] INFO: Level 0
[MulNode] INFO: Level 0
[MulNode] INFO: Level 0
[MulNode] INFO: Level 0
[MulNode] INFO: Level 0
[MulNode] INFO: Level 0
[MulNode] INFO: Level 0
[MulNode] INFO: Level 0
[MulNode] INFO: Level 0
[MulNode] INFO: Level 0
[MulNode] INFO: Level 0
[MulNode] INFO: Level 0
[MulNode] INFO: Level 0
[MulNode] INFO: Level 0
[MulNode] INFO: Level 0
[MulNode] INFO: Level 0
[MulNode] INFO: Level 0
[MulNode] INFO: Level 0
[MulNode] INFO: Level 0
[MulNode] INFO: Level 0
[MulNode] INFO: Level 0
[MulNode] INFO: Level 0
[MulNode] INFO: Level 0
[MulNode] INFO: Level 0
[Ablector] INFO: ABLECTOR TIME: 11.802938
[Ablector] INFO: SAT TIME: 11.746130
[Ablector] INFO: REF TIME: 1.769904
[runlim] end:			Thu May 14 15:13:07 2020
[runlim] status:		ok
[runlim] result:		0
[runlim] children:		3
[runlim] real:			16.96 seconds
[runlim] time:			16.31 seconds
[runlim] space:			205.1 MB
[runlim] samples:		161
[runlim] version:		1.10
[runlim] time limit:		311040000 seconds
[runlim] real time limit:	1200 seconds
[runlim] space limit:		15000 MB
[runlim] argv[0]:		python3
[runlim] argv[1]:		/raid/steuber/Software/ablector/ablector
[runlim] argv[2]:		/raid/steuber/Benchmarks/2019/QF_BV/sage/app8/bench_3808.smt2
[runlim] argv[3]:		--ufReuse=1
[runlim] argv[4]:		--omit
[runlim] argv[5]:		mul:3
[runlim] argv[6]:		--omit
[runlim] argv[7]:		sdiv:3
[runlim] argv[8]:		--omit
[runlim] argv[9]:		udiv:3
[runlim] start:			Thu May 14 15:13:08 2020
[runlim] main pid:		10860
[Ablector] INFO: ABLECTOR TIME: 0.003754
[runlim] end:			Thu May 14 15:13:08 2020
[runlim] status:		ok
[runlim] result:		0
[runlim] children:		0
[runlim] real:			0.78 seconds
[runlim] time:			0.98 seconds
[runlim] space:			37.9 MB
[runlim] samples:		4
[runlim] version:		1.10
[runlim] time limit:		311040000 seconds
[runlim] real time limit:	1200 seconds
[runlim] space limit:		15000 MB
[runlim] argv[0]:		python3
[runlim] argv[1]:		/raid/steuber/Software/ablector/ablector
[runlim] argv[2]:		/raid/steuber/Benchmarks/2019/QF_BV/Sage2/bench_9500.smt2
[runlim] argv[3]:		--ufReuse=1
[runlim] argv[4]:		--omit
[runlim] argv[5]:		mul:3
[runlim] argv[6]:		--omit
[runlim] argv[7]:		sdiv:3
[runlim] argv[8]:		--omit
[runlim] argv[9]:		udiv:3
[runlim] start:			Thu May 14 15:13:09 2020
[runlim] main pid:		10880
[Ablector] INFO: *** ROUND 0
[MulNode] INFO: Level 0
[MulNode] INFO: Level 0
[MulNode] INFO: Level 0
[MulNode] INFO: Level 0
[MulNode] INFO: Level 0
[MulNode] INFO: Level 0
[MulNode] INFO: Level 0
[MulNode] INFO: Level 0
[MulNode] INFO: Level 0
[Ablector] INFO: ABLECTOR TIME: 0.600814
[Ablector] INFO: SAT TIME: 0.594609
[Ablector] INFO: REF TIME: 0.080904
[runlim] end:			Thu May 14 15:13:10 2020
[runlim] status:		ok
[runlim] result:		0
[runlim] children:		0
[runlim] real:			1.25 seconds
[runlim] time:			1.64 seconds
[runlim] space:			51.7 MB
[runlim] samples:		11
[runlim] version:		1.10
[runlim] time limit:		311040000 seconds
[runlim] real time limit:	1200 seconds
[runlim] space limit:		15000 MB
[runlim] argv[0]:		python3
[runlim] argv[1]:		/raid/steuber/Software/ablector/ablector
[runlim] argv[2]:		/raid/steuber/Benchmarks/2019/QF_BV/sage/app1/bench_387.smt2
[runlim] argv[3]:		--ufReuse=1
[runlim] argv[4]:		--omit
[runlim] argv[5]:		mul:3
[runlim] argv[6]:		--omit
[runlim] argv[7]:		sdiv:3
[runlim] argv[8]:		--omit
[runlim] argv[9]:		udiv:3
[runlim] start:			Thu May 14 15:13:10 2020
[runlim] main pid:		10900
[Ablector] INFO: ABLECTOR TIME: 0.004096
[runlim] end:			Thu May 14 15:13:11 2020
[runlim] status:		ok
[runlim] result:		0
[runlim] children:		0
[runlim] real:			1.04 seconds
[runlim] time:			0.96 seconds
[runlim] space:			37.6 MB
[runlim] samples:		4
[runlim] version:		1.10
[runlim] time limit:		311040000 seconds
[runlim] real time limit:	1200 seconds
[runlim] space limit:		15000 MB
[runlim] argv[0]:		python3
[runlim] argv[1]:		/raid/steuber/Software/ablector/ablector
[runlim] argv[2]:		/raid/steuber/Benchmarks/2019/QF_BV/sage/app7/bench_357.smt2
[runlim] argv[3]:		--ufReuse=1
[runlim] argv[4]:		--omit
[runlim] argv[5]:		mul:3
[runlim] argv[6]:		--omit
[runlim] argv[7]:		sdiv:3
[runlim] argv[8]:		--omit
[runlim] argv[9]:		udiv:3
[runlim] start:			Thu May 14 15:13:11 2020
[runlim] main pid:		10921
[Ablector] INFO: ABLECTOR TIME: 0.004084
[runlim] end:			Thu May 14 15:13:13 2020
[runlim] status:		ok
[runlim] result:		0
[runlim] children:		13
[runlim] real:			2.11 seconds
[runlim] time:			2.16 seconds
[runlim] space:			81.7 MB
[runlim] samples:		17
[runlim] version:		1.10
[runlim] time limit:		311040000 seconds
[runlim] real time limit:	1200 seconds
[runlim] space limit:		15000 MB
[runlim] argv[0]:		python3
[runlim] argv[1]:		/raid/steuber/Software/ablector/ablector
[runlim] argv[2]:		/raid/steuber/Benchmarks/2019/QF_BV/sage/app1/bench_2377.smt2
[runlim] argv[3]:		--ufReuse=1
[runlim] argv[4]:		--omit
[runlim] argv[5]:		mul:3
[runlim] argv[6]:		--omit
[runlim] argv[7]:		sdiv:3
[runlim] argv[8]:		--omit
[runlim] argv[9]:		udiv:3
[runlim] start:			Thu May 14 15:13:13 2020
[runlim] main pid:		10941
[Ablector] INFO: ABLECTOR TIME: 0.003701
[runlim] end:			Thu May 14 15:13:13 2020
[runlim] status:		ok
[runlim] result:		0
[runlim] children:		0
[runlim] real:			0.94 seconds
[runlim] time:			0.96 seconds
[runlim] space:			37.7 MB
[runlim] samples:		4
[runlim] version:		1.10
[runlim] time limit:		311040000 seconds
[runlim] real time limit:	1200 seconds
[runlim] space limit:		15000 MB
[runlim] argv[0]:		python3
[runlim] argv[1]:		/raid/steuber/Software/ablector/ablector
[runlim] argv[2]:		/raid/steuber/Benchmarks/2019/QF_BV/sage/app9/bench_350.smt2
[runlim] argv[3]:		--ufReuse=1
[runlim] argv[4]:		--omit
[runlim] argv[5]:		mul:3
[runlim] argv[6]:		--omit
[runlim] argv[7]:		sdiv:3
[runlim] argv[8]:		--omit
[runlim] argv[9]:		udiv:3
[runlim] start:			Thu May 14 15:13:14 2020
[runlim] main pid:		10961
[Ablector] INFO: *** ROUND 0
[MulNode] INFO: Level 0
[MulNode] INFO: Level 0
[MulNode] INFO: Level 0
[MulNode] INFO: Level 0
[MulNode] INFO: Level 0
[MulNode] INFO: Level 0
[MulNode] INFO: Level 0
[MulNode] INFO: Level 0
[MulNode] INFO: Level 0
[MulNode] INFO: Level 0
[MulNode] INFO: Level 0
[Ablector] INFO: ABLECTOR TIME: 0.435964
[Ablector] INFO: SAT TIME: 0.429466
[Ablector] INFO: REF TIME: 0.108631
[runlim] end:			Thu May 14 15:13:15 2020
[runlim] status:		ok
[runlim] result:		0
[runlim] children:		1
[runlim] real:			1.31 seconds
[runlim] time:			1.56 seconds
[runlim] space:			48.5 MB
[runlim] samples:		10
[runlim] version:		1.10
[runlim] time limit:		311040000 seconds
[runlim] real time limit:	1200 seconds
[runlim] space limit:		15000 MB
[runlim] argv[0]:		python3
[runlim] argv[1]:		/raid/steuber/Software/ablector/ablector
[runlim] argv[2]:		/raid/steuber/Benchmarks/2019/QF_BV/sage/app1/bench_2429.smt2
[runlim] argv[3]:		--ufReuse=1
[runlim] argv[4]:		--omit
[runlim] argv[5]:		mul:3
[runlim] argv[6]:		--omit
[runlim] argv[7]:		sdiv:3
[runlim] argv[8]:		--omit
[runlim] argv[9]:		udiv:3
[runlim] start:			Thu May 14 15:13:15 2020
[runlim] main pid:		10981
[Ablector] INFO: ABLECTOR TIME: 0.003575
[runlim] end:			Thu May 14 15:13:16 2020
[runlim] status:		ok
[runlim] result:		0
[runlim] children:		0
[runlim] real:			1.11 seconds
[runlim] time:			0.95 seconds
[runlim] space:			37.8 MB
[runlim] samples:		4
[runlim] version:		1.10
[runlim] time limit:		311040000 seconds
[runlim] real time limit:	1200 seconds
[runlim] space limit:		15000 MB
[runlim] argv[0]:		python3
[runlim] argv[1]:		/raid/steuber/Software/ablector/ablector
[runlim] argv[2]:		/raid/steuber/Benchmarks/2019/QF_BV/uclid/catchconv/convert-jpg2gif-query-1320.smt2
[runlim] argv[3]:		--ufReuse=1
[runlim] argv[4]:		--omit
[runlim] argv[5]:		mul:3
[runlim] argv[6]:		--omit
[runlim] argv[7]:		sdiv:3
[runlim] argv[8]:		--omit
[runlim] argv[9]:		udiv:3
[runlim] start:			Thu May 14 15:13:16 2020
[runlim] main pid:		11001
[Ablector] INFO: ABLECTOR TIME: 0.003892
[runlim] end:			Thu May 14 15:13:17 2020
[runlim] status:		ok
[runlim] result:		0
[runlim] children:		5
[runlim] real:			1.34 seconds
[runlim] time:			1.36 seconds
[runlim] space:			55.0 MB
[runlim] samples:		8
[runlim] version:		1.10
[runlim] time limit:		311040000 seconds
[runlim] real time limit:	1200 seconds
[runlim] space limit:		15000 MB
[runlim] argv[0]:		python3
[runlim] argv[1]:		/raid/steuber/Software/ablector/ablector
[runlim] argv[2]:		/raid/steuber/Benchmarks/2019/QF_BV/Sage2/bench_11443.smt2
[runlim] argv[3]:		--ufReuse=1
[runlim] argv[4]:		--omit
[runlim] argv[5]:		mul:3
[runlim] argv[6]:		--omit
[runlim] argv[7]:		sdiv:3
[runlim] argv[8]:		--omit
[runlim] argv[9]:		udiv:3
[runlim] start:			Thu May 14 15:13:17 2020
[runlim] main pid:		11021
[Ablector] INFO: *** ROUND 0
[MulNode] INFO: Level 0
[Ablector] INFO: ABLECTOR TIME: 0.167207
[Ablector] INFO: SAT TIME: 0.162475
[Ablector] INFO: REF TIME: 0.010660
[runlim] end:			Thu May 14 15:13:18 2020
[runlim] status:		ok
[runlim] result:		0
[runlim] children:		0
[runlim] real:			1.34 seconds
[runlim] time:			1.12 seconds
[runlim] space:			41.8 MB
[runlim] samples:		6
