[runlim] version:		1.10
[runlim] time limit:		311040000 seconds
[runlim] real time limit:	1200 seconds
[runlim] space limit:		15000 MB
[runlim] argv[0]:		python3
[runlim] argv[1]:		/raid/steuber/Software/ablector/ablector
[runlim] argv[2]:		/raid/steuber/Benchmarks/2019/QF_BV/Sage2/bench_13880.smt2
[runlim] argv[3]:		--ufReuse=1
[runlim] argv[4]:		--omit
[runlim] argv[5]:		mul:3
[runlim] argv[6]:		--omit
[runlim] argv[7]:		sdiv:3
[runlim] argv[8]:		--omit
[runlim] argv[9]:		udiv:3
[runlim] start:			Thu May 14 14:58:33 2020
[runlim] main pid:		6751
[Ablector] INFO: *** ROUND 0
[MulNode] INFO: Level 0
[MulNode] INFO: Level 0
[MulNode] INFO: Level 0
[MulNode] INFO: Level 0
[MulNode] INFO: Level 0
[MulNode] INFO: Level 0
[MulNode] INFO: Level 0
[MulNode] INFO: Level 0
[MulNode] INFO: Level 0
[MulNode] INFO: Level 0
[MulNode] INFO: Level 0
[MulNode] INFO: Level 0
[MulNode] INFO: Level 0
[MulNode] INFO: Level 0
[MulNode] INFO: Level 0
[MulNode] INFO: Level 0
[MulNode] INFO: Level 0
[MulNode] INFO: Level 0
[MulNode] INFO: Level 0
[MulNode] INFO: Level 0
[MulNode] INFO: Level 0
[MulNode] INFO: Level 0
[MulNode] INFO: Level 0
[MulNode] INFO: Level 0
[MulNode] INFO: Level 0
[MulNode] INFO: Level 0
[MulNode] INFO: Level 0
[MulNode] INFO: Level 0
[MulNode] INFO: Level 0
[MulNode] INFO: Level 0
[MulNode] INFO: Level 0
[MulNode] INFO: Level 0
[MulNode] INFO: Level 0
[MulNode] INFO: Level 0
[MulNode] INFO: Level 0
[MulNode] INFO: Level 0
[MulNode] INFO: Level 0
[MulNode] INFO: Level 0
[MulNode] INFO: Level 0
[MulNode] INFO: Level 0
[MulNode] INFO: Level 0
[MulNode] INFO: Level 0
[MulNode] INFO: Level 0
[MulNode] INFO: Level 0
[MulNode] INFO: Level 0
[MulNode] INFO: Level 0
[MulNode] INFO: Level 0
[MulNode] INFO: Level 0
[MulNode] INFO: Level 0
[MulNode] INFO: Level 0
[MulNode] INFO: Level 0
[MulNode] INFO: Level 0
[MulNode] INFO: Level 0
[MulNode] INFO: Level 0
[MulNode] INFO: Level 0
[MulNode] INFO: Level 0
[MulNode] INFO: Level 0
[MulNode] INFO: Level 0
[MulNode] INFO: Level 0
[MulNode] INFO: Level 0
[MulNode] INFO: Level 0
[MulNode] INFO: Level 0
[MulNode] INFO: Level 0
[MulNode] INFO: Level 0
[MulNode] INFO: Level 0
[MulNode] INFO: Level 0
[MulNode] INFO: Level 0
[MulNode] INFO: Level 0
[MulNode] INFO: Level 0
[MulNode] INFO: Level 0
[MulNode] INFO: Level 0
[MulNode] INFO: Level 0
[MulNode] INFO: Level 0
[Ablector] INFO: ABLECTOR TIME: 3.730595
[Ablector] INFO: SAT TIME: 3.697311
[Ablector] INFO: REF TIME: 0.614044
[runlim] end:			Thu May 14 14:58:40 2020
[runlim] status:		ok
[runlim] result:		0
[runlim] children:		2
[runlim] real:			7.44 seconds
[runlim] time:			7.34 seconds
[runlim] space:			445.4 MB
[runlim] samples:		69
[runlim] version:		1.10
[runlim] time limit:		311040000 seconds
[runlim] real time limit:	1200 seconds
[runlim] space limit:		15000 MB
[runlim] argv[0]:		python3
[runlim] argv[1]:		/raid/steuber/Software/ablector/ablector
[runlim] argv[2]:		/raid/steuber/Benchmarks/2019/QF_BV/Sage2/bench_11952.smt2
[runlim] argv[3]:		--ufReuse=1
[runlim] argv[4]:		--omit
[runlim] argv[5]:		mul:3
[runlim] argv[6]:		--omit
[runlim] argv[7]:		sdiv:3
[runlim] argv[8]:		--omit
[runlim] argv[9]:		udiv:3
[runlim] start:			Thu May 14 14:58:40 2020
[runlim] main pid:		6802
[Ablector] INFO: *** ROUND 0
[MulNode] INFO: Level 0
[MulNode] INFO: Level 0
[MulNode] INFO: Level 0
[MulNode] INFO: Level 0
[MulNode] INFO: Level 0
[MulNode] INFO: Level 0
[MulNode] INFO: Level 0
[MulNode] INFO: Level 0
[MulNode] INFO: Level 0
[MulNode] INFO: Level 0
[MulNode] INFO: Level 0
[MulNode] INFO: Level 0
[MulNode] INFO: Level 0
[MulNode] INFO: Level 0
[MulNode] INFO: Level 0
[MulNode] INFO: Level 0
[MulNode] INFO: Level 0
[MulNode] INFO: Level 0
[MulNode] INFO: Level 0
[MulNode] INFO: Level 0
[MulNode] INFO: Level 0
[MulNode] INFO: Level 0
[MulNode] INFO: Level 0
[MulNode] INFO: Level 0
[MulNode] INFO: Level 0
[MulNode] INFO: Level 0
[MulNode] INFO: Level 0
[MulNode] INFO: Level 0
[MulNode] INFO: Level 0
[MulNode] INFO: Level 0
[MulNode] INFO: Level 0
[MulNode] INFO: Level 0
[MulNode] INFO: Level 0
[MulNode] INFO: Level 0
[MulNode] INFO: Level 0
[Ablector] INFO: ABLECTOR TIME: 7.676646
[Ablector] INFO: SAT TIME: 7.665270
[Ablector] INFO: REF TIME: 0.323242
[runlim] end:			Thu May 14 14:58:49 2020
[runlim] status:		ok
[runlim] result:		0
[runlim] children:		0
[runlim] real:			9.36 seconds
[runlim] time:			9.04 seconds
[runlim] space:			95.4 MB
[runlim] samples:		85
[runlim] version:		1.10
[runlim] time limit:		311040000 seconds
[runlim] real time limit:	1200 seconds
[runlim] space limit:		15000 MB
[runlim] argv[0]:		python3
[runlim] argv[1]:		/raid/steuber/Software/ablector/ablector
[runlim] argv[2]:		/raid/steuber/Benchmarks/2019/QF_BV/sage/app9/bench_591.smt2
[runlim] argv[3]:		--ufReuse=1
[runlim] argv[4]:		--omit
[runlim] argv[5]:		mul:3
[runlim] argv[6]:		--omit
[runlim] argv[7]:		sdiv:3
[runlim] argv[8]:		--omit
[runlim] argv[9]:		udiv:3
[runlim] start:			Thu May 14 14:58:49 2020
[runlim] main pid:		6825
[Ablector] INFO: ABLECTOR TIME: 0.003864
[runlim] end:			Thu May 14 14:58:50 2020
[runlim] status:		ok
[runlim] result:		0
[runlim] children:		0
[runlim] real:			1.26 seconds
[runlim] time:			0.99 seconds
[runlim] space:			37.8 MB
[runlim] samples:		5
[runlim] version:		1.10
[runlim] time limit:		311040000 seconds
[runlim] real time limit:	1200 seconds
[runlim] space limit:		15000 MB
[runlim] argv[0]:		python3
[runlim] argv[1]:		/raid/steuber/Software/ablector/ablector
[runlim] argv[2]:		/raid/steuber/Benchmarks/2019/QF_BV/20190311-bv-term-small-rw-Noetzli/bv-term-small-rw_563.smt2
[runlim] argv[3]:		--ufReuse=1
[runlim] argv[4]:		--omit
[runlim] argv[5]:		mul:3
[runlim] argv[6]:		--omit
[runlim] argv[7]:		sdiv:3
[runlim] argv[8]:		--omit
[runlim] argv[9]:		udiv:3
[runlim] start:			Thu May 14 14:58:50 2020
[runlim] main pid:		6846
[Ablector] INFO: ABLECTOR TIME: 0.003720
[runlim] end:			Thu May 14 14:58:51 2020
[runlim] status:		ok
[runlim] result:		0
[runlim] children:		0
[runlim] real:			1.08 seconds
[runlim] time:			0.96 seconds
[runlim] space:			37.8 MB
[runlim] samples:		4
[runlim] version:		1.10
[runlim] time limit:		311040000 seconds
[runlim] real time limit:	1200 seconds
[runlim] space limit:		15000 MB
[runlim] argv[0]:		python3
[runlim] argv[1]:		/raid/steuber/Software/ablector/ablector
[runlim] argv[2]:		/raid/steuber/Benchmarks/2019/QF_BV/Sage2/bench_6145.smt2
[runlim] argv[3]:		--ufReuse=1
[runlim] argv[4]:		--omit
[runlim] argv[5]:		mul:3
[runlim] argv[6]:		--omit
[runlim] argv[7]:		sdiv:3
[runlim] argv[8]:		--omit
[runlim] argv[9]:		udiv:3
[runlim] start:			Thu May 14 14:58:51 2020
[runlim] main pid:		6866
[Ablector] INFO: *** ROUND 0
[MulNode] INFO: Level 0
[Ablector] INFO: ABLECTOR TIME: 1.998239
[Ablector] INFO: SAT TIME: 1.991631
[Ablector] INFO: REF TIME: 0.010654
[runlim] end:			Thu May 14 14:58:54 2020
[runlim] status:		ok
[runlim] result:		0
[runlim] children:		0
[runlim] real:			3.11 seconds
[runlim] time:			3.16 seconds
[runlim] space:			69.4 MB
[runlim] samples:		26
[runlim] version:		1.10
[runlim] time limit:		311040000 seconds
[runlim] real time limit:	1200 seconds
[runlim] space limit:		15000 MB
[runlim] argv[0]:		python3
[runlim] argv[1]:		/raid/steuber/Software/ablector/ablector
[runlim] argv[2]:		/raid/steuber/Benchmarks/2019/QF_BV/Sage2/bench_8299.smt2
[runlim] argv[3]:		--ufReuse=1
[runlim] argv[4]:		--omit
[runlim] argv[5]:		mul:3
[runlim] argv[6]:		--omit
[runlim] argv[7]:		sdiv:3
[runlim] argv[8]:		--omit
[runlim] argv[9]:		udiv:3
[runlim] start:			Thu May 14 14:58:54 2020
[runlim] main pid:		6888
[Ablector] INFO: *** ROUND 0
[MulNode] INFO: Level 0
[MulNode] INFO: Level 0
[MulNode] INFO: Level 0
[MulNode] INFO: Level 0
[MulNode] INFO: Level 0
[MulNode] INFO: Level 0
[MulNode] INFO: Level 0
[MulNode] INFO: Level 0
[MulNode] INFO: Level 0
[MulNode] INFO: Level 0
[MulNode] INFO: Level 0
[MulNode] INFO: Level 0
[MulNode] INFO: Level 0
[MulNode] INFO: Level 0
[MulNode] INFO: Level 0
[MulNode] INFO: Level 0
[MulNode] INFO: Level 0
[MulNode] INFO: Level 0
[MulNode] INFO: Level 0
[MulNode] INFO: Level 0
[MulNode] INFO: Level 0
[MulNode] INFO: Level 0
[MulNode] INFO: Level 0
[MulNode] INFO: Level 0
[MulNode] INFO: Level 0
[MulNode] INFO: Level 0
[MulNode] INFO: Level 0
[MulNode] INFO: Level 0
[MulNode] INFO: Level 0
[MulNode] INFO: Level 0
[MulNode] INFO: Level 0
[MulNode] INFO: Level 0
[MulNode] INFO: Level 0
[MulNode] INFO: Level 0
[MulNode] INFO: Level 0
[MulNode] INFO: Level 0
[MulNode] INFO: Level 0
[MulNode] INFO: Level 0
[MulNode] INFO: Level 0
[MulNode] INFO: Level 0
[MulNode] INFO: Level 0
[MulNode] INFO: Level 0
[MulNode] INFO: Level 0
[MulNode] INFO: Level 0
[MulNode] INFO: Level 0
[MulNode] INFO: Level 0
[MulNode] INFO: Level 0
[MulNode] INFO: Level 0
[MulNode] INFO: Level 0
[MulNode] INFO: Level 0
[MulNode] INFO: Level 0
[MulNode] INFO: Level 0
[MulNode] INFO: Level 0
[MulNode] INFO: Level 0
[MulNode] INFO: Level 0
[MulNode] INFO: Level 0
[MulNode] INFO: Level 0
[MulNode] INFO: Level 0
[MulNode] INFO: Level 0
[MulNode] INFO: Level 0
[MulNode] INFO: Level 0
[MulNode] INFO: Level 0
[MulNode] INFO: Level 0
[MulNode] INFO: Level 0
[MulNode] INFO: Level 0
[MulNode] INFO: Level 0
[MulNode] INFO: Level 0
[MulNode] INFO: Level 0
[MulNode] INFO: Level 0
[MulNode] INFO: Level 0
[MulNode] INFO: Level 0
[MulNode] INFO: Level 0
[MulNode] INFO: Level 0
[MulNode] INFO: Level 0
[MulNode] INFO: Level 0
[MulNode] INFO: Level 0
[MulNode] INFO: Level 0
[MulNode] INFO: Level 0
[MulNode] INFO: Level 0
[MulNode] INFO: Level 0
[MulNode] INFO: Level 0
[MulNode] INFO: Level 0
[MulNode] INFO: Level 0
[MulNode] INFO: Level 0
[MulNode] INFO: Level 0
[MulNode] INFO: Level 0
[MulNode] INFO: Level 0
[MulNode] INFO: Level 0
[MulNode] INFO: Level 0
[MulNode] INFO: Level 0
[MulNode] INFO: Level 0
[MulNode] INFO: Level 0
[MulNode] INFO: Level 0
[MulNode] INFO: Level 0
[MulNode] INFO: Level 0
[MulNode] INFO: Level 0
[MulNode] INFO: Level 0
[MulNode] INFO: Level 0
[MulNode] INFO: Level 0
[MulNode] INFO: Level 0
[MulNode] INFO: Level 0
[MulNode] INFO: Level 0
[MulNode] INFO: Level 0
[MulNode] INFO: Level 0
[MulNode] INFO: Level 0
[MulNode] INFO: Level 0
[MulNode] INFO: Level 0
[MulNode] INFO: Level 0
[MulNode] INFO: Level 0
[MulNode] INFO: Level 0
[MulNode] INFO: Level 0
[MulNode] INFO: Level 0
[MulNode] INFO: Level 0
[MulNode] INFO: Level 0
[MulNode] INFO: Level 0
[MulNode] INFO: Level 0
[MulNode] INFO: Level 0
[MulNode] INFO: Level 0
[MulNode] INFO: Level 0
[MulNode] INFO: Level 0
[MulNode] INFO: Level 0
[MulNode] INFO: Level 0
[MulNode] INFO: Level 0
[MulNode] INFO: Level 0
[MulNode] INFO: Level 0
[MulNode] INFO: Level 0
[MulNode] INFO: Level 0
[MulNode] INFO: Level 0
[MulNode] INFO: Level 0
[MulNode] INFO: Level 0
[MulNode] INFO: Level 0
[MulNode] INFO: Level 0
[MulNode] INFO: Level 0
[MulNode] INFO: Level 0
[MulNode] INFO: Level 0
[MulNode] INFO: Level 0
[MulNode] INFO: Level 0
[MulNode] INFO: Level 0
[MulNode] INFO: Level 0
[Ablector] INFO: ABLECTOR TIME: 4.201087
[Ablector] INFO: SAT TIME: 4.157302
[Ablector] INFO: REF TIME: 1.112467
[runlim] end:			Thu May 14 14:59:02 2020
[runlim] status:		ok
[runlim] result:		0
[runlim] children:		2
[runlim] real:			8.33 seconds
[runlim] time:			8.15 seconds
[runlim] space:			445.7 MB
[runlim] samples:		78
[runlim] version:		1.10
[runlim] time limit:		311040000 seconds
[runlim] real time limit:	1200 seconds
[runlim] space limit:		15000 MB
[runlim] argv[0]:		python3
[runlim] argv[1]:		/raid/steuber/Software/ablector/ablector
[runlim] argv[2]:		/raid/steuber/Benchmarks/2019/QF_BV/Sage2/bench_9436.smt2
[runlim] argv[3]:		--ufReuse=1
[runlim] argv[4]:		--omit
[runlim] argv[5]:		mul:3
[runlim] argv[6]:		--omit
[runlim] argv[7]:		sdiv:3
[runlim] argv[8]:		--omit
[runlim] argv[9]:		udiv:3
[runlim] start:			Thu May 14 14:59:02 2020
[runlim] main pid:		6910
[Ablector] INFO: *** ROUND 0
[MulNode] INFO: Level 0
[Ablector] INFO: ABLECTOR TIME: 0.209702
[Ablector] INFO: SAT TIME: 0.204973
[Ablector] INFO: REF TIME: 0.010853
[runlim] end:			Thu May 14 14:59:03 2020
[runlim] status:		ok
[runlim] result:		0
[runlim] children:		0
[runlim] real:			1.41 seconds
[runlim] time:			1.27 seconds
[runlim] space:			42.0 MB
[runlim] samples:		7
[runlim] version:		1.10
[runlim] time limit:		311040000 seconds
[runlim] real time limit:	1200 seconds
[runlim] space limit:		15000 MB
[runlim] argv[0]:		python3
[runlim] argv[1]:		/raid/steuber/Software/ablector/ablector
[runlim] argv[2]:		/raid/steuber/Benchmarks/2019/QF_BV/sage/app1/bench_1999.smt2
[runlim] argv[3]:		--ufReuse=1
[runlim] argv[4]:		--omit
[runlim] argv[5]:		mul:3
[runlim] argv[6]:		--omit
[runlim] argv[7]:		sdiv:3
[runlim] argv[8]:		--omit
[runlim] argv[9]:		udiv:3
[runlim] start:			Thu May 14 14:59:03 2020
[runlim] main pid:		6930
[Ablector] INFO: ABLECTOR TIME: 0.003901
[runlim] end:			Thu May 14 14:59:04 2020
[runlim] status:		ok
[runlim] result:		0
[runlim] children:		1
[runlim] real:			1.23 seconds
[runlim] time:			0.96 seconds
[runlim] space:			37.7 MB
[runlim] samples:		4
[runlim] version:		1.10
[runlim] time limit:		311040000 seconds
[runlim] real time limit:	1200 seconds
[runlim] space limit:		15000 MB
[runlim] argv[0]:		python3
[runlim] argv[1]:		/raid/steuber/Software/ablector/ablector
[runlim] argv[2]:		/raid/steuber/Benchmarks/2019/QF_BV/sage/app7/bench_987.smt2
[runlim] argv[3]:		--ufReuse=1
[runlim] argv[4]:		--omit
[runlim] argv[5]:		mul:3
[runlim] argv[6]:		--omit
[runlim] argv[7]:		sdiv:3
[runlim] argv[8]:		--omit
[runlim] argv[9]:		udiv:3
[runlim] start:			Thu May 14 14:59:04 2020
[runlim] main pid:		6969
[Ablector] INFO: ABLECTOR TIME: 0.004062
[runlim] end:			Thu May 14 14:59:06 2020
[runlim] status:		ok
[runlim] result:		0
[runlim] children:		10
[runlim] real:			2.02 seconds
[runlim] time:			1.87 seconds
[runlim] space:			74.1 MB
[runlim] samples:		14
[runlim] version:		1.10
[runlim] time limit:		311040000 seconds
[runlim] real time limit:	1200 seconds
[runlim] space limit:		15000 MB
[runlim] argv[0]:		python3
[runlim] argv[1]:		/raid/steuber/Software/ablector/ablector
[runlim] argv[2]:		/raid/steuber/Benchmarks/2019/QF_BV/sage/app7/bench_2107.smt2
[runlim] argv[3]:		--ufReuse=1
[runlim] argv[4]:		--omit
[runlim] argv[5]:		mul:3
[runlim] argv[6]:		--omit
[runlim] argv[7]:		sdiv:3
[runlim] argv[8]:		--omit
[runlim] argv[9]:		udiv:3
[runlim] start:			Thu May 14 14:59:06 2020
[runlim] main pid:		7010
[Ablector] INFO: ABLECTOR TIME: 0.003970
[runlim] end:			Thu May 14 14:59:07 2020
[runlim] status:		ok
[runlim] result:		0
[runlim] children:		3
[runlim] real:			1.08 seconds
[runlim] time:			1.15 seconds
[runlim] space:			52.8 MB
[runlim] samples:		7
[runlim] version:		1.10
[runlim] time limit:		311040000 seconds
[runlim] real time limit:	1200 seconds
[runlim] space limit:		15000 MB
[runlim] argv[0]:		python3
[runlim] argv[1]:		/raid/steuber/Software/ablector/ablector
[runlim] argv[2]:		/raid/steuber/Benchmarks/2019/QF_BV/sage/app9/bench_337.smt2
[runlim] argv[3]:		--ufReuse=1
[runlim] argv[4]:		--omit
[runlim] argv[5]:		mul:3
[runlim] argv[6]:		--omit
[runlim] argv[7]:		sdiv:3
[runlim] argv[8]:		--omit
[runlim] argv[9]:		udiv:3
[runlim] start:			Thu May 14 14:59:07 2020
[runlim] main pid:		7034
[Ablector] INFO: ABLECTOR TIME: 0.003803
[runlim] end:			Thu May 14 14:59:07 2020
[runlim] status:		ok
[runlim] result:		0
[runlim] children:		0
[runlim] real:			0.94 seconds
[runlim] time:			1.03 seconds
[runlim] space:			37.6 MB
[runlim] samples:		5
[runlim] version:		1.10
[runlim] time limit:		311040000 seconds
[runlim] real time limit:	1200 seconds
[runlim] space limit:		15000 MB
[runlim] argv[0]:		python3
[runlim] argv[1]:		/raid/steuber/Software/ablector/ablector
[runlim] argv[2]:		/raid/steuber/Benchmarks/2019/QF_BV/sage/app9/bench_578.smt2
[runlim] argv[3]:		--ufReuse=1
[runlim] argv[4]:		--omit
[runlim] argv[5]:		mul:3
[runlim] argv[6]:		--omit
[runlim] argv[7]:		sdiv:3
[runlim] argv[8]:		--omit
[runlim] argv[9]:		udiv:3
[runlim] start:			Thu May 14 14:59:08 2020
[runlim] main pid:		7074
[Ablector] INFO: *** ROUND 0
[MulNode] INFO: Level 0
[Ablector] INFO: ABLECTOR TIME: 0.031683
[Ablector] INFO: SAT TIME: 0.027131
[Ablector] INFO: REF TIME: 0.011069
[runlim] end:			Thu May 14 14:59:09 2020
[runlim] status:		segmentation fault
[runlim] result:		4
[runlim] children:		0
[runlim] real:			1.02 seconds
[runlim] time:			1.07 seconds
[runlim] space:			41.6 MB
[runlim] samples:		7
[runlim] version:		1.10
[runlim] time limit:		311040000 seconds
[runlim] real time limit:	1200 seconds
[runlim] space limit:		15000 MB
[runlim] argv[0]:		python3
[runlim] argv[1]:		/raid/steuber/Software/ablector/ablector
[runlim] argv[2]:		/raid/steuber/Benchmarks/2019/QF_BV/sage/app8/bench_995.smt2
[runlim] argv[3]:		--ufReuse=1
[runlim] argv[4]:		--omit
[runlim] argv[5]:		mul:3
[runlim] argv[6]:		--omit
[runlim] argv[7]:		sdiv:3
[runlim] argv[8]:		--omit
[runlim] argv[9]:		udiv:3
[runlim] start:			Thu May 14 14:59:09 2020
[runlim] main pid:		7120
[Ablector] INFO: ABLECTOR TIME: 0.003954
[runlim] end:			Thu May 14 14:59:09 2020
[runlim] status:		ok
[runlim] result:		0
[runlim] children:		0
[runlim] real:			0.86 seconds
[runlim] time:			0.80 seconds
[runlim] space:			37.1 MB
[runlim] samples:		4
[runlim] version:		1.10
[runlim] time limit:		311040000 seconds
[runlim] real time limit:	1200 seconds
[runlim] space limit:		15000 MB
[runlim] argv[0]:		python3
[runlim] argv[1]:		/raid/steuber/Software/ablector/ablector
[runlim] argv[2]:		/raid/steuber/Benchmarks/2019/QF_BV/sage/app7/bench_4230.smt2
[runlim] argv[3]:		--ufReuse=1
[runlim] argv[4]:		--omit
[runlim] argv[5]:		mul:3
[runlim] argv[6]:		--omit
[runlim] argv[7]:		sdiv:3
[runlim] argv[8]:		--omit
[runlim] argv[9]:		udiv:3
[runlim] start:			Thu May 14 14:59:10 2020
[runlim] main pid:		7150
[Ablector] INFO: ABLECTOR TIME: 0.004014
[runlim] end:			Thu May 14 14:59:10 2020
[runlim] status:		ok
[runlim] result:		0
[runlim] children:		2
[runlim] real:			0.79 seconds
[runlim] time:			1.06 seconds
[runlim] space:			47.4 MB
[runlim] samples:		5
[runlim] version:		1.10
[runlim] time limit:		311040000 seconds
[runlim] real time limit:	1200 seconds
[runlim] space limit:		15000 MB
[runlim] argv[0]:		python3
[runlim] argv[1]:		/raid/steuber/Software/ablector/ablector
[runlim] argv[2]:		/raid/steuber/Benchmarks/2019/QF_BV/Sage2/bench_15027.smt2
[runlim] argv[3]:		--ufReuse=1
[runlim] argv[4]:		--omit
[runlim] argv[5]:		mul:3
[runlim] argv[6]:		--omit
[runlim] argv[7]:		sdiv:3
[runlim] argv[8]:		--omit
[runlim] argv[9]:		udiv:3
[runlim] start:			Thu May 14 14:59:11 2020
[runlim] main pid:		7190
[Ablector] INFO: *** ROUND 0
[MulNode] INFO: Level 0
[MulNode] INFO: Level 0
[MulNode] INFO: Level 0
[MulNode] INFO: Level 0
[MulNode] INFO: Level 0
[MulNode] INFO: Level 0
[UdivNode] INFO: Level 0
[MulNode] INFO: Level 0
[UdivNode] INFO: Level 0
[UdivNode] INFO: Level 0
[MulNode] INFO: Level 0
[MulNode] INFO: Level 0
[MulNode] INFO: Level 0
[MulNode] INFO: Level 0
[MulNode] INFO: Level 0
[MulNode] INFO: Level 0
[MulNode] INFO: Level 0
[MulNode] INFO: Level 0
[MulNode] INFO: Level 0
[MulNode] INFO: Level 0
[MulNode] INFO: Level 0
[MulNode] INFO: Level 0
[MulNode] INFO: Level 0
[MulNode] INFO: Level 0
[MulNode] INFO: Level 0
[MulNode] INFO: Level 0
[MulNode] INFO: Level 0
[MulNode] INFO: Level 0
[MulNode] INFO: Level 0
[MulNode] INFO: Level 0
[MulNode] INFO: Level 0
[MulNode] INFO: Level 0
[MulNode] INFO: Level 0
[MulNode] INFO: Level 0
[MulNode] INFO: Level 0
[MulNode] INFO: Level 0
[MulNode] INFO: Level 0
[MulNode] INFO: Level 0
[MulNode] INFO: Level 0
[MulNode] INFO: Level 0
[MulNode] INFO: Level 0
[MulNode] INFO: Level 0
[MulNode] INFO: Level 0
[MulNode] INFO: Level 0
[MulNode] INFO: Level 0
[MulNode] INFO: Level 0
[MulNode] INFO: Level 0
[MulNode] INFO: Level 0
[MulNode] INFO: Level 0
[MulNode] INFO: Level 0
[MulNode] INFO: Level 0
[MulNode] INFO: Level 0
[MulNode] INFO: Level 0
[MulNode] INFO: Level 0
[MulNode] INFO: Level 0
[MulNode] INFO: Level 0
[MulNode] INFO: Level 0
[MulNode] INFO: Level 0
[MulNode] INFO: Level 0
[MulNode] INFO: Level 0
[MulNode] INFO: Level 0
[MulNode] INFO: Level 0
[MulNode] INFO: Level 0
[Ablector] INFO: ABLECTOR TIME: 2.567177
[Ablector] INFO: SAT TIME: 2.551630
[Ablector] INFO: REF TIME: 0.562472
[runlim] end:			Thu May 14 14:59:14 2020
[runlim] status:		ok
[runlim] result:		0
[runlim] children:		0
[runlim] real:			3.54 seconds
[runlim] time:			3.79 seconds
[runlim] space:			106.4 MB
[runlim] samples:		33
[runlim] version:		1.10
[runlim] time limit:		311040000 seconds
[runlim] real time limit:	1200 seconds
[runlim] space limit:		15000 MB
[runlim] argv[0]:		python3
[runlim] argv[1]:		/raid/steuber/Software/ablector/ablector
[runlim] argv[2]:		/raid/steuber/Benchmarks/2019/QF_BV/20190311-bv-term-small-rw-Noetzli/bv-term-small-rw_974.smt2
[runlim] argv[3]:		--ufReuse=1
[runlim] argv[4]:		--omit
[runlim] argv[5]:		mul:3
[runlim] argv[6]:		--omit
[runlim] argv[7]:		sdiv:3
[runlim] argv[8]:		--omit
[runlim] argv[9]:		udiv:3
[runlim] start:			Thu May 14 14:59:14 2020
[runlim] main pid:		7231
[Ablector] INFO: ABLECTOR TIME: 0.003851
[runlim] end:			Thu May 14 14:59:15 2020
[runlim] status:		ok
[runlim] result:		0
[runlim] children:		0
[runlim] real:			1.31 seconds
[runlim] time:			0.93 seconds
[runlim] space:			37.6 MB
[runlim] samples:		4
[runlim] version:		1.10
[runlim] time limit:		311040000 seconds
[runlim] real time limit:	1200 seconds
[runlim] space limit:		15000 MB
[runlim] argv[0]:		python3
[runlim] argv[1]:		/raid/steuber/Software/ablector/ablector
[runlim] argv[2]:		/raid/steuber/Benchmarks/2019/QF_BV/sage/app7/bench_5482.smt2
[runlim] argv[3]:		--ufReuse=1
[runlim] argv[4]:		--omit
[runlim] argv[5]:		mul:3
[runlim] argv[6]:		--omit
[runlim] argv[7]:		sdiv:3
[runlim] argv[8]:		--omit
[runlim] argv[9]:		udiv:3
[runlim] start:			Thu May 14 14:59:15 2020
[runlim] main pid:		7251
[Ablector] INFO: ABLECTOR TIME: 0.003966
[runlim] end:			Thu May 14 14:59:16 2020
[runlim] status:		ok
[runlim] result:		0
[runlim] children:		1
[runlim] real:			1.13 seconds
[runlim] time:			0.95 seconds
[runlim] space:			41.6 MB
[runlim] samples:		4
[runlim] version:		1.10
[runlim] time limit:		311040000 seconds
[runlim] real time limit:	1200 seconds
[runlim] space limit:		15000 MB
[runlim] argv[0]:		python3
[runlim] argv[1]:		/raid/steuber/Software/ablector/ablector
[runlim] argv[2]:		/raid/steuber/Benchmarks/2019/QF_BV/sage/app1/bench_243.smt2
[runlim] argv[3]:		--ufReuse=1
[runlim] argv[4]:		--omit
[runlim] argv[5]:		mul:3
[runlim] argv[6]:		--omit
[runlim] argv[7]:		sdiv:3
[runlim] argv[8]:		--omit
[runlim] argv[9]:		udiv:3
[runlim] start:			Thu May 14 14:59:16 2020
[runlim] main pid:		7271
[Ablector] INFO: ABLECTOR TIME: 0.003716
[runlim] end:			Thu May 14 14:59:16 2020
[runlim] status:		ok
[runlim] result:		0
[runlim] children:		0
[runlim] real:			0.92 seconds
[runlim] time:			0.97 seconds
[runlim] space:			37.5 MB
[runlim] samples:		4
[runlim] version:		1.10
[runlim] time limit:		311040000 seconds
[runlim] real time limit:	1200 seconds
[runlim] space limit:		15000 MB
[runlim] argv[0]:		python3
[runlim] argv[1]:		/raid/steuber/Software/ablector/ablector
[runlim] argv[2]:		/raid/steuber/Benchmarks/2019/QF_BV/sage/app2/bench_1345.smt2
[runlim] argv[3]:		--ufReuse=1
[runlim] argv[4]:		--omit
[runlim] argv[5]:		mul:3
[runlim] argv[6]:		--omit
[runlim] argv[7]:		sdiv:3
[runlim] argv[8]:		--omit
[runlim] argv[9]:		udiv:3
[runlim] start:			Thu May 14 14:59:17 2020
[runlim] main pid:		7291
[Ablector] INFO: ABLECTOR TIME: 0.003747
[runlim] end:			Thu May 14 14:59:17 2020
[runlim] status:		ok
[runlim] result:		0
[runlim] children:		0
[runlim] real:			0.72 seconds
[runlim] time:			0.96 seconds
[runlim] space:			38.0 MB
[runlim] samples:		4
[runlim] version:		1.10
[runlim] time limit:		311040000 seconds
[runlim] real time limit:	1200 seconds
[runlim] space limit:		15000 MB
[runlim] argv[0]:		python3
[runlim] argv[1]:		/raid/steuber/Software/ablector/ablector
[runlim] argv[2]:		/raid/steuber/Benchmarks/2019/QF_BV/Sage2/bench_11964.smt2
[runlim] argv[3]:		--ufReuse=1
[runlim] argv[4]:		--omit
[runlim] argv[5]:		mul:3
[runlim] argv[6]:		--omit
[runlim] argv[7]:		sdiv:3
[runlim] argv[8]:		--omit
[runlim] argv[9]:		udiv:3
[runlim] start:			Thu May 14 14:59:18 2020
[runlim] main pid:		7311
[Ablector] INFO: *** ROUND 0
[MulNode] INFO: Level 0
[MulNode] INFO: Level 0
[MulNode] INFO: Level 0
[MulNode] INFO: Level 0
[MulNode] INFO: Level 0
[MulNode] INFO: Level 0
[MulNode] INFO: Level 0
[MulNode] INFO: Level 0
[MulNode] INFO: Level 0
[Ablector] INFO: ABLECTOR TIME: 0.549363
[Ablector] INFO: SAT TIME: 0.543118
[Ablector] INFO: REF TIME: 0.080641
[runlim] end:			Thu May 14 14:59:19 2020
[runlim] status:		ok
[runlim] result:		0
[runlim] children:		0
[runlim] real:			1.13 seconds
[runlim] time:			1.58 seconds
[runlim] space:			49.5 MB
[runlim] samples:		10
[runlim] version:		1.10
[runlim] time limit:		311040000 seconds
[runlim] real time limit:	1200 seconds
[runlim] space limit:		15000 MB
[runlim] argv[0]:		python3
[runlim] argv[1]:		/raid/steuber/Software/ablector/ablector
[runlim] argv[2]:		/raid/steuber/Benchmarks/2019/QF_BV/sage/app9/bench_474.smt2
[runlim] argv[3]:		--ufReuse=1
[runlim] argv[4]:		--omit
[runlim] argv[5]:		mul:3
[runlim] argv[6]:		--omit
[runlim] argv[7]:		sdiv:3
[runlim] argv[8]:		--omit
[runlim] argv[9]:		udiv:3
[runlim] start:			Thu May 14 14:59:19 2020
[runlim] main pid:		7332
[Ablector] INFO: *** ROUND 0
[MulNode] INFO: Level 0
[MulNode] INFO: Level 0
[MulNode] INFO: Level 0
[MulNode] INFO: Level 0
[MulNode] INFO: Level 0
[MulNode] INFO: Level 0
[MulNode] INFO: Level 0
[MulNode] INFO: Level 0
[Ablector] INFO: ABLECTOR TIME: 0.103976
[Ablector] INFO: SAT TIME: 0.098336
[Ablector] INFO: REF TIME: 0.080974
[runlim] end:			Thu May 14 14:59:20 2020
[runlim] status:		ok
[runlim] result:		0
[runlim] children:		0
[runlim] real:			1.04 seconds
[runlim] time:			1.06 seconds
[runlim] space:			42.6 MB
[runlim] samples:		5
[runlim] version:		1.10
[runlim] time limit:		311040000 seconds
[runlim] real time limit:	1200 seconds
[runlim] space limit:		15000 MB
[runlim] argv[0]:		python3
[runlim] argv[1]:		/raid/steuber/Software/ablector/ablector
[runlim] argv[2]:		/raid/steuber/Benchmarks/2019/QF_BV/sage/app7/bench_5201.smt2
[runlim] argv[3]:		--ufReuse=1
[runlim] argv[4]:		--omit
[runlim] argv[5]:		mul:3
[runlim] argv[6]:		--omit
[runlim] argv[7]:		sdiv:3
[runlim] argv[8]:		--omit
[runlim] argv[9]:		udiv:3
[runlim] start:			Thu May 14 14:59:20 2020
[runlim] main pid:		7352
[Ablector] INFO: ABLECTOR TIME: 0.003399
[runlim] end:			Thu May 14 14:59:20 2020
[runlim] status:		ok
[runlim] result:		0
[runlim] children:		0
[runlim] real:			0.93 seconds
[runlim] time:			1.00 seconds
[runlim] space:			38.0 MB
[runlim] samples:		5
[runlim] version:		1.10
[runlim] time limit:		311040000 seconds
[runlim] real time limit:	1200 seconds
[runlim] space limit:		15000 MB
[runlim] argv[0]:		python3
[runlim] argv[1]:		/raid/steuber/Software/ablector/ablector
[runlim] argv[2]:		/raid/steuber/Benchmarks/2019/QF_BV/Sage2/bench_13749.smt2
[runlim] argv[3]:		--ufReuse=1
[runlim] argv[4]:		--omit
[runlim] argv[5]:		mul:3
[runlim] argv[6]:		--omit
[runlim] argv[7]:		sdiv:3
[runlim] argv[8]:		--omit
[runlim] argv[9]:		udiv:3
[runlim] start:			Thu May 14 14:59:21 2020
[runlim] main pid:		7372
[Ablector] INFO: *** ROUND 0
[runlim] sample:		10.6 time, 10.3 real, 73.8 MB
[MulNode] INFO: Level 0
[MulNode] INFO: Level 0
[MulNode] INFO: Level 0
[MulNode] INFO: Level 0
[MulNode] INFO: Level 0
[MulNode] INFO: Level 0
[MulNode] INFO: Level 0
[MulNode] INFO: Level 0
[MulNode] INFO: Level 0
[MulNode] INFO: Level 0
[MulNode] INFO: Level 0
[MulNode] INFO: Level 0
[MulNode] INFO: Level 0
[MulNode] INFO: Level 0
[MulNode] INFO: Level 0
[MulNode] INFO: Level 0
[MulNode] INFO: Level 0
[MulNode] INFO: Level 0
[MulNode] INFO: Level 0
[MulNode] INFO: Level 0
[MulNode] INFO: Level 0
[MulNode] INFO: Level 0
[MulNode] INFO: Level 0
[MulNode] INFO: Level 0
[MulNode] INFO: Level 0
[MulNode] INFO: Level 0
[MulNode] INFO: Level 0
[MulNode] INFO: Level 0
[MulNode] INFO: Level 0
[MulNode] INFO: Level 0
[MulNode] INFO: Level 0
[MulNode] INFO: Level 0
[MulNode] INFO: Level 0
[MulNode] INFO: Level 0
[MulNode] INFO: Level 0
[MulNode] INFO: Level 0
[MulNode] INFO: Level 0
[MulNode] INFO: Level 0
[MulNode] INFO: Level 0
[MulNode] INFO: Level 0
[MulNode] INFO: Level 0
[MulNode] INFO: Level 0
[MulNode] INFO: Level 0
[MulNode] INFO: Level 0
[MulNode] INFO: Level 0
[MulNode] INFO: Level 0
[MulNode] INFO: Level 0
[MulNode] INFO: Level 0
[MulNode] INFO: Level 0
[MulNode] INFO: Level 0
[MulNode] INFO: Level 0
[MulNode] INFO: Level 0
[MulNode] INFO: Level 0
[MulNode] INFO: Level 0
[MulNode] INFO: Level 0
[MulNode] INFO: Level 0
[MulNode] INFO: Level 0
[MulNode] INFO: Level 0
[MulNode] INFO: Level 0
[MulNode] INFO: Level 0
[MulNode] INFO: Level 0
[MulNode] INFO: Level 0
[MulNode] INFO: Level 0
[MulNode] INFO: Level 0
[MulNode] INFO: Level 0
[MulNode] INFO: Level 0
[MulNode] INFO: Level 0
[MulNode] INFO: Level 0
[MulNode] INFO: Level 0
[MulNode] INFO: Level 0
[MulNode] INFO: Level 0
[MulNode] INFO: Level 0
[MulNode] INFO: Level 0
[MulNode] INFO: Level 0
[Ablector] INFO: ABLECTOR TIME: 11.665855
[Ablector] INFO: SAT TIME: 11.645060
[Ablector] INFO: REF TIME: 0.619701
[runlim] end:			Thu May 14 14:59:33 2020
[runlim] status:		ok
[runlim] result:		0
[runlim] children:		1
[runlim] real:			12.68 seconds
[runlim] time:			12.85 seconds
[runlim] space:			84.2 MB
[runlim] samples:		123
[runlim] version:		1.10
[runlim] time limit:		311040000 seconds
[runlim] real time limit:	1200 seconds
[runlim] space limit:		15000 MB
[runlim] argv[0]:		python3
[runlim] argv[1]:		/raid/steuber/Software/ablector/ablector
[runlim] argv[2]:		/raid/steuber/Benchmarks/2019/QF_BV/sage/app9/bench_513.smt2
[runlim] argv[3]:		--ufReuse=1
[runlim] argv[4]:		--omit
[runlim] argv[5]:		mul:3
[runlim] argv[6]:		--omit
[runlim] argv[7]:		sdiv:3
[runlim] argv[8]:		--omit
[runlim] argv[9]:		udiv:3
[runlim] start:			Thu May 14 14:59:34 2020
[runlim] main pid:		7392
[Ablector] INFO: *** ROUND 0
[MulNode] INFO: Level 0
[MulNode] INFO: Level 0
[Ablector] INFO: ABLECTOR TIME: 0.029316
[Ablector] INFO: SAT TIME: 0.024951
[Ablector] INFO: REF TIME: 0.021281
[runlim] end:			Thu May 14 14:59:34 2020
[runlim] status:		ok
[runlim] result:		0
[runlim] children:		0
[runlim] real:			0.55 seconds
[runlim] time:			1.08 seconds
[runlim] space:			40.2 MB
[runlim] samples:		5
[runlim] version:		1.10
[runlim] time limit:		311040000 seconds
[runlim] real time limit:	1200 seconds
[runlim] space limit:		15000 MB
[runlim] argv[0]:		python3
[runlim] argv[1]:		/raid/steuber/Software/ablector/ablector
[runlim] argv[2]:		/raid/steuber/Benchmarks/2019/QF_BV/sage/app1/bench_2100.smt2
[runlim] argv[3]:		--ufReuse=1
[runlim] argv[4]:		--omit
[runlim] argv[5]:		mul:3
[runlim] argv[6]:		--omit
[runlim] argv[7]:		sdiv:3
[runlim] argv[8]:		--omit
[runlim] argv[9]:		udiv:3
[runlim] start:			Thu May 14 14:59:34 2020
[runlim] main pid:		7412
[Ablector] INFO: ABLECTOR TIME: 0.003638
[runlim] end:			Thu May 14 14:59:35 2020
[runlim] status:		ok
[runlim] result:		0
[runlim] children:		0
[runlim] real:			1.41 seconds
[runlim] time:			1.03 seconds
[runlim] space:			37.8 MB
[runlim] samples:		5
[runlim] version:		1.10
[runlim] time limit:		311040000 seconds
[runlim] real time limit:	1200 seconds
[runlim] space limit:		15000 MB
[runlim] argv[0]:		python3
[runlim] argv[1]:		/raid/steuber/Software/ablector/ablector
[runlim] argv[2]:		/raid/steuber/Benchmarks/2019/QF_BV/sage/app12/bench_693.smt2
[runlim] argv[3]:		--ufReuse=1
[runlim] argv[4]:		--omit
[runlim] argv[5]:		mul:3
[runlim] argv[6]:		--omit
[runlim] argv[7]:		sdiv:3
[runlim] argv[8]:		--omit
[runlim] argv[9]:		udiv:3
[runlim] start:			Thu May 14 14:59:35 2020
[runlim] main pid:		7432
[Ablector] INFO: *** ROUND 0
[Ablector] INFO: *** ROUND 1
[SdivNode] INFO: Level 1
[Ablector] INFO: ABLECTOR TIME: 0.054747
[Ablector] INFO: SAT TIME: 0.050370
[Ablector] INFO: REF TIME: 0.003798
[runlim] end:			Thu May 14 14:59:36 2020
[runlim] status:		ok
[runlim] result:		0
[runlim] children:		0
[runlim] real:			1.25 seconds
[runlim] time:			0.97 seconds
[runlim] space:			40.2 MB
[runlim] samples:		4
[runlim] version:		1.10
[runlim] time limit:		311040000 seconds
[runlim] real time limit:	1200 seconds
[runlim] space limit:		15000 MB
[runlim] argv[0]:		python3
[runlim] argv[1]:		/raid/steuber/Software/ablector/ablector
[runlim] argv[2]:		/raid/steuber/Benchmarks/2019/QF_BV/Sage2/bench_9322.smt2
[runlim] argv[3]:		--ufReuse=1
[runlim] argv[4]:		--omit
[runlim] argv[5]:		mul:3
[runlim] argv[6]:		--omit
[runlim] argv[7]:		sdiv:3
[runlim] argv[8]:		--omit
[runlim] argv[9]:		udiv:3
[runlim] start:			Thu May 14 14:59:36 2020
[runlim] main pid:		7453
[Ablector] INFO: *** ROUND 0
[MulNode] INFO: Level 0
[Ablector] INFO: ABLECTOR TIME: 0.175645
[Ablector] INFO: SAT TIME: 0.170895
[Ablector] INFO: REF TIME: 0.010988
[runlim] end:			Thu May 14 14:59:37 2020
[runlim] status:		ok
[runlim] result:		0
[runlim] children:		0
[runlim] real:			1.24 seconds
[runlim] time:			1.14 seconds
[runlim] space:			43.3 MB
[runlim] samples:		6
[runlim] version:		1.10
[runlim] time limit:		311040000 seconds
[runlim] real time limit:	1200 seconds
[runlim] space limit:		15000 MB
[runlim] argv[0]:		python3
[runlim] argv[1]:		/raid/steuber/Software/ablector/ablector
[runlim] argv[2]:		/raid/steuber/Benchmarks/2019/QF_BV/sage/app7/bench_399.smt2
[runlim] argv[3]:		--ufReuse=1
[runlim] argv[4]:		--omit
[runlim] argv[5]:		mul:3
[runlim] argv[6]:		--omit
[runlim] argv[7]:		sdiv:3
[runlim] argv[8]:		--omit
[runlim] argv[9]:		udiv:3
[runlim] start:			Thu May 14 14:59:37 2020
[runlim] main pid:		7493
[Ablector] INFO: ABLECTOR TIME: 0.004019
[runlim] end:			Thu May 14 14:59:39 2020
[runlim] status:		ok
[runlim] result:		0
[runlim] children:		13
[runlim] real:			2.34 seconds
[runlim] time:			2.16 seconds
[runlim] space:			81.7 MB
[runlim] samples:		17
[runlim] version:		1.10
[runlim] time limit:		311040000 seconds
[runlim] real time limit:	1200 seconds
[runlim] space limit:		15000 MB
[runlim] argv[0]:		python3
[runlim] argv[1]:		/raid/steuber/Software/ablector/ablector
[runlim] argv[2]:		/raid/steuber/Benchmarks/2019/QF_BV/sage/app7/bench_6215.smt2
[runlim] argv[3]:		--ufReuse=1
[runlim] argv[4]:		--omit
[runlim] argv[5]:		mul:3
[runlim] argv[6]:		--omit
[runlim] argv[7]:		sdiv:3
[runlim] argv[8]:		--omit
[runlim] argv[9]:		udiv:3
[runlim] start:			Thu May 14 14:59:39 2020
[runlim] main pid:		7555
[Ablector] INFO: ABLECTOR TIME: 0.003624
[runlim] end:			Thu May 14 14:59:40 2020
[runlim] status:		ok
[runlim] result:		0
[runlim] children:		0
[runlim] real:			1.16 seconds
[runlim] time:			0.93 seconds
[runlim] space:			37.7 MB
[runlim] samples:		4
[runlim] version:		1.10
[runlim] time limit:		311040000 seconds
[runlim] real time limit:	1200 seconds
[runlim] space limit:		15000 MB
[runlim] argv[0]:		python3
[runlim] argv[1]:		/raid/steuber/Software/ablector/ablector
[runlim] argv[2]:		/raid/steuber/Benchmarks/2019/QF_BV/sage/app7/bench_1429.smt2
[runlim] argv[3]:		--ufReuse=1
[runlim] argv[4]:		--omit
[runlim] argv[5]:		mul:3
[runlim] argv[6]:		--omit
[runlim] argv[7]:		sdiv:3
[runlim] argv[8]:		--omit
[runlim] argv[9]:		udiv:3
[runlim] start:			Thu May 14 14:59:40 2020
[runlim] main pid:		7575
[Ablector] INFO: ABLECTOR TIME: 0.003795
[runlim] end:			Thu May 14 14:59:41 2020
[runlim] status:		ok
[runlim] result:		0
[runlim] children:		6
[runlim] real:			1.52 seconds
[runlim] time:			1.46 seconds
[runlim] space:			64.4 MB
[runlim] samples:		10
[runlim] version:		1.10
[runlim] time limit:		311040000 seconds
[runlim] real time limit:	1200 seconds
[runlim] space limit:		15000 MB
[runlim] argv[0]:		python3
[runlim] argv[1]:		/raid/steuber/Software/ablector/ablector
[runlim] argv[2]:		/raid/steuber/Benchmarks/2019/QF_BV/sage/app12/bench_2020.smt2
[runlim] argv[3]:		--ufReuse=1
[runlim] argv[4]:		--omit
[runlim] argv[5]:		mul:3
[runlim] argv[6]:		--omit
[runlim] argv[7]:		sdiv:3
[runlim] argv[8]:		--omit
[runlim] argv[9]:		udiv:3
[runlim] start:			Thu May 14 14:59:41 2020
[runlim] main pid:		7595
[Ablector] INFO: ABLECTOR TIME: 0.003604
[runlim] end:			Thu May 14 14:59:42 2020
[runlim] status:		ok
[runlim] result:		0
[runlim] children:		0
[runlim] real:			1.34 seconds
[runlim] time:			1.00 seconds
[runlim] space:			37.0 MB
[runlim] samples:		4
[runlim] version:		1.10
[runlim] time limit:		311040000 seconds
[runlim] real time limit:	1200 seconds
[runlim] space limit:		15000 MB
[runlim] argv[0]:		python3
[runlim] argv[1]:		/raid/steuber/Software/ablector/ablector
[runlim] argv[2]:		/raid/steuber/Benchmarks/2019/QF_BV/sage/app7/bench_8531.smt2
[runlim] argv[3]:		--ufReuse=1
[runlim] argv[4]:		--omit
[runlim] argv[5]:		mul:3
[runlim] argv[6]:		--omit
[runlim] argv[7]:		sdiv:3
[runlim] argv[8]:		--omit
[runlim] argv[9]:		udiv:3
[runlim] start:			Thu May 14 14:59:42 2020
[runlim] main pid:		7615
[Ablector] INFO: ABLECTOR TIME: 0.004023
[runlim] end:			Thu May 14 14:59:44 2020
[runlim] status:		ok
[runlim] result:		0
[runlim] children:		13
[runlim] real:			2.52 seconds
[runlim] time:			2.26 seconds
[runlim] space:			83.9 MB
[runlim] samples:		18
[runlim] version:		1.10
[runlim] time limit:		311040000 seconds
[runlim] real time limit:	1200 seconds
[runlim] space limit:		15000 MB
[runlim] argv[0]:		python3
[runlim] argv[1]:		/raid/steuber/Software/ablector/ablector
[runlim] argv[2]:		/raid/steuber/Benchmarks/2019/QF_BV/sage/app7/bench_2200.smt2
[runlim] argv[3]:		--ufReuse=1
[runlim] argv[4]:		--omit
[runlim] argv[5]:		mul:3
[runlim] argv[6]:		--omit
[runlim] argv[7]:		sdiv:3
[runlim] argv[8]:		--omit
[runlim] argv[9]:		udiv:3
[runlim] start:			Thu May 14 14:59:44 2020
[runlim] main pid:		7636
[Ablector] INFO: ABLECTOR TIME: 0.003776
[runlim] end:			Thu May 14 14:59:45 2020
[runlim] status:		ok
[runlim] result:		0
[runlim] children:		3
[runlim] real:			1.58 seconds
[runlim] time:			1.16 seconds
[runlim] space:			52.0 MB
[runlim] samples:		7
[runlim] version:		1.10
[runlim] time limit:		311040000 seconds
[runlim] real time limit:	1200 seconds
[runlim] space limit:		15000 MB
[runlim] argv[0]:		python3
[runlim] argv[1]:		/raid/steuber/Software/ablector/ablector
[runlim] argv[2]:		/raid/steuber/Benchmarks/2019/QF_BV/sage/app7/bench_2889.smt2
[runlim] argv[3]:		--ufReuse=1
[runlim] argv[4]:		--omit
[runlim] argv[5]:		mul:3
[runlim] argv[6]:		--omit
[runlim] argv[7]:		sdiv:3
[runlim] argv[8]:		--omit
[runlim] argv[9]:		udiv:3
[runlim] start:			Thu May 14 14:59:45 2020
[runlim] main pid:		7656
[Ablector] INFO: ABLECTOR TIME: 0.003707
[runlim] end:			Thu May 14 14:59:46 2020
[runlim] status:		ok
[runlim] result:		0
[runlim] children:		2
[runlim] real:			1.57 seconds
[runlim] time:			1.07 seconds
[runlim] space:			47.4 MB
[runlim] samples:		6
[runlim] version:		1.10
[runlim] time limit:		311040000 seconds
[runlim] real time limit:	1200 seconds
[runlim] space limit:		15000 MB
[runlim] argv[0]:		python3
[runlim] argv[1]:		/raid/steuber/Software/ablector/ablector
[runlim] argv[2]:		/raid/steuber/Benchmarks/2019/QF_BV/sage/app9/bench_2657.smt2
[runlim] argv[3]:		--ufReuse=1
[runlim] argv[4]:		--omit
[runlim] argv[5]:		mul:3
[runlim] argv[6]:		--omit
[runlim] argv[7]:		sdiv:3
[runlim] argv[8]:		--omit
[runlim] argv[9]:		udiv:3
[runlim] start:			Thu May 14 14:59:46 2020
[runlim] main pid:		7676
[Ablector] INFO: ABLECTOR TIME: 0.003607
[runlim] end:			Thu May 14 14:59:47 2020
[runlim] status:		ok
[runlim] result:		0
[runlim] children:		0
[runlim] real:			1.38 seconds
[runlim] time:			0.93 seconds
[runlim] space:			37.6 MB
[runlim] samples:		4
[runlim] version:		1.10
[runlim] time limit:		311040000 seconds
[runlim] real time limit:	1200 seconds
[runlim] space limit:		15000 MB
[runlim] argv[0]:		python3
[runlim] argv[1]:		/raid/steuber/Software/ablector/ablector
[runlim] argv[2]:		/raid/steuber/Benchmarks/2019/QF_BV/Sage2/bench_4525.smt2
[runlim] argv[3]:		--ufReuse=1
[runlim] argv[4]:		--omit
[runlim] argv[5]:		mul:3
[runlim] argv[6]:		--omit
[runlim] argv[7]:		sdiv:3
[runlim] argv[8]:		--omit
[runlim] argv[9]:		udiv:3
[runlim] start:			Thu May 14 14:59:47 2020
[runlim] main pid:		7696
[Ablector] INFO: *** ROUND 0
[MulNode] INFO: Level 0
[MulNode] INFO: Level 0
[MulNode] INFO: Level 0
[MulNode] INFO: Level 0
[MulNode] INFO: Level 0
[MulNode] INFO: Level 0
[MulNode] INFO: Level 0
[MulNode] INFO: Level 0
[MulNode] INFO: Level 0
[MulNode] INFO: Level 0
[MulNode] INFO: Level 0
[MulNode] INFO: Level 0
[MulNode] INFO: Level 0
[MulNode] INFO: Level 0
[MulNode] INFO: Level 0
[MulNode] INFO: Level 0
[MulNode] INFO: Level 0
[MulNode] INFO: Level 0
[MulNode] INFO: Level 0
[MulNode] INFO: Level 0
[MulNode] INFO: Level 0
[MulNode] INFO: Level 0
[MulNode] INFO: Level 0
[MulNode] INFO: Level 0
[MulNode] INFO: Level 0
[MulNode] INFO: Level 0
[MulNode] INFO: Level 0
[MulNode] INFO: Level 0
[MulNode] INFO: Level 0
[MulNode] INFO: Level 0
[MulNode] INFO: Level 0
[MulNode] INFO: Level 0
[MulNode] INFO: Level 0
[MulNode] INFO: Level 0
[Ablector] INFO: ABLECTOR TIME: 1.598963
[Ablector] INFO: SAT TIME: 1.588156
[Ablector] INFO: REF TIME: 0.305122
[runlim] end:			Thu May 14 14:59:49 2020
[runlim] status:		ok
[runlim] result:		0
[runlim] children:		0
[runlim] real:			2.97 seconds
[runlim] time:			2.74 seconds
[runlim] space:			64.3 MB
[runlim] samples:		22
[runlim] version:		1.10
[runlim] time limit:		311040000 seconds
[runlim] real time limit:	1200 seconds
[runlim] space limit:		15000 MB
[runlim] argv[0]:		python3
[runlim] argv[1]:		/raid/steuber/Software/ablector/ablector
[runlim] argv[2]:		/raid/steuber/Benchmarks/2019/QF_BV/sage/app8/bench_3802.smt2
[runlim] argv[3]:		--ufReuse=1
[runlim] argv[4]:		--omit
[runlim] argv[5]:		mul:3
[runlim] argv[6]:		--omit
[runlim] argv[7]:		sdiv:3
[runlim] argv[8]:		--omit
[runlim] argv[9]:		udiv:3
[runlim] start:			Thu May 14 14:59:50 2020
[runlim] main pid:		7717
[Ablector] INFO: ABLECTOR TIME: 0.003439
[runlim] end:			Thu May 14 14:59:50 2020
[runlim] status:		ok
[runlim] result:		0
[runlim] children:		0
[runlim] real:			0.89 seconds
[runlim] time:			0.96 seconds
[runlim] space:			37.6 MB
[runlim] samples:		5
[runlim] version:		1.10
[runlim] time limit:		311040000 seconds
[runlim] real time limit:	1200 seconds
[runlim] space limit:		15000 MB
[runlim] argv[0]:		python3
[runlim] argv[1]:		/raid/steuber/Software/ablector/ablector
[runlim] argv[2]:		/raid/steuber/Benchmarks/2019/QF_BV/Sage2/bench_16287.smt2
[runlim] argv[3]:		--ufReuse=1
[runlim] argv[4]:		--omit
[runlim] argv[5]:		mul:3
[runlim] argv[6]:		--omit
[runlim] argv[7]:		sdiv:3
[runlim] argv[8]:		--omit
[runlim] argv[9]:		udiv:3
[runlim] start:			Thu May 14 14:59:51 2020
[runlim] main pid:		7737
[Ablector] INFO: *** ROUND 0
[MulNode] INFO: Level 0
[Ablector] INFO: ABLECTOR TIME: 1.911983
[Ablector] INFO: SAT TIME: 1.905701
[Ablector] INFO: REF TIME: 0.010859
[runlim] end:			Thu May 14 14:59:53 2020
[runlim] status:		ok
[runlim] result:		0
[runlim] children:		0
[runlim] real:			2.84 seconds
[runlim] time:			3.15 seconds
[runlim] space:			72.2 MB
[runlim] samples:		26
[runlim] version:		1.10
[runlim] time limit:		311040000 seconds
[runlim] real time limit:	1200 seconds
[runlim] space limit:		15000 MB
[runlim] argv[0]:		python3
[runlim] argv[1]:		/raid/steuber/Software/ablector/ablector
[runlim] argv[2]:		/raid/steuber/Benchmarks/2019/QF_BV/Sage2/bench_2721.smt2
[runlim] argv[3]:		--ufReuse=1
[runlim] argv[4]:		--omit
[runlim] argv[5]:		mul:3
[runlim] argv[6]:		--omit
[runlim] argv[7]:		sdiv:3
[runlim] argv[8]:		--omit
[runlim] argv[9]:		udiv:3
[runlim] start:			Thu May 14 14:59:54 2020
[runlim] main pid:		7757
[Ablector] INFO: *** ROUND 0
[MulNode] INFO: Level 0
[MulNode] INFO: Level 0
[MulNode] INFO: Level 0
[MulNode] INFO: Level 0
[MulNode] INFO: Level 0
[MulNode] INFO: Level 0
[MulNode] INFO: Level 0
[MulNode] INFO: Level 0
[MulNode] INFO: Level 0
[MulNode] INFO: Level 0
[MulNode] INFO: Level 0
[MulNode] INFO: Level 0
[MulNode] INFO: Level 0
[MulNode] INFO: Level 0
[MulNode] INFO: Level 0
[MulNode] INFO: Level 0
[MulNode] INFO: Level 0
[MulNode] INFO: Level 0
[MulNode] INFO: Level 0
[MulNode] INFO: Level 0
[MulNode] INFO: Level 0
[MulNode] INFO: Level 0
[MulNode] INFO: Level 0
[MulNode] INFO: Level 0
[MulNode] INFO: Level 0
[MulNode] INFO: Level 0
[MulNode] INFO: Level 0
[MulNode] INFO: Level 0
[MulNode] INFO: Level 0
[MulNode] INFO: Level 0
[MulNode] INFO: Level 0
[MulNode] INFO: Level 0
[MulNode] INFO: Level 0
[MulNode] INFO: Level 0
[MulNode] INFO: Level 0
[MulNode] INFO: Level 0
[MulNode] INFO: Level 0
[MulNode] INFO: Level 0
[MulNode] INFO: Level 0
[MulNode] INFO: Level 0
[MulNode] INFO: Level 0
[MulNode] INFO: Level 0
[MulNode] INFO: Level 0
[Ablector] INFO: ABLECTOR TIME: 3.350647
[Ablector] INFO: SAT TIME: 3.323023
[Ablector] INFO: REF TIME: 0.367555
[runlim] end:			Thu May 14 15:00:00 2020
[runlim] status:		ok
[runlim] result:		0
[runlim] children:		2
[runlim] real:			6.51 seconds
[runlim] time:			6.70 seconds
[runlim] space:			377.7 MB
[runlim] samples:		63
[runlim] version:		1.10
[runlim] time limit:		311040000 seconds
[runlim] real time limit:	1200 seconds
[runlim] space limit:		15000 MB
[runlim] argv[0]:		python3
[runlim] argv[1]:		/raid/steuber/Software/ablector/ablector
[runlim] argv[2]:		/raid/steuber/Benchmarks/2019/QF_BV/sage/app2/bench_1270.smt2
[runlim] argv[3]:		--ufReuse=1
[runlim] argv[4]:		--omit
[runlim] argv[5]:		mul:3
[runlim] argv[6]:		--omit
[runlim] argv[7]:		sdiv:3
[runlim] argv[8]:		--omit
[runlim] argv[9]:		udiv:3
[runlim] start:			Thu May 14 15:00:00 2020
[runlim] main pid:		7778
[Ablector] INFO: ABLECTOR TIME: 0.003548
[runlim] end:			Thu May 14 15:00:01 2020
[runlim] status:		ok
[runlim] result:		0
[runlim] children:		0
[runlim] real:			1.31 seconds
[runlim] time:			0.95 seconds
[runlim] space:			37.6 MB
[runlim] samples:		4
[runlim] version:		1.10
[runlim] time limit:		311040000 seconds
[runlim] real time limit:	1200 seconds
[runlim] space limit:		15000 MB
[runlim] argv[0]:		python3
[runlim] argv[1]:		/raid/steuber/Software/ablector/ablector
[runlim] argv[2]:		/raid/steuber/Benchmarks/2019/QF_BV/Sage2/bench_13686.smt2
[runlim] argv[3]:		--ufReuse=1
[runlim] argv[4]:		--omit
[runlim] argv[5]:		mul:3
[runlim] argv[6]:		--omit
[runlim] argv[7]:		sdiv:3
[runlim] argv[8]:		--omit
[runlim] argv[9]:		udiv:3
[runlim] start:			Thu May 14 15:00:01 2020
[runlim] main pid:		7798
[Ablector] INFO: *** ROUND 0
[MulNode] INFO: Level 0
[MulNode] INFO: Level 0
[MulNode] INFO: Level 0
[MulNode] INFO: Level 0
[MulNode] INFO: Level 0
[MulNode] INFO: Level 0
[MulNode] INFO: Level 0
[MulNode] INFO: Level 0
[MulNode] INFO: Level 0
[MulNode] INFO: Level 0
[MulNode] INFO: Level 0
[MulNode] INFO: Level 0
[MulNode] INFO: Level 0
[MulNode] INFO: Level 0
[MulNode] INFO: Level 0
[MulNode] INFO: Level 0
[MulNode] INFO: Level 0
[MulNode] INFO: Level 0
[MulNode] INFO: Level 0
[MulNode] INFO: Level 0
[MulNode] INFO: Level 0
[MulNode] INFO: Level 0
[MulNode] INFO: Level 0
[MulNode] INFO: Level 0
[MulNode] INFO: Level 0
[MulNode] INFO: Level 0
[MulNode] INFO: Level 0
[MulNode] INFO: Level 0
[MulNode] INFO: Level 0
[MulNode] INFO: Level 0
[MulNode] INFO: Level 0
[MulNode] INFO: Level 0
[MulNode] INFO: Level 0
[MulNode] INFO: Level 0
[MulNode] INFO: Level 0
[MulNode] INFO: Level 0
[MulNode] INFO: Level 0
[MulNode] INFO: Level 0
[MulNode] INFO: Level 0
[MulNode] INFO: Level 0
[MulNode] INFO: Level 0
[MulNode] INFO: Level 0
[MulNode] INFO: Level 0
[MulNode] INFO: Level 0
[MulNode] INFO: Level 0
[MulNode] INFO: Level 0
[MulNode] INFO: Level 0
[MulNode] INFO: Level 0
[MulNode] INFO: Level 0
[MulNode] INFO: Level 0
[MulNode] INFO: Level 0
[MulNode] INFO: Level 0
[MulNode] INFO: Level 0
[MulNode] INFO: Level 0
[MulNode] INFO: Level 0
[MulNode] INFO: Level 0
[MulNode] INFO: Level 0
[MulNode] INFO: Level 0
[MulNode] INFO: Level 0
[MulNode] INFO: Level 0
[MulNode] INFO: Level 0
[MulNode] INFO: Level 0
[MulNode] INFO: Level 0
[MulNode] INFO: Level 0
[MulNode] INFO: Level 0
[MulNode] INFO: Level 0
[MulNode] INFO: Level 0
[MulNode] INFO: Level 0
[MulNode] INFO: Level 0
[MulNode] INFO: Level 0
[MulNode] INFO: Level 0
[MulNode] INFO: Level 0
[MulNode] INFO: Level 0
[MulNode] INFO: Level 0
[MulNode] INFO: Level 0
[MulNode] INFO: Level 0
[MulNode] INFO: Level 0
[MulNode] INFO: Level 0
[MulNode] INFO: Level 0
[Ablector] INFO: ABLECTOR TIME: 3.809671
[Ablector] INFO: SAT TIME: 3.774229
[Ablector] INFO: REF TIME: 0.658558
[runlim] end:			Thu May 14 15:00:08 2020
[runlim] status:		ok
[runlim] result:		0
[runlim] children:		2
[runlim] real:			7.71 seconds
[runlim] time:			7.39 seconds
[runlim] space:			444.4 MB
[runlim] samples:		70
[runlim] version:		1.10
[runlim] time limit:		311040000 seconds
[runlim] real time limit:	1200 seconds
[runlim] space limit:		15000 MB
[runlim] argv[0]:		python3
[runlim] argv[1]:		/raid/steuber/Software/ablector/ablector
[runlim] argv[2]:		/raid/steuber/Benchmarks/2019/QF_BV/sage/app7/bench_1243.smt2
[runlim] argv[3]:		--ufReuse=1
[runlim] argv[4]:		--omit
[runlim] argv[5]:		mul:3
[runlim] argv[6]:		--omit
[runlim] argv[7]:		sdiv:3
[runlim] argv[8]:		--omit
[runlim] argv[9]:		udiv:3
[runlim] start:			Thu May 14 15:00:09 2020
[runlim] main pid:		7819
[Ablector] INFO: ABLECTOR TIME: 0.003777
[runlim] end:			Thu May 14 15:00:10 2020
[runlim] status:		ok
[runlim] result:		0
[runlim] children:		7
[runlim] real:			1.24 seconds
[runlim] time:			1.67 seconds
[runlim] space:			68.5 MB
[runlim] samples:		11
[runlim] version:		1.10
[runlim] time limit:		311040000 seconds
[runlim] real time limit:	1200 seconds
[runlim] space limit:		15000 MB
[runlim] argv[0]:		python3
[runlim] argv[1]:		/raid/steuber/Software/ablector/ablector
[runlim] argv[2]:		/raid/steuber/Benchmarks/2019/QF_BV/20190311-bv-term-small-rw-Noetzli/bv-term-small-rw_73.smt2
[runlim] argv[3]:		--ufReuse=1
[runlim] argv[4]:		--omit
[runlim] argv[5]:		mul:3
[runlim] argv[6]:		--omit
[runlim] argv[7]:		sdiv:3
[runlim] argv[8]:		--omit
[runlim] argv[9]:		udiv:3
[runlim] start:			Thu May 14 15:00:10 2020
[runlim] main pid:		7839
[Ablector] INFO: ABLECTOR TIME: 0.003528
[runlim] end:			Thu May 14 15:00:11 2020
[runlim] status:		ok
[runlim] result:		0
[runlim] children:		0
[runlim] real:			1.01 seconds
[runlim] time:			0.97 seconds
[runlim] space:			38.0 MB
[runlim] samples:		4
[runlim] version:		1.10
[runlim] time limit:		311040000 seconds
[runlim] real time limit:	1200 seconds
[runlim] space limit:		15000 MB
[runlim] argv[0]:		python3
[runlim] argv[1]:		/raid/steuber/Software/ablector/ablector
[runlim] argv[2]:		/raid/steuber/Benchmarks/2019/QF_BV/sage/app9/bench_540.smt2
[runlim] argv[3]:		--ufReuse=1
[runlim] argv[4]:		--omit
[runlim] argv[5]:		mul:3
[runlim] argv[6]:		--omit
[runlim] argv[7]:		sdiv:3
[runlim] argv[8]:		--omit
[runlim] argv[9]:		udiv:3
[runlim] start:			Thu May 14 15:00:11 2020
[runlim] main pid:		7859
[Ablector] INFO: *** ROUND 0
[MulNode] INFO: Level 0
[MulNode] INFO: Level 0
[Ablector] INFO: ABLECTOR TIME: 0.029779
[Ablector] INFO: SAT TIME: 0.025116
[Ablector] INFO: REF TIME: 0.021171
[runlim] end:			Thu May 14 15:00:12 2020
[runlim] status:		segmentation fault
[runlim] result:		4
[runlim] children:		0
[runlim] real:			1.03 seconds
[runlim] time:			1.03 seconds
[runlim] space:			40.4 MB
[runlim] samples:		6
[runlim] version:		1.10
[runlim] time limit:		311040000 seconds
[runlim] real time limit:	1200 seconds
[runlim] space limit:		15000 MB
[runlim] argv[0]:		python3
[runlim] argv[1]:		/raid/steuber/Software/ablector/ablector
[runlim] argv[2]:		/raid/steuber/Benchmarks/2019/QF_BV/sage/app7/bench_8579.smt2
[runlim] argv[3]:		--ufReuse=1
[runlim] argv[4]:		--omit
[runlim] argv[5]:		mul:3
[runlim] argv[6]:		--omit
[runlim] argv[7]:		sdiv:3
[runlim] argv[8]:		--omit
[runlim] argv[9]:		udiv:3
[runlim] start:			Thu May 14 15:00:12 2020
[runlim] main pid:		7879
[Ablector] INFO: ABLECTOR TIME: 0.003710
[runlim] end:			Thu May 14 15:00:14 2020
[runlim] status:		ok
[runlim] result:		0
[runlim] children:		13
[runlim] real:			2.20 seconds
[runlim] time:			2.27 seconds
[runlim] space:			83.4 MB
[runlim] samples:		18
[runlim] version:		1.10
[runlim] time limit:		311040000 seconds
[runlim] real time limit:	1200 seconds
[runlim] space limit:		15000 MB
[runlim] argv[0]:		python3
[runlim] argv[1]:		/raid/steuber/Software/ablector/ablector
[runlim] argv[2]:		/raid/steuber/Benchmarks/2019/QF_BV/Sage2/bench_12617.smt2
[runlim] argv[3]:		--ufReuse=1
[runlim] argv[4]:		--omit
[runlim] argv[5]:		mul:3
[runlim] argv[6]:		--omit
[runlim] argv[7]:		sdiv:3
[runlim] argv[8]:		--omit
[runlim] argv[9]:		udiv:3
[runlim] start:			Thu May 14 15:00:14 2020
[runlim] main pid:		7899
[Ablector] INFO: *** ROUND 0
[runlim] sample:		10.6 time, 10.5 real, 73.3 MB
[runlim] sample:		20.6 time, 20.5 real, 78.6 MB
[runlim] sample:		30.6 time, 30.5 real, 78.6 MB
[MulNode] INFO: Level 0
[MulNode] INFO: Level 0
[MulNode] INFO: Level 0
[MulNode] INFO: Level 0
[MulNode] INFO: Level 0
[MulNode] INFO: Level 0
[MulNode] INFO: Level 0
[MulNode] INFO: Level 0
[MulNode] INFO: Level 0
[MulNode] INFO: Level 0
[MulNode] INFO: Level 0
[MulNode] INFO: Level 0
[MulNode] INFO: Level 0
[MulNode] INFO: Level 0
[MulNode] INFO: Level 0
[MulNode] INFO: Level 0
[MulNode] INFO: Level 0
[MulNode] INFO: Level 0
[MulNode] INFO: Level 0
[MulNode] INFO: Level 0
[MulNode] INFO: Level 0
[MulNode] INFO: Level 0
[MulNode] INFO: Level 0
[MulNode] INFO: Level 0
[MulNode] INFO: Level 0
[MulNode] INFO: Level 0
[MulNode] INFO: Level 0
[MulNode] INFO: Level 0
[MulNode] INFO: Level 0
[MulNode] INFO: Level 0
[MulNode] INFO: Level 0
[MulNode] INFO: Level 0
[MulNode] INFO: Level 0
[MulNode] INFO: Level 0
[MulNode] INFO: Level 0
[MulNode] INFO: Level 0
[MulNode] INFO: Level 0
[MulNode] INFO: Level 0
[MulNode] INFO: Level 0
[MulNode] INFO: Level 0
[Ablector] INFO: ABLECTOR TIME: 32.376440
[Ablector] INFO: SAT TIME: 32.364941
[Ablector] INFO: REF TIME: 0.351249
[runlim] end:			Thu May 14 15:00:47 2020
[runlim] status:		ok
[runlim] result:		0
[runlim] children:		1
[runlim] real:			33.61 seconds
[runlim] time:			33.55 seconds
[runlim] space:			78.8 MB
[runlim] samples:		330
[runlim] version:		1.10
[runlim] time limit:		311040000 seconds
[runlim] real time limit:	1200 seconds
[runlim] space limit:		15000 MB
[runlim] argv[0]:		python3
[runlim] argv[1]:		/raid/steuber/Software/ablector/ablector
[runlim] argv[2]:		/raid/steuber/Benchmarks/2019/QF_BV/sage/app7/bench_5137.smt2
[runlim] argv[3]:		--ufReuse=1
[runlim] argv[4]:		--omit
[runlim] argv[5]:		mul:3
[runlim] argv[6]:		--omit
[runlim] argv[7]:		sdiv:3
[runlim] argv[8]:		--omit
[runlim] argv[9]:		udiv:3
[runlim] start:			Thu May 14 15:00:47 2020
[runlim] main pid:		7926
[Ablector] INFO: ABLECTOR TIME: 0.003806
[runlim] end:			Thu May 14 15:00:48 2020
[runlim] status:		ok
[runlim] result:		0
[runlim] children:		0
[runlim] real:			1.51 seconds
[runlim] time:			0.96 seconds
[runlim] space:			37.6 MB
[runlim] samples:		5
[runlim] version:		1.10
[runlim] time limit:		311040000 seconds
[runlim] real time limit:	1200 seconds
[runlim] space limit:		15000 MB
[runlim] argv[0]:		python3
[runlim] argv[1]:		/raid/steuber/Software/ablector/ablector
[runlim] argv[2]:		/raid/steuber/Benchmarks/2019/QF_BV/sage/app7/bench_4064.smt2
[runlim] argv[3]:		--ufReuse=1
[runlim] argv[4]:		--omit
[runlim] argv[5]:		mul:3
[runlim] argv[6]:		--omit
[runlim] argv[7]:		sdiv:3
[runlim] argv[8]:		--omit
[runlim] argv[9]:		udiv:3
[runlim] start:			Thu May 14 15:00:48 2020
[runlim] main pid:		7946
[Ablector] INFO: ABLECTOR TIME: 0.003862
[runlim] end:			Thu May 14 15:00:49 2020
[runlim] status:		ok
[runlim] result:		0
[runlim] children:		2
[runlim] real:			1.45 seconds
[runlim] time:			1.04 seconds
[runlim] space:			46.4 MB
[runlim] samples:		5
[runlim] version:		1.10
[runlim] time limit:		311040000 seconds
[runlim] real time limit:	1200 seconds
[runlim] space limit:		15000 MB
[runlim] argv[0]:		python3
[runlim] argv[1]:		/raid/steuber/Software/ablector/ablector
[runlim] argv[2]:		/raid/steuber/Benchmarks/2019/QF_BV/Sage2/bench_10517.smt2
[runlim] argv[3]:		--ufReuse=1
[runlim] argv[4]:		--omit
[runlim] argv[5]:		mul:3
[runlim] argv[6]:		--omit
[runlim] argv[7]:		sdiv:3
[runlim] argv[8]:		--omit
[runlim] argv[9]:		udiv:3
[runlim] start:			Thu May 14 15:00:49 2020
[runlim] main pid:		7966
[Ablector] INFO: *** ROUND 0
[MulNode] INFO: Level 0
[MulNode] INFO: Level 0
[MulNode] INFO: Level 0
[MulNode] INFO: Level 0
[MulNode] INFO: Level 0
[MulNode] INFO: Level 0
[MulNode] INFO: Level 0
[MulNode] INFO: Level 0
[MulNode] INFO: Level 0
[Ablector] INFO: ABLECTOR TIME: 0.590477
[Ablector] INFO: SAT TIME: 0.584271
[Ablector] INFO: REF TIME: 0.081054
[runlim] end:			Thu May 14 15:00:50 2020
[runlim] status:		ok
[runlim] result:		0
[runlim] children:		0
[runlim] real:			1.87 seconds
[runlim] time:			1.56 seconds
[runlim] space:			50.3 MB
[runlim] samples:		10
[runlim] version:		1.10
[runlim] time limit:		311040000 seconds
[runlim] real time limit:	1200 seconds
[runlim] space limit:		15000 MB
[runlim] argv[0]:		python3
[runlim] argv[1]:		/raid/steuber/Software/ablector/ablector
[runlim] argv[2]:		/raid/steuber/Benchmarks/2019/QF_BV/sage/app9/bench_450.smt2
[runlim] argv[3]:		--ufReuse=1
[runlim] argv[4]:		--omit
[runlim] argv[5]:		mul:3
[runlim] argv[6]:		--omit
[runlim] argv[7]:		sdiv:3
[runlim] argv[8]:		--omit
[runlim] argv[9]:		udiv:3
[runlim] start:			Thu May 14 15:00:51 2020
[runlim] main pid:		7987
[Ablector] INFO: ABLECTOR TIME: 0.003426
[runlim] end:			Thu May 14 15:00:51 2020
[runlim] status:		ok
[runlim] result:		0
[runlim] children:		0
[runlim] real:			0.84 seconds
[runlim] time:			0.98 seconds
[runlim] space:			36.9 MB
[runlim] samples:		5
[runlim] version:		1.10
[runlim] time limit:		311040000 seconds
[runlim] real time limit:	1200 seconds
[runlim] space limit:		15000 MB
[runlim] argv[0]:		python3
[runlim] argv[1]:		/raid/steuber/Software/ablector/ablector
[runlim] argv[2]:		/raid/steuber/Benchmarks/2019/QF_BV/Sage2/bench_16566.smt2
[runlim] argv[3]:		--ufReuse=1
[runlim] argv[4]:		--omit
[runlim] argv[5]:		mul:3
[runlim] argv[6]:		--omit
[runlim] argv[7]:		sdiv:3
[runlim] argv[8]:		--omit
[runlim] argv[9]:		udiv:3
[runlim] start:			Thu May 14 15:00:52 2020
[runlim] main pid:		8007
[Ablector] INFO: *** ROUND 0
[MulNode] INFO: Level 0
[MulNode] INFO: Level 0
[MulNode] INFO: Level 0
[MulNode] INFO: Level 0
[MulNode] INFO: Level 0
[MulNode] INFO: Level 0
[MulNode] INFO: Level 0
[MulNode] INFO: Level 0
[MulNode] INFO: Level 0
[MulNode] INFO: Level 0
[MulNode] INFO: Level 0
[MulNode] INFO: Level 0
[MulNode] INFO: Level 0
[Ablector] INFO: ABLECTOR TIME: 0.225280
[Ablector] INFO: SAT TIME: 0.218848
[Ablector] INFO: REF TIME: 0.129117
[runlim] end:			Thu May 14 15:00:53 2020
[runlim] status:		ok
[runlim] result:		0
[runlim] children:		0
[runlim] real:			1.08 seconds
[runlim] time:			1.36 seconds
[runlim] space:			47.4 MB
[runlim] samples:		8
[runlim] version:		1.10
[runlim] time limit:		311040000 seconds
[runlim] real time limit:	1200 seconds
[runlim] space limit:		15000 MB
[runlim] argv[0]:		python3
[runlim] argv[1]:		/raid/steuber/Software/ablector/ablector
[runlim] argv[2]:		/raid/steuber/Benchmarks/2019/QF_BV/sage/app8/bench_3624.smt2
[runlim] argv[3]:		--ufReuse=1
[runlim] argv[4]:		--omit
[runlim] argv[5]:		mul:3
[runlim] argv[6]:		--omit
[runlim] argv[7]:		sdiv:3
[runlim] argv[8]:		--omit
[runlim] argv[9]:		udiv:3
[runlim] start:			Thu May 14 15:00:53 2020
[runlim] main pid:		8027
[Ablector] INFO: ABLECTOR TIME: 0.003556
[runlim] end:			Thu May 14 15:00:53 2020
[runlim] status:		ok
[runlim] result:		0
[runlim] children:		0
[runlim] real:			0.91 seconds
[runlim] time:			0.94 seconds
[runlim] space:			37.4 MB
[runlim] samples:		4
[runlim] version:		1.10
[runlim] time limit:		311040000 seconds
[runlim] real time limit:	1200 seconds
[runlim] space limit:		15000 MB
[runlim] argv[0]:		python3
[runlim] argv[1]:		/raid/steuber/Software/ablector/ablector
[runlim] argv[2]:		/raid/steuber/Benchmarks/2019/QF_BV/sage/app1/bench_30.smt2
[runlim] argv[3]:		--ufReuse=1
[runlim] argv[4]:		--omit
[runlim] argv[5]:		mul:3
[runlim] argv[6]:		--omit
[runlim] argv[7]:		sdiv:3
[runlim] argv[8]:		--omit
[runlim] argv[9]:		udiv:3
[runlim] start:			Thu May 14 15:00:54 2020
[runlim] main pid:		8047
[Ablector] INFO: ABLECTOR TIME: 0.003589
[runlim] end:			Thu May 14 15:00:54 2020
[runlim] status:		ok
[runlim] result:		0
[runlim] children:		1
[runlim] real:			0.73 seconds
[runlim] time:			0.98 seconds
[runlim] space:			39.5 MB
[runlim] samples:		4
[runlim] version:		1.10
[runlim] time limit:		311040000 seconds
[runlim] real time limit:	1200 seconds
[runlim] space limit:		15000 MB
[runlim] argv[0]:		python3
[runlim] argv[1]:		/raid/steuber/Software/ablector/ablector
[runlim] argv[2]:		/raid/steuber/Benchmarks/2019/QF_BV/sage/app7/bench_677.smt2
[runlim] argv[3]:		--ufReuse=1
[runlim] argv[4]:		--omit
[runlim] argv[5]:		mul:3
[runlim] argv[6]:		--omit
[runlim] argv[7]:		sdiv:3
[runlim] argv[8]:		--omit
[runlim] argv[9]:		udiv:3
[runlim] start:			Thu May 14 15:00:55 2020
[runlim] main pid:		8067
[Ablector] INFO: ABLECTOR TIME: 0.003688
[runlim] end:			Thu May 14 15:00:56 2020
[runlim] status:		ok
[runlim] result:		0
[runlim] children:		12
[runlim] real:			1.78 seconds
[runlim] time:			2.07 seconds
[runlim] space:			79.2 MB
[runlim] samples:		17
[runlim] version:		1.10
[runlim] time limit:		311040000 seconds
[runlim] real time limit:	1200 seconds
[runlim] space limit:		15000 MB
[runlim] argv[0]:		python3
[runlim] argv[1]:		/raid/steuber/Software/ablector/ablector
[runlim] argv[2]:		/raid/steuber/Benchmarks/2019/QF_BV/sage/app7/bench_5378.smt2
[runlim] argv[3]:		--ufReuse=1
[runlim] argv[4]:		--omit
[runlim] argv[5]:		mul:3
[runlim] argv[6]:		--omit
[runlim] argv[7]:		sdiv:3
[runlim] argv[8]:		--omit
[runlim] argv[9]:		udiv:3
[runlim] start:			Thu May 14 15:00:57 2020
[runlim] main pid:		8087
[Ablector] INFO: ABLECTOR TIME: 0.003661
[runlim] end:			Thu May 14 15:00:57 2020
[runlim] status:		ok
[runlim] result:		0
[runlim] children:		0
[runlim] real:			0.59 seconds
[runlim] time:			0.93 seconds
[runlim] space:			37.8 MB
[runlim] samples:		4
[runlim] version:		1.10
[runlim] time limit:		311040000 seconds
[runlim] real time limit:	1200 seconds
[runlim] space limit:		15000 MB
[runlim] argv[0]:		python3
[runlim] argv[1]:		/raid/steuber/Software/ablector/ablector
[runlim] argv[2]:		/raid/steuber/Benchmarks/2019/QF_BV/sage/app7/bench_2525.smt2
[runlim] argv[3]:		--ufReuse=1
[runlim] argv[4]:		--omit
[runlim] argv[5]:		mul:3
[runlim] argv[6]:		--omit
[runlim] argv[7]:		sdiv:3
[runlim] argv[8]:		--omit
[runlim] argv[9]:		udiv:3
[runlim] start:			Thu May 14 15:00:57 2020
[runlim] main pid:		8108
[Ablector] INFO: ABLECTOR TIME: 0.003779
[runlim] end:			Thu May 14 15:01:00 2020
[runlim] status:		ok
[runlim] result:		0
[runlim] children:		18
[runlim] real:			3.15 seconds
[runlim] time:			2.66 seconds
[runlim] space:			97.7 MB
[runlim] samples:		22
[runlim] version:		1.10
[runlim] time limit:		311040000 seconds
[runlim] real time limit:	1200 seconds
[runlim] space limit:		15000 MB
[runlim] argv[0]:		python3
[runlim] argv[1]:		/raid/steuber/Software/ablector/ablector
[runlim] argv[2]:		/raid/steuber/Benchmarks/2019/QF_BV/sage/app1/bench_2483.smt2
[runlim] argv[3]:		--ufReuse=1
[runlim] argv[4]:		--omit
[runlim] argv[5]:		mul:3
[runlim] argv[6]:		--omit
[runlim] argv[7]:		sdiv:3
[runlim] argv[8]:		--omit
[runlim] argv[9]:		udiv:3
[runlim] start:			Thu May 14 15:01:00 2020
[runlim] main pid:		8128
[Ablector] INFO: ABLECTOR TIME: 0.003574
[runlim] end:			Thu May 14 15:01:00 2020
[runlim] status:		ok
[runlim] result:		0
[runlim] children:		0
[runlim] real:			0.94 seconds
[runlim] time:			0.96 seconds
[runlim] space:			38.0 MB
[runlim] samples:		4
[runlim] version:		1.10
[runlim] time limit:		311040000 seconds
[runlim] real time limit:	1200 seconds
[runlim] space limit:		15000 MB
[runlim] argv[0]:		python3
[runlim] argv[1]:		/raid/steuber/Software/ablector/ablector
[runlim] argv[2]:		/raid/steuber/Benchmarks/2019/QF_BV/sage/app7/bench_3927.smt2
[runlim] argv[3]:		--ufReuse=1
[runlim] argv[4]:		--omit
[runlim] argv[5]:		mul:3
[runlim] argv[6]:		--omit
[runlim] argv[7]:		sdiv:3
[runlim] argv[8]:		--omit
[runlim] argv[9]:		udiv:3
[runlim] start:			Thu May 14 15:01:01 2020
[runlim] main pid:		8148
[Ablector] INFO: ABLECTOR TIME: 0.003763
[runlim] end:			Thu May 14 15:01:01 2020
[runlim] status:		ok
[runlim] result:		0
[runlim] children:		2
[runlim] real:			0.87 seconds
[runlim] time:			1.06 seconds
[runlim] space:			47.7 MB
[runlim] samples:		5
[runlim] version:		1.10
[runlim] time limit:		311040000 seconds
[runlim] real time limit:	1200 seconds
[runlim] space limit:		15000 MB
[runlim] argv[0]:		python3
[runlim] argv[1]:		/raid/steuber/Software/ablector/ablector
[runlim] argv[2]:		/raid/steuber/Benchmarks/2019/QF_BV/sage/app9/bench_2772.smt2
[runlim] argv[3]:		--ufReuse=1
[runlim] argv[4]:		--omit
[runlim] argv[5]:		mul:3
[runlim] argv[6]:		--omit
[runlim] argv[7]:		sdiv:3
[runlim] argv[8]:		--omit
[runlim] argv[9]:		udiv:3
[runlim] start:			Thu May 14 15:01:02 2020
[runlim] main pid:		8168
[Ablector] INFO: ABLECTOR TIME: 0.003580
[runlim] end:			Thu May 14 15:01:02 2020
[runlim] status:		ok
[runlim] result:		0
[runlim] children:		1
[runlim] real:			0.69 seconds
[runlim] time:			0.88 seconds
[runlim] space:			39.3 MB
[runlim] samples:		4
[runlim] version:		1.10
[runlim] time limit:		311040000 seconds
[runlim] real time limit:	1200 seconds
[runlim] space limit:		15000 MB
[runlim] argv[0]:		python3
[runlim] argv[1]:		/raid/steuber/Software/ablector/ablector
[runlim] argv[2]:		/raid/steuber/Benchmarks/2019/QF_BV/sage/app7/bench_1691.smt2
[runlim] argv[3]:		--ufReuse=1
[runlim] argv[4]:		--omit
[runlim] argv[5]:		mul:3
[runlim] argv[6]:		--omit
[runlim] argv[7]:		sdiv:3
[runlim] argv[8]:		--omit
[runlim] argv[9]:		udiv:3
[runlim] start:			Thu May 14 15:01:03 2020
[runlim] main pid:		8188
[Ablector] INFO: ABLECTOR TIME: 0.003705
[runlim] end:			Thu May 14 15:01:03 2020
[runlim] status:		ok
[runlim] result:		0
[runlim] children:		5
[runlim] real:			0.93 seconds
[runlim] time:			1.37 seconds
[runlim] space:			60.7 MB
[runlim] samples:		8
[runlim] version:		1.10
[runlim] time limit:		311040000 seconds
[runlim] real time limit:	1200 seconds
[runlim] space limit:		15000 MB
[runlim] argv[0]:		python3
[runlim] argv[1]:		/raid/steuber/Software/ablector/ablector
[runlim] argv[2]:		/raid/steuber/Benchmarks/2019/QF_BV/sage/app2/bench_1255.smt2
[runlim] argv[3]:		--ufReuse=1
[runlim] argv[4]:		--omit
[runlim] argv[5]:		mul:3
[runlim] argv[6]:		--omit
[runlim] argv[7]:		sdiv:3
[runlim] argv[8]:		--omit
[runlim] argv[9]:		udiv:3
[runlim] start:			Thu May 14 15:01:04 2020
[runlim] main pid:		8208
[Ablector] INFO: ABLECTOR TIME: 0.003586
[runlim] end:			Thu May 14 15:01:04 2020
[runlim] status:		ok
[runlim] result:		0
[runlim] children:		0
[runlim] real:			0.73 seconds
[runlim] time:			0.95 seconds
[runlim] space:			37.7 MB
[runlim] samples:		4
[runlim] version:		1.10
[runlim] time limit:		311040000 seconds
[runlim] real time limit:	1200 seconds
[runlim] space limit:		15000 MB
[runlim] argv[0]:		python3
[runlim] argv[1]:		/raid/steuber/Software/ablector/ablector
[runlim] argv[2]:		/raid/steuber/Benchmarks/2019/QF_BV/sage/app7/bench_934.smt2
[runlim] argv[3]:		--ufReuse=1
[runlim] argv[4]:		--omit
[runlim] argv[5]:		mul:3
[runlim] argv[6]:		--omit
[runlim] argv[7]:		sdiv:3
[runlim] argv[8]:		--omit
[runlim] argv[9]:		udiv:3
[runlim] start:			Thu May 14 15:01:05 2020
[runlim] main pid:		8229
[Ablector] INFO: ABLECTOR TIME: 0.003830
[runlim] end:			Thu May 14 15:01:06 2020
[runlim] status:		ok
[runlim] result:		0
[runlim] children:		11
[runlim] real:			1.56 seconds
[runlim] time:			1.96 seconds
[runlim] space:			74.1 MB
[runlim] samples:		14
[runlim] version:		1.10
[runlim] time limit:		311040000 seconds
[runlim] real time limit:	1200 seconds
[runlim] space limit:		15000 MB
[runlim] argv[0]:		python3
[runlim] argv[1]:		/raid/steuber/Software/ablector/ablector
[runlim] argv[2]:		/raid/steuber/Benchmarks/2019/QF_BV/sage/app12/bench_3715.smt2
[runlim] argv[3]:		--ufReuse=1
[runlim] argv[4]:		--omit
[runlim] argv[5]:		mul:3
[runlim] argv[6]:		--omit
[runlim] argv[7]:		sdiv:3
[runlim] argv[8]:		--omit
[runlim] argv[9]:		udiv:3
[runlim] start:			Thu May 14 15:01:06 2020
[runlim] main pid:		8249
[Ablector] INFO: *** ROUND 0
[MulNode] INFO: Level 0
[Ablector] INFO: ABLECTOR TIME: 0.022311
[Ablector] INFO: SAT TIME: 0.017843
[Ablector] INFO: REF TIME: 0.011699
[runlim] end:			Thu May 14 15:01:07 2020
[runlim] status:		ok
[runlim] result:		0
[runlim] children:		0
[runlim] real:			1.40 seconds
[runlim] time:			0.98 seconds
[runlim] space:			37.8 MB
[runlim] samples:		4
[runlim] version:		1.10
[runlim] time limit:		311040000 seconds
[runlim] real time limit:	1200 seconds
[runlim] space limit:		15000 MB
[runlim] argv[0]:		python3
[runlim] argv[1]:		/raid/steuber/Software/ablector/ablector
[runlim] argv[2]:		/raid/steuber/Benchmarks/2019/QF_BV/sage/app7/bench_356.smt2
[runlim] argv[3]:		--ufReuse=1
[runlim] argv[4]:		--omit
[runlim] argv[5]:		mul:3
[runlim] argv[6]:		--omit
[runlim] argv[7]:		sdiv:3
[runlim] argv[8]:		--omit
[runlim] argv[9]:		udiv:3
[runlim] start:			Thu May 14 15:01:07 2020
[runlim] main pid:		8269
[Ablector] INFO: ABLECTOR TIME: 0.003704
[runlim] end:			Thu May 14 15:01:09 2020
[runlim] status:		ok
[runlim] result:		0
[runlim] children:		13
[runlim] real:			2.46 seconds
[runlim] time:			2.17 seconds
[runlim] space:			81.6 MB
[runlim] samples:		17
[runlim] version:		1.10
[runlim] time limit:		311040000 seconds
[runlim] real time limit:	1200 seconds
[runlim] space limit:		15000 MB
[runlim] argv[0]:		python3
[runlim] argv[1]:		/raid/steuber/Software/ablector/ablector
[runlim] argv[2]:		/raid/steuber/Benchmarks/2019/QF_BV/Sage2/bench_9688.smt2
[runlim] argv[3]:		--ufReuse=1
[runlim] argv[4]:		--omit
[runlim] argv[5]:		mul:3
[runlim] argv[6]:		--omit
[runlim] argv[7]:		sdiv:3
[runlim] argv[8]:		--omit
[runlim] argv[9]:		udiv:3
[runlim] start:			Thu May 14 15:01:09 2020
[runlim] main pid:		8291
[Ablector] INFO: ABLECTOR TIME: 0.003580
[runlim] end:			Thu May 14 15:01:10 2020
[runlim] status:		ok
[runlim] result:		0
[runlim] children:		0
[runlim] real:			1.28 seconds
[runlim] time:			0.93 seconds
[runlim] space:			37.8 MB
[runlim] samples:		4
[runlim] version:		1.10
[runlim] time limit:		311040000 seconds
[runlim] real time limit:	1200 seconds
[runlim] space limit:		15000 MB
[runlim] argv[0]:		python3
[runlim] argv[1]:		/raid/steuber/Software/ablector/ablector
[runlim] argv[2]:		/raid/steuber/Benchmarks/2019/QF_BV/sage/app7/bench_5991.smt2
[runlim] argv[3]:		--ufReuse=1
[runlim] argv[4]:		--omit
[runlim] argv[5]:		mul:3
[runlim] argv[6]:		--omit
[runlim] argv[7]:		sdiv:3
[runlim] argv[8]:		--omit
[runlim] argv[9]:		udiv:3
[runlim] start:			Thu May 14 15:01:10 2020
[runlim] main pid:		8311
[Ablector] INFO: ABLECTOR TIME: 0.003617
[runlim] end:			Thu May 14 15:01:12 2020
[runlim] status:		ok
[runlim] result:		0
[runlim] children:		13
[runlim] real:			2.50 seconds
[runlim] time:			2.27 seconds
[runlim] space:			85.4 MB
[runlim] samples:		18
[runlim] version:		1.10
[runlim] time limit:		311040000 seconds
[runlim] real time limit:	1200 seconds
[runlim] space limit:		15000 MB
[runlim] argv[0]:		python3
[runlim] argv[1]:		/raid/steuber/Software/ablector/ablector
[runlim] argv[2]:		/raid/steuber/Benchmarks/2019/QF_BV/sage/app7/bench_4165.smt2
[runlim] argv[3]:		--ufReuse=1
[runlim] argv[4]:		--omit
[runlim] argv[5]:		mul:3
[runlim] argv[6]:		--omit
[runlim] argv[7]:		sdiv:3
[runlim] argv[8]:		--omit
[runlim] argv[9]:		udiv:3
[runlim] start:			Thu May 14 15:01:12 2020
[runlim] main pid:		8331
[Ablector] INFO: ABLECTOR TIME: 0.003682
[runlim] end:			Thu May 14 15:01:13 2020
[runlim] status:		ok
[runlim] result:		0
[runlim] children:		1
[runlim] real:			1.46 seconds
[runlim] time:			1.06 seconds
[runlim] space:			44.9 MB
[runlim] samples:		6
[runlim] version:		1.10
[runlim] time limit:		311040000 seconds
[runlim] real time limit:	1200 seconds
[runlim] space limit:		15000 MB
[runlim] argv[0]:		python3
[runlim] argv[1]:		/raid/steuber/Software/ablector/ablector
[runlim] argv[2]:		/raid/steuber/Benchmarks/2019/QF_BV/sage/app7/bench_646.smt2
[runlim] argv[3]:		--ufReuse=1
[runlim] argv[4]:		--omit
[runlim] argv[5]:		mul:3
[runlim] argv[6]:		--omit
[runlim] argv[7]:		sdiv:3
[runlim] argv[8]:		--omit
[runlim] argv[9]:		udiv:3
[runlim] start:			Thu May 14 15:01:13 2020
[runlim] main pid:		8352
[Ablector] INFO: ABLECTOR TIME: 0.003757
[runlim] end:			Thu May 14 15:01:15 2020
[runlim] status:		ok
[runlim] result:		0
[runlim] children:		13
[runlim] real:			2.49 seconds
[runlim] time:			2.15 seconds
[runlim] space:			79.9 MB
[runlim] samples:		16
[runlim] version:		1.10
[runlim] time limit:		311040000 seconds
[runlim] real time limit:	1200 seconds
[runlim] space limit:		15000 MB
[runlim] argv[0]:		python3
[runlim] argv[1]:		/raid/steuber/Software/ablector/ablector
[runlim] argv[2]:		/raid/steuber/Benchmarks/2019/QF_BV/Sage2/bench_3922.smt2
[runlim] argv[3]:		--ufReuse=1
[runlim] argv[4]:		--omit
[runlim] argv[5]:		mul:3
[runlim] argv[6]:		--omit
[runlim] argv[7]:		sdiv:3
[runlim] argv[8]:		--omit
[runlim] argv[9]:		udiv:3
[runlim] start:			Thu May 14 15:01:15 2020
[runlim] main pid:		8372
[Ablector] INFO: *** ROUND 0
[Ablector] INFO: *** ROUND 1
[Ablector] INFO: *** ROUND 2
[Ablector] INFO: *** ROUND 3
[Ablector] INFO: *** ROUND 4
[MulNode] INFO: Level 4 - Bit 0
[MulNode] INFO: Level 4 - Bit 0
[MulNode] INFO: Level 4 - Bit 0
[MulNode] INFO: Level 4 - Bit 0
[MulNode] INFO: Level 0
[MulNode] INFO: Level 0
[Ablector] INFO: ABLECTOR TIME: 1.888867
[Ablector] INFO: SAT TIME: 1.883601
[Ablector] INFO: REF TIME: 0.117877
[runlim] end:			Thu May 14 15:01:18 2020
[runlim] status:		ok
[runlim] result:		0
[runlim] children:		0
[runlim] real:			3.17 seconds
[runlim] time:			2.86 seconds
[runlim] space:			52.2 MB
[runlim] samples:		23
[runlim] version:		1.10
[runlim] time limit:		311040000 seconds
[runlim] real time limit:	1200 seconds
[runlim] space limit:		15000 MB
[runlim] argv[0]:		python3
[runlim] argv[1]:		/raid/steuber/Software/ablector/ablector
[runlim] argv[2]:		/raid/steuber/Benchmarks/2019/QF_BV/sage/app2/bench_1131.smt2
[runlim] argv[3]:		--ufReuse=1
[runlim] argv[4]:		--omit
[runlim] argv[5]:		mul:3
[runlim] argv[6]:		--omit
[runlim] argv[7]:		sdiv:3
[runlim] argv[8]:		--omit
[runlim] argv[9]:		udiv:3
[runlim] start:			Thu May 14 15:01:18 2020
[runlim] main pid:		8393
[Ablector] INFO: ABLECTOR TIME: 0.003610
[runlim] end:			Thu May 14 15:01:18 2020
[runlim] status:		ok
[runlim] result:		0
[runlim] children:		0
[runlim] real:			0.96 seconds
[runlim] time:			0.94 seconds
[runlim] space:			37.7 MB
[runlim] samples:		4
[runlim] version:		1.10
[runlim] time limit:		311040000 seconds
[runlim] real time limit:	1200 seconds
[runlim] space limit:		15000 MB
[runlim] argv[0]:		python3
[runlim] argv[1]:		/raid/steuber/Software/ablector/ablector
[runlim] argv[2]:		/raid/steuber/Benchmarks/2019/QF_BV/sage/app9/bench_308.smt2
[runlim] argv[3]:		--ufReuse=1
[runlim] argv[4]:		--omit
[runlim] argv[5]:		mul:3
[runlim] argv[6]:		--omit
[runlim] argv[7]:		sdiv:3
[runlim] argv[8]:		--omit
[runlim] argv[9]:		udiv:3
[runlim] start:			Thu May 14 15:01:19 2020
[runlim] main pid:		8413
[Ablector] INFO: *** ROUND 0
[MulNode] INFO: Level 0
[Ablector] INFO: ABLECTOR TIME: 0.019769
[Ablector] INFO: SAT TIME: 0.015273
[Ablector] INFO: REF TIME: 0.010883
[runlim] end:			Thu May 14 15:01:19 2020
[runlim] status:		ok
[runlim] result:		0
[runlim] children:		0
[runlim] real:			0.80 seconds
[runlim] time:			0.97 seconds
[runlim] space:			37.5 MB
[runlim] samples:		4
[runlim] version:		1.10
[runlim] time limit:		311040000 seconds
[runlim] real time limit:	1200 seconds
[runlim] space limit:		15000 MB
[runlim] argv[0]:		python3
[runlim] argv[1]:		/raid/steuber/Software/ablector/ablector
[runlim] argv[2]:		/raid/steuber/Benchmarks/2019/QF_BV/uclid/catchconv/convert-jpg2gif-query-1222.smt2
[runlim] argv[3]:		--ufReuse=1
[runlim] argv[4]:		--omit
[runlim] argv[5]:		mul:3
[runlim] argv[6]:		--omit
[runlim] argv[7]:		sdiv:3
[runlim] argv[8]:		--omit
[runlim] argv[9]:		udiv:3
[runlim] start:			Thu May 14 15:01:20 2020
[runlim] main pid:		8434
[Ablector] INFO: ABLECTOR TIME: 0.003619
[runlim] end:			Thu May 14 15:01:21 2020
[runlim] status:		ok
[runlim] result:		0
[runlim] children:		5
[runlim] real:			1.04 seconds
[runlim] time:			1.37 seconds
[runlim] space:			54.5 MB
[runlim] samples:		8
[runlim] version:		1.10
[runlim] time limit:		311040000 seconds
[runlim] real time limit:	1200 seconds
[runlim] space limit:		15000 MB
[runlim] argv[0]:		python3
[runlim] argv[1]:		/raid/steuber/Software/ablector/ablector
[runlim] argv[2]:		/raid/steuber/Benchmarks/2019/QF_BV/sage/app7/bench_1575.smt2
[runlim] argv[3]:		--ufReuse=1
[runlim] argv[4]:		--omit
[runlim] argv[5]:		mul:3
[runlim] argv[6]:		--omit
[runlim] argv[7]:		sdiv:3
[runlim] argv[8]:		--omit
[runlim] argv[9]:		udiv:3
[runlim] start:			Thu May 14 15:01:21 2020
[runlim] main pid:		8454
[Ablector] INFO: ABLECTOR TIME: 0.003801
[runlim] end:			Thu May 14 15:01:22 2020
[runlim] status:		ok
[runlim] result:		0
[runlim] children:		6
[runlim] real:			1.37 seconds
[runlim] time:			1.47 seconds
[runlim] space:			62.2 MB
[runlim] samples:		9
[runlim] version:		1.10
[runlim] time limit:		311040000 seconds
[runlim] real time limit:	1200 seconds
[runlim] space limit:		15000 MB
[runlim] argv[0]:		python3
[runlim] argv[1]:		/raid/steuber/Software/ablector/ablector
[runlim] argv[2]:		/raid/steuber/Benchmarks/2019/QF_BV/sage/app7/bench_5771.smt2
[runlim] argv[3]:		--ufReuse=1
[runlim] argv[4]:		--omit
[runlim] argv[5]:		mul:3
[runlim] argv[6]:		--omit
[runlim] argv[7]:		sdiv:3
[runlim] argv[8]:		--omit
[runlim] argv[9]:		udiv:3
[runlim] start:			Thu May 14 15:01:22 2020
[runlim] main pid:		8474
[Ablector] INFO: ABLECTOR TIME: 0.003489
[runlim] end:			Thu May 14 15:01:23 2020
[runlim] status:		ok
[runlim] result:		0
[runlim] children:		0
[runlim] real:			1.21 seconds
[runlim] time:			0.98 seconds
[runlim] space:			37.8 MB
[runlim] samples:		4
[runlim] version:		1.10
[runlim] time limit:		311040000 seconds
[runlim] real time limit:	1200 seconds
[runlim] space limit:		15000 MB
[runlim] argv[0]:		python3
[runlim] argv[1]:		/raid/steuber/Software/ablector/ablector
[runlim] argv[2]:		/raid/steuber/Benchmarks/2019/QF_BV/Sage2/bench_9318.smt2
[runlim] argv[3]:		--ufReuse=1
[runlim] argv[4]:		--omit
[runlim] argv[5]:		mul:3
[runlim] argv[6]:		--omit
[runlim] argv[7]:		sdiv:3
[runlim] argv[8]:		--omit
[runlim] argv[9]:		udiv:3
[runlim] start:			Thu May 14 15:01:23 2020
[runlim] main pid:		8494
[Ablector] INFO: *** ROUND 0
[MulNode] INFO: Level 0
[MulNode] INFO: Level 0
[MulNode] INFO: Level 0
[MulNode] INFO: Level 0
[MulNode] INFO: Level 0
[MulNode] INFO: Level 0
[MulNode] INFO: Level 0
[MulNode] INFO: Level 0
[MulNode] INFO: Level 0
[MulNode] INFO: Level 0
[MulNode] INFO: Level 0
[MulNode] INFO: Level 0
[MulNode] INFO: Level 0
[MulNode] INFO: Level 0
[MulNode] INFO: Level 0
[MulNode] INFO: Level 0
[MulNode] INFO: Level 0
[MulNode] INFO: Level 0
[MulNode] INFO: Level 0
[MulNode] INFO: Level 0
[MulNode] INFO: Level 0
[MulNode] INFO: Level 0
[MulNode] INFO: Level 0
[MulNode] INFO: Level 0
[MulNode] INFO: Level 0
[MulNode] INFO: Level 0
[MulNode] INFO: Level 0
[MulNode] INFO: Level 0
[MulNode] INFO: Level 0
[MulNode] INFO: Level 0
[MulNode] INFO: Level 0
[MulNode] INFO: Level 0
[Ablector] INFO: ABLECTOR TIME: 6.375612
[Ablector] INFO: SAT TIME: 6.365331
[Ablector] INFO: REF TIME: 0.299965
[runlim] end:			Thu May 14 15:01:30 2020
[runlim] status:		ok
[runlim] result:		0
[runlim] children:		0
[runlim] real:			7.49 seconds
[runlim] time:			7.45 seconds
[runlim] space:			72.2 MB
[runlim] samples:		69
[runlim] version:		1.10
[runlim] time limit:		311040000 seconds
[runlim] real time limit:	1200 seconds
[runlim] space limit:		15000 MB
[runlim] argv[0]:		python3
[runlim] argv[1]:		/raid/steuber/Software/ablector/ablector
[runlim] argv[2]:		/raid/steuber/Benchmarks/2019/QF_BV/Sage2/bench_9136.smt2
[runlim] argv[3]:		--ufReuse=1
[runlim] argv[4]:		--omit
[runlim] argv[5]:		mul:3
[runlim] argv[6]:		--omit
[runlim] argv[7]:		sdiv:3
[runlim] argv[8]:		--omit
[runlim] argv[9]:		udiv:3
[runlim] start:			Thu May 14 15:01:30 2020
[runlim] main pid:		8514
[Ablector] INFO: *** ROUND 0
[MulNode] INFO: Level 0
[Ablector] INFO: ABLECTOR TIME: 0.180943
[Ablector] INFO: SAT TIME: 0.176421
[Ablector] INFO: REF TIME: 0.010704
[runlim] end:			Thu May 14 15:01:31 2020
[runlim] status:		ok
[runlim] result:		0
[runlim] children:		0
[runlim] real:			1.50 seconds
[runlim] time:			1.17 seconds
[runlim] space:			42.1 MB
[runlim] samples:		6
[runlim] version:		1.10
[runlim] time limit:		311040000 seconds
[runlim] real time limit:	1200 seconds
[runlim] space limit:		15000 MB
[runlim] argv[0]:		python3
[runlim] argv[1]:		/raid/steuber/Software/ablector/ablector
[runlim] argv[2]:		/raid/steuber/Benchmarks/2019/QF_BV/Sage2/bench_10312.smt2
[runlim] argv[3]:		--ufReuse=1
[runlim] argv[4]:		--omit
[runlim] argv[5]:		mul:3
[runlim] argv[6]:		--omit
[runlim] argv[7]:		sdiv:3
[runlim] argv[8]:		--omit
[runlim] argv[9]:		udiv:3
[runlim] start:			Thu May 14 15:01:31 2020
[runlim] main pid:		8534
[Ablector] INFO: *** ROUND 0
[runlim] sample:		10.6 time, 10.9 real, 57.5 MB
[runlim] sample:		20.6 time, 20.9 real, 64.2 MB
[runlim] sample:		30.6 time, 30.9 real, 67.5 MB
[runlim] sample:		40.6 time, 40.9 real, 69.3 MB
[runlim] sample:		50.6 time, 50.9 real, 73.4 MB
[runlim] sample:		60.6 time, 60.9 real, 74.0 MB
[runlim] sample:		70.6 time, 70.9 real, 74.7 MB
[runlim] sample:		80.6 time, 80.9 real, 79.1 MB
[runlim] sample:		90.6 time, 90.9 real, 80.4 MB
[runlim] sample:		100.6 time, 100.9 real, 85.0 MB
[runlim] sample:		110.6 time, 110.9 real, 89.8 MB
[runlim] sample:		120.6 time, 120.9 real, 90.1 MB
[runlim] sample:		130.6 time, 130.9 real, 90.2 MB
[runlim] sample:		140.6 time, 140.9 real, 90.6 MB
[runlim] sample:		150.6 time, 150.9 real, 90.6 MB
[runlim] sample:		160.6 time, 160.9 real, 91.2 MB
[runlim] sample:		170.6 time, 170.9 real, 90.5 MB
[runlim] sample:		180.6 time, 180.9 real, 92.1 MB
[runlim] sample:		190.6 time, 190.9 real, 92.1 MB
[runlim] sample:		200.6 time, 200.9 real, 92.1 MB
[runlim] sample:		210.6 time, 210.9 real, 92.8 MB
[runlim] sample:		220.6 time, 220.9 real, 87.1 MB
[MulNode] INFO: Level 0
[MulNode] INFO: Level 0
[MulNode] INFO: Level 0
[MulNode] INFO: Level 0
[MulNode] INFO: Level 0
[MulNode] INFO: Level 0
[MulNode] INFO: Level 0
[MulNode] INFO: Level 0
[MulNode] INFO: Level 0
[MulNode] INFO: Level 0
[MulNode] INFO: Level 0
[MulNode] INFO: Level 0
[MulNode] INFO: Level 0
[MulNode] INFO: Level 0
[MulNode] INFO: Level 0
[MulNode] INFO: Level 0
[MulNode] INFO: Level 0
[Ablector] INFO: ABLECTOR TIME: 224.863672
[Ablector] INFO: SAT TIME: 224.856140
[Ablector] INFO: REF TIME: 0.163091
[runlim] end:			Thu May 14 15:05:17 2020
[runlim] status:		ok
[runlim] result:		0
[runlim] children:		0
[runlim] real:			226.23 seconds
[runlim] time:			225.86 seconds
[runlim] space:			93.2 MB
[runlim] samples:		2253
[runlim] version:		1.10
[runlim] time limit:		311040000 seconds
[runlim] real time limit:	1200 seconds
[runlim] space limit:		15000 MB
[runlim] argv[0]:		python3
[runlim] argv[1]:		/raid/steuber/Software/ablector/ablector
[runlim] argv[2]:		/raid/steuber/Benchmarks/2019/QF_BV/sage/app1/bench_1888.smt2
[runlim] argv[3]:		--ufReuse=1
[runlim] argv[4]:		--omit
[runlim] argv[5]:		mul:3
[runlim] argv[6]:		--omit
[runlim] argv[7]:		sdiv:3
[runlim] argv[8]:		--omit
[runlim] argv[9]:		udiv:3
[runlim] start:			Thu May 14 15:05:17 2020
[runlim] main pid:		8973
[Ablector] INFO: ABLECTOR TIME: 0.003961
[runlim] end:			Thu May 14 15:05:18 2020
[runlim] status:		ok
[runlim] result:		0
[runlim] children:		1
[runlim] real:			1.34 seconds
[runlim] time:			1.04 seconds
[runlim] space:			39.9 MB
[runlim] samples:		6
[runlim] version:		1.10
[runlim] time limit:		311040000 seconds
[runlim] real time limit:	1200 seconds
[runlim] space limit:		15000 MB
[runlim] argv[0]:		python3
[runlim] argv[1]:		/raid/steuber/Software/ablector/ablector
[runlim] argv[2]:		/raid/steuber/Benchmarks/2019/QF_BV/Sage2/bench_7161.smt2
[runlim] argv[3]:		--ufReuse=1
[runlim] argv[4]:		--omit
[runlim] argv[5]:		mul:3
[runlim] argv[6]:		--omit
[runlim] argv[7]:		sdiv:3
[runlim] argv[8]:		--omit
[runlim] argv[9]:		udiv:3
[runlim] start:			Thu May 14 15:05:18 2020
[runlim] main pid:		8993
[Ablector] INFO: *** ROUND 0
[MulNode] INFO: Level 0
[Ablector] INFO: ABLECTOR TIME: 0.658074
[Ablector] INFO: SAT TIME: 0.652982
[Ablector] INFO: REF TIME: 0.011114
[runlim] end:			Thu May 14 15:05:19 2020
[runlim] status:		ok
[runlim] result:		0
[runlim] children:		0
[runlim] real:			1.92 seconds
[runlim] time:			1.76 seconds
[runlim] space:			48.7 MB
[runlim] samples:		12
[runlim] version:		1.10
[runlim] time limit:		311040000 seconds
[runlim] real time limit:	1200 seconds
[runlim] space limit:		15000 MB
[runlim] argv[0]:		python3
[runlim] argv[1]:		/raid/steuber/Software/ablector/ablector
[runlim] argv[2]:		/raid/steuber/Benchmarks/2019/QF_BV/Sage2/bench_9830.smt2
[runlim] argv[3]:		--ufReuse=1
[runlim] argv[4]:		--omit
[runlim] argv[5]:		mul:3
[runlim] argv[6]:		--omit
[runlim] argv[7]:		sdiv:3
[runlim] argv[8]:		--omit
[runlim] argv[9]:		udiv:3
[runlim] start:			Thu May 14 15:05:20 2020
[runlim] main pid:		9013
[Ablector] INFO: *** ROUND 0
[MulNode] INFO: Level 0
[MulNode] INFO: Level 0
[MulNode] INFO: Level 0
[MulNode] INFO: Level 0
[MulNode] INFO: Level 0
[MulNode] INFO: Level 0
[MulNode] INFO: Level 0
[MulNode] INFO: Level 0
[MulNode] INFO: Level 0
[MulNode] INFO: Level 0
[MulNode] INFO: Level 0
[MulNode] INFO: Level 0
[MulNode] INFO: Level 0
[MulNode] INFO: Level 0
[MulNode] INFO: Level 0
[MulNode] INFO: Level 0
[MulNode] INFO: Level 0
[MulNode] INFO: Level 0
[MulNode] INFO: Level 0
[MulNode] INFO: Level 0
[MulNode] INFO: Level 0
[MulNode] INFO: Level 0
[MulNode] INFO: Level 0
[MulNode] INFO: Level 0
[MulNode] INFO: Level 0
[MulNode] INFO: Level 0
[MulNode] INFO: Level 0
[MulNode] INFO: Level 0
[MulNode] INFO: Level 0
[MulNode] INFO: Level 0
[MulNode] INFO: Level 0
[Ablector] INFO: ABLECTOR TIME: 7.488332
[Ablector] INFO: SAT TIME: 7.478447
[Ablector] INFO: REF TIME: 0.291146
[runlim] end:			Thu May 14 15:05:28 2020
[runlim] status:		ok
[runlim] result:		0
[runlim] children:		0
[runlim] real:			8.33 seconds
[runlim] time:			8.53 seconds
[runlim] space:			72.0 MB
[runlim] samples:		80
