[runlim] version:		1.10
[runlim] time limit:		311040000 seconds
[runlim] real time limit:	1200 seconds
[runlim] space limit:		15000 MB
[runlim] argv[0]:		python3
[runlim] argv[1]:		/raid/steuber/Software/ablector/ablector
[runlim] argv[2]:		/raid/steuber/Benchmarks/2019/QF_BV/sage/app7/bench_97.smt2
[runlim] argv[3]:		--ufReuse=1
[runlim] argv[4]:		--omit
[runlim] argv[5]:		mul:3
[runlim] argv[6]:		--omit
[runlim] argv[7]:		sdiv:3
[runlim] argv[8]:		--omit
[runlim] argv[9]:		udiv:3
[runlim] start:			Thu May 14 16:21:54 2020
[runlim] main pid:		16138
[Ablector] INFO: ABLECTOR TIME: 0.003837
[runlim] end:			Thu May 14 16:21:56 2020
[runlim] status:		ok
[runlim] result:		0
[runlim] children:		15
[runlim] real:			2.21 seconds
[runlim] time:			2.35 seconds
[runlim] space:			83.4 MB
[runlim] samples:		19
[runlim] version:		1.10
[runlim] time limit:		311040000 seconds
[runlim] real time limit:	1200 seconds
[runlim] space limit:		15000 MB
[runlim] argv[0]:		python3
[runlim] argv[1]:		/raid/steuber/Software/ablector/ablector
[runlim] argv[2]:		/raid/steuber/Benchmarks/2019/QF_BV/Sage2/bench_7775.smt2
[runlim] argv[3]:		--ufReuse=1
[runlim] argv[4]:		--omit
[runlim] argv[5]:		mul:3
[runlim] argv[6]:		--omit
[runlim] argv[7]:		sdiv:3
[runlim] argv[8]:		--omit
[runlim] argv[9]:		udiv:3
[runlim] start:			Thu May 14 16:21:56 2020
[runlim] main pid:		16158
[Ablector] INFO: *** ROUND 0
[MulNode] INFO: Level 0
[MulNode] INFO: Level 0
[MulNode] INFO: Level 0
[MulNode] INFO: Level 0
[MulNode] INFO: Level 0
[MulNode] INFO: Level 0
[MulNode] INFO: Level 0
[MulNode] INFO: Level 0
[MulNode] INFO: Level 0
[MulNode] INFO: Level 0
[MulNode] INFO: Level 0
[MulNode] INFO: Level 0
[MulNode] INFO: Level 0
[MulNode] INFO: Level 0
[MulNode] INFO: Level 0
[MulNode] INFO: Level 0
[MulNode] INFO: Level 0
[MulNode] INFO: Level 0
[MulNode] INFO: Level 0
[MulNode] INFO: Level 0
[MulNode] INFO: Level 0
[MulNode] INFO: Level 0
[Ablector] INFO: ABLECTOR TIME: 2.654760
[Ablector] INFO: SAT TIME: 2.645786
[Ablector] INFO: REF TIME: 0.216678
[runlim] end:			Thu May 14 16:21:59 2020
[runlim] status:		ok
[runlim] result:		0
[runlim] children:		0
[runlim] real:			3.85 seconds
[runlim] time:			3.72 seconds
[runlim] space:			77.2 MB
[runlim] samples:		32
[runlim] version:		1.10
[runlim] time limit:		311040000 seconds
[runlim] real time limit:	1200 seconds
[runlim] space limit:		15000 MB
[runlim] argv[0]:		python3
[runlim] argv[1]:		/raid/steuber/Software/ablector/ablector
[runlim] argv[2]:		/raid/steuber/Benchmarks/2019/QF_BV/sage/app7/bench_54.smt2
[runlim] argv[3]:		--ufReuse=1
[runlim] argv[4]:		--omit
[runlim] argv[5]:		mul:3
[runlim] argv[6]:		--omit
[runlim] argv[7]:		sdiv:3
[runlim] argv[8]:		--omit
[runlim] argv[9]:		udiv:3
[runlim] start:			Thu May 14 16:22:00 2020
[runlim] main pid:		16178
[Ablector] INFO: ABLECTOR TIME: 0.003936
[runlim] end:			Thu May 14 16:22:02 2020
[runlim] status:		ok
[runlim] result:		0
[runlim] children:		16
[runlim] real:			2.30 seconds
[runlim] time:			2.54 seconds
[runlim] space:			83.5 MB
[runlim] samples:		20
[runlim] version:		1.10
[runlim] time limit:		311040000 seconds
[runlim] real time limit:	1200 seconds
[runlim] space limit:		15000 MB
[runlim] argv[0]:		python3
[runlim] argv[1]:		/raid/steuber/Software/ablector/ablector
[runlim] argv[2]:		/raid/steuber/Benchmarks/2019/QF_BV/Sage2/bench_11994.smt2
[runlim] argv[3]:		--ufReuse=1
[runlim] argv[4]:		--omit
[runlim] argv[5]:		mul:3
[runlim] argv[6]:		--omit
[runlim] argv[7]:		sdiv:3
[runlim] argv[8]:		--omit
[runlim] argv[9]:		udiv:3
[runlim] start:			Thu May 14 16:22:02 2020
[runlim] main pid:		16200
[Ablector] INFO: *** ROUND 0
[MulNode] INFO: Level 0
[MulNode] INFO: Level 0
[MulNode] INFO: Level 0
[MulNode] INFO: Level 0
[MulNode] INFO: Level 0
[MulNode] INFO: Level 0
[MulNode] INFO: Level 0
[MulNode] INFO: Level 0
[MulNode] INFO: Level 0
[MulNode] INFO: Level 0
[MulNode] INFO: Level 0
[MulNode] INFO: Level 0
[MulNode] INFO: Level 0
[MulNode] INFO: Level 0
[MulNode] INFO: Level 0
[MulNode] INFO: Level 0
[MulNode] INFO: Level 0
[MulNode] INFO: Level 0
[MulNode] INFO: Level 0
[MulNode] INFO: Level 0
[MulNode] INFO: Level 0
[MulNode] INFO: Level 0
[MulNode] INFO: Level 0
[MulNode] INFO: Level 0
[MulNode] INFO: Level 0
[MulNode] INFO: Level 0
[MulNode] INFO: Level 0
[MulNode] INFO: Level 0
[MulNode] INFO: Level 0
[MulNode] INFO: Level 0
[MulNode] INFO: Level 0
[MulNode] INFO: Level 0
[MulNode] INFO: Level 0
[MulNode] INFO: Level 0
[MulNode] INFO: Level 0
[MulNode] INFO: Level 0
[MulNode] INFO: Level 0
[MulNode] INFO: Level 0
[MulNode] INFO: Level 0
[MulNode] INFO: Level 0
[MulNode] INFO: Level 0
[MulNode] INFO: Level 0
[MulNode] INFO: Level 0
[MulNode] INFO: Level 0
[MulNode] INFO: Level 0
[MulNode] INFO: Level 0
[MulNode] INFO: Level 0
[MulNode] INFO: Level 0
[MulNode] INFO: Level 0
[MulNode] INFO: Level 0
[MulNode] INFO: Level 0
[Ablector] INFO: ABLECTOR TIME: 1.083418
[Ablector] INFO: SAT TIME: 1.068531
[Ablector] INFO: REF TIME: 0.544875
[runlim] end:			Thu May 14 16:22:04 2020
[runlim] status:		ok
[runlim] result:		0
[runlim] children:		0
[runlim] real:			2.88 seconds
[runlim] time:			2.73 seconds
[runlim] space:			98.4 MB
[runlim] samples:		22
[runlim] version:		1.10
[runlim] time limit:		311040000 seconds
[runlim] real time limit:	1200 seconds
[runlim] space limit:		15000 MB
[runlim] argv[0]:		python3
[runlim] argv[1]:		/raid/steuber/Software/ablector/ablector
[runlim] argv[2]:		/raid/steuber/Benchmarks/2019/QF_BV/Sage2/bench_4569.smt2
[runlim] argv[3]:		--ufReuse=1
[runlim] argv[4]:		--omit
[runlim] argv[5]:		mul:3
[runlim] argv[6]:		--omit
[runlim] argv[7]:		sdiv:3
[runlim] argv[8]:		--omit
[runlim] argv[9]:		udiv:3
[runlim] start:			Thu May 14 16:22:05 2020
[runlim] main pid:		16220
[Ablector] INFO: *** ROUND 0
[MulNode] INFO: Level 0
[MulNode] INFO: Level 0
[MulNode] INFO: Level 0
[MulNode] INFO: Level 0
[MulNode] INFO: Level 0
[MulNode] INFO: Level 0
[MulNode] INFO: Level 0
[MulNode] INFO: Level 0
[MulNode] INFO: Level 0
[MulNode] INFO: Level 0
[MulNode] INFO: Level 0
[MulNode] INFO: Level 0
[MulNode] INFO: Level 0
[MulNode] INFO: Level 0
[MulNode] INFO: Level 0
[MulNode] INFO: Level 0
[MulNode] INFO: Level 0
[MulNode] INFO: Level 0
[MulNode] INFO: Level 0
[MulNode] INFO: Level 0
[MulNode] INFO: Level 0
[MulNode] INFO: Level 0
[MulNode] INFO: Level 0
[Ablector] INFO: ABLECTOR TIME: 1.140720
[Ablector] INFO: SAT TIME: 1.129635
[Ablector] INFO: REF TIME: 0.215462
[runlim] end:			Thu May 14 16:22:10 2020
[runlim] status:		ok
[runlim] result:		0
[runlim] children:		1
[runlim] real:			5.08 seconds
[runlim] time:			5.19 seconds
[runlim] space:			132.5 MB
[runlim] samples:		48
[runlim] version:		1.10
[runlim] time limit:		311040000 seconds
[runlim] real time limit:	1200 seconds
[runlim] space limit:		15000 MB
[runlim] argv[0]:		python3
[runlim] argv[1]:		/raid/steuber/Software/ablector/ablector
[runlim] argv[2]:		/raid/steuber/Benchmarks/2019/QF_BV/sage/app7/bench_7591.smt2
[runlim] argv[3]:		--ufReuse=1
[runlim] argv[4]:		--omit
[runlim] argv[5]:		mul:3
[runlim] argv[6]:		--omit
[runlim] argv[7]:		sdiv:3
[runlim] argv[8]:		--omit
[runlim] argv[9]:		udiv:3
[runlim] start:			Thu May 14 16:22:10 2020
[runlim] main pid:		16240
[Ablector] INFO: ABLECTOR TIME: 0.004034
[runlim] end:			Thu May 14 16:22:12 2020
[runlim] status:		ok
[runlim] result:		0
[runlim] children:		14
[runlim] real:			2.29 seconds
[runlim] time:			2.24 seconds
[runlim] space:			83.6 MB
[runlim] samples:		18
[runlim] version:		1.10
[runlim] time limit:		311040000 seconds
[runlim] real time limit:	1200 seconds
[runlim] space limit:		15000 MB
[runlim] argv[0]:		python3
[runlim] argv[1]:		/raid/steuber/Software/ablector/ablector
[runlim] argv[2]:		/raid/steuber/Benchmarks/2019/QF_BV/sage/app1/bench_2047.smt2
[runlim] argv[3]:		--ufReuse=1
[runlim] argv[4]:		--omit
[runlim] argv[5]:		mul:3
[runlim] argv[6]:		--omit
[runlim] argv[7]:		sdiv:3
[runlim] argv[8]:		--omit
[runlim] argv[9]:		udiv:3
[runlim] start:			Thu May 14 16:22:12 2020
[runlim] main pid:		16263
[Ablector] INFO: ABLECTOR TIME: 0.003943
[runlim] end:			Thu May 14 16:22:13 2020
[runlim] status:		ok
[runlim] result:		0
[runlim] children:		0
[runlim] real:			1.12 seconds
[runlim] time:			0.96 seconds
[runlim] space:			37.8 MB
[runlim] samples:		4
[runlim] version:		1.10
[runlim] time limit:		311040000 seconds
[runlim] real time limit:	1200 seconds
[runlim] space limit:		15000 MB
[runlim] argv[0]:		python3
[runlim] argv[1]:		/raid/steuber/Software/ablector/ablector
[runlim] argv[2]:		/raid/steuber/Benchmarks/2019/QF_BV/sage/app9/bench_3158.smt2
[runlim] argv[3]:		--ufReuse=1
[runlim] argv[4]:		--omit
[runlim] argv[5]:		mul:3
[runlim] argv[6]:		--omit
[runlim] argv[7]:		sdiv:3
[runlim] argv[8]:		--omit
[runlim] argv[9]:		udiv:3
[runlim] start:			Thu May 14 16:22:13 2020
[runlim] main pid:		16283
[Ablector] INFO: ABLECTOR TIME: 0.003473
[runlim] end:			Thu May 14 16:22:13 2020
[runlim] status:		ok
[runlim] result:		0
[runlim] children:		0
[runlim] real:			0.98 seconds
[runlim] time:			0.97 seconds
[runlim] space:			37.4 MB
[runlim] samples:		4
[runlim] version:		1.10
[runlim] time limit:		311040000 seconds
[runlim] real time limit:	1200 seconds
[runlim] space limit:		15000 MB
[runlim] argv[0]:		python3
[runlim] argv[1]:		/raid/steuber/Software/ablector/ablector
[runlim] argv[2]:		/raid/steuber/Benchmarks/2019/QF_BV/spear/samba_v3.0.24/bin_eventlogadm_vc354401.smt2
[runlim] argv[3]:		--ufReuse=1
[runlim] argv[4]:		--omit
[runlim] argv[5]:		mul:3
[runlim] argv[6]:		--omit
[runlim] argv[7]:		sdiv:3
[runlim] argv[8]:		--omit
[runlim] argv[9]:		udiv:3
[runlim] start:			Thu May 14 16:22:14 2020
[runlim] main pid:		16303
[Ablector] INFO: ABLECTOR TIME: 0.003533
[runlim] end:			Thu May 14 16:22:14 2020
[runlim] status:		ok
[runlim] result:		0
[runlim] children:		2
[runlim] real:			0.98 seconds
[runlim] time:			1.07 seconds
[runlim] space:			49.1 MB
[runlim] samples:		6
[runlim] version:		1.10
[runlim] time limit:		311040000 seconds
[runlim] real time limit:	1200 seconds
[runlim] space limit:		15000 MB
[runlim] argv[0]:		python3
[runlim] argv[1]:		/raid/steuber/Software/ablector/ablector
[runlim] argv[2]:		/raid/steuber/Benchmarks/2019/QF_BV/sage/app8/bench_856.smt2
[runlim] argv[3]:		--ufReuse=1
[runlim] argv[4]:		--omit
[runlim] argv[5]:		mul:3
[runlim] argv[6]:		--omit
[runlim] argv[7]:		sdiv:3
[runlim] argv[8]:		--omit
[runlim] argv[9]:		udiv:3
[runlim] start:			Thu May 14 16:22:15 2020
[runlim] main pid:		16323
[Ablector] INFO: *** ROUND 0
[MulNode] INFO: Level 0
[MulNode] INFO: Level 0
[MulNode] INFO: Level 0
[MulNode] INFO: Level 0
[MulNode] INFO: Level 0
[MulNode] INFO: Level 0
[MulNode] INFO: Level 0
[MulNode] INFO: Level 0
[MulNode] INFO: Level 0
[MulNode] INFO: Level 0
[MulNode] INFO: Level 0
[Ablector] INFO: ABLECTOR TIME: 0.170573
[Ablector] INFO: SAT TIME: 0.164187
[Ablector] INFO: REF TIME: 0.107550
[runlim] end:			Thu May 14 16:22:16 2020
[runlim] status:		ok
[runlim] result:		0
[runlim] children:		0
[runlim] real:			1.06 seconds
[runlim] time:			1.26 seconds
[runlim] space:			46.9 MB
[runlim] samples:		7
[runlim] version:		1.10
[runlim] time limit:		311040000 seconds
[runlim] real time limit:	1200 seconds
[runlim] space limit:		15000 MB
[runlim] argv[0]:		python3
[runlim] argv[1]:		/raid/steuber/Software/ablector/ablector
[runlim] argv[2]:		/raid/steuber/Benchmarks/2019/QF_BV/Sage2/bench_3778.smt2
[runlim] argv[3]:		--ufReuse=1
[runlim] argv[4]:		--omit
[runlim] argv[5]:		mul:3
[runlim] argv[6]:		--omit
[runlim] argv[7]:		sdiv:3
[runlim] argv[8]:		--omit
[runlim] argv[9]:		udiv:3
[runlim] start:			Thu May 14 16:22:16 2020
[runlim] main pid:		16344
[Ablector] INFO: *** ROUND 0
[MulNode] INFO: Level 0
[MulNode] INFO: Level 0
[MulNode] INFO: Level 0
[MulNode] INFO: Level 0
[MulNode] INFO: Level 0
[MulNode] INFO: Level 0
[MulNode] INFO: Level 0
[MulNode] INFO: Level 0
[MulNode] INFO: Level 0
[MulNode] INFO: Level 0
[MulNode] INFO: Level 0
[MulNode] INFO: Level 0
[MulNode] INFO: Level 0
[MulNode] INFO: Level 0
[MulNode] INFO: Level 0
[MulNode] INFO: Level 0
[MulNode] INFO: Level 0
[MulNode] INFO: Level 0
[MulNode] INFO: Level 0
[MulNode] INFO: Level 0
[MulNode] INFO: Level 0
[MulNode] INFO: Level 0
[MulNode] INFO: Level 0
[MulNode] INFO: Level 0
[MulNode] INFO: Level 0
[MulNode] INFO: Level 0
[MulNode] INFO: Level 0
[MulNode] INFO: Level 0
[MulNode] INFO: Level 0
[MulNode] INFO: Level 0
[MulNode] INFO: Level 0
[MulNode] INFO: Level 0
[MulNode] INFO: Level 0
[MulNode] INFO: Level 0
[MulNode] INFO: Level 0
[MulNode] INFO: Level 0
[MulNode] INFO: Level 0
[Ablector] INFO: ABLECTOR TIME: 3.642137
[Ablector] INFO: SAT TIME: 3.630435
[Ablector] INFO: REF TIME: 0.358599
[runlim] end:			Thu May 14 16:22:20 2020
[runlim] status:		ok
[runlim] result:		0
[runlim] children:		0
[runlim] real:			4.67 seconds
[runlim] time:			4.76 seconds
[runlim] space:			85.8 MB
[runlim] samples:		42
[runlim] version:		1.10
[runlim] time limit:		311040000 seconds
[runlim] real time limit:	1200 seconds
[runlim] space limit:		15000 MB
[runlim] argv[0]:		python3
[runlim] argv[1]:		/raid/steuber/Software/ablector/ablector
[runlim] argv[2]:		/raid/steuber/Benchmarks/2019/QF_BV/sage/app2/bench_783.smt2
[runlim] argv[3]:		--ufReuse=1
[runlim] argv[4]:		--omit
[runlim] argv[5]:		mul:3
[runlim] argv[6]:		--omit
[runlim] argv[7]:		sdiv:3
[runlim] argv[8]:		--omit
[runlim] argv[9]:		udiv:3
[runlim] start:			Thu May 14 16:22:21 2020
[runlim] main pid:		16364
[Ablector] INFO: ABLECTOR TIME: 0.003840
[runlim] end:			Thu May 14 16:22:21 2020
[runlim] status:		ok
[runlim] result:		0
[runlim] children:		1
[runlim] real:			0.55 seconds
[runlim] time:			1.01 seconds
[runlim] space:			39.6 MB
[runlim] samples:		5
[runlim] version:		1.10
[runlim] time limit:		311040000 seconds
[runlim] real time limit:	1200 seconds
[runlim] space limit:		15000 MB
[runlim] argv[0]:		python3
[runlim] argv[1]:		/raid/steuber/Software/ablector/ablector
[runlim] argv[2]:		/raid/steuber/Benchmarks/2019/QF_BV/sage/app9/bench_515.smt2
[runlim] argv[3]:		--ufReuse=1
[runlim] argv[4]:		--omit
[runlim] argv[5]:		mul:3
[runlim] argv[6]:		--omit
[runlim] argv[7]:		sdiv:3
[runlim] argv[8]:		--omit
[runlim] argv[9]:		udiv:3
[runlim] start:			Thu May 14 16:22:21 2020
[runlim] main pid:		16384
[Ablector] INFO: *** ROUND 0
[MulNode] INFO: Level 0
[MulNode] INFO: Level 0
[Ablector] INFO: ABLECTOR TIME: 0.029560
[Ablector] INFO: SAT TIME: 0.024494
[Ablector] INFO: REF TIME: 0.020851
[runlim] end:			Thu May 14 16:22:22 2020
[runlim] status:		ok
[runlim] result:		0
[runlim] children:		0
[runlim] real:			1.42 seconds
[runlim] time:			1.07 seconds
[runlim] space:			40.2 MB
[runlim] samples:		5
[runlim] version:		1.10
[runlim] time limit:		311040000 seconds
[runlim] real time limit:	1200 seconds
[runlim] space limit:		15000 MB
[runlim] argv[0]:		python3
[runlim] argv[1]:		/raid/steuber/Software/ablector/ablector
[runlim] argv[2]:		/raid/steuber/Benchmarks/2019/QF_BV/Sage2/bench_146.smt2
[runlim] argv[3]:		--ufReuse=1
[runlim] argv[4]:		--omit
[runlim] argv[5]:		mul:3
[runlim] argv[6]:		--omit
[runlim] argv[7]:		sdiv:3
[runlim] argv[8]:		--omit
[runlim] argv[9]:		udiv:3
[runlim] start:			Thu May 14 16:22:22 2020
[runlim] main pid:		16404
[Ablector] INFO: *** ROUND 0
[MulNode] INFO: Level 0
[MulNode] INFO: Level 0
[MulNode] INFO: Level 0
[MulNode] INFO: Level 0
[MulNode] INFO: Level 0
[MulNode] INFO: Level 0
[MulNode] INFO: Level 0
[MulNode] INFO: Level 0
[MulNode] INFO: Level 0
[MulNode] INFO: Level 0
[MulNode] INFO: Level 0
[MulNode] INFO: Level 0
[MulNode] INFO: Level 0
[MulNode] INFO: Level 0
[MulNode] INFO: Level 0
[MulNode] INFO: Level 0
[MulNode] INFO: Level 0
[MulNode] INFO: Level 0
[MulNode] INFO: Level 0
[MulNode] INFO: Level 0
[MulNode] INFO: Level 0
[MulNode] INFO: Level 0
[MulNode] INFO: Level 0
[MulNode] INFO: Level 0
[MulNode] INFO: Level 0
[MulNode] INFO: Level 0
[Ablector] INFO: ABLECTOR TIME: 1.366080
[Ablector] INFO: SAT TIME: 1.356035
[Ablector] INFO: REF TIME: 0.248269
[runlim] end:			Thu May 14 16:22:24 2020
[runlim] status:		ok
[runlim] result:		0
[runlim] children:		0
[runlim] real:			2.85 seconds
[runlim] time:			2.55 seconds
[runlim] space:			86.6 MB
[runlim] samples:		20
[runlim] version:		1.10
[runlim] time limit:		311040000 seconds
[runlim] real time limit:	1200 seconds
[runlim] space limit:		15000 MB
[runlim] argv[0]:		python3
[runlim] argv[1]:		/raid/steuber/Software/ablector/ablector
[runlim] argv[2]:		/raid/steuber/Benchmarks/2019/QF_BV/sage/app7/bench_5602.smt2
[runlim] argv[3]:		--ufReuse=1
[runlim] argv[4]:		--omit
[runlim] argv[5]:		mul:3
[runlim] argv[6]:		--omit
[runlim] argv[7]:		sdiv:3
[runlim] argv[8]:		--omit
[runlim] argv[9]:		udiv:3
[runlim] start:			Thu May 14 16:22:25 2020
[runlim] main pid:		16426
[Ablector] INFO: ABLECTOR TIME: 0.003744
[runlim] end:			Thu May 14 16:22:25 2020
[runlim] status:		ok
[runlim] result:		0
[runlim] children:		1
[runlim] real:			0.72 seconds
[runlim] time:			1.03 seconds
[runlim] space:			39.5 MB
[runlim] samples:		5
[runlim] version:		1.10
[runlim] time limit:		311040000 seconds
[runlim] real time limit:	1200 seconds
[runlim] space limit:		15000 MB
[runlim] argv[0]:		python3
[runlim] argv[1]:		/raid/steuber/Software/ablector/ablector
[runlim] argv[2]:		/raid/steuber/Benchmarks/2019/QF_BV/sage/app12/bench_5483.smt2
[runlim] argv[3]:		--ufReuse=1
[runlim] argv[4]:		--omit
[runlim] argv[5]:		mul:3
[runlim] argv[6]:		--omit
[runlim] argv[7]:		sdiv:3
[runlim] argv[8]:		--omit
[runlim] argv[9]:		udiv:3
[runlim] start:			Thu May 14 16:22:26 2020
[runlim] main pid:		16446
[Ablector] INFO: *** ROUND 0
[SdivNode] INFO: Level 0
[Ablector] INFO: ABLECTOR TIME: 0.016211
[Ablector] INFO: SAT TIME: 0.011508
[Ablector] INFO: REF TIME: 0.001910
[runlim] end:			Thu May 14 16:22:26 2020
[runlim] status:		ok
[runlim] result:		0
[runlim] children:		0
[runlim] real:			0.58 seconds
[runlim] time:			1.05 seconds
[runlim] space:			37.0 MB
[runlim] samples:		5
[runlim] version:		1.10
[runlim] time limit:		311040000 seconds
[runlim] real time limit:	1200 seconds
[runlim] space limit:		15000 MB
[runlim] argv[0]:		python3
[runlim] argv[1]:		/raid/steuber/Software/ablector/ablector
[runlim] argv[2]:		/raid/steuber/Benchmarks/2019/QF_BV/sage/app7/bench_3477.smt2
[runlim] argv[3]:		--ufReuse=1
[runlim] argv[4]:		--omit
[runlim] argv[5]:		mul:3
[runlim] argv[6]:		--omit
[runlim] argv[7]:		sdiv:3
[runlim] argv[8]:		--omit
[runlim] argv[9]:		udiv:3
[runlim] start:			Thu May 14 16:22:26 2020
[runlim] main pid:		16466
[Ablector] INFO: ABLECTOR TIME: 0.003844
[runlim] end:			Thu May 14 16:22:27 2020
[runlim] status:		ok
[runlim] result:		0
[runlim] children:		2
[runlim] real:			1.55 seconds
[runlim] time:			1.06 seconds
[runlim] space:			47.5 MB
[runlim] samples:		6
[runlim] version:		1.10
[runlim] time limit:		311040000 seconds
[runlim] real time limit:	1200 seconds
[runlim] space limit:		15000 MB
[runlim] argv[0]:		python3
[runlim] argv[1]:		/raid/steuber/Software/ablector/ablector
[runlim] argv[2]:		/raid/steuber/Benchmarks/2019/QF_BV/sage/app7/bench_4000.smt2
[runlim] argv[3]:		--ufReuse=1
[runlim] argv[4]:		--omit
[runlim] argv[5]:		mul:3
[runlim] argv[6]:		--omit
[runlim] argv[7]:		sdiv:3
[runlim] argv[8]:		--omit
[runlim] argv[9]:		udiv:3
[runlim] start:			Thu May 14 16:22:27 2020
[runlim] main pid:		16486
[Ablector] INFO: ABLECTOR TIME: 0.003920
[runlim] end:			Thu May 14 16:22:28 2020
[runlim] status:		ok
[runlim] result:		0
[runlim] children:		2
[runlim] real:			1.50 seconds
[runlim] time:			1.08 seconds
[runlim] space:			47.4 MB
[runlim] samples:		5
[runlim] version:		1.10
[runlim] time limit:		311040000 seconds
[runlim] real time limit:	1200 seconds
[runlim] space limit:		15000 MB
[runlim] argv[0]:		python3
[runlim] argv[1]:		/raid/steuber/Software/ablector/ablector
[runlim] argv[2]:		/raid/steuber/Benchmarks/2019/QF_BV/sage/app7/bench_587.smt2
[runlim] argv[3]:		--ufReuse=1
[runlim] argv[4]:		--omit
[runlim] argv[5]:		mul:3
[runlim] argv[6]:		--omit
[runlim] argv[7]:		sdiv:3
[runlim] argv[8]:		--omit
[runlim] argv[9]:		udiv:3
[runlim] start:			Thu May 14 16:22:28 2020
[runlim] main pid:		16506
[Ablector] INFO: ABLECTOR TIME: 0.003938
[runlim] end:			Thu May 14 16:22:30 2020
[runlim] status:		ok
[runlim] result:		0
[runlim] children:		14
[runlim] real:			2.63 seconds
[runlim] time:			2.26 seconds
[runlim] space:			80.2 MB
[runlim] samples:		17
[runlim] version:		1.10
[runlim] time limit:		311040000 seconds
[runlim] real time limit:	1200 seconds
[runlim] space limit:		15000 MB
[runlim] argv[0]:		python3
[runlim] argv[1]:		/raid/steuber/Software/ablector/ablector
[runlim] argv[2]:		/raid/steuber/Benchmarks/2019/QF_BV/Sage2/bench_16729.smt2
[runlim] argv[3]:		--ufReuse=1
[runlim] argv[4]:		--omit
[runlim] argv[5]:		mul:3
[runlim] argv[6]:		--omit
[runlim] argv[7]:		sdiv:3
[runlim] argv[8]:		--omit
[runlim] argv[9]:		udiv:3
[runlim] start:			Thu May 14 16:22:30 2020
[runlim] main pid:		16526
[Ablector] INFO: *** ROUND 0
[runlim] sample:		10.6 time, 11.0 real, 66.6 MB
[runlim] sample:		20.6 time, 21.0 real, 74.9 MB
[runlim] sample:		30.6 time, 31.0 real, 83.3 MB
[runlim] sample:		40.6 time, 41.0 real, 87.5 MB
[runlim] sample:		50.6 time, 51.0 real, 101.2 MB
[MulNode] INFO: Level 0
[MulNode] INFO: Level 0
[MulNode] INFO: Level 0
[MulNode] INFO: Level 0
[MulNode] INFO: Level 0
[MulNode] INFO: Level 0
[MulNode] INFO: Level 0
[MulNode] INFO: Level 0
[MulNode] INFO: Level 0
[MulNode] INFO: Level 0
[MulNode] INFO: Level 0
[MulNode] INFO: Level 0
[MulNode] INFO: Level 0
[MulNode] INFO: Level 0
[MulNode] INFO: Level 0
[MulNode] INFO: Level 0
[MulNode] INFO: Level 0
[MulNode] INFO: Level 0
[MulNode] INFO: Level 0
[MulNode] INFO: Level 0
[MulNode] INFO: Level 0
[Ablector] INFO: ABLECTOR TIME: 57.226855
[Ablector] INFO: SAT TIME: 57.218141
[Ablector] INFO: REF TIME: 0.214785
[runlim] end:			Thu May 14 16:23:28 2020
[runlim] status:		ok
[runlim] result:		0
[runlim] children:		0
[runlim] real:			58.78 seconds
[runlim] time:			58.36 seconds
[runlim] space:			101.5 MB
[runlim] samples:		578
[runlim] version:		1.10
[runlim] time limit:		311040000 seconds
[runlim] real time limit:	1200 seconds
[runlim] space limit:		15000 MB
[runlim] argv[0]:		python3
[runlim] argv[1]:		/raid/steuber/Software/ablector/ablector
[runlim] argv[2]:		/raid/steuber/Benchmarks/2019/QF_BV/Sage2/bench_16341.smt2
[runlim] argv[3]:		--ufReuse=1
[runlim] argv[4]:		--omit
[runlim] argv[5]:		mul:3
[runlim] argv[6]:		--omit
[runlim] argv[7]:		sdiv:3
[runlim] argv[8]:		--omit
[runlim] argv[9]:		udiv:3
[runlim] start:			Thu May 14 16:23:29 2020
[runlim] main pid:		16556
[Ablector] INFO: *** ROUND 0
[runlim] sample:		10.4 time, 10.2 real, 72.5 MB
[runlim] sample:		20.4 time, 20.2 real, 76.6 MB
[runlim] sample:		30.4 time, 30.2 real, 83.0 MB
[runlim] sample:		40.4 time, 40.2 real, 88.4 MB
[runlim] sample:		50.4 time, 50.2 real, 89.4 MB
[runlim] sample:		60.4 time, 60.2 real, 89.9 MB
[runlim] sample:		70.4 time, 70.2 real, 89.9 MB
[runlim] sample:		80.4 time, 80.2 real, 90.1 MB
[runlim] sample:		90.4 time, 90.2 real, 90.4 MB
[runlim] sample:		100.4 time, 100.2 real, 91.2 MB
[runlim] sample:		110.4 time, 110.2 real, 91.9 MB
[runlim] sample:		120.4 time, 120.2 real, 93.7 MB
[runlim] sample:		130.4 time, 130.2 real, 100.6 MB
[runlim] sample:		140.4 time, 140.2 real, 101.3 MB
[runlim] sample:		150.4 time, 150.2 real, 102.2 MB
[runlim] sample:		160.4 time, 160.2 real, 102.9 MB
[runlim] sample:		170.4 time, 170.2 real, 103.8 MB
[runlim] sample:		180.4 time, 180.2 real, 104.0 MB
[runlim] sample:		190.4 time, 190.2 real, 105.2 MB
[runlim] sample:		200.4 time, 200.2 real, 105.3 MB
[runlim] sample:		210.4 time, 210.2 real, 107.2 MB
[runlim] sample:		220.4 time, 220.2 real, 107.2 MB
[runlim] sample:		230.4 time, 230.2 real, 109.0 MB
[runlim] sample:		240.4 time, 240.2 real, 109.1 MB
[runlim] sample:		250.4 time, 250.2 real, 108.5 MB
[runlim] sample:		260.4 time, 260.2 real, 109.9 MB
[runlim] sample:		270.4 time, 270.2 real, 110.0 MB
[runlim] sample:		280.4 time, 280.2 real, 110.1 MB
[runlim] sample:		290.4 time, 290.2 real, 110.2 MB
[runlim] sample:		300.4 time, 300.2 real, 112.2 MB
[runlim] sample:		310.4 time, 310.2 real, 112.3 MB
[runlim] sample:		320.4 time, 320.2 real, 112.4 MB
[runlim] sample:		330.4 time, 330.2 real, 112.4 MB
[runlim] sample:		340.4 time, 340.2 real, 111.4 MB
[runlim] sample:		350.4 time, 350.2 real, 111.4 MB
[runlim] sample:		360.4 time, 360.2 real, 112.2 MB
[runlim] sample:		370.4 time, 370.2 real, 113.0 MB
[runlim] sample:		380.4 time, 380.2 real, 107.8 MB
[runlim] sample:		390.4 time, 390.2 real, 116.1 MB
[runlim] sample:		400.4 time, 400.2 real, 116.2 MB
[runlim] sample:		410.4 time, 410.2 real, 116.2 MB
[runlim] sample:		420.4 time, 420.2 real, 116.2 MB
[runlim] sample:		430.4 time, 430.2 real, 116.3 MB
[runlim] sample:		440.4 time, 440.2 real, 109.5 MB
[runlim] sample:		450.4 time, 450.2 real, 118.7 MB
[runlim] sample:		460.4 time, 460.2 real, 118.8 MB
[runlim] sample:		470.4 time, 470.2 real, 118.8 MB
[runlim] sample:		480.4 time, 480.2 real, 118.8 MB
[runlim] sample:		490.4 time, 490.2 real, 118.8 MB
[runlim] sample:		500.4 time, 500.2 real, 118.9 MB
[runlim] sample:		510.4 time, 510.2 real, 118.9 MB
[runlim] sample:		520.4 time, 520.2 real, 117.1 MB
[runlim] sample:		530.4 time, 530.2 real, 117.4 MB
[runlim] sample:		540.4 time, 540.2 real, 117.4 MB
[runlim] sample:		550.4 time, 550.2 real, 117.4 MB
[runlim] sample:		560.4 time, 560.2 real, 117.4 MB
[runlim] sample:		570.4 time, 570.2 real, 117.5 MB
[runlim] sample:		580.4 time, 580.2 real, 109.9 MB
[runlim] sample:		590.4 time, 590.2 real, 118.7 MB
[runlim] sample:		600.4 time, 600.2 real, 118.7 MB
[runlim] sample:		610.4 time, 610.2 real, 118.4 MB
[runlim] sample:		620.4 time, 620.2 real, 118.4 MB
[runlim] sample:		630.4 time, 630.2 real, 118.4 MB
[runlim] sample:		640.4 time, 640.2 real, 118.4 MB
[runlim] sample:		650.4 time, 650.2 real, 118.5 MB
[runlim] sample:		660.4 time, 660.2 real, 118.5 MB
[runlim] sample:		670.4 time, 670.2 real, 118.8 MB
[runlim] sample:		680.4 time, 680.2 real, 118.8 MB
[runlim] sample:		690.4 time, 690.2 real, 120.8 MB
[runlim] sample:		700.4 time, 700.2 real, 120.9 MB
[runlim] sample:		710.4 time, 710.2 real, 122.7 MB
[runlim] sample:		720.4 time, 720.2 real, 116.3 MB
[runlim] sample:		730.4 time, 730.2 real, 122.7 MB
[runlim] sample:		740.4 time, 740.2 real, 122.8 MB
[runlim] sample:		750.4 time, 750.2 real, 122.8 MB
[runlim] sample:		760.4 time, 760.2 real, 122.8 MB
[runlim] sample:		770.4 time, 770.2 real, 122.8 MB
[runlim] sample:		780.4 time, 780.2 real, 122.8 MB
[runlim] sample:		790.4 time, 790.2 real, 122.8 MB
[runlim] sample:		800.4 time, 800.2 real, 123.1 MB
[runlim] sample:		810.4 time, 810.2 real, 112.7 MB
[runlim] sample:		820.4 time, 820.2 real, 121.9 MB
[runlim] sample:		830.4 time, 830.2 real, 121.9 MB
[runlim] sample:		840.4 time, 840.2 real, 121.9 MB
[runlim] sample:		850.4 time, 850.2 real, 122.0 MB
[runlim] sample:		860.4 time, 860.2 real, 122.0 MB
[runlim] sample:		870.4 time, 870.2 real, 122.0 MB
[runlim] sample:		880.4 time, 880.2 real, 122.0 MB
[runlim] sample:		890.4 time, 890.2 real, 124.1 MB
[runlim] sample:		900.4 time, 900.2 real, 124.1 MB
[runlim] sample:		910.4 time, 910.2 real, 124.1 MB
[runlim] sample:		920.4 time, 920.2 real, 113.8 MB
[runlim] sample:		930.4 time, 930.2 real, 123.6 MB
[runlim] sample:		940.4 time, 940.2 real, 123.6 MB
[runlim] sample:		950.4 time, 950.2 real, 115.7 MB
[runlim] sample:		960.4 time, 960.2 real, 125.5 MB
[runlim] sample:		970.4 time, 970.2 real, 125.5 MB
[runlim] sample:		980.4 time, 980.2 real, 125.5 MB
[runlim] sample:		990.4 time, 990.2 real, 125.8 MB
[runlim] sample:		1000.4 time, 1000.2 real, 125.8 MB
[runlim] sample:		1010.4 time, 1010.2 real, 125.8 MB
[runlim] sample:		1020.4 time, 1020.2 real, 125.8 MB
[runlim] sample:		1030.4 time, 1030.2 real, 125.8 MB
[runlim] sample:		1040.4 time, 1040.2 real, 116.4 MB
[runlim] sample:		1050.4 time, 1050.2 real, 126.9 MB
[runlim] sample:		1060.4 time, 1060.2 real, 126.9 MB
[runlim] sample:		1070.4 time, 1070.2 real, 126.9 MB
[runlim] sample:		1080.4 time, 1080.2 real, 125.1 MB
[runlim] sample:		1090.4 time, 1090.2 real, 125.1 MB
[runlim] sample:		1100.4 time, 1100.2 real, 125.1 MB
[runlim] sample:		1110.4 time, 1110.2 real, 125.1 MB
[runlim] sample:		1120.4 time, 1120.2 real, 125.2 MB
[runlim] sample:		1130.4 time, 1130.2 real, 125.2 MB
[runlim] sample:		1140.4 time, 1140.2 real, 125.2 MB
[runlim] sample:		1150.4 time, 1150.2 real, 125.2 MB
[runlim] sample:		1160.3 time, 1160.2 real, 125.2 MB
[runlim] sample:		1170.4 time, 1170.2 real, 117.3 MB
[runlim] sample:		1180.4 time, 1180.2 real, 128.1 MB
[runlim] sample:		1190.4 time, 1190.2 real, 128.2 MB
[runlim] end:			Thu May 14 16:43:29 2020
[runlim] status:		out of time
[runlim] result:		2
[runlim] children:		0
[runlim] real:			1200.04 seconds
[runlim] time:			1200.15 seconds
[runlim] space:			128.2 MB
[runlim] samples:		11998
[runlim] version:		1.10
[runlim] time limit:		311040000 seconds
[runlim] real time limit:	1200 seconds
[runlim] space limit:		15000 MB
[runlim] argv[0]:		python3
[runlim] argv[1]:		/raid/steuber/Software/ablector/ablector
[runlim] argv[2]:		/raid/steuber/Benchmarks/2019/QF_BV/sage/app7/bench_912.smt2
[runlim] argv[3]:		--ufReuse=1
[runlim] argv[4]:		--omit
[runlim] argv[5]:		mul:3
[runlim] argv[6]:		--omit
[runlim] argv[7]:		sdiv:3
[runlim] argv[8]:		--omit
[runlim] argv[9]:		udiv:3
[runlim] start:			Thu May 14 16:43:29 2020
[runlim] main pid:		16804
[Ablector] INFO: ABLECTOR TIME: 0.003659
[runlim] end:			Thu May 14 16:43:31 2020
[runlim] status:		ok
[runlim] result:		0
[runlim] children:		11
[runlim] real:			2.31 seconds
[runlim] time:			2.03 seconds
[runlim] space:			75.2 MB
[runlim] samples:		17
[runlim] version:		1.10
[runlim] time limit:		311040000 seconds
[runlim] real time limit:	1200 seconds
[runlim] space limit:		15000 MB
[runlim] argv[0]:		python3
[runlim] argv[1]:		/raid/steuber/Software/ablector/ablector
[runlim] argv[2]:		/raid/steuber/Benchmarks/2019/QF_BV/Sage2/bench_8994.smt2
[runlim] argv[3]:		--ufReuse=1
[runlim] argv[4]:		--omit
[runlim] argv[5]:		mul:3
[runlim] argv[6]:		--omit
[runlim] argv[7]:		sdiv:3
[runlim] argv[8]:		--omit
[runlim] argv[9]:		udiv:3
[runlim] start:			Thu May 14 16:43:31 2020
[runlim] main pid:		16825
[Ablector] INFO: *** ROUND 0
[MulNode] INFO: Level 0
[Ablector] INFO: ABLECTOR TIME: 0.632238
[Ablector] INFO: SAT TIME: 0.627135
[Ablector] INFO: REF TIME: 0.011112
[runlim] end:			Thu May 14 16:43:32 2020
[runlim] status:		ok
[runlim] result:		0
[runlim] children:		0
[runlim] real:			1.92 seconds
[runlim] time:			1.77 seconds
[runlim] space:			48.4 MB
[runlim] samples:		12
[runlim] version:		1.10
[runlim] time limit:		311040000 seconds
[runlim] real time limit:	1200 seconds
[runlim] space limit:		15000 MB
[runlim] argv[0]:		python3
[runlim] argv[1]:		/raid/steuber/Software/ablector/ablector
[runlim] argv[2]:		/raid/steuber/Benchmarks/2019/QF_BV/sage/app7/bench_2348.smt2
[runlim] argv[3]:		--ufReuse=1
[runlim] argv[4]:		--omit
[runlim] argv[5]:		mul:3
[runlim] argv[6]:		--omit
[runlim] argv[7]:		sdiv:3
[runlim] argv[8]:		--omit
[runlim] argv[9]:		udiv:3
[runlim] start:			Thu May 14 16:43:33 2020
[runlim] main pid:		16845
[Ablector] INFO: ABLECTOR TIME: 0.003867
[runlim] end:			Thu May 14 16:43:35 2020
[runlim] status:		ok
[runlim] result:		0
[runlim] children:		19
[runlim] real:			2.68 seconds
[runlim] time:			2.86 seconds
[runlim] space:			98.1 MB
[runlim] samples:		23
[runlim] version:		1.10
[runlim] time limit:		311040000 seconds
[runlim] real time limit:	1200 seconds
[runlim] space limit:		15000 MB
[runlim] argv[0]:		python3
[runlim] argv[1]:		/raid/steuber/Software/ablector/ablector
[runlim] argv[2]:		/raid/steuber/Benchmarks/2019/QF_BV/sage/app12/bench_755.smt2
[runlim] argv[3]:		--ufReuse=1
[runlim] argv[4]:		--omit
[runlim] argv[5]:		mul:3
[runlim] argv[6]:		--omit
[runlim] argv[7]:		sdiv:3
[runlim] argv[8]:		--omit
[runlim] argv[9]:		udiv:3
[runlim] start:			Thu May 14 16:43:36 2020
[runlim] main pid:		16865
[Ablector] INFO: ABLECTOR TIME: 0.003488
[runlim] end:			Thu May 14 16:43:36 2020
[runlim] status:		ok
[runlim] result:		0
[runlim] children:		1
[runlim] real:			0.51 seconds
[runlim] time:			0.91 seconds
[runlim] space:			39.6 MB
[runlim] samples:		4
[runlim] version:		1.10
[runlim] time limit:		311040000 seconds
[runlim] real time limit:	1200 seconds
[runlim] space limit:		15000 MB
[runlim] argv[0]:		python3
[runlim] argv[1]:		/raid/steuber/Software/ablector/ablector
[runlim] argv[2]:		/raid/steuber/Benchmarks/2019/QF_BV/sage/app8/bench_356.smt2
[runlim] argv[3]:		--ufReuse=1
[runlim] argv[4]:		--omit
[runlim] argv[5]:		mul:3
[runlim] argv[6]:		--omit
[runlim] argv[7]:		sdiv:3
[runlim] argv[8]:		--omit
[runlim] argv[9]:		udiv:3
[runlim] start:			Thu May 14 16:43:36 2020
[runlim] main pid:		16885
[Ablector] INFO: ABLECTOR TIME: 0.003581
[runlim] end:			Thu May 14 16:43:37 2020
[runlim] status:		ok
[runlim] result:		0
[runlim] children:		0
[runlim] real:			1.32 seconds
[runlim] time:			0.95 seconds
[runlim] space:			37.7 MB
[runlim] samples:		4
[runlim] version:		1.10
[runlim] time limit:		311040000 seconds
[runlim] real time limit:	1200 seconds
[runlim] space limit:		15000 MB
[runlim] argv[0]:		python3
[runlim] argv[1]:		/raid/steuber/Software/ablector/ablector
[runlim] argv[2]:		/raid/steuber/Benchmarks/2019/QF_BV/sage/app7/bench_8436.smt2
[runlim] argv[3]:		--ufReuse=1
[runlim] argv[4]:		--omit
[runlim] argv[5]:		mul:3
[runlim] argv[6]:		--omit
[runlim] argv[7]:		sdiv:3
[runlim] argv[8]:		--omit
[runlim] argv[9]:		udiv:3
[runlim] start:			Thu May 14 16:43:37 2020
[runlim] main pid:		16905
[Ablector] INFO: *** ROUND 0
[Ablector] INFO: *** ROUND 1
[MulNode] INFO: Level 0
[MulNode] INFO: Level 0
[MulNode] INFO: Level 1
[MulNode] INFO: Level 0
[MulNode] INFO: Level 1
[Ablector] INFO: ABLECTOR TIME: 0.337030
[Ablector] INFO: SAT TIME: 0.331811
[Ablector] INFO: REF TIME: 0.075608
[runlim] end:			Thu May 14 16:43:38 2020
[runlim] status:		ok
[runlim] result:		0
[runlim] children:		0
[runlim] real:			1.52 seconds
[runlim] time:			1.38 seconds
[runlim] space:			44.5 MB
[runlim] samples:		8
[runlim] version:		1.10
[runlim] time limit:		311040000 seconds
[runlim] real time limit:	1200 seconds
[runlim] space limit:		15000 MB
[runlim] argv[0]:		python3
[runlim] argv[1]:		/raid/steuber/Software/ablector/ablector
[runlim] argv[2]:		/raid/steuber/Benchmarks/2019/QF_BV/sage/app7/bench_1352.smt2
[runlim] argv[3]:		--ufReuse=1
[runlim] argv[4]:		--omit
[runlim] argv[5]:		mul:3
[runlim] argv[6]:		--omit
[runlim] argv[7]:		sdiv:3
[runlim] argv[8]:		--omit
[runlim] argv[9]:		udiv:3
[runlim] start:			Thu May 14 16:43:38 2020
[runlim] main pid:		16925
[Ablector] INFO: ABLECTOR TIME: 0.003795
[runlim] end:			Thu May 14 16:43:40 2020
[runlim] status:		ok
[runlim] result:		0
[runlim] children:		7
[runlim] real:			2.00 seconds
[runlim] time:			1.55 seconds
[runlim] space:			68.2 MB
[runlim] samples:		11
[runlim] version:		1.10
[runlim] time limit:		311040000 seconds
[runlim] real time limit:	1200 seconds
[runlim] space limit:		15000 MB
[runlim] argv[0]:		python3
[runlim] argv[1]:		/raid/steuber/Software/ablector/ablector
[runlim] argv[2]:		/raid/steuber/Benchmarks/2019/QF_BV/sage/app2/bench_175.smt2
[runlim] argv[3]:		--ufReuse=1
[runlim] argv[4]:		--omit
[runlim] argv[5]:		mul:3
[runlim] argv[6]:		--omit
[runlim] argv[7]:		sdiv:3
[runlim] argv[8]:		--omit
[runlim] argv[9]:		udiv:3
[runlim] start:			Thu May 14 16:43:40 2020
[runlim] main pid:		16946
[Ablector] INFO: *** ROUND 0
[SdivNode] INFO: Level 0
[MulNode] INFO: Level 0
[MulNode] INFO: Level 0
[SdivNode] INFO: Level 0
[MulNode] INFO: Level 0
[MulNode] INFO: Level 0
[SdivNode] INFO: Level 0
[Ablector] INFO: ABLECTOR TIME: 0.101528
[Ablector] INFO: SAT TIME: 0.095787
[Ablector] INFO: REF TIME: 0.043807
[runlim] end:			Thu May 14 16:43:40 2020
[runlim] status:		ok
[runlim] result:		0
[runlim] children:		0
[runlim] real:			1.00 seconds
[runlim] time:			1.12 seconds
[runlim] space:			43.5 MB
[runlim] samples:		6
[runlim] version:		1.10
[runlim] time limit:		311040000 seconds
[runlim] real time limit:	1200 seconds
[runlim] space limit:		15000 MB
[runlim] argv[0]:		python3
[runlim] argv[1]:		/raid/steuber/Software/ablector/ablector
[runlim] argv[2]:		/raid/steuber/Benchmarks/2019/QF_BV/sage/app7/bench_5444.smt2
[runlim] argv[3]:		--ufReuse=1
[runlim] argv[4]:		--omit
[runlim] argv[5]:		mul:3
[runlim] argv[6]:		--omit
[runlim] argv[7]:		sdiv:3
[runlim] argv[8]:		--omit
[runlim] argv[9]:		udiv:3
[runlim] start:			Thu May 14 16:43:41 2020
[runlim] main pid:		16966
[Ablector] INFO: ABLECTOR TIME: 0.003596
[runlim] end:			Thu May 14 16:43:41 2020
[runlim] status:		ok
[runlim] result:		0
[runlim] children:		0
[runlim] real:			0.87 seconds
[runlim] time:			1.04 seconds
[runlim] space:			37.6 MB
[runlim] samples:		5
[runlim] version:		1.10
[runlim] time limit:		311040000 seconds
[runlim] real time limit:	1200 seconds
[runlim] space limit:		15000 MB
[runlim] argv[0]:		python3
[runlim] argv[1]:		/raid/steuber/Software/ablector/ablector
[runlim] argv[2]:		/raid/steuber/Benchmarks/2019/QF_BV/Sage2/bench_1900.smt2
[runlim] argv[3]:		--ufReuse=1
[runlim] argv[4]:		--omit
[runlim] argv[5]:		mul:3
[runlim] argv[6]:		--omit
[runlim] argv[7]:		sdiv:3
[runlim] argv[8]:		--omit
[runlim] argv[9]:		udiv:3
[runlim] start:			Thu May 14 16:43:42 2020
[runlim] main pid:		16986
[Ablector] INFO: *** ROUND 0
[MulNode] INFO: Level 0
[MulNode] INFO: Level 0
[MulNode] INFO: Level 0
[MulNode] INFO: Level 0
[MulNode] INFO: Level 0
[MulNode] INFO: Level 0
[MulNode] INFO: Level 0
[Ablector] INFO: ABLECTOR TIME: 0.151507
[Ablector] INFO: SAT TIME: 0.145362
[Ablector] INFO: REF TIME: 0.089000
[runlim] end:			Thu May 14 16:43:42 2020
[runlim] status:		ok
[runlim] result:		0
[runlim] children:		0
[runlim] real:			0.97 seconds
[runlim] time:			1.26 seconds
[runlim] space:			44.4 MB
[runlim] samples:		7
[runlim] version:		1.10
[runlim] time limit:		311040000 seconds
[runlim] real time limit:	1200 seconds
[runlim] space limit:		15000 MB
[runlim] argv[0]:		python3
[runlim] argv[1]:		/raid/steuber/Software/ablector/ablector
[runlim] argv[2]:		/raid/steuber/Benchmarks/2019/QF_BV/sage/app9/bench_698.smt2
[runlim] argv[3]:		--ufReuse=1
[runlim] argv[4]:		--omit
[runlim] argv[5]:		mul:3
[runlim] argv[6]:		--omit
[runlim] argv[7]:		sdiv:3
[runlim] argv[8]:		--omit
[runlim] argv[9]:		udiv:3
[runlim] start:			Thu May 14 16:43:43 2020
[runlim] main pid:		17006
[Ablector] INFO: ABLECTOR TIME: 0.003845
[runlim] end:			Thu May 14 16:43:43 2020
[runlim] status:		ok
[runlim] result:		0
[runlim] children:		0
[runlim] real:			0.90 seconds
[runlim] time:			1.07 seconds
[runlim] space:			37.9 MB
[runlim] samples:		5
[runlim] version:		1.10
[runlim] time limit:		311040000 seconds
[runlim] real time limit:	1200 seconds
[runlim] space limit:		15000 MB
[runlim] argv[0]:		python3
[runlim] argv[1]:		/raid/steuber/Software/ablector/ablector
[runlim] argv[2]:		/raid/steuber/Benchmarks/2019/QF_BV/Sage2/bench_2506.smt2
[runlim] argv[3]:		--ufReuse=1
[runlim] argv[4]:		--omit
[runlim] argv[5]:		mul:3
[runlim] argv[6]:		--omit
[runlim] argv[7]:		sdiv:3
[runlim] argv[8]:		--omit
[runlim] argv[9]:		udiv:3
[runlim] start:			Thu May 14 16:43:44 2020
[runlim] main pid:		17026
[Ablector] INFO: *** ROUND 0
[MulNode] INFO: Level 0
[MulNode] INFO: Level 0
[MulNode] INFO: Level 0
[MulNode] INFO: Level 0
[MulNode] INFO: Level 0
[MulNode] INFO: Level 0
[MulNode] INFO: Level 0
[MulNode] INFO: Level 0
[MulNode] INFO: Level 0
[MulNode] INFO: Level 0
[MulNode] INFO: Level 0
[MulNode] INFO: Level 0
[MulNode] INFO: Level 0
[MulNode] INFO: Level 0
[MulNode] INFO: Level 0
[MulNode] INFO: Level 0
[MulNode] INFO: Level 0
[MulNode] INFO: Level 0
[MulNode] INFO: Level 0
[MulNode] INFO: Level 0
[MulNode] INFO: Level 0
[MulNode] INFO: Level 0
[MulNode] INFO: Level 0
[MulNode] INFO: Level 0
[MulNode] INFO: Level 0
[MulNode] INFO: Level 0
[MulNode] INFO: Level 0
[MulNode] INFO: Level 0
[MulNode] INFO: Level 0
[MulNode] INFO: Level 0
[MulNode] INFO: Level 0
[MulNode] INFO: Level 0
[MulNode] INFO: Level 0
[MulNode] INFO: Level 0
[MulNode] INFO: Level 0
[MulNode] INFO: Level 0
[MulNode] INFO: Level 0
[MulNode] INFO: Level 0
[MulNode] INFO: Level 0
[MulNode] INFO: Level 0
[MulNode] INFO: Level 0
[MulNode] INFO: Level 0
[MulNode] INFO: Level 0
[MulNode] INFO: Level 0
[MulNode] INFO: Level 0
[MulNode] INFO: Level 0
[MulNode] INFO: Level 0
[MulNode] INFO: Level 0
[MulNode] INFO: Level 0
[MulNode] INFO: Level 0
[MulNode] INFO: Level 0
[MulNode] INFO: Level 0
[MulNode] INFO: Level 0
[MulNode] INFO: Level 0
[MulNode] INFO: Level 0
[MulNode] INFO: Level 0
[MulNode] INFO: Level 0
[MulNode] INFO: Level 0
[MulNode] INFO: Level 0
[MulNode] INFO: Level 0
[MulNode] INFO: Level 0
[MulNode] INFO: Level 0
[MulNode] INFO: Level 0
[MulNode] INFO: Level 0
[MulNode] INFO: Level 0
[MulNode] INFO: Level 0
[MulNode] INFO: Level 0
[MulNode] INFO: Level 0
[MulNode] INFO: Level 0
[MulNode] INFO: Level 0
[MulNode] INFO: Level 0
[MulNode] INFO: Level 0
[MulNode] INFO: Level 0
[Ablector] INFO: ABLECTOR TIME: 3.607616
[Ablector] INFO: SAT TIME: 3.574659
[Ablector] INFO: REF TIME: 0.603242
[runlim] end:			Thu May 14 16:43:51 2020
[runlim] status:		ok
[runlim] result:		0
[runlim] children:		1
[runlim] real:			7.14 seconds
[runlim] time:			7.14 seconds
[runlim] space:			378.2 MB
[runlim] samples:		68
[runlim] version:		1.10
[runlim] time limit:		311040000 seconds
[runlim] real time limit:	1200 seconds
[runlim] space limit:		15000 MB
[runlim] argv[0]:		python3
[runlim] argv[1]:		/raid/steuber/Software/ablector/ablector
[runlim] argv[2]:		/raid/steuber/Benchmarks/2019/QF_BV/Sage2/bench_6850.smt2
[runlim] argv[3]:		--ufReuse=1
[runlim] argv[4]:		--omit
[runlim] argv[5]:		mul:3
[runlim] argv[6]:		--omit
[runlim] argv[7]:		sdiv:3
[runlim] argv[8]:		--omit
[runlim] argv[9]:		udiv:3
[runlim] start:			Thu May 14 16:43:51 2020
[runlim] main pid:		17046
[Ablector] INFO: *** ROUND 0
[MulNode] INFO: Level 0
[MulNode] INFO: Level 0
[MulNode] INFO: Level 0
[MulNode] INFO: Level 0
[MulNode] INFO: Level 0
[MulNode] INFO: Level 0
[MulNode] INFO: Level 0
[MulNode] INFO: Level 0
[MulNode] INFO: Level 0
[MulNode] INFO: Level 0
[MulNode] INFO: Level 0
[MulNode] INFO: Level 0
[MulNode] INFO: Level 0
[MulNode] INFO: Level 0
[MulNode] INFO: Level 0
[MulNode] INFO: Level 0
[MulNode] INFO: Level 0
[MulNode] INFO: Level 0
[MulNode] INFO: Level 0
[MulNode] INFO: Level 0
[MulNode] INFO: Level 0
[MulNode] INFO: Level 0
[MulNode] INFO: Level 0
[MulNode] INFO: Level 0
[MulNode] INFO: Level 0
[MulNode] INFO: Level 0
[MulNode] INFO: Level 0
[MulNode] INFO: Level 0
[MulNode] INFO: Level 0
[MulNode] INFO: Level 0
[MulNode] INFO: Level 0
[MulNode] INFO: Level 0
[MulNode] INFO: Level 0
[MulNode] INFO: Level 0
[MulNode] INFO: Level 0
[MulNode] INFO: Level 0
[MulNode] INFO: Level 0
[MulNode] INFO: Level 0
[MulNode] INFO: Level 0
[MulNode] INFO: Level 0
[MulNode] INFO: Level 0
[MulNode] INFO: Level 0
[MulNode] INFO: Level 0
[MulNode] INFO: Level 0
[MulNode] INFO: Level 0
[MulNode] INFO: Level 0
[MulNode] INFO: Level 0
[MulNode] INFO: Level 0
[MulNode] INFO: Level 0
[MulNode] INFO: Level 0
[MulNode] INFO: Level 0
[MulNode] INFO: Level 0
[MulNode] INFO: Level 0
[MulNode] INFO: Level 0
[MulNode] INFO: Level 0
[MulNode] INFO: Level 0
[MulNode] INFO: Level 0
[MulNode] INFO: Level 0
[MulNode] INFO: Level 0
[MulNode] INFO: Level 0
[MulNode] INFO: Level 0
[MulNode] INFO: Level 0
[MulNode] INFO: Level 0
[MulNode] INFO: Level 0
[MulNode] INFO: Level 0
[MulNode] INFO: Level 0
[MulNode] INFO: Level 0
[MulNode] INFO: Level 0
[MulNode] INFO: Level 0
[MulNode] INFO: Level 0
[MulNode] INFO: Level 0
[MulNode] INFO: Level 0
[MulNode] INFO: Level 0
[MulNode] INFO: Level 0
[MulNode] INFO: Level 0
[MulNode] INFO: Level 0
[MulNode] INFO: Level 0
[MulNode] INFO: Level 0
[MulNode] INFO: Level 0
[MulNode] INFO: Level 0
[MulNode] INFO: Level 0
[MulNode] INFO: Level 0
[MulNode] INFO: Level 0
[MulNode] INFO: Level 0
[MulNode] INFO: Level 0
[MulNode] INFO: Level 0
[MulNode] INFO: Level 0
[MulNode] INFO: Level 0
[MulNode] INFO: Level 0
[MulNode] INFO: Level 0
[Ablector] INFO: ABLECTOR TIME: 3.750604
[Ablector] INFO: SAT TIME: 3.715875
[Ablector] INFO: REF TIME: 0.731446
[runlim] end:			Thu May 14 16:43:58 2020
[runlim] status:		ok
[runlim] result:		0
[runlim] children:		2
[runlim] real:			7.61 seconds
[runlim] time:			7.42 seconds
[runlim] space:			378.9 MB
[runlim] samples:		71
[runlim] version:		1.10
[runlim] time limit:		311040000 seconds
[runlim] real time limit:	1200 seconds
[runlim] space limit:		15000 MB
[runlim] argv[0]:		python3
[runlim] argv[1]:		/raid/steuber/Software/ablector/ablector
[runlim] argv[2]:		/raid/steuber/Benchmarks/2019/QF_BV/sage/app7/bench_402.smt2
[runlim] argv[3]:		--ufReuse=1
[runlim] argv[4]:		--omit
[runlim] argv[5]:		mul:3
[runlim] argv[6]:		--omit
[runlim] argv[7]:		sdiv:3
[runlim] argv[8]:		--omit
[runlim] argv[9]:		udiv:3
[runlim] start:			Thu May 14 16:43:58 2020
[runlim] main pid:		17066
[Ablector] INFO: ABLECTOR TIME: 0.003878
[runlim] end:			Thu May 14 16:44:00 2020
[runlim] status:		ok
[runlim] result:		0
[runlim] children:		12
[runlim] real:			2.73 seconds
[runlim] time:			2.12 seconds
[runlim] space:			81.8 MB
[runlim] samples:		17
[runlim] version:		1.10
[runlim] time limit:		311040000 seconds
[runlim] real time limit:	1200 seconds
[runlim] space limit:		15000 MB
[runlim] argv[0]:		python3
[runlim] argv[1]:		/raid/steuber/Software/ablector/ablector
[runlim] argv[2]:		/raid/steuber/Benchmarks/2019/QF_BV/sage/app7/bench_5981.smt2
[runlim] argv[3]:		--ufReuse=1
[runlim] argv[4]:		--omit
[runlim] argv[5]:		mul:3
[runlim] argv[6]:		--omit
[runlim] argv[7]:		sdiv:3
[runlim] argv[8]:		--omit
[runlim] argv[9]:		udiv:3
[runlim] start:			Thu May 14 16:44:01 2020
[runlim] main pid:		17086
[Ablector] INFO: ABLECTOR TIME: 0.004050
[runlim] end:			Thu May 14 16:44:01 2020
[runlim] status:		ok
[runlim] result:		0
[runlim] children:		0
[runlim] real:			0.53 seconds
[runlim] time:			0.95 seconds
[runlim] space:			37.9 MB
[runlim] samples:		4
[runlim] version:		1.10
[runlim] time limit:		311040000 seconds
[runlim] real time limit:	1200 seconds
[runlim] space limit:		15000 MB
[runlim] argv[0]:		python3
[runlim] argv[1]:		/raid/steuber/Software/ablector/ablector
[runlim] argv[2]:		/raid/steuber/Benchmarks/2019/QF_BV/Sage2/bench_15258.smt2
[runlim] argv[3]:		--ufReuse=1
[runlim] argv[4]:		--omit
[runlim] argv[5]:		mul:3
[runlim] argv[6]:		--omit
[runlim] argv[7]:		sdiv:3
[runlim] argv[8]:		--omit
[runlim] argv[9]:		udiv:3
[runlim] start:			Thu May 14 16:44:01 2020
[runlim] main pid:		17106
[Ablector] INFO: *** ROUND 0
[MulNode] INFO: Level 0
[Ablector] INFO: ABLECTOR TIME: 0.353661
[Ablector] INFO: SAT TIME: 0.348146
[Ablector] INFO: REF TIME: 0.010695
[runlim] end:			Thu May 14 16:44:02 2020
[runlim] status:		ok
[runlim] result:		0
[runlim] children:		0
[runlim] real:			1.88 seconds
[runlim] time:			1.45 seconds
[runlim] space:			43.9 MB
[runlim] samples:		9
[runlim] version:		1.10
[runlim] time limit:		311040000 seconds
[runlim] real time limit:	1200 seconds
[runlim] space limit:		15000 MB
[runlim] argv[0]:		python3
[runlim] argv[1]:		/raid/steuber/Software/ablector/ablector
[runlim] argv[2]:		/raid/steuber/Benchmarks/2019/QF_BV/sage/app7/bench_6352.smt2
[runlim] argv[3]:		--ufReuse=1
[runlim] argv[4]:		--omit
[runlim] argv[5]:		mul:3
[runlim] argv[6]:		--omit
[runlim] argv[7]:		sdiv:3
[runlim] argv[8]:		--omit
[runlim] argv[9]:		udiv:3
[runlim] start:			Thu May 14 16:44:03 2020
[runlim] main pid:		17126
[Ablector] INFO: ABLECTOR TIME: 0.003795
[runlim] end:			Thu May 14 16:44:03 2020
[runlim] status:		ok
[runlim] result:		0
[runlim] children:		0
[runlim] real:			0.69 seconds
[runlim] time:			0.97 seconds
[runlim] space:			37.8 MB
[runlim] samples:		4
[runlim] version:		1.10
[runlim] time limit:		311040000 seconds
[runlim] real time limit:	1200 seconds
[runlim] space limit:		15000 MB
[runlim] argv[0]:		python3
[runlim] argv[1]:		/raid/steuber/Software/ablector/ablector
[runlim] argv[2]:		/raid/steuber/Benchmarks/2019/QF_BV/sage/app7/bench_4050.smt2
[runlim] argv[3]:		--ufReuse=1
[runlim] argv[4]:		--omit
[runlim] argv[5]:		mul:3
[runlim] argv[6]:		--omit
[runlim] argv[7]:		sdiv:3
[runlim] argv[8]:		--omit
[runlim] argv[9]:		udiv:3
[runlim] start:			Thu May 14 16:44:04 2020
[runlim] main pid:		17146
[Ablector] INFO: ABLECTOR TIME: 0.003752
[runlim] end:			Thu May 14 16:44:04 2020
[runlim] status:		ok
[runlim] result:		0
[runlim] children:		1
[runlim] real:			0.68 seconds
[runlim] time:			1.04 seconds
[runlim] space:			44.9 MB
[runlim] samples:		6
[runlim] version:		1.10
[runlim] time limit:		311040000 seconds
[runlim] real time limit:	1200 seconds
[runlim] space limit:		15000 MB
[runlim] argv[0]:		python3
[runlim] argv[1]:		/raid/steuber/Software/ablector/ablector
[runlim] argv[2]:		/raid/steuber/Benchmarks/2019/QF_BV/sage/app7/bench_5471.smt2
[runlim] argv[3]:		--ufReuse=1
[runlim] argv[4]:		--omit
[runlim] argv[5]:		mul:3
[runlim] argv[6]:		--omit
[runlim] argv[7]:		sdiv:3
[runlim] argv[8]:		--omit
[runlim] argv[9]:		udiv:3
[runlim] start:			Thu May 14 16:44:05 2020
[runlim] main pid:		17166
[Ablector] INFO: ABLECTOR TIME: 0.003838
[runlim] end:			Thu May 14 16:44:05 2020
[runlim] status:		ok
[runlim] result:		0
[runlim] children:		0
[runlim] real:			0.49 seconds
[runlim] time:			0.94 seconds
[runlim] space:			38.0 MB
[runlim] samples:		4
[runlim] version:		1.10
[runlim] time limit:		311040000 seconds
[runlim] real time limit:	1200 seconds
[runlim] space limit:		15000 MB
[runlim] argv[0]:		python3
[runlim] argv[1]:		/raid/steuber/Software/ablector/ablector
[runlim] argv[2]:		/raid/steuber/Benchmarks/2019/QF_BV/sage/app2/bench_993.smt2
[runlim] argv[3]:		--ufReuse=1
[runlim] argv[4]:		--omit
[runlim] argv[5]:		mul:3
[runlim] argv[6]:		--omit
[runlim] argv[7]:		sdiv:3
[runlim] argv[8]:		--omit
[runlim] argv[9]:		udiv:3
[runlim] start:			Thu May 14 16:44:05 2020
[runlim] main pid:		17186
[Ablector] INFO: ABLECTOR TIME: 0.003819
[runlim] end:			Thu May 14 16:44:06 2020
[runlim] status:		ok
[runlim] result:		0
[runlim] children:		0
[runlim] real:			1.30 seconds
[runlim] time:			0.91 seconds
[runlim] space:			37.9 MB
[runlim] samples:		4
[runlim] version:		1.10
[runlim] time limit:		311040000 seconds
[runlim] real time limit:	1200 seconds
[runlim] space limit:		15000 MB
[runlim] argv[0]:		python3
[runlim] argv[1]:		/raid/steuber/Software/ablector/ablector
[runlim] argv[2]:		/raid/steuber/Benchmarks/2019/QF_BV/20190311-bv-term-small-rw-Noetzli/bv-term-small-rw_272.smt2
[runlim] argv[3]:		--ufReuse=1
[runlim] argv[4]:		--omit
[runlim] argv[5]:		mul:3
[runlim] argv[6]:		--omit
[runlim] argv[7]:		sdiv:3
[runlim] argv[8]:		--omit
[runlim] argv[9]:		udiv:3
[runlim] start:			Thu May 14 16:44:06 2020
[runlim] main pid:		17206
[Ablector] INFO: ABLECTOR TIME: 0.003637
[runlim] end:			Thu May 14 16:44:07 2020
[runlim] status:		ok
[runlim] result:		0
[runlim] children:		0
[runlim] real:			1.12 seconds
[runlim] time:			0.90 seconds
[runlim] space:			37.7 MB
[runlim] samples:		4
[runlim] version:		1.10
[runlim] time limit:		311040000 seconds
[runlim] real time limit:	1200 seconds
[runlim] space limit:		15000 MB
[runlim] argv[0]:		python3
[runlim] argv[1]:		/raid/steuber/Software/ablector/ablector
[runlim] argv[2]:		/raid/steuber/Benchmarks/2019/QF_BV/Sage2/bench_15470.smt2
[runlim] argv[3]:		--ufReuse=1
[runlim] argv[4]:		--omit
[runlim] argv[5]:		mul:3
[runlim] argv[6]:		--omit
[runlim] argv[7]:		sdiv:3
[runlim] argv[8]:		--omit
[runlim] argv[9]:		udiv:3
[runlim] start:			Thu May 14 16:44:07 2020
[runlim] main pid:		17226
[Ablector] INFO: *** ROUND 0
[MulNode] INFO: Level 0
[Ablector] INFO: ABLECTOR TIME: 0.187236
[Ablector] INFO: SAT TIME: 0.182709
[Ablector] INFO: REF TIME: 0.010642
[runlim] end:			Thu May 14 16:44:08 2020
[runlim] status:		ok
[runlim] result:		0
[runlim] children:		0
[runlim] real:			1.17 seconds
[runlim] time:			1.17 seconds
[runlim] space:			41.9 MB
[runlim] samples:		6
[runlim] version:		1.10
[runlim] time limit:		311040000 seconds
[runlim] real time limit:	1200 seconds
[runlim] space limit:		15000 MB
[runlim] argv[0]:		python3
[runlim] argv[1]:		/raid/steuber/Software/ablector/ablector
[runlim] argv[2]:		/raid/steuber/Benchmarks/2019/QF_BV/sage/app1/bench_825.smt2
[runlim] argv[3]:		--ufReuse=1
[runlim] argv[4]:		--omit
[runlim] argv[5]:		mul:3
[runlim] argv[6]:		--omit
[runlim] argv[7]:		sdiv:3
[runlim] argv[8]:		--omit
[runlim] argv[9]:		udiv:3
[runlim] start:			Thu May 14 16:44:08 2020
[runlim] main pid:		17249
[Ablector] INFO: *** ROUND 0
[MulNode] INFO: Level 0
[MulNode] INFO: Level 0
[MulNode] INFO: Level 0
[MulNode] INFO: Level 0
[MulNode] INFO: Level 0
[Ablector] INFO: ABLECTOR TIME: 0.366583
[Ablector] INFO: SAT TIME: 0.360394
[Ablector] INFO: REF TIME: 0.047463
[runlim] end:			Thu May 14 16:44:09 2020
[runlim] status:		ok
[runlim] result:		0
[runlim] children:		1
[runlim] real:			1.68 seconds
[runlim] time:			1.63 seconds
[runlim] space:			58.9 MB
[runlim] samples:		11
[runlim] version:		1.10
[runlim] time limit:		311040000 seconds
[runlim] real time limit:	1200 seconds
[runlim] space limit:		15000 MB
[runlim] argv[0]:		python3
[runlim] argv[1]:		/raid/steuber/Software/ablector/ablector
[runlim] argv[2]:		/raid/steuber/Benchmarks/2019/QF_BV/sage/app2/bench_478.smt2
[runlim] argv[3]:		--ufReuse=1
[runlim] argv[4]:		--omit
[runlim] argv[5]:		mul:3
[runlim] argv[6]:		--omit
[runlim] argv[7]:		sdiv:3
[runlim] argv[8]:		--omit
[runlim] argv[9]:		udiv:3
[runlim] start:			Thu May 14 16:44:10 2020
[runlim] main pid:		17271
[Ablector] INFO: ABLECTOR TIME: 0.003766
[runlim] end:			Thu May 14 16:44:10 2020
[runlim] status:		ok
[runlim] result:		0
[runlim] children:		1
[runlim] real:			0.62 seconds
[runlim] time:			1.07 seconds
[runlim] space:			45.3 MB
[runlim] samples:		5
[runlim] version:		1.10
[runlim] time limit:		311040000 seconds
[runlim] real time limit:	1200 seconds
[runlim] space limit:		15000 MB
[runlim] argv[0]:		python3
[runlim] argv[1]:		/raid/steuber/Software/ablector/ablector
[runlim] argv[2]:		/raid/steuber/Benchmarks/2019/QF_BV/Sage2/bench_4254.smt2
[runlim] argv[3]:		--ufReuse=1
[runlim] argv[4]:		--omit
[runlim] argv[5]:		mul:3
[runlim] argv[6]:		--omit
[runlim] argv[7]:		sdiv:3
[runlim] argv[8]:		--omit
[runlim] argv[9]:		udiv:3
[runlim] start:			Thu May 14 16:44:10 2020
[runlim] main pid:		17291
[Ablector] INFO: *** ROUND 0
[MulNode] INFO: Level 0
[Ablector] INFO: ABLECTOR TIME: 0.194094
[Ablector] INFO: SAT TIME: 0.189200
[Ablector] INFO: REF TIME: 0.014014
[runlim] end:			Thu May 14 16:44:11 2020
[runlim] status:		ok
[runlim] result:		0
[runlim] children:		0
[runlim] real:			1.63 seconds
[runlim] time:			1.16 seconds
[runlim] space:			42.0 MB
[runlim] samples:		6
[runlim] version:		1.10
[runlim] time limit:		311040000 seconds
[runlim] real time limit:	1200 seconds
[runlim] space limit:		15000 MB
[runlim] argv[0]:		python3
[runlim] argv[1]:		/raid/steuber/Software/ablector/ablector
[runlim] argv[2]:		/raid/steuber/Benchmarks/2019/QF_BV/sage/app1/bench_442.smt2
[runlim] argv[3]:		--ufReuse=1
[runlim] argv[4]:		--omit
[runlim] argv[5]:		mul:3
[runlim] argv[6]:		--omit
[runlim] argv[7]:		sdiv:3
[runlim] argv[8]:		--omit
[runlim] argv[9]:		udiv:3
[runlim] start:			Thu May 14 16:44:12 2020
[runlim] main pid:		17311
[Ablector] INFO: ABLECTOR TIME: 0.003451
[runlim] end:			Thu May 14 16:44:12 2020
[runlim] status:		ok
[runlim] result:		0
[runlim] children:		0
[runlim] real:			0.50 seconds
[runlim] time:			0.98 seconds
[runlim] space:			35.9 MB
[runlim] samples:		4
[runlim] version:		1.10
[runlim] time limit:		311040000 seconds
[runlim] real time limit:	1200 seconds
[runlim] space limit:		15000 MB
[runlim] argv[0]:		python3
[runlim] argv[1]:		/raid/steuber/Software/ablector/ablector
[runlim] argv[2]:		/raid/steuber/Benchmarks/2019/QF_BV/sage/app7/bench_2806.smt2
[runlim] argv[3]:		--ufReuse=1
[runlim] argv[4]:		--omit
[runlim] argv[5]:		mul:3
[runlim] argv[6]:		--omit
[runlim] argv[7]:		sdiv:3
[runlim] argv[8]:		--omit
[runlim] argv[9]:		udiv:3
[runlim] start:			Thu May 14 16:44:12 2020
[runlim] main pid:		17331
[Ablector] INFO: ABLECTOR TIME: 0.003684
[runlim] end:			Thu May 14 16:44:13 2020
[runlim] status:		ok
[runlim] result:		0
[runlim] children:		2
[runlim] real:			1.52 seconds
[runlim] time:			1.05 seconds
[runlim] space:			47.2 MB
[runlim] samples:		6
[runlim] version:		1.10
[runlim] time limit:		311040000 seconds
[runlim] real time limit:	1200 seconds
[runlim] space limit:		15000 MB
[runlim] argv[0]:		python3
[runlim] argv[1]:		/raid/steuber/Software/ablector/ablector
[runlim] argv[2]:		/raid/steuber/Benchmarks/2019/QF_BV/bmc-bv-svcomp14/modulus_true.c.21.smt2
[runlim] argv[3]:		--ufReuse=1
[runlim] argv[4]:		--omit
[runlim] argv[5]:		mul:3
[runlim] argv[6]:		--omit
[runlim] argv[7]:		sdiv:3
[runlim] argv[8]:		--omit
[runlim] argv[9]:		udiv:3
[runlim] start:			Thu May 14 16:44:13 2020
[runlim] main pid:		17351
[Ablector] INFO: *** ROUND 0
[Ablector] INFO: *** ROUND 1
[runlim] sample:		10.4 time, 10.9 real, 144.9 MB
[runlim] sample:		20.4 time, 20.9 real, 152.9 MB
[runlim] sample:		30.4 time, 30.9 real, 136.4 MB
[UremNode] INFO: Level 1
[Ablector] INFO: ABLECTOR TIME: 29.588788
[Ablector] INFO: SAT TIME: 29.582466
[Ablector] INFO: REF TIME: 0.001042
[runlim] end:			Thu May 14 16:44:45 2020
[runlim] status:		ok
[runlim] result:		0
[runlim] children:		1
[runlim] real:			32.27 seconds
[runlim] time:			31.75 seconds
[runlim] space:			154.8 MB
[runlim] samples:		313
[runlim] version:		1.10
[runlim] time limit:		311040000 seconds
[runlim] real time limit:	1200 seconds
[runlim] space limit:		15000 MB
[runlim] argv[0]:		python3
[runlim] argv[1]:		/raid/steuber/Software/ablector/ablector
[runlim] argv[2]:		/raid/steuber/Benchmarks/2019/QF_BV/sage/app11/bench_221.smt2
[runlim] argv[3]:		--ufReuse=1
[runlim] argv[4]:		--omit
[runlim] argv[5]:		mul:3
[runlim] argv[6]:		--omit
[runlim] argv[7]:		sdiv:3
[runlim] argv[8]:		--omit
[runlim] argv[9]:		udiv:3
[runlim] start:			Thu May 14 16:44:45 2020
[runlim] main pid:		17376
[Ablector] INFO: ABLECTOR TIME: 0.004234
[runlim] end:			Thu May 14 16:44:46 2020
[runlim] status:		ok
[runlim] result:		0
[runlim] children:		6
[runlim] real:			1.85 seconds
[runlim] time:			1.55 seconds
[runlim] space:			68.3 MB
[runlim] samples:		11
[runlim] version:		1.10
[runlim] time limit:		311040000 seconds
[runlim] real time limit:	1200 seconds
[runlim] space limit:		15000 MB
[runlim] argv[0]:		python3
[runlim] argv[1]:		/raid/steuber/Software/ablector/ablector
[runlim] argv[2]:		/raid/steuber/Benchmarks/2019/QF_BV/sage/app7/bench_1652.smt2
[runlim] argv[3]:		--ufReuse=1
[runlim] argv[4]:		--omit
[runlim] argv[5]:		mul:3
[runlim] argv[6]:		--omit
[runlim] argv[7]:		sdiv:3
[runlim] argv[8]:		--omit
[runlim] argv[9]:		udiv:3
[runlim] start:			Thu May 14 16:44:47 2020
[runlim] main pid:		17396
[Ablector] INFO: ABLECTOR TIME: 0.004059
[runlim] end:			Thu May 14 16:44:48 2020
[runlim] status:		ok
[runlim] result:		0
[runlim] children:		6
[runlim] real:			1.31 seconds
[runlim] time:			1.57 seconds
[runlim] space:			61.7 MB
[runlim] samples:		11
[runlim] version:		1.10
[runlim] time limit:		311040000 seconds
[runlim] real time limit:	1200 seconds
[runlim] space limit:		15000 MB
[runlim] argv[0]:		python3
[runlim] argv[1]:		/raid/steuber/Software/ablector/ablector
[runlim] argv[2]:		/raid/steuber/Benchmarks/2019/QF_BV/20190311-bv-term-small-rw-Noetzli/bv-term-small-rw_613.smt2
[runlim] argv[3]:		--ufReuse=1
[runlim] argv[4]:		--omit
[runlim] argv[5]:		mul:3
[runlim] argv[6]:		--omit
[runlim] argv[7]:		sdiv:3
[runlim] argv[8]:		--omit
[runlim] argv[9]:		udiv:3
[runlim] start:			Thu May 14 16:44:48 2020
[runlim] main pid:		17416
[Ablector] INFO: ABLECTOR TIME: 0.003580
[runlim] end:			Thu May 14 16:44:49 2020
[runlim] status:		ok
[runlim] result:		0
[runlim] children:		0
[runlim] real:			1.12 seconds
[runlim] time:			0.98 seconds
[runlim] space:			37.7 MB
[runlim] samples:		4
[runlim] version:		1.10
[runlim] time limit:		311040000 seconds
[runlim] real time limit:	1200 seconds
[runlim] space limit:		15000 MB
[runlim] argv[0]:		python3
[runlim] argv[1]:		/raid/steuber/Software/ablector/ablector
[runlim] argv[2]:		/raid/steuber/Benchmarks/2019/QF_BV/sage/app1/bench_972.smt2
[runlim] argv[3]:		--ufReuse=1
[runlim] argv[4]:		--omit
[runlim] argv[5]:		mul:3
[runlim] argv[6]:		--omit
[runlim] argv[7]:		sdiv:3
[runlim] argv[8]:		--omit
[runlim] argv[9]:		udiv:3
[runlim] start:			Thu May 14 16:44:49 2020
[runlim] main pid:		17436
[Ablector] INFO: ABLECTOR TIME: 0.003648
[runlim] end:			Thu May 14 16:44:49 2020
[runlim] status:		ok
[runlim] result:		0
[runlim] children:		1
[runlim] real:			0.93 seconds
[runlim] time:			0.97 seconds
[runlim] space:			37.8 MB
[runlim] samples:		4
[runlim] version:		1.10
[runlim] time limit:		311040000 seconds
[runlim] real time limit:	1200 seconds
[runlim] space limit:		15000 MB
[runlim] argv[0]:		python3
[runlim] argv[1]:		/raid/steuber/Software/ablector/ablector
[runlim] argv[2]:		/raid/steuber/Benchmarks/2019/QF_BV/sage/app7/bench_2982.smt2
[runlim] argv[3]:		--ufReuse=1
[runlim] argv[4]:		--omit
[runlim] argv[5]:		mul:3
[runlim] argv[6]:		--omit
[runlim] argv[7]:		sdiv:3
[runlim] argv[8]:		--omit
[runlim] argv[9]:		udiv:3
[runlim] start:			Thu May 14 16:44:50 2020
[runlim] main pid:		17456
[Ablector] INFO: ABLECTOR TIME: 0.003502
[runlim] end:			Thu May 14 16:44:50 2020
[runlim] status:		ok
[runlim] result:		0
[runlim] children:		3
[runlim] real:			0.96 seconds
[runlim] time:			1.17 seconds
[runlim] space:			50.6 MB
[runlim] samples:		6
[runlim] version:		1.10
[runlim] time limit:		311040000 seconds
[runlim] real time limit:	1200 seconds
[runlim] space limit:		15000 MB
[runlim] argv[0]:		python3
[runlim] argv[1]:		/raid/steuber/Software/ablector/ablector
[runlim] argv[2]:		/raid/steuber/Benchmarks/2019/QF_BV/sage/app10/bench_25.smt2
[runlim] argv[3]:		--ufReuse=1
[runlim] argv[4]:		--omit
[runlim] argv[5]:		mul:3
[runlim] argv[6]:		--omit
[runlim] argv[7]:		sdiv:3
[runlim] argv[8]:		--omit
[runlim] argv[9]:		udiv:3
[runlim] start:			Thu May 14 16:44:51 2020
[runlim] main pid:		17476
[Ablector] INFO: ABLECTOR TIME: 0.003440
[runlim] end:			Thu May 14 16:44:51 2020
[runlim] status:		ok
[runlim] result:		0
[runlim] children:		1
[runlim] real:			0.81 seconds
[runlim] time:			0.97 seconds
[runlim] space:			39.5 MB
[runlim] samples:		4
[runlim] version:		1.10
[runlim] time limit:		311040000 seconds
[runlim] real time limit:	1200 seconds
[runlim] space limit:		15000 MB
[runlim] argv[0]:		python3
[runlim] argv[1]:		/raid/steuber/Software/ablector/ablector
[runlim] argv[2]:		/raid/steuber/Benchmarks/2019/QF_BV/sage/app1/bench_839.smt2
[runlim] argv[3]:		--ufReuse=1
[runlim] argv[4]:		--omit
[runlim] argv[5]:		mul:3
[runlim] argv[6]:		--omit
[runlim] argv[7]:		sdiv:3
[runlim] argv[8]:		--omit
[runlim] argv[9]:		udiv:3
[runlim] start:			Thu May 14 16:44:52 2020
[runlim] main pid:		17496
[Ablector] INFO: ABLECTOR TIME: 0.003351
[runlim] end:			Thu May 14 16:44:52 2020
[runlim] status:		ok
[runlim] result:		0
[runlim] children:		0
[runlim] real:			0.58 seconds
[runlim] time:			0.97 seconds
[runlim] space:			37.6 MB
[runlim] samples:		4
[runlim] version:		1.10
[runlim] time limit:		311040000 seconds
[runlim] real time limit:	1200 seconds
[runlim] space limit:		15000 MB
[runlim] argv[0]:		python3
[runlim] argv[1]:		/raid/steuber/Software/ablector/ablector
[runlim] argv[2]:		/raid/steuber/Benchmarks/2019/QF_BV/sage/app7/bench_6120.smt2
[runlim] argv[3]:		--ufReuse=1
[runlim] argv[4]:		--omit
[runlim] argv[5]:		mul:3
[runlim] argv[6]:		--omit
[runlim] argv[7]:		sdiv:3
[runlim] argv[8]:		--omit
[runlim] argv[9]:		udiv:3
[runlim] start:			Thu May 14 16:44:52 2020
[runlim] main pid:		17516
[Ablector] INFO: ABLECTOR TIME: 0.003622
[runlim] end:			Thu May 14 16:44:53 2020
[runlim] status:		ok
[runlim] result:		0
[runlim] children:		0
[runlim] real:			1.36 seconds
[runlim] time:			0.96 seconds
[runlim] space:			37.8 MB
[runlim] samples:		4
[runlim] version:		1.10
[runlim] time limit:		311040000 seconds
[runlim] real time limit:	1200 seconds
[runlim] space limit:		15000 MB
[runlim] argv[0]:		python3
[runlim] argv[1]:		/raid/steuber/Software/ablector/ablector
[runlim] argv[2]:		/raid/steuber/Benchmarks/2019/QF_BV/sage/app7/bench_8644.smt2
[runlim] argv[3]:		--ufReuse=1
[runlim] argv[4]:		--omit
[runlim] argv[5]:		mul:3
[runlim] argv[6]:		--omit
[runlim] argv[7]:		sdiv:3
[runlim] argv[8]:		--omit
[runlim] argv[9]:		udiv:3
[runlim] start:			Thu May 14 16:44:53 2020
[runlim] main pid:		17536
[Ablector] INFO: ABLECTOR TIME: 0.004396
[runlim] end:			Thu May 14 16:44:55 2020
[runlim] status:		ok
[runlim] result:		0
[runlim] children:		13
[runlim] real:			2.54 seconds
[runlim] time:			2.25 seconds
[runlim] space:			83.5 MB
[runlim] samples:		18
[runlim] version:		1.10
[runlim] time limit:		311040000 seconds
[runlim] real time limit:	1200 seconds
[runlim] space limit:		15000 MB
[runlim] argv[0]:		python3
[runlim] argv[1]:		/raid/steuber/Software/ablector/ablector
[runlim] argv[2]:		/raid/steuber/Benchmarks/2019/QF_BV/sage/app7/bench_2987.smt2
[runlim] argv[3]:		--ufReuse=1
[runlim] argv[4]:		--omit
[runlim] argv[5]:		mul:3
[runlim] argv[6]:		--omit
[runlim] argv[7]:		sdiv:3
[runlim] argv[8]:		--omit
[runlim] argv[9]:		udiv:3
[runlim] start:			Thu May 14 16:44:55 2020
[runlim] main pid:		17558
[Ablector] INFO: ABLECTOR TIME: 0.003867
[runlim] end:			Thu May 14 16:44:56 2020
[runlim] status:		ok
[runlim] result:		0
[runlim] children:		2
[runlim] real:			1.56 seconds
[runlim] time:			1.06 seconds
[runlim] space:			46.4 MB
[runlim] samples:		6
[runlim] version:		1.10
[runlim] time limit:		311040000 seconds
[runlim] real time limit:	1200 seconds
[runlim] space limit:		15000 MB
[runlim] argv[0]:		python3
[runlim] argv[1]:		/raid/steuber/Software/ablector/ablector
[runlim] argv[2]:		/raid/steuber/Benchmarks/2019/QF_BV/sage/app1/bench_2321.smt2
[runlim] argv[3]:		--ufReuse=1
[runlim] argv[4]:		--omit
[runlim] argv[5]:		mul:3
[runlim] argv[6]:		--omit
[runlim] argv[7]:		sdiv:3
[runlim] argv[8]:		--omit
[runlim] argv[9]:		udiv:3
[runlim] start:			Thu May 14 16:44:56 2020
[runlim] main pid:		17579
[Ablector] INFO: *** ROUND 0
[SdivNode] INFO: Level 0
[SdivNode] INFO: Level 0
[SdivNode] INFO: Level 0
[SdivNode] INFO: Level 0
[SdivNode] INFO: Level 0
[SdivNode] INFO: Level 0
[SdivNode] INFO: Level 0
[SdivNode] INFO: Level 0
[SdivNode] INFO: Level 0
[SdivNode] INFO: Level 0
[SdivNode] INFO: Level 0
[SdivNode] INFO: Level 0
[SdivNode] INFO: Level 0
[SdivNode] INFO: Level 0
[SdivNode] INFO: Level 0
[SdivNode] INFO: Level 0
[SdivNode] INFO: Level 0
[SdivNode] INFO: Level 0
[SdivNode] INFO: Level 0
[SdivNode] INFO: Level 0
[SdivNode] INFO: Level 0
[SdivNode] INFO: Level 0
[SdivNode] INFO: Level 0
[SdivNode] INFO: Level 0
[SdivNode] INFO: Level 0
[SdivNode] INFO: Level 0
[SdivNode] INFO: Level 0
[SdivNode] INFO: Level 0
[SdivNode] INFO: Level 0
[SdivNode] INFO: Level 0
[SdivNode] INFO: Level 0
[SdivNode] INFO: Level 0
[SdivNode] INFO: Level 0
[SdivNode] INFO: Level 0
[SdivNode] INFO: Level 0
[SdivNode] INFO: Level 0
[Ablector] INFO: ABLECTOR TIME: 0.250108
[Ablector] INFO: SAT TIME: 0.241286
[Ablector] INFO: REF TIME: 0.048401
[runlim] end:			Thu May 14 16:44:57 2020
[runlim] status:		ok
[runlim] result:		0
[runlim] children:		0
[runlim] real:			1.74 seconds
[runlim] time:			1.36 seconds
[runlim] space:			56.1 MB
[runlim] samples:		8
[runlim] version:		1.10
[runlim] time limit:		311040000 seconds
[runlim] real time limit:	1200 seconds
[runlim] space limit:		15000 MB
[runlim] argv[0]:		python3
[runlim] argv[1]:		/raid/steuber/Software/ablector/ablector
[runlim] argv[2]:		/raid/steuber/Benchmarks/2019/QF_BV/sage/app7/bench_5943.smt2
[runlim] argv[3]:		--ufReuse=1
[runlim] argv[4]:		--omit
[runlim] argv[5]:		mul:3
[runlim] argv[6]:		--omit
[runlim] argv[7]:		sdiv:3
[runlim] argv[8]:		--omit
[runlim] argv[9]:		udiv:3
[runlim] start:			Thu May 14 16:44:58 2020
[runlim] main pid:		17599
[Ablector] INFO: ABLECTOR TIME: 0.003727
[runlim] end:			Thu May 14 16:44:58 2020
[runlim] status:		ok
[runlim] result:		0
[runlim] children:		0
[runlim] real:			0.56 seconds
[runlim] time:			0.96 seconds
[runlim] space:			37.6 MB
[runlim] samples:		4
[runlim] version:		1.10
[runlim] time limit:		311040000 seconds
[runlim] real time limit:	1200 seconds
[runlim] space limit:		15000 MB
[runlim] argv[0]:		python3
[runlim] argv[1]:		/raid/steuber/Software/ablector/ablector
[runlim] argv[2]:		/raid/steuber/Benchmarks/2019/QF_BV/Sage2/bench_11827.smt2
[runlim] argv[3]:		--ufReuse=1
[runlim] argv[4]:		--omit
[runlim] argv[5]:		mul:3
[runlim] argv[6]:		--omit
[runlim] argv[7]:		sdiv:3
[runlim] argv[8]:		--omit
[runlim] argv[9]:		udiv:3
[runlim] start:			Thu May 14 16:44:58 2020
[runlim] main pid:		17619
[Ablector] INFO: *** ROUND 0
[MulNode] INFO: Level 0
[MulNode] INFO: Level 0
[MulNode] INFO: Level 0
[MulNode] INFO: Level 0
[MulNode] INFO: Level 0
[MulNode] INFO: Level 0
[MulNode] INFO: Level 0
[MulNode] INFO: Level 0
[MulNode] INFO: Level 0
[MulNode] INFO: Level 0
[MulNode] INFO: Level 0
[MulNode] INFO: Level 0
[MulNode] INFO: Level 0
[MulNode] INFO: Level 0
[MulNode] INFO: Level 0
[MulNode] INFO: Level 0
[MulNode] INFO: Level 0
[MulNode] INFO: Level 0
[MulNode] INFO: Level 0
[MulNode] INFO: Level 0
[MulNode] INFO: Level 0
[MulNode] INFO: Level 0
[MulNode] INFO: Level 0
[MulNode] INFO: Level 0
[MulNode] INFO: Level 0
[MulNode] INFO: Level 0
[MulNode] INFO: Level 0
[MulNode] INFO: Level 0
[MulNode] INFO: Level 0
[MulNode] INFO: Level 0
[MulNode] INFO: Level 0
[MulNode] INFO: Level 0
[MulNode] INFO: Level 0
[MulNode] INFO: Level 0
[MulNode] INFO: Level 0
[MulNode] INFO: Level 0
[MulNode] INFO: Level 0
[MulNode] INFO: Level 0
[MulNode] INFO: Level 0
[MulNode] INFO: Level 0
[MulNode] INFO: Level 0
[MulNode] INFO: Level 0
[MulNode] INFO: Level 0
[MulNode] INFO: Level 0
[MulNode] INFO: Level 0
[MulNode] INFO: Level 0
[MulNode] INFO: Level 0
[MulNode] INFO: Level 0
[MulNode] INFO: Level 0
[MulNode] INFO: Level 0
[Ablector] INFO: ABLECTOR TIME: 1.063404
[Ablector] INFO: SAT TIME: 1.048972
[Ablector] INFO: REF TIME: 0.506380
[runlim] end:			Thu May 14 16:45:01 2020
[runlim] status:		ok
[runlim] result:		0
[runlim] children:		1
[runlim] real:			3.13 seconds
[runlim] time:			2.72 seconds
[runlim] space:			98.5 MB
[runlim] samples:		22
[runlim] version:		1.10
[runlim] time limit:		311040000 seconds
[runlim] real time limit:	1200 seconds
[runlim] space limit:		15000 MB
[runlim] argv[0]:		python3
[runlim] argv[1]:		/raid/steuber/Software/ablector/ablector
[runlim] argv[2]:		/raid/steuber/Benchmarks/2019/QF_BV/sage/app7/bench_1146.smt2
[runlim] argv[3]:		--ufReuse=1
[runlim] argv[4]:		--omit
[runlim] argv[5]:		mul:3
[runlim] argv[6]:		--omit
[runlim] argv[7]:		sdiv:3
[runlim] argv[8]:		--omit
[runlim] argv[9]:		udiv:3
[runlim] start:			Thu May 14 16:45:01 2020
[runlim] main pid:		17639
[Ablector] INFO: ABLECTOR TIME: 0.003665
[runlim] end:			Thu May 14 16:45:02 2020
[runlim] status:		ok
[runlim] result:		0
[runlim] children:		8
[runlim] real:			1.81 seconds
[runlim] time:			1.74 seconds
[runlim] space:			73.1 MB
[runlim] samples:		12
[runlim] version:		1.10
[runlim] time limit:		311040000 seconds
[runlim] real time limit:	1200 seconds
[runlim] space limit:		15000 MB
[runlim] argv[0]:		python3
[runlim] argv[1]:		/raid/steuber/Software/ablector/ablector
[runlim] argv[2]:		/raid/steuber/Benchmarks/2019/QF_BV/sage/app1/bench_1984.smt2
[runlim] argv[3]:		--ufReuse=1
[runlim] argv[4]:		--omit
[runlim] argv[5]:		mul:3
[runlim] argv[6]:		--omit
[runlim] argv[7]:		sdiv:3
[runlim] argv[8]:		--omit
[runlim] argv[9]:		udiv:3
[runlim] start:			Thu May 14 16:45:03 2020
[runlim] main pid:		17659
[Ablector] INFO: ABLECTOR TIME: 0.003577
[runlim] end:			Thu May 14 16:45:03 2020
[runlim] status:		ok
[runlim] result:		0
[runlim] children:		0
[runlim] real:			0.62 seconds
[runlim] time:			0.94 seconds
[runlim] space:			37.6 MB
[runlim] samples:		4
[runlim] version:		1.10
[runlim] time limit:		311040000 seconds
[runlim] real time limit:	1200 seconds
[runlim] space limit:		15000 MB
[runlim] argv[0]:		python3
[runlim] argv[1]:		/raid/steuber/Software/ablector/ablector
[runlim] argv[2]:		/raid/steuber/Benchmarks/2019/QF_BV/sage/app7/bench_1786.smt2
[runlim] argv[3]:		--ufReuse=1
[runlim] argv[4]:		--omit
[runlim] argv[5]:		mul:3
[runlim] argv[6]:		--omit
[runlim] argv[7]:		sdiv:3
[runlim] argv[8]:		--omit
[runlim] argv[9]:		udiv:3
[runlim] start:			Thu May 14 16:45:03 2020
[runlim] main pid:		17679
[Ablector] INFO: ABLECTOR TIME: 0.003962
[runlim] end:			Thu May 14 16:45:04 2020
[runlim] status:		ok
[runlim] result:		0
[runlim] children:		4
[runlim] real:			1.88 seconds
[runlim] time:			1.36 seconds
[runlim] space:			58.7 MB
[runlim] samples:		9
[runlim] version:		1.10
[runlim] time limit:		311040000 seconds
[runlim] real time limit:	1200 seconds
[runlim] space limit:		15000 MB
[runlim] argv[0]:		python3
[runlim] argv[1]:		/raid/steuber/Software/ablector/ablector
[runlim] argv[2]:		/raid/steuber/Benchmarks/2019/QF_BV/Sage2/bench_16525.smt2
[runlim] argv[3]:		--ufReuse=1
[runlim] argv[4]:		--omit
[runlim] argv[5]:		mul:3
[runlim] argv[6]:		--omit
[runlim] argv[7]:		sdiv:3
[runlim] argv[8]:		--omit
[runlim] argv[9]:		udiv:3
[runlim] start:			Thu May 14 16:45:05 2020
[runlim] main pid:		17699
[Ablector] INFO: *** ROUND 0
[MulNode] INFO: Level 0
[Ablector] INFO: ABLECTOR TIME: 0.425396
[Ablector] INFO: SAT TIME: 0.420513
[Ablector] INFO: REF TIME: 0.010927
[runlim] end:			Thu May 14 16:45:06 2020
[runlim] status:		ok
[runlim] result:		0
[runlim] children:		0
[runlim] real:			1.19 seconds
[runlim] time:			1.46 seconds
[runlim] space:			45.5 MB
[runlim] samples:		9
[runlim] version:		1.10
[runlim] time limit:		311040000 seconds
[runlim] real time limit:	1200 seconds
[runlim] space limit:		15000 MB
[runlim] argv[0]:		python3
[runlim] argv[1]:		/raid/steuber/Software/ablector/ablector
[runlim] argv[2]:		/raid/steuber/Benchmarks/2019/QF_BV/Sage2/bench_15852.smt2
[runlim] argv[3]:		--ufReuse=1
[runlim] argv[4]:		--omit
[runlim] argv[5]:		mul:3
[runlim] argv[6]:		--omit
[runlim] argv[7]:		sdiv:3
[runlim] argv[8]:		--omit
[runlim] argv[9]:		udiv:3
[runlim] start:			Thu May 14 16:45:06 2020
[runlim] main pid:		17719
[Ablector] INFO: *** ROUND 0
[MulNode] INFO: Level 0
[Ablector] INFO: ABLECTOR TIME: 0.278185
[Ablector] INFO: SAT TIME: 0.273434
[Ablector] INFO: REF TIME: 0.010983
[runlim] end:			Thu May 14 16:45:07 2020
[runlim] status:		ok
[runlim] result:		0
[runlim] children:		0
[runlim] real:			1.39 seconds
[runlim] time:			1.37 seconds
[runlim] space:			43.9 MB
[runlim] samples:		8
[runlim] version:		1.10
[runlim] time limit:		311040000 seconds
[runlim] real time limit:	1200 seconds
[runlim] space limit:		15000 MB
[runlim] argv[0]:		python3
[runlim] argv[1]:		/raid/steuber/Software/ablector/ablector
[runlim] argv[2]:		/raid/steuber/Benchmarks/2019/QF_BV/sage/app7/bench_442.smt2
[runlim] argv[3]:		--ufReuse=1
[runlim] argv[4]:		--omit
[runlim] argv[5]:		mul:3
[runlim] argv[6]:		--omit
[runlim] argv[7]:		sdiv:3
[runlim] argv[8]:		--omit
[runlim] argv[9]:		udiv:3
[runlim] start:			Thu May 14 16:45:07 2020
[runlim] main pid:		17739
[Ablector] INFO: ABLECTOR TIME: 0.003984
[runlim] end:			Thu May 14 16:45:09 2020
[runlim] status:		ok
[runlim] result:		0
[runlim] children:		13
[runlim] real:			2.48 seconds
[runlim] time:			2.16 seconds
[runlim] space:			81.2 MB
[runlim] samples:		17
[runlim] version:		1.10
[runlim] time limit:		311040000 seconds
[runlim] real time limit:	1200 seconds
[runlim] space limit:		15000 MB
[runlim] argv[0]:		python3
[runlim] argv[1]:		/raid/steuber/Software/ablector/ablector
[runlim] argv[2]:		/raid/steuber/Benchmarks/2019/QF_BV/20190311-bv-term-small-rw-Noetzli/bv-term-small-rw_1201.smt2
[runlim] argv[3]:		--ufReuse=1
[runlim] argv[4]:		--omit
[runlim] argv[5]:		mul:3
[runlim] argv[6]:		--omit
[runlim] argv[7]:		sdiv:3
[runlim] argv[8]:		--omit
[runlim] argv[9]:		udiv:3
[runlim] start:			Thu May 14 16:45:09 2020
[runlim] main pid:		17759
[Ablector] INFO: *** ROUND 0
[MulNode] INFO: Level 0
[Ablector] INFO: ABLECTOR TIME: 0.121363
[Ablector] INFO: SAT TIME: 0.116429
[Ablector] INFO: REF TIME: 0.015090
[runlim] end:			Thu May 14 16:45:10 2020
[runlim] status:		ok
[runlim] result:		0
[runlim] children:		0
[runlim] real:			1.47 seconds
[runlim] time:			1.07 seconds
[runlim] space:			40.9 MB
[runlim] samples:		5
[runlim] version:		1.10
[runlim] time limit:		311040000 seconds
[runlim] real time limit:	1200 seconds
[runlim] space limit:		15000 MB
[runlim] argv[0]:		python3
[runlim] argv[1]:		/raid/steuber/Software/ablector/ablector
[runlim] argv[2]:		/raid/steuber/Benchmarks/2019/QF_BV/sage/app11/bench_232.smt2
[runlim] argv[3]:		--ufReuse=1
[runlim] argv[4]:		--omit
[runlim] argv[5]:		mul:3
[runlim] argv[6]:		--omit
[runlim] argv[7]:		sdiv:3
[runlim] argv[8]:		--omit
[runlim] argv[9]:		udiv:3
[runlim] start:			Thu May 14 16:45:10 2020
[runlim] main pid:		17779
[Ablector] INFO: ABLECTOR TIME: 0.003763
[runlim] end:			Thu May 14 16:45:11 2020
[runlim] status:		ok
[runlim] result:		0
[runlim] children:		5
[runlim] real:			1.75 seconds
[runlim] time:			1.36 seconds
[runlim] space:			68.2 MB
[runlim] samples:		9
[runlim] version:		1.10
[runlim] time limit:		311040000 seconds
[runlim] real time limit:	1200 seconds
[runlim] space limit:		15000 MB
[runlim] argv[0]:		python3
[runlim] argv[1]:		/raid/steuber/Software/ablector/ablector
[runlim] argv[2]:		/raid/steuber/Benchmarks/2019/QF_BV/sage/app1/bench_48.smt2
[runlim] argv[3]:		--ufReuse=1
[runlim] argv[4]:		--omit
[runlim] argv[5]:		mul:3
[runlim] argv[6]:		--omit
[runlim] argv[7]:		sdiv:3
[runlim] argv[8]:		--omit
[runlim] argv[9]:		udiv:3
[runlim] start:			Thu May 14 16:45:12 2020
[runlim] main pid:		17799
[Ablector] INFO: ABLECTOR TIME: 0.003626
[runlim] end:			Thu May 14 16:45:12 2020
[runlim] status:		ok
[runlim] result:		0
[runlim] children:		1
[runlim] real:			0.58 seconds
[runlim] time:			0.96 seconds
[runlim] space:			37.6 MB
[runlim] samples:		4
[runlim] version:		1.10
[runlim] time limit:		311040000 seconds
[runlim] real time limit:	1200 seconds
[runlim] space limit:		15000 MB
[runlim] argv[0]:		python3
[runlim] argv[1]:		/raid/steuber/Software/ablector/ablector
[runlim] argv[2]:		/raid/steuber/Benchmarks/2019/QF_BV/sage/app1/bench_398.smt2
[runlim] argv[3]:		--ufReuse=1
[runlim] argv[4]:		--omit
[runlim] argv[5]:		mul:3
[runlim] argv[6]:		--omit
[runlim] argv[7]:		sdiv:3
[runlim] argv[8]:		--omit
[runlim] argv[9]:		udiv:3
[runlim] start:			Thu May 14 16:45:12 2020
[runlim] main pid:		17819
[Ablector] INFO: ABLECTOR TIME: 0.003582
[runlim] end:			Thu May 14 16:45:13 2020
[runlim] status:		ok
[runlim] result:		0
[runlim] children:		0
[runlim] real:			1.37 seconds
[runlim] time:			0.96 seconds
[runlim] space:			37.7 MB
[runlim] samples:		4
[runlim] version:		1.10
[runlim] time limit:		311040000 seconds
[runlim] real time limit:	1200 seconds
[runlim] space limit:		15000 MB
[runlim] argv[0]:		python3
[runlim] argv[1]:		/raid/steuber/Software/ablector/ablector
[runlim] argv[2]:		/raid/steuber/Benchmarks/2019/QF_BV/Sage2/bench_6931.smt2
[runlim] argv[3]:		--ufReuse=1
[runlim] argv[4]:		--omit
[runlim] argv[5]:		mul:3
[runlim] argv[6]:		--omit
[runlim] argv[7]:		sdiv:3
[runlim] argv[8]:		--omit
[runlim] argv[9]:		udiv:3
[runlim] start:			Thu May 14 16:45:13 2020
[runlim] main pid:		17839
[Ablector] INFO: *** ROUND 0
[MulNode] INFO: Level 0
[MulNode] INFO: Level 0
[MulNode] INFO: Level 0
[MulNode] INFO: Level 0
[MulNode] INFO: Level 0
[MulNode] INFO: Level 0
[MulNode] INFO: Level 0
[MulNode] INFO: Level 0
[MulNode] INFO: Level 0
[MulNode] INFO: Level 0
[MulNode] INFO: Level 0
[MulNode] INFO: Level 0
[MulNode] INFO: Level 0
[MulNode] INFO: Level 0
[MulNode] INFO: Level 0
[MulNode] INFO: Level 0
[MulNode] INFO: Level 0
[MulNode] INFO: Level 0
[MulNode] INFO: Level 0
[MulNode] INFO: Level 0
[MulNode] INFO: Level 0
[MulNode] INFO: Level 0
[MulNode] INFO: Level 0
[MulNode] INFO: Level 0
[MulNode] INFO: Level 0
[MulNode] INFO: Level 0
[MulNode] INFO: Level 0
[MulNode] INFO: Level 0
[MulNode] INFO: Level 0
[MulNode] INFO: Level 0
[MulNode] INFO: Level 0
[MulNode] INFO: Level 0
[MulNode] INFO: Level 0
[MulNode] INFO: Level 0
[MulNode] INFO: Level 0
[MulNode] INFO: Level 0
[MulNode] INFO: Level 0
[MulNode] INFO: Level 0
[MulNode] INFO: Level 0
[MulNode] INFO: Level 0
[MulNode] INFO: Level 0
[MulNode] INFO: Level 0
[MulNode] INFO: Level 0
[MulNode] INFO: Level 0
[MulNode] INFO: Level 0
[MulNode] INFO: Level 0
[MulNode] INFO: Level 0
[MulNode] INFO: Level 0
[MulNode] INFO: Level 0
[MulNode] INFO: Level 0
[MulNode] INFO: Level 0
[MulNode] INFO: Level 0
[MulNode] INFO: Level 0
[MulNode] INFO: Level 0
[MulNode] INFO: Level 0
[MulNode] INFO: Level 0
[MulNode] INFO: Level 0
[MulNode] INFO: Level 0
[MulNode] INFO: Level 0
[MulNode] INFO: Level 0
[MulNode] INFO: Level 0
[MulNode] INFO: Level 0
[MulNode] INFO: Level 0
[MulNode] INFO: Level 0
[MulNode] INFO: Level 0
[MulNode] INFO: Level 0
[MulNode] INFO: Level 0
[MulNode] INFO: Level 0
[MulNode] INFO: Level 0
[MulNode] INFO: Level 0
[MulNode] INFO: Level 0
[Ablector] INFO: ABLECTOR TIME: 3.691186
[Ablector] INFO: SAT TIME: 3.658099
[Ablector] INFO: REF TIME: 0.609271
[runlim] end:			Thu May 14 16:45:20 2020
[runlim] status:		ok
[runlim] result:		0
[runlim] children:		2
[runlim] real:			7.63 seconds
[runlim] time:			7.26 seconds
[runlim] space:			378.0 MB
[runlim] samples:		69
[runlim] version:		1.10
[runlim] time limit:		311040000 seconds
[runlim] real time limit:	1200 seconds
[runlim] space limit:		15000 MB
[runlim] argv[0]:		python3
[runlim] argv[1]:		/raid/steuber/Software/ablector/ablector
[runlim] argv[2]:		/raid/steuber/Benchmarks/2019/QF_BV/sage/app8/bench_843.smt2
[runlim] argv[3]:		--ufReuse=1
[runlim] argv[4]:		--omit
[runlim] argv[5]:		mul:3
[runlim] argv[6]:		--omit
[runlim] argv[7]:		sdiv:3
[runlim] argv[8]:		--omit
[runlim] argv[9]:		udiv:3
[runlim] start:			Thu May 14 16:45:20 2020
[runlim] main pid:		17860
[Ablector] INFO: *** ROUND 0
[MulNode] INFO: Level 0
[MulNode] INFO: Level 0
[MulNode] INFO: Level 0
[MulNode] INFO: Level 0
[MulNode] INFO: Level 0
[MulNode] INFO: Level 0
[MulNode] INFO: Level 0
[MulNode] INFO: Level 0
[MulNode] INFO: Level 0
[MulNode] INFO: Level 0
[MulNode] INFO: Level 0
[Ablector] INFO: ABLECTOR TIME: 0.211067
[Ablector] INFO: SAT TIME: 0.204676
[Ablector] INFO: REF TIME: 0.105046
[runlim] end:			Thu May 14 16:45:21 2020
[runlim] status:		ok
[runlim] result:		0
[runlim] children:		0
[runlim] real:			1.78 seconds
[runlim] time:			1.37 seconds
[runlim] space:			50.3 MB
[runlim] samples:		8
[runlim] version:		1.10
[runlim] time limit:		311040000 seconds
[runlim] real time limit:	1200 seconds
[runlim] space limit:		15000 MB
[runlim] argv[0]:		python3
[runlim] argv[1]:		/raid/steuber/Software/ablector/ablector
[runlim] argv[2]:		/raid/steuber/Benchmarks/2019/QF_BV/sage/app7/bench_1579.smt2
[runlim] argv[3]:		--ufReuse=1
[runlim] argv[4]:		--omit
[runlim] argv[5]:		mul:3
[runlim] argv[6]:		--omit
[runlim] argv[7]:		sdiv:3
[runlim] argv[8]:		--omit
[runlim] argv[9]:		udiv:3
[runlim] start:			Thu May 14 16:45:22 2020
[runlim] main pid:		17880
[Ablector] INFO: ABLECTOR TIME: 0.003580
[runlim] end:			Thu May 14 16:45:23 2020
[runlim] status:		ok
[runlim] result:		0
[runlim] children:		5
[runlim] real:			1.15 seconds
[runlim] time:			1.44 seconds
[runlim] space:			63.7 MB
[runlim] samples:		10
[runlim] version:		1.10
[runlim] time limit:		311040000 seconds
[runlim] real time limit:	1200 seconds
[runlim] space limit:		15000 MB
[runlim] argv[0]:		python3
[runlim] argv[1]:		/raid/steuber/Software/ablector/ablector
[runlim] argv[2]:		/raid/steuber/Benchmarks/2019/QF_BV/sage/app7/bench_2761.smt2
[runlim] argv[3]:		--ufReuse=1
[runlim] argv[4]:		--omit
[runlim] argv[5]:		mul:3
[runlim] argv[6]:		--omit
[runlim] argv[7]:		sdiv:3
[runlim] argv[8]:		--omit
[runlim] argv[9]:		udiv:3
[runlim] start:			Thu May 14 16:45:23 2020
[runlim] main pid:		17903
[Ablector] INFO: ABLECTOR TIME: 0.003768
[runlim] end:			Thu May 14 16:45:24 2020
[runlim] status:		ok
[runlim] result:		0
[runlim] children:		2
[runlim] real:			1.15 seconds
[runlim] time:			1.05 seconds
[runlim] space:			47.2 MB
[runlim] samples:		6
[runlim] version:		1.10
[runlim] time limit:		311040000 seconds
[runlim] real time limit:	1200 seconds
[runlim] space limit:		15000 MB
[runlim] argv[0]:		python3
[runlim] argv[1]:		/raid/steuber/Software/ablector/ablector
[runlim] argv[2]:		/raid/steuber/Benchmarks/2019/QF_BV/sage/app9/bench_2629.smt2
[runlim] argv[3]:		--ufReuse=1
[runlim] argv[4]:		--omit
[runlim] argv[5]:		mul:3
[runlim] argv[6]:		--omit
[runlim] argv[7]:		sdiv:3
[runlim] argv[8]:		--omit
[runlim] argv[9]:		udiv:3
[runlim] start:			Thu May 14 16:45:24 2020
[runlim] main pid:		17923
[Ablector] INFO: ABLECTOR TIME: 0.003594
[runlim] end:			Thu May 14 16:45:24 2020
[runlim] status:		ok
[runlim] result:		0
[runlim] children:		0
[runlim] real:			0.97 seconds
[runlim] time:			0.98 seconds
[runlim] space:			37.8 MB
[runlim] samples:		4
[runlim] version:		1.10
[runlim] time limit:		311040000 seconds
[runlim] real time limit:	1200 seconds
[runlim] space limit:		15000 MB
[runlim] argv[0]:		python3
[runlim] argv[1]:		/raid/steuber/Software/ablector/ablector
[runlim] argv[2]:		/raid/steuber/Benchmarks/2019/QF_BV/sage/app1/bench_293.smt2
[runlim] argv[3]:		--ufReuse=1
[runlim] argv[4]:		--omit
[runlim] argv[5]:		mul:3
[runlim] argv[6]:		--omit
[runlim] argv[7]:		sdiv:3
[runlim] argv[8]:		--omit
[runlim] argv[9]:		udiv:3
[runlim] start:			Thu May 14 16:45:25 2020
[runlim] main pid:		17943
[Ablector] INFO: ABLECTOR TIME: 0.003560
[runlim] end:			Thu May 14 16:45:25 2020
[runlim] status:		ok
[runlim] result:		0
[runlim] children:		0
[runlim] real:			0.76 seconds
[runlim] time:			0.95 seconds
[runlim] space:			37.6 MB
[runlim] samples:		4
[runlim] version:		1.10
[runlim] time limit:		311040000 seconds
[runlim] real time limit:	1200 seconds
[runlim] space limit:		15000 MB
[runlim] argv[0]:		python3
[runlim] argv[1]:		/raid/steuber/Software/ablector/ablector
[runlim] argv[2]:		/raid/steuber/Benchmarks/2019/QF_BV/sage/app7/bench_1104.smt2
[runlim] argv[3]:		--ufReuse=1
[runlim] argv[4]:		--omit
[runlim] argv[5]:		mul:3
[runlim] argv[6]:		--omit
[runlim] argv[7]:		sdiv:3
[runlim] argv[8]:		--omit
[runlim] argv[9]:		udiv:3
[runlim] start:			Thu May 14 16:45:26 2020
[runlim] main pid:		17963
[Ablector] INFO: ABLECTOR TIME: 0.003928
[runlim] end:			Thu May 14 16:45:27 2020
[runlim] status:		ok
[runlim] result:		0
[runlim] children:		8
[runlim] real:			1.51 seconds
[runlim] time:			1.77 seconds
[runlim] space:			73.2 MB
[runlim] samples:		13
[runlim] version:		1.10
[runlim] time limit:		311040000 seconds
[runlim] real time limit:	1200 seconds
[runlim] space limit:		15000 MB
[runlim] argv[0]:		python3
[runlim] argv[1]:		/raid/steuber/Software/ablector/ablector
[runlim] argv[2]:		/raid/steuber/Benchmarks/2019/QF_BV/Sage2/bench_13579.smt2
[runlim] argv[3]:		--ufReuse=1
[runlim] argv[4]:		--omit
[runlim] argv[5]:		mul:3
[runlim] argv[6]:		--omit
[runlim] argv[7]:		sdiv:3
[runlim] argv[8]:		--omit
[runlim] argv[9]:		udiv:3
[runlim] start:			Thu May 14 16:45:27 2020
[runlim] main pid:		17983
[Ablector] INFO: *** ROUND 0
[MulNode] INFO: Level 0
[MulNode] INFO: Level 0
[MulNode] INFO: Level 0
[MulNode] INFO: Level 0
[MulNode] INFO: Level 0
[MulNode] INFO: Level 0
[MulNode] INFO: Level 0
[MulNode] INFO: Level 0
[Ablector] INFO: ABLECTOR TIME: 0.153721
[Ablector] INFO: SAT TIME: 0.147373
[Ablector] INFO: REF TIME: 0.080461
[runlim] end:			Thu May 14 16:45:28 2020
[runlim] status:		ok
[runlim] result:		0
[runlim] children:		0
[runlim] real:			1.83 seconds
[runlim] time:			1.39 seconds
[runlim] space:			45.1 MB
[runlim] samples:		9
