[runner] /raid/steuber/Benchmarks/2019/QF_BV/spear/samba_v3.0.24/bin_libsmbsharemodes_vc6194.smt2
SAT
[runner] /raid/steuber/Benchmarks/2019/QF_BV/Sage2/bench_8331.smt2
[runner] /raid/steuber/Benchmarks/2019/QF_BV/spear/samba_v3.0.24/bin_eventlogadm_vc352364.smt2
SAT
[runner] /raid/steuber/Benchmarks/2019/QF_BV/sage/app8/bench_646.smt2
SAT
[runner] /raid/steuber/Benchmarks/2019/QF_BV/spear/samba_v3.0.24/bin_libsmbsharemodes_vc4816.smt2
SAT
[runner] /raid/steuber/Benchmarks/2019/QF_BV/uclid/catchconv/convert-jpg2gif-query-1425.smt2
[runner] /raid/steuber/Benchmarks/2019/QF_BV/sage/app12/bench_4749.smt2
SAT
[runner] /raid/steuber/Benchmarks/2019/QF_BV/spear/inn_v2.4.3/nnrpd_nnrpd_vc20437.smt2
SAT
[runner] /raid/steuber/Benchmarks/2019/QF_BV/sage/app9/bench_2974.smt2
SAT
[runner] /raid/steuber/Benchmarks/2019/QF_BV/spear/samba_v3.0.24/bin_eventlogadm_vc352878.smt2
SAT
[runner] /raid/steuber/Benchmarks/2019/QF_BV/Sage2/bench_1585.smt2
SAT
[runner] /raid/steuber/Benchmarks/2019/QF_BV/uclid/catchconv/convert-jpg2gif-query-1474.smt2
[runner] /raid/steuber/Benchmarks/2019/QF_BV/uclid/catchconv/convert-jpg2gif-query-1198.smt2
[runner] /raid/steuber/Benchmarks/2019/QF_BV/spear/samba_v3.0.24/bin_eventlogadm_vc331196.smt2
SAT
[runner] /raid/steuber/Benchmarks/2019/QF_BV/Sage2/bench_17268.smt2
SAT
[runner] /raid/steuber/Benchmarks/2019/QF_BV/Sage2/bench_12481.smt2
[runner] /raid/steuber/Benchmarks/2019/QF_BV/Sage2/bench_3375.smt2
SAT
[runner] /raid/steuber/Benchmarks/2019/QF_BV/Sage2/bench_5001.smt2
[runner] /raid/steuber/Benchmarks/2019/QF_BV/Sage2/bench_9598.smt2
SAT
[runner] /raid/steuber/Benchmarks/2019/QF_BV/spear/samba_v3.0.24/bin_eventlogadm_vc331213.smt2
SAT
[runner] /raid/steuber/Benchmarks/2019/QF_BV/Sage2/bench_14873.smt2
[runner] /raid/steuber/Benchmarks/2019/QF_BV/Sage2/bench_13722.smt2
[runner] /raid/steuber/Benchmarks/2019/QF_BV/Sage2/bench_1065.smt2
SAT
[runner] /raid/steuber/Benchmarks/2019/QF_BV/Sage2/bench_10936.smt2
[runner] /raid/steuber/Benchmarks/2019/QF_BV/Sage2/bench_4017.smt2
[runner] /raid/steuber/Benchmarks/2019/QF_BV/Sage2/bench_1685.smt2
SAT
[runner] /raid/steuber/Benchmarks/2019/QF_BV/spear/samba_v3.0.24/bin_eventlogadm_vc331075.smt2
SAT
[runner] /raid/steuber/Benchmarks/2019/QF_BV/float/div2.c.20.smt2
SAT
[runner] /raid/steuber/Benchmarks/2019/QF_BV/sage/app1/bench_201.smt2
SAT
[runner] /raid/steuber/Benchmarks/2019/QF_BV/Sage2/bench_1345.smt2
SAT
[runner] /raid/steuber/Benchmarks/2019/QF_BV/uclid/catchconv/convert-jpg2gif-query-1420.smt2
[runner] /raid/steuber/Benchmarks/2019/QF_BV/Sage2/bench_11232.smt2
SAT
[runner] /raid/steuber/Benchmarks/2019/QF_BV/sage/app1/bench_1481.smt2
SAT
[runner] /raid/steuber/Benchmarks/2019/QF_BV/Sage2/bench_8588.smt2
SAT
[runner] /raid/steuber/Benchmarks/2019/QF_BV/Sage2/bench_17033.smt2
[runner] /raid/steuber/Benchmarks/2019/QF_BV/Sage2/bench_4224.smt2
SAT
[runner] /raid/steuber/Benchmarks/2019/QF_BV/Sage2/bench_5237.smt2
SAT
[runner] /raid/steuber/Benchmarks/2019/QF_BV/spear/samba_v3.0.24/bin_eventlogadm_vc351392.smt2
SAT
[runner] /raid/steuber/Benchmarks/2019/QF_BV/spear/samba_v3.0.24/bin_libmsrpc_vc1232129.smt2
SAT
[runner] /raid/steuber/Benchmarks/2019/QF_BV/sage/app12/bench_2256.smt2
SAT
[runner] /raid/steuber/Benchmarks/2019/QF_BV/spear/samba_v3.0.24/bin_libmsrpc_vc1225377.smt2
SAT
[runner] /raid/steuber/Benchmarks/2019/QF_BV/spear/samba_v3.0.24/bin_libsmbclient_vc1225237.smt2
SAT
[runner] /raid/steuber/Benchmarks/2019/QF_BV/spear/samba_v3.0.24/bin_libmsrpc_vc1228579.smt2
SAT
[runner] /raid/steuber/Benchmarks/2019/QF_BV/Sage2/bench_1238.smt2
SAT
[runner] /raid/steuber/Benchmarks/2019/QF_BV/spear/samba_v3.0.24/bin_libsmbsharemodes_vc5207.smt2
SAT
[runner] /raid/steuber/Benchmarks/2019/QF_BV/spear/samba_v3.0.24/bin_libsmbsharemodes_vc7087.smt2
SAT
[runner] /raid/steuber/Benchmarks/2019/QF_BV/spear/samba_v3.0.24/bin_eventlogadm_vc330973.smt2
SAT
[runner] /raid/steuber/Benchmarks/2019/QF_BV/Sage2/bench_5527.smt2
SAT
[runner] /raid/steuber/Benchmarks/2019/QF_BV/Sage2/bench_15584.smt2
[runner] /raid/steuber/Benchmarks/2019/QF_BV/Sage2/bench_1578.smt2
SAT
[runner] /raid/steuber/Benchmarks/2019/QF_BV/spear/samba_v3.0.24/bin_libsmbsharemodes_vc7074.smt2
SAT
[runner] /raid/steuber/Benchmarks/2019/QF_BV/Sage2/bench_5473.smt2
[runner] /raid/steuber/Benchmarks/2019/QF_BV/sage/app12/bench_2183.smt2
SAT
[runner] /raid/steuber/Benchmarks/2019/QF_BV/spear/samba_v3.0.24/bin_eventlogadm_vc351360.smt2
SAT
[runner] /raid/steuber/Benchmarks/2019/QF_BV/Sage2/bench_9000.smt2
SAT
[runner] /raid/steuber/Benchmarks/2019/QF_BV/sage/app12/bench_3711.smt2
SAT
[runner] /raid/steuber/Benchmarks/2019/QF_BV/Sage2/bench_9668.smt2
[runner] /raid/steuber/Benchmarks/2019/QF_BV/Sage2/bench_1200.smt2
SAT
[runner] /raid/steuber/Benchmarks/2019/QF_BV/Sage2/bench_14053.smt2
[runner] /raid/steuber/Benchmarks/2019/QF_BV/spear/samba_v3.0.24/bin_libsmbclient_vc1225761.smt2
SAT
[runner] /raid/steuber/Benchmarks/2019/QF_BV/Sage2/bench_7554.smt2
SAT
[runner] /raid/steuber/Benchmarks/2019/QF_BV/spear/samba_v3.0.24/bin_eventlogadm_vc352366.smt2
SAT
[runner] /raid/steuber/Benchmarks/2019/QF_BV/Sage2/bench_5151.smt2
SAT
[runner] /raid/steuber/Benchmarks/2019/QF_BV/Sage2/bench_12797.smt2
[runner] /raid/steuber/Benchmarks/2019/QF_BV/Sage2/bench_12025.smt2
[runner] /raid/steuber/Benchmarks/2019/QF_BV/Sage2/bench_3979.smt2
SAT
[runner] /raid/steuber/Benchmarks/2019/QF_BV/sage/app12/bench_679.smt2
SAT
[runner] /raid/steuber/Benchmarks/2019/QF_BV/Sage2/bench_15261.smt2
SAT
[runner] /raid/steuber/Benchmarks/2019/QF_BV/Sage2/bench_14838.smt2
SAT
[runner] /raid/steuber/Benchmarks/2019/QF_BV/Sage2/bench_10712.smt2
[runner] /raid/steuber/Benchmarks/2019/QF_BV/sage/app12/bench_295.smt2
SAT
[runner] /raid/steuber/Benchmarks/2019/QF_BV/Sage2/bench_1791.smt2
SAT
[runner] /raid/steuber/Benchmarks/2019/QF_BV/spear/samba_v3.0.24/bin_eventlogadm_vc352902.smt2
SAT
[runner] /raid/steuber/Benchmarks/2019/QF_BV/spear/samba_v3.0.24/bin_libmsrpc_vc1225399.smt2
SAT
[runner] /raid/steuber/Benchmarks/2019/QF_BV/spear/inn_v2.4.3/nnrpd_nnrpd_vc21638.smt2
SAT
[runner] /raid/steuber/Benchmarks/2019/QF_BV/spear/samba_v3.0.24/bin_libsmbclient_vc1228479.smt2
SAT
[runner] /raid/steuber/Benchmarks/2019/QF_BV/Sage2/bench_14359.smt2
[runner] /raid/steuber/Benchmarks/2019/QF_BV/sage/app9/bench_3029.smt2
SAT
[runner] /raid/steuber/Benchmarks/2019/QF_BV/sage/app12/bench_682.smt2
SAT
[runner] /raid/steuber/Benchmarks/2019/QF_BV/Sage2/bench_9390.smt2
SAT
