[runlim] version:		1.7
[runlim] time limit:		311040000 seconds
[runlim] real time limit:	1200 seconds
[runlim] space limit:		30000 MB
[runlim] argv[0]:		python3
[runlim] argv[1]:		/raid/steuber/Software/ablector/ablector
[runlim] argv[2]:		/raid/steuber/Benchmarks/srem_sdiv_mul/QF_BV/sage/app12/bench_286.smt2
[runlim] argv[3]:		--ufReuse=1
[runlim] start:			Fri Aug  9 13:12:42 2019
[runlim] main pid:		9990
[Ablector] INFO: ABLECTOR TIME: 0.003818
[runlim] end:			Fri Aug  9 13:12:42 2019
[runlim] status:		ok
[runlim] result:		0
[runlim] children:		1
[runlim] real:			0.80 seconds
[runlim] time:			0.47 seconds
[runlim] space:			32.1 MB
[runlim] samples:		3
[runlim] version:		1.7
[runlim] time limit:		311040000 seconds
[runlim] real time limit:	1200 seconds
[runlim] space limit:		30000 MB
[runlim] argv[0]:		python3
[runlim] argv[1]:		/raid/steuber/Software/ablector/ablector
[runlim] argv[2]:		/raid/steuber/Benchmarks/srem_sdiv_mul/QF_BV/sage/app7/bench_8559.smt2
[runlim] argv[3]:		--ufReuse=1
[runlim] start:			Fri Aug  9 13:12:43 2019
[runlim] main pid:		10010
[Ablector] INFO: ABLECTOR TIME: 0.003796
[runlim] end:			Fri Aug  9 13:12:45 2019
[runlim] status:		ok
[runlim] result:		0
[runlim] children:		19
[runlim] real:			2.47 seconds
[runlim] time:			2.04 seconds
[runlim] space:			80.1 MB
[runlim] samples:		22
[runlim] version:		1.7
[runlim] time limit:		311040000 seconds
[runlim] real time limit:	1200 seconds
[runlim] space limit:		30000 MB
[runlim] argv[0]:		python3
[runlim] argv[1]:		/raid/steuber/Software/ablector/ablector
[runlim] argv[2]:		/raid/steuber/Benchmarks/srem_sdiv_mul/QF_BV/Sage2/bench_17265.smt2
[runlim] argv[3]:		--ufReuse=1
[runlim] start:			Fri Aug  9 13:12:45 2019
[runlim] main pid:		10031
[Ablector] INFO: *** ROUND 0
[MulNode] INFO: Level 0
[MulNode] INFO: Level 0
[MulNode] INFO: Level 0
[MulNode] INFO: Level 0
[MulNode] INFO: Level 0
[MulNode] INFO: Level 0
[MulNode] INFO: Level 0
[MulNode] INFO: Level 0
[MulNode] INFO: Level 0
[MulNode] INFO: Level 0
[MulNode] INFO: Level 0
[MulNode] INFO: Level 0
[MulNode] INFO: Level 0
[MulNode] INFO: Level 0
[MulNode] INFO: Level 0
[MulNode] INFO: Level 0
[MulNode] INFO: Level 0
[MulNode] INFO: Level 0
[MulNode] INFO: Level 0
[MulNode] INFO: Level 0
[MulNode] INFO: Level 0
[MulNode] INFO: Level 0
[MulNode] INFO: Level 0
[MulNode] INFO: Level 0
[MulNode] INFO: Level 0
[MulNode] INFO: Level 0
[MulNode] INFO: Level 0
[MulNode] INFO: Level 0
[MulNode] INFO: Level 0
[MulNode] INFO: Level 0
[MulNode] INFO: Level 0
[MulNode] INFO: Level 0
[MulNode] INFO: Level 0
[MulNode] INFO: Level 0
[MulNode] INFO: Level 0
[MulNode] INFO: Level 0
[MulNode] INFO: Level 0
[MulNode] INFO: Level 0
[MulNode] INFO: Level 0
[MulNode] INFO: Level 0
[Ablector] INFO: ABLECTOR TIME: 1.961224
[Ablector] INFO: SAT TIME: 1.950057
[Ablector] INFO: REF TIME: 0.441812
[runlim] end:			Fri Aug  9 13:12:48 2019
[runlim] status:		ok
[runlim] result:		0
[runlim] children:		0
[runlim] real:			3.44 seconds
[runlim] time:			2.72 seconds
[runlim] space:			155.9 MB
[runlim] samples:		25
[runlim] version:		1.7
[runlim] time limit:		311040000 seconds
[runlim] real time limit:	1200 seconds
[runlim] space limit:		30000 MB
[runlim] argv[0]:		python3
[runlim] argv[1]:		/raid/steuber/Software/ablector/ablector
[runlim] argv[2]:		/raid/steuber/Benchmarks/srem_sdiv_mul/QF_BV/Sage2/bench_16335.smt2
[runlim] argv[3]:		--ufReuse=1
[runlim] start:			Fri Aug  9 13:12:48 2019
[runlim] main pid:		10051
[Ablector] INFO: *** ROUND 0
[runlim] sample:		10.0 seconds, 86.6 MB
[MulNode] INFO: Level 0
[MulNode] INFO: Level 0
[MulNode] INFO: Level 0
[MulNode] INFO: Level 0
[MulNode] INFO: Level 0
[MulNode] INFO: Level 0
[MulNode] INFO: Level 0
[MulNode] INFO: Level 0
[MulNode] INFO: Level 0
[MulNode] INFO: Level 0
[MulNode] INFO: Level 0
[MulNode] INFO: Level 0
[MulNode] INFO: Level 0
[MulNode] INFO: Level 0
[MulNode] INFO: Level 0
[MulNode] INFO: Level 0
[MulNode] INFO: Level 0
[MulNode] INFO: Level 0
[MulNode] INFO: Level 0
[MulNode] INFO: Level 0
[MulNode] INFO: Level 0
[MulNode] INFO: Level 0
[MulNode] INFO: Level 0
[MulNode] INFO: Level 0
[MulNode] INFO: Level 0
[MulNode] INFO: Level 0
[MulNode] INFO: Level 0
[MulNode] INFO: Level 0
[MulNode] INFO: Level 0
[MulNode] INFO: Level 0
[MulNode] INFO: Level 0
[MulNode] INFO: Level 0
[MulNode] INFO: Level 0
[MulNode] INFO: Level 0
[MulNode] INFO: Level 0
[MulNode] INFO: Level 0
[MulNode] INFO: Level 0
[MulNode] INFO: Level 0
[MulNode] INFO: Level 0
[MulNode] INFO: Level 0
[MulNode] INFO: Level 0
[MulNode] INFO: Level 0
[MulNode] INFO: Level 0
[MulNode] INFO: Level 0
[MulNode] INFO: Level 0
[MulNode] INFO: Level 0
[MulNode] INFO: Level 0
[MulNode] INFO: Level 0
[MulNode] INFO: Level 0
[MulNode] INFO: Level 0
[MulNode] INFO: Level 0
[MulNode] INFO: Level 0
[MulNode] INFO: Level 0
[MulNode] INFO: Level 0
[MulNode] INFO: Level 0
[MulNode] INFO: Level 0
[MulNode] INFO: Level 0
[MulNode] INFO: Level 0
[MulNode] INFO: Level 0
[MulNode] INFO: Level 0
[MulNode] INFO: Level 0
[MulNode] INFO: Level 0
[MulNode] INFO: Level 0
[MulNode] INFO: Level 0
[MulNode] INFO: Level 0
[MulNode] INFO: Level 0
[Ablector] INFO: ABLECTOR TIME: 8.862677
[Ablector] INFO: SAT TIME: 8.846333
[Ablector] INFO: REF TIME: 0.689926
[runlim] end:			Fri Aug  9 13:12:59 2019
[runlim] status:		ok
[runlim] result:		0
[runlim] children:		2
[runlim] real:			11.20 seconds
[runlim] time:			10.33 seconds
[runlim] space:			101.6 MB
[runlim] samples:		103
[runlim] version:		1.7
[runlim] time limit:		311040000 seconds
[runlim] real time limit:	1200 seconds
[runlim] space limit:		30000 MB
[runlim] argv[0]:		python3
[runlim] argv[1]:		/raid/steuber/Software/ablector/ablector
[runlim] argv[2]:		/raid/steuber/Benchmarks/srem_sdiv_mul/QF_BV/Sage2/bench_16933.smt2
[runlim] argv[3]:		--ufReuse=1
[runlim] start:			Fri Aug  9 13:12:59 2019
[runlim] main pid:		10071
[Ablector] INFO: *** ROUND 0
[MulNode] INFO: Level 0
[Ablector] INFO: ABLECTOR TIME: 0.236518
[Ablector] INFO: SAT TIME: 0.231847
[Ablector] INFO: REF TIME: 0.012018
[runlim] end:			Fri Aug  9 13:13:00 2019
[runlim] status:		ok
[runlim] result:		0
[runlim] children:		0
[runlim] real:			1.27 seconds
[runlim] time:			0.86 seconds
[runlim] space:			37.0 MB
[runlim] samples:		6
[runlim] version:		1.7
[runlim] time limit:		311040000 seconds
[runlim] real time limit:	1200 seconds
[runlim] space limit:		30000 MB
[runlim] argv[0]:		python3
[runlim] argv[1]:		/raid/steuber/Software/ablector/ablector
[runlim] argv[2]:		/raid/steuber/Benchmarks/srem_sdiv_mul/QF_BV/Sage2/bench_5271.smt2
[runlim] argv[3]:		--ufReuse=1
[runlim] start:			Fri Aug  9 13:13:00 2019
[runlim] main pid:		10091
[Ablector] INFO: *** ROUND 0
[MulNode] INFO: Level 0
[MulNode] INFO: Level 0
[MulNode] INFO: Level 0
[MulNode] INFO: Level 0
[MulNode] INFO: Level 0
[MulNode] INFO: Level 0
[MulNode] INFO: Level 0
[MulNode] INFO: Level 0
[MulNode] INFO: Level 0
[MulNode] INFO: Level 0
[Ablector] INFO: ABLECTOR TIME: 0.740946
[Ablector] INFO: SAT TIME: 0.734526
[Ablector] INFO: REF TIME: 0.099872
[runlim] end:			Fri Aug  9 13:13:01 2019
[runlim] status:		ok
[runlim] result:		0
[runlim] children:		0
[runlim] real:			1.94 seconds
[runlim] time:			1.52 seconds
[runlim] space:			48.1 MB
[runlim] samples:		12
[runlim] version:		1.7
[runlim] time limit:		311040000 seconds
[runlim] real time limit:	1200 seconds
[runlim] space limit:		30000 MB
[runlim] argv[0]:		python3
[runlim] argv[1]:		/raid/steuber/Software/ablector/ablector
[runlim] argv[2]:		/raid/steuber/Benchmarks/srem_sdiv_mul/QF_BV/sage/app7/bench_1893.smt2
[runlim] argv[3]:		--ufReuse=1
[runlim] start:			Fri Aug  9 13:13:02 2019
[runlim] main pid:		10111
[Ablector] INFO: ABLECTOR TIME: 0.003871
[runlim] end:			Fri Aug  9 13:13:03 2019
[runlim] status:		ok
[runlim] result:		0
[runlim] children:		6
[runlim] real:			1.69 seconds
[runlim] time:			0.96 seconds
[runlim] space:			54.6 MB
[runlim] samples:		8
[runlim] version:		1.7
[runlim] time limit:		311040000 seconds
[runlim] real time limit:	1200 seconds
[runlim] space limit:		30000 MB
[runlim] argv[0]:		python3
[runlim] argv[1]:		/raid/steuber/Software/ablector/ablector
[runlim] argv[2]:		/raid/steuber/Benchmarks/srem_sdiv_mul/QF_BV/sage/app7/bench_836.smt2
[runlim] argv[3]:		--ufReuse=1
[runlim] start:			Fri Aug  9 13:13:04 2019
[runlim] main pid:		10131
[Ablector] INFO: ABLECTOR TIME: 0.003766
[runlim] end:			Fri Aug  9 13:13:06 2019
[runlim] status:		ok
[runlim] result:		0
[runlim] children:		25
[runlim] real:			2.91 seconds
[runlim] time:			2.79 seconds
[runlim] space:			94.4 MB
[runlim] samples:		27
[runlim] version:		1.7
[runlim] time limit:		311040000 seconds
[runlim] real time limit:	1200 seconds
[runlim] space limit:		30000 MB
[runlim] argv[0]:		python3
[runlim] argv[1]:		/raid/steuber/Software/ablector/ablector
[runlim] argv[2]:		/raid/steuber/Benchmarks/srem_sdiv_mul/QF_BV/sage/app8/bench_3285.smt2
[runlim] argv[3]:		--ufReuse=1
[runlim] start:			Fri Aug  9 13:13:07 2019
[runlim] main pid:		10151
[Ablector] INFO: ABLECTOR TIME: 0.003706
[runlim] end:			Fri Aug  9 13:13:07 2019
[runlim] status:		ok
[runlim] result:		0
[runlim] children:		1
[runlim] real:			0.68 seconds
[runlim] time:			0.63 seconds
[runlim] space:			35.0 MB
[runlim] samples:		3
[runlim] version:		1.7
[runlim] time limit:		311040000 seconds
[runlim] real time limit:	1200 seconds
[runlim] space limit:		30000 MB
[runlim] argv[0]:		python3
[runlim] argv[1]:		/raid/steuber/Software/ablector/ablector
[runlim] argv[2]:		/raid/steuber/Benchmarks/srem_sdiv_mul/QF_BV/sage/app11/bench_279.smt2
[runlim] argv[3]:		--ufReuse=1
[runlim] start:			Fri Aug  9 13:13:08 2019
[runlim] main pid:		10171
[Ablector] INFO: ABLECTOR TIME: 0.003698
[runlim] end:			Fri Aug  9 13:13:09 2019
[runlim] status:		ok
[runlim] result:		0
[runlim] children:		9
[runlim] real:			1.26 seconds
[runlim] time:			1.23 seconds
[runlim] space:			62.7 MB
[runlim] samples:		11
[runlim] version:		1.7
[runlim] time limit:		311040000 seconds
[runlim] real time limit:	1200 seconds
[runlim] space limit:		30000 MB
[runlim] argv[0]:		python3
[runlim] argv[1]:		/raid/steuber/Software/ablector/ablector
[runlim] argv[2]:		/raid/steuber/Benchmarks/srem_sdiv_mul/QF_BV/sage/app7/bench_6635.smt2
[runlim] argv[3]:		--ufReuse=1
[runlim] start:			Fri Aug  9 13:13:09 2019
[runlim] main pid:		10191
[Ablector] INFO: ABLECTOR TIME: 0.003738
[runlim] end:			Fri Aug  9 13:13:12 2019
[runlim] status:		ok
[runlim] result:		0
[runlim] children:		20
[runlim] real:			3.01 seconds
[runlim] time:			2.28 seconds
[runlim] space:			82.6 MB
[runlim] samples:		23
[runlim] version:		1.7
[runlim] time limit:		311040000 seconds
[runlim] real time limit:	1200 seconds
[runlim] space limit:		30000 MB
[runlim] argv[0]:		python3
[runlim] argv[1]:		/raid/steuber/Software/ablector/ablector
[runlim] argv[2]:		/raid/steuber/Benchmarks/srem_sdiv_mul/QF_BV/sage/app2/bench_490.smt2
[runlim] argv[3]:		--ufReuse=1
[runlim] start:			Fri Aug  9 13:13:12 2019
[runlim] main pid:		10211
[Ablector] INFO: ABLECTOR TIME: 0.003771
[runlim] end:			Fri Aug  9 13:13:12 2019
[runlim] status:		ok
[runlim] result:		0
[runlim] children:		2
[runlim] real:			0.98 seconds
[runlim] time:			0.55 seconds
[runlim] space:			38.1 MB
[runlim] samples:		5
[runlim] version:		1.7
[runlim] time limit:		311040000 seconds
[runlim] real time limit:	1200 seconds
[runlim] space limit:		30000 MB
[runlim] argv[0]:		python3
[runlim] argv[1]:		/raid/steuber/Software/ablector/ablector
[runlim] argv[2]:		/raid/steuber/Benchmarks/srem_sdiv_mul/QF_BV/sage/app8/bench_2570.smt2
[runlim] argv[3]:		--ufReuse=1
[runlim] start:			Fri Aug  9 13:13:13 2019
[runlim] main pid:		10231
[Ablector] INFO: ABLECTOR TIME: 0.003646
[runlim] end:			Fri Aug  9 13:13:13 2019
[runlim] status:		ok
[runlim] result:		0
[runlim] children:		1
[runlim] real:			0.78 seconds
[runlim] time:			0.63 seconds
[runlim] space:			34.0 MB
[runlim] samples:		3
[runlim] version:		1.7
[runlim] time limit:		311040000 seconds
[runlim] real time limit:	1200 seconds
[runlim] space limit:		30000 MB
[runlim] argv[0]:		python3
[runlim] argv[1]:		/raid/steuber/Software/ablector/ablector
[runlim] argv[2]:		/raid/steuber/Benchmarks/srem_sdiv_mul/QF_BV/sage/app12/bench_2204.smt2
[runlim] argv[3]:		--ufReuse=1
[runlim] start:			Fri Aug  9 13:13:14 2019
[runlim] main pid:		10251
[Ablector] INFO: *** ROUND 0
[SdivNode] INFO: Level 0
[Ablector] INFO: ABLECTOR TIME: 0.018336
[Ablector] INFO: SAT TIME: 0.014312
[Ablector] INFO: REF TIME: 0.002004
[runlim] end:			Fri Aug  9 13:13:14 2019
[runlim] status:		segmentation fault
[runlim] result:		139
[runlim] children:		0
[runlim] real:			0.58 seconds
[runlim] time:			0.58 seconds
[runlim] space:			34.2 MB
[runlim] samples:		3
[runlim] version:		1.7
[runlim] time limit:		311040000 seconds
[runlim] real time limit:	1200 seconds
[runlim] space limit:		30000 MB
[runlim] argv[0]:		python3
[runlim] argv[1]:		/raid/steuber/Software/ablector/ablector
[runlim] argv[2]:		/raid/steuber/Benchmarks/srem_sdiv_mul/QF_BV/sage/app1/bench_2039.smt2
[runlim] argv[3]:		--ufReuse=1
[runlim] start:			Fri Aug  9 13:13:15 2019
[runlim] main pid:		10271
[Ablector] INFO: *** ROUND 0
[SdivNode] INFO: Level 0
[SdivNode] INFO: Level 0
[SdivNode] INFO: Level 0
[SdivNode] INFO: Level 0
[SdivNode] INFO: Level 0
[SdivNode] INFO: Level 0
[SdivNode] INFO: Level 0
[SdivNode] INFO: Level 0
[SdivNode] INFO: Level 0
[SdivNode] INFO: Level 0
[SdivNode] INFO: Level 0
[SdivNode] INFO: Level 0
[SdivNode] INFO: Level 0
[SdivNode] INFO: Level 0
[SdivNode] INFO: Level 0
[SdivNode] INFO: Level 0
[SdivNode] INFO: Level 0
[SdivNode] INFO: Level 0
[SdivNode] INFO: Level 0
[SdivNode] INFO: Level 0
[SdivNode] INFO: Level 0
[SdivNode] INFO: Level 0
[SdivNode] INFO: Level 0
[SdivNode] INFO: Level 0
[SdivNode] INFO: Level 0
[SdivNode] INFO: Level 0
[SdivNode] INFO: Level 0
[SdivNode] INFO: Level 0
[SdivNode] INFO: Level 0
[SdivNode] INFO: Level 0
[SdivNode] INFO: Level 0
[SdivNode] INFO: Level 0
[SdivNode] INFO: Level 0
[SdivNode] INFO: Level 0
[SdivNode] INFO: Level 0
[SdivNode] INFO: Level 0
[SdivNode] INFO: Level 0
[SdivNode] INFO: Level 0
[SdivNode] INFO: Level 0
[SdivNode] INFO: Level 0
[SdivNode] INFO: Level 0
[SdivNode] INFO: Level 0
[SdivNode] INFO: Level 0
[Ablector] INFO: ABLECTOR TIME: 0.126910
[Ablector] INFO: SAT TIME: 0.117527
[Ablector] INFO: REF TIME: 0.063228
[runlim] end:			Fri Aug  9 13:13:15 2019
[runlim] status:		ok
[runlim] result:		0
[runlim] children:		0
[runlim] real:			0.65 seconds
[runlim] time:			0.93 seconds
[runlim] space:			42.5 MB
[runlim] samples:		6
[runlim] version:		1.7
[runlim] time limit:		311040000 seconds
[runlim] real time limit:	1200 seconds
[runlim] space limit:		30000 MB
[runlim] argv[0]:		python3
[runlim] argv[1]:		/raid/steuber/Software/ablector/ablector
[runlim] argv[2]:		/raid/steuber/Benchmarks/srem_sdiv_mul/QF_BV/sage/app7/bench_6504.smt2
[runlim] argv[3]:		--ufReuse=1
[runlim] start:			Fri Aug  9 13:13:16 2019
[runlim] main pid:		10291
[Ablector] INFO: *** ROUND 0
[MulNode] INFO: Level 0
[Ablector] INFO: ABLECTOR TIME: 0.034575
[Ablector] INFO: SAT TIME: 0.029506
[Ablector] INFO: REF TIME: 0.011213
[runlim] end:			Fri Aug  9 13:13:16 2019
[runlim] status:		ok
[runlim] result:		0
[runlim] children:		0
[runlim] real:			0.63 seconds
[runlim] time:			0.59 seconds
[runlim] space:			33.8 MB
[runlim] samples:		4
[runlim] version:		1.7
[runlim] time limit:		311040000 seconds
[runlim] real time limit:	1200 seconds
[runlim] space limit:		30000 MB
[runlim] argv[0]:		python3
[runlim] argv[1]:		/raid/steuber/Software/ablector/ablector
[runlim] argv[2]:		/raid/steuber/Benchmarks/srem_sdiv_mul/QF_BV/sage/app7/bench_5076.smt2
[runlim] argv[3]:		--ufReuse=1
[runlim] start:			Fri Aug  9 13:13:17 2019
[runlim] main pid:		10311
[Ablector] INFO: ABLECTOR TIME: 0.003537
[runlim] end:			Fri Aug  9 13:13:17 2019
[runlim] status:		ok
[runlim] result:		0
[runlim] children:		1
[runlim] real:			0.65 seconds
[runlim] time:			0.59 seconds
[runlim] space:			36.8 MB
[runlim] samples:		5
[runlim] version:		1.7
[runlim] time limit:		311040000 seconds
[runlim] real time limit:	1200 seconds
[runlim] space limit:		30000 MB
[runlim] argv[0]:		python3
[runlim] argv[1]:		/raid/steuber/Software/ablector/ablector
[runlim] argv[2]:		/raid/steuber/Benchmarks/srem_sdiv_mul/QF_BV/sage/app1/bench_300.smt2
[runlim] argv[3]:		--ufReuse=1
[runlim] start:			Fri Aug  9 13:13:18 2019
[runlim] main pid:		10331
[Ablector] INFO: ABLECTOR TIME: 0.003478
[runlim] end:			Fri Aug  9 13:13:18 2019
[runlim] status:		ok
[runlim] result:		0
[runlim] children:		1
[runlim] real:			0.72 seconds
[runlim] time:			0.61 seconds
[runlim] space:			32.2 MB
[runlim] samples:		4
[runlim] version:		1.7
[runlim] time limit:		311040000 seconds
[runlim] real time limit:	1200 seconds
[runlim] space limit:		30000 MB
[runlim] argv[0]:		python3
[runlim] argv[1]:		/raid/steuber/Software/ablector/ablector
[runlim] argv[2]:		/raid/steuber/Benchmarks/srem_sdiv_mul/QF_BV/sage/app11/bench_241.smt2
[runlim] argv[3]:		--ufReuse=1
[runlim] start:			Fri Aug  9 13:13:19 2019
[runlim] main pid:		10351
[Ablector] INFO: ABLECTOR TIME: 0.003780
[runlim] end:			Fri Aug  9 13:13:20 2019
[runlim] status:		ok
[runlim] result:		0
[runlim] children:		9
[runlim] real:			1.32 seconds
[runlim] time:			1.21 seconds
[runlim] space:			62.7 MB
[runlim] samples:		11
[runlim] version:		1.7
[runlim] time limit:		311040000 seconds
[runlim] real time limit:	1200 seconds
[runlim] space limit:		30000 MB
[runlim] argv[0]:		python3
[runlim] argv[1]:		/raid/steuber/Software/ablector/ablector
[runlim] argv[2]:		/raid/steuber/Benchmarks/srem_sdiv_mul/QF_BV/sage/app7/bench_1671.smt2
[runlim] argv[3]:		--ufReuse=1
[runlim] start:			Fri Aug  9 13:13:20 2019
[runlim] main pid:		10371
[Ablector] INFO: ABLECTOR TIME: 0.003771
[runlim] end:			Fri Aug  9 13:13:21 2019
[runlim] status:		ok
[runlim] result:		0
[runlim] children:		8
[runlim] real:			1.95 seconds
[runlim] time:			1.20 seconds
[runlim] space:			61.5 MB
[runlim] samples:		11
[runlim] version:		1.7
[runlim] time limit:		311040000 seconds
[runlim] real time limit:	1200 seconds
[runlim] space limit:		30000 MB
[runlim] argv[0]:		python3
[runlim] argv[1]:		/raid/steuber/Software/ablector/ablector
[runlim] argv[2]:		/raid/steuber/Benchmarks/srem_sdiv_mul/QF_BV/sage/app7/bench_6547.smt2
[runlim] argv[3]:		--ufReuse=1
[runlim] start:			Fri Aug  9 13:13:22 2019
[runlim] main pid:		10391
[Ablector] INFO: *** ROUND 0
[MulNode] INFO: Level 0
[Ablector] INFO: ABLECTOR TIME: 0.041230
[Ablector] INFO: SAT TIME: 0.036240
[Ablector] INFO: REF TIME: 0.011236
[runlim] end:			Fri Aug  9 13:13:22 2019
[runlim] status:		ok
[runlim] result:		0
[runlim] children:		0
[runlim] real:			0.87 seconds
[runlim] time:			0.47 seconds
[runlim] space:			33.6 MB
[runlim] samples:		4
[runlim] version:		1.7
[runlim] time limit:		311040000 seconds
[runlim] real time limit:	1200 seconds
[runlim] space limit:		30000 MB
[runlim] argv[0]:		python3
[runlim] argv[1]:		/raid/steuber/Software/ablector/ablector
[runlim] argv[2]:		/raid/steuber/Benchmarks/srem_sdiv_mul/QF_BV/sage/app7/bench_2021.smt2
[runlim] argv[3]:		--ufReuse=1
[runlim] start:			Fri Aug  9 13:13:23 2019
[runlim] main pid:		10411
[Ablector] INFO: ABLECTOR TIME: 0.003909
[runlim] end:			Fri Aug  9 13:13:24 2019
[runlim] status:		ok
[runlim] result:		0
[runlim] children:		5
[runlim] real:			1.12 seconds
[runlim] time:			0.96 seconds
[runlim] space:			50.2 MB
[runlim] samples:		8
[runlim] version:		1.7
[runlim] time limit:		311040000 seconds
[runlim] real time limit:	1200 seconds
[runlim] space limit:		30000 MB
[runlim] argv[0]:		python3
[runlim] argv[1]:		/raid/steuber/Software/ablector/ablector
[runlim] argv[2]:		/raid/steuber/Benchmarks/srem_sdiv_mul/QF_BV/sage/app5/bench_303.smt2
[runlim] argv[3]:		--ufReuse=1
[runlim] start:			Fri Aug  9 13:13:24 2019
[runlim] main pid:		10431
[Ablector] INFO: *** ROUND 0
[Ablector] INFO: *** ROUND 1
[SdivNode] INFO: Level 1
[SdivNode] INFO: Level 1
[SdivNode] INFO: Level 1
[SdivNode] INFO: Level 0
[SdivNode] INFO: Level 0
[SdivNode] INFO: Level 0
[SdivNode] INFO: Level 0
[SdivNode] INFO: Level 0
[SdivNode] INFO: Level 0
[SdivNode] INFO: Level 0
[SdivNode] INFO: Level 0
[SdivNode] INFO: Level 0
[SdivNode] INFO: Level 0
[SdivNode] INFO: Level 0
[SdivNode] INFO: Level 0
[SdivNode] INFO: Level 0
[SdivNode] INFO: Level 0
[SdivNode] INFO: Level 0
[SdivNode] INFO: Level 0
[SdivNode] INFO: Level 0
[SdivNode] INFO: Level 0
[SdivNode] INFO: Level 0
[SdivNode] INFO: Level 0
[SdivNode] INFO: Level 0
[SdivNode] INFO: Level 0
[SdivNode] INFO: Level 1
[MulNode] INFO: Level 1
[MulNode] INFO: Level 1
[Ablector] INFO: ABLECTOR TIME: 0.406473
[Ablector] INFO: SAT TIME: 0.398909
[Ablector] INFO: REF TIME: 0.088739
[runlim] end:			Fri Aug  9 13:13:25 2019
[runlim] status:		ok
[runlim] result:		0
[runlim] children:		0
[runlim] real:			1.33 seconds
[runlim] time:			0.87 seconds
[runlim] space:			38.7 MB
[runlim] samples:		7
[runlim] version:		1.7
[runlim] time limit:		311040000 seconds
[runlim] real time limit:	1200 seconds
[runlim] space limit:		30000 MB
[runlim] argv[0]:		python3
[runlim] argv[1]:		/raid/steuber/Software/ablector/ablector
[runlim] argv[2]:		/raid/steuber/Benchmarks/srem_sdiv_mul/QF_BV/Sage2/bench_16935.smt2
[runlim] argv[3]:		--ufReuse=1
[runlim] start:			Fri Aug  9 13:13:25 2019
[runlim] main pid:		10451
[Ablector] INFO: *** ROUND 0
[MulNode] INFO: Level 0
[Ablector] INFO: ABLECTOR TIME: 0.199118
[Ablector] INFO: SAT TIME: 0.194484
[Ablector] INFO: REF TIME: 0.012012
[runlim] end:			Fri Aug  9 13:13:26 2019
[runlim] status:		ok
[runlim] result:		0
[runlim] children:		0
[runlim] real:			1.50 seconds
[runlim] time:			0.67 seconds
[runlim] space:			37.3 MB
[runlim] samples:		7
[runlim] version:		1.7
[runlim] time limit:		311040000 seconds
[runlim] real time limit:	1200 seconds
[runlim] space limit:		30000 MB
[runlim] argv[0]:		python3
[runlim] argv[1]:		/raid/steuber/Software/ablector/ablector
[runlim] argv[2]:		/raid/steuber/Benchmarks/srem_sdiv_mul/QF_BV/sage/app7/bench_3684.smt2
[runlim] argv[3]:		--ufReuse=1
[runlim] start:			Fri Aug  9 13:13:26 2019
[runlim] main pid:		10471
[Ablector] INFO: ABLECTOR TIME: 0.003695
[runlim] end:			Fri Aug  9 13:13:27 2019
[runlim] status:		ok
[runlim] result:		0
[runlim] children:		3
[runlim] real:			1.53 seconds
[runlim] time:			0.65 seconds
[runlim] space:			42.9 MB
[runlim] samples:		6
[runlim] version:		1.7
[runlim] time limit:		311040000 seconds
[runlim] real time limit:	1200 seconds
[runlim] space limit:		30000 MB
[runlim] argv[0]:		python3
[runlim] argv[1]:		/raid/steuber/Software/ablector/ablector
[runlim] argv[2]:		/raid/steuber/Benchmarks/srem_sdiv_mul/QF_BV/Sage2/bench_8347.smt2
[runlim] argv[3]:		--ufReuse=1
[runlim] start:			Fri Aug  9 13:13:27 2019
[runlim] main pid:		10491
[Ablector] INFO: *** ROUND 0
[MulNode] INFO: Level 0
[Ablector] INFO: ABLECTOR TIME: 0.271399
[Ablector] INFO: SAT TIME: 0.266786
[Ablector] INFO: REF TIME: 0.012131
[runlim] end:			Fri Aug  9 13:13:28 2019
[runlim] status:		ok
[runlim] result:		0
[runlim] children:		1
[runlim] real:			1.68 seconds
[runlim] time:			0.98 seconds
[runlim] space:			37.7 MB
[runlim] samples:		7
[runlim] version:		1.7
[runlim] time limit:		311040000 seconds
[runlim] real time limit:	1200 seconds
[runlim] space limit:		30000 MB
[runlim] argv[0]:		python3
[runlim] argv[1]:		/raid/steuber/Software/ablector/ablector
[runlim] argv[2]:		/raid/steuber/Benchmarks/srem_sdiv_mul/QF_BV/Sage2/bench_9711.smt2
[runlim] argv[3]:		--ufReuse=1
[runlim] start:			Fri Aug  9 13:13:29 2019
[runlim] main pid:		10511
[Ablector] INFO: *** ROUND 0
[MulNode] INFO: Level 0
[MulNode] INFO: Level 0
[MulNode] INFO: Level 0
[MulNode] INFO: Level 0
[MulNode] INFO: Level 0
[MulNode] INFO: Level 0
[MulNode] INFO: Level 0
[MulNode] INFO: Level 0
[MulNode] INFO: Level 0
[MulNode] INFO: Level 0
[MulNode] INFO: Level 0
[MulNode] INFO: Level 0
[MulNode] INFO: Level 0
[MulNode] INFO: Level 0
[MulNode] INFO: Level 0
[MulNode] INFO: Level 0
[MulNode] INFO: Level 0
[MulNode] INFO: Level 0
[MulNode] INFO: Level 0
[MulNode] INFO: Level 0
[MulNode] INFO: Level 0
[MulNode] INFO: Level 0
[MulNode] INFO: Level 0
[MulNode] INFO: Level 0
[MulNode] INFO: Level 0
[MulNode] INFO: Level 0
[MulNode] INFO: Level 0
[MulNode] INFO: Level 0
[MulNode] INFO: Level 0
[MulNode] INFO: Level 0
[MulNode] INFO: Level 0
[MulNode] INFO: Level 0
[MulNode] INFO: Level 0
[MulNode] INFO: Level 0
[MulNode] INFO: Level 0
[MulNode] INFO: Level 0
[MulNode] INFO: Level 0
[Ablector] INFO: ABLECTOR TIME: 3.350631
[Ablector] INFO: SAT TIME: 3.323829
[Ablector] INFO: REF TIME: 0.362107
[runlim] end:			Fri Aug  9 13:13:36 2019
[runlim] status:		ok
[runlim] result:		0
[runlim] children:		4
[runlim] real:			7.87 seconds
[runlim] time:			7.60 seconds
[runlim] space:			372.3 MB
[runlim] samples:		76
[runlim] version:		1.7
[runlim] time limit:		311040000 seconds
[runlim] real time limit:	1200 seconds
[runlim] space limit:		30000 MB
[runlim] argv[0]:		python3
[runlim] argv[1]:		/raid/steuber/Software/ablector/ablector
[runlim] argv[2]:		/raid/steuber/Benchmarks/srem_sdiv_mul/QF_BV/sage/app12/bench_5425.smt2
[runlim] argv[3]:		--ufReuse=1
[runlim] start:			Fri Aug  9 13:13:37 2019
[runlim] main pid:		10532
[Ablector] INFO: ABLECTOR TIME: 0.003528
[runlim] end:			Fri Aug  9 13:13:37 2019
[runlim] status:		ok
[runlim] result:		0
[runlim] children:		1
[runlim] real:			0.84 seconds
[runlim] time:			0.42 seconds
[runlim] space:			32.1 MB
[runlim] samples:		4
[runlim] version:		1.7
[runlim] time limit:		311040000 seconds
[runlim] real time limit:	1200 seconds
[runlim] space limit:		30000 MB
[runlim] argv[0]:		python3
[runlim] argv[1]:		/raid/steuber/Software/ablector/ablector
[runlim] argv[2]:		/raid/steuber/Benchmarks/srem_sdiv_mul/QF_BV/sage/app7/bench_513.smt2
[runlim] argv[3]:		--ufReuse=1
[runlim] start:			Fri Aug  9 13:13:38 2019
[runlim] main pid:		10552
[Ablector] INFO: ABLECTOR TIME: 0.003842
[runlim] end:			Fri Aug  9 13:13:40 2019
[runlim] status:		ok
[runlim] result:		0
[runlim] children:		17
[runlim] real:			2.55 seconds
[runlim] time:			2.33 seconds
[runlim] space:			83.7 MB
[runlim] samples:		21
[runlim] version:		1.7
[runlim] time limit:		311040000 seconds
[runlim] real time limit:	1200 seconds
[runlim] space limit:		30000 MB
[runlim] argv[0]:		python3
[runlim] argv[1]:		/raid/steuber/Software/ablector/ablector
[runlim] argv[2]:		/raid/steuber/Benchmarks/srem_sdiv_mul/QF_BV/sage/app2/bench_1287.smt2
[runlim] argv[3]:		--ufReuse=1
[runlim] start:			Fri Aug  9 13:13:41 2019
[runlim] main pid:		10573
[Ablector] INFO: ABLECTOR TIME: 0.003700
[runlim] end:			Fri Aug  9 13:13:41 2019
[runlim] status:		ok
[runlim] result:		0
[runlim] children:		1
[runlim] real:			0.58 seconds
[runlim] time:			0.64 seconds
[runlim] space:			32.2 MB
[runlim] samples:		3
[runlim] version:		1.7
[runlim] time limit:		311040000 seconds
[runlim] real time limit:	1200 seconds
[runlim] space limit:		30000 MB
[runlim] argv[0]:		python3
[runlim] argv[1]:		/raid/steuber/Software/ablector/ablector
[runlim] argv[2]:		/raid/steuber/Benchmarks/srem_sdiv_mul/QF_BV/sage/app9/bench_243.smt2
[runlim] argv[3]:		--ufReuse=1
[runlim] start:			Fri Aug  9 13:13:42 2019
[runlim] main pid:		10593
[Ablector] INFO: ABLECTOR TIME: 0.003634
[runlim] end:			Fri Aug  9 13:13:42 2019
[runlim] status:		ok
[runlim] result:		0
[runlim] children:		0
[runlim] real:			0.34 seconds
[runlim] time:			0.53 seconds
[runlim] space:			32.2 MB
[runlim] samples:		3
[runlim] version:		1.7
[runlim] time limit:		311040000 seconds
[runlim] real time limit:	1200 seconds
[runlim] space limit:		30000 MB
[runlim] argv[0]:		python3
[runlim] argv[1]:		/raid/steuber/Software/ablector/ablector
[runlim] argv[2]:		/raid/steuber/Benchmarks/srem_sdiv_mul/QF_BV/Sage2/bench_11543.smt2
[runlim] argv[3]:		--ufReuse=1
[runlim] start:			Fri Aug  9 13:13:42 2019
[runlim] main pid:		10613
[Ablector] INFO: *** ROUND 0
[MulNode] INFO: Level 0
[Ablector] INFO: ABLECTOR TIME: 0.329708
[Ablector] INFO: SAT TIME: 0.325026
[Ablector] INFO: REF TIME: 0.012003
[runlim] end:			Fri Aug  9 13:13:43 2019
[runlim] status:		ok
[runlim] result:		0
[runlim] children:		0
[runlim] real:			1.56 seconds
[runlim] time:			1.03 seconds
[runlim] space:			38.8 MB
[runlim] samples:		7
[runlim] version:		1.7
[runlim] time limit:		311040000 seconds
[runlim] real time limit:	1200 seconds
[runlim] space limit:		30000 MB
[runlim] argv[0]:		python3
[runlim] argv[1]:		/raid/steuber/Software/ablector/ablector
[runlim] argv[2]:		/raid/steuber/Benchmarks/srem_sdiv_mul/QF_BV/sage/app7/bench_8611.smt2
[runlim] argv[3]:		--ufReuse=1
[runlim] start:			Fri Aug  9 13:13:43 2019
[runlim] main pid:		10633
[Ablector] INFO: ABLECTOR TIME: 0.003748
[runlim] end:			Fri Aug  9 13:13:46 2019
[runlim] status:		ok
[runlim] result:		0
[runlim] children:		18
[runlim] real:			3.11 seconds
[runlim] time:			2.22 seconds
[runlim] space:			84.0 MB
[runlim] samples:		21
[runlim] version:		1.7
[runlim] time limit:		311040000 seconds
[runlim] real time limit:	1200 seconds
[runlim] space limit:		30000 MB
[runlim] argv[0]:		python3
[runlim] argv[1]:		/raid/steuber/Software/ablector/ablector
[runlim] argv[2]:		/raid/steuber/Benchmarks/srem_sdiv_mul/QF_BV/sage/app9/bench_2759.smt2
[runlim] argv[3]:		--ufReuse=1
[runlim] start:			Fri Aug  9 13:13:46 2019
[runlim] main pid:		10653
[Ablector] INFO: ABLECTOR TIME: 0.003653
[runlim] end:			Fri Aug  9 13:13:46 2019
[runlim] status:		ok
[runlim] result:		0
[runlim] children:		1
[runlim] real:			0.92 seconds
[runlim] time:			0.42 seconds
[runlim] space:			34.3 MB
[runlim] samples:		3
[runlim] version:		1.7
[runlim] time limit:		311040000 seconds
[runlim] real time limit:	1200 seconds
[runlim] space limit:		30000 MB
[runlim] argv[0]:		python3
[runlim] argv[1]:		/raid/steuber/Software/ablector/ablector
[runlim] argv[2]:		/raid/steuber/Benchmarks/srem_sdiv_mul/QF_BV/sage/app1/bench_33.smt2
[runlim] argv[3]:		--ufReuse=1
[runlim] start:			Fri Aug  9 13:13:47 2019
[runlim] main pid:		10673
[Ablector] INFO: *** ROUND 0
[MulNode] INFO: Level 0
[MulNode] INFO: Level 0
[MulNode] INFO: Level 0
[MulNode] INFO: Level 0
[MulNode] INFO: Level 0
[Ablector] INFO: ABLECTOR TIME: 0.348053
[Ablector] INFO: SAT TIME: 0.342206
[Ablector] INFO: REF TIME: 0.060084
[runlim] end:			Fri Aug  9 13:13:48 2019
[runlim] status:		ok
[runlim] result:		0
[runlim] children:		0
[runlim] real:			1.38 seconds
[runlim] time:			1.05 seconds
[runlim] space:			62.8 MB
[runlim] samples:		10
[runlim] version:		1.7
[runlim] time limit:		311040000 seconds
[runlim] real time limit:	1200 seconds
[runlim] space limit:		30000 MB
[runlim] argv[0]:		python3
[runlim] argv[1]:		/raid/steuber/Software/ablector/ablector
[runlim] argv[2]:		/raid/steuber/Benchmarks/srem_sdiv_mul/QF_BV/sage/app7/bench_1306.smt2
[runlim] argv[3]:		--ufReuse=1
[runlim] start:			Fri Aug  9 13:13:48 2019
[runlim] main pid:		10693
[Ablector] INFO: ABLECTOR TIME: 0.003800
[runlim] end:			Fri Aug  9 13:13:50 2019
[runlim] status:		ok
[runlim] result:		0
[runlim] children:		10
[runlim] real:			2.34 seconds
[runlim] time:			1.45 seconds
[runlim] space:			62.1 MB
[runlim] samples:		13
[runlim] version:		1.7
[runlim] time limit:		311040000 seconds
[runlim] real time limit:	1200 seconds
[runlim] space limit:		30000 MB
[runlim] argv[0]:		python3
[runlim] argv[1]:		/raid/steuber/Software/ablector/ablector
[runlim] argv[2]:		/raid/steuber/Benchmarks/srem_sdiv_mul/QF_BV/sage/app9/bench_462.smt2
[runlim] argv[3]:		--ufReuse=1
[runlim] start:			Fri Aug  9 13:13:50 2019
[runlim] main pid:		10713
[Ablector] INFO: ABLECTOR TIME: 0.003389
[runlim] end:			Fri Aug  9 13:13:51 2019
[runlim] status:		ok
[runlim] result:		0
[runlim] children:		0
[runlim] real:			1.09 seconds
[runlim] time:			0.57 seconds
[runlim] space:			32.3 MB
[runlim] samples:		3
[runlim] version:		1.7
[runlim] time limit:		311040000 seconds
[runlim] real time limit:	1200 seconds
[runlim] space limit:		30000 MB
[runlim] argv[0]:		python3
[runlim] argv[1]:		/raid/steuber/Software/ablector/ablector
[runlim] argv[2]:		/raid/steuber/Benchmarks/srem_sdiv_mul/QF_BV/Sage2/bench_16102.smt2
[runlim] argv[3]:		--ufReuse=1
[runlim] start:			Fri Aug  9 13:13:51 2019
[runlim] main pid:		10733
[Ablector] INFO: *** ROUND 0
[MulNode] INFO: Level 0
[Ablector] INFO: ABLECTOR TIME: 0.728871
[Ablector] INFO: SAT TIME: 0.723800
[Ablector] INFO: REF TIME: 0.012329
[runlim] end:			Fri Aug  9 13:13:52 2019
[runlim] status:		ok
[runlim] result:		0
[runlim] children:		0
[runlim] real:			1.81 seconds
[runlim] time:			1.42 seconds
[runlim] space:			43.4 MB
[runlim] samples:		12
[runlim] version:		1.7
[runlim] time limit:		311040000 seconds
[runlim] real time limit:	1200 seconds
[runlim] space limit:		30000 MB
[runlim] argv[0]:		python3
[runlim] argv[1]:		/raid/steuber/Software/ablector/ablector
[runlim] argv[2]:		/raid/steuber/Benchmarks/srem_sdiv_mul/QF_BV/sage/app7/bench_2610.smt2
[runlim] argv[3]:		--ufReuse=1
[runlim] start:			Fri Aug  9 13:13:53 2019
[runlim] main pid:		10753
[Ablector] INFO: ABLECTOR TIME: 0.003856
[runlim] end:			Fri Aug  9 13:13:53 2019
[runlim] status:		ok
[runlim] result:		0
[runlim] children:		4
[runlim] real:			0.93 seconds
[runlim] time:			0.93 seconds
[runlim] space:			46.8 MB
[runlim] samples:		6
[runlim] version:		1.7
[runlim] time limit:		311040000 seconds
[runlim] real time limit:	1200 seconds
[runlim] space limit:		30000 MB
[runlim] argv[0]:		python3
[runlim] argv[1]:		/raid/steuber/Software/ablector/ablector
[runlim] argv[2]:		/raid/steuber/Benchmarks/srem_sdiv_mul/QF_BV/Sage2/bench_17414.smt2
[runlim] argv[3]:		--ufReuse=1
[runlim] start:			Fri Aug  9 13:13:54 2019
[runlim] main pid:		10773
[Ablector] INFO: *** ROUND 0
[MulNode] INFO: Level 0
[MulNode] INFO: Level 0
[MulNode] INFO: Level 0
[MulNode] INFO: Level 0
[MulNode] INFO: Level 0
[MulNode] INFO: Level 0
[MulNode] INFO: Level 0
[MulNode] INFO: Level 0
[MulNode] INFO: Level 0
[MulNode] INFO: Level 0
[MulNode] INFO: Level 0
[MulNode] INFO: Level 0
[MulNode] INFO: Level 0
[MulNode] INFO: Level 0
[MulNode] INFO: Level 0
[MulNode] INFO: Level 0
[MulNode] INFO: Level 0
[MulNode] INFO: Level 0
[MulNode] INFO: Level 0
[MulNode] INFO: Level 0
[MulNode] INFO: Level 0
[MulNode] INFO: Level 0
[MulNode] INFO: Level 0
[MulNode] INFO: Level 0
[MulNode] INFO: Level 0
[MulNode] INFO: Level 0
[MulNode] INFO: Level 0
[MulNode] INFO: Level 0
[MulNode] INFO: Level 0
[MulNode] INFO: Level 0
[MulNode] INFO: Level 0
[MulNode] INFO: Level 0
[MulNode] INFO: Level 0
[MulNode] INFO: Level 0
[MulNode] INFO: Level 0
[MulNode] INFO: Level 0
[MulNode] INFO: Level 0
[MulNode] INFO: Level 0
[MulNode] INFO: Level 0
[MulNode] INFO: Level 0
[MulNode] INFO: Level 0
[MulNode] INFO: Level 0
[MulNode] INFO: Level 0
[MulNode] INFO: Level 0
[MulNode] INFO: Level 0
[MulNode] INFO: Level 0
[MulNode] INFO: Level 0
[MulNode] INFO: Level 0
[MulNode] INFO: Level 0
[MulNode] INFO: Level 0
[MulNode] INFO: Level 0
[MulNode] INFO: Level 0
[MulNode] INFO: Level 0
[MulNode] INFO: Level 0
[MulNode] INFO: Level 0
[MulNode] INFO: Level 0
[MulNode] INFO: Level 0
[MulNode] INFO: Level 0
[MulNode] INFO: Level 0
[MulNode] INFO: Level 0
[MulNode] INFO: Level 0
[MulNode] INFO: Level 0
[MulNode] INFO: Level 0
[MulNode] INFO: Level 0
[MulNode] INFO: Level 0
[MulNode] INFO: Level 0
[MulNode] INFO: Level 0
[MulNode] INFO: Level 0
[MulNode] INFO: Level 0
[MulNode] INFO: Level 0
[MulNode] INFO: Level 0
[MulNode] INFO: Level 0
[MulNode] INFO: Level 0
[MulNode] INFO: Level 0
[MulNode] INFO: Level 0
[MulNode] INFO: Level 0
[MulNode] INFO: Level 0
[MulNode] INFO: Level 0
[MulNode] INFO: Level 0
[MulNode] INFO: Level 0
[MulNode] INFO: Level 0
[MulNode] INFO: Level 0
[MulNode] INFO: Level 0
[MulNode] INFO: Level 0
[MulNode] INFO: Level 0
[MulNode] INFO: Level 0
[MulNode] INFO: Level 0
[MulNode] INFO: Level 0
[MulNode] INFO: Level 0
[MulNode] INFO: Level 0
[Ablector] INFO: ABLECTOR TIME: 3.794789
[Ablector] INFO: SAT TIME: 3.759225
[Ablector] INFO: REF TIME: 0.817011
[runlim] end:			Fri Aug  9 13:14:03 2019
[runlim] status:		ok
[runlim] result:		0
[runlim] children:		4
[runlim] real:			9.16 seconds
[runlim] time:			8.34 seconds
[runlim] space:			374.0 MB
[runlim] samples:		86
