[runlim] version:		1.10
[runlim] time limit:		311040000 seconds
[runlim] real time limit:	1200 seconds
[runlim] space limit:		15000 MB
[runlim] argv[0]:		/raid/steuber/Software/boolector/build/bin/boolector
[runlim] argv[1]:		/raid/steuber/Benchmarks/2019/QF_BV/Sage2/bench_8103.smt2
[runlim] start:			Tue May 12 04:11:09 2020
[runlim] main pid:		1281
[runlim] sample:		10.0 time, 10.3 real, 15.4 MB
[runlim] sample:		20.0 time, 20.3 real, 17.8 MB
[runlim] sample:		30.0 time, 30.3 real, 20.1 MB
[runlim] sample:		40.0 time, 40.3 real, 20.0 MB
[BTOR>check_sat] 44.655180 seconds
[runlim] end:			Tue May 12 04:11:53 2020
[runlim] status:		ok
[runlim] result:		0
[runlim] children:		0
[runlim] real:			44.94 seconds
[runlim] time:			44.58 seconds
[runlim] space:			23.2 MB
[runlim] samples:		446
[runlim] version:		1.10
[runlim] time limit:		311040000 seconds
[runlim] real time limit:	1200 seconds
[runlim] space limit:		15000 MB
[runlim] argv[0]:		/raid/steuber/Software/boolector/build/bin/boolector
[runlim] argv[1]:		/raid/steuber/Benchmarks/2019/QF_BV/sage/app11/bench_62.smt2
[runlim] start:			Tue May 12 04:11:53 2020
[runlim] main pid:		1291
[BTOR>check_sat] 0.000281 seconds
[runlim] end:			Tue May 12 04:11:54 2020
[runlim] status:		ok
[runlim] result:		0
[runlim] children:		0
[runlim] real:			1.46 seconds
[runlim] time:			0.45 seconds
[runlim] space:			28.4 MB
[runlim] samples:		5
[runlim] version:		1.10
[runlim] time limit:		311040000 seconds
[runlim] real time limit:	1200 seconds
[runlim] space limit:		15000 MB
[runlim] argv[0]:		/raid/steuber/Software/boolector/build/bin/boolector
[runlim] argv[1]:		/raid/steuber/Benchmarks/2019/QF_BV/sage/app7/bench_5855.smt2
[runlim] start:			Tue May 12 04:11:54 2020
[runlim] main pid:		1295
[BTOR>check_sat] 0.000081 seconds
[runlim] end:			Tue May 12 04:11:54 2020
[runlim] status:		ok
[runlim] result:		0
[runlim] children:		0
[runlim] real:			0.50 seconds
[runlim] time:			0.00 seconds
[runlim] space:			0.0 MB
[runlim] samples:		0
[runlim] version:		1.10
[runlim] time limit:		311040000 seconds
[runlim] real time limit:	1200 seconds
[runlim] space limit:		15000 MB
[runlim] argv[0]:		/raid/steuber/Software/boolector/build/bin/boolector
[runlim] argv[1]:		/raid/steuber/Benchmarks/2019/QF_BV/sage/app9/bench_90.smt2
[runlim] start:			Tue May 12 04:11:54 2020
[runlim] main pid:		1299
[BTOR>check_sat] 0.017158 seconds
[runlim] end:			Tue May 12 04:11:54 2020
[runlim] status:		ok
[runlim] result:		0
[runlim] children:		0
[runlim] real:			0.54 seconds
[runlim] time:			0.00 seconds
[runlim] space:			0.0 MB
[runlim] samples:		0
[runlim] version:		1.10
[runlim] time limit:		311040000 seconds
[runlim] real time limit:	1200 seconds
[runlim] space limit:		15000 MB
[runlim] argv[0]:		/raid/steuber/Software/boolector/build/bin/boolector
[runlim] argv[1]:		/raid/steuber/Benchmarks/2019/QF_BV/sage/app7/bench_4556.smt2
[runlim] start:			Tue May 12 04:11:54 2020
[runlim] main pid:		1303
[BTOR>check_sat] 0.000693 seconds
[runlim] end:			Tue May 12 04:11:54 2020
[runlim] status:		ok
[runlim] result:		0
[runlim] children:		0
[runlim] real:			0.70 seconds
[runlim] time:			0.07 seconds
[runlim] space:			6.2 MB
[runlim] samples:		1
[runlim] version:		1.10
[runlim] time limit:		311040000 seconds
[runlim] real time limit:	1200 seconds
[runlim] space limit:		15000 MB
[runlim] argv[0]:		/raid/steuber/Software/boolector/build/bin/boolector
[runlim] argv[1]:		/raid/steuber/Benchmarks/2019/QF_BV/Sage2/bench_13872.smt2
[runlim] start:			Tue May 12 04:11:54 2020
[runlim] main pid:		1307
[runlim] sample:		10.0 time, 10.7 real, 17.0 MB
[runlim] sample:		20.0 time, 20.7 real, 18.7 MB
[runlim] sample:		30.0 time, 30.7 real, 22.3 MB
[runlim] sample:		40.0 time, 40.7 real, 24.8 MB
[runlim] sample:		50.0 time, 50.7 real, 28.2 MB
[runlim] sample:		60.0 time, 60.7 real, 28.4 MB
[BTOR>check_sat] 63.656226 seconds
[runlim] end:			Tue May 12 04:12:58 2020
[runlim] status:		ok
[runlim] result:		0
[runlim] children:		0
[runlim] real:			64.40 seconds
[runlim] time:			63.57 seconds
[runlim] space:			28.4 MB
[runlim] samples:		636
[runlim] version:		1.10
[runlim] time limit:		311040000 seconds
[runlim] real time limit:	1200 seconds
[runlim] space limit:		15000 MB
[runlim] argv[0]:		/raid/steuber/Software/boolector/build/bin/boolector
[runlim] argv[1]:		/raid/steuber/Benchmarks/2019/QF_BV/sage/app7/bench_5219.smt2
[runlim] start:			Tue May 12 04:12:58 2020
[runlim] main pid:		1326
[BTOR>check_sat] 0.000185 seconds
[runlim] end:			Tue May 12 04:12:58 2020
[runlim] status:		ok
[runlim] result:		0
[runlim] children:		0
[runlim] real:			0.48 seconds
[runlim] time:			0.00 seconds
[runlim] space:			0.0 MB
[runlim] samples:		0
[runlim] version:		1.10
[runlim] time limit:		311040000 seconds
[runlim] real time limit:	1200 seconds
[runlim] space limit:		15000 MB
[runlim] argv[0]:		/raid/steuber/Software/boolector/build/bin/boolector
[runlim] argv[1]:		/raid/steuber/Benchmarks/2019/QF_BV/sage/app1/bench_166.smt2
[runlim] start:			Tue May 12 04:12:58 2020
[runlim] main pid:		1330
[BTOR>check_sat] 0.000048 seconds
[runlim] end:			Tue May 12 04:12:58 2020
[runlim] status:		ok
[runlim] result:		0
[runlim] children:		0
[runlim] real:			0.51 seconds
[runlim] time:			0.00 seconds
[runlim] space:			0.0 MB
[runlim] samples:		0
[runlim] version:		1.10
[runlim] time limit:		311040000 seconds
[runlim] real time limit:	1200 seconds
[runlim] space limit:		15000 MB
[runlim] argv[0]:		/raid/steuber/Software/boolector/build/bin/boolector
[runlim] argv[1]:		/raid/steuber/Benchmarks/2019/QF_BV/Sage2/bench_14647.smt2
[runlim] start:			Tue May 12 04:12:58 2020
[runlim] main pid:		1334
[BTOR>check_sat] 5.362193 seconds
[runlim] end:			Tue May 12 04:13:03 2020
[runlim] status:		ok
[runlim] result:		0
[runlim] children:		0
[runlim] real:			5.92 seconds
[runlim] time:			5.38 seconds
[runlim] space:			14.2 MB
[runlim] samples:		54
[runlim] version:		1.10
[runlim] time limit:		311040000 seconds
[runlim] real time limit:	1200 seconds
[runlim] space limit:		15000 MB
[runlim] argv[0]:		/raid/steuber/Software/boolector/build/bin/boolector
[runlim] argv[1]:		/raid/steuber/Benchmarks/2019/QF_BV/sage/app7/bench_3968.smt2
[runlim] start:			Tue May 12 04:13:03 2020
[runlim] main pid:		1338
[BTOR>check_sat] 0.000535 seconds
[runlim] end:			Tue May 12 04:13:04 2020
[runlim] status:		ok
[runlim] result:		0
[runlim] children:		0
[runlim] real:			1.11 seconds
[runlim] time:			0.08 seconds
[runlim] space:			6.4 MB
[runlim] samples:		1
[runlim] version:		1.10
[runlim] time limit:		311040000 seconds
[runlim] real time limit:	1200 seconds
[runlim] space limit:		15000 MB
[runlim] argv[0]:		/raid/steuber/Software/boolector/build/bin/boolector
[runlim] argv[1]:		/raid/steuber/Benchmarks/2019/QF_BV/sage/app7/bench_2792.smt2
[runlim] start:			Tue May 12 04:13:04 2020
[runlim] main pid:		1342
[BTOR>check_sat] 0.000636 seconds
[runlim] end:			Tue May 12 04:13:05 2020
[runlim] status:		ok
[runlim] result:		0
[runlim] children:		0
[runlim] real:			1.92 seconds
[runlim] time:			1.77 seconds
[runlim] space:			60.2 MB
[runlim] samples:		18
[runlim] version:		1.10
[runlim] time limit:		311040000 seconds
[runlim] real time limit:	1200 seconds
[runlim] space limit:		15000 MB
[runlim] argv[0]:		/raid/steuber/Software/boolector/build/bin/boolector
[runlim] argv[1]:		/raid/steuber/Benchmarks/2019/QF_BV/Sage2/bench_16312.smt2
[runlim] start:			Tue May 12 04:13:05 2020
[runlim] main pid:		1346
[BTOR>check_sat] 0.344383 seconds
[runlim] end:			Tue May 12 04:13:06 2020
[runlim] status:		ok
[runlim] result:		0
[runlim] children:		0
[runlim] real:			1.28 seconds
[runlim] time:			0.29 seconds
[runlim] space:			5.1 MB
[runlim] samples:		3
[runlim] version:		1.10
[runlim] time limit:		311040000 seconds
[runlim] real time limit:	1200 seconds
[runlim] space limit:		15000 MB
[runlim] argv[0]:		/raid/steuber/Software/boolector/build/bin/boolector
[runlim] argv[1]:		/raid/steuber/Benchmarks/2019/QF_BV/sage/app8/bench_795.smt2
[runlim] start:			Tue May 12 04:13:06 2020
[runlim] main pid:		1350
[BTOR>check_sat] 0.002864 seconds
[runlim] end:			Tue May 12 04:13:06 2020
[runlim] status:		ok
[runlim] result:		0
[runlim] children:		0
[runlim] real:			0.30 seconds
[runlim] time:			0.00 seconds
[runlim] space:			0.0 MB
[runlim] samples:		0
[runlim] version:		1.10
[runlim] time limit:		311040000 seconds
[runlim] real time limit:	1200 seconds
[runlim] space limit:		15000 MB
[runlim] argv[0]:		/raid/steuber/Software/boolector/build/bin/boolector
[runlim] argv[1]:		/raid/steuber/Benchmarks/2019/QF_BV/sage/app7/bench_3348.smt2
[runlim] start:			Tue May 12 04:13:06 2020
[runlim] main pid:		1354
[BTOR>check_sat] 0.002387 seconds
[runlim] end:			Tue May 12 04:13:08 2020
[runlim] status:		ok
[runlim] result:		0
[runlim] children:		0
[runlim] real:			2.12 seconds
[runlim] time:			1.79 seconds
[runlim] space:			60.0 MB
[runlim] samples:		18
[runlim] version:		1.10
[runlim] time limit:		311040000 seconds
[runlim] real time limit:	1200 seconds
[runlim] space limit:		15000 MB
[runlim] argv[0]:		/raid/steuber/Software/boolector/build/bin/boolector
[runlim] argv[1]:		/raid/steuber/Benchmarks/2019/QF_BV/Sage2/bench_14848.smt2
[runlim] start:			Tue May 12 04:13:08 2020
[runlim] main pid:		1358
[runlim] sample:		9.9 time, 10.1 real, 26.3 MB
[BTOR>check_sat] 15.028681 seconds
[runlim] end:			Tue May 12 04:13:23 2020
[runlim] status:		ok
[runlim] result:		0
[runlim] children:		0
[runlim] real:			15.74 seconds
[runlim] time:			15.54 seconds
[runlim] space:			31.3 MB
[runlim] samples:		156
[runlim] version:		1.10
[runlim] time limit:		311040000 seconds
[runlim] real time limit:	1200 seconds
[runlim] space limit:		15000 MB
[runlim] argv[0]:		/raid/steuber/Software/boolector/build/bin/boolector
[runlim] argv[1]:		/raid/steuber/Benchmarks/2019/QF_BV/sage/app7/bench_4800.smt2
[runlim] start:			Tue May 12 04:13:23 2020
[runlim] main pid:		1364
[BTOR>check_sat] 0.000611 seconds
[runlim] end:			Tue May 12 04:13:23 2020
[runlim] status:		ok
[runlim] result:		0
[runlim] children:		0
[runlim] real:			0.89 seconds
[runlim] time:			0.07 seconds
[runlim] space:			6.4 MB
[runlim] samples:		1
[runlim] version:		1.10
[runlim] time limit:		311040000 seconds
[runlim] real time limit:	1200 seconds
[runlim] space limit:		15000 MB
[runlim] argv[0]:		/raid/steuber/Software/boolector/build/bin/boolector
[runlim] argv[1]:		/raid/steuber/Benchmarks/2019/QF_BV/sage/app2/bench_1181.smt2
[runlim] start:			Tue May 12 04:13:23 2020
[runlim] main pid:		1368
[BTOR>check_sat] 0.000079 seconds
[runlim] end:			Tue May 12 04:13:23 2020
[runlim] status:		ok
[runlim] result:		0
[runlim] children:		0
[runlim] real:			0.93 seconds
[runlim] time:			0.00 seconds
[runlim] space:			0.0 MB
[runlim] samples:		0
[runlim] version:		1.10
[runlim] time limit:		311040000 seconds
[runlim] real time limit:	1200 seconds
[runlim] space limit:		15000 MB
[runlim] argv[0]:		/raid/steuber/Software/boolector/build/bin/boolector
[runlim] argv[1]:		/raid/steuber/Benchmarks/2019/QF_BV/sage/app12/bench_2030.smt2
[runlim] start:			Tue May 12 04:13:23 2020
[runlim] main pid:		1372
[BTOR>check_sat] 0.000028 seconds
[runlim] end:			Tue May 12 04:13:23 2020
[runlim] status:		ok
[runlim] result:		0
[runlim] children:		0
[runlim] real:			0.94 seconds
[runlim] time:			0.00 seconds
[runlim] space:			0.0 MB
[runlim] samples:		0
[runlim] version:		1.10
[runlim] time limit:		311040000 seconds
[runlim] real time limit:	1200 seconds
[runlim] space limit:		15000 MB
[runlim] argv[0]:		/raid/steuber/Software/boolector/build/bin/boolector
[runlim] argv[1]:		/raid/steuber/Benchmarks/2019/QF_BV/sage/app7/bench_6289.smt2
[runlim] start:			Tue May 12 04:13:23 2020
[runlim] main pid:		1376
[BTOR>check_sat] 0.000054 seconds
[runlim] end:			Tue May 12 04:13:23 2020
[runlim] status:		ok
[runlim] result:		0
[runlim] children:		0
[runlim] real:			0.96 seconds
[runlim] time:			0.00 seconds
[runlim] space:			0.0 MB
[runlim] samples:		0
[runlim] version:		1.10
[runlim] time limit:		311040000 seconds
[runlim] real time limit:	1200 seconds
[runlim] space limit:		15000 MB
[runlim] argv[0]:		/raid/steuber/Software/boolector/build/bin/boolector
[runlim] argv[1]:		/raid/steuber/Benchmarks/2019/QF_BV/sage/app8/bench_762.smt2
[runlim] start:			Tue May 12 04:13:23 2020
[runlim] main pid:		1380
[BTOR>check_sat] 0.585047 seconds
[runlim] end:			Tue May 12 04:13:24 2020
[runlim] status:		ok
[runlim] result:		0
[runlim] children:		0
[runlim] real:			1.57 seconds
[runlim] time:			0.58 seconds
[runlim] space:			7.6 MB
[runlim] samples:		6
[runlim] version:		1.10
[runlim] time limit:		311040000 seconds
[runlim] real time limit:	1200 seconds
[runlim] space limit:		15000 MB
[runlim] argv[0]:		/raid/steuber/Software/boolector/build/bin/boolector
[runlim] argv[1]:		/raid/steuber/Benchmarks/2019/QF_BV/Sage2/bench_9845.smt2
[runlim] start:			Tue May 12 04:13:24 2020
[runlim] main pid:		1384
[BTOR>check_sat] 0.159093 seconds
[runlim] end:			Tue May 12 04:13:24 2020
[runlim] status:		ok
[runlim] result:		0
[runlim] children:		0
[runlim] real:			0.75 seconds
[runlim] time:			0.08 seconds
[runlim] space:			3.7 MB
[runlim] samples:		1
[runlim] version:		1.10
[runlim] time limit:		311040000 seconds
[runlim] real time limit:	1200 seconds
[runlim] space limit:		15000 MB
[runlim] argv[0]:		/raid/steuber/Software/boolector/build/bin/boolector
[runlim] argv[1]:		/raid/steuber/Benchmarks/2019/QF_BV/sage/app7/bench_3237.smt2
[runlim] start:			Tue May 12 04:13:24 2020
[runlim] main pid:		1388
[BTOR>check_sat] 0.000812 seconds
[runlim] end:			Tue May 12 04:13:24 2020
[runlim] status:		ok
[runlim] result:		0
[runlim] children:		0
[runlim] real:			0.97 seconds
[runlim] time:			0.18 seconds
[runlim] space:			11.8 MB
[runlim] samples:		2
[runlim] version:		1.10
[runlim] time limit:		311040000 seconds
[runlim] real time limit:	1200 seconds
[runlim] space limit:		15000 MB
[runlim] argv[0]:		/raid/steuber/Software/boolector/build/bin/boolector
[runlim] argv[1]:		/raid/steuber/Benchmarks/2019/QF_BV/sage/app7/bench_4031.smt2
[runlim] start:			Tue May 12 04:13:24 2020
[runlim] main pid:		1392
[BTOR>check_sat] 0.000520 seconds
[runlim] end:			Tue May 12 04:13:25 2020
[runlim] status:		ok
[runlim] result:		0
[runlim] children:		0
[runlim] real:			1.15 seconds
[runlim] time:			0.08 seconds
[runlim] space:			6.6 MB
[runlim] samples:		1
[runlim] version:		1.10
[runlim] time limit:		311040000 seconds
[runlim] real time limit:	1200 seconds
[runlim] space limit:		15000 MB
[runlim] argv[0]:		/raid/steuber/Software/boolector/build/bin/boolector
[runlim] argv[1]:		/raid/steuber/Benchmarks/2019/QF_BV/sage/app7/bench_5798.smt2
[runlim] start:			Tue May 12 04:13:25 2020
[runlim] main pid:		1396
[BTOR>check_sat] 0.000114 seconds
[runlim] end:			Tue May 12 04:13:25 2020
[runlim] status:		ok
[runlim] result:		0
[runlim] children:		0
[runlim] real:			0.18 seconds
[runlim] time:			0.00 seconds
[runlim] space:			0.0 MB
[runlim] samples:		0
[runlim] version:		1.10
[runlim] time limit:		311040000 seconds
[runlim] real time limit:	1200 seconds
[runlim] space limit:		15000 MB
[runlim] argv[0]:		/raid/steuber/Software/boolector/build/bin/boolector
[runlim] argv[1]:		/raid/steuber/Benchmarks/2019/QF_BV/sage/app2/bench_758.smt2
[runlim] start:			Tue May 12 04:13:25 2020
[runlim] main pid:		1400
[BTOR>check_sat] 0.000092 seconds
[runlim] end:			Tue May 12 04:13:25 2020
[runlim] status:		ok
[runlim] result:		0
[runlim] children:		0
[runlim] real:			0.26 seconds
[runlim] time:			0.00 seconds
[runlim] space:			0.0 MB
[runlim] samples:		0
[runlim] version:		1.10
[runlim] time limit:		311040000 seconds
[runlim] real time limit:	1200 seconds
[runlim] space limit:		15000 MB
[runlim] argv[0]:		/raid/steuber/Software/boolector/build/bin/boolector
[runlim] argv[1]:		/raid/steuber/Benchmarks/2019/QF_BV/sage/app7/bench_5322.smt2
[runlim] start:			Tue May 12 04:13:25 2020
[runlim] main pid:		1404
[BTOR>check_sat] 0.000193 seconds
[runlim] end:			Tue May 12 04:13:25 2020
[runlim] status:		ok
[runlim] result:		0
[runlim] children:		0
[runlim] real:			0.34 seconds
[runlim] time:			0.00 seconds
[runlim] space:			0.0 MB
[runlim] samples:		0
[runlim] version:		1.10
[runlim] time limit:		311040000 seconds
[runlim] real time limit:	1200 seconds
[runlim] space limit:		15000 MB
[runlim] argv[0]:		/raid/steuber/Software/boolector/build/bin/boolector
[runlim] argv[1]:		/raid/steuber/Benchmarks/2019/QF_BV/sage/app7/bench_7925.smt2
[runlim] start:			Tue May 12 04:13:25 2020
[runlim] main pid:		1408
[BTOR>check_sat] 0.000277 seconds
[runlim] end:			Tue May 12 04:13:26 2020
[runlim] status:		ok
[runlim] result:		0
[runlim] children:		0
[runlim] real:			1.71 seconds
[runlim] time:			1.28 seconds
[runlim] space:			46.1 MB
[runlim] samples:		13
[runlim] version:		1.10
[runlim] time limit:		311040000 seconds
[runlim] real time limit:	1200 seconds
[runlim] space limit:		15000 MB
[runlim] argv[0]:		/raid/steuber/Software/boolector/build/bin/boolector
[runlim] argv[1]:		/raid/steuber/Benchmarks/2019/QF_BV/sage/app1/bench_2320.smt2
[runlim] start:			Tue May 12 04:13:26 2020
[runlim] main pid:		1412
[BTOR>check_sat] 0.382401 seconds
[runlim] end:			Tue May 12 04:13:27 2020
[runlim] status:		ok
[runlim] result:		0
[runlim] children:		0
[runlim] real:			1.16 seconds
[runlim] time:			0.37 seconds
[runlim] space:			55.2 MB
[runlim] samples:		4
[runlim] version:		1.10
[runlim] time limit:		311040000 seconds
[runlim] real time limit:	1200 seconds
[runlim] space limit:		15000 MB
[runlim] argv[0]:		/raid/steuber/Software/boolector/build/bin/boolector
[runlim] argv[1]:		/raid/steuber/Benchmarks/2019/QF_BV/Sage2/bench_9124.smt2
[runlim] start:			Tue May 12 04:13:27 2020
[runlim] main pid:		1417
[BTOR>check_sat] 0.151646 seconds
[runlim] end:			Tue May 12 04:13:27 2020
[runlim] status:		ok
[runlim] result:		0
[runlim] children:		0
[runlim] real:			0.32 seconds
[runlim] time:			0.08 seconds
[runlim] space:			3.7 MB
[runlim] samples:		1
[runlim] version:		1.10
[runlim] time limit:		311040000 seconds
[runlim] real time limit:	1200 seconds
[runlim] space limit:		15000 MB
[runlim] argv[0]:		/raid/steuber/Software/boolector/build/bin/boolector
[runlim] argv[1]:		/raid/steuber/Benchmarks/2019/QF_BV/sage/app9/bench_249.smt2
[runlim] start:			Tue May 12 04:13:27 2020
[runlim] main pid:		1421
[BTOR>check_sat] 0.000032 seconds
[runlim] end:			Tue May 12 04:13:27 2020
[runlim] status:		ok
[runlim] result:		0
[runlim] children:		0
[runlim] real:			0.34 seconds
[runlim] time:			0.00 seconds
[runlim] space:			0.0 MB
[runlim] samples:		0
[runlim] version:		1.10
[runlim] time limit:		311040000 seconds
[runlim] real time limit:	1200 seconds
[runlim] space limit:		15000 MB
[runlim] argv[0]:		/raid/steuber/Software/boolector/build/bin/boolector
[runlim] argv[1]:		/raid/steuber/Benchmarks/2019/QF_BV/sage/app1/bench_470.smt2
[runlim] start:			Tue May 12 04:13:27 2020
[runlim] main pid:		1425
[BTOR>check_sat] 0.022748 seconds
[runlim] end:			Tue May 12 04:13:27 2020
[runlim] status:		ok
[runlim] result:		0
[runlim] children:		0
[runlim] real:			0.39 seconds
[runlim] time:			0.00 seconds
[runlim] space:			0.0 MB
[runlim] samples:		0
[runlim] version:		1.10
[runlim] time limit:		311040000 seconds
[runlim] real time limit:	1200 seconds
[runlim] space limit:		15000 MB
[runlim] argv[0]:		/raid/steuber/Software/boolector/build/bin/boolector
[runlim] argv[1]:		/raid/steuber/Benchmarks/2019/QF_BV/sage/app1/bench_2615.smt2
[runlim] start:			Tue May 12 04:13:27 2020
[runlim] main pid:		1429
[BTOR>check_sat] 0.364100 seconds
[runlim] end:			Tue May 12 04:13:27 2020
[runlim] status:		ok
[runlim] result:		0
[runlim] children:		0
[runlim] real:			0.81 seconds
[runlim] time:			0.38 seconds
[runlim] space:			52.1 MB
[runlim] samples:		4
[runlim] version:		1.10
[runlim] time limit:		311040000 seconds
[runlim] real time limit:	1200 seconds
[runlim] space limit:		15000 MB
[runlim] argv[0]:		/raid/steuber/Software/boolector/build/bin/boolector
[runlim] argv[1]:		/raid/steuber/Benchmarks/2019/QF_BV/Sage2/bench_9692.smt2
[runlim] start:			Tue May 12 04:13:27 2020
[runlim] main pid:		1433
[runlim] sample:		10.0 time, 10.8 real, 11.6 MB
[BTOR>check_sat] 11.349770 seconds
[runlim] end:			Tue May 12 04:13:39 2020
[runlim] status:		ok
[runlim] result:		0
[runlim] children:		0
[runlim] real:			12.18 seconds
[runlim] time:			11.28 seconds
[runlim] space:			11.6 MB
[runlim] samples:		113
[runlim] version:		1.10
[runlim] time limit:		311040000 seconds
[runlim] real time limit:	1200 seconds
[runlim] space limit:		15000 MB
[runlim] argv[0]:		/raid/steuber/Software/boolector/build/bin/boolector
[runlim] argv[1]:		/raid/steuber/Benchmarks/2019/QF_BV/Sage2/bench_12487.smt2
[runlim] start:			Tue May 12 04:13:39 2020
[runlim] main pid:		1437
[runlim] sample:		9.9 time, 10.2 real, 65.9 MB
[runlim] sample:		19.9 time, 20.2 real, 72.2 MB
[BTOR>check_sat] 29.121447 seconds
[runlim] end:			Tue May 12 04:14:08 2020
[runlim] status:		ok
[runlim] result:		0
[runlim] children:		0
[runlim] real:			29.52 seconds
[runlim] time:			29.25 seconds
[runlim] space:			72.3 MB
[runlim] samples:		293
[runlim] version:		1.10
[runlim] time limit:		311040000 seconds
[runlim] real time limit:	1200 seconds
[runlim] space limit:		15000 MB
[runlim] argv[0]:		/raid/steuber/Software/boolector/build/bin/boolector
[runlim] argv[1]:		/raid/steuber/Benchmarks/2019/QF_BV/sage/app7/bench_8640.smt2
[runlim] start:			Tue May 12 04:14:08 2020
[runlim] main pid:		1448
[BTOR>check_sat] 0.000246 seconds
[runlim] end:			Tue May 12 04:14:09 2020
[runlim] status:		ok
[runlim] result:		0
[runlim] children:		0
[runlim] real:			1.93 seconds
[runlim] time:			1.36 seconds
[runlim] space:			45.7 MB
[runlim] samples:		14
[runlim] version:		1.10
[runlim] time limit:		311040000 seconds
[runlim] real time limit:	1200 seconds
[runlim] space limit:		15000 MB
[runlim] argv[0]:		/raid/steuber/Software/boolector/build/bin/boolector
[runlim] argv[1]:		/raid/steuber/Benchmarks/2019/QF_BV/Sage2/bench_13714.smt2
[runlim] start:			Tue May 12 04:14:09 2020
[runlim] main pid:		1452
[BTOR>check_sat] 8.994987 seconds
[runlim] end:			Tue May 12 04:14:19 2020
[runlim] status:		ok
[runlim] result:		0
[runlim] children:		0
[runlim] real:			10.07 seconds
[runlim] time:			9.07 seconds
[runlim] space:			40.1 MB
[runlim] samples:		91
[runlim] version:		1.10
[runlim] time limit:		311040000 seconds
[runlim] real time limit:	1200 seconds
[runlim] space limit:		15000 MB
[runlim] argv[0]:		/raid/steuber/Software/boolector/build/bin/boolector
[runlim] argv[1]:		/raid/steuber/Benchmarks/2019/QF_BV/sage/app7/bench_1656.smt2
[runlim] start:			Tue May 12 04:14:19 2020
[runlim] main pid:		1456
[BTOR>check_sat] 0.000176 seconds
[runlim] end:			Tue May 12 04:14:19 2020
[runlim] status:		ok
[runlim] result:		0
[runlim] children:		0
[runlim] real:			0.62 seconds
[runlim] time:			0.47 seconds
[runlim] space:			25.0 MB
[runlim] samples:		5
[runlim] version:		1.10
[runlim] time limit:		311040000 seconds
[runlim] real time limit:	1200 seconds
[runlim] space limit:		15000 MB
[runlim] argv[0]:		/raid/steuber/Software/boolector/build/bin/boolector
[runlim] argv[1]:		/raid/steuber/Benchmarks/2019/QF_BV/sage/app2/bench_561.smt2
[runlim] start:			Tue May 12 04:14:19 2020
[runlim] main pid:		1460
[BTOR>check_sat] 0.000081 seconds
[runlim] end:			Tue May 12 04:14:19 2020
[runlim] status:		ok
[runlim] result:		0
[runlim] children:		0
[runlim] real:			0.74 seconds
[runlim] time:			0.07 seconds
[runlim] space:			6.7 MB
[runlim] samples:		1
[runlim] version:		1.10
[runlim] time limit:		311040000 seconds
[runlim] real time limit:	1200 seconds
[runlim] space limit:		15000 MB
[runlim] argv[0]:		/raid/steuber/Software/boolector/build/bin/boolector
[runlim] argv[1]:		/raid/steuber/Benchmarks/2019/QF_BV/Sage2/bench_1452.smt2
[runlim] start:			Tue May 12 04:14:19 2020
[runlim] main pid:		1464
[BTOR>check_sat] 0.088768 seconds
[runlim] end:			Tue May 12 04:14:19 2020
[runlim] status:		ok
[runlim] result:		0
[runlim] children:		0
[runlim] real:			0.85 seconds
[runlim] time:			0.09 seconds
[runlim] space:			0.0 MB
[runlim] samples:		1
[runlim] version:		1.10
[runlim] time limit:		311040000 seconds
[runlim] real time limit:	1200 seconds
[runlim] space limit:		15000 MB
[runlim] argv[0]:		/raid/steuber/Software/boolector/build/bin/boolector
[runlim] argv[1]:		/raid/steuber/Benchmarks/2019/QF_BV/Sage2/bench_6150.smt2
[runlim] start:			Tue May 12 04:14:19 2020
[runlim] main pid:		1468
[runlim] sample:		10.0 time, 10.9 real, 15.9 MB
[runlim] sample:		20.0 time, 20.9 real, 17.8 MB
[runlim] sample:		30.0 time, 30.9 real, 18.9 MB
[BTOR>check_sat] 34.317180 seconds
[runlim] end:			Tue May 12 04:14:54 2020
[runlim] status:		ok
[runlim] result:		0
[runlim] children:		0
[runlim] real:			35.20 seconds
[runlim] time:			34.29 seconds
[runlim] space:			21.7 MB
[runlim] samples:		343
[runlim] version:		1.10
[runlim] time limit:		311040000 seconds
[runlim] real time limit:	1200 seconds
[runlim] space limit:		15000 MB
[runlim] argv[0]:		/raid/steuber/Software/boolector/build/bin/boolector
[runlim] argv[1]:		/raid/steuber/Benchmarks/2019/QF_BV/Sage2/bench_2790.smt2
[runlim] start:			Tue May 12 04:14:54 2020
[runlim] main pid:		1479
[BTOR>check_sat] 3.900624 seconds
[runlim] end:			Tue May 12 04:14:58 2020
[runlim] status:		ok
[runlim] result:		0
[runlim] children:		0
[runlim] real:			4.13 seconds
[runlim] time:			3.88 seconds
[runlim] space:			15.2 MB
[runlim] samples:		39
[runlim] version:		1.10
[runlim] time limit:		311040000 seconds
[runlim] real time limit:	1200 seconds
[runlim] space limit:		15000 MB
[runlim] argv[0]:		/raid/steuber/Software/boolector/build/bin/boolector
[runlim] argv[1]:		/raid/steuber/Benchmarks/2019/QF_BV/sage/app7/bench_8616.smt2
[runlim] start:			Tue May 12 04:14:58 2020
[runlim] main pid:		1483
[BTOR>check_sat] 0.000255 seconds
[runlim] end:			Tue May 12 04:14:59 2020
[runlim] status:		ok
[runlim] result:		0
[runlim] children:		0
[runlim] real:			1.50 seconds
[runlim] time:			1.27 seconds
[runlim] space:			45.9 MB
[runlim] samples:		13
[runlim] version:		1.10
[runlim] time limit:		311040000 seconds
[runlim] real time limit:	1200 seconds
[runlim] space limit:		15000 MB
[runlim] argv[0]:		/raid/steuber/Software/boolector/build/bin/boolector
[runlim] argv[1]:		/raid/steuber/Benchmarks/2019/QF_BV/sage/app9/bench_3258.smt2
[runlim] start:			Tue May 12 04:14:59 2020
[runlim] main pid:		1487
[BTOR>check_sat] 0.007801 seconds
[runlim] end:			Tue May 12 04:14:59 2020
[runlim] status:		ok
[runlim] result:		0
[runlim] children:		0
[runlim] real:			0.54 seconds
[runlim] time:			0.00 seconds
[runlim] space:			0.0 MB
[runlim] samples:		0
[runlim] version:		1.10
[runlim] time limit:		311040000 seconds
[runlim] real time limit:	1200 seconds
[runlim] space limit:		15000 MB
[runlim] argv[0]:		/raid/steuber/Software/boolector/build/bin/boolector
[runlim] argv[1]:		/raid/steuber/Benchmarks/2019/QF_BV/sage/app7/bench_1876.smt2
[runlim] start:			Tue May 12 04:14:59 2020
[runlim] main pid:		1491
[BTOR>check_sat] 0.000136 seconds
[runlim] end:			Tue May 12 04:14:59 2020
[runlim] status:		ok
[runlim] result:		0
[runlim] children:		0
[runlim] real:			0.91 seconds
[runlim] time:			0.28 seconds
[runlim] space:			17.3 MB
[runlim] samples:		3
[runlim] version:		1.10
[runlim] time limit:		311040000 seconds
[runlim] real time limit:	1200 seconds
[runlim] space limit:		15000 MB
[runlim] argv[0]:		/raid/steuber/Software/boolector/build/bin/boolector
[runlim] argv[1]:		/raid/steuber/Benchmarks/2019/QF_BV/sage/app7/bench_6417.smt2
[runlim] start:			Tue May 12 04:14:59 2020
[runlim] main pid:		1495
[BTOR>check_sat] 0.000040 seconds
[runlim] end:			Tue May 12 04:14:59 2020
[runlim] status:		ok
[runlim] result:		0
[runlim] children:		0
[runlim] real:			0.93 seconds
[runlim] time:			0.00 seconds
[runlim] space:			0.0 MB
[runlim] samples:		0
[runlim] version:		1.10
[runlim] time limit:		311040000 seconds
[runlim] real time limit:	1200 seconds
[runlim] space limit:		15000 MB
[runlim] argv[0]:		/raid/steuber/Software/boolector/build/bin/boolector
[runlim] argv[1]:		/raid/steuber/Benchmarks/2019/QF_BV/20190311-bv-term-small-rw-Noetzli/bv-term-small-rw_1500.smt2
[runlim] start:			Tue May 12 04:14:59 2020
[runlim] main pid:		1499
[BTOR>check_sat] 0.418248 seconds
[runlim] end:			Tue May 12 04:15:00 2020
[runlim] status:		ok
[runlim] result:		0
[runlim] children:		0
[runlim] real:			1.36 seconds
[runlim] time:			0.38 seconds
[runlim] space:			4.7 MB
[runlim] samples:		4
[runlim] version:		1.10
[runlim] time limit:		311040000 seconds
[runlim] real time limit:	1200 seconds
[runlim] space limit:		15000 MB
[runlim] argv[0]:		/raid/steuber/Software/boolector/build/bin/boolector
[runlim] argv[1]:		/raid/steuber/Benchmarks/2019/QF_BV/sage/app12/bench_2171.smt2
[runlim] start:			Tue May 12 04:15:00 2020
[runlim] main pid:		1503
[BTOR>check_sat] 0.022213 seconds
[runlim] end:			Tue May 12 04:15:00 2020
[runlim] status:		ok
[runlim] result:		0
[runlim] children:		0
[runlim] real:			0.39 seconds
[runlim] time:			0.00 seconds
[runlim] space:			0.0 MB
[runlim] samples:		0
[runlim] version:		1.10
[runlim] time limit:		311040000 seconds
[runlim] real time limit:	1200 seconds
[runlim] space limit:		15000 MB
[runlim] argv[0]:		/raid/steuber/Software/boolector/build/bin/boolector
[runlim] argv[1]:		/raid/steuber/Benchmarks/2019/QF_BV/sage/app8/bench_3523.smt2
[runlim] start:			Tue May 12 04:15:00 2020
[runlim] main pid:		1507
[BTOR>check_sat] 0.000032 seconds
[runlim] end:			Tue May 12 04:15:00 2020
[runlim] status:		ok
[runlim] result:		0
[runlim] children:		0
[runlim] real:			0.41 seconds
[runlim] time:			0.00 seconds
[runlim] space:			0.0 MB
[runlim] samples:		0
[runlim] version:		1.10
[runlim] time limit:		311040000 seconds
[runlim] real time limit:	1200 seconds
[runlim] space limit:		15000 MB
[runlim] argv[0]:		/raid/steuber/Software/boolector/build/bin/boolector
[runlim] argv[1]:		/raid/steuber/Benchmarks/2019/QF_BV/Sage2/bench_4398.smt2
[runlim] start:			Tue May 12 04:15:00 2020
[runlim] main pid:		1511
[BTOR>check_sat] 0.168669 seconds
[runlim] end:			Tue May 12 04:15:00 2020
[runlim] status:		ok
[runlim] result:		0
[runlim] children:		0
[runlim] real:			0.60 seconds
[runlim] time:			0.08 seconds
[runlim] space:			3.2 MB
[runlim] samples:		1
[runlim] version:		1.10
[runlim] time limit:		311040000 seconds
[runlim] real time limit:	1200 seconds
[runlim] space limit:		15000 MB
[runlim] argv[0]:		/raid/steuber/Software/boolector/build/bin/boolector
[runlim] argv[1]:		/raid/steuber/Benchmarks/2019/QF_BV/sage/app7/bench_2880.smt2
[runlim] start:			Tue May 12 04:15:00 2020
[runlim] main pid:		1515
[BTOR>check_sat] 0.002414 seconds
[runlim] end:			Tue May 12 04:15:02 2020
[runlim] status:		ok
[runlim] result:		0
[runlim] children:		0
[runlim] real:			2.60 seconds
[runlim] time:			1.70 seconds
[runlim] space:			59.9 MB
[runlim] samples:		19
[runlim] version:		1.10
[runlim] time limit:		311040000 seconds
[runlim] real time limit:	1200 seconds
[runlim] space limit:		15000 MB
[runlim] argv[0]:		/raid/steuber/Software/boolector/build/bin/boolector
[runlim] argv[1]:		/raid/steuber/Benchmarks/2019/QF_BV/20190311-bv-term-small-rw-Noetzli/bv-term-small-rw_946.smt2
[runlim] start:			Tue May 12 04:15:02 2020
[runlim] main pid:		1521
[BTOR>check_sat] 0.000019 seconds
[runlim] end:			Tue May 12 04:15:02 2020
[runlim] status:		ok
[runlim] result:		0
[runlim] children:		0
[runlim] real:			0.61 seconds
[runlim] time:			0.00 seconds
[runlim] space:			0.0 MB
[runlim] samples:		0
[runlim] version:		1.10
[runlim] time limit:		311040000 seconds
[runlim] real time limit:	1200 seconds
[runlim] space limit:		15000 MB
[runlim] argv[0]:		/raid/steuber/Software/boolector/build/bin/boolector
[runlim] argv[1]:		/raid/steuber/Benchmarks/2019/QF_BV/sage/app11/bench_258.smt2
[runlim] start:			Tue May 12 04:15:02 2020
[runlim] main pid:		1525
[BTOR>check_sat] 0.000268 seconds
[runlim] end:			Tue May 12 04:15:03 2020
[runlim] status:		ok
[runlim] result:		0
[runlim] children:		0
[runlim] real:			1.13 seconds
[runlim] time:			0.45 seconds
[runlim] space:			28.6 MB
[runlim] samples:		5
[runlim] version:		1.10
[runlim] time limit:		311040000 seconds
[runlim] real time limit:	1200 seconds
[runlim] space limit:		15000 MB
[runlim] argv[0]:		/raid/steuber/Software/boolector/build/bin/boolector
[runlim] argv[1]:		/raid/steuber/Benchmarks/2019/QF_BV/sage/app7/bench_3242.smt2
[runlim] start:			Tue May 12 04:15:03 2020
[runlim] main pid:		1529
[BTOR>check_sat] 0.000719 seconds
[runlim] end:			Tue May 12 04:15:03 2020
[runlim] status:		ok
[runlim] result:		0
[runlim] children:		0
[runlim] real:			0.34 seconds
[runlim] time:			0.17 seconds
[runlim] space:			11.8 MB
[runlim] samples:		2
[runlim] version:		1.10
[runlim] time limit:		311040000 seconds
[runlim] real time limit:	1200 seconds
[runlim] space limit:		15000 MB
[runlim] argv[0]:		/raid/steuber/Software/boolector/build/bin/boolector
[runlim] argv[1]:		/raid/steuber/Benchmarks/2019/QF_BV/sage/app7/bench_291.smt2
[runlim] start:			Tue May 12 04:15:03 2020
[runlim] main pid:		1533
[BTOR>check_sat] 0.000169 seconds
[runlim] end:			Tue May 12 04:15:04 2020
[runlim] status:		ok
[runlim] result:		0
[runlim] children:		0
[runlim] real:			1.73 seconds
[runlim] time:			1.26 seconds
[runlim] space:			45.5 MB
[runlim] samples:		13
[runlim] version:		1.10
[runlim] time limit:		311040000 seconds
[runlim] real time limit:	1200 seconds
[runlim] space limit:		15000 MB
[runlim] argv[0]:		/raid/steuber/Software/boolector/build/bin/boolector
[runlim] argv[1]:		/raid/steuber/Benchmarks/2019/QF_BV/sage/app7/bench_3091.smt2
[runlim] start:			Tue May 12 04:15:04 2020
[runlim] main pid:		1538
[BTOR>check_sat] 0.000605 seconds
[runlim] end:			Tue May 12 04:15:06 2020
[runlim] status:		ok
[runlim] result:		0
[runlim] children:		0
[runlim] real:			2.57 seconds
[runlim] time:			1.76 seconds
[runlim] space:			60.2 MB
[runlim] samples:		18
[runlim] version:		1.10
[runlim] time limit:		311040000 seconds
[runlim] real time limit:	1200 seconds
[runlim] space limit:		15000 MB
[runlim] argv[0]:		/raid/steuber/Software/boolector/build/bin/boolector
[runlim] argv[1]:		/raid/steuber/Benchmarks/2019/QF_BV/sage/app7/bench_1919.smt2
[runlim] start:			Tue May 12 04:15:06 2020
[runlim] main pid:		1542
[BTOR>check_sat] 0.000180 seconds
[runlim] end:			Tue May 12 04:15:06 2020
[runlim] status:		ok
[runlim] result:		0
[runlim] children:		0
[runlim] real:			0.95 seconds
[runlim] time:			0.27 seconds
[runlim] space:			17.0 MB
[runlim] samples:		3
[runlim] version:		1.10
[runlim] time limit:		311040000 seconds
[runlim] real time limit:	1200 seconds
[runlim] space limit:		15000 MB
[runlim] argv[0]:		/raid/steuber/Software/boolector/build/bin/boolector
[runlim] argv[1]:		/raid/steuber/Benchmarks/2019/QF_BV/sage/app7/bench_5067.smt2
[runlim] start:			Tue May 12 04:15:06 2020
[runlim] main pid:		1546
[BTOR>check_sat] 0.000348 seconds
[runlim] end:			Tue May 12 04:15:07 2020
[runlim] status:		ok
[runlim] result:		0
[runlim] children:		0
[runlim] real:			1.07 seconds
[runlim] time:			0.07 seconds
[runlim] space:			6.1 MB
[runlim] samples:		1
[runlim] version:		1.10
[runlim] time limit:		311040000 seconds
[runlim] real time limit:	1200 seconds
[runlim] space limit:		15000 MB
[runlim] argv[0]:		/raid/steuber/Software/boolector/build/bin/boolector
[runlim] argv[1]:		/raid/steuber/Benchmarks/2019/QF_BV/sage/app7/bench_6045.smt2
[runlim] start:			Tue May 12 04:15:07 2020
[runlim] main pid:		1550
[BTOR>check_sat] 0.000084 seconds
[runlim] end:			Tue May 12 04:15:07 2020
[runlim] status:		ok
[runlim] result:		0
[runlim] children:		0
[runlim] real:			0.10 seconds
[runlim] time:			0.00 seconds
[runlim] space:			0.0 MB
[runlim] samples:		0
[runlim] version:		1.10
[runlim] time limit:		311040000 seconds
[runlim] real time limit:	1200 seconds
[runlim] space limit:		15000 MB
[runlim] argv[0]:		/raid/steuber/Software/boolector/build/bin/boolector
[runlim] argv[1]:		/raid/steuber/Benchmarks/2019/QF_BV/sage/app9/bench_2741.smt2
[runlim] start:			Tue May 12 04:15:07 2020
[runlim] main pid:		1554
[BTOR>check_sat] 0.007918 seconds
[runlim] end:			Tue May 12 04:15:07 2020
[runlim] status:		ok
[runlim] result:		0
[runlim] children:		0
[runlim] real:			0.14 seconds
[runlim] time:			0.00 seconds
[runlim] space:			0.0 MB
[runlim] samples:		0
[runlim] version:		1.10
[runlim] time limit:		311040000 seconds
[runlim] real time limit:	1200 seconds
[runlim] space limit:		15000 MB
[runlim] argv[0]:		/raid/steuber/Software/boolector/build/bin/boolector
[runlim] argv[1]:		/raid/steuber/Benchmarks/2019/QF_BV/sage/app1/bench_2492.smt2
[runlim] start:			Tue May 12 04:15:07 2020
[runlim] main pid:		1558
[BTOR>check_sat] 0.376720 seconds
[runlim] end:			Tue May 12 04:15:07 2020
[runlim] status:		ok
[runlim] result:		0
[runlim] children:		0
[runlim] real:			0.56 seconds
[runlim] time:			0.39 seconds
[runlim] space:			55.0 MB
[runlim] samples:		4
[runlim] version:		1.10
[runlim] time limit:		311040000 seconds
[runlim] real time limit:	1200 seconds
[runlim] space limit:		15000 MB
[runlim] argv[0]:		/raid/steuber/Software/boolector/build/bin/boolector
[runlim] argv[1]:		/raid/steuber/Benchmarks/2019/QF_BV/Sage2/bench_6473.smt2
[runlim] start:			Tue May 12 04:15:07 2020
[runlim] main pid:		1562
[BTOR>check_sat] 4.815726 seconds
[runlim] end:			Tue May 12 04:15:12 2020
[runlim] status:		ok
[runlim] result:		0
[runlim] children:		0
[runlim] real:			5.43 seconds
[runlim] time:			4.77 seconds
[runlim] space:			27.1 MB
[runlim] samples:		48
[runlim] version:		1.10
[runlim] time limit:		311040000 seconds
[runlim] real time limit:	1200 seconds
[runlim] space limit:		15000 MB
[runlim] argv[0]:		/raid/steuber/Software/boolector/build/bin/boolector
[runlim] argv[1]:		/raid/steuber/Benchmarks/2019/QF_BV/sage/app2/bench_2.smt2
[runlim] start:			Tue May 12 04:15:12 2020
[runlim] main pid:		1567
[BTOR>check_sat] 0.000085 seconds
[runlim] end:			Tue May 12 04:15:12 2020
[runlim] status:		ok
[runlim] result:		0
[runlim] children:		0
[runlim] real:			0.58 seconds
[runlim] time:			0.07 seconds
[runlim] space:			7.0 MB
[runlim] samples:		1
[runlim] version:		1.10
[runlim] time limit:		311040000 seconds
[runlim] real time limit:	1200 seconds
[runlim] space limit:		15000 MB
[runlim] argv[0]:		/raid/steuber/Software/boolector/build/bin/boolector
[runlim] argv[1]:		/raid/steuber/Benchmarks/2019/QF_BV/sage/app8/bench_643.smt2
[runlim] start:			Tue May 12 04:15:12 2020
[runlim] main pid:		1571
[BTOR>check_sat] 0.089550 seconds
[runlim] end:			Tue May 12 04:15:12 2020
[runlim] status:		ok
[runlim] result:		0
[runlim] children:		0
[runlim] real:			0.69 seconds
[runlim] time:			0.08 seconds
[runlim] space:			8.4 MB
[runlim] samples:		1
[runlim] version:		1.10
[runlim] time limit:		311040000 seconds
[runlim] real time limit:	1200 seconds
[runlim] space limit:		15000 MB
[runlim] argv[0]:		/raid/steuber/Software/boolector/build/bin/boolector
[runlim] argv[1]:		/raid/steuber/Benchmarks/2019/QF_BV/float/pow5.smt2
[runlim] start:			Tue May 12 04:15:12 2020
[runlim] main pid:		1575
[runlim] sample:		10.0 time, 10.7 real, 48.1 MB
[runlim] sample:		20.0 time, 20.7 real, 48.6 MB
[runlim] sample:		30.0 time, 30.7 real, 49.4 MB
[BTOR>check_sat] 32.367931 seconds
[runlim] end:			Tue May 12 04:15:45 2020
[runlim] status:		ok
[runlim] result:		0
[runlim] children:		0
[runlim] real:			33.10 seconds
[runlim] time:			32.38 seconds
[runlim] space:			49.4 MB
[runlim] samples:		324
[runlim] version:		1.10
[runlim] time limit:		311040000 seconds
[runlim] real time limit:	1200 seconds
[runlim] space limit:		15000 MB
[runlim] argv[0]:		/raid/steuber/Software/boolector/build/bin/boolector
[runlim] argv[1]:		/raid/steuber/Benchmarks/2019/QF_BV/sage/app12/bench_850.smt2
[runlim] start:			Tue May 12 04:15:45 2020
[runlim] main pid:		1584
[BTOR>check_sat] 0.003482 seconds
[runlim] end:			Tue May 12 04:15:45 2020
[runlim] status:		ok
[runlim] result:		0
[runlim] children:		0
[runlim] real:			0.12 seconds
[runlim] time:			0.00 seconds
[runlim] space:			0.0 MB
[runlim] samples:		0
[runlim] version:		1.10
[runlim] time limit:		311040000 seconds
[runlim] real time limit:	1200 seconds
[runlim] space limit:		15000 MB
[runlim] argv[0]:		/raid/steuber/Software/boolector/build/bin/boolector
[runlim] argv[1]:		/raid/steuber/Benchmarks/2019/QF_BV/sage/app7/bench_1056.smt2
[runlim] start:			Tue May 12 04:15:45 2020
[runlim] main pid:		1588
[BTOR>check_sat] 0.000317 seconds
[runlim] end:			Tue May 12 04:15:46 2020
[runlim] status:		ok
[runlim] result:		0
[runlim] children:		0
[runlim] real:			1.13 seconds
[runlim] time:			0.97 seconds
[runlim] space:			36.6 MB
[runlim] samples:		10
[runlim] version:		1.10
[runlim] time limit:		311040000 seconds
[runlim] real time limit:	1200 seconds
[runlim] space limit:		15000 MB
[runlim] argv[0]:		/raid/steuber/Software/boolector/build/bin/boolector
[runlim] argv[1]:		/raid/steuber/Benchmarks/2019/QF_BV/Sage2/bench_5714.smt2
[runlim] start:			Tue May 12 04:15:46 2020
[runlim] main pid:		1592
[BTOR>check_sat] 0.203896 seconds
[runlim] end:			Tue May 12 04:15:46 2020
[runlim] status:		ok
[runlim] result:		0
[runlim] children:		0
[runlim] real:			0.35 seconds
[runlim] time:			0.19 seconds
[runlim] space:			4.3 MB
[runlim] samples:		2
[runlim] version:		1.10
[runlim] time limit:		311040000 seconds
[runlim] real time limit:	1200 seconds
[runlim] space limit:		15000 MB
[runlim] argv[0]:		/raid/steuber/Software/boolector/build/bin/boolector
[runlim] argv[1]:		/raid/steuber/Benchmarks/2019/QF_BV/Sage2/bench_7832.smt2
[runlim] start:			Tue May 12 04:15:46 2020
[runlim] main pid:		1596
[runlim] sample:		10.0 time, 10.4 real, 16.7 MB
[runlim] sample:		20.0 time, 20.4 real, 19.0 MB
[runlim] sample:		30.0 time, 30.4 real, 18.7 MB
[runlim] sample:		40.0 time, 40.4 real, 22.7 MB
[BTOR>check_sat] 44.357230 seconds
[runlim] end:			Tue May 12 04:16:30 2020
[runlim] status:		ok
[runlim] result:		0
[runlim] children:		0
[runlim] real:			44.75 seconds
[runlim] time:			44.28 seconds
[runlim] space:			22.8 MB
[runlim] samples:		443
[runlim] version:		1.10
[runlim] time limit:		311040000 seconds
[runlim] real time limit:	1200 seconds
[runlim] space limit:		15000 MB
[runlim] argv[0]:		/raid/steuber/Software/boolector/build/bin/boolector
[runlim] argv[1]:		/raid/steuber/Benchmarks/2019/QF_BV/sage/app9/bench_2663.smt2
[runlim] start:			Tue May 12 04:16:30 2020
[runlim] main pid:		1611
[BTOR>check_sat] 0.007763 seconds
[runlim] end:			Tue May 12 04:16:30 2020
[runlim] status:		ok
[runlim] result:		0
[runlim] children:		0
[runlim] real:			0.79 seconds
[runlim] time:			0.00 seconds
[runlim] space:			0.0 MB
[runlim] samples:		0
[runlim] version:		1.10
[runlim] time limit:		311040000 seconds
[runlim] real time limit:	1200 seconds
[runlim] space limit:		15000 MB
[runlim] argv[0]:		/raid/steuber/Software/boolector/build/bin/boolector
[runlim] argv[1]:		/raid/steuber/Benchmarks/2019/QF_BV/sage/app7/bench_6000.smt2
[runlim] start:			Tue May 12 04:16:30 2020
[runlim] main pid:		1615
[BTOR>check_sat] 0.000106 seconds
[runlim] end:			Tue May 12 04:16:30 2020
[runlim] status:		ok
[runlim] result:		0
[runlim] children:		0
[runlim] real:			0.81 seconds
[runlim] time:			0.00 seconds
[runlim] space:			0.0 MB
[runlim] samples:		0
[runlim] version:		1.10
[runlim] time limit:		311040000 seconds
[runlim] real time limit:	1200 seconds
[runlim] space limit:		15000 MB
[runlim] argv[0]:		/raid/steuber/Software/boolector/build/bin/boolector
[runlim] argv[1]:		/raid/steuber/Benchmarks/2019/QF_BV/sage/app7/bench_4964.smt2
[runlim] start:			Tue May 12 04:16:30 2020
[runlim] main pid:		1619
[BTOR>check_sat] 0.000339 seconds
[runlim] end:			Tue May 12 04:16:30 2020
[runlim] status:		ok
[runlim] result:		0
[runlim] children:		0
[runlim] real:			0.96 seconds
[runlim] time:			0.05 seconds
[runlim] space:			4.9 MB
[runlim] samples:		1
[runlim] version:		1.10
[runlim] time limit:		311040000 seconds
[runlim] real time limit:	1200 seconds
[runlim] space limit:		15000 MB
[runlim] argv[0]:		/raid/steuber/Software/boolector/build/bin/boolector
[runlim] argv[1]:		/raid/steuber/Benchmarks/2019/QF_BV/sage/app1/bench_196.smt2
[runlim] start:			Tue May 12 04:16:30 2020
[runlim] main pid:		1623
[BTOR>check_sat] 0.000055 seconds
[runlim] end:			Tue May 12 04:16:30 2020
[runlim] status:		ok
[runlim] result:		0
[runlim] children:		0
[runlim] real:			0.98 seconds
[runlim] time:			0.00 seconds
[runlim] space:			0.0 MB
[runlim] samples:		0
[runlim] version:		1.10
[runlim] time limit:		311040000 seconds
[runlim] real time limit:	1200 seconds
[runlim] space limit:		15000 MB
[runlim] argv[0]:		/raid/steuber/Software/boolector/build/bin/boolector
[runlim] argv[1]:		/raid/steuber/Benchmarks/2019/QF_BV/sage/app7/bench_5764.smt2
[runlim] start:			Tue May 12 04:16:30 2020
[runlim] main pid:		1627
[BTOR>check_sat] 0.000092 seconds
[runlim] end:			Tue May 12 04:16:31 2020
[runlim] status:		ok
[runlim] result:		0
[runlim] children:		0
[runlim] real:			1.02 seconds
[runlim] time:			0.00 seconds
[runlim] space:			0.0 MB
[runlim] samples:		0
[runlim] version:		1.10
[runlim] time limit:		311040000 seconds
[runlim] real time limit:	1200 seconds
[runlim] space limit:		15000 MB
[runlim] argv[0]:		/raid/steuber/Software/boolector/build/bin/boolector
[runlim] argv[1]:		/raid/steuber/Benchmarks/2019/QF_BV/sage/app7/bench_6025.smt2
[runlim] start:			Tue May 12 04:16:31 2020
[runlim] main pid:		1631
[BTOR>check_sat] 0.000231 seconds
[runlim] end:			Tue May 12 04:16:32 2020
[runlim] status:		ok
[runlim] result:		0
[runlim] children:		0
[runlim] real:			1.46 seconds
[runlim] time:			1.38 seconds
[runlim] space:			47.7 MB
[runlim] samples:		14
[runlim] version:		1.10
[runlim] time limit:		311040000 seconds
[runlim] real time limit:	1200 seconds
[runlim] space limit:		15000 MB
[runlim] argv[0]:		/raid/steuber/Software/boolector/build/bin/boolector
[runlim] argv[1]:		/raid/steuber/Benchmarks/2019/QF_BV/Sage2/bench_10465.smt2
[runlim] start:			Tue May 12 04:16:32 2020
[runlim] main pid:		1635
[BTOR>check_sat] 6.179904 seconds
[runlim] end:			Tue May 12 04:16:38 2020
[runlim] status:		ok
[runlim] result:		0
[runlim] children:		0
[runlim] real:			6.74 seconds
[runlim] time:			6.16 seconds
[runlim] space:			38.9 MB
[runlim] samples:		62
[runlim] version:		1.10
[runlim] time limit:		311040000 seconds
[runlim] real time limit:	1200 seconds
[runlim] space limit:		15000 MB
[runlim] argv[0]:		/raid/steuber/Software/boolector/build/bin/boolector
[runlim] argv[1]:		/raid/steuber/Benchmarks/2019/QF_BV/20190311-bv-term-small-rw-Noetzli/bv-term-small-rw_1219.smt2
[runlim] start:			Tue May 12 04:16:38 2020
[runlim] main pid:		1639
[BTOR>check_sat] 0.000022 seconds
[runlim] end:			Tue May 12 04:16:38 2020
[runlim] status:		ok
[runlim] result:		0
[runlim] children:		0
[runlim] real:			0.76 seconds
[runlim] time:			0.00 seconds
[runlim] space:			0.0 MB
[runlim] samples:		0
[runlim] version:		1.10
[runlim] time limit:		311040000 seconds
[runlim] real time limit:	1200 seconds
[runlim] space limit:		15000 MB
[runlim] argv[0]:		/raid/steuber/Software/boolector/build/bin/boolector
[runlim] argv[1]:		/raid/steuber/Benchmarks/2019/QF_BV/sage/app9/bench_2825.smt2
[runlim] start:			Tue May 12 04:16:38 2020
[runlim] main pid:		1643
[BTOR>check_sat] 0.000032 seconds
[runlim] end:			Tue May 12 04:16:38 2020
[runlim] status:		ok
[runlim] result:		0
[runlim] children:		0
[runlim] real:			0.80 seconds
[runlim] time:			0.00 seconds
[runlim] space:			0.0 MB
[runlim] samples:		0
[runlim] version:		1.10
[runlim] time limit:		311040000 seconds
[runlim] real time limit:	1200 seconds
[runlim] space limit:		15000 MB
[runlim] argv[0]:		/raid/steuber/Software/boolector/build/bin/boolector
[runlim] argv[1]:		/raid/steuber/Benchmarks/2019/QF_BV/sage/app9/bench_269.smt2
[runlim] start:			Tue May 12 04:16:38 2020
[runlim] main pid:		1647
[BTOR>check_sat] 0.014359 seconds
[runlim] end:			Tue May 12 04:16:38 2020
[runlim] status:		ok
[runlim] result:		0
[runlim] children:		0
[runlim] real:			0.84 seconds
[runlim] time:			0.00 seconds
[runlim] space:			0.0 MB
[runlim] samples:		0
[runlim] version:		1.10
[runlim] time limit:		311040000 seconds
[runlim] real time limit:	1200 seconds
[runlim] space limit:		15000 MB
[runlim] argv[0]:		/raid/steuber/Software/boolector/build/bin/boolector
[runlim] argv[1]:		/raid/steuber/Benchmarks/2019/QF_BV/sage/app2/bench_685.smt2
[runlim] start:			Tue May 12 04:16:38 2020
[runlim] main pid:		1651
[BTOR>check_sat] 0.000075 seconds
[runlim] end:			Tue May 12 04:16:38 2020
[runlim] status:		ok
[runlim] result:		0
[runlim] children:		0
[runlim] real:			0.92 seconds
[runlim] time:			0.00 seconds
[runlim] space:			0.0 MB
[runlim] samples:		0
[runlim] version:		1.10
[runlim] time limit:		311040000 seconds
[runlim] real time limit:	1200 seconds
[runlim] space limit:		15000 MB
[runlim] argv[0]:		/raid/steuber/Software/boolector/build/bin/boolector
[runlim] argv[1]:		/raid/steuber/Benchmarks/2019/QF_BV/sage/app7/bench_199.smt2
[runlim] start:			Tue May 12 04:16:38 2020
[runlim] main pid:		1655
[BTOR>check_sat] 0.000243 seconds
[runlim] end:			Tue May 12 04:16:40 2020
[runlim] status:		ok
[runlim] result:		0
[runlim] children:		0
[runlim] real:			2.28 seconds
[runlim] time:			1.28 seconds
[runlim] space:			45.6 MB
[runlim] samples:		13
