[runlim] version:		1.10
[runlim] time limit:		311040000 seconds
[runlim] real time limit:	1200 seconds
[runlim] space limit:		15000 MB
[runlim] argv[0]:		/raid/steuber/Software/boolector/build/bin/boolector
[runlim] argv[1]:		/raid/steuber/Benchmarks/2019/QF_BV/Sage2/bench_1404.smt2
[runlim] start:			Tue May 12 04:16:21 2020
[runlim] main pid:		2160
[runlim] sample:		10.0 time, 10.7 real, 15.0 MB
[runlim] sample:		20.0 time, 20.7 real, 15.6 MB
[runlim] sample:		30.0 time, 30.7 real, 17.4 MB
[runlim] sample:		40.0 time, 40.7 real, 17.1 MB
[BTOR>check_sat] 41.393199 seconds
[runlim] end:			Tue May 12 04:17:03 2020
[runlim] status:		ok
[runlim] result:		0
[runlim] children:		0
[runlim] real:			42.09 seconds
[runlim] time:			41.37 seconds
[runlim] space:			21.6 MB
[runlim] samples:		414
[runlim] version:		1.10
[runlim] time limit:		311040000 seconds
[runlim] real time limit:	1200 seconds
[runlim] space limit:		15000 MB
[runlim] argv[0]:		/raid/steuber/Software/boolector/build/bin/boolector
[runlim] argv[1]:		/raid/steuber/Benchmarks/2019/QF_BV/Sage2/bench_3901.smt2
[runlim] start:			Tue May 12 04:17:03 2020
[runlim] main pid:		2173
[BTOR>check_sat] 0.001255 seconds
[runlim] end:			Tue May 12 04:17:03 2020
[runlim] status:		ok
[runlim] result:		0
[runlim] children:		0
[runlim] real:			0.12 seconds
[runlim] time:			0.00 seconds
[runlim] space:			0.0 MB
[runlim] samples:		0
[runlim] version:		1.10
[runlim] time limit:		311040000 seconds
[runlim] real time limit:	1200 seconds
[runlim] space limit:		15000 MB
[runlim] argv[0]:		/raid/steuber/Software/boolector/build/bin/boolector
[runlim] argv[1]:		/raid/steuber/Benchmarks/2019/QF_BV/Sage2/bench_6763.smt2
[runlim] start:			Tue May 12 04:17:03 2020
[runlim] main pid:		2177
[runlim] sample:		10.0 time, 10.1 real, 10.1 MB
[BTOR>check_sat] 12.619335 seconds
[runlim] end:			Tue May 12 04:17:15 2020
[runlim] status:		ok
[runlim] result:		0
[runlim] children:		0
[runlim] real:			12.76 seconds
[runlim] time:			12.58 seconds
[runlim] space:			11.7 MB
[runlim] samples:		126
[runlim] version:		1.10
[runlim] time limit:		311040000 seconds
[runlim] real time limit:	1200 seconds
[runlim] space limit:		15000 MB
[runlim] argv[0]:		/raid/steuber/Software/boolector/build/bin/boolector
[runlim] argv[1]:		/raid/steuber/Benchmarks/2019/QF_BV/Sage2/bench_7310.smt2
[runlim] start:			Tue May 12 04:17:15 2020
[runlim] main pid:		2184
[BTOR>check_sat] 0.188742 seconds
[runlim] end:			Tue May 12 04:17:16 2020
[runlim] status:		ok
[runlim] result:		0
[runlim] children:		0
[runlim] real:			1.07 seconds
[runlim] time:			0.24 seconds
[runlim] space:			16.4 MB
[runlim] samples:		3
[runlim] version:		1.10
[runlim] time limit:		311040000 seconds
[runlim] real time limit:	1200 seconds
[runlim] space limit:		15000 MB
[runlim] argv[0]:		/raid/steuber/Software/boolector/build/bin/boolector
[runlim] argv[1]:		/raid/steuber/Benchmarks/2019/QF_BV/Sage2/bench_7141.smt2
[runlim] start:			Tue May 12 04:17:16 2020
[runlim] main pid:		2188
[BTOR>check_sat] 2.759817 seconds
[runlim] end:			Tue May 12 04:17:19 2020
[runlim] status:		ok
[runlim] result:		0
[runlim] children:		0
[runlim] real:			3.36 seconds
[runlim] time:			3.16 seconds
[runlim] space:			332.6 MB
[runlim] samples:		32
[runlim] version:		1.10
[runlim] time limit:		311040000 seconds
[runlim] real time limit:	1200 seconds
[runlim] space limit:		15000 MB
[runlim] argv[0]:		/raid/steuber/Software/boolector/build/bin/boolector
[runlim] argv[1]:		/raid/steuber/Benchmarks/2019/QF_BV/sage/app9/bench_130.smt2
[runlim] start:			Tue May 12 04:17:19 2020
[runlim] main pid:		2192
[BTOR>check_sat] 0.003144 seconds
[runlim] end:			Tue May 12 04:17:19 2020
[runlim] status:		ok
[runlim] result:		0
[runlim] children:		0
[runlim] real:			0.39 seconds
[runlim] time:			0.00 seconds
[runlim] space:			0.0 MB
[runlim] samples:		0
[runlim] version:		1.10
[runlim] time limit:		311040000 seconds
[runlim] real time limit:	1200 seconds
[runlim] space limit:		15000 MB
[runlim] argv[0]:		/raid/steuber/Software/boolector/build/bin/boolector
[runlim] argv[1]:		/raid/steuber/Benchmarks/2019/QF_BV/sage/app7/bench_148.smt2
[runlim] start:			Tue May 12 04:17:19 2020
[runlim] main pid:		2196
[BTOR>check_sat] 0.000456 seconds
[runlim] end:			Tue May 12 04:17:21 2020
[runlim] status:		ok
[runlim] result:		0
[runlim] children:		0
[runlim] real:			2.24 seconds
[runlim] time:			1.76 seconds
[runlim] space:			60.4 MB
[runlim] samples:		18
[runlim] version:		1.10
[runlim] time limit:		311040000 seconds
[runlim] real time limit:	1200 seconds
[runlim] space limit:		15000 MB
[runlim] argv[0]:		/raid/steuber/Software/boolector/build/bin/boolector
[runlim] argv[1]:		/raid/steuber/Benchmarks/2019/QF_BV/sage/app9/bench_451.smt2
[runlim] start:			Tue May 12 04:17:21 2020
[runlim] main pid:		2200
[BTOR>check_sat] 0.001046 seconds
[runlim] end:			Tue May 12 04:17:21 2020
[runlim] status:		ok
[runlim] result:		0
[runlim] children:		0
[runlim] real:			0.26 seconds
[runlim] time:			0.00 seconds
[runlim] space:			0.0 MB
[runlim] samples:		0
[runlim] version:		1.10
[runlim] time limit:		311040000 seconds
[runlim] real time limit:	1200 seconds
[runlim] space limit:		15000 MB
[runlim] argv[0]:		/raid/steuber/Software/boolector/build/bin/boolector
[runlim] argv[1]:		/raid/steuber/Benchmarks/2019/QF_BV/sage/app1/bench_2446.smt2
[runlim] start:			Tue May 12 04:17:21 2020
[runlim] main pid:		2204
[BTOR>check_sat] 0.008658 seconds
[runlim] end:			Tue May 12 04:17:21 2020
[runlim] status:		ok
[runlim] result:		0
[runlim] children:		0
[runlim] real:			0.29 seconds
[runlim] time:			0.00 seconds
[runlim] space:			0.0 MB
[runlim] samples:		0
[runlim] version:		1.10
[runlim] time limit:		311040000 seconds
[runlim] real time limit:	1200 seconds
[runlim] space limit:		15000 MB
[runlim] argv[0]:		/raid/steuber/Software/boolector/build/bin/boolector
[runlim] argv[1]:		/raid/steuber/Benchmarks/2019/QF_BV/Sage2/bench_7402.smt2
[runlim] start:			Tue May 12 04:17:21 2020
[runlim] main pid:		2208
[BTOR>check_sat] 2.741735 seconds
[runlim] end:			Tue May 12 04:17:24 2020
[runlim] status:		ok
[runlim] result:		0
[runlim] children:		0
[runlim] real:			3.53 seconds
[runlim] time:			3.15 seconds
[runlim] space:			332.3 MB
[runlim] samples:		32
[runlim] version:		1.10
[runlim] time limit:		311040000 seconds
[runlim] real time limit:	1200 seconds
[runlim] space limit:		15000 MB
[runlim] argv[0]:		/raid/steuber/Software/boolector/build/bin/boolector
[runlim] argv[1]:		/raid/steuber/Benchmarks/2019/QF_BV/sage/app7/bench_925.smt2
[runlim] start:			Tue May 12 04:17:24 2020
[runlim] main pid:		2214
[BTOR>check_sat] 0.000457 seconds
[runlim] end:			Tue May 12 04:17:26 2020
[runlim] status:		ok
[runlim] result:		0
[runlim] children:		0
[runlim] real:			2.37 seconds
[runlim] time:			1.78 seconds
[runlim] space:			60.4 MB
[runlim] samples:		18
[runlim] version:		1.10
[runlim] time limit:		311040000 seconds
[runlim] real time limit:	1200 seconds
[runlim] space limit:		15000 MB
[runlim] argv[0]:		/raid/steuber/Software/boolector/build/bin/boolector
[runlim] argv[1]:		/raid/steuber/Benchmarks/2019/QF_BV/Sage2/bench_9718.smt2
[runlim] start:			Tue May 12 04:17:26 2020
[runlim] main pid:		2218
[BTOR>check_sat] 2.752407 seconds
[runlim] end:			Tue May 12 04:17:29 2020
[runlim] status:		ok
[runlim] result:		0
[runlim] children:		0
[runlim] real:			3.63 seconds
[runlim] time:			3.16 seconds
[runlim] space:			332.4 MB
[runlim] samples:		32
[runlim] version:		1.10
[runlim] time limit:		311040000 seconds
[runlim] real time limit:	1200 seconds
[runlim] space limit:		15000 MB
[runlim] argv[0]:		/raid/steuber/Software/boolector/build/bin/boolector
[runlim] argv[1]:		/raid/steuber/Benchmarks/2019/QF_BV/sage/app7/bench_5580.smt2
[runlim] start:			Tue May 12 04:17:29 2020
[runlim] main pid:		2222
[BTOR>check_sat] 0.000140 seconds
[runlim] end:			Tue May 12 04:17:29 2020
[runlim] status:		ok
[runlim] result:		0
[runlim] children:		0
[runlim] real:			0.68 seconds
[runlim] time:			0.00 seconds
[runlim] space:			0.0 MB
[runlim] samples:		0
[runlim] version:		1.10
[runlim] time limit:		311040000 seconds
[runlim] real time limit:	1200 seconds
[runlim] space limit:		15000 MB
[runlim] argv[0]:		/raid/steuber/Software/boolector/build/bin/boolector
[runlim] argv[1]:		/raid/steuber/Benchmarks/2019/QF_BV/sage/app11/bench_502.smt2
[runlim] start:			Tue May 12 04:17:29 2020
[runlim] main pid:		2226
[BTOR>check_sat] 0.000277 seconds
[runlim] end:			Tue May 12 04:17:30 2020
[runlim] status:		ok
[runlim] result:		0
[runlim] children:		0
[runlim] real:			1.17 seconds
[runlim] time:			0.38 seconds
[runlim] space:			29.6 MB
[runlim] samples:		4
[runlim] version:		1.10
[runlim] time limit:		311040000 seconds
[runlim] real time limit:	1200 seconds
[runlim] space limit:		15000 MB
[runlim] argv[0]:		/raid/steuber/Software/boolector/build/bin/boolector
[runlim] argv[1]:		/raid/steuber/Benchmarks/2019/QF_BV/sage/app9/bench_2945.smt2
[runlim] start:			Tue May 12 04:17:30 2020
[runlim] main pid:		2230
[BTOR>check_sat] 0.000033 seconds
[runlim] end:			Tue May 12 04:17:30 2020
[runlim] status:		ok
[runlim] result:		0
[runlim] children:		0
[runlim] real:			0.19 seconds
[runlim] time:			0.00 seconds
[runlim] space:			0.0 MB
[runlim] samples:		0
[runlim] version:		1.10
[runlim] time limit:		311040000 seconds
[runlim] real time limit:	1200 seconds
[runlim] space limit:		15000 MB
[runlim] argv[0]:		/raid/steuber/Software/boolector/build/bin/boolector
[runlim] argv[1]:		/raid/steuber/Benchmarks/2019/QF_BV/Sage2/bench_12128.smt2
[runlim] start:			Tue May 12 04:17:30 2020
[runlim] main pid:		2234
[BTOR>check_sat] 0.219359 seconds
[runlim] end:			Tue May 12 04:17:30 2020
[runlim] status:		ok
[runlim] result:		0
[runlim] children:		0
[runlim] real:			0.44 seconds
[runlim] time:			0.17 seconds
[runlim] space:			4.3 MB
[runlim] samples:		2
[runlim] version:		1.10
[runlim] time limit:		311040000 seconds
[runlim] real time limit:	1200 seconds
[runlim] space limit:		15000 MB
[runlim] argv[0]:		/raid/steuber/Software/boolector/build/bin/boolector
[runlim] argv[1]:		/raid/steuber/Benchmarks/2019/QF_BV/sage/app7/bench_5932.smt2
[runlim] start:			Tue May 12 04:17:30 2020
[runlim] main pid:		2238
[BTOR>check_sat] 0.000081 seconds
[runlim] end:			Tue May 12 04:17:30 2020
[runlim] status:		ok
[runlim] result:		0
[runlim] children:		0
[runlim] real:			0.47 seconds
[runlim] time:			0.00 seconds
[runlim] space:			0.0 MB
[runlim] samples:		0
[runlim] version:		1.10
[runlim] time limit:		311040000 seconds
[runlim] real time limit:	1200 seconds
[runlim] space limit:		15000 MB
[runlim] argv[0]:		/raid/steuber/Software/boolector/build/bin/boolector
[runlim] argv[1]:		/raid/steuber/Benchmarks/2019/QF_BV/sage/app5/bench_1011.smt2
[runlim] start:			Tue May 12 04:17:30 2020
[runlim] main pid:		2242
[BTOR>check_sat] 0.148174 seconds
[runlim] end:			Tue May 12 04:17:30 2020
[runlim] status:		ok
[runlim] result:		0
[runlim] children:		0
[runlim] real:			0.64 seconds
[runlim] time:			0.08 seconds
[runlim] space:			9.0 MB
[runlim] samples:		1
[runlim] version:		1.10
[runlim] time limit:		311040000 seconds
[runlim] real time limit:	1200 seconds
[runlim] space limit:		15000 MB
[runlim] argv[0]:		/raid/steuber/Software/boolector/build/bin/boolector
[runlim] argv[1]:		/raid/steuber/Benchmarks/2019/QF_BV/Sage2/bench_12950.smt2
[runlim] start:			Tue May 12 04:17:30 2020
[runlim] main pid:		2246
[BTOR>check_sat] 1.643791 seconds
[runlim] end:			Tue May 12 04:17:32 2020
[runlim] status:		ok
[runlim] result:		0
[runlim] children:		0
[runlim] real:			2.65 seconds
[runlim] time:			1.98 seconds
[runlim] space:			14.9 MB
[runlim] samples:		20
[runlim] version:		1.10
[runlim] time limit:		311040000 seconds
[runlim] real time limit:	1200 seconds
[runlim] space limit:		15000 MB
[runlim] argv[0]:		/raid/steuber/Software/boolector/build/bin/boolector
[runlim] argv[1]:		/raid/steuber/Benchmarks/2019/QF_BV/sage/app7/bench_4431.smt2
[runlim] start:			Tue May 12 04:17:32 2020
[runlim] main pid:		2251
[BTOR>check_sat] 0.000645 seconds
[runlim] end:			Tue May 12 04:17:32 2020
[runlim] status:		ok
[runlim] result:		0
[runlim] children:		0
[runlim] real:			0.82 seconds
[runlim] time:			0.07 seconds
[runlim] space:			6.4 MB
[runlim] samples:		1
[runlim] version:		1.10
[runlim] time limit:		311040000 seconds
[runlim] real time limit:	1200 seconds
[runlim] space limit:		15000 MB
[runlim] argv[0]:		/raid/steuber/Software/boolector/build/bin/boolector
[runlim] argv[1]:		/raid/steuber/Benchmarks/2019/QF_BV/sage/app11/bench_200.smt2
[runlim] start:			Tue May 12 04:17:32 2020
[runlim] main pid:		2255
[BTOR>check_sat] 0.000278 seconds
[runlim] end:			Tue May 12 04:17:33 2020
[runlim] status:		ok
[runlim] result:		0
[runlim] children:		0
[runlim] real:			1.33 seconds
[runlim] time:			0.45 seconds
[runlim] space:			28.6 MB
[runlim] samples:		5
[runlim] version:		1.10
[runlim] time limit:		311040000 seconds
[runlim] real time limit:	1200 seconds
[runlim] space limit:		15000 MB
[runlim] argv[0]:		/raid/steuber/Software/boolector/build/bin/boolector
[runlim] argv[1]:		/raid/steuber/Benchmarks/2019/QF_BV/sage/app7/bench_5276.smt2
[runlim] start:			Tue May 12 04:17:33 2020
[runlim] main pid:		2260
[BTOR>check_sat] 0.000185 seconds
[runlim] end:			Tue May 12 04:17:33 2020
[runlim] status:		ok
[runlim] result:		0
[runlim] children:		0
[runlim] real:			0.41 seconds
[runlim] time:			0.00 seconds
[runlim] space:			0.0 MB
[runlim] samples:		0
[runlim] version:		1.10
[runlim] time limit:		311040000 seconds
[runlim] real time limit:	1200 seconds
[runlim] space limit:		15000 MB
[runlim] argv[0]:		/raid/steuber/Software/boolector/build/bin/boolector
[runlim] argv[1]:		/raid/steuber/Benchmarks/2019/QF_BV/sage/app7/bench_5756.smt2
[runlim] start:			Tue May 12 04:17:33 2020
[runlim] main pid:		2264
[BTOR>check_sat] 0.000112 seconds
[runlim] end:			Tue May 12 04:17:33 2020
[runlim] status:		ok
[runlim] result:		0
[runlim] children:		0
[runlim] real:			0.45 seconds
[runlim] time:			0.00 seconds
[runlim] space:			0.0 MB
[runlim] samples:		0
[runlim] version:		1.10
[runlim] time limit:		311040000 seconds
[runlim] real time limit:	1200 seconds
[runlim] space limit:		15000 MB
[runlim] argv[0]:		/raid/steuber/Software/boolector/build/bin/boolector
[runlim] argv[1]:		/raid/steuber/Benchmarks/2019/QF_BV/sage/app1/bench_2564.smt2
[runlim] start:			Tue May 12 04:17:33 2020
[runlim] main pid:		2268
[BTOR>check_sat] 0.007415 seconds
[runlim] end:			Tue May 12 04:17:33 2020
[runlim] status:		ok
[runlim] result:		0
[runlim] children:		0
[runlim] real:			0.48 seconds
[runlim] time:			0.00 seconds
[runlim] space:			0.0 MB
[runlim] samples:		0
[runlim] version:		1.10
[runlim] time limit:		311040000 seconds
[runlim] real time limit:	1200 seconds
[runlim] space limit:		15000 MB
[runlim] argv[0]:		/raid/steuber/Software/boolector/build/bin/boolector
[runlim] argv[1]:		/raid/steuber/Benchmarks/2019/QF_BV/Sage2/bench_10673.smt2
[runlim] start:			Tue May 12 04:17:33 2020
[runlim] main pid:		2272
[BTOR>check_sat] 0.797008 seconds
[runlim] end:			Tue May 12 04:17:34 2020
[runlim] status:		ok
[runlim] result:		0
[runlim] children:		0
[runlim] real:			1.30 seconds
[runlim] time:			0.79 seconds
[runlim] space:			8.4 MB
[runlim] samples:		8
[runlim] version:		1.10
[runlim] time limit:		311040000 seconds
[runlim] real time limit:	1200 seconds
[runlim] space limit:		15000 MB
[runlim] argv[0]:		/raid/steuber/Software/boolector/build/bin/boolector
[runlim] argv[1]:		/raid/steuber/Benchmarks/2019/QF_BV/sage/app7/bench_1711.smt2
[runlim] start:			Tue May 12 04:17:34 2020
[runlim] main pid:		2276
[BTOR>check_sat] 0.000184 seconds
[runlim] end:			Tue May 12 04:17:34 2020
[runlim] status:		ok
[runlim] result:		0
[runlim] children:		0
[runlim] real:			0.80 seconds
[runlim] time:			0.36 seconds
[runlim] space:			21.3 MB
[runlim] samples:		4
[runlim] version:		1.10
[runlim] time limit:		311040000 seconds
[runlim] real time limit:	1200 seconds
[runlim] space limit:		15000 MB
[runlim] argv[0]:		/raid/steuber/Software/boolector/build/bin/boolector
[runlim] argv[1]:		/raid/steuber/Benchmarks/2019/QF_BV/Sage2/bench_4418.smt2
[runlim] start:			Tue May 12 04:17:34 2020
[runlim] main pid:		2280
[BTOR>check_sat] 0.150199 seconds
[runlim] end:			Tue May 12 04:17:34 2020
[runlim] status:		ok
[runlim] result:		0
[runlim] children:		0
[runlim] real:			0.98 seconds
[runlim] time:			0.07 seconds
[runlim] space:			3.2 MB
[runlim] samples:		1
[runlim] version:		1.10
[runlim] time limit:		311040000 seconds
[runlim] real time limit:	1200 seconds
[runlim] space limit:		15000 MB
[runlim] argv[0]:		/raid/steuber/Software/boolector/build/bin/boolector
[runlim] argv[1]:		/raid/steuber/Benchmarks/2019/QF_BV/sage/app1/bench_2506.smt2
[runlim] start:			Tue May 12 04:17:34 2020
[runlim] main pid:		2284
[BTOR>check_sat] 0.008350 seconds
[runlim] end:			Tue May 12 04:17:35 2020
[runlim] status:		ok
[runlim] result:		0
[runlim] children:		0
[runlim] real:			1.01 seconds
[runlim] time:			0.00 seconds
[runlim] space:			0.0 MB
[runlim] samples:		0
[runlim] version:		1.10
[runlim] time limit:		311040000 seconds
[runlim] real time limit:	1200 seconds
[runlim] space limit:		15000 MB
[runlim] argv[0]:		/raid/steuber/Software/boolector/build/bin/boolector
[runlim] argv[1]:		/raid/steuber/Benchmarks/2019/QF_BV/Sage2/bench_13438.smt2
[runlim] start:			Tue May 12 04:17:35 2020
[runlim] main pid:		2288
[runlim] sample:		10.0 time, 10.0 real, 16.2 MB
[runlim] sample:		20.0 time, 20.0 real, 16.4 MB
[runlim] sample:		30.0 time, 30.0 real, 21.5 MB
[BTOR>check_sat] 36.993442 seconds
[runlim] end:			Tue May 12 04:18:12 2020
[runlim] status:		ok
[runlim] result:		0
[runlim] children:		0
[runlim] real:			37.04 seconds
[runlim] time:			36.98 seconds
[runlim] space:			23.9 MB
[runlim] samples:		370
[runlim] version:		1.10
[runlim] time limit:		311040000 seconds
[runlim] real time limit:	1200 seconds
[runlim] space limit:		15000 MB
[runlim] argv[0]:		/raid/steuber/Software/boolector/build/bin/boolector
[runlim] argv[1]:		/raid/steuber/Benchmarks/2019/QF_BV/sage/app2/bench_320.smt2
[runlim] start:			Tue May 12 04:18:12 2020
[runlim] main pid:		2298
[BTOR>check_sat] 0.022318 seconds
[runlim] end:			Tue May 12 04:18:12 2020
[runlim] status:		ok
[runlim] result:		0
[runlim] children:		0
[runlim] real:			0.08 seconds
[runlim] time:			0.00 seconds
[runlim] space:			0.0 MB
[runlim] samples:		0
[runlim] version:		1.10
[runlim] time limit:		311040000 seconds
[runlim] real time limit:	1200 seconds
[runlim] space limit:		15000 MB
[runlim] argv[0]:		/raid/steuber/Software/boolector/build/bin/boolector
[runlim] argv[1]:		/raid/steuber/Benchmarks/2019/QF_BV/Sage2/bench_16149.smt2
[runlim] start:			Tue May 12 04:18:12 2020
[runlim] main pid:		2302
[BTOR>check_sat] 0.316326 seconds
[runlim] end:			Tue May 12 04:18:12 2020
[runlim] status:		ok
[runlim] result:		0
[runlim] children:		0
[runlim] real:			0.42 seconds
[runlim] time:			0.28 seconds
[runlim] space:			6.9 MB
[runlim] samples:		3
[runlim] version:		1.10
[runlim] time limit:		311040000 seconds
[runlim] real time limit:	1200 seconds
[runlim] space limit:		15000 MB
[runlim] argv[0]:		/raid/steuber/Software/boolector/build/bin/boolector
[runlim] argv[1]:		/raid/steuber/Benchmarks/2019/QF_BV/Sage2/bench_8289.smt2
[runlim] start:			Tue May 12 04:18:12 2020
[runlim] main pid:		2306
[BTOR>check_sat] 2.758906 seconds
[runlim] end:			Tue May 12 04:18:15 2020
[runlim] status:		ok
[runlim] result:		0
[runlim] children:		0
[runlim] real:			3.70 seconds
[runlim] time:			3.16 seconds
[runlim] space:			332.6 MB
[runlim] samples:		32
[runlim] version:		1.10
[runlim] time limit:		311040000 seconds
[runlim] real time limit:	1200 seconds
[runlim] space limit:		15000 MB
[runlim] argv[0]:		/raid/steuber/Software/boolector/build/bin/boolector
[runlim] argv[1]:		/raid/steuber/Benchmarks/2019/QF_BV/sage/app7/bench_1418.smt2
[runlim] start:			Tue May 12 04:18:15 2020
[runlim] main pid:		2310
[BTOR>check_sat] 0.000177 seconds
[runlim] end:			Tue May 12 04:18:16 2020
[runlim] status:		ok
[runlim] result:		0
[runlim] children:		0
[runlim] real:			1.31 seconds
[runlim] time:			0.55 seconds
[runlim] space:			25.5 MB
[runlim] samples:		6
[runlim] version:		1.10
[runlim] time limit:		311040000 seconds
[runlim] real time limit:	1200 seconds
[runlim] space limit:		15000 MB
[runlim] argv[0]:		/raid/steuber/Software/boolector/build/bin/boolector
[runlim] argv[1]:		/raid/steuber/Benchmarks/2019/QF_BV/Sage2/bench_11055.smt2
[runlim] start:			Tue May 12 04:18:16 2020
[runlim] main pid:		2314
[BTOR>check_sat] 0.225779 seconds
[runlim] end:			Tue May 12 04:18:16 2020
[runlim] status:		ok
[runlim] result:		0
[runlim] children:		0
[runlim] real:			0.56 seconds
[runlim] time:			0.18 seconds
[runlim] space:			4.3 MB
[runlim] samples:		2
[runlim] version:		1.10
[runlim] time limit:		311040000 seconds
[runlim] real time limit:	1200 seconds
[runlim] space limit:		15000 MB
[runlim] argv[0]:		/raid/steuber/Software/boolector/build/bin/boolector
[runlim] argv[1]:		/raid/steuber/Benchmarks/2019/QF_BV/sage/app7/bench_320.smt2
[runlim] start:			Tue May 12 04:18:16 2020
[runlim] main pid:		2318
[BTOR>check_sat] 0.000210 seconds
[runlim] end:			Tue May 12 04:18:17 2020
[runlim] status:		ok
[runlim] result:		0
[runlim] children:		0
[runlim] real:			1.91 seconds
[runlim] time:			1.26 seconds
[runlim] space:			44.4 MB
[runlim] samples:		13
[runlim] version:		1.10
[runlim] time limit:		311040000 seconds
[runlim] real time limit:	1200 seconds
[runlim] space limit:		15000 MB
[runlim] argv[0]:		/raid/steuber/Software/boolector/build/bin/boolector
[runlim] argv[1]:		/raid/steuber/Benchmarks/2019/QF_BV/sage/app11/bench_17.smt2
[runlim] start:			Tue May 12 04:18:17 2020
[runlim] main pid:		2322
[BTOR>check_sat] 0.000267 seconds
[runlim] end:			Tue May 12 04:18:18 2020
[runlim] status:		ok
[runlim] result:		0
[runlim] children:		0
[runlim] real:			1.42 seconds
[runlim] time:			0.46 seconds
[runlim] space:			28.9 MB
[runlim] samples:		5
[runlim] version:		1.10
[runlim] time limit:		311040000 seconds
[runlim] real time limit:	1200 seconds
[runlim] space limit:		15000 MB
[runlim] argv[0]:		/raid/steuber/Software/boolector/build/bin/boolector
[runlim] argv[1]:		/raid/steuber/Benchmarks/2019/QF_BV/Sage2/bench_15407.smt2
[runlim] start:			Tue May 12 04:18:18 2020
[runlim] main pid:		2326
[runlim] sample:		10.0 time, 10.4 real, 37.1 MB
[BTOR>check_sat] 14.640934 seconds
[runlim] end:			Tue May 12 04:18:33 2020
[runlim] status:		ok
[runlim] result:		0
[runlim] children:		0
[runlim] real:			15.13 seconds
[runlim] time:			14.67 seconds
[runlim] space:			39.9 MB
[runlim] samples:		147
[runlim] version:		1.10
[runlim] time limit:		311040000 seconds
[runlim] real time limit:	1200 seconds
[runlim] space limit:		15000 MB
[runlim] argv[0]:		/raid/steuber/Software/boolector/build/bin/boolector
[runlim] argv[1]:		/raid/steuber/Benchmarks/2019/QF_BV/Sage2/bench_15508.smt2
[runlim] start:			Tue May 12 04:18:33 2020
[runlim] main pid:		2333
[BTOR>check_sat] 5.991033 seconds
[runlim] end:			Tue May 12 04:18:39 2020
[runlim] status:		ok
[runlim] result:		0
[runlim] children:		0
[runlim] real:			6.22 seconds
[runlim] time:			5.97 seconds
[runlim] space:			60.4 MB
[runlim] samples:		60
[runlim] version:		1.10
[runlim] time limit:		311040000 seconds
[runlim] real time limit:	1200 seconds
[runlim] space limit:		15000 MB
[runlim] argv[0]:		/raid/steuber/Software/boolector/build/bin/boolector
[runlim] argv[1]:		/raid/steuber/Benchmarks/2019/QF_BV/Sage2/bench_16078.smt2
[runlim] start:			Tue May 12 04:18:39 2020
[runlim] main pid:		2337
[BTOR>check_sat] 0.158078 seconds
[runlim] end:			Tue May 12 04:18:39 2020
[runlim] status:		ok
[runlim] result:		0
[runlim] children:		0
[runlim] real:			0.40 seconds
[runlim] time:			0.08 seconds
[runlim] space:			3.3 MB
[runlim] samples:		1
[runlim] version:		1.10
[runlim] time limit:		311040000 seconds
[runlim] real time limit:	1200 seconds
[runlim] space limit:		15000 MB
[runlim] argv[0]:		/raid/steuber/Software/boolector/build/bin/boolector
[runlim] argv[1]:		/raid/steuber/Benchmarks/2019/QF_BV/sage/app7/bench_3742.smt2
[runlim] start:			Tue May 12 04:18:39 2020
[runlim] main pid:		2341
[BTOR>check_sat] 0.000570 seconds
[runlim] end:			Tue May 12 04:18:39 2020
[runlim] status:		ok
[runlim] result:		0
[runlim] children:		0
[runlim] real:			0.60 seconds
[runlim] time:			0.08 seconds
[runlim] space:			6.7 MB
[runlim] samples:		1
[runlim] version:		1.10
[runlim] time limit:		311040000 seconds
[runlim] real time limit:	1200 seconds
[runlim] space limit:		15000 MB
[runlim] argv[0]:		/raid/steuber/Software/boolector/build/bin/boolector
[runlim] argv[1]:		/raid/steuber/Benchmarks/2019/QF_BV/sage/app12/bench_5319.smt2
[runlim] start:			Tue May 12 04:18:39 2020
[runlim] main pid:		2345
[BTOR>check_sat] 0.000271 seconds
[runlim] end:			Tue May 12 04:18:39 2020
[runlim] status:		ok
[runlim] result:		0
[runlim] children:		0
[runlim] real:			0.62 seconds
[runlim] time:			0.00 seconds
[runlim] space:			0.0 MB
[runlim] samples:		0
[runlim] version:		1.10
[runlim] time limit:		311040000 seconds
[runlim] real time limit:	1200 seconds
[runlim] space limit:		15000 MB
[runlim] argv[0]:		/raid/steuber/Software/boolector/build/bin/boolector
[runlim] argv[1]:		/raid/steuber/Benchmarks/2019/QF_BV/sage/app12/bench_2044.smt2
[runlim] start:			Tue May 12 04:18:39 2020
[runlim] main pid:		2349
[BTOR>check_sat] 0.000021 seconds
[runlim] end:			Tue May 12 04:18:39 2020
[runlim] status:		ok
[runlim] result:		0
[runlim] children:		0
[runlim] real:			0.64 seconds
[runlim] time:			0.00 seconds
[runlim] space:			0.0 MB
[runlim] samples:		0
[runlim] version:		1.10
[runlim] time limit:		311040000 seconds
[runlim] real time limit:	1200 seconds
[runlim] space limit:		15000 MB
[runlim] argv[0]:		/raid/steuber/Software/boolector/build/bin/boolector
[runlim] argv[1]:		/raid/steuber/Benchmarks/2019/QF_BV/Sage2/bench_17547.smt2
[runlim] start:			Tue May 12 04:18:39 2020
[runlim] main pid:		2353
[BTOR>check_sat] 4.154350 seconds
[runlim] end:			Tue May 12 04:18:43 2020
[runlim] status:		ok
[runlim] result:		0
[runlim] children:		0
[runlim] real:			4.86 seconds
[runlim] time:			4.16 seconds
[runlim] space:			13.9 MB
[runlim] samples:		42
[runlim] version:		1.10
[runlim] time limit:		311040000 seconds
[runlim] real time limit:	1200 seconds
[runlim] space limit:		15000 MB
[runlim] argv[0]:		/raid/steuber/Software/boolector/build/bin/boolector
[runlim] argv[1]:		/raid/steuber/Benchmarks/2019/QF_BV/Sage2/bench_16560.smt2
[runlim] start:			Tue May 12 04:18:43 2020
[runlim] main pid:		2359
[BTOR>check_sat] 0.131726 seconds
[runlim] end:			Tue May 12 04:18:44 2020
[runlim] status:		ok
[runlim] result:		0
[runlim] children:		0
[runlim] real:			1.01 seconds
[runlim] time:			0.08 seconds
[runlim] space:			3.4 MB
[runlim] samples:		1
[runlim] version:		1.10
[runlim] time limit:		311040000 seconds
[runlim] real time limit:	1200 seconds
[runlim] space limit:		15000 MB
[runlim] argv[0]:		/raid/steuber/Software/boolector/build/bin/boolector
[runlim] argv[1]:		/raid/steuber/Benchmarks/2019/QF_BV/Sage2/bench_6589.smt2
[runlim] start:			Tue May 12 04:18:44 2020
[runlim] main pid:		2363
[BTOR>check_sat] 5.316760 seconds
[runlim] end:			Tue May 12 04:18:49 2020
[runlim] status:		ok
[runlim] result:		0
[runlim] children:		0
[runlim] real:			5.39 seconds
[runlim] time:			5.25 seconds
[runlim] space:			28.0 MB
[runlim] samples:		53
[runlim] version:		1.10
[runlim] time limit:		311040000 seconds
[runlim] real time limit:	1200 seconds
[runlim] space limit:		15000 MB
[runlim] argv[0]:		/raid/steuber/Software/boolector/build/bin/boolector
[runlim] argv[1]:		/raid/steuber/Benchmarks/2019/QF_BV/sage/app7/bench_2124.smt2
[runlim] start:			Tue May 12 04:18:49 2020
[runlim] main pid:		2369
[BTOR>check_sat] 0.000156 seconds
[runlim] end:			Tue May 12 04:18:49 2020
[runlim] status:		ok
[runlim] result:		0
[runlim] children:		0
[runlim] real:			0.70 seconds
[runlim] time:			0.26 seconds
[runlim] space:			14.0 MB
[runlim] samples:		3
[runlim] version:		1.10
[runlim] time limit:		311040000 seconds
[runlim] real time limit:	1200 seconds
[runlim] space limit:		15000 MB
[runlim] argv[0]:		/raid/steuber/Software/boolector/build/bin/boolector
[runlim] argv[1]:		/raid/steuber/Benchmarks/2019/QF_BV/sage/app7/bench_3485.smt2
[runlim] start:			Tue May 12 04:18:49 2020
[runlim] main pid:		2373
[BTOR>check_sat] 0.000746 seconds
[runlim] end:			Tue May 12 04:18:49 2020
[runlim] status:		ok
[runlim] result:		0
[runlim] children:		0
[runlim] real:			0.93 seconds
[runlim] time:			0.16 seconds
[runlim] space:			11.5 MB
[runlim] samples:		2
[runlim] version:		1.10
[runlim] time limit:		311040000 seconds
[runlim] real time limit:	1200 seconds
[runlim] space limit:		15000 MB
[runlim] argv[0]:		/raid/steuber/Software/boolector/build/bin/boolector
[runlim] argv[1]:		/raid/steuber/Benchmarks/2019/QF_BV/20190311-bv-term-small-rw-Noetzli/bv-term-small-rw_899.smt2
[runlim] start:			Tue May 12 04:18:49 2020
[runlim] main pid:		2377
[BTOR>check_sat] 0.130052 seconds
[runlim] end:			Tue May 12 04:18:50 2020
[runlim] status:		ok
[runlim] result:		0
[runlim] children:		0
[runlim] real:			1.07 seconds
[runlim] time:			0.08 seconds
[runlim] space:			3.6 MB
[runlim] samples:		1
[runlim] version:		1.10
[runlim] time limit:		311040000 seconds
[runlim] real time limit:	1200 seconds
[runlim] space limit:		15000 MB
[runlim] argv[0]:		/raid/steuber/Software/boolector/build/bin/boolector
[runlim] argv[1]:		/raid/steuber/Benchmarks/2019/QF_BV/Sage2/bench_1804.smt2
[runlim] start:			Tue May 12 04:18:50 2020
[runlim] main pid:		2381
[BTOR>check_sat] 1.719775 seconds
[runlim] end:			Tue May 12 04:18:51 2020
[runlim] status:		ok
[runlim] result:		0
[runlim] children:		0
[runlim] real:			1.82 seconds
[runlim] time:			1.69 seconds
[runlim] space:			18.5 MB
[runlim] samples:		17
[runlim] version:		1.10
[runlim] time limit:		311040000 seconds
[runlim] real time limit:	1200 seconds
[runlim] space limit:		15000 MB
[runlim] argv[0]:		/raid/steuber/Software/boolector/build/bin/boolector
[runlim] argv[1]:		/raid/steuber/Benchmarks/2019/QF_BV/Sage2/bench_15733.smt2
[runlim] start:			Tue May 12 04:18:51 2020
[runlim] main pid:		2386
[BTOR>check_sat] 0.839798 seconds
[runlim] end:			Tue May 12 04:18:52 2020
[runlim] status:		ok
[runlim] result:		0
[runlim] children:		0
[runlim] real:			1.78 seconds
[runlim] time:			0.78 seconds
[runlim] space:			8.5 MB
[runlim] samples:		9
[runlim] version:		1.10
[runlim] time limit:		311040000 seconds
[runlim] real time limit:	1200 seconds
[runlim] space limit:		15000 MB
[runlim] argv[0]:		/raid/steuber/Software/boolector/build/bin/boolector
[runlim] argv[1]:		/raid/steuber/Benchmarks/2019/QF_BV/sage/app9/bench_675.smt2
[runlim] start:			Tue May 12 04:18:52 2020
[runlim] main pid:		2390
[BTOR>check_sat] 0.000021 seconds
[runlim] end:			Tue May 12 04:18:52 2020
[runlim] status:		ok
[runlim] result:		0
[runlim] children:		0
[runlim] real:			0.80 seconds
[runlim] time:			0.00 seconds
[runlim] space:			0.0 MB
[runlim] samples:		0
[runlim] version:		1.10
[runlim] time limit:		311040000 seconds
[runlim] real time limit:	1200 seconds
[runlim] space limit:		15000 MB
[runlim] argv[0]:		/raid/steuber/Software/boolector/build/bin/boolector
[runlim] argv[1]:		/raid/steuber/Benchmarks/2019/QF_BV/Sage2/bench_9952.smt2
[runlim] start:			Tue May 12 04:18:52 2020
[runlim] main pid:		2394
[BTOR>check_sat] 2.817893 seconds
[runlim] end:			Tue May 12 04:18:56 2020
[runlim] status:		ok
[runlim] result:		0
[runlim] children:		0
[runlim] real:			4.11 seconds
[runlim] time:			3.27 seconds
[runlim] space:			397.2 MB
[runlim] samples:		33
[runlim] version:		1.10
[runlim] time limit:		311040000 seconds
[runlim] real time limit:	1200 seconds
[runlim] space limit:		15000 MB
[runlim] argv[0]:		/raid/steuber/Software/boolector/build/bin/boolector
[runlim] argv[1]:		/raid/steuber/Benchmarks/2019/QF_BV/sage/app1/bench_437.smt2
[runlim] start:			Tue May 12 04:18:56 2020
[runlim] main pid:		2398
[BTOR>check_sat] 0.002913 seconds
[runlim] end:			Tue May 12 04:18:56 2020
[runlim] status:		ok
[runlim] result:		0
[runlim] children:		0
[runlim] real:			0.12 seconds
[runlim] time:			0.00 seconds
[runlim] space:			0.0 MB
[runlim] samples:		0
[runlim] version:		1.10
[runlim] time limit:		311040000 seconds
[runlim] real time limit:	1200 seconds
[runlim] space limit:		15000 MB
[runlim] argv[0]:		/raid/steuber/Software/boolector/build/bin/boolector
[runlim] argv[1]:		/raid/steuber/Benchmarks/2019/QF_BV/sage/app7/bench_6490.smt2
[runlim] start:			Tue May 12 04:18:56 2020
[runlim] main pid:		2402
[BTOR>check_sat] 0.006522 seconds
[runlim] end:			Tue May 12 04:18:56 2020
[runlim] status:		ok
[runlim] result:		0
[runlim] children:		0
[runlim] real:			0.15 seconds
[runlim] time:			0.00 seconds
[runlim] space:			0.0 MB
[runlim] samples:		0
[runlim] version:		1.10
[runlim] time limit:		311040000 seconds
[runlim] real time limit:	1200 seconds
[runlim] space limit:		15000 MB
[runlim] argv[0]:		/raid/steuber/Software/boolector/build/bin/boolector
[runlim] argv[1]:		/raid/steuber/Benchmarks/2019/QF_BV/Sage2/bench_16430.smt2
[runlim] start:			Tue May 12 04:18:56 2020
[runlim] main pid:		2406
[BTOR>check_sat] 1.386735 seconds
[runlim] end:			Tue May 12 04:18:57 2020
[runlim] status:		ok
[runlim] result:		0
[runlim] children:		0
[runlim] real:			1.60 seconds
[runlim] time:			1.38 seconds
[runlim] space:			10.7 MB
[runlim] samples:		14
[runlim] version:		1.10
[runlim] time limit:		311040000 seconds
[runlim] real time limit:	1200 seconds
[runlim] space limit:		15000 MB
[runlim] argv[0]:		/raid/steuber/Software/boolector/build/bin/boolector
[runlim] argv[1]:		/raid/steuber/Benchmarks/2019/QF_BV/sage/app1/bench_2294.smt2
[runlim] start:			Tue May 12 04:18:57 2020
[runlim] main pid:		2410
[BTOR>check_sat] 0.389370 seconds
[runlim] end:			Tue May 12 04:18:58 2020
[runlim] status:		ok
[runlim] result:		0
[runlim] children:		0
[runlim] real:			1.05 seconds
[runlim] time:			0.37 seconds
[runlim] space:			55.0 MB
[runlim] samples:		4
[runlim] version:		1.10
[runlim] time limit:		311040000 seconds
[runlim] real time limit:	1200 seconds
[runlim] space limit:		15000 MB
[runlim] argv[0]:		/raid/steuber/Software/boolector/build/bin/boolector
[runlim] argv[1]:		/raid/steuber/Benchmarks/2019/QF_BV/sage/app7/bench_166.smt2
[runlim] start:			Tue May 12 04:18:58 2020
[runlim] main pid:		2414
[BTOR>check_sat] 0.000214 seconds
[runlim] end:			Tue May 12 04:18:59 2020
[runlim] status:		ok
[runlim] result:		0
[runlim] children:		0
[runlim] real:			1.43 seconds
[runlim] time:			1.27 seconds
[runlim] space:			45.7 MB
[runlim] samples:		13
[runlim] version:		1.10
[runlim] time limit:		311040000 seconds
[runlim] real time limit:	1200 seconds
[runlim] space limit:		15000 MB
[runlim] argv[0]:		/raid/steuber/Software/boolector/build/bin/boolector
[runlim] argv[1]:		/raid/steuber/Benchmarks/2019/QF_BV/sage/app2/bench_1043.smt2
[runlim] start:			Tue May 12 04:18:59 2020
[runlim] main pid:		2418
[BTOR>check_sat] 0.000068 seconds
[runlim] end:			Tue May 12 04:18:59 2020
[runlim] status:		ok
[runlim] result:		0
[runlim] children:		0
[runlim] real:			0.47 seconds
[runlim] time:			0.00 seconds
[runlim] space:			0.0 MB
[runlim] samples:		0
[runlim] version:		1.10
[runlim] time limit:		311040000 seconds
[runlim] real time limit:	1200 seconds
[runlim] space limit:		15000 MB
[runlim] argv[0]:		/raid/steuber/Software/boolector/build/bin/boolector
[runlim] argv[1]:		/raid/steuber/Benchmarks/2019/QF_BV/sage/app5/bench_373.smt2
[runlim] start:			Tue May 12 04:18:59 2020
[runlim] main pid:		2422
[BTOR>check_sat] 0.115445 seconds
[runlim] end:			Tue May 12 04:18:59 2020
[runlim] status:		ok
[runlim] result:		0
[runlim] children:		0
[runlim] real:			0.61 seconds
[runlim] time:			0.07 seconds
[runlim] space:			5.3 MB
[runlim] samples:		1
[runlim] version:		1.10
[runlim] time limit:		311040000 seconds
[runlim] real time limit:	1200 seconds
[runlim] space limit:		15000 MB
[runlim] argv[0]:		/raid/steuber/Software/boolector/build/bin/boolector
[runlim] argv[1]:		/raid/steuber/Benchmarks/2019/QF_BV/sage/app8/bench_257.smt2
[runlim] start:			Tue May 12 04:18:59 2020
[runlim] main pid:		2426
[BTOR>check_sat] 0.159939 seconds
[runlim] end:			Tue May 12 04:18:59 2020
[runlim] status:		ok
[runlim] result:		0
[runlim] children:		0
[runlim] real:			0.81 seconds
[runlim] time:			0.08 seconds
[runlim] space:			11.7 MB
[runlim] samples:		1
[runlim] version:		1.10
[runlim] time limit:		311040000 seconds
[runlim] real time limit:	1200 seconds
[runlim] space limit:		15000 MB
[runlim] argv[0]:		/raid/steuber/Software/boolector/build/bin/boolector
[runlim] argv[1]:		/raid/steuber/Benchmarks/2019/QF_BV/Sage2/bench_6716.smt2
[runlim] start:			Tue May 12 04:18:59 2020
[runlim] main pid:		2430
[BTOR>check_sat] 0.113772 seconds
[runlim] end:			Tue May 12 04:18:59 2020
[runlim] status:		ok
[runlim] result:		0
[runlim] children:		0
[runlim] real:			0.94 seconds
[runlim] time:			0.09 seconds
[runlim] space:			3.4 MB
[runlim] samples:		1
[runlim] version:		1.10
[runlim] time limit:		311040000 seconds
[runlim] real time limit:	1200 seconds
[runlim] space limit:		15000 MB
[runlim] argv[0]:		/raid/steuber/Software/boolector/build/bin/boolector
[runlim] argv[1]:		/raid/steuber/Benchmarks/2019/QF_BV/sage/app7/bench_568.smt2
[runlim] start:			Tue May 12 04:18:59 2020
[runlim] main pid:		2434
[BTOR>check_sat] 0.000198 seconds
[runlim] end:			Tue May 12 04:19:01 2020
[runlim] status:		ok
[runlim] result:		0
[runlim] children:		0
[runlim] real:			2.25 seconds
[runlim] time:			1.27 seconds
[runlim] space:			42.9 MB
[runlim] samples:		13
[runlim] version:		1.10
[runlim] time limit:		311040000 seconds
[runlim] real time limit:	1200 seconds
[runlim] space limit:		15000 MB
[runlim] argv[0]:		/raid/steuber/Software/boolector/build/bin/boolector
[runlim] argv[1]:		/raid/steuber/Benchmarks/2019/QF_BV/sage/app5/bench_372.smt2
[runlim] start:			Tue May 12 04:19:01 2020
[runlim] main pid:		2438
[BTOR>check_sat] 0.111905 seconds
[runlim] end:			Tue May 12 04:19:01 2020
[runlim] status:		ok
[runlim] result:		0
[runlim] children:		0
[runlim] real:			0.38 seconds
[runlim] time:			0.08 seconds
[runlim] space:			5.1 MB
[runlim] samples:		1
[runlim] version:		1.10
[runlim] time limit:		311040000 seconds
[runlim] real time limit:	1200 seconds
[runlim] space limit:		15000 MB
[runlim] argv[0]:		/raid/steuber/Software/boolector/build/bin/boolector
[runlim] argv[1]:		/raid/steuber/Benchmarks/2019/QF_BV/sage/app1/bench_1947.smt2
[runlim] start:			Tue May 12 04:19:01 2020
[runlim] main pid:		2442
[BTOR>check_sat] 0.410270 seconds
[runlim] end:			Tue May 12 04:19:01 2020
[runlim] status:		ok
[runlim] result:		0
[runlim] children:		0
[runlim] real:			0.86 seconds
[runlim] time:			0.37 seconds
[runlim] space:			55.2 MB
[runlim] samples:		4
[runlim] version:		1.10
[runlim] time limit:		311040000 seconds
[runlim] real time limit:	1200 seconds
[runlim] space limit:		15000 MB
[runlim] argv[0]:		/raid/steuber/Software/boolector/build/bin/boolector
[runlim] argv[1]:		/raid/steuber/Benchmarks/2019/QF_BV/sage/app2/bench_291.smt2
[runlim] start:			Tue May 12 04:19:01 2020
[runlim] main pid:		2446
[BTOR>check_sat] 0.878028 seconds
[runlim] end:			Tue May 12 04:19:02 2020
[runlim] status:		ok
[runlim] result:		0
[runlim] children:		0
[runlim] real:			1.76 seconds
[runlim] time:			0.78 seconds
[runlim] space:			8.3 MB
[runlim] samples:		8
[runlim] version:		1.10
[runlim] time limit:		311040000 seconds
[runlim] real time limit:	1200 seconds
[runlim] space limit:		15000 MB
[runlim] argv[0]:		/raid/steuber/Software/boolector/build/bin/boolector
[runlim] argv[1]:		/raid/steuber/Benchmarks/2019/QF_BV/sage/app7/bench_8014.smt2
[runlim] start:			Tue May 12 04:19:02 2020
[runlim] main pid:		2450
[BTOR>check_sat] 0.000260 seconds
[runlim] end:			Tue May 12 04:19:04 2020
[runlim] status:		ok
[runlim] result:		0
[runlim] children:		0
[runlim] real:			2.14 seconds
[runlim] time:			1.27 seconds
[runlim] space:			46.2 MB
[runlim] samples:		13
[runlim] version:		1.10
[runlim] time limit:		311040000 seconds
[runlim] real time limit:	1200 seconds
[runlim] space limit:		15000 MB
[runlim] argv[0]:		/raid/steuber/Software/boolector/build/bin/boolector
[runlim] argv[1]:		/raid/steuber/Benchmarks/2019/QF_BV/Sage2/bench_1738.smt2
[runlim] start:			Tue May 12 04:19:04 2020
[runlim] main pid:		2454
[runlim] sample:		10.0 time, 10.2 real, 22.4 MB
[BTOR>check_sat] 10.533856 seconds
[runlim] end:			Tue May 12 04:19:14 2020
[runlim] status:		ok
[runlim] result:		0
[runlim] children:		0
[runlim] real:			10.79 seconds
[runlim] time:			10.57 seconds
[runlim] space:			23.4 MB
[runlim] samples:		106
[runlim] version:		1.10
[runlim] time limit:		311040000 seconds
[runlim] real time limit:	1200 seconds
[runlim] space limit:		15000 MB
[runlim] argv[0]:		/raid/steuber/Software/boolector/build/bin/boolector
[runlim] argv[1]:		/raid/steuber/Benchmarks/2019/QF_BV/sage/app7/bench_668.smt2
[runlim] start:			Tue May 12 04:19:14 2020
[runlim] main pid:		2459
[BTOR>check_sat] 0.000637 seconds
[runlim] end:			Tue May 12 04:19:16 2020
[runlim] status:		ok
[runlim] result:		0
[runlim] children:		0
[runlim] real:			2.08 seconds
[runlim] time:			1.17 seconds
[runlim] space:			41.8 MB
[runlim] samples:		12
[runlim] version:		1.10
[runlim] time limit:		311040000 seconds
[runlim] real time limit:	1200 seconds
[runlim] space limit:		15000 MB
[runlim] argv[0]:		/raid/steuber/Software/boolector/build/bin/boolector
[runlim] argv[1]:		/raid/steuber/Benchmarks/2019/QF_BV/Sage2/bench_7137.smt2
[runlim] start:			Tue May 12 04:19:16 2020
[runlim] main pid:		2464
[BTOR>check_sat] 1.001058 seconds
[runlim] end:			Tue May 12 04:19:17 2020
[runlim] status:		ok
[runlim] result:		0
[runlim] children:		0
[runlim] real:			1.12 seconds
[runlim] time:			0.97 seconds
[runlim] space:			10.3 MB
[runlim] samples:		10
[runlim] version:		1.10
[runlim] time limit:		311040000 seconds
[runlim] real time limit:	1200 seconds
[runlim] space limit:		15000 MB
[runlim] argv[0]:		/raid/steuber/Software/boolector/build/bin/boolector
[runlim] argv[1]:		/raid/steuber/Benchmarks/2019/QF_BV/sage/app12/bench_541.smt2
[runlim] start:			Tue May 12 04:19:17 2020
[runlim] main pid:		2468
[BTOR>check_sat] 0.000268 seconds
[runlim] end:			Tue May 12 04:19:17 2020
[runlim] status:		ok
[runlim] result:		0
[runlim] children:		0
[runlim] real:			0.14 seconds
[runlim] time:			0.00 seconds
[runlim] space:			0.0 MB
[runlim] samples:		0
[runlim] version:		1.10
[runlim] time limit:		311040000 seconds
[runlim] real time limit:	1200 seconds
[runlim] space limit:		15000 MB
[runlim] argv[0]:		/raid/steuber/Software/boolector/build/bin/boolector
[runlim] argv[1]:		/raid/steuber/Benchmarks/2019/QF_BV/Sage2/bench_12287.smt2
[runlim] start:			Tue May 12 04:19:17 2020
[runlim] main pid:		2472
[runlim] sample:		10.0 time, 10.1 real, 14.3 MB
[runlim] sample:		20.0 time, 20.1 real, 17.0 MB
[BTOR>check_sat] 21.416703 seconds
[runlim] end:			Tue May 12 04:19:38 2020
[runlim] status:		ok
[runlim] result:		0
[runlim] children:		0
[runlim] real:			21.59 seconds
[runlim] time:			21.37 seconds
[runlim] space:			18.5 MB
[runlim] samples:		214
[runlim] version:		1.10
[runlim] time limit:		311040000 seconds
[runlim] real time limit:	1200 seconds
[runlim] space limit:		15000 MB
[runlim] argv[0]:		/raid/steuber/Software/boolector/build/bin/boolector
[runlim] argv[1]:		/raid/steuber/Benchmarks/2019/QF_BV/sage/app1/bench_2531.smt2
[runlim] start:			Tue May 12 04:19:38 2020
[runlim] main pid:		2481
[BTOR>check_sat] 0.000054 seconds
[runlim] end:			Tue May 12 04:19:38 2020
[runlim] status:		ok
[runlim] result:		0
[runlim] children:		0
[runlim] real:			0.63 seconds
[runlim] time:			0.00 seconds
[runlim] space:			0.0 MB
[runlim] samples:		0
[runlim] version:		1.10
[runlim] time limit:		311040000 seconds
[runlim] real time limit:	1200 seconds
[runlim] space limit:		15000 MB
[runlim] argv[0]:		/raid/steuber/Software/boolector/build/bin/boolector
[runlim] argv[1]:		/raid/steuber/Benchmarks/2019/QF_BV/20190311-bv-term-small-rw-Noetzli/bv-term-small-rw_1188.smt2
[runlim] start:			Tue May 12 04:19:38 2020
[runlim] main pid:		2485
[BTOR>check_sat] 0.000018 seconds
[runlim] end:			Tue May 12 04:19:38 2020
[runlim] status:		ok
[runlim] result:		0
[runlim] children:		0
[runlim] real:			0.64 seconds
[runlim] time:			0.00 seconds
[runlim] space:			0.0 MB
[runlim] samples:		0
[runlim] version:		1.10
[runlim] time limit:		311040000 seconds
[runlim] real time limit:	1200 seconds
[runlim] space limit:		15000 MB
[runlim] argv[0]:		/raid/steuber/Software/boolector/build/bin/boolector
[runlim] argv[1]:		/raid/steuber/Benchmarks/2019/QF_BV/sage/app7/bench_323.smt2
[runlim] start:			Tue May 12 04:19:38 2020
[runlim] main pid:		2489
[BTOR>check_sat] 0.000210 seconds
[runlim] end:			Tue May 12 04:19:39 2020
[runlim] status:		ok
[runlim] result:		0
[runlim] children:		0
[runlim] real:			1.99 seconds
[runlim] time:			1.27 seconds
[runlim] space:			45.5 MB
[runlim] samples:		13
[runlim] version:		1.10
[runlim] time limit:		311040000 seconds
[runlim] real time limit:	1200 seconds
[runlim] space limit:		15000 MB
[runlim] argv[0]:		/raid/steuber/Software/boolector/build/bin/boolector
[runlim] argv[1]:		/raid/steuber/Benchmarks/2019/QF_BV/sage/app1/bench_2599.smt2
[runlim] start:			Tue May 12 04:19:39 2020
[runlim] main pid:		2493
[BTOR>check_sat] 0.000052 seconds
[runlim] end:			Tue May 12 04:19:40 2020
[runlim] status:		ok
[runlim] result:		0
[runlim] children:		0
[runlim] real:			1.02 seconds
[runlim] time:			0.00 seconds
[runlim] space:			0.0 MB
[runlim] samples:		0
[runlim] version:		1.10
[runlim] time limit:		311040000 seconds
[runlim] real time limit:	1200 seconds
[runlim] space limit:		15000 MB
[runlim] argv[0]:		/raid/steuber/Software/boolector/build/bin/boolector
[runlim] argv[1]:		/raid/steuber/Benchmarks/2019/QF_BV/sage/app11/bench_497.smt2
[runlim] start:			Tue May 12 04:19:40 2020
[runlim] main pid:		2497
[BTOR>check_sat] 0.000245 seconds
[runlim] end:			Tue May 12 04:19:40 2020
[runlim] status:		ok
[runlim] result:		0
[runlim] children:		0
[runlim] real:			0.52 seconds
[runlim] time:			0.46 seconds
[runlim] space:			28.9 MB
[runlim] samples:		5
[runlim] version:		1.10
[runlim] time limit:		311040000 seconds
[runlim] real time limit:	1200 seconds
[runlim] space limit:		15000 MB
[runlim] argv[0]:		/raid/steuber/Software/boolector/build/bin/boolector
[runlim] argv[1]:		/raid/steuber/Benchmarks/2019/QF_BV/sage/app7/bench_4475.smt2
[runlim] start:			Tue May 12 04:19:40 2020
[runlim] main pid:		2501
[BTOR>check_sat] 0.000632 seconds
[runlim] end:			Tue May 12 04:19:40 2020
[runlim] status:		ok
[runlim] result:		0
[runlim] children:		0
[runlim] real:			0.71 seconds
[runlim] time:			0.06 seconds
[runlim] space:			5.4 MB
[runlim] samples:		1
[runlim] version:		1.10
[runlim] time limit:		311040000 seconds
[runlim] real time limit:	1200 seconds
[runlim] space limit:		15000 MB
[runlim] argv[0]:		/raid/steuber/Software/boolector/build/bin/boolector
[runlim] argv[1]:		/raid/steuber/Benchmarks/2019/QF_BV/sage/app1/bench_365.smt2
[runlim] start:			Tue May 12 04:19:40 2020
[runlim] main pid:		2505
[BTOR>check_sat] 0.004153 seconds
[runlim] end:			Tue May 12 04:19:40 2020
[runlim] status:		ok
[runlim] result:		0
[runlim] children:		0
[runlim] real:			0.74 seconds
[runlim] time:			0.00 seconds
[runlim] space:			0.0 MB
[runlim] samples:		0
[runlim] version:		1.10
[runlim] time limit:		311040000 seconds
[runlim] real time limit:	1200 seconds
[runlim] space limit:		15000 MB
[runlim] argv[0]:		/raid/steuber/Software/boolector/build/bin/boolector
[runlim] argv[1]:		/raid/steuber/Benchmarks/2019/QF_BV/sage/app2/bench_484.smt2
[runlim] start:			Tue May 12 04:19:40 2020
[runlim] main pid:		2509
[BTOR>check_sat] 0.000090 seconds
[runlim] end:			Tue May 12 04:19:40 2020
[runlim] status:		ok
[runlim] result:		0
[runlim] children:		0
[runlim] real:			0.86 seconds
[runlim] time:			0.09 seconds
[runlim] space:			7.4 MB
[runlim] samples:		1
[runlim] version:		1.10
[runlim] time limit:		311040000 seconds
[runlim] real time limit:	1200 seconds
[runlim] space limit:		15000 MB
[runlim] argv[0]:		/raid/steuber/Software/boolector/build/bin/boolector
[runlim] argv[1]:		/raid/steuber/Benchmarks/2019/QF_BV/Sage2/bench_5325.smt2
[runlim] start:			Tue May 12 04:19:40 2020
[runlim] main pid:		2513
[BTOR>check_sat] 2.744213 seconds
[runlim] end:			Tue May 12 04:19:44 2020
[runlim] status:		ok
[runlim] result:		0
[runlim] children:		0
[runlim] real:			4.46 seconds
[runlim] time:			3.13 seconds
[runlim] space:			332.4 MB
[runlim] samples:		35
