[runlim] version:		1.10
[runlim] time limit:		311040000 seconds
[runlim] real time limit:	1200 seconds
[runlim] space limit:		15000 MB
[runlim] argv[0]:		/raid/steuber/Software/boolector/build/bin/boolector
[runlim] argv[1]:		/raid/steuber/Benchmarks/2019/QF_BV/20190311-bv-term-small-rw-Noetzli/bv-term-small-rw_1468.smt2
[runlim] start:			Tue May 12 11:56:22 2020
[runlim] main pid:		27063
[BTOR>check_sat] 0.000055 seconds
[runlim] end:			Tue May 12 11:56:22 2020
[runlim] status:		ok
[runlim] result:		0
[runlim] children:		0
[runlim] real:			0.47 seconds
[runlim] time:			0.00 seconds
[runlim] space:			0.0 MB
[runlim] samples:		0
[runlim] version:		1.10
[runlim] time limit:		311040000 seconds
[runlim] real time limit:	1200 seconds
[runlim] space limit:		15000 MB
[runlim] argv[0]:		/raid/steuber/Software/boolector/build/bin/boolector
[runlim] argv[1]:		/raid/steuber/Benchmarks/2019/QF_BV/20190311-bv-term-small-rw-Noetzli/bv-term-small-rw_1295.smt2
[runlim] start:			Tue May 12 11:56:22 2020
[runlim] main pid:		27067
[BTOR>check_sat] 0.000023 seconds
[runlim] end:			Tue May 12 11:56:22 2020
[runlim] status:		ok
[runlim] result:		0
[runlim] children:		0
[runlim] real:			0.50 seconds
[runlim] time:			0.00 seconds
[runlim] space:			0.0 MB
[runlim] samples:		0
[runlim] version:		1.10
[runlim] time limit:		311040000 seconds
[runlim] real time limit:	1200 seconds
[runlim] space limit:		15000 MB
[runlim] argv[0]:		/raid/steuber/Software/boolector/build/bin/boolector
[runlim] argv[1]:		/raid/steuber/Benchmarks/2019/QF_BV/20190311-bv-term-small-rw-Noetzli/bv-term-small-rw_206.smt2
[runlim] start:			Tue May 12 11:56:22 2020
[runlim] main pid:		27071
[runlim] sample:		10.0 time, 10.5 real, 7.8 MB
[runlim] sample:		20.0 time, 20.5 real, 8.6 MB
[runlim] sample:		30.0 time, 30.5 real, 10.8 MB
[runlim] sample:		40.0 time, 40.5 real, 9.5 MB
[runlim] sample:		50.0 time, 50.5 real, 10.4 MB
[runlim] sample:		60.0 time, 60.5 real, 12.7 MB
[runlim] sample:		70.0 time, 70.5 real, 12.2 MB
[runlim] sample:		80.0 time, 80.5 real, 12.6 MB
[runlim] sample:		90.0 time, 90.5 real, 13.4 MB
[runlim] sample:		100.0 time, 100.5 real, 14.5 MB
[runlim] sample:		110.0 time, 110.5 real, 13.9 MB
[runlim] sample:		120.0 time, 120.5 real, 15.5 MB
[runlim] sample:		130.0 time, 130.5 real, 15.7 MB
[runlim] sample:		140.0 time, 140.5 real, 17.4 MB
[runlim] sample:		150.0 time, 150.5 real, 18.9 MB
[runlim] sample:		160.0 time, 160.5 real, 21.1 MB
[runlim] sample:		170.0 time, 170.5 real, 19.2 MB
[runlim] sample:		180.0 time, 180.5 real, 19.0 MB
[runlim] sample:		190.0 time, 190.5 real, 18.7 MB
[runlim] sample:		200.0 time, 200.5 real, 20.1 MB
[runlim] sample:		210.0 time, 210.5 real, 18.6 MB
[runlim] sample:		220.0 time, 220.5 real, 21.7 MB
[runlim] sample:		230.0 time, 230.5 real, 21.7 MB
[runlim] sample:		240.0 time, 240.5 real, 22.8 MB
[runlim] sample:		250.0 time, 250.5 real, 25.6 MB
[runlim] sample:		260.0 time, 260.5 real, 22.8 MB
[runlim] sample:		270.0 time, 270.5 real, 22.8 MB
[runlim] sample:		280.0 time, 280.5 real, 27.4 MB
[runlim] sample:		290.0 time, 290.5 real, 24.1 MB
[runlim] sample:		300.0 time, 300.5 real, 24.3 MB
[runlim] sample:		310.0 time, 310.5 real, 24.2 MB
[runlim] sample:		320.0 time, 320.5 real, 24.3 MB
[runlim] sample:		330.0 time, 330.5 real, 27.4 MB
[runlim] sample:		340.0 time, 340.5 real, 24.3 MB
[runlim] sample:		350.0 time, 350.5 real, 24.8 MB
[runlim] sample:		360.0 time, 360.5 real, 28.4 MB
[runlim] sample:		370.0 time, 370.5 real, 28.4 MB
[runlim] sample:		380.0 time, 380.5 real, 25.6 MB
[runlim] sample:		390.0 time, 390.5 real, 30.6 MB
[runlim] sample:		400.0 time, 400.5 real, 30.0 MB
[runlim] sample:		410.0 time, 410.5 real, 28.7 MB
[runlim] sample:		420.0 time, 420.5 real, 29.1 MB
[runlim] sample:		430.0 time, 430.5 real, 30.4 MB
[runlim] sample:		440.0 time, 440.5 real, 27.5 MB
[runlim] sample:		450.0 time, 450.5 real, 26.3 MB
[runlim] sample:		460.0 time, 460.5 real, 27.6 MB
[runlim] sample:		470.0 time, 470.5 real, 26.4 MB
[runlim] sample:		480.0 time, 480.5 real, 30.9 MB
[runlim] sample:		490.0 time, 490.5 real, 25.7 MB
[runlim] sample:		500.0 time, 500.5 real, 31.4 MB
[runlim] sample:		510.0 time, 510.5 real, 30.5 MB
[runlim] sample:		520.0 time, 520.5 real, 29.5 MB
[runlim] sample:		530.0 time, 530.5 real, 27.1 MB
[runlim] sample:		540.0 time, 540.5 real, 31.6 MB
[runlim] sample:		550.0 time, 550.5 real, 26.3 MB
[runlim] sample:		560.0 time, 560.5 real, 31.9 MB
[runlim] sample:		570.0 time, 570.5 real, 32.6 MB
[runlim] sample:		580.0 time, 580.5 real, 31.6 MB
[runlim] sample:		590.0 time, 590.5 real, 34.1 MB
[runlim] sample:		600.0 time, 600.5 real, 29.7 MB
[runlim] sample:		610.0 time, 610.5 real, 31.6 MB
[runlim] sample:		620.0 time, 620.5 real, 31.2 MB
[runlim] sample:		630.0 time, 630.5 real, 35.4 MB
[runlim] sample:		640.0 time, 640.5 real, 33.5 MB
[runlim] sample:		650.0 time, 650.5 real, 33.5 MB
[runlim] sample:		660.0 time, 660.5 real, 32.8 MB
[runlim] sample:		670.0 time, 670.5 real, 34.2 MB
[runlim] sample:		680.0 time, 680.5 real, 34.2 MB
[runlim] sample:		690.0 time, 690.5 real, 28.7 MB
[runlim] sample:		700.0 time, 700.5 real, 34.1 MB
[runlim] sample:		710.0 time, 710.5 real, 34.1 MB
[runlim] sample:		720.0 time, 720.5 real, 31.3 MB
[runlim] sample:		730.0 time, 730.5 real, 27.7 MB
[runlim] sample:		740.0 time, 740.5 real, 33.3 MB
[runlim] sample:		750.0 time, 750.5 real, 30.3 MB
[runlim] sample:		760.0 time, 760.5 real, 30.3 MB
[runlim] sample:		770.0 time, 770.5 real, 31.0 MB
[runlim] sample:		780.0 time, 780.5 real, 30.4 MB
[runlim] sample:		790.0 time, 790.5 real, 35.6 MB
[runlim] sample:		800.0 time, 800.5 real, 36.2 MB
[runlim] sample:		810.0 time, 810.5 real, 35.9 MB
[runlim] sample:		819.9 time, 820.5 real, 31.9 MB
[runlim] sample:		829.9 time, 830.5 real, 30.6 MB
[runlim] sample:		840.0 time, 840.5 real, 28.5 MB
[runlim] sample:		850.0 time, 850.5 real, 36.5 MB
[runlim] sample:		860.0 time, 860.5 real, 35.0 MB
[runlim] sample:		869.9 time, 870.5 real, 35.0 MB
[runlim] sample:		880.0 time, 880.5 real, 33.0 MB
[runlim] sample:		890.0 time, 890.5 real, 35.0 MB
[runlim] sample:		899.9 time, 900.5 real, 34.4 MB
[runlim] sample:		910.0 time, 910.5 real, 35.3 MB
[runlim] sample:		919.9 time, 920.5 real, 32.1 MB
[runlim] sample:		929.9 time, 930.5 real, 34.1 MB
[runlim] sample:		939.9 time, 940.5 real, 33.0 MB
[runlim] sample:		949.9 time, 950.5 real, 36.2 MB
[runlim] sample:		959.9 time, 960.5 real, 38.1 MB
[runlim] sample:		970.0 time, 970.5 real, 39.5 MB
[runlim] sample:		979.9 time, 980.5 real, 34.6 MB
[runlim] sample:		989.9 time, 990.5 real, 37.6 MB
[runlim] sample:		999.9 time, 1000.5 real, 38.6 MB
[runlim] sample:		1010.0 time, 1010.5 real, 35.5 MB
[runlim] sample:		1019.9 time, 1020.5 real, 34.5 MB
[runlim] sample:		1029.9 time, 1030.5 real, 40.1 MB
[runlim] sample:		1039.9 time, 1040.5 real, 37.2 MB
[runlim] sample:		1049.9 time, 1050.5 real, 36.5 MB
[runlim] sample:		1060.0 time, 1060.5 real, 34.0 MB
[runlim] sample:		1070.0 time, 1070.5 real, 38.6 MB
[runlim] sample:		1079.9 time, 1080.5 real, 36.2 MB
[runlim] sample:		1089.9 time, 1090.5 real, 39.2 MB
[runlim] sample:		1099.9 time, 1100.5 real, 33.1 MB
[runlim] sample:		1109.9 time, 1110.5 real, 35.7 MB
[runlim] sample:		1119.9 time, 1120.5 real, 35.7 MB
[runlim] sample:		1129.9 time, 1130.5 real, 36.6 MB
[runlim] sample:		1139.9 time, 1140.5 real, 35.2 MB
[runlim] sample:		1150.0 time, 1150.5 real, 39.8 MB
[runlim] sample:		1159.9 time, 1160.5 real, 36.6 MB
[runlim] sample:		1169.9 time, 1170.5 real, 41.0 MB
[runlim] sample:		1179.9 time, 1180.5 real, 37.3 MB
[runlim] sample:		1189.9 time, 1190.5 real, 40.4 MB
[runlim] end:			Tue May 12 12:16:22 2020
[runlim] status:		out of time
[runlim] result:		2
[runlim] children:		0
[runlim] real:			1200.02 seconds
[runlim] time:			1199.44 seconds
[runlim] space:			48.0 MB
[runlim] samples:		11995
[runlim] version:		1.10
[runlim] time limit:		311040000 seconds
[runlim] real time limit:	1200 seconds
[runlim] space limit:		15000 MB
[runlim] argv[0]:		/raid/steuber/Software/boolector/build/bin/boolector
[runlim] argv[1]:		/raid/steuber/Benchmarks/2019/QF_BV/20190311-bv-term-small-rw-Noetzli/bv-term-small-rw_814.smt2
[runlim] start:			Tue May 12 12:16:22 2020
[runlim] main pid:		27276
[BTOR>check_sat] 0.000028 seconds
[runlim] end:			Tue May 12 12:16:22 2020
[runlim] status:		ok
[runlim] result:		0
[runlim] children:		0
[runlim] real:			0.03 seconds
[runlim] time:			0.00 seconds
[runlim] space:			0.0 MB
[runlim] samples:		0
[runlim] version:		1.10
[runlim] time limit:		311040000 seconds
[runlim] real time limit:	1200 seconds
[runlim] space limit:		15000 MB
[runlim] argv[0]:		/raid/steuber/Software/boolector/build/bin/boolector
[runlim] argv[1]:		/raid/steuber/Benchmarks/2019/QF_BV/20190311-bv-term-small-rw-Noetzli/bv-term-small-rw_199.smt2
[runlim] start:			Tue May 12 12:16:22 2020
[runlim] main pid:		27280
[runlim] sample:		10.0 time, 10.0 real, 8.4 MB
[runlim] sample:		20.0 time, 20.0 real, 9.3 MB
[runlim] sample:		30.0 time, 30.0 real, 11.6 MB
[runlim] sample:		40.0 time, 40.0 real, 11.6 MB
[runlim] sample:		50.0 time, 50.0 real, 14.4 MB
[runlim] sample:		60.0 time, 60.0 real, 14.9 MB
[runlim] sample:		70.0 time, 70.0 real, 15.6 MB
[runlim] sample:		80.0 time, 80.0 real, 17.4 MB
[runlim] sample:		90.0 time, 90.0 real, 13.7 MB
[runlim] sample:		100.0 time, 100.0 real, 16.8 MB
[runlim] sample:		110.0 time, 110.0 real, 18.1 MB
[runlim] sample:		120.0 time, 120.0 real, 19.4 MB
[runlim] sample:		130.0 time, 130.0 real, 18.7 MB
[runlim] sample:		140.0 time, 140.0 real, 18.6 MB
[runlim] sample:		150.0 time, 150.0 real, 21.4 MB
[runlim] sample:		160.0 time, 160.0 real, 18.4 MB
[runlim] sample:		170.0 time, 170.0 real, 20.7 MB
[runlim] sample:		180.0 time, 180.0 real, 20.6 MB
[runlim] sample:		190.0 time, 190.0 real, 23.3 MB
[runlim] sample:		200.0 time, 200.0 real, 23.2 MB
[runlim] sample:		210.0 time, 210.0 real, 20.3 MB
[runlim] sample:		220.0 time, 220.0 real, 21.4 MB
[runlim] sample:		230.0 time, 230.0 real, 21.0 MB
[runlim] sample:		240.0 time, 240.0 real, 23.4 MB
[runlim] sample:		250.0 time, 250.0 real, 24.1 MB
[runlim] sample:		260.0 time, 260.0 real, 25.1 MB
[runlim] sample:		270.0 time, 270.0 real, 25.4 MB
[runlim] sample:		280.0 time, 280.0 real, 25.0 MB
[runlim] sample:		290.0 time, 290.0 real, 24.5 MB
[runlim] sample:		300.0 time, 300.0 real, 23.5 MB
[runlim] sample:		310.0 time, 310.0 real, 22.8 MB
[runlim] sample:		320.0 time, 320.0 real, 24.2 MB
[runlim] sample:		330.0 time, 330.0 real, 25.0 MB
[runlim] sample:		340.0 time, 340.0 real, 29.1 MB
[runlim] sample:		350.0 time, 350.0 real, 25.6 MB
[runlim] sample:		360.0 time, 360.0 real, 22.6 MB
[runlim] sample:		370.0 time, 370.0 real, 24.3 MB
[runlim] sample:		380.0 time, 380.0 real, 25.7 MB
[runlim] sample:		390.0 time, 390.0 real, 27.7 MB
[runlim] sample:		400.0 time, 400.0 real, 28.5 MB
[runlim] sample:		410.0 time, 410.0 real, 28.9 MB
[runlim] sample:		420.0 time, 420.0 real, 23.5 MB
[runlim] sample:		430.0 time, 430.0 real, 24.8 MB
[runlim] sample:		440.0 time, 440.0 real, 31.7 MB
[runlim] sample:		450.0 time, 450.0 real, 25.2 MB
[runlim] sample:		460.0 time, 460.0 real, 28.1 MB
[runlim] sample:		470.0 time, 470.0 real, 31.2 MB
[runlim] sample:		480.0 time, 480.0 real, 28.7 MB
[runlim] sample:		490.0 time, 490.0 real, 28.4 MB
[runlim] sample:		500.0 time, 500.0 real, 29.1 MB
[runlim] sample:		510.0 time, 510.0 real, 30.3 MB
[runlim] sample:		520.0 time, 520.0 real, 30.6 MB
[runlim] sample:		530.0 time, 530.0 real, 27.0 MB
[runlim] sample:		540.0 time, 540.0 real, 27.6 MB
[runlim] sample:		550.0 time, 550.0 real, 25.0 MB
[runlim] sample:		560.0 time, 560.0 real, 26.9 MB
[runlim] sample:		570.0 time, 570.0 real, 27.4 MB
[runlim] sample:		580.0 time, 580.0 real, 27.4 MB
[runlim] sample:		590.0 time, 590.0 real, 27.0 MB
[runlim] sample:		600.0 time, 600.0 real, 27.0 MB
[runlim] sample:		610.0 time, 610.0 real, 28.1 MB
[runlim] sample:		620.0 time, 620.0 real, 27.7 MB
[runlim] sample:		630.0 time, 630.0 real, 34.2 MB
[runlim] sample:		640.0 time, 640.0 real, 31.4 MB
[runlim] sample:		650.0 time, 650.0 real, 30.0 MB
[runlim] sample:		660.0 time, 660.0 real, 36.1 MB
[runlim] sample:		670.0 time, 670.0 real, 24.1 MB
[runlim] sample:		680.0 time, 680.0 real, 27.9 MB
[runlim] sample:		690.0 time, 690.0 real, 33.3 MB
[runlim] sample:		700.0 time, 700.0 real, 32.7 MB
[runlim] sample:		710.0 time, 710.0 real, 33.9 MB
[runlim] sample:		720.0 time, 720.0 real, 33.3 MB
[runlim] sample:		730.0 time, 730.0 real, 30.8 MB
[runlim] sample:		740.0 time, 740.0 real, 30.4 MB
[runlim] sample:		750.0 time, 750.0 real, 29.6 MB
[runlim] sample:		760.0 time, 760.0 real, 27.9 MB
[runlim] sample:		770.0 time, 770.0 real, 28.2 MB
[runlim] sample:		780.0 time, 780.0 real, 35.6 MB
[runlim] sample:		790.0 time, 790.0 real, 31.6 MB
[runlim] sample:		800.0 time, 800.0 real, 34.6 MB
[runlim] sample:		810.0 time, 810.0 real, 32.6 MB
[runlim] sample:		820.0 time, 820.0 real, 31.3 MB
[runlim] sample:		830.0 time, 830.0 real, 29.9 MB
[runlim] sample:		840.0 time, 840.0 real, 33.0 MB
[runlim] sample:		850.0 time, 850.0 real, 35.2 MB
[runlim] sample:		860.0 time, 860.0 real, 34.7 MB
[runlim] sample:		869.9 time, 870.0 real, 34.1 MB
[runlim] sample:		880.0 time, 880.0 real, 33.8 MB
[runlim] sample:		890.0 time, 890.0 real, 32.5 MB
[runlim] sample:		900.0 time, 900.0 real, 26.7 MB
[runlim] sample:		910.0 time, 910.0 real, 28.8 MB
[runlim] sample:		919.9 time, 920.0 real, 37.3 MB
[runlim] sample:		930.0 time, 930.0 real, 38.0 MB
[runlim] sample:		939.9 time, 940.0 real, 35.0 MB
[runlim] sample:		950.0 time, 950.0 real, 32.8 MB
[runlim] sample:		960.0 time, 960.0 real, 31.2 MB
[runlim] sample:		970.0 time, 970.0 real, 41.0 MB
[runlim] sample:		980.0 time, 980.0 real, 36.9 MB
[runlim] sample:		990.0 time, 990.0 real, 34.3 MB
[runlim] sample:		999.9 time, 1000.0 real, 32.7 MB
[runlim] sample:		1009.9 time, 1010.0 real, 31.6 MB
[runlim] sample:		1020.0 time, 1020.0 real, 36.4 MB
[runlim] sample:		1029.9 time, 1030.0 real, 36.4 MB
[runlim] sample:		1039.9 time, 1040.0 real, 35.2 MB
[runlim] sample:		1049.9 time, 1050.0 real, 33.1 MB
[runlim] sample:		1059.9 time, 1060.0 real, 37.7 MB
[runlim] sample:		1069.9 time, 1070.0 real, 39.1 MB
[runlim] sample:		1079.9 time, 1080.0 real, 39.6 MB
[runlim] sample:		1089.9 time, 1090.0 real, 38.2 MB
[runlim] sample:		1099.9 time, 1100.0 real, 38.6 MB
[runlim] sample:		1109.9 time, 1110.0 real, 38.2 MB
[runlim] sample:		1119.9 time, 1120.0 real, 36.6 MB
[runlim] sample:		1129.9 time, 1130.0 real, 36.6 MB
[runlim] sample:		1139.9 time, 1140.0 real, 41.5 MB
[runlim] sample:		1149.9 time, 1150.0 real, 42.7 MB
[runlim] sample:		1159.9 time, 1160.0 real, 36.1 MB
[runlim] sample:		1169.9 time, 1170.0 real, 34.5 MB
[runlim] sample:		1179.9 time, 1180.0 real, 39.9 MB
[runlim] sample:		1189.9 time, 1190.0 real, 37.6 MB
[runlim] sample:		1199.9 time, 1200.0 real, 46.2 MB
[runlim] end:			Tue May 12 12:36:22 2020
[runlim] status:		out of time
[runlim] result:		2
[runlim] children:		0
[runlim] real:			1200.06 seconds
[runlim] time:			1199.92 seconds
[runlim] space:			46.2 MB
[runlim] samples:		12000
[runlim] version:		1.10
[runlim] time limit:		311040000 seconds
[runlim] real time limit:	1200 seconds
[runlim] space limit:		15000 MB
[runlim] argv[0]:		/raid/steuber/Software/boolector/build/bin/boolector
[runlim] argv[1]:		/raid/steuber/Benchmarks/2019/QF_BV/20190311-bv-term-small-rw-Noetzli/bv-term-small-rw_453.smt2
[runlim] start:			Tue May 12 12:36:22 2020
[runlim] main pid:		27484
[runlim] sample:		10.0 time, 10.1 real, 9.8 MB
[runlim] sample:		20.0 time, 20.1 real, 14.3 MB
[runlim] sample:		30.0 time, 30.1 real, 16.9 MB
[runlim] sample:		40.0 time, 40.1 real, 18.7 MB
[runlim] sample:		50.0 time, 50.1 real, 19.6 MB
[runlim] sample:		60.0 time, 60.1 real, 26.8 MB
[runlim] sample:		70.0 time, 70.1 real, 27.3 MB
[runlim] sample:		80.0 time, 80.1 real, 24.2 MB
[runlim] sample:		90.0 time, 90.1 real, 28.6 MB
[runlim] sample:		100.0 time, 100.1 real, 28.6 MB
[runlim] sample:		110.0 time, 110.1 real, 28.9 MB
[runlim] sample:		120.0 time, 120.1 real, 28.5 MB
[runlim] sample:		130.0 time, 130.1 real, 32.7 MB
[runlim] sample:		140.0 time, 140.1 real, 30.0 MB
[runlim] sample:		149.9 time, 150.1 real, 30.3 MB
[runlim] sample:		160.0 time, 160.1 real, 35.2 MB
[runlim] sample:		170.0 time, 170.1 real, 30.5 MB
[runlim] sample:		180.0 time, 180.1 real, 31.2 MB
[runlim] sample:		190.0 time, 190.1 real, 31.8 MB
[runlim] sample:		200.0 time, 200.1 real, 36.1 MB
[runlim] sample:		210.0 time, 210.1 real, 35.8 MB
[runlim] sample:		220.0 time, 220.1 real, 35.8 MB
[runlim] sample:		229.9 time, 230.1 real, 36.2 MB
[runlim] sample:		239.9 time, 240.1 real, 48.1 MB
[runlim] sample:		249.9 time, 250.1 real, 42.2 MB
[runlim] sample:		259.9 time, 260.1 real, 48.3 MB
[runlim] sample:		269.9 time, 270.1 real, 42.4 MB
[runlim] sample:		280.0 time, 280.1 real, 48.0 MB
[runlim] sample:		289.9 time, 290.1 real, 48.7 MB
[runlim] sample:		299.9 time, 300.1 real, 44.6 MB
[runlim] sample:		310.0 time, 310.1 real, 43.8 MB
[runlim] sample:		319.9 time, 320.1 real, 45.3 MB
[runlim] sample:		329.9 time, 330.1 real, 45.3 MB
[runlim] sample:		340.0 time, 340.1 real, 45.4 MB
[runlim] sample:		350.0 time, 350.1 real, 45.4 MB
[runlim] sample:		360.0 time, 360.1 real, 45.4 MB
[runlim] sample:		369.9 time, 370.1 real, 51.5 MB
[runlim] sample:		379.9 time, 380.1 real, 60.1 MB
[runlim] sample:		389.9 time, 390.1 real, 48.2 MB
[runlim] sample:		399.9 time, 400.1 real, 54.4 MB
[runlim] sample:		409.9 time, 410.1 real, 61.9 MB
[runlim] sample:		419.9 time, 420.1 real, 56.4 MB
[runlim] sample:		429.9 time, 430.1 real, 57.4 MB
[runlim] sample:		439.9 time, 440.1 real, 65.5 MB
[runlim] sample:		449.9 time, 450.1 real, 68.2 MB
[runlim] sample:		459.9 time, 460.1 real, 53.9 MB
[runlim] sample:		469.9 time, 470.1 real, 54.8 MB
[runlim] sample:		479.9 time, 480.1 real, 59.0 MB
[runlim] sample:		489.9 time, 490.1 real, 49.1 MB
[runlim] sample:		499.9 time, 500.1 real, 50.0 MB
[runlim] sample:		509.9 time, 510.1 real, 63.0 MB
[runlim] sample:		519.9 time, 520.1 real, 64.2 MB
[runlim] sample:		529.9 time, 530.1 real, 62.4 MB
[runlim] sample:		539.9 time, 540.1 real, 70.0 MB
[runlim] sample:		549.9 time, 550.1 real, 48.2 MB
[runlim] sample:		559.9 time, 560.1 real, 50.9 MB
[runlim] sample:		569.9 time, 570.1 real, 57.6 MB
[runlim] sample:		579.9 time, 580.1 real, 58.5 MB
[runlim] sample:		589.9 time, 590.1 real, 47.5 MB
[runlim] sample:		599.9 time, 600.1 real, 53.0 MB
[runlim] sample:		609.9 time, 610.1 real, 50.5 MB
[runlim] sample:		619.9 time, 620.1 real, 57.4 MB
[runlim] sample:		629.9 time, 630.1 real, 66.6 MB
[runlim] sample:		639.9 time, 640.1 real, 52.8 MB
[runlim] sample:		649.9 time, 650.1 real, 55.9 MB
[runlim] sample:		659.9 time, 660.1 real, 57.6 MB
[runlim] sample:		669.9 time, 670.1 real, 58.9 MB
[runlim] sample:		679.9 time, 680.1 real, 50.9 MB
[runlim] sample:		689.9 time, 690.1 real, 51.4 MB
[runlim] sample:		699.9 time, 700.1 real, 47.6 MB
[runlim] sample:		709.9 time, 710.1 real, 49.5 MB
[runlim] sample:		719.9 time, 720.1 real, 54.3 MB
[runlim] sample:		729.9 time, 730.1 real, 61.4 MB
[runlim] sample:		739.9 time, 740.1 real, 49.1 MB
[runlim] sample:		749.9 time, 750.1 real, 47.4 MB
[runlim] sample:		759.9 time, 760.1 real, 54.5 MB
[runlim] sample:		769.9 time, 770.1 real, 51.9 MB
[runlim] sample:		779.9 time, 780.1 real, 49.9 MB
[runlim] sample:		789.9 time, 790.1 real, 49.7 MB
[runlim] sample:		799.9 time, 800.1 real, 53.7 MB
[runlim] sample:		809.9 time, 810.1 real, 54.5 MB
[runlim] sample:		819.9 time, 820.1 real, 61.6 MB
[runlim] sample:		829.9 time, 830.1 real, 67.6 MB
[runlim] sample:		839.9 time, 840.1 real, 56.5 MB
[runlim] sample:		849.9 time, 850.1 real, 59.2 MB
[runlim] sample:		859.9 time, 860.1 real, 52.2 MB
[runlim] sample:		869.9 time, 870.1 real, 58.6 MB
[runlim] sample:		879.9 time, 880.1 real, 55.1 MB
[runlim] sample:		889.9 time, 890.1 real, 59.6 MB
[runlim] sample:		899.9 time, 900.1 real, 55.2 MB
[runlim] sample:		909.9 time, 910.1 real, 59.7 MB
[runlim] sample:		919.9 time, 920.1 real, 53.8 MB
[runlim] sample:		929.9 time, 930.1 real, 52.0 MB
[runlim] sample:		939.9 time, 940.1 real, 50.2 MB
[runlim] sample:		949.9 time, 950.1 real, 60.1 MB
[runlim] sample:		959.9 time, 960.1 real, 62.7 MB
[runlim] sample:		969.9 time, 970.1 real, 68.9 MB
[runlim] sample:		979.9 time, 980.1 real, 71.6 MB
[runlim] sample:		989.9 time, 990.1 real, 56.0 MB
[runlim] sample:		999.9 time, 1000.1 real, 48.0 MB
[runlim] sample:		1009.9 time, 1010.1 real, 55.4 MB
[runlim] sample:		1019.9 time, 1020.1 real, 55.4 MB
[runlim] sample:		1029.9 time, 1030.1 real, 55.7 MB
[runlim] sample:		1039.9 time, 1040.1 real, 54.3 MB
[runlim] sample:		1049.9 time, 1050.1 real, 59.0 MB
[runlim] sample:		1059.9 time, 1060.1 real, 55.1 MB
[runlim] sample:		1069.9 time, 1070.1 real, 61.6 MB
[runlim] sample:		1079.9 time, 1080.1 real, 56.3 MB
[runlim] sample:		1089.9 time, 1090.1 real, 52.4 MB
[runlim] sample:		1099.9 time, 1100.1 real, 52.9 MB
[runlim] sample:		1109.9 time, 1110.1 real, 65.5 MB
[runlim] sample:		1119.9 time, 1120.1 real, 58.8 MB
[runlim] sample:		1129.9 time, 1130.1 real, 52.3 MB
[runlim] sample:		1139.9 time, 1140.1 real, 65.6 MB
[runlim] sample:		1149.9 time, 1150.1 real, 58.3 MB
[runlim] sample:		1159.9 time, 1160.1 real, 63.9 MB
[runlim] sample:		1169.9 time, 1170.1 real, 61.9 MB
[runlim] sample:		1179.9 time, 1180.1 real, 49.2 MB
[runlim] sample:		1189.9 time, 1190.1 real, 56.8 MB
[runlim] sample:		1199.9 time, 1200.1 real, 57.9 MB
[runlim] end:			Tue May 12 12:56:22 2020
[runlim] status:		out of time
[runlim] result:		2
[runlim] children:		0
[runlim] real:			1200.09 seconds
[runlim] time:			1199.90 seconds
[runlim] space:			73.1 MB
[runlim] samples:		12000
[runlim] version:		1.10
[runlim] time limit:		311040000 seconds
[runlim] real time limit:	1200 seconds
[runlim] space limit:		15000 MB
[runlim] argv[0]:		/raid/steuber/Software/boolector/build/bin/boolector
[runlim] argv[1]:		/raid/steuber/Benchmarks/2019/QF_BV/20190311-bv-term-small-rw-Noetzli/bv-term-small-rw_1440.smt2
[runlim] start:			Tue May 12 12:56:22 2020
[runlim] main pid:		27722
[BTOR>check_sat] 0.000028 seconds
[runlim] end:			Tue May 12 12:56:22 2020
[runlim] status:		ok
[runlim] result:		0
[runlim] children:		0
[runlim] real:			0.11 seconds
[runlim] time:			0.00 seconds
[runlim] space:			0.0 MB
[runlim] samples:		0
[runlim] version:		1.10
[runlim] time limit:		311040000 seconds
[runlim] real time limit:	1200 seconds
[runlim] space limit:		15000 MB
[runlim] argv[0]:		/raid/steuber/Software/boolector/build/bin/boolector
[runlim] argv[1]:		/raid/steuber/Benchmarks/2019/QF_BV/20190311-bv-term-small-rw-Noetzli/bv-term-small-rw_1515.smt2
[runlim] start:			Tue May 12 12:56:22 2020
[runlim] main pid:		27726
[BTOR>check_sat] 0.000028 seconds
[runlim] end:			Tue May 12 12:56:22 2020
[runlim] status:		ok
[runlim] result:		0
[runlim] children:		0
[runlim] real:			0.13 seconds
[runlim] time:			0.00 seconds
[runlim] space:			0.0 MB
[runlim] samples:		0
[runlim] version:		1.10
[runlim] time limit:		311040000 seconds
[runlim] real time limit:	1200 seconds
[runlim] space limit:		15000 MB
[runlim] argv[0]:		/raid/steuber/Software/boolector/build/bin/boolector
[runlim] argv[1]:		/raid/steuber/Benchmarks/2019/QF_BV/20190311-bv-term-small-rw-Noetzli/bv-term-small-rw_1444.smt2
[runlim] start:			Tue May 12 12:56:22 2020
[runlim] main pid:		27730
[BTOR>check_sat] 0.000024 seconds
[runlim] end:			Tue May 12 12:56:22 2020
[runlim] status:		ok
[runlim] result:		0
[runlim] children:		0
[runlim] real:			0.13 seconds
[runlim] time:			0.00 seconds
[runlim] space:			0.0 MB
[runlim] samples:		0
[runlim] version:		1.10
[runlim] time limit:		311040000 seconds
[runlim] real time limit:	1200 seconds
[runlim] space limit:		15000 MB
[runlim] argv[0]:		/raid/steuber/Software/boolector/build/bin/boolector
[runlim] argv[1]:		/raid/steuber/Benchmarks/2019/QF_BV/20190311-bv-term-small-rw-Noetzli/bv-term-small-rw_1286.smt2
[runlim] start:			Tue May 12 12:56:22 2020
[runlim] main pid:		27734
[BTOR>check_sat] 0.000024 seconds
[runlim] end:			Tue May 12 12:56:22 2020
[runlim] status:		ok
[runlim] result:		0
[runlim] children:		0
[runlim] real:			0.14 seconds
[runlim] time:			0.00 seconds
[runlim] space:			0.0 MB
[runlim] samples:		0
[runlim] version:		1.10
[runlim] time limit:		311040000 seconds
[runlim] real time limit:	1200 seconds
[runlim] space limit:		15000 MB
[runlim] argv[0]:		/raid/steuber/Software/boolector/build/bin/boolector
[runlim] argv[1]:		/raid/steuber/Benchmarks/2019/QF_BV/20190311-bv-term-small-rw-Noetzli/bv-term-small-rw_1375.smt2
[runlim] start:			Tue May 12 12:56:22 2020
[runlim] main pid:		27738
[BTOR>check_sat] 0.000027 seconds
[runlim] end:			Tue May 12 12:56:22 2020
[runlim] status:		ok
[runlim] result:		0
[runlim] children:		0
[runlim] real:			0.16 seconds
[runlim] time:			0.00 seconds
[runlim] space:			0.0 MB
[runlim] samples:		0
[runlim] version:		1.10
[runlim] time limit:		311040000 seconds
[runlim] real time limit:	1200 seconds
[runlim] space limit:		15000 MB
[runlim] argv[0]:		/raid/steuber/Software/boolector/build/bin/boolector
[runlim] argv[1]:		/raid/steuber/Benchmarks/2019/QF_BV/20190311-bv-term-small-rw-Noetzli/bv-term-small-rw_1230.smt2
[runlim] start:			Tue May 12 12:56:22 2020
[runlim] main pid:		27742
[BTOR>check_sat] 0.000025 seconds
[runlim] end:			Tue May 12 12:56:22 2020
[runlim] status:		ok
[runlim] result:		0
[runlim] children:		0
[runlim] real:			0.17 seconds
[runlim] time:			0.00 seconds
[runlim] space:			0.0 MB
[runlim] samples:		0
[runlim] version:		1.10
[runlim] time limit:		311040000 seconds
[runlim] real time limit:	1200 seconds
[runlim] space limit:		15000 MB
[runlim] argv[0]:		/raid/steuber/Software/boolector/build/bin/boolector
[runlim] argv[1]:		/raid/steuber/Benchmarks/2019/QF_BV/20190311-bv-term-small-rw-Noetzli/bv-term-small-rw_1474.smt2
[runlim] start:			Tue May 12 12:56:22 2020
[runlim] main pid:		27746
[BTOR>check_sat] 0.000022 seconds
[runlim] end:			Tue May 12 12:56:22 2020
[runlim] status:		ok
[runlim] result:		0
[runlim] children:		0
[runlim] real:			0.18 seconds
[runlim] time:			0.00 seconds
[runlim] space:			0.0 MB
[runlim] samples:		0
[runlim] version:		1.10
[runlim] time limit:		311040000 seconds
[runlim] real time limit:	1200 seconds
[runlim] space limit:		15000 MB
[runlim] argv[0]:		/raid/steuber/Software/boolector/build/bin/boolector
[runlim] argv[1]:		/raid/steuber/Benchmarks/2019/QF_BV/20190311-bv-term-small-rw-Noetzli/bv-term-small-rw_1081.smt2
[runlim] start:			Tue May 12 12:56:22 2020
[runlim] main pid:		27750
[BTOR>check_sat] 0.000021 seconds
[runlim] end:			Tue May 12 12:56:22 2020
[runlim] status:		ok
[runlim] result:		0
[runlim] children:		0
[runlim] real:			0.20 seconds
[runlim] time:			0.00 seconds
[runlim] space:			0.0 MB
[runlim] samples:		0
[runlim] version:		1.10
[runlim] time limit:		311040000 seconds
[runlim] real time limit:	1200 seconds
[runlim] space limit:		15000 MB
[runlim] argv[0]:		/raid/steuber/Software/boolector/build/bin/boolector
[runlim] argv[1]:		/raid/steuber/Benchmarks/2019/QF_BV/20190311-bv-term-small-rw-Noetzli/bv-term-small-rw_1322.smt2
[runlim] start:			Tue May 12 12:56:22 2020
[runlim] main pid:		27754
[BTOR>check_sat] 0.000022 seconds
[runlim] end:			Tue May 12 12:56:22 2020
[runlim] status:		ok
[runlim] result:		0
[runlim] children:		0
[runlim] real:			0.21 seconds
[runlim] time:			0.00 seconds
[runlim] space:			0.0 MB
[runlim] samples:		0
