[runlim] version:		1.10
[runlim] time limit:		311040000 seconds
[runlim] real time limit:	1200 seconds
[runlim] space limit:		15000 MB
[runlim] argv[0]:		/raid/steuber/Software/boolector/build/bin/boolector
[runlim] argv[1]:		/raid/steuber/Benchmarks/2019/QF_BV/Sage2/bench_10006.smt2
[runlim] start:			Tue May 12 03:50:35 2020
[runlim] main pid:		26049
[BTOR>check_sat] 2.807843 seconds
[runlim] end:			Tue May 12 03:50:39 2020
[runlim] status:		ok
[runlim] result:		0
[runlim] children:		0
[runlim] real:			4.17 seconds
[runlim] time:			3.17 seconds
[runlim] space:			397.0 MB
[runlim] samples:		32
[runlim] version:		1.10
[runlim] time limit:		311040000 seconds
[runlim] real time limit:	1200 seconds
[runlim] space limit:		15000 MB
[runlim] argv[0]:		/raid/steuber/Software/boolector/build/bin/boolector
[runlim] argv[1]:		/raid/steuber/Benchmarks/2019/QF_BV/Sage2/bench_2132.smt2
[runlim] start:			Tue May 12 03:50:39 2020
[runlim] main pid:		26053
[runlim] sample:		10.0 time, 10.2 real, 101.8 MB
[BTOR>check_sat] 13.355304 seconds
[runlim] end:			Tue May 12 03:50:52 2020
[runlim] status:		ok
[runlim] result:		0
[runlim] children:		0
[runlim] real:			13.83 seconds
[runlim] time:			13.56 seconds
[runlim] space:			102.5 MB
[runlim] samples:		136
[runlim] version:		1.10
[runlim] time limit:		311040000 seconds
[runlim] real time limit:	1200 seconds
[runlim] space limit:		15000 MB
[runlim] argv[0]:		/raid/steuber/Software/boolector/build/bin/boolector
[runlim] argv[1]:		/raid/steuber/Benchmarks/2019/QF_BV/sage/app9/bench_814.smt2
[runlim] start:			Tue May 12 03:50:52 2020
[runlim] main pid:		26064
[BTOR>check_sat] 0.007756 seconds
[runlim] end:			Tue May 12 03:50:52 2020
[runlim] status:		ok
[runlim] result:		0
[runlim] children:		0
[runlim] real:			0.87 seconds
[runlim] time:			0.00 seconds
[runlim] space:			0.0 MB
[runlim] samples:		0
[runlim] version:		1.10
[runlim] time limit:		311040000 seconds
[runlim] real time limit:	1200 seconds
[runlim] space limit:		15000 MB
[runlim] argv[0]:		/raid/steuber/Software/boolector/build/bin/boolector
[runlim] argv[1]:		/raid/steuber/Benchmarks/2019/QF_BV/sage/app7/bench_5112.smt2
[runlim] start:			Tue May 12 03:50:52 2020
[runlim] main pid:		26068
[BTOR>check_sat] 0.000251 seconds
[runlim] end:			Tue May 12 03:50:52 2020
[runlim] status:		ok
[runlim] result:		0
[runlim] children:		0
[runlim] real:			0.98 seconds
[runlim] time:			0.06 seconds
[runlim] space:			0.0 MB
[runlim] samples:		1
[runlim] version:		1.10
[runlim] time limit:		311040000 seconds
[runlim] real time limit:	1200 seconds
[runlim] space limit:		15000 MB
[runlim] argv[0]:		/raid/steuber/Software/boolector/build/bin/boolector
[runlim] argv[1]:		/raid/steuber/Benchmarks/2019/QF_BV/Sage2/bench_15545.smt2
[runlim] start:			Tue May 12 03:50:52 2020
[runlim] main pid:		26072
[runlim] sample:		10.0 time, 11.0 real, 15.6 MB
[runlim] sample:		20.0 time, 21.0 real, 25.1 MB
[runlim] sample:		30.0 time, 31.0 real, 28.0 MB
[runlim] sample:		40.0 time, 41.0 real, 30.1 MB
[runlim] sample:		50.0 time, 51.0 real, 31.3 MB
[BTOR>check_sat] 52.320310 seconds
[runlim] end:			Tue May 12 03:51:45 2020
[runlim] status:		ok
[runlim] result:		0
[runlim] children:		0
[runlim] real:			53.33 seconds
[runlim] time:			52.28 seconds
[runlim] space:			31.4 MB
[runlim] samples:		523
[runlim] version:		1.10
[runlim] time limit:		311040000 seconds
[runlim] real time limit:	1200 seconds
[runlim] space limit:		15000 MB
[runlim] argv[0]:		/raid/steuber/Software/boolector/build/bin/boolector
[runlim] argv[1]:		/raid/steuber/Benchmarks/2019/QF_BV/sage/app7/bench_53.smt2
[runlim] start:			Tue May 12 03:51:45 2020
[runlim] main pid:		26085
[BTOR>check_sat] 0.000254 seconds
[runlim] end:			Tue May 12 03:51:46 2020
[runlim] status:		ok
[runlim] result:		0
[runlim] children:		0
[runlim] real:			1.68 seconds
[runlim] time:			1.28 seconds
[runlim] space:			45.7 MB
[runlim] samples:		13
[runlim] version:		1.10
[runlim] time limit:		311040000 seconds
[runlim] real time limit:	1200 seconds
[runlim] space limit:		15000 MB
[runlim] argv[0]:		/raid/steuber/Software/boolector/build/bin/boolector
[runlim] argv[1]:		/raid/steuber/Benchmarks/2019/QF_BV/Sage2/bench_5040.smt2
[runlim] start:			Tue May 12 03:51:46 2020
[runlim] main pid:		26089
[BTOR>check_sat] 0.014414 seconds
[runlim] end:			Tue May 12 03:51:46 2020
[runlim] status:		ok
[runlim] result:		0
[runlim] children:		0
[runlim] real:			0.71 seconds
[runlim] time:			0.00 seconds
[runlim] space:			0.0 MB
[runlim] samples:		0
[runlim] version:		1.10
[runlim] time limit:		311040000 seconds
[runlim] real time limit:	1200 seconds
[runlim] space limit:		15000 MB
[runlim] argv[0]:		/raid/steuber/Software/boolector/build/bin/boolector
[runlim] argv[1]:		/raid/steuber/Benchmarks/2019/QF_BV/sage/app7/bench_5312.smt2
[runlim] start:			Tue May 12 03:51:46 2020
[runlim] main pid:		26093
[BTOR>check_sat] 0.000185 seconds
[runlim] end:			Tue May 12 03:51:46 2020
[runlim] status:		ok
[runlim] result:		0
[runlim] children:		0
[runlim] real:			0.77 seconds
[runlim] time:			0.00 seconds
[runlim] space:			0.0 MB
[runlim] samples:		0
[runlim] version:		1.10
[runlim] time limit:		311040000 seconds
[runlim] real time limit:	1200 seconds
[runlim] space limit:		15000 MB
[runlim] argv[0]:		/raid/steuber/Software/boolector/build/bin/boolector
[runlim] argv[1]:		/raid/steuber/Benchmarks/2019/QF_BV/sage/app7/bench_5207.smt2
[runlim] start:			Tue May 12 03:51:46 2020
[runlim] main pid:		26097
[BTOR>check_sat] 0.000245 seconds
[runlim] end:			Tue May 12 03:51:46 2020
[runlim] status:		ok
[runlim] result:		0
[runlim] children:		0
[runlim] real:			0.87 seconds
[runlim] time:			0.00 seconds
[runlim] space:			0.0 MB
[runlim] samples:		0
[runlim] version:		1.10
[runlim] time limit:		311040000 seconds
[runlim] real time limit:	1200 seconds
[runlim] space limit:		15000 MB
[runlim] argv[0]:		/raid/steuber/Software/boolector/build/bin/boolector
[runlim] argv[1]:		/raid/steuber/Benchmarks/2019/QF_BV/sage/app1/bench_295.smt2
[runlim] start:			Tue May 12 03:51:46 2020
[runlim] main pid:		26101
[BTOR>check_sat] 0.004751 seconds
[runlim] end:			Tue May 12 03:51:46 2020
[runlim] status:		ok
[runlim] result:		0
[runlim] children:		0
[runlim] real:			0.90 seconds
[runlim] time:			0.00 seconds
[runlim] space:			0.0 MB
[runlim] samples:		0
[runlim] version:		1.10
[runlim] time limit:		311040000 seconds
[runlim] real time limit:	1200 seconds
[runlim] space limit:		15000 MB
[runlim] argv[0]:		/raid/steuber/Software/boolector/build/bin/boolector
[runlim] argv[1]:		/raid/steuber/Benchmarks/2019/QF_BV/Sage2/bench_8637.smt2
[runlim] start:			Tue May 12 03:51:46 2020
[runlim] main pid:		26105
[BTOR>check_sat] 1.132910 seconds
[runlim] end:			Tue May 12 03:51:48 2020
[runlim] status:		ok
[runlim] result:		0
[runlim] children:		0
[runlim] real:			2.05 seconds
[runlim] time:			1.08 seconds
[runlim] space:			9.5 MB
[runlim] samples:		11
[runlim] version:		1.10
[runlim] time limit:		311040000 seconds
[runlim] real time limit:	1200 seconds
[runlim] space limit:		15000 MB
[runlim] argv[0]:		/raid/steuber/Software/boolector/build/bin/boolector
[runlim] argv[1]:		/raid/steuber/Benchmarks/2019/QF_BV/sage/app2/bench_1023.smt2
[runlim] start:			Tue May 12 03:51:48 2020
[runlim] main pid:		26109
[BTOR>check_sat] 0.000063 seconds
[runlim] end:			Tue May 12 03:51:48 2020
[runlim] status:		ok
[runlim] result:		0
[runlim] children:		0
[runlim] real:			0.09 seconds
[runlim] time:			0.00 seconds
[runlim] space:			0.0 MB
[runlim] samples:		0
[runlim] version:		1.10
[runlim] time limit:		311040000 seconds
[runlim] real time limit:	1200 seconds
[runlim] space limit:		15000 MB
[runlim] argv[0]:		/raid/steuber/Software/boolector/build/bin/boolector
[runlim] argv[1]:		/raid/steuber/Benchmarks/2019/QF_BV/sage/app2/bench_545.smt2
[runlim] start:			Tue May 12 03:51:48 2020
[runlim] main pid:		26113
[BTOR>check_sat] 0.000101 seconds
[runlim] end:			Tue May 12 03:51:48 2020
[runlim] status:		ok
[runlim] result:		0
[runlim] children:		0
[runlim] real:			0.22 seconds
[runlim] time:			0.07 seconds
[runlim] space:			7.4 MB
[runlim] samples:		1
[runlim] version:		1.10
[runlim] time limit:		311040000 seconds
[runlim] real time limit:	1200 seconds
[runlim] space limit:		15000 MB
[runlim] argv[0]:		/raid/steuber/Software/boolector/build/bin/boolector
[runlim] argv[1]:		/raid/steuber/Benchmarks/2019/QF_BV/Sage2/bench_9419.smt2
[runlim] start:			Tue May 12 03:51:48 2020
[runlim] main pid:		26117
[runlim] sample:		10.0 time, 10.2 real, 11.3 MB
[runlim] sample:		20.0 time, 20.2 real, 15.0 MB
[BTOR>check_sat] 24.273465 seconds
[runlim] end:			Tue May 12 03:52:12 2020
[runlim] status:		ok
[runlim] result:		0
[runlim] children:		0
[runlim] real:			24.52 seconds
[runlim] time:			24.18 seconds
[runlim] space:			16.5 MB
[runlim] samples:		242
[runlim] version:		1.10
[runlim] time limit:		311040000 seconds
[runlim] real time limit:	1200 seconds
[runlim] space limit:		15000 MB
[runlim] argv[0]:		/raid/steuber/Software/boolector/build/bin/boolector
[runlim] argv[1]:		/raid/steuber/Benchmarks/2019/QF_BV/Sage2/bench_6627.smt2
[runlim] start:			Tue May 12 03:52:12 2020
[runlim] main pid:		26124
[BTOR>check_sat] 0.184039 seconds
[runlim] end:			Tue May 12 03:52:12 2020
[runlim] status:		ok
[runlim] result:		0
[runlim] children:		0
[runlim] real:			0.73 seconds
[runlim] time:			0.09 seconds
[runlim] space:			3.6 MB
[runlim] samples:		1
[runlim] version:		1.10
[runlim] time limit:		311040000 seconds
[runlim] real time limit:	1200 seconds
[runlim] space limit:		15000 MB
[runlim] argv[0]:		/raid/steuber/Software/boolector/build/bin/boolector
[runlim] argv[1]:		/raid/steuber/Benchmarks/2019/QF_BV/sage/app2/bench_1404.smt2
[runlim] start:			Tue May 12 03:52:12 2020
[runlim] main pid:		26129
[BTOR>check_sat] 0.068754 seconds
[runlim] end:			Tue May 12 03:52:12 2020
[runlim] status:		ok
[runlim] result:		0
[runlim] children:		0
[runlim] real:			0.83 seconds
[runlim] time:			0.00 seconds
[runlim] space:			0.0 MB
[runlim] samples:		0
[runlim] version:		1.10
[runlim] time limit:		311040000 seconds
[runlim] real time limit:	1200 seconds
[runlim] space limit:		15000 MB
[runlim] argv[0]:		/raid/steuber/Software/boolector/build/bin/boolector
[runlim] argv[1]:		/raid/steuber/Benchmarks/2019/QF_BV/sage/app1/bench_2246.smt2
[runlim] start:			Tue May 12 03:52:12 2020
[runlim] main pid:		26133
[BTOR>check_sat] 0.011517 seconds
[runlim] end:			Tue May 12 03:52:12 2020
[runlim] status:		ok
[runlim] result:		0
[runlim] children:		0
[runlim] real:			0.87 seconds
[runlim] time:			0.00 seconds
[runlim] space:			0.0 MB
[runlim] samples:		0
[runlim] version:		1.10
[runlim] time limit:		311040000 seconds
[runlim] real time limit:	1200 seconds
[runlim] space limit:		15000 MB
[runlim] argv[0]:		/raid/steuber/Software/boolector/build/bin/boolector
[runlim] argv[1]:		/raid/steuber/Benchmarks/2019/QF_BV/log-slicing/bvurem_20.smt2
[runlim] start:			Tue May 12 03:52:12 2020
[runlim] main pid:		26137
[runlim] sample:		10.0 time, 10.9 real, 19.2 MB
[runlim] sample:		20.0 time, 20.9 real, 21.1 MB
[runlim] sample:		30.0 time, 30.9 real, 24.3 MB
[runlim] sample:		40.0 time, 40.9 real, 26.9 MB
[runlim] sample:		50.0 time, 50.9 real, 26.5 MB
[runlim] sample:		60.0 time, 60.9 real, 30.9 MB
[runlim] sample:		70.0 time, 70.9 real, 30.6 MB
[runlim] sample:		80.0 time, 80.9 real, 32.4 MB
[runlim] sample:		90.0 time, 90.9 real, 35.8 MB
[runlim] sample:		100.0 time, 100.9 real, 33.0 MB
[runlim] sample:		110.0 time, 110.9 real, 33.0 MB
[runlim] sample:		120.0 time, 120.9 real, 30.5 MB
[runlim] sample:		130.0 time, 130.9 real, 35.0 MB
[runlim] sample:		140.0 time, 140.9 real, 36.4 MB
[runlim] sample:		150.0 time, 150.9 real, 35.1 MB
[runlim] sample:		160.0 time, 160.9 real, 38.8 MB
[runlim] sample:		170.0 time, 170.9 real, 34.5 MB
[runlim] sample:		180.0 time, 180.9 real, 39.2 MB
[runlim] sample:		190.0 time, 190.9 real, 38.4 MB
[runlim] sample:		200.0 time, 200.9 real, 41.2 MB
[runlim] sample:		210.0 time, 210.9 real, 38.8 MB
[runlim] sample:		220.0 time, 220.9 real, 40.1 MB
[runlim] sample:		230.0 time, 230.9 real, 39.1 MB
[runlim] sample:		240.0 time, 240.9 real, 39.4 MB
[runlim] sample:		250.0 time, 250.9 real, 36.8 MB
[runlim] sample:		260.0 time, 260.9 real, 46.5 MB
[runlim] sample:		270.0 time, 270.9 real, 39.4 MB
[runlim] sample:		280.0 time, 280.9 real, 42.9 MB
[runlim] sample:		290.0 time, 290.9 real, 44.1 MB
[runlim] sample:		300.0 time, 300.9 real, 44.4 MB
[runlim] sample:		310.0 time, 310.9 real, 41.2 MB
[runlim] sample:		320.0 time, 320.9 real, 39.2 MB
[runlim] sample:		330.0 time, 330.9 real, 44.2 MB
[runlim] sample:		340.0 time, 340.9 real, 41.8 MB
[runlim] sample:		350.0 time, 350.9 real, 42.2 MB
[runlim] sample:		360.0 time, 360.9 real, 44.2 MB
[runlim] sample:		370.0 time, 370.9 real, 42.7 MB
[runlim] sample:		380.0 time, 380.9 real, 46.1 MB
[runlim] sample:		390.0 time, 390.9 real, 41.0 MB
[runlim] sample:		400.0 time, 400.9 real, 43.5 MB
[runlim] sample:		410.0 time, 410.9 real, 48.1 MB
[runlim] sample:		420.0 time, 420.9 real, 44.2 MB
[runlim] sample:		430.0 time, 430.9 real, 49.8 MB
[runlim] sample:		440.0 time, 440.9 real, 50.2 MB
[runlim] sample:		449.9 time, 450.9 real, 50.2 MB
[runlim] sample:		459.9 time, 460.9 real, 53.5 MB
[runlim] sample:		469.9 time, 470.9 real, 48.2 MB
[runlim] sample:		480.0 time, 480.9 real, 48.5 MB
[runlim] sample:		490.0 time, 490.9 real, 47.4 MB
[runlim] sample:		499.9 time, 500.9 real, 53.3 MB
[runlim] sample:		509.9 time, 510.9 real, 49.1 MB
[runlim] sample:		520.0 time, 520.9 real, 42.6 MB
[runlim] sample:		530.0 time, 530.9 real, 53.7 MB
[runlim] sample:		540.0 time, 540.9 real, 50.2 MB
[runlim] sample:		550.0 time, 550.9 real, 48.1 MB
[runlim] sample:		560.0 time, 560.9 real, 49.1 MB
[runlim] sample:		570.0 time, 570.9 real, 52.9 MB
[runlim] sample:		580.0 time, 580.9 real, 45.8 MB
[runlim] sample:		590.0 time, 590.9 real, 48.6 MB
[runlim] sample:		600.0 time, 600.9 real, 47.3 MB
[runlim] sample:		610.0 time, 610.9 real, 49.7 MB
[runlim] sample:		620.0 time, 620.9 real, 46.6 MB
[runlim] sample:		630.0 time, 630.9 real, 44.0 MB
[runlim] sample:		640.0 time, 640.9 real, 52.2 MB
[runlim] sample:		650.0 time, 650.9 real, 44.0 MB
[runlim] sample:		659.9 time, 660.9 real, 53.6 MB
[runlim] sample:		669.9 time, 670.9 real, 49.7 MB
[runlim] sample:		680.0 time, 680.9 real, 52.7 MB
[runlim] sample:		689.9 time, 690.9 real, 47.3 MB
[runlim] sample:		699.9 time, 700.9 real, 47.9 MB
[runlim] sample:		709.9 time, 710.9 real, 46.7 MB
[runlim] sample:		719.9 time, 720.9 real, 52.7 MB
[runlim] sample:		729.9 time, 730.9 real, 46.5 MB
[runlim] sample:		739.9 time, 740.9 real, 48.2 MB
[runlim] sample:		749.9 time, 750.9 real, 49.3 MB
[runlim] sample:		759.9 time, 760.9 real, 48.0 MB
[runlim] sample:		769.9 time, 770.9 real, 47.6 MB
[runlim] sample:		779.9 time, 780.9 real, 49.0 MB
[runlim] sample:		789.9 time, 790.9 real, 50.1 MB
[runlim] sample:		799.9 time, 800.9 real, 53.6 MB
[runlim] sample:		809.9 time, 810.9 real, 53.6 MB
[runlim] sample:		819.9 time, 820.9 real, 47.3 MB
[runlim] sample:		829.9 time, 830.9 real, 54.3 MB
[runlim] sample:		839.9 time, 840.9 real, 55.5 MB
[runlim] sample:		849.9 time, 850.9 real, 43.2 MB
[runlim] sample:		859.9 time, 860.9 real, 51.3 MB
[runlim] sample:		869.9 time, 870.9 real, 53.4 MB
[runlim] sample:		879.9 time, 880.9 real, 50.2 MB
[runlim] sample:		889.9 time, 890.9 real, 52.7 MB
[runlim] sample:		899.9 time, 900.9 real, 49.5 MB
[runlim] sample:		909.9 time, 910.9 real, 59.6 MB
[runlim] sample:		919.9 time, 920.9 real, 53.2 MB
[runlim] sample:		929.9 time, 930.9 real, 55.2 MB
[runlim] sample:		939.9 time, 940.9 real, 57.1 MB
[runlim] sample:		949.9 time, 950.9 real, 51.6 MB
[runlim] sample:		959.9 time, 960.9 real, 52.7 MB
[runlim] sample:		969.9 time, 970.9 real, 58.6 MB
[runlim] sample:		979.9 time, 980.9 real, 58.5 MB
[runlim] sample:		989.9 time, 990.9 real, 63.6 MB
[runlim] sample:		999.9 time, 1000.9 real, 63.6 MB
[runlim] sample:		1009.9 time, 1010.9 real, 52.9 MB
[runlim] sample:		1019.9 time, 1020.9 real, 56.3 MB
[runlim] sample:		1029.9 time, 1030.9 real, 53.6 MB
[runlim] sample:		1039.9 time, 1040.9 real, 54.3 MB
[runlim] sample:		1049.9 time, 1050.9 real, 57.7 MB
[runlim] sample:		1059.9 time, 1060.9 real, 58.0 MB
[runlim] sample:		1069.9 time, 1070.9 real, 54.9 MB
[runlim] sample:		1079.9 time, 1080.9 real, 53.8 MB
[runlim] sample:		1089.9 time, 1090.9 real, 54.5 MB
[runlim] sample:		1099.9 time, 1100.9 real, 66.5 MB
[runlim] sample:		1109.9 time, 1110.9 real, 54.3 MB
[runlim] sample:		1119.9 time, 1120.9 real, 50.5 MB
[runlim] sample:		1129.9 time, 1130.9 real, 51.0 MB
[runlim] sample:		1139.9 time, 1140.9 real, 59.9 MB
[runlim] sample:		1149.9 time, 1150.9 real, 62.6 MB
[runlim] sample:		1159.9 time, 1160.9 real, 55.9 MB
[runlim] sample:		1169.9 time, 1170.9 real, 58.9 MB
[runlim] sample:		1179.9 time, 1180.9 real, 60.3 MB
[runlim] sample:		1189.9 time, 1190.9 real, 65.8 MB
[runlim] end:			Tue May 12 04:12:12 2020
[runlim] status:		out of time
[runlim] result:		2
[runlim] children:		0
[runlim] real:			1200.10 seconds
[runlim] time:			1199.12 seconds
[runlim] space:			67.6 MB
[runlim] samples:		11992
[runlim] version:		1.10
[runlim] time limit:		311040000 seconds
[runlim] real time limit:	1200 seconds
[runlim] space limit:		15000 MB
[runlim] argv[0]:		/raid/steuber/Software/boolector/build/bin/boolector
[runlim] argv[1]:		/raid/steuber/Benchmarks/2019/QF_BV/20190311-bv-term-small-rw-Noetzli/bv-term-small-rw_114.smt2
[runlim] start:			Tue May 12 04:12:12 2020
[runlim] main pid:		26437
[BTOR>check_sat] 0.000043 seconds
[runlim] end:			Tue May 12 04:12:12 2020
[runlim] status:		ok
[runlim] result:		0
[runlim] children:		0
[runlim] real:			0.12 seconds
[runlim] time:			0.00 seconds
[runlim] space:			0.0 MB
[runlim] samples:		0
[runlim] version:		1.10
[runlim] time limit:		311040000 seconds
[runlim] real time limit:	1200 seconds
[runlim] space limit:		15000 MB
[runlim] argv[0]:		/raid/steuber/Software/boolector/build/bin/boolector
[runlim] argv[1]:		/raid/steuber/Benchmarks/2019/QF_BV/sage/app7/bench_5631.smt2
[runlim] start:			Tue May 12 04:12:12 2020
[runlim] main pid:		26441
[BTOR>check_sat] 0.000140 seconds
[runlim] end:			Tue May 12 04:12:12 2020
[runlim] status:		ok
[runlim] result:		0
[runlim] children:		0
[runlim] real:			0.16 seconds
[runlim] time:			0.00 seconds
[runlim] space:			0.0 MB
[runlim] samples:		0
[runlim] version:		1.10
[runlim] time limit:		311040000 seconds
[runlim] real time limit:	1200 seconds
[runlim] space limit:		15000 MB
[runlim] argv[0]:		/raid/steuber/Software/boolector/build/bin/boolector
[runlim] argv[1]:		/raid/steuber/Benchmarks/2019/QF_BV/Sage2/bench_11070.smt2
[runlim] start:			Tue May 12 04:12:12 2020
[runlim] main pid:		26445
[BTOR>check_sat] 0.090031 seconds
[runlim] end:			Tue May 12 04:12:12 2020
[runlim] status:		ok
[runlim] result:		0
[runlim] children:		0
[runlim] real:			0.31 seconds
[runlim] time:			0.08 seconds
[runlim] space:			9.6 MB
[runlim] samples:		1
[runlim] version:		1.10
[runlim] time limit:		311040000 seconds
[runlim] real time limit:	1200 seconds
[runlim] space limit:		15000 MB
[runlim] argv[0]:		/raid/steuber/Software/boolector/build/bin/boolector
[runlim] argv[1]:		/raid/steuber/Benchmarks/2019/QF_BV/sage/app7/bench_2765.smt2
[runlim] start:			Tue May 12 04:12:12 2020
[runlim] main pid:		26449
[BTOR>check_sat] 0.000154 seconds
[runlim] end:			Tue May 12 04:12:12 2020
[runlim] status:		ok
[runlim] result:		0
[runlim] children:		0
[runlim] real:			0.86 seconds
[runlim] time:			0.18 seconds
[runlim] space:			12.4 MB
[runlim] samples:		5
[runlim] version:		1.10
[runlim] time limit:		311040000 seconds
[runlim] real time limit:	1200 seconds
[runlim] space limit:		15000 MB
[runlim] argv[0]:		/raid/steuber/Software/boolector/build/bin/boolector
[runlim] argv[1]:		/raid/steuber/Benchmarks/2019/QF_BV/sage/app7/bench_5814.smt2
[runlim] start:			Tue May 12 04:12:12 2020
[runlim] main pid:		26454
[BTOR>check_sat] 0.000251 seconds
[runlim] end:			Tue May 12 04:12:14 2020
[runlim] status:		ok
[runlim] result:		0
[runlim] children:		0
[runlim] real:			2.29 seconds
[runlim] time:			1.38 seconds
[runlim] space:			47.8 MB
[runlim] samples:		14
[runlim] version:		1.10
[runlim] time limit:		311040000 seconds
[runlim] real time limit:	1200 seconds
[runlim] space limit:		15000 MB
[runlim] argv[0]:		/raid/steuber/Software/boolector/build/bin/boolector
[runlim] argv[1]:		/raid/steuber/Benchmarks/2019/QF_BV/Sage2/bench_16841.smt2
[runlim] start:			Tue May 12 04:12:14 2020
[runlim] main pid:		26459
[BTOR>check_sat] 0.119995 seconds
[runlim] end:			Tue May 12 04:12:14 2020
[runlim] status:		ok
[runlim] result:		0
[runlim] children:		0
[runlim] real:			0.42 seconds
[runlim] time:			0.09 seconds
[runlim] space:			3.3 MB
[runlim] samples:		1
[runlim] version:		1.10
[runlim] time limit:		311040000 seconds
[runlim] real time limit:	1200 seconds
[runlim] space limit:		15000 MB
[runlim] argv[0]:		/raid/steuber/Software/boolector/build/bin/boolector
[runlim] argv[1]:		/raid/steuber/Benchmarks/2019/QF_BV/sage/app2/bench_722.smt2
[runlim] start:			Tue May 12 04:12:14 2020
[runlim] main pid:		26463
[BTOR>check_sat] 0.000082 seconds
[runlim] end:			Tue May 12 04:12:14 2020
[runlim] status:		ok
[runlim] result:		0
[runlim] children:		0
[runlim] real:			0.51 seconds
[runlim] time:			0.00 seconds
[runlim] space:			0.0 MB
[runlim] samples:		0
[runlim] version:		1.10
[runlim] time limit:		311040000 seconds
[runlim] real time limit:	1200 seconds
[runlim] space limit:		15000 MB
[runlim] argv[0]:		/raid/steuber/Software/boolector/build/bin/boolector
[runlim] argv[1]:		/raid/steuber/Benchmarks/2019/QF_BV/sage/app7/bench_281.smt2
[runlim] start:			Tue May 12 04:12:14 2020
[runlim] main pid:		26467
[BTOR>check_sat] 0.000550 seconds
[runlim] end:			Tue May 12 04:12:16 2020
[runlim] status:		ok
[runlim] result:		0
[runlim] children:		0
[runlim] real:			2.34 seconds
[runlim] time:			1.77 seconds
[runlim] space:			60.3 MB
[runlim] samples:		18
[runlim] version:		1.10
[runlim] time limit:		311040000 seconds
[runlim] real time limit:	1200 seconds
[runlim] space limit:		15000 MB
[runlim] argv[0]:		/raid/steuber/Software/boolector/build/bin/boolector
[runlim] argv[1]:		/raid/steuber/Benchmarks/2019/QF_BV/sage/app1/bench_160.smt2
[runlim] start:			Tue May 12 04:12:16 2020
[runlim] main pid:		26472
[BTOR>check_sat] 0.005233 seconds
[runlim] end:			Tue May 12 04:12:16 2020
[runlim] status:		ok
[runlim] result:		0
[runlim] children:		0
[runlim] real:			0.38 seconds
[runlim] time:			0.00 seconds
[runlim] space:			0.0 MB
[runlim] samples:		0
[runlim] version:		1.10
[runlim] time limit:		311040000 seconds
[runlim] real time limit:	1200 seconds
[runlim] space limit:		15000 MB
[runlim] argv[0]:		/raid/steuber/Software/boolector/build/bin/boolector
[runlim] argv[1]:		/raid/steuber/Benchmarks/2019/QF_BV/Sage2/bench_10642.smt2
[runlim] start:			Tue May 12 04:12:16 2020
[runlim] main pid:		26476
[BTOR>check_sat] 2.289258 seconds
[runlim] end:			Tue May 12 04:12:18 2020
[runlim] status:		ok
[runlim] result:		0
[runlim] children:		0
[runlim] real:			2.75 seconds
[runlim] time:			2.24 seconds
[runlim] space:			20.9 MB
[runlim] samples:		23
[runlim] version:		1.10
[runlim] time limit:		311040000 seconds
[runlim] real time limit:	1200 seconds
[runlim] space limit:		15000 MB
[runlim] argv[0]:		/raid/steuber/Software/boolector/build/bin/boolector
[runlim] argv[1]:		/raid/steuber/Benchmarks/2019/QF_BV/sage/app7/bench_3671.smt2
[runlim] start:			Tue May 12 04:12:18 2020
[runlim] main pid:		26480
[BTOR>check_sat] 0.000976 seconds
[runlim] end:			Tue May 12 04:12:18 2020
[runlim] status:		ok
[runlim] result:		0
[runlim] children:		0
[runlim] real:			0.96 seconds
[runlim] time:			0.17 seconds
[runlim] space:			9.9 MB
[runlim] samples:		2
[runlim] version:		1.10
[runlim] time limit:		311040000 seconds
[runlim] real time limit:	1200 seconds
[runlim] space limit:		15000 MB
[runlim] argv[0]:		/raid/steuber/Software/boolector/build/bin/boolector
[runlim] argv[1]:		/raid/steuber/Benchmarks/2019/QF_BV/sage/app7/bench_1915.smt2
[runlim] start:			Tue May 12 04:12:18 2020
[runlim] main pid:		26484
[BTOR>check_sat] 0.000739 seconds
[runlim] end:			Tue May 12 04:12:19 2020
[runlim] status:		ok
[runlim] result:		0
[runlim] children:		0
[runlim] real:			1.33 seconds
[runlim] time:			0.28 seconds
[runlim] space:			17.2 MB
[runlim] samples:		3
[runlim] version:		1.10
[runlim] time limit:		311040000 seconds
[runlim] real time limit:	1200 seconds
[runlim] space limit:		15000 MB
[runlim] argv[0]:		/raid/steuber/Software/boolector/build/bin/boolector
[runlim] argv[1]:		/raid/steuber/Benchmarks/2019/QF_BV/Sage2/bench_11823.smt2
[runlim] start:			Tue May 12 04:12:19 2020
[runlim] main pid:		26488
[BTOR>check_sat] 0.188824 seconds
[runlim] end:			Tue May 12 04:12:19 2020
[runlim] status:		ok
[runlim] result:		0
[runlim] children:		0
[runlim] real:			0.61 seconds
[runlim] time:			0.18 seconds
[runlim] space:			23.1 MB
[runlim] samples:		2
[runlim] version:		1.10
[runlim] time limit:		311040000 seconds
[runlim] real time limit:	1200 seconds
[runlim] space limit:		15000 MB
[runlim] argv[0]:		/raid/steuber/Software/boolector/build/bin/boolector
[runlim] argv[1]:		/raid/steuber/Benchmarks/2019/QF_BV/sage/app11/bench_128.smt2
[runlim] start:			Tue May 12 04:12:19 2020
[runlim] main pid:		26492
[BTOR>check_sat] 0.000285 seconds
[runlim] end:			Tue May 12 04:12:20 2020
[runlim] status:		ok
[runlim] result:		0
[runlim] children:		0
[runlim] real:			1.12 seconds
[runlim] time:			0.47 seconds
[runlim] space:			29.1 MB
[runlim] samples:		5
[runlim] version:		1.10
[runlim] time limit:		311040000 seconds
[runlim] real time limit:	1200 seconds
[runlim] space limit:		15000 MB
[runlim] argv[0]:		/raid/steuber/Software/boolector/build/bin/boolector
[runlim] argv[1]:		/raid/steuber/Benchmarks/2019/QF_BV/sage/app2/bench_326.smt2
[runlim] start:			Tue May 12 04:12:20 2020
[runlim] main pid:		26496
[BTOR>check_sat] 0.001628 seconds
[runlim] end:			Tue May 12 04:12:20 2020
[runlim] status:		ok
[runlim] result:		0
[runlim] children:		0
[runlim] real:			0.14 seconds
[runlim] time:			0.00 seconds
[runlim] space:			0.0 MB
[runlim] samples:		0
[runlim] version:		1.10
[runlim] time limit:		311040000 seconds
[runlim] real time limit:	1200 seconds
[runlim] space limit:		15000 MB
[runlim] argv[0]:		/raid/steuber/Software/boolector/build/bin/boolector
[runlim] argv[1]:		/raid/steuber/Benchmarks/2019/QF_BV/sage/app2/bench_1393.smt2
[runlim] start:			Tue May 12 04:12:20 2020
[runlim] main pid:		26500
[BTOR>check_sat] 0.069888 seconds
[runlim] end:			Tue May 12 04:12:20 2020
[runlim] status:		ok
[runlim] result:		0
[runlim] children:		0
[runlim] real:			0.25 seconds
[runlim] time:			0.08 seconds
[runlim] space:			0.0 MB
[runlim] samples:		1
[runlim] version:		1.10
[runlim] time limit:		311040000 seconds
[runlim] real time limit:	1200 seconds
[runlim] space limit:		15000 MB
[runlim] argv[0]:		/raid/steuber/Software/boolector/build/bin/boolector
[runlim] argv[1]:		/raid/steuber/Benchmarks/2019/QF_BV/sage/app1/bench_276.smt2
[runlim] start:			Tue May 12 04:12:20 2020
[runlim] main pid:		26504
[BTOR>check_sat] 0.004636 seconds
[runlim] end:			Tue May 12 04:12:20 2020
[runlim] status:		ok
[runlim] result:		0
[runlim] children:		0
[runlim] real:			0.29 seconds
[runlim] time:			0.00 seconds
[runlim] space:			0.0 MB
[runlim] samples:		0
[runlim] version:		1.10
[runlim] time limit:		311040000 seconds
[runlim] real time limit:	1200 seconds
[runlim] space limit:		15000 MB
[runlim] argv[0]:		/raid/steuber/Software/boolector/build/bin/boolector
[runlim] argv[1]:		/raid/steuber/Benchmarks/2019/QF_BV/sage/app7/bench_2852.smt2
[runlim] start:			Tue May 12 04:12:20 2020
[runlim] main pid:		26508
[BTOR>check_sat] 0.000126 seconds
[runlim] end:			Tue May 12 04:12:20 2020
[runlim] status:		ok
[runlim] result:		0
[runlim] children:		0
[runlim] real:			0.53 seconds
[runlim] time:			0.17 seconds
[runlim] space:			12.1 MB
[runlim] samples:		2
[runlim] version:		1.10
[runlim] time limit:		311040000 seconds
[runlim] real time limit:	1200 seconds
[runlim] space limit:		15000 MB
[runlim] argv[0]:		/raid/steuber/Software/boolector/build/bin/boolector
[runlim] argv[1]:		/raid/steuber/Benchmarks/2019/QF_BV/sage/app1/bench_1592.smt2
[runlim] start:			Tue May 12 04:12:20 2020
[runlim] main pid:		26512
[BTOR>check_sat] 0.018173 seconds
[runlim] end:			Tue May 12 04:12:20 2020
[runlim] status:		ok
[runlim] result:		0
[runlim] children:		0
[runlim] real:			0.58 seconds
[runlim] time:			0.00 seconds
[runlim] space:			0.0 MB
[runlim] samples:		0
[runlim] version:		1.10
[runlim] time limit:		311040000 seconds
[runlim] real time limit:	1200 seconds
[runlim] space limit:		15000 MB
[runlim] argv[0]:		/raid/steuber/Software/boolector/build/bin/boolector
[runlim] argv[1]:		/raid/steuber/Benchmarks/2019/QF_BV/Sage2/bench_3170.smt2
[runlim] start:			Tue May 12 04:12:20 2020
[runlim] main pid:		26516
[BTOR>check_sat] 0.544543 seconds
[runlim] end:			Tue May 12 04:12:21 2020
[runlim] status:		ok
[runlim] result:		0
[runlim] children:		0
[runlim] real:			1.15 seconds
[runlim] time:			0.48 seconds
[runlim] space:			8.0 MB
[runlim] samples:		5
[runlim] version:		1.10
[runlim] time limit:		311040000 seconds
[runlim] real time limit:	1200 seconds
[runlim] space limit:		15000 MB
[runlim] argv[0]:		/raid/steuber/Software/boolector/build/bin/boolector
[runlim] argv[1]:		/raid/steuber/Benchmarks/2019/QF_BV/sage/app7/bench_62.smt2
[runlim] start:			Tue May 12 04:12:21 2020
[runlim] main pid:		26520
[BTOR>check_sat] 0.000254 seconds
[runlim] end:			Tue May 12 04:12:22 2020
[runlim] status:		ok
[runlim] result:		0
[runlim] children:		0
[runlim] real:			1.52 seconds
[runlim] time:			1.26 seconds
[runlim] space:			45.7 MB
[runlim] samples:		13
[runlim] version:		1.10
[runlim] time limit:		311040000 seconds
[runlim] real time limit:	1200 seconds
[runlim] space limit:		15000 MB
[runlim] argv[0]:		/raid/steuber/Software/boolector/build/bin/boolector
[runlim] argv[1]:		/raid/steuber/Benchmarks/2019/QF_BV/uclid/catchconv/convert-jpg2gif-query-1243.smt2
[runlim] start:			Tue May 12 04:12:22 2020
[runlim] main pid:		26524
[BTOR>check_sat] 0.218818 seconds
[runlim] end:			Tue May 12 04:12:22 2020
[runlim] status:		ok
[runlim] result:		0
[runlim] children:		0
[runlim] real:			0.96 seconds
[runlim] time:			0.37 seconds
[runlim] space:			16.9 MB
[runlim] samples:		4
[runlim] version:		1.10
[runlim] time limit:		311040000 seconds
[runlim] real time limit:	1200 seconds
[runlim] space limit:		15000 MB
[runlim] argv[0]:		/raid/steuber/Software/boolector/build/bin/boolector
[runlim] argv[1]:		/raid/steuber/Benchmarks/2019/QF_BV/Sage2/bench_15544.smt2
[runlim] start:			Tue May 12 04:12:22 2020
[runlim] main pid:		26528
[BTOR>check_sat] 1.300668 seconds
[runlim] end:			Tue May 12 04:12:24 2020
[runlim] status:		ok
[runlim] result:		0
[runlim] children:		0
[runlim] real:			2.64 seconds
[runlim] time:			1.56 seconds
[runlim] space:			14.9 MB
[runlim] samples:		16
[runlim] version:		1.10
[runlim] time limit:		311040000 seconds
[runlim] real time limit:	1200 seconds
[runlim] space limit:		15000 MB
[runlim] argv[0]:		/raid/steuber/Software/boolector/build/bin/boolector
[runlim] argv[1]:		/raid/steuber/Benchmarks/2019/QF_BV/sage/app7/bench_5910.smt2
[runlim] start:			Tue May 12 04:12:24 2020
[runlim] main pid:		26532
[BTOR>check_sat] 0.000089 seconds
[runlim] end:			Tue May 12 04:12:24 2020
[runlim] status:		ok
[runlim] result:		0
[runlim] children:		0
[runlim] real:			0.67 seconds
[runlim] time:			0.00 seconds
[runlim] space:			0.0 MB
[runlim] samples:		0
[runlim] version:		1.10
[runlim] time limit:		311040000 seconds
[runlim] real time limit:	1200 seconds
[runlim] space limit:		15000 MB
[runlim] argv[0]:		/raid/steuber/Software/boolector/build/bin/boolector
[runlim] argv[1]:		/raid/steuber/Benchmarks/2019/QF_BV/sage/app1/bench_1964.smt2
[runlim] start:			Tue May 12 04:12:24 2020
[runlim] main pid:		26536
[BTOR>check_sat] 0.015395 seconds
[runlim] end:			Tue May 12 04:12:24 2020
[runlim] status:		ok
[runlim] result:		0
[runlim] children:		0
[runlim] real:			0.71 seconds
[runlim] time:			0.00 seconds
[runlim] space:			0.0 MB
[runlim] samples:		0
[runlim] version:		1.10
[runlim] time limit:		311040000 seconds
[runlim] real time limit:	1200 seconds
[runlim] space limit:		15000 MB
[runlim] argv[0]:		/raid/steuber/Software/boolector/build/bin/boolector
[runlim] argv[1]:		/raid/steuber/Benchmarks/2019/QF_BV/sage/app7/bench_3194.smt2
[runlim] start:			Tue May 12 04:12:24 2020
[runlim] main pid:		26540
[BTOR>check_sat] 0.000745 seconds
[runlim] end:			Tue May 12 04:12:24 2020
[runlim] status:		ok
[runlim] result:		0
[runlim] children:		0
[runlim] real:			0.93 seconds
[runlim] time:			0.17 seconds
[runlim] space:			12.1 MB
[runlim] samples:		2
[runlim] version:		1.10
[runlim] time limit:		311040000 seconds
[runlim] real time limit:	1200 seconds
[runlim] space limit:		15000 MB
[runlim] argv[0]:		/raid/steuber/Software/boolector/build/bin/boolector
[runlim] argv[1]:		/raid/steuber/Benchmarks/2019/QF_BV/sage/app7/bench_5601.smt2
[runlim] start:			Tue May 12 04:12:24 2020
[runlim] main pid:		26544
[BTOR>check_sat] 0.000139 seconds
[runlim] end:			Tue May 12 04:12:24 2020
[runlim] status:		ok
[runlim] result:		0
[runlim] children:		0
[runlim] real:			0.97 seconds
[runlim] time:			0.00 seconds
[runlim] space:			0.0 MB
[runlim] samples:		0
[runlim] version:		1.10
[runlim] time limit:		311040000 seconds
[runlim] real time limit:	1200 seconds
[runlim] space limit:		15000 MB
[runlim] argv[0]:		/raid/steuber/Software/boolector/build/bin/boolector
[runlim] argv[1]:		/raid/steuber/Benchmarks/2019/QF_BV/Sage2/bench_5182.smt2
[runlim] start:			Tue May 12 04:12:24 2020
[runlim] main pid:		26548
[BTOR>check_sat] 2.750195 seconds
[runlim] end:			Tue May 12 04:12:28 2020
[runlim] status:		ok
[runlim] result:		0
[runlim] children:		0
[runlim] real:			4.24 seconds
[runlim] time:			3.18 seconds
[runlim] space:			332.6 MB
[runlim] samples:		32
[runlim] version:		1.10
[runlim] time limit:		311040000 seconds
[runlim] real time limit:	1200 seconds
[runlim] space limit:		15000 MB
[runlim] argv[0]:		/raid/steuber/Software/boolector/build/bin/boolector
[runlim] argv[1]:		/raid/steuber/Benchmarks/2019/QF_BV/Sage2/bench_4683.smt2
[runlim] start:			Tue May 12 04:12:28 2020
[runlim] main pid:		26552
[runlim] sample:		10.0 time, 10.2 real, 23.9 MB
[BTOR>check_sat] 14.254587 seconds
[runlim] end:			Tue May 12 04:12:42 2020
[runlim] status:		ok
[runlim] result:		0
[runlim] children:		0
[runlim] real:			14.62 seconds
[runlim] time:			14.28 seconds
[runlim] space:			27.3 MB
[runlim] samples:		143
[runlim] version:		1.10
[runlim] time limit:		311040000 seconds
[runlim] real time limit:	1200 seconds
[runlim] space limit:		15000 MB
[runlim] argv[0]:		/raid/steuber/Software/boolector/build/bin/boolector
[runlim] argv[1]:		/raid/steuber/Benchmarks/2019/QF_BV/sage/app7/bench_1416.smt2
[runlim] start:			Tue May 12 04:12:42 2020
[runlim] main pid:		26558
[BTOR>check_sat] 0.000209 seconds
[runlim] end:			Tue May 12 04:12:43 2020
[runlim] status:		ok
[runlim] result:		0
[runlim] children:		0
[runlim] real:			1.20 seconds
[runlim] time:			0.47 seconds
[runlim] space:			26.3 MB
[runlim] samples:		5
[runlim] version:		1.10
[runlim] time limit:		311040000 seconds
[runlim] real time limit:	1200 seconds
[runlim] space limit:		15000 MB
[runlim] argv[0]:		/raid/steuber/Software/boolector/build/bin/boolector
[runlim] argv[1]:		/raid/steuber/Benchmarks/2019/QF_BV/sage/app9/bench_1159.smt2
[runlim] start:			Tue May 12 04:12:43 2020
[runlim] main pid:		26562
[BTOR>check_sat] 0.000056 seconds
[runlim] end:			Tue May 12 04:12:43 2020
[runlim] status:		ok
[runlim] result:		0
[runlim] children:		0
[runlim] real:			0.22 seconds
[runlim] time:			0.00 seconds
[runlim] space:			0.0 MB
[runlim] samples:		0
[runlim] version:		1.10
[runlim] time limit:		311040000 seconds
[runlim] real time limit:	1200 seconds
[runlim] space limit:		15000 MB
[runlim] argv[0]:		/raid/steuber/Software/boolector/build/bin/boolector
[runlim] argv[1]:		/raid/steuber/Benchmarks/2019/QF_BV/sage/app10/bench_13.smt2
[runlim] start:			Tue May 12 04:12:43 2020
[runlim] main pid:		26566
[BTOR>check_sat] 0.000127 seconds
[runlim] end:			Tue May 12 04:12:43 2020
[runlim] status:		ok
[runlim] result:		0
[runlim] children:		0
[runlim] real:			0.30 seconds
[runlim] time:			0.00 seconds
[runlim] space:			0.0 MB
[runlim] samples:		0
[runlim] version:		1.10
[runlim] time limit:		311040000 seconds
[runlim] real time limit:	1200 seconds
[runlim] space limit:		15000 MB
[runlim] argv[0]:		/raid/steuber/Software/boolector/build/bin/boolector
[runlim] argv[1]:		/raid/steuber/Benchmarks/2019/QF_BV/sage/app7/bench_3503.smt2
[runlim] start:			Tue May 12 04:12:43 2020
[runlim] main pid:		26570
[BTOR>check_sat] 0.000224 seconds
[runlim] end:			Tue May 12 04:12:44 2020
[runlim] status:		ok
[runlim] result:		0
[runlim] children:		0
[runlim] real:			1.93 seconds
[runlim] time:			1.56 seconds
[runlim] space:			55.3 MB
[runlim] samples:		16
[runlim] version:		1.10
[runlim] time limit:		311040000 seconds
[runlim] real time limit:	1200 seconds
[runlim] space limit:		15000 MB
[runlim] argv[0]:		/raid/steuber/Software/boolector/build/bin/boolector
[runlim] argv[1]:		/raid/steuber/Benchmarks/2019/QF_BV/sage/app2/bench_1045.smt2
[runlim] start:			Tue May 12 04:12:44 2020
[runlim] main pid:		26574
[BTOR>check_sat] 0.000060 seconds
[runlim] end:			Tue May 12 04:12:44 2020
[runlim] status:		ok
[runlim] result:		0
[runlim] children:		0
[runlim] real:			0.98 seconds
[runlim] time:			0.00 seconds
[runlim] space:			0.0 MB
[runlim] samples:		0
[runlim] version:		1.10
[runlim] time limit:		311040000 seconds
[runlim] real time limit:	1200 seconds
[runlim] space limit:		15000 MB
[runlim] argv[0]:		/raid/steuber/Software/boolector/build/bin/boolector
[runlim] argv[1]:		/raid/steuber/Benchmarks/2019/QF_BV/Sage2/bench_4905.smt2
[runlim] start:			Tue May 12 04:12:44 2020
[runlim] main pid:		26578
[BTOR>check_sat] 0.000355 seconds
[runlim] end:			Tue May 12 04:12:44 2020
[runlim] status:		ok
[runlim] result:		0
[runlim] children:		0
[runlim] real:			1.00 seconds
[runlim] time:			0.00 seconds
[runlim] space:			0.0 MB
[runlim] samples:		0
[runlim] version:		1.10
[runlim] time limit:		311040000 seconds
[runlim] real time limit:	1200 seconds
[runlim] space limit:		15000 MB
[runlim] argv[0]:		/raid/steuber/Software/boolector/build/bin/boolector
[runlim] argv[1]:		/raid/steuber/Benchmarks/2019/QF_BV/sage/app7/bench_555.smt2
[runlim] start:			Tue May 12 04:12:44 2020
[runlim] main pid:		26582
[BTOR>check_sat] 0.000199 seconds
[runlim] end:			Tue May 12 04:12:46 2020
[runlim] status:		ok
[runlim] result:		0
[runlim] children:		0
[runlim] real:			2.31 seconds
[runlim] time:			1.27 seconds
[runlim] space:			43.2 MB
[runlim] samples:		13
[runlim] version:		1.10
[runlim] time limit:		311040000 seconds
[runlim] real time limit:	1200 seconds
[runlim] space limit:		15000 MB
[runlim] argv[0]:		/raid/steuber/Software/boolector/build/bin/boolector
[runlim] argv[1]:		/raid/steuber/Benchmarks/2019/QF_BV/sage/app7/bench_3973.smt2
[runlim] start:			Tue May 12 04:12:46 2020
[runlim] main pid:		26586
[BTOR>check_sat] 0.000867 seconds
[runlim] end:			Tue May 12 04:12:46 2020
[runlim] status:		ok
[runlim] result:		0
[runlim] children:		0
[runlim] real:			0.50 seconds
[runlim] time:			0.06 seconds
[runlim] space:			6.1 MB
[runlim] samples:		1
[runlim] version:		1.10
[runlim] time limit:		311040000 seconds
[runlim] real time limit:	1200 seconds
[runlim] space limit:		15000 MB
[runlim] argv[0]:		/raid/steuber/Software/boolector/build/bin/boolector
[runlim] argv[1]:		/raid/steuber/Benchmarks/2019/QF_BV/Sage2/bench_15055.smt2
[runlim] start:			Tue May 12 04:12:46 2020
[runlim] main pid:		26590
[BTOR>check_sat] 0.000326 seconds
[runlim] end:			Tue May 12 04:12:46 2020
[runlim] status:		ok
[runlim] result:		0
[runlim] children:		0
[runlim] real:			0.52 seconds
[runlim] time:			0.00 seconds
[runlim] space:			0.0 MB
[runlim] samples:		0
[runlim] version:		1.10
[runlim] time limit:		311040000 seconds
[runlim] real time limit:	1200 seconds
[runlim] space limit:		15000 MB
[runlim] argv[0]:		/raid/steuber/Software/boolector/build/bin/boolector
[runlim] argv[1]:		/raid/steuber/Benchmarks/2019/QF_BV/sage/app7/bench_321.smt2
[runlim] start:			Tue May 12 04:12:46 2020
[runlim] main pid:		26594
[BTOR>check_sat] 0.000201 seconds
[runlim] end:			Tue May 12 04:12:47 2020
[runlim] status:		ok
[runlim] result:		0
[runlim] children:		0
[runlim] real:			1.84 seconds
[runlim] time:			1.27 seconds
[runlim] space:			44.4 MB
[runlim] samples:		13
[runlim] version:		1.10
[runlim] time limit:		311040000 seconds
[runlim] real time limit:	1200 seconds
[runlim] space limit:		15000 MB
[runlim] argv[0]:		/raid/steuber/Software/boolector/build/bin/boolector
[runlim] argv[1]:		/raid/steuber/Benchmarks/2019/QF_BV/Sage2/bench_17223.smt2
[runlim] start:			Tue May 12 04:12:47 2020
[runlim] main pid:		26598
[runlim] sample:		10.0 time, 10.8 real, 65.6 MB
[BTOR>check_sat] 12.189853 seconds
[runlim] end:			Tue May 12 04:13:00 2020
[runlim] status:		ok
[runlim] result:		0
[runlim] children:		0
[runlim] real:			13.22 seconds
[runlim] time:			12.27 seconds
[runlim] space:			65.6 MB
[runlim] samples:		123
[runlim] version:		1.10
[runlim] time limit:		311040000 seconds
[runlim] real time limit:	1200 seconds
[runlim] space limit:		15000 MB
[runlim] argv[0]:		/raid/steuber/Software/boolector/build/bin/boolector
[runlim] argv[1]:		/raid/steuber/Benchmarks/2019/QF_BV/sage/app7/bench_5705.smt2
[runlim] start:			Tue May 12 04:13:00 2020
[runlim] main pid:		26603
[BTOR>check_sat] 0.000107 seconds
[runlim] end:			Tue May 12 04:13:00 2020
[runlim] status:		ok
[runlim] result:		0
[runlim] children:		0
[runlim] real:			0.27 seconds
[runlim] time:			0.00 seconds
[runlim] space:			0.0 MB
[runlim] samples:		0
[runlim] version:		1.10
[runlim] time limit:		311040000 seconds
[runlim] real time limit:	1200 seconds
[runlim] space limit:		15000 MB
[runlim] argv[0]:		/raid/steuber/Software/boolector/build/bin/boolector
[runlim] argv[1]:		/raid/steuber/Benchmarks/2019/QF_BV/sage/app7/bench_133.smt2
[runlim] start:			Tue May 12 04:13:00 2020
[runlim] main pid:		26607
[BTOR>check_sat] 0.000233 seconds
[runlim] end:			Tue May 12 04:13:01 2020
[runlim] status:		ok
[runlim] result:		0
[runlim] children:		0
[runlim] real:			1.63 seconds
[runlim] time:			1.27 seconds
[runlim] space:			45.7 MB
[runlim] samples:		13
[runlim] version:		1.10
[runlim] time limit:		311040000 seconds
[runlim] real time limit:	1200 seconds
[runlim] space limit:		15000 MB
[runlim] argv[0]:		/raid/steuber/Software/boolector/build/bin/boolector
[runlim] argv[1]:		/raid/steuber/Benchmarks/2019/QF_BV/sage/app9/bench_590.smt2
[runlim] start:			Tue May 12 04:13:01 2020
[runlim] main pid:		26612
[BTOR>check_sat] 0.000028 seconds
[runlim] end:			Tue May 12 04:13:01 2020
[runlim] status:		ok
[runlim] result:		0
[runlim] children:		0
[runlim] real:			0.65 seconds
[runlim] time:			0.00 seconds
[runlim] space:			0.0 MB
[runlim] samples:		0
[runlim] version:		1.10
[runlim] time limit:		311040000 seconds
[runlim] real time limit:	1200 seconds
[runlim] space limit:		15000 MB
[runlim] argv[0]:		/raid/steuber/Software/boolector/build/bin/boolector
[runlim] argv[1]:		/raid/steuber/Benchmarks/2019/QF_BV/Sage2/bench_12403.smt2
[runlim] start:			Tue May 12 04:13:01 2020
[runlim] main pid:		26616
[BTOR>check_sat] 2.332428 seconds
[runlim] end:			Tue May 12 04:13:04 2020
[runlim] status:		ok
[runlim] result:		0
[runlim] children:		0
[runlim] real:			3.03 seconds
[runlim] time:			2.26 seconds
[runlim] space:			14.9 MB
[runlim] samples:		23
[runlim] version:		1.10
[runlim] time limit:		311040000 seconds
[runlim] real time limit:	1200 seconds
[runlim] space limit:		15000 MB
[runlim] argv[0]:		/raid/steuber/Software/boolector/build/bin/boolector
[runlim] argv[1]:		/raid/steuber/Benchmarks/2019/QF_BV/sage/app7/bench_2488.smt2
[runlim] start:			Tue May 12 04:13:04 2020
[runlim] main pid:		26620
[BTOR>check_sat] 0.000113 seconds
[runlim] end:			Tue May 12 04:13:04 2020
[runlim] status:		ok
[runlim] result:		0
[runlim] children:		0
[runlim] real:			0.30 seconds
[runlim] time:			0.17 seconds
[runlim] space:			11.6 MB
[runlim] samples:		2
[runlim] version:		1.10
[runlim] time limit:		311040000 seconds
[runlim] real time limit:	1200 seconds
[runlim] space limit:		15000 MB
[runlim] argv[0]:		/raid/steuber/Software/boolector/build/bin/boolector
[runlim] argv[1]:		/raid/steuber/Benchmarks/2019/QF_BV/sage/app7/bench_6220.smt2
[runlim] start:			Tue May 12 04:13:04 2020
[runlim] main pid:		26624
[BTOR>check_sat] 0.000050 seconds
[runlim] end:			Tue May 12 04:13:04 2020
[runlim] status:		ok
[runlim] result:		0
[runlim] children:		0
[runlim] real:			0.32 seconds
[runlim] time:			0.00 seconds
[runlim] space:			0.0 MB
[runlim] samples:		0
[runlim] version:		1.10
[runlim] time limit:		311040000 seconds
[runlim] real time limit:	1200 seconds
[runlim] space limit:		15000 MB
[runlim] argv[0]:		/raid/steuber/Software/boolector/build/bin/boolector
[runlim] argv[1]:		/raid/steuber/Benchmarks/2019/QF_BV/Sage2/bench_16873.smt2
[runlim] start:			Tue May 12 04:13:04 2020
[runlim] main pid:		26628
[BTOR>check_sat] 0.233591 seconds
[runlim] end:			Tue May 12 04:13:04 2020
[runlim] status:		ok
[runlim] result:		0
[runlim] children:		0
[runlim] real:			0.57 seconds
[runlim] time:			0.18 seconds
[runlim] space:			4.6 MB
[runlim] samples:		2
[runlim] version:		1.10
[runlim] time limit:		311040000 seconds
[runlim] real time limit:	1200 seconds
[runlim] space limit:		15000 MB
[runlim] argv[0]:		/raid/steuber/Software/boolector/build/bin/boolector
[runlim] argv[1]:		/raid/steuber/Benchmarks/2019/QF_BV/Sage2/bench_6770.smt2
[runlim] start:			Tue May 12 04:13:04 2020
[runlim] main pid:		26632
[BTOR>check_sat] 0.563591 seconds
[runlim] end:			Tue May 12 04:13:05 2020
[runlim] status:		ok
[runlim] result:		0
[runlim] children:		0
[runlim] real:			1.86 seconds
[runlim] time:			0.86 seconds
[runlim] space:			26.7 MB
[runlim] samples:		12
[runlim] version:		1.10
[runlim] time limit:		311040000 seconds
[runlim] real time limit:	1200 seconds
[runlim] space limit:		15000 MB
[runlim] argv[0]:		/raid/steuber/Software/boolector/build/bin/boolector
[runlim] argv[1]:		/raid/steuber/Benchmarks/2019/QF_BV/sage/app7/bench_3043.smt2
[runlim] start:			Tue May 12 04:13:05 2020
[runlim] main pid:		26636
[BTOR>check_sat] 0.000794 seconds
[runlim] end:			Tue May 12 04:13:06 2020
[runlim] status:		ok
[runlim] result:		0
[runlim] children:		0
[runlim] real:			1.10 seconds
[runlim] time:			0.16 seconds
[runlim] space:			11.6 MB
[runlim] samples:		2
[runlim] version:		1.10
[runlim] time limit:		311040000 seconds
[runlim] real time limit:	1200 seconds
[runlim] space limit:		15000 MB
[runlim] argv[0]:		/raid/steuber/Software/boolector/build/bin/boolector
[runlim] argv[1]:		/raid/steuber/Benchmarks/2019/QF_BV/log-slicing/bvudiv_23.smt2
[runlim] start:			Tue May 12 04:13:06 2020
[runlim] main pid:		26640
[runlim] sample:		10.0 time, 10.1 real, 18.2 MB
[runlim] sample:		20.0 time, 20.1 real, 21.3 MB
[runlim] sample:		30.0 time, 30.1 real, 25.7 MB
[runlim] sample:		40.0 time, 40.1 real, 28.7 MB
[runlim] sample:		50.0 time, 50.1 real, 27.3 MB
[runlim] sample:		60.0 time, 60.1 real, 27.4 MB
[runlim] sample:		70.0 time, 70.1 real, 27.7 MB
[runlim] sample:		80.0 time, 80.1 real, 29.3 MB
[runlim] sample:		90.0 time, 90.1 real, 31.8 MB
[runlim] sample:		100.0 time, 100.1 real, 31.3 MB
[runlim] sample:		110.0 time, 110.1 real, 24.6 MB
[runlim] sample:		120.0 time, 120.1 real, 31.9 MB
[runlim] sample:		130.0 time, 130.1 real, 32.1 MB
[runlim] sample:		140.0 time, 140.1 real, 31.3 MB
[runlim] sample:		150.0 time, 150.1 real, 29.4 MB
[runlim] sample:		160.0 time, 160.1 real, 27.9 MB
[runlim] sample:		170.0 time, 170.1 real, 30.8 MB
[runlim] sample:		180.0 time, 180.1 real, 33.8 MB
[runlim] sample:		190.0 time, 190.1 real, 33.4 MB
[runlim] sample:		200.0 time, 200.1 real, 33.0 MB
[runlim] sample:		210.0 time, 210.1 real, 33.4 MB
[runlim] sample:		220.0 time, 220.1 real, 34.7 MB
[runlim] sample:		230.0 time, 230.1 real, 34.4 MB
[runlim] sample:		240.0 time, 240.1 real, 37.1 MB
[runlim] sample:		250.0 time, 250.1 real, 36.7 MB
[runlim] sample:		260.0 time, 260.1 real, 40.2 MB
[runlim] sample:		270.0 time, 270.1 real, 40.5 MB
[runlim] sample:		280.0 time, 280.1 real, 39.1 MB
[runlim] sample:		290.0 time, 290.1 real, 42.6 MB
[runlim] sample:		300.0 time, 300.1 real, 40.9 MB
[runlim] sample:		310.0 time, 310.1 real, 38.9 MB
[runlim] sample:		320.0 time, 320.1 real, 37.9 MB
[runlim] sample:		330.0 time, 330.1 real, 37.8 MB
[runlim] sample:		340.0 time, 340.1 real, 39.2 MB
[runlim] sample:		350.0 time, 350.1 real, 41.6 MB
[runlim] sample:		360.0 time, 360.1 real, 41.6 MB
[runlim] sample:		370.0 time, 370.1 real, 39.6 MB
[runlim] sample:		380.0 time, 380.1 real, 44.3 MB
[runlim] sample:		390.0 time, 390.1 real, 37.5 MB
[runlim] sample:		400.0 time, 400.1 real, 41.9 MB
[runlim] sample:		409.9 time, 410.1 real, 41.5 MB
[runlim] sample:		420.0 time, 420.1 real, 39.1 MB
[runlim] sample:		430.0 time, 430.1 real, 43.3 MB
[runlim] sample:		439.9 time, 440.1 real, 38.3 MB
[runlim] sample:		450.0 time, 450.1 real, 45.8 MB
[runlim] sample:		459.9 time, 460.1 real, 44.6 MB
[runlim] sample:		470.0 time, 470.1 real, 44.8 MB
[runlim] sample:		479.9 time, 480.1 real, 41.2 MB
[runlim] sample:		489.9 time, 490.1 real, 44.4 MB
[runlim] sample:		500.0 time, 500.1 real, 41.4 MB
[runlim] sample:		509.9 time, 510.1 real, 47.0 MB
[runlim] sample:		520.0 time, 520.1 real, 41.3 MB
[runlim] sample:		530.0 time, 530.1 real, 45.2 MB
[runlim] sample:		540.0 time, 540.1 real, 40.5 MB
[runlim] sample:		550.0 time, 550.1 real, 40.5 MB
[runlim] sample:		560.0 time, 560.1 real, 42.1 MB
[runlim] sample:		570.0 time, 570.1 real, 46.2 MB
[runlim] sample:		580.0 time, 580.1 real, 41.2 MB
[runlim] sample:		590.0 time, 590.1 real, 41.8 MB
[runlim] sample:		600.0 time, 600.1 real, 44.7 MB
[runlim] sample:		610.0 time, 610.1 real, 41.9 MB
[runlim] sample:		620.0 time, 620.1 real, 42.2 MB
[runlim] sample:		630.0 time, 630.1 real, 42.9 MB
[runlim] sample:		640.0 time, 640.1 real, 47.2 MB
[runlim] sample:		650.0 time, 650.1 real, 47.7 MB
[runlim] sample:		660.0 time, 660.1 real, 42.6 MB
[runlim] sample:		670.0 time, 670.1 real, 45.2 MB
[runlim] sample:		680.0 time, 680.1 real, 44.4 MB
[runlim] sample:		690.0 time, 690.1 real, 45.2 MB
[runlim] sample:		700.0 time, 700.1 real, 45.6 MB
[runlim] sample:		709.9 time, 710.1 real, 45.6 MB
[runlim] sample:		720.0 time, 720.1 real, 47.5 MB
[runlim] sample:		729.9 time, 730.1 real, 44.6 MB
[runlim] sample:		739.9 time, 740.1 real, 49.1 MB
[runlim] sample:		750.0 time, 750.1 real, 49.1 MB
[runlim] sample:		759.9 time, 760.1 real, 50.3 MB
[runlim] sample:		769.9 time, 770.1 real, 51.1 MB
[runlim] sample:		779.9 time, 780.1 real, 50.8 MB
[runlim] sample:		789.9 time, 790.1 real, 56.2 MB
[runlim] sample:		799.9 time, 800.1 real, 52.5 MB
[runlim] sample:		809.9 time, 810.1 real, 47.1 MB
[runlim] sample:		819.9 time, 820.1 real, 48.1 MB
[runlim] sample:		829.9 time, 830.1 real, 43.7 MB
[runlim] sample:		839.9 time, 840.1 real, 44.1 MB
[runlim] sample:		849.9 time, 850.1 real, 49.6 MB
[runlim] sample:		859.9 time, 860.1 real, 49.6 MB
[runlim] sample:		869.9 time, 870.1 real, 51.6 MB
[runlim] sample:		879.9 time, 880.1 real, 50.4 MB
[runlim] sample:		889.9 time, 890.1 real, 52.9 MB
[runlim] sample:		899.9 time, 900.1 real, 50.5 MB
[runlim] sample:		909.9 time, 910.1 real, 49.9 MB
[runlim] sample:		919.9 time, 920.1 real, 49.2 MB
[runlim] sample:		929.9 time, 930.1 real, 56.2 MB
[runlim] sample:		939.9 time, 940.1 real, 46.5 MB
[runlim] sample:		949.9 time, 950.1 real, 55.1 MB
[runlim] sample:		959.9 time, 960.1 real, 47.1 MB
[runlim] sample:		969.9 time, 970.1 real, 54.9 MB
[runlim] sample:		979.9 time, 980.1 real, 53.2 MB
[runlim] sample:		989.9 time, 990.1 real, 54.9 MB
[runlim] sample:		999.9 time, 1000.1 real, 53.2 MB
[runlim] sample:		1009.9 time, 1010.1 real, 51.3 MB
[runlim] sample:		1019.9 time, 1020.1 real, 49.3 MB
[runlim] sample:		1029.9 time, 1030.1 real, 50.7 MB
[runlim] sample:		1039.9 time, 1040.1 real, 51.9 MB
[runlim] sample:		1049.9 time, 1050.1 real, 50.7 MB
[runlim] sample:		1059.9 time, 1060.1 real, 47.6 MB
[runlim] sample:		1069.9 time, 1070.1 real, 57.4 MB
[runlim] sample:		1079.9 time, 1080.1 real, 51.7 MB
[runlim] sample:		1089.9 time, 1090.1 real, 54.3 MB
[runlim] sample:		1099.9 time, 1100.1 real, 50.8 MB
[runlim] sample:		1109.9 time, 1110.1 real, 50.2 MB
[runlim] sample:		1119.9 time, 1120.1 real, 52.6 MB
[runlim] sample:		1129.9 time, 1130.1 real, 55.5 MB
[runlim] sample:		1139.9 time, 1140.1 real, 52.3 MB
[runlim] sample:		1149.9 time, 1150.1 real, 48.7 MB
[runlim] sample:		1159.9 time, 1160.1 real, 48.7 MB
[runlim] sample:		1169.9 time, 1170.1 real, 47.3 MB
[runlim] sample:		1179.9 time, 1180.1 real, 53.0 MB
[runlim] sample:		1189.9 time, 1190.1 real, 53.9 MB
[runlim] end:			Tue May 12 04:33:06 2020
[runlim] status:		out of time
[runlim] result:		2
[runlim] children:		0
[runlim] real:			1200.03 seconds
[runlim] time:			1199.83 seconds
[runlim] space:			61.3 MB
[runlim] samples:		11999
[runlim] version:		1.10
[runlim] time limit:		311040000 seconds
[runlim] real time limit:	1200 seconds
[runlim] space limit:		15000 MB
[runlim] argv[0]:		/raid/steuber/Software/boolector/build/bin/boolector
[runlim] argv[1]:		/raid/steuber/Benchmarks/2019/QF_BV/sage/app7/bench_703.smt2
[runlim] start:			Tue May 12 04:33:06 2020
[runlim] main pid:		27139
[BTOR>check_sat] 0.000562 seconds
[runlim] end:			Tue May 12 04:33:07 2020
[runlim] status:		ok
[runlim] result:		0
[runlim] children:		0
[runlim] real:			1.92 seconds
[runlim] time:			1.76 seconds
[runlim] space:			60.4 MB
[runlim] samples:		18
[runlim] version:		1.10
[runlim] time limit:		311040000 seconds
[runlim] real time limit:	1200 seconds
[runlim] space limit:		15000 MB
[runlim] argv[0]:		/raid/steuber/Software/boolector/build/bin/boolector
[runlim] argv[1]:		/raid/steuber/Benchmarks/2019/QF_BV/Sage2/bench_1677.smt2
[runlim] start:			Tue May 12 04:33:07 2020
[runlim] main pid:		27144
[BTOR>check_sat] 0.816543 seconds
[runlim] end:			Tue May 12 04:33:08 2020
[runlim] status:		ok
[runlim] result:		0
[runlim] children:		0
[runlim] real:			1.76 seconds
[runlim] time:			0.77 seconds
[runlim] space:			11.9 MB
[runlim] samples:		8
[runlim] version:		1.10
[runlim] time limit:		311040000 seconds
[runlim] real time limit:	1200 seconds
[runlim] space limit:		15000 MB
[runlim] argv[0]:		/raid/steuber/Software/boolector/build/bin/boolector
[runlim] argv[1]:		/raid/steuber/Benchmarks/2019/QF_BV/sage/app7/bench_2263.smt2
[runlim] start:			Tue May 12 04:33:08 2020
[runlim] main pid:		27148
[BTOR>check_sat] 0.000109 seconds
[runlim] end:			Tue May 12 04:33:09 2020
[runlim] status:		ok
[runlim] result:		0
[runlim] children:		0
[runlim] real:			1.06 seconds
[runlim] time:			0.17 seconds
[runlim] space:			11.6 MB
[runlim] samples:		2
[runlim] version:		1.10
[runlim] time limit:		311040000 seconds
[runlim] real time limit:	1200 seconds
[runlim] space limit:		15000 MB
[runlim] argv[0]:		/raid/steuber/Software/boolector/build/bin/boolector
[runlim] argv[1]:		/raid/steuber/Benchmarks/2019/QF_BV/sage/app9/bench_7.smt2
[runlim] start:			Tue May 12 04:33:09 2020
[runlim] main pid:		27152
[BTOR>check_sat] 0.004187 seconds
[runlim] end:			Tue May 12 04:33:09 2020
[runlim] status:		ok
[runlim] result:		0
[runlim] children:		0
[runlim] real:			0.09 seconds
[runlim] time:			0.00 seconds
[runlim] space:			0.0 MB
[runlim] samples:		0
[runlim] version:		1.10
[runlim] time limit:		311040000 seconds
[runlim] real time limit:	1200 seconds
[runlim] space limit:		15000 MB
[runlim] argv[0]:		/raid/steuber/Software/boolector/build/bin/boolector
[runlim] argv[1]:		/raid/steuber/Benchmarks/2019/QF_BV/sage/app9/bench_486.smt2
[runlim] start:			Tue May 12 04:33:09 2020
[runlim] main pid:		27156
[BTOR>check_sat] 0.004012 seconds
[runlim] end:			Tue May 12 04:33:09 2020
[runlim] status:		ok
[runlim] result:		0
[runlim] children:		0
[runlim] real:			0.10 seconds
[runlim] time:			0.00 seconds
[runlim] space:			0.0 MB
[runlim] samples:		0
[runlim] version:		1.10
[runlim] time limit:		311040000 seconds
[runlim] real time limit:	1200 seconds
[runlim] space limit:		15000 MB
[runlim] argv[0]:		/raid/steuber/Software/boolector/build/bin/boolector
[runlim] argv[1]:		/raid/steuber/Benchmarks/2019/QF_BV/sage/app7/bench_4441.smt2
[runlim] start:			Tue May 12 04:33:09 2020
[runlim] main pid:		27160
[BTOR>check_sat] 0.000412 seconds
[runlim] end:			Tue May 12 04:33:09 2020
[runlim] status:		ok
[runlim] result:		0
[runlim] children:		0
[runlim] real:			0.28 seconds
[runlim] time:			0.06 seconds
[runlim] space:			5.7 MB
[runlim] samples:		1
[runlim] version:		1.10
[runlim] time limit:		311040000 seconds
[runlim] real time limit:	1200 seconds
[runlim] space limit:		15000 MB
[runlim] argv[0]:		/raid/steuber/Software/boolector/build/bin/boolector
[runlim] argv[1]:		/raid/steuber/Benchmarks/2019/QF_BV/sage/app1/bench_2110.smt2
[runlim] start:			Tue May 12 04:33:09 2020
[runlim] main pid:		27164
[BTOR>check_sat] 0.012689 seconds
[runlim] end:			Tue May 12 04:33:09 2020
[runlim] status:		ok
[runlim] result:		0
[runlim] children:		0
[runlim] real:			0.32 seconds
[runlim] time:			0.00 seconds
[runlim] space:			0.0 MB
[runlim] samples:		0
[runlim] version:		1.10
[runlim] time limit:		311040000 seconds
[runlim] real time limit:	1200 seconds
[runlim] space limit:		15000 MB
[runlim] argv[0]:		/raid/steuber/Software/boolector/build/bin/boolector
[runlim] argv[1]:		/raid/steuber/Benchmarks/2019/QF_BV/sage/app9/bench_310.smt2
[runlim] start:			Tue May 12 04:33:09 2020
[runlim] main pid:		27168
[BTOR>check_sat] 0.000029 seconds
[runlim] end:			Tue May 12 04:33:09 2020
[runlim] status:		ok
[runlim] result:		0
[runlim] children:		0
[runlim] real:			0.34 seconds
[runlim] time:			0.00 seconds
[runlim] space:			0.0 MB
[runlim] samples:		0
[runlim] version:		1.10
[runlim] time limit:		311040000 seconds
[runlim] real time limit:	1200 seconds
[runlim] space limit:		15000 MB
[runlim] argv[0]:		/raid/steuber/Software/boolector/build/bin/boolector
[runlim] argv[1]:		/raid/steuber/Benchmarks/2019/QF_BV/Sage2/bench_17224.smt2
[runlim] start:			Tue May 12 04:33:09 2020
[runlim] main pid:		27172
[BTOR>check_sat] 3.548305 seconds
[runlim] end:			Tue May 12 04:33:12 2020
[runlim] status:		ok
[runlim] result:		0
[runlim] children:		0
[runlim] real:			3.94 seconds
[runlim] time:			3.46 seconds
[runlim] space:			28.1 MB
[runlim] samples:		35
[runlim] version:		1.10
[runlim] time limit:		311040000 seconds
[runlim] real time limit:	1200 seconds
[runlim] space limit:		15000 MB
[runlim] argv[0]:		/raid/steuber/Software/boolector/build/bin/boolector
[runlim] argv[1]:		/raid/steuber/Benchmarks/2019/QF_BV/sage/app9/bench_519.smt2
[runlim] start:			Tue May 12 04:33:12 2020
[runlim] main pid:		27176
[BTOR>check_sat] 0.001037 seconds
[runlim] end:			Tue May 12 04:33:12 2020
[runlim] status:		ok
[runlim] result:		0
[runlim] children:		0
[runlim] real:			0.96 seconds
[runlim] time:			0.00 seconds
[runlim] space:			0.0 MB
[runlim] samples:		0
[runlim] version:		1.10
[runlim] time limit:		311040000 seconds
[runlim] real time limit:	1200 seconds
[runlim] space limit:		15000 MB
[runlim] argv[0]:		/raid/steuber/Software/boolector/build/bin/boolector
[runlim] argv[1]:		/raid/steuber/Benchmarks/2019/QF_BV/sage/app7/bench_56.smt2
[runlim] start:			Tue May 12 04:33:12 2020
[runlim] main pid:		27180
[BTOR>check_sat] 0.000299 seconds
[runlim] end:			Tue May 12 04:33:14 2020
[runlim] status:		ok
[runlim] result:		0
[runlim] children:		0
[runlim] real:			2.34 seconds
[runlim] time:			1.26 seconds
[runlim] space:			45.7 MB
[runlim] samples:		13
[runlim] version:		1.10
[runlim] time limit:		311040000 seconds
[runlim] real time limit:	1200 seconds
[runlim] space limit:		15000 MB
[runlim] argv[0]:		/raid/steuber/Software/boolector/build/bin/boolector
[runlim] argv[1]:		/raid/steuber/Benchmarks/2019/QF_BV/sage/app9/bench_1503.smt2
[runlim] start:			Tue May 12 04:33:14 2020
[runlim] main pid:		27185
[BTOR>check_sat] 0.007609 seconds
[runlim] end:			Tue May 12 04:33:14 2020
[runlim] status:		ok
[runlim] result:		0
[runlim] children:		0
[runlim] real:			0.38 seconds
[runlim] time:			0.00 seconds
[runlim] space:			0.0 MB
[runlim] samples:		0
