[runlim] version:		1.10
[runlim] time limit:		311040000 seconds
[runlim] real time limit:	1200 seconds
[runlim] space limit:		15000 MB
[runlim] argv[0]:		/raid/steuber/Software/boolector/build/bin/boolector
[runlim] argv[1]:		/raid/steuber/Benchmarks/2019/QF_BV/sage/app7/bench_4712.smt2
[runlim] start:			Tue May 12 03:57:01 2020
[runlim] main pid:		26239
[BTOR>check_sat] 0.000575 seconds
[runlim] end:			Tue May 12 03:57:01 2020
[runlim] status:		ok
[runlim] result:		0
[runlim] children:		0
[runlim] real:			0.35 seconds
[runlim] time:			0.07 seconds
[runlim] space:			6.4 MB
[runlim] samples:		1
[runlim] version:		1.10
[runlim] time limit:		311040000 seconds
[runlim] real time limit:	1200 seconds
[runlim] space limit:		15000 MB
[runlim] argv[0]:		/raid/steuber/Software/boolector/build/bin/boolector
[runlim] argv[1]:		/raid/steuber/Benchmarks/2019/QF_BV/Sage2/bench_12928.smt2
[runlim] start:			Tue May 12 03:57:01 2020
[runlim] main pid:		26243
[BTOR>check_sat] 0.401246 seconds
[runlim] end:			Tue May 12 03:57:01 2020
[runlim] status:		ok
[runlim] result:		0
[runlim] children:		0
[runlim] real:			0.80 seconds
[runlim] time:			0.37 seconds
[runlim] space:			6.9 MB
[runlim] samples:		4
[runlim] version:		1.10
[runlim] time limit:		311040000 seconds
[runlim] real time limit:	1200 seconds
[runlim] space limit:		15000 MB
[runlim] argv[0]:		/raid/steuber/Software/boolector/build/bin/boolector
[runlim] argv[1]:		/raid/steuber/Benchmarks/2019/QF_BV/float/test_v5_r15_vr1_c1_s32559.smt2
[runlim] start:			Tue May 12 03:57:01 2020
[runlim] main pid:		26247
[runlim] sample:		10.0 time, 10.8 real, 204.8 MB
[runlim] sample:		20.0 time, 20.8 real, 182.0 MB
[runlim] sample:		30.0 time, 30.8 real, 220.2 MB
[runlim] sample:		40.0 time, 40.8 real, 201.2 MB
[runlim] sample:		50.0 time, 50.8 real, 223.8 MB
[runlim] sample:		60.0 time, 60.8 real, 220.6 MB
[runlim] sample:		70.0 time, 70.8 real, 222.3 MB
[runlim] sample:		80.0 time, 80.8 real, 230.7 MB
[runlim] sample:		90.0 time, 90.8 real, 230.7 MB
[runlim] sample:		100.0 time, 100.8 real, 234.1 MB
[runlim] sample:		110.0 time, 110.8 real, 236.3 MB
[runlim] sample:		120.0 time, 120.8 real, 236.3 MB
[runlim] sample:		130.0 time, 130.8 real, 239.3 MB
[runlim] sample:		140.0 time, 140.8 real, 238.8 MB
[runlim] sample:		150.0 time, 150.8 real, 238.7 MB
[runlim] sample:		160.0 time, 160.8 real, 239.8 MB
[runlim] sample:		170.0 time, 170.8 real, 240.2 MB
[runlim] sample:		180.0 time, 180.8 real, 240.2 MB
[runlim] sample:		190.0 time, 190.8 real, 239.9 MB
[runlim] sample:		200.0 time, 200.8 real, 241.0 MB
[runlim] sample:		210.0 time, 210.8 real, 241.4 MB
[runlim] sample:		220.0 time, 220.8 real, 242.4 MB
[runlim] sample:		230.0 time, 230.8 real, 242.4 MB
[runlim] sample:		240.0 time, 240.8 real, 245.2 MB
[runlim] sample:		250.0 time, 250.8 real, 244.0 MB
[runlim] sample:		260.0 time, 260.8 real, 243.5 MB
[runlim] sample:		270.0 time, 270.8 real, 243.5 MB
[runlim] sample:		280.0 time, 280.8 real, 243.5 MB
[runlim] sample:		290.0 time, 290.8 real, 264.5 MB
[runlim] sample:		300.0 time, 300.8 real, 269.9 MB
[runlim] sample:		310.0 time, 310.8 real, 269.9 MB
[runlim] sample:		320.0 time, 320.8 real, 269.9 MB
[runlim] sample:		330.0 time, 330.8 real, 269.9 MB
[runlim] sample:		340.0 time, 340.8 real, 274.3 MB
[runlim] sample:		350.0 time, 350.8 real, 274.3 MB
[runlim] sample:		360.0 time, 360.8 real, 274.3 MB
[runlim] sample:		370.0 time, 370.8 real, 274.3 MB
[runlim] sample:		380.0 time, 380.8 real, 274.3 MB
[runlim] sample:		390.0 time, 390.8 real, 274.3 MB
[runlim] sample:		400.0 time, 400.8 real, 274.3 MB
[runlim] sample:		410.0 time, 410.8 real, 300.8 MB
[runlim] sample:		419.9 time, 420.8 real, 278.1 MB
[runlim] sample:		429.9 time, 430.8 real, 278.1 MB
[runlim] sample:		439.9 time, 440.8 real, 278.1 MB
[runlim] sample:		449.9 time, 450.8 real, 278.1 MB
[BTOR>check_sat] 459.389199 seconds
[runlim] end:			Tue May 12 04:04:41 2020
[runlim] status:		ok
[runlim] result:		0
[runlim] children:		0
[runlim] real:			460.60 seconds
[runlim] time:			459.65 seconds
[runlim] space:			317.0 MB
[runlim] samples:		4597
[runlim] version:		1.10
[runlim] time limit:		311040000 seconds
[runlim] real time limit:	1200 seconds
[runlim] space limit:		15000 MB
[runlim] argv[0]:		/raid/steuber/Software/boolector/build/bin/boolector
[runlim] argv[1]:		/raid/steuber/Benchmarks/2019/QF_BV/Sage2/bench_5341.smt2
[runlim] start:			Tue May 12 04:04:41 2020
[runlim] main pid:		26328
[BTOR>check_sat] 5.698273 seconds
[runlim] end:			Tue May 12 04:04:47 2020
[runlim] status:		ok
[runlim] result:		0
[runlim] children:		0
[runlim] real:			6.75 seconds
[runlim] time:			6.08 seconds
[runlim] space:			18.2 MB
[runlim] samples:		61
[runlim] version:		1.10
[runlim] time limit:		311040000 seconds
[runlim] real time limit:	1200 seconds
[runlim] space limit:		15000 MB
[runlim] argv[0]:		/raid/steuber/Software/boolector/build/bin/boolector
[runlim] argv[1]:		/raid/steuber/Benchmarks/2019/QF_BV/sage/app7/bench_3640.smt2
[runlim] start:			Tue May 12 04:04:47 2020
[runlim] main pid:		26335
[BTOR>check_sat] 0.000702 seconds
[runlim] end:			Tue May 12 04:04:47 2020
[runlim] status:		ok
[runlim] result:		0
[runlim] children:		0
[runlim] real:			0.96 seconds
[runlim] time:			0.17 seconds
[runlim] space:			10.0 MB
[runlim] samples:		2
[runlim] version:		1.10
[runlim] time limit:		311040000 seconds
[runlim] real time limit:	1200 seconds
[runlim] space limit:		15000 MB
[runlim] argv[0]:		/raid/steuber/Software/boolector/build/bin/boolector
[runlim] argv[1]:		/raid/steuber/Benchmarks/2019/QF_BV/Sage2/bench_11302.smt2
[runlim] start:			Tue May 12 04:04:47 2020
[runlim] main pid:		26339
[BTOR>check_sat] 0.124963 seconds
[runlim] end:			Tue May 12 04:04:48 2020
[runlim] status:		ok
[runlim] result:		0
[runlim] children:		0
[runlim] real:			1.17 seconds
[runlim] time:			0.17 seconds
[runlim] space:			14.2 MB
[runlim] samples:		2
[runlim] version:		1.10
[runlim] time limit:		311040000 seconds
[runlim] real time limit:	1200 seconds
[runlim] space limit:		15000 MB
[runlim] argv[0]:		/raid/steuber/Software/boolector/build/bin/boolector
[runlim] argv[1]:		/raid/steuber/Benchmarks/2019/QF_BV/sage/app2/bench_1191.smt2
[runlim] start:			Tue May 12 04:04:48 2020
[runlim] main pid:		26343
[BTOR>check_sat] 0.000057 seconds
[runlim] end:			Tue May 12 04:04:48 2020
[runlim] status:		ok
[runlim] result:		0
[runlim] children:		0
[runlim] real:			0.20 seconds
[runlim] time:			0.00 seconds
[runlim] space:			0.0 MB
[runlim] samples:		0
[runlim] version:		1.10
[runlim] time limit:		311040000 seconds
[runlim] real time limit:	1200 seconds
[runlim] space limit:		15000 MB
[runlim] argv[0]:		/raid/steuber/Software/boolector/build/bin/boolector
[runlim] argv[1]:		/raid/steuber/Benchmarks/2019/QF_BV/Sage2/bench_7658.smt2
[runlim] start:			Tue May 12 04:04:48 2020
[runlim] main pid:		26347
[BTOR>check_sat] 0.219005 seconds
[runlim] end:			Tue May 12 04:04:48 2020
[runlim] status:		ok
[runlim] result:		0
[runlim] children:		0
[runlim] real:			0.49 seconds
[runlim] time:			0.17 seconds
[runlim] space:			12.8 MB
[runlim] samples:		2
[runlim] version:		1.10
[runlim] time limit:		311040000 seconds
[runlim] real time limit:	1200 seconds
[runlim] space limit:		15000 MB
[runlim] argv[0]:		/raid/steuber/Software/boolector/build/bin/boolector
[runlim] argv[1]:		/raid/steuber/Benchmarks/2019/QF_BV/sage/app7/bench_2780.smt2
[runlim] start:			Tue May 12 04:04:48 2020
[runlim] main pid:		26351
[BTOR>check_sat] 0.000475 seconds
[runlim] end:			Tue May 12 04:04:50 2020
[runlim] status:		ok
[runlim] result:		0
[runlim] children:		0
[runlim] real:			2.34 seconds
[runlim] time:			1.78 seconds
[runlim] space:			60.2 MB
[runlim] samples:		18
[runlim] version:		1.10
[runlim] time limit:		311040000 seconds
[runlim] real time limit:	1200 seconds
[runlim] space limit:		15000 MB
[runlim] argv[0]:		/raid/steuber/Software/boolector/build/bin/boolector
[runlim] argv[1]:		/raid/steuber/Benchmarks/2019/QF_BV/sage/app7/bench_6231.smt2
[runlim] start:			Tue May 12 04:04:50 2020
[runlim] main pid:		26355
[BTOR>check_sat] 0.000059 seconds
[runlim] end:			Tue May 12 04:04:50 2020
[runlim] status:		ok
[runlim] result:		0
[runlim] children:		0
[runlim] real:			0.36 seconds
[runlim] time:			0.00 seconds
[runlim] space:			0.0 MB
[runlim] samples:		0
[runlim] version:		1.10
[runlim] time limit:		311040000 seconds
[runlim] real time limit:	1200 seconds
[runlim] space limit:		15000 MB
[runlim] argv[0]:		/raid/steuber/Software/boolector/build/bin/boolector
[runlim] argv[1]:		/raid/steuber/Benchmarks/2019/QF_BV/Sage2/bench_6535.smt2
[runlim] start:			Tue May 12 04:04:50 2020
[runlim] main pid:		26359
[BTOR>check_sat] 0.005088 seconds
[runlim] end:			Tue May 12 04:04:50 2020
[runlim] status:		ok
[runlim] result:		0
[runlim] children:		0
[runlim] real:			0.43 seconds
[runlim] time:			0.00 seconds
[runlim] space:			0.0 MB
[runlim] samples:		0
[runlim] version:		1.10
[runlim] time limit:		311040000 seconds
[runlim] real time limit:	1200 seconds
[runlim] space limit:		15000 MB
[runlim] argv[0]:		/raid/steuber/Software/boolector/build/bin/boolector
[runlim] argv[1]:		/raid/steuber/Benchmarks/2019/QF_BV/log-slicing/bvsrem_20.smt2
[runlim] start:			Tue May 12 04:04:50 2020
[runlim] main pid:		26363
[runlim] sample:		10.0 time, 10.4 real, 18.9 MB
[runlim] sample:		20.0 time, 20.4 real, 22.0 MB
[runlim] sample:		30.0 time, 30.4 real, 23.1 MB
[runlim] sample:		40.0 time, 40.4 real, 25.9 MB
[runlim] sample:		50.0 time, 50.4 real, 29.5 MB
[runlim] sample:		60.0 time, 60.4 real, 28.4 MB
[runlim] sample:		70.0 time, 70.4 real, 29.7 MB
[runlim] sample:		80.0 time, 80.4 real, 30.0 MB
[runlim] sample:		90.0 time, 90.4 real, 33.4 MB
[runlim] sample:		100.0 time, 100.4 real, 30.3 MB
[runlim] sample:		110.0 time, 110.4 real, 32.1 MB
[runlim] sample:		120.0 time, 120.4 real, 35.8 MB
[runlim] sample:		130.0 time, 130.4 real, 38.0 MB
[runlim] sample:		139.9 time, 140.4 real, 33.1 MB
[runlim] sample:		149.9 time, 150.4 real, 29.6 MB
[runlim] sample:		159.9 time, 160.4 real, 29.3 MB
[runlim] sample:		169.9 time, 170.4 real, 35.5 MB
[runlim] sample:		179.9 time, 180.4 real, 33.2 MB
[runlim] sample:		189.9 time, 190.4 real, 36.4 MB
[runlim] sample:		199.9 time, 200.4 real, 36.1 MB
[runlim] sample:		209.9 time, 210.4 real, 37.9 MB
[runlim] sample:		219.9 time, 220.4 real, 38.3 MB
[runlim] sample:		229.9 time, 230.4 real, 40.6 MB
[runlim] sample:		239.9 time, 240.4 real, 39.1 MB
[runlim] sample:		249.9 time, 250.4 real, 36.4 MB
[runlim] sample:		259.9 time, 260.4 real, 39.3 MB
[runlim] sample:		269.9 time, 270.4 real, 39.6 MB
[runlim] sample:		279.9 time, 280.4 real, 34.8 MB
[runlim] sample:		289.9 time, 290.4 real, 43.1 MB
[runlim] sample:		299.9 time, 300.4 real, 40.6 MB
[runlim] sample:		309.9 time, 310.4 real, 38.7 MB
[runlim] sample:		319.9 time, 320.4 real, 35.8 MB
[runlim] sample:		329.9 time, 330.4 real, 39.6 MB
[runlim] sample:		339.9 time, 340.4 real, 41.8 MB
[runlim] sample:		349.9 time, 350.4 real, 38.3 MB
[runlim] sample:		359.9 time, 360.4 real, 39.5 MB
[runlim] sample:		369.9 time, 370.4 real, 36.1 MB
[runlim] sample:		379.9 time, 380.4 real, 43.0 MB
[runlim] sample:		389.9 time, 390.4 real, 38.0 MB
[runlim] sample:		399.9 time, 400.4 real, 45.4 MB
[runlim] sample:		409.9 time, 410.4 real, 48.6 MB
[runlim] sample:		419.9 time, 420.4 real, 50.2 MB
[runlim] sample:		429.9 time, 430.4 real, 47.4 MB
[runlim] sample:		439.9 time, 440.4 real, 47.4 MB
[runlim] sample:		449.9 time, 450.4 real, 48.7 MB
[runlim] sample:		459.9 time, 460.4 real, 49.0 MB
[runlim] sample:		469.9 time, 470.4 real, 49.1 MB
[runlim] sample:		479.9 time, 480.4 real, 53.3 MB
[runlim] sample:		489.9 time, 490.4 real, 45.2 MB
[runlim] sample:		499.9 time, 500.4 real, 50.8 MB
[runlim] sample:		509.9 time, 510.4 real, 48.7 MB
[runlim] sample:		519.9 time, 520.4 real, 48.8 MB
[runlim] sample:		529.9 time, 530.4 real, 51.2 MB
[runlim] sample:		539.9 time, 540.4 real, 49.9 MB
[runlim] sample:		549.9 time, 550.4 real, 48.1 MB
[runlim] sample:		559.9 time, 560.4 real, 48.0 MB
[runlim] sample:		569.9 time, 570.4 real, 53.4 MB
[runlim] sample:		579.9 time, 580.4 real, 49.6 MB
[runlim] sample:		589.9 time, 590.4 real, 50.7 MB
[runlim] sample:		599.9 time, 600.4 real, 54.3 MB
[runlim] sample:		609.9 time, 610.4 real, 50.0 MB
[runlim] sample:		619.9 time, 620.4 real, 50.6 MB
[runlim] sample:		629.9 time, 630.4 real, 49.1 MB
[runlim] sample:		639.9 time, 640.4 real, 50.8 MB
[runlim] sample:		649.9 time, 650.4 real, 53.9 MB
[runlim] sample:		659.9 time, 660.4 real, 49.1 MB
[runlim] sample:		669.9 time, 670.4 real, 51.5 MB
[runlim] sample:		679.9 time, 680.4 real, 55.7 MB
[runlim] sample:		689.9 time, 690.4 real, 50.8 MB
[runlim] sample:		699.9 time, 700.4 real, 47.5 MB
[runlim] sample:		709.9 time, 710.4 real, 58.9 MB
[runlim] sample:		719.9 time, 720.4 real, 51.0 MB
[runlim] sample:		729.9 time, 730.4 real, 56.3 MB
[runlim] sample:		739.9 time, 740.4 real, 56.8 MB
[runlim] sample:		749.9 time, 750.4 real, 45.1 MB
[runlim] sample:		759.9 time, 760.4 real, 52.1 MB
[runlim] sample:		769.9 time, 770.4 real, 52.8 MB
[runlim] sample:		779.9 time, 780.4 real, 51.9 MB
[runlim] sample:		789.9 time, 790.4 real, 52.5 MB
[runlim] sample:		799.9 time, 800.4 real, 52.8 MB
[runlim] sample:		809.9 time, 810.4 real, 45.8 MB
[runlim] sample:		819.9 time, 820.4 real, 48.4 MB
[runlim] sample:		829.9 time, 830.4 real, 59.1 MB
[runlim] sample:		839.9 time, 840.4 real, 56.8 MB
[runlim] sample:		849.9 time, 850.4 real, 59.3 MB
[runlim] sample:		859.9 time, 860.4 real, 52.9 MB
[runlim] sample:		869.9 time, 870.4 real, 57.2 MB
[runlim] sample:		879.9 time, 880.4 real, 54.7 MB
[runlim] sample:		889.9 time, 890.4 real, 55.0 MB
[runlim] sample:		899.9 time, 900.4 real, 55.0 MB
[runlim] sample:		909.9 time, 910.4 real, 60.1 MB
[runlim] sample:		919.9 time, 920.4 real, 57.1 MB
[runlim] sample:		929.9 time, 930.4 real, 60.1 MB
[runlim] sample:		939.9 time, 940.4 real, 56.4 MB
[runlim] sample:		949.9 time, 950.4 real, 57.0 MB
[runlim] sample:		959.9 time, 960.4 real, 59.1 MB
[runlim] sample:		969.9 time, 970.4 real, 54.4 MB
[runlim] sample:		979.9 time, 980.4 real, 64.6 MB
[runlim] sample:		989.9 time, 990.4 real, 64.4 MB
[runlim] sample:		999.9 time, 1000.4 real, 56.7 MB
[runlim] sample:		1009.9 time, 1010.4 real, 59.2 MB
[runlim] sample:		1019.9 time, 1020.4 real, 59.2 MB
[runlim] sample:		1029.9 time, 1030.4 real, 51.4 MB
[runlim] sample:		1039.9 time, 1040.4 real, 57.1 MB
[runlim] sample:		1049.9 time, 1050.4 real, 57.4 MB
[runlim] sample:		1059.9 time, 1060.4 real, 57.5 MB
[runlim] sample:		1069.9 time, 1070.4 real, 57.5 MB
[runlim] sample:		1079.9 time, 1080.4 real, 57.1 MB
[runlim] sample:		1089.9 time, 1090.4 real, 54.3 MB
[runlim] sample:		1099.9 time, 1100.4 real, 58.3 MB
[runlim] sample:		1109.9 time, 1110.4 real, 63.4 MB
[runlim] sample:		1119.9 time, 1120.4 real, 61.3 MB
[runlim] sample:		1129.9 time, 1130.4 real, 62.8 MB
[runlim] sample:		1139.9 time, 1140.4 real, 57.2 MB
[runlim] sample:		1149.9 time, 1150.4 real, 61.0 MB
[runlim] sample:		1159.9 time, 1160.4 real, 61.0 MB
[runlim] sample:		1169.9 time, 1170.4 real, 58.5 MB
[runlim] sample:		1179.9 time, 1180.4 real, 64.9 MB
[runlim] sample:		1189.9 time, 1190.4 real, 64.6 MB
[runlim] end:			Tue May 12 04:24:50 2020
[runlim] status:		out of time
[runlim] result:		2
[runlim] children:		0
[runlim] real:			1200.06 seconds
[runlim] time:			1199.47 seconds
[runlim] space:			66.6 MB
[runlim] samples:		11996
[runlim] version:		1.10
[runlim] time limit:		311040000 seconds
[runlim] real time limit:	1200 seconds
[runlim] space limit:		15000 MB
[runlim] argv[0]:		/raid/steuber/Software/boolector/build/bin/boolector
[runlim] argv[1]:		/raid/steuber/Benchmarks/2019/QF_BV/sage/app7/bench_5664.smt2
[runlim] start:			Tue May 12 04:24:50 2020
[runlim] main pid:		26763
[BTOR>check_sat] 0.000104 seconds
[runlim] end:			Tue May 12 04:24:50 2020
[runlim] status:		ok
[runlim] result:		0
[runlim] children:		0
[runlim] real:			0.11 seconds
[runlim] time:			0.00 seconds
[runlim] space:			0.0 MB
[runlim] samples:		0
[runlim] version:		1.10
[runlim] time limit:		311040000 seconds
[runlim] real time limit:	1200 seconds
[runlim] space limit:		15000 MB
[runlim] argv[0]:		/raid/steuber/Software/boolector/build/bin/boolector
[runlim] argv[1]:		/raid/steuber/Benchmarks/2019/QF_BV/sage/app7/bench_2117.smt2
[runlim] start:			Tue May 12 04:24:50 2020
[runlim] main pid:		26767
[BTOR>check_sat] 0.000628 seconds
[runlim] end:			Tue May 12 04:24:50 2020
[runlim] status:		ok
[runlim] result:		0
[runlim] children:		0
[runlim] real:			0.42 seconds
[runlim] time:			0.26 seconds
[runlim] space:			14.1 MB
[runlim] samples:		3
[runlim] version:		1.10
[runlim] time limit:		311040000 seconds
[runlim] real time limit:	1200 seconds
[runlim] space limit:		15000 MB
[runlim] argv[0]:		/raid/steuber/Software/boolector/build/bin/boolector
[runlim] argv[1]:		/raid/steuber/Benchmarks/2019/QF_BV/sage/app1/bench_275.smt2
[runlim] start:			Tue May 12 04:24:50 2020
[runlim] main pid:		26771
[BTOR>check_sat] 0.004665 seconds
[runlim] end:			Tue May 12 04:24:50 2020
[runlim] status:		ok
[runlim] result:		0
[runlim] children:		0
[runlim] real:			0.45 seconds
[runlim] time:			0.00 seconds
[runlim] space:			0.0 MB
[runlim] samples:		0
[runlim] version:		1.10
[runlim] time limit:		311040000 seconds
[runlim] real time limit:	1200 seconds
[runlim] space limit:		15000 MB
[runlim] argv[0]:		/raid/steuber/Software/boolector/build/bin/boolector
[runlim] argv[1]:		/raid/steuber/Benchmarks/2019/QF_BV/sage/app7/bench_1596.smt2
[runlim] start:			Tue May 12 04:24:50 2020
[runlim] main pid:		26775
[BTOR>check_sat] 0.000139 seconds
[runlim] end:			Tue May 12 04:24:51 2020
[runlim] status:		ok
[runlim] result:		0
[runlim] children:		0
[runlim] real:			1.02 seconds
[runlim] time:			0.46 seconds
[runlim] space:			25.7 MB
[runlim] samples:		5
[runlim] version:		1.10
[runlim] time limit:		311040000 seconds
[runlim] real time limit:	1200 seconds
[runlim] space limit:		15000 MB
[runlim] argv[0]:		/raid/steuber/Software/boolector/build/bin/boolector
[runlim] argv[1]:		/raid/steuber/Benchmarks/2019/QF_BV/sage/app7/bench_6369.smt2
[runlim] start:			Tue May 12 04:24:51 2020
[runlim] main pid:		26779
[BTOR>check_sat] 0.000316 seconds
[runlim] end:			Tue May 12 04:24:52 2020
[runlim] status:		ok
[runlim] result:		0
[runlim] children:		0
[runlim] real:			1.62 seconds
[runlim] time:			1.27 seconds
[runlim] space:			47.3 MB
[runlim] samples:		15
[runlim] version:		1.10
[runlim] time limit:		311040000 seconds
[runlim] real time limit:	1200 seconds
[runlim] space limit:		15000 MB
[runlim] argv[0]:		/raid/steuber/Software/boolector/build/bin/boolector
[runlim] argv[1]:		/raid/steuber/Benchmarks/2019/QF_BV/sage/app1/bench_466.smt2
[runlim] start:			Tue May 12 04:24:52 2020
[runlim] main pid:		26783
[BTOR>check_sat] 0.003790 seconds
[runlim] end:			Tue May 12 04:24:52 2020
[runlim] status:		ok
[runlim] result:		0
[runlim] children:		0
[runlim] real:			0.66 seconds
[runlim] time:			0.00 seconds
[runlim] space:			0.0 MB
[runlim] samples:		0
[runlim] version:		1.10
[runlim] time limit:		311040000 seconds
[runlim] real time limit:	1200 seconds
[runlim] space limit:		15000 MB
[runlim] argv[0]:		/raid/steuber/Software/boolector/build/bin/boolector
[runlim] argv[1]:		/raid/steuber/Benchmarks/2019/QF_BV/Sage2/bench_5658.smt2
[runlim] start:			Tue May 12 04:24:52 2020
[runlim] main pid:		26787
[BTOR>check_sat] 1.704257 seconds
[runlim] end:			Tue May 12 04:24:54 2020
[runlim] status:		ok
[runlim] result:		0
[runlim] children:		0
[runlim] real:			2.42 seconds
[runlim] time:			1.68 seconds
[runlim] space:			10.8 MB
[runlim] samples:		17
[runlim] version:		1.10
[runlim] time limit:		311040000 seconds
[runlim] real time limit:	1200 seconds
[runlim] space limit:		15000 MB
[runlim] argv[0]:		/raid/steuber/Software/boolector/build/bin/boolector
[runlim] argv[1]:		/raid/steuber/Benchmarks/2019/QF_BV/sage/app7/bench_388.smt2
[runlim] start:			Tue May 12 04:24:54 2020
[runlim] main pid:		26791
[BTOR>check_sat] 0.000759 seconds
[runlim] end:			Tue May 12 04:24:55 2020
[runlim] status:		ok
[runlim] result:		0
[runlim] children:		0
[runlim] real:			1.73 seconds
[runlim] time:			1.27 seconds
[runlim] space:			43.9 MB
[runlim] samples:		13
[runlim] version:		1.10
[runlim] time limit:		311040000 seconds
[runlim] real time limit:	1200 seconds
[runlim] space limit:		15000 MB
[runlim] argv[0]:		/raid/steuber/Software/boolector/build/bin/boolector
[runlim] argv[1]:		/raid/steuber/Benchmarks/2019/QF_BV/Sage2/bench_4490.smt2
[runlim] start:			Tue May 12 04:24:55 2020
[runlim] main pid:		26795
[BTOR>check_sat] 0.141454 seconds
[runlim] end:			Tue May 12 04:24:55 2020
[runlim] status:		ok
[runlim] result:		0
[runlim] children:		0
[runlim] real:			0.89 seconds
[runlim] time:			0.09 seconds
[runlim] space:			3.4 MB
[runlim] samples:		1
[runlim] version:		1.10
[runlim] time limit:		311040000 seconds
[runlim] real time limit:	1200 seconds
[runlim] space limit:		15000 MB
[runlim] argv[0]:		/raid/steuber/Software/boolector/build/bin/boolector
[runlim] argv[1]:		/raid/steuber/Benchmarks/2019/QF_BV/Sage2/bench_6091.smt2
[runlim] start:			Tue May 12 04:24:55 2020
[runlim] main pid:		26799
[BTOR>check_sat] 0.014294 seconds
[runlim] end:			Tue May 12 04:24:55 2020
[runlim] status:		ok
[runlim] result:		0
[runlim] children:		0
[runlim] real:			0.92 seconds
[runlim] time:			0.00 seconds
[runlim] space:			0.0 MB
[runlim] samples:		0
[runlim] version:		1.10
[runlim] time limit:		311040000 seconds
[runlim] real time limit:	1200 seconds
[runlim] space limit:		15000 MB
[runlim] argv[0]:		/raid/steuber/Software/boolector/build/bin/boolector
[runlim] argv[1]:		/raid/steuber/Benchmarks/2019/QF_BV/sage/app7/bench_4046.smt2
[runlim] start:			Tue May 12 04:24:55 2020
[runlim] main pid:		26803
[BTOR>check_sat] 0.000527 seconds
[runlim] end:			Tue May 12 04:24:56 2020
[runlim] status:		ok
[runlim] result:		0
[runlim] children:		0
[runlim] real:			1.09 seconds
[runlim] time:			0.08 seconds
[runlim] space:			6.6 MB
[runlim] samples:		1
[runlim] version:		1.10
[runlim] time limit:		311040000 seconds
[runlim] real time limit:	1200 seconds
[runlim] space limit:		15000 MB
[runlim] argv[0]:		/raid/steuber/Software/boolector/build/bin/boolector
[runlim] argv[1]:		/raid/steuber/Benchmarks/2019/QF_BV/sage/app7/bench_4283.smt2
[runlim] start:			Tue May 12 04:24:56 2020
[runlim] main pid:		26807
[BTOR>check_sat] 0.000459 seconds
[runlim] end:			Tue May 12 04:24:56 2020
[runlim] status:		ok
[runlim] result:		0
[runlim] children:		0
[runlim] real:			0.27 seconds
[runlim] time:			0.07 seconds
[runlim] space:			6.4 MB
[runlim] samples:		1
[runlim] version:		1.10
[runlim] time limit:		311040000 seconds
[runlim] real time limit:	1200 seconds
[runlim] space limit:		15000 MB
[runlim] argv[0]:		/raid/steuber/Software/boolector/build/bin/boolector
[runlim] argv[1]:		/raid/steuber/Benchmarks/2019/QF_BV/Sage2/bench_17190.smt2
[runlim] start:			Tue May 12 04:24:56 2020
[runlim] main pid:		26811
[BTOR>check_sat] 0.301397 seconds
[runlim] end:			Tue May 12 04:24:56 2020
[runlim] status:		ok
[runlim] result:		0
[runlim] children:		0
[runlim] real:			0.60 seconds
[runlim] time:			0.28 seconds
[runlim] space:			7.3 MB
[runlim] samples:		3
[runlim] version:		1.10
[runlim] time limit:		311040000 seconds
[runlim] real time limit:	1200 seconds
[runlim] space limit:		15000 MB
[runlim] argv[0]:		/raid/steuber/Software/boolector/build/bin/boolector
[runlim] argv[1]:		/raid/steuber/Benchmarks/2019/QF_BV/uclid/catchconv/convert-jpg2gif-query-1352.smt2
[runlim] start:			Tue May 12 04:24:56 2020
[runlim] main pid:		26815
[BTOR>check_sat] 0.267049 seconds
[runlim] end:			Tue May 12 04:24:57 2020
[runlim] status:		ok
[runlim] result:		0
[runlim] children:		0
[runlim] real:			1.10 seconds
[runlim] time:			0.37 seconds
[runlim] space:			17.9 MB
[runlim] samples:		4
[runlim] version:		1.10
[runlim] time limit:		311040000 seconds
[runlim] real time limit:	1200 seconds
[runlim] space limit:		15000 MB
[runlim] argv[0]:		/raid/steuber/Software/boolector/build/bin/boolector
[runlim] argv[1]:		/raid/steuber/Benchmarks/2019/QF_BV/sage/app7/bench_6256.smt2
[runlim] start:			Tue May 12 04:24:57 2020
[runlim] main pid:		26819
[BTOR>check_sat] 0.000054 seconds
[runlim] end:			Tue May 12 04:24:57 2020
[runlim] status:		ok
[runlim] result:		0
[runlim] children:		0
[runlim] real:			0.12 seconds
[runlim] time:			0.00 seconds
[runlim] space:			0.0 MB
[runlim] samples:		0
[runlim] version:		1.10
[runlim] time limit:		311040000 seconds
[runlim] real time limit:	1200 seconds
[runlim] space limit:		15000 MB
[runlim] argv[0]:		/raid/steuber/Software/boolector/build/bin/boolector
[runlim] argv[1]:		/raid/steuber/Benchmarks/2019/QF_BV/sage/app7/bench_1949.smt2
[runlim] start:			Tue May 12 04:24:57 2020
[runlim] main pid:		26823
[BTOR>check_sat] 0.000183 seconds
[runlim] end:			Tue May 12 04:24:57 2020
[runlim] status:		ok
[runlim] result:		0
[runlim] children:		0
[runlim] real:			0.46 seconds
[runlim] time:			0.27 seconds
[runlim] space:			17.3 MB
[runlim] samples:		3
[runlim] version:		1.10
[runlim] time limit:		311040000 seconds
[runlim] real time limit:	1200 seconds
[runlim] space limit:		15000 MB
[runlim] argv[0]:		/raid/steuber/Software/boolector/build/bin/boolector
[runlim] argv[1]:		/raid/steuber/Benchmarks/2019/QF_BV/Sage2/bench_17312.smt2
[runlim] start:			Tue May 12 04:24:57 2020
[runlim] main pid:		26827
[BTOR>check_sat] 1.152016 seconds
[runlim] end:			Tue May 12 04:24:58 2020
[runlim] status:		ok
[runlim] result:		0
[runlim] children:		0
[runlim] real:			1.67 seconds
[runlim] time:			1.17 seconds
[runlim] space:			11.0 MB
[runlim] samples:		12
[runlim] version:		1.10
[runlim] time limit:		311040000 seconds
[runlim] real time limit:	1200 seconds
[runlim] space limit:		15000 MB
[runlim] argv[0]:		/raid/steuber/Software/boolector/build/bin/boolector
[runlim] argv[1]:		/raid/steuber/Benchmarks/2019/QF_BV/Sage2/bench_9424.smt2
[runlim] start:			Tue May 12 04:24:58 2020
[runlim] main pid:		26831
[runlim] sample:		9.9 time, 10.7 real, 15.4 MB
[BTOR>check_sat] 12.514144 seconds
[runlim] end:			Tue May 12 04:25:11 2020
[runlim] status:		ok
[runlim] result:		0
[runlim] children:		0
[runlim] real:			13.63 seconds
[runlim] time:			12.86 seconds
[runlim] space:			16.1 MB
[runlim] samples:		129
[runlim] version:		1.10
[runlim] time limit:		311040000 seconds
[runlim] real time limit:	1200 seconds
[runlim] space limit:		15000 MB
[runlim] argv[0]:		/raid/steuber/Software/boolector/build/bin/boolector
[runlim] argv[1]:		/raid/steuber/Benchmarks/2019/QF_BV/sage/app7/bench_678.smt2
[runlim] start:			Tue May 12 04:25:11 2020
[runlim] main pid:		26835
[BTOR>check_sat] 0.000131 seconds
[runlim] end:			Tue May 12 04:25:12 2020
[runlim] status:		ok
[runlim] result:		0
[runlim] children:		0
[runlim] real:			1.90 seconds
[runlim] time:			1.17 seconds
[runlim] space:			41.8 MB
[runlim] samples:		12
[runlim] version:		1.10
[runlim] time limit:		311040000 seconds
[runlim] real time limit:	1200 seconds
[runlim] space limit:		15000 MB
[runlim] argv[0]:		/raid/steuber/Software/boolector/build/bin/boolector
[runlim] argv[1]:		/raid/steuber/Benchmarks/2019/QF_BV/Sage2/bench_11017.smt2
[runlim] start:			Tue May 12 04:25:12 2020
[runlim] main pid:		26839
[BTOR>check_sat] 0.228816 seconds
[runlim] end:			Tue May 12 04:25:13 2020
[runlim] status:		ok
[runlim] result:		0
[runlim] children:		0
[runlim] real:			1.15 seconds
[runlim] time:			0.18 seconds
[runlim] space:			4.3 MB
[runlim] samples:		2
[runlim] version:		1.10
[runlim] time limit:		311040000 seconds
[runlim] real time limit:	1200 seconds
[runlim] space limit:		15000 MB
[runlim] argv[0]:		/raid/steuber/Software/boolector/build/bin/boolector
[runlim] argv[1]:		/raid/steuber/Benchmarks/2019/QF_BV/20190311-bv-term-small-rw-Noetzli/bv-term-small-rw_487.smt2
[runlim] start:			Tue May 12 04:25:13 2020
[runlim] main pid:		26843
[BTOR>check_sat] 0.309505 seconds
[runlim] end:			Tue May 12 04:25:13 2020
[runlim] status:		ok
[runlim] result:		0
[runlim] children:		0
[runlim] real:			0.47 seconds
[runlim] time:			0.29 seconds
[runlim] space:			4.0 MB
[runlim] samples:		3
[runlim] version:		1.10
[runlim] time limit:		311040000 seconds
[runlim] real time limit:	1200 seconds
[runlim] space limit:		15000 MB
[runlim] argv[0]:		/raid/steuber/Software/boolector/build/bin/boolector
[runlim] argv[1]:		/raid/steuber/Benchmarks/2019/QF_BV/sage/app11/bench_295.smt2
[runlim] start:			Tue May 12 04:25:13 2020
[runlim] main pid:		26847
[BTOR>check_sat] 0.000248 seconds
[runlim] end:			Tue May 12 04:25:13 2020
[runlim] status:		ok
[runlim] result:		0
[runlim] children:		0
[runlim] real:			0.99 seconds
[runlim] time:			0.46 seconds
[runlim] space:			28.4 MB
[runlim] samples:		5
[runlim] version:		1.10
[runlim] time limit:		311040000 seconds
[runlim] real time limit:	1200 seconds
[runlim] space limit:		15000 MB
[runlim] argv[0]:		/raid/steuber/Software/boolector/build/bin/boolector
[runlim] argv[1]:		/raid/steuber/Benchmarks/2019/QF_BV/Sage2/bench_12054.smt2
[runlim] start:			Tue May 12 04:25:13 2020
[runlim] main pid:		26851
[runlim] sample:		10.0 time, 11.0 real, 14.3 MB
[BTOR>check_sat] 19.470024 seconds
[runlim] end:			Tue May 12 04:25:33 2020
[runlim] status:		ok
[runlim] result:		0
[runlim] children:		0
[runlim] real:			20.50 seconds
[runlim] time:			19.48 seconds
[runlim] space:			17.4 MB
[runlim] samples:		195
[runlim] version:		1.10
[runlim] time limit:		311040000 seconds
[runlim] real time limit:	1200 seconds
[runlim] space limit:		15000 MB
[runlim] argv[0]:		/raid/steuber/Software/boolector/build/bin/boolector
[runlim] argv[1]:		/raid/steuber/Benchmarks/2019/QF_BV/Sage2/bench_10977.smt2
[runlim] start:			Tue May 12 04:25:33 2020
[runlim] main pid:		26862
[BTOR>check_sat] 0.023985 seconds
[runlim] end:			Tue May 12 04:25:33 2020
[runlim] status:		ok
[runlim] result:		0
[runlim] children:		0
[runlim] real:			0.57 seconds
[runlim] time:			0.00 seconds
[runlim] space:			0.0 MB
[runlim] samples:		0
[runlim] version:		1.10
[runlim] time limit:		311040000 seconds
[runlim] real time limit:	1200 seconds
[runlim] space limit:		15000 MB
[runlim] argv[0]:		/raid/steuber/Software/boolector/build/bin/boolector
[runlim] argv[1]:		/raid/steuber/Benchmarks/2019/QF_BV/sage/app8/bench_718.smt2
[runlim] start:			Tue May 12 04:25:33 2020
[runlim] main pid:		26866
[BTOR>check_sat] 0.012387 seconds
[runlim] end:			Tue May 12 04:25:33 2020
[runlim] status:		ok
[runlim] result:		0
[runlim] children:		0
[runlim] real:			0.60 seconds
[runlim] time:			0.00 seconds
[runlim] space:			0.0 MB
[runlim] samples:		0
[runlim] version:		1.10
[runlim] time limit:		311040000 seconds
[runlim] real time limit:	1200 seconds
[runlim] space limit:		15000 MB
[runlim] argv[0]:		/raid/steuber/Software/boolector/build/bin/boolector
[runlim] argv[1]:		/raid/steuber/Benchmarks/2019/QF_BV/Sage2/bench_5686.smt2
[runlim] start:			Tue May 12 04:25:33 2020
[runlim] main pid:		26870
[BTOR>check_sat] 0.181474 seconds
[runlim] end:			Tue May 12 04:25:33 2020
[runlim] status:		ok
[runlim] result:		0
[runlim] children:		0
[runlim] real:			0.81 seconds
[runlim] time:			0.18 seconds
[runlim] space:			3.7 MB
[runlim] samples:		2
[runlim] version:		1.10
[runlim] time limit:		311040000 seconds
[runlim] real time limit:	1200 seconds
[runlim] space limit:		15000 MB
[runlim] argv[0]:		/raid/steuber/Software/boolector/build/bin/boolector
[runlim] argv[1]:		/raid/steuber/Benchmarks/2019/QF_BV/sage/app7/bench_4420.smt2
[runlim] start:			Tue May 12 04:25:33 2020
[runlim] main pid:		26874
[BTOR>check_sat] 0.000615 seconds
[runlim] end:			Tue May 12 04:25:33 2020
[runlim] status:		ok
[runlim] result:		0
[runlim] children:		0
[runlim] real:			0.96 seconds
[runlim] time:			0.09 seconds
[runlim] space:			7.1 MB
[runlim] samples:		1
[runlim] version:		1.10
[runlim] time limit:		311040000 seconds
[runlim] real time limit:	1200 seconds
[runlim] space limit:		15000 MB
[runlim] argv[0]:		/raid/steuber/Software/boolector/build/bin/boolector
[runlim] argv[1]:		/raid/steuber/Benchmarks/2019/QF_BV/Sage2/bench_13559.smt2
[runlim] start:			Tue May 12 04:25:33 2020
[runlim] main pid:		26878
[BTOR>check_sat] 4.040335 seconds
[runlim] end:			Tue May 12 04:25:38 2020
[runlim] status:		ok
[runlim] result:		0
[runlim] children:		0
[runlim] real:			5.07 seconds
[runlim] time:			4.07 seconds
[runlim] space:			34.6 MB
[runlim] samples:		41
[runlim] version:		1.10
[runlim] time limit:		311040000 seconds
[runlim] real time limit:	1200 seconds
[runlim] space limit:		15000 MB
[runlim] argv[0]:		/raid/steuber/Software/boolector/build/bin/boolector
[runlim] argv[1]:		/raid/steuber/Benchmarks/2019/QF_BV/sage/app7/bench_6725.smt2
[runlim] start:			Tue May 12 04:25:38 2020
[runlim] main pid:		26882
[BTOR>check_sat] 0.000248 seconds
[runlim] end:			Tue May 12 04:25:39 2020
[runlim] status:		ok
[runlim] result:		0
[runlim] children:		0
[runlim] real:			1.48 seconds
[runlim] time:			1.37 seconds
[runlim] space:			46.8 MB
[runlim] samples:		14
[runlim] version:		1.10
[runlim] time limit:		311040000 seconds
[runlim] real time limit:	1200 seconds
[runlim] space limit:		15000 MB
[runlim] argv[0]:		/raid/steuber/Software/boolector/build/bin/boolector
[runlim] argv[1]:		/raid/steuber/Benchmarks/2019/QF_BV/sage/app11/bench_143.smt2
[runlim] start:			Tue May 12 04:25:39 2020
[runlim] main pid:		26886
[BTOR>check_sat] 0.000269 seconds
[runlim] end:			Tue May 12 04:25:39 2020
[runlim] status:		ok
[runlim] result:		0
[runlim] children:		0
[runlim] real:			0.99 seconds
[runlim] time:			0.46 seconds
[runlim] space:			28.9 MB
[runlim] samples:		5
[runlim] version:		1.10
[runlim] time limit:		311040000 seconds
[runlim] real time limit:	1200 seconds
[runlim] space limit:		15000 MB
[runlim] argv[0]:		/raid/steuber/Software/boolector/build/bin/boolector
[runlim] argv[1]:		/raid/steuber/Benchmarks/2019/QF_BV/sage/app7/bench_3216.smt2
[runlim] start:			Tue May 12 04:25:39 2020
[runlim] main pid:		26890
[BTOR>check_sat] 0.000728 seconds
[runlim] end:			Tue May 12 04:25:40 2020
[runlim] status:		ok
[runlim] result:		0
[runlim] children:		0
[runlim] real:			1.21 seconds
[runlim] time:			0.18 seconds
[runlim] space:			11.8 MB
[runlim] samples:		2
[runlim] version:		1.10
[runlim] time limit:		311040000 seconds
[runlim] real time limit:	1200 seconds
[runlim] space limit:		15000 MB
[runlim] argv[0]:		/raid/steuber/Software/boolector/build/bin/boolector
[runlim] argv[1]:		/raid/steuber/Benchmarks/2019/QF_BV/sage/app2/bench_965.smt2
[runlim] start:			Tue May 12 04:25:40 2020
[runlim] main pid:		26894
[BTOR>check_sat] 0.000054 seconds
[runlim] end:			Tue May 12 04:25:40 2020
[runlim] status:		ok
[runlim] result:		0
[runlim] children:		0
[runlim] real:			0.26 seconds
[runlim] time:			0.00 seconds
[runlim] space:			0.0 MB
[runlim] samples:		0
[runlim] version:		1.10
[runlim] time limit:		311040000 seconds
[runlim] real time limit:	1200 seconds
[runlim] space limit:		15000 MB
[runlim] argv[0]:		/raid/steuber/Software/boolector/build/bin/boolector
[runlim] argv[1]:		/raid/steuber/Benchmarks/2019/QF_BV/sage/app8/bench_251.smt2
[runlim] start:			Tue May 12 04:25:40 2020
[runlim] main pid:		26898
[BTOR>check_sat] 0.071538 seconds
[runlim] end:			Tue May 12 04:25:40 2020
[runlim] status:		ok
[runlim] result:		0
[runlim] children:		0
[runlim] real:			0.37 seconds
[runlim] time:			0.08 seconds
[runlim] space:			0.0 MB
[runlim] samples:		1
[runlim] version:		1.10
[runlim] time limit:		311040000 seconds
[runlim] real time limit:	1200 seconds
[runlim] space limit:		15000 MB
[runlim] argv[0]:		/raid/steuber/Software/boolector/build/bin/boolector
[runlim] argv[1]:		/raid/steuber/Benchmarks/2019/QF_BV/sage/app7/bench_5696.smt2
[runlim] start:			Tue May 12 04:25:40 2020
[runlim] main pid:		26902
[BTOR>check_sat] 0.000118 seconds
[runlim] end:			Tue May 12 04:25:40 2020
[runlim] status:		ok
[runlim] result:		0
[runlim] children:		0
[runlim] real:			0.41 seconds
[runlim] time:			0.00 seconds
[runlim] space:			0.0 MB
[runlim] samples:		0
[runlim] version:		1.10
[runlim] time limit:		311040000 seconds
[runlim] real time limit:	1200 seconds
[runlim] space limit:		15000 MB
[runlim] argv[0]:		/raid/steuber/Software/boolector/build/bin/boolector
[runlim] argv[1]:		/raid/steuber/Benchmarks/2019/QF_BV/sage/app1/bench_2012.smt2
[runlim] start:			Tue May 12 04:25:40 2020
[runlim] main pid:		26906
[BTOR>check_sat] 0.000038 seconds
[runlim] end:			Tue May 12 04:25:40 2020
[runlim] status:		ok
[runlim] result:		0
[runlim] children:		0
[runlim] real:			0.43 seconds
[runlim] time:			0.00 seconds
[runlim] space:			0.0 MB
[runlim] samples:		0
[runlim] version:		1.10
[runlim] time limit:		311040000 seconds
[runlim] real time limit:	1200 seconds
[runlim] space limit:		15000 MB
[runlim] argv[0]:		/raid/steuber/Software/boolector/build/bin/boolector
[runlim] argv[1]:		/raid/steuber/Benchmarks/2019/QF_BV/sage/app8/bench_396.smt2
[runlim] start:			Tue May 12 04:25:40 2020
[runlim] main pid:		26910
[BTOR>check_sat] 0.000028 seconds
[runlim] end:			Tue May 12 04:25:40 2020
[runlim] status:		ok
[runlim] result:		0
[runlim] children:		0
[runlim] real:			0.46 seconds
[runlim] time:			0.00 seconds
[runlim] space:			0.0 MB
[runlim] samples:		0
[runlim] version:		1.10
[runlim] time limit:		311040000 seconds
[runlim] real time limit:	1200 seconds
[runlim] space limit:		15000 MB
[runlim] argv[0]:		/raid/steuber/Software/boolector/build/bin/boolector
[runlim] argv[1]:		/raid/steuber/Benchmarks/2019/QF_BV/sage/app1/bench_2087.smt2
[runlim] start:			Tue May 12 04:25:40 2020
[runlim] main pid:		26914
[BTOR>check_sat] 0.084017 seconds
[runlim] end:			Tue May 12 04:25:40 2020
[runlim] status:		ok
[runlim] result:		0
[runlim] children:		0
[runlim] real:			0.58 seconds
[runlim] time:			0.09 seconds
[runlim] space:			13.9 MB
[runlim] samples:		1
[runlim] version:		1.10
[runlim] time limit:		311040000 seconds
[runlim] real time limit:	1200 seconds
[runlim] space limit:		15000 MB
[runlim] argv[0]:		/raid/steuber/Software/boolector/build/bin/boolector
[runlim] argv[1]:		/raid/steuber/Benchmarks/2019/QF_BV/sage/app7/bench_6153.smt2
[runlim] start:			Tue May 12 04:25:40 2020
[runlim] main pid:		26918
[BTOR>check_sat] 0.000054 seconds
[runlim] end:			Tue May 12 04:25:40 2020
[runlim] status:		ok
[runlim] result:		0
[runlim] children:		0
[runlim] real:			0.60 seconds
[runlim] time:			0.00 seconds
[runlim] space:			0.0 MB
[runlim] samples:		0
[runlim] version:		1.10
[runlim] time limit:		311040000 seconds
[runlim] real time limit:	1200 seconds
[runlim] space limit:		15000 MB
[runlim] argv[0]:		/raid/steuber/Software/boolector/build/bin/boolector
[runlim] argv[1]:		/raid/steuber/Benchmarks/2019/QF_BV/sage/app7/bench_1521.smt2
[runlim] start:			Tue May 12 04:25:40 2020
[runlim] main pid:		26922
[BTOR>check_sat] 0.000124 seconds
[runlim] end:			Tue May 12 04:25:41 2020
[runlim] status:		ok
[runlim] result:		0
[runlim] children:		0
[runlim] real:			1.19 seconds
[runlim] time:			0.46 seconds
[runlim] space:			25.8 MB
[runlim] samples:		5
[runlim] version:		1.10
[runlim] time limit:		311040000 seconds
[runlim] real time limit:	1200 seconds
[runlim] space limit:		15000 MB
[runlim] argv[0]:		/raid/steuber/Software/boolector/build/bin/boolector
[runlim] argv[1]:		/raid/steuber/Benchmarks/2019/QF_BV/Sage2/bench_10087.smt2
[runlim] start:			Tue May 12 04:25:41 2020
[runlim] main pid:		26926
[runlim] sample:		10.0 time, 10.2 real, 10.2 MB
[BTOR>check_sat] 12.311115 seconds
[runlim] end:			Tue May 12 04:25:53 2020
[runlim] status:		ok
[runlim] result:		0
[runlim] children:		0
[runlim] real:			12.53 seconds
[runlim] time:			12.28 seconds
[runlim] space:			11.5 MB
[runlim] samples:		123
[runlim] version:		1.10
[runlim] time limit:		311040000 seconds
[runlim] real time limit:	1200 seconds
[runlim] space limit:		15000 MB
[runlim] argv[0]:		/raid/steuber/Software/boolector/build/bin/boolector
[runlim] argv[1]:		/raid/steuber/Benchmarks/2019/QF_BV/sage/app11/bench_586.smt2
[runlim] start:			Tue May 12 04:25:53 2020
[runlim] main pid:		26933
[BTOR>check_sat] 0.000264 seconds
[runlim] end:			Tue May 12 04:25:54 2020
[runlim] status:		ok
[runlim] result:		0
[runlim] children:		0
[runlim] real:			1.04 seconds
[runlim] time:			0.45 seconds
[runlim] space:			28.6 MB
[runlim] samples:		5
[runlim] version:		1.10
[runlim] time limit:		311040000 seconds
[runlim] real time limit:	1200 seconds
[runlim] space limit:		15000 MB
[runlim] argv[0]:		/raid/steuber/Software/boolector/build/bin/boolector
[runlim] argv[1]:		/raid/steuber/Benchmarks/2019/QF_BV/sage/app7/bench_3228.smt2
[runlim] start:			Tue May 12 04:25:54 2020
[runlim] main pid:		26937
[BTOR>check_sat] 0.000736 seconds
[runlim] end:			Tue May 12 04:25:54 2020
[runlim] status:		ok
[runlim] result:		0
[runlim] children:		0
[runlim] real:			0.27 seconds
[runlim] time:			0.17 seconds
[runlim] space:			11.8 MB
[runlim] samples:		2
[runlim] version:		1.10
[runlim] time limit:		311040000 seconds
[runlim] real time limit:	1200 seconds
[runlim] space limit:		15000 MB
[runlim] argv[0]:		/raid/steuber/Software/boolector/build/bin/boolector
[runlim] argv[1]:		/raid/steuber/Benchmarks/2019/QF_BV/sage/app7/bench_8651.smt2
[runlim] start:			Tue May 12 04:25:54 2020
[runlim] main pid:		26941
[BTOR>check_sat] 0.000230 seconds
[runlim] end:			Tue May 12 04:25:55 2020
[runlim] status:		ok
[runlim] result:		0
[runlim] children:		0
[runlim] real:			1.63 seconds
[runlim] time:			1.26 seconds
[runlim] space:			45.7 MB
[runlim] samples:		13
[runlim] version:		1.10
[runlim] time limit:		311040000 seconds
[runlim] real time limit:	1200 seconds
[runlim] space limit:		15000 MB
[runlim] argv[0]:		/raid/steuber/Software/boolector/build/bin/boolector
[runlim] argv[1]:		/raid/steuber/Benchmarks/2019/QF_BV/sage/app7/bench_1765.smt2
[runlim] start:			Tue May 12 04:25:55 2020
[runlim] main pid:		26945
[BTOR>check_sat] 0.000160 seconds
[runlim] end:			Tue May 12 04:25:56 2020
[runlim] status:		ok
[runlim] result:		0
[runlim] children:		0
[runlim] real:			1.09 seconds
[runlim] time:			0.36 seconds
[runlim] space:			21.0 MB
[runlim] samples:		4
[runlim] version:		1.10
[runlim] time limit:		311040000 seconds
[runlim] real time limit:	1200 seconds
[runlim] space limit:		15000 MB
[runlim] argv[0]:		/raid/steuber/Software/boolector/build/bin/boolector
[runlim] argv[1]:		/raid/steuber/Benchmarks/2019/QF_BV/brummayerbiere3/mulhs08.smt2
[runlim] start:			Tue May 12 04:25:56 2020
[runlim] main pid:		26949
[runlim] sample:		10.0 time, 10.1 real, 7.6 MB
[BTOR>check_sat] 14.725624 seconds
[runlim] end:			Tue May 12 04:26:10 2020
[runlim] status:		ok
[runlim] result:		0
[runlim] children:		0
[runlim] real:			14.83 seconds
[runlim] time:			14.68 seconds
[runlim] space:			8.6 MB
[runlim] samples:		147
[runlim] version:		1.10
[runlim] time limit:		311040000 seconds
[runlim] real time limit:	1200 seconds
[runlim] space limit:		15000 MB
[runlim] argv[0]:		/raid/steuber/Software/boolector/build/bin/boolector
[runlim] argv[1]:		/raid/steuber/Benchmarks/2019/QF_BV/sage/app8/bench_487.smt2
[runlim] start:			Tue May 12 04:26:10 2020
[runlim] main pid:		26958
[BTOR>check_sat] 0.107132 seconds
[runlim] end:			Tue May 12 04:26:10 2020
[runlim] status:		ok
[runlim] result:		0
[runlim] children:		0
[runlim] real:			0.97 seconds
[runlim] time:			0.08 seconds
[runlim] space:			8.1 MB
[runlim] samples:		1
[runlim] version:		1.10
[runlim] time limit:		311040000 seconds
[runlim] real time limit:	1200 seconds
[runlim] space limit:		15000 MB
[runlim] argv[0]:		/raid/steuber/Software/boolector/build/bin/boolector
[runlim] argv[1]:		/raid/steuber/Benchmarks/2019/QF_BV/sage/app11/bench_317.smt2
[runlim] start:			Tue May 12 04:26:10 2020
[runlim] main pid:		26962
[BTOR>check_sat] 0.000263 seconds
[runlim] end:			Tue May 12 04:26:11 2020
[runlim] status:		ok
[runlim] result:		0
[runlim] children:		0
[runlim] real:			1.48 seconds
[runlim] time:			0.46 seconds
[runlim] space:			28.6 MB
[runlim] samples:		5
[runlim] version:		1.10
[runlim] time limit:		311040000 seconds
[runlim] real time limit:	1200 seconds
[runlim] space limit:		15000 MB
[runlim] argv[0]:		/raid/steuber/Software/boolector/build/bin/boolector
[runlim] argv[1]:		/raid/steuber/Benchmarks/2019/QF_BV/sage/app7/bench_6672.smt2
[runlim] start:			Tue May 12 04:26:11 2020
[runlim] main pid:		26966
[BTOR>check_sat] 0.005702 seconds
[runlim] end:			Tue May 12 04:26:11 2020
[runlim] status:		ok
[runlim] result:		0
[runlim] children:		0
[runlim] real:			0.50 seconds
[runlim] time:			0.00 seconds
[runlim] space:			0.0 MB
[runlim] samples:		0
[runlim] version:		1.10
[runlim] time limit:		311040000 seconds
[runlim] real time limit:	1200 seconds
[runlim] space limit:		15000 MB
[runlim] argv[0]:		/raid/steuber/Software/boolector/build/bin/boolector
[runlim] argv[1]:		/raid/steuber/Benchmarks/2019/QF_BV/Sage2/bench_12274.smt2
[runlim] start:			Tue May 12 04:26:11 2020
[runlim] main pid:		26970
[BTOR>check_sat] 2.155352 seconds
[runlim] end:			Tue May 12 04:26:13 2020
[runlim] status:		ok
[runlim] result:		0
[runlim] children:		0
[runlim] real:			2.68 seconds
[runlim] time:			2.08 seconds
[runlim] space:			16.8 MB
[runlim] samples:		21
[runlim] version:		1.10
[runlim] time limit:		311040000 seconds
[runlim] real time limit:	1200 seconds
[runlim] space limit:		15000 MB
[runlim] argv[0]:		/raid/steuber/Software/boolector/build/bin/boolector
[runlim] argv[1]:		/raid/steuber/Benchmarks/2019/QF_BV/Sage2/bench_4434.smt2
[runlim] start:			Tue May 12 04:26:13 2020
[runlim] main pid:		26974
[BTOR>check_sat] 0.202036 seconds
[runlim] end:			Tue May 12 04:26:13 2020
[runlim] status:		ok
[runlim] result:		0
[runlim] children:		0
[runlim] real:			0.90 seconds
[runlim] time:			0.18 seconds
[runlim] space:			4.1 MB
[runlim] samples:		2
[runlim] version:		1.10
[runlim] time limit:		311040000 seconds
[runlim] real time limit:	1200 seconds
[runlim] space limit:		15000 MB
[runlim] argv[0]:		/raid/steuber/Software/boolector/build/bin/boolector
[runlim] argv[1]:		/raid/steuber/Benchmarks/2019/QF_BV/wienand-cav2008/Commute/commute16.sf.smt2
[runlim] start:			Tue May 12 04:26:13 2020
[runlim] main pid:		26978
[BTOR>check_sat] 0.000125 seconds
[runlim] end:			Tue May 12 04:26:13 2020
[runlim] status:		ok
[runlim] result:		0
[runlim] children:		0
[runlim] real:			0.92 seconds
[runlim] time:			0.00 seconds
[runlim] space:			0.0 MB
[runlim] samples:		0
[runlim] version:		1.10
[runlim] time limit:		311040000 seconds
[runlim] real time limit:	1200 seconds
[runlim] space limit:		15000 MB
[runlim] argv[0]:		/raid/steuber/Software/boolector/build/bin/boolector
[runlim] argv[1]:		/raid/steuber/Benchmarks/2019/QF_BV/sage/app11/bench_159.smt2
[runlim] start:			Tue May 12 04:26:13 2020
[runlim] main pid:		26982
[BTOR>check_sat] 0.000250 seconds
[runlim] end:			Tue May 12 04:26:14 2020
[runlim] status:		ok
[runlim] result:		0
[runlim] children:		0
[runlim] real:			1.45 seconds
[runlim] time:			0.44 seconds
[runlim] space:			28.4 MB
[runlim] samples:		5
[runlim] version:		1.10
[runlim] time limit:		311040000 seconds
[runlim] real time limit:	1200 seconds
[runlim] space limit:		15000 MB
[runlim] argv[0]:		/raid/steuber/Software/boolector/build/bin/boolector
[runlim] argv[1]:		/raid/steuber/Benchmarks/2019/QF_BV/Sage2/bench_7145.smt2
[runlim] start:			Tue May 12 04:26:14 2020
[runlim] main pid:		26986
[BTOR>check_sat] 0.130845 seconds
[runlim] end:			Tue May 12 04:26:14 2020
[runlim] status:		ok
[runlim] result:		0
[runlim] children:		0
[runlim] real:			0.60 seconds
[runlim] time:			0.08 seconds
[runlim] space:			3.2 MB
[runlim] samples:		1
[runlim] version:		1.10
[runlim] time limit:		311040000 seconds
[runlim] real time limit:	1200 seconds
[runlim] space limit:		15000 MB
[runlim] argv[0]:		/raid/steuber/Software/boolector/build/bin/boolector
[runlim] argv[1]:		/raid/steuber/Benchmarks/2019/QF_BV/Sage2/bench_15092.smt2
[runlim] start:			Tue May 12 04:26:14 2020
[runlim] main pid:		26990
[BTOR>check_sat] 0.754984 seconds
[runlim] end:			Tue May 12 04:26:15 2020
[runlim] status:		ok
[runlim] result:		0
[runlim] children:		0
[runlim] real:			1.41 seconds
[runlim] time:			0.76 seconds
[runlim] space:			10.0 MB
[runlim] samples:		8
[runlim] version:		1.10
[runlim] time limit:		311040000 seconds
[runlim] real time limit:	1200 seconds
[runlim] space limit:		15000 MB
[runlim] argv[0]:		/raid/steuber/Software/boolector/build/bin/boolector
[runlim] argv[1]:		/raid/steuber/Benchmarks/2019/QF_BV/sage/app5/bench_369.smt2
[runlim] start:			Tue May 12 04:26:15 2020
[runlim] main pid:		26994
[BTOR>check_sat] 0.069895 seconds
[runlim] end:			Tue May 12 04:26:15 2020
[runlim] status:		ok
[runlim] result:		0
[runlim] children:		0
[runlim] real:			0.50 seconds
[runlim] time:			0.00 seconds
[runlim] space:			0.0 MB
[runlim] samples:		0
[runlim] version:		1.10
[runlim] time limit:		311040000 seconds
[runlim] real time limit:	1200 seconds
[runlim] space limit:		15000 MB
[runlim] argv[0]:		/raid/steuber/Software/boolector/build/bin/boolector
[runlim] argv[1]:		/raid/steuber/Benchmarks/2019/QF_BV/sage/app7/bench_5460.smt2
[runlim] start:			Tue May 12 04:26:15 2020
[runlim] main pid:		26998
[BTOR>check_sat] 0.000137 seconds
[runlim] end:			Tue May 12 04:26:15 2020
[runlim] status:		ok
[runlim] result:		0
[runlim] children:		0
[runlim] real:			0.55 seconds
[runlim] time:			0.00 seconds
[runlim] space:			0.0 MB
[runlim] samples:		0
[runlim] version:		1.10
[runlim] time limit:		311040000 seconds
[runlim] real time limit:	1200 seconds
[runlim] space limit:		15000 MB
[runlim] argv[0]:		/raid/steuber/Software/boolector/build/bin/boolector
[runlim] argv[1]:		/raid/steuber/Benchmarks/2019/QF_BV/sage/app2/bench_1073.smt2
[runlim] start:			Tue May 12 04:26:15 2020
[runlim] main pid:		27002
[BTOR>check_sat] 0.000081 seconds
[runlim] end:			Tue May 12 04:26:15 2020
[runlim] status:		ok
[runlim] result:		0
[runlim] children:		0
[runlim] real:			0.59 seconds
[runlim] time:			0.00 seconds
[runlim] space:			0.0 MB
[runlim] samples:		0
[runlim] version:		1.10
[runlim] time limit:		311040000 seconds
[runlim] real time limit:	1200 seconds
[runlim] space limit:		15000 MB
[runlim] argv[0]:		/raid/steuber/Software/boolector/build/bin/boolector
[runlim] argv[1]:		/raid/steuber/Benchmarks/2019/QF_BV/Sage2/bench_6027.smt2
[runlim] start:			Tue May 12 04:26:15 2020
[runlim] main pid:		27006
[BTOR>check_sat] 6.704810 seconds
[runlim] end:			Tue May 12 04:26:22 2020
[runlim] status:		ok
[runlim] result:		0
[runlim] children:		0
[runlim] real:			7.33 seconds
[runlim] time:			6.68 seconds
[runlim] space:			10.5 MB
[runlim] samples:		67
[runlim] version:		1.10
[runlim] time limit:		311040000 seconds
[runlim] real time limit:	1200 seconds
[runlim] space limit:		15000 MB
[runlim] argv[0]:		/raid/steuber/Software/boolector/build/bin/boolector
[runlim] argv[1]:		/raid/steuber/Benchmarks/2019/QF_BV/Sage2/bench_8679.smt2
[runlim] start:			Tue May 12 04:26:22 2020
[runlim] main pid:		27011
[BTOR>check_sat] 2.778839 seconds
[runlim] end:			Tue May 12 04:26:25 2020
[runlim] status:		ok
[runlim] result:		0
[runlim] children:		0
[runlim] real:			3.60 seconds
[runlim] time:			3.17 seconds
[runlim] space:			332.2 MB
[runlim] samples:		32
[runlim] version:		1.10
[runlim] time limit:		311040000 seconds
[runlim] real time limit:	1200 seconds
[runlim] space limit:		15000 MB
[runlim] argv[0]:		/raid/steuber/Software/boolector/build/bin/boolector
[runlim] argv[1]:		/raid/steuber/Benchmarks/2019/QF_BV/sage/app7/bench_5241.smt2
[runlim] start:			Tue May 12 04:26:25 2020
[runlim] main pid:		27015
[BTOR>check_sat] 0.000174 seconds
[runlim] end:			Tue May 12 04:26:25 2020
[runlim] status:		ok
[runlim] result:		0
[runlim] children:		0
[runlim] real:			0.69 seconds
[runlim] time:			0.00 seconds
[runlim] space:			0.0 MB
[runlim] samples:		0
[runlim] version:		1.10
[runlim] time limit:		311040000 seconds
[runlim] real time limit:	1200 seconds
[runlim] space limit:		15000 MB
[runlim] argv[0]:		/raid/steuber/Software/boolector/build/bin/boolector
[runlim] argv[1]:		/raid/steuber/Benchmarks/2019/QF_BV/sage/app7/bench_2513.smt2
[runlim] start:			Tue May 12 04:26:25 2020
[runlim] main pid:		27019
[BTOR>check_sat] 0.000108 seconds
[runlim] end:			Tue May 12 04:26:25 2020
[runlim] status:		ok
[runlim] result:		0
[runlim] children:		0
[runlim] real:			0.95 seconds
[runlim] time:			0.18 seconds
[runlim] space:			12.4 MB
[runlim] samples:		2
[runlim] version:		1.10
[runlim] time limit:		311040000 seconds
[runlim] real time limit:	1200 seconds
[runlim] space limit:		15000 MB
[runlim] argv[0]:		/raid/steuber/Software/boolector/build/bin/boolector
[runlim] argv[1]:		/raid/steuber/Benchmarks/2019/QF_BV/sage/app7/bench_112.smt2
[runlim] start:			Tue May 12 04:26:25 2020
[runlim] main pid:		27023
[BTOR>check_sat] 0.000233 seconds
[runlim] end:			Tue May 12 04:26:27 2020
[runlim] status:		ok
[runlim] result:		0
[runlim] children:		0
[runlim] real:			2.31 seconds
[runlim] time:			1.28 seconds
[runlim] space:			45.7 MB
[runlim] samples:		13
[runlim] version:		1.10
[runlim] time limit:		311040000 seconds
[runlim] real time limit:	1200 seconds
[runlim] space limit:		15000 MB
[runlim] argv[0]:		/raid/steuber/Software/boolector/build/bin/boolector
[runlim] argv[1]:		/raid/steuber/Benchmarks/2019/QF_BV/Sage2/bench_9550.smt2
[runlim] start:			Tue May 12 04:26:27 2020
[runlim] main pid:		27027
[BTOR>check_sat] 0.875830 seconds
[runlim] end:			Tue May 12 04:26:28 2020
[runlim] status:		ok
[runlim] result:		0
[runlim] children:		0
[runlim] real:			1.55 seconds
[runlim] time:			1.16 seconds
[runlim] space:			73.9 MB
[runlim] samples:		12
[runlim] version:		1.10
[runlim] time limit:		311040000 seconds
[runlim] real time limit:	1200 seconds
[runlim] space limit:		15000 MB
[runlim] argv[0]:		/raid/steuber/Software/boolector/build/bin/boolector
[runlim] argv[1]:		/raid/steuber/Benchmarks/2019/QF_BV/Sage2/bench_14581.smt2
[runlim] start:			Tue May 12 04:26:28 2020
[runlim] main pid:		27031
[BTOR>check_sat] 3.526895 seconds
[runlim] end:			Tue May 12 04:26:32 2020
[runlim] status:		ok
[runlim] result:		0
[runlim] children:		0
[runlim] real:			4.14 seconds
[runlim] time:			3.46 seconds
[runlim] space:			29.2 MB
[runlim] samples:		35
[runlim] version:		1.10
[runlim] time limit:		311040000 seconds
[runlim] real time limit:	1200 seconds
[runlim] space limit:		15000 MB
[runlim] argv[0]:		/raid/steuber/Software/boolector/build/bin/boolector
[runlim] argv[1]:		/raid/steuber/Benchmarks/2019/QF_BV/Sage2/bench_8575.smt2
[runlim] start:			Tue May 12 04:26:32 2020
[runlim] main pid:		27035
[BTOR>check_sat] 7.010091 seconds
[runlim] end:			Tue May 12 04:26:39 2020
[runlim] status:		ok
[runlim] result:		0
[runlim] children:		0
[runlim] real:			7.16 seconds
[runlim] time:			6.98 seconds
[runlim] space:			9.3 MB
[runlim] samples:		70
[runlim] version:		1.10
[runlim] time limit:		311040000 seconds
[runlim] real time limit:	1200 seconds
[runlim] space limit:		15000 MB
[runlim] argv[0]:		/raid/steuber/Software/boolector/build/bin/boolector
[runlim] argv[1]:		/raid/steuber/Benchmarks/2019/QF_BV/sage/app7/bench_5474.smt2
[runlim] start:			Tue May 12 04:26:39 2020
[runlim] main pid:		27039
[BTOR>check_sat] 0.000138 seconds
[runlim] end:			Tue May 12 04:26:39 2020
[runlim] status:		ok
[runlim] result:		0
[runlim] children:		0
[runlim] real:			0.21 seconds
[runlim] time:			0.00 seconds
[runlim] space:			0.0 MB
[runlim] samples:		0
[runlim] version:		1.10
[runlim] time limit:		311040000 seconds
[runlim] real time limit:	1200 seconds
[runlim] space limit:		15000 MB
[runlim] argv[0]:		/raid/steuber/Software/boolector/build/bin/boolector
[runlim] argv[1]:		/raid/steuber/Benchmarks/2019/QF_BV/sage/app7/bench_165.smt2
[runlim] start:			Tue May 12 04:26:39 2020
[runlim] main pid:		27043
[BTOR>check_sat] 0.000239 seconds
[runlim] end:			Tue May 12 04:26:40 2020
[runlim] status:		ok
[runlim] result:		0
[runlim] children:		0
[runlim] real:			1.58 seconds
[runlim] time:			1.26 seconds
[runlim] space:			45.7 MB
[runlim] samples:		13
[runlim] version:		1.10
[runlim] time limit:		311040000 seconds
[runlim] real time limit:	1200 seconds
[runlim] space limit:		15000 MB
[runlim] argv[0]:		/raid/steuber/Software/boolector/build/bin/boolector
[runlim] argv[1]:		/raid/steuber/Benchmarks/2019/QF_BV/sage/app1/bench_209.smt2
[runlim] start:			Tue May 12 04:26:40 2020
[runlim] main pid:		27047
[BTOR>check_sat] 0.000029 seconds
[runlim] end:			Tue May 12 04:26:40 2020
[runlim] status:		ok
[runlim] result:		0
[runlim] children:		0
[runlim] real:			0.60 seconds
[runlim] time:			0.00 seconds
[runlim] space:			0.0 MB
[runlim] samples:		0
