[runner] /raid/steuber/Benchmarks/2019/QF_BV/sage/app7/bench_5536.smt2
unsat
[runner] /raid/steuber/Benchmarks/2019/QF_BV/sage/app11/bench_59.smt2
unsat
[runner] /raid/steuber/Benchmarks/2019/QF_BV/Sage2/bench_9833.smt2
unsat
[runner] /raid/steuber/Benchmarks/2019/QF_BV/sage/app7/bench_5287.smt2
unsat
[runner] /raid/steuber/Benchmarks/2019/QF_BV/sage/app7/bench_6235.smt2
unsat
[runner] /raid/steuber/Benchmarks/2019/QF_BV/sage/app1/bench_2082.smt2
unsat
[runner] /raid/steuber/Benchmarks/2019/QF_BV/sage/app1/bench_455.smt2
unsat
[runner] /raid/steuber/Benchmarks/2019/QF_BV/Sage2/bench_12610.smt2
unsat
[runner] /raid/steuber/Benchmarks/2019/QF_BV/sage/app8/bench_949.smt2
unsat
[runner] /raid/steuber/Benchmarks/2019/QF_BV/Sage2/bench_11592.smt2
unsat
[runner] /raid/steuber/Benchmarks/2019/QF_BV/sage/app1/bench_110.smt2
unsat
[runner] /raid/steuber/Benchmarks/2019/QF_BV/Sage2/bench_9300.smt2
unsat
[runner] /raid/steuber/Benchmarks/2019/QF_BV/sage/app12/bench_5619.smt2
unsat
[runner] /raid/steuber/Benchmarks/2019/QF_BV/Sage2/bench_8070.smt2
unsat
[runner] /raid/steuber/Benchmarks/2019/QF_BV/Sage2/bench_10389.smt2
unsat
[runner] /raid/steuber/Benchmarks/2019/QF_BV/Sage2/bench_9645.smt2
unsat
[runner] /raid/steuber/Benchmarks/2019/QF_BV/sage/app1/bench_2554.smt2
unsat
[runner] /raid/steuber/Benchmarks/2019/QF_BV/Sage2/bench_14793.smt2
unsat
[runner] /raid/steuber/Benchmarks/2019/QF_BV/sage/app2/bench_1249.smt2
unsat
[runner] /raid/steuber/Benchmarks/2019/QF_BV/sage/app2/bench_604.smt2
unsat
[runner] /raid/steuber/Benchmarks/2019/QF_BV/sage/app7/bench_3634.smt2
unsat
[runner] /raid/steuber/Benchmarks/2019/QF_BV/sage/app9/bench_492.smt2
unsat
[runner] /raid/steuber/Benchmarks/2019/QF_BV/sage/app7/bench_387.smt2
unsat
[runner] /raid/steuber/Benchmarks/2019/QF_BV/sage/app7/bench_6190.smt2
unsat
[runner] /raid/steuber/Benchmarks/2019/QF_BV/Sage2/bench_11560.smt2
unsat
[runner] /raid/steuber/Benchmarks/2019/QF_BV/sage/app7/bench_39.smt2
unsat
[runner] /raid/steuber/Benchmarks/2019/QF_BV/sage/app11/bench_37.smt2
unsat
[runner] /raid/steuber/Benchmarks/2019/QF_BV/Sage2/bench_15290.smt2
unsat
[runner] /raid/steuber/Benchmarks/2019/QF_BV/sage/app1/bench_433.smt2
unsat
[runner] /raid/steuber/Benchmarks/2019/QF_BV/sage/app12/bench_4248.smt2
unsat
[runner] /raid/steuber/Benchmarks/2019/QF_BV/Sage2/bench_15064.smt2
unsat
[runner] /raid/steuber/Benchmarks/2019/QF_BV/sage/app11/bench_409.smt2
unsat
[runner] /raid/steuber/Benchmarks/2019/QF_BV/sage/app11/bench_606.smt2
unsat
[runner] /raid/steuber/Benchmarks/2019/QF_BV/sage/app9/bench_3049.smt2
unsat
[runner] /raid/steuber/Benchmarks/2019/QF_BV/sage/app9/bench_422.smt2
unsat
[runner] /raid/steuber/Benchmarks/2019/QF_BV/Sage2/bench_6288.smt2
unsat
[runner] /raid/steuber/Benchmarks/2019/QF_BV/sage/app1/bench_2537.smt2
unsat
[runner] /raid/steuber/Benchmarks/2019/QF_BV/Sage2/bench_13104.smt2
unsat
[runner] /raid/steuber/Benchmarks/2019/QF_BV/sage/app7/bench_6491.smt2
unsat
[runner] /raid/steuber/Benchmarks/2019/QF_BV/sage/app1/bench_1997.smt2
unsat
[runner] /raid/steuber/Benchmarks/2019/QF_BV/Sage2/bench_12414.smt2
unsat
[runner] /raid/steuber/Benchmarks/2019/QF_BV/20190311-bv-term-small-rw-Noetzli/bv-term-small-rw_712.smt2
unsat
[runner] /raid/steuber/Benchmarks/2019/QF_BV/sage/app9/bench_3054.smt2
unsat
[runner] /raid/steuber/Benchmarks/2019/QF_BV/uclid/catchconv/convert-jpg2gif-query-1275.smt2
unsat
[runner] /raid/steuber/Benchmarks/2019/QF_BV/Sage2/bench_15600.smt2
unsat
[runner] /raid/steuber/Benchmarks/2019/QF_BV/Sage2/bench_8139.smt2
unsat
[runner] /raid/steuber/Benchmarks/2019/QF_BV/sage/app7/bench_942.smt2
unsat
[runner] /raid/steuber/Benchmarks/2019/QF_BV/20190311-bv-term-small-rw-Noetzli/bv-term-small-rw_575.smt2
unsat
[runner] /raid/steuber/Benchmarks/2019/QF_BV/sage/app9/bench_63.smt2
unsat
[runner] /raid/steuber/Benchmarks/2019/QF_BV/sage/app1/bench_2274.smt2
unsat
[runner] /raid/steuber/Benchmarks/2019/QF_BV/sage/app7/bench_8582.smt2
unsat
[runner] /raid/steuber/Benchmarks/2019/QF_BV/sage/app7/bench_68.smt2
unsat
[runner] /raid/steuber/Benchmarks/2019/QF_BV/sage/app7/bench_2037.smt2
unsat
[runner] /raid/steuber/Benchmarks/2019/QF_BV/sage/app7/bench_6108.smt2
unsat
[runner] /raid/steuber/Benchmarks/2019/QF_BV/sage/app7/bench_4748.smt2
unsat
[runner] /raid/steuber/Benchmarks/2019/QF_BV/sage/app1/bench_2590.smt2
unsat
[runner] /raid/steuber/Benchmarks/2019/QF_BV/sage/app7/bench_3073.smt2
unsat
[runner] /raid/steuber/Benchmarks/2019/QF_BV/sage/app7/bench_6462.smt2
unsat
[runner] /raid/steuber/Benchmarks/2019/QF_BV/sage/app7/bench_6614.smt2
unsat
[runner] /raid/steuber/Benchmarks/2019/QF_BV/sage/app7/bench_8547.smt2
unsat
[runner] /raid/steuber/Benchmarks/2019/QF_BV/sage/app8/bench_364.smt2
unsat
[runner] /raid/steuber/Benchmarks/2019/QF_BV/sage/app9/bench_3048.smt2
unsat
[runner] /raid/steuber/Benchmarks/2019/QF_BV/sage/app2/bench_933.smt2
unsat
[runner] /raid/steuber/Benchmarks/2019/QF_BV/Sage2/bench_16045.smt2
unsat
[runner] /raid/steuber/Benchmarks/2019/QF_BV/sage/app1/bench_2237.smt2
unsat
[runner] /raid/steuber/Benchmarks/2019/QF_BV/sage/app9/bench_3287.smt2
unsat
[runner] /raid/steuber/Benchmarks/2019/QF_BV/Sage2/bench_4696.smt2
unsat
[runner] /raid/steuber/Benchmarks/2019/QF_BV/sage/app7/bench_1527.smt2
unsat
[runner] /raid/steuber/Benchmarks/2019/QF_BV/sage/app8/bench_504.smt2
unsat
[runner] /raid/steuber/Benchmarks/2019/QF_BV/sage/app7/bench_5126.smt2
unsat
[runner] /raid/steuber/Benchmarks/2019/QF_BV/sage/app9/bench_529.smt2
unsat
[runner] /raid/steuber/Benchmarks/2019/QF_BV/sage/app9/bench_2592.smt2
unsat
[runner] /raid/steuber/Benchmarks/2019/QF_BV/sage/app9/bench_1002.smt2
unsat
[runner] /raid/steuber/Benchmarks/2019/QF_BV/Sage2/bench_14575.smt2
unsat
[runner] /raid/steuber/Benchmarks/2019/QF_BV/sage/app1/bench_747.smt2
unsat
[runner] /raid/steuber/Benchmarks/2019/QF_BV/Sage2/bench_12394.smt2
unsat
[runner] /raid/steuber/Benchmarks/2019/QF_BV/Sage2/bench_15694.smt2
unsat
[runner] /raid/steuber/Benchmarks/2019/QF_BV/sage/app7/bench_150.smt2
unsat
[runner] /raid/steuber/Benchmarks/2019/QF_BV/sage/app1/bench_303.smt2
unsat
[runner] /raid/steuber/Benchmarks/2019/QF_BV/sage/app2/bench_588.smt2
unsat
