[runner] /raid/steuber/Benchmarks/srem_sdiv_mul/QF_BV/sage/app7/bench_2428.smt2
/raid/steuber/Benchmarks/srem_sdiv_mul/QF_BV/sage/app7/bench_2428.smt2 58493315178014426437683398809375765923111853625293827823483829008264721515893938275878658974937099961675985369414127 0 0 4114029834174719834734115316544427936897763951969949058011440517766932457916542862271352963128101180894127484249975890 1 0 0 34418
[runner] /raid/steuber/Benchmarks/srem_sdiv_mul/QF_BV/sage/app7/bench_1555.smt2
[runner] /raid/steuber/Benchmarks/srem_sdiv_mul/QF_BV/sage/app7/bench_924.smt2
[runner] /raid/steuber/Benchmarks/srem_sdiv_mul/QF_BV/sage/app9/bench_2787.smt2
/raid/steuber/Benchmarks/srem_sdiv_mul/QF_BV/sage/app9/bench_2787.smt2 29 0 0 3240 1 0 0 888
[runner] /raid/steuber/Benchmarks/srem_sdiv_mul/QF_BV/Sage2/bench_10734.smt2
/raid/steuber/Benchmarks/srem_sdiv_mul/QF_BV/Sage2/bench_10734.smt2 23 0 0 1845 10 0 0 248
[runner] /raid/steuber/Benchmarks/srem_sdiv_mul/QF_BV/sage/app8/bench_799.smt2
/raid/steuber/Benchmarks/srem_sdiv_mul/QF_BV/sage/app8/bench_799.smt2 207 0 0 7719 11 0 0 1468
[runner] /raid/steuber/Benchmarks/srem_sdiv_mul/QF_BV/sage/app2/bench_1391.smt2
/raid/steuber/Benchmarks/srem_sdiv_mul/QF_BV/sage/app2/bench_1391.smt2 78 3 0 43177 4 3 0 1785
[runner] /raid/steuber/Benchmarks/srem_sdiv_mul/QF_BV/sage/app7/bench_5109.smt2
/raid/steuber/Benchmarks/srem_sdiv_mul/QF_BV/sage/app7/bench_5109.smt2 194231463746695361633193322349654783688225421327673240 0 0 13660946283476750058460000153640617871726686882568428595 1 0 0 11252
[runner] /raid/steuber/Benchmarks/srem_sdiv_mul/QF_BV/sage/app7/bench_382.smt2
[runner] /raid/steuber/Benchmarks/srem_sdiv_mul/QF_BV/sage/app7/bench_561.smt2
[runner] /raid/steuber/Benchmarks/srem_sdiv_mul/QF_BV/sage/app7/bench_6794.smt2
/raid/steuber/Benchmarks/srem_sdiv_mul/QF_BV/sage/app7/bench_6794.smt2 15 0 0 1304 1 0 0 84
[runner] /raid/steuber/Benchmarks/srem_sdiv_mul/QF_BV/Sage2/bench_10564.smt2
/raid/steuber/Benchmarks/srem_sdiv_mul/QF_BV/Sage2/bench_10564.smt2 22 0 0 1415 10 0 0 219
[runner] /raid/steuber/Benchmarks/srem_sdiv_mul/QF_BV/sage/app7/bench_6417.smt2
/raid/steuber/Benchmarks/srem_sdiv_mul/QF_BV/sage/app7/bench_6417.smt2 2080851 0 0 146355680 1 0 0 798
[runner] /raid/steuber/Benchmarks/srem_sdiv_mul/QF_BV/uclid/catchconv/convert-jpg2gif-query-1213.smt2
/raid/steuber/Benchmarks/srem_sdiv_mul/QF_BV/uclid/catchconv/convert-jpg2gif-query-1213.smt2 204 0 0 47501 204 0 0 30043
[runner] /raid/steuber/Benchmarks/srem_sdiv_mul/QF_BV/sage/app7/bench_6193.smt2
/raid/steuber/Benchmarks/srem_sdiv_mul/QF_BV/sage/app7/bench_6193.smt2 102677770465 0 0 7221669865620 1 0 0 1432
[runner] /raid/steuber/Benchmarks/srem_sdiv_mul/QF_BV/sage/app5/bench_866.smt2
/raid/steuber/Benchmarks/srem_sdiv_mul/QF_BV/sage/app5/bench_866.smt2 2 87 0 831 2 29 0 239
[runner] /raid/steuber/Benchmarks/srem_sdiv_mul/QF_BV/Sage2/bench_5357.smt2
/raid/steuber/Benchmarks/srem_sdiv_mul/QF_BV/Sage2/bench_5357.smt2 234 0 0 11537 41 0 0 1001
[runner] /raid/steuber/Benchmarks/srem_sdiv_mul/QF_BV/sage/app7/bench_3027.smt2
/raid/steuber/Benchmarks/srem_sdiv_mul/QF_BV/sage/app7/bench_3027.smt2 708161717655956192629545763287845237115407193704550895563114734341254794279229520871867323925466690 0 0 49807374141653402313671984136374654839420995896505412342428397620072776764072358099770448456928150107 1 0 0 31225
[runner] /raid/steuber/Benchmarks/srem_sdiv_mul/QF_BV/sage/app12/bench_2031.smt2
/raid/steuber/Benchmarks/srem_sdiv_mul/QF_BV/sage/app12/bench_2031.smt2 0 2 0 559 0 1 0 244
[runner] /raid/steuber/Benchmarks/srem_sdiv_mul/QF_BV/Sage2/bench_7631.smt2
/raid/steuber/Benchmarks/srem_sdiv_mul/QF_BV/Sage2/bench_7631.smt2 214 0 0 6927 43 0 0 702
[runner] /raid/steuber/Benchmarks/srem_sdiv_mul/QF_BV/Sage2/bench_14057.smt2
/raid/steuber/Benchmarks/srem_sdiv_mul/QF_BV/Sage2/bench_14057.smt2 165 0 0 64989 43 0 0 2177
[runner] /raid/steuber/Benchmarks/srem_sdiv_mul/QF_BV/sage/app12/bench_3732.smt2
/raid/steuber/Benchmarks/srem_sdiv_mul/QF_BV/sage/app12/bench_3732.smt2 0 1 0 47 0 1 0 32
[runner] /raid/steuber/Benchmarks/srem_sdiv_mul/QF_BV/Sage2/bench_16511.smt2
/raid/steuber/Benchmarks/srem_sdiv_mul/QF_BV/Sage2/bench_16511.smt2 4 0 0 2653 1 0 0 225
[runner] /raid/steuber/Benchmarks/srem_sdiv_mul/QF_BV/sage/app7/bench_1309.smt2
[runner] /raid/steuber/Benchmarks/srem_sdiv_mul/QF_BV/Sage2/bench_16479.smt2
/raid/steuber/Benchmarks/srem_sdiv_mul/QF_BV/Sage2/bench_16479.smt2 463 0 0 11198 76 0 0 2033
[runner] /raid/steuber/Benchmarks/srem_sdiv_mul/QF_BV/sage/app2/bench_1053.smt2
/raid/steuber/Benchmarks/srem_sdiv_mul/QF_BV/sage/app2/bench_1053.smt2 2559 23 0 925998 5 5 0 3900
[runner] /raid/steuber/Benchmarks/srem_sdiv_mul/QF_BV/sage/app9/bench_196.smt2
/raid/steuber/Benchmarks/srem_sdiv_mul/QF_BV/sage/app9/bench_196.smt2 7 0 0 2339 1 0 0 646
[runner] /raid/steuber/Benchmarks/srem_sdiv_mul/QF_BV/sage/app7/bench_5144.smt2
/raid/steuber/Benchmarks/srem_sdiv_mul/QF_BV/sage/app7/bench_5144.smt2 194231463746695361633192806701689240019854743289276084 0 0 13660946283476750058459963886400374742103007082510529767 1 0 0 11155
[runner] /raid/steuber/Benchmarks/srem_sdiv_mul/QF_BV/sage/app7/bench_5961.smt2
/raid/steuber/Benchmarks/srem_sdiv_mul/QF_BV/sage/app7/bench_5961.smt2 888037817436841 0 0 62458659826448797 1 0 0 2452
[runner] /raid/steuber/Benchmarks/srem_sdiv_mul/QF_BV/sage/app7/bench_1951.smt2
/raid/steuber/Benchmarks/srem_sdiv_mul/QF_BV/sage/app7/bench_1951.smt2 149401765783937046265915693998165102149444516553108558619882454393961396519989646712486188459000936208250349772948215001306255102594143491834117652169502914203038032906621269846261765853496552580587940055686081205093098421502360443763637686584 0 0 10507924193438835870336612630457135205230193803935718354861358714593986649866593032956683633568950287941794075282199685466729434315939950486809195516681819048978892523425818748305692822406997222006460892357127473146726957820178696539210679969437 1 0 0 45260
[runner] /raid/steuber/Benchmarks/srem_sdiv_mul/QF_BV/sage/app11/bench_343.smt2
/raid/steuber/Benchmarks/srem_sdiv_mul/QF_BV/sage/app11/bench_343.smt2 160530642051941165327432456890786463507132314421552117272997558505588549809005606550044733798641778875122261802507779039395647206732308275746625723477635944267446348774630576024022690577978445897117369814794948559901253443783042697479391525171439013127061761401671223047917262637239237028300933903462690378108578141398 64 0 4820042472761275985972216653829201187314187377239450710086611969342880746705410808562086451902386943498628103996785916155586146240613373196877506739475147413343180504330130833426875333731008652240629215950425665378798406681952433940411861603944385177893305024892482012161344557760250807146397135294938199420196370896684 1183 16 0 68663
[runner] /raid/steuber/Benchmarks/srem_sdiv_mul/QF_BV/sage/app12/bench_5419.smt2
/raid/steuber/Benchmarks/srem_sdiv_mul/QF_BV/sage/app12/bench_5419.smt2 15 35 0 425 2 8 0 169
[runner] /raid/steuber/Benchmarks/srem_sdiv_mul/QF_BV/sage/app8/bench_3310.smt2
/raid/steuber/Benchmarks/srem_sdiv_mul/QF_BV/sage/app8/bench_3310.smt2 88 0 0 4839 1 0 0 1329
[runner] /raid/steuber/Benchmarks/srem_sdiv_mul/QF_BV/sage/app11/bench_140.smt2
/raid/steuber/Benchmarks/srem_sdiv_mul/QF_BV/sage/app11/bench_140.smt2 160530642051941165327432459559366677205034083305647147027426521277631079660700869443960373126554595012460304091006415196337247712310106654748923647128674293301562273790630994781928688353616939582947310646062211427731531647234646172817161587845371311266817275049242659807095895966702415481855506965840138661314461555209 64 0 4820042472761275985972216733955149776197383857332948341612290055321422787212087431376521185362785144945113574262401742403310079966500665420122691782704046713601690432483798845278093888571821134978248619851356937230294013925984997116804332825561428309179476344522026276413302599984461504846334761268754586745608691722498 1186 16 0 68882
[runner] /raid/steuber/Benchmarks/srem_sdiv_mul/QF_BV/sage/app7/bench_1556.smt2
[runner] /raid/steuber/Benchmarks/srem_sdiv_mul/QF_BV/sage/app7/bench_2149.smt2
/raid/steuber/Benchmarks/srem_sdiv_mul/QF_BV/sage/app7/bench_2149.smt2 8406932445038726918277330065191010231116544660565294203538448973783706430614304935047749617821368093442720358518600397998652920858972173405488345798131196152697306086 0 0 591287581965956723622098660210745820128903456200554174132487021647038048658050746241473748168659663017130354020303649059360230743786343702787844571913939008584687840471 1 0 0 38857
[runner] /raid/steuber/Benchmarks/srem_sdiv_mul/QF_BV/sage/app11/bench_51.smt2
/raid/steuber/Benchmarks/srem_sdiv_mul/QF_BV/sage/app11/bench_51.smt2 160530642051941165327432460790816242221753575468564517477345815363148729305702537202318677045660607992832701075916358956506938854706185550988126345098076377292601934840504705809539460054430355147455791247052143996186808249025060029519472476450832164262139236386610111355056787038697775499454306985731708175402552023840 64 0 4820042472761275985972216770930266368102969584806924027306451780768042483770010339335356185882553880197592541272325251155965294442774741969782278161348212695045093729368940111616551462791840334028118443588249134813938725964486189807886629328027000584189992160991391070292417625398203002697985819895011753624035128309167 1186 16 0 68928
[runner] /raid/steuber/Benchmarks/srem_sdiv_mul/QF_BV/sage/app7/bench_4833.smt2
/raid/steuber/Benchmarks/srem_sdiv_mul/QF_BV/sage/app7/bench_4833.smt2 228377707517205849823393667539249522614303786773445237828068173655107970761937245240242103998294414 0 0 16062565428662141612354748456464091171896502295506481910246843517040487581022720228520179054135768288 1 0 0 19826
[runner] /raid/steuber/Benchmarks/srem_sdiv_mul/QF_BV/sage/app7/bench_298.smt2
[runner] /raid/steuber/Benchmarks/srem_sdiv_mul/QF_BV/sage/app1/bench_200.smt2
/raid/steuber/Benchmarks/srem_sdiv_mul/QF_BV/sage/app1/bench_200.smt2 0 387 0 3414 0 29 0 310
[runner] /raid/steuber/Benchmarks/srem_sdiv_mul/QF_BV/float/newton.2.1.i.smt2
/raid/steuber/Benchmarks/srem_sdiv_mul/QF_BV/float/newton.2.1.i.smt2 3792 0 0 108044974619 6 0 0 4174
[runner] /raid/steuber/Benchmarks/srem_sdiv_mul/QF_BV/sage/app7/bench_2017.smt2
/raid/steuber/Benchmarks/srem_sdiv_mul/QF_BV/sage/app7/bench_2017.smt2 128058656386249008559916911987367285226613617638188225587600574970624800806160220819536695213699901501286229516177524882996989833842470175694045075272475002735808244416496062013368535519065489685215285972879852469677373107975345184398746303462 0 0 9006792165805930035066998170927226445919769137470578051967031562047044433172421881871727140366167538005582492992204485100197828035895919698120511399189056204271283019275639535472697344593294417392547683949242458643464180047849438042769078786362 1 0 0 45083
[runner] /raid/steuber/Benchmarks/srem_sdiv_mul/QF_BV/sage/app1/bench_1930.smt2
/raid/steuber/Benchmarks/srem_sdiv_mul/QF_BV/sage/app1/bench_1930.smt2 0 5681 0 53053 0 44 0 989
[runner] /raid/steuber/Benchmarks/srem_sdiv_mul/QF_BV/sage/app11/bench_509.smt2
/raid/steuber/Benchmarks/srem_sdiv_mul/QF_BV/sage/app11/bench_509.smt2 160530642051941165327432456584901774980495352770806046668734950124603437691617611989082071583189321689419482251652204143935938057871612018864939400213287675010571400847895350158491963560217511838267297545598305780584739341411119769476247921149525824802741959442068172984612201899869939893308512485245512511654148817293 64 0 4820042472761275985972216644644803918232714262920433195010546101780122963406226531638692747276491497483023050092822046743791703244365422704884975647563534450072442212170224223372783088314472834061218296135694412874081518895087041323355017076565356518575917798531783262504005493631783968279605865914540273600287448746644 1181 16 0 68564
[runner] /raid/steuber/Benchmarks/srem_sdiv_mul/QF_BV/sage/app7/bench_17.smt2
[runner] /raid/steuber/Benchmarks/srem_sdiv_mul/QF_BV/Sage2/bench_14909.smt2
/raid/steuber/Benchmarks/srem_sdiv_mul/QF_BV/Sage2/bench_14909.smt2 258 0 0 4365 44 0 0 1386
[runner] /raid/steuber/Benchmarks/srem_sdiv_mul/QF_BV/sage/app2/bench_809.smt2
/raid/steuber/Benchmarks/srem_sdiv_mul/QF_BV/sage/app2/bench_809.smt2 4674 184 0 121671468 14 15 0 6857
[runner] /raid/steuber/Benchmarks/srem_sdiv_mul/QF_BV/sage/app7/bench_3779.smt2
/raid/steuber/Benchmarks/srem_sdiv_mul/QF_BV/sage/app7/bench_3779.smt2 228377707517205849823393667539249527045169011360901012998572738524915537587447402332084888429377149 0 0 16062565428662141612354748456464091483534023090559539172997438330506048904951772149122540291171366039 1 0 0 25784
[runner] /raid/steuber/Benchmarks/srem_sdiv_mul/QF_BV/bmc-bv-svcomp14/gcd_1_true.c.21.smt2
/raid/steuber/Benchmarks/srem_sdiv_mul/QF_BV/bmc-bv-svcomp14/gcd_1_true.c.21.smt2 0 0 92691 928099 0 0 21 228
[runner] /raid/steuber/Benchmarks/srem_sdiv_mul/QF_BV/sage/app7/bench_433.smt2
[runner] /raid/steuber/Benchmarks/srem_sdiv_mul/QF_BV/sage/app7/bench_7546.smt2
[runner] /raid/steuber/Benchmarks/srem_sdiv_mul/QF_BV/sage/app1/bench_2620.smt2
/raid/steuber/Benchmarks/srem_sdiv_mul/QF_BV/sage/app1/bench_2620.smt2 0 1031 0 9454 0 32 0 453
[runner] /raid/steuber/Benchmarks/srem_sdiv_mul/QF_BV/Sage2/bench_1419.smt2
/raid/steuber/Benchmarks/srem_sdiv_mul/QF_BV/Sage2/bench_1419.smt2 24 0 0 650 7 0 0 189
[runner] /raid/steuber/Benchmarks/srem_sdiv_mul/QF_BV/Sage2/bench_4452.smt2
/raid/steuber/Benchmarks/srem_sdiv_mul/QF_BV/Sage2/bench_4452.smt2 89 0 0 7228 8 0 0 806
[runner] /raid/steuber/Benchmarks/srem_sdiv_mul/QF_BV/sage/app7/bench_5946.smt2
/raid/steuber/Benchmarks/srem_sdiv_mul/QF_BV/sage/app7/bench_5946.smt2 1245121398426281 0 0 87573538356337371 1 0 0 2548
[runner] /raid/steuber/Benchmarks/srem_sdiv_mul/QF_BV/sage/app7/bench_5074.smt2
/raid/steuber/Benchmarks/srem_sdiv_mul/QF_BV/sage/app7/bench_5074.smt2 549495735592516804215921587754901010907003929438227081112 0 0 38647866736558182311597776106498688863816087686657422396461 1 0 0 13052
[runner] /raid/steuber/Benchmarks/srem_sdiv_mul/QF_BV/Sage2/bench_9429.smt2
/raid/steuber/Benchmarks/srem_sdiv_mul/QF_BV/Sage2/bench_9429.smt2 4 0 0 848 1 0 0 130
[runner] /raid/steuber/Benchmarks/srem_sdiv_mul/QF_BV/sage/app7/bench_760.smt2
[runner] /raid/steuber/Benchmarks/srem_sdiv_mul/QF_BV/sage/app7/bench_5842.smt2
/raid/steuber/Benchmarks/srem_sdiv_mul/QF_BV/sage/app7/bench_5842.smt2 4063387657692848125 0 0 285791598594446376676 1 0 0 3250
[runner] /raid/steuber/Benchmarks/srem_sdiv_mul/QF_BV/sage/app2/bench_734.smt2
/raid/steuber/Benchmarks/srem_sdiv_mul/QF_BV/sage/app2/bench_734.smt2 5199 238 0 540885853 17 18 0 8127
[runner] /raid/steuber/Benchmarks/srem_sdiv_mul/QF_BV/Sage2/bench_15527.smt2
/raid/steuber/Benchmarks/srem_sdiv_mul/QF_BV/Sage2/bench_15527.smt2 258 0 0 4365 44 0 0 1386
[runner] /raid/steuber/Benchmarks/srem_sdiv_mul/QF_BV/sage/app7/bench_3672.smt2
/raid/steuber/Benchmarks/srem_sdiv_mul/QF_BV/sage/app7/bench_3672.smt2 228377707517205849823393667541517268691130820114565840229734009157592014797920203897043939221550717 0 0 16062565428662141612354748456623589312632860311833396139084976975671968648607942370436020903209734398 1 0 0 26588
[runner] /raid/steuber/Benchmarks/srem_sdiv_mul/QF_BV/Sage2/bench_15416.smt2
/raid/steuber/Benchmarks/srem_sdiv_mul/QF_BV/Sage2/bench_15416.smt2 56 0 0 1627 22 0 0 482
[runner] /raid/steuber/Benchmarks/srem_sdiv_mul/QF_BV/Sage2/bench_1606.smt2
/raid/steuber/Benchmarks/srem_sdiv_mul/QF_BV/Sage2/bench_1606.smt2 67931 0 0 1339411 184 0 0 2715
[runner] /raid/steuber/Benchmarks/srem_sdiv_mul/QF_BV/sage/app7/bench_3594.smt2
/raid/steuber/Benchmarks/srem_sdiv_mul/QF_BV/sage/app7/bench_3594.smt2 228377707517205849823393667604366778630920349170302193700066784352525738700487647269871657049896573 0 0 16062565428662141612354748461044004845051513393577454532637019343668119788473391709855087015175614653 1 0 0 27023
[runner] /raid/steuber/Benchmarks/srem_sdiv_mul/QF_BV/Sage2/bench_16993.smt2
/raid/steuber/Benchmarks/srem_sdiv_mul/QF_BV/Sage2/bench_16993.smt2 59 0 0 1657 23 0 0 473
[runner] /raid/steuber/Benchmarks/srem_sdiv_mul/QF_BV/sage/app7/bench_1255.smt2
[runner] /raid/steuber/Benchmarks/srem_sdiv_mul/QF_BV/sage/app7/bench_8612.smt2
[runner] /raid/steuber/Benchmarks/srem_sdiv_mul/QF_BV/sage/app11/bench_472.smt2
/raid/steuber/Benchmarks/srem_sdiv_mul/QF_BV/sage/app11/bench_472.smt2 160530642051941165327432456650825199231925732436915113609308788137746780820365024609979197060657523669096805430715905630026392615815727591468751107813362733040070312039002079870890827141631506247502226913959651207161574277267137641890718525464593322286431571933361933774117602920854702206884465377102662913907258585418 64 0 4820042472761275985972216646624199881396824847902980073259698228410027658082774867182527597411382757400179311710055639289437057338384377552297159072544485519742859947549514441056854692930105553496436166785420975913891192987083893180479337017810836833083975390419864889585328567797401821483655708453419136923543681968599 1181 16 0 68590
[runner] /raid/steuber/Benchmarks/srem_sdiv_mul/QF_BV/Sage2/bench_17526.smt2
/raid/steuber/Benchmarks/srem_sdiv_mul/QF_BV/Sage2/bench_17526.smt2 2 0 0 3327 1 0 0 424
[runner] /raid/steuber/Benchmarks/srem_sdiv_mul/QF_BV/sage/app2/bench_499.smt2
/raid/steuber/Benchmarks/srem_sdiv_mul/QF_BV/sage/app2/bench_499.smt2 5319 335 0 11215620396815634923131 22 22 0 16066
[runner] /raid/steuber/Benchmarks/srem_sdiv_mul/QF_BV/sage/app9/bench_2735.smt2
/raid/steuber/Benchmarks/srem_sdiv_mul/QF_BV/sage/app9/bench_2735.smt2 29 0 0 3364 1 0 0 929
[runner] /raid/steuber/Benchmarks/srem_sdiv_mul/QF_BV/Sage2/bench_10333.smt2
/raid/steuber/Benchmarks/srem_sdiv_mul/QF_BV/Sage2/bench_10333.smt2 22 0 0 1415 10 0 0 219
[runner] /raid/steuber/Benchmarks/srem_sdiv_mul/QF_BV/sage/app9/bench_3037.smt2
/raid/steuber/Benchmarks/srem_sdiv_mul/QF_BV/sage/app9/bench_3037.smt2 29 0 0 2744 1 0 0 744
[runner] /raid/steuber/Benchmarks/srem_sdiv_mul/QF_BV/sage/app8/bench_3437.smt2
/raid/steuber/Benchmarks/srem_sdiv_mul/QF_BV/sage/app8/bench_3437.smt2 211 0 0 27393 11 0 0 2340
[runner] /raid/steuber/Benchmarks/srem_sdiv_mul/QF_BV/sage/app7/bench_2200.smt2
/raid/steuber/Benchmarks/srem_sdiv_mul/QF_BV/sage/app7/bench_2200.smt2 38063177363334172104618532055000237689107039832396349629441268399182143701107551996884849757486686329938862898639749833184541691015766110670358080251747001947 0 0 2677110141213169530738688558694416680580631079997101688919270090180646463183016225779816041029127213757533144709900661673160778355024471218621593391192756451539 1 0 0 38076
[runner] /raid/steuber/Benchmarks/srem_sdiv_mul/QF_BV/sage/app7/bench_95.smt2
[runner] /raid/steuber/Benchmarks/srem_sdiv_mul/QF_BV/sage/app2/bench_674.smt2
/raid/steuber/Benchmarks/srem_sdiv_mul/QF_BV/sage/app2/bench_674.smt2 5317 302 0 5323375548 21 22 0 9284
[runner] /raid/steuber/Benchmarks/srem_sdiv_mul/QF_BV/sage/app7/bench_6491.smt2
[runner] /raid/steuber/Benchmarks/srem_sdiv_mul/QF_BV/Sage2/bench_10616.smt2
/raid/steuber/Benchmarks/srem_sdiv_mul/QF_BV/Sage2/bench_10616.smt2 84 0 0 7011 8 0 0 788
[runner] /raid/steuber/Benchmarks/srem_sdiv_mul/QF_BV/sage/app2/bench_651.smt2
/raid/steuber/Benchmarks/srem_sdiv_mul/QF_BV/sage/app2/bench_651.smt2 5319 321 0 20624809617 22 22 0 9338
[runner] /raid/steuber/Benchmarks/srem_sdiv_mul/QF_BV/sage/app7/bench_4211.smt2
/raid/steuber/Benchmarks/srem_sdiv_mul/QF_BV/sage/app7/bench_4211.smt2 228377707517205849823393667539249522614303786773445491042671167495502053666414853303732681391978052 0 0 16062565428662141612354748456464091171896502295506499719673920697257863716228550876799294862153781541 1 0 0 23076
[runner] /raid/steuber/Benchmarks/srem_sdiv_mul/QF_BV/sage/app7/bench_4297.smt2
/raid/steuber/Benchmarks/srem_sdiv_mul/QF_BV/sage/app7/bench_4297.smt2 228377707517205849823393667539249522614303786773445356124981951424128084167819377374386414866642272 0 0 16062565428662141612354748456464091171896502295506490230463112528596508414027784224302128791899382501 1 0 0 22798
[runner] /raid/steuber/Benchmarks/srem_sdiv_mul/QF_BV/log-slicing/bvsdiv_18.smt2
/raid/steuber/Benchmarks/srem_sdiv_mul/QF_BV/log-slicing/bvsdiv_18.smt2 0 1 0 1684 0 1 0 1054
[runner] /raid/steuber/Benchmarks/srem_sdiv_mul/QF_BV/Sage2/bench_6021.smt2
/raid/steuber/Benchmarks/srem_sdiv_mul/QF_BV/Sage2/bench_6021.smt2 237 0 0 3222 44 0 0 655
[runner] /raid/steuber/Benchmarks/srem_sdiv_mul/QF_BV/sage/app11/bench_320.smt2
/raid/steuber/Benchmarks/srem_sdiv_mul/QF_BV/sage/app11/bench_320.smt2 160530642051941165327432456890786463507132314421552117272997558505588549809005606550044733798641778875122261802507779039395647206732308275746625723477635944267446348774630576024022690577978445897117369814794948559901253443783042697479391525171439013127061761401671223047917262637239237028300933903462690378108578141398 64 0 4820042472761275985972216653829201187314187377239450710086611969342880746705410808562086451902386943498628103996785916155586146240613373196877506739475147413343180504330130833426875333731008652240629215950425665378798406681952433940411861603944385177893305024892482012161344557760250807146397135294938199420196370896684 1183 16 0 68663
[runner] /raid/steuber/Benchmarks/srem_sdiv_mul/QF_BV/Sage2/bench_9111.smt2
/raid/steuber/Benchmarks/srem_sdiv_mul/QF_BV/Sage2/bench_9111.smt2 4 0 0 848 1 0 0 130
[runner] /raid/steuber/Benchmarks/srem_sdiv_mul/QF_BV/sage/app12/bench_432.smt2
/raid/steuber/Benchmarks/srem_sdiv_mul/QF_BV/sage/app12/bench_432.smt2 1 4 0 73 1 2 0 51
[runner] /raid/steuber/Benchmarks/srem_sdiv_mul/QF_BV/sage/app8/bench_756.smt2
/raid/steuber/Benchmarks/srem_sdiv_mul/QF_BV/sage/app8/bench_756.smt2 207 0 0 8439 11 0 0 1527
[runner] /raid/steuber/Benchmarks/srem_sdiv_mul/QF_BV/sage/app9/bench_3288.smt2
/raid/steuber/Benchmarks/srem_sdiv_mul/QF_BV/sage/app9/bench_3288.smt2 19 0 0 2553 1 0 0 691
[runner] /raid/steuber/Benchmarks/srem_sdiv_mul/QF_BV/Sage2/bench_17445.smt2
/raid/steuber/Benchmarks/srem_sdiv_mul/QF_BV/Sage2/bench_17445.smt2 463 0 0 11189 76 0 0 2025
[runner] /raid/steuber/Benchmarks/srem_sdiv_mul/QF_BV/Sage2/bench_8113.smt2
/raid/steuber/Benchmarks/srem_sdiv_mul/QF_BV/Sage2/bench_8113.smt2 1 0 0 3274 1 0 0 460
[runner] /raid/steuber/Benchmarks/srem_sdiv_mul/QF_BV/sage/app8/bench_3603.smt2
/raid/steuber/Benchmarks/srem_sdiv_mul/QF_BV/sage/app8/bench_3603.smt2 211 0 0 26292 11 0 0 2274
[runner] /raid/steuber/Benchmarks/srem_sdiv_mul/QF_BV/sage/app7/bench_4778.smt2
/raid/steuber/Benchmarks/srem_sdiv_mul/QF_BV/sage/app7/bench_4778.smt2 228377707517205849823393667539249522614303786773445237828068173672386108591338778219627340827710732 0 0 16062565428662141612354748456464091171896502295506481910246843518255716608353662989036494713670891556 1 0 0 20005
[runner] /raid/steuber/Benchmarks/srem_sdiv_mul/QF_BV/sage/app1/bench_116.smt2
/raid/steuber/Benchmarks/srem_sdiv_mul/QF_BV/sage/app1/bench_116.smt2 0 475 0 4241 0 29 0 338
[runner] /raid/steuber/Benchmarks/srem_sdiv_mul/QF_BV/Sage2/bench_12054.smt2
/raid/steuber/Benchmarks/srem_sdiv_mul/QF_BV/Sage2/bench_12054.smt2 190 0 0 6255 40 0 0 646
[runner] /raid/steuber/Benchmarks/srem_sdiv_mul/QF_BV/sage/app7/bench_2584.smt2
/raid/steuber/Benchmarks/srem_sdiv_mul/QF_BV/sage/app7/bench_2584.smt2 58493315178014426437683398809375765923111853625293294680007256937507087406363854571787372231946220718055129283279363 0 0 4114029834174719834734115316544427936897763951969911560253588394186119213949729172169193636302633464824496118116278274 1 0 0 34119
[runner] /raid/steuber/Benchmarks/srem_sdiv_mul/QF_BV/sage/app9/bench_2536.smt2
/raid/steuber/Benchmarks/srem_sdiv_mul/QF_BV/sage/app9/bench_2536.smt2 29 0 0 3885 1 0 0 1078
[runner] /raid/steuber/Benchmarks/srem_sdiv_mul/QF_BV/sage/app11/bench_417.smt2
[runner] /raid/steuber/Benchmarks/srem_sdiv_mul/QF_BV/sage/app11/bench_227.smt2
[runner] /raid/steuber/Benchmarks/srem_sdiv_mul/QF_BV/Sage2/bench_11487.smt2
/raid/steuber/Benchmarks/srem_sdiv_mul/QF_BV/Sage2/bench_11487.smt2 25 0 0 1851 11 0 0 251
[runner] /raid/steuber/Benchmarks/srem_sdiv_mul/QF_BV/sage/app7/bench_2706.smt2
/raid/steuber/Benchmarks/srem_sdiv_mul/QF_BV/sage/app7/bench_2706.smt2 956550632905753849913349826045632593823859233582481679583416755219001742504949408170649677672727606004806186853496 0 0 67277394514170294855714941463078128915084287087222076403876209673733686753659066445560367644677883809162657600197522 1 0 0 33518
[runner] /raid/steuber/Benchmarks/srem_sdiv_mul/QF_BV/Sage2/bench_13844.smt2
/raid/steuber/Benchmarks/srem_sdiv_mul/QF_BV/Sage2/bench_13844.smt2 38 0 0 67533 19 0 0 2059
[runner] /raid/steuber/Benchmarks/srem_sdiv_mul/QF_BV/sage/app1/bench_1939.smt2
/raid/steuber/Benchmarks/srem_sdiv_mul/QF_BV/sage/app1/bench_1939.smt2 0 5676 0 53007 0 44 0 986
[runner] /raid/steuber/Benchmarks/srem_sdiv_mul/QF_BV/Sage2/bench_4793.smt2
/raid/steuber/Benchmarks/srem_sdiv_mul/QF_BV/Sage2/bench_4793.smt2 19 0 0 1031 8 0 0 186
[runner] /raid/steuber/Benchmarks/srem_sdiv_mul/QF_BV/Sage2/bench_17309.smt2
/raid/steuber/Benchmarks/srem_sdiv_mul/QF_BV/Sage2/bench_17309.smt2 4 0 0 2703 1 0 0 236
[runner] /raid/steuber/Benchmarks/srem_sdiv_mul/QF_BV/sage/app7/bench_2299.smt2
/raid/steuber/Benchmarks/srem_sdiv_mul/QF_BV/sage/app7/bench_2299.smt2 19685534256094601800628006867317316829516454006073654654021443445983193219730134605570055529975939677580023823730153124021414285782842940343469368695 0 0 1384549242674515918897372806305361623069304707127117707669630315841323370453989987422474544560946824663863706688628085378759512368679446075540414173325 1 0 0 37122
[runner] /raid/steuber/Benchmarks/srem_sdiv_mul/QF_BV/Sage2/bench_2215.smt2
/raid/steuber/Benchmarks/srem_sdiv_mul/QF_BV/Sage2/bench_2215.smt2 139 0 0 8637 10 0 0 913
[runner] /raid/steuber/Benchmarks/srem_sdiv_mul/QF_BV/sage/app1/bench_2287.smt2
/raid/steuber/Benchmarks/srem_sdiv_mul/QF_BV/sage/app1/bench_2287.smt2 0 2790 0 25893 0 38 0 707
[runner] /raid/steuber/Benchmarks/srem_sdiv_mul/QF_BV/sage/app1/bench_1968.smt2
/raid/steuber/Benchmarks/srem_sdiv_mul/QF_BV/sage/app1/bench_1968.smt2 44 0 0 3034856 5 0 0 3072
[runner] /raid/steuber/Benchmarks/srem_sdiv_mul/QF_BV/sage/app1/bench_570.smt2
/raid/steuber/Benchmarks/srem_sdiv_mul/QF_BV/sage/app1/bench_570.smt2 44 0 0 22997976 5 0 0 3385
[runner] /raid/steuber/Benchmarks/srem_sdiv_mul/QF_BV/sage/app7/bench_3165.smt2
/raid/steuber/Benchmarks/srem_sdiv_mul/QF_BV/sage/app7/bench_3165.smt2 228377707517463955535669301431392129417428545961103876344932406518097166734193008313557452573969872 0 0 16062565428680295047451413788465232869536294874141471756588525717604799923706084370243950608390429025 1 0 0 29697
[runner] /raid/steuber/Benchmarks/srem_sdiv_mul/QF_BV/sage/app8/bench_569.smt2
/raid/steuber/Benchmarks/srem_sdiv_mul/QF_BV/sage/app8/bench_569.smt2 207 0 0 12483 11 0 0 1749
[runner] /raid/steuber/Benchmarks/srem_sdiv_mul/QF_BV/Sage2/bench_9450.smt2
/raid/steuber/Benchmarks/srem_sdiv_mul/QF_BV/Sage2/bench_9450.smt2 4 0 0 848 1 0 0 130
[runner] /raid/steuber/Benchmarks/srem_sdiv_mul/QF_BV/sage/app7/bench_2117.smt2
/raid/steuber/Benchmarks/srem_sdiv_mul/QF_BV/sage/app7/bench_2117.smt2 4154655566439934745504390416502751318464052129780539586341277299492357511560408426904463744680634185407472733808292115836796733280134072410026423809740207806528203788958826740710 0 0 292210774838735468559702507984648094714613598394841886474319183912401313718961035316887558197833071895012733117100237369927591788936423019721430843983975431280956078257952051838085 1 0 0 39849
[runner] /raid/steuber/Benchmarks/srem_sdiv_mul/QF_BV/sage/app9/bench_2756.smt2
/raid/steuber/Benchmarks/srem_sdiv_mul/QF_BV/sage/app9/bench_2756.smt2 29 0 0 3351 1 0 0 922
[runner] /raid/steuber/Benchmarks/srem_sdiv_mul/QF_BV/Sage2/bench_4878.smt2
/raid/steuber/Benchmarks/srem_sdiv_mul/QF_BV/Sage2/bench_4878.smt2 19 0 0 1032 9 0 0 185
[runner] /raid/steuber/Benchmarks/srem_sdiv_mul/QF_BV/sage/app7/bench_962.smt2
[runner] /raid/steuber/Benchmarks/srem_sdiv_mul/QF_BV/sage/app7/bench_280.smt2
[runner] /raid/steuber/Benchmarks/srem_sdiv_mul/QF_BV/sage/app7/bench_7014.smt2
[runner] /raid/steuber/Benchmarks/srem_sdiv_mul/QF_BV/sage/app2/bench_279.smt2
/raid/steuber/Benchmarks/srem_sdiv_mul/QF_BV/sage/app2/bench_279.smt2 10 3 0 2188 4 3 0 276
[runner] /raid/steuber/Benchmarks/srem_sdiv_mul/QF_BV/sage/app7/bench_6666.smt2
/raid/steuber/Benchmarks/srem_sdiv_mul/QF_BV/sage/app7/bench_6666.smt2 91 0 0 6523 1 0 0 210
[runner] /raid/steuber/Benchmarks/srem_sdiv_mul/QF_BV/sage/app1/bench_2032.smt2
/raid/steuber/Benchmarks/srem_sdiv_mul/QF_BV/sage/app1/bench_2032.smt2 44 0 0 1860753 5 0 0 3001
[runner] /raid/steuber/Benchmarks/srem_sdiv_mul/QF_BV/Sage2/bench_5695.smt2
/raid/steuber/Benchmarks/srem_sdiv_mul/QF_BV/Sage2/bench_5695.smt2 22 0 0 1415 10 0 0 219
[runner] /raid/steuber/Benchmarks/srem_sdiv_mul/QF_BV/log-slicing/bvmul_15.smt2
/raid/steuber/Benchmarks/srem_sdiv_mul/QF_BV/log-slicing/bvmul_15.smt2 1 0 0 718 1 0 0 456
[runner] /raid/steuber/Benchmarks/srem_sdiv_mul/QF_BV/sage/app7/bench_68.smt2
[runner] /raid/steuber/Benchmarks/srem_sdiv_mul/QF_BV/sage/app7/bench_220.smt2
[runner] /raid/steuber/Benchmarks/srem_sdiv_mul/QF_BV/sage/app7/bench_6311.smt2
/raid/steuber/Benchmarks/srem_sdiv_mul/QF_BV/sage/app7/bench_6311.smt2 385685554 0 0 27126555328 1 0 0 1089
[runner] /raid/steuber/Benchmarks/srem_sdiv_mul/QF_BV/sage/app7/bench_590.smt2
[runner] /raid/steuber/Benchmarks/srem_sdiv_mul/QF_BV/sage/app7/bench_5282.smt2
/raid/steuber/Benchmarks/srem_sdiv_mul/QF_BV/sage/app7/bench_5282.smt2 113301686176143255723249867720782882988575295927035116 0 0 7968885261031595155424991030232265347680612756098494455 1 0 0 8737
[runner] /raid/steuber/Benchmarks/srem_sdiv_mul/QF_BV/sage/app9/bench_409.smt2
/raid/steuber/Benchmarks/srem_sdiv_mul/QF_BV/sage/app9/bench_409.smt2 201 0 0 5292 11 0 0 1241
[runner] /raid/steuber/Benchmarks/srem_sdiv_mul/QF_BV/sage/app7/bench_8580.smt2
[runner] /raid/steuber/Benchmarks/srem_sdiv_mul/QF_BV/sage/app7/bench_1481.smt2
[runner] /raid/steuber/Benchmarks/srem_sdiv_mul/QF_BV/sage/app7/bench_3977.smt2
/raid/steuber/Benchmarks/srem_sdiv_mul/QF_BV/sage/app7/bench_3977.smt2 228377707517205849823393667539249522614304022201871561200447780047207516162401489688211503171483261 0 0 16062565428662141612354748456464091171896518853972466604619046185732055014665962472482369327409231890 1 0 0 24498
[runner] /raid/steuber/Benchmarks/srem_sdiv_mul/QF_BV/sage/app7/bench_579.smt2
[runner] /raid/steuber/Benchmarks/srem_sdiv_mul/QF_BV/sage/app1/bench_403.smt2
/raid/steuber/Benchmarks/srem_sdiv_mul/QF_BV/sage/app1/bench_403.smt2 44 0 0 22997976 5 0 0 3386
[runner] /raid/steuber/Benchmarks/srem_sdiv_mul/QF_BV/sage/app7/bench_8502.smt2
[runner] /raid/steuber/Benchmarks/srem_sdiv_mul/QF_BV/sage/app7/bench_799.smt2
[runner] /raid/steuber/Benchmarks/srem_sdiv_mul/QF_BV/Sage2/bench_12467.smt2
/raid/steuber/Benchmarks/srem_sdiv_mul/QF_BV/Sage2/bench_12467.smt2 71 0 0 5601 8 0 0 580
[runner] /raid/steuber/Benchmarks/srem_sdiv_mul/QF_BV/sage/app12/bench_4883.smt2
/raid/steuber/Benchmarks/srem_sdiv_mul/QF_BV/sage/app12/bench_4883.smt2 1 0 0 47 1 0 0 32
[runner] /raid/steuber/Benchmarks/srem_sdiv_mul/QF_BV/sage/app7/bench_564.smt2
[runner] /raid/steuber/Benchmarks/srem_sdiv_mul/QF_BV/sage/app7/bench_6601.smt2
/raid/steuber/Benchmarks/srem_sdiv_mul/QF_BV/sage/app7/bench_6601.smt2 1605 0 0 113419 1 0 0 388
[runner] /raid/steuber/Benchmarks/srem_sdiv_mul/QF_BV/sage/app11/bench_17.smt2
/raid/steuber/Benchmarks/srem_sdiv_mul/QF_BV/sage/app11/bench_17.smt2 160530642051941165327432460790816242221753575468564517477345815363148729305702537202318677045660607992832701075916358956506938854706185550988126345098076377292601934840504705809539460054430355147455791247052143996186808249025060029519472476450832164262139236386610111355056787038697775499454306985731708175402552023840 64 0 4820042472761275985972216770930266368102969584806924027306451780768042483770010339335356185882553880197592541272325251155965294442774741969782278161348212695045093729368940111616551462791840334028118443588249134813938725964486189807886629328027000584189992160991391070292417625398203002697985819895011753624035128309167 1186 16 0 68928
[runner] /raid/steuber/Benchmarks/srem_sdiv_mul/QF_BV/wienand-cav2008/Commute/commute32.sf.smt2
/raid/steuber/Benchmarks/srem_sdiv_mul/QF_BV/wienand-cav2008/Commute/commute32.sf.smt2 4 0 0 69 4 0 0 48
[runner] /raid/steuber/Benchmarks/srem_sdiv_mul/QF_BV/sage/app11/bench_150.smt2
/raid/steuber/Benchmarks/srem_sdiv_mul/QF_BV/sage/app11/bench_150.smt2 160530642051941165327432459559366677205034083305647147027426521277631079660700869443960373126554595012460304091006415196337247712310106654748923647128674293301562273790630994781928688353616939582947310646062211427731531647234646172817161587845371311266817275049242659807095895966702415481855506965840138661314461555209 64 0 4820042472761275985972216733955149776197383857332948341612290055321422787212087431376521185362785144945113574262401742403310079966500665420122691782704046713601690432483798845278093888571821134978248619851356937230294013925984997116804332825561428309179476344522026276413302599984461504846334761268754586745608691722498 1186 16 0 68882
[runner] /raid/steuber/Benchmarks/srem_sdiv_mul/QF_BV/Sage2/bench_9716.smt2
/raid/steuber/Benchmarks/srem_sdiv_mul/QF_BV/Sage2/bench_9716.smt2 217 0 0 25484 28 0 0 743
[runner] /raid/steuber/Benchmarks/srem_sdiv_mul/QF_BV/sage/app2/bench_1266.smt2
/raid/steuber/Benchmarks/srem_sdiv_mul/QF_BV/sage/app2/bench_1266.smt2 476 3 0 195517 4 3 0 3244
[runner] /raid/steuber/Benchmarks/srem_sdiv_mul/QF_BV/2017-BuchwaldFried/counterexample.dump.ia32_Mul_base_disp--Add32.load32.Mul32.Mulh_u32.0005.smt2
/raid/steuber/Benchmarks/srem_sdiv_mul/QF_BV/2017-BuchwaldFried/counterexample.dump.ia32_Mul_base_disp--Add32.load32.Mul32.Mulh_u32.0005.smt2 660 0 0 8274 4 0 0 573
[runner] /raid/steuber/Benchmarks/srem_sdiv_mul/QF_BV/sage/app7/bench_1930.smt2
[runner] /raid/steuber/Benchmarks/srem_sdiv_mul/QF_BV/sage/app1/bench_457.smt2
/raid/steuber/Benchmarks/srem_sdiv_mul/QF_BV/sage/app1/bench_457.smt2 13 0 0 8000 5 0 0 2155
[runner] /raid/steuber/Benchmarks/srem_sdiv_mul/QF_BV/sage/app7/bench_2746.smt2
/raid/steuber/Benchmarks/srem_sdiv_mul/QF_BV/sage/app7/bench_2746.smt2 21118173242619119959205746091923347023161782429538276818619301332185001441717973866727463901364467374618162652166 0 0 1485311518059772566850398040736970838562378398553724722835896635103629645917681563923068899482671144733142100472763 1 0 0 33137
[runner] /raid/steuber/Benchmarks/srem_sdiv_mul/QF_BV/sage/app7/bench_805.smt2
[runner] /raid/steuber/Benchmarks/srem_sdiv_mul/QF_BV/Sage2/bench_12993.smt2
/raid/steuber/Benchmarks/srem_sdiv_mul/QF_BV/Sage2/bench_12993.smt2 190 0 0 6255 40 0 0 646
[runner] /raid/steuber/Benchmarks/srem_sdiv_mul/QF_BV/Sage2/bench_16713.smt2
/raid/steuber/Benchmarks/srem_sdiv_mul/QF_BV/Sage2/bench_16713.smt2 2 0 0 6400 1 0 0 1042
[runner] /raid/steuber/Benchmarks/srem_sdiv_mul/QF_BV/sage/app7/bench_3552.smt2
/raid/steuber/Benchmarks/srem_sdiv_mul/QF_BV/sage/app7/bench_3552.smt2 228377707517205849823393888026721252748605829107596785832406749705145539329566233033395631099721341 0 0 16062565428662141612354763964082936144997718194535229435276835266031041876170377072987171770478874440 1 0 0 27349
[runner] /raid/steuber/Benchmarks/srem_sdiv_mul/QF_BV/sage/app1/bench_369.smt2
/raid/steuber/Benchmarks/srem_sdiv_mul/QF_BV/sage/app1/bench_369.smt2 26 0 0 10741 5 0 0 2284
[runner] /raid/steuber/Benchmarks/srem_sdiv_mul/QF_BV/sage/app8/bench_3286.smt2
/raid/steuber/Benchmarks/srem_sdiv_mul/QF_BV/sage/app8/bench_3286.smt2 211 0 0 28542 11 0 0 2417
[runner] /raid/steuber/Benchmarks/srem_sdiv_mul/QF_BV/sage/app7/bench_3499.smt2
/raid/steuber/Benchmarks/srem_sdiv_mul/QF_BV/sage/app7/bench_3499.smt2 228377707517205849823512916098137276298764995246696884139100772552787939586464194759084925784405629 0 0 16062565428662141612363135605105838115948310711735107922076357913050236899315681161309407125799005155 1 0 0 27765
[runner] /raid/steuber/Benchmarks/srem_sdiv_mul/QF_BV/sage/app7/bench_1078.smt2
[runner] /raid/steuber/Benchmarks/srem_sdiv_mul/QF_BV/sage/app9/bench_3088.smt2
/raid/steuber/Benchmarks/srem_sdiv_mul/QF_BV/sage/app9/bench_3088.smt2 26 0 0 2693 1 0 0 730
[runner] /raid/steuber/Benchmarks/srem_sdiv_mul/QF_BV/sage/app1/bench_75.smt2
/raid/steuber/Benchmarks/srem_sdiv_mul/QF_BV/sage/app1/bench_75.smt2 0 736 0 6675 0 31 0 401
[runner] /raid/steuber/Benchmarks/srem_sdiv_mul/QF_BV/sage/app7/bench_4863.smt2
/raid/steuber/Benchmarks/srem_sdiv_mul/QF_BV/sage/app7/bench_4863.smt2 41523219548582881786071575916227186852700808034868474299604543214933124319112431463751897088600416 0 0 2920466441574934838609954264811653005250345187793142127989351827776558574461331140762349619090197181 1 0 0 19690
[runner] /raid/steuber/Benchmarks/srem_sdiv_mul/QF_BV/Sage2/bench_31.smt2
/raid/steuber/Benchmarks/srem_sdiv_mul/QF_BV/Sage2/bench_31.smt2 4419 0 0 482739 156 0 0 2346
[runner] /raid/steuber/Benchmarks/srem_sdiv_mul/QF_BV/sage/app11/bench_350.smt2
/raid/steuber/Benchmarks/srem_sdiv_mul/QF_BV/sage/app11/bench_350.smt2 160530642051941165327432456890786463507132314421552117272997558505588549809005606550044733798641778875122261802507779039395647206732308275746625723477635944267446348774630576024022690577978445897117369814794948559901253443783042697479391525171439013127061761401671223047917262637239237028300933903462690378108578141398 64 0 4820042472761275985972216653829201187314187377239450710086611969342880746705410808562086451902386943498628103996785916155586146240613373196877506739475147413343180504330130833426875333731008652240629215950425665378798406681952433940411861603944385177893305024892482012161344557760250807146397135294938199420196370896684 1183 16 0 68663
[runner] /raid/steuber/Benchmarks/srem_sdiv_mul/QF_BV/sage/app7/bench_5745.smt2
/raid/steuber/Benchmarks/srem_sdiv_mul/QF_BV/sage/app7/bench_5745.smt2 22517544406469202636362468131 0 0 1583733956607117725451219671489 1 0 0 4194
[runner] /raid/steuber/Benchmarks/srem_sdiv_mul/QF_BV/sage/app7/bench_398.smt2
[runner] /raid/steuber/Benchmarks/srem_sdiv_mul/QF_BV/sage/app7/bench_3744.smt2
/raid/steuber/Benchmarks/srem_sdiv_mul/QF_BV/sage/app7/bench_3744.smt2 228377707517205849823393667539249527045169011360950341388373198119875623645781305463708565941499517 0 0 16062565428662141612354748456464091483534023090563008603080060286920510872394523050038452296582210998 1 0 0 25940
[runner] /raid/steuber/Benchmarks/srem_sdiv_mul/QF_BV/Sage2/bench_2681.smt2
/raid/steuber/Benchmarks/srem_sdiv_mul/QF_BV/Sage2/bench_2681.smt2 384 0 0 70699 61 0 0 2229
[runner] /raid/steuber/Benchmarks/srem_sdiv_mul/QF_BV/sage/app2/bench_528.smt2
/raid/steuber/Benchmarks/srem_sdiv_mul/QF_BV/sage/app2/bench_528.smt2 5319 335 0 10952754293991686128 22 22 0 15721
[runner] /raid/steuber/Benchmarks/srem_sdiv_mul/QF_BV/sage/app7/bench_3843.smt2
/raid/steuber/Benchmarks/srem_sdiv_mul/QF_BV/sage/app7/bench_3843.smt2 228377707517205849823393667539249522768050391407372008820084976792556313079104499985906153975690877 0 0 16062565428662141612354748456464091182710013488060348502780838044285133971443653115598918062276301704 1 0 0 25446
[runner] /raid/steuber/Benchmarks/srem_sdiv_mul/QF_BV/sage/app7/bench_6014.smt2
[runner] /raid/steuber/Benchmarks/srem_sdiv_mul/QF_BV/sage/app7/bench_3553.smt2
/raid/steuber/Benchmarks/srem_sdiv_mul/QF_BV/sage/app7/bench_3553.smt2 228377707517205849823393888026721252748605829107596785832406749705145539329566233032269731192878717 0 0 16062565428662141612354763964082936144997718194535229435276835266031041876170377072909883359822964970 1 0 0 27347
[runner] /raid/steuber/Benchmarks/srem_sdiv_mul/QF_BV/sage/app7/bench_5654.smt2
/raid/steuber/Benchmarks/srem_sdiv_mul/QF_BV/sage/app7/bench_5654.smt2 2199850166019176974028688812707138800 0 0 154722795011850530054849609976166616645 1 0 0 4972
[runner] /raid/steuber/Benchmarks/srem_sdiv_mul/QF_BV/sage/app8/bench_3282.smt2
/raid/steuber/Benchmarks/srem_sdiv_mul/QF_BV/sage/app8/bench_3282.smt2 211 0 0 28734 11 0 0 2423
[runner] /raid/steuber/Benchmarks/srem_sdiv_mul/QF_BV/Sage2/bench_3818.smt2
/raid/steuber/Benchmarks/srem_sdiv_mul/QF_BV/Sage2/bench_3818.smt2 941 0 0 18243 78 0 0 2944
[runner] /raid/steuber/Benchmarks/srem_sdiv_mul/QF_BV/log-slicing/bvmul_14.smt2
/raid/steuber/Benchmarks/srem_sdiv_mul/QF_BV/log-slicing/bvmul_14.smt2 1 0 0 718 1 0 0 456
[runner] /raid/steuber/Benchmarks/srem_sdiv_mul/QF_BV/sage/app7/bench_4122.smt2
/raid/steuber/Benchmarks/srem_sdiv_mul/QF_BV/sage/app7/bench_4122.smt2 228377707517205849823393667539249522614303786778257296502131947356834652480562791198042456800343677 0 0 16062565428662141612354748456464091171896502295844930036988317478005080039834046476370211272414872411 1 0 0 23565
[runner] /raid/steuber/Benchmarks/srem_sdiv_mul/QF_BV/sage/app7/bench_8136.smt2
[runner] /raid/steuber/Benchmarks/srem_sdiv_mul/QF_BV/Sage2/bench_8624.smt2
/raid/steuber/Benchmarks/srem_sdiv_mul/QF_BV/Sage2/bench_8624.smt2 2 0 0 3359 1 0 0 432
[runner] /raid/steuber/Benchmarks/srem_sdiv_mul/QF_BV/sage/app7/bench_1644.smt2
[runner] /raid/steuber/Benchmarks/srem_sdiv_mul/QF_BV/sage/app1/bench_1897.smt2
/raid/steuber/Benchmarks/srem_sdiv_mul/QF_BV/sage/app1/bench_1897.smt2 44 0 0 4879190 5 0 0 3162
[runner] /raid/steuber/Benchmarks/srem_sdiv_mul/QF_BV/sage/app1/bench_452.smt2
/raid/steuber/Benchmarks/srem_sdiv_mul/QF_BV/sage/app1/bench_452.smt2 18 0 0 8110 5 0 0 2175
[runner] /raid/steuber/Benchmarks/srem_sdiv_mul/QF_BV/Sage2/bench_15618.smt2
/raid/steuber/Benchmarks/srem_sdiv_mul/QF_BV/Sage2/bench_15618.smt2 385 0 0 32941 65 0 0 1444
[runner] /raid/steuber/Benchmarks/srem_sdiv_mul/QF_BV/float/newton.5.2.i.smt2
/raid/steuber/Benchmarks/srem_sdiv_mul/QF_BV/float/newton.5.2.i.smt2 7584 0 0 216089757289 12 0 0 8191
[runner] /raid/steuber/Benchmarks/srem_sdiv_mul/QF_BV/Sage2/bench_2091.smt2
/raid/steuber/Benchmarks/srem_sdiv_mul/QF_BV/Sage2/bench_2091.smt2 714 0 0 81259 79 0 0 2316
[runner] /raid/steuber/Benchmarks/srem_sdiv_mul/QF_BV/sage/app7/bench_4923.smt2
/raid/steuber/Benchmarks/srem_sdiv_mul/QF_BV/sage/app7/bench_4923.smt2 787403094352976550860073196132232137598203339538781458273216864 0 0 55380684302660511608731960352537027424777088429839736390082837457 1 0 0 15815
[runner] /raid/steuber/Benchmarks/srem_sdiv_mul/QF_BV/Sage2/bench_5886.smt2
/raid/steuber/Benchmarks/srem_sdiv_mul/QF_BV/Sage2/bench_5886.smt2 23 0 0 1845 10 0 0 248
[runner] /raid/steuber/Benchmarks/srem_sdiv_mul/QF_BV/sage/app7/bench_6556.smt2
/raid/steuber/Benchmarks/srem_sdiv_mul/QF_BV/sage/app7/bench_6556.smt2 2765 0 0 195048 1 0 0 423
[runner] /raid/steuber/Benchmarks/srem_sdiv_mul/QF_BV/uclid/tcas/tcas60_k_0.smt2
/raid/steuber/Benchmarks/srem_sdiv_mul/QF_BV/uclid/tcas/tcas60_k_0.smt2 844 0 0 8534 74 0 0 380
[runner] /raid/steuber/Benchmarks/srem_sdiv_mul/QF_BV/sage/app2/bench_1127.smt2
/raid/steuber/Benchmarks/srem_sdiv_mul/QF_BV/sage/app2/bench_1127.smt2 1904 3 0 461635 4 3 0 3534
[runner] /raid/steuber/Benchmarks/srem_sdiv_mul/QF_BV/sage/app7/bench_912.smt2
[runner] /raid/steuber/Benchmarks/srem_sdiv_mul/QF_BV/sage/app7/bench_3226.smt2
/raid/steuber/Benchmarks/srem_sdiv_mul/QF_BV/sage/app7/bench_3226.smt2 228377707517237157678508333045730694282480430529614445977760937245165319609508330005570687009536069 0 0 16062565428664343598164473349760422211691254604191385088824353408498471580365749251801489362155178452 1 0 0 29206
[runner] /raid/steuber/Benchmarks/srem_sdiv_mul/QF_BV/Sage2/bench_6668.smt2
/raid/steuber/Benchmarks/srem_sdiv_mul/QF_BV/Sage2/bench_6668.smt2 4 0 0 848 1 0 0 130
[runner] /raid/steuber/Benchmarks/srem_sdiv_mul/QF_BV/sage/app7/bench_4449.smt2
/raid/steuber/Benchmarks/srem_sdiv_mul/QF_BV/sage/app7/bench_4449.smt2 228377707517205849823393667539249522614303786773445344876965023128309572253375492218681808732550496 0 0 16062565428662141612354748456464091171896502295506489439352588574154849162902107045031475463949958503 1 0 0 22192
[runner] /raid/steuber/Benchmarks/srem_sdiv_mul/QF_BV/sage/app7/bench_6162.smt2
/raid/steuber/Benchmarks/srem_sdiv_mul/QF_BV/sage/app7/bench_6162.smt2 2409222009285 0 0 169448614663688 1 0 0 1552
[runner] /raid/steuber/Benchmarks/srem_sdiv_mul/QF_BV/sage/app12/bench_289.smt2
/raid/steuber/Benchmarks/srem_sdiv_mul/QF_BV/sage/app12/bench_289.smt2 1 4 0 210 1 2 0 115
[runner] /raid/steuber/Benchmarks/srem_sdiv_mul/QF_BV/Sage2/bench_10255.smt2
/raid/steuber/Benchmarks/srem_sdiv_mul/QF_BV/Sage2/bench_10255.smt2 7006 0 0 1044189 207 0 0 2971
[runner] /raid/steuber/Benchmarks/srem_sdiv_mul/QF_BV/sage/app11/bench_521.smt2
/raid/steuber/Benchmarks/srem_sdiv_mul/QF_BV/sage/app11/bench_521.smt2 160530642051941165327432456453054926477634593438587912787587274098316751434122786747287820628252917730064835893524801171755028941983380873657315985013137558951573578465681890733694236397389523019797438808875614927431069469699084024647306712519390829835362734459480651405601399857900415266156606701531211707147929281036 64 0 4820042472761275985972216640686011991904493092955339438512241848520313574053129860551023047006708977648710526858354861652500995056327513010060608797601632310731606741411643788004639879083207395190782554836241286794462170711093337609106377194074395889559802614755620008341359345300548261871506180836782546953774982302397 1181 16 0 68547
[runner] /raid/steuber/Benchmarks/srem_sdiv_mul/QF_BV/Sage2/bench_11477.smt2
/raid/steuber/Benchmarks/srem_sdiv_mul/QF_BV/Sage2/bench_11477.smt2 9 0 0 794 7 0 0 162
[runner] /raid/steuber/Benchmarks/srem_sdiv_mul/QF_BV/sage/app7/bench_3931.smt2
/raid/steuber/Benchmarks/srem_sdiv_mul/QF_BV/sage/app7/bench_3931.smt2 228377707517205849823393667539249522614304022201875809863706269020188950543565760637726357899687549 0 0 16062565428662141612354748456464091171896518853972765427268225683796880502010713171827274911339003042 1 0 0 24657
[runner] /raid/steuber/Benchmarks/srem_sdiv_mul/QF_BV/sage/app7/bench_2205.smt2
/raid/steuber/Benchmarks/srem_sdiv_mul/QF_BV/sage/app7/bench_2205.smt2 38063177363334172104618532055000237689107039832396349629441268399182143701107551996884849416274861323813577997385340138092340977795657012891237616284179785307 0 0 2677110141213169530738688558694416680580631079997101688919270090180646463183016225779816017030562188398441423148918733193435641459650279308394586226837695527787 1 0 0 38065
[runner] /raid/steuber/Benchmarks/srem_sdiv_mul/QF_BV/sage/app7/bench_6969.smt2
[runner] /raid/steuber/Benchmarks/srem_sdiv_mul/QF_BV/Sage2/bench_7804.smt2
/raid/steuber/Benchmarks/srem_sdiv_mul/QF_BV/Sage2/bench_7804.smt2 9 0 0 794 6 0 0 160
[runner] /raid/steuber/Benchmarks/srem_sdiv_mul/QF_BV/Sage2/bench_13976.smt2
/raid/steuber/Benchmarks/srem_sdiv_mul/QF_BV/Sage2/bench_13976.smt2 545 0 0 8587 61 0 0 1669
[runner] /raid/steuber/Benchmarks/srem_sdiv_mul/QF_BV/sage/app1/bench_648.smt2
/raid/steuber/Benchmarks/srem_sdiv_mul/QF_BV/sage/app1/bench_648.smt2 0 56 0 424 0 19 0 137
[runner] /raid/steuber/Benchmarks/srem_sdiv_mul/QF_BV/sage/app9/bench_2838.smt2
/raid/steuber/Benchmarks/srem_sdiv_mul/QF_BV/sage/app9/bench_2838.smt2 29 0 0 3077 1 0 0 842
[runner] /raid/steuber/Benchmarks/srem_sdiv_mul/QF_BV/sage/app7/bench_735.smt2
[runner] /raid/steuber/Benchmarks/srem_sdiv_mul/QF_BV/sage/app7/bench_1922.smt2
[runner] /raid/steuber/Benchmarks/srem_sdiv_mul/QF_BV/Sage2/bench_16521.smt2
/raid/steuber/Benchmarks/srem_sdiv_mul/QF_BV/Sage2/bench_16521.smt2 2584 0 0 140469 139 0 0 2593
[runner] /raid/steuber/Benchmarks/srem_sdiv_mul/QF_BV/Sage2/bench_11469.smt2
/raid/steuber/Benchmarks/srem_sdiv_mul/QF_BV/Sage2/bench_11469.smt2 21 0 0 389 12 0 0 209
[runner] /raid/steuber/Benchmarks/srem_sdiv_mul/QF_BV/sage/app7/bench_6360.smt2
/raid/steuber/Benchmarks/srem_sdiv_mul/QF_BV/sage/app7/bench_6360.smt2 34761827 0 0 2444918786 1 0 0 961
[runner] /raid/steuber/Benchmarks/srem_sdiv_mul/QF_BV/sage/app2/bench_1002.smt2
/raid/steuber/Benchmarks/srem_sdiv_mul/QF_BV/sage/app2/bench_1002.smt2 3110 43 0 1656908 6 6 0 5075
[runner] /raid/steuber/Benchmarks/srem_sdiv_mul/QF_BV/sage/app1/bench_382.smt2
/raid/steuber/Benchmarks/srem_sdiv_mul/QF_BV/sage/app1/bench_382.smt2 24 0 0 10043 5 0 0 2267
[runner] /raid/steuber/Benchmarks/srem_sdiv_mul/QF_BV/sage/app12/bench_2591.smt2
/raid/steuber/Benchmarks/srem_sdiv_mul/QF_BV/sage/app12/bench_2591.smt2 0 2 0 93 0 1 0 58
[runner] /raid/steuber/Benchmarks/srem_sdiv_mul/QF_BV/sage/app2/bench_1371.smt2
/raid/steuber/Benchmarks/srem_sdiv_mul/QF_BV/sage/app2/bench_1371.smt2 139 3 0 45505 4 3 0 1841
[runner] /raid/steuber/Benchmarks/srem_sdiv_mul/QF_BV/sage/app2/bench_317.smt2
/raid/steuber/Benchmarks/srem_sdiv_mul/QF_BV/sage/app2/bench_317.smt2 3 2 0 761 2 2 0 172
[runner] /raid/steuber/Benchmarks/srem_sdiv_mul/QF_BV/sage/app9/bench_578.smt2
/raid/steuber/Benchmarks/srem_sdiv_mul/QF_BV/sage/app9/bench_578.smt2 7 0 0 2215 1 0 0 577
[runner] /raid/steuber/Benchmarks/srem_sdiv_mul/QF_BV/sage/app7/bench_3467.smt2
/raid/steuber/Benchmarks/srem_sdiv_mul/QF_BV/sage/app7/bench_3467.smt2 228377707517205877555202063359630493355865297538685611996102116390605470433861472214025700448122493 0 0 16062565428662143562825272290001882880871041104925918831040997079007443117981989862169629845634560547 1 0 0 28235
[runner] /raid/steuber/Benchmarks/srem_sdiv_mul/QF_BV/log-slicing/bvmul_17.smt2
/raid/steuber/Benchmarks/srem_sdiv_mul/QF_BV/log-slicing/bvmul_17.smt2 1 0 0 966 1 0 0 613
[runner] /raid/steuber/Benchmarks/srem_sdiv_mul/QF_BV/sage/app11/bench_506.smt2
/raid/steuber/Benchmarks/srem_sdiv_mul/QF_BV/sage/app11/bench_506.smt2 160530642051941165327432456587538711950552567957450409346357903645129171416767508493917956602288049768606575178814752203379556240189376641769091868517290677331751357295539619346987918103474071614636694720332759597647812738845360484372826745322128524702089543941719923416192417940709330385851550600919798527744273208017 64 0 4820042472761275985972216644723979756759278686319735070140512186845319151193288465060446141281887147879709300557511390445617517408126180898781462984562772492859258921585395832080145952499098142838627010961683475395673905858766915397639989874215175731156240102207306527587258416598408682407767859616095428133217698075524 1180 16 0 68565
[runner] /raid/steuber/Benchmarks/srem_sdiv_mul/QF_BV/Sage2/bench_15981.smt2
/raid/steuber/Benchmarks/srem_sdiv_mul/QF_BV/Sage2/bench_15981.smt2 410 0 0 4454 43 0 0 1291
[runner] /raid/steuber/Benchmarks/srem_sdiv_mul/QF_BV/sage/app8/bench_3540.smt2
/raid/steuber/Benchmarks/srem_sdiv_mul/QF_BV/sage/app8/bench_3540.smt2 80 0 0 4251 1 0 0 1171
[runner] /raid/steuber/Benchmarks/srem_sdiv_mul/QF_BV/sage/app1/bench_2243.smt2
/raid/steuber/Benchmarks/srem_sdiv_mul/QF_BV/sage/app1/bench_2243.smt2 44 0 0 720326 5 0 0 2895
[runner] /raid/steuber/Benchmarks/srem_sdiv_mul/QF_BV/Sage2/bench_15471.smt2
/raid/steuber/Benchmarks/srem_sdiv_mul/QF_BV/Sage2/bench_15471.smt2 5379 0 0 674458 181 0 0 2605
[runner] /raid/steuber/Benchmarks/srem_sdiv_mul/QF_BV/sage/app9/bench_2622.smt2
/raid/steuber/Benchmarks/srem_sdiv_mul/QF_BV/sage/app9/bench_2622.smt2 29 0 0 3644 1 0 0 1008
[runner] /raid/steuber/Benchmarks/srem_sdiv_mul/QF_BV/sage/app8/bench_3390.smt2
/raid/steuber/Benchmarks/srem_sdiv_mul/QF_BV/sage/app8/bench_3390.smt2 211 0 0 27519 11 0 0 2353
[runner] /raid/steuber/Benchmarks/srem_sdiv_mul/QF_BV/sage/app1/bench_1670.smt2
/raid/steuber/Benchmarks/srem_sdiv_mul/QF_BV/sage/app1/bench_1670.smt2 0 6572 0 61376 0 45 0 1046
[runner] /raid/steuber/Benchmarks/srem_sdiv_mul/QF_BV/sage/app7/bench_6525.smt2
/raid/steuber/Benchmarks/srem_sdiv_mul/QF_BV/sage/app7/bench_6525.smt2 8435 0 0 594300 1 0 0 498
[runner] /raid/steuber/Benchmarks/srem_sdiv_mul/QF_BV/sage/app8/bench_3487.smt2
/raid/steuber/Benchmarks/srem_sdiv_mul/QF_BV/sage/app8/bench_3487.smt2 211 0 0 27255 11 0 0 2325
[runner] /raid/steuber/Benchmarks/srem_sdiv_mul/QF_BV/sage/app7/bench_523.smt2
[runner] /raid/steuber/Benchmarks/srem_sdiv_mul/QF_BV/sage/app1/bench_1984.smt2
/raid/steuber/Benchmarks/srem_sdiv_mul/QF_BV/sage/app1/bench_1984.smt2 44 0 0 2991402 5 0 0 3077
[runner] /raid/steuber/Benchmarks/srem_sdiv_mul/QF_BV/sage/app7/bench_2802.smt2
/raid/steuber/Benchmarks/srem_sdiv_mul/QF_BV/sage/app7/bench_2802.smt2 360907819288686897488917023286786171741552661346255400697395307252814064714505750531040450537578885440518 0 0 25383849956561785200532963452262285385510181887923002445000209860389714364359508047813263644141999734573687 1 0 0 32324
[runner] /raid/steuber/Benchmarks/srem_sdiv_mul/QF_BV/sage/app7/bench_3598.smt2
/raid/steuber/Benchmarks/srem_sdiv_mul/QF_BV/sage/app7/bench_3598.smt2 228377707517205849823393667604366778630920349170302193700066784352525738700487647269748511747585661 0 0 16062565428662141612354748461044004845051513393577454532637019343668119788473391709846633595260124604 1 0 0 27014
[runner] /raid/steuber/Benchmarks/srem_sdiv_mul/QF_BV/sage/app9/bench_2657.smt2
/raid/steuber/Benchmarks/srem_sdiv_mul/QF_BV/sage/app9/bench_2657.smt2 211 0 0 27024 11 0 0 2311
[runner] /raid/steuber/Benchmarks/srem_sdiv_mul/QF_BV/sage/app9/bench_234.smt2
/raid/steuber/Benchmarks/srem_sdiv_mul/QF_BV/sage/app9/bench_234.smt2 6 0 0 149 1 0 0 71
[runner] /raid/steuber/Benchmarks/srem_sdiv_mul/QF_BV/sage/app7/bench_1114.smt2
[runner] /raid/steuber/Benchmarks/srem_sdiv_mul/QF_BV/sage/app12/bench_530.smt2
/raid/steuber/Benchmarks/srem_sdiv_mul/QF_BV/sage/app12/bench_530.smt2 1 4 0 213 1 2 0 118
[runner] /raid/steuber/Benchmarks/srem_sdiv_mul/QF_BV/Sage2/bench_14449.smt2
/raid/steuber/Benchmarks/srem_sdiv_mul/QF_BV/Sage2/bench_14449.smt2 258 0 0 4370 44 0 0 1381
[runner] /raid/steuber/Benchmarks/srem_sdiv_mul/QF_BV/sage/app7/bench_5161.smt2
/raid/steuber/Benchmarks/srem_sdiv_mul/QF_BV/sage/app7/bench_5161.smt2 194231462456360926104776695885363150248201400696514228 0 0 13660946192723228093232566228863678111592409511143960720 1 0 0 10993
[runner] /raid/steuber/Benchmarks/srem_sdiv_mul/QF_BV/Sage2/bench_15089.smt2
/raid/steuber/Benchmarks/srem_sdiv_mul/QF_BV/Sage2/bench_15089.smt2 71 0 0 5701 8 0 0 584
[runner] /raid/steuber/Benchmarks/srem_sdiv_mul/QF_BV/Sage2/bench_6149.smt2
/raid/steuber/Benchmarks/srem_sdiv_mul/QF_BV/Sage2/bench_6149.smt2 1 0 0 5700 1 0 0 1106
[runner] /raid/steuber/Benchmarks/srem_sdiv_mul/QF_BV/Sage2/bench_8379.smt2
/raid/steuber/Benchmarks/srem_sdiv_mul/QF_BV/Sage2/bench_8379.smt2 2 0 0 3084 1 0 0 367
[runner] /raid/steuber/Benchmarks/srem_sdiv_mul/QF_BV/sage/app12/bench_2142.smt2
/raid/steuber/Benchmarks/srem_sdiv_mul/QF_BV/sage/app12/bench_2142.smt2 0 2 0 282 0 1 0 144
[runner] /raid/steuber/Benchmarks/srem_sdiv_mul/QF_BV/Sage2/bench_4043.smt2
/raid/steuber/Benchmarks/srem_sdiv_mul/QF_BV/Sage2/bench_4043.smt2 3984 0 0 403465 148 0 0 2252
[runner] /raid/steuber/Benchmarks/srem_sdiv_mul/QF_BV/Sage2/bench_7059.smt2
/raid/steuber/Benchmarks/srem_sdiv_mul/QF_BV/Sage2/bench_7059.smt2 1283 0 0 99427 95 0 0 2398
[runner] /raid/steuber/Benchmarks/srem_sdiv_mul/QF_BV/Sage2/bench_6650.smt2
/raid/steuber/Benchmarks/srem_sdiv_mul/QF_BV/Sage2/bench_6650.smt2 4 0 0 848 1 0 0 130
[runner] /raid/steuber/Benchmarks/srem_sdiv_mul/QF_BV/sage/app7/bench_5067.smt2
/raid/steuber/Benchmarks/srem_sdiv_mul/QF_BV/sage/app7/bench_5067.smt2 1281897741095780158959750611002016132445626286602220021656 0 0 90160141123467093246964386759473200936052517039805732788707 1 0 0 13099
[runner] /raid/steuber/Benchmarks/srem_sdiv_mul/QF_BV/sage/app2/bench_1115.smt2
/raid/steuber/Benchmarks/srem_sdiv_mul/QF_BV/sage/app2/bench_1115.smt2 2030 4 0 493228 4 4 0 3565
[runner] /raid/steuber/Benchmarks/srem_sdiv_mul/QF_BV/Sage2/bench_11343.smt2
/raid/steuber/Benchmarks/srem_sdiv_mul/QF_BV/Sage2/bench_11343.smt2 140 0 0 1784 20 0 0 372
[runner] /raid/steuber/Benchmarks/srem_sdiv_mul/QF_BV/sage/app7/bench_2289.smt2
/raid/steuber/Benchmarks/srem_sdiv_mul/QF_BV/sage/app7/bench_2289.smt2 13869749610521731044037856775028309468382210471094875678289098554274481674651810189071165837264431452623828417398422086439979862140110487339616298755447 0 0 975505722603779773539247787217991242493972853989006574342409346174341145350311382188178893694069671967239217801027891239093800281050654646007085375541362 1 0 0 37390
[runner] /raid/steuber/Benchmarks/srem_sdiv_mul/QF_BV/Sage2/bench_14927.smt2
/raid/steuber/Benchmarks/srem_sdiv_mul/QF_BV/Sage2/bench_14927.smt2 76 0 0 11616 13 0 0 417
[runner] /raid/steuber/Benchmarks/srem_sdiv_mul/QF_BV/sage/app11/bench_552.smt2
/raid/steuber/Benchmarks/srem_sdiv_mul/QF_BV/sage/app11/bench_552.smt2 160530642051941165327432456442507178597405732692010462077095460016213816533523200727944280551858005413316464184874608933980556212712322382040706111797125549666853752675104813979710418224363283914319850109937799659178775879962121165060991415828980030237972396460873649679280535694542853295984454238834067642787431718136 64 0 4820042472761275985972216640369308637798235399358131937992377508259528822904882126864009470985126376061965524999597486845197738401284480234474659449604680139584339903750957353175188422344706160081147695532285036708092622856373841311966486003475119039238513400053526948008347653434049405358858206030561928822053984986877 1181 16 0 68534
[runner] /raid/steuber/Benchmarks/srem_sdiv_mul/QF_BV/sage/app8/bench_906.smt2
/raid/steuber/Benchmarks/srem_sdiv_mul/QF_BV/sage/app8/bench_906.smt2 207 0 0 6133 11 0 0 1339
[runner] /raid/steuber/Benchmarks/srem_sdiv_mul/QF_BV/sage/app1/bench_2053.smt2
/raid/steuber/Benchmarks/srem_sdiv_mul/QF_BV/sage/app1/bench_2053.smt2 0 4613 0 43021 0 42 0 899
[runner] /raid/steuber/Benchmarks/srem_sdiv_mul/QF_BV/Sage2/bench_3880.smt2
/raid/steuber/Benchmarks/srem_sdiv_mul/QF_BV/Sage2/bench_3880.smt2 416 0 0 5122 34 0 0 974
[runner] /raid/steuber/Benchmarks/srem_sdiv_mul/QF_BV/Sage2/bench_10000.smt2
/raid/steuber/Benchmarks/srem_sdiv_mul/QF_BV/Sage2/bench_10000.smt2 2584 0 0 141109 139 0 0 2609
[runner] /raid/steuber/Benchmarks/srem_sdiv_mul/QF_BV/Sage2/bench_12695.smt2
/raid/steuber/Benchmarks/srem_sdiv_mul/QF_BV/Sage2/bench_12695.smt2 9 0 0 794 6 0 0 161
[runner] /raid/steuber/Benchmarks/srem_sdiv_mul/QF_BV/sage/app1/bench_364.smt2
/raid/steuber/Benchmarks/srem_sdiv_mul/QF_BV/sage/app1/bench_364.smt2 28 0 0 10803 5 0 0 2291
[runner] /raid/steuber/Benchmarks/srem_sdiv_mul/QF_BV/sage/app7/bench_4544.smt2
/raid/steuber/Benchmarks/srem_sdiv_mul/QF_BV/sage/app7/bench_4544.smt2 228377707517205849823393667539249522614303786773445248532610213784415540190369880318633405611237724 0 0 16062565428662141612354748456464091171896502295506482663132967003885111264000557910216556355904678710 1 0 0 21723
[runner] /raid/steuber/Benchmarks/srem_sdiv_mul/QF_BV/sage/app7/bench_5995.smt2
/raid/steuber/Benchmarks/srem_sdiv_mul/QF_BV/sage/app7/bench_5995.smt2 298481839054619 0 0 20993222680253886 1 0 0 2322
[runner] /raid/steuber/Benchmarks/srem_sdiv_mul/QF_BV/sage/app7/bench_4995.smt2
/raid/steuber/Benchmarks/srem_sdiv_mul/QF_BV/sage/app7/bench_4995.smt2 787403094352976550860073196127253629526925252661626053209171864 0 0 55380684302660511608731960352186872357098242761862131223331690348 1 0 0 15537
[runner] /raid/steuber/Benchmarks/srem_sdiv_mul/QF_BV/sage/app7/bench_4061.smt2
/raid/steuber/Benchmarks/srem_sdiv_mul/QF_BV/sage/app7/bench_4061.smt2 228377707517205849823393667539249522614303796679553880402871952492599357753037095894771536585012861 0 0 16062565428662141612354748456464091171896502992236123102592524877959578337674012470419320986028636036 1 0 0 24066
[runner] /raid/steuber/Benchmarks/srem_sdiv_mul/QF_BV/sage/app10/bench_28.smt2
/raid/steuber/Benchmarks/srem_sdiv_mul/QF_BV/sage/app10/bench_28.smt2 144130664460629636 0 0 5044573256121989110 619 0 0 8027
[runner] /raid/steuber/Benchmarks/srem_sdiv_mul/QF_BV/sage/app7/bench_6389.smt2
/raid/steuber/Benchmarks/srem_sdiv_mul/QF_BV/sage/app7/bench_6389.smt2 7236471 0 0 508967881 1 0 0 869
[runner] /raid/steuber/Benchmarks/srem_sdiv_mul/QF_BV/Sage2/bench_14836.smt2
/raid/steuber/Benchmarks/srem_sdiv_mul/QF_BV/Sage2/bench_14836.smt2 321 0 0 444548 108 0 0 9603
[runner] /raid/steuber/Benchmarks/srem_sdiv_mul/QF_BV/sage/app1/bench_354.smt2
/raid/steuber/Benchmarks/srem_sdiv_mul/QF_BV/sage/app1/bench_354.smt2 28 0 0 11319 5 0 0 2300
[runner] /raid/steuber/Benchmarks/srem_sdiv_mul/QF_BV/sage/app1/bench_2574.smt2
/raid/steuber/Benchmarks/srem_sdiv_mul/QF_BV/sage/app1/bench_2574.smt2 40 0 0 97128 5 0 0 2646
[runner] /raid/steuber/Benchmarks/srem_sdiv_mul/QF_BV/sage/app7/bench_2030.smt2
/raid/steuber/Benchmarks/srem_sdiv_mul/QF_BV/sage/app7/bench_2030.smt2 120782323924219922580383689628224148666227393909298430605226523183665461839735741893693259501507975553384173141398221332430278853609572367087985349547727404171981338568514084442823337345681440074226826558239687959727548126936153062 0 0 8495023449311413747773890057221138679736234601068646765391133007394975361988181149471038388312999252233282901008190355631734965988403773766037561090787384420516252820535579623654953739502577816787243082865194955240095404897249724888 1 0 0 43955
[runner] /raid/steuber/Benchmarks/srem_sdiv_mul/QF_BV/Sage2/bench_6761.smt2
/raid/steuber/Benchmarks/srem_sdiv_mul/QF_BV/Sage2/bench_6761.smt2 56114 0 0 1030197 167 0 0 2506
[runner] /raid/steuber/Benchmarks/srem_sdiv_mul/QF_BV/Sage2/bench_4133.smt2
/raid/steuber/Benchmarks/srem_sdiv_mul/QF_BV/Sage2/bench_4133.smt2 146364 0 0 7284747 31 0 0 295
[runner] /raid/steuber/Benchmarks/srem_sdiv_mul/QF_BV/Sage2/bench_13903.smt2
/raid/steuber/Benchmarks/srem_sdiv_mul/QF_BV/Sage2/bench_13903.smt2 1318 0 0 101687 104 0 0 2461
[runner] /raid/steuber/Benchmarks/srem_sdiv_mul/QF_BV/Sage2/bench_9798.smt2
/raid/steuber/Benchmarks/srem_sdiv_mul/QF_BV/Sage2/bench_9798.smt2 714 0 0 81899 81 0 0 2338
[runner] /raid/steuber/Benchmarks/srem_sdiv_mul/QF_BV/sage/app7/bench_1409.smt2
[runner] /raid/steuber/Benchmarks/srem_sdiv_mul/QF_BV/Sage2/bench_4023.smt2
/raid/steuber/Benchmarks/srem_sdiv_mul/QF_BV/Sage2/bench_4023.smt2 104986 0 0 13994186 33 0 0 772
[runner] /raid/steuber/Benchmarks/srem_sdiv_mul/QF_BV/sage/app7/bench_2335.smt2
/raid/steuber/Benchmarks/srem_sdiv_mul/QF_BV/sage/app7/bench_2335.smt2 1646205524318238285958445191178649512591806998431507112886958329403094541190614425860407921006320798197889470447074924596556837554120055 0 0 115783121876703406942410204994992443446305235360299634696853342794762087898612320226083623928886562203046492408619767274129103096141503803 1 0 0 35939
[runner] /raid/steuber/Benchmarks/srem_sdiv_mul/QF_BV/Sage2/bench_17485.smt2
/raid/steuber/Benchmarks/srem_sdiv_mul/QF_BV/Sage2/bench_17485.smt2 399 0 0 4335 34 0 0 1058
[runner] /raid/steuber/Benchmarks/srem_sdiv_mul/QF_BV/sage/app7/bench_6858.smt2
[runner] /raid/steuber/Benchmarks/srem_sdiv_mul/QF_BV/Sage2/bench_7413.smt2
/raid/steuber/Benchmarks/srem_sdiv_mul/QF_BV/Sage2/bench_7413.smt2 714 0 0 81259 79 0 0 2316
[runner] /raid/steuber/Benchmarks/srem_sdiv_mul/QF_BV/sage/app7/bench_134.smt2
[runner] /raid/steuber/Benchmarks/srem_sdiv_mul/QF_BV/Sage2/bench_1588.smt2
/raid/steuber/Benchmarks/srem_sdiv_mul/QF_BV/Sage2/bench_1588.smt2 1053156348853218160353149001 0 0 181924400296321038432373360967 169 0 0 1304
[runner] /raid/steuber/Benchmarks/srem_sdiv_mul/QF_BV/Sage2/bench_5838.smt2
/raid/steuber/Benchmarks/srem_sdiv_mul/QF_BV/Sage2/bench_5838.smt2 50 0 0 708 15 0 0 299
[runner] /raid/steuber/Benchmarks/srem_sdiv_mul/QF_BV/sage/app7/bench_1888.smt2
[runner] /raid/steuber/Benchmarks/srem_sdiv_mul/QF_BV/brummayerbiere2/umulov1bw080.smt2
/raid/steuber/Benchmarks/srem_sdiv_mul/QF_BV/brummayerbiere2/umulov1bw080.smt2 2 0 0 13065 2 0 0 653
[runner] /raid/steuber/Benchmarks/srem_sdiv_mul/QF_BV/sage/app11/bench_564.smt2
/raid/steuber/Benchmarks/srem_sdiv_mul/QF_BV/sage/app11/bench_564.smt2 160530642051941165327432456442507178597405732692010462077095460016213816533523200727944280551858005413316464184874608933980556212712322382040706111797125549666853752675104813979710418224363283914319850109937799659178775879962121165060991415828980030237972396460873649679280535694542853295984454238834067642787431718136 64 0 4820042472761275985972216640369308637798235399358131937992377508259528822904882126864009470985126376061965524999597486845197738401284480234474659449604680139584339903750957353175188422344706160081147695532285036708092622856373841311966486003475119039238513400053526948008347653434049405358858206030561928822053984986877 1181 16 0 68534
[runner] /raid/steuber/Benchmarks/srem_sdiv_mul/QF_BV/sage/app7/bench_1584.smt2
[runner] /raid/steuber/Benchmarks/srem_sdiv_mul/QF_BV/sage/app7/bench_8563.smt2
[runner] /raid/steuber/Benchmarks/srem_sdiv_mul/QF_BV/sage/app9/bench_619.smt2
/raid/steuber/Benchmarks/srem_sdiv_mul/QF_BV/sage/app9/bench_619.smt2 7 0 0 1789 1 0 0 495
[runner] /raid/steuber/Benchmarks/srem_sdiv_mul/QF_BV/sage/app7/bench_6450.smt2
/raid/steuber/Benchmarks/srem_sdiv_mul/QF_BV/sage/app7/bench_6450.smt2 464105 0 0 32643956 1 0 0 725
[runner] /raid/steuber/Benchmarks/srem_sdiv_mul/QF_BV/sage/app7/bench_6385.smt2
/raid/steuber/Benchmarks/srem_sdiv_mul/QF_BV/sage/app7/bench_6385.smt2 8547199 0 0 601155768 1 0 0 890
[runner] /raid/steuber/Benchmarks/srem_sdiv_mul/QF_BV/Sage2/bench_6609.smt2
/raid/steuber/Benchmarks/srem_sdiv_mul/QF_BV/Sage2/bench_6609.smt2 1 0 0 5655 1 0 0 1094
[runner] /raid/steuber/Benchmarks/srem_sdiv_mul/QF_BV/sage/app9/bench_340.smt2
/raid/steuber/Benchmarks/srem_sdiv_mul/QF_BV/sage/app9/bench_340.smt2 207 0 0 6156 11 0 0 1339
[runner] /raid/steuber/Benchmarks/srem_sdiv_mul/QF_BV/Sage2/bench_9903.smt2
/raid/steuber/Benchmarks/srem_sdiv_mul/QF_BV/Sage2/bench_9903.smt2 187 0 0 2367 31 0 0 468
[runner] /raid/steuber/Benchmarks/srem_sdiv_mul/QF_BV/sage/app7/bench_3390.smt2
/raid/steuber/Benchmarks/srem_sdiv_mul/QF_BV/sage/app7/bench_3390.smt2 228377707517206115039869247619720191193702939546078887955752934177581472027405125071139233654355581 0 0 16062565428662160265913530866377490012449936435171499306588721375957806023471772836807247022658278575 1 0 0 28654
[runner] /raid/steuber/Benchmarks/srem_sdiv_mul/QF_BV/sage/app9/bench_567.smt2
/raid/steuber/Benchmarks/srem_sdiv_mul/QF_BV/sage/app9/bench_567.smt2 7 0 0 2265 1 0 0 616
[runner] /raid/steuber/Benchmarks/srem_sdiv_mul/QF_BV/Sage2/bench_9514.smt2
/raid/steuber/Benchmarks/srem_sdiv_mul/QF_BV/Sage2/bench_9514.smt2 4 0 0 848 1 0 0 130
[runner] /raid/steuber/Benchmarks/srem_sdiv_mul/QF_BV/Sage2/bench_16560.smt2
/raid/steuber/Benchmarks/srem_sdiv_mul/QF_BV/Sage2/bench_16560.smt2 4 0 0 848 1 0 0 130
[runner] /raid/steuber/Benchmarks/srem_sdiv_mul/QF_BV/sage/app9/bench_2809.smt2
/raid/steuber/Benchmarks/srem_sdiv_mul/QF_BV/sage/app9/bench_2809.smt2 211 0 0 25892 11 0 0 2221
[runner] /raid/steuber/Benchmarks/srem_sdiv_mul/QF_BV/sage/app7/bench_1062.smt2
[runner] /raid/steuber/Benchmarks/srem_sdiv_mul/QF_BV/sage/app7/bench_2636.smt2
[runner] /raid/steuber/Benchmarks/srem_sdiv_mul/QF_BV/sage/app7/bench_167.smt2
