[runner] /raid/steuber/Benchmarks/srem_sdiv_mul/QF_BV/log-slicing/bvsrem_13.smt2
/raid/steuber/Benchmarks/srem_sdiv_mul/QF_BV/log-slicing/bvsrem_13.smt2 0 0 1 1301 0 0 1 816
[runner] /raid/steuber/Benchmarks/srem_sdiv_mul/QF_BV/Sage2/bench_5509.smt2
/raid/steuber/Benchmarks/srem_sdiv_mul/QF_BV/Sage2/bench_5509.smt2 229 0 0 3139 43 0 0 643
[runner] /raid/steuber/Benchmarks/srem_sdiv_mul/QF_BV/sage/app1/bench_2658.smt2
/raid/steuber/Benchmarks/srem_sdiv_mul/QF_BV/sage/app1/bench_2658.smt2 38 0 0 59724 5 0 0 2578
[runner] /raid/steuber/Benchmarks/srem_sdiv_mul/QF_BV/sage/app7/bench_6160.smt2
/raid/steuber/Benchmarks/srem_sdiv_mul/QF_BV/sage/app7/bench_6160.smt2 4075669320133 0 0 286655408859630 1 0 0 1568
[runner] /raid/steuber/Benchmarks/srem_sdiv_mul/QF_BV/wienand-cav2008/Distrib/distrib32.sf.smt2
/raid/steuber/Benchmarks/srem_sdiv_mul/QF_BV/wienand-cav2008/Distrib/distrib32.sf.smt2 3 0 0 74 3 0 0 51
[runner] /raid/steuber/Benchmarks/srem_sdiv_mul/QF_BV/sage/app7/bench_5404.smt2
/raid/steuber/Benchmarks/srem_sdiv_mul/QF_BV/sage/app7/bench_5404.smt2 32014558056625732224557865361055965389158750 0 0 2251690583342715909911895837660517976181560446 1 0 0 6215
[runner] /raid/steuber/Benchmarks/srem_sdiv_mul/QF_BV/Sage2/bench_16648.smt2
/raid/steuber/Benchmarks/srem_sdiv_mul/QF_BV/Sage2/bench_16648.smt2 349 0 0 69719 54 0 0 2204
[runner] /raid/steuber/Benchmarks/srem_sdiv_mul/QF_BV/Sage2/bench_6767.smt2
/raid/steuber/Benchmarks/srem_sdiv_mul/QF_BV/Sage2/bench_6767.smt2 669 0 0 5125 18 0 0 654
[runner] /raid/steuber/Benchmarks/srem_sdiv_mul/QF_BV/Sage2/bench_16914.smt2
/raid/steuber/Benchmarks/srem_sdiv_mul/QF_BV/Sage2/bench_16914.smt2 194 0 0 3318 51 0 0 1064
[runner] /raid/steuber/Benchmarks/srem_sdiv_mul/QF_BV/Sage2/bench_1124.smt2
/raid/steuber/Benchmarks/srem_sdiv_mul/QF_BV/Sage2/bench_1124.smt2 7039 0 0 1047276 208 0 0 2995
[runner] /raid/steuber/Benchmarks/srem_sdiv_mul/QF_BV/Sage2/bench_5316.smt2
/raid/steuber/Benchmarks/srem_sdiv_mul/QF_BV/Sage2/bench_5316.smt2 22 0 0 1415 10 0 0 219
[runner] /raid/steuber/Benchmarks/srem_sdiv_mul/QF_BV/Sage2/bench_10935.smt2
/raid/steuber/Benchmarks/srem_sdiv_mul/QF_BV/Sage2/bench_10935.smt2 6814 0 0 191777 207 0 0 10485
[runner] /raid/steuber/Benchmarks/srem_sdiv_mul/QF_BV/sage/app7/bench_4048.smt2
/raid/steuber/Benchmarks/srem_sdiv_mul/QF_BV/sage/app7/bench_4048.smt2 228377707517205849823393667539249522614303939221931276123740480875796435109436282804244757912729213 0 0 16062565428662141612354748456464091171896513017716666571665682649012349540377497105327248565415740583 1 0 0 24187
[runner] /raid/steuber/Benchmarks/srem_sdiv_mul/QF_BV/Sage2/bench_4339.smt2
/raid/steuber/Benchmarks/srem_sdiv_mul/QF_BV/Sage2/bench_4339.smt2 239 0 0 2735 69 0 0 898
[runner] /raid/steuber/Benchmarks/srem_sdiv_mul/QF_BV/sage/app7/bench_3951.smt2
/raid/steuber/Benchmarks/srem_sdiv_mul/QF_BV/sage/app7/bench_3951.smt2 228377707517205849823393667539249522614304022201875809844890015258928737267894998345179298047178365 0 0 16062565428662141612354748456464091171896518853972765425944815835925533860262073552043778193556836435 1 0 0 24605
[runner] /raid/steuber/Benchmarks/srem_sdiv_mul/QF_BV/Sage2/bench_14559.smt2
/raid/steuber/Benchmarks/srem_sdiv_mul/QF_BV/Sage2/bench_14559.smt2 4 0 0 848 1 0 0 130
[runner] /raid/steuber/Benchmarks/srem_sdiv_mul/QF_BV/Sage2/bench_5656.smt2
/raid/steuber/Benchmarks/srem_sdiv_mul/QF_BV/Sage2/bench_5656.smt2 75 0 0 4588 8 0 0 575
[runner] /raid/steuber/Benchmarks/srem_sdiv_mul/QF_BV/Sage2/bench_7332.smt2
/raid/steuber/Benchmarks/srem_sdiv_mul/QF_BV/Sage2/bench_7332.smt2 50679 0 0 895572 159 0 0 2396
[runner] /raid/steuber/Benchmarks/srem_sdiv_mul/QF_BV/sage/app1/bench_714.smt2
/raid/steuber/Benchmarks/srem_sdiv_mul/QF_BV/sage/app1/bench_714.smt2 44 0 0 20700247 5 0 0 3367
[runner] /raid/steuber/Benchmarks/srem_sdiv_mul/QF_BV/sage/app7/bench_2596.smt2
/raid/steuber/Benchmarks/srem_sdiv_mul/QF_BV/sage/app7/bench_2596.smt2 11617413681394463100144841045452496009821316086722340508747960262047353247798319936626531816718042919725507226614218 0 0 817091428922302017728151508466546540305215941519395834579363182536988580760001330899178321396517172804605883597511235 1 0 0 33922
[runner] /raid/steuber/Benchmarks/srem_sdiv_mul/QF_BV/sage/app12/bench_4355.smt2
/raid/steuber/Benchmarks/srem_sdiv_mul/QF_BV/sage/app12/bench_4355.smt2 0 1 0 47 0 1 0 32
[runner] /raid/steuber/Benchmarks/srem_sdiv_mul/QF_BV/sage/app7/bench_1909.smt2
[runner] /raid/steuber/Benchmarks/srem_sdiv_mul/QF_BV/sage/app2/bench_1194.smt2
/raid/steuber/Benchmarks/srem_sdiv_mul/QF_BV/sage/app2/bench_1194.smt2 1055 3 0 307741 4 3 0 3386
[runner] /raid/steuber/Benchmarks/srem_sdiv_mul/QF_BV/sage/app8/bench_60.smt2
/raid/steuber/Benchmarks/srem_sdiv_mul/QF_BV/sage/app8/bench_60.smt2 207 0 0 25620 11 0 0 2205
[runner] /raid/steuber/Benchmarks/srem_sdiv_mul/QF_BV/sage/app7/bench_3668.smt2
/raid/steuber/Benchmarks/srem_sdiv_mul/QF_BV/sage/app7/bench_3668.smt2 228377707517205849823393667541517268691130820114565840229734010362625864703462878590917982608930429 0 0 16062565428662141612354748456623589312632860311833396139084977060426016091711155393993330098864965097 1 0 0 26598
[runner] /raid/steuber/Benchmarks/srem_sdiv_mul/QF_BV/uclid/catchconv/convert-jpg2gif-query-1427.smt2
/raid/steuber/Benchmarks/srem_sdiv_mul/QF_BV/uclid/catchconv/convert-jpg2gif-query-1427.smt2 250 0 0 60943 250 0 0 38428
[runner] /raid/steuber/Benchmarks/srem_sdiv_mul/QF_BV/Sage2/bench_5928.smt2
/raid/steuber/Benchmarks/srem_sdiv_mul/QF_BV/Sage2/bench_5928.smt2 12280 0 0 531248 158 0 0 2419
[runner] /raid/steuber/Benchmarks/srem_sdiv_mul/QF_BV/sage/app11/bench_55.smt2
/raid/steuber/Benchmarks/srem_sdiv_mul/QF_BV/sage/app11/bench_55.smt2 160530642051941165327432460487568490665173829004462809550706160502689350913464439146191899849306878886317014452223332120490847888163253917010592490137731110356906943361413749132504687579925980864975116152589955033933367544087377816412907696601521675837167018926658811723331942342167868857004923683188816325038247090450 64 0 4820042472761275985972216761825044937548060893887208387360351998270480888257887995833715875262054084578673737833050725445996665610287549671686234406435837774561172146624205110269822081559929824626116238599506944830814225141300671265114757598297791137452927238306215585718331484236360877959356544216168982337056455488017 1185 16 0 68903
[runner] /raid/steuber/Benchmarks/srem_sdiv_mul/QF_BV/sage/app2/bench_1206.smt2
/raid/steuber/Benchmarks/srem_sdiv_mul/QF_BV/sage/app2/bench_1206.smt2 980 3 0 260605 4 3 0 3368
[runner] /raid/steuber/Benchmarks/srem_sdiv_mul/QF_BV/sage/app9/bench_2570.smt2
/raid/steuber/Benchmarks/srem_sdiv_mul/QF_BV/sage/app9/bench_2570.smt2 29 0 0 4241 1 0 0 1182
[runner] /raid/steuber/Benchmarks/srem_sdiv_mul/QF_BV/sage/app1/bench_379.smt2
/raid/steuber/Benchmarks/srem_sdiv_mul/QF_BV/sage/app1/bench_379.smt2 24 0 0 10134 5 0 0 2267
[runner] /raid/steuber/Benchmarks/srem_sdiv_mul/QF_BV/Sage2/bench_13610.smt2
/raid/steuber/Benchmarks/srem_sdiv_mul/QF_BV/Sage2/bench_13610.smt2 190 0 0 6255 40 0 0 646
[runner] /raid/steuber/Benchmarks/srem_sdiv_mul/QF_BV/sage/app8/bench_3645.smt2
/raid/steuber/Benchmarks/srem_sdiv_mul/QF_BV/sage/app8/bench_3645.smt2 73 0 0 4018 1 0 0 1102
[runner] /raid/steuber/Benchmarks/srem_sdiv_mul/QF_BV/sage/app7/bench_669.smt2
[runner] /raid/steuber/Benchmarks/srem_sdiv_mul/QF_BV/Sage2/bench_11195.smt2
/raid/steuber/Benchmarks/srem_sdiv_mul/QF_BV/Sage2/bench_11195.smt2 189 0 0 2968 4 0 0 432
[runner] /raid/steuber/Benchmarks/srem_sdiv_mul/QF_BV/sage/app7/bench_3708.smt2
/raid/steuber/Benchmarks/srem_sdiv_mul/QF_BV/sage/app7/bench_3708.smt2 228377707517205849823393667539258907569040621738421346434659010030626869100215377629498298736031357 0 0 16062565428662141612354748456464751247046324382067746495544372138232484589883544666357304572215333155 1 0 0 26203
[runner] /raid/steuber/Benchmarks/srem_sdiv_mul/QF_BV/sage/app12/bench_2016.smt2
/raid/steuber/Benchmarks/srem_sdiv_mul/QF_BV/sage/app12/bench_2016.smt2 0 2 0 644 0 1 0 269
[runner] /raid/steuber/Benchmarks/srem_sdiv_mul/QF_BV/uclid/catchconv/convert-jpg2gif-query-1301.smt2
/raid/steuber/Benchmarks/srem_sdiv_mul/QF_BV/uclid/catchconv/convert-jpg2gif-query-1301.smt2 204 0 0 50015 204 0 0 31560
[runner] /raid/steuber/Benchmarks/srem_sdiv_mul/QF_BV/uclid/catchconv/convert-jpg2gif-query-1493.smt2
/raid/steuber/Benchmarks/srem_sdiv_mul/QF_BV/uclid/catchconv/convert-jpg2gif-query-1493.smt2 450 0 0 72579 450 0 0 45789
[runner] /raid/steuber/Benchmarks/srem_sdiv_mul/QF_BV/sage/app1/bench_2347.smt2
/raid/steuber/Benchmarks/srem_sdiv_mul/QF_BV/sage/app1/bench_2347.smt2 44 0 0 370221 5 0 0 2818
[runner] /raid/steuber/Benchmarks/srem_sdiv_mul/QF_BV/sage/app12/bench_4335.smt2
/raid/steuber/Benchmarks/srem_sdiv_mul/QF_BV/sage/app12/bench_4335.smt2 18 43 0 504 2 9 0 189
[runner] /raid/steuber/Benchmarks/srem_sdiv_mul/QF_BV/sage/app7/bench_7391.smt2
[runner] /raid/steuber/Benchmarks/srem_sdiv_mul/QF_BV/sage/app9/bench_2687.smt2
/raid/steuber/Benchmarks/srem_sdiv_mul/QF_BV/sage/app9/bench_2687.smt2 211 0 0 26289 11 0 0 2267
[runner] /raid/steuber/Benchmarks/srem_sdiv_mul/QF_BV/sage/app12/bench_4142.smt2
/raid/steuber/Benchmarks/srem_sdiv_mul/QF_BV/sage/app12/bench_4142.smt2 0 1 0 47 0 1 0 32
[runner] /raid/steuber/Benchmarks/srem_sdiv_mul/QF_BV/Sage2/bench_14708.smt2
/raid/steuber/Benchmarks/srem_sdiv_mul/QF_BV/Sage2/bench_14708.smt2 2 0 0 6540 1 0 0 1070
[runner] /raid/steuber/Benchmarks/srem_sdiv_mul/QF_BV/sage/app8/bench_3493.smt2
/raid/steuber/Benchmarks/srem_sdiv_mul/QF_BV/sage/app8/bench_3493.smt2 211 0 0 27165 11 0 0 2318
[runner] /raid/steuber/Benchmarks/srem_sdiv_mul/QF_BV/sage/app7/bench_430.smt2
[runner] /raid/steuber/Benchmarks/srem_sdiv_mul/QF_BV/sage/app10/bench_15.smt2
/raid/steuber/Benchmarks/srem_sdiv_mul/QF_BV/sage/app10/bench_15.smt2 192180989044547924 0 0 6726334616559128099 619 0 0 8063
[runner] /raid/steuber/Benchmarks/srem_sdiv_mul/QF_BV/Sage2/bench_12586.smt2
/raid/steuber/Benchmarks/srem_sdiv_mul/QF_BV/Sage2/bench_12586.smt2 22 0 0 1415 10 0 0 219
[runner] /raid/steuber/Benchmarks/srem_sdiv_mul/QF_BV/Sage2/bench_14841.smt2
/raid/steuber/Benchmarks/srem_sdiv_mul/QF_BV/Sage2/bench_14841.smt2 259 0 0 3877 44 0 0 1280
[runner] /raid/steuber/Benchmarks/srem_sdiv_mul/QF_BV/sage/app7/bench_2900.smt2
/raid/steuber/Benchmarks/srem_sdiv_mul/QF_BV/sage/app7/bench_2900.smt2 56865161863132287195324837696164282381142615407012025007459477626718551961978626737871988513635372667 0 0 3999516384361684932762232973867833965945697913495340116564574061641083756403186268538280784126490339536 1 0 0 31654
[runner] /raid/steuber/Benchmarks/srem_sdiv_mul/QF_BV/sage/app9/bench_389.smt2
/raid/steuber/Benchmarks/srem_sdiv_mul/QF_BV/sage/app9/bench_389.smt2 201 0 0 5635 11 0 0 1282
[runner] /raid/steuber/Benchmarks/srem_sdiv_mul/QF_BV/Sage2/bench_6480.smt2
/raid/steuber/Benchmarks/srem_sdiv_mul/QF_BV/Sage2/bench_6480.smt2 1 0 0 5692 1 0 0 1104
[runner] /raid/steuber/Benchmarks/srem_sdiv_mul/QF_BV/sage/app1/bench_453.smt2
/raid/steuber/Benchmarks/srem_sdiv_mul/QF_BV/sage/app1/bench_453.smt2 17 0 0 8088 5 0 0 2171
[runner] /raid/steuber/Benchmarks/srem_sdiv_mul/QF_BV/sage/app8/bench_3480.smt2
/raid/steuber/Benchmarks/srem_sdiv_mul/QF_BV/sage/app8/bench_3480.smt2 88 0 0 4551 1 0 0 1243
[runner] /raid/steuber/Benchmarks/srem_sdiv_mul/QF_BV/sage/app7/bench_2100.smt2
/raid/steuber/Benchmarks/srem_sdiv_mul/QF_BV/sage/app7/bench_2100.smt2 4154655566439934745504390416502751318464052129780539586341277299492357511560408426904463744680634185407472742577436065545354362520085391210984937353024146852513743608756903853030 0 0 292210774838735468559702507984648094714613598394841886474319183912401313718961035316887558197833071895012733733863361830919608135029701187823298607365467605168411624034453549834608 1 0 0 39963
[runner] /raid/steuber/Benchmarks/srem_sdiv_mul/QF_BV/Sage2/bench_9942.smt2
/raid/steuber/Benchmarks/srem_sdiv_mul/QF_BV/Sage2/bench_9942.smt2 22 0 0 1415 10 0 0 219
[runner] /raid/steuber/Benchmarks/srem_sdiv_mul/QF_BV/sage/app7/bench_6342.smt2
/raid/steuber/Benchmarks/srem_sdiv_mul/QF_BV/sage/app7/bench_6342.smt2 104666901 0 0 7361575530 1 0 0 1016
[runner] /raid/steuber/Benchmarks/srem_sdiv_mul/QF_BV/sage/app11/bench_91.smt2
/raid/steuber/Benchmarks/srem_sdiv_mul/QF_BV/sage/app11/bench_91.smt2 160530642051941165327432461980074815717557624645172085085297853120254639348305860883302820659186971706211611226225533765578739080018030480760889550203430424144762292728070109821214959063138814290053917052290815491632910491867622447876522178294649818867899845729549555997734221457262887636364497154834701432048652240871 64 0 4820042472761275985972216806638569543583524537892069710921156145171523175734942312546136882315992209103091500847219260679407482298876687417098067148004569991899429675611335638637203210057854592639448830109316332052105246584109397310409361068095465457915351118652383622839485883345949074499044979296386447975577575633876 1187 16 0 68990
[runner] /raid/steuber/Benchmarks/srem_sdiv_mul/QF_BV/sage/app7/bench_5552.smt2
/raid/steuber/Benchmarks/srem_sdiv_mul/QF_BV/sage/app7/bench_5552.smt2 32014558056625732224471312598913728191996826 0 0 2251690583342715909905808293389865486009448101 1 0 0 5730
[runner] /raid/steuber/Benchmarks/srem_sdiv_mul/QF_BV/sage/app7/bench_5070.smt2
/raid/steuber/Benchmarks/srem_sdiv_mul/QF_BV/sage/app7/bench_5070.smt2 1281897741095780158959750610942595010559928033407062058904 0 0 90160141123467093246964386755293915363437563073975375228545 1 0 0 13088
[runner] /raid/steuber/Benchmarks/srem_sdiv_mul/QF_BV/Sage2/bench_6529.smt2
/raid/steuber/Benchmarks/srem_sdiv_mul/QF_BV/Sage2/bench_6529.smt2 1 0 0 5722 1 0 0 1112
[runner] /raid/steuber/Benchmarks/srem_sdiv_mul/QF_BV/sage/app9/bench_3160.smt2
/raid/steuber/Benchmarks/srem_sdiv_mul/QF_BV/sage/app9/bench_3160.smt2 207 0 0 14428 11 0 0 1865
[runner] /raid/steuber/Benchmarks/srem_sdiv_mul/QF_BV/Sage2/bench_7735.smt2
/raid/steuber/Benchmarks/srem_sdiv_mul/QF_BV/Sage2/bench_7735.smt2 155 0 0 3441 46 0 0 1128
[runner] /raid/steuber/Benchmarks/srem_sdiv_mul/QF_BV/Sage2/bench_458.smt2
/raid/steuber/Benchmarks/srem_sdiv_mul/QF_BV/Sage2/bench_458.smt2 331 0 0 2923 20 0 0 440
[runner] /raid/steuber/Benchmarks/srem_sdiv_mul/QF_BV/sage/app9/bench_3193.smt2
/raid/steuber/Benchmarks/srem_sdiv_mul/QF_BV/sage/app9/bench_3193.smt2 207 0 0 14109 11 0 0 1813
[runner] /raid/steuber/Benchmarks/srem_sdiv_mul/QF_BV/sage/app8/bench_3243.smt2
/raid/steuber/Benchmarks/srem_sdiv_mul/QF_BV/sage/app8/bench_3243.smt2 88 0 0 4872 1 0 0 1339
[runner] /raid/steuber/Benchmarks/srem_sdiv_mul/QF_BV/Sage2/bench_3295.smt2
/raid/steuber/Benchmarks/srem_sdiv_mul/QF_BV/Sage2/bench_3295.smt2 6513 0 0 185312 145 0 0 8827
[runner] /raid/steuber/Benchmarks/srem_sdiv_mul/QF_BV/sage/app1/bench_48.smt2
/raid/steuber/Benchmarks/srem_sdiv_mul/QF_BV/sage/app1/bench_48.smt2 44 0 0 26200671 5 0 0 3393
[runner] /raid/steuber/Benchmarks/srem_sdiv_mul/QF_BV/Sage2/bench_9669.smt2
/raid/steuber/Benchmarks/srem_sdiv_mul/QF_BV/Sage2/bench_9669.smt2 23 0 0 1845 10 0 0 248
[runner] /raid/steuber/Benchmarks/srem_sdiv_mul/QF_BV/sage/app9/bench_2629.smt2
/raid/steuber/Benchmarks/srem_sdiv_mul/QF_BV/sage/app9/bench_2629.smt2 29 0 0 3618 1 0 0 1000
[runner] /raid/steuber/Benchmarks/srem_sdiv_mul/QF_BV/Sage2/bench_16494.smt2
/raid/steuber/Benchmarks/srem_sdiv_mul/QF_BV/Sage2/bench_16494.smt2 54 0 0 1609 22 0 0 470
[runner] /raid/steuber/Benchmarks/srem_sdiv_mul/QF_BV/Sage2/bench_12198.smt2
/raid/steuber/Benchmarks/srem_sdiv_mul/QF_BV/Sage2/bench_12198.smt2 4 0 0 848 1 0 0 130
[runner] /raid/steuber/Benchmarks/srem_sdiv_mul/QF_BV/log-slicing/bvsmod_14.smt2
/raid/steuber/Benchmarks/srem_sdiv_mul/QF_BV/log-slicing/bvsmod_14.smt2 0 0 0 1516 0 0 0 885
[runner] /raid/steuber/Benchmarks/srem_sdiv_mul/QF_BV/sage/app5/bench_464.smt2
/raid/steuber/Benchmarks/srem_sdiv_mul/QF_BV/sage/app5/bench_464.smt2 5 0 0 120 1 0 0 49
[runner] /raid/steuber/Benchmarks/srem_sdiv_mul/QF_BV/sage/app8/bench_324.smt2
/raid/steuber/Benchmarks/srem_sdiv_mul/QF_BV/sage/app8/bench_324.smt2 207 0 0 18052 11 0 0 2025
[runner] /raid/steuber/Benchmarks/srem_sdiv_mul/QF_BV/sage/app2/bench_102.smt2
/raid/steuber/Benchmarks/srem_sdiv_mul/QF_BV/sage/app2/bench_102.smt2 34 3 0 13702 4 3 0 651
[runner] /raid/steuber/Benchmarks/srem_sdiv_mul/QF_BV/sage/app7/bench_7491.smt2
[runner] /raid/steuber/Benchmarks/srem_sdiv_mul/QF_BV/sage/app8/bench_731.smt2
/raid/steuber/Benchmarks/srem_sdiv_mul/QF_BV/sage/app8/bench_731.smt2 207 0 0 8809 11 0 0 1550
[runner] /raid/steuber/Benchmarks/srem_sdiv_mul/QF_BV/Sage2/bench_8352.smt2
/raid/steuber/Benchmarks/srem_sdiv_mul/QF_BV/Sage2/bench_8352.smt2 103 0 0 61799 32 0 0 2100
[runner] /raid/steuber/Benchmarks/srem_sdiv_mul/QF_BV/Sage2/bench_10724.smt2
/raid/steuber/Benchmarks/srem_sdiv_mul/QF_BV/Sage2/bench_10724.smt2 471 0 0 10539 78 0 0 2029
[runner] /raid/steuber/Benchmarks/srem_sdiv_mul/QF_BV/sage/app12/bench_540.smt2
/raid/steuber/Benchmarks/srem_sdiv_mul/QF_BV/sage/app12/bench_540.smt2 1 4 0 181 1 2 0 101
[runner] /raid/steuber/Benchmarks/srem_sdiv_mul/QF_BV/sage/app7/bench_4903.smt2
[runner] /raid/steuber/Benchmarks/srem_sdiv_mul/QF_BV/sage/app7/bench_8607.smt2
[runner] /raid/steuber/Benchmarks/srem_sdiv_mul/QF_BV/sage/app5/bench_460.smt2
/raid/steuber/Benchmarks/srem_sdiv_mul/QF_BV/sage/app5/bench_460.smt2 2 16 0 337 2 3 0 124
[runner] /raid/steuber/Benchmarks/srem_sdiv_mul/QF_BV/Sage2/bench_17865.smt2
/raid/steuber/Benchmarks/srem_sdiv_mul/QF_BV/Sage2/bench_17865.smt2 258 0 0 4365 44 0 0 1386
[runner] /raid/steuber/Benchmarks/srem_sdiv_mul/QF_BV/Sage2/bench_17036.smt2
/raid/steuber/Benchmarks/srem_sdiv_mul/QF_BV/Sage2/bench_17036.smt2 4 0 0 2703 1 0 0 236
[runner] /raid/steuber/Benchmarks/srem_sdiv_mul/QF_BV/Sage2/bench_5988.smt2
/raid/steuber/Benchmarks/srem_sdiv_mul/QF_BV/Sage2/bench_5988.smt2 214 0 0 6927 43 0 0 702
[runner] /raid/steuber/Benchmarks/srem_sdiv_mul/QF_BV/sage/app7/bench_5147.smt2
[runner] /raid/steuber/Benchmarks/srem_sdiv_mul/QF_BV/sage/app1/bench_2077.smt2
/raid/steuber/Benchmarks/srem_sdiv_mul/QF_BV/sage/app1/bench_2077.smt2 0 4307 0 40198 0 41 0 858
[runner] /raid/steuber/Benchmarks/srem_sdiv_mul/QF_BV/sage/app7/bench_1980.smt2
[runner] /raid/steuber/Benchmarks/srem_sdiv_mul/QF_BV/sage/app7/bench_312.smt2
[runner] /raid/steuber/Benchmarks/srem_sdiv_mul/QF_BV/sage/app9/bench_2697.smt2
/raid/steuber/Benchmarks/srem_sdiv_mul/QF_BV/sage/app9/bench_2697.smt2 29 0 0 3514 1 0 0 970
[runner] /raid/steuber/Benchmarks/srem_sdiv_mul/QF_BV/Sage2/bench_8661.smt2
/raid/steuber/Benchmarks/srem_sdiv_mul/QF_BV/Sage2/bench_8661.smt2 1 0 0 3319 1 0 0 472
[runner] /raid/steuber/Benchmarks/srem_sdiv_mul/QF_BV/sage/app7/bench_754.smt2
[runner] /raid/steuber/Benchmarks/srem_sdiv_mul/QF_BV/sage/app7/bench_2895.smt2
/raid/steuber/Benchmarks/srem_sdiv_mul/QF_BV/sage/app7/bench_2895.smt2 56865161863132287195324837696164282381142663073768480949042374806200420249541076437481437621003030139 0 0 3999516384361684932762232973867833965945701266057210841103402072984305798114408001567319304719868998760 1 0 0 31680
[runner] /raid/steuber/Benchmarks/srem_sdiv_mul/QF_BV/sage/app7/bench_993.smt2
[runner] /raid/steuber/Benchmarks/srem_sdiv_mul/QF_BV/sage/app8/bench_271.smt2
/raid/steuber/Benchmarks/srem_sdiv_mul/QF_BV/sage/app8/bench_271.smt2 207 0 0 18637 11 0 0 2062
[runner] /raid/steuber/Benchmarks/srem_sdiv_mul/QF_BV/sage/app1/bench_1907.smt2
/raid/steuber/Benchmarks/srem_sdiv_mul/QF_BV/sage/app1/bench_1907.smt2 44 0 0 4774764 5 0 0 3157
[runner] /raid/steuber/Benchmarks/srem_sdiv_mul/QF_BV/sage/app7/bench_2014.smt2
[runner] /raid/steuber/Benchmarks/srem_sdiv_mul/QF_BV/uclid/catchconv/convert-jpg2gif-query-1234.smt2
/raid/steuber/Benchmarks/srem_sdiv_mul/QF_BV/uclid/catchconv/convert-jpg2gif-query-1234.smt2 204 0 0 48415 204 0 0 30588
[runner] /raid/steuber/Benchmarks/srem_sdiv_mul/QF_BV/sage/app7/bench_852.smt2
[runner] /raid/steuber/Benchmarks/srem_sdiv_mul/QF_BV/sage/app7/bench_82.smt2
[runner] /raid/steuber/Benchmarks/srem_sdiv_mul/QF_BV/sage/app11/bench_59.smt2
/raid/steuber/Benchmarks/srem_sdiv_mul/QF_BV/sage/app11/bench_59.smt2 160530642051941165327432460329352272461740917805801048893328949271145327404470648856038798703383194135091438822470448553873756949097376542761444391897550971086109556502757597822747414984532394282811285668522726010148963698032934922618178246245359681876311948947553785828518979891804439304422636742731655359630783646944 64 0 4820042472761275985972216757074494625954195489929095879562386894358709621034171990528512234938315060777498709951690103336447815784642058037896994186481555207352169581713908587828050230482411297981593349040163193535271007320508226808016389739308638382633589017774819680723156106238878030269636922122859710361241495755261 1186 16 0 68903
[runner] /raid/steuber/Benchmarks/srem_sdiv_mul/QF_BV/Sage2/bench_10088.smt2
/raid/steuber/Benchmarks/srem_sdiv_mul/QF_BV/Sage2/bench_10088.smt2 416 0 0 5122 34 0 0 974
[runner] /raid/steuber/Benchmarks/srem_sdiv_mul/QF_BV/sage/app1/bench_198.smt2
/raid/steuber/Benchmarks/srem_sdiv_mul/QF_BV/sage/app1/bench_198.smt2 0 399 0 3534 0 29 0 313
[runner] /raid/steuber/Benchmarks/srem_sdiv_mul/QF_BV/sage/app9/bench_2672.smt2
/raid/steuber/Benchmarks/srem_sdiv_mul/QF_BV/sage/app9/bench_2672.smt2 211 0 0 26541 11 0 0 2289
[runner] /raid/steuber/Benchmarks/srem_sdiv_mul/QF_BV/uclid/catchconv/convert-jpg2gif-query-1496.smt2
/raid/steuber/Benchmarks/srem_sdiv_mul/QF_BV/uclid/catchconv/convert-jpg2gif-query-1496.smt2 450 0 0 72924 450 0 0 46007
[runner] /raid/steuber/Benchmarks/srem_sdiv_mul/QF_BV/wienand-cav2008/Commute/commute08.sf.smt2
/raid/steuber/Benchmarks/srem_sdiv_mul/QF_BV/wienand-cav2008/Commute/commute08.sf.smt2 4 0 0 69 4 0 0 48
[runner] /raid/steuber/Benchmarks/srem_sdiv_mul/QF_BV/sage/app1/bench_2272.smt2
/raid/steuber/Benchmarks/srem_sdiv_mul/QF_BV/sage/app1/bench_2272.smt2 44 0 0 466591 5 0 0 2842
[runner] /raid/steuber/Benchmarks/srem_sdiv_mul/QF_BV/sage/app7/bench_2085.smt2
/raid/steuber/Benchmarks/srem_sdiv_mul/QF_BV/sage/app7/bench_2085.smt2 4154655566439934745504390416502751318464052129780539586341277299492357511560408426904463744680634185407472742713920931996104344878689462738601626794606074048065180141756889676774 0 0 292210774838735468559702507984648094714613598394841886474319183912401313718961035316887558197833071895012733743462797437927002205640286987717120757029823810906999664946974900384339 1 0 0 40085
[runner] /raid/steuber/Benchmarks/srem_sdiv_mul/QF_BV/sage/app9/bench_107.smt2
/raid/steuber/Benchmarks/srem_sdiv_mul/QF_BV/sage/app9/bench_107.smt2 207 0 0 9075 11 0 0 1592
[runner] /raid/steuber/Benchmarks/srem_sdiv_mul/QF_BV/bmc-bv-svcomp14/s3_srvr_1_alt_true.BV.c.cil.c.21.smt2
/raid/steuber/Benchmarks/srem_sdiv_mul/QF_BV/bmc-bv-svcomp14/s3_srvr_1_alt_true.BV.c.cil.c.21.smt2 3368 3349 0 410090023189222311591663155158 38 19 0 13770
[runner] /raid/steuber/Benchmarks/srem_sdiv_mul/QF_BV/sage/app7/bench_3237.smt2
/raid/steuber/Benchmarks/srem_sdiv_mul/QF_BV/sage/app7/bench_3237.smt2 228377707517237157678508333045730694282480430313212821541439616328294832983710223442335974088226771 0 0 16062565428664343598164473349760422211691254588971137503515239719495480932583466071952770925071781261 1 0 0 29167
[runner] /raid/steuber/Benchmarks/srem_sdiv_mul/QF_BV/sage/app9/bench_3087.smt2
/raid/steuber/Benchmarks/srem_sdiv_mul/QF_BV/sage/app9/bench_3087.smt2 207 0 0 17805 11 0 0 1989
[runner] /raid/steuber/Benchmarks/srem_sdiv_mul/QF_BV/Sage2/bench_11839.smt2
/raid/steuber/Benchmarks/srem_sdiv_mul/QF_BV/Sage2/bench_11839.smt2 258 0 0 4365 44 0 0 1386
[runner] /raid/steuber/Benchmarks/srem_sdiv_mul/QF_BV/sage/app9/bench_564.smt2
/raid/steuber/Benchmarks/srem_sdiv_mul/QF_BV/sage/app9/bench_564.smt2 7 0 0 2280 1 0 0 628
[runner] /raid/steuber/Benchmarks/srem_sdiv_mul/QF_BV/Sage2/bench_5677.smt2
/raid/steuber/Benchmarks/srem_sdiv_mul/QF_BV/Sage2/bench_5677.smt2 4 0 0 848 1 0 0 130
[runner] /raid/steuber/Benchmarks/srem_sdiv_mul/QF_BV/sage/app7/bench_5426.smt2
/raid/steuber/Benchmarks/srem_sdiv_mul/QF_BV/sage/app7/bench_5426.smt2 32014558056625732224498245482520823240052404 0 0 2251690583342715909907702572870225509980360050 1 0 0 6111
[runner] /raid/steuber/Benchmarks/srem_sdiv_mul/QF_BV/Sage2/bench_17415.smt2
/raid/steuber/Benchmarks/srem_sdiv_mul/QF_BV/Sage2/bench_17415.smt2 258 0 0 4365 44 0 0 1386
[runner] /raid/steuber/Benchmarks/srem_sdiv_mul/QF_BV/sage/app2/bench_806.smt2
/raid/steuber/Benchmarks/srem_sdiv_mul/QF_BV/sage/app2/bench_806.smt2 4674 184 0 141674576 14 15 0 6859
[runner] /raid/steuber/Benchmarks/srem_sdiv_mul/QF_BV/sage/app7/bench_239.smt2
[runner] /raid/steuber/Benchmarks/srem_sdiv_mul/QF_BV/sage/app2/bench_1149.smt2
/raid/steuber/Benchmarks/srem_sdiv_mul/QF_BV/sage/app2/bench_1149.smt2 1628 3 0 379165 4 3 0 3481
[runner] /raid/steuber/Benchmarks/srem_sdiv_mul/QF_BV/sage/app9/bench_465.smt2
/raid/steuber/Benchmarks/srem_sdiv_mul/QF_BV/sage/app9/bench_465.smt2 162 0 0 1258 9 0 0 191
[runner] /raid/steuber/Benchmarks/srem_sdiv_mul/QF_BV/sage/app7/bench_6462.smt2
/raid/steuber/Benchmarks/srem_sdiv_mul/QF_BV/sage/app7/bench_6462.smt2 316493 0 0 22261319 1 0 0 681
[runner] /raid/steuber/Benchmarks/srem_sdiv_mul/QF_BV/sage/app12/bench_421.smt2
/raid/steuber/Benchmarks/srem_sdiv_mul/QF_BV/sage/app12/bench_421.smt2 1 4 0 93 1 2 0 62
[runner] /raid/steuber/Benchmarks/srem_sdiv_mul/QF_BV/sage/app7/bench_5598.smt2
/raid/steuber/Benchmarks/srem_sdiv_mul/QF_BV/sage/app7/bench_5598.smt2 436698856006803790564563623622815696189452 0 0 30714486206176154411095751582568867285692442 1 0 0 5489
[runner] /raid/steuber/Benchmarks/srem_sdiv_mul/QF_BV/sage/app2/bench_785.smt2
/raid/steuber/Benchmarks/srem_sdiv_mul/QF_BV/sage/app2/bench_785.smt2 4841 202 0 141749221 15 16 0 6917
[runner] /raid/steuber/Benchmarks/srem_sdiv_mul/QF_BV/sage/app7/bench_5529.smt2
/raid/steuber/Benchmarks/srem_sdiv_mul/QF_BV/sage/app7/bench_5529.smt2 32014558056625732224471344884093516830461508 0 0 2251690583342715909905810564114177280128711839 1 0 0 5805
[runner] /raid/steuber/Benchmarks/srem_sdiv_mul/QF_BV/sage/app7/bench_5184.smt2
/raid/steuber/Benchmarks/srem_sdiv_mul/QF_BV/sage/app7/bench_5184.smt2 194231462101518956334462230403630727668137007242880692 0 0 13660946167766009552795029410865013277095768965843665970 1 0 0 10876
[runner] /raid/steuber/Benchmarks/srem_sdiv_mul/QF_BV/sage/app7/bench_3203.smt2
/raid/steuber/Benchmarks/srem_sdiv_mul/QF_BV/sage/app7/bench_3203.smt2 228377707517237157678508333045730694282480430815940150733786810347713943864279333922479669845233047 0 0 16062565428664343598164473349760422211691254624329626323271323121552048858474347872510571702519519740 1 0 0 29410
[runner] /raid/steuber/Benchmarks/srem_sdiv_mul/QF_BV/Sage2/bench_11660.smt2
/raid/steuber/Benchmarks/srem_sdiv_mul/QF_BV/Sage2/bench_11660.smt2 21 0 0 1832 10 0 0 244
[runner] /raid/steuber/Benchmarks/srem_sdiv_mul/QF_BV/sage/app7/bench_6094.smt2
/raid/steuber/Benchmarks/srem_sdiv_mul/QF_BV/sage/app7/bench_6094.smt2 125858312166967 0 0 8852034622398026 1 0 0 1742
[runner] /raid/steuber/Benchmarks/srem_sdiv_mul/QF_BV/sage/app9/bench_2653.smt2
/raid/steuber/Benchmarks/srem_sdiv_mul/QF_BV/sage/app9/bench_2653.smt2 211 0 0 27216 11 0 0 2317
[runner] /raid/steuber/Benchmarks/srem_sdiv_mul/QF_BV/sage/app7/bench_6190.smt2
/raid/steuber/Benchmarks/srem_sdiv_mul/QF_BV/sage/app7/bench_6190.smt2 106976932065 0 0 7524044231495 1 0 0 1435
[runner] /raid/steuber/Benchmarks/srem_sdiv_mul/QF_BV/sage/app7/bench_2285.smt2
/raid/steuber/Benchmarks/srem_sdiv_mul/QF_BV/sage/app7/bench_2285.smt2 47757893746547872054443383855818429358693438614066633632852480062539785651348638309694732041136523521388449393255774667911522092538365118254232663647607 0 0 3358971860163828675746259022480303798218143603654469270133627070329701089119783315476211405249418231352189437242977856575386268059049362071326953864094403 1 0 0 37452
[runner] /raid/steuber/Benchmarks/srem_sdiv_mul/QF_BV/sage/app12/bench_532.smt2
/raid/steuber/Benchmarks/srem_sdiv_mul/QF_BV/sage/app12/bench_532.smt2 1 4 0 207 1 2 0 114
[runner] /raid/steuber/Benchmarks/srem_sdiv_mul/QF_BV/Sage2/bench_1033.smt2
/raid/steuber/Benchmarks/srem_sdiv_mul/QF_BV/Sage2/bench_1033.smt2 86 0 0 6715 8 0 0 774
[runner] /raid/steuber/Benchmarks/srem_sdiv_mul/QF_BV/sage/app7/bench_5312.smt2
/raid/steuber/Benchmarks/srem_sdiv_mul/QF_BV/sage/app7/bench_5312.smt2 113301686176143255723249867694488746246448811324810248 0 0 7968885261031595155424991028382911063489910155282057595 1 0 0 8591
[runner] /raid/steuber/Benchmarks/srem_sdiv_mul/QF_BV/wienand-cav2008/Distrib/distrib64.sf.smt2
/raid/steuber/Benchmarks/srem_sdiv_mul/QF_BV/wienand-cav2008/Distrib/distrib64.sf.smt2 3 0 0 74 3 0 0 51
[runner] /raid/steuber/Benchmarks/srem_sdiv_mul/QF_BV/sage/app1/bench_385.smt2
/raid/steuber/Benchmarks/srem_sdiv_mul/QF_BV/sage/app1/bench_385.smt2 24 0 0 10043 5 0 0 2267
[runner] /raid/steuber/Benchmarks/srem_sdiv_mul/QF_BV/sage/app7/bench_5665.smt2
/raid/steuber/Benchmarks/srem_sdiv_mul/QF_BV/sage/app7/bench_5665.smt2 36664169434450902734277037712198896 0 0 2578713250253631540336458906732273343 1 0 0 4836
[runner] /raid/steuber/Benchmarks/srem_sdiv_mul/QF_BV/sage/app1/bench_12.smt2
/raid/steuber/Benchmarks/srem_sdiv_mul/QF_BV/sage/app1/bench_12.smt2 36 0 0 56434 5 0 0 2569
[runner] /raid/steuber/Benchmarks/srem_sdiv_mul/QF_BV/Sage2/bench_8683.smt2
/raid/steuber/Benchmarks/srem_sdiv_mul/QF_BV/Sage2/bench_8683.smt2 228 0 0 3236 44 0 0 682
[runner] /raid/steuber/Benchmarks/srem_sdiv_mul/QF_BV/Sage2/bench_13601.smt2
/raid/steuber/Benchmarks/srem_sdiv_mul/QF_BV/Sage2/bench_13601.smt2 385 0 0 72035 63 0 0 2268
[runner] /raid/steuber/Benchmarks/srem_sdiv_mul/QF_BV/Sage2/bench_16876.smt2
/raid/steuber/Benchmarks/srem_sdiv_mul/QF_BV/Sage2/bench_16876.smt2 2 0 0 6420 1 0 0 1046
[runner] /raid/steuber/Benchmarks/srem_sdiv_mul/QF_BV/sage/app9/bench_3050.smt2
/raid/steuber/Benchmarks/srem_sdiv_mul/QF_BV/sage/app9/bench_3050.smt2 207 0 0 18339 11 0 0 2044
[runner] /raid/steuber/Benchmarks/srem_sdiv_mul/QF_BV/sage/app7/bench_6086.smt2
/raid/steuber/Benchmarks/srem_sdiv_mul/QF_BV/sage/app7/bench_6086.smt2 146147871891227 0 0 10279066989668755 1 0 0 1764
[runner] /raid/steuber/Benchmarks/srem_sdiv_mul/QF_BV/challenge/integerOverflow.smt2
/raid/steuber/Benchmarks/srem_sdiv_mul/QF_BV/challenge/integerOverflow.smt2 2 2 0 37 1 1 0 24
[runner] /raid/steuber/Benchmarks/srem_sdiv_mul/QF_BV/sage/app7/bench_6081.smt2
/raid/steuber/Benchmarks/srem_sdiv_mul/QF_BV/sage/app7/bench_6081.smt2 179133220724507 0 0 12599036524269164 1 0 0 1773
[runner] /raid/steuber/Benchmarks/srem_sdiv_mul/QF_BV/sage/app7/bench_2741.smt2
/raid/steuber/Benchmarks/srem_sdiv_mul/QF_BV/sage/app7/bench_2741.smt2 21118173242619119959205746091923347023161782429538276818619308908609489365118701834633660007703318756865887593478 0 0 1485311518059772566850398040736970838562378398553724722835897167978818628271029231720415657252059280562422699049079 1 0 0 33179
[runner] /raid/steuber/Benchmarks/srem_sdiv_mul/QF_BV/sage/app5/bench_314.smt2
/raid/steuber/Benchmarks/srem_sdiv_mul/QF_BV/sage/app5/bench_314.smt2 2 69 0 624 2 26 0 198
[runner] /raid/steuber/Benchmarks/srem_sdiv_mul/QF_BV/sage/app8/bench_3219.smt2
/raid/steuber/Benchmarks/srem_sdiv_mul/QF_BV/sage/app8/bench_3219.smt2 211 0 0 29102 11 0 0 2456
[runner] /raid/steuber/Benchmarks/srem_sdiv_mul/QF_BV/Sage2/bench_2457.smt2
/raid/steuber/Benchmarks/srem_sdiv_mul/QF_BV/Sage2/bench_2457.smt2 2108400718919461 0 0 63894070533352894 160 0 0 1518
[runner] /raid/steuber/Benchmarks/srem_sdiv_mul/QF_BV/sage/app7/bench_508.smt2
[runner] /raid/steuber/Benchmarks/srem_sdiv_mul/QF_BV/sage/app1/bench_777.smt2
/raid/steuber/Benchmarks/srem_sdiv_mul/QF_BV/sage/app1/bench_777.smt2 2 1 0 59 2 1 0 42
[runner] /raid/steuber/Benchmarks/srem_sdiv_mul/QF_BV/sage/app11/bench_330.smt2
/raid/steuber/Benchmarks/srem_sdiv_mul/QF_BV/sage/app11/bench_330.smt2 160530642051941165327432456890786463507132314421552117272997558505588549809005606550044733798641778875122261802507779039395647206732308275746625723477635944267446348774630576024022690577978445897117369814794948559901253443783042697479391525171439013127061761401671223047917262637239237028300933903462690378108578141398 64 0 4820042472761275985972216653829201187314187377239450710086611969342880746705410808562086451902386943498628103996785916155586146240613373196877506739475147413343180504330130833426875333731008652240629215950425665378798406681952433940411861603944385177893305024892482012161344557760250807146397135294938199420196370896684 1183 16 0 68663
[runner] /raid/steuber/Benchmarks/srem_sdiv_mul/QF_BV/log-slicing/bvudiv_20.smt2
/raid/steuber/Benchmarks/srem_sdiv_mul/QF_BV/log-slicing/bvudiv_20.smt2 0 0 0 1405 0 0 0 888
[runner] /raid/steuber/Benchmarks/srem_sdiv_mul/QF_BV/sage/app7/bench_487.smt2
[runner] /raid/steuber/Benchmarks/srem_sdiv_mul/QF_BV/Sage2/bench_15110.smt2
/raid/steuber/Benchmarks/srem_sdiv_mul/QF_BV/Sage2/bench_15110.smt2 2 0 0 6493 1 0 0 1060
[runner] /raid/steuber/Benchmarks/srem_sdiv_mul/QF_BV/Sage2/bench_17747.smt2
/raid/steuber/Benchmarks/srem_sdiv_mul/QF_BV/Sage2/bench_17747.smt2 2 0 0 3416 1 0 0 446
[runner] /raid/steuber/Benchmarks/srem_sdiv_mul/QF_BV/sage/app7/bench_2148.smt2
/raid/steuber/Benchmarks/srem_sdiv_mul/QF_BV/sage/app7/bench_2148.smt2 8406932445038726918277330065191010231116544660565294203538448973783706430614304935047749617821368093442720750611415458646261167834713466851547382949612196831082822630 0 0 591287581965956723622098660210745820128903456200554174132487021647038048658050746241473748168659663017130381597498308242493919128560774912540943493811858431171912491058 1 0 0 38866
[runner] /raid/steuber/Benchmarks/srem_sdiv_mul/QF_BV/sage/app7/bench_4209.smt2
/raid/steuber/Benchmarks/srem_sdiv_mul/QF_BV/sage/app7/bench_4209.smt2 228377707517205849823393667539249522614303786773445491042677292578106630558757194046666453219784260 0 0 16062565428662141612354748456464091171896502295506499719674351494734384336880161762092193135716963926 1 0 0 23081
[runner] /raid/steuber/Benchmarks/srem_sdiv_mul/QF_BV/Sage2/bench_8942.smt2
/raid/steuber/Benchmarks/srem_sdiv_mul/QF_BV/Sage2/bench_8942.smt2 4 0 0 607 1 0 0 111
[runner] /raid/steuber/Benchmarks/srem_sdiv_mul/QF_BV/sage/app12/bench_3845.smt2
/raid/steuber/Benchmarks/srem_sdiv_mul/QF_BV/sage/app12/bench_3845.smt2 0 1 0 33 0 1 0 25
[runner] /raid/steuber/Benchmarks/srem_sdiv_mul/QF_BV/sage/app8/bench_3798.smt2
/raid/steuber/Benchmarks/srem_sdiv_mul/QF_BV/sage/app8/bench_3798.smt2 54 0 0 3518 1 0 0 970
[runner] /raid/steuber/Benchmarks/srem_sdiv_mul/QF_BV/Sage2/bench_13526.smt2
/raid/steuber/Benchmarks/srem_sdiv_mul/QF_BV/Sage2/bench_13526.smt2 222 0 0 26638 28 0 0 749
[runner] /raid/steuber/Benchmarks/srem_sdiv_mul/QF_BV/sage/app1/bench_2518.smt2
/raid/steuber/Benchmarks/srem_sdiv_mul/QF_BV/sage/app1/bench_2518.smt2 0 1376 0 12653 0 34 0 525
[runner] /raid/steuber/Benchmarks/srem_sdiv_mul/QF_BV/sage/app2/bench_1193.smt2
/raid/steuber/Benchmarks/srem_sdiv_mul/QF_BV/sage/app2/bench_1193.smt2 1081 3 0 308268 4 3 0 3394
[runner] /raid/steuber/Benchmarks/srem_sdiv_mul/QF_BV/sage/app8/bench_3174.smt2
/raid/steuber/Benchmarks/srem_sdiv_mul/QF_BV/sage/app8/bench_3174.smt2 213 0 0 31489 11 0 0 2512
[runner] /raid/steuber/Benchmarks/srem_sdiv_mul/QF_BV/sage/app5/bench_336.smt2
/raid/steuber/Benchmarks/srem_sdiv_mul/QF_BV/sage/app5/bench_336.smt2 2 87 0 808 2 29 0 228
[runner] /raid/steuber/Benchmarks/srem_sdiv_mul/QF_BV/sage/app7/bench_4276.smt2
/raid/steuber/Benchmarks/srem_sdiv_mul/QF_BV/sage/app7/bench_4276.smt2 228377707517205849823393667539249522614303786773445491042631163048949656270598460231971692452230496 0 0 16062565428662141612354748456464091171896502295506499719671107051183686841335931497602495387476459760 1 0 0 22966
[runner] /raid/steuber/Benchmarks/srem_sdiv_mul/QF_BV/sage/app8/bench_822.smt2
/raid/steuber/Benchmarks/srem_sdiv_mul/QF_BV/sage/app8/bench_822.smt2 207 0 0 7491 11 0 0 1442
[runner] /raid/steuber/Benchmarks/srem_sdiv_mul/QF_BV/sage/app7/bench_5536.smt2
/raid/steuber/Benchmarks/srem_sdiv_mul/QF_BV/sage/app7/bench_5536.smt2 32014558056625732224471334507799975368838724 0 0 2251690583342715909905809834314864866175589575 1 0 0 5797
[runner] /raid/steuber/Benchmarks/srem_sdiv_mul/QF_BV/sage/app11/bench_247.smt2
/raid/steuber/Benchmarks/srem_sdiv_mul/QF_BV/sage/app11/bench_247.smt2 160530642051941165327432461980074815717557624645172085085297853120254639348305860883302820659186971706211611226225533765578739080018030480760889550203430424144762292728070109821214959063138814290053917052290815491632910491867622447876522178294649818867899845729549555997734221457262887636364497154834701432048652240871 64 0 4820042472761275985972216806638569543583524537892069710921156145171523175734942312546136882315992209103091500847219260679407482298876687417098067148004569991899429675611335638637203210057854592639448830109316332052105246584109397310409361068095465457915351118652383622839485883345949074499044979296386447975577575633874 1187 16 0 68990
[runner] /raid/steuber/Benchmarks/srem_sdiv_mul/QF_BV/sage/app7/bench_5581.smt2
[runner] /raid/steuber/Benchmarks/srem_sdiv_mul/QF_BV/Sage2/bench_10328.smt2
/raid/steuber/Benchmarks/srem_sdiv_mul/QF_BV/Sage2/bench_10328.smt2 515 0 0 1437657 108 0 0 15149
[runner] /raid/steuber/Benchmarks/srem_sdiv_mul/QF_BV/sage/app7/bench_2739.smt2
/raid/steuber/Benchmarks/srem_sdiv_mul/QF_BV/sage/app7/bench_2739.smt2 21118173242619119959205746091923347023161782429538797466545711326960790333486438250150210393221693436714097206335 0 0 1485311518059772566850398040736970838562378398553761341740054028633517321909893316473374833244284677817296446591570 1 0 0 33211
[runner] /raid/steuber/Benchmarks/srem_sdiv_mul/QF_BV/sage/app8/bench_236.smt2
/raid/steuber/Benchmarks/srem_sdiv_mul/QF_BV/sage/app8/bench_236.smt2 207 0 0 21163 11 0 0 2119
[runner] /raid/steuber/Benchmarks/srem_sdiv_mul/QF_BV/sage/app1/bench_2085.smt2
/raid/steuber/Benchmarks/srem_sdiv_mul/QF_BV/sage/app1/bench_2085.smt2 45 0 0 1656539 5 0 0 2993
[runner] /raid/steuber/Benchmarks/srem_sdiv_mul/QF_BV/sage/app7/bench_1602.smt2
[runner] /raid/steuber/Benchmarks/srem_sdiv_mul/QF_BV/sage/app11/bench_394.smt2
/raid/steuber/Benchmarks/srem_sdiv_mul/QF_BV/sage/app11/bench_394.smt2 160530642051941165327432456880238715626903453674974666562505744423485614908406020530701193722246866558373890093857586801621174477461249784130015850261623934982726522984053499270038872404952206791639781115857133291648959854046079837893076228481028213529671423403064221321596398473881675058128781440765546313748080578498 64 0 4820042472761275985972216653512497833207929683642243209566747629082095995557163074875072875880804341911883102138028541348282889585570340421291557391478195242195913666669444398597423876992507417130994356646469415292428858827232937643271970413345108327572015810190388951828332865893751950633749160488717581288475373581169 1183 16 0 68654
[runner] /raid/steuber/Benchmarks/srem_sdiv_mul/QF_BV/sage/app9/bench_169.smt2
/raid/steuber/Benchmarks/srem_sdiv_mul/QF_BV/sage/app9/bench_169.smt2 207 0 0 8881 11 0 0 1551
[runner] /raid/steuber/Benchmarks/srem_sdiv_mul/QF_BV/sage/app8/bench_3268.smt2
/raid/steuber/Benchmarks/srem_sdiv_mul/QF_BV/sage/app8/bench_3268.smt2 211 0 0 28994 11 0 0 2446
[runner] /raid/steuber/Benchmarks/srem_sdiv_mul/QF_BV/sage/app7/bench_5334.smt2
/raid/steuber/Benchmarks/srem_sdiv_mul/QF_BV/sage/app7/bench_5334.smt2 113301686176143255723249867688368559281271072154788872 0 0 7968885261031595155424991027952457913607028914433579171 1 0 0 8473
[runner] /raid/steuber/Benchmarks/srem_sdiv_mul/QF_BV/sage/app11/bench_177.smt2
/raid/steuber/Benchmarks/srem_sdiv_mul/QF_BV/sage/app11/bench_177.smt2 160530642051941165327432458114325217613680161024536399690047992029528998278557584793895382660451607617933380005930078621234483802175093303273371016535029021294946140481571479486145598649022182132517658891581519677167309853270734409491965941259091766424340969240083423301137505586716425568270619576331401843926295437845 64 0 4820042472761275985972216690566790263640079834515520770390875439593911879902147916255661270405968727561048319612641393802763918225605175164847631107121599266426133672969757273643244315397151924958272895209350675397665957829414004408639239713460499815162853930335277010790700814274118162613562212816529902699832059496669 1186 16 0 68830
[runner] /raid/steuber/Benchmarks/srem_sdiv_mul/QF_BV/sage/app7/bench_5561.smt2
/raid/steuber/Benchmarks/srem_sdiv_mul/QF_BV/sage/app7/bench_5561.smt2 2910540360202756709349893490845037442704282 0 0 204708005336688485486718992271213245741052115 1 0 0 5646
[runner] /raid/steuber/Benchmarks/srem_sdiv_mul/QF_BV/Sage2/bench_1321.smt2
/raid/steuber/Benchmarks/srem_sdiv_mul/QF_BV/Sage2/bench_1321.smt2 2584 0 0 140469 139 0 0 2593
[runner] /raid/steuber/Benchmarks/srem_sdiv_mul/QF_BV/sage/app7/bench_327.smt2
[runner] /raid/steuber/Benchmarks/srem_sdiv_mul/QF_BV/sage/app7/bench_1887.smt2
[runner] /raid/steuber/Benchmarks/srem_sdiv_mul/QF_BV/Sage2/bench_9209.smt2
/raid/steuber/Benchmarks/srem_sdiv_mul/QF_BV/Sage2/bench_9209.smt2 5990 0 0 897951 174 0 0 2509
[runner] /raid/steuber/Benchmarks/srem_sdiv_mul/QF_BV/sage/app7/bench_6096.smt2
/raid/steuber/Benchmarks/srem_sdiv_mul/QF_BV/sage/app7/bench_6096.smt2 112664172633655 0 0 7924046808557865 1 0 0 1738
[runner] /raid/steuber/Benchmarks/srem_sdiv_mul/QF_BV/Sage2/bench_15585.smt2
/raid/steuber/Benchmarks/srem_sdiv_mul/QF_BV/Sage2/bench_15585.smt2 1 0 0 3315 1 0 0 470
[runner] /raid/steuber/Benchmarks/srem_sdiv_mul/QF_BV/sage/app7/bench_6531.smt2
/raid/steuber/Benchmarks/srem_sdiv_mul/QF_BV/sage/app7/bench_6531.smt2 7345 0 0 517403 1 0 0 484
[runner] /raid/steuber/Benchmarks/srem_sdiv_mul/QF_BV/sage/app5/bench_419.smt2
/raid/steuber/Benchmarks/srem_sdiv_mul/QF_BV/sage/app5/bench_419.smt2 2 29 0 408 2 9 0 142
[runner] /raid/steuber/Benchmarks/srem_sdiv_mul/QF_BV/sage/app7/bench_3163.smt2
/raid/steuber/Benchmarks/srem_sdiv_mul/QF_BV/sage/app7/bench_3163.smt2 228377707517463955535669301431392129417428545961103876344932406518097166734193012925243471001357776 0 0 16062565428680295047451413788465232869536294874141471756588525717604799923706084686817280654995649327 1 0 0 29704
[runner] /raid/steuber/Benchmarks/srem_sdiv_mul/QF_BV/sage/app7/bench_3250.smt2
/raid/steuber/Benchmarks/srem_sdiv_mul/QF_BV/sage/app7/bench_3250.smt2 228377707517237157678508333045730694282480430225610413399816107786878683295532706835339284314306401 0 0 16062565428664343598164473349760422211691254582809768130906132940845040484565544470844861638244189284 1 0 0 29135
[runner] /raid/steuber/Benchmarks/srem_sdiv_mul/QF_BV/sage/app8/bench_757.smt2
/raid/steuber/Benchmarks/srem_sdiv_mul/QF_BV/sage/app8/bench_757.smt2 207 0 0 8396 11 0 0 1524
[runner] /raid/steuber/Benchmarks/srem_sdiv_mul/QF_BV/Sage2/bench_10295.smt2
/raid/steuber/Benchmarks/srem_sdiv_mul/QF_BV/Sage2/bench_10295.smt2 109 0 0 1337 17 0 0 300
[runner] /raid/steuber/Benchmarks/srem_sdiv_mul/QF_BV/Sage2/bench_9159.smt2
/raid/steuber/Benchmarks/srem_sdiv_mul/QF_BV/Sage2/bench_9159.smt2 4 0 0 1109 3 0 0 132
[runner] /raid/steuber/Benchmarks/srem_sdiv_mul/QF_BV/sage/app9/bench_2765.smt2
/raid/steuber/Benchmarks/srem_sdiv_mul/QF_BV/sage/app9/bench_2765.smt2 29 0 0 3305 1 0 0 911
[runner] /raid/steuber/Benchmarks/srem_sdiv_mul/QF_BV/Sage2/bench_313.smt2
/raid/steuber/Benchmarks/srem_sdiv_mul/QF_BV/Sage2/bench_313.smt2 40 0 0 1593 13 0 0 393
[runner] /raid/steuber/Benchmarks/srem_sdiv_mul/QF_BV/sage/app7/bench_2054.smt2
[runner] /raid/steuber/Benchmarks/srem_sdiv_mul/QF_BV/sage/app7/bench_5729.smt2
/raid/steuber/Benchmarks/srem_sdiv_mul/QF_BV/sage/app7/bench_5729.smt2 2909855528433156719818425486229 0 0 204659838835559381613011598406372 1 0 0 4376
[runner] /raid/steuber/Benchmarks/srem_sdiv_mul/QF_BV/sage/app5/bench_424.smt2
/raid/steuber/Benchmarks/srem_sdiv_mul/QF_BV/sage/app5/bench_424.smt2 2 23 0 381 2 6 0 136
[runner] /raid/steuber/Benchmarks/srem_sdiv_mul/QF_BV/Sage2/bench_16031.smt2
/raid/steuber/Benchmarks/srem_sdiv_mul/QF_BV/Sage2/bench_16031.smt2 1 0 0 3360 1 0 0 482
[runner] /raid/steuber/Benchmarks/srem_sdiv_mul/QF_BV/Sage2/bench_12742.smt2
/raid/steuber/Benchmarks/srem_sdiv_mul/QF_BV/Sage2/bench_12742.smt2 2358222 0 0 332033713 467 0 0 10550
[runner] /raid/steuber/Benchmarks/srem_sdiv_mul/QF_BV/sage/app2/bench_756.smt2
/raid/steuber/Benchmarks/srem_sdiv_mul/QF_BV/sage/app2/bench_756.smt2 5016 221 0 381406801 16 17 0 8084
[runner] /raid/steuber/Benchmarks/srem_sdiv_mul/QF_BV/sage/app1/bench_158.smt2
/raid/steuber/Benchmarks/srem_sdiv_mul/QF_BV/sage/app1/bench_158.smt2 32 0 0 26625 5 0 0 2457
[runner] /raid/steuber/Benchmarks/srem_sdiv_mul/QF_BV/sage/app7/bench_6056.smt2
/raid/steuber/Benchmarks/srem_sdiv_mul/QF_BV/sage/app7/bench_6056.smt2 180387388923675 0 0 12687246354278579 1 0 0 1910
[runner] /raid/steuber/Benchmarks/srem_sdiv_mul/QF_BV/sage/app2/bench_267.smt2
/raid/steuber/Benchmarks/srem_sdiv_mul/QF_BV/sage/app2/bench_267.smt2 32 3 0 2991 4 3 0 310
[runner] /raid/steuber/Benchmarks/srem_sdiv_mul/QF_BV/Sage2/bench_16383.smt2
/raid/steuber/Benchmarks/srem_sdiv_mul/QF_BV/Sage2/bench_16383.smt2 471 0 0 10539 78 0 0 2029
[runner] /raid/steuber/Benchmarks/srem_sdiv_mul/QF_BV/sage/app8/bench_3578.smt2
/raid/steuber/Benchmarks/srem_sdiv_mul/QF_BV/sage/app8/bench_3578.smt2 73 0 0 4116 1 0 0 1135
[runner] /raid/steuber/Benchmarks/srem_sdiv_mul/QF_BV/Sage2/bench_6739.smt2
/raid/steuber/Benchmarks/srem_sdiv_mul/QF_BV/Sage2/bench_6739.smt2 59 0 0 825 11 0 0 195
[runner] /raid/steuber/Benchmarks/srem_sdiv_mul/QF_BV/sage/app1/bench_1999.smt2
/raid/steuber/Benchmarks/srem_sdiv_mul/QF_BV/sage/app1/bench_1999.smt2 44 0 0 2991402 5 0 0 3076
[runner] /raid/steuber/Benchmarks/srem_sdiv_mul/QF_BV/sage/app7/bench_3802.smt2
/raid/steuber/Benchmarks/srem_sdiv_mul/QF_BV/sage/app7/bench_3802.smt2 228377707517205849823393667539249524607418947603137023482574749838654828906556771043743821704967805 0 0 16062565428662141612354748456464091312078935273442534047269954349486817166326637979682631259081940632 1 0 0 25632
[runner] /raid/steuber/Benchmarks/srem_sdiv_mul/QF_BV/sage/app1/bench_2209.smt2
/raid/steuber/Benchmarks/srem_sdiv_mul/QF_BV/sage/app1/bench_2209.smt2 0 3019 0 28042 0 39 0 746
[runner] /raid/steuber/Benchmarks/srem_sdiv_mul/QF_BV/sage/app12/bench_4124.smt2
/raid/steuber/Benchmarks/srem_sdiv_mul/QF_BV/sage/app12/bench_4124.smt2 1 0 0 28 1 0 0 22
[runner] /raid/steuber/Benchmarks/srem_sdiv_mul/QF_BV/sage/app2/bench_1043.smt2
/raid/steuber/Benchmarks/srem_sdiv_mul/QF_BV/sage/app2/bench_1043.smt2 2779 23 0 929960 5 5 0 3917
[runner] /raid/steuber/Benchmarks/srem_sdiv_mul/QF_BV/Sage2/bench_7616.smt2
/raid/steuber/Benchmarks/srem_sdiv_mul/QF_BV/Sage2/bench_7616.smt2 56114 0 0 1030153 167 0 0 2505
[runner] /raid/steuber/Benchmarks/srem_sdiv_mul/QF_BV/sage/app9/bench_969.smt2
/raid/steuber/Benchmarks/srem_sdiv_mul/QF_BV/sage/app9/bench_969.smt2 211 0 0 28417 11 0 0 2417
[runner] /raid/steuber/Benchmarks/srem_sdiv_mul/QF_BV/sage/app9/bench_3273.smt2
/raid/steuber/Benchmarks/srem_sdiv_mul/QF_BV/sage/app9/bench_3273.smt2 207 0 0 13983 11 0 0 1792
[runner] /raid/steuber/Benchmarks/srem_sdiv_mul/QF_BV/sage/app7/bench_2097.smt2
/raid/steuber/Benchmarks/srem_sdiv_mul/QF_BV/sage/app7/bench_2097.smt2 4154655566439934745504390416502751318464052129780539586341277299492357511560408426904463744680634185407472742577436079660695704703399288102111623917082287150424077364214819437542 0 0 292210774838735468559702507984648094714613598394841886474319183912401313718961035316887558197833071895012733733863362823698615865622513969675178130916580218575546967185893750185671 1 0 0 39991
[runner] /raid/steuber/Benchmarks/srem_sdiv_mul/QF_BV/Sage2/bench_17039.smt2
/raid/steuber/Benchmarks/srem_sdiv_mul/QF_BV/Sage2/bench_17039.smt2 2 0 0 6513 1 0 0 1064
[runner] /raid/steuber/Benchmarks/srem_sdiv_mul/QF_BV/Sage2/bench_2190.smt2
/raid/steuber/Benchmarks/srem_sdiv_mul/QF_BV/Sage2/bench_2190.smt2 2584 0 0 140469 139 0 0 2593
[runner] /raid/steuber/Benchmarks/srem_sdiv_mul/QF_BV/sage/app7/bench_4958.smt2
[runner] /raid/steuber/Benchmarks/srem_sdiv_mul/QF_BV/sage/app7/bench_3558.smt2
[runner] /raid/steuber/Benchmarks/srem_sdiv_mul/QF_BV/sage/app7/bench_1244.smt2
[runner] /raid/steuber/Benchmarks/srem_sdiv_mul/QF_BV/sage/app7/bench_8336.smt2
[runner] /raid/steuber/Benchmarks/srem_sdiv_mul/QF_BV/sage/app7/bench_1073.smt2
[runner] /raid/steuber/Benchmarks/srem_sdiv_mul/QF_BV/sage/app7/bench_4330.smt2
/raid/steuber/Benchmarks/srem_sdiv_mul/QF_BV/sage/app7/bench_4330.smt2 228377707517205849823393667539249522614303786773445350503901294926964196075236853845170691328554336 0 0 16062565428662141612354748456464091171896502295506489835113773022810820926641690815949484891398022828 1 0 0 22675
[runner] /raid/steuber/Benchmarks/srem_sdiv_mul/QF_BV/sage/app2/bench_1058.smt2
/raid/steuber/Benchmarks/srem_sdiv_mul/QF_BV/sage/app2/bench_1058.smt2 2453 21 0 924036 5 5 0 3886
[runner] /raid/steuber/Benchmarks/srem_sdiv_mul/QF_BV/sage/app7/bench_154.smt2
[runner] /raid/steuber/Benchmarks/srem_sdiv_mul/QF_BV/Sage2/bench_13028.smt2
/raid/steuber/Benchmarks/srem_sdiv_mul/QF_BV/Sage2/bench_13028.smt2 6499 0 0 179795 146 0 0 8793
[runner] /raid/steuber/Benchmarks/srem_sdiv_mul/QF_BV/sage/app7/bench_6313.smt2
[runner] /raid/steuber/Benchmarks/srem_sdiv_mul/QF_BV/sage/app2/bench_929.smt2
/raid/steuber/Benchmarks/srem_sdiv_mul/QF_BV/sage/app2/bench_929.smt2 3583 92 0 5704110 9 9 0 5762
[runner] /raid/steuber/Benchmarks/srem_sdiv_mul/QF_BV/Sage2/bench_13435.smt2
/raid/steuber/Benchmarks/srem_sdiv_mul/QF_BV/Sage2/bench_13435.smt2 118 0 0 3923 19 0 0 205
[runner] /raid/steuber/Benchmarks/srem_sdiv_mul/QF_BV/Sage2/bench_12939.smt2
/raid/steuber/Benchmarks/srem_sdiv_mul/QF_BV/Sage2/bench_12939.smt2 1010 0 0 9123 62 0 0 1625
[runner] /raid/steuber/Benchmarks/srem_sdiv_mul/QF_BV/sage/app9/bench_3198.smt2
/raid/steuber/Benchmarks/srem_sdiv_mul/QF_BV/sage/app9/bench_3198.smt2 207 0 0 14109 11 0 0 1814
[runner] /raid/steuber/Benchmarks/srem_sdiv_mul/QF_BV/sage/app1/bench_2524.smt2
/raid/steuber/Benchmarks/srem_sdiv_mul/QF_BV/sage/app1/bench_2524.smt2 0 1309 0 12037 0 33 0 515
[runner] /raid/steuber/Benchmarks/srem_sdiv_mul/QF_BV/sage/app7/bench_2769.smt2
[runner] /raid/steuber/Benchmarks/srem_sdiv_mul/QF_BV/sage/app1/bench_2579.smt2
/raid/steuber/Benchmarks/srem_sdiv_mul/QF_BV/sage/app1/bench_2579.smt2 40 0 0 93642 5 0 0 2636
[runner] /raid/steuber/Benchmarks/srem_sdiv_mul/QF_BV/sage/app7/bench_5933.smt2
/raid/steuber/Benchmarks/srem_sdiv_mul/QF_BV/sage/app7/bench_5933.smt2 2018267051313833 0 0 141951449276740172 1 0 0 2624
[runner] /raid/steuber/Benchmarks/srem_sdiv_mul/QF_BV/sage/app7/bench_2749.smt2
/raid/steuber/Benchmarks/srem_sdiv_mul/QF_BV/sage/app7/bench_2749.smt2 14984189900565777467703161961079351962173602421978009280749363524544352304089836866410932210702285376934760047622 0 0 1053888023003310125611942018295389474126169161250982633743965265065008949403198563589442616803699716458506412000876 1 0 0 33126
[runner] /raid/steuber/Benchmarks/srem_sdiv_mul/QF_BV/sage/app7/bench_3776.smt2
/raid/steuber/Benchmarks/srem_sdiv_mul/QF_BV/sage/app7/bench_3776.smt2 228377707517205849823393667539249527045169011360922862733500374064734658886447010288416800016414333 0 0 16062565428662141612354748456464091483534023090561075937687344104167993694032468561923193796004517167 1 0 0 25804
[runner] /raid/steuber/Benchmarks/srem_sdiv_mul/QF_BV/Sage2/bench_16613.smt2
/raid/steuber/Benchmarks/srem_sdiv_mul/QF_BV/Sage2/bench_16613.smt2 4 0 0 848 1 0 0 130
[runner] /raid/steuber/Benchmarks/srem_sdiv_mul/QF_BV/Sage2/bench_10986.smt2
/raid/steuber/Benchmarks/srem_sdiv_mul/QF_BV/Sage2/bench_10986.smt2 735 0 0 17639 69 0 0 3516
[runner] /raid/steuber/Benchmarks/srem_sdiv_mul/QF_BV/brummayerbiere2/umulov2bw0896.smt2
/raid/steuber/Benchmarks/srem_sdiv_mul/QF_BV/brummayerbiere2/umulov2bw0896.smt2 1 0 0 1608342 1 0 0 7179
[runner] /raid/steuber/Benchmarks/srem_sdiv_mul/QF_BV/Sage2/bench_4905.smt2
/raid/steuber/Benchmarks/srem_sdiv_mul/QF_BV/Sage2/bench_4905.smt2 72 0 0 1101 25 0 0 389
[runner] /raid/steuber/Benchmarks/srem_sdiv_mul/QF_BV/sage/app7/bench_11.smt2
[runner] /raid/steuber/Benchmarks/srem_sdiv_mul/QF_BV/sage/app12/bench_4865.smt2
/raid/steuber/Benchmarks/srem_sdiv_mul/QF_BV/sage/app12/bench_4865.smt2 3 0 0 33 3 0 0 25
[runner] /raid/steuber/Benchmarks/srem_sdiv_mul/QF_BV/sage/app1/bench_206.smt2
/raid/steuber/Benchmarks/srem_sdiv_mul/QF_BV/sage/app1/bench_206.smt2 0 340 0 2972 0 29 0 299
[runner] /raid/steuber/Benchmarks/srem_sdiv_mul/QF_BV/Sage2/bench_14235.smt2
/raid/steuber/Benchmarks/srem_sdiv_mul/QF_BV/Sage2/bench_14235.smt2 399 0 0 4316 34 0 0 1042
[runner] /raid/steuber/Benchmarks/srem_sdiv_mul/QF_BV/sage/app12/bench_2009.smt2
/raid/steuber/Benchmarks/srem_sdiv_mul/QF_BV/sage/app12/bench_2009.smt2 0 2 0 653 0 1 0 272
[runner] /raid/steuber/Benchmarks/srem_sdiv_mul/QF_BV/sage/app1/bench_1181.smt2
/raid/steuber/Benchmarks/srem_sdiv_mul/QF_BV/sage/app1/bench_1181.smt2 44 0 0 9908668 5 0 0 3264
[runner] /raid/steuber/Benchmarks/srem_sdiv_mul/QF_BV/sage/app7/bench_1665.smt2
[runner] /raid/steuber/Benchmarks/srem_sdiv_mul/QF_BV/Sage2/bench_12808.smt2
/raid/steuber/Benchmarks/srem_sdiv_mul/QF_BV/Sage2/bench_12808.smt2 907 0 0 9021 78 0 0 2417
[runner] /raid/steuber/Benchmarks/srem_sdiv_mul/QF_BV/sage/app1/bench_405.smt2
/raid/steuber/Benchmarks/srem_sdiv_mul/QF_BV/sage/app1/bench_405.smt2 24 0 0 9721 5 0 0 2253
[runner] /raid/steuber/Benchmarks/srem_sdiv_mul/QF_BV/Sage2/bench_5458.smt2
/raid/steuber/Benchmarks/srem_sdiv_mul/QF_BV/Sage2/bench_5458.smt2 177 0 0 14092 30 0 0 742
[runner] /raid/steuber/Benchmarks/srem_sdiv_mul/QF_BV/sage/app2/bench_195.smt2
/raid/steuber/Benchmarks/srem_sdiv_mul/QF_BV/sage/app2/bench_195.smt2 34 3 0 5248 4 3 0 441
[runner] /raid/steuber/Benchmarks/srem_sdiv_mul/QF_BV/Sage2/bench_4648.smt2
/raid/steuber/Benchmarks/srem_sdiv_mul/QF_BV/Sage2/bench_4648.smt2 4 0 0 848 1 0 0 130
[runner] /raid/steuber/Benchmarks/srem_sdiv_mul/QF_BV/Sage2/bench_11792.smt2
/raid/steuber/Benchmarks/srem_sdiv_mul/QF_BV/Sage2/bench_11792.smt2 34 0 0 8062 12 0 0 3298
[runner] /raid/steuber/Benchmarks/srem_sdiv_mul/QF_BV/Sage2/bench_6930.smt2
/raid/steuber/Benchmarks/srem_sdiv_mul/QF_BV/Sage2/bench_6930.smt2 187139595 0 0 13072561690 51 0 0 531
[runner] /raid/steuber/Benchmarks/srem_sdiv_mul/QF_BV/brummayerbiere2/smulov2bw064.smt2
/raid/steuber/Benchmarks/srem_sdiv_mul/QF_BV/brummayerbiere2/smulov2bw064.smt2 130 0 0 69962 2 0 0 799
[runner] /raid/steuber/Benchmarks/srem_sdiv_mul/QF_BV/Sage2/bench_13605.smt2
/raid/steuber/Benchmarks/srem_sdiv_mul/QF_BV/Sage2/bench_13605.smt2 1319 0 0 14784 67 0 0 1794
[runner] /raid/steuber/Benchmarks/srem_sdiv_mul/QF_BV/sage/app7/bench_5755.smt2
/raid/steuber/Benchmarks/srem_sdiv_mul/QF_BV/sage/app7/bench_5755.smt2 578163604026866211255470883 0 0 40664173483705219159832510987 1 0 0 4053
[runner] /raid/steuber/Benchmarks/srem_sdiv_mul/QF_BV/sage/app11/bench_307.smt2
[runner] /raid/steuber/Benchmarks/srem_sdiv_mul/QF_BV/sage/app2/bench_1090.smt2
/raid/steuber/Benchmarks/srem_sdiv_mul/QF_BV/sage/app2/bench_1090.smt2 2304 4 0 711679 4 4 0 3833
[runner] /raid/steuber/Benchmarks/srem_sdiv_mul/QF_BV/Sage2/bench_16873.smt2
/raid/steuber/Benchmarks/srem_sdiv_mul/QF_BV/Sage2/bench_16873.smt2 4 0 0 1811 1 0 0 187
[runner] /raid/steuber/Benchmarks/srem_sdiv_mul/QF_BV/Sage2/bench_12906.smt2
/raid/steuber/Benchmarks/srem_sdiv_mul/QF_BV/Sage2/bench_12906.smt2 4419 0 0 482739 156 0 0 2346
[runner] /raid/steuber/Benchmarks/srem_sdiv_mul/QF_BV/Sage2/bench_6612.smt2
/raid/steuber/Benchmarks/srem_sdiv_mul/QF_BV/Sage2/bench_6612.smt2 1 0 0 5655 1 0 0 1094
[runner] /raid/steuber/Benchmarks/srem_sdiv_mul/QF_BV/sage/app1/bench_2603.smt2
/raid/steuber/Benchmarks/srem_sdiv_mul/QF_BV/sage/app1/bench_2603.smt2 40 0 0 64892 5 0 0 2591
[runner] /raid/steuber/Benchmarks/srem_sdiv_mul/QF_BV/Sage2/bench_9052.smt2
/raid/steuber/Benchmarks/srem_sdiv_mul/QF_BV/Sage2/bench_9052.smt2 2 0 0 3384 1 0 0 438
[runner] /raid/steuber/Benchmarks/srem_sdiv_mul/QF_BV/sage/app2/bench_1133.smt2
/raid/steuber/Benchmarks/srem_sdiv_mul/QF_BV/sage/app2/bench_1133.smt2 1796 3 0 459619 4 3 0 3523
[runner] /raid/steuber/Benchmarks/srem_sdiv_mul/QF_BV/sage/app1/bench_2108.smt2
/raid/steuber/Benchmarks/srem_sdiv_mul/QF_BV/sage/app1/bench_2108.smt2 44 0 0 1447871 5 0 0 2976
[runner] /raid/steuber/Benchmarks/srem_sdiv_mul/QF_BV/sage/app2/bench_40.smt2
/raid/steuber/Benchmarks/srem_sdiv_mul/QF_BV/sage/app2/bench_40.smt2 34 3 0 24905 4 3 0 935
[runner] /raid/steuber/Benchmarks/srem_sdiv_mul/QF_BV/sage/app12/bench_673.smt2
/raid/steuber/Benchmarks/srem_sdiv_mul/QF_BV/sage/app12/bench_673.smt2 1 4 0 119 1 2 0 65
[runner] /raid/steuber/Benchmarks/srem_sdiv_mul/QF_BV/sage/app7/bench_5344.smt2
/raid/steuber/Benchmarks/srem_sdiv_mul/QF_BV/sage/app7/bench_5344.smt2 113301686176143255723249867688028548892814955004109832 0 0 7968885261031595155424991027928543849619020142286673089 1 0 0 8429
[runner] /raid/steuber/Benchmarks/srem_sdiv_mul/QF_BV/sage/app7/bench_6.smt2
[runner] /raid/steuber/Benchmarks/srem_sdiv_mul/QF_BV/sage/app7/bench_1243.smt2
[runner] /raid/steuber/Benchmarks/srem_sdiv_mul/QF_BV/sage/app8/bench_3535.smt2
/raid/steuber/Benchmarks/srem_sdiv_mul/QF_BV/sage/app8/bench_3535.smt2 80 0 0 4277 1 0 0 1179
[runner] /raid/steuber/Benchmarks/srem_sdiv_mul/QF_BV/sage/app9/bench_3126.smt2
/raid/steuber/Benchmarks/srem_sdiv_mul/QF_BV/sage/app9/bench_3126.smt2 207 0 0 15882 11 0 0 1929
[runner] /raid/steuber/Benchmarks/srem_sdiv_mul/QF_BV/sage/app7/bench_6146.smt2
/raid/steuber/Benchmarks/srem_sdiv_mul/QF_BV/sage/app7/bench_6146.smt2 7597676720809 0 0 534369929374796 1 0 0 1596
[runner] /raid/steuber/Benchmarks/srem_sdiv_mul/QF_BV/sage/app1/bench_820.smt2
/raid/steuber/Benchmarks/srem_sdiv_mul/QF_BV/sage/app1/bench_820.smt2 0 24 0 181 0 3 0 73
[runner] /raid/steuber/Benchmarks/srem_sdiv_mul/QF_BV/float/newton.1.2.i.smt2
/raid/steuber/Benchmarks/srem_sdiv_mul/QF_BV/float/newton.1.2.i.smt2 7584 0 0 216089853044 12 0 0 8195
[runner] /raid/steuber/Benchmarks/srem_sdiv_mul/QF_BV/sage/app8/bench_3494.smt2
/raid/steuber/Benchmarks/srem_sdiv_mul/QF_BV/sage/app8/bench_3494.smt2 211 0 0 27147 11 0 0 2316
[runner] /raid/steuber/Benchmarks/srem_sdiv_mul/QF_BV/sage/app2/bench_892.smt2
/raid/steuber/Benchmarks/srem_sdiv_mul/QF_BV/sage/app2/bench_892.smt2 4078 113 0 13972041 10 10 0 5864
[runner] /raid/steuber/Benchmarks/srem_sdiv_mul/QF_BV/sage/app9/bench_1425.smt2
/raid/steuber/Benchmarks/srem_sdiv_mul/QF_BV/sage/app9/bench_1425.smt2 211 0 0 27998 11 0 0 2391
[runner] /raid/steuber/Benchmarks/srem_sdiv_mul/QF_BV/sage/app11/bench_145.smt2
/raid/steuber/Benchmarks/srem_sdiv_mul/QF_BV/sage/app11/bench_145.smt2 160530642051941165327432459559366677205034083305647147027426521277631079660700869443960373126554595012460304091006415196337247712310106654748923647128674293301562273790630994781928688353616939582947310646062211427731531647234646172817161587845371311266817275049242659807095895966702415481855506965840138661314461555209 64 0 4820042472761275985972216733955149776197383857332948341612290055321422787212087431376521185362785144945113574262401742403310079966500665420122691782704046713601690432483798845278093888571821134978248619851356937230294013925984997116804332825561428309179476344522026276413302599984461504846334761268754586745608691722498 1186 16 0 68882
[runner] /raid/steuber/Benchmarks/srem_sdiv_mul/QF_BV/Sage2/bench_8936.smt2
/raid/steuber/Benchmarks/srem_sdiv_mul/QF_BV/Sage2/bench_8936.smt2 2 0 0 3227 1 0 0 400
[runner] /raid/steuber/Benchmarks/srem_sdiv_mul/QF_BV/sage/app7/bench_4315.smt2
/raid/steuber/Benchmarks/srem_sdiv_mul/QF_BV/sage/app7/bench_4315.smt2 228377707517205849823393667539249522614303786773445356124981951424097660553413899868750493988533600 0 0 16062565428662141612354748456464091171896502295506490230463112528594368619814605367871623648747695512 1 0 0 22764
[runner] /raid/steuber/Benchmarks/srem_sdiv_mul/QF_BV/sage/app2/bench_591.smt2
/raid/steuber/Benchmarks/srem_sdiv_mul/QF_BV/sage/app2/bench_591.smt2 5319 335 0 167125993445154 22 22 0 11043
[runner] /raid/steuber/Benchmarks/srem_sdiv_mul/QF_BV/sage/app2/bench_245.smt2
/raid/steuber/Benchmarks/srem_sdiv_mul/QF_BV/sage/app2/bench_245.smt2 34 3 0 3147 4 3 0 333
[runner] /raid/steuber/Benchmarks/srem_sdiv_mul/QF_BV/sage/app7/bench_6164.smt2
/raid/steuber/Benchmarks/srem_sdiv_mul/QF_BV/sage/app7/bench_6164.smt2 2082804494789 0 0 146490582810866 1 0 0 1541
[runner] /raid/steuber/Benchmarks/srem_sdiv_mul/QF_BV/sage/app7/bench_5671.smt2
/raid/steuber/Benchmarks/srem_sdiv_mul/QF_BV/sage/app7/bench_5671.smt2 36664169434450902708944117975993527 0 0 2578713250253631538554710218624486570 1 0 0 4826
[runner] /raid/steuber/Benchmarks/srem_sdiv_mul/QF_BV/Sage2/bench_12529.smt2
/raid/steuber/Benchmarks/srem_sdiv_mul/QF_BV/Sage2/bench_12529.smt2 19 0 0 1031 9 0 0 187
[runner] /raid/steuber/Benchmarks/srem_sdiv_mul/QF_BV/sage/app7/bench_322.smt2
[runner] /raid/steuber/Benchmarks/srem_sdiv_mul/QF_BV/sage/app7/bench_4712.smt2
/raid/steuber/Benchmarks/srem_sdiv_mul/QF_BV/sage/app7/bench_4712.smt2 228377707517205849823393667539249522614303786773445248532425869068669665026559551679758728006458204 0 0 16062565428662141612354748456464091171896502295506482663120001425544356791923495808976578878579024966 1 0 0 21052
[runner] /raid/steuber/Benchmarks/srem_sdiv_mul/QF_BV/sage/app7/bench_2018.smt2
/raid/steuber/Benchmarks/srem_sdiv_mul/QF_BV/sage/app7/bench_2018.smt2 106715546988560970853918129976569468303782718723267892555318695547288205092330794926587201968398866794322109259406834764687724565090796859553972456852227542685696669854795451740014805798652725266237317411429719586366449308494657414255486417894 0 0 7505660138173024199797383711397317686609344471005437749072704409500102216478250730786770647163384788069370910702209284733666221755851888909431824361229851784628834905171231647319783358250015561205860875357489269276870475062317213903743064761843 1 0 0 45082
[runner] /raid/steuber/Benchmarks/srem_sdiv_mul/QF_BV/sage/app11/bench_441.smt2
/raid/steuber/Benchmarks/srem_sdiv_mul/QF_BV/sage/app11/bench_441.smt2 160530642051941165327432456787945921674900922142421972845702371205084934528159642861445218053791383786825637643168404721094538096339487982484679459621518853741428047316504077672680463390972614618710880000151249694441390943847654816512817382439933717052505965915252956216288837044503007819122447392165535750593726903120 64 0 4820042472761275985972216650741343484778174864666677580017934651800229423009995405113704085691956578027864335873901511784379393853943803634914500596504863744657328837138438093839723630530621609921689337736852227036695315098437345043297922495601435887260735181547074673914480562061886956148079380934287172635916647070373 1181 16 0 68613
