[runner] /raid/steuber/Benchmarks/srem_sdiv_mul/QF_BV/sage/app12/bench_2182.smt2
/raid/steuber/Benchmarks/srem_sdiv_mul/QF_BV/sage/app12/bench_2182.smt2 0 2 0 228 0 1 0 119
[runner] /raid/steuber/Benchmarks/srem_sdiv_mul/QF_BV/sage/app9/bench_455.smt2
/raid/steuber/Benchmarks/srem_sdiv_mul/QF_BV/sage/app9/bench_455.smt2 165 0 0 1304 10 0 0 205
[runner] /raid/steuber/Benchmarks/srem_sdiv_mul/QF_BV/Sage2/bench_13307.smt2
/raid/steuber/Benchmarks/srem_sdiv_mul/QF_BV/Sage2/bench_13307.smt2 609 0 0 4298 21 0 0 618
[runner] /raid/steuber/Benchmarks/srem_sdiv_mul/QF_BV/sage/app7/bench_5743.smt2
/raid/steuber/Benchmarks/srem_sdiv_mul/QF_BV/sage/app7/bench_5743.smt2 72747179401534552302042991395 0 0 5116551617968614813221301565729 1 0 0 4233
[runner] /raid/steuber/Benchmarks/srem_sdiv_mul/QF_BV/sage/app7/bench_5709.smt2
/raid/steuber/Benchmarks/srem_sdiv_mul/QF_BV/sage/app7/bench_5709.smt2 7332833887539362634236615054576533 0 0 515742650096385448213644914604325765 1 0 0 4651
[runner] /raid/steuber/Benchmarks/srem_sdiv_mul/QF_BV/Sage2/bench_15778.smt2
/raid/steuber/Benchmarks/srem_sdiv_mul/QF_BV/Sage2/bench_15778.smt2 258 0 0 4370 44 0 0 1381
[runner] /raid/steuber/Benchmarks/srem_sdiv_mul/QF_BV/sage/app7/bench_5538.smt2
/raid/steuber/Benchmarks/srem_sdiv_mul/QF_BV/sage/app7/bench_5538.smt2 32014558056625732224471327590270930547887684 0 0 2251690583342715909905809347781988715222708779 1 0 0 5784
[runner] /raid/steuber/Benchmarks/srem_sdiv_mul/QF_BV/sage/app8/bench_766.smt2
/raid/steuber/Benchmarks/srem_sdiv_mul/QF_BV/sage/app8/bench_766.smt2 207 0 0 8160 11 0 0 1512
[runner] /raid/steuber/Benchmarks/srem_sdiv_mul/QF_BV/Sage2/bench_5569.smt2
/raid/steuber/Benchmarks/srem_sdiv_mul/QF_BV/Sage2/bench_5569.smt2 236 0 0 4551 58 0 0 1273
[runner] /raid/steuber/Benchmarks/srem_sdiv_mul/QF_BV/Sage2/bench_11465.smt2
/raid/steuber/Benchmarks/srem_sdiv_mul/QF_BV/Sage2/bench_11465.smt2 4 0 0 2853 1 0 0 269
[runner] /raid/steuber/Benchmarks/srem_sdiv_mul/QF_BV/sage/app7/bench_1576.smt2
[runner] /raid/steuber/Benchmarks/srem_sdiv_mul/QF_BV/sage/app7/bench_7892.smt2
[runner] /raid/steuber/Benchmarks/srem_sdiv_mul/QF_BV/Sage2/bench_15546.smt2
/raid/steuber/Benchmarks/srem_sdiv_mul/QF_BV/Sage2/bench_15546.smt2 1 0 0 3360 1 0 0 482
[runner] /raid/steuber/Benchmarks/srem_sdiv_mul/QF_BV/sage/app7/bench_5625.smt2
[runner] /raid/steuber/Benchmarks/srem_sdiv_mul/QF_BV/sage/app9/bench_3224.smt2
/raid/steuber/Benchmarks/srem_sdiv_mul/QF_BV/sage/app9/bench_3224.smt2 207 0 0 14109 11 0 0 1814
[runner] /raid/steuber/Benchmarks/srem_sdiv_mul/QF_BV/sage/app7/bench_8521.smt2
[runner] /raid/steuber/Benchmarks/srem_sdiv_mul/QF_BV/sage/app12/bench_265.smt2
/raid/steuber/Benchmarks/srem_sdiv_mul/QF_BV/sage/app12/bench_265.smt2 1 4 0 287 1 2 0 137
[runner] /raid/steuber/Benchmarks/srem_sdiv_mul/QF_BV/Sage2/bench_9645.smt2
/raid/steuber/Benchmarks/srem_sdiv_mul/QF_BV/Sage2/bench_9645.smt2 984 0 0 89923 86 0 0 2355
[runner] /raid/steuber/Benchmarks/srem_sdiv_mul/QF_BV/sage/app9/bench_1470.smt2
/raid/steuber/Benchmarks/srem_sdiv_mul/QF_BV/sage/app9/bench_1470.smt2 211 0 0 27926 11 0 0 2386
[runner] /raid/steuber/Benchmarks/srem_sdiv_mul/QF_BV/sage/app5/bench_399.smt2
/raid/steuber/Benchmarks/srem_sdiv_mul/QF_BV/sage/app5/bench_399.smt2 2 63 0 583 2 24 0 191
[runner] /raid/steuber/Benchmarks/srem_sdiv_mul/QF_BV/sage/app2/bench_527.smt2
/raid/steuber/Benchmarks/srem_sdiv_mul/QF_BV/sage/app2/bench_527.smt2 5319 335 0 21905508587756732402 22 22 0 15724
[runner] /raid/steuber/Benchmarks/srem_sdiv_mul/QF_BV/Sage2/bench_12858.smt2
/raid/steuber/Benchmarks/srem_sdiv_mul/QF_BV/Sage2/bench_12858.smt2 22 0 0 730 7 0 0 474
[runner] /raid/steuber/Benchmarks/srem_sdiv_mul/QF_BV/Sage2/bench_16313.smt2
/raid/steuber/Benchmarks/srem_sdiv_mul/QF_BV/Sage2/bench_16313.smt2 43 0 0 1288 21 0 0 435
[runner] /raid/steuber/Benchmarks/srem_sdiv_mul/QF_BV/sage/app7/bench_3836.smt2
[runner] /raid/steuber/Benchmarks/srem_sdiv_mul/QF_BV/float/sine.4.0.i.smt2
/raid/steuber/Benchmarks/srem_sdiv_mul/QF_BV/float/sine.4.0.i.smt2 3792 0 0 100109162160 6 0 0 2370
[runner] /raid/steuber/Benchmarks/srem_sdiv_mul/QF_BV/sage/app7/bench_4461.smt2
/raid/steuber/Benchmarks/srem_sdiv_mul/QF_BV/sage/app7/bench_4461.smt2 228377707517205849823393667539249522614303786773445277439511541774632077339102490706357200993383776 0 0 16062565428662141612354748456464091171896502295506484696251693733121009387296341570128708042971444477 1 0 0 22153
[runner] /raid/steuber/Benchmarks/srem_sdiv_mul/QF_BV/sage/app11/bench_342.smt2
/raid/steuber/Benchmarks/srem_sdiv_mul/QF_BV/sage/app11/bench_342.smt2 160530642051941165327432456890786463507132314421552117272997558505588549809005606550044733798641778875122261802507779039395647206732308275746625723477635944267446348774630576024022690577978445897117369814794948559901253443783042697479391525171439013127061761401671223047917262637239237028300933903462690378108578141398 64 0 4820042472761275985972216653829201187314187377239450710086611969342880746705410808562086451902386943498628103996785916155586146240613373196877506739475147413343180504330130833426875333731008652240629215950425665378798406681952433940411861603944385177893305024892482012161344557760250807146397135294938199420196370896684 1183 16 0 68663
[runner] /raid/steuber/Benchmarks/srem_sdiv_mul/QF_BV/Sage2/bench_6521.smt2
/raid/steuber/Benchmarks/srem_sdiv_mul/QF_BV/Sage2/bench_6521.smt2 1 0 0 5715 1 0 0 1110
[runner] /raid/steuber/Benchmarks/srem_sdiv_mul/QF_BV/sage/app8/bench_563.smt2
/raid/steuber/Benchmarks/srem_sdiv_mul/QF_BV/sage/app8/bench_563.smt2 207 0 0 12550 11 0 0 1758
[runner] /raid/steuber/Benchmarks/srem_sdiv_mul/QF_BV/Sage2/bench_10802.smt2
/raid/steuber/Benchmarks/srem_sdiv_mul/QF_BV/Sage2/bench_10802.smt2 67955 0 0 1340257 186 0 0 2718
[runner] /raid/steuber/Benchmarks/srem_sdiv_mul/QF_BV/sage/app2/bench_992.smt2
/raid/steuber/Benchmarks/srem_sdiv_mul/QF_BV/sage/app2/bench_992.smt2 3119 56 0 2016011 7 7 0 5093
[runner] /raid/steuber/Benchmarks/srem_sdiv_mul/QF_BV/Sage2/bench_9681.smt2
/raid/steuber/Benchmarks/srem_sdiv_mul/QF_BV/Sage2/bench_9681.smt2 109 0 0 1337 17 0 0 300
[runner] /raid/steuber/Benchmarks/srem_sdiv_mul/QF_BV/sage/app7/bench_4365.smt2
/raid/steuber/Benchmarks/srem_sdiv_mul/QF_BV/sage/app7/bench_4365.smt2 228377707517205849823393667539249522614303786773445344882820686283711891644702907665113593433109856 0 0 16062565428662141612354748456464091171896502295506489439764436882750248146761173087267659796106026819 1 0 0 22387
[runner] /raid/steuber/Benchmarks/srem_sdiv_mul/QF_BV/sage/app12/bench_600.smt2
/raid/steuber/Benchmarks/srem_sdiv_mul/QF_BV/sage/app12/bench_600.smt2 1 4 0 137 1 2 0 75
[runner] /raid/steuber/Benchmarks/srem_sdiv_mul/QF_BV/sage/app7/bench_4933.smt2
/raid/steuber/Benchmarks/srem_sdiv_mul/QF_BV/sage/app7/bench_4933.smt2 787403094352976550860073196131285202599832852175863420978800992 0 0 55380684302660511608731960352470426329891896523440263812007017390 1 0 0 15784
[runner] /raid/steuber/Benchmarks/srem_sdiv_mul/QF_BV/float/test_v3_r8_vr5_c1_s1507.smt2
/raid/steuber/Benchmarks/srem_sdiv_mul/QF_BV/float/test_v3_r8_vr5_c1_s1507.smt2 15168 0 0 665034 24 0 0 9884
[runner] /raid/steuber/Benchmarks/srem_sdiv_mul/QF_BV/sage/app11/bench_93.smt2
/raid/steuber/Benchmarks/srem_sdiv_mul/QF_BV/sage/app11/bench_93.smt2 160530642051941165327432460171136054258308006607139288235951738039601303895476858565885697557459509383865863192717564987256666010031499168512296293657370831815312169644101446512990142389138807700647455184455496986364559851978492028823448795889197687915456878968448759933706017441441009751840349802274494394223320203437 64 0 4820042472761275985972216752323944314360330085970983371764421790446938353810455985223308594614576036976323682070329481226898965958996566404107753966527272640143167016803612065386278379404892771337070459480819442239727789499715782350918021880319485627814250797243423775727980728241395182579917300029550438385426536022504 1186 16 0 68901
[runner] /raid/steuber/Benchmarks/srem_sdiv_mul/QF_BV/sage/app9/bench_590.smt2
/raid/steuber/Benchmarks/srem_sdiv_mul/QF_BV/sage/app9/bench_590.smt2 7 0 0 2190 1 0 0 557
[runner] /raid/steuber/Benchmarks/srem_sdiv_mul/QF_BV/sage/app7/bench_27.smt2
[runner] /raid/steuber/Benchmarks/srem_sdiv_mul/QF_BV/sage/app7/bench_5645.smt2
/raid/steuber/Benchmarks/srem_sdiv_mul/QF_BV/sage/app7/bench_5645.smt2 46196853486386486898628137456421555440 0 0 3249178695247719652381633895777561196042 1 0 0 5087
[runner] /raid/steuber/Benchmarks/srem_sdiv_mul/QF_BV/sage/app7/bench_2743.smt2
/raid/steuber/Benchmarks/srem_sdiv_mul/QF_BV/sage/app7/bench_2743.smt2 21118173242619119959205746091923347023161782429538276818619301332185001441717973866730249266452859480236685681670 0 0 1485311518059772566850398040736970838562378398553724722835896635103629645917681563923260103371640267423628884544836 1 0 0 33173
[runner] /raid/steuber/Benchmarks/srem_sdiv_mul/QF_BV/Sage2/bench_6486.smt2
/raid/steuber/Benchmarks/srem_sdiv_mul/QF_BV/Sage2/bench_6486.smt2 1 0 0 5722 1 0 0 1112
[runner] /raid/steuber/Benchmarks/srem_sdiv_mul/QF_BV/Sage2/bench_2295.smt2
/raid/steuber/Benchmarks/srem_sdiv_mul/QF_BV/Sage2/bench_2295.smt2 4 0 0 848 1 0 0 130
[runner] /raid/steuber/Benchmarks/srem_sdiv_mul/QF_BV/sage/app2/bench_1315.smt2
/raid/steuber/Benchmarks/srem_sdiv_mul/QF_BV/sage/app2/bench_1315.smt2 278 3 0 62582 4 3 0 1923
[runner] /raid/steuber/Benchmarks/srem_sdiv_mul/QF_BV/Sage2/bench_11744.smt2
/raid/steuber/Benchmarks/srem_sdiv_mul/QF_BV/Sage2/bench_11744.smt2 27820 0 0 397233 112 0 0 1840
[runner] /raid/steuber/Benchmarks/srem_sdiv_mul/QF_BV/sage/app1/bench_2464.smt2
/raid/steuber/Benchmarks/srem_sdiv_mul/QF_BV/sage/app1/bench_2464.smt2 44 0 0 161882 5 0 0 2717
[runner] /raid/steuber/Benchmarks/srem_sdiv_mul/QF_BV/Sage2/bench_2337.smt2
/raid/steuber/Benchmarks/srem_sdiv_mul/QF_BV/Sage2/bench_2337.smt2 2 0 0 3359 1 0 0 432
[runner] /raid/steuber/Benchmarks/srem_sdiv_mul/QF_BV/sage/app9/bench_489.smt2
/raid/steuber/Benchmarks/srem_sdiv_mul/QF_BV/sage/app9/bench_489.smt2 146 0 0 1023 6 0 0 151
[runner] /raid/steuber/Benchmarks/srem_sdiv_mul/QF_BV/Sage2/bench_13090.smt2
/raid/steuber/Benchmarks/srem_sdiv_mul/QF_BV/Sage2/bench_13090.smt2 187139595 0 0 13072561690 51 0 0 531
[runner] /raid/steuber/Benchmarks/srem_sdiv_mul/QF_BV/sage/app8/bench_41.smt2
/raid/steuber/Benchmarks/srem_sdiv_mul/QF_BV/sage/app8/bench_41.smt2 47 0 0 3259 1 0 0 893
[runner] /raid/steuber/Benchmarks/srem_sdiv_mul/QF_BV/sage/app8/bench_477.smt2
/raid/steuber/Benchmarks/srem_sdiv_mul/QF_BV/sage/app8/bench_477.smt2 207 0 0 13956 11 0 0 1808
[runner] /raid/steuber/Benchmarks/srem_sdiv_mul/QF_BV/sage/app7/bench_213.smt2
[runner] /raid/steuber/Benchmarks/srem_sdiv_mul/QF_BV/Sage2/bench_8003.smt2
/raid/steuber/Benchmarks/srem_sdiv_mul/QF_BV/Sage2/bench_8003.smt2 6494 0 0 178593 145 0 0 8796
[runner] /raid/steuber/Benchmarks/srem_sdiv_mul/QF_BV/Sage2/bench_9127.smt2
/raid/steuber/Benchmarks/srem_sdiv_mul/QF_BV/Sage2/bench_9127.smt2 334 0 0 42667 31 0 0 751
[runner] /raid/steuber/Benchmarks/srem_sdiv_mul/QF_BV/sage/app2/bench_1187.smt2
/raid/steuber/Benchmarks/srem_sdiv_mul/QF_BV/sage/app2/bench_1187.smt2 1164 3 0 309903 4 3 0 3402
[runner] /raid/steuber/Benchmarks/srem_sdiv_mul/QF_BV/sage/app8/bench_668.smt2
/raid/steuber/Benchmarks/srem_sdiv_mul/QF_BV/sage/app8/bench_668.smt2 207 0 0 9019 11 0 0 1591
[runner] /raid/steuber/Benchmarks/srem_sdiv_mul/QF_BV/Sage2/bench_491.smt2
/raid/steuber/Benchmarks/srem_sdiv_mul/QF_BV/Sage2/bench_491.smt2 56136 0 0 1030845 167 0 0 2502
[runner] /raid/steuber/Benchmarks/srem_sdiv_mul/QF_BV/sage/app9/bench_3149.smt2
/raid/steuber/Benchmarks/srem_sdiv_mul/QF_BV/sage/app9/bench_3149.smt2 207 0 0 14929 11 0 0 1888
[runner] /raid/steuber/Benchmarks/srem_sdiv_mul/QF_BV/sage/app7/bench_8523.smt2
[runner] /raid/steuber/Benchmarks/srem_sdiv_mul/QF_BV/sage/app1/bench_228.smt2
/raid/steuber/Benchmarks/srem_sdiv_mul/QF_BV/sage/app1/bench_228.smt2 0 271 0 2346 0 28 0 268
[runner] /raid/steuber/Benchmarks/srem_sdiv_mul/QF_BV/sage/app11/bench_471.smt2
/raid/steuber/Benchmarks/srem_sdiv_mul/QF_BV/sage/app11/bench_471.smt2 160530642051941165327432456650825199231925732436915113609308788137746780820365024609979197060657523669096805430715905630026392615815727591468751107813362733040070312039002079870890827141631506247502226913959651207161574277267137641890718525464593322286431571933361933774117602920854702206884465377102662913907258585418 64 0 4820042472761275985972216646624199881396824847902980073259698228410027658082774867182527597411382757400179311710055639289437057338384377552297159072544485519742859947549514441056854692930105553496436166785420975913891192987083893180479337017810836833083975390419864889585328567797401821483655708453419136923543681968599 1181 16 0 68590
[runner] /raid/steuber/Benchmarks/srem_sdiv_mul/QF_BV/sage/app8/bench_3192.smt2
/raid/steuber/Benchmarks/srem_sdiv_mul/QF_BV/sage/app8/bench_3192.smt2 213 0 0 29742 11 0 0 2482
[runner] /raid/steuber/Benchmarks/srem_sdiv_mul/QF_BV/Sage2/bench_11134.smt2
/raid/steuber/Benchmarks/srem_sdiv_mul/QF_BV/Sage2/bench_11134.smt2 406 0 0 4515 40 0 0 1240
[runner] /raid/steuber/Benchmarks/srem_sdiv_mul/QF_BV/sage/app7/bench_24.smt2
[runner] /raid/steuber/Benchmarks/srem_sdiv_mul/QF_BV/sage/app1/bench_2527.smt2
/raid/steuber/Benchmarks/srem_sdiv_mul/QF_BV/sage/app1/bench_2527.smt2 0 1284 0 11823 0 33 0 500
[runner] /raid/steuber/Benchmarks/srem_sdiv_mul/QF_BV/uclid/catchconv/convert-jpg2gif-query-1241.smt2
/raid/steuber/Benchmarks/srem_sdiv_mul/QF_BV/uclid/catchconv/convert-jpg2gif-query-1241.smt2 204 0 0 48693 204 0 0 30753
[runner] /raid/steuber/Benchmarks/srem_sdiv_mul/QF_BV/Sage2/bench_14812.smt2
/raid/steuber/Benchmarks/srem_sdiv_mul/QF_BV/Sage2/bench_14812.smt2 258 0 0 4380 44 0 0 1381
[runner] /raid/steuber/Benchmarks/srem_sdiv_mul/QF_BV/Sage2/bench_11061.smt2
/raid/steuber/Benchmarks/srem_sdiv_mul/QF_BV/Sage2/bench_11061.smt2 305 0 0 30577 46 0 0 1128
[runner] /raid/steuber/Benchmarks/srem_sdiv_mul/QF_BV/sage/app8/bench_729.smt2
/raid/steuber/Benchmarks/srem_sdiv_mul/QF_BV/sage/app8/bench_729.smt2 207 0 0 8795 11 0 0 1549
[runner] /raid/steuber/Benchmarks/srem_sdiv_mul/QF_BV/sage/app7/bench_4058.smt2
[runner] /raid/steuber/Benchmarks/srem_sdiv_mul/QF_BV/sage/app7/bench_258.smt2
[runner] /raid/steuber/Benchmarks/srem_sdiv_mul/QF_BV/sage/app1/bench_2012.smt2
/raid/steuber/Benchmarks/srem_sdiv_mul/QF_BV/sage/app1/bench_2012.smt2 0 7113 0 66479 0 53 0 1252
[runner] /raid/steuber/Benchmarks/srem_sdiv_mul/QF_BV/sage/app7/bench_1567.smt2
[runner] /raid/steuber/Benchmarks/srem_sdiv_mul/QF_BV/sage/app1/bench_74.smt2
/raid/steuber/Benchmarks/srem_sdiv_mul/QF_BV/sage/app1/bench_74.smt2 0 739 0 6702 0 31 0 403
[runner] /raid/steuber/Benchmarks/srem_sdiv_mul/QF_BV/Sage2/bench_14647.smt2
/raid/steuber/Benchmarks/srem_sdiv_mul/QF_BV/Sage2/bench_14647.smt2 569 0 0 10688 58 0 0 1766
[runner] /raid/steuber/Benchmarks/srem_sdiv_mul/QF_BV/sage/app7/bench_3645.smt2
/raid/steuber/Benchmarks/srem_sdiv_mul/QF_BV/sage/app7/bench_3645.smt2 228377707517205849823393667541517268691130820114565840229735548893112709022853359795310113260287613 0 0 16062565428662141612354748456623589312632860311833396139085085270403590485454876688000866229462667091 1 0 0 26719
[runner] /raid/steuber/Benchmarks/srem_sdiv_mul/QF_BV/sage/app7/bench_491.smt2
[runner] /raid/steuber/Benchmarks/srem_sdiv_mul/QF_BV/sage/app1/bench_943.smt2
/raid/steuber/Benchmarks/srem_sdiv_mul/QF_BV/sage/app1/bench_943.smt2 39 0 0 1725 20 0 0 831
[runner] /raid/steuber/Benchmarks/srem_sdiv_mul/QF_BV/Sage2/bench_13597.smt2
/raid/steuber/Benchmarks/srem_sdiv_mul/QF_BV/Sage2/bench_13597.smt2 190 0 0 6255 40 0 0 646
[runner] /raid/steuber/Benchmarks/srem_sdiv_mul/QF_BV/sage/app1/bench_2035.smt2
/raid/steuber/Benchmarks/srem_sdiv_mul/QF_BV/sage/app1/bench_2035.smt2 44 0 0 1756455 5 0 0 2994
[runner] /raid/steuber/Benchmarks/srem_sdiv_mul/QF_BV/sage/app7/bench_5971.smt2
/raid/steuber/Benchmarks/srem_sdiv_mul/QF_BV/sage/app7/bench_5971.smt2 765287652117161 0 0 53825231532223136 1 0 0 2402
[runner] /raid/steuber/Benchmarks/srem_sdiv_mul/QF_BV/Sage2/bench_12778.smt2
/raid/steuber/Benchmarks/srem_sdiv_mul/QF_BV/Sage2/bench_12778.smt2 397 0 0 10904 77 0 0 2011
[runner] /raid/steuber/Benchmarks/srem_sdiv_mul/QF_BV/Sage2/bench_13007.smt2
/raid/steuber/Benchmarks/srem_sdiv_mul/QF_BV/Sage2/bench_13007.smt2 304 0 0 5091 85 0 0 1109
[runner] /raid/steuber/Benchmarks/srem_sdiv_mul/QF_BV/sage/app7/bench_6247.smt2
[runner] /raid/steuber/Benchmarks/srem_sdiv_mul/QF_BV/sage/app8/bench_515.smt2
/raid/steuber/Benchmarks/srem_sdiv_mul/QF_BV/sage/app8/bench_515.smt2 207 0 0 13899 11 0 0 1791
[runner] /raid/steuber/Benchmarks/srem_sdiv_mul/QF_BV/sage/app7/bench_8608.smt2
[runner] /raid/steuber/Benchmarks/srem_sdiv_mul/QF_BV/sage/app1/bench_963.smt2
/raid/steuber/Benchmarks/srem_sdiv_mul/QF_BV/sage/app1/bench_963.smt2 39 0 0 1536 20 0 0 750
[runner] /raid/steuber/Benchmarks/srem_sdiv_mul/QF_BV/sage/app11/bench_33.smt2
/raid/steuber/Benchmarks/srem_sdiv_mul/QF_BV/sage/app11/bench_33.smt2 160530642051941165327432460790816242221753575468564517477345815363148729305702537202318677045660607992832701075916358956506938854706185550988126345098076377292601934840504705809539460054430355147455791247052143996186808249025060029519472476450832164262139236386610111355056787038697775499454306985731708175402552023840 64 0 4820042472761275985972216770930266368102969584806924027306451780768042483770010339335356185882553880197592541272325251155965294442774741969782278161348212695045093729368940111616551462791840334028118443588249134813938725964486189807886629328027000584189992160991391070292417625398203002697985819895011753624035128309167 1186 16 0 68928
[runner] /raid/steuber/Benchmarks/srem_sdiv_mul/QF_BV/Sage2/bench_14102.smt2
/raid/steuber/Benchmarks/srem_sdiv_mul/QF_BV/Sage2/bench_14102.smt2 1 0 0 8285 1 0 0 1798
[runner] /raid/steuber/Benchmarks/srem_sdiv_mul/QF_BV/stp_samples/22930-0426-195.smt2
/raid/steuber/Benchmarks/srem_sdiv_mul/QF_BV/stp_samples/22930-0426-195.smt2 2 0 0 353 1 0 0 128
[runner] /raid/steuber/Benchmarks/srem_sdiv_mul/QF_BV/sage/app7/bench_8573.smt2
[runner] /raid/steuber/Benchmarks/srem_sdiv_mul/QF_BV/sage/app7/bench_1085.smt2
[runner] /raid/steuber/Benchmarks/srem_sdiv_mul/QF_BV/sage/app1/bench_155.smt2
/raid/steuber/Benchmarks/srem_sdiv_mul/QF_BV/sage/app1/bench_155.smt2 32 0 0 26625 5 0 0 2457
[runner] /raid/steuber/Benchmarks/srem_sdiv_mul/QF_BV/sage/app7/bench_5840.smt2
/raid/steuber/Benchmarks/srem_sdiv_mul/QF_BV/sage/app7/bench_5840.smt2 4064232082622980093 0 0 285850989814532147585 1 0 0 3251
[runner] /raid/steuber/Benchmarks/srem_sdiv_mul/QF_BV/sage/app12/bench_4897.smt2
/raid/steuber/Benchmarks/srem_sdiv_mul/QF_BV/sage/app12/bench_4897.smt2 0 1 0 33 0 1 0 25
[runner] /raid/steuber/Benchmarks/srem_sdiv_mul/QF_BV/sage/app7/bench_2839.smt2
/raid/steuber/Benchmarks/srem_sdiv_mul/QF_BV/sage/app7/bench_2839.smt2 232701014777656536728354358338449519996047556221732037083400667202696592369211533101031573093094417414 0 0 16366638039312931200232317384338468858098144081833531613019927294329172957659168317089135551955010947914 1 0 0 31913
[runner] /raid/steuber/Benchmarks/srem_sdiv_mul/QF_BV/sage/app7/bench_4208.smt2
/raid/steuber/Benchmarks/srem_sdiv_mul/QF_BV/sage/app7/bench_4208.smt2 228377707517205849823393667539249522614303786773445491042680355119408919004928364418133339133687364 0 0 16062565428662141612354748456464091171896502295506499719674566893472644647205967204738642272498555119 1 0 0 23083
[runner] /raid/steuber/Benchmarks/srem_sdiv_mul/QF_BV/sage/app2/bench_1049.smt2
/raid/steuber/Benchmarks/srem_sdiv_mul/QF_BV/sage/app2/bench_1049.smt2 2625 23 0 927183 5 5 0 3904
[runner] /raid/steuber/Benchmarks/srem_sdiv_mul/QF_BV/sage/app12/bench_4475.smt2
/raid/steuber/Benchmarks/srem_sdiv_mul/QF_BV/sage/app12/bench_4475.smt2 1 0 0 28 1 0 0 22
[runner] /raid/steuber/Benchmarks/srem_sdiv_mul/QF_BV/Sage2/bench_518.smt2
/raid/steuber/Benchmarks/srem_sdiv_mul/QF_BV/Sage2/bench_518.smt2 598085089543403 0 0 5751716480277088 59 0 0 1157
[runner] /raid/steuber/Benchmarks/srem_sdiv_mul/QF_BV/Sage2/bench_7433.smt2
/raid/steuber/Benchmarks/srem_sdiv_mul/QF_BV/Sage2/bench_7433.smt2 11 0 0 807 7 0 0 166
[runner] /raid/steuber/Benchmarks/srem_sdiv_mul/QF_BV/sage/app1/bench_2585.smt2
/raid/steuber/Benchmarks/srem_sdiv_mul/QF_BV/sage/app1/bench_2585.smt2 40 0 0 81998 5 0 0 2623
[runner] /raid/steuber/Benchmarks/srem_sdiv_mul/QF_BV/Sage2/bench_6154.smt2
/raid/steuber/Benchmarks/srem_sdiv_mul/QF_BV/Sage2/bench_6154.smt2 186903413 0 0 13056062892 51 0 0 525
[runner] /raid/steuber/Benchmarks/srem_sdiv_mul/QF_BV/float/sine.8.0.i.smt2
/raid/steuber/Benchmarks/srem_sdiv_mul/QF_BV/float/sine.8.0.i.smt2 3792 0 0 100109162160 6 0 0 2370
[runner] /raid/steuber/Benchmarks/srem_sdiv_mul/QF_BV/sage/app7/bench_477.smt2
[runner] /raid/steuber/Benchmarks/srem_sdiv_mul/QF_BV/sage/app7/bench_242.smt2
[runner] /raid/steuber/Benchmarks/srem_sdiv_mul/QF_BV/sage/app7/bench_3840.smt2
/raid/steuber/Benchmarks/srem_sdiv_mul/QF_BV/sage/app7/bench_3840.smt2 228377707517205849823393667539249522768050391407372008820084976792556313079104499985906179745494653 0 0 16062565428662141612354748456464091182710013488060348502780838044285133971443653115598919831267634418 1 0 0 25451
[runner] /raid/steuber/Benchmarks/srem_sdiv_mul/QF_BV/sage/app7/bench_5559.smt2
[runner] /raid/steuber/Benchmarks/srem_sdiv_mul/QF_BV/Sage2/bench_2854.smt2
/raid/steuber/Benchmarks/srem_sdiv_mul/QF_BV/Sage2/bench_2854.smt2 67949 0 0 1340348 186 0 0 2713
[runner] /raid/steuber/Benchmarks/srem_sdiv_mul/QF_BV/sage/app9/bench_741.smt2
/raid/steuber/Benchmarks/srem_sdiv_mul/QF_BV/sage/app9/bench_741.smt2 7 0 0 616 1 0 0 331
[runner] /raid/steuber/Benchmarks/srem_sdiv_mul/QF_BV/Sage2/bench_10626.smt2
/raid/steuber/Benchmarks/srem_sdiv_mul/QF_BV/Sage2/bench_10626.smt2 55716819834 0 0 658471508803 101 0 0 2131
[runner] /raid/steuber/Benchmarks/srem_sdiv_mul/QF_BV/Sage2/bench_10273.smt2
/raid/steuber/Benchmarks/srem_sdiv_mul/QF_BV/Sage2/bench_10273.smt2 5410 0 0 675036 181 0 0 2666
[runner] /raid/steuber/Benchmarks/srem_sdiv_mul/QF_BV/sage/app2/bench_950.smt2
/raid/steuber/Benchmarks/srem_sdiv_mul/QF_BV/sage/app2/bench_950.smt2 3381 75 0 3452873 8 8 0 5705
[runner] /raid/steuber/Benchmarks/srem_sdiv_mul/QF_BV/sage/app2/bench_652.smt2
/raid/steuber/Benchmarks/srem_sdiv_mul/QF_BV/sage/app2/bench_652.smt2 5319 319 0 20624809574 22 22 0 9336
[runner] /raid/steuber/Benchmarks/srem_sdiv_mul/QF_BV/sage/app7/bench_1623.smt2
[runner] /raid/steuber/Benchmarks/srem_sdiv_mul/QF_BV/sage/app7/bench_324.smt2
[runner] /raid/steuber/Benchmarks/srem_sdiv_mul/QF_BV/sage/app9/bench_708.smt2
/raid/steuber/Benchmarks/srem_sdiv_mul/QF_BV/sage/app9/bench_708.smt2 7 0 0 902 1 0 0 373
[runner] /raid/steuber/Benchmarks/srem_sdiv_mul/QF_BV/sage/app7/bench_1037.smt2
[runner] /raid/steuber/Benchmarks/srem_sdiv_mul/QF_BV/sage/app7/bench_1067.smt2
[runner] /raid/steuber/Benchmarks/srem_sdiv_mul/QF_BV/sage/app7/bench_2490.smt2
/raid/steuber/Benchmarks/srem_sdiv_mul/QF_BV/sage/app7/bench_2490.smt2 58493315178014426437683398809375765923111853625293650108991638318012176812717243121680571174722447538736361834614603 0 0 4114029834174719834734115316544427936897763951969936558758823143239994709927604925332627608292050224959086997592419620 1 0 0 34290
[runner] /raid/steuber/Benchmarks/srem_sdiv_mul/QF_BV/sage/app7/bench_1398.smt2
[runner] /raid/steuber/Benchmarks/srem_sdiv_mul/QF_BV/Sage2/bench_15203.smt2
/raid/steuber/Benchmarks/srem_sdiv_mul/QF_BV/Sage2/bench_15203.smt2 2 0 0 6493 1 0 0 1060
[runner] /raid/steuber/Benchmarks/srem_sdiv_mul/QF_BV/sage/app11/bench_154.smt2
/raid/steuber/Benchmarks/srem_sdiv_mul/QF_BV/sage/app11/bench_154.smt2 160530642051941165327432459401150459001601172106985386370049310046087056151707079153807271980630910261234728461253531629720156773244229280499775548888494154030764886931974843472171415758223353000783480161994982403947127801180203279022432137489209317305962205070137633912282933516338985929273220025382977695906998111701 64 0 4820042472761275985972216729204599464603518453374835833814324951409651519988371426071317545039046121143938546381041120293761230140855173786333451562749764146392687867573502322836322037494302608333725730292013185934750796105192552659705964966572275554360138123990630371418127221986978657156615139175445314769793731989746 1185 16 0 68879
[runner] /raid/steuber/Benchmarks/srem_sdiv_mul/QF_BV/sage/app9/bench_2743.smt2
/raid/steuber/Benchmarks/srem_sdiv_mul/QF_BV/sage/app9/bench_2743.smt2 211 0 0 26077 11 0 0 2246
[runner] /raid/steuber/Benchmarks/srem_sdiv_mul/QF_BV/Sage2/bench_10312.smt2
/raid/steuber/Benchmarks/srem_sdiv_mul/QF_BV/Sage2/bench_10312.smt2 109 0 0 1337 17 0 0 300
[runner] /raid/steuber/Benchmarks/srem_sdiv_mul/QF_BV/sage/app7/bench_6165.smt2
/raid/steuber/Benchmarks/srem_sdiv_mul/QF_BV/sage/app7/bench_6165.smt2 1979725279685 0 0 139240678015245 1 0 0 1540
[runner] /raid/steuber/Benchmarks/srem_sdiv_mul/QF_BV/sage/app12/bench_511.smt2
/raid/steuber/Benchmarks/srem_sdiv_mul/QF_BV/sage/app12/bench_511.smt2 1 4 0 276 1 2 0 136
[runner] /raid/steuber/Benchmarks/srem_sdiv_mul/QF_BV/sage/app7/bench_6381.smt2
/raid/steuber/Benchmarks/srem_sdiv_mul/QF_BV/sage/app7/bench_6381.smt2 14838659 0 0 1043655095 1 0 0 904
[runner] /raid/steuber/Benchmarks/srem_sdiv_mul/QF_BV/sage/app12/bench_290.smt2
/raid/steuber/Benchmarks/srem_sdiv_mul/QF_BV/sage/app12/bench_290.smt2 1 4 0 205 1 2 0 114
[runner] /raid/steuber/Benchmarks/srem_sdiv_mul/QF_BV/sage/app1/bench_2305.smt2
/raid/steuber/Benchmarks/srem_sdiv_mul/QF_BV/sage/app1/bench_2305.smt2 0 2433 0 22561 0 37 0 674
[runner] /raid/steuber/Benchmarks/srem_sdiv_mul/QF_BV/sage/app7/bench_6024.smt2
/raid/steuber/Benchmarks/srem_sdiv_mul/QF_BV/sage/app7/bench_6024.smt2 193409759125275 0 0 13603153058468940 1 0 0 2124
[runner] /raid/steuber/Benchmarks/srem_sdiv_mul/QF_BV/sage/app9/bench_2749.smt2
/raid/steuber/Benchmarks/srem_sdiv_mul/QF_BV/sage/app9/bench_2749.smt2 211 0 0 26005 11 0 0 2240
[runner] /raid/steuber/Benchmarks/srem_sdiv_mul/QF_BV/Sage2/bench_11973.smt2
/raid/steuber/Benchmarks/srem_sdiv_mul/QF_BV/Sage2/bench_11973.smt2 14 0 0 854 4 0 0 166
[runner] /raid/steuber/Benchmarks/srem_sdiv_mul/QF_BV/Sage2/bench_9316.smt2
/raid/steuber/Benchmarks/srem_sdiv_mul/QF_BV/Sage2/bench_9316.smt2 1180 0 0 96207 87 0 0 2366
[runner] /raid/steuber/Benchmarks/srem_sdiv_mul/QF_BV/Sage2/bench_5327.smt2
/raid/steuber/Benchmarks/srem_sdiv_mul/QF_BV/Sage2/bench_5327.smt2 84 0 0 6287 8 0 0 738
[runner] /raid/steuber/Benchmarks/srem_sdiv_mul/QF_BV/sage/app8/bench_3485.smt2
/raid/steuber/Benchmarks/srem_sdiv_mul/QF_BV/sage/app8/bench_3485.smt2 88 0 0 4525 1 0 0 1235
[runner] /raid/steuber/Benchmarks/srem_sdiv_mul/QF_BV/sage/app7/bench_8480.smt2
[runner] /raid/steuber/Benchmarks/srem_sdiv_mul/QF_BV/sage/app7/bench_117.smt2
[runner] /raid/steuber/Benchmarks/srem_sdiv_mul/QF_BV/sage/app1/bench_2192.smt2
/raid/steuber/Benchmarks/srem_sdiv_mul/QF_BV/sage/app1/bench_2192.smt2 0 3381 0 31499 0 39 0 767
[runner] /raid/steuber/Benchmarks/srem_sdiv_mul/QF_BV/sage/app1/bench_274.smt2
/raid/steuber/Benchmarks/srem_sdiv_mul/QF_BV/sage/app1/bench_274.smt2 28 0 0 16821 5 0 0 2380
[runner] /raid/steuber/Benchmarks/srem_sdiv_mul/QF_BV/sage/app8/bench_72.smt2
/raid/steuber/Benchmarks/srem_sdiv_mul/QF_BV/sage/app8/bench_72.smt2 47 0 0 3187 1 0 0 874
[runner] /raid/steuber/Benchmarks/srem_sdiv_mul/QF_BV/Sage2/bench_3519.smt2
/raid/steuber/Benchmarks/srem_sdiv_mul/QF_BV/Sage2/bench_3519.smt2 389 0 0 18691 67 0 0 1212
[runner] /raid/steuber/Benchmarks/srem_sdiv_mul/QF_BV/Sage2/bench_7025.smt2
/raid/steuber/Benchmarks/srem_sdiv_mul/QF_BV/Sage2/bench_7025.smt2 9 0 0 794 6 0 0 161
[runner] /raid/steuber/Benchmarks/srem_sdiv_mul/QF_BV/sage/app12/bench_690.smt2
/raid/steuber/Benchmarks/srem_sdiv_mul/QF_BV/sage/app12/bench_690.smt2 0 2 0 64 0 1 0 47
[runner] /raid/steuber/Benchmarks/srem_sdiv_mul/QF_BV/sage/app7/bench_1703.smt2
[runner] /raid/steuber/Benchmarks/srem_sdiv_mul/QF_BV/sage/app2/bench_1146.smt2
/raid/steuber/Benchmarks/srem_sdiv_mul/QF_BV/sage/app2/bench_1146.smt2 1676 3 0 384961 4 3 0 3493
[runner] /raid/steuber/Benchmarks/srem_sdiv_mul/QF_BV/sage/app7/bench_2795.smt2
/raid/steuber/Benchmarks/srem_sdiv_mul/QF_BV/sage/app7/bench_2795.smt2 22001414915723241354620237158993649505034949408922370933061813327073587351872560349250049791497141092246534 0 0 1547432849067910121360496831544939100384635200903971181294791524333792392236075009735443487055461530236500350 1 0 0 32458
[runner] /raid/steuber/Benchmarks/srem_sdiv_mul/QF_BV/Sage2/bench_17031.smt2
/raid/steuber/Benchmarks/srem_sdiv_mul/QF_BV/Sage2/bench_17031.smt2 230 0 0 1816 15 0 0 291
[runner] /raid/steuber/Benchmarks/srem_sdiv_mul/QF_BV/sage/app7/bench_1061.smt2
[runner] /raid/steuber/Benchmarks/srem_sdiv_mul/QF_BV/sage/app7/bench_5519.smt2
/raid/steuber/Benchmarks/srem_sdiv_mul/QF_BV/sage/app7/bench_5519.smt2 32014558056625732224471377782889138436427446 0 0 2251690583342715909905812877996135992833255183 1 0 0 5851
[runner] /raid/steuber/Benchmarks/srem_sdiv_mul/QF_BV/Sage2/bench_12560.smt2
/raid/steuber/Benchmarks/srem_sdiv_mul/QF_BV/Sage2/bench_12560.smt2 54 0 0 2634 6 0 0 332
[runner] /raid/steuber/Benchmarks/srem_sdiv_mul/QF_BV/sage/app1/bench_2540.smt2
/raid/steuber/Benchmarks/srem_sdiv_mul/QF_BV/sage/app1/bench_2540.smt2 42 0 0 111605 5 0 0 2668
[runner] /raid/steuber/Benchmarks/srem_sdiv_mul/QF_BV/sage/app7/bench_2311.smt2
/raid/steuber/Benchmarks/srem_sdiv_mul/QF_BV/sage/app7/bench_2311.smt2 8643716914141550527986906505046596697886372659875149915267166148042514868172082899098764964631356686814418189101636660349628261541223745873271 0 0 607941422959472213979398133787194329444127866693079514384231481314584793828229834942810711960496681179281639676831777813912749821371807406200638 1 0 0 36454
[runner] /raid/steuber/Benchmarks/srem_sdiv_mul/QF_BV/Sage2/bench_246.smt2
/raid/steuber/Benchmarks/srem_sdiv_mul/QF_BV/Sage2/bench_246.smt2 24 0 0 313 13 0 0 135
[runner] /raid/steuber/Benchmarks/srem_sdiv_mul/QF_BV/sage/app7/bench_661.smt2
[runner] /raid/steuber/Benchmarks/srem_sdiv_mul/QF_BV/sage/app1/bench_2652.smt2
/raid/steuber/Benchmarks/srem_sdiv_mul/QF_BV/sage/app1/bench_2652.smt2 38 0 0 59724 5 0 0 2579
[runner] /raid/steuber/Benchmarks/srem_sdiv_mul/QF_BV/Sage2/bench_9138.smt2
/raid/steuber/Benchmarks/srem_sdiv_mul/QF_BV/Sage2/bench_9138.smt2 1180 0 0 96207 87 0 0 2366
[runner] /raid/steuber/Benchmarks/srem_sdiv_mul/QF_BV/sage/app11/bench_470.smt2
/raid/steuber/Benchmarks/srem_sdiv_mul/QF_BV/sage/app11/bench_470.smt2 160530642051941165327432456650825199231925732436915113609308788137746780820365024609979197060657523669096805430715905630026392615815727591468751107813362733040070312039002079870890827141631506247502226913959651207161574277267137641890718525464593322286431571933361933774117602920854702206884465377102662913907258585418 64 0 4820042472761275985972216646624199881396824847902980073259698228410027658082774867182527597411382757400179311710055639289437057338384377552297159072544485519742859947549514441056854692930105553496436166785420975913891192987083893180479337017810836833083975390419864889585328567797401821483655708453419136923543681968599 1181 16 0 68590
[runner] /raid/steuber/Benchmarks/srem_sdiv_mul/QF_BV/Sage2/bench_6656.smt2
/raid/steuber/Benchmarks/srem_sdiv_mul/QF_BV/Sage2/bench_6656.smt2 4 0 0 848 1 0 0 130
[runner] /raid/steuber/Benchmarks/srem_sdiv_mul/QF_BV/Sage2/bench_12212.smt2
/raid/steuber/Benchmarks/srem_sdiv_mul/QF_BV/Sage2/bench_12212.smt2 189 0 0 6169 40 0 0 641
[runner] /raid/steuber/Benchmarks/srem_sdiv_mul/QF_BV/Sage2/bench_4207.smt2
/raid/steuber/Benchmarks/srem_sdiv_mul/QF_BV/Sage2/bench_4207.smt2 44 0 0 818 8 0 0 235
[runner] /raid/steuber/Benchmarks/srem_sdiv_mul/QF_BV/sage/app7/bench_5113.smt2
[runner] /raid/steuber/Benchmarks/srem_sdiv_mul/QF_BV/sage/app7/bench_900.smt2
[runner] /raid/steuber/Benchmarks/srem_sdiv_mul/QF_BV/sage/app12/bench_777.smt2
/raid/steuber/Benchmarks/srem_sdiv_mul/QF_BV/sage/app12/bench_777.smt2 0 2 0 220 0 1 0 113
[runner] /raid/steuber/Benchmarks/srem_sdiv_mul/QF_BV/Sage2/bench_6278.smt2
/raid/steuber/Benchmarks/srem_sdiv_mul/QF_BV/Sage2/bench_6278.smt2 4 0 0 848 1 0 0 130
[runner] /raid/steuber/Benchmarks/srem_sdiv_mul/QF_BV/sage/app7/bench_6128.smt2
/raid/steuber/Benchmarks/srem_sdiv_mul/QF_BV/sage/app7/bench_6128.smt2 18243477380435 0 0 1283124575766136 1 0 0 1653
[runner] /raid/steuber/Benchmarks/srem_sdiv_mul/QF_BV/sage/app7/bench_2810.smt2
/raid/steuber/Benchmarks/srem_sdiv_mul/QF_BV/sage/app7/bench_2810.smt2 180570260151732277012822688822562310630774354641905539156034270084921212351272513817720316437681645970438 0 0 12700108297300549065866597884823311927184140029412661741078447329413960982245933966077549875381808958730954 1 0 0 32265
[runner] /raid/steuber/Benchmarks/srem_sdiv_mul/QF_BV/float/test_v5_r10_vr10_c1_s21502.smt2
/raid/steuber/Benchmarks/srem_sdiv_mul/QF_BV/float/test_v5_r10_vr10_c1_s21502.smt2 30968 0 0 1400216 49 0 0 20610
[runner] /raid/steuber/Benchmarks/srem_sdiv_mul/QF_BV/sage/app7/bench_77.smt2
[runner] /raid/steuber/Benchmarks/srem_sdiv_mul/QF_BV/Sage2/bench_6006.smt2
/raid/steuber/Benchmarks/srem_sdiv_mul/QF_BV/Sage2/bench_6006.smt2 304 0 0 5091 85 0 0 1109
[runner] /raid/steuber/Benchmarks/srem_sdiv_mul/QF_BV/sage/app1/bench_112.smt2
/raid/steuber/Benchmarks/srem_sdiv_mul/QF_BV/sage/app1/bench_112.smt2 0 482 0 4292 0 30 0 344
[runner] /raid/steuber/Benchmarks/srem_sdiv_mul/QF_BV/sage/app11/bench_537.smt2
/raid/steuber/Benchmarks/srem_sdiv_mul/QF_BV/sage/app11/bench_537.smt2 160530642051941165327432456445144115567462947878654824754718413536739550258673097232780165570956733492503557112037156993424174395030087004944858580101128551988033709122749083168206372767619843690689247284672253476241849277396361879957570240001582730137319980960525400110860751735382243788527492354508353658877556108861 64 0 4820042472761275985972216640448484476324799822757433813122343593324725010691944060285762864990522026458651775464286830547023552565045238428371146786603918182371156613166128961882551286529331468858556410358274099229685009820053715386251458801124938251818835703729050213091600576400674119487020199732117083354984234315756 1181 16 0 68538
[runner] /raid/steuber/Benchmarks/srem_sdiv_mul/QF_BV/sage/app7/bench_5801.smt2
/raid/steuber/Benchmarks/srem_sdiv_mul/QF_BV/sage/app7/bench_5801.smt2 3184669873578751543985 0 0 223988447777695450772671 1 0 0 3570
[runner] /raid/steuber/Benchmarks/srem_sdiv_mul/QF_BV/Sage2/bench_9790.smt2
/raid/steuber/Benchmarks/srem_sdiv_mul/QF_BV/Sage2/bench_9790.smt2 760 0 0 7555 68 0 0 1545
[runner] /raid/steuber/Benchmarks/srem_sdiv_mul/QF_BV/Sage2/bench_4358.smt2
/raid/steuber/Benchmarks/srem_sdiv_mul/QF_BV/Sage2/bench_4358.smt2 56 0 0 71502 4 0 0 649
[runner] /raid/steuber/Benchmarks/srem_sdiv_mul/QF_BV/sage/app7/bench_2708.smt2
/raid/steuber/Benchmarks/srem_sdiv_mul/QF_BV/sage/app7/bench_2708.smt2 21118173242619119959205746091923347023161782429540880058251209248104797323055585253212345111576729132776905663608 0 0 1485311518059772566850398040736970838562378398553907817356673611343274605787016922499195625893189193492751586302221 1 0 0 33291
[runner] /raid/steuber/Benchmarks/srem_sdiv_mul/QF_BV/sage/app7/bench_6511.smt2
/raid/steuber/Benchmarks/srem_sdiv_mul/QF_BV/sage/app7/bench_6511.smt2 16313 0 0 1148363 1 0 0 552
[runner] /raid/steuber/Benchmarks/srem_sdiv_mul/QF_BV/Sage2/bench_17762.smt2
/raid/steuber/Benchmarks/srem_sdiv_mul/QF_BV/Sage2/bench_17762.smt2 2 0 0 6440 1 0 0 1050
[runner] /raid/steuber/Benchmarks/srem_sdiv_mul/QF_BV/Sage2/bench_9626.smt2
/raid/steuber/Benchmarks/srem_sdiv_mul/QF_BV/Sage2/bench_9626.smt2 23 0 0 1845 10 0 0 248
[runner] /raid/steuber/Benchmarks/srem_sdiv_mul/QF_BV/sage/app2/bench_748.smt2
/raid/steuber/Benchmarks/srem_sdiv_mul/QF_BV/sage/app2/bench_748.smt2 5190 227 0 381409805 16 17 0 8110
[runner] /raid/steuber/Benchmarks/srem_sdiv_mul/QF_BV/sage/app12/bench_3717.smt2
/raid/steuber/Benchmarks/srem_sdiv_mul/QF_BV/sage/app12/bench_3717.smt2 0 1 0 47 0 1 0 32
[runner] /raid/steuber/Benchmarks/srem_sdiv_mul/QF_BV/sage/app7/bench_8513.smt2
[runner] /raid/steuber/Benchmarks/srem_sdiv_mul/QF_BV/Sage2/bench_11484.smt2
/raid/steuber/Benchmarks/srem_sdiv_mul/QF_BV/Sage2/bench_11484.smt2 232 0 0 3143 44 0 0 648
[runner] /raid/steuber/Benchmarks/srem_sdiv_mul/QF_BV/Sage2/bench_6110.smt2
/raid/steuber/Benchmarks/srem_sdiv_mul/QF_BV/Sage2/bench_6110.smt2 214 0 0 6927 43 0 0 702
[runner] /raid/steuber/Benchmarks/srem_sdiv_mul/QF_BV/sage/app7/bench_2293.smt2
/raid/steuber/Benchmarks/srem_sdiv_mul/QF_BV/sage/app7/bench_2293.smt2 691026890956009539991262910276596177705621748828080918181116856615752350380821475498703706261314476685658593428075497770687097233133509661137178617207 0 0 48602224663760756014298973504869693045684229119104414868046897891701167217738963687514326414567518681127467677455194012753945390645142999463076958864487 1 0 0 37279
[runner] /raid/steuber/Benchmarks/srem_sdiv_mul/QF_BV/sage/app7/bench_646.smt2
[runner] /raid/steuber/Benchmarks/srem_sdiv_mul/QF_BV/Sage2/bench_2445.smt2
/raid/steuber/Benchmarks/srem_sdiv_mul/QF_BV/Sage2/bench_2445.smt2 117 0 0 62191 37 0 0 2119
[runner] /raid/steuber/Benchmarks/srem_sdiv_mul/QF_BV/sage/app7/bench_5034.smt2
/raid/steuber/Benchmarks/srem_sdiv_mul/QF_BV/sage/app7/bench_5034.smt2 42563596465740718594592852136631695886349122686106495736424344 0 0 2993639618081484015276557749082869324009822601727234090167267852 1 0 0 15214
[runner] /raid/steuber/Benchmarks/srem_sdiv_mul/QF_BV/sage/app7/bench_1585.smt2
[runner] /raid/steuber/Benchmarks/srem_sdiv_mul/QF_BV/sage/app7/bench_228.smt2
[runner] /raid/steuber/Benchmarks/srem_sdiv_mul/QF_BV/Sage2/bench_5462.smt2
/raid/steuber/Benchmarks/srem_sdiv_mul/QF_BV/Sage2/bench_5462.smt2 229 0 0 3139 43 0 0 643
[runner] /raid/steuber/Benchmarks/srem_sdiv_mul/QF_BV/sage/app7/bench_6460.smt2
/raid/steuber/Benchmarks/srem_sdiv_mul/QF_BV/sage/app7/bench_6460.smt2 332910 0 0 23416108 1 0 0 686
[runner] /raid/steuber/Benchmarks/srem_sdiv_mul/QF_BV/sage/app7/bench_6527.smt2
/raid/steuber/Benchmarks/srem_sdiv_mul/QF_BV/sage/app7/bench_6527.smt2 7923 0 0 558300 1 0 0 494
[runner] /raid/steuber/Benchmarks/srem_sdiv_mul/QF_BV/sage/app8/bench_510.smt2
/raid/steuber/Benchmarks/srem_sdiv_mul/QF_BV/sage/app8/bench_510.smt2 207 0 0 13956 11 0 0 1800
[runner] /raid/steuber/Benchmarks/srem_sdiv_mul/QF_BV/sage/app11/bench_603.smt2
/raid/steuber/Benchmarks/srem_sdiv_mul/QF_BV/sage/app11/bench_603.smt2 160530642051941165327432460790816242221753575468564517477345815363148729305702537202318677045660607992832701075916358956506938854706185550988126345098076377292601934840504705809539460054430355147455791247052143996186808249025060029519472476450832164262139236386610111355056787038697775499454306985731708175402552023840 64 0 4820042472761275985972216770930266368102969584806924027306451780768042483770010339335356185882553880197592541272325251155965294442774741969782278161348212695045093729368940111616551462791840334028118443588249134813938725964486189807886629328027000584189992160991391070292417625398203002697985819895011753624035128309167 1186 16 0 68928
[runner] /raid/steuber/Benchmarks/srem_sdiv_mul/QF_BV/sage/app7/bench_1285.smt2
[runner] /raid/steuber/Benchmarks/srem_sdiv_mul/QF_BV/sage/app7/bench_712.smt2
[runner] /raid/steuber/Benchmarks/srem_sdiv_mul/QF_BV/sage/app7/bench_1658.smt2
[runner] /raid/steuber/Benchmarks/srem_sdiv_mul/QF_BV/sage/app1/bench_2177.smt2
/raid/steuber/Benchmarks/srem_sdiv_mul/QF_BV/sage/app1/bench_2177.smt2 0 3652 0 33999 0 40 0 806
[runner] /raid/steuber/Benchmarks/srem_sdiv_mul/QF_BV/Sage2/bench_14518.smt2
/raid/steuber/Benchmarks/srem_sdiv_mul/QF_BV/Sage2/bench_14518.smt2 12280 0 0 531248 158 0 0 2419
[runner] /raid/steuber/Benchmarks/srem_sdiv_mul/QF_BV/sage/app7/bench_5747.smt2
[runner] /raid/steuber/Benchmarks/srem_sdiv_mul/QF_BV/sage/app7/bench_219.smt2
[runner] /raid/steuber/Benchmarks/srem_sdiv_mul/QF_BV/sage/app7/bench_4978.smt2
/raid/steuber/Benchmarks/srem_sdiv_mul/QF_BV/sage/app7/bench_4978.smt2 787403094352976550860073196127320421892657178336149879788480636 0 0 55380684302660511608731960352191570086821374161751867093940633828 1 0 0 15613
[runner] /raid/steuber/Benchmarks/srem_sdiv_mul/QF_BV/sage/app7/bench_6271.smt2
/raid/steuber/Benchmarks/srem_sdiv_mul/QF_BV/sage/app7/bench_6271.smt2 1874663877 0 0 131851366427 1 0 0 1217
[runner] /raid/steuber/Benchmarks/srem_sdiv_mul/QF_BV/sage/app1/bench_2444.smt2
/raid/steuber/Benchmarks/srem_sdiv_mul/QF_BV/sage/app1/bench_2444.smt2 44 0 0 36087667 5 0 0 3425
[runner] /raid/steuber/Benchmarks/srem_sdiv_mul/QF_BV/sage/app10/bench_40.smt2
/raid/steuber/Benchmarks/srem_sdiv_mul/QF_BV/sage/app10/bench_40.smt2 1282765663374 0 0 44896798212222 124 0 0 2204
[runner] /raid/steuber/Benchmarks/srem_sdiv_mul/QF_BV/sage/app11/bench_71.smt2
/raid/steuber/Benchmarks/srem_sdiv_mul/QF_BV/sage/app11/bench_71.smt2 160530642051941165327432460171136054258308006607139288235951738039601303895476858565885697557459509383865863192717564987256666010031499168512296293657370831815312169644101446512990142389138807700647455184455496986364559851978492028823448795889197687915456878968448759933706017441441009751840349802274494394223320203437 64 0 4820042472761275985972216752323944314360330085970983371764421790446938353810455985223308594614576036976323682070329481226898965958996566404107753966527272640143167016803612065386278379404892771337070459480819442239727789499715782350918021880319485627814250797243423775727980728241395182579917300029550438385426536022504 1186 16 0 68901
[runner] /raid/steuber/Benchmarks/srem_sdiv_mul/QF_BV/sage/app11/bench_295.smt2
/raid/steuber/Benchmarks/srem_sdiv_mul/QF_BV/sage/app11/bench_295.smt2 160530642051941165327432456930340518057990542221217557437341861313474555686254054122583009085122700062928655709945999931049919941498777619308912748037680979085145695489294613851462008726826842542658327435811755815847354405296653420928073887760479511617275528896447479521620503249830094416446505638576980619460444002273 64 0 4820042472761275985972216655016838765212653728228978837036103245320823563511339809888387361983321699448921860967126071682973358697024746105324816794463718055145431145557704964037318296500388283901759938340261603202684211137150545054686453568691673366598139580025330988410138402259621519068827040818265517414150110829853 1183 16 0 68669
[runner] /raid/steuber/Benchmarks/srem_sdiv_mul/QF_BV/uclid/catchconv/convert-jpg2gif-query-1218.smt2
/raid/steuber/Benchmarks/srem_sdiv_mul/QF_BV/uclid/catchconv/convert-jpg2gif-query-1218.smt2 204 0 0 47711 204 0 0 30168
[runner] /raid/steuber/Benchmarks/srem_sdiv_mul/QF_BV/sage/app11/bench_174.smt2
[runner] /raid/steuber/Benchmarks/srem_sdiv_mul/QF_BV/sage/app11/bench_600.smt2
/raid/steuber/Benchmarks/srem_sdiv_mul/QF_BV/sage/app11/bench_600.smt2 160530642051941165327432460790816242221753575468564517477345815363148729305702537202318677045660607992832701075916358956506938854706185550988126345098076377292601934840504705809539460054430355147455791247052143996186808249025060029519472476450832164262139236386610111355056787038697775499454306985731708175402552023840 64 0 4820042472761275985972216770930266368102969584806924027306451780768042483770010339335356185882553880197592541272325251155965294442774741969782278161348212695045093729368940111616551462791840334028118443588249134813938725964486189807886629328027000584189992160991391070292417625398203002697985819895011753624035128309167 1186 16 0 68928
[runner] /raid/steuber/Benchmarks/srem_sdiv_mul/QF_BV/sage/app9/bench_88.smt2
/raid/steuber/Benchmarks/srem_sdiv_mul/QF_BV/sage/app9/bench_88.smt2 207 0 0 9671 11 0 0 1626
[runner] /raid/steuber/Benchmarks/srem_sdiv_mul/QF_BV/Sage2/bench_12395.smt2
/raid/steuber/Benchmarks/srem_sdiv_mul/QF_BV/Sage2/bench_12395.smt2 23 0 0 1845 11 0 0 249
[runner] /raid/steuber/Benchmarks/srem_sdiv_mul/QF_BV/sage/app7/bench_1203.smt2
[runner] /raid/steuber/Benchmarks/srem_sdiv_mul/QF_BV/Sage2/bench_6540.smt2
/raid/steuber/Benchmarks/srem_sdiv_mul/QF_BV/Sage2/bench_6540.smt2 2584 0 0 141109 139 0 0 2609
[runner] /raid/steuber/Benchmarks/srem_sdiv_mul/QF_BV/sage/app9/bench_270.smt2
/raid/steuber/Benchmarks/srem_sdiv_mul/QF_BV/sage/app9/bench_270.smt2 211 0 0 29189 11 0 0 2458
[runner] /raid/steuber/Benchmarks/srem_sdiv_mul/QF_BV/sage/app12/bench_5040.smt2
/raid/steuber/Benchmarks/srem_sdiv_mul/QF_BV/sage/app12/bench_5040.smt2 1 2 0 84 1 2 0 42
[runner] /raid/steuber/Benchmarks/srem_sdiv_mul/QF_BV/Sage2/bench_8557.smt2
/raid/steuber/Benchmarks/srem_sdiv_mul/QF_BV/Sage2/bench_8557.smt2 845 0 0 85465 82 0 0 2334
[runner] /raid/steuber/Benchmarks/srem_sdiv_mul/QF_BV/sage/app7/bench_357.smt2
[runner] /raid/steuber/Benchmarks/srem_sdiv_mul/QF_BV/sage/app7/bench_1803.smt2
[runner] /raid/steuber/Benchmarks/srem_sdiv_mul/QF_BV/sage/app1/bench_2182.smt2
/raid/steuber/Benchmarks/srem_sdiv_mul/QF_BV/sage/app1/bench_2182.smt2 0 3524 0 32801 0 40 0 795
[runner] /raid/steuber/Benchmarks/srem_sdiv_mul/QF_BV/sage/app7/bench_3462.smt2
/raid/steuber/Benchmarks/srem_sdiv_mul/QF_BV/sage/app7/bench_3462.smt2 228377707517205911481583089682500450189842103539335914392770279126570795236973097988500018287588989 0 0 16062565428662145948980737800912683899668026152075312013852307472592877745837061608061644012317162255 1 0 0 28362
[runner] /raid/steuber/Benchmarks/srem_sdiv_mul/QF_BV/sage/app12/bench_516.smt2
/raid/steuber/Benchmarks/srem_sdiv_mul/QF_BV/sage/app12/bench_516.smt2 1 4 0 264 1 2 0 132
[runner] /raid/steuber/Benchmarks/srem_sdiv_mul/QF_BV/Sage2/bench_204.smt2
/raid/steuber/Benchmarks/srem_sdiv_mul/QF_BV/Sage2/bench_204.smt2 116627 0 0 4088765 485 0 0 6146
[runner] /raid/steuber/Benchmarks/srem_sdiv_mul/QF_BV/Sage2/bench_14347.smt2
/raid/steuber/Benchmarks/srem_sdiv_mul/QF_BV/Sage2/bench_14347.smt2 190 0 0 6255 40 0 0 646
[runner] /raid/steuber/Benchmarks/srem_sdiv_mul/QF_BV/Sage2/bench_13001.smt2
/raid/steuber/Benchmarks/srem_sdiv_mul/QF_BV/Sage2/bench_13001.smt2 2139 0 0 23433 95 0 0 2845
[runner] /raid/steuber/Benchmarks/srem_sdiv_mul/QF_BV/sage/app7/bench_1918.smt2
[runner] /raid/steuber/Benchmarks/srem_sdiv_mul/QF_BV/Sage2/bench_5076.smt2
/raid/steuber/Benchmarks/srem_sdiv_mul/QF_BV/Sage2/bench_5076.smt2 102 0 0 1359 28 0 0 437
[runner] /raid/steuber/Benchmarks/srem_sdiv_mul/QF_BV/Sage2/bench_7604.smt2
/raid/steuber/Benchmarks/srem_sdiv_mul/QF_BV/Sage2/bench_7604.smt2 2584 0 0 140469 139 0 0 2593
[runner] /raid/steuber/Benchmarks/srem_sdiv_mul/QF_BV/sage/app7/bench_2612.smt2
/raid/steuber/Benchmarks/srem_sdiv_mul/QF_BV/sage/app7/bench_2612.smt2 2827415552232023309821637985953051087425254135888388269734243916875712344670979626717977725543868478971904774792312 0 0 198861560506391339433444028307760445068128104464560171284316833448868525627834117270192709136894290438716282266163956 1 0 0 33748
[runner] /raid/steuber/Benchmarks/srem_sdiv_mul/QF_BV/sage/app8/bench_3551.smt2
/raid/steuber/Benchmarks/srem_sdiv_mul/QF_BV/sage/app8/bench_3551.smt2 80 0 0 4219 1 0 0 1160
[runner] /raid/steuber/Benchmarks/srem_sdiv_mul/QF_BV/sage/app7/bench_8664.smt2
[runner] /raid/steuber/Benchmarks/srem_sdiv_mul/QF_BV/sage/app11/bench_196.smt2
/raid/steuber/Benchmarks/srem_sdiv_mul/QF_BV/sage/app11/bench_196.smt2 160530642051941165327432457692415302404525731161438371270375428745411602254574144020153779604655114947998511659922389110255574631332753638608976087894548649906153108858488409326792871727972617913414110934068908947075566263792220026039354073642659782528727449295803354248302939052413946761384521068445639269506392921827 64 0 4820042472761275985972216677898656099389772090627220749596301829162521833972238568775118229542664664091248245262346401510633652023883864141409657187243512420535460166542299880465186045857102520572878523051100671942884043640634152523043592089489425802311285342251554597470233139614163902107643220567705177430992166875999 1186 16 0 68807
[runner] /raid/steuber/Benchmarks/srem_sdiv_mul/QF_BV/float/test_v5_r15_vr1_c1_s26845.smt2
/raid/steuber/Benchmarks/srem_sdiv_mul/QF_BV/float/test_v5_r15_vr1_c1_s26845.smt2 46768 0 0 2083084 74 0 0 30614
[runner] /raid/steuber/Benchmarks/srem_sdiv_mul/QF_BV/sage/app7/bench_1772.smt2
[runner] /raid/steuber/Benchmarks/srem_sdiv_mul/QF_BV/Sage2/bench_6288.smt2
/raid/steuber/Benchmarks/srem_sdiv_mul/QF_BV/Sage2/bench_6288.smt2 27877 0 0 398013 114 0 0 1891
[runner] /raid/steuber/Benchmarks/srem_sdiv_mul/QF_BV/Sage2/bench_9827.smt2
/raid/steuber/Benchmarks/srem_sdiv_mul/QF_BV/Sage2/bench_9827.smt2 2584 0 0 141109 139 0 0 2609
[runner] /raid/steuber/Benchmarks/srem_sdiv_mul/QF_BV/sage/app7/bench_4848.smt2
/raid/steuber/Benchmarks/srem_sdiv_mul/QF_BV/sage/app7/bench_4848.smt2 228377707517205849823393667539249522614303786773445237828068173653160859439986684879543167874836832 0 0 16062565428662141612354748456464091171896502295506481910246843516903540751379273416967849897610384145 1 0 0 19772
[runner] /raid/steuber/Benchmarks/srem_sdiv_mul/QF_BV/Sage2/bench_1930.smt2
/raid/steuber/Benchmarks/srem_sdiv_mul/QF_BV/Sage2/bench_1930.smt2 23 0 0 5011 8 0 0 489
[runner] /raid/steuber/Benchmarks/srem_sdiv_mul/QF_BV/sage/app8/bench_3196.smt2
/raid/steuber/Benchmarks/srem_sdiv_mul/QF_BV/sage/app8/bench_3196.smt2 213 0 0 29479 11 0 0 2472
[runner] /raid/steuber/Benchmarks/srem_sdiv_mul/QF_BV/sage/app1/bench_829.smt2
/raid/steuber/Benchmarks/srem_sdiv_mul/QF_BV/sage/app1/bench_829.smt2 0 16 0 137 0 2 0 59
[runner] /raid/steuber/Benchmarks/srem_sdiv_mul/QF_BV/sage/app7/bench_5478.smt2
/raid/steuber/Benchmarks/srem_sdiv_mul/QF_BV/sage/app7/bench_5478.smt2 32014558056625732224472641393302379575802208 0 0 2251690583342715909905901751928533687368526867 1 0 0 5955
[runner] /raid/steuber/Benchmarks/srem_sdiv_mul/QF_BV/sage/app7/bench_699.smt2
[runner] /raid/steuber/Benchmarks/srem_sdiv_mul/QF_BV/sage/app7/bench_4296.smt2
/raid/steuber/Benchmarks/srem_sdiv_mul/QF_BV/sage/app7/bench_4296.smt2 228377707517205849823393667539249522614303786773445491042627143457620546580641982875790920497739104 0 0 16062565428662141612354748456464091171896502295506499719670824339926873638028116241568444854245613769 1 0 0 22876
[runner] /raid/steuber/Benchmarks/srem_sdiv_mul/QF_BV/sage/app7/bench_4212.smt2
/raid/steuber/Benchmarks/srem_sdiv_mul/QF_BV/sage/app7/bench_4212.smt2 228377707517205849823393667539249522614303786773445491042668104954199765220243682932265795478074948 0 0 16062565428662141612354748456464091171896502295506499719673705298519603405902745434152845725372190352 1 0 0 23072
[runner] /raid/steuber/Benchmarks/srem_sdiv_mul/QF_BV/sage/app7/bench_8540.smt2
[runner] /raid/steuber/Benchmarks/srem_sdiv_mul/QF_BV/Sage2/bench_5311.smt2
/raid/steuber/Benchmarks/srem_sdiv_mul/QF_BV/Sage2/bench_5311.smt2 67931 0 0 1339499 184 0 0 2717
[runner] /raid/steuber/Benchmarks/srem_sdiv_mul/QF_BV/sage/app1/bench_363.smt2
/raid/steuber/Benchmarks/srem_sdiv_mul/QF_BV/sage/app1/bench_363.smt2 28 0 0 10803 5 0 0 2291
[runner] /raid/steuber/Benchmarks/srem_sdiv_mul/QF_BV/Sage2/bench_11828.smt2
/raid/steuber/Benchmarks/srem_sdiv_mul/QF_BV/Sage2/bench_11828.smt2 60 0 0 2610 7 0 0 340
[runner] /raid/steuber/Benchmarks/srem_sdiv_mul/QF_BV/sage/app7/bench_138.smt2
[runner] /raid/steuber/Benchmarks/srem_sdiv_mul/QF_BV/sage/app7/bench_5621.smt2
/raid/steuber/Benchmarks/srem_sdiv_mul/QF_BV/sage/app7/bench_5621.smt2 138590560459157837740818235786186094490 0 0 9747536085743044809305245913810531388876 1 0 0 5185
[runner] /raid/steuber/Benchmarks/srem_sdiv_mul/QF_BV/sage/app8/bench_433.smt2
/raid/steuber/Benchmarks/srem_sdiv_mul/QF_BV/sage/app8/bench_433.smt2 207 0 0 14106 11 0 0 1848
[runner] /raid/steuber/Benchmarks/srem_sdiv_mul/QF_BV/sage/app1/bench_2611.smt2
/raid/steuber/Benchmarks/srem_sdiv_mul/QF_BV/sage/app1/bench_2611.smt2 44 0 0 35112845 5 0 0 3417
[runner] /raid/steuber/Benchmarks/srem_sdiv_mul/QF_BV/Sage2/bench_17795.smt2
/raid/steuber/Benchmarks/srem_sdiv_mul/QF_BV/Sage2/bench_17795.smt2 988 0 0 9240 85 0 0 2424
[runner] /raid/steuber/Benchmarks/srem_sdiv_mul/QF_BV/sage/app8/bench_257.smt2
/raid/steuber/Benchmarks/srem_sdiv_mul/QF_BV/sage/app8/bench_257.smt2 207 0 0 19652 11 0 0 2083
[runner] /raid/steuber/Benchmarks/srem_sdiv_mul/QF_BV/sage/app12/bench_534.smt2
/raid/steuber/Benchmarks/srem_sdiv_mul/QF_BV/sage/app12/bench_534.smt2 1 4 0 202 1 2 0 111
[runner] /raid/steuber/Benchmarks/srem_sdiv_mul/QF_BV/sage/app7/bench_6455.smt2
/raid/steuber/Benchmarks/srem_sdiv_mul/QF_BV/sage/app7/bench_6455.smt2 349413 0 0 24577294 1 0 0 701
[runner] /raid/steuber/Benchmarks/srem_sdiv_mul/QF_BV/Sage2/bench_7042.smt2
/raid/steuber/Benchmarks/srem_sdiv_mul/QF_BV/Sage2/bench_7042.smt2 1128 0 0 94465 90 0 0 2372
[runner] /raid/steuber/Benchmarks/srem_sdiv_mul/QF_BV/sage/app2/bench_1345.smt2
/raid/steuber/Benchmarks/srem_sdiv_mul/QF_BV/sage/app2/bench_1345.smt2 164 3 0 59484 4 3 0 1885
[runner] /raid/steuber/Benchmarks/srem_sdiv_mul/QF_BV/sage/app1/bench_2142.smt2
/raid/steuber/Benchmarks/srem_sdiv_mul/QF_BV/sage/app1/bench_2142.smt2 44 0 0 939549 5 0 0 2920
[runner] /raid/steuber/Benchmarks/srem_sdiv_mul/QF_BV/sage/app7/bench_1560.smt2
[runner] /raid/steuber/Benchmarks/srem_sdiv_mul/QF_BV/uclid/catchconv/convert-jpg2gif-query-1522.smt2
/raid/steuber/Benchmarks/srem_sdiv_mul/QF_BV/uclid/catchconv/convert-jpg2gif-query-1522.smt2 450 0 0 75973 450 0 0 47917
[runner] /raid/steuber/Benchmarks/srem_sdiv_mul/QF_BV/sage/app7/bench_460.smt2
[runner] /raid/steuber/Benchmarks/srem_sdiv_mul/QF_BV/Sage2/bench_6373.smt2
/raid/steuber/Benchmarks/srem_sdiv_mul/QF_BV/Sage2/bench_6373.smt2 59 0 0 825 11 0 0 195
[runner] /raid/steuber/Benchmarks/srem_sdiv_mul/QF_BV/sage/app8/bench_51.smt2
/raid/steuber/Benchmarks/srem_sdiv_mul/QF_BV/sage/app8/bench_51.smt2 47 0 0 3233 1 0 0 885
[runner] /raid/steuber/Benchmarks/srem_sdiv_mul/QF_BV/Sage2/bench_6832.smt2
/raid/steuber/Benchmarks/srem_sdiv_mul/QF_BV/Sage2/bench_6832.smt2 56114 0 0 1030769 167 0 0 2506
[runner] /raid/steuber/Benchmarks/srem_sdiv_mul/QF_BV/Sage2/bench_15564.smt2
/raid/steuber/Benchmarks/srem_sdiv_mul/QF_BV/Sage2/bench_15564.smt2 1 0 0 3345 1 0 0 478
[runner] /raid/steuber/Benchmarks/srem_sdiv_mul/QF_BV/Sage2/bench_14519.smt2
/raid/steuber/Benchmarks/srem_sdiv_mul/QF_BV/Sage2/bench_14519.smt2 4 0 0 2803 1 0 0 258
[runner] /raid/steuber/Benchmarks/srem_sdiv_mul/QF_BV/sage/app7/bench_765.smt2
[runner] /raid/steuber/Benchmarks/srem_sdiv_mul/QF_BV/sage/app12/bench_4379.smt2
/raid/steuber/Benchmarks/srem_sdiv_mul/QF_BV/sage/app12/bench_4379.smt2 0 1 0 33 0 1 0 25
[runner] /raid/steuber/Benchmarks/srem_sdiv_mul/QF_BV/Sage2/bench_17017.smt2
/raid/steuber/Benchmarks/srem_sdiv_mul/QF_BV/Sage2/bench_17017.smt2 135 0 0 5027 94 0 0 1045
[runner] /raid/steuber/Benchmarks/srem_sdiv_mul/QF_BV/sage/app7/bench_722.smt2
[runner] /raid/steuber/Benchmarks/srem_sdiv_mul/QF_BV/sage/app2/bench_1370.smt2
/raid/steuber/Benchmarks/srem_sdiv_mul/QF_BV/sage/app2/bench_1370.smt2 143 3 0 45632 4 3 0 1842
[runner] /raid/steuber/Benchmarks/srem_sdiv_mul/QF_BV/Sage2/bench_7399.smt2
/raid/steuber/Benchmarks/srem_sdiv_mul/QF_BV/Sage2/bench_7399.smt2 214 0 0 6927 43 0 0 702
[runner] /raid/steuber/Benchmarks/srem_sdiv_mul/QF_BV/sage/app7/bench_4491.smt2
/raid/steuber/Benchmarks/srem_sdiv_mul/QF_BV/sage/app7/bench_4491.smt2 228377707517205849823393667539249522614303786773445248534818117830209934248550670942632199716334940 0 0 16062565428662141612354748456464091171896502295506482663288256255105519562407987468601919358597113113 1 0 0 21993
[runner] /raid/steuber/Benchmarks/srem_sdiv_mul/QF_BV/float/square.4.0.i.smt2
/raid/steuber/Benchmarks/srem_sdiv_mul/QF_BV/float/square.4.0.i.smt2 4424 0 0 44076470 7 0 0 2574
[runner] /raid/steuber/Benchmarks/srem_sdiv_mul/QF_BV/sage/app7/bench_1771.smt2
[runner] /raid/steuber/Benchmarks/srem_sdiv_mul/QF_BV/sage/app7/bench_6135.smt2
/raid/steuber/Benchmarks/srem_sdiv_mul/QF_BV/sage/app7/bench_6135.smt2 12219069919913 0 0 859407917710876 1 0 0 1630
[runner] /raid/steuber/Benchmarks/srem_sdiv_mul/QF_BV/sage/app11/bench_478.smt2
[runner] /raid/steuber/Benchmarks/srem_sdiv_mul/QF_BV/Sage2/bench_13098.smt2
/raid/steuber/Benchmarks/srem_sdiv_mul/QF_BV/Sage2/bench_13098.smt2 142 0 0 16988 28 0 0 815
[runner] /raid/steuber/Benchmarks/srem_sdiv_mul/QF_BV/sage/app7/bench_175.smt2
[runner] /raid/steuber/Benchmarks/srem_sdiv_mul/QF_BV/sage/app7/bench_230.smt2
[runner] /raid/steuber/Benchmarks/srem_sdiv_mul/QF_BV/sage/app7/bench_1158.smt2
[runner] /raid/steuber/Benchmarks/srem_sdiv_mul/QF_BV/Sage2/bench_6698.smt2
/raid/steuber/Benchmarks/srem_sdiv_mul/QF_BV/Sage2/bench_6698.smt2 300 0 0 38333 94 0 0 2811
[runner] /raid/steuber/Benchmarks/srem_sdiv_mul/QF_BV/sage/app7/bench_5016.smt2
/raid/steuber/Benchmarks/srem_sdiv_mul/QF_BV/sage/app7/bench_5016.smt2 702278831417980056862882783268712967453906101542831849572476824 0 0 49393611142916983966820806466028879324463076433774517064047043286 1 0 0 15349
[runner] /raid/steuber/Benchmarks/srem_sdiv_mul/QF_BV/sage/app12/bench_4491.smt2
/raid/steuber/Benchmarks/srem_sdiv_mul/QF_BV/sage/app12/bench_4491.smt2 0 2 0 59 0 2 0 35
[runner] /raid/steuber/Benchmarks/srem_sdiv_mul/QF_BV/sage/app1/bench_115.smt2
/raid/steuber/Benchmarks/srem_sdiv_mul/QF_BV/sage/app1/bench_115.smt2 0 6960 0 64988 0 51 0 1153
[runner] /raid/steuber/Benchmarks/srem_sdiv_mul/QF_BV/Sage2/bench_7556.smt2
/raid/steuber/Benchmarks/srem_sdiv_mul/QF_BV/Sage2/bench_7556.smt2 2 0 0 3469 1 0 0 461
[runner] /raid/steuber/Benchmarks/srem_sdiv_mul/QF_BV/sage/app8/bench_254.smt2
/raid/steuber/Benchmarks/srem_sdiv_mul/QF_BV/sage/app8/bench_254.smt2 207 0 0 19775 11 0 0 2086
[runner] /raid/steuber/Benchmarks/srem_sdiv_mul/QF_BV/sage/app7/bench_4160.smt2
/raid/steuber/Benchmarks/srem_sdiv_mul/QF_BV/sage/app7/bench_4160.smt2 228377707517205849823393667539249522614303786773445669851618070763187588909833152535444561046255229 0 0 16062565428662141612354748456464091171896502295506512295903186189500876214866995582671932719140791142 1 0 0 23271
[runner] /raid/steuber/Benchmarks/srem_sdiv_mul/QF_BV/sage/app9/bench_483.smt2
/raid/steuber/Benchmarks/srem_sdiv_mul/QF_BV/sage/app9/bench_483.smt2 153 0 0 1080 7 0 0 161
[runner] /raid/steuber/Benchmarks/srem_sdiv_mul/QF_BV/sage/app7/bench_4597.smt2
/raid/steuber/Benchmarks/srem_sdiv_mul/QF_BV/sage/app7/bench_4597.smt2 228377707517205849823393667539249522614303786773445248532426252575579435438423838157979555572735068 0 0 16062565428662141612354748456464091171896502295506482663120028398863677230281213922401401287767750152 1 0 0 21457
[runner] /raid/steuber/Benchmarks/srem_sdiv_mul/QF_BV/sage/app7/bench_2449.smt2
/raid/steuber/Benchmarks/srem_sdiv_mul/QF_BV/sage/app7/bench_2449.smt2 58493315178014426437683398809375765923111853625293738966237733663138449164305590335481094254221053116463008566895773 0 0 4114029834174719834734115316544427936897763951969942808385131830503463583922073868863036922964590567514988179933683691 1 0 0 34377
[runner] /raid/steuber/Benchmarks/srem_sdiv_mul/QF_BV/Sage2/bench_12701.smt2
/raid/steuber/Benchmarks/srem_sdiv_mul/QF_BV/Sage2/bench_12701.smt2 56114 0 0 1030153 167 0 0 2506
[runner] /raid/steuber/Benchmarks/srem_sdiv_mul/QF_BV/sage/app12/bench_5511.smt2
/raid/steuber/Benchmarks/srem_sdiv_mul/QF_BV/sage/app12/bench_5511.smt2 0 2 0 145 0 1 0 79
[runner] /raid/steuber/Benchmarks/srem_sdiv_mul/QF_BV/float/test_v5_r15_vr1_c1_s32559.smt2
/raid/steuber/Benchmarks/srem_sdiv_mul/QF_BV/float/test_v5_r15_vr1_c1_s32559.smt2 46768 0 0 2079346 72 0 0 30566
[runner] /raid/steuber/Benchmarks/srem_sdiv_mul/QF_BV/sage/app10/bench_31.smt2
/raid/steuber/Benchmarks/srem_sdiv_mul/QF_BV/sage/app10/bench_31.smt2 108100398555859426 0 0 3783513949455038214 495 0 0 5864
[runner] /raid/steuber/Benchmarks/srem_sdiv_mul/QF_BV/sage/app7/bench_2693.smt2
/raid/steuber/Benchmarks/srem_sdiv_mul/QF_BV/sage/app7/bench_2693.smt2 956550632905753849913349826045632593823859233582481679583416800677548670045353775978062714479994649382932003579000 0 0 67277394514170294855714941463078128915084287087222076403876212870984820647779152452342791090923146894154122396381077 1 0 0 33541
[runner] /raid/steuber/Benchmarks/srem_sdiv_mul/QF_BV/sage/app7/bench_2070.smt2
/raid/steuber/Benchmarks/srem_sdiv_mul/QF_BV/sage/app7/bench_2070.smt2 4154655566439934745504390416502751318464052129780539586341277299492357511560408426904463744680634185407472742714454075472677696052086132245651005835363374807789375399323219770342 0 0 292210774838735468559702507984648094714613598394841886474319183912401313718961035316887558197833071895012733743500295195779215842362164070444296071920448911050374069186203202679550 1 0 0 40166
[runner] /raid/steuber/Benchmarks/srem_sdiv_mul/QF_BV/sage/app11/bench_375.smt2
