[runner] /raid/steuber/Benchmarks/srem_sdiv_mul/QF_BV/sage/app12/bench_286.smt2
/raid/steuber/Benchmarks/srem_sdiv_mul/QF_BV/sage/app12/bench_286.smt2 1 4 0 224 1 2 0 117
[runner] /raid/steuber/Benchmarks/srem_sdiv_mul/QF_BV/Sage2/bench_17265.smt2
/raid/steuber/Benchmarks/srem_sdiv_mul/QF_BV/Sage2/bench_17265.smt2 79 0 0 1664 40 0 0 522
[runner] /raid/steuber/Benchmarks/srem_sdiv_mul/QF_BV/Sage2/bench_16335.smt2
/raid/steuber/Benchmarks/srem_sdiv_mul/QF_BV/Sage2/bench_16335.smt2 8803174 0 0 388953320 66 0 0 922
[runner] /raid/steuber/Benchmarks/srem_sdiv_mul/QF_BV/Sage2/bench_16933.smt2
/raid/steuber/Benchmarks/srem_sdiv_mul/QF_BV/Sage2/bench_16933.smt2 4 0 0 1450 1 0 0 168
[runner] /raid/steuber/Benchmarks/srem_sdiv_mul/QF_BV/Sage2/bench_5271.smt2
/raid/steuber/Benchmarks/srem_sdiv_mul/QF_BV/Sage2/bench_5271.smt2 23 0 0 1845 10 0 0 248
[runner] /raid/steuber/Benchmarks/srem_sdiv_mul/QF_BV/sage/app8/bench_3285.smt2
/raid/steuber/Benchmarks/srem_sdiv_mul/QF_BV/sage/app8/bench_3285.smt2 211 0 0 28590 11 0 0 2419
[runner] /raid/steuber/Benchmarks/srem_sdiv_mul/QF_BV/sage/app7/bench_8559.smt2
[runner] /raid/steuber/Benchmarks/srem_sdiv_mul/QF_BV/sage/app7/bench_836.smt2
[runner] /raid/steuber/Benchmarks/srem_sdiv_mul/QF_BV/sage/app2/bench_490.smt2
/raid/steuber/Benchmarks/srem_sdiv_mul/QF_BV/sage/app2/bench_490.smt2 5595 335 0 22431240793631042568975 22 22 0 16189
[runner] /raid/steuber/Benchmarks/srem_sdiv_mul/QF_BV/sage/app8/bench_2570.smt2
/raid/steuber/Benchmarks/srem_sdiv_mul/QF_BV/sage/app8/bench_2570.smt2 213 0 0 31668 11 0 0 2524
[runner] /raid/steuber/Benchmarks/srem_sdiv_mul/QF_BV/sage/app12/bench_2204.smt2
/raid/steuber/Benchmarks/srem_sdiv_mul/QF_BV/sage/app12/bench_2204.smt2 0 2 0 212 0 1 0 111
[runner] /raid/steuber/Benchmarks/srem_sdiv_mul/QF_BV/sage/app1/bench_2039.smt2
/raid/steuber/Benchmarks/srem_sdiv_mul/QF_BV/sage/app1/bench_2039.smt2 0 5110 0 47673 0 43 0 932
[runner] /raid/steuber/Benchmarks/srem_sdiv_mul/QF_BV/sage/app7/bench_6504.smt2
/raid/steuber/Benchmarks/srem_sdiv_mul/QF_BV/sage/app7/bench_6504.smt2 23481 0 0 1652470 1 0 0 564
[runner] /raid/steuber/Benchmarks/srem_sdiv_mul/QF_BV/sage/app7/bench_5076.smt2
/raid/steuber/Benchmarks/srem_sdiv_mul/QF_BV/sage/app7/bench_5076.smt2 366395234216700965529964332078676664824097480248682948504 0 0 25769798139830954577756123452789056058284844082920847982157 1 0 0 13045
[runner] /raid/steuber/Benchmarks/srem_sdiv_mul/QF_BV/sage/app1/bench_300.smt2
/raid/steuber/Benchmarks/srem_sdiv_mul/QF_BV/sage/app1/bench_300.smt2 28 0 0 16821 5 0 0 2379
[runner] /raid/steuber/Benchmarks/srem_sdiv_mul/QF_BV/sage/app7/bench_6635.smt2
[runner] /raid/steuber/Benchmarks/srem_sdiv_mul/QF_BV/sage/app11/bench_241.smt2
/raid/steuber/Benchmarks/srem_sdiv_mul/QF_BV/sage/app11/bench_241.smt2 160530642051941165327432457051639618680622440806858240607997723257658307043149293345033719963664191705534930359423210665456356328115950272899926290021819085859423692080930996522275917716628592255650597473596631400748730687271726306170699799700203706987264415880427999374310441128442057073426258959594137359606165975625 64 0 4820042472761275985972216658658927337434617204596865093014543158319848201716188747289043486231521617696489382342835881966960810230019623024563234296428668023338999778655598964576010048993152487662560820335758479195934011466424752471795202260583357145292965549099401182239772858724358368964278751089802625928941579958366 1182 16 0 68703
[runner] /raid/steuber/Benchmarks/srem_sdiv_mul/QF_BV/sage/app7/bench_6547.smt2
/raid/steuber/Benchmarks/srem_sdiv_mul/QF_BV/sage/app7/bench_6547.smt2 3451 0 0 243412 1 0 0 448
[runner] /raid/steuber/Benchmarks/srem_sdiv_mul/QF_BV/sage/app7/bench_1671.smt2
[runner] /raid/steuber/Benchmarks/srem_sdiv_mul/QF_BV/sage/app5/bench_303.smt2
/raid/steuber/Benchmarks/srem_sdiv_mul/QF_BV/sage/app5/bench_303.smt2 2 71 0 640 2 26 0 200
[runner] /raid/steuber/Benchmarks/srem_sdiv_mul/QF_BV/Sage2/bench_16935.smt2
/raid/steuber/Benchmarks/srem_sdiv_mul/QF_BV/Sage2/bench_16935.smt2 4 0 0 1129 1 0 0 149
[runner] /raid/steuber/Benchmarks/srem_sdiv_mul/QF_BV/sage/app7/bench_3684.smt2
/raid/steuber/Benchmarks/srem_sdiv_mul/QF_BV/sage/app7/bench_3684.smt2 228377707517205849823393667539265942961944329521524629121139146256455266741383744522712853367731837 0 0 16062565428662141612354748456465246069680550350696301947650132356899348443021700355237498382510268343 1 0 0 26244
[runner] /raid/steuber/Benchmarks/srem_sdiv_mul/QF_BV/Sage2/bench_8347.smt2
/raid/steuber/Benchmarks/srem_sdiv_mul/QF_BV/Sage2/bench_8347.smt2 4 0 0 2212 1 0 0 206
[runner] /raid/steuber/Benchmarks/srem_sdiv_mul/QF_BV/Sage2/bench_9711.smt2
/raid/steuber/Benchmarks/srem_sdiv_mul/QF_BV/Sage2/bench_9711.smt2 116 0 0 62775 37 0 0 2133
[runner] /raid/steuber/Benchmarks/srem_sdiv_mul/QF_BV/sage/app12/bench_5425.smt2
/raid/steuber/Benchmarks/srem_sdiv_mul/QF_BV/sage/app12/bench_5425.smt2 0 2 0 321 0 1 0 149
[runner] /raid/steuber/Benchmarks/srem_sdiv_mul/QF_BV/sage/app7/bench_2021.smt2
/raid/steuber/Benchmarks/srem_sdiv_mul/QF_BV/sage/app7/bench_2021.smt2 42686218795496857735921783944176017535290021978506893458473057277278417950842517247738722232495762673429748489094764409759928758835776911133754726161143808284007304384421369601510450542348452997347847866273672018502953994208983607599415147494 0 0 3002264055274306693988540332807591408678070471610016840389722951859275566395737277531901167555036538260736163832223683634071402915719796543365772008751563250506006392720802417819795215032273940446278762522752023528611460745528331040705033287764 1 0 0 45079
[runner] /raid/steuber/Benchmarks/srem_sdiv_mul/QF_BV/sage/app2/bench_1287.smt2
/raid/steuber/Benchmarks/srem_sdiv_mul/QF_BV/sage/app2/bench_1287.smt2 404 3 0 79444 4 3 0 1978
[runner] /raid/steuber/Benchmarks/srem_sdiv_mul/QF_BV/sage/app9/bench_243.smt2
/raid/steuber/Benchmarks/srem_sdiv_mul/QF_BV/sage/app9/bench_243.smt2 207 0 0 7690 11 0 0 1456
[runner] /raid/steuber/Benchmarks/srem_sdiv_mul/QF_BV/Sage2/bench_11543.smt2
/raid/steuber/Benchmarks/srem_sdiv_mul/QF_BV/Sage2/bench_11543.smt2 4 0 0 2753 1 0 0 247
[runner] /raid/steuber/Benchmarks/srem_sdiv_mul/QF_BV/sage/app7/bench_513.smt2
[runner] /raid/steuber/Benchmarks/srem_sdiv_mul/QF_BV/sage/app9/bench_2759.smt2
/raid/steuber/Benchmarks/srem_sdiv_mul/QF_BV/sage/app9/bench_2759.smt2 213 0 0 31666 11 0 0 2522
[runner] /raid/steuber/Benchmarks/srem_sdiv_mul/QF_BV/sage/app1/bench_33.smt2
/raid/steuber/Benchmarks/srem_sdiv_mul/QF_BV/sage/app1/bench_33.smt2 36 0 0 54714 5 0 0 2561
[runner] /raid/steuber/Benchmarks/srem_sdiv_mul/QF_BV/sage/app7/bench_8611.smt2
[runner] /raid/steuber/Benchmarks/srem_sdiv_mul/QF_BV/sage/app9/bench_462.smt2
/raid/steuber/Benchmarks/srem_sdiv_mul/QF_BV/sage/app9/bench_462.smt2 163 0 0 1272 9 0 0 193
[runner] /raid/steuber/Benchmarks/srem_sdiv_mul/QF_BV/Sage2/bench_16102.smt2
/raid/steuber/Benchmarks/srem_sdiv_mul/QF_BV/Sage2/bench_16102.smt2 1 0 0 3300 1 0 0 466
[runner] /raid/steuber/Benchmarks/srem_sdiv_mul/QF_BV/sage/app7/bench_1306.smt2
[runner] /raid/steuber/Benchmarks/srem_sdiv_mul/QF_BV/Sage2/bench_17414.smt2
/raid/steuber/Benchmarks/srem_sdiv_mul/QF_BV/Sage2/bench_17414.smt2 1129 0 0 94521 90 0 0 2375
[runner] /raid/steuber/Benchmarks/srem_sdiv_mul/QF_BV/sage/app7/bench_2610.smt2
/raid/steuber/Benchmarks/srem_sdiv_mul/QF_BV/sage/app7/bench_2610.smt2 2827415552232023309821637985953051087425254135888388269734243932028561320517781082653782071146290826764613380367480 0 0 198861560506391339433444028307760445068128104464560171284316834514618903592540812605786850285642711467046770531552822 1 0 0 33753
[runner] /raid/steuber/Benchmarks/srem_sdiv_mul/QF_BV/sage/app7/bench_1893.smt2
[runner] /raid/steuber/Benchmarks/srem_sdiv_mul/QF_BV/sage/app11/bench_279.smt2
