/raid/steuber/Experiments//run.sh: line 2: source: filename argument required
source: usage: source filename [arguments]
[runlim] version:		1.7
[runlim] time limit:		311040000 seconds
[runlim] real time limit:	1200 seconds
[runlim] space limit:		7500 MB
[runlim] argv[0]:		/raid/steuber/Software/boolector/build/bin/boolector
[runlim] argv[1]:		-m
[runlim] argv[2]:		/raid/steuber/Benchmarks/srem_sdiv_mul/QF_BV/sage/app7/bench_2148.smt2
[runlim] start:			Tue Jun 18 14:12:16 2019
[runlim] main pid:		15037
[BTOR>check_sat] 0.001504 seconds
[runlim] end:			Tue Jun 18 14:12:16 2019
[runlim] status:		ok
[runlim] result:		20
[runlim] children:		0
[runlim] real:			0.91 seconds
[runlim] time:			0.35 seconds
[runlim] space:			15.1 MB
[runlim] samples:		4
/raid/steuber/Experiments//run.sh: line 2: source: filename argument required
source: usage: source filename [arguments]
[runlim] version:		1.7
[runlim] time limit:		311040000 seconds
[runlim] real time limit:	1200 seconds
[runlim] space limit:		7500 MB
[runlim] argv[0]:		/raid/steuber/Software/boolector/build/bin/boolector
[runlim] argv[1]:		-m
[runlim] argv[2]:		/raid/steuber/Benchmarks/srem_sdiv_mul/QF_BV/sage/app7/bench_4209.smt2
[runlim] start:			Tue Jun 18 14:12:16 2019
[runlim] main pid:		15042
[BTOR>check_sat] 0.002304 seconds
[runlim] end:			Tue Jun 18 14:12:17 2019
[runlim] status:		ok
[runlim] result:		20
[runlim] children:		0
[runlim] real:			1.16 seconds
[runlim] time:			0.18 seconds
[runlim] space:			10.0 MB
[runlim] samples:		2
/raid/steuber/Experiments//run.sh: line 2: source: filename argument required
source: usage: source filename [arguments]
[runlim] version:		1.7
[runlim] time limit:		311040000 seconds
[runlim] real time limit:	1200 seconds
[runlim] space limit:		7500 MB
[runlim] argv[0]:		/raid/steuber/Software/boolector/build/bin/boolector
[runlim] argv[1]:		-m
[runlim] argv[2]:		/raid/steuber/Benchmarks/srem_sdiv_mul/QF_BV/Sage2/bench_8942.smt2
[runlim] start:			Tue Jun 18 14:12:17 2019
[runlim] main pid:		15046
[BTOR>check_sat] 0.077106 seconds
[runlim] end:			Tue Jun 18 14:12:17 2019
[runlim] status:		ok
[runlim] result:		20
[runlim] children:		0
[runlim] real:			0.26 seconds
[runlim] time:			0.00 seconds
[runlim] space:			0.0 MB
[runlim] samples:		0
/raid/steuber/Experiments//run.sh: line 2: source: filename argument required
source: usage: source filename [arguments]
[runlim] version:		1.7
[runlim] time limit:		311040000 seconds
[runlim] real time limit:	1200 seconds
[runlim] space limit:		7500 MB
[runlim] argv[0]:		/raid/steuber/Software/boolector/build/bin/boolector
[runlim] argv[1]:		-m
[runlim] argv[2]:		/raid/steuber/Benchmarks/srem_sdiv_mul/QF_BV/sage/app12/bench_3845.smt2
[runlim] start:			Tue Jun 18 14:12:17 2019
[runlim] main pid:		15050
[BTOR>check_sat] 0.000760 seconds
[runlim] end:			Tue Jun 18 14:12:17 2019
[runlim] status:		ok
[runlim] result:		20
[runlim] children:		0
[runlim] real:			0.27 seconds
[runlim] time:			0.00 seconds
[runlim] space:			0.0 MB
[runlim] samples:		0
/raid/steuber/Experiments//run.sh: line 2: source: filename argument required
source: usage: source filename [arguments]
[runlim] version:		1.7
[runlim] time limit:		311040000 seconds
[runlim] real time limit:	1200 seconds
[runlim] space limit:		7500 MB
[runlim] argv[0]:		/raid/steuber/Software/boolector/build/bin/boolector
[runlim] argv[1]:		-m
[runlim] argv[2]:		/raid/steuber/Benchmarks/srem_sdiv_mul/QF_BV/sage/app8/bench_3798.smt2
[runlim] start:			Tue Jun 18 14:12:17 2019
[runlim] main pid:		15054
[BTOR>check_sat] 0.000032 seconds
[runlim] end:			Tue Jun 18 14:12:17 2019
[runlim] status:		ok
[runlim] result:		20
[runlim] children:		0
[runlim] real:			0.29 seconds
[runlim] time:			0.00 seconds
[runlim] space:			0.0 MB
[runlim] samples:		0
/raid/steuber/Experiments//run.sh: line 2: source: filename argument required
source: usage: source filename [arguments]
[runlim] version:		1.7
[runlim] time limit:		311040000 seconds
[runlim] real time limit:	1200 seconds
[runlim] space limit:		7500 MB
[runlim] argv[0]:		/raid/steuber/Software/boolector/build/bin/boolector
[runlim] argv[1]:		-m
[runlim] argv[2]:		/raid/steuber/Benchmarks/srem_sdiv_mul/QF_BV/Sage2/bench_17747.smt2
[runlim] start:			Tue Jun 18 14:12:16 2019
[runlim] main pid:		15038
[BTOR>check_sat] 1.025162 seconds
[runlim] end:			Tue Jun 18 14:12:17 2019
[runlim] status:		ok
[runlim] result:		20
[runlim] children:		0
[runlim] real:			1.57 seconds
[runlim] time:			0.95 seconds
[runlim] space:			8.1 MB
[runlim] samples:		10
/raid/steuber/Experiments//run.sh: line 2: source: filename argument required
source: usage: source filename [arguments]
[runlim] version:		1.7
[runlim] time limit:		311040000 seconds
[runlim] real time limit:	1200 seconds
[runlim] space limit:		7500 MB
[runlim] argv[0]:		/raid/steuber/Software/boolector/build/bin/boolector
[runlim] argv[1]:		-m
[runlim] argv[2]:		/raid/steuber/Benchmarks/srem_sdiv_mul/QF_BV/sage/app2/bench_1193.smt2
[runlim] start:			Tue Jun 18 14:12:17 2019
[runlim] main pid:		15062
[BTOR>check_sat] 0.000050 seconds
[runlim] end:			Tue Jun 18 14:12:17 2019
[runlim] status:		ok
[runlim] result:		20
[runlim] children:		0
[runlim] real:			0.60 seconds
[runlim] time:			0.00 seconds
[runlim] space:			0.0 MB
[runlim] samples:		0
/raid/steuber/Experiments//run.sh: line 2: source: filename argument required
source: usage: source filename [arguments]
[runlim] version:		1.7
[runlim] time limit:		311040000 seconds
[runlim] real time limit:	1200 seconds
[runlim] space limit:		7500 MB
[runlim] argv[0]:		/raid/steuber/Software/boolector/build/bin/boolector
[runlim] argv[1]:		-m
[runlim] argv[2]:		/raid/steuber/Benchmarks/srem_sdiv_mul/QF_BV/sage/app1/bench_2518.smt2
[runlim] start:			Tue Jun 18 14:12:17 2019
[runlim] main pid:		15066
[BTOR>check_sat] 0.000027 seconds
[runlim] end:			Tue Jun 18 14:12:17 2019
[runlim] status:		ok
[runlim] result:		20
[runlim] children:		0
[runlim] real:			0.62 seconds
[runlim] time:			0.00 seconds
[runlim] space:			0.0 MB
[runlim] samples:		0
/raid/steuber/Experiments//run.sh: line 2: source: filename argument required
source: usage: source filename [arguments]
[runlim] version:		1.7
[runlim] time limit:		311040000 seconds
[runlim] real time limit:	1200 seconds
[runlim] space limit:		7500 MB
[runlim] argv[0]:		/raid/steuber/Software/boolector/build/bin/boolector
[runlim] argv[1]:		-m
[runlim] argv[2]:		/raid/steuber/Benchmarks/srem_sdiv_mul/QF_BV/sage/app7/bench_4276.smt2
[runlim] start:			Tue Jun 18 14:12:17 2019
[runlim] main pid:		15070
[BTOR>check_sat] 0.000819 seconds
[runlim] end:			Tue Jun 18 14:12:17 2019
[runlim] status:		ok
[runlim] result:		20
[runlim] children:		0
[runlim] real:			0.81 seconds
[runlim] time:			0.09 seconds
[runlim] space:			7.1 MB
[runlim] samples:		1
/raid/steuber/Experiments//run.sh: line 2: source: filename argument required
source: usage: source filename [arguments]
[runlim] version:		1.7
[runlim] time limit:		311040000 seconds
[runlim] real time limit:	1200 seconds
[runlim] space limit:		7500 MB
[runlim] argv[0]:		/raid/steuber/Software/boolector/build/bin/boolector
[runlim] argv[1]:		-m
[runlim] argv[2]:		/raid/steuber/Benchmarks/srem_sdiv_mul/QF_BV/sage/app8/bench_3174.smt2
[runlim] start:			Tue Jun 18 14:12:17 2019
[runlim] main pid:		15074
[BTOR>check_sat] 0.008830 seconds
[runlim] end:			Tue Jun 18 14:12:17 2019
[runlim] status:		ok
[runlim] result:		20
[runlim] children:		0
[runlim] real:			0.85 seconds
[runlim] time:			0.00 seconds
[runlim] space:			0.0 MB
[runlim] samples:		0
/raid/steuber/Experiments//run.sh: line 2: source: filename argument required
source: usage: source filename [arguments]
[runlim] version:		1.7
[runlim] time limit:		311040000 seconds
[runlim] real time limit:	1200 seconds
[runlim] space limit:		7500 MB
[runlim] argv[0]:		/raid/steuber/Software/boolector/build/bin/boolector
[runlim] argv[1]:		-m
[runlim] argv[2]:		/raid/steuber/Benchmarks/srem_sdiv_mul/QF_BV/sage/app5/bench_336.smt2
[runlim] start:			Tue Jun 18 14:12:17 2019
[runlim] main pid:		15078
[BTOR>check_sat] 0.000293 seconds
[runlim] end:			Tue Jun 18 14:12:17 2019
[runlim] status:		ok
[runlim] result:		20
[runlim] children:		0
[runlim] real:			0.86 seconds
[runlim] time:			0.00 seconds
[runlim] space:			0.0 MB
[runlim] samples:		0
/raid/steuber/Experiments//run.sh: line 2: source: filename argument required
source: usage: source filename [arguments]
[runlim] version:		1.7
[runlim] time limit:		311040000 seconds
[runlim] real time limit:	1200 seconds
[runlim] space limit:		7500 MB
[runlim] argv[0]:		/raid/steuber/Software/boolector/build/bin/boolector
[runlim] argv[1]:		-m
[runlim] argv[2]:		/raid/steuber/Benchmarks/srem_sdiv_mul/QF_BV/sage/app11/bench_247.smt2
[runlim] start:			Tue Jun 18 14:12:17 2019
[runlim] main pid:		15082
[BTOR>check_sat] 0.000319 seconds
[runlim] end:			Tue Jun 18 14:12:18 2019
[runlim] status:		ok
[runlim] result:		20
[runlim] children:		0
[runlim] real:			1.57 seconds
[runlim] time:			0.69 seconds
[runlim] space:			30.5 MB
[runlim] samples:		7
/raid/steuber/Experiments//run.sh: line 2: source: filename argument required
source: usage: source filename [arguments]
[runlim] version:		1.7
[runlim] time limit:		311040000 seconds
[runlim] real time limit:	1200 seconds
[runlim] space limit:		7500 MB
[runlim] argv[0]:		/raid/steuber/Software/boolector/build/bin/boolector
[runlim] argv[1]:		-m
[runlim] argv[2]:		/raid/steuber/Benchmarks/srem_sdiv_mul/QF_BV/sage/app8/bench_822.smt2
[runlim] start:			Tue Jun 18 14:12:18 2019
[runlim] main pid:		15086
[BTOR>check_sat] 0.062853 seconds
[runlim] end:			Tue Jun 18 14:12:18 2019
[runlim] status:		ok
[runlim] result:		20
[runlim] children:		0
[runlim] real:			0.67 seconds
[runlim] time:			0.00 seconds
[runlim] space:			0.0 MB
[runlim] samples:		0
/raid/steuber/Experiments//run.sh: line 2: source: filename argument required
source: usage: source filename [arguments]
[runlim] version:		1.7
[runlim] time limit:		311040000 seconds
[runlim] real time limit:	1200 seconds
[runlim] space limit:		7500 MB
[runlim] argv[0]:		/raid/steuber/Software/boolector/build/bin/boolector
[runlim] argv[1]:		-m
[runlim] argv[2]:		/raid/steuber/Benchmarks/srem_sdiv_mul/QF_BV/sage/app7/bench_5536.smt2
[runlim] start:			Tue Jun 18 14:12:18 2019
[runlim] main pid:		15090
[BTOR>check_sat] 0.000132 seconds
[runlim] end:			Tue Jun 18 14:12:18 2019
[runlim] status:		ok
[runlim] result:		20
[runlim] children:		0
[runlim] real:			0.72 seconds
[runlim] time:			0.00 seconds
[runlim] space:			0.0 MB
[runlim] samples:		0
/raid/steuber/Experiments//run.sh: line 2: source: filename argument required
source: usage: source filename [arguments]
[runlim] version:		1.7
[runlim] time limit:		311040000 seconds
[runlim] real time limit:	1200 seconds
[runlim] space limit:		7500 MB
[runlim] argv[0]:		/raid/steuber/Software/boolector/build/bin/boolector
[runlim] argv[1]:		-m
[runlim] argv[2]:		/raid/steuber/Benchmarks/srem_sdiv_mul/QF_BV/Sage2/bench_13526.smt2
[runlim] start:			Tue Jun 18 14:12:17 2019
[runlim] main pid:		15058
[BTOR>check_sat] 2.128532 seconds
[runlim] end:			Tue Jun 18 14:12:19 2019
[runlim] status:		ok
[runlim] result:		20
[runlim] children:		0
[runlim] real:			2.49 seconds
[runlim] time:			2.08 seconds
[runlim] space:			11.2 MB
[runlim] samples:		21
/raid/steuber/Experiments//run.sh: line 2: source: filename argument required
source: usage: source filename [arguments]
[runlim] version:		1.7
[runlim] time limit:		311040000 seconds
[runlim] real time limit:	1200 seconds
[runlim] space limit:		7500 MB
[runlim] argv[0]:		/raid/steuber/Software/boolector/build/bin/boolector
[runlim] argv[1]:		-m
[runlim] argv[2]:		/raid/steuber/Benchmarks/srem_sdiv_mul/QF_BV/sage/app7/bench_5581.smt2
[runlim] start:			Tue Jun 18 14:12:18 2019
[runlim] main pid:		15094
[BTOR>check_sat] 0.001451 seconds
[runlim] end:			Tue Jun 18 14:12:20 2019
[runlim] status:		ok
[runlim] result:		20
[runlim] children:		0
[runlim] real:			2.52 seconds
[runlim] time:			1.67 seconds
[runlim] space:			51.9 MB
[runlim] samples:		17
/raid/steuber/Experiments//run.sh: line 2: source: filename argument required
source: usage: source filename [arguments]
[runlim] version:		1.7
[runlim] time limit:		311040000 seconds
[runlim] real time limit:	1200 seconds
[runlim] space limit:		7500 MB
[runlim] argv[0]:		/raid/steuber/Software/boolector/build/bin/boolector
[runlim] argv[1]:		-m
[runlim] argv[2]:		/raid/steuber/Benchmarks/srem_sdiv_mul/QF_BV/Sage2/bench_15110.smt2
[runlim] start:			Tue Jun 18 14:12:16 2019
[runlim] main pid:		15036
[BTOR>check_sat] 3.969553 seconds
[runlim] end:			Tue Jun 18 14:12:20 2019
[runlim] status:		ok
[runlim] result:		20
[runlim] children:		0
[runlim] real:			4.54 seconds
[runlim] time:			3.94 seconds
[runlim] space:			27.5 MB
[runlim] samples:		40
/raid/steuber/Experiments//run.sh: line 2: source: filename argument required
source: usage: source filename [arguments]
[runlim] version:		1.7
[runlim] time limit:		311040000 seconds
[runlim] real time limit:	1200 seconds
[runlim] space limit:		7500 MB
[runlim] argv[0]:		/raid/steuber/Software/boolector/build/bin/boolector
[runlim] argv[1]:		-m
[runlim] argv[2]:		/raid/steuber/Benchmarks/srem_sdiv_mul/QF_BV/sage/app8/bench_236.smt2
[runlim] start:			Tue Jun 18 14:12:20 2019
[runlim] main pid:		15106
[BTOR>check_sat] 0.031303 seconds
[runlim] end:			Tue Jun 18 14:12:20 2019
[runlim] status:		ok
[runlim] result:		20
[runlim] children:		0
[runlim] real:			0.60 seconds
[runlim] time:			0.00 seconds
[runlim] space:			0.0 MB
[runlim] samples:		0
/raid/steuber/Experiments//run.sh: line 2: source: filename argument required
source: usage: source filename [arguments]
[runlim] version:		1.7
[runlim] time limit:		311040000 seconds
[runlim] real time limit:	1200 seconds
[runlim] space limit:		7500 MB
[runlim] argv[0]:		/raid/steuber/Software/boolector/build/bin/boolector
[runlim] argv[1]:		-m
[runlim] argv[2]:		/raid/steuber/Benchmarks/srem_sdiv_mul/QF_BV/sage/app1/bench_2085.smt2
[runlim] start:			Tue Jun 18 14:12:20 2019
[runlim] main pid:		15110
[BTOR>check_sat] 0.087020 seconds
[runlim] end:			Tue Jun 18 14:12:20 2019
[runlim] status:		ok
[runlim] result:		20
[runlim] children:		0
[runlim] real:			0.73 seconds
[runlim] time:			0.09 seconds
[runlim] space:			13.7 MB
[runlim] samples:		1
/raid/steuber/Experiments//run.sh: line 2: source: filename argument required
source: usage: source filename [arguments]
[runlim] version:		1.7
[runlim] time limit:		311040000 seconds
[runlim] real time limit:	1200 seconds
[runlim] space limit:		7500 MB
[runlim] argv[0]:		/raid/steuber/Software/boolector/build/bin/boolector
[runlim] argv[1]:		-m
[runlim] argv[2]:		/raid/steuber/Benchmarks/srem_sdiv_mul/QF_BV/sage/app7/bench_2739.smt2
[runlim] start:			Tue Jun 18 14:12:20 2019
[runlim] main pid:		15102
[BTOR>check_sat] 0.000129 seconds
[runlim] end:			Tue Jun 18 14:12:20 2019
[runlim] status:		ok
[runlim] result:		20
[runlim] children:		0
[runlim] real:			0.83 seconds
[runlim] time:			0.19 seconds
[runlim] space:			11.9 MB
[runlim] samples:		2
/raid/steuber/Experiments//run.sh: line 2: source: filename argument required
source: usage: source filename [arguments]
[runlim] version:		1.7
[runlim] time limit:		311040000 seconds
[runlim] real time limit:	1200 seconds
[runlim] space limit:		7500 MB
[runlim] argv[0]:		/raid/steuber/Software/boolector/build/bin/boolector
[runlim] argv[1]:		-m
[runlim] argv[2]:		/raid/steuber/Benchmarks/srem_sdiv_mul/QF_BV/sage/app7/bench_1602.smt2
[runlim] start:			Tue Jun 18 14:12:20 2019
[runlim] main pid:		15118
[BTOR>check_sat] 0.000677 seconds
[runlim] end:			Tue Jun 18 14:12:21 2019
[runlim] status:		ok
[runlim] result:		20
[runlim] children:		0
[runlim] real:			1.61 seconds
[runlim] time:			0.68 seconds
[runlim] space:			29.5 MB
[runlim] samples:		7
/raid/steuber/Experiments//run.sh: line 2: source: filename argument required
source: usage: source filename [arguments]
[runlim] version:		1.7
[runlim] time limit:		311040000 seconds
[runlim] real time limit:	1200 seconds
[runlim] space limit:		7500 MB
[runlim] argv[0]:		/raid/steuber/Software/boolector/build/bin/boolector
[runlim] argv[1]:		-m
[runlim] argv[2]:		/raid/steuber/Benchmarks/srem_sdiv_mul/QF_BV/sage/app11/bench_394.smt2
[runlim] start:			Tue Jun 18 14:12:20 2019
[runlim] main pid:		15114
[BTOR>check_sat] 0.000392 seconds
[runlim] end:			Tue Jun 18 14:12:21 2019
[runlim] status:		ok
[runlim] result:		20
[runlim] children:		0
[runlim] real:			1.62 seconds
[runlim] time:			0.78 seconds
[runlim] space:			30.8 MB
[runlim] samples:		8
/raid/steuber/Experiments//run.sh: line 2: source: filename argument required
source: usage: source filename [arguments]
[runlim] version:		1.7
[runlim] time limit:		311040000 seconds
[runlim] real time limit:	1200 seconds
[runlim] space limit:		7500 MB
[runlim] argv[0]:		/raid/steuber/Software/boolector/build/bin/boolector
[runlim] argv[1]:		-m
[runlim] argv[2]:		/raid/steuber/Benchmarks/srem_sdiv_mul/QF_BV/sage/app9/bench_169.smt2
[runlim] start:			Tue Jun 18 14:12:21 2019
[runlim] main pid:		15124
[BTOR>check_sat] 0.000078 seconds
[runlim] end:			Tue Jun 18 14:12:21 2019
[runlim] status:		ok
[runlim] result:		20
[runlim] children:		0
[runlim] real:			0.65 seconds
[runlim] time:			0.00 seconds
[runlim] space:			0.0 MB
[runlim] samples:		0
/raid/steuber/Experiments//run.sh: line 2: source: filename argument required
source: usage: source filename [arguments]
[runlim] version:		1.7
[runlim] time limit:		311040000 seconds
[runlim] real time limit:	1200 seconds
[runlim] space limit:		7500 MB
[runlim] argv[0]:		/raid/steuber/Software/boolector/build/bin/boolector
[runlim] argv[1]:		-m
[runlim] argv[2]:		/raid/steuber/Benchmarks/srem_sdiv_mul/QF_BV/sage/app8/bench_3268.smt2
[runlim] start:			Tue Jun 18 14:12:21 2019
[runlim] main pid:		15130
[BTOR>check_sat] 0.008907 seconds
[runlim] end:			Tue Jun 18 14:12:21 2019
[runlim] status:		ok
[runlim] result:		20
[runlim] children:		0
[runlim] real:			0.69 seconds
[runlim] time:			0.00 seconds
[runlim] space:			0.0 MB
[runlim] samples:		0
/raid/steuber/Experiments//run.sh: line 2: source: filename argument required
source: usage: source filename [arguments]
[runlim] version:		1.7
[runlim] time limit:		311040000 seconds
[runlim] real time limit:	1200 seconds
[runlim] space limit:		7500 MB
[runlim] argv[0]:		/raid/steuber/Software/boolector/build/bin/boolector
[runlim] argv[1]:		-m
[runlim] argv[2]:		/raid/steuber/Benchmarks/srem_sdiv_mul/QF_BV/sage/app7/bench_5334.smt2
[runlim] start:			Tue Jun 18 14:12:21 2019
[runlim] main pid:		15134
[BTOR>check_sat] 0.000203 seconds
[runlim] end:			Tue Jun 18 14:12:21 2019
[runlim] status:		ok
[runlim] result:		20
[runlim] children:		0
[runlim] real:			0.77 seconds
[runlim] time:			0.00 seconds
[runlim] space:			0.0 MB
[runlim] samples:		0
/raid/steuber/Experiments//run.sh: line 2: source: filename argument required
source: usage: source filename [arguments]
[runlim] version:		1.7
[runlim] time limit:		311040000 seconds
[runlim] real time limit:	1200 seconds
[runlim] space limit:		7500 MB
[runlim] argv[0]:		/raid/steuber/Software/boolector/build/bin/boolector
[runlim] argv[1]:		-m
[runlim] argv[2]:		/raid/steuber/Benchmarks/srem_sdiv_mul/QF_BV/sage/app11/bench_177.smt2
[runlim] start:			Tue Jun 18 14:12:21 2019
[runlim] main pid:		15126
[BTOR>check_sat] 0.000318 seconds
[runlim] end:			Tue Jun 18 14:12:22 2019
[runlim] status:		ok
[runlim] result:		20
[runlim] children:		0
[runlim] real:			1.35 seconds
[runlim] time:			0.69 seconds
[runlim] space:			30.5 MB
[runlim] samples:		7
/raid/steuber/Experiments//run.sh: line 2: source: filename argument required
source: usage: source filename [arguments]
[runlim] version:		1.7
[runlim] time limit:		311040000 seconds
[runlim] real time limit:	1200 seconds
[runlim] space limit:		7500 MB
[runlim] argv[0]:		/raid/steuber/Software/boolector/build/bin/boolector
[runlim] argv[1]:		-m
[runlim] argv[2]:		/raid/steuber/Benchmarks/srem_sdiv_mul/QF_BV/sage/app7/bench_5561.smt2
[runlim] start:			Tue Jun 18 14:12:22 2019
[runlim] main pid:		15142
[BTOR>check_sat] 0.000135 seconds
[runlim] end:			Tue Jun 18 14:12:22 2019
[runlim] status:		ok
[runlim] result:		20
[runlim] children:		0
[runlim] real:			0.40 seconds
[runlim] time:			0.00 seconds
[runlim] space:			0.0 MB
[runlim] samples:		0
/raid/steuber/Experiments//run.sh: line 2: source: filename argument required
source: usage: source filename [arguments]
[runlim] version:		1.7
[runlim] time limit:		311040000 seconds
[runlim] real time limit:	1200 seconds
[runlim] space limit:		7500 MB
[runlim] argv[0]:		/raid/steuber/Software/boolector/build/bin/boolector
[runlim] argv[1]:		-m
[runlim] argv[2]:		/raid/steuber/Benchmarks/srem_sdiv_mul/QF_BV/sage/app7/bench_327.smt2
[runlim] start:			Tue Jun 18 14:12:21 2019
[runlim] main pid:		15138
[BTOR>check_sat] 0.000927 seconds
[runlim] end:			Tue Jun 18 14:12:23 2019
[runlim] status:		ok
[runlim] result:		20
[runlim] children:		0
[runlim] real:			2.56 seconds
[runlim] time:			1.68 seconds
[runlim] space:			51.7 MB
[runlim] samples:		17
/raid/steuber/Experiments//run.sh: line 2: source: filename argument required
source: usage: source filename [arguments]
[runlim] version:		1.7
[runlim] time limit:		311040000 seconds
[runlim] real time limit:	1200 seconds
[runlim] space limit:		7500 MB
[runlim] argv[0]:		/raid/steuber/Software/boolector/build/bin/boolector
[runlim] argv[1]:		-m
[runlim] argv[2]:		/raid/steuber/Benchmarks/srem_sdiv_mul/QF_BV/sage/app7/bench_3250.smt2
[runlim] start:			Tue Jun 18 14:12:23 2019
[runlim] main pid:		15150
[BTOR>check_sat] 0.002148 seconds
[runlim] end:			Tue Jun 18 14:12:23 2019
[runlim] status:		ok
[runlim] result:		20
[runlim] children:		0
[runlim] real:			0.85 seconds
[runlim] time:			0.18 seconds
[runlim] space:			11.7 MB
[runlim] samples:		2
/raid/steuber/Experiments//run.sh: line 2: source: filename argument required
source: usage: source filename [arguments]
[runlim] version:		1.7
[runlim] time limit:		311040000 seconds
[runlim] real time limit:	1200 seconds
[runlim] space limit:		7500 MB
[runlim] argv[0]:		/raid/steuber/Software/boolector/build/bin/boolector
[runlim] argv[1]:		-m
[runlim] argv[2]:		/raid/steuber/Benchmarks/srem_sdiv_mul/QF_BV/sage/app7/bench_3163.smt2
[runlim] start:			Tue Jun 18 14:12:23 2019
[runlim] main pid:		15154
[BTOR>check_sat] 0.004267 seconds
[runlim] end:			Tue Jun 18 14:12:24 2019
[runlim] status:		ok
[runlim] result:		20
[runlim] children:		0
[runlim] real:			1.22 seconds
[runlim] time:			0.29 seconds
[runlim] space:			13.9 MB
[runlim] samples:		3
/raid/steuber/Experiments//run.sh: line 2: source: filename argument required
source: usage: source filename [arguments]
[runlim] version:		1.7
[runlim] time limit:		311040000 seconds
[runlim] real time limit:	1200 seconds
[runlim] space limit:		7500 MB
[runlim] argv[0]:		/raid/steuber/Software/boolector/build/bin/boolector
[runlim] argv[1]:		-m
[runlim] argv[2]:		/raid/steuber/Benchmarks/srem_sdiv_mul/QF_BV/Sage2/bench_1321.smt2
[runlim] start:			Tue Jun 18 14:12:22 2019
[runlim] main pid:		15146
[BTOR>check_sat] 2.642442 seconds
[runlim] end:			Tue Jun 18 14:12:25 2019
[runlim] status:		ok
[runlim] result:		20
[runlim] children:		0
[runlim] real:			3.64 seconds
[runlim] time:			3.16 seconds
[runlim] space:			329.5 MB
[runlim] samples:		32
/raid/steuber/Experiments//run.sh: line 2: source: filename argument required
source: usage: source filename [arguments]
[runlim] version:		1.7
[runlim] time limit:		311040000 seconds
[runlim] real time limit:	1200 seconds
[runlim] space limit:		7500 MB
[runlim] argv[0]:		/raid/steuber/Software/boolector/build/bin/boolector
[runlim] argv[1]:		-m
[runlim] argv[2]:		/raid/steuber/Benchmarks/srem_sdiv_mul/QF_BV/sage/app7/bench_6096.smt2
[runlim] start:			Tue Jun 18 14:12:25 2019
[runlim] main pid:		15162
[BTOR>check_sat] 0.000080 seconds
[runlim] end:			Tue Jun 18 14:12:25 2019
[runlim] status:		ok
[runlim] result:		20
[runlim] children:		0
[runlim] real:			0.66 seconds
[runlim] time:			0.00 seconds
[runlim] space:			0.0 MB
[runlim] samples:		0
/raid/steuber/Experiments//run.sh: line 2: source: filename argument required
source: usage: source filename [arguments]
[runlim] version:		1.7
[runlim] time limit:		311040000 seconds
[runlim] real time limit:	1200 seconds
[runlim] space limit:		7500 MB
[runlim] argv[0]:		/raid/steuber/Software/boolector/build/bin/boolector
[runlim] argv[1]:		-m
[runlim] argv[2]:		/raid/steuber/Benchmarks/srem_sdiv_mul/QF_BV/Sage2/bench_15585.smt2
[runlim] start:			Tue Jun 18 14:12:25 2019
[runlim] main pid:		15166
[BTOR>check_sat] 0.989028 seconds
[runlim] end:			Tue Jun 18 14:12:26 2019
[runlim] status:		ok
[runlim] result:		20
[runlim] children:		0
[runlim] real:			1.68 seconds
[runlim] time:			0.99 seconds
[runlim] space:			9.3 MB
[runlim] samples:		10
/raid/steuber/Experiments//run.sh: line 2: source: filename argument required
source: usage: source filename [arguments]
[runlim] version:		1.7
[runlim] time limit:		311040000 seconds
[runlim] real time limit:	1200 seconds
[runlim] space limit:		7500 MB
[runlim] argv[0]:		/raid/steuber/Software/boolector/build/bin/boolector
[runlim] argv[1]:		-m
[runlim] argv[2]:		/raid/steuber/Benchmarks/srem_sdiv_mul/QF_BV/sage/app7/bench_6531.smt2
[runlim] start:			Tue Jun 18 14:12:26 2019
[runlim] main pid:		15170
[BTOR>check_sat] 0.019546 seconds
[runlim] end:			Tue Jun 18 14:12:26 2019
[runlim] status:		ok
[runlim] result:		20
[runlim] children:		0
[runlim] real:			0.72 seconds
[runlim] time:			0.00 seconds
[runlim] space:			0.0 MB
[runlim] samples:		0
/raid/steuber/Experiments//run.sh: line 2: source: filename argument required
source: usage: source filename [arguments]
[runlim] version:		1.7
[runlim] time limit:		311040000 seconds
[runlim] real time limit:	1200 seconds
[runlim] space limit:		7500 MB
[runlim] argv[0]:		/raid/steuber/Software/boolector/build/bin/boolector
[runlim] argv[1]:		-m
[runlim] argv[2]:		/raid/steuber/Benchmarks/srem_sdiv_mul/QF_BV/sage/app5/bench_419.smt2
[runlim] start:			Tue Jun 18 14:12:26 2019
[runlim] main pid:		15174
[BTOR>check_sat] 0.049690 seconds
[runlim] end:			Tue Jun 18 14:12:26 2019
[runlim] status:		ok
[runlim] result:		20
[runlim] children:		0
[runlim] real:			0.80 seconds
[runlim] time:			0.00 seconds
[runlim] space:			0.0 MB
[runlim] samples:		0
/raid/steuber/Experiments//run.sh: line 2: source: filename argument required
source: usage: source filename [arguments]
[runlim] version:		1.7
[runlim] time limit:		311040000 seconds
[runlim] real time limit:	1200 seconds
[runlim] space limit:		7500 MB
[runlim] argv[0]:		/raid/steuber/Software/boolector/build/bin/boolector
[runlim] argv[1]:		-m
[runlim] argv[2]:		/raid/steuber/Benchmarks/srem_sdiv_mul/QF_BV/sage/app7/bench_3802.smt2
[runlim] start:			Tue Jun 18 14:12:26 2019
[runlim] main pid:		15178
[BTOR>check_sat] 0.002906 seconds
[runlim] end:			Tue Jun 18 14:12:27 2019
[runlim] status:		ok
[runlim] result:		20
[runlim] children:		0
[runlim] real:			1.10 seconds
[runlim] time:			0.18 seconds
[runlim] space:			10.0 MB
[runlim] samples:		2
/raid/steuber/Experiments//run.sh: line 2: source: filename argument required
source: usage: source filename [arguments]
[runlim] version:		1.7
[runlim] time limit:		311040000 seconds
[runlim] real time limit:	1200 seconds
[runlim] space limit:		7500 MB
[runlim] argv[0]:		/raid/steuber/Software/boolector/build/bin/boolector
[runlim] argv[1]:		-m
[runlim] argv[2]:		/raid/steuber/Benchmarks/srem_sdiv_mul/QF_BV/Sage2/bench_12742.smt2
[runlim] start:			Tue Jun 18 14:12:27 2019
[runlim] main pid:		15182
[BTOR>check_sat] 2.139057 seconds
[runlim] end:			Tue Jun 18 14:12:30 2019
[runlim] status:		ok
[runlim] result:		20
[runlim] children:		0
[runlim] real:			3.27 seconds
[runlim] time:			3.01 seconds
[runlim] space:			100.4 MB
[runlim] samples:		31
/raid/steuber/Experiments//run.sh: line 2: source: filename argument required
source: usage: source filename [arguments]
[runlim] version:		1.7
[runlim] time limit:		311040000 seconds
[runlim] real time limit:	1200 seconds
[runlim] space limit:		7500 MB
[runlim] argv[0]:		/raid/steuber/Software/boolector/build/bin/boolector
[runlim] argv[1]:		-m
[runlim] argv[2]:		/raid/steuber/Benchmarks/srem_sdiv_mul/QF_BV/sage/app8/bench_757.smt2
[runlim] start:			Tue Jun 18 14:12:30 2019
[runlim] main pid:		15186
[BTOR>check_sat] 0.614697 seconds
[runlim] end:			Tue Jun 18 14:12:30 2019
[runlim] status:		ok
[runlim] result:		20
[runlim] children:		0
[runlim] real:			0.92 seconds
[runlim] time:			0.58 seconds
[runlim] space:			7.6 MB
[runlim] samples:		6
/raid/steuber/Experiments//run.sh: line 2: source: filename argument required
source: usage: source filename [arguments]
[runlim] version:		1.7
[runlim] time limit:		311040000 seconds
[runlim] real time limit:	1200 seconds
[runlim] space limit:		7500 MB
[runlim] argv[0]:		/raid/steuber/Software/boolector/build/bin/boolector
[runlim] argv[1]:		-m
[runlim] argv[2]:		/raid/steuber/Benchmarks/srem_sdiv_mul/QF_BV/Sage2/bench_9209.smt2
[runlim] start:			Tue Jun 18 14:12:24 2019
[runlim] main pid:		15158
[BTOR>check_sat] 8.535345 seconds
[runlim] end:			Tue Jun 18 14:12:33 2019
[runlim] status:		ok
[runlim] result:		20
[runlim] children:		0
[runlim] real:			9.24 seconds
[runlim] time:			8.97 seconds
[runlim] space:			14.2 MB
[runlim] samples:		90
/raid/steuber/Experiments//run.sh: line 2: source: filename argument required
source: usage: source filename [arguments]
[runlim] version:		1.7
[runlim] time limit:		311040000 seconds
[runlim] real time limit:	1200 seconds
[runlim] space limit:		7500 MB
[runlim] argv[0]:		/raid/steuber/Software/boolector/build/bin/boolector
[runlim] argv[1]:		-m
[runlim] argv[2]:		/raid/steuber/Benchmarks/srem_sdiv_mul/QF_BV/Sage2/bench_9159.smt2
[runlim] start:			Tue Jun 18 14:12:33 2019
[runlim] main pid:		15194
[BTOR>check_sat] 0.012695 seconds
[runlim] end:			Tue Jun 18 14:12:33 2019
[runlim] status:		ok
[runlim] result:		20
[runlim] children:		0
[runlim] real:			0.27 seconds
[runlim] time:			0.00 seconds
[runlim] space:			0.0 MB
[runlim] samples:		0
/raid/steuber/Experiments//run.sh: line 2: source: filename argument required
source: usage: source filename [arguments]
[runlim] version:		1.7
[runlim] time limit:		311040000 seconds
[runlim] real time limit:	1200 seconds
[runlim] space limit:		7500 MB
[runlim] argv[0]:		/raid/steuber/Software/boolector/build/bin/boolector
[runlim] argv[1]:		-m
[runlim] argv[2]:		/raid/steuber/Benchmarks/srem_sdiv_mul/QF_BV/sage/app9/bench_2765.smt2
[runlim] start:			Tue Jun 18 14:12:33 2019
[runlim] main pid:		15198
[BTOR>check_sat] 0.000036 seconds
[runlim] end:			Tue Jun 18 14:12:33 2019
[runlim] status:		ok
[runlim] result:		20
[runlim] children:		0
[runlim] real:			0.28 seconds
[runlim] time:			0.00 seconds
[runlim] space:			0.0 MB
[runlim] samples:		0
/raid/steuber/Experiments//run.sh: line 2: source: filename argument required
source: usage: source filename [arguments]
[runlim] version:		1.7
[runlim] time limit:		311040000 seconds
[runlim] real time limit:	1200 seconds
[runlim] space limit:		7500 MB
[runlim] argv[0]:		/raid/steuber/Software/boolector/build/bin/boolector
[runlim] argv[1]:		-m
[runlim] argv[2]:		/raid/steuber/Benchmarks/srem_sdiv_mul/QF_BV/Sage2/bench_313.smt2
[runlim] start:			Tue Jun 18 14:12:33 2019
[runlim] main pid:		15202
[BTOR>check_sat] 0.070270 seconds
[runlim] end:			Tue Jun 18 14:12:33 2019
[runlim] status:		ok
[runlim] result:		20
[runlim] children:		0
[runlim] real:			0.38 seconds
[runlim] time:			0.00 seconds
[runlim] space:			0.0 MB
[runlim] samples:		0
/raid/steuber/Experiments//run.sh: line 2: source: filename argument required
source: usage: source filename [arguments]
[runlim] version:		1.7
[runlim] time limit:		311040000 seconds
[runlim] real time limit:	1200 seconds
[runlim] space limit:		7500 MB
[runlim] argv[0]:		/raid/steuber/Software/boolector/build/bin/boolector
[runlim] argv[1]:		-m
[runlim] argv[2]:		/raid/steuber/Benchmarks/srem_sdiv_mul/QF_BV/sage/app7/bench_5729.smt2
[runlim] start:			Tue Jun 18 14:12:33 2019
[runlim] main pid:		15206
[BTOR>check_sat] 0.000129 seconds
[runlim] end:			Tue Jun 18 14:12:33 2019
[runlim] status:		ok
[runlim] result:		20
[runlim] children:		0
[runlim] real:			0.43 seconds
[runlim] time:			0.00 seconds
[runlim] space:			0.0 MB
[runlim] samples:		0
/raid/steuber/Experiments//run.sh: line 2: source: filename argument required
source: usage: source filename [arguments]
[runlim] version:		1.7
[runlim] time limit:		311040000 seconds
[runlim] real time limit:	1200 seconds
[runlim] space limit:		7500 MB
[runlim] argv[0]:		/raid/steuber/Software/boolector/build/bin/boolector
[runlim] argv[1]:		-m
[runlim] argv[2]:		/raid/steuber/Benchmarks/srem_sdiv_mul/QF_BV/sage/app2/bench_756.smt2
[runlim] start:			Tue Jun 18 14:12:33 2019
[runlim] main pid:		15210
[BTOR>check_sat] 0.000088 seconds
[runlim] end:			Tue Jun 18 14:12:33 2019
[runlim] status:		ok
[runlim] result:		20
[runlim] children:		0
[runlim] real:			0.50 seconds
[runlim] time:			0.00 seconds
[runlim] space:			0.0 MB
[runlim] samples:		0
/raid/steuber/Experiments//run.sh: line 2: source: filename argument required
source: usage: source filename [arguments]
[runlim] version:		1.7
[runlim] time limit:		311040000 seconds
[runlim] real time limit:	1200 seconds
[runlim] space limit:		7500 MB
[runlim] argv[0]:		/raid/steuber/Software/boolector/build/bin/boolector
[runlim] argv[1]:		-m
[runlim] argv[2]:		/raid/steuber/Benchmarks/srem_sdiv_mul/QF_BV/sage/app5/bench_424.smt2
[runlim] start:			Tue Jun 18 14:12:33 2019
[runlim] main pid:		15214
[BTOR>check_sat] 0.022111 seconds
[runlim] end:			Tue Jun 18 14:12:33 2019
[runlim] status:		ok
[runlim] result:		20
[runlim] children:		0
[runlim] real:			0.54 seconds
[runlim] time:			0.00 seconds
[runlim] space:			0.0 MB
[runlim] samples:		0
/raid/steuber/Experiments//run.sh: line 2: source: filename argument required
source: usage: source filename [arguments]
[runlim] version:		1.7
[runlim] time limit:		311040000 seconds
[runlim] real time limit:	1200 seconds
[runlim] space limit:		7500 MB
[runlim] argv[0]:		/raid/steuber/Software/boolector/build/bin/boolector
[runlim] argv[1]:		-m
[runlim] argv[2]:		/raid/steuber/Benchmarks/srem_sdiv_mul/QF_BV/Sage2/bench_16031.smt2
[runlim] start:			Tue Jun 18 14:12:33 2019
[runlim] main pid:		15218
[BTOR>check_sat] 1.206130 seconds
[runlim] end:			Tue Jun 18 14:12:34 2019
[runlim] status:		ok
[runlim] result:		20
[runlim] children:		0
[runlim] real:			1.81 seconds
[runlim] time:			1.16 seconds
[runlim] space:			9.0 MB
[runlim] samples:		12
/raid/steuber/Experiments//run.sh: line 2: source: filename argument required
source: usage: source filename [arguments]
[runlim] version:		1.7
[runlim] time limit:		311040000 seconds
[runlim] real time limit:	1200 seconds
[runlim] space limit:		7500 MB
[runlim] argv[0]:		/raid/steuber/Software/boolector/build/bin/boolector
[runlim] argv[1]:		-m
[runlim] argv[2]:		/raid/steuber/Benchmarks/srem_sdiv_mul/QF_BV/sage/app1/bench_158.smt2
[runlim] start:			Tue Jun 18 14:12:34 2019
[runlim] main pid:		15222
[BTOR>check_sat] 0.005421 seconds
[runlim] end:			Tue Jun 18 14:12:34 2019
[runlim] status:		ok
[runlim] result:		20
[runlim] children:		0
[runlim] real:			0.85 seconds
[runlim] time:			0.00 seconds
[runlim] space:			0.0 MB
[runlim] samples:		0
/raid/steuber/Experiments//run.sh: line 2: source: filename argument required
source: usage: source filename [arguments]
[runlim] version:		1.7
[runlim] time limit:		311040000 seconds
[runlim] real time limit:	1200 seconds
[runlim] space limit:		7500 MB
[runlim] argv[0]:		/raid/steuber/Software/boolector/build/bin/boolector
[runlim] argv[1]:		-m
[runlim] argv[2]:		/raid/steuber/Benchmarks/srem_sdiv_mul/QF_BV/sage/app7/bench_6056.smt2
[runlim] start:			Tue Jun 18 14:12:34 2019
[runlim] main pid:		15226
[BTOR>check_sat] 0.000088 seconds
[runlim] end:			Tue Jun 18 14:12:34 2019
[runlim] status:		ok
[runlim] result:		20
[runlim] children:		0
[runlim] real:			0.87 seconds
[runlim] time:			0.00 seconds
[runlim] space:			0.0 MB
[runlim] samples:		0
/raid/steuber/Experiments//run.sh: line 2: source: filename argument required
source: usage: source filename [arguments]
[runlim] version:		1.7
[runlim] time limit:		311040000 seconds
[runlim] real time limit:	1200 seconds
[runlim] space limit:		7500 MB
[runlim] argv[0]:		/raid/steuber/Software/boolector/build/bin/boolector
[runlim] argv[1]:		-m
[runlim] argv[2]:		/raid/steuber/Benchmarks/srem_sdiv_mul/QF_BV/sage/app11/bench_307.smt2
[runlim] start:			Tue Jun 18 14:12:34 2019
[runlim] main pid:		15230
[BTOR>check_sat] 0.000492 seconds
[runlim] end:			Tue Jun 18 14:12:35 2019
[runlim] status:		ok
[runlim] result:		20
[runlim] children:		0
[runlim] real:			1.72 seconds
[runlim] time:			0.75 seconds
[runlim] space:			30.5 MB
[runlim] samples:		8
/raid/steuber/Experiments//run.sh: line 2: source: filename argument required
source: usage: source filename [arguments]
[runlim] version:		1.7
[runlim] time limit:		311040000 seconds
[runlim] real time limit:	1200 seconds
[runlim] space limit:		7500 MB
[runlim] argv[0]:		/raid/steuber/Software/boolector/build/bin/boolector
[runlim] argv[1]:		-m
[runlim] argv[2]:		/raid/steuber/Benchmarks/srem_sdiv_mul/QF_BV/Sage2/bench_16383.smt2
[runlim] start:			Tue Jun 18 14:12:35 2019
[runlim] main pid:		15234
[BTOR>check_sat] 3.577272 seconds
[runlim] end:			Tue Jun 18 14:12:39 2019
[runlim] status:		ok
[runlim] result:		20
[runlim] children:		0
[runlim] real:			4.39 seconds
[runlim] time:			3.57 seconds
[runlim] space:			31.6 MB
[runlim] samples:		36
/raid/steuber/Experiments//run.sh: line 2: source: filename argument required
source: usage: source filename [arguments]
[runlim] version:		1.7
[runlim] time limit:		311040000 seconds
[runlim] real time limit:	1200 seconds
[runlim] space limit:		7500 MB
[runlim] argv[0]:		/raid/steuber/Software/boolector/build/bin/boolector
[runlim] argv[1]:		-m
[runlim] argv[2]:		/raid/steuber/Benchmarks/srem_sdiv_mul/QF_BV/sage/app2/bench_267.smt2
[runlim] start:			Tue Jun 18 14:12:39 2019
[runlim] main pid:		15238
[BTOR>check_sat] 0.029924 seconds
[runlim] end:			Tue Jun 18 14:12:39 2019
[runlim] status:		ok
[runlim] result:		20
[runlim] children:		0
[runlim] real:			0.44 seconds
[runlim] time:			0.00 seconds
[runlim] space:			0.0 MB
[runlim] samples:		0
/raid/steuber/Experiments//run.sh: line 2: source: filename argument required
source: usage: source filename [arguments]
[runlim] version:		1.7
[runlim] time limit:		311040000 seconds
[runlim] real time limit:	1200 seconds
[runlim] space limit:		7500 MB
[runlim] argv[0]:		/raid/steuber/Software/boolector/build/bin/boolector
[runlim] argv[1]:		-m
[runlim] argv[2]:		/raid/steuber/Benchmarks/srem_sdiv_mul/QF_BV/sage/app8/bench_3578.smt2
[runlim] start:			Tue Jun 18 14:12:39 2019
[runlim] main pid:		15242
[BTOR>check_sat] 0.000060 seconds
[runlim] end:			Tue Jun 18 14:12:39 2019
[runlim] status:		ok
[runlim] result:		20
[runlim] children:		0
[runlim] real:			0.46 seconds
[runlim] time:			0.00 seconds
[runlim] space:			0.0 MB
[runlim] samples:		0
/raid/steuber/Experiments//run.sh: line 2: source: filename argument required
source: usage: source filename [arguments]
[runlim] version:		1.7
[runlim] time limit:		311040000 seconds
[runlim] real time limit:	1200 seconds
[runlim] space limit:		7500 MB
[runlim] argv[0]:		/raid/steuber/Software/boolector/build/bin/boolector
[runlim] argv[1]:		-m
[runlim] argv[2]:		/raid/steuber/Benchmarks/srem_sdiv_mul/QF_BV/Sage2/bench_7616.smt2
[runlim] start:			Tue Jun 18 14:12:39 2019
[runlim] main pid:		15246
[BTOR>check_sat] 0.601570 seconds
[runlim] end:			Tue Jun 18 14:12:40 2019
[runlim] status:		ok
[runlim] result:		20
[runlim] children:		0
[runlim] real:			1.52 seconds
[runlim] time:			0.98 seconds
[runlim] space:			26.0 MB
[runlim] samples:		10
/raid/steuber/Experiments//run.sh: line 2: source: filename argument required
source: usage: source filename [arguments]
[runlim] version:		1.7
[runlim] time limit:		311040000 seconds
[runlim] real time limit:	1200 seconds
[runlim] space limit:		7500 MB
[runlim] argv[0]:		/raid/steuber/Software/boolector/build/bin/boolector
[runlim] argv[1]:		-m
[runlim] argv[2]:		/raid/steuber/Benchmarks/srem_sdiv_mul/QF_BV/Sage2/bench_6739.smt2
[runlim] start:			Tue Jun 18 14:12:40 2019
[runlim] main pid:		15250
[runlim] sample:		9.9 seconds, 8.3 MB
[runlim] sample:		19.9 seconds, 12.6 MB
[runlim] sample:		29.9 seconds, 13.7 MB
[runlim] sample:		39.9 seconds, 14.7 MB
[runlim] sample:		49.9 seconds, 17.1 MB
[runlim] sample:		59.9 seconds, 16.6 MB
[runlim] sample:		69.9 seconds, 18.3 MB
[runlim] sample:		79.9 seconds, 20.5 MB
[runlim] sample:		89.9 seconds, 21.7 MB
[runlim] sample:		99.9 seconds, 19.4 MB
[runlim] sample:		109.9 seconds, 22.0 MB
[runlim] sample:		119.9 seconds, 22.7 MB
[runlim] sample:		129.9 seconds, 20.0 MB
[runlim] sample:		139.9 seconds, 20.5 MB
[BTOR>check_sat] 148.986146 seconds
[runlim] end:			Tue Jun 18 14:15:09 2019
[runlim] status:		ok
[runlim] result:		20
[runlim] children:		0
[runlim] real:			149.62 seconds
[runlim] time:			148.90 seconds
[runlim] space:			26.7 MB
[runlim] samples:		1490
/raid/steuber/Experiments//run.sh: line 2: source: filename argument required
source: usage: source filename [arguments]
[runlim] version:		1.7
[runlim] time limit:		311040000 seconds
[runlim] real time limit:	1200 seconds
[runlim] space limit:		7500 MB
[runlim] argv[0]:		/raid/steuber/Software/boolector/build/bin/boolector
[runlim] argv[1]:		-m
[runlim] argv[2]:		/raid/steuber/Benchmarks/srem_sdiv_mul/QF_BV/sage/app1/bench_1999.smt2
[runlim] start:			Tue Jun 18 14:15:09 2019
[runlim] main pid:		15258
[BTOR>check_sat] 0.014248 seconds
[runlim] end:			Tue Jun 18 14:15:09 2019
[runlim] status:		ok
[runlim] result:		20
[runlim] children:		0
[runlim] real:			0.67 seconds
[runlim] time:			0.00 seconds
[runlim] space:			0.0 MB
[runlim] samples:		0
/raid/steuber/Experiments//run.sh: line 2: source: filename argument required
source: usage: source filename [arguments]
[runlim] version:		1.7
[runlim] time limit:		311040000 seconds
[runlim] real time limit:	1200 seconds
[runlim] space limit:		7500 MB
[runlim] argv[0]:		/raid/steuber/Software/boolector/build/bin/boolector
[runlim] argv[1]:		-m
[runlim] argv[2]:		/raid/steuber/Benchmarks/srem_sdiv_mul/QF_BV/sage/app1/bench_2209.smt2
[runlim] start:			Tue Jun 18 14:15:09 2019
[runlim] main pid:		15262
[BTOR>check_sat] 0.421041 seconds
[runlim] end:			Tue Jun 18 14:15:10 2019
[runlim] status:		ok
[runlim] result:		20
[runlim] children:		0
[runlim] real:			1.19 seconds
[runlim] time:			0.46 seconds
[runlim] space:			53.7 MB
[runlim] samples:		5
/raid/steuber/Experiments//run.sh: line 2: source: filename argument required
source: usage: source filename [arguments]
[runlim] version:		1.7
[runlim] time limit:		311040000 seconds
[runlim] real time limit:	1200 seconds
[runlim] space limit:		7500 MB
[runlim] argv[0]:		/raid/steuber/Software/boolector/build/bin/boolector
[runlim] argv[1]:		-m
[runlim] argv[2]:		/raid/steuber/Benchmarks/srem_sdiv_mul/QF_BV/sage/app2/bench_1043.smt2
[runlim] start:			Tue Jun 18 14:15:10 2019
[runlim] main pid:		15266
[BTOR>check_sat] 0.000054 seconds
[runlim] end:			Tue Jun 18 14:15:10 2019
[runlim] status:		ok
[runlim] result:		20
[runlim] children:		0
[runlim] real:			0.24 seconds
[runlim] time:			0.00 seconds
[runlim] space:			0.0 MB
[runlim] samples:		0
/raid/steuber/Experiments//run.sh: line 2: source: filename argument required
source: usage: source filename [arguments]
[runlim] version:		1.7
[runlim] time limit:		311040000 seconds
[runlim] real time limit:	1200 seconds
[runlim] space limit:		7500 MB
[runlim] argv[0]:		/raid/steuber/Software/boolector/build/bin/boolector
[runlim] argv[1]:		-m
[runlim] argv[2]:		/raid/steuber/Benchmarks/srem_sdiv_mul/QF_BV/sage/app12/bench_4124.smt2
[runlim] start:			Tue Jun 18 14:15:10 2019
[runlim] main pid:		15270
[BTOR>check_sat] 0.001764 seconds
[runlim] end:			Tue Jun 18 14:15:10 2019
[runlim] status:		ok
[runlim] result:		20
[runlim] children:		0
[runlim] real:			0.25 seconds
[runlim] time:			0.00 seconds
[runlim] space:			0.0 MB
[runlim] samples:		0
/raid/steuber/Experiments//run.sh: line 2: source: filename argument required
source: usage: source filename [arguments]
[runlim] version:		1.7
[runlim] time limit:		311040000 seconds
[runlim] real time limit:	1200 seconds
[runlim] space limit:		7500 MB
[runlim] argv[0]:		/raid/steuber/Software/boolector/build/bin/boolector
[runlim] argv[1]:		-m
[runlim] argv[2]:		/raid/steuber/Benchmarks/srem_sdiv_mul/QF_BV/sage/app7/bench_4958.smt2
[runlim] start:			Tue Jun 18 14:15:10 2019
[runlim] main pid:		15274
[BTOR>check_sat] 0.000785 seconds
[runlim] end:			Tue Jun 18 14:15:12 2019
[runlim] status:		ok
[runlim] result:		20
[runlim] children:		0
[runlim] real:			2.23 seconds
[runlim] time:			1.87 seconds
[runlim] space:			51.1 MB
[runlim] samples:		19
/raid/steuber/Experiments//run.sh: line 2: source: filename argument required
source: usage: source filename [arguments]
[runlim] version:		1.7
[runlim] time limit:		311040000 seconds
[runlim] real time limit:	1200 seconds
[runlim] space limit:		7500 MB
[runlim] argv[0]:		/raid/steuber/Software/boolector/build/bin/boolector
[runlim] argv[1]:		-m
[runlim] argv[2]:		/raid/steuber/Benchmarks/srem_sdiv_mul/QF_BV/sage/app9/bench_969.smt2
[runlim] start:			Tue Jun 18 14:15:12 2019
[runlim] main pid:		15278
[BTOR>check_sat] 0.009374 seconds
[runlim] end:			Tue Jun 18 14:15:12 2019
[runlim] status:		ok
[runlim] result:		20
[runlim] children:		0
[runlim] real:			0.27 seconds
[runlim] time:			0.00 seconds
[runlim] space:			0.0 MB
[runlim] samples:		0
/raid/steuber/Experiments//run.sh: line 2: source: filename argument required
source: usage: source filename [arguments]
[runlim] version:		1.7
[runlim] time limit:		311040000 seconds
[runlim] real time limit:	1200 seconds
[runlim] space limit:		7500 MB
[runlim] argv[0]:		/raid/steuber/Software/boolector/build/bin/boolector
[runlim] argv[1]:		-m
[runlim] argv[2]:		/raid/steuber/Benchmarks/srem_sdiv_mul/QF_BV/sage/app9/bench_3273.smt2
[runlim] start:			Tue Jun 18 14:15:12 2019
[runlim] main pid:		15282
[BTOR>check_sat] 0.005540 seconds
[runlim] end:			Tue Jun 18 14:15:12 2019
[runlim] status:		ok
[runlim] result:		20
[runlim] children:		0
[runlim] real:			0.29 seconds
[runlim] time:			0.00 seconds
[runlim] space:			0.0 MB
[runlim] samples:		0
/raid/steuber/Experiments//run.sh: line 2: source: filename argument required
source: usage: source filename [arguments]
[runlim] version:		1.7
[runlim] time limit:		311040000 seconds
[runlim] real time limit:	1200 seconds
[runlim] space limit:		7500 MB
[runlim] argv[0]:		/raid/steuber/Software/boolector/build/bin/boolector
[runlim] argv[1]:		-m
[runlim] argv[2]:		/raid/steuber/Benchmarks/srem_sdiv_mul/QF_BV/sage/app7/bench_2097.smt2
[runlim] start:			Tue Jun 18 14:15:12 2019
[runlim] main pid:		15286
[BTOR>check_sat] 0.002068 seconds
[runlim] end:			Tue Jun 18 14:15:12 2019
[runlim] status:		ok
[runlim] result:		20
[runlim] children:		0
[runlim] real:			0.73 seconds
[runlim] time:			0.39 seconds
[runlim] space:			17.8 MB
[runlim] samples:		4
/raid/steuber/Experiments//run.sh: line 2: source: filename argument required
source: usage: source filename [arguments]
[runlim] version:		1.7
[runlim] time limit:		311040000 seconds
[runlim] real time limit:	1200 seconds
[runlim] space limit:		7500 MB
[runlim] argv[0]:		/raid/steuber/Software/boolector/build/bin/boolector
[runlim] argv[1]:		-m
[runlim] argv[2]:		/raid/steuber/Benchmarks/srem_sdiv_mul/QF_BV/sage/app7/bench_1244.smt2
[runlim] start:			Tue Jun 18 14:15:12 2019
[runlim] main pid:		15290
[BTOR>check_sat] 0.000235 seconds
[runlim] end:			Tue Jun 18 14:15:13 2019
[runlim] status:		ok
[runlim] result:		20
[runlim] children:		0
[runlim] real:			1.92 seconds
[runlim] time:			1.08 seconds
[runlim] space:			29.9 MB
[runlim] samples:		11
/raid/steuber/Experiments//run.sh: line 2: source: filename argument required
source: usage: source filename [arguments]
[runlim] version:		1.7
[runlim] time limit:		311040000 seconds
[runlim] real time limit:	1200 seconds
[runlim] space limit:		7500 MB
[runlim] argv[0]:		/raid/steuber/Software/boolector/build/bin/boolector
[runlim] argv[1]:		-m
[runlim] argv[2]:		/raid/steuber/Benchmarks/srem_sdiv_mul/QF_BV/Sage2/bench_17039.smt2
[runlim] start:			Tue Jun 18 14:15:13 2019
[runlim] main pid:		15294
[BTOR>check_sat] 3.892304 seconds
[runlim] end:			Tue Jun 18 14:15:17 2019
[runlim] status:		ok
[runlim] result:		20
[runlim] children:		0
[runlim] real:			4.87 seconds
[runlim] time:			3.87 seconds
[runlim] space:			26.2 MB
[runlim] samples:		39
/raid/steuber/Experiments//run.sh: line 2: source: filename argument required
source: usage: source filename [arguments]
[runlim] version:		1.7
[runlim] time limit:		311040000 seconds
[runlim] real time limit:	1200 seconds
[runlim] space limit:		7500 MB
[runlim] argv[0]:		/raid/steuber/Software/boolector/build/bin/boolector
[runlim] argv[1]:		-m
[runlim] argv[2]:		/raid/steuber/Benchmarks/srem_sdiv_mul/QF_BV/Sage2/bench_2190.smt2
[runlim] start:			Tue Jun 18 14:15:17 2019
[runlim] main pid:		15298
[BTOR>check_sat] 2.756935 seconds
[runlim] end:			Tue Jun 18 14:15:21 2019
[runlim] status:		ok
[runlim] result:		20
[runlim] children:		0
[runlim] real:			4.25 seconds
[runlim] time:			3.24 seconds
[runlim] space:			330.4 MB
[runlim] samples:		33
/raid/steuber/Experiments//run.sh: line 2: source: filename argument required
source: usage: source filename [arguments]
[runlim] version:		1.7
[runlim] time limit:		311040000 seconds
[runlim] real time limit:	1200 seconds
[runlim] space limit:		7500 MB
[runlim] argv[0]:		/raid/steuber/Software/boolector/build/bin/boolector
[runlim] argv[1]:		-m
[runlim] argv[2]:		/raid/steuber/Benchmarks/srem_sdiv_mul/QF_BV/sage/app7/bench_3558.smt2
[runlim] start:			Tue Jun 18 14:15:21 2019
[runlim] main pid:		15302
[BTOR>check_sat] 0.000927 seconds
[runlim] end:			Tue Jun 18 14:15:23 2019
[runlim] status:		ok
[runlim] result:		20
[runlim] children:		0
[runlim] real:			2.58 seconds
[runlim] time:			2.27 seconds
[runlim] space:			63.6 MB
[runlim] samples:		23
/raid/steuber/Experiments//run.sh: line 2: source: filename argument required
source: usage: source filename [arguments]
[runlim] version:		1.7
[runlim] time limit:		311040000 seconds
[runlim] real time limit:	1200 seconds
[runlim] space limit:		7500 MB
[runlim] argv[0]:		/raid/steuber/Software/boolector/build/bin/boolector
[runlim] argv[1]:		-m
[runlim] argv[2]:		/raid/steuber/Benchmarks/srem_sdiv_mul/QF_BV/sage/app7/bench_8336.smt2
[runlim] start:			Tue Jun 18 14:15:23 2019
[runlim] main pid:		15306
[BTOR>check_sat] 0.001453 seconds
[runlim] end:			Tue Jun 18 14:15:25 2019
[runlim] status:		ok
[runlim] result:		20
[runlim] children:		0
[runlim] real:			2.33 seconds
[runlim] time:			1.66 seconds
[runlim] space:			52.0 MB
[runlim] samples:		17
/raid/steuber/Experiments//run.sh: line 2: source: filename argument required
source: usage: source filename [arguments]
[runlim] version:		1.7
[runlim] time limit:		311040000 seconds
[runlim] real time limit:	1200 seconds
[runlim] space limit:		7500 MB
[runlim] argv[0]:		/raid/steuber/Software/boolector/build/bin/boolector
[runlim] argv[1]:		-m
[runlim] argv[2]:		/raid/steuber/Benchmarks/srem_sdiv_mul/QF_BV/sage/app7/bench_1073.smt2
[runlim] start:			Tue Jun 18 14:15:25 2019
[runlim] main pid:		15310
[BTOR>check_sat] 0.000223 seconds
[runlim] end:			Tue Jun 18 14:15:26 2019
[runlim] status:		ok
[runlim] result:		20
[runlim] children:		0
[runlim] real:			1.44 seconds
[runlim] time:			0.98 seconds
[runlim] space:			34.2 MB
[runlim] samples:		10
/raid/steuber/Experiments//run.sh: line 2: source: filename argument required
source: usage: source filename [arguments]
[runlim] version:		1.7
[runlim] time limit:		311040000 seconds
[runlim] real time limit:	1200 seconds
[runlim] space limit:		7500 MB
[runlim] argv[0]:		/raid/steuber/Software/boolector/build/bin/boolector
[runlim] argv[1]:		-m
[runlim] argv[2]:		/raid/steuber/Benchmarks/srem_sdiv_mul/QF_BV/sage/app11/bench_441.smt2
[runlim] start:			Tue Jun 18 14:15:26 2019
[runlim] main pid:		15314
[BTOR>check_sat] 0.000306 seconds
[runlim] end:			Tue Jun 18 14:15:27 2019
[runlim] status:		ok
[runlim] result:		20
[runlim] children:		0
[runlim] real:			1.15 seconds
[runlim] time:			0.58 seconds
[runlim] space:			30.5 MB
[runlim] samples:		6
/raid/steuber/Experiments//run.sh: line 2: source: filename argument required
source: usage: source filename [arguments]
[runlim] version:		1.7
[runlim] time limit:		311040000 seconds
[runlim] real time limit:	1200 seconds
[runlim] space limit:		7500 MB
[runlim] argv[0]:		/raid/steuber/Software/boolector/build/bin/boolector
[runlim] argv[1]:		-m
[runlim] argv[2]:		/raid/steuber/Benchmarks/srem_sdiv_mul/QF_BV/sage/app7/bench_4330.smt2
[runlim] start:			Tue Jun 18 14:15:27 2019
[runlim] main pid:		15318
[BTOR>check_sat] 0.000862 seconds
[runlim] end:			Tue Jun 18 14:15:27 2019
[runlim] status:		ok
[runlim] result:		20
[runlim] children:		0
[runlim] real:			0.34 seconds
[runlim] time:			0.09 seconds
[runlim] space:			7.0 MB
[runlim] samples:		1
/raid/steuber/Experiments//run.sh: line 2: source: filename argument required
source: usage: source filename [arguments]
[runlim] version:		1.7
[runlim] time limit:		311040000 seconds
[runlim] real time limit:	1200 seconds
[runlim] space limit:		7500 MB
[runlim] argv[0]:		/raid/steuber/Software/boolector/build/bin/boolector
[runlim] argv[1]:		-m
[runlim] argv[2]:		/raid/steuber/Benchmarks/srem_sdiv_mul/QF_BV/sage/app7/bench_2769.smt2
[runlim] start:			Tue Jun 18 14:15:27 2019
[runlim] main pid:		15322
[BTOR>check_sat] 0.001216 seconds
[runlim] end:			Tue Jun 18 14:15:29 2019
[runlim] status:		ok
[runlim] result:		20
[runlim] children:		0
[runlim] real:			2.59 seconds
[runlim] time:			2.18 seconds
[runlim] space:			62.1 MB
[runlim] samples:		22
/raid/steuber/Experiments//run.sh: line 2: source: filename argument required
source: usage: source filename [arguments]
[runlim] version:		1.7
[runlim] time limit:		311040000 seconds
[runlim] real time limit:	1200 seconds
[runlim] space limit:		7500 MB
[runlim] argv[0]:		/raid/steuber/Software/boolector/build/bin/boolector
[runlim] argv[1]:		-m
[runlim] argv[2]:		/raid/steuber/Benchmarks/srem_sdiv_mul/QF_BV/sage/app2/bench_1058.smt2
[runlim] start:			Tue Jun 18 14:15:29 2019
[runlim] main pid:		15326
[BTOR>check_sat] 0.000053 seconds
[runlim] end:			Tue Jun 18 14:15:29 2019
[runlim] status:		ok
[runlim] result:		20
[runlim] children:		0
[runlim] real:			0.63 seconds
[runlim] time:			0.00 seconds
[runlim] space:			0.0 MB
[runlim] samples:		0
/raid/steuber/Experiments//run.sh: line 2: source: filename argument required
source: usage: source filename [arguments]
[runlim] version:		1.7
[runlim] time limit:		311040000 seconds
[runlim] real time limit:	1200 seconds
[runlim] space limit:		7500 MB
[runlim] argv[0]:		/raid/steuber/Software/boolector/build/bin/boolector
[runlim] argv[1]:		-m
[runlim] argv[2]:		/raid/steuber/Benchmarks/srem_sdiv_mul/QF_BV/sage/app7/bench_154.smt2
[runlim] start:			Tue Jun 18 14:15:29 2019
[runlim] main pid:		15330
[BTOR>check_sat] 0.002022 seconds
[runlim] end:			Tue Jun 18 14:15:31 2019
[runlim] status:		ok
[runlim] result:		20
[runlim] children:		0
[runlim] real:			2.49 seconds
[runlim] time:			1.78 seconds
[runlim] space:			51.6 MB
[runlim] samples:		18
/raid/steuber/Experiments//run.sh: line 2: source: filename argument required
source: usage: source filename [arguments]
[runlim] version:		1.7
[runlim] time limit:		311040000 seconds
[runlim] real time limit:	1200 seconds
[runlim] space limit:		7500 MB
[runlim] argv[0]:		/raid/steuber/Software/boolector/build/bin/boolector
[runlim] argv[1]:		-m
[runlim] argv[2]:		/raid/steuber/Benchmarks/srem_sdiv_mul/QF_BV/Sage2/bench_13028.smt2
[runlim] start:			Tue Jun 18 14:15:31 2019
[runlim] main pid:		15334
[runlim] sample:		9.8 seconds, 104.6 MB
[BTOR>check_sat] 15.539639 seconds
[runlim] end:			Tue Jun 18 14:15:47 2019
[runlim] status:		ok
[runlim] result:		20
[runlim] children:		0
[runlim] real:			16.64 seconds
[runlim] time:			15.91 seconds
[runlim] space:			105.2 MB
[runlim] samples:		161
/raid/steuber/Experiments//run.sh: line 2: source: filename argument required
source: usage: source filename [arguments]
[runlim] version:		1.7
[runlim] time limit:		311040000 seconds
[runlim] real time limit:	1200 seconds
[runlim] space limit:		7500 MB
[runlim] argv[0]:		/raid/steuber/Software/boolector/build/bin/boolector
[runlim] argv[1]:		-m
[runlim] argv[2]:		/raid/steuber/Benchmarks/srem_sdiv_mul/QF_BV/sage/app7/bench_6313.smt2
[runlim] start:			Tue Jun 18 14:15:47 2019
[runlim] main pid:		15340
[BTOR>check_sat] 0.000916 seconds
[runlim] end:			Tue Jun 18 14:15:49 2019
[runlim] status:		ok
[runlim] result:		20
[runlim] children:		0
[runlim] real:			2.91 seconds
[runlim] time:			2.13 seconds
[runlim] space:			50.4 MB
[runlim] samples:		22
/raid/steuber/Experiments//run.sh: line 2: source: filename argument required
source: usage: source filename [arguments]
[runlim] version:		1.7
[runlim] time limit:		311040000 seconds
[runlim] real time limit:	1200 seconds
[runlim] space limit:		7500 MB
[runlim] argv[0]:		/raid/steuber/Software/boolector/build/bin/boolector
[runlim] argv[1]:		-m
[runlim] argv[2]:		/raid/steuber/Benchmarks/srem_sdiv_mul/QF_BV/sage/app2/bench_929.smt2
[runlim] start:			Tue Jun 18 14:15:49 2019
[runlim] main pid:		15344
[BTOR>check_sat] 0.000100 seconds
[runlim] end:			Tue Jun 18 14:15:49 2019
[runlim] status:		ok
[runlim] result:		20
[runlim] children:		0
[runlim] real:			0.98 seconds
[runlim] time:			0.00 seconds
[runlim] space:			0.0 MB
[runlim] samples:		0
/raid/steuber/Experiments//run.sh: line 2: source: filename argument required
source: usage: source filename [arguments]
[runlim] version:		1.7
[runlim] time limit:		311040000 seconds
[runlim] real time limit:	1200 seconds
[runlim] space limit:		7500 MB
[runlim] argv[0]:		/raid/steuber/Software/boolector/build/bin/boolector
[runlim] argv[1]:		-m
[runlim] argv[2]:		/raid/steuber/Benchmarks/srem_sdiv_mul/QF_BV/Sage2/bench_13435.smt2
[runlim] start:			Tue Jun 18 14:15:49 2019
[runlim] main pid:		15348
[BTOR>check_sat] 0.042787 seconds
[runlim] end:			Tue Jun 18 14:15:50 2019
[runlim] status:		ok
[runlim] result:		20
[runlim] children:		0
[runlim] real:			1.06 seconds
[runlim] time:			0.00 seconds
[runlim] space:			0.0 MB
[runlim] samples:		0
/raid/steuber/Experiments//run.sh: line 2: source: filename argument required
source: usage: source filename [arguments]
[runlim] version:		1.7
[runlim] time limit:		311040000 seconds
[runlim] real time limit:	1200 seconds
[runlim] space limit:		7500 MB
[runlim] argv[0]:		/raid/steuber/Software/boolector/build/bin/boolector
[runlim] argv[1]:		-m
[runlim] argv[2]:		/raid/steuber/Benchmarks/srem_sdiv_mul/QF_BV/Sage2/bench_10328.smt2
[runlim] start:			Tue Jun 18 14:12:19 2019
[runlim] main pid:		15098
[runlim] sample:		10.0 seconds, 277.3 MB
[runlim] sample:		20.0 seconds, 286.3 MB
[runlim] sample:		30.0 seconds, 275.0 MB
[runlim] sample:		40.0 seconds, 321.3 MB
[runlim] sample:		50.0 seconds, 322.9 MB
[runlim] sample:		59.9 seconds, 323.5 MB
[runlim] sample:		69.9 seconds, 323.5 MB
[runlim] sample:		79.9 seconds, 324.9 MB
[runlim] sample:		89.9 seconds, 324.9 MB
[runlim] sample:		99.9 seconds, 324.9 MB
[runlim] sample:		109.9 seconds, 324.9 MB
[runlim] sample:		119.7 seconds, 323.0 MB
[runlim] sample:		129.6 seconds, 325.0 MB
[runlim] sample:		139.6 seconds, 324.4 MB
[runlim] sample:		149.6 seconds, 324.4 MB
[runlim] sample:		159.6 seconds, 323.8 MB
[runlim] sample:		169.6 seconds, 326.5 MB
[runlim] sample:		179.6 seconds, 326.5 MB
[runlim] sample:		189.6 seconds, 326.5 MB
[runlim] sample:		199.6 seconds, 282.9 MB
[runlim] sample:		209.6 seconds, 329.2 MB
[runlim] sample:		219.6 seconds, 329.6 MB
[runlim] sample:		229.6 seconds, 329.6 MB
[runlim] sample:		239.5 seconds, 329.1 MB
[runlim] sample:		249.6 seconds, 329.6 MB
[runlim] sample:		259.6 seconds, 331.0 MB
[runlim] sample:		269.5 seconds, 330.7 MB
[runlim] sample:		279.5 seconds, 334.2 MB
[runlim] sample:		289.5 seconds, 334.1 MB
[runlim] sample:		299.5 seconds, 334.1 MB
[runlim] sample:		309.5 seconds, 334.1 MB
[runlim] sample:		319.5 seconds, 334.1 MB
[runlim] sample:		329.5 seconds, 332.7 MB
[runlim] sample:		339.5 seconds, 332.7 MB
[runlim] sample:		349.5 seconds, 335.3 MB
[runlim] sample:		359.5 seconds, 287.0 MB
[runlim] sample:		369.5 seconds, 336.4 MB
[runlim] sample:		379.5 seconds, 336.4 MB
[runlim] sample:		389.5 seconds, 336.4 MB
[runlim] sample:		399.5 seconds, 336.4 MB
[runlim] sample:		409.5 seconds, 336.2 MB
[runlim] sample:		419.5 seconds, 336.2 MB
[runlim] sample:		429.5 seconds, 338.4 MB
[runlim] sample:		439.5 seconds, 338.3 MB
[BTOR>check_sat] 440.132193 seconds
[runlim] end:			Tue Jun 18 14:19:44 2019
[runlim] status:		ok
[runlim] result:		20
[runlim] children:		0
[runlim] real:			445.19 seconds
[runlim] time:			444.14 seconds
[runlim] space:			409.3 MB
[runlim] samples:		4446
/raid/steuber/Experiments//run.sh: line 2: source: filename argument required
source: usage: source filename [arguments]
[runlim] version:		1.7
[runlim] time limit:		311040000 seconds
[runlim] real time limit:	1200 seconds
[runlim] space limit:		7500 MB
[runlim] argv[0]:		/raid/steuber/Software/boolector/build/bin/boolector
[runlim] argv[1]:		-m
[runlim] argv[2]:		/raid/steuber/Benchmarks/srem_sdiv_mul/QF_BV/log-slicing/bvudiv_20.smt2
[runlim] start:			Tue Jun 18 14:12:16 2019
[runlim] main pid:		15026
[runlim] sample:		10.0 seconds, 18.6 MB
[runlim] sample:		20.0 seconds, 19.1 MB
[runlim] sample:		30.0 seconds, 20.8 MB
[runlim] sample:		40.0 seconds, 22.6 MB
[runlim] sample:		50.0 seconds, 25.1 MB
[runlim] sample:		60.0 seconds, 24.1 MB
[runlim] sample:		70.0 seconds, 26.5 MB
[runlim] sample:		80.0 seconds, 28.2 MB
[runlim] sample:		90.0 seconds, 28.4 MB
[runlim] sample:		100.0 seconds, 28.6 MB
[runlim] sample:		110.0 seconds, 31.7 MB
[runlim] sample:		120.0 seconds, 29.1 MB
[runlim] sample:		130.0 seconds, 31.3 MB
[runlim] sample:		140.0 seconds, 33.8 MB
[runlim] sample:		150.0 seconds, 33.6 MB
[runlim] sample:		160.0 seconds, 33.1 MB
[runlim] sample:		170.0 seconds, 34.9 MB
[runlim] sample:		179.9 seconds, 32.8 MB
[runlim] sample:		189.9 seconds, 33.7 MB
[runlim] sample:		199.9 seconds, 34.0 MB
[runlim] sample:		209.9 seconds, 34.3 MB
[runlim] sample:		219.9 seconds, 35.5 MB
[runlim] sample:		229.9 seconds, 34.6 MB
[runlim] sample:		239.9 seconds, 35.9 MB
[runlim] sample:		249.9 seconds, 36.3 MB
[runlim] sample:		259.9 seconds, 35.4 MB
[runlim] sample:		269.9 seconds, 37.4 MB
[runlim] sample:		279.9 seconds, 36.1 MB
[runlim] sample:		289.9 seconds, 36.1 MB
[runlim] sample:		299.9 seconds, 36.2 MB
[runlim] sample:		309.9 seconds, 37.8 MB
[runlim] sample:		319.9 seconds, 38.0 MB
[runlim] sample:		329.9 seconds, 38.0 MB
[runlim] sample:		339.9 seconds, 38.1 MB
[runlim] sample:		349.9 seconds, 33.5 MB
[runlim] sample:		359.9 seconds, 37.8 MB
[runlim] sample:		369.9 seconds, 37.7 MB
[runlim] sample:		379.9 seconds, 36.5 MB
[runlim] sample:		389.9 seconds, 40.1 MB
[runlim] sample:		399.9 seconds, 37.4 MB
[runlim] sample:		409.9 seconds, 32.7 MB
[runlim] sample:		419.9 seconds, 39.7 MB
[runlim] sample:		429.9 seconds, 38.5 MB
[runlim] sample:		439.9 seconds, 38.2 MB
[runlim] sample:		449.9 seconds, 36.1 MB
[runlim] sample:		459.9 seconds, 35.1 MB
[runlim] sample:		469.9 seconds, 37.1 MB
[runlim] sample:		479.9 seconds, 38.1 MB
[runlim] sample:		489.9 seconds, 39.9 MB
[runlim] sample:		499.9 seconds, 37.8 MB
[runlim] sample:		509.9 seconds, 40.0 MB
[runlim] sample:		519.9 seconds, 38.5 MB
[runlim] sample:		529.9 seconds, 40.2 MB
[runlim] sample:		539.9 seconds, 38.8 MB
[runlim] sample:		549.9 seconds, 40.5 MB
[runlim] sample:		559.9 seconds, 37.3 MB
[runlim] sample:		569.9 seconds, 40.7 MB
[runlim] sample:		579.9 seconds, 42.6 MB
[runlim] sample:		589.9 seconds, 38.3 MB
[runlim] sample:		599.9 seconds, 41.1 MB
[runlim] sample:		609.9 seconds, 45.6 MB
[runlim] sample:		619.9 seconds, 44.6 MB
[runlim] sample:		629.9 seconds, 42.2 MB
[runlim] sample:		639.9 seconds, 42.4 MB
[runlim] sample:		649.9 seconds, 43.7 MB
[runlim] sample:		659.9 seconds, 46.5 MB
[runlim] sample:		669.9 seconds, 46.8 MB
[runlim] sample:		679.9 seconds, 43.4 MB
[runlim] sample:		689.9 seconds, 46.8 MB
[runlim] sample:		699.9 seconds, 47.1 MB
[runlim] sample:		709.9 seconds, 40.7 MB
[runlim] sample:		719.9 seconds, 40.1 MB
[runlim] sample:		729.9 seconds, 44.8 MB
[runlim] sample:		739.9 seconds, 44.9 MB
[runlim] sample:		749.9 seconds, 43.4 MB
[runlim] sample:		759.9 seconds, 50.1 MB
[runlim] sample:		769.9 seconds, 51.7 MB
[runlim] sample:		779.9 seconds, 50.2 MB
[runlim] sample:		789.9 seconds, 42.4 MB
[runlim] sample:		799.9 seconds, 46.7 MB
[runlim] sample:		809.9 seconds, 47.2 MB
[runlim] sample:		819.9 seconds, 46.8 MB
[runlim] sample:		829.9 seconds, 46.8 MB
[runlim] sample:		839.9 seconds, 47.0 MB
[runlim] sample:		849.9 seconds, 48.6 MB
[runlim] sample:		859.9 seconds, 47.2 MB
[runlim] sample:		869.9 seconds, 46.9 MB
[runlim] sample:		879.9 seconds, 47.6 MB
[runlim] sample:		889.9 seconds, 47.5 MB
[runlim] sample:		899.9 seconds, 46.8 MB
[runlim] sample:		909.9 seconds, 47.1 MB
[runlim] sample:		919.9 seconds, 48.0 MB
[runlim] sample:		929.9 seconds, 47.4 MB
[runlim] sample:		939.9 seconds, 46.8 MB
[runlim] sample:		949.9 seconds, 47.8 MB
[runlim] sample:		959.9 seconds, 48.9 MB
[runlim] sample:		969.9 seconds, 47.4 MB
[runlim] sample:		979.9 seconds, 45.0 MB
[runlim] sample:		989.9 seconds, 48.3 MB
[runlim] sample:		999.9 seconds, 49.4 MB
[runlim] sample:		1009.9 seconds, 43.6 MB
[runlim] sample:		1019.9 seconds, 48.4 MB
[runlim] sample:		1029.9 seconds, 50.4 MB
[runlim] sample:		1039.9 seconds, 50.8 MB
[runlim] sample:		1049.9 seconds, 49.6 MB
[runlim] sample:		1059.9 seconds, 49.9 MB
[runlim] sample:		1069.9 seconds, 47.8 MB
[runlim] sample:		1079.9 seconds, 49.3 MB
[runlim] sample:		1089.9 seconds, 50.2 MB
[runlim] sample:		1099.9 seconds, 50.2 MB
[runlim] sample:		1109.9 seconds, 48.7 MB
[runlim] sample:		1119.9 seconds, 49.1 MB
[runlim] sample:		1129.9 seconds, 48.2 MB
[runlim] sample:		1139.9 seconds, 47.7 MB
[runlim] sample:		1149.9 seconds, 53.9 MB
[runlim] sample:		1159.9 seconds, 51.8 MB
[runlim] sample:		1169.9 seconds, 46.1 MB
[runlim] sample:		1179.9 seconds, 46.6 MB
[runlim] sample:		1189.9 seconds, 50.5 MB
[runlim] end:			Tue Jun 18 14:32:16 2019
[runlim] status:		out of time
[runlim] result:		1
[runlim] children:		0
[runlim] real:			1200.07 seconds
[runlim] time:			1199.49 seconds
[runlim] space:			57.7 MB
[runlim] samples:		11996
/raid/steuber/Experiments//run.sh: line 2: source: filename argument required
source: usage: source filename [arguments]
[runlim] version:		1.7
[runlim] time limit:		311040000 seconds
[runlim] real time limit:	1200 seconds
[runlim] space limit:		7500 MB
[runlim] argv[0]:		/raid/steuber/Software/boolector/build/bin/boolector
[runlim] argv[1]:		-m
[runlim] argv[2]:		/raid/steuber/Benchmarks/srem_sdiv_mul/QF_BV/Sage2/bench_10295.smt2
[runlim] start:			Tue Jun 18 14:12:30 2019
[runlim] main pid:		15190
[runlim] sample:		10.0 seconds, 10.9 MB
[runlim] sample:		20.0 seconds, 14.8 MB
[runlim] sample:		30.0 seconds, 17.4 MB
[runlim] sample:		39.9 seconds, 19.0 MB
[runlim] sample:		49.9 seconds, 22.7 MB
[runlim] sample:		59.9 seconds, 23.5 MB
[runlim] sample:		69.9 seconds, 21.7 MB
[runlim] sample:		79.9 seconds, 25.4 MB
[runlim] sample:		89.9 seconds, 26.4 MB
[runlim] sample:		99.9 seconds, 26.6 MB
[runlim] sample:		109.9 seconds, 27.5 MB
[runlim] sample:		119.9 seconds, 27.2 MB
[runlim] sample:		129.9 seconds, 24.1 MB
[runlim] sample:		139.9 seconds, 28.9 MB
[runlim] sample:		149.9 seconds, 28.8 MB
[runlim] sample:		159.9 seconds, 25.6 MB
[runlim] sample:		169.9 seconds, 29.9 MB
[runlim] sample:		179.9 seconds, 25.8 MB
[runlim] sample:		189.9 seconds, 36.8 MB
[runlim] sample:		199.8 seconds, 37.0 MB
[runlim] sample:		209.8 seconds, 37.4 MB
[runlim] sample:		219.8 seconds, 37.6 MB
[runlim] sample:		229.8 seconds, 33.3 MB
[runlim] sample:		239.8 seconds, 37.6 MB
[runlim] sample:		249.8 seconds, 39.1 MB
[runlim] sample:		259.8 seconds, 38.7 MB
[runlim] sample:		269.8 seconds, 38.8 MB
[runlim] sample:		279.8 seconds, 40.0 MB
[runlim] sample:		289.8 seconds, 39.6 MB
[runlim] sample:		299.8 seconds, 40.0 MB
[runlim] sample:		309.8 seconds, 43.9 MB
[runlim] sample:		319.8 seconds, 34.8 MB
[runlim] sample:		329.8 seconds, 43.8 MB
[runlim] sample:		339.8 seconds, 39.5 MB
[runlim] sample:		349.8 seconds, 45.8 MB
[runlim] sample:		359.8 seconds, 39.2 MB
[runlim] sample:		369.8 seconds, 45.7 MB
[runlim] sample:		379.8 seconds, 44.6 MB
[runlim] sample:		389.8 seconds, 44.7 MB
[runlim] sample:		399.8 seconds, 46.7 MB
[runlim] sample:		409.8 seconds, 46.7 MB
[runlim] sample:		419.8 seconds, 46.7 MB
[runlim] sample:		429.8 seconds, 46.7 MB
[runlim] sample:		439.8 seconds, 39.9 MB
[runlim] sample:		449.8 seconds, 47.6 MB
[runlim] sample:		459.8 seconds, 47.9 MB
[runlim] sample:		469.8 seconds, 47.9 MB
[runlim] sample:		479.8 seconds, 48.7 MB
[runlim] sample:		489.8 seconds, 48.7 MB
[runlim] sample:		499.8 seconds, 48.8 MB
[runlim] sample:		509.8 seconds, 48.9 MB
[runlim] sample:		519.8 seconds, 48.0 MB
[runlim] sample:		529.8 seconds, 48.0 MB
[runlim] sample:		539.8 seconds, 42.0 MB
[runlim] sample:		549.8 seconds, 49.1 MB
[runlim] sample:		559.8 seconds, 48.7 MB
[runlim] sample:		569.8 seconds, 49.0 MB
[runlim] sample:		579.8 seconds, 49.0 MB
[runlim] sample:		589.8 seconds, 49.0 MB
[runlim] sample:		599.8 seconds, 49.6 MB
[runlim] sample:		609.8 seconds, 49.6 MB
[runlim] sample:		619.8 seconds, 49.6 MB
[runlim] sample:		629.8 seconds, 49.7 MB
[runlim] sample:		639.8 seconds, 49.3 MB
[runlim] sample:		649.8 seconds, 49.4 MB
[runlim] sample:		659.8 seconds, 49.4 MB
[runlim] sample:		669.8 seconds, 49.4 MB
[runlim] sample:		679.8 seconds, 49.5 MB
[runlim] sample:		689.8 seconds, 49.5 MB
[runlim] sample:		699.8 seconds, 48.9 MB
[runlim] sample:		709.8 seconds, 43.6 MB
[runlim] sample:		719.8 seconds, 51.6 MB
[runlim] sample:		729.8 seconds, 51.8 MB
[runlim] sample:		739.8 seconds, 51.9 MB
[runlim] sample:		749.8 seconds, 51.9 MB
[runlim] sample:		759.8 seconds, 44.1 MB
[runlim] sample:		769.8 seconds, 52.2 MB
[runlim] sample:		779.8 seconds, 52.2 MB
[runlim] sample:		789.8 seconds, 52.2 MB
[runlim] sample:		799.8 seconds, 44.0 MB
[runlim] sample:		809.8 seconds, 50.7 MB
[runlim] sample:		819.8 seconds, 51.5 MB
[runlim] sample:		829.8 seconds, 51.5 MB
[runlim] sample:		839.8 seconds, 51.6 MB
[runlim] sample:		849.8 seconds, 51.5 MB
[runlim] sample:		859.8 seconds, 44.8 MB
[runlim] sample:		869.8 seconds, 52.2 MB
[runlim] sample:		879.8 seconds, 52.2 MB
[runlim] sample:		889.8 seconds, 52.2 MB
[runlim] sample:		899.8 seconds, 53.1 MB
[runlim] sample:		909.8 seconds, 45.9 MB
[runlim] sample:		919.8 seconds, 54.2 MB
[runlim] sample:		929.8 seconds, 54.2 MB
[runlim] sample:		939.8 seconds, 54.2 MB
[runlim] sample:		949.8 seconds, 51.9 MB
[runlim] sample:		959.8 seconds, 54.2 MB
[runlim] sample:		969.8 seconds, 54.2 MB
[runlim] sample:		979.8 seconds, 53.7 MB
[runlim] sample:		989.8 seconds, 53.7 MB
[runlim] sample:		999.8 seconds, 53.7 MB
[runlim] sample:		1009.8 seconds, 54.8 MB
[runlim] sample:		1019.8 seconds, 54.9 MB
[runlim] sample:		1029.8 seconds, 54.9 MB
[runlim] sample:		1039.8 seconds, 54.9 MB
[runlim] sample:		1049.8 seconds, 54.9 MB
[runlim] sample:		1059.8 seconds, 54.9 MB
[runlim] sample:		1069.8 seconds, 54.9 MB
[runlim] sample:		1079.8 seconds, 54.9 MB
[runlim] sample:		1089.8 seconds, 54.9 MB
[runlim] sample:		1099.8 seconds, 54.9 MB
[runlim] sample:		1109.8 seconds, 53.0 MB
[runlim] sample:		1119.8 seconds, 52.8 MB
[runlim] sample:		1129.8 seconds, 49.8 MB
[runlim] sample:		1139.8 seconds, 58.1 MB
[runlim] sample:		1149.8 seconds, 58.1 MB
[runlim] sample:		1159.8 seconds, 58.1 MB
[runlim] sample:		1169.8 seconds, 58.1 MB
[runlim] sample:		1179.8 seconds, 50.2 MB
[runlim] sample:		1189.8 seconds, 59.2 MB
[runlim] end:			Tue Jun 18 14:32:30 2019
[runlim] status:		out of time
[runlim] result:		1
[runlim] children:		0
[runlim] real:			1200.04 seconds
[runlim] time:			1198.87 seconds
[runlim] space:			59.2 MB
[runlim] samples:		11991
