[runlim] version:		1.7
[runlim] time limit:		311040000 seconds
[runlim] real time limit:	1200 seconds
[runlim] space limit:		30000 MB
[runlim] argv[0]:		/raid/steuber/Software/boolector/build/bin/boolector
[runlim] argv[1]:		/raid/steuber/Benchmarks/srem_sdiv_mul_sat/QF_BV/sage/app12/bench_2604.smt2
[runlim] start:			Thu Aug  8 05:31:54 2019
[runlim] main pid:		19329
[BTOR>check_sat] 0.007517 seconds
[runlim] end:			Thu Aug  8 05:31:54 2019
[runlim] status:		ok
[runlim] result:		10
[runlim] children:		0
[runlim] real:			0.25 seconds
[runlim] time:			0.00 seconds
[runlim] space:			0.0 MB
[runlim] samples:		0
[runlim] version:		1.7
[runlim] time limit:		311040000 seconds
[runlim] real time limit:	1200 seconds
[runlim] space limit:		30000 MB
[runlim] argv[0]:		/raid/steuber/Software/boolector/build/bin/boolector
[runlim] argv[1]:		/raid/steuber/Benchmarks/srem_sdiv_mul_sat/QF_BV/sage/app12/bench_2061.smt2
[runlim] start:			Thu Aug  8 05:31:54 2019
[runlim] main pid:		19333
[BTOR>check_sat] 0.000624 seconds
[runlim] end:			Thu Aug  8 05:31:54 2019
[runlim] status:		ok
[runlim] result:		10
[runlim] children:		0
[runlim] real:			0.26 seconds
[runlim] time:			0.00 seconds
[runlim] space:			0.0 MB
[runlim] samples:		0
[runlim] version:		1.7
[runlim] time limit:		311040000 seconds
[runlim] real time limit:	1200 seconds
[runlim] space limit:		30000 MB
[runlim] argv[0]:		/raid/steuber/Software/boolector/build/bin/boolector
[runlim] argv[1]:		/raid/steuber/Benchmarks/srem_sdiv_mul_sat/QF_BV/sage/app12/bench_2106.smt2
[runlim] start:			Thu Aug  8 05:31:54 2019
[runlim] main pid:		19337
[BTOR>check_sat] 0.000573 seconds
[runlim] end:			Thu Aug  8 05:31:54 2019
[runlim] status:		ok
[runlim] result:		10
[runlim] children:		0
[runlim] real:			0.27 seconds
[runlim] time:			0.00 seconds
[runlim] space:			0.0 MB
[runlim] samples:		0
[runlim] version:		1.7
[runlim] time limit:		311040000 seconds
[runlim] real time limit:	1200 seconds
[runlim] space limit:		30000 MB
[runlim] argv[0]:		/raid/steuber/Software/boolector/build/bin/boolector
[runlim] argv[1]:		/raid/steuber/Benchmarks/srem_sdiv_mul_sat/QF_BV/sage/app12/bench_2186.smt2
[runlim] start:			Thu Aug  8 05:31:54 2019
[runlim] main pid:		19341
[BTOR>check_sat] 0.032629 seconds
[runlim] end:			Thu Aug  8 05:31:54 2019
[runlim] status:		ok
[runlim] result:		10
[runlim] children:		0
[runlim] real:			0.31 seconds
[runlim] time:			0.00 seconds
[runlim] space:			0.0 MB
[runlim] samples:		0
[runlim] version:		1.7
[runlim] time limit:		311040000 seconds
[runlim] real time limit:	1200 seconds
[runlim] space limit:		30000 MB
[runlim] argv[0]:		/raid/steuber/Software/boolector/build/bin/boolector
[runlim] argv[1]:		/raid/steuber/Benchmarks/srem_sdiv_mul_sat/QF_BV/sage/app12/bench_4049.smt2
[runlim] start:			Thu Aug  8 05:31:54 2019
[runlim] main pid:		19345
[BTOR>check_sat] 0.003749 seconds
[runlim] end:			Thu Aug  8 05:31:54 2019
[runlim] status:		ok
[runlim] result:		10
[runlim] children:		0
[runlim] real:			0.32 seconds
[runlim] time:			0.00 seconds
[runlim] space:			0.0 MB
[runlim] samples:		0
[runlim] version:		1.7
[runlim] time limit:		311040000 seconds
[runlim] real time limit:	1200 seconds
[runlim] space limit:		30000 MB
[runlim] argv[0]:		/raid/steuber/Software/boolector/build/bin/boolector
[runlim] argv[1]:		/raid/steuber/Benchmarks/srem_sdiv_mul_sat/QF_BV/sage/app12/bench_4505.smt2
[runlim] start:			Thu Aug  8 05:31:54 2019
[runlim] main pid:		19349
[BTOR>check_sat] 0.001429 seconds
[runlim] end:			Thu Aug  8 05:31:54 2019
[runlim] status:		ok
[runlim] result:		10
[runlim] children:		0
[runlim] real:			0.32 seconds
[runlim] time:			0.00 seconds
[runlim] space:			0.0 MB
[runlim] samples:		0
[runlim] version:		1.7
[runlim] time limit:		311040000 seconds
[runlim] real time limit:	1200 seconds
[runlim] space limit:		30000 MB
[runlim] argv[0]:		/raid/steuber/Software/boolector/build/bin/boolector
[runlim] argv[1]:		/raid/steuber/Benchmarks/srem_sdiv_mul_sat/QF_BV/sage/app12/bench_606.smt2
[runlim] start:			Thu Aug  8 05:31:54 2019
[runlim] main pid:		19353
[BTOR>check_sat] 0.002779 seconds
[runlim] end:			Thu Aug  8 05:31:54 2019
[runlim] status:		ok
[runlim] result:		10
[runlim] children:		0
[runlim] real:			0.33 seconds
[runlim] time:			0.00 seconds
[runlim] space:			0.0 MB
[runlim] samples:		0
[runlim] version:		1.7
[runlim] time limit:		311040000 seconds
[runlim] real time limit:	1200 seconds
[runlim] space limit:		30000 MB
[runlim] argv[0]:		/raid/steuber/Software/boolector/build/bin/boolector
[runlim] argv[1]:		/raid/steuber/Benchmarks/srem_sdiv_mul_sat/QF_BV/sage/app12/bench_360.smt2
[runlim] start:			Thu Aug  8 05:31:54 2019
[runlim] main pid:		19357
[BTOR>check_sat] 0.005318 seconds
[runlim] end:			Thu Aug  8 05:31:54 2019
[runlim] status:		ok
[runlim] result:		10
[runlim] children:		0
[runlim] real:			0.34 seconds
[runlim] time:			0.00 seconds
[runlim] space:			0.0 MB
[runlim] samples:		0
[runlim] version:		1.7
[runlim] time limit:		311040000 seconds
[runlim] real time limit:	1200 seconds
[runlim] space limit:		30000 MB
[runlim] argv[0]:		/raid/steuber/Software/boolector/build/bin/boolector
[runlim] argv[1]:		/raid/steuber/Benchmarks/srem_sdiv_mul_sat/QF_BV/sage/app12/bench_352.smt2
[runlim] start:			Thu Aug  8 05:31:54 2019
[runlim] main pid:		19361
[BTOR>check_sat] 0.003308 seconds
[runlim] end:			Thu Aug  8 05:31:54 2019
[runlim] status:		ok
[runlim] result:		10
[runlim] children:		0
[runlim] real:			0.35 seconds
[runlim] time:			0.00 seconds
[runlim] space:			0.0 MB
[runlim] samples:		0
[runlim] version:		1.7
[runlim] time limit:		311040000 seconds
[runlim] real time limit:	1200 seconds
[runlim] space limit:		30000 MB
[runlim] argv[0]:		/raid/steuber/Software/boolector/build/bin/boolector
[runlim] argv[1]:		/raid/steuber/Benchmarks/srem_sdiv_mul_sat/QF_BV/sage/app12/bench_595.smt2
[runlim] start:			Thu Aug  8 05:31:54 2019
[runlim] main pid:		19365
[BTOR>check_sat] 0.003517 seconds
[runlim] end:			Thu Aug  8 05:31:54 2019
[runlim] status:		ok
[runlim] result:		10
[runlim] children:		0
[runlim] real:			0.36 seconds
[runlim] time:			0.00 seconds
[runlim] space:			0.0 MB
[runlim] samples:		0
[runlim] version:		1.7
[runlim] time limit:		311040000 seconds
[runlim] real time limit:	1200 seconds
[runlim] space limit:		30000 MB
[runlim] argv[0]:		/raid/steuber/Software/boolector/build/bin/boolector
[runlim] argv[1]:		/raid/steuber/Benchmarks/srem_sdiv_mul_sat/QF_BV/sage/app12/bench_3335.smt2
[runlim] start:			Thu Aug  8 05:31:54 2019
[runlim] main pid:		19369
[BTOR>check_sat] 0.000579 seconds
[runlim] end:			Thu Aug  8 05:31:54 2019
[runlim] status:		ok
[runlim] result:		10
[runlim] children:		0
[runlim] real:			0.37 seconds
[runlim] time:			0.00 seconds
[runlim] space:			0.0 MB
[runlim] samples:		0
[runlim] version:		1.7
[runlim] time limit:		311040000 seconds
[runlim] real time limit:	1200 seconds
[runlim] space limit:		30000 MB
[runlim] argv[0]:		/raid/steuber/Software/boolector/build/bin/boolector
[runlim] argv[1]:		/raid/steuber/Benchmarks/srem_sdiv_mul_sat/QF_BV/sage/app12/bench_3835.smt2
[runlim] start:			Thu Aug  8 05:31:54 2019
[runlim] main pid:		19373
[BTOR>check_sat] 0.002193 seconds
[runlim] end:			Thu Aug  8 05:31:54 2019
[runlim] status:		ok
[runlim] result:		10
[runlim] children:		0
[runlim] real:			0.38 seconds
[runlim] time:			0.00 seconds
[runlim] space:			0.0 MB
[runlim] samples:		0
[runlim] version:		1.7
[runlim] time limit:		311040000 seconds
[runlim] real time limit:	1200 seconds
[runlim] space limit:		30000 MB
[runlim] argv[0]:		/raid/steuber/Software/boolector/build/bin/boolector
[runlim] argv[1]:		/raid/steuber/Benchmarks/srem_sdiv_mul_sat/QF_BV/sage/app12/bench_5708.smt2
[runlim] start:			Thu Aug  8 05:31:54 2019
[runlim] main pid:		19377
[BTOR>check_sat] 0.000640 seconds
[runlim] end:			Thu Aug  8 05:31:54 2019
[runlim] status:		ok
[runlim] result:		10
[runlim] children:		0
[runlim] real:			0.38 seconds
[runlim] time:			0.00 seconds
[runlim] space:			0.0 MB
[runlim] samples:		0
[runlim] version:		1.7
[runlim] time limit:		311040000 seconds
[runlim] real time limit:	1200 seconds
[runlim] space limit:		30000 MB
[runlim] argv[0]:		/raid/steuber/Software/boolector/build/bin/boolector
[runlim] argv[1]:		/raid/steuber/Benchmarks/srem_sdiv_mul_sat/QF_BV/sage/app12/bench_5048.smt2
[runlim] start:			Thu Aug  8 05:31:54 2019
[runlim] main pid:		19381
[BTOR>check_sat] 0.021846 seconds
[runlim] end:			Thu Aug  8 05:31:54 2019
[runlim] status:		ok
[runlim] result:		10
[runlim] children:		0
[runlim] real:			0.41 seconds
[runlim] time:			0.00 seconds
[runlim] space:			0.0 MB
[runlim] samples:		0
[runlim] version:		1.7
[runlim] time limit:		311040000 seconds
[runlim] real time limit:	1200 seconds
[runlim] space limit:		30000 MB
[runlim] argv[0]:		/raid/steuber/Software/boolector/build/bin/boolector
[runlim] argv[1]:		/raid/steuber/Benchmarks/srem_sdiv_mul_sat/QF_BV/sage/app12/bench_611.smt2
[runlim] start:			Thu Aug  8 05:31:54 2019
[runlim] main pid:		19385
[BTOR>check_sat] 0.004252 seconds
[runlim] end:			Thu Aug  8 05:31:54 2019
[runlim] status:		ok
[runlim] result:		10
[runlim] children:		0
[runlim] real:			0.42 seconds
[runlim] time:			0.00 seconds
[runlim] space:			0.0 MB
[runlim] samples:		0
[runlim] version:		1.7
[runlim] time limit:		311040000 seconds
[runlim] real time limit:	1200 seconds
[runlim] space limit:		30000 MB
[runlim] argv[0]:		/raid/steuber/Software/boolector/build/bin/boolector
[runlim] argv[1]:		/raid/steuber/Benchmarks/srem_sdiv_mul_sat/QF_BV/sage/app12/bench_538.smt2
[runlim] start:			Thu Aug  8 05:31:54 2019
[runlim] main pid:		19389
[BTOR>check_sat] 0.000581 seconds
[runlim] end:			Thu Aug  8 05:31:54 2019
[runlim] status:		ok
[runlim] result:		10
[runlim] children:		0
[runlim] real:			0.43 seconds
[runlim] time:			0.00 seconds
[runlim] space:			0.0 MB
[runlim] samples:		0
[runlim] version:		1.7
[runlim] time limit:		311040000 seconds
[runlim] real time limit:	1200 seconds
[runlim] space limit:		30000 MB
[runlim] argv[0]:		/raid/steuber/Software/boolector/build/bin/boolector
[runlim] argv[1]:		/raid/steuber/Benchmarks/srem_sdiv_mul_sat/QF_BV/sage/app12/bench_4755.smt2
[runlim] start:			Thu Aug  8 05:31:54 2019
[runlim] main pid:		19393
[BTOR>check_sat] 0.001584 seconds
[runlim] end:			Thu Aug  8 05:31:54 2019
[runlim] status:		ok
[runlim] result:		10
[runlim] children:		0
[runlim] real:			0.44 seconds
[runlim] time:			0.00 seconds
[runlim] space:			0.0 MB
[runlim] samples:		0
[runlim] version:		1.7
[runlim] time limit:		311040000 seconds
[runlim] real time limit:	1200 seconds
[runlim] space limit:		30000 MB
[runlim] argv[0]:		/raid/steuber/Software/boolector/build/bin/boolector
[runlim] argv[1]:		/raid/steuber/Benchmarks/srem_sdiv_mul_sat/QF_BV/sage/app12/bench_2060.smt2
[runlim] start:			Thu Aug  8 05:31:54 2019
[runlim] main pid:		19397
[BTOR>check_sat] 0.000623 seconds
[runlim] end:			Thu Aug  8 05:31:54 2019
[runlim] status:		ok
[runlim] result:		10
[runlim] children:		0
[runlim] real:			0.44 seconds
[runlim] time:			0.00 seconds
[runlim] space:			0.0 MB
[runlim] samples:		0
[runlim] version:		1.7
[runlim] time limit:		311040000 seconds
[runlim] real time limit:	1200 seconds
[runlim] space limit:		30000 MB
[runlim] argv[0]:		/raid/steuber/Software/boolector/build/bin/boolector
[runlim] argv[1]:		/raid/steuber/Benchmarks/srem_sdiv_mul_sat/QF_BV/sage/app12/bench_3919.smt2
[runlim] start:			Thu Aug  8 05:31:54 2019
[runlim] main pid:		19401
[BTOR>check_sat] 0.002538 seconds
[runlim] end:			Thu Aug  8 05:31:54 2019
[runlim] status:		ok
[runlim] result:		10
[runlim] children:		0
[runlim] real:			0.45 seconds
[runlim] time:			0.00 seconds
[runlim] space:			0.0 MB
[runlim] samples:		0
[runlim] version:		1.7
[runlim] time limit:		311040000 seconds
[runlim] real time limit:	1200 seconds
[runlim] space limit:		30000 MB
[runlim] argv[0]:		/raid/steuber/Software/boolector/build/bin/boolector
[runlim] argv[1]:		/raid/steuber/Benchmarks/srem_sdiv_mul_sat/QF_BV/sage/app12/bench_4619.smt2
[runlim] start:			Thu Aug  8 05:31:54 2019
[runlim] main pid:		19405
[BTOR>check_sat] 0.001585 seconds
[runlim] end:			Thu Aug  8 05:31:54 2019
[runlim] status:		ok
[runlim] result:		10
[runlim] children:		0
[runlim] real:			0.46 seconds
[runlim] time:			0.00 seconds
[runlim] space:			0.0 MB
[runlim] samples:		0
[runlim] version:		1.7
[runlim] time limit:		311040000 seconds
[runlim] real time limit:	1200 seconds
[runlim] space limit:		30000 MB
[runlim] argv[0]:		/raid/steuber/Software/boolector/build/bin/boolector
[runlim] argv[1]:		/raid/steuber/Benchmarks/srem_sdiv_mul_sat/QF_BV/sage/app12/bench_4472.smt2
[runlim] start:			Thu Aug  8 05:31:54 2019
[runlim] main pid:		19409
[BTOR>check_sat] 0.005383 seconds
[runlim] end:			Thu Aug  8 05:31:54 2019
[runlim] status:		ok
[runlim] result:		10
[runlim] children:		0
[runlim] real:			0.47 seconds
[runlim] time:			0.00 seconds
[runlim] space:			0.0 MB
[runlim] samples:		0
[runlim] version:		1.7
[runlim] time limit:		311040000 seconds
[runlim] real time limit:	1200 seconds
[runlim] space limit:		30000 MB
[runlim] argv[0]:		/raid/steuber/Software/boolector/build/bin/boolector
[runlim] argv[1]:		/raid/steuber/Benchmarks/srem_sdiv_mul_sat/QF_BV/sage/app12/bench_2168.smt2
[runlim] start:			Thu Aug  8 05:31:54 2019
[runlim] main pid:		19413
[BTOR>check_sat] 0.037105 seconds
[runlim] end:			Thu Aug  8 05:31:54 2019
[runlim] status:		ok
[runlim] result:		10
[runlim] children:		0
[runlim] real:			0.51 seconds
[runlim] time:			0.00 seconds
[runlim] space:			0.0 MB
[runlim] samples:		0
[runlim] version:		1.7
[runlim] time limit:		311040000 seconds
[runlim] real time limit:	1200 seconds
[runlim] space limit:		30000 MB
[runlim] argv[0]:		/raid/steuber/Software/boolector/build/bin/boolector
[runlim] argv[1]:		/raid/steuber/Benchmarks/srem_sdiv_mul_sat/QF_BV/sage/app12/bench_2256.smt2
[runlim] start:			Thu Aug  8 05:31:54 2019
[runlim] main pid:		19417
[BTOR>check_sat] 0.007036 seconds
[runlim] end:			Thu Aug  8 05:31:54 2019
[runlim] status:		ok
[runlim] result:		10
[runlim] children:		0
[runlim] real:			0.53 seconds
[runlim] time:			0.00 seconds
[runlim] space:			0.0 MB
[runlim] samples:		0
[runlim] version:		1.7
[runlim] time limit:		311040000 seconds
[runlim] real time limit:	1200 seconds
[runlim] space limit:		30000 MB
[runlim] argv[0]:		/raid/steuber/Software/boolector/build/bin/boolector
[runlim] argv[1]:		/raid/steuber/Benchmarks/srem_sdiv_mul_sat/QF_BV/sage/app12/bench_362.smt2
[runlim] start:			Thu Aug  8 05:31:54 2019
[runlim] main pid:		19421
[BTOR>check_sat] 0.003969 seconds
[runlim] end:			Thu Aug  8 05:31:54 2019
[runlim] status:		ok
[runlim] result:		10
[runlim] children:		0
[runlim] real:			0.54 seconds
[runlim] time:			0.00 seconds
[runlim] space:			0.0 MB
[runlim] samples:		0
[runlim] version:		1.7
[runlim] time limit:		311040000 seconds
[runlim] real time limit:	1200 seconds
[runlim] space limit:		30000 MB
[runlim] argv[0]:		/raid/steuber/Software/boolector/build/bin/boolector
[runlim] argv[1]:		/raid/steuber/Benchmarks/srem_sdiv_mul_sat/QF_BV/sage/app12/bench_4884.smt2
[runlim] start:			Thu Aug  8 05:31:54 2019
[runlim] main pid:		19425
[BTOR>check_sat] 0.021753 seconds
[runlim] end:			Thu Aug  8 05:31:54 2019
[runlim] status:		ok
[runlim] result:		10
[runlim] children:		0
[runlim] real:			0.56 seconds
[runlim] time:			0.00 seconds
[runlim] space:			0.0 MB
[runlim] samples:		0
[runlim] version:		1.7
[runlim] time limit:		311040000 seconds
[runlim] real time limit:	1200 seconds
[runlim] space limit:		30000 MB
[runlim] argv[0]:		/raid/steuber/Software/boolector/build/bin/boolector
[runlim] argv[1]:		/raid/steuber/Benchmarks/srem_sdiv_mul_sat/QF_BV/sage/app12/bench_776.smt2
[runlim] start:			Thu Aug  8 05:31:54 2019
[runlim] main pid:		19429
[BTOR>check_sat] 0.000494 seconds
[runlim] end:			Thu Aug  8 05:31:54 2019
[runlim] status:		ok
[runlim] result:		10
[runlim] children:		0
[runlim] real:			0.57 seconds
[runlim] time:			0.00 seconds
[runlim] space:			0.0 MB
[runlim] samples:		0
[runlim] version:		1.7
[runlim] time limit:		311040000 seconds
[runlim] real time limit:	1200 seconds
[runlim] space limit:		30000 MB
[runlim] argv[0]:		/raid/steuber/Software/boolector/build/bin/boolector
[runlim] argv[1]:		/raid/steuber/Benchmarks/srem_sdiv_mul_sat/QF_BV/sage/app12/bench_5475.smt2
[runlim] start:			Thu Aug  8 05:31:54 2019
[runlim] main pid:		19433
[BTOR>check_sat] 0.000685 seconds
[runlim] end:			Thu Aug  8 05:31:54 2019
[runlim] status:		ok
[runlim] result:		10
[runlim] children:		0
[runlim] real:			0.60 seconds
[runlim] time:			0.00 seconds
[runlim] space:			0.0 MB
[runlim] samples:		0
[runlim] version:		1.7
[runlim] time limit:		311040000 seconds
[runlim] real time limit:	1200 seconds
[runlim] space limit:		30000 MB
[runlim] argv[0]:		/raid/steuber/Software/boolector/build/bin/boolector
[runlim] argv[1]:		/raid/steuber/Benchmarks/srem_sdiv_mul_sat/QF_BV/sage/app12/bench_4496.smt2
[runlim] start:			Thu Aug  8 05:31:54 2019
[runlim] main pid:		19437
[BTOR>check_sat] 0.001634 seconds
[runlim] end:			Thu Aug  8 05:31:54 2019
[runlim] status:		ok
[runlim] result:		10
[runlim] children:		0
[runlim] real:			0.63 seconds
[runlim] time:			0.00 seconds
[runlim] space:			0.0 MB
[runlim] samples:		0
[runlim] version:		1.7
[runlim] time limit:		311040000 seconds
[runlim] real time limit:	1200 seconds
[runlim] space limit:		30000 MB
[runlim] argv[0]:		/raid/steuber/Software/boolector/build/bin/boolector
[runlim] argv[1]:		/raid/steuber/Benchmarks/srem_sdiv_mul_sat/QF_BV/sage/app12/bench_679.smt2
[runlim] start:			Thu Aug  8 05:31:54 2019
[runlim] main pid:		19441
[BTOR>check_sat] 0.013890 seconds
[runlim] end:			Thu Aug  8 05:31:54 2019
[runlim] status:		ok
[runlim] result:		10
[runlim] children:		0
[runlim] real:			0.65 seconds
[runlim] time:			0.00 seconds
[runlim] space:			0.0 MB
[runlim] samples:		0
[runlim] version:		1.7
[runlim] time limit:		311040000 seconds
[runlim] real time limit:	1200 seconds
[runlim] space limit:		30000 MB
[runlim] argv[0]:		/raid/steuber/Software/boolector/build/bin/boolector
[runlim] argv[1]:		/raid/steuber/Benchmarks/srem_sdiv_mul_sat/QF_BV/sage/app12/bench_2154.smt2
[runlim] start:			Thu Aug  8 05:31:54 2019
[runlim] main pid:		19445
[BTOR>check_sat] 0.041820 seconds
[runlim] end:			Thu Aug  8 05:31:54 2019
[runlim] status:		ok
[runlim] result:		10
[runlim] children:		0
[runlim] real:			0.70 seconds
[runlim] time:			0.00 seconds
[runlim] space:			0.0 MB
[runlim] samples:		0
[runlim] version:		1.7
[runlim] time limit:		311040000 seconds
[runlim] real time limit:	1200 seconds
[runlim] space limit:		30000 MB
[runlim] argv[0]:		/raid/steuber/Software/boolector/build/bin/boolector
[runlim] argv[1]:		/raid/steuber/Benchmarks/srem_sdiv_mul_sat/QF_BV/sage/app12/bench_4476.smt2
[runlim] start:			Thu Aug  8 05:31:54 2019
[runlim] main pid:		19449
[BTOR>check_sat] 0.002515 seconds
[runlim] end:			Thu Aug  8 05:31:54 2019
[runlim] status:		ok
[runlim] result:		10
[runlim] children:		0
[runlim] real:			0.71 seconds
[runlim] time:			0.00 seconds
[runlim] space:			0.0 MB
[runlim] samples:		0
[runlim] version:		1.7
[runlim] time limit:		311040000 seconds
[runlim] real time limit:	1200 seconds
[runlim] space limit:		30000 MB
[runlim] argv[0]:		/raid/steuber/Software/boolector/build/bin/boolector
[runlim] argv[1]:		/raid/steuber/Benchmarks/srem_sdiv_mul_sat/QF_BV/sage/app12/bench_271.smt2
[runlim] start:			Thu Aug  8 05:31:54 2019
[runlim] main pid:		19453
[BTOR>check_sat] 0.000481 seconds
[runlim] end:			Thu Aug  8 05:31:54 2019
[runlim] status:		ok
[runlim] result:		10
[runlim] children:		0
[runlim] real:			0.71 seconds
[runlim] time:			0.00 seconds
[runlim] space:			0.0 MB
[runlim] samples:		0
[runlim] version:		1.7
[runlim] time limit:		311040000 seconds
[runlim] real time limit:	1200 seconds
[runlim] space limit:		30000 MB
[runlim] argv[0]:		/raid/steuber/Software/boolector/build/bin/boolector
[runlim] argv[1]:		/raid/steuber/Benchmarks/srem_sdiv_mul_sat/QF_BV/sage/app12/bench_4233.smt2
[runlim] start:			Thu Aug  8 05:31:54 2019
[runlim] main pid:		19457
[BTOR>check_sat] 0.001779 seconds
[runlim] end:			Thu Aug  8 05:31:54 2019
[runlim] status:		ok
[runlim] result:		10
[runlim] children:		0
[runlim] real:			0.72 seconds
[runlim] time:			0.00 seconds
[runlim] space:			0.0 MB
[runlim] samples:		0
[runlim] version:		1.7
[runlim] time limit:		311040000 seconds
[runlim] real time limit:	1200 seconds
[runlim] space limit:		30000 MB
[runlim] argv[0]:		/raid/steuber/Software/boolector/build/bin/boolector
[runlim] argv[1]:		/raid/steuber/Benchmarks/srem_sdiv_mul_sat/QF_BV/sage/app12/bench_4617.smt2
[runlim] start:			Thu Aug  8 05:31:54 2019
[runlim] main pid:		19461
[BTOR>check_sat] 0.002029 seconds
[runlim] end:			Thu Aug  8 05:31:54 2019
[runlim] status:		ok
[runlim] result:		10
[runlim] children:		0
[runlim] real:			0.73 seconds
[runlim] time:			0.00 seconds
[runlim] space:			0.0 MB
[runlim] samples:		0
[runlim] version:		1.7
[runlim] time limit:		311040000 seconds
[runlim] real time limit:	1200 seconds
[runlim] space limit:		30000 MB
[runlim] argv[0]:		/raid/steuber/Software/boolector/build/bin/boolector
[runlim] argv[1]:		/raid/steuber/Benchmarks/srem_sdiv_mul_sat/QF_BV/sage/app12/bench_3917.smt2
[runlim] start:			Thu Aug  8 05:31:54 2019
[runlim] main pid:		19465
[BTOR>check_sat] 0.002699 seconds
[runlim] end:			Thu Aug  8 05:31:54 2019
[runlim] status:		ok
[runlim] result:		10
[runlim] children:		0
[runlim] real:			0.74 seconds
[runlim] time:			0.00 seconds
[runlim] space:			0.0 MB
[runlim] samples:		0
[runlim] version:		1.7
[runlim] time limit:		311040000 seconds
[runlim] real time limit:	1200 seconds
[runlim] space limit:		30000 MB
[runlim] argv[0]:		/raid/steuber/Software/boolector/build/bin/boolector
[runlim] argv[1]:		/raid/steuber/Benchmarks/srem_sdiv_mul_sat/QF_BV/sage/app12/bench_5605.smt2
[runlim] start:			Thu Aug  8 05:31:54 2019
[runlim] main pid:		19469
[BTOR>check_sat] 0.007413 seconds
[runlim] end:			Thu Aug  8 05:31:54 2019
[runlim] status:		ok
[runlim] result:		10
[runlim] children:		0
[runlim] real:			0.75 seconds
[runlim] time:			0.00 seconds
[runlim] space:			0.0 MB
[runlim] samples:		0
[runlim] version:		1.7
[runlim] time limit:		311040000 seconds
[runlim] real time limit:	1200 seconds
[runlim] space limit:		30000 MB
[runlim] argv[0]:		/raid/steuber/Software/boolector/build/bin/boolector
[runlim] argv[1]:		/raid/steuber/Benchmarks/srem_sdiv_mul_sat/QF_BV/sage/app12/bench_4612.smt2
[runlim] start:			Thu Aug  8 05:31:54 2019
[runlim] main pid:		19473
[BTOR>check_sat] 0.021875 seconds
[runlim] end:			Thu Aug  8 05:31:54 2019
[runlim] status:		ok
[runlim] result:		10
[runlim] children:		0
[runlim] real:			0.78 seconds
[runlim] time:			0.00 seconds
[runlim] space:			0.0 MB
[runlim] samples:		0
[runlim] version:		1.7
[runlim] time limit:		311040000 seconds
[runlim] real time limit:	1200 seconds
[runlim] space limit:		30000 MB
[runlim] argv[0]:		/raid/steuber/Software/boolector/build/bin/boolector
[runlim] argv[1]:		/raid/steuber/Benchmarks/srem_sdiv_mul_sat/QF_BV/sage/app12/bench_517.smt2
[runlim] start:			Thu Aug  8 05:31:54 2019
[runlim] main pid:		19477
[BTOR>check_sat] 0.000416 seconds
[runlim] end:			Thu Aug  8 05:31:54 2019
[runlim] status:		ok
[runlim] result:		10
[runlim] children:		0
[runlim] real:			0.79 seconds
[runlim] time:			0.00 seconds
[runlim] space:			0.0 MB
[runlim] samples:		0
[runlim] version:		1.7
[runlim] time limit:		311040000 seconds
[runlim] real time limit:	1200 seconds
[runlim] space limit:		30000 MB
[runlim] argv[0]:		/raid/steuber/Software/boolector/build/bin/boolector
[runlim] argv[1]:		/raid/steuber/Benchmarks/srem_sdiv_mul_sat/QF_BV/sage/app12/bench_929.smt2
[runlim] start:			Thu Aug  8 05:31:54 2019
[runlim] main pid:		19481
[BTOR>check_sat] 0.013431 seconds
[runlim] end:			Thu Aug  8 05:31:54 2019
[runlim] status:		ok
[runlim] result:		10
[runlim] children:		0
[runlim] real:			0.80 seconds
[runlim] time:			0.00 seconds
[runlim] space:			0.0 MB
[runlim] samples:		0
[runlim] version:		1.7
[runlim] time limit:		311040000 seconds
[runlim] real time limit:	1200 seconds
[runlim] space limit:		30000 MB
[runlim] argv[0]:		/raid/steuber/Software/boolector/build/bin/boolector
[runlim] argv[1]:		/raid/steuber/Benchmarks/srem_sdiv_mul_sat/QF_BV/sage/app12/bench_1113.smt2
[runlim] start:			Thu Aug  8 05:31:54 2019
[runlim] main pid:		19485
[BTOR>check_sat] 0.000627 seconds
[runlim] end:			Thu Aug  8 05:31:54 2019
[runlim] status:		ok
[runlim] result:		10
[runlim] children:		0
[runlim] real:			0.81 seconds
[runlim] time:			0.00 seconds
[runlim] space:			0.0 MB
[runlim] samples:		0
[runlim] version:		1.7
[runlim] time limit:		311040000 seconds
[runlim] real time limit:	1200 seconds
[runlim] space limit:		30000 MB
[runlim] argv[0]:		/raid/steuber/Software/boolector/build/bin/boolector
[runlim] argv[1]:		/raid/steuber/Benchmarks/srem_sdiv_mul_sat/QF_BV/sage/app12/bench_4128.smt2
[runlim] start:			Thu Aug  8 05:31:54 2019
[runlim] main pid:		19489
[BTOR>check_sat] 0.002899 seconds
[runlim] end:			Thu Aug  8 05:31:54 2019
[runlim] status:		ok
[runlim] result:		10
[runlim] children:		0
[runlim] real:			0.82 seconds
[runlim] time:			0.00 seconds
[runlim] space:			0.0 MB
[runlim] samples:		0
[runlim] version:		1.7
[runlim] time limit:		311040000 seconds
[runlim] real time limit:	1200 seconds
[runlim] space limit:		30000 MB
[runlim] argv[0]:		/raid/steuber/Software/boolector/build/bin/boolector
[runlim] argv[1]:		/raid/steuber/Benchmarks/srem_sdiv_mul_sat/QF_BV/sage/app12/bench_5426.smt2
[runlim] start:			Thu Aug  8 05:31:54 2019
[runlim] main pid:		19493
[BTOR>check_sat] 0.000564 seconds
[runlim] end:			Thu Aug  8 05:31:54 2019
[runlim] status:		ok
[runlim] result:		10
[runlim] children:		0
[runlim] real:			0.83 seconds
[runlim] time:			0.00 seconds
[runlim] space:			0.0 MB
[runlim] samples:		0
[runlim] version:		1.7
[runlim] time limit:		311040000 seconds
[runlim] real time limit:	1200 seconds
[runlim] space limit:		30000 MB
[runlim] argv[0]:		/raid/steuber/Software/boolector/build/bin/boolector
[runlim] argv[1]:		/raid/steuber/Benchmarks/srem_sdiv_mul_sat/QF_BV/sage/app12/bench_4027.smt2
[runlim] start:			Thu Aug  8 05:31:54 2019
[runlim] main pid:		19497
[BTOR>check_sat] 0.001832 seconds
[runlim] end:			Thu Aug  8 05:31:54 2019
[runlim] status:		ok
[runlim] result:		10
[runlim] children:		0
[runlim] real:			0.83 seconds
[runlim] time:			0.00 seconds
[runlim] space:			0.0 MB
[runlim] samples:		0
[runlim] version:		1.7
[runlim] time limit:		311040000 seconds
[runlim] real time limit:	1200 seconds
[runlim] space limit:		30000 MB
[runlim] argv[0]:		/raid/steuber/Software/boolector/build/bin/boolector
[runlim] argv[1]:		/raid/steuber/Benchmarks/srem_sdiv_mul_sat/QF_BV/sage/app12/bench_852.smt2
[runlim] start:			Thu Aug  8 05:31:54 2019
[runlim] main pid:		19501
[BTOR>check_sat] 0.003366 seconds
[runlim] end:			Thu Aug  8 05:31:54 2019
[runlim] status:		ok
[runlim] result:		10
[runlim] children:		0
[runlim] real:			0.84 seconds
[runlim] time:			0.00 seconds
[runlim] space:			0.0 MB
[runlim] samples:		0
[runlim] version:		1.7
[runlim] time limit:		311040000 seconds
[runlim] real time limit:	1200 seconds
[runlim] space limit:		30000 MB
[runlim] argv[0]:		/raid/steuber/Software/boolector/build/bin/boolector
[runlim] argv[1]:		/raid/steuber/Benchmarks/srem_sdiv_mul_sat/QF_BV/sage/app12/bench_3844.smt2
[runlim] start:			Thu Aug  8 05:31:54 2019
[runlim] main pid:		19505
[BTOR>check_sat] 0.003626 seconds
[runlim] end:			Thu Aug  8 05:31:54 2019
[runlim] status:		ok
[runlim] result:		10
[runlim] children:		0
[runlim] real:			0.85 seconds
[runlim] time:			0.00 seconds
[runlim] space:			0.0 MB
[runlim] samples:		0
[runlim] version:		1.7
[runlim] time limit:		311040000 seconds
[runlim] real time limit:	1200 seconds
[runlim] space limit:		30000 MB
[runlim] argv[0]:		/raid/steuber/Software/boolector/build/bin/boolector
[runlim] argv[1]:		/raid/steuber/Benchmarks/srem_sdiv_mul_sat/QF_BV/sage/app12/bench_4022.smt2
[runlim] start:			Thu Aug  8 05:31:54 2019
[runlim] main pid:		19509
[BTOR>check_sat] 0.002493 seconds
[runlim] end:			Thu Aug  8 05:31:54 2019
[runlim] status:		ok
[runlim] result:		10
[runlim] children:		0
[runlim] real:			0.86 seconds
[runlim] time:			0.00 seconds
[runlim] space:			0.0 MB
[runlim] samples:		0
[runlim] version:		1.7
[runlim] time limit:		311040000 seconds
[runlim] real time limit:	1200 seconds
[runlim] space limit:		30000 MB
[runlim] argv[0]:		/raid/steuber/Software/boolector/build/bin/boolector
[runlim] argv[1]:		/raid/steuber/Benchmarks/srem_sdiv_mul_sat/QF_BV/sage/app12/bench_4243.smt2
[runlim] start:			Thu Aug  8 05:31:54 2019
[runlim] main pid:		19513
[BTOR>check_sat] 0.004169 seconds
[runlim] end:			Thu Aug  8 05:31:54 2019
[runlim] status:		ok
[runlim] result:		10
[runlim] children:		0
[runlim] real:			0.87 seconds
[runlim] time:			0.00 seconds
[runlim] space:			0.0 MB
[runlim] samples:		0
[runlim] version:		1.7
[runlim] time limit:		311040000 seconds
[runlim] real time limit:	1200 seconds
[runlim] space limit:		30000 MB
[runlim] argv[0]:		/raid/steuber/Software/boolector/build/bin/boolector
[runlim] argv[1]:		/raid/steuber/Benchmarks/srem_sdiv_mul_sat/QF_BV/sage/app12/bench_4483.smt2
[runlim] start:			Thu Aug  8 05:31:54 2019
[runlim] main pid:		19517
[BTOR>check_sat] 0.046866 seconds
[runlim] end:			Thu Aug  8 05:31:54 2019
[runlim] status:		ok
[runlim] result:		10
[runlim] children:		0
[runlim] real:			0.92 seconds
[runlim] time:			0.00 seconds
[runlim] space:			0.0 MB
[runlim] samples:		0
[runlim] version:		1.7
[runlim] time limit:		311040000 seconds
[runlim] real time limit:	1200 seconds
[runlim] space limit:		30000 MB
[runlim] argv[0]:		/raid/steuber/Software/boolector/build/bin/boolector
[runlim] argv[1]:		/raid/steuber/Benchmarks/srem_sdiv_mul_sat/QF_BV/sage/app12/bench_4024.smt2
[runlim] start:			Thu Aug  8 05:31:54 2019
[runlim] main pid:		19521
[BTOR>check_sat] 0.003013 seconds
[runlim] end:			Thu Aug  8 05:31:54 2019
[runlim] status:		ok
[runlim] result:		10
[runlim] children:		0
[runlim] real:			0.93 seconds
[runlim] time:			0.00 seconds
[runlim] space:			0.0 MB
[runlim] samples:		0
[runlim] version:		1.7
[runlim] time limit:		311040000 seconds
[runlim] real time limit:	1200 seconds
[runlim] space limit:		30000 MB
[runlim] argv[0]:		/raid/steuber/Software/boolector/build/bin/boolector
[runlim] argv[1]:		/raid/steuber/Benchmarks/srem_sdiv_mul_sat/QF_BV/sage/app12/bench_431.smt2
[runlim] start:			Thu Aug  8 05:31:54 2019
[runlim] main pid:		19525
[BTOR>check_sat] 0.013947 seconds
[runlim] end:			Thu Aug  8 05:31:54 2019
[runlim] status:		ok
[runlim] result:		10
[runlim] children:		0
[runlim] real:			0.95 seconds
[runlim] time:			0.00 seconds
[runlim] space:			0.0 MB
[runlim] samples:		0
[runlim] version:		1.7
[runlim] time limit:		311040000 seconds
[runlim] real time limit:	1200 seconds
[runlim] space limit:		30000 MB
[runlim] argv[0]:		/raid/steuber/Software/boolector/build/bin/boolector
[runlim] argv[1]:		/raid/steuber/Benchmarks/srem_sdiv_mul_sat/QF_BV/sage/app12/bench_773.smt2
[runlim] start:			Thu Aug  8 05:31:54 2019
[runlim] main pid:		19529
[BTOR>check_sat] 0.000414 seconds
[runlim] end:			Thu Aug  8 05:31:54 2019
[runlim] status:		ok
[runlim] result:		10
[runlim] children:		0
[runlim] real:			0.96 seconds
[runlim] time:			0.00 seconds
[runlim] space:			0.0 MB
[runlim] samples:		0
[runlim] version:		1.7
[runlim] time limit:		311040000 seconds
[runlim] real time limit:	1200 seconds
[runlim] space limit:		30000 MB
[runlim] argv[0]:		/raid/steuber/Software/boolector/build/bin/boolector
[runlim] argv[1]:		/raid/steuber/Benchmarks/srem_sdiv_mul_sat/QF_BV/sage/app12/bench_5487.smt2
[runlim] start:			Thu Aug  8 05:31:54 2019
[runlim] main pid:		19533
[BTOR>check_sat] 0.004432 seconds
[runlim] end:			Thu Aug  8 05:31:54 2019
[runlim] status:		ok
[runlim] result:		10
[runlim] children:		0
[runlim] real:			0.97 seconds
[runlim] time:			0.00 seconds
[runlim] space:			0.0 MB
[runlim] samples:		0
[runlim] version:		1.7
[runlim] time limit:		311040000 seconds
[runlim] real time limit:	1200 seconds
[runlim] space limit:		30000 MB
[runlim] argv[0]:		/raid/steuber/Software/boolector/build/bin/boolector
[runlim] argv[1]:		/raid/steuber/Benchmarks/srem_sdiv_mul_sat/QF_BV/sage/app12/bench_2210.smt2
[runlim] start:			Thu Aug  8 05:31:54 2019
[runlim] main pid:		19538
[BTOR>check_sat] 0.028938 seconds
[runlim] end:			Thu Aug  8 05:31:55 2019
[runlim] status:		ok
[runlim] result:		10
[runlim] children:		0
[runlim] real:			1.01 seconds
[runlim] time:			0.00 seconds
[runlim] space:			0.0 MB
[runlim] samples:		0
[runlim] version:		1.7
[runlim] time limit:		311040000 seconds
[runlim] real time limit:	1200 seconds
[runlim] space limit:		30000 MB
[runlim] argv[0]:		/raid/steuber/Software/boolector/build/bin/boolector
[runlim] argv[1]:		/raid/steuber/Benchmarks/srem_sdiv_mul_sat/QF_BV/sage/app12/bench_1891.smt2
[runlim] start:			Thu Aug  8 05:31:55 2019
[runlim] main pid:		19542
[BTOR>check_sat] 0.000564 seconds
[runlim] end:			Thu Aug  8 05:31:55 2019
[runlim] status:		ok
[runlim] result:		10
[runlim] children:		0
[runlim] real:			0.01 seconds
[runlim] time:			0.00 seconds
[runlim] space:			0.0 MB
[runlim] samples:		0
[runlim] version:		1.7
[runlim] time limit:		311040000 seconds
[runlim] real time limit:	1200 seconds
[runlim] space limit:		30000 MB
[runlim] argv[0]:		/raid/steuber/Software/boolector/build/bin/boolector
[runlim] argv[1]:		/raid/steuber/Benchmarks/srem_sdiv_mul_sat/QF_BV/sage/app12/bench_419.smt2
[runlim] start:			Thu Aug  8 05:31:55 2019
[runlim] main pid:		19546
[BTOR>check_sat] 0.014216 seconds
[runlim] end:			Thu Aug  8 05:31:55 2019
[runlim] status:		ok
[runlim] result:		10
[runlim] children:		0
[runlim] real:			0.03 seconds
[runlim] time:			0.00 seconds
[runlim] space:			0.0 MB
[runlim] samples:		0
[runlim] version:		1.7
[runlim] time limit:		311040000 seconds
[runlim] real time limit:	1200 seconds
[runlim] space limit:		30000 MB
[runlim] argv[0]:		/raid/steuber/Software/boolector/build/bin/boolector
[runlim] argv[1]:		/raid/steuber/Benchmarks/srem_sdiv_mul_sat/QF_BV/sage/app12/bench_3708.smt2
[runlim] start:			Thu Aug  8 05:31:55 2019
[runlim] main pid:		19550
[BTOR>check_sat] 0.006365 seconds
[runlim] end:			Thu Aug  8 05:31:55 2019
[runlim] status:		ok
[runlim] result:		10
[runlim] children:		0
[runlim] real:			0.05 seconds
[runlim] time:			0.00 seconds
[runlim] space:			0.0 MB
[runlim] samples:		0
[runlim] version:		1.7
[runlim] time limit:		311040000 seconds
[runlim] real time limit:	1200 seconds
[runlim] space limit:		30000 MB
[runlim] argv[0]:		/raid/steuber/Software/boolector/build/bin/boolector
[runlim] argv[1]:		/raid/steuber/Benchmarks/srem_sdiv_mul_sat/QF_BV/sage/app12/bench_5054.smt2
[runlim] start:			Thu Aug  8 05:31:55 2019
[runlim] main pid:		19554
[BTOR>check_sat] 0.001618 seconds
[runlim] end:			Thu Aug  8 05:31:55 2019
[runlim] status:		ok
[runlim] result:		10
[runlim] children:		0
[runlim] real:			0.05 seconds
[runlim] time:			0.00 seconds
[runlim] space:			0.0 MB
[runlim] samples:		0
[runlim] version:		1.7
[runlim] time limit:		311040000 seconds
[runlim] real time limit:	1200 seconds
[runlim] space limit:		30000 MB
[runlim] argv[0]:		/raid/steuber/Software/boolector/build/bin/boolector
[runlim] argv[1]:		/raid/steuber/Benchmarks/srem_sdiv_mul_sat/QF_BV/sage/app12/bench_328.smt2
[runlim] start:			Thu Aug  8 05:31:55 2019
[runlim] main pid:		19558
[BTOR>check_sat] 0.003927 seconds
[runlim] end:			Thu Aug  8 05:31:55 2019
[runlim] status:		ok
[runlim] result:		10
[runlim] children:		0
[runlim] real:			0.06 seconds
[runlim] time:			0.00 seconds
[runlim] space:			0.0 MB
[runlim] samples:		0
[runlim] version:		1.7
[runlim] time limit:		311040000 seconds
[runlim] real time limit:	1200 seconds
[runlim] space limit:		30000 MB
[runlim] argv[0]:		/raid/steuber/Software/boolector/build/bin/boolector
[runlim] argv[1]:		/raid/steuber/Benchmarks/srem_sdiv_mul_sat/QF_BV/sage/app12/bench_2282.smt2
[runlim] start:			Thu Aug  8 05:31:55 2019
[runlim] main pid:		19562
[BTOR>check_sat] 0.003589 seconds
[runlim] end:			Thu Aug  8 05:31:55 2019
[runlim] status:		ok
[runlim] result:		10
[runlim] children:		0
[runlim] real:			0.07 seconds
[runlim] time:			0.00 seconds
[runlim] space:			0.0 MB
[runlim] samples:		0
[runlim] version:		1.7
[runlim] time limit:		311040000 seconds
[runlim] real time limit:	1200 seconds
[runlim] space limit:		30000 MB
[runlim] argv[0]:		/raid/steuber/Software/boolector/build/bin/boolector
[runlim] argv[1]:		/raid/steuber/Benchmarks/srem_sdiv_mul_sat/QF_BV/sage/app12/bench_4746.smt2
[runlim] start:			Thu Aug  8 05:31:55 2019
[runlim] main pid:		19566
[BTOR>check_sat] 0.044255 seconds
[runlim] end:			Thu Aug  8 05:31:55 2019
[runlim] status:		ok
[runlim] result:		10
[runlim] children:		0
[runlim] real:			0.12 seconds
[runlim] time:			0.00 seconds
[runlim] space:			0.0 MB
[runlim] samples:		0
[runlim] version:		1.7
[runlim] time limit:		311040000 seconds
[runlim] real time limit:	1200 seconds
[runlim] space limit:		30000 MB
[runlim] argv[0]:		/raid/steuber/Software/boolector/build/bin/boolector
[runlim] argv[1]:		/raid/steuber/Benchmarks/srem_sdiv_mul_sat/QF_BV/sage/app12/bench_5030.smt2
[runlim] start:			Thu Aug  8 05:31:55 2019
[runlim] main pid:		19570
[BTOR>check_sat] 0.005304 seconds
[runlim] end:			Thu Aug  8 05:31:55 2019
[runlim] status:		ok
[runlim] result:		10
[runlim] children:		0
[runlim] real:			0.14 seconds
[runlim] time:			0.00 seconds
[runlim] space:			0.0 MB
[runlim] samples:		0
[runlim] version:		1.7
[runlim] time limit:		311040000 seconds
[runlim] real time limit:	1200 seconds
[runlim] space limit:		30000 MB
[runlim] argv[0]:		/raid/steuber/Software/boolector/build/bin/boolector
[runlim] argv[1]:		/raid/steuber/Benchmarks/srem_sdiv_mul_sat/QF_BV/sage/app12/bench_4037.smt2
[runlim] start:			Thu Aug  8 05:31:55 2019
[runlim] main pid:		19574
[BTOR>check_sat] 0.004212 seconds
[runlim] end:			Thu Aug  8 05:31:55 2019
[runlim] status:		ok
[runlim] result:		10
[runlim] children:		0
[runlim] real:			0.15 seconds
[runlim] time:			0.00 seconds
[runlim] space:			0.0 MB
[runlim] samples:		0
[runlim] version:		1.7
[runlim] time limit:		311040000 seconds
[runlim] real time limit:	1200 seconds
[runlim] space limit:		30000 MB
[runlim] argv[0]:		/raid/steuber/Software/boolector/build/bin/boolector
[runlim] argv[1]:		/raid/steuber/Benchmarks/srem_sdiv_mul_sat/QF_BV/sage/app12/bench_3937.smt2
[runlim] start:			Thu Aug  8 05:31:55 2019
[runlim] main pid:		19578
[BTOR>check_sat] 0.002117 seconds
[runlim] end:			Thu Aug  8 05:31:55 2019
[runlim] status:		ok
[runlim] result:		10
[runlim] children:		0
[runlim] real:			0.15 seconds
[runlim] time:			0.00 seconds
[runlim] space:			0.0 MB
[runlim] samples:		0
[runlim] version:		1.7
[runlim] time limit:		311040000 seconds
[runlim] real time limit:	1200 seconds
[runlim] space limit:		30000 MB
[runlim] argv[0]:		/raid/steuber/Software/boolector/build/bin/boolector
[runlim] argv[1]:		/raid/steuber/Benchmarks/srem_sdiv_mul_sat/QF_BV/sage/app12/bench_3713.smt2
[runlim] start:			Thu Aug  8 05:31:55 2019
[runlim] main pid:		19582
[BTOR>check_sat] 0.002626 seconds
[runlim] end:			Thu Aug  8 05:31:55 2019
[runlim] status:		ok
[runlim] result:		10
[runlim] children:		0
[runlim] real:			0.16 seconds
[runlim] time:			0.00 seconds
[runlim] space:			0.0 MB
[runlim] samples:		0
[runlim] version:		1.7
[runlim] time limit:		311040000 seconds
[runlim] real time limit:	1200 seconds
[runlim] space limit:		30000 MB
[runlim] argv[0]:		/raid/steuber/Software/boolector/build/bin/boolector
[runlim] argv[1]:		/raid/steuber/Benchmarks/srem_sdiv_mul_sat/QF_BV/sage/app12/bench_363.smt2
[runlim] start:			Thu Aug  8 05:31:55 2019
[runlim] main pid:		19586
[BTOR>check_sat] 0.002880 seconds
[runlim] end:			Thu Aug  8 05:31:55 2019
[runlim] status:		ok
[runlim] result:		10
[runlim] children:		0
[runlim] real:			0.17 seconds
[runlim] time:			0.00 seconds
[runlim] space:			0.0 MB
[runlim] samples:		0
[runlim] version:		1.7
[runlim] time limit:		311040000 seconds
[runlim] real time limit:	1200 seconds
[runlim] space limit:		30000 MB
[runlim] argv[0]:		/raid/steuber/Software/boolector/build/bin/boolector
[runlim] argv[1]:		/raid/steuber/Benchmarks/srem_sdiv_mul_sat/QF_BV/sage/app12/bench_4370.smt2
[runlim] start:			Thu Aug  8 05:31:55 2019
[runlim] main pid:		19590
[BTOR>check_sat] 0.002015 seconds
[runlim] end:			Thu Aug  8 05:31:55 2019
[runlim] status:		ok
[runlim] result:		10
[runlim] children:		0
[runlim] real:			0.18 seconds
[runlim] time:			0.00 seconds
[runlim] space:			0.0 MB
[runlim] samples:		0
[runlim] version:		1.7
[runlim] time limit:		311040000 seconds
[runlim] real time limit:	1200 seconds
[runlim] space limit:		30000 MB
[runlim] argv[0]:		/raid/steuber/Software/boolector/build/bin/boolector
[runlim] argv[1]:		/raid/steuber/Benchmarks/srem_sdiv_mul_sat/QF_BV/sage/app12/bench_2049.smt2
[runlim] start:			Thu Aug  8 05:31:55 2019
[runlim] main pid:		19594
[BTOR>check_sat] 0.000519 seconds
[runlim] end:			Thu Aug  8 05:31:55 2019
[runlim] status:		ok
[runlim] result:		10
[runlim] children:		0
[runlim] real:			0.19 seconds
[runlim] time:			0.00 seconds
[runlim] space:			0.0 MB
[runlim] samples:		0
[runlim] version:		1.7
[runlim] time limit:		311040000 seconds
[runlim] real time limit:	1200 seconds
[runlim] space limit:		30000 MB
[runlim] argv[0]:		/raid/steuber/Software/boolector/build/bin/boolector
[runlim] argv[1]:		/raid/steuber/Benchmarks/srem_sdiv_mul_sat/QF_BV/sage/app12/bench_4018.smt2
[runlim] start:			Thu Aug  8 05:31:55 2019
[runlim] main pid:		19598
[BTOR>check_sat] 0.005485 seconds
[runlim] end:			Thu Aug  8 05:31:55 2019
[runlim] status:		ok
[runlim] result:		10
[runlim] children:		0
[runlim] real:			0.20 seconds
[runlim] time:			0.00 seconds
[runlim] space:			0.0 MB
[runlim] samples:		0
[runlim] version:		1.7
[runlim] time limit:		311040000 seconds
[runlim] real time limit:	1200 seconds
[runlim] space limit:		30000 MB
[runlim] argv[0]:		/raid/steuber/Software/boolector/build/bin/boolector
[runlim] argv[1]:		/raid/steuber/Benchmarks/srem_sdiv_mul_sat/QF_BV/sage/app12/bench_2068.smt2
[runlim] start:			Thu Aug  8 05:31:55 2019
[runlim] main pid:		19602
[BTOR>check_sat] 0.000668 seconds
[runlim] end:			Thu Aug  8 05:31:55 2019
[runlim] status:		ok
[runlim] result:		10
[runlim] children:		0
[runlim] real:			0.21 seconds
[runlim] time:			0.00 seconds
[runlim] space:			0.0 MB
[runlim] samples:		0
[runlim] version:		1.7
[runlim] time limit:		311040000 seconds
[runlim] real time limit:	1200 seconds
[runlim] space limit:		30000 MB
[runlim] argv[0]:		/raid/steuber/Software/boolector/build/bin/boolector
[runlim] argv[1]:		/raid/steuber/Benchmarks/srem_sdiv_mul_sat/QF_BV/sage/app12/bench_4130.smt2
[runlim] start:			Thu Aug  8 05:31:55 2019
[runlim] main pid:		19606
[BTOR>check_sat] 0.001826 seconds
[runlim] end:			Thu Aug  8 05:31:55 2019
[runlim] status:		ok
[runlim] result:		10
[runlim] children:		0
[runlim] real:			0.21 seconds
[runlim] time:			0.00 seconds
[runlim] space:			0.0 MB
[runlim] samples:		0
[runlim] version:		1.7
[runlim] time limit:		311040000 seconds
[runlim] real time limit:	1200 seconds
[runlim] space limit:		30000 MB
[runlim] argv[0]:		/raid/steuber/Software/boolector/build/bin/boolector
[runlim] argv[1]:		/raid/steuber/Benchmarks/srem_sdiv_mul_sat/QF_BV/sage/app12/bench_440.smt2
[runlim] start:			Thu Aug  8 05:31:55 2019
[runlim] main pid:		19610
[BTOR>check_sat] 0.007411 seconds
[runlim] end:			Thu Aug  8 05:31:55 2019
[runlim] status:		ok
[runlim] result:		10
[runlim] children:		0
[runlim] real:			0.23 seconds
[runlim] time:			0.00 seconds
[runlim] space:			0.0 MB
[runlim] samples:		0
[runlim] version:		1.7
[runlim] time limit:		311040000 seconds
[runlim] real time limit:	1200 seconds
[runlim] space limit:		30000 MB
[runlim] argv[0]:		/raid/steuber/Software/boolector/build/bin/boolector
[runlim] argv[1]:		/raid/steuber/Benchmarks/srem_sdiv_mul_sat/QF_BV/sage/app12/bench_539.smt2
[runlim] start:			Thu Aug  8 05:31:55 2019
[runlim] main pid:		19614
[BTOR>check_sat] 0.000535 seconds
[runlim] end:			Thu Aug  8 05:31:55 2019
[runlim] status:		ok
[runlim] result:		10
[runlim] children:		0
[runlim] real:			0.23 seconds
[runlim] time:			0.00 seconds
[runlim] space:			0.0 MB
[runlim] samples:		0
[runlim] version:		1.7
[runlim] time limit:		311040000 seconds
[runlim] real time limit:	1200 seconds
[runlim] space limit:		30000 MB
[runlim] argv[0]:		/raid/steuber/Software/boolector/build/bin/boolector
[runlim] argv[1]:		/raid/steuber/Benchmarks/srem_sdiv_mul_sat/QF_BV/sage/app12/bench_3733.smt2
[runlim] start:			Thu Aug  8 05:31:55 2019
[runlim] main pid:		19618
[BTOR>check_sat] 0.002034 seconds
[runlim] end:			Thu Aug  8 05:31:55 2019
[runlim] status:		ok
[runlim] result:		10
[runlim] children:		0
[runlim] real:			0.24 seconds
[runlim] time:			0.00 seconds
[runlim] space:			0.0 MB
[runlim] samples:		0
[runlim] version:		1.7
[runlim] time limit:		311040000 seconds
[runlim] real time limit:	1200 seconds
[runlim] space limit:		30000 MB
[runlim] argv[0]:		/raid/steuber/Software/boolector/build/bin/boolector
[runlim] argv[1]:		/raid/steuber/Benchmarks/srem_sdiv_mul_sat/QF_BV/sage/app12/bench_3822.smt2
[runlim] start:			Thu Aug  8 05:31:55 2019
[runlim] main pid:		19622
[BTOR>check_sat] 0.001824 seconds
[runlim] end:			Thu Aug  8 05:31:55 2019
[runlim] status:		ok
[runlim] result:		10
[runlim] children:		0
[runlim] real:			0.25 seconds
[runlim] time:			0.00 seconds
[runlim] space:			0.0 MB
[runlim] samples:		0
[runlim] version:		1.7
[runlim] time limit:		311040000 seconds
[runlim] real time limit:	1200 seconds
[runlim] space limit:		30000 MB
[runlim] argv[0]:		/raid/steuber/Software/boolector/build/bin/boolector
[runlim] argv[1]:		/raid/steuber/Benchmarks/srem_sdiv_mul_sat/QF_BV/sage/app12/bench_2272.smt2
[runlim] start:			Thu Aug  8 05:31:55 2019
[runlim] main pid:		19626
[BTOR>check_sat] 0.005040 seconds
[runlim] end:			Thu Aug  8 05:31:55 2019
[runlim] status:		ok
[runlim] result:		10
[runlim] children:		0
[runlim] real:			0.26 seconds
[runlim] time:			0.00 seconds
[runlim] space:			0.0 MB
[runlim] samples:		0
[runlim] version:		1.7
[runlim] time limit:		311040000 seconds
[runlim] real time limit:	1200 seconds
[runlim] space limit:		30000 MB
[runlim] argv[0]:		/raid/steuber/Software/boolector/build/bin/boolector
[runlim] argv[1]:		/raid/steuber/Benchmarks/srem_sdiv_mul_sat/QF_BV/sage/app12/bench_5521.smt2
[runlim] start:			Thu Aug  8 05:31:55 2019
[runlim] main pid:		19630
[BTOR>check_sat] 0.002260 seconds
[runlim] end:			Thu Aug  8 05:31:55 2019
[runlim] status:		ok
[runlim] result:		10
[runlim] children:		0
[runlim] real:			0.27 seconds
[runlim] time:			0.00 seconds
[runlim] space:			0.0 MB
[runlim] samples:		0
[runlim] version:		1.7
[runlim] time limit:		311040000 seconds
[runlim] real time limit:	1200 seconds
[runlim] space limit:		30000 MB
[runlim] argv[0]:		/raid/steuber/Software/boolector/build/bin/boolector
[runlim] argv[1]:		/raid/steuber/Benchmarks/srem_sdiv_mul_sat/QF_BV/sage/app12/bench_2109.smt2
[runlim] start:			Thu Aug  8 05:31:55 2019
[runlim] main pid:		19634
[BTOR>check_sat] 0.061829 seconds
[runlim] end:			Thu Aug  8 05:31:55 2019
[runlim] status:		ok
[runlim] result:		10
[runlim] children:		0
[runlim] real:			0.34 seconds
[runlim] time:			0.00 seconds
[runlim] space:			0.0 MB
[runlim] samples:		0
[runlim] version:		1.7
[runlim] time limit:		311040000 seconds
[runlim] real time limit:	1200 seconds
[runlim] space limit:		30000 MB
[runlim] argv[0]:		/raid/steuber/Software/boolector/build/bin/boolector
[runlim] argv[1]:		/raid/steuber/Benchmarks/srem_sdiv_mul_sat/QF_BV/sage/app12/bench_4502.smt2
[runlim] start:			Thu Aug  8 05:31:55 2019
[runlim] main pid:		19638
[BTOR>check_sat] 0.003622 seconds
[runlim] end:			Thu Aug  8 05:31:55 2019
[runlim] status:		ok
[runlim] result:		10
[runlim] children:		0
[runlim] real:			0.35 seconds
[runlim] time:			0.00 seconds
[runlim] space:			0.0 MB
[runlim] samples:		0
[runlim] version:		1.7
[runlim] time limit:		311040000 seconds
[runlim] real time limit:	1200 seconds
[runlim] space limit:		30000 MB
[runlim] argv[0]:		/raid/steuber/Software/boolector/build/bin/boolector
[runlim] argv[1]:		/raid/steuber/Benchmarks/srem_sdiv_mul_sat/QF_BV/sage/app12/bench_4898.smt2
[runlim] start:			Thu Aug  8 05:31:55 2019
[runlim] main pid:		19642
[BTOR>check_sat] 0.003671 seconds
[runlim] end:			Thu Aug  8 05:31:55 2019
[runlim] status:		ok
[runlim] result:		10
[runlim] children:		0
[runlim] real:			0.36 seconds
[runlim] time:			0.00 seconds
[runlim] space:			0.0 MB
[runlim] samples:		0
[runlim] version:		1.7
[runlim] time limit:		311040000 seconds
[runlim] real time limit:	1200 seconds
[runlim] space limit:		30000 MB
[runlim] argv[0]:		/raid/steuber/Software/boolector/build/bin/boolector
[runlim] argv[1]:		/raid/steuber/Benchmarks/srem_sdiv_mul_sat/QF_BV/sage/app12/bench_2249.smt2
[runlim] start:			Thu Aug  8 05:31:55 2019
[runlim] main pid:		19646
[BTOR>check_sat] 0.009914 seconds
[runlim] end:			Thu Aug  8 05:31:55 2019
[runlim] status:		ok
[runlim] result:		10
[runlim] children:		0
[runlim] real:			0.37 seconds
[runlim] time:			0.00 seconds
[runlim] space:			0.0 MB
[runlim] samples:		0
