[runlim] version:		1.10
[runlim] time limit:		311040000 seconds
[runlim] real time limit:	1200 seconds
[runlim] space limit:		15000 MB
[runlim] argv[0]:		/raid/steuber/Software/boolector/build/bin/boolector
[runlim] argv[1]:		/raid/steuber/Benchmarks/2019/QF_BV/Sage2/bench_9270.smt2
[runlim] start:			Tue May 12 04:30:11 2020
[runlim] main pid:		21178
[runlim] sample:		10.0 time, 10.5 real, 17.7 MB
[runlim] sample:		20.0 time, 20.5 real, 22.8 MB
[runlim] sample:		30.0 time, 30.5 real, 24.5 MB
[runlim] sample:		40.0 time, 40.5 real, 27.0 MB
[runlim] sample:		50.0 time, 50.5 real, 29.0 MB
[BTOR>check_sat] 52.990505 seconds
[runlim] end:			Tue May 12 04:31:04 2020
[runlim] status:		ok
[runlim] result:		0
[runlim] children:		0
[runlim] real:			53.50 seconds
[runlim] time:			52.96 seconds
[runlim] space:			31.2 MB
[runlim] samples:		530
[runlim] version:		1.10
[runlim] time limit:		311040000 seconds
[runlim] real time limit:	1200 seconds
[runlim] space limit:		15000 MB
[runlim] argv[0]:		/raid/steuber/Software/boolector/build/bin/boolector
[runlim] argv[1]:		/raid/steuber/Benchmarks/2019/QF_BV/spear/samba_v3.0.24/bin_libmsrpc_vc1225330.smt2
[runlim] start:			Tue May 12 04:31:04 2020
[runlim] main pid:		21192
[BTOR>check_sat] 5.965736 seconds
[runlim] end:			Tue May 12 04:31:10 2020
[runlim] status:		ok
[runlim] result:		0
[runlim] children:		0
[runlim] real:			6.60 seconds
[runlim] time:			5.97 seconds
[runlim] space:			76.3 MB
[runlim] samples:		60
[runlim] version:		1.10
[runlim] time limit:		311040000 seconds
[runlim] real time limit:	1200 seconds
[runlim] space limit:		15000 MB
[runlim] argv[0]:		/raid/steuber/Software/boolector/build/bin/boolector
[runlim] argv[1]:		/raid/steuber/Benchmarks/2019/QF_BV/Sage2/bench_4885.smt2
[runlim] start:			Tue May 12 04:31:10 2020
[runlim] main pid:		21196
[runlim] sample:		10.0 time, 10.6 real, 97.8 MB
[runlim] sample:		20.0 time, 20.6 real, 88.3 MB
[runlim] sample:		30.0 time, 30.6 real, 90.5 MB
[runlim] sample:		40.0 time, 40.6 real, 95.7 MB
[runlim] sample:		50.0 time, 50.6 real, 95.6 MB
[runlim] sample:		60.0 time, 60.6 real, 100.2 MB
[runlim] sample:		70.0 time, 70.6 real, 100.2 MB
[runlim] sample:		80.0 time, 80.6 real, 100.1 MB
[runlim] sample:		90.0 time, 90.6 real, 100.7 MB
[runlim] sample:		100.0 time, 100.6 real, 90.2 MB
[runlim] sample:		110.0 time, 110.6 real, 101.7 MB
[runlim] sample:		120.0 time, 120.6 real, 102.5 MB
[runlim] sample:		130.0 time, 130.6 real, 102.5 MB
[runlim] sample:		140.0 time, 140.6 real, 103.9 MB
[runlim] sample:		150.0 time, 150.6 real, 103.9 MB
[runlim] sample:		160.0 time, 160.6 real, 105.5 MB
[runlim] sample:		170.0 time, 170.6 real, 114.7 MB
[runlim] sample:		180.0 time, 180.6 real, 121.7 MB
[runlim] sample:		190.0 time, 190.6 real, 124.9 MB
[runlim] sample:		200.0 time, 200.6 real, 124.9 MB
[runlim] sample:		210.0 time, 210.6 real, 129.1 MB
[runlim] sample:		220.0 time, 220.6 real, 129.1 MB
[runlim] sample:		229.9 time, 230.6 real, 131.6 MB
[runlim] sample:		239.9 time, 240.6 real, 131.5 MB
[runlim] sample:		249.9 time, 250.6 real, 131.5 MB
[runlim] sample:		259.9 time, 260.6 real, 131.5 MB
[runlim] sample:		270.0 time, 270.6 real, 133.5 MB
[runlim] sample:		280.0 time, 280.6 real, 133.5 MB
[runlim] sample:		290.0 time, 290.6 real, 133.5 MB
[runlim] sample:		299.9 time, 300.6 real, 135.8 MB
[runlim] sample:		309.9 time, 310.6 real, 135.8 MB
[runlim] sample:		319.9 time, 320.6 real, 135.8 MB
[runlim] sample:		330.0 time, 330.6 real, 158.1 MB
[runlim] sample:		340.0 time, 340.6 real, 157.7 MB
[runlim] sample:		350.0 time, 350.6 real, 157.7 MB
[runlim] sample:		360.0 time, 360.6 real, 157.7 MB
[runlim] sample:		370.0 time, 370.6 real, 157.7 MB
[runlim] sample:		380.0 time, 380.6 real, 160.7 MB
[runlim] sample:		389.9 time, 390.6 real, 160.7 MB
[runlim] sample:		399.9 time, 400.6 real, 160.7 MB
[runlim] sample:		409.9 time, 410.6 real, 160.7 MB
[runlim] sample:		419.9 time, 420.6 real, 160.7 MB
[runlim] sample:		429.9 time, 430.6 real, 172.9 MB
[runlim] sample:		439.9 time, 440.6 real, 173.2 MB
[runlim] sample:		449.9 time, 450.6 real, 173.2 MB
[runlim] sample:		459.9 time, 460.6 real, 173.2 MB
[runlim] sample:		469.9 time, 470.6 real, 173.2 MB
[BTOR>check_sat] 474.748684 seconds
[runlim] end:			Tue May 12 04:39:05 2020
[runlim] status:		ok
[runlim] result:		0
[runlim] children:		0
[runlim] real:			475.47 seconds
[runlim] time:			474.75 seconds
[runlim] space:			189.1 MB
[runlim] samples:		4748
[runlim] version:		1.10
[runlim] time limit:		311040000 seconds
[runlim] real time limit:	1200 seconds
[runlim] space limit:		15000 MB
[runlim] argv[0]:		/raid/steuber/Software/boolector/build/bin/boolector
[runlim] argv[1]:		/raid/steuber/Benchmarks/2019/QF_BV/uclid/catchconv/convert-jpg2gif-query-1412.smt2
[runlim] start:			Tue May 12 04:39:05 2020
[runlim] main pid:		21278
[runlim] sample:		10.0 time, 10.5 real, 150.7 MB
[runlim] sample:		20.0 time, 20.5 real, 162.6 MB
[runlim] sample:		30.0 time, 30.5 real, 162.6 MB
[runlim] sample:		40.0 time, 40.5 real, 165.5 MB
[runlim] sample:		50.0 time, 50.5 real, 165.5 MB
[runlim] sample:		60.0 time, 60.5 real, 167.3 MB
[runlim] sample:		70.0 time, 70.5 real, 167.3 MB
[runlim] sample:		80.0 time, 80.5 real, 167.3 MB
[runlim] sample:		90.0 time, 90.5 real, 171.5 MB
[runlim] sample:		100.0 time, 100.5 real, 171.5 MB
[runlim] sample:		110.0 time, 110.5 real, 152.6 MB
[runlim] sample:		120.0 time, 120.5 real, 171.6 MB
[runlim] sample:		130.0 time, 130.5 real, 171.1 MB
[runlim] sample:		140.0 time, 140.5 real, 172.1 MB
[runlim] sample:		150.0 time, 150.5 real, 172.1 MB
[runlim] sample:		160.0 time, 160.5 real, 172.0 MB
[runlim] sample:		170.0 time, 170.5 real, 173.1 MB
[runlim] sample:		180.0 time, 180.5 real, 175.7 MB
[runlim] sample:		190.0 time, 190.5 real, 177.2 MB
[runlim] sample:		200.0 time, 200.5 real, 177.2 MB
[runlim] sample:		210.0 time, 210.5 real, 156.5 MB
[runlim] sample:		220.0 time, 220.5 real, 177.3 MB
[runlim] sample:		230.0 time, 230.5 real, 177.3 MB
[runlim] sample:		240.0 time, 240.5 real, 177.3 MB
[runlim] sample:		250.0 time, 250.5 real, 192.4 MB
[runlim] sample:		260.0 time, 260.5 real, 191.8 MB
[runlim] sample:		270.0 time, 270.5 real, 191.8 MB
[runlim] sample:		280.0 time, 280.5 real, 195.8 MB
[runlim] sample:		290.0 time, 290.5 real, 195.8 MB
[runlim] sample:		300.0 time, 300.5 real, 195.1 MB
[runlim] sample:		310.0 time, 310.5 real, 195.9 MB
[runlim] sample:		320.0 time, 320.5 real, 195.8 MB
[runlim] sample:		330.0 time, 330.5 real, 195.8 MB
[runlim] sample:		340.0 time, 340.5 real, 195.8 MB
[runlim] sample:		350.0 time, 350.5 real, 198.7 MB
[runlim] sample:		360.0 time, 360.5 real, 198.7 MB
[runlim] sample:		370.0 time, 370.5 real, 197.8 MB
[runlim] sample:		380.0 time, 380.5 real, 197.8 MB
[runlim] sample:		390.0 time, 390.5 real, 197.8 MB
[runlim] sample:		400.0 time, 400.5 real, 197.8 MB
[runlim] sample:		410.0 time, 410.5 real, 197.8 MB
[runlim] sample:		419.9 time, 420.5 real, 221.4 MB
[runlim] sample:		430.0 time, 430.5 real, 223.9 MB
[runlim] sample:		440.0 time, 440.5 real, 223.9 MB
[runlim] sample:		450.0 time, 450.5 real, 223.9 MB
[runlim] sample:		460.0 time, 460.5 real, 223.9 MB
[runlim] sample:		470.0 time, 470.5 real, 223.9 MB
[runlim] sample:		479.9 time, 480.5 real, 227.0 MB
[runlim] sample:		489.9 time, 490.5 real, 201.7 MB
[runlim] sample:		500.0 time, 500.5 real, 227.0 MB
[runlim] sample:		510.0 time, 510.5 real, 227.0 MB
[runlim] sample:		520.0 time, 520.5 real, 227.0 MB
[runlim] sample:		530.0 time, 530.5 real, 227.0 MB
[runlim] sample:		540.0 time, 540.5 real, 227.0 MB
[runlim] sample:		550.0 time, 550.5 real, 227.0 MB
[runlim] sample:		560.0 time, 560.5 real, 229.5 MB
[runlim] sample:		570.0 time, 570.5 real, 230.5 MB
[runlim] sample:		580.0 time, 580.5 real, 230.0 MB
[runlim] sample:		590.0 time, 590.5 real, 230.0 MB
[runlim] sample:		600.0 time, 600.5 real, 230.0 MB
[runlim] sample:		610.0 time, 610.5 real, 230.0 MB
[runlim] sample:		620.0 time, 620.5 real, 230.0 MB
[runlim] sample:		630.0 time, 630.5 real, 230.0 MB
[runlim] sample:		640.0 time, 640.5 real, 230.0 MB
[runlim] sample:		650.0 time, 650.5 real, 241.7 MB
[runlim] sample:		660.0 time, 660.5 real, 241.7 MB
[runlim] sample:		670.0 time, 670.5 real, 241.7 MB
[runlim] sample:		680.0 time, 680.5 real, 241.7 MB
[runlim] sample:		690.0 time, 690.5 real, 241.7 MB
[runlim] sample:		700.0 time, 700.5 real, 241.7 MB
[runlim] sample:		710.0 time, 710.5 real, 241.7 MB
[runlim] sample:		720.0 time, 720.5 real, 241.7 MB
[runlim] sample:		730.0 time, 730.5 real, 241.7 MB
[runlim] sample:		739.9 time, 740.5 real, 244.3 MB
[runlim] sample:		750.0 time, 750.5 real, 244.0 MB
[runlim] sample:		760.0 time, 760.5 real, 244.0 MB
[BTOR>check_sat] 767.617998 seconds
[runlim] end:			Tue May 12 04:51:53 2020
[runlim] status:		ok
[runlim] result:		0
[runlim] children:		0
[runlim] real:			768.48 seconds
[runlim] time:			767.85 seconds
[runlim] space:			295.6 MB
[runlim] samples:		7679
[runlim] version:		1.10
[runlim] time limit:		311040000 seconds
[runlim] real time limit:	1200 seconds
[runlim] space limit:		15000 MB
[runlim] argv[0]:		/raid/steuber/Software/boolector/build/bin/boolector
[runlim] argv[1]:		/raid/steuber/Benchmarks/2019/QF_BV/sage/app1/bench_799.smt2
[runlim] start:			Tue May 12 04:51:53 2020
[runlim] main pid:		21510
[BTOR>check_sat] 0.447846 seconds
[runlim] end:			Tue May 12 04:51:53 2020
[runlim] status:		ok
[runlim] result:		0
[runlim] children:		0
[runlim] real:			0.95 seconds
[runlim] time:			0.38 seconds
[runlim] space:			4.9 MB
[runlim] samples:		4
[runlim] version:		1.10
[runlim] time limit:		311040000 seconds
[runlim] real time limit:	1200 seconds
[runlim] space limit:		15000 MB
[runlim] argv[0]:		/raid/steuber/Software/boolector/build/bin/boolector
[runlim] argv[1]:		/raid/steuber/Benchmarks/2019/QF_BV/Sage2/bench_9946.smt2
[runlim] start:			Tue May 12 04:51:53 2020
[runlim] main pid:		21514
[runlim] sample:		10.0 time, 11.0 real, 14.2 MB
[BTOR>check_sat] 14.747527 seconds
[runlim] end:			Tue May 12 04:52:08 2020
[runlim] status:		ok
[runlim] result:		0
[runlim] children:		0
[runlim] real:			15.73 seconds
[runlim] time:			14.67 seconds
[runlim] space:			16.9 MB
[runlim] samples:		147
[runlim] version:		1.10
[runlim] time limit:		311040000 seconds
[runlim] real time limit:	1200 seconds
[runlim] space limit:		15000 MB
[runlim] argv[0]:		/raid/steuber/Software/boolector/build/bin/boolector
[runlim] argv[1]:		/raid/steuber/Benchmarks/2019/QF_BV/Sage2/bench_14161.smt2
[runlim] start:			Tue May 12 04:52:08 2020
[runlim] main pid:		21519
[runlim] sample:		10.0 time, 10.7 real, 40.5 MB
[runlim] sample:		20.0 time, 20.7 real, 41.5 MB
[runlim] sample:		30.0 time, 30.7 real, 47.7 MB
[runlim] sample:		40.0 time, 40.7 real, 47.3 MB
[runlim] sample:		50.0 time, 50.7 real, 48.2 MB
[BTOR>check_sat] 53.267924 seconds
[runlim] end:			Tue May 12 04:53:02 2020
[runlim] status:		ok
[runlim] result:		0
[runlim] children:		0
[runlim] real:			54.07 seconds
[runlim] time:			53.26 seconds
[runlim] space:			48.2 MB
[runlim] samples:		533
[runlim] version:		1.10
[runlim] time limit:		311040000 seconds
[runlim] real time limit:	1200 seconds
[runlim] space limit:		15000 MB
[runlim] argv[0]:		/raid/steuber/Software/boolector/build/bin/boolector
[runlim] argv[1]:		/raid/steuber/Benchmarks/2019/QF_BV/spear/samba_v3.0.24/bin_libsmbsharemodes_vc6339.smt2
[runlim] start:			Tue May 12 04:53:02 2020
[runlim] main pid:		21531
[BTOR>check_sat] 5.922097 seconds
[runlim] end:			Tue May 12 04:53:08 2020
[runlim] status:		ok
[runlim] result:		0
[runlim] children:		0
[runlim] real:			6.09 seconds
[runlim] time:			5.96 seconds
[runlim] space:			44.5 MB
[runlim] samples:		60
[runlim] version:		1.10
[runlim] time limit:		311040000 seconds
[runlim] real time limit:	1200 seconds
[runlim] space limit:		15000 MB
[runlim] argv[0]:		/raid/steuber/Software/boolector/build/bin/boolector
[runlim] argv[1]:		/raid/steuber/Benchmarks/2019/QF_BV/Sage2/bench_11002.smt2
[runlim] start:			Tue May 12 04:53:08 2020
[runlim] main pid:		21536
[BTOR>check_sat] 6.477727 seconds
[runlim] end:			Tue May 12 04:53:14 2020
[runlim] status:		ok
[runlim] result:		0
[runlim] children:		0
[runlim] real:			6.72 seconds
[runlim] time:			6.57 seconds
[runlim] space:			52.4 MB
[runlim] samples:		66
[runlim] version:		1.10
[runlim] time limit:		311040000 seconds
[runlim] real time limit:	1200 seconds
[runlim] space limit:		15000 MB
[runlim] argv[0]:		/raid/steuber/Software/boolector/build/bin/boolector
[runlim] argv[1]:		/raid/steuber/Benchmarks/2019/QF_BV/Sage2/bench_3561.smt2
[runlim] start:			Tue May 12 04:53:14 2020
[runlim] main pid:		21542
[runlim] sample:		10.0 time, 10.7 real, 18.4 MB
[runlim] sample:		20.0 time, 20.7 real, 24.3 MB
[runlim] sample:		30.0 time, 30.7 real, 29.1 MB
[BTOR>check_sat] 39.322396 seconds
[runlim] end:			Tue May 12 04:53:54 2020
[runlim] status:		ok
[runlim] result:		0
[runlim] children:		0
[runlim] real:			40.08 seconds
[runlim] time:			39.28 seconds
[runlim] space:			31.6 MB
[runlim] samples:		393
[runlim] version:		1.10
[runlim] time limit:		311040000 seconds
[runlim] real time limit:	1200 seconds
[runlim] space limit:		15000 MB
[runlim] argv[0]:		/raid/steuber/Software/boolector/build/bin/boolector
[runlim] argv[1]:		/raid/steuber/Benchmarks/2019/QF_BV/Sage2/bench_2456.smt2
[runlim] start:			Tue May 12 04:53:54 2020
[runlim] main pid:		21551
[runlim] sample:		10.0 time, 10.1 real, 355.0 MB
[runlim] sample:		19.9 time, 20.1 real, 357.5 MB
[runlim] sample:		29.9 time, 30.1 real, 340.7 MB
[runlim] sample:		40.0 time, 40.1 real, 422.3 MB
[runlim] sample:		50.0 time, 50.1 real, 400.0 MB
[runlim] sample:		60.0 time, 60.1 real, 403.0 MB
[runlim] sample:		70.0 time, 70.1 real, 411.9 MB
[runlim] sample:		79.9 time, 80.1 real, 417.8 MB
[runlim] sample:		89.9 time, 90.1 real, 417.8 MB
[runlim] sample:		99.9 time, 100.1 real, 417.8 MB
[runlim] sample:		109.9 time, 110.1 real, 417.8 MB
[runlim] sample:		119.9 time, 120.1 real, 417.8 MB
[runlim] sample:		129.9 time, 130.1 real, 417.8 MB
[runlim] sample:		139.9 time, 140.1 real, 417.8 MB
[runlim] sample:		149.9 time, 150.1 real, 489.5 MB
[runlim] sample:		159.9 time, 160.1 real, 433.8 MB
[runlim] sample:		169.9 time, 170.1 real, 490.5 MB
[runlim] sample:		179.9 time, 180.1 real, 380.1 MB
[runlim] sample:		189.9 time, 190.1 real, 467.8 MB
[runlim] sample:		199.9 time, 200.1 real, 435.5 MB
[runlim] sample:		209.9 time, 210.1 real, 435.3 MB
[runlim] sample:		219.9 time, 220.1 real, 468.9 MB
[runlim] sample:		229.9 time, 230.1 real, 471.7 MB
[runlim] sample:		239.9 time, 240.1 real, 472.8 MB
[runlim] sample:		249.9 time, 250.1 real, 472.8 MB
[runlim] sample:		259.9 time, 260.1 real, 472.8 MB
[runlim] sample:		269.9 time, 270.1 real, 472.8 MB
[runlim] sample:		279.9 time, 280.1 real, 472.8 MB
[runlim] sample:		289.9 time, 290.1 real, 472.8 MB
[runlim] sample:		299.9 time, 300.1 real, 472.8 MB
[runlim] sample:		309.9 time, 310.1 real, 437.2 MB
[runlim] sample:		319.9 time, 320.1 real, 475.4 MB
[runlim] sample:		329.9 time, 330.1 real, 475.4 MB
[runlim] sample:		339.9 time, 340.1 real, 438.4 MB
[runlim] sample:		349.9 time, 350.1 real, 439.8 MB
[runlim] sample:		359.9 time, 360.1 real, 477.4 MB
[runlim] sample:		369.9 time, 370.1 real, 477.4 MB
[runlim] sample:		379.9 time, 380.1 real, 439.6 MB
[runlim] sample:		389.9 time, 390.1 real, 484.3 MB
[runlim] sample:		399.9 time, 400.1 real, 441.6 MB
[runlim] sample:		409.9 time, 410.1 real, 424.4 MB
[runlim] sample:		419.9 time, 420.1 real, 481.5 MB
[runlim] sample:		429.9 time, 430.1 real, 481.5 MB
[runlim] sample:		439.9 time, 440.1 real, 443.7 MB
[runlim] sample:		449.9 time, 450.1 real, 443.7 MB
[runlim] sample:		459.9 time, 460.1 real, 484.1 MB
[runlim] sample:		469.9 time, 470.1 real, 484.1 MB
[runlim] sample:		479.9 time, 480.1 real, 503.2 MB
[runlim] sample:		489.9 time, 490.1 real, 445.4 MB
[runlim] sample:		499.9 time, 500.1 real, 445.4 MB
[runlim] sample:		509.9 time, 510.1 real, 522.1 MB
[runlim] sample:		519.9 time, 520.1 real, 450.7 MB
[runlim] sample:		529.9 time, 530.1 real, 450.7 MB
[runlim] sample:		539.9 time, 540.1 real, 450.7 MB
[runlim] sample:		549.9 time, 550.1 real, 391.8 MB
[runlim] sample:		559.9 time, 560.1 real, 491.8 MB
[runlim] sample:		569.9 time, 570.1 real, 491.8 MB
[runlim] sample:		579.9 time, 580.1 real, 491.8 MB
[runlim] sample:		589.9 time, 590.1 real, 491.8 MB
[runlim] sample:		599.9 time, 600.1 real, 491.8 MB
[runlim] sample:		609.9 time, 610.1 real, 452.9 MB
[runlim] sample:		619.9 time, 620.1 real, 453.3 MB
[runlim] sample:		629.9 time, 630.1 real, 492.8 MB
[runlim] sample:		639.9 time, 640.1 real, 492.8 MB
[runlim] sample:		649.9 time, 650.1 real, 492.8 MB
[runlim] sample:		659.9 time, 660.1 real, 492.8 MB
[runlim] sample:		669.9 time, 670.1 real, 492.8 MB
[runlim] sample:		679.9 time, 680.1 real, 453.3 MB
[runlim] sample:		689.9 time, 690.1 real, 453.3 MB
[runlim] sample:		699.9 time, 700.1 real, 455.5 MB
[runlim] sample:		709.9 time, 710.1 real, 455.4 MB
[runlim] sample:		719.9 time, 720.1 real, 455.4 MB
[runlim] sample:		729.9 time, 730.1 real, 455.4 MB
[runlim] sample:		739.9 time, 740.1 real, 459.0 MB
[runlim] sample:		749.9 time, 750.1 real, 498.4 MB
[runlim] sample:		759.9 time, 760.1 real, 498.4 MB
[runlim] sample:		769.9 time, 770.1 real, 498.4 MB
[runlim] sample:		779.9 time, 780.1 real, 498.4 MB
[runlim] sample:		789.9 time, 790.1 real, 498.4 MB
[runlim] sample:		799.9 time, 800.1 real, 458.5 MB
[runlim] sample:		809.9 time, 810.1 real, 458.5 MB
[runlim] sample:		819.9 time, 820.1 real, 458.5 MB
[runlim] sample:		829.9 time, 830.1 real, 458.5 MB
[runlim] sample:		839.9 time, 840.1 real, 397.0 MB
[runlim] sample:		849.9 time, 850.1 real, 462.5 MB
[runlim] sample:		859.9 time, 860.1 real, 462.5 MB
[runlim] sample:		869.9 time, 870.1 real, 462.5 MB
[runlim] sample:		879.9 time, 880.1 real, 462.5 MB
[runlim] sample:		889.9 time, 890.1 real, 465.5 MB
[runlim] sample:		899.9 time, 900.1 real, 464.6 MB
[runlim] sample:		909.9 time, 910.1 real, 464.6 MB
[runlim] sample:		919.9 time, 920.1 real, 464.6 MB
[runlim] sample:		929.9 time, 930.1 real, 464.6 MB
[runlim] sample:		939.9 time, 940.1 real, 464.6 MB
[runlim] sample:		949.9 time, 950.1 real, 399.1 MB
[runlim] sample:		959.9 time, 960.1 real, 507.0 MB
[runlim] sample:		969.9 time, 970.1 real, 507.0 MB
[runlim] sample:		979.9 time, 980.1 real, 507.0 MB
[runlim] sample:		989.9 time, 990.1 real, 507.0 MB
[runlim] sample:		999.9 time, 1000.1 real, 507.0 MB
[runlim] sample:		1009.9 time, 1010.1 real, 466.6 MB
[runlim] sample:		1019.9 time, 1020.1 real, 466.6 MB
[runlim] sample:		1029.9 time, 1030.1 real, 466.6 MB
[runlim] sample:		1039.9 time, 1040.1 real, 466.6 MB
[runlim] sample:		1049.9 time, 1050.1 real, 466.6 MB
[runlim] sample:		1059.9 time, 1060.1 real, 466.6 MB
[runlim] sample:		1069.9 time, 1070.1 real, 400.2 MB
[runlim] sample:		1079.9 time, 1080.1 real, 469.3 MB
[runlim] sample:		1089.9 time, 1090.1 real, 469.3 MB
[runlim] sample:		1099.9 time, 1100.1 real, 469.3 MB
[runlim] sample:		1109.9 time, 1110.1 real, 469.3 MB
[runlim] sample:		1119.9 time, 1120.1 real, 503.8 MB
[runlim] sample:		1129.9 time, 1130.1 real, 504.1 MB
[runlim] sample:		1139.9 time, 1140.1 real, 489.4 MB
[runlim] sample:		1149.9 time, 1150.1 real, 458.2 MB
[runlim] sample:		1159.9 time, 1160.1 real, 505.0 MB
[runlim] sample:		1169.9 time, 1170.1 real, 505.1 MB
[runlim] sample:		1179.9 time, 1180.1 real, 488.2 MB
[runlim] sample:		1189.9 time, 1190.1 real, 506.7 MB
[runlim] sample:		1199.9 time, 1200.1 real, 507.2 MB
[runlim] end:			Tue May 12 05:13:54 2020
[runlim] status:		out of time
[runlim] result:		2
[runlim] children:		0
[runlim] real:			1200.12 seconds
[runlim] time:			1199.89 seconds
[runlim] space:			590.5 MB
[runlim] samples:		12000
[runlim] version:		1.10
[runlim] time limit:		311040000 seconds
[runlim] real time limit:	1200 seconds
[runlim] space limit:		15000 MB
[runlim] argv[0]:		/raid/steuber/Software/boolector/build/bin/boolector
[runlim] argv[1]:		/raid/steuber/Benchmarks/2019/QF_BV/Sage2/bench_5256.smt2
[runlim] start:			Tue May 12 05:13:54 2020
[runlim] main pid:		21781
[BTOR>check_sat] 2.191649 seconds
[runlim] end:			Tue May 12 05:13:56 2020
[runlim] status:		ok
[runlim] result:		0
[runlim] children:		0
[runlim] real:			2.38 seconds
[runlim] time:			2.17 seconds
[runlim] space:			15.1 MB
[runlim] samples:		22
[runlim] version:		1.10
[runlim] time limit:		311040000 seconds
[runlim] real time limit:	1200 seconds
[runlim] space limit:		15000 MB
[runlim] argv[0]:		/raid/steuber/Software/boolector/build/bin/boolector
[runlim] argv[1]:		/raid/steuber/Benchmarks/2019/QF_BV/sage/app12/bench_3933.smt2
[runlim] start:			Tue May 12 05:13:56 2020
[runlim] main pid:		21785
[BTOR>check_sat] 0.004143 seconds
[runlim] end:			Tue May 12 05:13:56 2020
[runlim] status:		ok
[runlim] result:		0
[runlim] children:		0
[runlim] real:			0.41 seconds
[runlim] time:			0.00 seconds
[runlim] space:			0.0 MB
[runlim] samples:		0
[runlim] version:		1.10
[runlim] time limit:		311040000 seconds
[runlim] real time limit:	1200 seconds
[runlim] space limit:		15000 MB
[runlim] argv[0]:		/raid/steuber/Software/boolector/build/bin/boolector
[runlim] argv[1]:		/raid/steuber/Benchmarks/2019/QF_BV/Sage2/bench_4643.smt2
[runlim] start:			Tue May 12 05:13:56 2020
[runlim] main pid:		21789
[runlim] sample:		10.0 time, 10.4 real, 36.4 MB
[runlim] sample:		20.0 time, 20.4 real, 37.1 MB
[runlim] sample:		30.0 time, 30.4 real, 39.1 MB
[runlim] sample:		40.0 time, 40.4 real, 39.5 MB
[runlim] sample:		50.0 time, 50.4 real, 40.0 MB
[runlim] sample:		60.0 time, 60.4 real, 40.5 MB
[runlim] sample:		70.0 time, 70.4 real, 47.1 MB
[runlim] sample:		80.0 time, 80.4 real, 47.6 MB
[runlim] sample:		90.0 time, 90.4 real, 55.7 MB
[runlim] sample:		100.0 time, 100.4 real, 62.0 MB
[runlim] sample:		110.0 time, 110.4 real, 62.4 MB
[runlim] sample:		120.0 time, 120.4 real, 63.5 MB
[runlim] sample:		130.0 time, 130.4 real, 74.9 MB
[runlim] sample:		140.0 time, 140.4 real, 75.6 MB
[runlim] sample:		150.0 time, 150.4 real, 76.6 MB
[runlim] sample:		160.0 time, 160.4 real, 84.9 MB
[runlim] sample:		170.0 time, 170.4 real, 85.4 MB
[runlim] sample:		180.0 time, 180.4 real, 85.9 MB
[runlim] sample:		190.0 time, 190.4 real, 86.4 MB
[runlim] sample:		200.0 time, 200.4 real, 87.2 MB
[BTOR>check_sat] 202.931755 seconds
[runlim] end:			Tue May 12 05:17:19 2020
[runlim] status:		ok
[runlim] result:		0
[runlim] children:		0
[runlim] real:			203.39 seconds
[runlim] time:			202.87 seconds
[runlim] space:			101.2 MB
[runlim] samples:		2029
[runlim] version:		1.10
[runlim] time limit:		311040000 seconds
[runlim] real time limit:	1200 seconds
[runlim] space limit:		15000 MB
[runlim] argv[0]:		/raid/steuber/Software/boolector/build/bin/boolector
[runlim] argv[1]:		/raid/steuber/Benchmarks/2019/QF_BV/sage/app8/bench_424.smt2
[runlim] start:			Tue May 12 05:17:19 2020
[runlim] main pid:		21830
[BTOR>check_sat] 1.506180 seconds
[runlim] end:			Tue May 12 05:17:20 2020
[runlim] status:		ok
[runlim] result:		0
[runlim] children:		0
[runlim] real:			1.93 seconds
[runlim] time:			1.48 seconds
[runlim] space:			11.5 MB
[runlim] samples:		15
[runlim] version:		1.10
[runlim] time limit:		311040000 seconds
[runlim] real time limit:	1200 seconds
[runlim] space limit:		15000 MB
[runlim] argv[0]:		/raid/steuber/Software/boolector/build/bin/boolector
[runlim] argv[1]:		/raid/steuber/Benchmarks/2019/QF_BV/spear/samba_v3.0.24/bin_eventlogadm_vc331242.smt2
[runlim] start:			Tue May 12 05:17:20 2020
[runlim] main pid:		21834
[runlim] sample:		9.9 time, 10.9 real, 100.0 MB
[runlim] sample:		19.9 time, 20.9 real, 103.6 MB
[runlim] sample:		29.9 time, 30.9 real, 102.5 MB
[runlim] sample:		40.0 time, 40.9 real, 104.5 MB
[BTOR>check_sat] 41.536161 seconds
[runlim] end:			Tue May 12 05:18:02 2020
[runlim] status:		ok
[runlim] result:		0
[runlim] children:		0
[runlim] real:			42.65 seconds
[runlim] time:			41.66 seconds
[runlim] space:			104.6 MB
[runlim] samples:		417
[runlim] version:		1.10
[runlim] time limit:		311040000 seconds
[runlim] real time limit:	1200 seconds
[runlim] space limit:		15000 MB
[runlim] argv[0]:		/raid/steuber/Software/boolector/build/bin/boolector
[runlim] argv[1]:		/raid/steuber/Benchmarks/2019/QF_BV/sage/app9/bench_186.smt2
[runlim] start:			Tue May 12 05:18:02 2020
[runlim] main pid:		21843
[BTOR>check_sat] 0.555316 seconds
[runlim] end:			Tue May 12 05:18:03 2020
[runlim] status:		ok
[runlim] result:		0
[runlim] children:		0
[runlim] real:			1.23 seconds
[runlim] time:			0.48 seconds
[runlim] space:			7.7 MB
[runlim] samples:		5
[runlim] version:		1.10
[runlim] time limit:		311040000 seconds
[runlim] real time limit:	1200 seconds
[runlim] space limit:		15000 MB
[runlim] argv[0]:		/raid/steuber/Software/boolector/build/bin/boolector
[runlim] argv[1]:		/raid/steuber/Benchmarks/2019/QF_BV/sage/app8/bench_485.smt2
[runlim] start:			Tue May 12 05:18:03 2020
[runlim] main pid:		21847
[BTOR>check_sat] 0.881760 seconds
[runlim] end:			Tue May 12 05:18:04 2020
[runlim] status:		ok
[runlim] result:		0
[runlim] children:		0
[runlim] real:			1.14 seconds
[runlim] time:			0.88 seconds
[runlim] space:			10.5 MB
[runlim] samples:		9
[runlim] version:		1.10
[runlim] time limit:		311040000 seconds
[runlim] real time limit:	1200 seconds
[runlim] space limit:		15000 MB
[runlim] argv[0]:		/raid/steuber/Software/boolector/build/bin/boolector
[runlim] argv[1]:		/raid/steuber/Benchmarks/2019/QF_BV/spear/samba_v3.0.24/bin_eventlogadm_vc352891.smt2
[runlim] start:			Tue May 12 05:18:04 2020
[runlim] main pid:		21851
[BTOR>check_sat] 6.203900 seconds
[runlim] end:			Tue May 12 05:18:10 2020
[runlim] status:		ok
[runlim] result:		0
[runlim] children:		0
[runlim] real:			6.58 seconds
[runlim] time:			6.37 seconds
[runlim] space:			91.8 MB
[runlim] samples:		64
[runlim] version:		1.10
[runlim] time limit:		311040000 seconds
[runlim] real time limit:	1200 seconds
[runlim] space limit:		15000 MB
[runlim] argv[0]:		/raid/steuber/Software/boolector/build/bin/boolector
[runlim] argv[1]:		/raid/steuber/Benchmarks/2019/QF_BV/spear/samba_v3.0.24/bin_eventlogadm_vc352881.smt2
[runlim] start:			Tue May 12 05:18:10 2020
[runlim] main pid:		21856
[runlim] sample:		9.9 time, 10.6 real, 62.6 MB
[BTOR>check_sat] 12.748192 seconds
[runlim] end:			Tue May 12 05:18:23 2020
[runlim] status:		ok
[runlim] result:		0
[runlim] children:		0
[runlim] real:			13.55 seconds
[runlim] time:			12.85 seconds
[runlim] space:			86.5 MB
[runlim] samples:		129
[runlim] version:		1.10
[runlim] time limit:		311040000 seconds
[runlim] real time limit:	1200 seconds
[runlim] space limit:		15000 MB
[runlim] argv[0]:		/raid/steuber/Software/boolector/build/bin/boolector
[runlim] argv[1]:		/raid/steuber/Benchmarks/2019/QF_BV/Sage2/bench_3513.smt2
[runlim] start:			Tue May 12 05:18:23 2020
[runlim] main pid:		21862
[runlim] sample:		10.0 time, 10.6 real, 18.4 MB
[runlim] sample:		20.0 time, 20.6 real, 23.5 MB
[runlim] sample:		30.0 time, 30.6 real, 28.5 MB
[runlim] sample:		40.0 time, 40.6 real, 29.5 MB
[BTOR>check_sat] 40.333160 seconds
[runlim] end:			Tue May 12 05:19:03 2020
[runlim] status:		ok
[runlim] result:		0
[runlim] children:		0
[runlim] real:			40.93 seconds
[runlim] time:			40.26 seconds
[runlim] space:			29.5 MB
[runlim] samples:		403
[runlim] version:		1.10
[runlim] time limit:		311040000 seconds
[runlim] real time limit:	1200 seconds
[runlim] space limit:		15000 MB
[runlim] argv[0]:		/raid/steuber/Software/boolector/build/bin/boolector
[runlim] argv[1]:		/raid/steuber/Benchmarks/2019/QF_BV/spear/samba_v3.0.24/bin_libmsrpc_vc1232108.smt2
[runlim] start:			Tue May 12 05:19:03 2020
[runlim] main pid:		21871
[BTOR>check_sat] 2.738256 seconds
[runlim] end:			Tue May 12 05:19:06 2020
[runlim] status:		ok
[runlim] result:		0
[runlim] children:		0
[runlim] real:			3.78 seconds
[runlim] time:			2.79 seconds
[runlim] space:			65.4 MB
[runlim] samples:		28
[runlim] version:		1.10
[runlim] time limit:		311040000 seconds
[runlim] real time limit:	1200 seconds
[runlim] space limit:		15000 MB
[runlim] argv[0]:		/raid/steuber/Software/boolector/build/bin/boolector
[runlim] argv[1]:		/raid/steuber/Benchmarks/2019/QF_BV/spear/samba_v3.0.24/bin_eventlogadm_vc331001.smt2
[runlim] start:			Tue May 12 05:19:06 2020
[runlim] main pid:		21875
[BTOR>check_sat] 3.146795 seconds
[runlim] end:			Tue May 12 05:19:09 2020
[runlim] status:		ok
[runlim] result:		0
[runlim] children:		0
[runlim] real:			3.96 seconds
[runlim] time:			3.08 seconds
[runlim] space:			25.5 MB
[runlim] samples:		31
[runlim] version:		1.10
[runlim] time limit:		311040000 seconds
[runlim] real time limit:	1200 seconds
[runlim] space limit:		15000 MB
[runlim] argv[0]:		/raid/steuber/Software/boolector/build/bin/boolector
[runlim] argv[1]:		/raid/steuber/Benchmarks/2019/QF_BV/Sage2/bench_3982.smt2
[runlim] start:			Tue May 12 05:19:09 2020
[runlim] main pid:		21880
[BTOR>check_sat] 5.295641 seconds
[runlim] end:			Tue May 12 05:19:15 2020
[runlim] status:		ok
[runlim] result:		0
[runlim] children:		0
[runlim] real:			6.39 seconds
[runlim] time:			5.36 seconds
[runlim] space:			35.7 MB
[runlim] samples:		54
[runlim] version:		1.10
[runlim] time limit:		311040000 seconds
[runlim] real time limit:	1200 seconds
[runlim] space limit:		15000 MB
[runlim] argv[0]:		/raid/steuber/Software/boolector/build/bin/boolector
[runlim] argv[1]:		/raid/steuber/Benchmarks/2019/QF_BV/Sage2/bench_4731.smt2
[runlim] start:			Tue May 12 05:19:15 2020
[runlim] main pid:		21885
[BTOR>check_sat] 8.478088 seconds
[runlim] end:			Tue May 12 05:19:23 2020
[runlim] status:		ok
[runlim] result:		0
[runlim] children:		0
[runlim] real:			8.94 seconds
[runlim] time:			8.47 seconds
[runlim] space:			20.1 MB
[runlim] samples:		85
[runlim] version:		1.10
[runlim] time limit:		311040000 seconds
[runlim] real time limit:	1200 seconds
[runlim] space limit:		15000 MB
[runlim] argv[0]:		/raid/steuber/Software/boolector/build/bin/boolector
[runlim] argv[1]:		/raid/steuber/Benchmarks/2019/QF_BV/sage/app12/bench_3829.smt2
[runlim] start:			Tue May 12 05:19:23 2020
[runlim] main pid:		21891
[BTOR>check_sat] 0.042403 seconds
[runlim] end:			Tue May 12 05:19:23 2020
[runlim] status:		ok
[runlim] result:		0
[runlim] children:		0
[runlim] real:			1.00 seconds
[runlim] time:			0.00 seconds
[runlim] space:			0.0 MB
[runlim] samples:		0
[runlim] version:		1.10
[runlim] time limit:		311040000 seconds
[runlim] real time limit:	1200 seconds
[runlim] space limit:		15000 MB
[runlim] argv[0]:		/raid/steuber/Software/boolector/build/bin/boolector
[runlim] argv[1]:		/raid/steuber/Benchmarks/2019/QF_BV/Sage2/bench_17438.smt2
[runlim] start:			Tue May 12 05:19:24 2020
[runlim] main pid:		21895
[runlim] sample:		10.0 time, 10.0 real, 35.4 MB
[runlim] sample:		20.0 time, 20.0 real, 38.2 MB
[runlim] sample:		30.0 time, 30.0 real, 39.3 MB
[runlim] sample:		40.0 time, 40.0 real, 40.3 MB
[runlim] sample:		50.0 time, 50.0 real, 42.1 MB
[runlim] sample:		60.0 time, 60.0 real, 46.3 MB
[runlim] sample:		70.0 time, 70.0 real, 51.9 MB
[runlim] sample:		80.0 time, 80.0 real, 47.7 MB
[runlim] sample:		90.0 time, 90.0 real, 54.2 MB
[runlim] sample:		100.0 time, 100.0 real, 59.2 MB
[runlim] sample:		110.0 time, 110.0 real, 60.2 MB
[runlim] sample:		120.0 time, 120.0 real, 63.0 MB
[runlim] sample:		130.0 time, 130.0 real, 63.6 MB
[runlim] sample:		140.0 time, 140.0 real, 67.8 MB
[BTOR>check_sat] 140.022819 seconds
[runlim] end:			Tue May 12 05:21:44 2020
[runlim] status:		ok
[runlim] result:		0
[runlim] children:		0
[runlim] real:			140.16 seconds
[runlim] time:			140.06 seconds
[runlim] space:			70.6 MB
[runlim] samples:		1401
[runlim] version:		1.10
[runlim] time limit:		311040000 seconds
[runlim] real time limit:	1200 seconds
[runlim] space limit:		15000 MB
[runlim] argv[0]:		/raid/steuber/Software/boolector/build/bin/boolector
[runlim] argv[1]:		/raid/steuber/Benchmarks/2019/QF_BV/Sage2/bench_12887.smt2
[runlim] start:			Tue May 12 05:21:44 2020
[runlim] main pid:		21922
[BTOR>check_sat] 6.864346 seconds
[runlim] end:			Tue May 12 05:21:51 2020
[runlim] status:		ok
[runlim] result:		0
[runlim] children:		0
[runlim] real:			7.12 seconds
[runlim] time:			6.87 seconds
[runlim] space:			30.3 MB
[runlim] samples:		69
[runlim] version:		1.10
[runlim] time limit:		311040000 seconds
[runlim] real time limit:	1200 seconds
[runlim] space limit:		15000 MB
[runlim] argv[0]:		/raid/steuber/Software/boolector/build/bin/boolector
[runlim] argv[1]:		/raid/steuber/Benchmarks/2019/QF_BV/sage/app12/bench_4884.smt2
[runlim] start:			Tue May 12 05:21:51 2020
[runlim] main pid:		21928
[BTOR>check_sat] 0.021036 seconds
[runlim] end:			Tue May 12 05:21:51 2020
[runlim] status:		ok
[runlim] result:		0
[runlim] children:		0
[runlim] real:			0.16 seconds
[runlim] time:			0.00 seconds
[runlim] space:			0.0 MB
[runlim] samples:		0
[runlim] version:		1.10
[runlim] time limit:		311040000 seconds
[runlim] real time limit:	1200 seconds
[runlim] space limit:		15000 MB
[runlim] argv[0]:		/raid/steuber/Software/boolector/build/bin/boolector
[runlim] argv[1]:		/raid/steuber/Benchmarks/2019/QF_BV/Sage2/bench_5235.smt2
[runlim] start:			Tue May 12 05:21:51 2020
[runlim] main pid:		21932
[runlim] sample:		10.0 time, 10.2 real, 13.3 MB
[runlim] sample:		20.0 time, 20.2 real, 19.3 MB
[runlim] sample:		30.0 time, 30.2 real, 23.1 MB
[BTOR>check_sat] 33.125891 seconds
[runlim] end:			Tue May 12 05:22:24 2020
[runlim] status:		ok
[runlim] result:		0
[runlim] children:		0
[runlim] real:			33.32 seconds
[runlim] time:			33.07 seconds
[runlim] space:			23.1 MB
[runlim] samples:		331
[runlim] version:		1.10
[runlim] time limit:		311040000 seconds
[runlim] real time limit:	1200 seconds
[runlim] space limit:		15000 MB
[runlim] argv[0]:		/raid/steuber/Software/boolector/build/bin/boolector
[runlim] argv[1]:		/raid/steuber/Benchmarks/2019/QF_BV/spear/inn_v2.4.3/nnrpd_nnrpd_vc21657.smt2
[runlim] start:			Tue May 12 05:22:24 2020
[runlim] main pid:		21942
[runlim] sample:		10.0 time, 10.3 real, 51.1 MB
[BTOR>check_sat] 10.321091 seconds
[runlim] end:			Tue May 12 05:22:34 2020
[runlim] status:		ok
[runlim] result:		0
[runlim] children:		0
[runlim] real:			10.69 seconds
[runlim] time:			10.27 seconds
[runlim] space:			58.2 MB
[runlim] samples:		103
[runlim] version:		1.10
[runlim] time limit:		311040000 seconds
[runlim] real time limit:	1200 seconds
[runlim] space limit:		15000 MB
[runlim] argv[0]:		/raid/steuber/Software/boolector/build/bin/boolector
[runlim] argv[1]:		/raid/steuber/Benchmarks/2019/QF_BV/spear/samba_v3.0.24/bin_libsmbclient_vc1225744.smt2
[runlim] start:			Tue May 12 05:22:34 2020
[runlim] main pid:		21948
[BTOR>check_sat] 5.906465 seconds
[runlim] end:			Tue May 12 05:22:40 2020
[runlim] status:		ok
[runlim] result:		0
[runlim] children:		0
[runlim] real:			6.67 seconds
[runlim] time:			5.88 seconds
[runlim] space:			44.6 MB
[runlim] samples:		59
[runlim] version:		1.10
[runlim] time limit:		311040000 seconds
[runlim] real time limit:	1200 seconds
[runlim] space limit:		15000 MB
[runlim] argv[0]:		/raid/steuber/Software/boolector/build/bin/boolector
[runlim] argv[1]:		/raid/steuber/Benchmarks/2019/QF_BV/spear/samba_v3.0.24/bin_eventlogadm_vc331116.smt2
[runlim] start:			Tue May 12 05:22:40 2020
[runlim] main pid:		21952
[BTOR>check_sat] 5.270954 seconds
[runlim] end:			Tue May 12 05:22:46 2020
[runlim] status:		ok
[runlim] result:		0
[runlim] children:		0
[runlim] real:			6.03 seconds
[runlim] time:			5.26 seconds
[runlim] space:			66.5 MB
[runlim] samples:		53
[runlim] version:		1.10
[runlim] time limit:		311040000 seconds
[runlim] real time limit:	1200 seconds
[runlim] space limit:		15000 MB
[runlim] argv[0]:		/raid/steuber/Software/boolector/build/bin/boolector
[runlim] argv[1]:		/raid/steuber/Benchmarks/2019/QF_BV/Sage2/bench_10228.smt2
[runlim] start:			Tue May 12 05:22:46 2020
[runlim] main pid:		21956
[runlim] sample:		10.0 time, 10.0 real, 36.5 MB
[runlim] sample:		20.0 time, 20.0 real, 37.4 MB
[runlim] sample:		30.0 time, 30.0 real, 42.8 MB
[runlim] sample:		40.0 time, 40.0 real, 45.7 MB
[runlim] sample:		50.0 time, 50.0 real, 46.7 MB
[runlim] sample:		60.0 time, 60.0 real, 46.9 MB
[runlim] sample:		70.0 time, 70.0 real, 44.9 MB
[runlim] sample:		80.0 time, 80.0 real, 55.9 MB
[runlim] sample:		90.0 time, 90.0 real, 58.6 MB
[runlim] sample:		100.0 time, 100.0 real, 59.8 MB
[runlim] sample:		110.0 time, 110.0 real, 68.7 MB
[runlim] sample:		120.0 time, 120.0 real, 70.2 MB
[runlim] sample:		130.0 time, 130.0 real, 74.5 MB
[runlim] sample:		140.0 time, 140.0 real, 75.5 MB
[runlim] sample:		150.0 time, 150.0 real, 76.4 MB
[runlim] sample:		160.0 time, 160.0 real, 81.6 MB
[runlim] sample:		170.0 time, 170.0 real, 89.5 MB
[runlim] sample:		179.9 time, 180.0 real, 89.7 MB
[runlim] sample:		189.9 time, 190.0 real, 89.7 MB
[runlim] sample:		199.9 time, 200.0 real, 93.7 MB
[runlim] sample:		209.9 time, 210.0 real, 94.6 MB
[runlim] sample:		219.9 time, 220.0 real, 94.7 MB
[runlim] sample:		229.9 time, 230.0 real, 99.8 MB
[BTOR>check_sat] 232.112758 seconds
[runlim] end:			Tue May 12 05:26:38 2020
[runlim] status:		ok
[runlim] result:		0
[runlim] children:		0
[runlim] real:			232.22 seconds
[runlim] time:			232.04 seconds
[runlim] space:			112.7 MB
[runlim] samples:		2321
[runlim] version:		1.10
[runlim] time limit:		311040000 seconds
[runlim] real time limit:	1200 seconds
[runlim] space limit:		15000 MB
[runlim] argv[0]:		/raid/steuber/Software/boolector/build/bin/boolector
[runlim] argv[1]:		/raid/steuber/Benchmarks/2019/QF_BV/Sage2/bench_3105.smt2
[runlim] start:			Tue May 12 05:26:38 2020
[runlim] main pid:		22083
[runlim] sample:		10.0 time, 10.2 real, 15.2 MB
[runlim] sample:		20.0 time, 20.2 real, 20.0 MB
[runlim] sample:		30.0 time, 30.2 real, 24.0 MB
[runlim] sample:		40.0 time, 40.2 real, 26.4 MB
[runlim] sample:		50.0 time, 50.2 real, 27.7 MB
[BTOR>check_sat] 57.933405 seconds
[runlim] end:			Tue May 12 05:27:36 2020
[runlim] status:		ok
[runlim] result:		0
[runlim] children:		0
[runlim] real:			58.19 seconds
[runlim] time:			57.87 seconds
[runlim] space:			33.3 MB
[runlim] samples:		579
[runlim] version:		1.10
[runlim] time limit:		311040000 seconds
[runlim] real time limit:	1200 seconds
[runlim] space limit:		15000 MB
[runlim] argv[0]:		/raid/steuber/Software/boolector/build/bin/boolector
[runlim] argv[1]:		/raid/steuber/Benchmarks/2019/QF_BV/spear/samba_v3.0.24/bin_libsmbsharemodes_vc7286.smt2
[runlim] start:			Tue May 12 05:27:36 2020
[runlim] main pid:		22097
[BTOR>check_sat] 3.479363 seconds
[runlim] end:			Tue May 12 05:27:39 2020
[runlim] status:		ok
[runlim] result:		0
[runlim] children:		0
[runlim] real:			3.71 seconds
[runlim] time:			3.47 seconds
[runlim] space:			28.2 MB
[runlim] samples:		35
[runlim] version:		1.10
[runlim] time limit:		311040000 seconds
[runlim] real time limit:	1200 seconds
[runlim] space limit:		15000 MB
[runlim] argv[0]:		/raid/steuber/Software/boolector/build/bin/boolector
[runlim] argv[1]:		/raid/steuber/Benchmarks/2019/QF_BV/spear/samba_v3.0.24/bin_eventlogadm_vc354409.smt2
[runlim] start:			Tue May 12 05:27:39 2020
[runlim] main pid:		22101
[BTOR>check_sat] 0.958958 seconds
[runlim] end:			Tue May 12 05:27:40 2020
[runlim] status:		ok
[runlim] result:		0
[runlim] children:		0
[runlim] real:			1.75 seconds
[runlim] time:			0.95 seconds
[runlim] space:			12.9 MB
[runlim] samples:		10
[runlim] version:		1.10
[runlim] time limit:		311040000 seconds
[runlim] real time limit:	1200 seconds
[runlim] space limit:		15000 MB
[runlim] argv[0]:		/raid/steuber/Software/boolector/build/bin/boolector
[runlim] argv[1]:		/raid/steuber/Benchmarks/2019/QF_BV/spear/samba_v3.0.24/bin_libmsrpc_vc1225851.smt2
[runlim] start:			Tue May 12 05:27:40 2020
[runlim] main pid:		22105
[BTOR>check_sat] 6.090453 seconds
[runlim] end:			Tue May 12 05:27:46 2020
[runlim] status:		ok
[runlim] result:		0
[runlim] children:		0
[runlim] real:			6.97 seconds
[runlim] time:			6.16 seconds
[runlim] space:			73.0 MB
[runlim] samples:		62
[runlim] version:		1.10
[runlim] time limit:		311040000 seconds
[runlim] real time limit:	1200 seconds
[runlim] space limit:		15000 MB
[runlim] argv[0]:		/raid/steuber/Software/boolector/build/bin/boolector
[runlim] argv[1]:		/raid/steuber/Benchmarks/2019/QF_BV/Sage2/bench_3128.smt2
[runlim] start:			Tue May 12 05:27:46 2020
[runlim] main pid:		22111
[runlim] sample:		10.0 time, 11.0 real, 95.8 MB
[runlim] sample:		20.0 time, 21.0 real, 68.8 MB
[runlim] sample:		30.0 time, 31.0 real, 80.7 MB
[runlim] sample:		40.0 time, 41.0 real, 80.5 MB
[runlim] sample:		50.0 time, 51.0 real, 78.9 MB
[runlim] sample:		60.0 time, 61.0 real, 80.4 MB
[runlim] sample:		70.0 time, 71.0 real, 79.9 MB
[runlim] sample:		80.0 time, 81.0 real, 78.8 MB
[runlim] sample:		90.0 time, 91.0 real, 75.7 MB
[BTOR>check_sat] 96.228833 seconds
[runlim] end:			Tue May 12 05:29:23 2020
[runlim] status:		ok
[runlim] result:		0
[runlim] children:		0
[runlim] real:			97.41 seconds
[runlim] time:			96.36 seconds
[runlim] space:			95.8 MB
[runlim] samples:		964
[runlim] version:		1.10
[runlim] time limit:		311040000 seconds
[runlim] real time limit:	1200 seconds
[runlim] space limit:		15000 MB
[runlim] argv[0]:		/raid/steuber/Software/boolector/build/bin/boolector
[runlim] argv[1]:		/raid/steuber/Benchmarks/2019/QF_BV/Sage2/bench_7864.smt2
[runlim] start:			Tue May 12 05:29:23 2020
[runlim] main pid:		22130
[runlim] sample:		9.7 time, 10.4 real, 71.4 MB
[BTOR>check_sat] 17.738864 seconds
[runlim] end:			Tue May 12 05:29:41 2020
[runlim] status:		ok
[runlim] result:		0
[runlim] children:		0
[runlim] real:			18.68 seconds
[runlim] time:			17.86 seconds
[runlim] space:			84.6 MB
[runlim] samples:		182
[runlim] version:		1.10
[runlim] time limit:		311040000 seconds
[runlim] real time limit:	1200 seconds
[runlim] space limit:		15000 MB
[runlim] argv[0]:		/raid/steuber/Software/boolector/build/bin/boolector
[runlim] argv[1]:		/raid/steuber/Benchmarks/2019/QF_BV/Sage2/bench_2874.smt2
[runlim] start:			Tue May 12 05:29:41 2020
[runlim] main pid:		22139
[runlim] sample:		10.0 time, 10.7 real, 15.2 MB
[runlim] sample:		20.0 time, 20.7 real, 20.7 MB
[runlim] sample:		30.0 time, 30.7 real, 23.6 MB
[runlim] sample:		40.0 time, 40.7 real, 28.7 MB
[runlim] sample:		50.0 time, 50.7 real, 29.8 MB
[runlim] sample:		60.0 time, 60.7 real, 31.5 MB
[BTOR>check_sat] 62.767004 seconds
[runlim] end:			Tue May 12 05:30:44 2020
[runlim] status:		ok
[runlim] result:		0
[runlim] children:		0
[runlim] real:			63.47 seconds
[runlim] time:			62.68 seconds
[runlim] space:			35.9 MB
[runlim] samples:		627
[runlim] version:		1.10
[runlim] time limit:		311040000 seconds
[runlim] real time limit:	1200 seconds
[runlim] space limit:		15000 MB
[runlim] argv[0]:		/raid/steuber/Software/boolector/build/bin/boolector
[runlim] argv[1]:		/raid/steuber/Benchmarks/2019/QF_BV/Sage2/bench_899.smt2
[runlim] start:			Tue May 12 05:30:44 2020
[runlim] main pid:		22153
[runlim] sample:		10.0 time, 10.5 real, 179.7 MB
[runlim] sample:		20.0 time, 20.5 real, 244.3 MB
[runlim] sample:		30.0 time, 30.5 real, 207.9 MB
[runlim] sample:		40.0 time, 40.5 real, 207.9 MB
[runlim] sample:		50.0 time, 50.5 real, 194.9 MB
[runlim] sample:		60.0 time, 60.5 real, 218.8 MB
[runlim] sample:		70.0 time, 70.5 real, 218.7 MB
[runlim] sample:		80.0 time, 80.5 real, 219.7 MB
[runlim] sample:		90.0 time, 90.5 real, 222.7 MB
[runlim] sample:		100.0 time, 100.5 real, 223.1 MB
[runlim] sample:		110.0 time, 110.5 real, 223.1 MB
[runlim] sample:		120.0 time, 120.5 real, 222.6 MB
[runlim] sample:		130.0 time, 130.5 real, 198.7 MB
[runlim] sample:		140.0 time, 140.5 real, 224.5 MB
[runlim] sample:		150.0 time, 150.5 real, 224.5 MB
[runlim] sample:		160.0 time, 160.5 real, 224.3 MB
[runlim] sample:		170.0 time, 170.5 real, 225.3 MB
[runlim] sample:		180.0 time, 180.5 real, 225.9 MB
[runlim] sample:		190.0 time, 190.5 real, 262.8 MB
[runlim] sample:		200.0 time, 200.5 real, 226.9 MB
[runlim] sample:		210.0 time, 210.5 real, 226.9 MB
[runlim] sample:		220.0 time, 220.5 real, 226.9 MB
[runlim] sample:		230.0 time, 230.5 real, 226.5 MB
[runlim] sample:		240.0 time, 240.5 real, 226.5 MB
[runlim] sample:		250.0 time, 250.5 real, 200.7 MB
[runlim] sample:		260.0 time, 260.5 real, 228.0 MB
[runlim] sample:		270.0 time, 270.5 real, 228.0 MB
[runlim] sample:		280.0 time, 280.5 real, 229.5 MB
[runlim] sample:		290.0 time, 290.5 real, 229.5 MB
[runlim] sample:		300.0 time, 300.5 real, 229.5 MB
[runlim] sample:		310.0 time, 310.5 real, 202.3 MB
[runlim] sample:		320.0 time, 320.5 real, 231.5 MB
[runlim] sample:		330.0 time, 330.5 real, 231.1 MB
[runlim] sample:		340.0 time, 340.5 real, 231.1 MB
[runlim] sample:		350.0 time, 350.5 real, 231.1 MB
[runlim] sample:		360.0 time, 360.5 real, 231.1 MB
[runlim] sample:		370.0 time, 370.5 real, 233.1 MB
[runlim] sample:		380.0 time, 380.5 real, 233.0 MB
[runlim] sample:		390.0 time, 390.5 real, 233.0 MB
[runlim] sample:		400.0 time, 400.5 real, 233.0 MB
[runlim] sample:		410.0 time, 410.5 real, 231.5 MB
[runlim] sample:		420.0 time, 420.5 real, 231.5 MB
[runlim] sample:		430.0 time, 430.5 real, 231.5 MB
[runlim] sample:		440.0 time, 440.5 real, 231.5 MB
[runlim] sample:		450.0 time, 450.5 real, 233.5 MB
[runlim] sample:		460.0 time, 460.5 real, 233.5 MB
[runlim] sample:		470.0 time, 470.5 real, 233.5 MB
[runlim] sample:		480.0 time, 480.5 real, 233.5 MB
[runlim] sample:		490.0 time, 490.5 real, 233.5 MB
[runlim] sample:		500.0 time, 500.5 real, 233.5 MB
[runlim] sample:		510.0 time, 510.5 real, 235.3 MB
[runlim] sample:		520.0 time, 520.5 real, 235.2 MB
[runlim] sample:		530.0 time, 530.5 real, 235.2 MB
[runlim] sample:		540.0 time, 540.5 real, 235.2 MB
[runlim] sample:		550.0 time, 550.5 real, 235.2 MB
[runlim] sample:		560.0 time, 560.5 real, 235.2 MB
[runlim] sample:		570.0 time, 570.5 real, 235.2 MB
[runlim] sample:		580.0 time, 580.5 real, 235.2 MB
[runlim] sample:		590.0 time, 590.5 real, 237.0 MB
[runlim] sample:		600.0 time, 600.5 real, 237.0 MB
[runlim] sample:		610.0 time, 610.5 real, 237.0 MB
[runlim] sample:		620.0 time, 620.5 real, 237.0 MB
[runlim] sample:		630.0 time, 630.5 real, 237.0 MB
[runlim] sample:		640.0 time, 640.5 real, 237.0 MB
[runlim] sample:		650.0 time, 650.5 real, 237.0 MB
[runlim] sample:		660.0 time, 660.5 real, 237.0 MB
[runlim] sample:		670.0 time, 670.5 real, 237.0 MB
[runlim] sample:		680.0 time, 680.5 real, 237.0 MB
[runlim] sample:		690.0 time, 690.5 real, 237.0 MB
[runlim] sample:		700.0 time, 700.5 real, 237.0 MB
[runlim] sample:		710.0 time, 710.5 real, 257.9 MB
[runlim] sample:		720.0 time, 720.5 real, 257.9 MB
[runlim] sample:		730.0 time, 730.5 real, 257.9 MB
[runlim] sample:		740.0 time, 740.5 real, 258.6 MB
[runlim] sample:		750.0 time, 750.5 real, 258.9 MB
[runlim] sample:		760.0 time, 760.5 real, 259.7 MB
[runlim] sample:		770.0 time, 770.5 real, 259.9 MB
[runlim] sample:		780.0 time, 780.5 real, 260.2 MB
[runlim] sample:		790.0 time, 790.5 real, 274.8 MB
[runlim] sample:		800.0 time, 800.5 real, 274.9 MB
[runlim] sample:		810.0 time, 810.5 real, 275.0 MB
[runlim] sample:		820.0 time, 820.5 real, 274.9 MB
[runlim] sample:		830.0 time, 830.5 real, 274.9 MB
[runlim] sample:		840.0 time, 840.5 real, 274.3 MB
[runlim] sample:		850.0 time, 850.5 real, 274.3 MB
[runlim] sample:		860.0 time, 860.5 real, 274.3 MB
[runlim] sample:		870.0 time, 870.5 real, 274.3 MB
[runlim] sample:		880.0 time, 880.5 real, 274.3 MB
[runlim] sample:		890.0 time, 890.5 real, 274.3 MB
[runlim] sample:		900.0 time, 900.5 real, 274.3 MB
[runlim] sample:		910.0 time, 910.5 real, 274.3 MB
[runlim] sample:		919.9 time, 920.5 real, 275.9 MB
[runlim] sample:		929.9 time, 930.5 real, 275.9 MB
[runlim] sample:		939.9 time, 940.5 real, 275.9 MB
[runlim] sample:		949.9 time, 950.5 real, 275.9 MB
[runlim] sample:		959.9 time, 960.5 real, 275.9 MB
[runlim] sample:		969.9 time, 970.5 real, 275.9 MB
[runlim] sample:		979.9 time, 980.5 real, 275.9 MB
[runlim] sample:		989.9 time, 990.5 real, 275.9 MB
[runlim] sample:		999.9 time, 1000.5 real, 275.9 MB
[runlim] sample:		1009.9 time, 1010.5 real, 279.0 MB
[runlim] sample:		1019.9 time, 1020.5 real, 278.7 MB
[runlim] sample:		1029.9 time, 1030.5 real, 278.7 MB
[runlim] sample:		1039.9 time, 1040.5 real, 278.7 MB
[runlim] sample:		1049.9 time, 1050.5 real, 278.7 MB
[runlim] sample:		1059.9 time, 1060.5 real, 278.7 MB
[runlim] sample:		1069.9 time, 1070.5 real, 278.7 MB
[runlim] sample:		1079.9 time, 1080.5 real, 278.7 MB
[runlim] sample:		1089.9 time, 1090.5 real, 278.7 MB
[runlim] sample:		1099.9 time, 1100.5 real, 278.7 MB
[runlim] sample:		1109.9 time, 1110.5 real, 280.2 MB
[runlim] sample:		1119.9 time, 1120.5 real, 280.6 MB
[runlim] sample:		1129.9 time, 1130.5 real, 280.6 MB
[runlim] sample:		1139.9 time, 1140.5 real, 280.6 MB
[runlim] sample:		1149.9 time, 1150.5 real, 280.6 MB
[runlim] sample:		1159.9 time, 1160.5 real, 280.6 MB
[runlim] sample:		1169.9 time, 1170.5 real, 280.6 MB
[runlim] sample:		1179.9 time, 1180.5 real, 280.6 MB
[runlim] sample:		1189.9 time, 1190.5 real, 280.6 MB
[runlim] end:			Tue May 12 05:50:44 2020
[runlim] status:		out of time
[runlim] result:		2
[runlim] children:		0
[runlim] real:			1200.10 seconds
[runlim] time:			1199.53 seconds
[runlim] space:			326.0 MB
[runlim] samples:		11996
[runlim] version:		1.10
[runlim] time limit:		311040000 seconds
[runlim] real time limit:	1200 seconds
[runlim] space limit:		15000 MB
[runlim] argv[0]:		/raid/steuber/Software/boolector/build/bin/boolector
[runlim] argv[1]:		/raid/steuber/Benchmarks/2019/QF_BV/sage/app1/bench_1204.smt2
[runlim] start:			Tue May 12 05:50:44 2020
[runlim] main pid:		22424
[BTOR>check_sat] 0.562208 seconds
[runlim] end:			Tue May 12 05:50:44 2020
[runlim] status:		ok
[runlim] result:		0
[runlim] children:		0
[runlim] real:			0.69 seconds
[runlim] time:			0.48 seconds
[runlim] space:			6.4 MB
[runlim] samples:		5
[runlim] version:		1.10
[runlim] time limit:		311040000 seconds
[runlim] real time limit:	1200 seconds
[runlim] space limit:		15000 MB
[runlim] argv[0]:		/raid/steuber/Software/boolector/build/bin/boolector
[runlim] argv[1]:		/raid/steuber/Benchmarks/2019/QF_BV/sage/app1/bench_1208.smt2
[runlim] start:			Tue May 12 05:50:44 2020
[runlim] main pid:		22428
[BTOR>check_sat] 0.119158 seconds
[runlim] end:			Tue May 12 05:50:44 2020
[runlim] status:		ok
[runlim] result:		0
[runlim] children:		0
[runlim] real:			0.83 seconds
[runlim] time:			0.07 seconds
[runlim] space:			3.8 MB
[runlim] samples:		1
[runlim] version:		1.10
[runlim] time limit:		311040000 seconds
[runlim] real time limit:	1200 seconds
[runlim] space limit:		15000 MB
[runlim] argv[0]:		/raid/steuber/Software/boolector/build/bin/boolector
[runlim] argv[1]:		/raid/steuber/Benchmarks/2019/QF_BV/Sage2/bench_4608.smt2
[runlim] start:			Tue May 12 05:50:44 2020
[runlim] main pid:		22432
[BTOR>check_sat] 4.651564 seconds
[runlim] end:			Tue May 12 05:50:49 2020
[runlim] status:		ok
[runlim] result:		0
[runlim] children:		0
[runlim] real:			5.61 seconds
[runlim] time:			4.67 seconds
[runlim] space:			32.7 MB
[runlim] samples:		47
[runlim] version:		1.10
[runlim] time limit:		311040000 seconds
[runlim] real time limit:	1200 seconds
[runlim] space limit:		15000 MB
[runlim] argv[0]:		/raid/steuber/Software/boolector/build/bin/boolector
[runlim] argv[1]:		/raid/steuber/Benchmarks/2019/QF_BV/sage/app1/bench_2472.smt2
[runlim] start:			Tue May 12 05:50:49 2020
[runlim] main pid:		22436
[BTOR>check_sat] 1.384103 seconds
[runlim] end:			Tue May 12 05:50:51 2020
[runlim] status:		ok
[runlim] result:		0
[runlim] children:		0
[runlim] real:			2.03 seconds
[runlim] time:			1.38 seconds
[runlim] space:			15.1 MB
[runlim] samples:		14
[runlim] version:		1.10
[runlim] time limit:		311040000 seconds
[runlim] real time limit:	1200 seconds
[runlim] space limit:		15000 MB
[runlim] argv[0]:		/raid/steuber/Software/boolector/build/bin/boolector
[runlim] argv[1]:		/raid/steuber/Benchmarks/2019/QF_BV/sage/app9/bench_3010.smt2
[runlim] start:			Tue May 12 05:50:51 2020
[runlim] main pid:		22441
[BTOR>check_sat] 1.270513 seconds
[runlim] end:			Tue May 12 05:50:52 2020
[runlim] status:		ok
[runlim] result:		0
[runlim] children:		0
[runlim] real:			1.34 seconds
[runlim] time:			1.28 seconds
[runlim] space:			14.6 MB
[runlim] samples:		13
[runlim] version:		1.10
[runlim] time limit:		311040000 seconds
[runlim] real time limit:	1200 seconds
[runlim] space limit:		15000 MB
[runlim] argv[0]:		/raid/steuber/Software/boolector/build/bin/boolector
[runlim] argv[1]:		/raid/steuber/Benchmarks/2019/QF_BV/uclid/catchconv/convert-jpg2gif-query-1423.smt2
[runlim] start:			Tue May 12 05:50:52 2020
[runlim] main pid:		22445
[runlim] sample:		10.0 time, 10.3 real, 157.9 MB
[runlim] sample:		20.0 time, 20.3 real, 157.2 MB
[runlim] sample:		30.0 time, 30.3 real, 173.8 MB
[runlim] sample:		40.0 time, 40.3 real, 171.3 MB
[runlim] sample:		50.0 time, 50.3 real, 171.5 MB
[runlim] sample:		60.0 time, 60.3 real, 171.0 MB
[runlim] sample:		70.0 time, 70.3 real, 160.0 MB
[runlim] sample:		80.0 time, 80.3 real, 180.3 MB
[runlim] sample:		90.0 time, 90.3 real, 181.2 MB
[runlim] sample:		100.0 time, 100.3 real, 181.2 MB
[runlim] sample:		110.0 time, 110.3 real, 159.7 MB
[runlim] sample:		120.0 time, 120.3 real, 180.5 MB
[runlim] sample:		130.0 time, 130.3 real, 180.4 MB
[runlim] sample:		140.0 time, 140.3 real, 182.5 MB
[runlim] sample:		150.0 time, 150.3 real, 182.5 MB
[runlim] sample:		160.0 time, 160.3 real, 182.1 MB
[runlim] sample:		170.0 time, 170.3 real, 162.3 MB
[runlim] sample:		180.0 time, 180.3 real, 183.6 MB
[runlim] sample:		190.0 time, 190.3 real, 163.1 MB
[runlim] sample:		200.0 time, 200.3 real, 185.6 MB
[runlim] sample:		210.0 time, 210.3 real, 185.6 MB
[runlim] sample:		220.0 time, 220.3 real, 164.3 MB
[runlim] sample:		230.0 time, 230.3 real, 186.1 MB
[runlim] sample:		240.0 time, 240.3 real, 186.1 MB
[runlim] sample:		250.0 time, 250.3 real, 187.6 MB
[runlim] sample:		260.0 time, 260.3 real, 187.6 MB
[runlim] sample:		270.0 time, 270.3 real, 187.6 MB
[runlim] sample:		280.0 time, 280.3 real, 208.4 MB
[runlim] sample:		290.0 time, 290.3 real, 208.7 MB
[runlim] sample:		300.0 time, 300.3 real, 208.7 MB
[runlim] sample:		310.0 time, 310.3 real, 208.7 MB
[runlim] sample:		320.0 time, 320.3 real, 209.2 MB
[runlim] sample:		330.0 time, 330.3 real, 209.2 MB
[runlim] sample:		340.0 time, 340.3 real, 209.2 MB
[runlim] sample:		350.0 time, 350.3 real, 186.6 MB
[runlim] sample:		360.0 time, 360.3 real, 212.1 MB
[runlim] sample:		370.0 time, 370.3 real, 212.1 MB
[runlim] sample:		380.0 time, 380.3 real, 212.1 MB
[runlim] sample:		390.0 time, 390.3 real, 212.1 MB
[runlim] sample:		400.0 time, 400.3 real, 214.1 MB
[runlim] sample:		410.0 time, 410.3 real, 214.1 MB
[runlim] sample:		420.0 time, 420.3 real, 214.2 MB
[runlim] sample:		430.0 time, 430.3 real, 214.2 MB
[runlim] sample:		440.0 time, 440.3 real, 214.2 MB
[runlim] sample:		450.0 time, 450.3 real, 214.2 MB
[runlim] sample:		460.0 time, 460.3 real, 214.2 MB
[runlim] sample:		469.9 time, 470.3 real, 217.9 MB
[runlim] sample:		480.0 time, 480.3 real, 217.9 MB
[runlim] sample:		490.0 time, 490.3 real, 217.9 MB
[runlim] sample:		500.0 time, 500.3 real, 217.9 MB
[runlim] sample:		510.0 time, 510.3 real, 217.9 MB
[runlim] sample:		520.0 time, 520.3 real, 217.9 MB
[runlim] sample:		530.0 time, 530.3 real, 217.9 MB
[runlim] sample:		540.0 time, 540.3 real, 217.9 MB
[runlim] sample:		550.0 time, 550.3 real, 217.9 MB
[runlim] sample:		560.0 time, 560.3 real, 217.9 MB
[runlim] sample:		570.0 time, 570.3 real, 238.3 MB
[runlim] sample:		580.0 time, 580.3 real, 238.9 MB
[runlim] sample:		590.0 time, 590.3 real, 238.9 MB
[runlim] sample:		600.0 time, 600.3 real, 238.9 MB
[runlim] sample:		610.0 time, 610.3 real, 238.9 MB
[runlim] sample:		620.0 time, 620.3 real, 238.9 MB
[runlim] sample:		630.0 time, 630.3 real, 238.9 MB
[runlim] sample:		640.0 time, 640.3 real, 238.9 MB
[runlim] sample:		650.0 time, 650.3 real, 211.6 MB
[runlim] sample:		660.0 time, 660.3 real, 241.8 MB
[runlim] sample:		670.0 time, 670.3 real, 241.4 MB
[runlim] sample:		680.0 time, 680.3 real, 241.4 MB
[runlim] sample:		690.0 time, 690.3 real, 241.4 MB
[runlim] sample:		700.0 time, 700.3 real, 241.4 MB
[runlim] sample:		710.0 time, 710.3 real, 241.4 MB
[runlim] sample:		720.0 time, 720.3 real, 241.4 MB
[runlim] sample:		730.0 time, 730.3 real, 241.4 MB
[runlim] sample:		740.0 time, 740.3 real, 241.4 MB
[runlim] sample:		750.0 time, 750.3 real, 241.4 MB
[runlim] sample:		760.0 time, 760.3 real, 244.0 MB
[runlim] sample:		770.0 time, 770.3 real, 244.0 MB
[runlim] sample:		780.0 time, 780.3 real, 259.5 MB
[runlim] sample:		790.0 time, 790.3 real, 259.5 MB
[runlim] sample:		800.0 time, 800.3 real, 259.5 MB
[runlim] sample:		810.0 time, 810.3 real, 259.5 MB
[runlim] sample:		820.0 time, 820.3 real, 259.5 MB
[runlim] sample:		830.0 time, 830.3 real, 259.5 MB
[runlim] sample:		840.0 time, 840.3 real, 259.5 MB
[runlim] sample:		850.0 time, 850.3 real, 259.5 MB
[runlim] sample:		860.0 time, 860.3 real, 259.5 MB
[runlim] sample:		870.0 time, 870.3 real, 259.5 MB
[runlim] sample:		880.0 time, 880.3 real, 259.5 MB
[runlim] sample:		890.0 time, 890.3 real, 259.5 MB
[runlim] sample:		899.9 time, 900.3 real, 263.9 MB
[runlim] sample:		909.9 time, 910.3 real, 263.5 MB
[runlim] sample:		919.9 time, 920.3 real, 263.5 MB
[runlim] sample:		929.9 time, 930.3 real, 296.2 MB
[runlim] sample:		939.9 time, 940.3 real, 296.2 MB
[runlim] sample:		949.9 time, 950.3 real, 296.7 MB
[runlim] sample:		960.0 time, 960.3 real, 297.2 MB
[runlim] sample:		970.0 time, 970.3 real, 297.2 MB
[runlim] sample:		980.0 time, 980.3 real, 297.4 MB
[runlim] sample:		990.0 time, 990.3 real, 297.4 MB
[runlim] sample:		1000.0 time, 1000.3 real, 297.8 MB
[runlim] sample:		1009.9 time, 1010.3 real, 298.3 MB
[runlim] sample:		1020.0 time, 1020.3 real, 298.5 MB
[runlim] sample:		1030.0 time, 1030.3 real, 298.5 MB
[runlim] sample:		1039.9 time, 1040.3 real, 299.0 MB
[runlim] sample:		1049.9 time, 1050.3 real, 299.4 MB
[runlim] sample:		1059.9 time, 1060.3 real, 299.4 MB
[runlim] sample:		1069.9 time, 1070.3 real, 299.9 MB
[runlim] sample:		1079.9 time, 1080.3 real, 300.0 MB
[runlim] sample:		1089.9 time, 1090.3 real, 300.5 MB
[runlim] sample:		1099.9 time, 1100.3 real, 304.1 MB
[runlim] sample:		1109.9 time, 1110.3 real, 304.2 MB
[runlim] sample:		1119.9 time, 1120.3 real, 285.9 MB
[runlim] sample:		1129.9 time, 1130.3 real, 304.7 MB
[runlim] sample:		1140.0 time, 1140.3 real, 304.9 MB
[runlim] sample:		1149.9 time, 1150.3 real, 305.4 MB
[runlim] sample:		1159.9 time, 1160.3 real, 305.4 MB
[runlim] sample:		1169.9 time, 1170.3 real, 305.8 MB
[runlim] sample:		1179.9 time, 1180.3 real, 305.8 MB
[runlim] sample:		1189.9 time, 1190.3 real, 305.8 MB
[runlim] end:			Tue May 12 06:10:52 2020
[runlim] status:		out of time
[runlim] result:		2
[runlim] children:		0
[runlim] real:			1200.07 seconds
[runlim] time:			1199.64 seconds
[runlim] space:			353.5 MB
[runlim] samples:		11997
[runlim] version:		1.10
[runlim] time limit:		311040000 seconds
[runlim] real time limit:	1200 seconds
[runlim] space limit:		15000 MB
[runlim] argv[0]:		/raid/steuber/Software/boolector/build/bin/boolector
[runlim] argv[1]:		/raid/steuber/Benchmarks/2019/QF_BV/Sage2/bench_7058.smt2
[runlim] start:			Tue May 12 06:10:52 2020
[runlim] main pid:		22672
[runlim] sample:		10.0 time, 10.1 real, 23.7 MB
[BTOR>check_sat] 11.432986 seconds
[runlim] end:			Tue May 12 06:11:03 2020
[runlim] status:		ok
[runlim] result:		0
[runlim] children:		0
[runlim] real:			11.60 seconds
[runlim] time:			11.48 seconds
[runlim] space:			27.9 MB
[runlim] samples:		115
[runlim] version:		1.10
[runlim] time limit:		311040000 seconds
[runlim] real time limit:	1200 seconds
[runlim] space limit:		15000 MB
[runlim] argv[0]:		/raid/steuber/Software/boolector/build/bin/boolector
[runlim] argv[1]:		/raid/steuber/Benchmarks/2019/QF_BV/sage/app1/bench_869.smt2
[runlim] start:			Tue May 12 06:11:03 2020
[runlim] main pid:		22684
[BTOR>check_sat] 1.680055 seconds
[runlim] end:			Tue May 12 06:11:05 2020
[runlim] status:		ok
[runlim] result:		0
[runlim] children:		0
[runlim] real:			2.34 seconds
[runlim] time:			1.67 seconds
[runlim] space:			16.2 MB
[runlim] samples:		17
[runlim] version:		1.10
[runlim] time limit:		311040000 seconds
[runlim] real time limit:	1200 seconds
[runlim] space limit:		15000 MB
[runlim] argv[0]:		/raid/steuber/Software/boolector/build/bin/boolector
[runlim] argv[1]:		/raid/steuber/Benchmarks/2019/QF_BV/spear/inn_v2.4.3/nnrpd_nnrpd_vc21034.smt2
[runlim] start:			Tue May 12 06:11:05 2020
[runlim] main pid:		22688
[runlim] sample:		10.0 time, 10.4 real, 52.0 MB
[runlim] sample:		20.0 time, 20.4 real, 47.6 MB
[runlim] sample:		30.0 time, 30.4 real, 56.4 MB
[runlim] sample:		40.0 time, 40.4 real, 57.6 MB
[runlim] sample:		50.0 time, 50.4 real, 57.4 MB
[runlim] sample:		60.0 time, 60.4 real, 62.2 MB
[BTOR>check_sat] 62.898546 seconds
[runlim] end:			Tue May 12 06:12:08 2020
[runlim] status:		ok
[runlim] result:		0
[runlim] children:		0
[runlim] real:			63.29 seconds
[runlim] time:			62.87 seconds
[runlim] space:			62.8 MB
[runlim] samples:		629
[runlim] version:		1.10
[runlim] time limit:		311040000 seconds
[runlim] real time limit:	1200 seconds
[runlim] space limit:		15000 MB
[runlim] argv[0]:		/raid/steuber/Software/boolector/build/bin/boolector
[runlim] argv[1]:		/raid/steuber/Benchmarks/2019/QF_BV/sage/app1/bench_329.smt2
[runlim] start:			Tue May 12 06:12:08 2020
[runlim] main pid:		22713
[BTOR>check_sat] 2.478725 seconds
[runlim] end:			Tue May 12 06:12:10 2020
[runlim] status:		ok
[runlim] result:		0
[runlim] children:		0
[runlim] real:			2.80 seconds
[runlim] time:			2.49 seconds
[runlim] space:			15.7 MB
[runlim] samples:		25
[runlim] version:		1.10
[runlim] time limit:		311040000 seconds
[runlim] real time limit:	1200 seconds
[runlim] space limit:		15000 MB
[runlim] argv[0]:		/raid/steuber/Software/boolector/build/bin/boolector
[runlim] argv[1]:		/raid/steuber/Benchmarks/2019/QF_BV/Sage2/bench_3495.smt2
[runlim] start:			Tue May 12 06:12:10 2020
[runlim] main pid:		22718
[runlim] sample:		10.0 time, 10.8 real, 16.7 MB
[runlim] sample:		20.0 time, 20.8 real, 19.0 MB
[runlim] sample:		30.0 time, 30.8 real, 24.8 MB
[runlim] sample:		40.0 time, 40.8 real, 25.8 MB
[runlim] sample:		50.0 time, 50.8 real, 31.5 MB
[runlim] sample:		60.0 time, 60.8 real, 32.4 MB
[runlim] sample:		70.0 time, 70.8 real, 33.0 MB
[BTOR>check_sat] 76.094821 seconds
[runlim] end:			Tue May 12 06:13:26 2020
[runlim] status:		ok
[runlim] result:		0
[runlim] children:		0
[runlim] real:			76.91 seconds
[runlim] time:			76.09 seconds
[runlim] space:			39.4 MB
[runlim] samples:		761
[runlim] version:		1.10
[runlim] time limit:		311040000 seconds
[runlim] real time limit:	1200 seconds
[runlim] space limit:		15000 MB
[runlim] argv[0]:		/raid/steuber/Software/boolector/build/bin/boolector
[runlim] argv[1]:		/raid/steuber/Benchmarks/2019/QF_BV/Sage2/bench_1373.smt2
[runlim] start:			Tue May 12 06:13:26 2020
[runlim] main pid:		22737
[runlim] sample:		10.0 time, 10.9 real, 14.7 MB
[runlim] sample:		20.0 time, 20.9 real, 18.5 MB
[runlim] sample:		30.0 time, 30.9 real, 24.3 MB
[runlim] sample:		40.0 time, 40.9 real, 26.5 MB
[runlim] sample:		50.0 time, 50.9 real, 27.1 MB
[runlim] sample:		60.0 time, 60.9 real, 32.4 MB
[runlim] sample:		70.0 time, 70.9 real, 32.6 MB
[runlim] sample:		80.0 time, 80.9 real, 35.8 MB
[runlim] sample:		90.0 time, 90.9 real, 36.4 MB
[runlim] sample:		100.0 time, 100.9 real, 36.7 MB
[runlim] sample:		110.0 time, 110.9 real, 39.5 MB
[runlim] sample:		120.0 time, 120.9 real, 39.9 MB
[BTOR>check_sat] 120.780225 seconds
[runlim] end:			Tue May 12 06:15:27 2020
[runlim] status:		ok
[runlim] result:		0
[runlim] children:		0
[runlim] real:			121.72 seconds
[runlim] time:			120.77 seconds
[runlim] space:			46.0 MB
[runlim] samples:		1208
[runlim] version:		1.10
[runlim] time limit:		311040000 seconds
[runlim] real time limit:	1200 seconds
[runlim] space limit:		15000 MB
[runlim] argv[0]:		/raid/steuber/Software/boolector/build/bin/boolector
[runlim] argv[1]:		/raid/steuber/Benchmarks/2019/QF_BV/sage/app8/bench_250.smt2
[runlim] start:			Tue May 12 06:15:27 2020
[runlim] main pid:		22764
[BTOR>check_sat] 1.249884 seconds
[runlim] end:			Tue May 12 06:15:29 2020
[runlim] status:		ok
[runlim] result:		0
[runlim] children:		0
[runlim] real:			2.02 seconds
[runlim] time:			1.17 seconds
[runlim] space:			13.3 MB
[runlim] samples:		12
[runlim] version:		1.10
[runlim] time limit:		311040000 seconds
[runlim] real time limit:	1200 seconds
[runlim] space limit:		15000 MB
[runlim] argv[0]:		/raid/steuber/Software/boolector/build/bin/boolector
[runlim] argv[1]:		/raid/steuber/Benchmarks/2019/QF_BV/float/newton.6.1.i.smt2
[runlim] start:			Tue May 12 06:15:29 2020
[runlim] main pid:		22768
[runlim] sample:		10.0 time, 10.0 real, 42.2 MB
[runlim] sample:		20.0 time, 20.0 real, 42.5 MB
[BTOR>check_sat] 21.252516 seconds
[runlim] end:			Tue May 12 06:15:50 2020
[runlim] status:		ok
[runlim] result:		0
[runlim] children:		0
[runlim] real:			21.34 seconds
[runlim] time:			21.27 seconds
[runlim] space:			43.1 MB
[runlim] samples:		213
[runlim] version:		1.10
[runlim] time limit:		311040000 seconds
[runlim] real time limit:	1200 seconds
[runlim] space limit:		15000 MB
[runlim] argv[0]:		/raid/steuber/Software/boolector/build/bin/boolector
[runlim] argv[1]:		/raid/steuber/Benchmarks/2019/QF_BV/Sage2/bench_1184.smt2
[runlim] start:			Tue May 12 06:15:50 2020
[runlim] main pid:		22777
[runlim] sample:		10.0 time, 10.4 real, 15.4 MB
[runlim] sample:		20.0 time, 20.4 real, 19.4 MB
[runlim] sample:		30.0 time, 30.4 real, 23.8 MB
[runlim] sample:		40.0 time, 40.4 real, 25.1 MB
[runlim] sample:		50.0 time, 50.4 real, 30.2 MB
[runlim] sample:		60.0 time, 60.3 real, 33.0 MB
[runlim] sample:		70.0 time, 70.4 real, 33.3 MB
[runlim] sample:		80.0 time, 80.4 real, 33.8 MB
[runlim] sample:		90.0 time, 90.3 real, 39.3 MB
[BTOR>check_sat] 97.777353 seconds
[runlim] end:			Tue May 12 06:17:28 2020
[runlim] status:		ok
[runlim] result:		0
[runlim] children:		0
[runlim] real:			98.16 seconds
[runlim] time:			97.77 seconds
[runlim] space:			41.5 MB
[runlim] samples:		978
[runlim] version:		1.10
[runlim] time limit:		311040000 seconds
[runlim] real time limit:	1200 seconds
[runlim] space limit:		15000 MB
[runlim] argv[0]:		/raid/steuber/Software/boolector/build/bin/boolector
[runlim] argv[1]:		/raid/steuber/Benchmarks/2019/QF_BV/Sage2/bench_3082.smt2
[runlim] start:			Tue May 12 06:17:28 2020
[runlim] main pid:		22800
[BTOR>check_sat] 8.094516 seconds
[runlim] end:			Tue May 12 06:17:36 2020
[runlim] status:		ok
[runlim] result:		0
[runlim] children:		0
[runlim] real:			8.35 seconds
[runlim] time:			8.06 seconds
[runlim] space:			44.3 MB
[runlim] samples:		81
[runlim] version:		1.10
[runlim] time limit:		311040000 seconds
[runlim] real time limit:	1200 seconds
[runlim] space limit:		15000 MB
[runlim] argv[0]:		/raid/steuber/Software/boolector/build/bin/boolector
[runlim] argv[1]:		/raid/steuber/Benchmarks/2019/QF_BV/sage/app1/bench_2263.smt2
[runlim] start:			Tue May 12 06:17:36 2020
[runlim] main pid:		22805
[BTOR>check_sat] 2.203914 seconds
[runlim] end:			Tue May 12 06:17:38 2020
[runlim] status:		ok
[runlim] result:		0
[runlim] children:		0
[runlim] real:			2.59 seconds
[runlim] time:			2.18 seconds
[runlim] space:			15.1 MB
[runlim] samples:		22
[runlim] version:		1.10
[runlim] time limit:		311040000 seconds
[runlim] real time limit:	1200 seconds
[runlim] space limit:		15000 MB
[runlim] argv[0]:		/raid/steuber/Software/boolector/build/bin/boolector
[runlim] argv[1]:		/raid/steuber/Benchmarks/2019/QF_BV/Sage2/bench_4819.smt2
[runlim] start:			Tue May 12 06:17:38 2020
[runlim] main pid:		22809
[BTOR>check_sat] 2.916289 seconds
[runlim] end:			Tue May 12 06:17:41 2020
[runlim] status:		ok
[runlim] result:		0
[runlim] children:		0
[runlim] real:			3.52 seconds
[runlim] time:			2.89 seconds
[runlim] space:			9.4 MB
[runlim] samples:		29
[runlim] version:		1.10
[runlim] time limit:		311040000 seconds
[runlim] real time limit:	1200 seconds
[runlim] space limit:		15000 MB
[runlim] argv[0]:		/raid/steuber/Software/boolector/build/bin/boolector
[runlim] argv[1]:		/raid/steuber/Benchmarks/2019/QF_BV/Sage2/bench_12158.smt2
[runlim] start:			Tue May 12 06:17:41 2020
[runlim] main pid:		22813
[runlim] sample:		10.0 time, 10.5 real, 20.0 MB
[runlim] sample:		20.0 time, 20.5 real, 23.5 MB
[runlim] sample:		30.0 time, 30.5 real, 27.4 MB
[BTOR>check_sat] 37.411414 seconds
[runlim] end:			Tue May 12 06:18:18 2020
[runlim] status:		ok
[runlim] result:		0
[runlim] children:		0
[runlim] real:			37.97 seconds
[runlim] time:			37.37 seconds
[runlim] space:			30.8 MB
[runlim] samples:		374
[runlim] version:		1.10
[runlim] time limit:		311040000 seconds
[runlim] real time limit:	1200 seconds
[runlim] space limit:		15000 MB
[runlim] argv[0]:		/raid/steuber/Software/boolector/build/bin/boolector
[runlim] argv[1]:		/raid/steuber/Benchmarks/2019/QF_BV/sage/app8/bench_548.smt2
[runlim] start:			Tue May 12 06:18:18 2020
[runlim] main pid:		22822
[BTOR>check_sat] 0.908639 seconds
[runlim] end:			Tue May 12 06:18:19 2020
[runlim] status:		ok
[runlim] result:		0
[runlim] children:		0
[runlim] real:			1.90 seconds
[runlim] time:			0.88 seconds
[runlim] space:			11.3 MB
[runlim] samples:		9
[runlim] version:		1.10
[runlim] time limit:		311040000 seconds
[runlim] real time limit:	1200 seconds
[runlim] space limit:		15000 MB
[runlim] argv[0]:		/raid/steuber/Software/boolector/build/bin/boolector
[runlim] argv[1]:		/raid/steuber/Benchmarks/2019/QF_BV/spear/samba_v3.0.24/bin_eventlogadm_vc331167.smt2
[runlim] start:			Tue May 12 06:18:19 2020
[runlim] main pid:		22826
[BTOR>check_sat] 6.140214 seconds
[runlim] end:			Tue May 12 06:18:26 2020
[runlim] status:		ok
[runlim] result:		0
[runlim] children:		0
[runlim] real:			7.15 seconds
[runlim] time:			6.17 seconds
[runlim] space:			66.7 MB
[runlim] samples:		62
[runlim] version:		1.10
[runlim] time limit:		311040000 seconds
[runlim] real time limit:	1200 seconds
[runlim] space limit:		15000 MB
[runlim] argv[0]:		/raid/steuber/Software/boolector/build/bin/boolector
[runlim] argv[1]:		/raid/steuber/Benchmarks/2019/QF_BV/sage/app12/bench_5521.smt2
[runlim] start:			Tue May 12 06:18:26 2020
[runlim] main pid:		22833
[BTOR>check_sat] 0.002422 seconds
[runlim] end:			Tue May 12 06:18:26 2020
[runlim] status:		ok
[runlim] result:		0
[runlim] children:		0
[runlim] real:			0.17 seconds
[runlim] time:			0.00 seconds
[runlim] space:			0.0 MB
[runlim] samples:		0
[runlim] version:		1.10
[runlim] time limit:		311040000 seconds
[runlim] real time limit:	1200 seconds
[runlim] space limit:		15000 MB
[runlim] argv[0]:		/raid/steuber/Software/boolector/build/bin/boolector
[runlim] argv[1]:		/raid/steuber/Benchmarks/2019/QF_BV/sage/app12/bench_4033.smt2
[runlim] start:			Tue May 12 06:18:26 2020
[runlim] main pid:		22837
[BTOR>check_sat] 0.042558 seconds
[runlim] end:			Tue May 12 06:18:26 2020
[runlim] status:		ok
[runlim] result:		0
[runlim] children:		0
[runlim] real:			0.23 seconds
[runlim] time:			0.00 seconds
[runlim] space:			0.0 MB
[runlim] samples:		0
[runlim] version:		1.10
[runlim] time limit:		311040000 seconds
[runlim] real time limit:	1200 seconds
[runlim] space limit:		15000 MB
[runlim] argv[0]:		/raid/steuber/Software/boolector/build/bin/boolector
[runlim] argv[1]:		/raid/steuber/Benchmarks/2019/QF_BV/Sage2/bench_9837.smt2
[runlim] start:			Tue May 12 06:18:26 2020
[runlim] main pid:		22841
[BTOR>check_sat] 1.484841 seconds
[runlim] end:			Tue May 12 06:18:28 2020
[runlim] status:		ok
[runlim] result:		0
[runlim] children:		0
[runlim] real:			2.19 seconds
[runlim] time:			1.86 seconds
[runlim] space:			50.4 MB
[runlim] samples:		19
[runlim] version:		1.10
[runlim] time limit:		311040000 seconds
[runlim] real time limit:	1200 seconds
[runlim] space limit:		15000 MB
[runlim] argv[0]:		/raid/steuber/Software/boolector/build/bin/boolector
[runlim] argv[1]:		/raid/steuber/Benchmarks/2019/QF_BV/Sage2/bench_14941.smt2
[runlim] start:			Tue May 12 06:18:28 2020
[runlim] main pid:		22846
[runlim] sample:		10.0 time, 10.2 real, 85.0 MB
[runlim] sample:		20.0 time, 20.2 real, 76.9 MB
[runlim] sample:		30.0 time, 30.2 real, 81.5 MB
[runlim] sample:		40.0 time, 40.2 real, 81.9 MB
[runlim] sample:		50.0 time, 50.2 real, 82.0 MB
[runlim] sample:		60.0 time, 60.2 real, 82.0 MB
[runlim] sample:		70.0 time, 70.2 real, 82.3 MB
[BTOR>check_sat] 72.596028 seconds
[runlim] end:			Tue May 12 06:19:40 2020
[runlim] status:		ok
[runlim] result:		0
[runlim] children:		0
[runlim] real:			72.85 seconds
[runlim] time:			72.58 seconds
[runlim] space:			85.0 MB
[runlim] samples:		726
[runlim] version:		1.10
[runlim] time limit:		311040000 seconds
[runlim] real time limit:	1200 seconds
[runlim] space limit:		15000 MB
[runlim] argv[0]:		/raid/steuber/Software/boolector/build/bin/boolector
[runlim] argv[1]:		/raid/steuber/Benchmarks/2019/QF_BV/Sage2/bench_2731.smt2
[runlim] start:			Tue May 12 06:19:40 2020
[runlim] main pid:		22864
[runlim] sample:		10.0 time, 10.9 real, 14.9 MB
[runlim] sample:		20.0 time, 20.9 real, 20.4 MB
[runlim] sample:		30.0 time, 30.9 real, 25.2 MB
[BTOR>check_sat] 31.180061 seconds
[runlim] end:			Tue May 12 06:20:12 2020
[runlim] status:		ok
[runlim] result:		0
[runlim] children:		0
[runlim] real:			32.06 seconds
[runlim] time:			31.18 seconds
[runlim] space:			25.6 MB
[runlim] samples:		312
[runlim] version:		1.10
[runlim] time limit:		311040000 seconds
[runlim] real time limit:	1200 seconds
[runlim] space limit:		15000 MB
[runlim] argv[0]:		/raid/steuber/Software/boolector/build/bin/boolector
[runlim] argv[1]:		/raid/steuber/Benchmarks/2019/QF_BV/sage/app12/bench_924.smt2
[runlim] start:			Tue May 12 06:20:12 2020
[runlim] main pid:		22870
[BTOR>check_sat] 0.013081 seconds
[runlim] end:			Tue May 12 06:20:12 2020
[runlim] status:		ok
[runlim] result:		0
[runlim] children:		0
[runlim] real:			0.09 seconds
[runlim] time:			0.00 seconds
[runlim] space:			0.0 MB
[runlim] samples:		0
[runlim] version:		1.10
[runlim] time limit:		311040000 seconds
[runlim] real time limit:	1200 seconds
[runlim] space limit:		15000 MB
[runlim] argv[0]:		/raid/steuber/Software/boolector/build/bin/boolector
[runlim] argv[1]:		/raid/steuber/Benchmarks/2019/QF_BV/sage/app12/bench_605.smt2
[runlim] start:			Tue May 12 06:20:12 2020
[runlim] main pid:		22874
[BTOR>check_sat] 0.002724 seconds
[runlim] end:			Tue May 12 06:20:12 2020
[runlim] status:		ok
[runlim] result:		0
[runlim] children:		0
[runlim] real:			0.11 seconds
[runlim] time:			0.00 seconds
[runlim] space:			0.0 MB
[runlim] samples:		0
[runlim] version:		1.10
[runlim] time limit:		311040000 seconds
[runlim] real time limit:	1200 seconds
[runlim] space limit:		15000 MB
[runlim] argv[0]:		/raid/steuber/Software/boolector/build/bin/boolector
[runlim] argv[1]:		/raid/steuber/Benchmarks/2019/QF_BV/Sage2/bench_2172.smt2
[runlim] start:			Tue May 12 06:20:12 2020
[runlim] main pid:		22878
[runlim] sample:		10.0 time, 10.1 real, 15.3 MB
[runlim] sample:		20.0 time, 20.1 real, 21.8 MB
[runlim] sample:		30.0 time, 30.1 real, 26.4 MB
[runlim] sample:		40.0 time, 40.1 real, 30.4 MB
[runlim] sample:		50.0 time, 50.1 real, 33.0 MB
[runlim] sample:		60.0 time, 60.1 real, 34.3 MB
[runlim] sample:		70.0 time, 70.1 real, 34.8 MB
[runlim] sample:		80.0 time, 80.1 real, 36.5 MB
[BTOR>check_sat] 86.463479 seconds
[runlim] end:			Tue May 12 06:21:38 2020
[runlim] status:		ok
[runlim] result:		0
[runlim] children:		0
[runlim] real:			86.61 seconds
[runlim] time:			86.37 seconds
[runlim] space:			44.2 MB
[runlim] samples:		864
[runlim] version:		1.10
[runlim] time limit:		311040000 seconds
[runlim] real time limit:	1200 seconds
[runlim] space limit:		15000 MB
[runlim] argv[0]:		/raid/steuber/Software/boolector/build/bin/boolector
[runlim] argv[1]:		/raid/steuber/Benchmarks/2019/QF_BV/Sage2/bench_12457.smt2
[runlim] start:			Tue May 12 06:21:38 2020
[runlim] main pid:		22895
[runlim] sample:		10.0 time, 10.6 real, 453.7 MB
[runlim] sample:		20.0 time, 20.6 real, 362.1 MB
[runlim] sample:		30.0 time, 30.6 real, 443.4 MB
[runlim] sample:		40.0 time, 40.6 real, 443.4 MB
[runlim] sample:		50.0 time, 50.6 real, 443.4 MB
[runlim] sample:		60.0 time, 60.6 real, 443.4 MB
[runlim] sample:		70.0 time, 70.6 real, 443.4 MB
[runlim] sample:		80.0 time, 80.6 real, 443.4 MB
[runlim] sample:		90.0 time, 90.6 real, 443.4 MB
[runlim] sample:		100.0 time, 100.6 real, 443.4 MB
[runlim] sample:		110.0 time, 110.6 real, 443.4 MB
[runlim] sample:		120.0 time, 120.6 real, 443.4 MB
[runlim] sample:		129.9 time, 130.6 real, 443.4 MB
[runlim] sample:		139.9 time, 140.6 real, 443.4 MB
[runlim] sample:		149.9 time, 150.6 real, 443.9 MB
[runlim] sample:		160.0 time, 160.6 real, 481.9 MB
[runlim] sample:		169.9 time, 170.6 real, 420.8 MB
[runlim] sample:		180.0 time, 180.6 real, 376.0 MB
[runlim] sample:		189.9 time, 190.6 real, 455.1 MB
[runlim] sample:		199.9 time, 200.6 real, 455.1 MB
[runlim] sample:		209.9 time, 210.6 real, 455.1 MB
[runlim] sample:		219.9 time, 220.6 real, 455.1 MB
[runlim] sample:		229.9 time, 230.6 real, 455.1 MB
[runlim] sample:		239.9 time, 240.6 real, 455.1 MB
[runlim] sample:		249.9 time, 250.6 real, 455.1 MB
[runlim] sample:		259.9 time, 260.6 real, 455.1 MB
[runlim] sample:		269.9 time, 270.6 real, 455.1 MB
[runlim] sample:		279.9 time, 280.6 real, 455.1 MB
[runlim] sample:		289.9 time, 290.6 real, 466.4 MB
[runlim] sample:		299.9 time, 300.6 real, 474.1 MB
[runlim] sample:		309.9 time, 310.6 real, 451.0 MB
[runlim] sample:		319.9 time, 320.6 real, 451.0 MB
[runlim] sample:		329.9 time, 330.6 real, 450.7 MB
[runlim] sample:		339.9 time, 340.6 real, 397.4 MB
[runlim] sample:		349.9 time, 350.6 real, 465.7 MB
[BTOR>check_sat] 351.522777 seconds
[runlim] end:			Tue May 12 06:27:30 2020
[runlim] status:		ok
[runlim] result:		0
[runlim] children:		0
[runlim] real:			352.61 seconds
[runlim] time:			351.84 seconds
[runlim] space:			573.8 MB
[runlim] samples:		3519
[runlim] version:		1.10
[runlim] time limit:		311040000 seconds
[runlim] real time limit:	1200 seconds
[runlim] space limit:		15000 MB
[runlim] argv[0]:		/raid/steuber/Software/boolector/build/bin/boolector
[runlim] argv[1]:		/raid/steuber/Benchmarks/2019/QF_BV/sage/app12/bench_675.smt2
[runlim] start:			Tue May 12 06:27:30 2020
[runlim] main pid:		23051
[BTOR>check_sat] 0.013784 seconds
[runlim] end:			Tue May 12 06:27:30 2020
[runlim] status:		ok
[runlim] result:		0
[runlim] children:		0
[runlim] real:			0.65 seconds
[runlim] time:			0.00 seconds
[runlim] space:			0.0 MB
[runlim] samples:		0
[runlim] version:		1.10
[runlim] time limit:		311040000 seconds
[runlim] real time limit:	1200 seconds
[runlim] space limit:		15000 MB
[runlim] argv[0]:		/raid/steuber/Software/boolector/build/bin/boolector
[runlim] argv[1]:		/raid/steuber/Benchmarks/2019/QF_BV/Sage2/bench_1139.smt2
[runlim] start:			Tue May 12 06:27:30 2020
[runlim] main pid:		23055
[runlim] sample:		10.0 time, 10.7 real, 14.5 MB
[runlim] sample:		20.0 time, 20.7 real, 19.4 MB
[runlim] sample:		30.0 time, 30.7 real, 23.4 MB
[runlim] sample:		40.0 time, 40.7 real, 24.8 MB
[runlim] sample:		50.0 time, 50.7 real, 25.6 MB
[BTOR>check_sat] 51.222196 seconds
[runlim] end:			Tue May 12 06:28:21 2020
[runlim] status:		ok
[runlim] result:		0
[runlim] children:		0
[runlim] real:			51.90 seconds
[runlim] time:			51.18 seconds
[runlim] space:			28.3 MB
[runlim] samples:		512
[runlim] version:		1.10
[runlim] time limit:		311040000 seconds
[runlim] real time limit:	1200 seconds
[runlim] space limit:		15000 MB
[runlim] argv[0]:		/raid/steuber/Software/boolector/build/bin/boolector
[runlim] argv[1]:		/raid/steuber/Benchmarks/2019/QF_BV/Sage2/bench_2174.smt2
[runlim] start:			Tue May 12 06:28:21 2020
[runlim] main pid:		23104
[runlim] sample:		10.0 time, 10.9 real, 14.1 MB
[runlim] sample:		20.0 time, 20.9 real, 16.3 MB
[runlim] sample:		30.0 time, 30.9 real, 22.4 MB
[runlim] sample:		40.0 time, 40.9 real, 23.3 MB
[runlim] sample:		50.0 time, 50.9 real, 25.1 MB
[BTOR>check_sat] 54.671939 seconds
[runlim] end:			Tue May 12 06:29:16 2020
[runlim] status:		ok
[runlim] result:		0
[runlim] children:		0
[runlim] real:			55.60 seconds
[runlim] time:			54.57 seconds
[runlim] space:			30.6 MB
[runlim] samples:		546
[runlim] version:		1.10
[runlim] time limit:		311040000 seconds
[runlim] real time limit:	1200 seconds
[runlim] space limit:		15000 MB
[runlim] argv[0]:		/raid/steuber/Software/boolector/build/bin/boolector
[runlim] argv[1]:		/raid/steuber/Benchmarks/2019/QF_BV/Sage2/bench_14872.smt2
[runlim] start:			Tue May 12 06:29:16 2020
[runlim] main pid:		23117
[runlim] sample:		10.0 time, 10.6 real, 223.8 MB
[runlim] sample:		20.0 time, 20.6 real, 219.2 MB
[runlim] sample:		30.0 time, 30.6 real, 231.3 MB
[runlim] sample:		40.0 time, 40.6 real, 214.4 MB
[runlim] sample:		50.0 time, 50.6 real, 246.5 MB
[runlim] sample:		60.0 time, 60.6 real, 287.3 MB
[runlim] sample:		70.0 time, 70.6 real, 309.6 MB
[runlim] sample:		80.0 time, 80.6 real, 309.6 MB
[runlim] sample:		90.0 time, 90.6 real, 290.6 MB
[runlim] sample:		100.0 time, 100.6 real, 314.7 MB
[runlim] sample:		110.0 time, 110.6 real, 290.7 MB
[runlim] sample:		120.0 time, 120.6 real, 318.2 MB
[runlim] sample:		130.0 time, 130.6 real, 318.2 MB
[runlim] sample:		140.0 time, 140.6 real, 262.2 MB
[runlim] sample:		150.0 time, 150.6 real, 295.0 MB
[runlim] sample:		160.0 time, 160.6 real, 321.3 MB
[runlim] sample:		170.0 time, 170.6 real, 296.5 MB
[runlim] sample:		180.0 time, 180.6 real, 263.8 MB
[runlim] sample:		190.0 time, 190.6 real, 323.5 MB
[runlim] sample:		200.0 time, 200.6 real, 299.0 MB
[runlim] sample:		210.0 time, 210.6 real, 325.5 MB
[runlim] sample:		220.0 time, 220.6 real, 325.5 MB
[runlim] sample:		230.0 time, 230.6 real, 325.5 MB
[runlim] sample:		240.0 time, 240.6 real, 300.0 MB
[runlim] sample:		250.0 time, 250.6 real, 300.4 MB
[runlim] sample:		260.0 time, 260.6 real, 300.4 MB
[runlim] sample:		270.0 time, 270.6 real, 300.4 MB
[runlim] sample:		280.0 time, 280.6 real, 328.1 MB
[runlim] sample:		290.0 time, 290.6 real, 328.1 MB
[runlim] sample:		300.0 time, 300.6 real, 328.1 MB
[runlim] sample:		310.0 time, 310.6 real, 302.9 MB
[runlim] sample:		320.0 time, 320.6 real, 302.9 MB
[runlim] sample:		330.0 time, 330.6 real, 302.9 MB
[runlim] sample:		340.0 time, 340.6 real, 302.9 MB
[runlim] sample:		350.0 time, 350.6 real, 302.9 MB
[runlim] sample:		360.0 time, 360.6 real, 306.7 MB
[runlim] sample:		370.0 time, 370.6 real, 306.0 MB
[runlim] sample:		380.0 time, 380.6 real, 306.0 MB
[runlim] sample:		390.0 time, 390.6 real, 306.0 MB
[runlim] sample:		400.0 time, 400.6 real, 306.0 MB
[runlim] sample:		410.0 time, 410.6 real, 306.0 MB
[runlim] sample:		419.9 time, 420.6 real, 306.0 MB
[runlim] sample:		429.9 time, 430.6 real, 308.2 MB
[runlim] sample:		440.0 time, 440.6 real, 308.0 MB
[runlim] sample:		450.0 time, 450.6 real, 308.0 MB
[runlim] sample:		460.0 time, 460.6 real, 308.0 MB
[runlim] sample:		470.0 time, 470.6 real, 308.0 MB
[runlim] sample:		480.0 time, 480.6 real, 308.0 MB
[runlim] sample:		490.0 time, 490.6 real, 308.0 MB
[runlim] sample:		500.0 time, 500.6 real, 308.0 MB
[runlim] sample:		509.9 time, 510.6 real, 308.0 MB
[runlim] sample:		520.0 time, 520.6 real, 308.0 MB
[runlim] sample:		530.0 time, 530.6 real, 308.0 MB
[runlim] sample:		540.0 time, 540.6 real, 313.2 MB
[runlim] sample:		550.0 time, 550.6 real, 336.3 MB
[runlim] sample:		560.0 time, 560.6 real, 336.3 MB
[runlim] sample:		570.0 time, 570.6 real, 336.3 MB
[runlim] sample:		580.0 time, 580.6 real, 308.5 MB
[runlim] sample:		590.0 time, 590.6 real, 308.5 MB
[runlim] sample:		600.0 time, 600.6 real, 308.5 MB
[runlim] sample:		610.0 time, 610.6 real, 308.5 MB
[runlim] sample:		620.0 time, 620.6 real, 308.5 MB
[runlim] sample:		629.9 time, 630.6 real, 308.5 MB
[runlim] sample:		639.9 time, 640.6 real, 297.3 MB
[runlim] sample:		649.9 time, 650.6 real, 312.8 MB
[runlim] sample:		659.9 time, 660.6 real, 312.8 MB
[runlim] sample:		669.9 time, 670.6 real, 312.8 MB
[runlim] sample:		679.9 time, 680.6 real, 312.8 MB
[runlim] sample:		689.9 time, 690.6 real, 312.8 MB
[runlim] sample:		699.9 time, 700.6 real, 312.8 MB
[runlim] sample:		709.9 time, 710.6 real, 312.8 MB
[runlim] sample:		719.9 time, 720.6 real, 315.3 MB
[runlim] sample:		729.9 time, 730.6 real, 314.2 MB
[runlim] sample:		739.9 time, 740.6 real, 314.2 MB
[runlim] sample:		749.9 time, 750.6 real, 339.4 MB
[runlim] sample:		759.9 time, 760.6 real, 339.4 MB
[runlim] sample:		769.9 time, 770.6 real, 339.4 MB
[runlim] sample:		779.9 time, 780.6 real, 311.9 MB
[runlim] sample:		789.9 time, 790.6 real, 311.9 MB
[runlim] sample:		799.9 time, 800.6 real, 311.9 MB
[runlim] sample:		809.9 time, 810.6 real, 311.9 MB
[runlim] sample:		819.9 time, 820.6 real, 311.9 MB
[runlim] sample:		829.9 time, 830.6 real, 311.9 MB
[runlim] sample:		839.9 time, 840.6 real, 311.9 MB
[runlim] sample:		849.9 time, 850.6 real, 311.9 MB
[runlim] sample:		859.9 time, 860.6 real, 341.4 MB
[runlim] sample:		869.9 time, 870.6 real, 341.4 MB
[runlim] sample:		879.9 time, 880.6 real, 341.4 MB
[runlim] sample:		889.9 time, 890.6 real, 315.1 MB
[runlim] sample:		899.9 time, 900.6 real, 315.1 MB
[runlim] sample:		909.9 time, 910.6 real, 315.1 MB
[runlim] sample:		919.9 time, 920.6 real, 315.3 MB
[runlim] sample:		929.9 time, 930.6 real, 315.8 MB
[runlim] sample:		939.9 time, 940.6 real, 316.6 MB
[runlim] sample:		949.9 time, 950.6 real, 317.1 MB
[runlim] sample:		959.9 time, 960.6 real, 317.1 MB
[runlim] sample:		969.9 time, 970.6 real, 317.9 MB
[runlim] sample:		979.9 time, 980.6 real, 318.4 MB
[runlim] sample:		989.9 time, 990.6 real, 318.9 MB
[runlim] sample:		999.9 time, 1000.6 real, 318.9 MB
[runlim] sample:		1009.9 time, 1010.6 real, 319.7 MB
[runlim] sample:		1019.9 time, 1020.6 real, 320.2 MB
[runlim] sample:		1029.9 time, 1030.6 real, 350.8 MB
[runlim] sample:		1039.9 time, 1040.6 real, 324.9 MB
[runlim] sample:		1049.9 time, 1050.6 real, 324.9 MB
[runlim] sample:		1059.9 time, 1060.6 real, 324.9 MB
[runlim] sample:		1069.9 time, 1070.6 real, 325.7 MB
[runlim] sample:		1079.9 time, 1080.6 real, 325.7 MB
[runlim] sample:		1089.9 time, 1090.6 real, 326.5 MB
[runlim] sample:		1099.9 time, 1100.6 real, 326.5 MB
[runlim] sample:		1109.9 time, 1110.6 real, 327.0 MB
[runlim] sample:		1119.9 time, 1120.6 real, 327.0 MB
[runlim] sample:		1129.9 time, 1130.6 real, 327.5 MB
[runlim] sample:		1139.9 time, 1140.6 real, 328.0 MB
[runlim] sample:		1149.9 time, 1150.6 real, 328.8 MB
[runlim] sample:		1159.9 time, 1160.6 real, 328.8 MB
[runlim] sample:		1169.9 time, 1170.6 real, 329.3 MB
[runlim] sample:		1179.9 time, 1180.6 real, 330.1 MB
[runlim] sample:		1189.9 time, 1190.6 real, 330.1 MB
[runlim] end:			Tue May 12 06:49:16 2020
[runlim] status:		out of time
[runlim] result:		2
[runlim] children:		0
[runlim] real:			1200.04 seconds
[runlim] time:			1199.32 seconds
[runlim] space:			392.1 MB
[runlim] samples:		11994
[runlim] version:		1.10
[runlim] time limit:		311040000 seconds
[runlim] real time limit:	1200 seconds
[runlim] space limit:		15000 MB
[runlim] argv[0]:		/raid/steuber/Software/boolector/build/bin/boolector
[runlim] argv[1]:		/raid/steuber/Benchmarks/2019/QF_BV/calypto/problem_7.smt2
[runlim] start:			Tue May 12 06:49:16 2020
[runlim] main pid:		23340
[runlim] sample:		10.0 time, 10.0 real, 30.7 MB
[runlim] sample:		20.0 time, 20.0 real, 31.5 MB
[runlim] sample:		30.0 time, 30.0 real, 38.1 MB
[runlim] sample:		40.0 time, 40.0 real, 38.7 MB
[runlim] sample:		50.0 time, 50.0 real, 49.4 MB
[runlim] sample:		60.0 time, 60.0 real, 51.1 MB
[runlim] sample:		70.0 time, 70.0 real, 52.6 MB
[runlim] sample:		80.0 time, 80.0 real, 52.6 MB
[runlim] sample:		90.0 time, 90.0 real, 54.5 MB
[runlim] sample:		100.0 time, 100.0 real, 68.5 MB
[runlim] sample:		110.0 time, 110.0 real, 56.6 MB
[runlim] sample:		120.0 time, 120.0 real, 72.8 MB
[runlim] sample:		130.0 time, 130.0 real, 69.1 MB
[runlim] sample:		140.0 time, 140.0 real, 68.8 MB
[runlim] sample:		150.0 time, 150.0 real, 84.8 MB
[runlim] sample:		160.0 time, 160.0 real, 72.9 MB
[runlim] sample:		170.0 time, 170.0 real, 72.9 MB
[runlim] sample:		180.0 time, 180.0 real, 89.9 MB
[runlim] sample:		190.0 time, 190.0 real, 89.9 MB
[runlim] sample:		200.0 time, 200.0 real, 77.0 MB
[runlim] sample:		210.0 time, 210.0 real, 95.6 MB
[runlim] sample:		220.0 time, 220.0 real, 95.6 MB
[runlim] sample:		230.0 time, 230.0 real, 81.4 MB
[runlim] sample:		240.0 time, 240.0 real, 101.5 MB
[runlim] sample:		250.0 time, 250.0 real, 101.5 MB
[runlim] sample:		260.0 time, 260.0 real, 101.5 MB
[runlim] sample:		270.0 time, 270.0 real, 83.9 MB
[runlim] sample:		280.0 time, 280.0 real, 83.9 MB
[runlim] sample:		290.0 time, 290.0 real, 106.1 MB
[runlim] sample:		300.0 time, 300.0 real, 106.1 MB
[runlim] sample:		310.0 time, 310.0 real, 106.1 MB
[runlim] sample:		320.0 time, 320.0 real, 91.5 MB
[runlim] sample:		330.0 time, 330.0 real, 114.4 MB
[runlim] sample:		340.0 time, 340.0 real, 114.4 MB
[runlim] sample:		350.0 time, 350.0 real, 94.0 MB
[runlim] sample:		360.0 time, 360.0 real, 94.0 MB
[runlim] sample:		370.0 time, 370.0 real, 119.2 MB
[runlim] sample:		380.0 time, 380.0 real, 119.2 MB
[runlim] sample:		390.0 time, 390.0 real, 95.1 MB
[runlim] sample:		400.0 time, 400.0 real, 121.7 MB
[runlim] sample:		409.9 time, 410.0 real, 121.7 MB
[runlim] sample:		419.9 time, 420.0 real, 121.7 MB
[runlim] sample:		429.9 time, 430.0 real, 121.7 MB
[runlim] sample:		439.9 time, 440.0 real, 121.7 MB
[runlim] sample:		449.9 time, 450.0 real, 128.0 MB
[runlim] sample:		460.0 time, 460.0 real, 128.3 MB
[runlim] sample:		470.0 time, 470.0 real, 157.4 MB
[runlim] sample:		480.0 time, 480.0 real, 157.5 MB
[runlim] sample:		489.9 time, 490.0 real, 158.3 MB
[runlim] sample:		499.9 time, 500.0 real, 158.9 MB
[runlim] sample:		509.9 time, 510.0 real, 159.0 MB
[runlim] sample:		520.0 time, 520.0 real, 139.5 MB
[runlim] sample:		530.0 time, 530.0 real, 171.0 MB
[runlim] sample:		540.0 time, 540.0 real, 171.2 MB
[runlim] sample:		550.0 time, 550.0 real, 171.7 MB
[runlim] sample:		560.0 time, 560.0 real, 172.6 MB
[runlim] sample:		570.0 time, 570.0 real, 143.3 MB
[runlim] sample:		580.0 time, 580.0 real, 126.5 MB
[runlim] sample:		590.0 time, 590.0 real, 144.4 MB
[runlim] sample:		599.9 time, 600.0 real, 177.5 MB
[runlim] sample:		610.0 time, 610.0 real, 178.0 MB
[runlim] sample:		620.0 time, 620.0 real, 178.2 MB
[runlim] sample:		630.0 time, 630.0 real, 179.1 MB
[runlim] sample:		640.0 time, 640.0 real, 179.2 MB
[runlim] sample:		649.9 time, 650.0 real, 179.6 MB
[runlim] sample:		659.9 time, 660.0 real, 129.4 MB
[runlim] sample:		670.0 time, 670.0 real, 149.3 MB
[runlim] sample:		679.9 time, 680.0 real, 184.0 MB
[runlim] sample:		689.9 time, 690.0 real, 184.5 MB
[runlim] sample:		700.0 time, 700.0 real, 184.7 MB
[runlim] sample:		709.9 time, 710.0 real, 185.1 MB
[runlim] sample:		719.9 time, 720.0 real, 185.6 MB
[runlim] sample:		729.9 time, 730.0 real, 185.8 MB
[runlim] sample:		739.9 time, 740.0 real, 186.2 MB
[runlim] sample:		749.9 time, 750.0 real, 152.4 MB
[runlim] sample:		759.9 time, 760.0 real, 188.0 MB
[runlim] sample:		769.9 time, 770.0 real, 188.4 MB
[runlim] sample:		779.9 time, 780.0 real, 188.9 MB
[runlim] sample:		789.9 time, 790.0 real, 189.1 MB
[runlim] sample:		799.9 time, 800.0 real, 189.9 MB
[runlim] sample:		809.9 time, 810.0 real, 190.1 MB
[runlim] sample:		819.9 time, 820.0 real, 190.5 MB
[runlim] sample:		829.9 time, 830.0 real, 158.4 MB
[runlim] sample:		839.9 time, 840.0 real, 158.6 MB
[runlim] sample:		849.9 time, 850.0 real, 174.1 MB
[runlim] sample:		859.9 time, 860.0 real, 197.1 MB
[runlim] sample:		869.9 time, 870.0 real, 197.6 MB
[runlim] sample:		879.9 time, 880.0 real, 198.0 MB
[runlim] sample:		889.9 time, 890.0 real, 198.5 MB
[runlim] sample:		899.9 time, 900.0 real, 198.7 MB
[runlim] sample:		909.9 time, 910.0 real, 199.1 MB
[runlim] sample:		919.9 time, 920.0 real, 138.5 MB
[runlim] sample:		929.9 time, 930.0 real, 163.0 MB
[runlim] sample:		939.9 time, 940.0 real, 202.5 MB
[runlim] sample:		949.9 time, 950.0 real, 202.9 MB
[runlim] sample:		959.9 time, 960.0 real, 203.1 MB
[runlim] sample:		969.9 time, 970.0 real, 203.5 MB
[runlim] sample:		979.9 time, 980.0 real, 203.9 MB
[runlim] sample:		989.9 time, 990.0 real, 204.0 MB
[runlim] sample:		999.9 time, 1000.0 real, 204.6 MB
[runlim] sample:		1009.9 time, 1010.0 real, 205.0 MB
[runlim] sample:		1019.9 time, 1020.0 real, 142.1 MB
[runlim] sample:		1029.9 time, 1030.0 real, 167.9 MB
[runlim] sample:		1039.9 time, 1040.0 real, 209.2 MB
[runlim] sample:		1049.9 time, 1050.0 real, 209.4 MB
[runlim] sample:		1059.9 time, 1060.0 real, 209.9 MB
[runlim] sample:		1069.9 time, 1070.0 real, 210.3 MB
[runlim] sample:		1079.9 time, 1080.0 real, 210.4 MB
[runlim] sample:		1089.9 time, 1090.0 real, 210.9 MB
[runlim] sample:		1099.9 time, 1100.0 real, 211.0 MB
[runlim] sample:		1109.9 time, 1110.0 real, 211.4 MB
[runlim] sample:		1119.9 time, 1120.0 real, 171.7 MB
[runlim] sample:		1129.9 time, 1130.0 real, 148.8 MB
[runlim] sample:		1139.9 time, 1140.0 real, 176.4 MB
[runlim] sample:		1149.9 time, 1150.0 real, 218.7 MB
[runlim] sample:		1159.9 time, 1160.0 real, 219.2 MB
[runlim] sample:		1169.9 time, 1170.0 real, 219.7 MB
[runlim] sample:		1179.9 time, 1180.0 real, 219.9 MB
[runlim] sample:		1189.9 time, 1190.0 real, 220.3 MB
[runlim] sample:		1199.9 time, 1200.0 real, 220.8 MB
[runlim] end:			Tue May 12 07:09:16 2020
[runlim] status:		out of time
[runlim] result:		2
[runlim] children:		0
[runlim] real:			1200.07 seconds
[runlim] time:			1199.91 seconds
[runlim] space:			246.0 MB
[runlim] samples:		12000
[runlim] version:		1.10
[runlim] time limit:		311040000 seconds
[runlim] real time limit:	1200 seconds
[runlim] space limit:		15000 MB
[runlim] argv[0]:		/raid/steuber/Software/boolector/build/bin/boolector
[runlim] argv[1]:		/raid/steuber/Benchmarks/2019/QF_BV/Sage2/bench_44.smt2
[runlim] start:			Tue May 12 07:09:16 2020
[runlim] main pid:		23608
[runlim] sample:		9.9 time, 10.1 real, 40.3 MB
[runlim] sample:		20.0 time, 20.1 real, 40.6 MB
[runlim] sample:		29.9 time, 30.1 real, 41.9 MB
[runlim] sample:		40.0 time, 40.1 real, 41.9 MB
[runlim] sample:		50.0 time, 50.1 real, 44.9 MB
[runlim] sample:		60.0 time, 60.1 real, 47.8 MB
[runlim] sample:		70.0 time, 70.1 real, 48.8 MB
[runlim] sample:		80.0 time, 80.1 real, 49.5 MB
[runlim] sample:		90.0 time, 90.1 real, 51.3 MB
[runlim] sample:		100.0 time, 100.1 real, 65.5 MB
[runlim] sample:		110.0 time, 110.1 real, 67.6 MB
[runlim] sample:		119.9 time, 120.1 real, 71.6 MB
[runlim] sample:		129.9 time, 130.1 real, 73.1 MB
[runlim] sample:		139.9 time, 140.1 real, 76.8 MB
[runlim] sample:		149.9 time, 150.1 real, 84.8 MB
[runlim] sample:		159.9 time, 160.1 real, 87.4 MB
[runlim] sample:		169.9 time, 170.1 real, 89.0 MB
[runlim] sample:		179.9 time, 180.1 real, 99.3 MB
[runlim] sample:		189.9 time, 190.1 real, 100.8 MB
[runlim] sample:		199.9 time, 200.1 real, 101.7 MB
[runlim] sample:		209.9 time, 210.1 real, 137.6 MB
[runlim] sample:		219.9 time, 220.1 real, 139.5 MB
[runlim] sample:		229.9 time, 230.1 real, 140.3 MB
[BTOR>check_sat] 229.820024 seconds
[runlim] end:			Tue May 12 07:13:06 2020
[runlim] status:		ok
[runlim] result:		0
[runlim] children:		0
[runlim] real:			230.67 seconds
[runlim] time:			230.44 seconds
[runlim] space:			140.8 MB
[runlim] samples:		2305
[runlim] version:		1.10
[runlim] time limit:		311040000 seconds
[runlim] real time limit:	1200 seconds
[runlim] space limit:		15000 MB
[runlim] argv[0]:		/raid/steuber/Software/boolector/build/bin/boolector
[runlim] argv[1]:		/raid/steuber/Benchmarks/2019/QF_BV/sage/app8/bench_616.smt2
[runlim] start:			Tue May 12 07:13:06 2020
[runlim] main pid:		23651
[BTOR>check_sat] 0.862209 seconds
[runlim] end:			Tue May 12 07:13:07 2020
[runlim] status:		ok
[runlim] result:		0
[runlim] children:		0
[runlim] real:			1.57 seconds
[runlim] time:			0.77 seconds
[runlim] space:			10.5 MB
[runlim] samples:		8
[runlim] version:		1.10
[runlim] time limit:		311040000 seconds
[runlim] real time limit:	1200 seconds
[runlim] space limit:		15000 MB
[runlim] argv[0]:		/raid/steuber/Software/boolector/build/bin/boolector
[runlim] argv[1]:		/raid/steuber/Benchmarks/2019/QF_BV/Sage2/bench_1635.smt2
[runlim] start:			Tue May 12 07:13:07 2020
[runlim] main pid:		23655
[runlim] sample:		10.0 time, 10.6 real, 15.2 MB
[runlim] sample:		20.0 time, 20.6 real, 22.5 MB
[runlim] sample:		30.0 time, 30.6 real, 25.2 MB
[runlim] sample:		40.0 time, 40.6 real, 31.2 MB
[runlim] sample:		50.0 time, 50.6 real, 31.7 MB
[runlim] sample:		60.0 time, 60.6 real, 32.6 MB
[runlim] sample:		70.0 time, 70.6 real, 34.5 MB
[BTOR>check_sat] 78.468022 seconds
[runlim] end:			Tue May 12 07:14:26 2020
[runlim] status:		ok
[runlim] result:		0
[runlim] children:		0
[runlim] real:			79.09 seconds
[runlim] time:			78.46 seconds
[runlim] space:			37.2 MB
[runlim] samples:		785
