[runlim] version:		1.10
[runlim] time limit:		311040000 seconds
[runlim] real time limit:	1200 seconds
[runlim] space limit:		15000 MB
[runlim] argv[0]:		python3
[runlim] argv[1]:		/raid/steuber/Software/ablector/ablector
[runlim] argv[2]:		/raid/steuber/Benchmarks/2019/QF_BV/Sage2/bench_3353.smt2
[runlim] argv[3]:		--ufReuse=1
[runlim] argv[4]:		--omit
[runlim] argv[5]:		mul:1
[runlim] argv[6]:		--omit
[runlim] argv[7]:		sdiv:1
[runlim] argv[8]:		--omit
[runlim] argv[9]:		udiv:1
[runlim] start:			Sat May 16 00:42:16 2020
[runlim] main pid:		26361
[Ablector] INFO: *** ROUND 0
[runlim] sample:		10.1 time, 10.8 real, 90.7 MB
[MulNode] INFO: Level 0
[MulNode] INFO: Level 0
[MulNode] INFO: Level 0
[MulNode] INFO: Level 0
[MulNode] INFO: Level 0
[MulNode] INFO: Level 0
[MulNode] INFO: Level 0
[MulNode] INFO: Level 0
[MulNode] INFO: Level 0
[MulNode] INFO: Level 0
[MulNode] INFO: Level 0
[MulNode] INFO: Level 0
[MulNode] INFO: Level 0
[MulNode] INFO: Level 0
[MulNode] INFO: Level 0
[MulNode] INFO: Level 0
[MulNode] INFO: Level 0
[MulNode] INFO: Level 0
[MulNode] INFO: Level 0
[MulNode] INFO: Level 0
[MulNode] INFO: Level 0
[MulNode] INFO: Level 0
[MulNode] INFO: Level 0
[MulNode] INFO: Level 0
[MulNode] INFO: Level 0
[MulNode] INFO: Level 0
[MulNode] INFO: Level 0
[MulNode] INFO: Level 0
[MulNode] INFO: Level 0
[MulNode] INFO: Level 0
[MulNode] INFO: Level 0
[MulNode] INFO: Level 0
[MulNode] INFO: Level 0
[MulNode] INFO: Level 0
[MulNode] INFO: Level 0
[MulNode] INFO: Level 0
[MulNode] INFO: Level 0
[MulNode] INFO: Level 0
[MulNode] INFO: Level 0
[MulNode] INFO: Level 0
[MulNode] INFO: Level 0
[MulNode] INFO: Level 0
[MulNode] INFO: Level 0
[MulNode] INFO: Level 0
[MulNode] INFO: Level 0
[MulNode] INFO: Level 0
[MulNode] INFO: Level 0
[MulNode] INFO: Level 0
[MulNode] INFO: Level 0
[MulNode] INFO: Level 0
[MulNode] INFO: Level 0
[MulNode] INFO: Level 0
[MulNode] INFO: Level 0
[MulNode] INFO: Level 0
[MulNode] INFO: Level 0
[MulNode] INFO: Level 0
[MulNode] INFO: Level 0
[MulNode] INFO: Level 0
[Ablector] INFO: ABLECTOR TIME: 8.455003
[Ablector] INFO: SAT TIME: 8.440412
[Ablector] INFO: REF TIME: 0.473239
[runlim] end:			Sat May 16 00:42:27 2020
[runlim] status:		ok
[runlim] result:		0
[runlim] children:		1
[runlim] real:			11.17 seconds
[runlim] time:			10.43 seconds
[runlim] space:			93.8 MB
[runlim] samples:		103
[runlim] version:		1.10
[runlim] time limit:		311040000 seconds
[runlim] real time limit:	1200 seconds
[runlim] space limit:		15000 MB
[runlim] argv[0]:		python3
[runlim] argv[1]:		/raid/steuber/Software/ablector/ablector
[runlim] argv[2]:		/raid/steuber/Benchmarks/2019/QF_BV/20190311-bv-term-small-rw-Noetzli/bv-term-small-rw_78.smt2
[runlim] argv[3]:		--ufReuse=1
[runlim] argv[4]:		--omit
[runlim] argv[5]:		mul:1
[runlim] argv[6]:		--omit
[runlim] argv[7]:		sdiv:1
[runlim] argv[8]:		--omit
[runlim] argv[9]:		udiv:1
[runlim] start:			Sat May 16 00:42:27 2020
[runlim] main pid:		26382
[Ablector] INFO: ABLECTOR TIME: 0.003794
[runlim] end:			Sat May 16 00:42:28 2020
[runlim] status:		ok
[runlim] result:		0
[runlim] children:		0
[runlim] real:			1.02 seconds
[runlim] time:			0.87 seconds
[runlim] space:			37.7 MB
[runlim] samples:		4
[runlim] version:		1.10
[runlim] time limit:		311040000 seconds
[runlim] real time limit:	1200 seconds
[runlim] space limit:		15000 MB
[runlim] argv[0]:		python3
[runlim] argv[1]:		/raid/steuber/Software/ablector/ablector
[runlim] argv[2]:		/raid/steuber/Benchmarks/2019/QF_BV/sage/app12/bench_266.smt2
[runlim] argv[3]:		--ufReuse=1
[runlim] argv[4]:		--omit
[runlim] argv[5]:		mul:1
[runlim] argv[6]:		--omit
[runlim] argv[7]:		sdiv:1
[runlim] argv[8]:		--omit
[runlim] argv[9]:		udiv:1
[runlim] start:			Sat May 16 00:42:28 2020
[runlim] main pid:		26402
[Ablector] INFO: ABLECTOR TIME: 0.003732
[runlim] end:			Sat May 16 00:42:28 2020
[runlim] status:		ok
[runlim] result:		0
[runlim] children:		0
[runlim] real:			0.85 seconds
[runlim] time:			0.88 seconds
[runlim] space:			37.9 MB
[runlim] samples:		4
[runlim] version:		1.10
[runlim] time limit:		311040000 seconds
[runlim] real time limit:	1200 seconds
[runlim] space limit:		15000 MB
[runlim] argv[0]:		python3
[runlim] argv[1]:		/raid/steuber/Software/ablector/ablector
[runlim] argv[2]:		/raid/steuber/Benchmarks/2019/QF_BV/Sage2/bench_17762.smt2
[runlim] argv[3]:		--ufReuse=1
[runlim] argv[4]:		--omit
[runlim] argv[5]:		mul:1
[runlim] argv[6]:		--omit
[runlim] argv[7]:		sdiv:1
[runlim] argv[8]:		--omit
[runlim] argv[9]:		udiv:1
[runlim] start:			Sat May 16 00:42:29 2020
[runlim] main pid:		26422
[Ablector] INFO: *** ROUND 0
[MulNode] INFO: Level 0
[Ablector] INFO: ABLECTOR TIME: 1.878413
[Ablector] INFO: SAT TIME: 1.871941
[Ablector] INFO: REF TIME: 0.010705
[runlim] end:			Sat May 16 00:42:31 2020
[runlim] status:		ok
[runlim] result:		0
[runlim] children:		0
[runlim] real:			2.86 seconds
[runlim] time:			3.02 seconds
[runlim] space:			69.3 MB
[runlim] samples:		26
[runlim] version:		1.10
[runlim] time limit:		311040000 seconds
[runlim] real time limit:	1200 seconds
[runlim] space limit:		15000 MB
[runlim] argv[0]:		python3
[runlim] argv[1]:		/raid/steuber/Software/ablector/ablector
[runlim] argv[2]:		/raid/steuber/Benchmarks/2019/QF_BV/sage/app7/bench_3367.smt2
[runlim] argv[3]:		--ufReuse=1
[runlim] argv[4]:		--omit
[runlim] argv[5]:		mul:1
[runlim] argv[6]:		--omit
[runlim] argv[7]:		sdiv:1
[runlim] argv[8]:		--omit
[runlim] argv[9]:		udiv:1
[runlim] start:			Sat May 16 00:42:32 2020
[runlim] main pid:		26443
[Ablector] INFO: ABLECTOR TIME: 0.004005
[runlim] end:			Sat May 16 00:42:32 2020
[runlim] status:		ok
[runlim] result:		0
[runlim] children:		2
[runlim] real:			0.92 seconds
[runlim] time:			1.04 seconds
[runlim] space:			48.9 MB
[runlim] samples:		6
[runlim] version:		1.10
[runlim] time limit:		311040000 seconds
[runlim] real time limit:	1200 seconds
[runlim] space limit:		15000 MB
[runlim] argv[0]:		python3
[runlim] argv[1]:		/raid/steuber/Software/ablector/ablector
[runlim] argv[2]:		/raid/steuber/Benchmarks/2019/QF_BV/sage/app7/bench_194.smt2
[runlim] argv[3]:		--ufReuse=1
[runlim] argv[4]:		--omit
[runlim] argv[5]:		mul:1
[runlim] argv[6]:		--omit
[runlim] argv[7]:		sdiv:1
[runlim] argv[8]:		--omit
[runlim] argv[9]:		udiv:1
[runlim] start:			Sat May 16 00:42:33 2020
[runlim] main pid:		26463
[Ablector] INFO: ABLECTOR TIME: 0.003924
[runlim] end:			Sat May 16 00:42:35 2020
[runlim] status:		ok
[runlim] result:		0
[runlim] children:		13
[runlim] real:			2.13 seconds
[runlim] time:			2.13 seconds
[runlim] space:			83.6 MB
[runlim] samples:		18
[runlim] version:		1.10
[runlim] time limit:		311040000 seconds
[runlim] real time limit:	1200 seconds
[runlim] space limit:		15000 MB
[runlim] argv[0]:		python3
[runlim] argv[1]:		/raid/steuber/Software/ablector/ablector
[runlim] argv[2]:		/raid/steuber/Benchmarks/2019/QF_BV/Sage2/bench_13833.smt2
[runlim] argv[3]:		--ufReuse=1
[runlim] argv[4]:		--omit
[runlim] argv[5]:		mul:1
[runlim] argv[6]:		--omit
[runlim] argv[7]:		sdiv:1
[runlim] argv[8]:		--omit
[runlim] argv[9]:		udiv:1
[runlim] start:			Sat May 16 00:42:35 2020
[runlim] main pid:		26483
[Ablector] INFO: *** ROUND 0
[runlim] sample:		10.2 time, 10.5 real, 299.0 MB
[runlim] sample:		20.2 time, 20.5 real, 297.0 MB
[runlim] sample:		30.2 time, 30.5 real, 324.2 MB
[runlim] sample:		40.2 time, 40.5 real, 304.8 MB
[MulNode] INFO: Level 0
[MulNode] INFO: Level 0
[MulNode] INFO: Level 0
[MulNode] INFO: Level 0
[MulNode] INFO: Level 0
[MulNode] INFO: Level 0
[MulNode] INFO: Level 0
[MulNode] INFO: Level 0
[MulNode] INFO: Level 0
[MulNode] INFO: Level 0
[MulNode] INFO: Level 0
[MulNode] INFO: Level 0
[MulNode] INFO: Level 0
[MulNode] INFO: Level 0
[MulNode] INFO: Level 0
[MulNode] INFO: Level 0
[MulNode] INFO: Level 0
[MulNode] INFO: Level 0
[MulNode] INFO: Level 0
[MulNode] INFO: Level 0
[MulNode] INFO: Level 0
[MulNode] INFO: Level 0
[MulNode] INFO: Level 0
[MulNode] INFO: Level 0
[MulNode] INFO: Level 0
[MulNode] INFO: Level 0
[MulNode] INFO: Level 0
[MulNode] INFO: Level 0
[MulNode] INFO: Level 0
[MulNode] INFO: Level 0
[MulNode] INFO: Level 0
[MulNode] INFO: Level 0
[MulNode] INFO: Level 0
[MulNode] INFO: Level 0
[MulNode] INFO: Level 0
[MulNode] INFO: Level 0
[MulNode] INFO: Level 0
[MulNode] INFO: Level 0
[MulNode] INFO: Level 0
[MulNode] INFO: Level 0
[MulNode] INFO: Level 0
[MulNode] INFO: Level 0
[MulNode] INFO: Level 0
[MulNode] INFO: Level 0
[MulNode] INFO: Level 0
[UdivNode] INFO: Level 0
[MulNode] INFO: Level 0
[MulNode] INFO: Level 0
[MulNode] INFO: Level 0
[MulNode] INFO: Level 0
[MulNode] INFO: Level 0
[MulNode] INFO: Level 0
[MulNode] INFO: Level 0
[MulNode] INFO: Level 0
[MulNode] INFO: Level 0
[MulNode] INFO: Level 0
[MulNode] INFO: Level 0
[MulNode] INFO: Level 0
[UdivNode] INFO: Level 0
[MulNode] INFO: Level 0
[MulNode] INFO: Level 0
[MulNode] INFO: Level 0
[MulNode] INFO: Level 0
[MulNode] INFO: Level 0
[MulNode] INFO: Level 0
[MulNode] INFO: Level 0
[MulNode] INFO: Level 0
[MulNode] INFO: Level 0
[MulNode] INFO: Level 0
[MulNode] INFO: Level 0
[MulNode] INFO: Level 0
[MulNode] INFO: Level 0
[MulNode] INFO: Level 0
[MulNode] INFO: Level 0
[MulNode] INFO: Level 0
[MulNode] INFO: Level 0
[MulNode] INFO: Level 0
[MulNode] INFO: Level 0
[MulNode] INFO: Level 0
[MulNode] INFO: Level 0
[MulNode] INFO: Level 0
[MulNode] INFO: Level 0
[UdivNode] INFO: Level 0
[MulNode] INFO: Level 0
[UdivNode] INFO: Level 0
[MulNode] INFO: Level 0
[MulNode] INFO: Level 0
[MulNode] INFO: Level 0
[MulNode] INFO: Level 0
[MulNode] INFO: Level 0
[MulNode] INFO: Level 0
[UdivNode] INFO: Level 0
[MulNode] INFO: Level 0
[MulNode] INFO: Level 0
[MulNode] INFO: Level 0
[MulNode] INFO: Level 0
[MulNode] INFO: Level 0
[MulNode] INFO: Level 0
[MulNode] INFO: Level 0
[MulNode] INFO: Level 0
[MulNode] INFO: Level 0
[UdivNode] INFO: Level 0
[MulNode] INFO: Level 0
[MulNode] INFO: Level 0
[MulNode] INFO: Level 0
[MulNode] INFO: Level 0
[MulNode] INFO: Level 0
[MulNode] INFO: Level 0
[MulNode] INFO: Level 0
[MulNode] INFO: Level 0
[MulNode] INFO: Level 0
[MulNode] INFO: Level 0
[MulNode] INFO: Level 0
[MulNode] INFO: Level 0
[MulNode] INFO: Level 0
[MulNode] INFO: Level 0
[MulNode] INFO: Level 0
[MulNode] INFO: Level 0
[MulNode] INFO: Level 0
[MulNode] INFO: Level 0
[MulNode] INFO: Level 0
[MulNode] INFO: Level 0
[MulNode] INFO: Level 0
[MulNode] INFO: Level 0
[MulNode] INFO: Level 0
[MulNode] INFO: Level 0
[MulNode] INFO: Level 0
[MulNode] INFO: Level 0
[MulNode] INFO: Level 0
[MulNode] INFO: Level 0
[MulNode] INFO: Level 0
[MulNode] INFO: Level 0
[MulNode] INFO: Level 0
[MulNode] INFO: Level 0
[MulNode] INFO: Level 0
[MulNode] INFO: Level 0
[MulNode] INFO: Level 0
[MulNode] INFO: Level 0
[MulNode] INFO: Level 0
[MulNode] INFO: Level 0
[MulNode] INFO: Level 0
[MulNode] INFO: Level 0
[MulNode] INFO: Level 0
[MulNode] INFO: Level 0
[MulNode] INFO: Level 0
[MulNode] INFO: Level 0
[MulNode] INFO: Level 0
[MulNode] INFO: Level 0
[MulNode] INFO: Level 0
[MulNode] INFO: Level 0
[MulNode] INFO: Level 0
[Ablector] INFO: ABLECTOR TIME: 43.550737
[Ablector] INFO: SAT TIME: 43.509105
[Ablector] INFO: REF TIME: 1.422921
[runlim] end:			Sat May 16 00:43:23 2020
[runlim] status:		ok
[runlim] result:		0
[runlim] children:		2
[runlim] real:			48.16 seconds
[runlim] time:			47.79 seconds
[runlim] space:			363.2 MB
[runlim] samples:		476
[runlim] version:		1.10
[runlim] time limit:		311040000 seconds
[runlim] real time limit:	1200 seconds
[runlim] space limit:		15000 MB
[runlim] argv[0]:		python3
[runlim] argv[1]:		/raid/steuber/Software/ablector/ablector
[runlim] argv[2]:		/raid/steuber/Benchmarks/2019/QF_BV/sage/app7/bench_1723.smt2
[runlim] argv[3]:		--ufReuse=1
[runlim] argv[4]:		--omit
[runlim] argv[5]:		mul:1
[runlim] argv[6]:		--omit
[runlim] argv[7]:		sdiv:1
[runlim] argv[8]:		--omit
[runlim] argv[9]:		udiv:1
[runlim] start:			Sat May 16 00:43:23 2020
[runlim] main pid:		26513
[Ablector] INFO: ABLECTOR TIME: 0.004220
[runlim] end:			Sat May 16 00:43:24 2020
[runlim] status:		ok
[runlim] result:		0
[runlim] children:		5
[runlim] real:			1.59 seconds
[runlim] time:			1.24 seconds
[runlim] space:			58.7 MB
[runlim] samples:		10
[runlim] version:		1.10
[runlim] time limit:		311040000 seconds
[runlim] real time limit:	1200 seconds
[runlim] space limit:		15000 MB
[runlim] argv[0]:		python3
[runlim] argv[1]:		/raid/steuber/Software/ablector/ablector
[runlim] argv[2]:		/raid/steuber/Benchmarks/2019/QF_BV/sage/app11/bench_360.smt2
[runlim] argv[3]:		--ufReuse=1
[runlim] argv[4]:		--omit
[runlim] argv[5]:		mul:1
[runlim] argv[6]:		--omit
[runlim] argv[7]:		sdiv:1
[runlim] argv[8]:		--omit
[runlim] argv[9]:		udiv:1
[runlim] start:			Sat May 16 00:43:24 2020
[runlim] main pid:		26533
[Ablector] INFO: ABLECTOR TIME: 0.004386
[runlim] end:			Sat May 16 00:43:25 2020
[runlim] status:		ok
[runlim] result:		0
[runlim] children:		5
[runlim] real:			1.92 seconds
[runlim] time:			1.35 seconds
[runlim] space:			66.3 MB
[runlim] samples:		9
[runlim] version:		1.10
[runlim] time limit:		311040000 seconds
[runlim] real time limit:	1200 seconds
[runlim] space limit:		15000 MB
[runlim] argv[0]:		python3
[runlim] argv[1]:		/raid/steuber/Software/ablector/ablector
[runlim] argv[2]:		/raid/steuber/Benchmarks/2019/QF_BV/Sage2/bench_8318.smt2
[runlim] argv[3]:		--ufReuse=1
[runlim] argv[4]:		--omit
[runlim] argv[5]:		mul:1
[runlim] argv[6]:		--omit
[runlim] argv[7]:		sdiv:1
[runlim] argv[8]:		--omit
[runlim] argv[9]:		udiv:1
[runlim] start:			Sat May 16 00:43:26 2020
[runlim] main pid:		26553
[Ablector] INFO: *** ROUND 0
[MulNode] INFO: Level 0
[Ablector] INFO: ABLECTOR TIME: 0.344097
[Ablector] INFO: SAT TIME: 0.339189
[Ablector] INFO: REF TIME: 0.010968
[runlim] end:			Sat May 16 00:43:27 2020
[runlim] status:		ok
[runlim] result:		0
[runlim] children:		0
[runlim] real:			1.13 seconds
[runlim] time:			1.26 seconds
[runlim] space:			43.7 MB
[runlim] samples:		8
[runlim] version:		1.10
[runlim] time limit:		311040000 seconds
[runlim] real time limit:	1200 seconds
[runlim] space limit:		15000 MB
[runlim] argv[0]:		python3
[runlim] argv[1]:		/raid/steuber/Software/ablector/ablector
[runlim] argv[2]:		/raid/steuber/Benchmarks/2019/QF_BV/20190311-bv-term-small-rw-Noetzli/bv-term-small-rw_221.smt2
[runlim] argv[3]:		--ufReuse=1
[runlim] argv[4]:		--omit
[runlim] argv[5]:		mul:1
[runlim] argv[6]:		--omit
[runlim] argv[7]:		sdiv:1
[runlim] argv[8]:		--omit
[runlim] argv[9]:		udiv:1
[runlim] start:			Sat May 16 00:43:27 2020
[runlim] main pid:		26573
[Ablector] INFO: ABLECTOR TIME: 0.003725
[runlim] end:			Sat May 16 00:43:27 2020
[runlim] status:		ok
[runlim] result:		0
[runlim] children:		0
[runlim] real:			0.95 seconds
[runlim] time:			0.88 seconds
[runlim] space:			37.7 MB
[runlim] samples:		4
[runlim] version:		1.10
[runlim] time limit:		311040000 seconds
[runlim] real time limit:	1200 seconds
[runlim] space limit:		15000 MB
[runlim] argv[0]:		python3
[runlim] argv[1]:		/raid/steuber/Software/ablector/ablector
[runlim] argv[2]:		/raid/steuber/Benchmarks/2019/QF_BV/sage/app7/bench_6065.smt2
[runlim] argv[3]:		--ufReuse=1
[runlim] argv[4]:		--omit
[runlim] argv[5]:		mul:1
[runlim] argv[6]:		--omit
[runlim] argv[7]:		sdiv:1
[runlim] argv[8]:		--omit
[runlim] argv[9]:		udiv:1
[runlim] start:			Sat May 16 00:43:28 2020
[runlim] main pid:		26593
[Ablector] INFO: ABLECTOR TIME: 0.003715
[runlim] end:			Sat May 16 00:43:28 2020
[runlim] status:		ok
[runlim] result:		0
[runlim] children:		0
[runlim] real:			0.80 seconds
[runlim] time:			0.88 seconds
[runlim] space:			37.5 MB
[runlim] samples:		4
[runlim] version:		1.10
[runlim] time limit:		311040000 seconds
[runlim] real time limit:	1200 seconds
[runlim] space limit:		15000 MB
[runlim] argv[0]:		python3
[runlim] argv[1]:		/raid/steuber/Software/ablector/ablector
[runlim] argv[2]:		/raid/steuber/Benchmarks/2019/QF_BV/Sage2/bench_13875.smt2
[runlim] argv[3]:		--ufReuse=1
[runlim] argv[4]:		--omit
[runlim] argv[5]:		mul:1
[runlim] argv[6]:		--omit
[runlim] argv[7]:		sdiv:1
[runlim] argv[8]:		--omit
[runlim] argv[9]:		udiv:1
[runlim] start:			Sat May 16 00:43:29 2020
[runlim] main pid:		26613
[Ablector] INFO: *** ROUND 0
[MulNode] INFO: Level 0
[MulNode] INFO: Level 0
[MulNode] INFO: Level 0
[MulNode] INFO: Level 0
[MulNode] INFO: Level 0
[MulNode] INFO: Level 0
[MulNode] INFO: Level 0
[MulNode] INFO: Level 0
[MulNode] INFO: Level 0
[MulNode] INFO: Level 0
[MulNode] INFO: Level 0
[MulNode] INFO: Level 0
[MulNode] INFO: Level 0
[MulNode] INFO: Level 0
[MulNode] INFO: Level 0
[MulNode] INFO: Level 0
[MulNode] INFO: Level 0
[MulNode] INFO: Level 0
[MulNode] INFO: Level 0
[MulNode] INFO: Level 0
[MulNode] INFO: Level 0
[MulNode] INFO: Level 0
[MulNode] INFO: Level 0
[MulNode] INFO: Level 0
[MulNode] INFO: Level 0
[MulNode] INFO: Level 0
[MulNode] INFO: Level 0
[MulNode] INFO: Level 0
[MulNode] INFO: Level 0
[MulNode] INFO: Level 0
[MulNode] INFO: Level 0
[MulNode] INFO: Level 0
[MulNode] INFO: Level 0
[MulNode] INFO: Level 0
[MulNode] INFO: Level 0
[MulNode] INFO: Level 0
[MulNode] INFO: Level 0
[MulNode] INFO: Level 0
[MulNode] INFO: Level 0
[MulNode] INFO: Level 0
[MulNode] INFO: Level 0
[MulNode] INFO: Level 0
[MulNode] INFO: Level 0
[MulNode] INFO: Level 0
[MulNode] INFO: Level 0
[MulNode] INFO: Level 0
[Ablector] INFO: ABLECTOR TIME: 1.522926
[Ablector] INFO: SAT TIME: 1.509224
[Ablector] INFO: REF TIME: 0.415340
[runlim] end:			Sat May 16 00:43:31 2020
[runlim] status:		ok
[runlim] result:		0
[runlim] children:		0
[runlim] real:			2.38 seconds
[runlim] time:			2.64 seconds
[runlim] space:			76.9 MB
[runlim] samples:		22
[runlim] version:		1.10
[runlim] time limit:		311040000 seconds
[runlim] real time limit:	1200 seconds
[runlim] space limit:		15000 MB
[runlim] argv[0]:		python3
[runlim] argv[1]:		/raid/steuber/Software/ablector/ablector
[runlim] argv[2]:		/raid/steuber/Benchmarks/2019/QF_BV/Sage2/bench_6381.smt2
[runlim] argv[3]:		--ufReuse=1
[runlim] argv[4]:		--omit
[runlim] argv[5]:		mul:1
[runlim] argv[6]:		--omit
[runlim] argv[7]:		sdiv:1
[runlim] argv[8]:		--omit
[runlim] argv[9]:		udiv:1
[runlim] start:			Sat May 16 00:43:31 2020
[runlim] main pid:		26633
[Ablector] INFO: *** ROUND 0
[MulNode] INFO: Level 0
[Ablector] INFO: ABLECTOR TIME: 1.973493
[Ablector] INFO: SAT TIME: 1.966962
[Ablector] INFO: REF TIME: 0.011010
[runlim] end:			Sat May 16 00:43:34 2020
[runlim] status:		ok
[runlim] result:		0
[runlim] children:		0
[runlim] real:			3.49 seconds
[runlim] time:			3.13 seconds
[runlim] space:			68.2 MB
[runlim] samples:		27
[runlim] version:		1.10
[runlim] time limit:		311040000 seconds
[runlim] real time limit:	1200 seconds
[runlim] space limit:		15000 MB
[runlim] argv[0]:		python3
[runlim] argv[1]:		/raid/steuber/Software/ablector/ablector
[runlim] argv[2]:		/raid/steuber/Benchmarks/2019/QF_BV/Sage2/bench_7362.smt2
[runlim] argv[3]:		--ufReuse=1
[runlim] argv[4]:		--omit
[runlim] argv[5]:		mul:1
[runlim] argv[6]:		--omit
[runlim] argv[7]:		sdiv:1
[runlim] argv[8]:		--omit
[runlim] argv[9]:		udiv:1
[runlim] start:			Sat May 16 00:43:34 2020
[runlim] main pid:		26653
[Ablector] INFO: *** ROUND 0
[MulNode] INFO: Level 0
[MulNode] INFO: Level 0
[MulNode] INFO: Level 0
[MulNode] INFO: Level 0
[MulNode] INFO: Level 0
[MulNode] INFO: Level 0
[MulNode] INFO: Level 0
[MulNode] INFO: Level 0
[MulNode] INFO: Level 0
[MulNode] INFO: Level 0
[MulNode] INFO: Level 0
[MulNode] INFO: Level 0
[MulNode] INFO: Level 0
[MulNode] INFO: Level 0
[MulNode] INFO: Level 0
[MulNode] INFO: Level 0
[MulNode] INFO: Level 0
[MulNode] INFO: Level 0
[MulNode] INFO: Level 0
[MulNode] INFO: Level 0
[MulNode] INFO: Level 0
[MulNode] INFO: Level 0
[MulNode] INFO: Level 0
[MulNode] INFO: Level 0
[MulNode] INFO: Level 0
[MulNode] INFO: Level 0
[MulNode] INFO: Level 0
[MulNode] INFO: Level 0
[MulNode] INFO: Level 0
[MulNode] INFO: Level 0
[MulNode] INFO: Level 0
[MulNode] INFO: Level 0
[MulNode] INFO: Level 0
[MulNode] INFO: Level 0
[MulNode] INFO: Level 0
[MulNode] INFO: Level 0
[MulNode] INFO: Level 0
[MulNode] INFO: Level 0
[MulNode] INFO: Level 0
[MulNode] INFO: Level 0
[MulNode] INFO: Level 0
[MulNode] INFO: Level 0
[MulNode] INFO: Level 0
[MulNode] INFO: Level 0
[MulNode] INFO: Level 0
[MulNode] INFO: Level 0
[MulNode] INFO: Level 0
[MulNode] INFO: Level 0
[MulNode] INFO: Level 0
[MulNode] INFO: Level 0
[MulNode] INFO: Level 0
[MulNode] INFO: Level 0
[MulNode] INFO: Level 0
[MulNode] INFO: Level 0
[MulNode] INFO: Level 0
[MulNode] INFO: Level 0
[MulNode] INFO: Level 0
[MulNode] INFO: Level 0
[MulNode] INFO: Level 0
[MulNode] INFO: Level 0
[MulNode] INFO: Level 0
[MulNode] INFO: Level 0
[MulNode] INFO: Level 0
[MulNode] INFO: Level 0
[MulNode] INFO: Level 0
[MulNode] INFO: Level 0
[MulNode] INFO: Level 0
[MulNode] INFO: Level 0
[MulNode] INFO: Level 0
[MulNode] INFO: Level 0
[MulNode] INFO: Level 0
[MulNode] INFO: Level 0
[MulNode] INFO: Level 0
[MulNode] INFO: Level 0
[MulNode] INFO: Level 0
[MulNode] INFO: Level 0
[MulNode] INFO: Level 0
[MulNode] INFO: Level 0
[MulNode] INFO: Level 0
[MulNode] INFO: Level 0
[MulNode] INFO: Level 0
[MulNode] INFO: Level 0
[MulNode] INFO: Level 0
[MulNode] INFO: Level 0
[MulNode] INFO: Level 0
[MulNode] INFO: Level 0
[MulNode] INFO: Level 0
[MulNode] INFO: Level 0
[MulNode] INFO: Level 0
[MulNode] INFO: Level 0
[MulNode] INFO: Level 0
[MulNode] INFO: Level 0
[MulNode] INFO: Level 0
[MulNode] INFO: Level 0
[MulNode] INFO: Level 0
[MulNode] INFO: Level 0
[MulNode] INFO: Level 0
[MulNode] INFO: Level 0
[MulNode] INFO: Level 0
[MulNode] INFO: Level 0
[MulNode] INFO: Level 0
[MulNode] INFO: Level 0
[MulNode] INFO: Level 0
[MulNode] INFO: Level 0
[MulNode] INFO: Level 0
[MulNode] INFO: Level 0
[MulNode] INFO: Level 0
[MulNode] INFO: Level 0
[MulNode] INFO: Level 0
[MulNode] INFO: Level 0
[MulNode] INFO: Level 0
[MulNode] INFO: Level 0
[MulNode] INFO: Level 0
[MulNode] INFO: Level 0
[MulNode] INFO: Level 0
[MulNode] INFO: Level 0
[MulNode] INFO: Level 0
[MulNode] INFO: Level 0
[MulNode] INFO: Level 0
[MulNode] INFO: Level 0
[MulNode] INFO: Level 0
[MulNode] INFO: Level 0
[MulNode] INFO: Level 0
[MulNode] INFO: Level 0
[MulNode] INFO: Level 0
[MulNode] INFO: Level 0
[MulNode] INFO: Level 0
[Ablector] INFO: ABLECTOR TIME: 4.135817
[Ablector] INFO: SAT TIME: 4.093881
[Ablector] INFO: REF TIME: 1.042640
[runlim] end:			Sat May 16 00:43:42 2020
[runlim] status:		ok
[runlim] result:		0
[runlim] children:		2
[runlim] real:			8.59 seconds
[runlim] time:			7.95 seconds
[runlim] space:			445.4 MB
[runlim] samples:		77
[runlim] version:		1.10
[runlim] time limit:		311040000 seconds
[runlim] real time limit:	1200 seconds
[runlim] space limit:		15000 MB
[runlim] argv[0]:		python3
[runlim] argv[1]:		/raid/steuber/Software/ablector/ablector
[runlim] argv[2]:		/raid/steuber/Benchmarks/2019/QF_BV/20190311-bv-term-small-rw-Noetzli/bv-term-small-rw_159.smt2
[runlim] argv[3]:		--ufReuse=1
[runlim] argv[4]:		--omit
[runlim] argv[5]:		mul:1
[runlim] argv[6]:		--omit
[runlim] argv[7]:		sdiv:1
[runlim] argv[8]:		--omit
[runlim] argv[9]:		udiv:1
[runlim] start:			Sat May 16 00:43:42 2020
[runlim] main pid:		26675
[Ablector] INFO: ABLECTOR TIME: 0.003852
[runlim] end:			Sat May 16 00:43:43 2020
[runlim] status:		ok
[runlim] result:		0
[runlim] children:		0
[runlim] real:			1.42 seconds
[runlim] time:			0.87 seconds
[runlim] space:			37.9 MB
[runlim] samples:		4
[runlim] version:		1.10
[runlim] time limit:		311040000 seconds
[runlim] real time limit:	1200 seconds
[runlim] space limit:		15000 MB
[runlim] argv[0]:		python3
[runlim] argv[1]:		/raid/steuber/Software/ablector/ablector
[runlim] argv[2]:		/raid/steuber/Benchmarks/2019/QF_BV/sage/app7/bench_1048.smt2
[runlim] argv[3]:		--ufReuse=1
[runlim] argv[4]:		--omit
[runlim] argv[5]:		mul:1
[runlim] argv[6]:		--omit
[runlim] argv[7]:		sdiv:1
[runlim] argv[8]:		--omit
[runlim] argv[9]:		udiv:1
[runlim] start:			Sat May 16 00:43:43 2020
[runlim] main pid:		26695
[Ablector] INFO: ABLECTOR TIME: 0.004133
[runlim] end:			Sat May 16 00:43:45 2020
[runlim] status:		ok
[runlim] result:		0
[runlim] children:		10
[runlim] real:			2.24 seconds
[runlim] time:			1.83 seconds
[runlim] space:			74.2 MB
[runlim] samples:		14
[runlim] version:		1.10
[runlim] time limit:		311040000 seconds
[runlim] real time limit:	1200 seconds
[runlim] space limit:		15000 MB
[runlim] argv[0]:		python3
[runlim] argv[1]:		/raid/steuber/Software/ablector/ablector
[runlim] argv[2]:		/raid/steuber/Benchmarks/2019/QF_BV/Sage2/bench_14736.smt2
[runlim] argv[3]:		--ufReuse=1
[runlim] argv[4]:		--omit
[runlim] argv[5]:		mul:1
[runlim] argv[6]:		--omit
[runlim] argv[7]:		sdiv:1
[runlim] argv[8]:		--omit
[runlim] argv[9]:		udiv:1
[runlim] start:			Sat May 16 00:43:45 2020
[runlim] main pid:		26717
[Ablector] INFO: *** ROUND 0
[MulNode] INFO: Level 0
[MulNode] INFO: Level 0
[MulNode] INFO: Level 0
[MulNode] INFO: Level 0
[MulNode] INFO: Level 0
[MulNode] INFO: Level 0
[MulNode] INFO: Level 0
[MulNode] INFO: Level 0
[MulNode] INFO: Level 0
[MulNode] INFO: Level 0
[MulNode] INFO: Level 0
[MulNode] INFO: Level 0
[MulNode] INFO: Level 0
[MulNode] INFO: Level 0
[MulNode] INFO: Level 0
[MulNode] INFO: Level 0
[MulNode] INFO: Level 0
[MulNode] INFO: Level 0
[MulNode] INFO: Level 0
[MulNode] INFO: Level 0
[MulNode] INFO: Level 0
[MulNode] INFO: Level 0
[MulNode] INFO: Level 0
[MulNode] INFO: Level 0
[MulNode] INFO: Level 0
[MulNode] INFO: Level 0
[MulNode] INFO: Level 0
[MulNode] INFO: Level 0
[MulNode] INFO: Level 0
[MulNode] INFO: Level 0
[MulNode] INFO: Level 0
[MulNode] INFO: Level 0
[MulNode] INFO: Level 0
[MulNode] INFO: Level 0
[MulNode] INFO: Level 0
[MulNode] INFO: Level 0
[MulNode] INFO: Level 0
[MulNode] INFO: Level 0
[MulNode] INFO: Level 0
[MulNode] INFO: Level 0
[MulNode] INFO: Level 0
[Ablector] INFO: ABLECTOR TIME: 1.213745
[Ablector] INFO: SAT TIME: 1.201874
[Ablector] INFO: REF TIME: 0.367829
[runlim] end:			Sat May 16 00:43:47 2020
[runlim] status:		ok
[runlim] result:		0
[runlim] children:		0
[runlim] real:			2.49 seconds
[runlim] time:			2.25 seconds
[runlim] space:			73.5 MB
[runlim] samples:		18
[runlim] version:		1.10
[runlim] time limit:		311040000 seconds
[runlim] real time limit:	1200 seconds
[runlim] space limit:		15000 MB
[runlim] argv[0]:		python3
[runlim] argv[1]:		/raid/steuber/Software/ablector/ablector
[runlim] argv[2]:		/raid/steuber/Benchmarks/2019/QF_BV/sage/app7/bench_988.smt2
[runlim] argv[3]:		--ufReuse=1
[runlim] argv[4]:		--omit
[runlim] argv[5]:		mul:1
[runlim] argv[6]:		--omit
[runlim] argv[7]:		sdiv:1
[runlim] argv[8]:		--omit
[runlim] argv[9]:		udiv:1
[runlim] start:			Sat May 16 00:43:47 2020
[runlim] main pid:		26738
[Ablector] INFO: ABLECTOR TIME: 0.004028
[runlim] end:			Sat May 16 00:43:49 2020
[runlim] status:		ok
[runlim] result:		0
[runlim] children:		10
[runlim] real:			2.32 seconds
[runlim] time:			1.84 seconds
[runlim] space:			74.3 MB
[runlim] samples:		14
[runlim] version:		1.10
[runlim] time limit:		311040000 seconds
[runlim] real time limit:	1200 seconds
[runlim] space limit:		15000 MB
[runlim] argv[0]:		python3
[runlim] argv[1]:		/raid/steuber/Software/ablector/ablector
[runlim] argv[2]:		/raid/steuber/Benchmarks/2019/QF_BV/sage/app2/bench_1382.smt2
[runlim] argv[3]:		--ufReuse=1
[runlim] argv[4]:		--omit
[runlim] argv[5]:		mul:1
[runlim] argv[6]:		--omit
[runlim] argv[7]:		sdiv:1
[runlim] argv[8]:		--omit
[runlim] argv[9]:		udiv:1
[runlim] start:			Sat May 16 00:43:49 2020
[runlim] main pid:		26758
[Ablector] INFO: ABLECTOR TIME: 0.003725
[runlim] end:			Sat May 16 00:43:50 2020
[runlim] status:		ok
[runlim] result:		0
[runlim] children:		0
[runlim] real:			1.16 seconds
[runlim] time:			0.88 seconds
[runlim] space:			37.7 MB
[runlim] samples:		4
[runlim] version:		1.10
[runlim] time limit:		311040000 seconds
[runlim] real time limit:	1200 seconds
[runlim] space limit:		15000 MB
[runlim] argv[0]:		python3
[runlim] argv[1]:		/raid/steuber/Software/ablector/ablector
[runlim] argv[2]:		/raid/steuber/Benchmarks/2019/QF_BV/sage/app7/bench_4063.smt2
[runlim] argv[3]:		--ufReuse=1
[runlim] argv[4]:		--omit
[runlim] argv[5]:		mul:1
[runlim] argv[6]:		--omit
[runlim] argv[7]:		sdiv:1
[runlim] argv[8]:		--omit
[runlim] argv[9]:		udiv:1
[runlim] start:			Sat May 16 00:43:50 2020
[runlim] main pid:		26778
[Ablector] INFO: ABLECTOR TIME: 0.003886
[runlim] end:			Sat May 16 00:43:51 2020
[runlim] status:		ok
[runlim] result:		0
[runlim] children:		2
[runlim] real:			1.14 seconds
[runlim] time:			0.93 seconds
[runlim] space:			45.3 MB
[runlim] samples:		6
[runlim] version:		1.10
[runlim] time limit:		311040000 seconds
[runlim] real time limit:	1200 seconds
[runlim] space limit:		15000 MB
[runlim] argv[0]:		python3
[runlim] argv[1]:		/raid/steuber/Software/ablector/ablector
[runlim] argv[2]:		/raid/steuber/Benchmarks/2019/QF_BV/sage/app7/bench_2908.smt2
[runlim] argv[3]:		--ufReuse=1
[runlim] argv[4]:		--omit
[runlim] argv[5]:		mul:1
[runlim] argv[6]:		--omit
[runlim] argv[7]:		sdiv:1
[runlim] argv[8]:		--omit
[runlim] argv[9]:		udiv:1
[runlim] start:			Sat May 16 00:43:51 2020
[runlim] main pid:		26798
[Ablector] INFO: ABLECTOR TIME: 0.004246
[runlim] end:			Sat May 16 00:43:52 2020
[runlim] status:		ok
[runlim] result:		0
[runlim] children:		2
[runlim] real:			1.22 seconds
[runlim] time:			1.06 seconds
[runlim] space:			48.0 MB
[runlim] samples:		7
[runlim] version:		1.10
[runlim] time limit:		311040000 seconds
[runlim] real time limit:	1200 seconds
[runlim] space limit:		15000 MB
[runlim] argv[0]:		python3
[runlim] argv[1]:		/raid/steuber/Software/ablector/ablector
[runlim] argv[2]:		/raid/steuber/Benchmarks/2019/QF_BV/sage/app7/bench_5092.smt2
[runlim] argv[3]:		--ufReuse=1
[runlim] argv[4]:		--omit
[runlim] argv[5]:		mul:1
[runlim] argv[6]:		--omit
[runlim] argv[7]:		sdiv:1
[runlim] argv[8]:		--omit
[runlim] argv[9]:		udiv:1
[runlim] start:			Sat May 16 00:43:52 2020
[runlim] main pid:		26818
[Ablector] INFO: ABLECTOR TIME: 0.004135
[runlim] end:			Sat May 16 00:43:53 2020
[runlim] status:		ok
[runlim] result:		0
[runlim] children:		1
[runlim] real:			1.12 seconds
[runlim] time:			0.86 seconds
[runlim] space:			39.8 MB
[runlim] samples:		5
[runlim] version:		1.10
[runlim] time limit:		311040000 seconds
[runlim] real time limit:	1200 seconds
[runlim] space limit:		15000 MB
[runlim] argv[0]:		python3
[runlim] argv[1]:		/raid/steuber/Software/ablector/ablector
[runlim] argv[2]:		/raid/steuber/Benchmarks/2019/QF_BV/sage/app7/bench_4718.smt2
[runlim] argv[3]:		--ufReuse=1
[runlim] argv[4]:		--omit
[runlim] argv[5]:		mul:1
[runlim] argv[6]:		--omit
[runlim] argv[7]:		sdiv:1
[runlim] argv[8]:		--omit
[runlim] argv[9]:		udiv:1
[runlim] start:			Sat May 16 00:43:53 2020
[runlim] main pid:		26838
[Ablector] INFO: ABLECTOR TIME: 0.004189
[runlim] end:			Sat May 16 00:43:54 2020
[runlim] status:		ok
[runlim] result:		0
[runlim] children:		2
[runlim] real:			1.09 seconds
[runlim] time:			0.94 seconds
[runlim] space:			45.5 MB
[runlim] samples:		6
[runlim] version:		1.10
[runlim] time limit:		311040000 seconds
[runlim] real time limit:	1200 seconds
[runlim] space limit:		15000 MB
[runlim] argv[0]:		python3
[runlim] argv[1]:		/raid/steuber/Software/ablector/ablector
[runlim] argv[2]:		/raid/steuber/Benchmarks/2019/QF_BV/sage/app7/bench_1047.smt2
[runlim] argv[3]:		--ufReuse=1
[runlim] argv[4]:		--omit
[runlim] argv[5]:		mul:1
[runlim] argv[6]:		--omit
[runlim] argv[7]:		sdiv:1
[runlim] argv[8]:		--omit
[runlim] argv[9]:		udiv:1
[runlim] start:			Sat May 16 00:43:54 2020
[runlim] main pid:		26858
[Ablector] INFO: ABLECTOR TIME: 0.004349
[runlim] end:			Sat May 16 00:43:56 2020
[runlim] status:		ok
[runlim] result:		0
[runlim] children:		19
[runlim] real:			2.84 seconds
[runlim] time:			2.75 seconds
[runlim] space:			98.0 MB
[runlim] samples:		23
[runlim] version:		1.10
[runlim] time limit:		311040000 seconds
[runlim] real time limit:	1200 seconds
[runlim] space limit:		15000 MB
[runlim] argv[0]:		python3
[runlim] argv[1]:		/raid/steuber/Software/ablector/ablector
[runlim] argv[2]:		/raid/steuber/Benchmarks/2019/QF_BV/sage/app7/bench_4323.smt2
[runlim] argv[3]:		--ufReuse=1
[runlim] argv[4]:		--omit
[runlim] argv[5]:		mul:1
[runlim] argv[6]:		--omit
[runlim] argv[7]:		sdiv:1
[runlim] argv[8]:		--omit
[runlim] argv[9]:		udiv:1
[runlim] start:			Sat May 16 00:43:57 2020
[runlim] main pid:		26878
[Ablector] INFO: ABLECTOR TIME: 0.004066
[runlim] end:			Sat May 16 00:43:57 2020
[runlim] status:		ok
[runlim] result:		0
[runlim] children:		1
[runlim] real:			0.87 seconds
[runlim] time:			0.94 seconds
[runlim] space:			42.3 MB
[runlim] samples:		6
[runlim] version:		1.10
[runlim] time limit:		311040000 seconds
[runlim] real time limit:	1200 seconds
[runlim] space limit:		15000 MB
[runlim] argv[0]:		python3
[runlim] argv[1]:		/raid/steuber/Software/ablector/ablector
[runlim] argv[2]:		/raid/steuber/Benchmarks/2019/QF_BV/Sage2/bench_13387.smt2
[runlim] argv[3]:		--ufReuse=1
[runlim] argv[4]:		--omit
[runlim] argv[5]:		mul:1
[runlim] argv[6]:		--omit
[runlim] argv[7]:		sdiv:1
[runlim] argv[8]:		--omit
[runlim] argv[9]:		udiv:1
[runlim] start:			Sat May 16 00:43:58 2020
[runlim] main pid:		26898
[Ablector] INFO: *** ROUND 0
[MulNode] INFO: Level 0
[MulNode] INFO: Level 0
[MulNode] INFO: Level 0
[MulNode] INFO: Level 0
[MulNode] INFO: Level 0
[MulNode] INFO: Level 0
[MulNode] INFO: Level 0
[MulNode] INFO: Level 0
[MulNode] INFO: Level 0
[MulNode] INFO: Level 0
[MulNode] INFO: Level 0
[MulNode] INFO: Level 0
[MulNode] INFO: Level 0
[MulNode] INFO: Level 0
[MulNode] INFO: Level 0
[MulNode] INFO: Level 0
[MulNode] INFO: Level 0
[MulNode] INFO: Level 0
[MulNode] INFO: Level 0
[MulNode] INFO: Level 0
[MulNode] INFO: Level 0
[MulNode] INFO: Level 0
[MulNode] INFO: Level 0
[MulNode] INFO: Level 0
[MulNode] INFO: Level 0
[MulNode] INFO: Level 0
[MulNode] INFO: Level 0
[MulNode] INFO: Level 0
[MulNode] INFO: Level 0
[MulNode] INFO: Level 0
[MulNode] INFO: Level 0
[MulNode] INFO: Level 0
[MulNode] INFO: Level 0
[MulNode] INFO: Level 0
[MulNode] INFO: Level 0
[MulNode] INFO: Level 0
[MulNode] INFO: Level 0
[MulNode] INFO: Level 0
[MulNode] INFO: Level 0
[MulNode] INFO: Level 0
[MulNode] INFO: Level 0
[MulNode] INFO: Level 0
[MulNode] INFO: Level 0
[MulNode] INFO: Level 0
[MulNode] INFO: Level 0
[MulNode] INFO: Level 0
[MulNode] INFO: Level 0
[MulNode] INFO: Level 0
[MulNode] INFO: Level 0
[Ablector] INFO: ABLECTOR TIME: 2.117252
[Ablector] INFO: SAT TIME: 2.103601
[Ablector] INFO: REF TIME: 0.440631
[runlim] end:			Sat May 16 00:44:01 2020
[runlim] status:		ok
[runlim] result:		0
[runlim] children:		0
[runlim] real:			3.04 seconds
[runlim] time:			3.25 seconds
[runlim] space:			78.6 MB
[runlim] samples:		28
[runlim] version:		1.10
[runlim] time limit:		311040000 seconds
[runlim] real time limit:	1200 seconds
[runlim] space limit:		15000 MB
[runlim] argv[0]:		python3
[runlim] argv[1]:		/raid/steuber/Software/ablector/ablector
[runlim] argv[2]:		/raid/steuber/Benchmarks/2019/QF_BV/sage/app1/bench_2542.smt2
[runlim] argv[3]:		--ufReuse=1
[runlim] argv[4]:		--omit
[runlim] argv[5]:		mul:1
[runlim] argv[6]:		--omit
[runlim] argv[7]:		sdiv:1
[runlim] argv[8]:		--omit
[runlim] argv[9]:		udiv:1
[runlim] start:			Sat May 16 00:44:01 2020
[runlim] main pid:		26918
[Ablector] INFO: *** ROUND 0
[MulNode] INFO: Level 0
[MulNode] INFO: Level 0
[MulNode] INFO: Level 0
[MulNode] INFO: Level 0
[MulNode] INFO: Level 0
[Ablector] INFO: ABLECTOR TIME: 0.158703
[Ablector] INFO: SAT TIME: 0.152484
[Ablector] INFO: REF TIME: 0.049072
[runlim] end:			Sat May 16 00:44:02 2020
[runlim] status:		ok
[runlim] result:		0
[runlim] children:		0
[runlim] real:			1.29 seconds
[runlim] time:			1.25 seconds
[runlim] space:			54.7 MB
[runlim] samples:		8
[runlim] version:		1.10
[runlim] time limit:		311040000 seconds
[runlim] real time limit:	1200 seconds
[runlim] space limit:		15000 MB
[runlim] argv[0]:		python3
[runlim] argv[1]:		/raid/steuber/Software/ablector/ablector
[runlim] argv[2]:		/raid/steuber/Benchmarks/2019/QF_BV/sage/app2/bench_1412.smt2
[runlim] argv[3]:		--ufReuse=1
[runlim] argv[4]:		--omit
[runlim] argv[5]:		mul:1
[runlim] argv[6]:		--omit
[runlim] argv[7]:		sdiv:1
[runlim] argv[8]:		--omit
[runlim] argv[9]:		udiv:1
[runlim] start:			Sat May 16 00:44:02 2020
[runlim] main pid:		26939
[Ablector] INFO: *** ROUND 0
[MulNode] INFO: Level 0
[MulNode] INFO: Level 0
[SdivNode] INFO: Level 0
[SdivNode] INFO: Level 0
[SdivNode] INFO: Level 0
[MulNode] INFO: Level 0
[MulNode] INFO: Level 0
[Ablector] INFO: ABLECTOR TIME: 0.145779
[Ablector] INFO: SAT TIME: 0.138567
[Ablector] INFO: REF TIME: 0.043217
[runlim] end:			Sat May 16 00:44:03 2020
[runlim] status:		ok
[runlim] result:		0
[runlim] children:		1
[runlim] real:			1.43 seconds
[runlim] time:			1.13 seconds
[runlim] space:			50.1 MB
[runlim] samples:		7
[runlim] version:		1.10
[runlim] time limit:		311040000 seconds
[runlim] real time limit:	1200 seconds
[runlim] space limit:		15000 MB
[runlim] argv[0]:		python3
[runlim] argv[1]:		/raid/steuber/Software/ablector/ablector
[runlim] argv[2]:		/raid/steuber/Benchmarks/2019/QF_BV/sage/app8/bench_617.smt2
[runlim] argv[3]:		--ufReuse=1
[runlim] argv[4]:		--omit
[runlim] argv[5]:		mul:1
[runlim] argv[6]:		--omit
[runlim] argv[7]:		sdiv:1
[runlim] argv[8]:		--omit
[runlim] argv[9]:		udiv:1
[runlim] start:			Sat May 16 00:44:03 2020
[runlim] main pid:		26959
[Ablector] INFO: *** ROUND 0
[MulNode] INFO: Level 0
[MulNode] INFO: Level 0
[MulNode] INFO: Level 0
[MulNode] INFO: Level 0
[MulNode] INFO: Level 0
[MulNode] INFO: Level 0
[MulNode] INFO: Level 0
[MulNode] INFO: Level 0
[MulNode] INFO: Level 0
[MulNode] INFO: Level 0
[MulNode] INFO: Level 0
[Ablector] INFO: ABLECTOR TIME: 0.190736
[Ablector] INFO: SAT TIME: 0.183762
[Ablector] INFO: REF TIME: 0.105446
[runlim] end:			Sat May 16 00:44:04 2020
[runlim] status:		ok
[runlim] result:		0
[runlim] children:		0
[runlim] real:			1.64 seconds
[runlim] time:			1.25 seconds
[runlim] space:			48.2 MB
[runlim] samples:		8
[runlim] version:		1.10
[runlim] time limit:		311040000 seconds
[runlim] real time limit:	1200 seconds
[runlim] space limit:		15000 MB
[runlim] argv[0]:		python3
[runlim] argv[1]:		/raid/steuber/Software/ablector/ablector
[runlim] argv[2]:		/raid/steuber/Benchmarks/2019/QF_BV/sage/app2/bench_882.smt2
[runlim] argv[3]:		--ufReuse=1
[runlim] argv[4]:		--omit
[runlim] argv[5]:		mul:1
[runlim] argv[6]:		--omit
[runlim] argv[7]:		sdiv:1
[runlim] argv[8]:		--omit
[runlim] argv[9]:		udiv:1
[runlim] start:			Sat May 16 00:44:04 2020
[runlim] main pid:		26979
[Ablector] INFO: ABLECTOR TIME: 0.003991
[runlim] end:			Sat May 16 00:44:05 2020
[runlim] status:		ok
[runlim] result:		0
[runlim] children:		1
[runlim] real:			1.50 seconds
[runlim] time:			0.90 seconds
[runlim] space:			39.8 MB
[runlim] samples:		5
[runlim] version:		1.10
[runlim] time limit:		311040000 seconds
[runlim] real time limit:	1200 seconds
[runlim] space limit:		15000 MB
[runlim] argv[0]:		python3
[runlim] argv[1]:		/raid/steuber/Software/ablector/ablector
[runlim] argv[2]:		/raid/steuber/Benchmarks/2019/QF_BV/Sage2/bench_16613.smt2
[runlim] argv[3]:		--ufReuse=1
[runlim] argv[4]:		--omit
[runlim] argv[5]:		mul:1
[runlim] argv[6]:		--omit
[runlim] argv[7]:		sdiv:1
[runlim] argv[8]:		--omit
[runlim] argv[9]:		udiv:1
[runlim] start:			Sat May 16 00:44:05 2020
[runlim] main pid:		26999
[Ablector] INFO: *** ROUND 0
[MulNode] INFO: Level 0
[Ablector] INFO: ABLECTOR TIME: 0.160586
[Ablector] INFO: SAT TIME: 0.155643
[Ablector] INFO: REF TIME: 0.011049
[runlim] end:			Sat May 16 00:44:06 2020
[runlim] status:		ok
[runlim] result:		0
[runlim] children:		0
[runlim] real:			1.52 seconds
[runlim] time:			1.06 seconds
[runlim] space:			42.1 MB
[runlim] samples:		6
[runlim] version:		1.10
[runlim] time limit:		311040000 seconds
[runlim] real time limit:	1200 seconds
[runlim] space limit:		15000 MB
[runlim] argv[0]:		python3
[runlim] argv[1]:		/raid/steuber/Software/ablector/ablector
[runlim] argv[2]:		/raid/steuber/Benchmarks/2019/QF_BV/Sage2/bench_13102.smt2
[runlim] argv[3]:		--ufReuse=1
[runlim] argv[4]:		--omit
[runlim] argv[5]:		mul:1
[runlim] argv[6]:		--omit
[runlim] argv[7]:		sdiv:1
[runlim] argv[8]:		--omit
[runlim] argv[9]:		udiv:1
[runlim] start:			Sat May 16 00:44:06 2020
[runlim] main pid:		27019
[Ablector] INFO: *** ROUND 0
[runlim] sample:		10.4 time, 10.9 real, 120.5 MB
[MulNode] INFO: Level 0
[MulNode] INFO: Level 0
[MulNode] INFO: Level 0
[MulNode] INFO: Level 0
[MulNode] INFO: Level 0
[MulNode] INFO: Level 0
[MulNode] INFO: Level 0
[MulNode] INFO: Level 0
[MulNode] INFO: Level 0
[MulNode] INFO: Level 0
[MulNode] INFO: Level 0
[MulNode] INFO: Level 0
[MulNode] INFO: Level 0
[MulNode] INFO: Level 0
[MulNode] INFO: Level 0
[MulNode] INFO: Level 0
[MulNode] INFO: Level 0
[MulNode] INFO: Level 0
[MulNode] INFO: Level 0
[MulNode] INFO: Level 0
[MulNode] INFO: Level 0
[MulNode] INFO: Level 0
[MulNode] INFO: Level 0
[MulNode] INFO: Level 0
[MulNode] INFO: Level 0
[MulNode] INFO: Level 0
[UdivNode] INFO: Level 0
[MulNode] INFO: Level 0
[MulNode] INFO: Level 0
[MulNode] INFO: Level 0
[MulNode] INFO: Level 0
[MulNode] INFO: Level 0
[MulNode] INFO: Level 0
[MulNode] INFO: Level 0
[MulNode] INFO: Level 0
[MulNode] INFO: Level 0
[MulNode] INFO: Level 0
[MulNode] INFO: Level 0
[MulNode] INFO: Level 0
[MulNode] INFO: Level 0
[MulNode] INFO: Level 0
[MulNode] INFO: Level 0
[MulNode] INFO: Level 0
[UdivNode] INFO: Level 0
[MulNode] INFO: Level 0
[MulNode] INFO: Level 0
[MulNode] INFO: Level 0
[MulNode] INFO: Level 0
[MulNode] INFO: Level 0
[MulNode] INFO: Level 0
[MulNode] INFO: Level 0
[MulNode] INFO: Level 0
[MulNode] INFO: Level 0
[MulNode] INFO: Level 0
[MulNode] INFO: Level 0
[MulNode] INFO: Level 0
[MulNode] INFO: Level 0
[UdivNode] INFO: Level 0
[MulNode] INFO: Level 0
[UdivNode] INFO: Level 0
[MulNode] INFO: Level 0
[MulNode] INFO: Level 0
[MulNode] INFO: Level 0
[MulNode] INFO: Level 0
[UdivNode] INFO: Level 0
[MulNode] INFO: Level 0
[MulNode] INFO: Level 0
[MulNode] INFO: Level 0
[MulNode] INFO: Level 0
[MulNode] INFO: Level 0
[MulNode] INFO: Level 0
[MulNode] INFO: Level 0
[MulNode] INFO: Level 0
[MulNode] INFO: Level 0
[MulNode] INFO: Level 0
[MulNode] INFO: Level 0
[MulNode] INFO: Level 0
[MulNode] INFO: Level 0
[MulNode] INFO: Level 0
[MulNode] INFO: Level 0
[MulNode] INFO: Level 0
[MulNode] INFO: Level 0
[MulNode] INFO: Level 0
[MulNode] INFO: Level 0
[MulNode] INFO: Level 0
[MulNode] INFO: Level 0
[MulNode] INFO: Level 0
[MulNode] INFO: Level 0
[MulNode] INFO: Level 0
[MulNode] INFO: Level 0
[MulNode] INFO: Level 0
[MulNode] INFO: Level 0
[MulNode] INFO: Level 0
[MulNode] INFO: Level 0
[MulNode] INFO: Level 0
[MulNode] INFO: Level 0
[MulNode] INFO: Level 0
[MulNode] INFO: Level 0
[Ablector] INFO: ABLECTOR TIME: 11.982363
[Ablector] INFO: SAT TIME: 11.958521
[Ablector] INFO: REF TIME: 0.971750
[runlim] end:			Sat May 16 00:44:19 2020
[runlim] status:		ok
[runlim] result:		0
[runlim] children:		0
[runlim] real:			13.98 seconds
[runlim] time:			13.41 seconds
[runlim] space:			150.2 MB
[runlim] samples:		130
[runlim] version:		1.10
[runlim] time limit:		311040000 seconds
[runlim] real time limit:	1200 seconds
[runlim] space limit:		15000 MB
[runlim] argv[0]:		python3
[runlim] argv[1]:		/raid/steuber/Software/ablector/ablector
[runlim] argv[2]:		/raid/steuber/Benchmarks/2019/QF_BV/20190311-bv-term-small-rw-Noetzli/bv-term-small-rw_714.smt2
[runlim] argv[3]:		--ufReuse=1
[runlim] argv[4]:		--omit
[runlim] argv[5]:		mul:1
[runlim] argv[6]:		--omit
[runlim] argv[7]:		sdiv:1
[runlim] argv[8]:		--omit
[runlim] argv[9]:		udiv:1
[runlim] start:			Sat May 16 00:44:20 2020
[runlim] main pid:		27043
[Ablector] INFO: ABLECTOR TIME: 0.003931
[runlim] end:			Sat May 16 00:44:20 2020
[runlim] status:		ok
[runlim] result:		0
[runlim] children:		0
[runlim] real:			0.84 seconds
[runlim] time:			0.87 seconds
[runlim] space:			37.4 MB
[runlim] samples:		4
[runlim] version:		1.10
[runlim] time limit:		311040000 seconds
[runlim] real time limit:	1200 seconds
[runlim] space limit:		15000 MB
[runlim] argv[0]:		python3
[runlim] argv[1]:		/raid/steuber/Software/ablector/ablector
[runlim] argv[2]:		/raid/steuber/Benchmarks/2019/QF_BV/sage/app7/bench_5041.smt2
[runlim] argv[3]:		--ufReuse=1
[runlim] argv[4]:		--omit
[runlim] argv[5]:		mul:1
[runlim] argv[6]:		--omit
[runlim] argv[7]:		sdiv:1
[runlim] argv[8]:		--omit
[runlim] argv[9]:		udiv:1
[runlim] start:			Sat May 16 00:44:21 2020
[runlim] main pid:		27063
[Ablector] INFO: ABLECTOR TIME: 0.004420
[runlim] end:			Sat May 16 00:44:21 2020
[runlim] status:		ok
[runlim] result:		0
[runlim] children:		1
[runlim] real:			0.81 seconds
[runlim] time:			0.94 seconds
[runlim] space:			43.4 MB
[runlim] samples:		6
[runlim] version:		1.10
[runlim] time limit:		311040000 seconds
[runlim] real time limit:	1200 seconds
[runlim] space limit:		15000 MB
[runlim] argv[0]:		python3
[runlim] argv[1]:		/raid/steuber/Software/ablector/ablector
[runlim] argv[2]:		/raid/steuber/Benchmarks/2019/QF_BV/sage/app2/bench_1110.smt2
[runlim] argv[3]:		--ufReuse=1
[runlim] argv[4]:		--omit
[runlim] argv[5]:		mul:1
[runlim] argv[6]:		--omit
[runlim] argv[7]:		sdiv:1
[runlim] argv[8]:		--omit
[runlim] argv[9]:		udiv:1
[runlim] start:			Sat May 16 00:44:22 2020
[runlim] main pid:		27083
[Ablector] INFO: ABLECTOR TIME: 0.003949
[runlim] end:			Sat May 16 00:44:22 2020
[runlim] status:		ok
[runlim] result:		0
[runlim] children:		0
[runlim] real:			0.69 seconds
[runlim] time:			0.94 seconds
[runlim] space:			37.6 MB
[runlim] samples:		5
[runlim] version:		1.10
[runlim] time limit:		311040000 seconds
[runlim] real time limit:	1200 seconds
[runlim] space limit:		15000 MB
[runlim] argv[0]:		python3
[runlim] argv[1]:		/raid/steuber/Software/ablector/ablector
[runlim] argv[2]:		/raid/steuber/Benchmarks/2019/QF_BV/sage/app7/bench_3953.smt2
[runlim] argv[3]:		--ufReuse=1
[runlim] argv[4]:		--omit
[runlim] argv[5]:		mul:1
[runlim] argv[6]:		--omit
[runlim] argv[7]:		sdiv:1
[runlim] argv[8]:		--omit
[runlim] argv[9]:		udiv:1
[runlim] start:			Sat May 16 00:44:23 2020
[runlim] main pid:		27103
[Ablector] INFO: ABLECTOR TIME: 0.004378
[runlim] end:			Sat May 16 00:44:23 2020
[runlim] status:		ok
[runlim] result:		0
[runlim] children:		2
[runlim] real:			0.70 seconds
[runlim] time:			0.94 seconds
[runlim] space:			44.2 MB
[runlim] samples:		6
[runlim] version:		1.10
[runlim] time limit:		311040000 seconds
[runlim] real time limit:	1200 seconds
[runlim] space limit:		15000 MB
[runlim] argv[0]:		python3
[runlim] argv[1]:		/raid/steuber/Software/ablector/ablector
[runlim] argv[2]:		/raid/steuber/Benchmarks/2019/QF_BV/Sage2/bench_9156.smt2
[runlim] argv[3]:		--ufReuse=1
[runlim] argv[4]:		--omit
[runlim] argv[5]:		mul:1
[runlim] argv[6]:		--omit
[runlim] argv[7]:		sdiv:1
[runlim] argv[8]:		--omit
[runlim] argv[9]:		udiv:1
[runlim] start:			Sat May 16 00:44:24 2020
[runlim] main pid:		27123
[Ablector] INFO: *** ROUND 0
[MulNode] INFO: Level 0
[Ablector] INFO: ABLECTOR TIME: 0.173152
[Ablector] INFO: SAT TIME: 0.168153
[Ablector] INFO: REF TIME: 0.011473
[runlim] end:			Sat May 16 00:44:24 2020
[runlim] status:		ok
[runlim] result:		0
[runlim] children:		0
[runlim] real:			0.87 seconds
[runlim] time:			1.10 seconds
[runlim] space:			42.0 MB
[runlim] samples:		7
[runlim] version:		1.10
[runlim] time limit:		311040000 seconds
[runlim] real time limit:	1200 seconds
[runlim] space limit:		15000 MB
[runlim] argv[0]:		python3
[runlim] argv[1]:		/raid/steuber/Software/ablector/ablector
[runlim] argv[2]:		/raid/steuber/Benchmarks/2019/QF_BV/Sage2/bench_15062.smt2
[runlim] argv[3]:		--ufReuse=1
[runlim] argv[4]:		--omit
[runlim] argv[5]:		mul:1
[runlim] argv[6]:		--omit
[runlim] argv[7]:		sdiv:1
[runlim] argv[8]:		--omit
[runlim] argv[9]:		udiv:1
[runlim] start:			Sat May 16 00:44:25 2020
[runlim] main pid:		27143
[Ablector] INFO: *** ROUND 0
[MulNode] INFO: Level 0
[Ablector] INFO: ABLECTOR TIME: 1.974502
[Ablector] INFO: SAT TIME: 1.967865
[Ablector] INFO: REF TIME: 0.010979
[runlim] end:			Sat May 16 00:44:28 2020
[runlim] status:		ok
[runlim] result:		0
[runlim] children:		0
[runlim] real:			3.00 seconds
[runlim] time:			3.11 seconds
[runlim] space:			69.9 MB
[runlim] samples:		27
[runlim] version:		1.10
[runlim] time limit:		311040000 seconds
[runlim] real time limit:	1200 seconds
[runlim] space limit:		15000 MB
[runlim] argv[0]:		python3
[runlim] argv[1]:		/raid/steuber/Software/ablector/ablector
[runlim] argv[2]:		/raid/steuber/Benchmarks/2019/QF_BV/sage/app7/bench_3447.smt2
[runlim] argv[3]:		--ufReuse=1
[runlim] argv[4]:		--omit
[runlim] argv[5]:		mul:1
[runlim] argv[6]:		--omit
[runlim] argv[7]:		sdiv:1
[runlim] argv[8]:		--omit
[runlim] argv[9]:		udiv:1
[runlim] start:			Sat May 16 00:44:28 2020
[runlim] main pid:		27165
[Ablector] INFO: ABLECTOR TIME: 0.004291
[runlim] end:			Sat May 16 00:44:30 2020
[runlim] status:		ok
[runlim] result:		0
[runlim] children:		19
[runlim] real:			2.74 seconds
[runlim] time:			2.74 seconds
[runlim] space:			98.3 MB
[runlim] samples:		23
[runlim] version:		1.10
[runlim] time limit:		311040000 seconds
[runlim] real time limit:	1200 seconds
[runlim] space limit:		15000 MB
[runlim] argv[0]:		python3
[runlim] argv[1]:		/raid/steuber/Software/ablector/ablector
[runlim] argv[2]:		/raid/steuber/Benchmarks/2019/QF_BV/sage/app7/bench_3480.smt2
[runlim] argv[3]:		--ufReuse=1
[runlim] argv[4]:		--omit
[runlim] argv[5]:		mul:1
[runlim] argv[6]:		--omit
[runlim] argv[7]:		sdiv:1
[runlim] argv[8]:		--omit
[runlim] argv[9]:		udiv:1
[runlim] start:			Sat May 16 00:44:31 2020
[runlim] main pid:		27187
[Ablector] INFO: ABLECTOR TIME: 0.004084
[runlim] end:			Sat May 16 00:44:31 2020
[runlim] status:		ok
[runlim] result:		0
[runlim] children:		3
[runlim] real:			0.76 seconds
[runlim] time:			1.06 seconds
[runlim] space:			48.5 MB
[runlim] samples:		6
[runlim] version:		1.10
[runlim] time limit:		311040000 seconds
[runlim] real time limit:	1200 seconds
[runlim] space limit:		15000 MB
[runlim] argv[0]:		python3
[runlim] argv[1]:		/raid/steuber/Software/ablector/ablector
[runlim] argv[2]:		/raid/steuber/Benchmarks/2019/QF_BV/sage/app11/bench_164.smt2
[runlim] argv[3]:		--ufReuse=1
[runlim] argv[4]:		--omit
[runlim] argv[5]:		mul:1
[runlim] argv[6]:		--omit
[runlim] argv[7]:		sdiv:1
[runlim] argv[8]:		--omit
[runlim] argv[9]:		udiv:1
[runlim] start:			Sat May 16 00:44:32 2020
[runlim] main pid:		27207
[Ablector] INFO: ABLECTOR TIME: 0.004007
[runlim] end:			Sat May 16 00:44:33 2020
[runlim] status:		ok
[runlim] result:		0
[runlim] children:		5
[runlim] real:			1.11 seconds
[runlim] time:			1.34 seconds
[runlim] space:			66.0 MB
[runlim] samples:		9
[runlim] version:		1.10
[runlim] time limit:		311040000 seconds
[runlim] real time limit:	1200 seconds
[runlim] space limit:		15000 MB
[runlim] argv[0]:		python3
[runlim] argv[1]:		/raid/steuber/Software/ablector/ablector
[runlim] argv[2]:		/raid/steuber/Benchmarks/2019/QF_BV/sage/app1/bench_2140.smt2
[runlim] argv[3]:		--ufReuse=1
[runlim] argv[4]:		--omit
[runlim] argv[5]:		mul:1
[runlim] argv[6]:		--omit
[runlim] argv[7]:		sdiv:1
[runlim] argv[8]:		--omit
[runlim] argv[9]:		udiv:1
[runlim] start:			Sat May 16 00:44:33 2020
[runlim] main pid:		27227
[Ablector] INFO: ABLECTOR TIME: 0.003877
[runlim] end:			Sat May 16 00:44:33 2020
[runlim] status:		ok
[runlim] result:		0
[runlim] children:		0
[runlim] real:			0.96 seconds
[runlim] time:			0.88 seconds
[runlim] space:			37.7 MB
[runlim] samples:		4
[runlim] version:		1.10
[runlim] time limit:		311040000 seconds
[runlim] real time limit:	1200 seconds
[runlim] space limit:		15000 MB
[runlim] argv[0]:		python3
[runlim] argv[1]:		/raid/steuber/Software/ablector/ablector
[runlim] argv[2]:		/raid/steuber/Benchmarks/2019/QF_BV/sage/app1/bench_2490.smt2
[runlim] argv[3]:		--ufReuse=1
[runlim] argv[4]:		--omit
[runlim] argv[5]:		mul:1
[runlim] argv[6]:		--omit
[runlim] argv[7]:		sdiv:1
[runlim] argv[8]:		--omit
[runlim] argv[9]:		udiv:1
[runlim] start:			Sat May 16 00:44:34 2020
[runlim] main pid:		27247
[Ablector] INFO: ABLECTOR TIME: 0.003843
[runlim] end:			Sat May 16 00:44:34 2020
[runlim] status:		ok
[runlim] result:		0
[runlim] children:		0
[runlim] real:			0.81 seconds
[runlim] time:			0.88 seconds
[runlim] space:			37.4 MB
[runlim] samples:		4
[runlim] version:		1.10
[runlim] time limit:		311040000 seconds
[runlim] real time limit:	1200 seconds
[runlim] space limit:		15000 MB
[runlim] argv[0]:		python3
[runlim] argv[1]:		/raid/steuber/Software/ablector/ablector
[runlim] argv[2]:		/raid/steuber/Benchmarks/2019/QF_BV/sage/app7/bench_8603.smt2
[runlim] argv[3]:		--ufReuse=1
[runlim] argv[4]:		--omit
[runlim] argv[5]:		mul:1
[runlim] argv[6]:		--omit
[runlim] argv[7]:		sdiv:1
[runlim] argv[8]:		--omit
[runlim] argv[9]:		udiv:1
[runlim] start:			Sat May 16 00:44:35 2020
[runlim] main pid:		27267
[Ablector] INFO: ABLECTOR TIME: 0.004142
[runlim] end:			Sat May 16 00:44:37 2020
[runlim] status:		ok
[runlim] result:		0
[runlim] children:		14
[runlim] real:			2.01 seconds
[runlim] time:			2.13 seconds
[runlim] space:			83.6 MB
[runlim] samples:		18
[runlim] version:		1.10
[runlim] time limit:		311040000 seconds
[runlim] real time limit:	1200 seconds
[runlim] space limit:		15000 MB
[runlim] argv[0]:		python3
[runlim] argv[1]:		/raid/steuber/Software/ablector/ablector
[runlim] argv[2]:		/raid/steuber/Benchmarks/2019/QF_BV/sage/app7/bench_4682.smt2
[runlim] argv[3]:		--ufReuse=1
[runlim] argv[4]:		--omit
[runlim] argv[5]:		mul:1
[runlim] argv[6]:		--omit
[runlim] argv[7]:		sdiv:1
[runlim] argv[8]:		--omit
[runlim] argv[9]:		udiv:1
[runlim] start:			Sat May 16 00:44:37 2020
[runlim] main pid:		27288
[Ablector] INFO: ABLECTOR TIME: 0.004164
[runlim] end:			Sat May 16 00:44:37 2020
[runlim] status:		ok
[runlim] result:		0
[runlim] children:		2
[runlim] real:			0.96 seconds
[runlim] time:			0.96 seconds
[runlim] space:			46.1 MB
[runlim] samples:		5
[runlim] version:		1.10
[runlim] time limit:		311040000 seconds
[runlim] real time limit:	1200 seconds
[runlim] space limit:		15000 MB
[runlim] argv[0]:		python3
[runlim] argv[1]:		/raid/steuber/Software/ablector/ablector
[runlim] argv[2]:		/raid/steuber/Benchmarks/2019/QF_BV/sage/app1/bench_2341.smt2
[runlim] argv[3]:		--ufReuse=1
[runlim] argv[4]:		--omit
[runlim] argv[5]:		mul:1
[runlim] argv[6]:		--omit
[runlim] argv[7]:		sdiv:1
[runlim] argv[8]:		--omit
[runlim] argv[9]:		udiv:1
[runlim] start:			Sat May 16 00:44:38 2020
[runlim] main pid:		27308
[Ablector] INFO: ABLECTOR TIME: 0.003917
[runlim] end:			Sat May 16 00:44:38 2020
[runlim] status:		ok
[runlim] result:		0
[runlim] children:		0
[runlim] real:			0.82 seconds
[runlim] time:			0.94 seconds
[runlim] space:			37.7 MB
[runlim] samples:		5
[runlim] version:		1.10
[runlim] time limit:		311040000 seconds
[runlim] real time limit:	1200 seconds
[runlim] space limit:		15000 MB
[runlim] argv[0]:		python3
[runlim] argv[1]:		/raid/steuber/Software/ablector/ablector
[runlim] argv[2]:		/raid/steuber/Benchmarks/2019/QF_BV/Sage2/bench_5324.smt2
[runlim] argv[3]:		--ufReuse=1
[runlim] argv[4]:		--omit
[runlim] argv[5]:		mul:1
[runlim] argv[6]:		--omit
[runlim] argv[7]:		sdiv:1
[runlim] argv[8]:		--omit
[runlim] argv[9]:		udiv:1
[runlim] start:			Sat May 16 00:44:39 2020
[runlim] main pid:		27328
[Ablector] INFO: *** ROUND 0
[MulNode] INFO: Level 0
[MulNode] INFO: Level 0
[MulNode] INFO: Level 0
[MulNode] INFO: Level 0
[MulNode] INFO: Level 0
[MulNode] INFO: Level 0
[MulNode] INFO: Level 0
[MulNode] INFO: Level 0
[Ablector] INFO: ABLECTOR TIME: 0.243370
[Ablector] INFO: SAT TIME: 0.237282
[Ablector] INFO: REF TIME: 0.075539
[runlim] end:			Sat May 16 00:44:40 2020
[runlim] status:		ok
[runlim] result:		0
[runlim] children:		1
[runlim] real:			1.11 seconds
[runlim] time:			1.33 seconds
[runlim] space:			46.1 MB
[runlim] samples:		9
[runlim] version:		1.10
[runlim] time limit:		311040000 seconds
[runlim] real time limit:	1200 seconds
[runlim] space limit:		15000 MB
[runlim] argv[0]:		python3
[runlim] argv[1]:		/raid/steuber/Software/ablector/ablector
[runlim] argv[2]:		/raid/steuber/Benchmarks/2019/QF_BV/Sage2/bench_9154.smt2
[runlim] argv[3]:		--ufReuse=1
[runlim] argv[4]:		--omit
[runlim] argv[5]:		mul:1
[runlim] argv[6]:		--omit
[runlim] argv[7]:		sdiv:1
[runlim] argv[8]:		--omit
[runlim] argv[9]:		udiv:1
[runlim] start:			Sat May 16 00:44:40 2020
[runlim] main pid:		27348
[Ablector] INFO: *** ROUND 0
[MulNode] INFO: Level 0
[MulNode] INFO: Level 0
[MulNode] INFO: Level 0
[MulNode] INFO: Level 0
[MulNode] INFO: Level 0
[MulNode] INFO: Level 0
[MulNode] INFO: Level 0
[MulNode] INFO: Level 0
[MulNode] INFO: Level 0
[MulNode] INFO: Level 0
[MulNode] INFO: Level 0
[MulNode] INFO: Level 0
[MulNode] INFO: Level 0
[MulNode] INFO: Level 0
[MulNode] INFO: Level 0
[MulNode] INFO: Level 0
[MulNode] INFO: Level 0
[MulNode] INFO: Level 0
[MulNode] INFO: Level 0
[MulNode] INFO: Level 0
[MulNode] INFO: Level 0
[MulNode] INFO: Level 0
[MulNode] INFO: Level 0
[MulNode] INFO: Level 0
[MulNode] INFO: Level 0
[MulNode] INFO: Level 0
[MulNode] INFO: Level 0
[MulNode] INFO: Level 0
[MulNode] INFO: Level 0
[MulNode] INFO: Level 0
[MulNode] INFO: Level 0
[MulNode] INFO: Level 0
[MulNode] INFO: Level 0
[MulNode] INFO: Level 0
[MulNode] INFO: Level 0
[MulNode] INFO: Level 0
[MulNode] INFO: Level 0
[MulNode] INFO: Level 0
[MulNode] INFO: Level 0
[MulNode] INFO: Level 0
[MulNode] INFO: Level 0
[MulNode] INFO: Level 0
[MulNode] INFO: Level 0
[MulNode] INFO: Level 0
[MulNode] INFO: Level 0
[MulNode] INFO: Level 0
[MulNode] INFO: Level 0
[MulNode] INFO: Level 0
[MulNode] INFO: Level 0
[MulNode] INFO: Level 0
[MulNode] INFO: Level 0
[MulNode] INFO: Level 0
[MulNode] INFO: Level 0
[MulNode] INFO: Level 0
[MulNode] INFO: Level 0
[MulNode] INFO: Level 0
[MulNode] INFO: Level 0
[MulNode] INFO: Level 0
[MulNode] INFO: Level 0
[MulNode] INFO: Level 0
[MulNode] INFO: Level 0
[MulNode] INFO: Level 0
[MulNode] INFO: Level 0
[MulNode] INFO: Level 0
[MulNode] INFO: Level 0
[MulNode] INFO: Level 0
[MulNode] INFO: Level 0
[MulNode] INFO: Level 0
[Ablector] INFO: ABLECTOR TIME: 3.582494
[Ablector] INFO: SAT TIME: 3.549023
[Ablector] INFO: REF TIME: 0.569720
[runlim] end:			Sat May 16 00:44:47 2020
[runlim] status:		ok
[runlim] result:		0
[runlim] children:		1
[runlim] real:			7.21 seconds
[runlim] time:			6.99 seconds
[runlim] space:			378.9 MB
[runlim] samples:		67
[runlim] version:		1.10
[runlim] time limit:		311040000 seconds
[runlim] real time limit:	1200 seconds
[runlim] space limit:		15000 MB
[runlim] argv[0]:		python3
[runlim] argv[1]:		/raid/steuber/Software/ablector/ablector
[runlim] argv[2]:		/raid/steuber/Benchmarks/2019/QF_BV/sage/app2/bench_1151.smt2
[runlim] argv[3]:		--ufReuse=1
[runlim] argv[4]:		--omit
[runlim] argv[5]:		mul:1
[runlim] argv[6]:		--omit
[runlim] argv[7]:		sdiv:1
[runlim] argv[8]:		--omit
[runlim] argv[9]:		udiv:1
[runlim] start:			Sat May 16 00:44:47 2020
[runlim] main pid:		27368
[Ablector] INFO: ABLECTOR TIME: 0.003928
[runlim] end:			Sat May 16 00:44:48 2020
[runlim] status:		ok
[runlim] result:		0
[runlim] children:		0
[runlim] real:			1.02 seconds
[runlim] time:			0.85 seconds
[runlim] space:			37.8 MB
[runlim] samples:		4
[runlim] version:		1.10
[runlim] time limit:		311040000 seconds
[runlim] real time limit:	1200 seconds
[runlim] space limit:		15000 MB
[runlim] argv[0]:		python3
[runlim] argv[1]:		/raid/steuber/Software/ablector/ablector
[runlim] argv[2]:		/raid/steuber/Benchmarks/2019/QF_BV/sage/app7/bench_4408.smt2
[runlim] argv[3]:		--ufReuse=1
[runlim] argv[4]:		--omit
[runlim] argv[5]:		mul:1
[runlim] argv[6]:		--omit
[runlim] argv[7]:		sdiv:1
[runlim] argv[8]:		--omit
[runlim] argv[9]:		udiv:1
[runlim] start:			Sat May 16 00:44:48 2020
[runlim] main pid:		27388
[Ablector] INFO: ABLECTOR TIME: 0.004162
[runlim] end:			Sat May 16 00:44:49 2020
[runlim] status:		ok
[runlim] result:		0
[runlim] children:		1
[runlim] real:			1.03 seconds
[runlim] time:			0.95 seconds
[runlim] space:			43.2 MB
[runlim] samples:		6
[runlim] version:		1.10
[runlim] time limit:		311040000 seconds
[runlim] real time limit:	1200 seconds
[runlim] space limit:		15000 MB
[runlim] argv[0]:		python3
[runlim] argv[1]:		/raid/steuber/Software/ablector/ablector
[runlim] argv[2]:		/raid/steuber/Benchmarks/2019/QF_BV/sage/app1/bench_193.smt2
[runlim] argv[3]:		--ufReuse=1
[runlim] argv[4]:		--omit
[runlim] argv[5]:		mul:1
[runlim] argv[6]:		--omit
[runlim] argv[7]:		sdiv:1
[runlim] argv[8]:		--omit
[runlim] argv[9]:		udiv:1
[runlim] start:			Sat May 16 00:44:49 2020
[runlim] main pid:		27408
[Ablector] INFO: ABLECTOR TIME: 0.004026
[runlim] end:			Sat May 16 00:44:49 2020
[runlim] status:		ok
[runlim] result:		0
[runlim] children:		0
[runlim] real:			0.90 seconds
[runlim] time:			0.96 seconds
[runlim] space:			37.2 MB
[runlim] samples:		5
[runlim] version:		1.10
[runlim] time limit:		311040000 seconds
[runlim] real time limit:	1200 seconds
[runlim] space limit:		15000 MB
[runlim] argv[0]:		python3
[runlim] argv[1]:		/raid/steuber/Software/ablector/ablector
[runlim] argv[2]:		/raid/steuber/Benchmarks/2019/QF_BV/sage/app8/bench_893.smt2
[runlim] argv[3]:		--ufReuse=1
[runlim] argv[4]:		--omit
[runlim] argv[5]:		mul:1
[runlim] argv[6]:		--omit
[runlim] argv[7]:		sdiv:1
[runlim] argv[8]:		--omit
[runlim] argv[9]:		udiv:1
[runlim] start:			Sat May 16 00:44:50 2020
[runlim] main pid:		27428
[Ablector] INFO: *** ROUND 0
[MulNode] INFO: Level 0
[MulNode] INFO: Level 0
[MulNode] INFO: Level 0
[MulNode] INFO: Level 0
[MulNode] INFO: Level 0
[MulNode] INFO: Level 0
[MulNode] INFO: Level 0
[MulNode] INFO: Level 0
[MulNode] INFO: Level 0
[MulNode] INFO: Level 0
[MulNode] INFO: Level 0
[Ablector] INFO: ABLECTOR TIME: 0.198989
[Ablector] INFO: SAT TIME: 0.191933
[Ablector] INFO: REF TIME: 0.108084
[runlim] end:			Sat May 16 00:44:51 2020
[runlim] status:		ok
[runlim] result:		0
[runlim] children:		1
[runlim] real:			1.04 seconds
[runlim] time:			1.15 seconds
[runlim] space:			48.8 MB
[runlim] samples:		7
[runlim] version:		1.10
[runlim] time limit:		311040000 seconds
[runlim] real time limit:	1200 seconds
[runlim] space limit:		15000 MB
[runlim] argv[0]:		python3
[runlim] argv[1]:		/raid/steuber/Software/ablector/ablector
[runlim] argv[2]:		/raid/steuber/Benchmarks/2019/QF_BV/sage/app5/bench_414.smt2
[runlim] argv[3]:		--ufReuse=1
[runlim] argv[4]:		--omit
[runlim] argv[5]:		mul:1
[runlim] argv[6]:		--omit
[runlim] argv[7]:		sdiv:1
[runlim] argv[8]:		--omit
[runlim] argv[9]:		udiv:1
[runlim] start:			Sat May 16 00:44:51 2020
[runlim] main pid:		27448
[Ablector] INFO: *** ROUND 0
[Ablector] INFO: *** ROUND 1
[Ablector] INFO: *** ROUND 2
[SdivNode] INFO: Level 3 - Bit 1
[SdivNode] INFO: Level 0
[SdivNode] INFO: Level 0
[SdivNode] INFO: Level 0
[SdivNode] INFO: Level 0
[SdivNode] INFO: Level 0
[SdivNode] INFO: Level 0
[SdivNode] INFO: Level 0
[SdivNode] INFO: Level 0
[SdivNode] INFO: Level 0
[SdivNode] INFO: Level 0
[SdivNode] INFO: Level 0
[SdivNode] INFO: Level 3 - Bit 1
[MulNode] INFO: Level 3 - Bit 1
[MulNode] INFO: Level 3 - Bit 1
[SdivNode] INFO: Level 0
[Ablector] INFO: ABLECTOR TIME: 0.179235
[Ablector] INFO: SAT TIME: 0.171420
[Ablector] INFO: REF TIME: 0.039887
[runlim] end:			Sat May 16 00:44:52 2020
[runlim] status:		ok
[runlim] result:		0
[runlim] children:		0
[runlim] real:			1.09 seconds
[runlim] time:			1.07 seconds
[runlim] space:			42.8 MB
[runlim] samples:		6
[runlim] version:		1.10
[runlim] time limit:		311040000 seconds
[runlim] real time limit:	1200 seconds
[runlim] space limit:		15000 MB
[runlim] argv[0]:		python3
[runlim] argv[1]:		/raid/steuber/Software/ablector/ablector
[runlim] argv[2]:		/raid/steuber/Benchmarks/2019/QF_BV/sage/app1/bench_392.smt2
[runlim] argv[3]:		--ufReuse=1
[runlim] argv[4]:		--omit
[runlim] argv[5]:		mul:1
[runlim] argv[6]:		--omit
[runlim] argv[7]:		sdiv:1
[runlim] argv[8]:		--omit
[runlim] argv[9]:		udiv:1
[runlim] start:			Sat May 16 00:44:52 2020
[runlim] main pid:		27468
[Ablector] INFO: ABLECTOR TIME: 0.004018
[runlim] end:			Sat May 16 00:44:52 2020
[runlim] status:		ok
[runlim] result:		0
[runlim] children:		0
[runlim] real:			0.97 seconds
[runlim] time:			0.91 seconds
[runlim] space:			37.7 MB
[runlim] samples:		5
[runlim] version:		1.10
[runlim] time limit:		311040000 seconds
[runlim] real time limit:	1200 seconds
[runlim] space limit:		15000 MB
[runlim] argv[0]:		python3
[runlim] argv[1]:		/raid/steuber/Software/ablector/ablector
[runlim] argv[2]:		/raid/steuber/Benchmarks/2019/QF_BV/sage/app2/bench_866.smt2
[runlim] argv[3]:		--ufReuse=1
[runlim] argv[4]:		--omit
[runlim] argv[5]:		mul:1
[runlim] argv[6]:		--omit
[runlim] argv[7]:		sdiv:1
[runlim] argv[8]:		--omit
[runlim] argv[9]:		udiv:1
[runlim] start:			Sat May 16 00:44:53 2020
[runlim] main pid:		27488
[Ablector] INFO: ABLECTOR TIME: 0.004073
[runlim] end:			Sat May 16 00:44:53 2020
[runlim] status:		ok
[runlim] result:		0
[runlim] children:		1
[runlim] real:			0.83 seconds
[runlim] time:			0.91 seconds
[runlim] space:			40.1 MB
[runlim] samples:		5
[runlim] version:		1.10
[runlim] time limit:		311040000 seconds
[runlim] real time limit:	1200 seconds
[runlim] space limit:		15000 MB
[runlim] argv[0]:		python3
[runlim] argv[1]:		/raid/steuber/Software/ablector/ablector
[runlim] argv[2]:		/raid/steuber/Benchmarks/2019/QF_BV/sage/app11/bench_64.smt2
[runlim] argv[3]:		--ufReuse=1
[runlim] argv[4]:		--omit
[runlim] argv[5]:		mul:1
[runlim] argv[6]:		--omit
[runlim] argv[7]:		sdiv:1
[runlim] argv[8]:		--omit
[runlim] argv[9]:		udiv:1
[runlim] start:			Sat May 16 00:44:54 2020
[runlim] main pid:		27508
[Ablector] INFO: ABLECTOR TIME: 0.004128
[runlim] end:			Sat May 16 00:44:55 2020
[runlim] status:		ok
[runlim] result:		0
[runlim] children:		5
[runlim] real:			1.18 seconds
[runlim] time:			1.34 seconds
[runlim] space:			65.7 MB
[runlim] samples:		9
[runlim] version:		1.10
[runlim] time limit:		311040000 seconds
[runlim] real time limit:	1200 seconds
[runlim] space limit:		15000 MB
[runlim] argv[0]:		python3
[runlim] argv[1]:		/raid/steuber/Software/ablector/ablector
[runlim] argv[2]:		/raid/steuber/Benchmarks/2019/QF_BV/sage/app7/bench_5853.smt2
[runlim] argv[3]:		--ufReuse=1
[runlim] argv[4]:		--omit
[runlim] argv[5]:		mul:1
[runlim] argv[6]:		--omit
[runlim] argv[7]:		sdiv:1
[runlim] argv[8]:		--omit
[runlim] argv[9]:		udiv:1
[runlim] start:			Sat May 16 00:44:55 2020
[runlim] main pid:		27528
[Ablector] INFO: ABLECTOR TIME: 0.004070
[runlim] end:			Sat May 16 00:44:56 2020
[runlim] status:		ok
[runlim] result:		0
[runlim] children:		0
[runlim] real:			1.05 seconds
[runlim] time:			0.95 seconds
[runlim] space:			37.7 MB
[runlim] samples:		5
[runlim] version:		1.10
[runlim] time limit:		311040000 seconds
[runlim] real time limit:	1200 seconds
[runlim] space limit:		15000 MB
[runlim] argv[0]:		python3
[runlim] argv[1]:		/raid/steuber/Software/ablector/ablector
[runlim] argv[2]:		/raid/steuber/Benchmarks/2019/QF_BV/sage/app7/bench_3780.smt2
[runlim] argv[3]:		--ufReuse=1
[runlim] argv[4]:		--omit
[runlim] argv[5]:		mul:1
[runlim] argv[6]:		--omit
[runlim] argv[7]:		sdiv:1
[runlim] argv[8]:		--omit
[runlim] argv[9]:		udiv:1
[runlim] start:			Sat May 16 00:44:56 2020
[runlim] main pid:		27548
[Ablector] INFO: ABLECTOR TIME: 0.003950
[runlim] end:			Sat May 16 00:44:58 2020
[runlim] status:		ok
[runlim] result:		0
[runlim] children:		18
[runlim] real:			2.75 seconds
[runlim] time:			2.64 seconds
[runlim] space:			98.2 MB
[runlim] samples:		23
[runlim] version:		1.10
[runlim] time limit:		311040000 seconds
[runlim] real time limit:	1200 seconds
[runlim] space limit:		15000 MB
[runlim] argv[0]:		python3
[runlim] argv[1]:		/raid/steuber/Software/ablector/ablector
[runlim] argv[2]:		/raid/steuber/Benchmarks/2019/QF_BV/calypto/problem_19.smt2
[runlim] argv[3]:		--ufReuse=1
[runlim] argv[4]:		--omit
[runlim] argv[5]:		mul:1
[runlim] argv[6]:		--omit
[runlim] argv[7]:		sdiv:1
[runlim] argv[8]:		--omit
[runlim] argv[9]:		udiv:1
[runlim] start:			Sat May 16 00:44:59 2020
[runlim] main pid:		27568
[Ablector] INFO: *** ROUND 0
[Ablector] INFO: *** ROUND 1
[Ablector] INFO: *** ROUND 2
[Ablector] INFO: *** ROUND 3
[Ablector] INFO: *** ROUND 4
[MulNode] INFO: Level 3 - Bit 2
[MulNode] INFO: Level 3 - Bit 3
[MulNode] INFO: Level 3 - Bit 1
[Ablector] INFO: ABLECTOR TIME: 1.642757
[Ablector] INFO: SAT TIME: 1.636942
[Ablector] INFO: REF TIME: 0.036981
[runlim] end:			Sat May 16 00:45:01 2020
[runlim] status:		segmentation fault
[runlim] result:		4
[runlim] children:		0
[runlim] real:			2.47 seconds
[runlim] time:			2.59 seconds
[runlim] space:			51.4 MB
[runlim] samples:		23
[runlim] version:		1.10
[runlim] time limit:		311040000 seconds
[runlim] real time limit:	1200 seconds
[runlim] space limit:		15000 MB
[runlim] argv[0]:		python3
[runlim] argv[1]:		/raid/steuber/Software/ablector/ablector
[runlim] argv[2]:		/raid/steuber/Benchmarks/2019/QF_BV/sage/app2/bench_1128.smt2
[runlim] argv[3]:		--ufReuse=1
[runlim] argv[4]:		--omit
[runlim] argv[5]:		mul:1
[runlim] argv[6]:		--omit
[runlim] argv[7]:		sdiv:1
[runlim] argv[8]:		--omit
[runlim] argv[9]:		udiv:1
[runlim] start:			Sat May 16 00:45:01 2020
[runlim] main pid:		27591
[Ablector] INFO: ABLECTOR TIME: 0.003973
[runlim] end:			Sat May 16 00:45:02 2020
[runlim] status:		ok
[runlim] result:		0
[runlim] children:		0
[runlim] real:			1.35 seconds
[runlim] time:			0.93 seconds
[runlim] space:			37.6 MB
[runlim] samples:		5
[runlim] version:		1.10
[runlim] time limit:		311040000 seconds
[runlim] real time limit:	1200 seconds
[runlim] space limit:		15000 MB
[runlim] argv[0]:		python3
[runlim] argv[1]:		/raid/steuber/Software/ablector/ablector
[runlim] argv[2]:		/raid/steuber/Benchmarks/2019/QF_BV/sage/app7/bench_4104.smt2
[runlim] argv[3]:		--ufReuse=1
[runlim] argv[4]:		--omit
[runlim] argv[5]:		mul:1
[runlim] argv[6]:		--omit
[runlim] argv[7]:		sdiv:1
[runlim] argv[8]:		--omit
[runlim] argv[9]:		udiv:1
[runlim] start:			Sat May 16 00:45:02 2020
[runlim] main pid:		27611
[Ablector] INFO: ABLECTOR TIME: 0.003991
[runlim] end:			Sat May 16 00:45:03 2020
[runlim] status:		ok
[runlim] result:		0
[runlim] children:		2
[runlim] real:			1.32 seconds
[runlim] time:			0.95 seconds
[runlim] space:			45.8 MB
[runlim] samples:		6
[runlim] version:		1.10
[runlim] time limit:		311040000 seconds
[runlim] real time limit:	1200 seconds
[runlim] space limit:		15000 MB
[runlim] argv[0]:		python3
[runlim] argv[1]:		/raid/steuber/Software/ablector/ablector
[runlim] argv[2]:		/raid/steuber/Benchmarks/2019/QF_BV/20190311-bv-term-small-rw-Noetzli/bv-term-small-rw_654.smt2
[runlim] argv[3]:		--ufReuse=1
[runlim] argv[4]:		--omit
[runlim] argv[5]:		mul:1
[runlim] argv[6]:		--omit
[runlim] argv[7]:		sdiv:1
[runlim] argv[8]:		--omit
[runlim] argv[9]:		udiv:1
[runlim] start:			Sat May 16 00:45:03 2020
[runlim] main pid:		27631
[Ablector] INFO: *** ROUND 0
[Ablector] INFO: *** ROUND 1
[MulNode] INFO: Level 2
[MulNode] INFO: Level 2
[Ablector] INFO: ABLECTOR TIME: 1.061337
[Ablector] INFO: SAT TIME: 1.056554
[Ablector] INFO: REF TIME: 0.021362
[runlim] end:			Sat May 16 00:45:05 2020
[runlim] status:		ok
[runlim] result:		0
[runlim] children:		0
[runlim] real:			2.23 seconds
[runlim] time:			1.97 seconds
[runlim] space:			47.8 MB
[runlim] samples:		15
[runlim] version:		1.10
[runlim] time limit:		311040000 seconds
[runlim] real time limit:	1200 seconds
[runlim] space limit:		15000 MB
[runlim] argv[0]:		python3
[runlim] argv[1]:		/raid/steuber/Software/ablector/ablector
[runlim] argv[2]:		/raid/steuber/Benchmarks/2019/QF_BV/sage/app2/bench_890.smt2
[runlim] argv[3]:		--ufReuse=1
[runlim] argv[4]:		--omit
[runlim] argv[5]:		mul:1
[runlim] argv[6]:		--omit
[runlim] argv[7]:		sdiv:1
[runlim] argv[8]:		--omit
[runlim] argv[9]:		udiv:1
[runlim] start:			Sat May 16 00:45:05 2020
[runlim] main pid:		27651
[Ablector] INFO: ABLECTOR TIME: 0.003834
[runlim] end:			Sat May 16 00:45:06 2020
[runlim] status:		ok
[runlim] result:		0
[runlim] children:		1
[runlim] real:			1.07 seconds
[runlim] time:			0.87 seconds
[runlim] space:			40.8 MB
[runlim] samples:		4
[runlim] version:		1.10
[runlim] time limit:		311040000 seconds
[runlim] real time limit:	1200 seconds
[runlim] space limit:		15000 MB
[runlim] argv[0]:		python3
[runlim] argv[1]:		/raid/steuber/Software/ablector/ablector
[runlim] argv[2]:		/raid/steuber/Benchmarks/2019/QF_BV/Sage2/bench_16327.smt2
[runlim] argv[3]:		--ufReuse=1
[runlim] argv[4]:		--omit
[runlim] argv[5]:		mul:1
[runlim] argv[6]:		--omit
[runlim] argv[7]:		sdiv:1
[runlim] argv[8]:		--omit
[runlim] argv[9]:		udiv:1
[runlim] start:			Sat May 16 00:45:06 2020
[runlim] main pid:		27671
[Ablector] INFO: *** ROUND 0
[MulNode] INFO: Level 0
[Ablector] INFO: ABLECTOR TIME: 0.314520
[Ablector] INFO: SAT TIME: 0.309514
[Ablector] INFO: REF TIME: 0.010719
[runlim] end:			Sat May 16 00:45:07 2020
[runlim] status:		ok
[runlim] result:		0
[runlim] children:		0
[runlim] real:			1.31 seconds
[runlim] time:			1.26 seconds
[runlim] space:			44.3 MB
[runlim] samples:		8
[runlim] version:		1.10
[runlim] time limit:		311040000 seconds
[runlim] real time limit:	1200 seconds
[runlim] space limit:		15000 MB
[runlim] argv[0]:		python3
[runlim] argv[1]:		/raid/steuber/Software/ablector/ablector
[runlim] argv[2]:		/raid/steuber/Benchmarks/2019/QF_BV/sage/app7/bench_5735.smt2
[runlim] argv[3]:		--ufReuse=1
[runlim] argv[4]:		--omit
[runlim] argv[5]:		mul:1
[runlim] argv[6]:		--omit
[runlim] argv[7]:		sdiv:1
[runlim] argv[8]:		--omit
[runlim] argv[9]:		udiv:1
[runlim] start:			Sat May 16 00:45:07 2020
[runlim] main pid:		27692
[Ablector] INFO: ABLECTOR TIME: 0.003937
[runlim] end:			Sat May 16 00:45:08 2020
[runlim] status:		ok
[runlim] result:		0
[runlim] children:		0
[runlim] real:			1.18 seconds
[runlim] time:			0.93 seconds
[runlim] space:			38.0 MB
[runlim] samples:		5
[runlim] version:		1.10
[runlim] time limit:		311040000 seconds
[runlim] real time limit:	1200 seconds
[runlim] space limit:		15000 MB
[runlim] argv[0]:		python3
[runlim] argv[1]:		/raid/steuber/Software/ablector/ablector
[runlim] argv[2]:		/raid/steuber/Benchmarks/2019/QF_BV/sage/app7/bench_5493.smt2
[runlim] argv[3]:		--ufReuse=1
[runlim] argv[4]:		--omit
[runlim] argv[5]:		mul:1
[runlim] argv[6]:		--omit
[runlim] argv[7]:		sdiv:1
[runlim] argv[8]:		--omit
[runlim] argv[9]:		udiv:1
[runlim] start:			Sat May 16 00:45:08 2020
[runlim] main pid:		27712
[Ablector] INFO: ABLECTOR TIME: 0.003877
[runlim] end:			Sat May 16 00:45:09 2020
[runlim] status:		ok
[runlim] result:		0
[runlim] children:		1
[runlim] real:			1.03 seconds
[runlim] time:			0.86 seconds
[runlim] space:			40.1 MB
[runlim] samples:		4
[runlim] version:		1.10
[runlim] time limit:		311040000 seconds
[runlim] real time limit:	1200 seconds
[runlim] space limit:		15000 MB
[runlim] argv[0]:		python3
[runlim] argv[1]:		/raid/steuber/Software/ablector/ablector
[runlim] argv[2]:		/raid/steuber/Benchmarks/2019/QF_BV/sage/app7/bench_6139.smt2
[runlim] argv[3]:		--ufReuse=1
[runlim] argv[4]:		--omit
[runlim] argv[5]:		mul:1
[runlim] argv[6]:		--omit
[runlim] argv[7]:		sdiv:1
[runlim] argv[8]:		--omit
[runlim] argv[9]:		udiv:1
[runlim] start:			Sat May 16 00:45:09 2020
[runlim] main pid:		27732
[Ablector] INFO: ABLECTOR TIME: 0.003748
[runlim] end:			Sat May 16 00:45:09 2020
[runlim] status:		ok
[runlim] result:		0
[runlim] children:		0
[runlim] real:			0.87 seconds
[runlim] time:			0.88 seconds
[runlim] space:			37.6 MB
[runlim] samples:		4
[runlim] version:		1.10
[runlim] time limit:		311040000 seconds
[runlim] real time limit:	1200 seconds
[runlim] space limit:		15000 MB
[runlim] argv[0]:		python3
[runlim] argv[1]:		/raid/steuber/Software/ablector/ablector
[runlim] argv[2]:		/raid/steuber/Benchmarks/2019/QF_BV/sage/app7/bench_1927.smt2
[runlim] argv[3]:		--ufReuse=1
[runlim] argv[4]:		--omit
[runlim] argv[5]:		mul:1
[runlim] argv[6]:		--omit
[runlim] argv[7]:		sdiv:1
[runlim] argv[8]:		--omit
[runlim] argv[9]:		udiv:1
[runlim] start:			Sat May 16 00:45:10 2020
[runlim] main pid:		27752
[Ablector] INFO: ABLECTOR TIME: 0.003981
[runlim] end:			Sat May 16 00:45:11 2020
[runlim] status:		ok
[runlim] result:		0
[runlim] children:		4
[runlim] real:			1.05 seconds
[runlim] time:			1.14 seconds
[runlim] space:			55.1 MB
[runlim] samples:		8
[runlim] version:		1.10
[runlim] time limit:		311040000 seconds
[runlim] real time limit:	1200 seconds
[runlim] space limit:		15000 MB
[runlim] argv[0]:		python3
[runlim] argv[1]:		/raid/steuber/Software/ablector/ablector
[runlim] argv[2]:		/raid/steuber/Benchmarks/2019/QF_BV/Sage2/bench_11260.smt2
[runlim] argv[3]:		--ufReuse=1
[runlim] argv[4]:		--omit
[runlim] argv[5]:		mul:1
[runlim] argv[6]:		--omit
[runlim] argv[7]:		sdiv:1
[runlim] argv[8]:		--omit
[runlim] argv[9]:		udiv:1
[runlim] start:			Sat May 16 00:45:11 2020
[runlim] main pid:		27772
[Ablector] INFO: *** ROUND 0
[MulNode] INFO: Level 0
[Ablector] INFO: ABLECTOR TIME: 0.317131
[Ablector] INFO: SAT TIME: 0.312155
[Ablector] INFO: REF TIME: 0.010704
[runlim] end:			Sat May 16 00:45:12 2020
[runlim] status:		ok
[runlim] result:		0
[runlim] children:		0
[runlim] real:			1.25 seconds
[runlim] time:			1.26 seconds
[runlim] space:			43.8 MB
[runlim] samples:		8
[runlim] version:		1.10
[runlim] time limit:		311040000 seconds
[runlim] real time limit:	1200 seconds
[runlim] space limit:		15000 MB
[runlim] argv[0]:		python3
[runlim] argv[1]:		/raid/steuber/Software/ablector/ablector
[runlim] argv[2]:		/raid/steuber/Benchmarks/2019/QF_BV/sage/app2/bench_691.smt2
[runlim] argv[3]:		--ufReuse=1
[runlim] argv[4]:		--omit
[runlim] argv[5]:		mul:1
[runlim] argv[6]:		--omit
[runlim] argv[7]:		sdiv:1
[runlim] argv[8]:		--omit
[runlim] argv[9]:		udiv:1
[runlim] start:			Sat May 16 00:45:12 2020
[runlim] main pid:		27792
[Ablector] INFO: ABLECTOR TIME: 0.003892
[runlim] end:			Sat May 16 00:45:13 2020
[runlim] status:		ok
[runlim] result:		0
[runlim] children:		0
[runlim] real:			1.17 seconds
[runlim] time:			0.89 seconds
[runlim] space:			37.8 MB
[runlim] samples:		5
[runlim] version:		1.10
[runlim] time limit:		311040000 seconds
[runlim] real time limit:	1200 seconds
[runlim] space limit:		15000 MB
[runlim] argv[0]:		python3
[runlim] argv[1]:		/raid/steuber/Software/ablector/ablector
[runlim] argv[2]:		/raid/steuber/Benchmarks/2019/QF_BV/sage/app7/bench_3549.smt2
[runlim] argv[3]:		--ufReuse=1
[runlim] argv[4]:		--omit
[runlim] argv[5]:		mul:1
[runlim] argv[6]:		--omit
[runlim] argv[7]:		sdiv:1
[runlim] argv[8]:		--omit
[runlim] argv[9]:		udiv:1
[runlim] start:			Sat May 16 00:45:13 2020
[runlim] main pid:		27812
[Ablector] INFO: ABLECTOR TIME: 0.003958
[runlim] end:			Sat May 16 00:45:14 2020
[runlim] status:		ok
[runlim] result:		0
[runlim] children:		2
[runlim] real:			1.20 seconds
[runlim] time:			1.04 seconds
[runlim] space:			49.1 MB
[runlim] samples:		6
[runlim] version:		1.10
[runlim] time limit:		311040000 seconds
[runlim] real time limit:	1200 seconds
[runlim] space limit:		15000 MB
[runlim] argv[0]:		python3
[runlim] argv[1]:		/raid/steuber/Software/ablector/ablector
[runlim] argv[2]:		/raid/steuber/Benchmarks/2019/QF_BV/sage/app2/bench_770.smt2
[runlim] argv[3]:		--ufReuse=1
[runlim] argv[4]:		--omit
[runlim] argv[5]:		mul:1
[runlim] argv[6]:		--omit
[runlim] argv[7]:		sdiv:1
[runlim] argv[8]:		--omit
[runlim] argv[9]:		udiv:1
[runlim] start:			Sat May 16 00:45:14 2020
[runlim] main pid:		27832
[Ablector] INFO: ABLECTOR TIME: 0.003955
[runlim] end:			Sat May 16 00:45:15 2020
[runlim] status:		ok
[runlim] result:		0
[runlim] children:		1
[runlim] real:			1.06 seconds
[runlim] time:			0.90 seconds
[runlim] space:			39.6 MB
[runlim] samples:		5
[runlim] version:		1.10
[runlim] time limit:		311040000 seconds
[runlim] real time limit:	1200 seconds
[runlim] space limit:		15000 MB
[runlim] argv[0]:		python3
[runlim] argv[1]:		/raid/steuber/Software/ablector/ablector
[runlim] argv[2]:		/raid/steuber/Benchmarks/2019/QF_BV/sage/app7/bench_1192.smt2
[runlim] argv[3]:		--ufReuse=1
[runlim] argv[4]:		--omit
[runlim] argv[5]:		mul:1
[runlim] argv[6]:		--omit
[runlim] argv[7]:		sdiv:1
[runlim] argv[8]:		--omit
[runlim] argv[9]:		udiv:1
[runlim] start:			Sat May 16 00:45:15 2020
[runlim] main pid:		27854
[Ablector] INFO: ABLECTOR TIME: 0.004076
[runlim] end:			Sat May 16 00:45:17 2020
[runlim] status:		ok
[runlim] result:		0
[runlim] children:		18
[runlim] real:			2.75 seconds
[runlim] time:			2.64 seconds
[runlim] space:			97.9 MB
[runlim] samples:		23
[runlim] version:		1.10
[runlim] time limit:		311040000 seconds
[runlim] real time limit:	1200 seconds
[runlim] space limit:		15000 MB
[runlim] argv[0]:		python3
[runlim] argv[1]:		/raid/steuber/Software/ablector/ablector
[runlim] argv[2]:		/raid/steuber/Benchmarks/2019/QF_BV/Sage2/bench_14508.smt2
[runlim] argv[3]:		--ufReuse=1
[runlim] argv[4]:		--omit
[runlim] argv[5]:		mul:1
[runlim] argv[6]:		--omit
[runlim] argv[7]:		sdiv:1
[runlim] argv[8]:		--omit
[runlim] argv[9]:		udiv:1
[runlim] start:			Sat May 16 00:45:18 2020
[runlim] main pid:		27875
[Ablector] INFO: *** ROUND 0
[MulNode] INFO: Level 0
[Ablector] INFO: ABLECTOR TIME: 0.144319
[Ablector] INFO: SAT TIME: 0.139601
[Ablector] INFO: REF TIME: 0.010807
[runlim] end:			Sat May 16 00:45:18 2020
[runlim] status:		ok
[runlim] result:		0
[runlim] children:		0
[runlim] real:			0.76 seconds
[runlim] time:			1.07 seconds
[runlim] space:			41.6 MB
[runlim] samples:		6
[runlim] version:		1.10
[runlim] time limit:		311040000 seconds
[runlim] real time limit:	1200 seconds
[runlim] space limit:		15000 MB
[runlim] argv[0]:		python3
[runlim] argv[1]:		/raid/steuber/Software/ablector/ablector
[runlim] argv[2]:		/raid/steuber/Benchmarks/2019/QF_BV/Sage2/bench_16733.smt2
[runlim] argv[3]:		--ufReuse=1
[runlim] argv[4]:		--omit
[runlim] argv[5]:		mul:1
[runlim] argv[6]:		--omit
[runlim] argv[7]:		sdiv:1
[runlim] argv[8]:		--omit
[runlim] argv[9]:		udiv:1
[runlim] start:			Sat May 16 00:45:19 2020
[runlim] main pid:		27895
[Ablector] INFO: *** ROUND 0
[MulNode] INFO: Level 0
[Ablector] INFO: ABLECTOR TIME: 0.626507
[Ablector] INFO: SAT TIME: 0.621218
[Ablector] INFO: REF TIME: 0.010865
[runlim] end:			Sat May 16 00:45:20 2020
[runlim] status:		ok
[runlim] result:		0
[runlim] children:		0
[runlim] real:			1.35 seconds
[runlim] time:			1.66 seconds
[runlim] space:			48.1 MB
[runlim] samples:		12
[runlim] version:		1.10
[runlim] time limit:		311040000 seconds
[runlim] real time limit:	1200 seconds
[runlim] space limit:		15000 MB
[runlim] argv[0]:		python3
[runlim] argv[1]:		/raid/steuber/Software/ablector/ablector
[runlim] argv[2]:		/raid/steuber/Benchmarks/2019/QF_BV/Sage2/bench_6932.smt2
[runlim] argv[3]:		--ufReuse=1
[runlim] argv[4]:		--omit
[runlim] argv[5]:		mul:1
[runlim] argv[6]:		--omit
[runlim] argv[7]:		sdiv:1
[runlim] argv[8]:		--omit
[runlim] argv[9]:		udiv:1
[runlim] start:			Sat May 16 00:45:20 2020
[runlim] main pid:		27915
[Ablector] INFO: *** ROUND 0
[MulNode] INFO: Level 0
[MulNode] INFO: Level 0
[MulNode] INFO: Level 0
[MulNode] INFO: Level 0
[MulNode] INFO: Level 0
[MulNode] INFO: Level 0
[MulNode] INFO: Level 0
[MulNode] INFO: Level 0
[MulNode] INFO: Level 0
[MulNode] INFO: Level 0
[Ablector] INFO: ABLECTOR TIME: 0.685350
[Ablector] INFO: SAT TIME: 0.678621
[Ablector] INFO: REF TIME: 0.090880
[runlim] end:			Sat May 16 00:45:21 2020
[runlim] status:		ok
[runlim] result:		0
[runlim] children:		0
[runlim] real:			1.90 seconds
[runlim] time:			1.56 seconds
[runlim] space:			53.3 MB
[runlim] samples:		11
[runlim] version:		1.10
[runlim] time limit:		311040000 seconds
[runlim] real time limit:	1200 seconds
[runlim] space limit:		15000 MB
[runlim] argv[0]:		python3
[runlim] argv[1]:		/raid/steuber/Software/ablector/ablector
[runlim] argv[2]:		/raid/steuber/Benchmarks/2019/QF_BV/sage/app2/bench_1287.smt2
[runlim] argv[3]:		--ufReuse=1
[runlim] argv[4]:		--omit
[runlim] argv[5]:		mul:1
[runlim] argv[6]:		--omit
[runlim] argv[7]:		sdiv:1
[runlim] argv[8]:		--omit
[runlim] argv[9]:		udiv:1
[runlim] start:			Sat May 16 00:45:22 2020
[runlim] main pid:		27935
[Ablector] INFO: ABLECTOR TIME: 0.004058
[runlim] end:			Sat May 16 00:45:22 2020
[runlim] status:		ok
[runlim] result:		0
[runlim] children:		0
[runlim] real:			0.78 seconds
[runlim] time:			0.92 seconds
[runlim] space:			37.9 MB
[runlim] samples:		5
[runlim] version:		1.10
[runlim] time limit:		311040000 seconds
[runlim] real time limit:	1200 seconds
[runlim] space limit:		15000 MB
[runlim] argv[0]:		python3
[runlim] argv[1]:		/raid/steuber/Software/ablector/ablector
[runlim] argv[2]:		/raid/steuber/Benchmarks/2019/QF_BV/Sage2/bench_13801.smt2
[runlim] argv[3]:		--ufReuse=1
[runlim] argv[4]:		--omit
[runlim] argv[5]:		mul:1
[runlim] argv[6]:		--omit
[runlim] argv[7]:		sdiv:1
[runlim] argv[8]:		--omit
[runlim] argv[9]:		udiv:1
[runlim] start:			Sat May 16 00:45:23 2020
[runlim] main pid:		27957
[Ablector] INFO: *** ROUND 0
[runlim] sample:		10.4 time, 10.1 real, 74.3 MB
[runlim] sample:		20.4 time, 20.1 real, 73.7 MB
[runlim] sample:		30.4 time, 30.1 real, 77.3 MB
[MulNode] INFO: Level 0
[MulNode] INFO: Level 0
[MulNode] INFO: Level 0
[MulNode] INFO: Level 0
[MulNode] INFO: Level 0
[MulNode] INFO: Level 0
[MulNode] INFO: Level 0
[MulNode] INFO: Level 0
[MulNode] INFO: Level 0
[MulNode] INFO: Level 0
[MulNode] INFO: Level 0
[MulNode] INFO: Level 0
[MulNode] INFO: Level 0
[MulNode] INFO: Level 0
[MulNode] INFO: Level 0
[MulNode] INFO: Level 0
[MulNode] INFO: Level 0
[MulNode] INFO: Level 0
[MulNode] INFO: Level 0
[MulNode] INFO: Level 0
[MulNode] INFO: Level 0
[MulNode] INFO: Level 0
[MulNode] INFO: Level 0
[MulNode] INFO: Level 0
[MulNode] INFO: Level 0
[MulNode] INFO: Level 0
[MulNode] INFO: Level 0
[MulNode] INFO: Level 0
[MulNode] INFO: Level 0
[MulNode] INFO: Level 0
[MulNode] INFO: Level 0
[MulNode] INFO: Level 0
[MulNode] INFO: Level 0
[MulNode] INFO: Level 0
[MulNode] INFO: Level 0
[MulNode] INFO: Level 0
[MulNode] INFO: Level 0
[MulNode] INFO: Level 0
[MulNode] INFO: Level 0
[MulNode] INFO: Level 0
[Ablector] INFO: ABLECTOR TIME: 34.511444
[Ablector] INFO: SAT TIME: 34.499473
[Ablector] INFO: REF TIME: 0.359293
[runlim] end:			Sat May 16 00:45:58 2020
[runlim] status:		ok
[runlim] result:		0
[runlim] children:		1
[runlim] real:			35.35 seconds
[runlim] time:			35.63 seconds
[runlim] space:			78.1 MB
[runlim] samples:		352
[runlim] version:		1.10
[runlim] time limit:		311040000 seconds
[runlim] real time limit:	1200 seconds
[runlim] space limit:		15000 MB
[runlim] argv[0]:		python3
[runlim] argv[1]:		/raid/steuber/Software/ablector/ablector
[runlim] argv[2]:		/raid/steuber/Benchmarks/2019/QF_BV/Sage2/bench_280.smt2
[runlim] argv[3]:		--ufReuse=1
[runlim] argv[4]:		--omit
[runlim] argv[5]:		mul:1
[runlim] argv[6]:		--omit
[runlim] argv[7]:		sdiv:1
[runlim] argv[8]:		--omit
[runlim] argv[9]:		udiv:1
[runlim] start:			Sat May 16 00:45:58 2020
[runlim] main pid:		27989
[Ablector] INFO: *** ROUND 0
[MulNode] INFO: Level 0
[MulNode] INFO: Level 0
[MulNode] INFO: Level 0
[MulNode] INFO: Level 0
[MulNode] INFO: Level 0
[MulNode] INFO: Level 0
[MulNode] INFO: Level 0
[MulNode] INFO: Level 0
[Ablector] INFO: ABLECTOR TIME: 0.253009
[Ablector] INFO: SAT TIME: 0.246642
[Ablector] INFO: REF TIME: 0.075718
[runlim] end:			Sat May 16 00:45:59 2020
[runlim] status:		ok
[runlim] result:		0
[runlim] children:		1
[runlim] real:			1.77 seconds
[runlim] time:			1.45 seconds
[runlim] space:			46.3 MB
[runlim] samples:		10
